18 50 0.048 49.952
2 50 0.048 49.952
17 50 0.048 49.952
20 50 0.048 49.952
2 49.952 0.16 49.792
17 49.952 0.16 49.792
20 49.952 0.16 49.792
20 49.792 0.048 49.744
2 49.792 0.048 49.744
18 50 0.048 49.952
6 50 0.048 49.952
20 49.9322 0.048 49.8842
2 49.9642 0.048 49.9162
18 50 0.048 49.952
6 50 0.048 49.952
20 50 0.048 49.952
2 50 0.048 49.952
18 50 0.048 49.952
19 50 0.048 49.952
9 50 0.048 49.952
19 49.952 0.16 49.792
9 49.952 0.16 49.792
9 49.792 0.048 49.744
19 49.792 0.048 49.744
6 50 0.048 49.952
20 50 0.048 49.952
2 50 0.048 49.952
18 50 0.048 49.952
9 49.9487 0.048 49.9007
19 49.8577 0.048 49.8097
6 50 0.048 49.952
20 50 0.048 49.952
2 50 0.048 49.952
18 50 0.048 49.952
9 50 0.048 49.952
19 49.9251 0.048 49.8771
6 50 0.048 49.952
6 49.952 0.16 49.792
20 50 0.048 49.952
2 50 0.048 49.952
18 50 0.048 49.952
9 50 0.048 49.952
19 50 0.048 49.952
20 50 0.048 49.952
2 50 0.048 49.952
18 50 0.048 49.952
9 50 0.048 49.952
19 50 0.048 49.952
11 50 0.048 49.952
20 50 0.048 49.952
2 50 0.048 49.952
18 50 0.048 49.952
9 50 0.048 49.952
19 50 0.048 49.952
11 50 0.048 49.952
20 50 0.048 49.952
2 50 0.048 49.952
18 50 0.048 49.952
9 50 0.048 49.952
19 50 0.048 49.952
11 50 0.048 49.952
20 50 0.048 49.952
2 50 0.048 49.952
18 50 0.048 49.952
9 50 0.048 49.952
19 50 0.048 49.952
11 50 0.048 49.952
20 50 0.048 49.952
2 50 0.048 49.952
18 50 0.048 49.952
18 49.952 0.16 49.792
9 50 0.048 49.952
19 50 0.048 49.952
17 50 0.048 49.952
2 49.952 0.048 49.904
4 50 0.048 49.952
13 50 0.048 49.952
17 49.952 0.16 49.792
2 49.904 0.16 49.744
4 49.952 0.16 49.792
4 49.792 0.048 49.744
10 50 0.048 49.952
13 49.952 0.048 49.904
17 49.792 0.048 49.744
4 49.744 0.16 49.584
13 49.904 0.16 49.744
10 49.952 0.16 49.792
13 49.744 0.16 49.584
13 49.584 0.048 49.536
4 49.584 0.048 49.536
17 49.744 0.048 49.696
17 49.696 0.16 49.536
11 50 0.048 49.952
20 50 0.048 49.952
2 49.8984 0.048 49.8504
9 50 0.048 49.952
19 50 0.048 49.952
13 49.7958 0.048 49.7478
4 49.747 0.048 49.699
17 49.9083 0.048 49.8603
11 50 0.048 49.952
20 50 0.048 49.952
2 49.9565 0.048 49.9085
5 50 0.048 49.952
1 50 0.048 49.952
15 50 0.048 49.952
5 49.952 0.16 49.792
1 49.952 0.16 49.792
15 49.952 0.16 49.792
15 49.792 0.048 49.744
1 49.792 0.048 49.744
5 49.792 0.048 49.744
15 49.744 0.16 49.584
1 49.744 0.16 49.584
1 49.584 0.048 49.536
5 49.744 0.048 49.696
15 49.584 0.048 49.536
5 49.696 0.16 49.536
9 50 0.048 49.952
19 50 0.048 49.952
13 49.9267 0.048 49.8787
4 49.8523 0.048 49.8043
17 50 0.048 49.952
11 50 0.048 49.952
20 50 0.048 49.952
2 50 0.048 49.952
1 49.8925 0.048 49.8445
5 49.8371 0.048 49.7891
15 49.717 0.048 49.669
9 50 0.048 49.952
19 50 0.048 49.952
13 50 0.048 49.952
4 50 0.048 49.952
17 50 0.048 49.952
11 50 0.048 49.952
20 50 0.048 49.952
2 50 0.048 49.952
1 49.9715 0.048 49.9235
5 49.9203 0.048 49.8723
15 49.8115 0.048 49.7635
9 50 0.048 49.952
19 50 0.048 49.952
13 50 0.048 49.952
4 50 0.048 49.952
11 50 0.048 49.952
20 50 0.048 49.952
2 50 0.048 49.952
1 50 0.048 49.952
5 49.9915 0.048 49.9435
15 50 0.048 49.952
9 50 0.048 49.952
19 50 0.048 49.952
13 50 0.048 49.952
4 50 0.048 49.952
17 50 0.048 49.952
11 50 0.048 49.952
20 50 0.048 49.952
2 50 0.048 49.952
15 50 0.048 49.952
1 50 0.048 49.952
5 50 0.048 49.952
15 49.952 0.16 49.792
1 49.952 0.16 49.792
5 49.952 0.16 49.792
5 49.792 0.048 49.744
1 49.792 0.048 49.744
15 49.792 0.048 49.744
1 49.744 0.048 49.696
5 49.744 0.048 49.696
15 49.744 0.048 49.696
7 50 0.048 49.952
9 50 0.048 49.952
19 50 0.048 49.952
13 50 0.048 49.952
4 50 0.048 49.952
17 50 0.048 49.952
11 50 0.048 49.952
20 50 0.048 49.952
2 50 0.048 49.952
5 49.9121 0.048 49.8641
1 49.992 0.048 49.944
15 50 0.048 49.952
1 49.944 0.048 49.896
5 49.8641 0.048 49.8161
15 49.952 0.048 49.904
7 50 0.048 49.952
9 50 0.048 49.952
19 50 0.048 49.952
13 50 0.048 49.952
4 50 0.048 49.952
11 50 0.048 49.952
20 50 0.048 49.952
2 50 0.048 49.952
5 50 0.048 49.952
1 50 0.048 49.952
15 50 0.048 49.952
1 49.952 0.048 49.904
5 49.952 0.048 49.904
15 49.952 0.048 49.904
7 50 0.048 49.952
9 50 0.048 49.952
19 50 0.048 49.952
13 50 0.048 49.952
4 50 0.048 49.952
17 50 0.048 49.952
3 50 0.048 49.952
14 50 0.048 49.952
3 49.952 0.16 49.792
14 49.952 0.16 49.792
14 49.792 0.048 49.744
3 49.792 0.048 49.744
11 50 0.048 49.952
20 50 0.048 49.952
2 50 0.048 49.952
5 50 0.048 49.952
1 50 0.048 49.952
15 50 0.048 49.952
1 49.952 0.048 49.904
5 49.952 0.048 49.904
15 49.952 0.048 49.904
7 50 0.048 49.952
9 50 0.048 49.952
19 50 0.048 49.952
13 50 0.048 49.952
4 50 0.048 49.952
14 50 0.048 49.952
3 49.8984 0.048 49.8504
11 50 0.048 49.952
20 50 0.048 49.952
2 50 0.048 49.952
5 50 0.048 49.952
1 50 0.048 49.952
15 50 0.048 49.952
1 49.952 0.048 49.904
5 49.952 0.048 49.904
15 49.952 0.048 49.904
7 50 0.048 49.952
9 50 0.048 49.952
19 50 0.048 49.952
13 50 0.048 49.952
4 50 0.048 49.952
17 50 0.048 49.952
14 50 0.048 49.952
3 50 0.048 49.952
11 50 0.048 49.952
20 50 0.048 49.952
2 50 0.048 49.952
5 50 0.048 49.952
1 50 0.048 49.952
15 50 0.048 49.952
4 49.952 0.048 49.904
10 50 0.048 49.952
13 50 0.048 49.952
17 49.952 0.048 49.904
4 49.904 0.16 49.744
10 49.952 0.16 49.792
13 49.952 0.16 49.792
17 49.904 0.16 49.744
17 49.744 0.048 49.696
2 49.952 0.048 49.904
4 49.744 0.048 49.696
17 49.696 0.16 49.536
2 49.904 0.16 49.744
2 49.744 0.048 49.696
17 49.536 0.048 49.488
20 49.952 0.048 49.904
4 49.696 0.16 49.536
1 49.952 0.048 49.904
5 49.952 0.048 49.904
15 49.952 0.048 49.904
7 50 0.048 49.952
9 50 0.048 49.952
19 50 0.048 49.952
13 49.792 0.048 49.744
4 49.7091 0.048 49.6611
14 50 0.048 49.952
3 50 0.048 49.952
11 50 0.048 49.952
20 50 0.048 49.952
2 49.8305 0.048 49.7825
5 50 0.048 49.952
1 50 0.048 49.952
15 50 0.048 49.952
2 49.7825 0.048 49.7345
17 49.7351 0.048 49.6871
20 49.952 0.048 49.904
16 50 0.048 49.952
1 49.952 0.048 49.904
5 49.952 0.048 49.904
15 49.952 0.048 49.904
7 50 0.048 49.952
9 50 0.048 49.952
19 50 0.048 49.952
13 50 0.048 49.952
4 49.9932 0.048 49.9452
17 49.8088 0.048 49.7608
10 49.937 0.048 49.889
4 49.9452 0.048 49.8972
10 49.889 0.16 49.729
4 49.8972 0.16 49.7372
4 49.7372 0.048 49.6892
10 49.729 0.048 49.681
13 49.952 0.048 49.904
17 49.7608 0.048 49.7128
4 49.6892 0.16 49.5292
10 49.681 0.16 49.521
13 49.904 0.16 49.744
17 49.7128 0.16 49.5528
17 49.5528 0.048 49.5048
2 49.9314 0.048 49.8834
4 49.5292 0.048 49.4812
13 49.744 0.048 49.696
14 50 0.048 49.952
3 50 0.048 49.952
11 50 0.048 49.952
20 50 0.048 49.952
2 49.8834 0.048 49.8354
5 50 0.048 49.952
1 50 0.048 49.952
15 50 0.048 49.952
2 49.8354 0.048 49.7874
17 49.5048 0.048 49.4568
20 49.952 0.048 49.904
16 50 0.048 49.952
1 49.952 0.048 49.904
5 49.952 0.048 49.904
15 49.952 0.048 49.904
7 50 0.048 49.952
9 50 0.048 49.952
19 50 0.048 49.952
13 50 0.048 49.952
4 49.8675 0.048 49.8195
17 49.6505 0.048 49.6025
8 50 0.048 49.952
17 49.6025 0.048 49.5545
2 49.9598 0.048 49.9118
4 49.8195 0.048 49.7715
13 49.952 0.048 49.904
14 50 0.048 49.952
3 50 0.048 49.952
11 50 0.048 49.952
11 49.952 0.16 49.792
20 50 0.048 49.952
2 49.9118 0.048 49.8638
5 50 0.048 49.952
1 50 0.048 49.952
15 50 0.048 49.952
2 49.8638 0.048 49.8158
17 49.5545 0.048 49.5065
20 49.952 0.048 49.904
12 50 0.048 49.952
16 50 0.048 49.952
1 49.952 0.048 49.904
5 49.952 0.048 49.904
15 49.952 0.048 49.904
7 50 0.048 49.952
9 50 0.048 49.952
19 50 0.048 49.952
13 50 0.048 49.952
4 50 0.048 49.952
17 49.7834 0.048 49.7354
8 50 0.048 49.952
17 49.7354 0.048 49.6874
2 50 0.048 49.952
4 49.952 0.048 49.904
13 49.952 0.048 49.904
14 50 0.048 49.952
3 50 0.048 49.952
20 50 0.048 49.952
2 49.952 0.048 49.904
5 50 0.048 49.952
1 50 0.048 49.952
15 50 0.048 49.952
2 49.904 0.048 49.856
17 49.6874 0.048 49.6394
20 49.952 0.048 49.904
12 50 0.048 49.952
16 50 0.048 49.952
1 49.952 0.048 49.904
5 49.952 0.048 49.904
15 49.952 0.048 49.904
7 50 0.048 49.952
9 50 0.048 49.952
19 50 0.048 49.952
13 50 0.048 49.952
4 50 0.048 49.952
17 49.7912 0.048 49.7432
8 50 0.048 49.952
17 49.7432 0.048 49.6952
2 50 0.048 49.952
4 49.952 0.048 49.904
13 49.952 0.048 49.904
14 50 0.048 49.952
3 50 0.048 49.952
20 50 0.048 49.952
2 49.952 0.048 49.904
5 50 0.048 49.952
1 50 0.048 49.952
15 50 0.048 49.952
2 49.904 0.048 49.856
17 49.6952 0.048 49.6472
20 49.952 0.048 49.904
12 50 0.048 49.952
12 49.952 0.16 49.792
16 50 0.048 49.952
1 49.952 0.048 49.904
5 49.952 0.048 49.904
15 49.952 0.048 49.904
7 50 0.048 49.952
9 50 0.048 49.952
19 50 0.048 49.952
13 50 0.048 49.952
4 50 0.048 49.952
17 50 0.048 49.952
8 50 0.048 49.952
17 49.952 0.048 49.904
2 50 0.048 49.952
4 49.952 0.048 49.904
13 49.952 0.048 49.904
14 50 0.048 49.952
3 50 0.048 49.952
20 50 0.048 49.952
2 49.952 0.048 49.904
5 50 0.048 49.952
1 50 0.048 49.952
15 50 0.048 49.952
2 49.904 0.048 49.856
17 49.904 0.048 49.856
20 49.952 0.048 49.904
16 50 0.048 49.952
1 49.952 0.048 49.904
5 49.952 0.048 49.904
15 49.952 0.048 49.904
7 50 0.048 49.952
9 50 0.048 49.952
19 50 0.048 49.952
13 50 0.048 49.952
4 50 0.048 49.952
17 50 0.048 49.952
8 50 0.048 49.952
17 49.952 0.048 49.904
2 50 0.048 49.952
4 49.952 0.048 49.904
13 49.952 0.048 49.904
14 50 0.048 49.952
3 50 0.048 49.952
20 50 0.048 49.952
2 49.952 0.048 49.904
5 50 0.048 49.952
1 50 0.048 49.952
15 50 0.048 49.952
2 49.904 0.048 49.856
17 49.904 0.048 49.856
20 49.952 0.048 49.904
16 50 0.048 49.952
1 49.952 0.048 49.904
5 49.952 0.048 49.904
15 49.952 0.048 49.904
7 50 0.048 49.952
9 50 0.048 49.952
19 50 0.048 49.952
13 50 0.048 49.952
4 50 0.048 49.952
10 50 0.048 49.952
17 50 0.048 49.952
13 49.952 0.16 49.792
4 49.952 0.16 49.792
10 49.952 0.16 49.792
10 49.792 0.048 49.744
4 49.792 0.048 49.744
13 49.792 0.048 49.744
17 49.952 0.16 49.792
8 50 0.048 49.952
17 49.792 0.048 49.744
2 50 0.048 49.952
4 49.744 0.048 49.696
13 49.744 0.048 49.696
17 49.744 0.16 49.584
2 49.952 0.16 49.792
4 49.696 0.16 49.536
13 49.696 0.16 49.536
13 49.536 0.048 49.488
4 49.536 0.048 49.488
10 49.744 0.048 49.696
17 49.584 0.048 49.536
14 50 0.048 49.952
3 50 0.048 49.952
20 50 0.048 49.952
2 49.792 0.048 49.744
5 50 0.048 49.952
1 50 0.048 49.952
15 50 0.048 49.952
2 49.744 0.048 49.696
17 49.536 0.048 49.488
20 49.952 0.048 49.904
16 50 0.048 49.952
1 49.952 0.048 49.904
5 49.952 0.048 49.904
15 49.952 0.048 49.904
7 50 0.048 49.952
9 50 0.048 49.952
19 50 0.048 49.952
9 49.952 0.16 49.792
19 49.952 0.16 49.792
10 50 0.048 49.952
4 49.6073 0.048 49.5593
8 50 0.048 49.952
13 49.8756 0.048 49.8276
4 49.5593 0.048 49.5113
17 49.6642 0.048 49.6162
14 50 0.048 49.952
3 50 0.048 49.952
20 50 0.048 49.952
2 50 0.048 49.952
5 50 0.048 49.952
1 50 0.048 49.952
15 50 0.048 49.952
2 49.952 0.048 49.904
17 49.6162 0.048 49.5682
20 49.952 0.048 49.904
16 50 0.048 49.952
1 49.952 0.048 49.904
5 49.952 0.048 49.904
15 49.952 0.048 49.904
7 50 0.048 49.952
10 50 0.048 49.952
4 49.6856 0.048 49.6376
13 50 0.048 49.952
8 50 0.048 49.952
13 49.952 0.048 49.904
4 49.6376 0.048 49.5896
10 49.952 0.048 49.904
17 49.8528 0.048 49.8048
14 50 0.048 49.952
3 50 0.048 49.952
20 50 0.048 49.952
2 50 0.048 49.952
5 50 0.048 49.952
1 50 0.048 49.952
15 50 0.048 49.952
2 49.952 0.048 49.904
17 49.8048 0.048 49.7568
20 49.952 0.048 49.904
16 50 0.048 49.952
1 49.952 0.048 49.904
5 49.952 0.048 49.904
15 49.952 0.048 49.904
7 50 0.048 49.952
10 50 0.048 49.952
4 49.8241 0.048 49.7761
13 50 0.048 49.952
10 49.952 0.16 49.792
4 49.7761 0.16 49.6161
13 49.952 0.16 49.792
8 50 0.048 49.952
13 49.792 0.048 49.744
4 49.6161 0.048 49.5681
17 49.9491 0.048 49.9011
14 50 0.048 49.952
3 50 0.048 49.952
20 50 0.048 49.952
2 50 0.048 49.952
5 50 0.048 49.952
1 50 0.048 49.952
15 50 0.048 49.952
2 49.952 0.048 49.904
17 49.9011 0.048 49.8531
20 49.952 0.048 49.904
16 50 0.048 49.952
1 49.952 0.048 49.904
5 49.952 0.048 49.904
15 49.952 0.048 49.904
7 50 0.048 49.952
8 50 0.048 49.952
13 49.96 0.048 49.912
4 49.9028 0.048 49.8548
17 50 0.048 49.952
13 49.912 0.16 49.752
4 49.8548 0.16 49.6948
17 49.952 0.16 49.792
14 50 0.048 49.952
3 50 0.048 49.952
20 50 0.048 49.952
2 50 0.048 49.952
5 50 0.048 49.952
1 50 0.048 49.952
15 50 0.048 49.952
2 49.952 0.048 49.904
17 49.792 0.048 49.744
20 49.952 0.048 49.904
16 50 0.048 49.952
1 49.952 0.048 49.904
5 49.952 0.048 49.904
15 49.952 0.048 49.904
7 50 0.048 49.952
8 50 0.048 49.952
14 50 0.048 49.952
3 50 0.048 49.952
20 50 0.048 49.952
2 50 0.048 49.952
5 50 0.048 49.952
1 50 0.048 49.952
15 50 0.048 49.952
2 49.952 0.048 49.904
17 50 0.048 49.952
20 49.952 0.048 49.904
16 50 0.048 49.952
1 49.952 0.048 49.904
5 49.952 0.048 49.904
15 49.952 0.048 49.904
7 50 0.048 49.952
8 50 0.048 49.952
14 50 0.048 49.952
3 50 0.048 49.952
20 50 0.048 49.952
2 50 0.048 49.952
5 50 0.048 49.952
1 50 0.048 49.952
15 50 0.048 49.952
2 49.952 0.048 49.904
17 50 0.048 49.952
20 49.952 0.048 49.904
2 49.904 0.16 49.744
17 49.952 0.16 49.792
20 49.904 0.16 49.744
16 50 0.048 49.952
1 49.952 0.048 49.904
5 49.952 0.048 49.904
15 49.952 0.048 49.904
7 50 0.048 49.952
8 50 0.048 49.952
14 50 0.048 49.952
3 50 0.048 49.952
20 50 0.048 49.952
2 50 0.048 49.952
20 49.952 0.16 49.792
2 49.952 0.16 49.792
5 50 0.048 49.952
1 50 0.048 49.952
15 50 0.048 49.952
16 50 0.048 49.952
18 50 0.048 49.952
16 49.952 0.16 49.792
18 49.952 0.16 49.792
18 49.792 0.048 49.744
16 49.792 0.048 49.744
1 49.952 0.048 49.904
5 49.952 0.048 49.904
15 49.952 0.048 49.904
7 50 0.048 49.952
8 50 0.048 49.952
14 50 0.048 49.952
3 50 0.048 49.952
5 50 0.048 49.952
1 50 0.048 49.952
15 50 0.048 49.952
18 49.9633 0.048 49.9153
16 49.9288 0.048 49.8808
1 49.952 0.048 49.904
5 49.952 0.048 49.904
15 49.952 0.048 49.904
7 50 0.048 49.952
8 50 0.048 49.952
14 50 0.048 49.952
3 50 0.048 49.952
14 49.952 0.16 49.792
3 49.952 0.16 49.792
17 50 0.048 49.952
2 50 0.048 49.952
4 50 0.048 49.952
13 50 0.048 49.952
17 49.952 0.16 49.792
2 49.952 0.16 49.792
4 49.952 0.16 49.792
4 49.792 0.048 49.744
10 50 0.048 49.952
13 49.952 0.048 49.904
17 49.792 0.048 49.744
4 49.744 0.16 49.584
13 49.904 0.16 49.744
10 49.952 0.16 49.792
13 49.744 0.16 49.584
13 49.584 0.048 49.536
4 49.584 0.048 49.536
10 49.792 0.048 49.744
17 49.744 0.048 49.696
13 49.536 0.16 49.376
17 49.696 0.16 49.536
4 49.536 0.16 49.376
10 49.744 0.16 49.584
10 49.584 0.048 49.536
4 49.376 0.048 49.328
13 49.376 0.048 49.328
17 49.536 0.16 49.376
5 50 0.048 49.952
1 50 0.048 49.952
15 50 0.048 49.952
18 50 0.048 49.952
16 50 0.048 49.952
1 49.952 0.048 49.904
5 49.952 0.048 49.904
15 49.952 0.048 49.904
7 50 0.048 49.952
8 50 0.048 49.952
10 49.808 0.048 49.76
4 49.5743 0.048 49.5263
5 50 0.048 49.952
1 50 0.048 49.952
15 50 0.048 49.952
18 50 0.048 49.952
16 50 0.048 49.952
1 49.952 0.048 49.904
5 49.952 0.048 49.904
15 49.952 0.048 49.904
7 50 0.048 49.952
8 50 0.048 49.952
10 50 0.048 49.952
4 49.8894 0.048 49.8414
5 50 0.048 49.952
1 50 0.048 49.952
15 50 0.048 49.952
18 50 0.048 49.952
16 50 0.048 49.952
1 49.952 0.048 49.904
5 49.952 0.048 49.904
15 49.952 0.048 49.904
7 50 0.048 49.952
8 50 0.048 49.952
10 50 0.048 49.952
4 49.9526 0.048 49.9046
5 50 0.048 49.952
1 50 0.048 49.952
15 50 0.048 49.952
18 50 0.048 49.952
16 50 0.048 49.952
1 49.952 0.048 49.904
5 49.952 0.048 49.904
15 49.952 0.048 49.904
7 50 0.048 49.952
8 50 0.048 49.952
10 50 0.048 49.952
4 50 0.048 49.952
5 50 0.048 49.952
1 50 0.048 49.952
15 50 0.048 49.952
18 50 0.048 49.952
16 50 0.048 49.952
1 49.952 0.048 49.904
5 49.952 0.048 49.904
15 49.952 0.048 49.904
7 50 0.048 49.952
8 50 0.048 49.952
10 50 0.048 49.952
4 50 0.048 49.952
5 50 0.048 49.952
1 50 0.048 49.952
15 50 0.048 49.952
18 50 0.048 49.952
16 50 0.048 49.952
1 49.952 0.048 49.904
5 49.952 0.048 49.904
15 49.952 0.048 49.904
7 50 0.048 49.952
8 50 0.048 49.952
10 50 0.048 49.952
4 50 0.048 49.952
5 50 0.048 49.952
1 50 0.048 49.952
15 50 0.048 49.952
18 50 0.048 49.952
16 50 0.048 49.952
1 49.952 0.048 49.904
5 49.952 0.048 49.904
15 49.952 0.048 49.904
7 50 0.048 49.952
8 50 0.048 49.952
10 50 0.048 49.952
4 50 0.048 49.952
13 50 0.048 49.952
5 50 0.048 49.952
1 50 0.048 49.952
15 50 0.048 49.952
18 50 0.048 49.952
16 50 0.048 49.952
1 49.952 0.048 49.904
5 49.952 0.048 49.904
15 49.952 0.048 49.904
7 50 0.048 49.952
8 50 0.048 49.952
10 50 0.048 49.952
4 50 0.048 49.952
13 50 0.048 49.952
5 50 0.048 49.952
1 50 0.048 49.952
15 50 0.048 49.952
18 50 0.048 49.952
16 50 0.048 49.952
1 49.952 0.048 49.904
5 49.952 0.048 49.904
15 49.952 0.048 49.904
7 50 0.048 49.952
8 50 0.048 49.952
10 50 0.048 49.952
4 50 0.048 49.952
13 50 0.048 49.952
5 50 0.048 49.952
1 50 0.048 49.952
18 50 0.048 49.952
16 50 0.048 49.952
1 49.952 0.048 49.904
5 49.952 0.048 49.904
15 50 0.048 49.952
7 50 0.048 49.952
8 50 0.048 49.952
10 50 0.048 49.952
4 50 0.048 49.952
5 50 0.048 49.952
1 50 0.048 49.952
15 50 0.048 49.952
18 50 0.048 49.952
16 50 0.048 49.952
1 49.952 0.048 49.904
5 49.952 0.048 49.904
15 49.952 0.048 49.904
7 50 0.048 49.952
8 50 0.048 49.952
10 50 0.048 49.952
4 50 0.048 49.952
19 50 0.048 49.952
9 50 0.048 49.952
19 49.952 0.16 49.792
9 49.952 0.16 49.792
9 49.792 0.048 49.744
19 49.792 0.048 49.744
5 50 0.048 49.952
1 50 0.048 49.952
15 50 0.048 49.952
5 49.952 0.16 49.792
1 49.952 0.16 49.792
15 49.952 0.16 49.792
3 50 0.048 49.952
14 50 0.048 49.952
3 49.952 0.16 49.792
14 49.952 0.16 49.792
14 49.792 0.048 49.744
3 49.792 0.048 49.744
18 50 0.048 49.952
16 50 0.048 49.952
1 49.792 0.048 49.744
5 49.792 0.048 49.744
15 49.792 0.048 49.744
1 49.744 0.16 49.584
5 49.744 0.16 49.584
15 49.744 0.16 49.584
7 50 0.048 49.952
11 50 0.048 49.952
8 50 0.048 49.952
10 50 0.048 49.952
4 50 0.048 49.952
13 50 0.048 49.952
9 49.8443 0.048 49.7963
19 49.926 0.048 49.878
14 49.9916 0.048 49.9436
3 49.8538 0.048 49.8058
6 50 0.048 49.952
18 50 0.048 49.952
16 50 0.048 49.952
7 50 0.048 49.952
11 50 0.048 49.952
8 50 0.048 49.952
10 50 0.048 49.952
4 50 0.048 49.952
9 50 0.048 49.952
19 49.9895 0.048 49.9415
14 50 0.048 49.952
3 50 0.048 49.952
6 50 0.048 49.952
18 50 0.048 49.952
16 50 0.048 49.952
7 50 0.048 49.952
11 50 0.048 49.952
8 50 0.048 49.952
10 50 0.048 49.952
4 50 0.048 49.952
9 50 0.048 49.952
19 50 0.048 49.952
14 50 0.048 49.952
3 50 0.048 49.952
6 50 0.048 49.952
18 50 0.048 49.952
16 50 0.048 49.952
7 50 0.048 49.952
11 50 0.048 49.952
8 50 0.048 49.952
10 50 0.048 49.952
4 50 0.048 49.952
9 50 0.048 49.952
19 50 0.048 49.952
14 50 0.048 49.952
3 50 0.048 49.952
6 50 0.048 49.952
18 50 0.048 49.952
7 50 0.048 49.952
11 50 0.048 49.952
8 50 0.048 49.952
10 50 0.048 49.952
4 50 0.048 49.952
9 50 0.048 49.952
19 50 0.048 49.952
14 50 0.048 49.952
3 50 0.048 49.952
5 50 0.048 49.952
1 50 0.048 49.952
15 50 0.048 49.952
5 49.952 0.16 49.792
1 49.952 0.16 49.792
15 49.952 0.16 49.792
15 49.792 0.048 49.744
1 49.792 0.048 49.744
5 49.792 0.048 49.744
15 49.744 0.16 49.584
1 49.744 0.16 49.584
1 49.584 0.048 49.536
5 49.744 0.048 49.696
15 49.584 0.048 49.536
5 49.696 0.16 49.536
6 50 0.048 49.952
18 50 0.048 49.952
7 50 0.048 49.952
11 50 0.048 49.952
8 50 0.048 49.952
10 50 0.048 49.952
4 50 0.048 49.952
9 50 0.048 49.952
19 50 0.048 49.952
14 50 0.048 49.952
3 50 0.048 49.952
1 49.8094 0.048 49.7614
5 49.7431 0.048 49.6951
15 49.8423 0.048 49.7943
6 50 0.048 49.952
18 50 0.048 49.952
7 50 0.048 49.952
4 50 0.048 49.952
10 50 0.048 49.952
13 50 0.048 49.952
17 50 0.048 49.952
4 49.952 0.16 49.792
10 49.952 0.16 49.792
13 49.952 0.16 49.792
17 49.952 0.16 49.792
17 49.792 0.048 49.744
2 50 0.048 49.952
4 49.792 0.048 49.744
13 49.792 0.048 49.744
17 49.744 0.16 49.584
2 49.952 0.16 49.792
4 49.744 0.16 49.584
13 49.744 0.16 49.584
13 49.584 0.048 49.536
4 49.584 0.048 49.536
17 49.584 0.048 49.536
11 50 0.048 49.952
8 50 0.048 49.952
8 49.952 0.16 49.792
10 49.792 0.048 49.744
4 49.536 0.048 49.488
9 50 0.048 49.952
19 50 0.048 49.952
12 50 0.048 49.952
14 50 0.048 49.952
3 50 0.048 49.952
1 50 0.048 49.952
5 50 0.048 49.952
15 49.9683 0.048 49.9203
6 50 0.048 49.952
18 50 0.048 49.952
7 50 0.048 49.952
13 49.6843 0.048 49.6363
4 49.8446 0.048 49.7966
10 50 0.048 49.952
17 49.767 0.048 49.719
11 50 0.048 49.952
10 49.952 0.048 49.904
4 49.7966 0.048 49.7486
13 49.6363 0.048 49.5883
9 50 0.048 49.952
19 50 0.048 49.952
12 50 0.048 49.952
14 50 0.048 49.952
3 50 0.048 49.952
1 50 0.048 49.952
5 50 0.048 49.952
15 50 0.048 49.952
6 50 0.048 49.952
18 50 0.048 49.952
7 50 0.048 49.952
13 49.8475 0.048 49.7995
4 50 0.048 49.952
10 50 0.048 49.952
17 49.9665 0.048 49.9185
11 50 0.048 49.952
10 49.952 0.048 49.904
4 49.952 0.048 49.904
13 49.7995 0.048 49.7515
9 50 0.048 49.952
19 50 0.048 49.952
12 50 0.048 49.952
14 50 0.048 49.952
3 50 0.048 49.952
1 50 0.048 49.952
5 50 0.048 49.952
15 50 0.048 49.952
6 50 0.048 49.952
6 49.952 0.16 49.792
18 50 0.048 49.952
7 50 0.048 49.952
17 50 0.048 49.952
2 50 0.048 49.952
4 50 0.048 49.952
13 49.9291 0.048 49.8811
17 49.952 0.16 49.792
2 49.952 0.16 49.792
4 49.952 0.16 49.792
4 49.792 0.048 49.744
10 50 0.048 49.952
13 49.8811 0.048 49.8331
17 49.792 0.048 49.744
13 49.8331 0.16 49.6731
13 49.6731 0.048 49.6251
4 49.744 0.048 49.696
10 49.952 0.048 49.904
17 49.744 0.048 49.696
11 50 0.048 49.952
10 49.904 0.048 49.856
4 49.696 0.048 49.648
13 49.6251 0.048 49.5771
9 50 0.048 49.952
19 50 0.048 49.952
12 50 0.048 49.952
14 50 0.048 49.952
3 50 0.048 49.952
1 50 0.048 49.952
5 50 0.048 49.952
15 50 0.048 49.952
18 50 0.048 49.952
7 50 0.048 49.952
4 49.7591 0.048 49.7111
10 49.9801 0.048 49.9321
13 49.9321 0.048 49.8841
17 49.8187 0.048 49.7707
13 49.8841 0.048 49.8361
4 49.7111 0.048 49.6631
10 49.9321 0.048 49.8841
17 49.7707 0.048 49.7227
11 50 0.048 49.952
10 49.8841 0.048 49.8361
4 49.6631 0.048 49.6151
13 49.8361 0.048 49.7881
9 50 0.048 49.952
19 50 0.048 49.952
12 50 0.048 49.952
14 50 0.048 49.952
3 50 0.048 49.952
1 50 0.048 49.952
5 50 0.048 49.952
15 50 0.048 49.952
18 50 0.048 49.952
7 50 0.048 49.952
7 49.952 0.16 49.792
4 49.9147 0.048 49.8667
10 50 0.048 49.952
13 50 0.048 49.952
17 50 0.048 49.952
13 49.952 0.048 49.904
4 49.8667 0.048 49.8187
10 49.952 0.048 49.904
17 49.952 0.048 49.904
11 50 0.048 49.952
10 49.904 0.048 49.856
4 49.8187 0.048 49.7707
13 49.904 0.048 49.856
9 50 0.048 49.952
19 50 0.048 49.952
12 50 0.048 49.952
14 50 0.048 49.952
3 50 0.048 49.952
1 50 0.048 49.952
5 50 0.048 49.952
15 50 0.048 49.952
18 50 0.048 49.952
4 49.8783 0.048 49.8303
10 50 0.048 49.952
13 50 0.048 49.952
13 49.952 0.048 49.904
4 49.8303 0.048 49.7823
10 49.952 0.048 49.904
17 50 0.048 49.952
11 50 0.048 49.952
10 49.904 0.048 49.856
4 49.7823 0.048 49.7343
13 49.904 0.048 49.856
9 50 0.048 49.952
19 50 0.048 49.952
12 50 0.048 49.952
14 50 0.048 49.952
3 50 0.048 49.952
1 50 0.048 49.952
5 50 0.048 49.952
15 50 0.048 49.952
18 50 0.048 49.952
4 50 0.048 49.952
10 50 0.048 49.952
13 50 0.048 49.952
13 49.952 0.048 49.904
4 49.952 0.048 49.904
10 49.952 0.048 49.904
17 50 0.048 49.952
11 50 0.048 49.952
15 50 0.048 49.952
1 50 0.048 49.952
5 50 0.048 49.952
15 49.952 0.16 49.792
1 49.952 0.16 49.792
5 49.952 0.16 49.792
5 49.792 0.048 49.744
1 49.792 0.048 49.744
15 49.792 0.048 49.744
10 49.904 0.048 49.856
4 49.904 0.048 49.856
13 49.904 0.048 49.856
9 50 0.048 49.952
19 50 0.048 49.952
12 50 0.048 49.952
14 50 0.048 49.952
3 50 0.048 49.952
1 49.744 0.048 49.696
5 49.744 0.048 49.696
15 49.744 0.048 49.696
18 50 0.048 49.952
18 49.952 0.16 49.792
4 49.9686 0.048 49.9206
10 50 0.048 49.952
13 50 0.048 49.952
13 49.952 0.048 49.904
4 49.9206 0.048 49.8726
10 49.952 0.048 49.904
17 50 0.048 49.952
11 50 0.048 49.952
5 50 0.048 49.952
1 49.9114 0.048 49.8634
15 50 0.048 49.952
10 49.904 0.048 49.856
4 49.8726 0.048 49.8246
13 49.904 0.048 49.856
9 50 0.048 49.952
19 50 0.048 49.952
12 50 0.048 49.952
14 50 0.048 49.952
3 50 0.048 49.952
1 49.8634 0.048 49.8154
5 49.952 0.048 49.904
15 49.952 0.048 49.904
4 50 0.048 49.952
10 50 0.048 49.952
13 50 0.048 49.952
13 49.952 0.048 49.904
4 49.952 0.048 49.904
10 49.952 0.048 49.904
17 50 0.048 49.952
11 50 0.048 49.952
5 50 0.048 49.952
1 50 0.048 49.952
15 50 0.048 49.952
10 49.904 0.048 49.856
4 49.904 0.048 49.856
13 49.904 0.048 49.856
9 50 0.048 49.952
19 50 0.048 49.952
12 50 0.048 49.952
14 50 0.048 49.952
3 50 0.048 49.952
1 49.952 0.048 49.904
5 49.952 0.048 49.904
15 49.952 0.048 49.904
4 49.9998 0.048 49.9518
10 50 0.048 49.952
13 50 0.048 49.952
13 49.952 0.048 49.904
4 49.9518 0.048 49.9038
10 49.952 0.048 49.904
17 50 0.048 49.952
11 50 0.048 49.952
5 50 0.048 49.952
1 50 0.048 49.952
15 50 0.048 49.952
10 49.904 0.048 49.856
4 49.9038 0.048 49.8558
13 49.904 0.048 49.856
9 50 0.048 49.952
19 50 0.048 49.952
12 50 0.048 49.952
14 50 0.048 49.952
3 50 0.048 49.952
1 49.952 0.048 49.904
5 49.952 0.048 49.904
15 49.952 0.048 49.904
16 50 0.048 49.952
4 50 0.048 49.952
10 50 0.048 49.952
13 50 0.048 49.952
13 49.952 0.048 49.904
4 49.952 0.048 49.904
10 49.952 0.048 49.904
17 50 0.048 49.952
11 50 0.048 49.952
5 50 0.048 49.952
1 50 0.048 49.952
15 50 0.048 49.952
10 49.904 0.048 49.856
4 49.904 0.048 49.856
13 49.904 0.048 49.856
9 50 0.048 49.952
19 50 0.048 49.952
12 50 0.048 49.952
14 50 0.048 49.952
3 50 0.048 49.952
1 49.952 0.048 49.904
5 49.952 0.048 49.904
15 49.952 0.048 49.904
16 50 0.048 49.952
4 50 0.048 49.952
10 50 0.048 49.952
13 50 0.048 49.952
13 49.952 0.048 49.904
4 49.952 0.048 49.904
10 49.952 0.048 49.904
17 50 0.048 49.952
11 50 0.048 49.952
5 50 0.048 49.952
1 50 0.048 49.952
15 50 0.048 49.952
10 49.904 0.048 49.856
4 49.904 0.048 49.856
13 49.904 0.048 49.856
9 50 0.048 49.952
19 50 0.048 49.952
12 50 0.048 49.952
14 50 0.048 49.952
3 50 0.048 49.952
1 49.952 0.048 49.904
5 49.952 0.048 49.904
15 49.952 0.048 49.904
16 50 0.048 49.952
4 50 0.048 49.952
10 50 0.048 49.952
13 49.9633 0.048 49.9153
13 49.9153 0.048 49.8673
4 49.952 0.048 49.904
10 49.952 0.048 49.904
11 50 0.048 49.952
5 50 0.048 49.952
1 50 0.048 49.952
15 50 0.048 49.952
10 49.904 0.048 49.856
4 49.904 0.048 49.856
13 49.8673 0.048 49.8193
9 50 0.048 49.952
19 50 0.048 49.952
12 50 0.048 49.952
14 50 0.048 49.952
3 50 0.048 49.952
1 49.952 0.048 49.904
5 49.952 0.048 49.904
15 49.952 0.048 49.904
16 50 0.048 49.952
4 50 0.048 49.952
10 50 0.048 49.952
13 50 0.048 49.952
17 50 0.048 49.952
13 49.952 0.048 49.904
4 49.952 0.048 49.904
10 49.952 0.048 49.904
11 50 0.048 49.952
5 50 0.048 49.952
1 50 0.048 49.952
15 50 0.048 49.952
10 49.904 0.048 49.856
4 49.904 0.048 49.856
13 49.904 0.048 49.856
9 50 0.048 49.952
19 50 0.048 49.952
12 50 0.048 49.952
14 50 0.048 49.952
3 50 0.048 49.952
1 49.952 0.048 49.904
5 49.952 0.048 49.904
15 49.952 0.048 49.904
16 50 0.048 49.952
4 50 0.048 49.952
10 50 0.048 49.952
13 50 0.048 49.952
13 49.952 0.048 49.904
4 49.952 0.048 49.904
10 49.952 0.048 49.904
11 50 0.048 49.952
5 50 0.048 49.952
1 50 0.048 49.952
15 50 0.048 49.952
10 49.904 0.048 49.856
4 49.904 0.048 49.856
9 50 0.048 49.952
19 50 0.048 49.952
12 50 0.048 49.952
14 50 0.048 49.952
3 50 0.048 49.952
1 49.952 0.048 49.904
5 49.952 0.048 49.904
15 49.952 0.048 49.904
16 50 0.048 49.952
4 50 0.048 49.952
10 50 0.048 49.952
13 50 0.048 49.952
17 50 0.048 49.952
13 49.952 0.048 49.904
4 49.952 0.048 49.904
11 50 0.048 49.952
5 50 0.048 49.952
1 50 0.048 49.952
15 50 0.048 49.952
10 49.952 0.048 49.904
4 49.904 0.048 49.856
9 50 0.048 49.952
19 50 0.048 49.952
12 50 0.048 49.952
14 50 0.048 49.952
3 50 0.048 49.952
1 49.952 0.048 49.904
5 49.952 0.048 49.904
15 49.952 0.048 49.904
16 50 0.048 49.952
18 50 0.048 49.952
16 49.952 0.16 49.792
18 49.952 0.16 49.792
18 49.792 0.048 49.744
16 49.792 0.048 49.744
4 50 0.048 49.952
10 50 0.048 49.952
13 50 0.048 49.952
17 50 0.048 49.952
13 49.952 0.048 49.904
4 49.952 0.048 49.904
17 49.952 0.048 49.904
11 50 0.048 49.952
5 50 0.048 49.952
1 50 0.048 49.952
15 50 0.048 49.952
10 49.952 0.048 49.904
4 49.904 0.048 49.856
9 50 0.048 49.952
19 50 0.048 49.952
12 50 0.048 49.952
14 50 0.048 49.952
3 50 0.048 49.952
1 49.952 0.048 49.904
5 49.952 0.048 49.904
15 49.952 0.048 49.904
18 49.964 0.048 49.916
16 49.8916 0.048 49.8436
4 50 0.048 49.952
10 50 0.048 49.952
13 50 0.048 49.952
17 50 0.048 49.952
13 49.952 0.048 49.904
4 49.952 0.048 49.904
17 49.952 0.048 49.904
11 50 0.048 49.952
5 50 0.048 49.952
1 50 0.048 49.952
15 50 0.048 49.952
10 49.952 0.048 49.904
4 49.904 0.048 49.856
9 50 0.048 49.952
19 50 0.048 49.952
12 50 0.048 49.952
14 50 0.048 49.952
3 50 0.048 49.952
1 49.952 0.048 49.904
5 49.952 0.048 49.904
15 49.952 0.048 49.904
18 50 0.048 49.952
4 50 0.048 49.952
13 50 0.048 49.952
13 49.952 0.048 49.904
4 49.952 0.048 49.904
17 50 0.048 49.952
11 50 0.048 49.952
5 50 0.048 49.952
1 50 0.048 49.952
15 50 0.048 49.952
10 50 0.048 49.952
4 49.904 0.048 49.856
9 50 0.048 49.952
19 50 0.048 49.952
12 50 0.048 49.952
14 50 0.048 49.952
3 50 0.048 49.952
1 49.952 0.048 49.904
5 49.952 0.048 49.904
15 49.952 0.048 49.904
18 50 0.048 49.952
4 50 0.048 49.952
10 50 0.048 49.952
13 50 0.048 49.952
17 50 0.048 49.952
13 49.952 0.048 49.904
4 49.952 0.048 49.904
17 49.952 0.048 49.904
11 50 0.048 49.952
5 50 0.048 49.952
1 50 0.048 49.952
15 50 0.048 49.952
10 49.952 0.048 49.904
4 49.904 0.048 49.856
9 50 0.048 49.952
19 50 0.048 49.952
12 50 0.048 49.952
14 50 0.048 49.952
3 50 0.048 49.952
1 49.952 0.048 49.904
5 49.952 0.048 49.904
15 49.952 0.048 49.904
18 50 0.048 49.952
16 50 0.048 49.952
4 49.9827 0.048 49.9347
10 50 0.048 49.952
13 50 0.048 49.952
13 49.952 0.048 49.904
4 49.9347 0.048 49.8867
17 50 0.048 49.952
11 50 0.048 49.952
11 49.952 0.16 49.792
5 50 0.048 49.952
1 50 0.048 49.952
15 50 0.048 49.952
10 49.952 0.048 49.904
4 49.8867 0.048 49.8387
9 50 0.048 49.952
19 50 0.048 49.952
12 50 0.048 49.952
14 50 0.048 49.952
3 50 0.048 49.952
1 49.952 0.048 49.904
5 49.952 0.048 49.904
15 49.952 0.048 49.904
18 50 0.048 49.952
4 50 0.048 49.952
10 50 0.048 49.952
13 50 0.048 49.952
13 49.952 0.048 49.904
4 49.952 0.048 49.904
5 50 0.048 49.952
1 50 0.048 49.952
15 50 0.048 49.952
10 49.952 0.048 49.904
9 50 0.048 49.952
19 50 0.048 49.952
12 50 0.048 49.952
14 50 0.048 49.952
3 50 0.048 49.952
1 49.952 0.048 49.904
5 49.952 0.048 49.904
15 49.952 0.048 49.904
18 50 0.048 49.952
4 50 0.048 49.952
13 50 0.048 49.952
13 49.952 0.048 49.904
4 49.952 0.048 49.904
5 50 0.048 49.952
1 50 0.048 49.952
15 50 0.048 49.952
10 50 0.048 49.952
9 50 0.048 49.952
19 50 0.048 49.952
12 50 0.048 49.952
12 49.952 0.16 49.792
14 50 0.048 49.952
3 50 0.048 49.952
1 49.952 0.048 49.904
5 49.952 0.048 49.904
15 49.952 0.048 49.904
18 50 0.048 49.952
4 50 0.048 49.952
13 50 0.048 49.952
17 50 0.048 49.952
13 49.952 0.048 49.904
4 49.952 0.048 49.904
5 50 0.048 49.952
1 50 0.048 49.952
15 50 0.048 49.952
10 50 0.048 49.952
9 50 0.048 49.952
19 50 0.048 49.952
14 50 0.048 49.952
3 50 0.048 49.952
1 49.952 0.048 49.904
5 49.952 0.048 49.904
15 49.952 0.048 49.904
18 50 0.048 49.952
4 50 0.048 49.952
10 50 0.048 49.952
13 50 0.048 49.952
17 50 0.048 49.952
13 49.952 0.048 49.904
4 49.952 0.048 49.904
10 49.952 0.048 49.904
17 49.952 0.048 49.904
5 50 0.048 49.952
1 50 0.048 49.952
15 50 0.048 49.952
10 49.904 0.048 49.856
4 49.904 0.048 49.856
13 49.904 0.048 49.856
9 50 0.048 49.952
19 50 0.048 49.952
14 50 0.048 49.952
3 50 0.048 49.952
1 49.952 0.048 49.904
5 49.952 0.048 49.904
15 49.952 0.048 49.904
18 50 0.048 49.952
4 50 0.048 49.952
10 50 0.048 49.952
13 50 0.048 49.952
17 50 0.048 49.952
13 49.952 0.048 49.904
4 49.952 0.048 49.904
10 49.952 0.048 49.904
17 49.952 0.048 49.904
5 50 0.048 49.952
1 50 0.048 49.952
15 50 0.048 49.952
10 49.904 0.048 49.856
4 49.904 0.048 49.856
13 49.904 0.048 49.856
9 50 0.048 49.952
19 50 0.048 49.952
9 49.952 0.16 49.792
19 49.952 0.16 49.792
14 50 0.048 49.952
3 50 0.048 49.952
1 49.952 0.048 49.904
5 49.952 0.048 49.904
15 49.952 0.048 49.904
18 50 0.048 49.952
4 50 0.048 49.952
10 49.968 0.048 49.92
13 50 0.048 49.952
17 50 0.048 49.952
13 49.952 0.048 49.904
4 49.952 0.048 49.904
10 49.92 0.048 49.872
17 49.952 0.048 49.904
5 50 0.048 49.952
1 50 0.048 49.952
15 50 0.048 49.952
10 49.872 0.048 49.824
4 49.904 0.048 49.856
13 49.904 0.048 49.856
14 50 0.048 49.952
3 50 0.048 49.952
1 49.952 0.048 49.904
5 49.952 0.048 49.904
15 49.952 0.048 49.904
18 50 0.048 49.952
4 50 0.048 49.952
13 50 0.048 49.952
17 50 0.048 49.952
13 49.952 0.048 49.904
4 49.952 0.048 49.904
10 50 0.048 49.952
17 49.952 0.048 49.904
5 50 0.048 49.952
1 50 0.048 49.952
15 50 0.048 49.952
10 49.952 0.048 49.904
13 49.904 0.048 49.856
14 50 0.048 49.952
3 50 0.048 49.952
1 49.952 0.048 49.904
5 49.952 0.048 49.904
15 49.952 0.048 49.904
18 50 0.048 49.952
4 50 0.048 49.952
10 50 0.048 49.952
13 50 0.048 49.952
17 50 0.048 49.952
13 49.952 0.048 49.904
4 49.952 0.048 49.904
10 49.952 0.048 49.904
17 49.952 0.048 49.904
5 50 0.048 49.952
1 50 0.048 49.952
15 50 0.048 49.952
10 49.904 0.048 49.856
4 49.904 0.048 49.856
13 49.904 0.048 49.856
10 49.856 0.16 49.696
4 49.856 0.16 49.696
13 49.856 0.16 49.696
14 50 0.048 49.952
3 50 0.048 49.952
1 49.952 0.048 49.904
5 49.952 0.048 49.904
15 49.952 0.048 49.904
18 50 0.048 49.952
4 49.9247 0.048 49.8767
10 50 0.048 49.952
13 49.8107 0.048 49.7627
17 50 0.048 49.952
4 49.8767 0.16 49.7167
10 49.952 0.16 49.792
13 49.7627 0.16 49.6027
17 49.952 0.16 49.792
13 49.6027 0.048 49.5547
4 49.7167 0.048 49.6687
10 49.792 0.048 49.744
13 49.5547 0.16 49.3947
4 49.6687 0.16 49.5087
10 49.744 0.16 49.584
5 50 0.048 49.952
1 50 0.048 49.952
15 50 0.048 49.952
14 50 0.048 49.952
3 50 0.048 49.952
1 49.952 0.048 49.904
5 49.952 0.048 49.904
15 49.952 0.048 49.904
18 50 0.048 49.952
5 50 0.048 49.952
1 50 0.048 49.952
15 50 0.048 49.952
14 50 0.048 49.952
3 50 0.048 49.952
1 49.952 0.048 49.904
5 49.952 0.048 49.904
15 49.952 0.048 49.904
18 50 0.048 49.952
5 50 0.048 49.952
1 50 0.048 49.952
15 50 0.048 49.952
14 50 0.048 49.952
3 50 0.048 49.952
1 49.952 0.048 49.904
5 49.952 0.048 49.904
15 49.952 0.048 49.904
18 50 0.048 49.952
5 50 0.048 49.952
1 50 0.048 49.952
15 50 0.048 49.952
14 50 0.048 49.952
3 50 0.048 49.952
1 49.952 0.048 49.904
5 49.952 0.048 49.904
15 49.952 0.048 49.904
18 50 0.048 49.952
5 50 0.048 49.952
1 50 0.048 49.952
15 50 0.048 49.952
14 50 0.048 49.952
3 50 0.048 49.952
1 49.952 0.048 49.904
5 49.952 0.048 49.904
15 49.952 0.048 49.904
18 50 0.048 49.952
5 50 0.048 49.952
1 50 0.048 49.952
15 50 0.048 49.952
14 50 0.048 49.952
3 50 0.048 49.952
14 49.952 0.16 49.792
3 49.952 0.16 49.792
1 49.952 0.048 49.904
5 49.952 0.048 49.904
15 49.952 0.048 49.904
18 50 0.048 49.952
5 50 0.048 49.952
1 50 0.048 49.952
15 50 0.048 49.952
1 49.952 0.048 49.904
5 49.952 0.048 49.904
15 49.952 0.048 49.904
18 50 0.048 49.952
16 50 0.048 49.952
5 50 0.048 49.952
1 50 0.048 49.952
15 50 0.048 49.952
1 49.952 0.048 49.904
5 49.952 0.048 49.904
15 49.952 0.048 49.904
18 50 0.048 49.952
5 50 0.048 49.952
1 50 0.048 49.952
15 50 0.048 49.952
1 49.952 0.048 49.904
5 49.952 0.048 49.904
15 49.952 0.048 49.904
18 50 0.048 49.952
16 50 0.048 49.952
5 50 0.048 49.952
1 50 0.048 49.952
15 50 0.048 49.952
1 49.952 0.048 49.904
5 49.952 0.048 49.904
15 49.952 0.048 49.904
18 50 0.048 49.952
16 50 0.048 49.952
5 50 0.048 49.952
1 50 0.048 49.952
15 50 0.048 49.952
1 49.952 0.048 49.904
5 49.952 0.048 49.904
15 49.952 0.048 49.904
18 50 0.048 49.952
16 50 0.048 49.952
5 50 0.048 49.952
1 50 0.048 49.952
15 50 0.048 49.952
1 49.952 0.048 49.904
5 49.952 0.048 49.904
15 49.952 0.048 49.904
18 50 0.048 49.952
16 50 0.048 49.952
5 50 0.048 49.952
1 50 0.048 49.952
15 50 0.048 49.952
1 49.952 0.048 49.904
5 49.952 0.048 49.904
15 49.952 0.048 49.904
18 50 0.048 49.952
5 50 0.048 49.952
1 50 0.048 49.952
15 50 0.048 49.952
1 49.952 0.048 49.904
5 49.952 0.048 49.904
15 49.952 0.048 49.904
18 50 0.048 49.952
5 50 0.048 49.952
1 50 0.048 49.952
15 50 0.048 49.952
1 49.952 0.048 49.904
5 49.952 0.048 49.904
15 49.952 0.048 49.904
18 50 0.048 49.952
5 50 0.048 49.952
1 50 0.048 49.952
15 50 0.048 49.952
1 49.952 0.048 49.904
5 49.952 0.048 49.904
15 49.952 0.048 49.904
18 50 0.048 49.952
5 50 0.048 49.952
1 50 0.048 49.952
15 50 0.048 49.952
5 49.952 0.16 49.792
1 49.952 0.16 49.792
15 49.952 0.16 49.792
1 49.792 0.048 49.744
5 49.792 0.048 49.744
15 49.792 0.048 49.744
1 49.744 0.16 49.584
5 49.744 0.16 49.584
15 49.744 0.16 49.584
18 50 0.048 49.952
18 50 0.048 49.952
16 50 0.048 49.952
18 50 0.048 49.952
18 50 0.048 49.952
18 50 0.048 49.952
18 50 0.048 49.952
18 50 0.048 49.952
18 50 0.048 49.952
18 50 0.048 49.952
18 50 0.048 49.952
18 50 0.048 49.952
18 50 0.048 49.952
18 50 0.048 49.952
16 50 0.048 49.952
18 50 0.048 49.952
16 50 0.048 49.952
18 49.952 0.16 49.792
16 49.952 0.16 49.792
