8 253
40 253
26 254
9 254
12 254
53 254
35 254
1 254
46 254
18 254
57 254
72 254
23 255
42 255
39 256
32 256
48 256
56 257
33 257
50 257
52 257
14 257
69 258
11 258
15 258
49 259
5 260
21 260
36 261
2 261
4 261
38 261
10 261
73 261
30 263
13 263
16 263
45 264
59 264
60 264
3 264
65 264
6 264
70 264
7 265
43 265
44 265
68 266
41 261
74 261
34 262
71 264
35 268
9 268
25 268
27 268
62 268
26 268
61 266
55 269
28 269
72 267
18 267
1 267
63 271
10 271
29 271
2 271
52 272
50 272
56 272
47 266
16 266
30 266
62 276
38 277
75 278
61 278
24 254
3 279
22 279
60 279
69 280
78 260
66 260
25 270
53 276
28 284
7 284
8 285
79 273
18 274
51 281
47 275
77 253
40 285
22 289
3 289
17 259
29 291
36 291
49 253
40 292
24 293
53 281
62 281
67 269
50 294
55 284
63 291
78 282
67 282
28 282
73 287
53 295
62 298
5 283
74 288
3 299
76 264
80 264
45 279
60 289
19 266
63 301
75 296
78 283
46 267
68 278
8 292
77 292
34 280
69 304
40 305
8 305
37 257
52 294
64 255
23 297
24 302
51 298
62 267
20 254
72 303
50 307
78 309
17 292
77 305
75 311
66 290
39 260
5 309
18 300
54 261
29 301
73 301
74 310
41 286
45 306
22 299
6 279
80 312
19 278
68 311
3 308
6 308
34 304
56 294
58 272
37 307
35 293
25 281
46 300
