16 950 0 100 0.7 1.63024 1.63024
54 992 0 100 0.7 4.08496 4.08496
78 1011 0 100 1.2 5.57892 6.07892
55 997 0 100 2.7 4.40704 6.40704
91 1007 0 100 3.2 5.22442 7.72442
97 1016 0 100 2.2 6.70569 8.20569
61 1002 0 100 4.2 4.81351 8.31351
89 1012 0 100 3.2 5.99407 8.49407
61 1025 0 100 0.7 8.54987 8.54987
40 991 0 100 5.2 4.05254 8.55254
40 1020 0 100 1.7 7.74404 8.74404
12 999 0 100 5.2 4.51352 9.01352
47 1021 0 100 2.2 7.85209 9.35209
31 1032 0 100 1.2 9.0956 9.5956
31 1013 0 100 4.2 6.15864 9.65864
96 1034 0 100 0.7 9.83746 9.83746
74 1014 0 100 4.7 6.23026 10.2303
66 1028 0 100 2.7 8.84101 10.841
62 1015 0 100 5.2 6.34584 10.8458
66 989 0 100 7.7 4.0155 11.0155
78 934 0 100 10.7 1.04443 11.0444
78 1023 0 100 3.7 8.22372 11.2237
94 1001 0 100 7.7 4.66202 11.662
59 1018 0 100 5.2 7.19789 11.6979
77 1006 0 100 8.2 4.98267 12.4827
99 990 0 100 9.2 4.05213 12.5521
76 980 0 100 9.7 3.65404 12.654
51 1009 0 100 8.2 5.51683 13.0168
91 1022 0 100 5.7 8.11442 13.1144
34 1031 0 100 6.2 9.03621 14.5362
34 982 0 100 11.7 3.73254 14.7325
96 1005 0 100 10.7 4.95929 14.9593
