54 686 1.06342
1 687 1.28764
19 688 1.30961
17 689 1.39524
23 690 1.43995
44 691 1.44965
14 692 1.65519
4 693 1.6761
49 694 1.69626
57 695 1.8981
12 696 1.91383
51 697 2.03658
67 698 2.03953
42 699 2.09148
3 700 2.09231
31 701 2.1548
38 702 2.17667
63 703 2.47844
32 704 2.51338
9 705 2.56417
70 706 2.67087
34 707 2.70813
43 708 2.71299
6 709 2.73225
2 710 2.81936
56 711 2.82591
5 712 2.98791
41 713 2.99037
68 714 3.14458
28 715 3.22474
40 716 3.31238
36 717 3.38815
23 718 3.45562
29 719 3.54609
61 720 3.5716
8 721 3.62182
50 722 3.78668
47 723 3.79936
18 724 3.90962
27 725 3.98779
7 726 4.0457
49 727 4.15336
26 728 4.22783
24 729 4.25467
38 730 4.49861
14 731 4.66627
64 732 4.67458
20 733 4.69244
22 734 4.85178
60 735 4.9054
19 736 4.97269
54 737 5.08497
34 738 5.25371
3 739 5.89431
7 740 6.14642
56 741 6.1879
61 742 6.19016
18 743 6.79135
26 744 6.83952
19 745 7.03742
41 746 7.08604
9 747 7.11285
40 748 7.5603
5 749 7.56508
31 750 7.72044
29 751 7.79555
47 752 8.28907
38 753 8.32314
52 754 9.29335
9 755 9.40326
56 756 9.69956
22 757 9.81564
18 758 9.89846
