34 644 0 100 0.7 3.07156 3.07156
37 657 0 100 1.2 3.83312 4.33312
31 638 0 100 3.2 2.60272 5.10272
31 663 0 100 1.2 4.60362 5.10362
17 667 0 100 0.7 5.81255 5.81255
32 633 0 100 4.7 2.07648 6.07648
54 645 0 100 5.2 3.0876 7.5876
52 670 0 100 2.2 6.31628 7.81628
49 673 0 100 2.2 6.52668 8.02668
29 676 0 100 1.7 7.55462 8.55462
1 643 0 100 6.7 3.02848 9.02848
33 662 0 100 5.7 4.34464 9.34464
45 649 0 100 7.2 3.41597 9.91597
43 668 0 100 4.7 6.01374 10.0137
43 682 0 100 2.2 8.58375 10.0837
17 679 0 100 3.7 8.00312 11.0031
17 653 0 100 8.2 3.57116 11.0712
16 631 0 100 10.2 1.68273 11.1827
52 658 0 100 9.7 3.98597 12.986
26 659 0 100 10.2 4.13802 13.638
34 674 0 100 7.7 6.65948 13.6595
35 660 0 100 10.2 4.16326 13.6633
28 666 0 100 9.7 5.76865 14.7686
28 677 0 100 7.7 7.79638 14.7964
