69 265 1.00566
65 266 1.02943
29 267 1.06427
31 268 1.06487
45 269 1.1865
46 270 1.31032
58 271 1.33131
43 272 1.4712
21 273 1.48292
63 274 1.69049
17 275 1.72924
50 276 1.73728
54 277 1.90331
47 278 1.94223
73 279 2.01403
78 280 2.04917
55 281 2.14855
56 282 2.19684
25 283 2.23317
38 284 2.36741
37 285 2.4883
24 286 2.52121
14 287 2.56085
15 288 2.62761
79 289 2.69326
27 290 2.83466
16 291 3.34958
59 292 3.51165
34 293 3.6029
64 294 3.78494
32 295 3.91682
69 296 4.01818
44 297 4.10575
74 298 4.27138
3 299 4.37374
43 300 4.42539
51 301 4.56488
78 302 4.77965
54 303 4.79637
14 304 4.85633
57 305 4.95744
55 306 5.27346
63 307 5.41786
24 308 5.91878
59 309 6.07839
41 310 6.35957
25 311 6.4165
16 312 6.58576
38 313 6.6048
79 314 6.71851
56 315 6.9305
69 316 7.43736
43 317 7.81864
78 318 7.8347
68 319 8.03625
74 320 8.07269
57 321 8.3757
24 322 8.81454
54 323 8.95309
3 324 9.10559
71 325 9.59867
