13 578
18 578
16 579
2 579
20 580
14 580
7 581
25 582
12 582
10 583
5 583
40 586
48 587
31 589
22 589
46 590
28 585
49 592
30 592
15 588
38 593
13 593
33 581
7 585
32 586
36 594
42 594
6 597
29 597
8 599
32 600
40 600
38 600
4 598
35 601
41 601
30 602
49 602
3 603
16 603
23 604
27 605
47 605
19 606
45 597
34 607
43 608
31 609
10 606
29 611
36 598
39 612
17 584
28 581
36 614
33 596
37 595
25 616
35 617
40 618
50 592
30 619
43 621
6 611
46 598
4 614
11 613
22 609
31 622
32 618
27 625
19 617
19 626
20 588
30 628
29 629
15 620
36 630
24 610
31 634
9 591
28 596
33 624
44 599
8 615
17 623
26 604
23 627
21 590
4 630
46 631
50 628
22 634
45 611
3 621
6 629
24 623
