44 254 1.07073
67 255 1.09554
48 256 1.14515
47 257 1.18839
16 258 1.22986
17 259 1.24333
38 260 1.34182
77 261 1.51908
54 262 1.54671
11 263 1.60092
4 264 1.60507
33 265 1.62109
13 266 1.6402
51 267 1.8808
50 268 1.97389
72 269 2.3735
29 270 2.38292
14 271 2.56242
43 272 2.62624
46 273 2.6513
21 274 2.65494
68 275 3.00613
57 276 3.2262
23 277 3.23894
64 278 3.3187
45 279 3.48486
11 280 3.77457
80 281 3.91311
75 282 3.95897
55 283 4.07928
30 284 4.08222
41 285 4.09195
58 286 4.23431
6 287 4.25517
8 288 4.31491
33 289 4.33414
15 290 4.58415
62 291 4.7532
56 292 4.89432
77 293 4.95448
59 294 4.98721
68 295 5.61225
17 296 5.9484
44 297 6.04489
29 298 6.52305
55 299 6.53924
11 300 6.80213
30 301 7.18312
41 302 7.34624
78 303 7.39042
68 304 7.96931
75 305 8.18252
15 306 8.20016
45 307 8.28464
59 308 8.56282
57 309 8.71102
33 310 8.77342
8 311 8.8848
44 312 9.02512
