71 2711 0 100 1.16701e-08 1.22969 1.22969
25 2715 0 100 0.5 1.33727 1.83727
79 2770 0 100 1.16701e-08 3.17902 3.17902
76 2764 0 100 0.5 2.91742 3.41742
64 2742 0 100 1.5 2.08688 3.58688
90 2724 0 100 2 1.61553 3.61553
62 2781 0 100 1.16701e-08 3.61961 3.61961
46 2707 0 100 2.5 1.14409 3.64409
72 2751 0 100 1.5 2.41879 3.91879
35 2737 0 100 2 2.01054 4.01054
84 2782 0 100 1 3.65262 4.65262
80 2771 0 100 1.5 3.24271 4.74271
87 2712 0 100 3.5 1.25716 4.75716
51 2779 0 100 1.5 3.53071 5.03071
70 2738 0 100 3 2.05533 5.05533
86 2799 0 100 1 4.37924 5.37924
20 2734 0 100 4 1.91232 5.91232
33 2709 0 100 5 1.18272 6.18272
37 2760 0 100 3.5 2.74662 6.24662
30 2719 0 100 5 1.45644 6.45644
74 2792 0 100 2.5 4.07122 6.57122
71 2822 0 100 1.5 5.19036 6.69036
56 2773 0 100 3.5 3.3143 6.8143
28 2815 0 100 2 4.84533 6.84533
69 2776 0 100 3.5 3.36835 6.86835
11 2800 0 100 2.5 4.39729 6.89729
74 2847 0 100 0.5 6.64165 7.14165
69 2837 0 100 1 6.18292 7.18292
34 2710 0 100 6 1.21388 7.21388
48 2812 0 100 2.5 4.76523 7.26523
2 2833 0 100 1.5 6.05069 7.55069
67 2768 0 100 4.5 3.0908 7.5908
49 2784 0 100 4 3.6909 7.6909
49 2858 0 100 0.5 7.35244 7.85244
82 2733 0 100 6 1.90218 7.90218
12 2746 0 100 6 2.2339 8.2339
21 2801 0 100 4 4.4111 8.4111
13 2752 0 100 6 2.44342 8.44342
44 2754 0 100 6 2.49196 8.49196
3 2794 0 100 4.5 4.12634 8.62634
62 2856 0 100 1.5 7.23596 8.73596
66 2729 0 100 7 1.78096 8.78096
6 2819 0 100 4.5 4.97488 9.47488
15 2703 0 100 8.5 1.00387 9.50387
18 2805 0 100 5 4.54695 9.54695
45 2824 0 100 4.5 5.32552 9.82552
45 2762 0 100 7 2.83037 9.83037
51 2880 0 100 1.5 8.76454 10.2645
85 2757 0 100 8 2.55336 10.5534
42 2836 0 100 4.5 6.18195 10.6819
85 2809 0 100 6 4.70366 10.7037
58 2878 0 100 2 8.72313 10.7231
86 2882 0 100 2 8.80572 10.8057
17 2741 0 100 9 2.07189 11.0719
10 2744 0 100 9 2.12577 11.1258
22 2841 0 100 5 6.34398 11.344
53 2706 0 100 10.5 1.10339 11.6034
25 2808 0 100 7.5 4.68512 12.1851
8 2714 0 100 11.5 1.28664 12.7866
82 2899 0 100 3 9.98197 12.982
78 2749 0 100 11.5 2.35418 13.8542
75 2743 0 100 12 2.11343 14.1134
57 2866 0 100 6.5 7.79195 14.2919
72 2840 0 100 8 6.32577 14.3258
29 2870 0 100 6.5 7.9907 14.4907
