18 156 0 100 1.16701e-08 1.02259 1.02259
50 157 0 100 2 1.10475 3.10475
11 174 0 100 1.5 2.71518 4.21518
35 167 0 100 2.5 1.99869 4.49869
49 172 0 100 2.5 2.57585 5.07585
24 159 0 100 4.5 1.16629 5.66629
31 162 0 100 4.5 1.48284 5.98284
21 187 0 100 1.5 4.89937 6.39937
43 169 0 100 4 2.42544 6.42544
27 183 0 100 2.5 4.04565 6.54565
53 160 0 100 5.5 1.37271 6.87271
3 191 0 100 0.5 6.40696 6.90696
47 178 0 100 3.5 3.6211 7.1211
39 175 0 100 4.5 3.169 7.669
39 193 0 100 1 6.69839 7.69839
4 182 0 100 4 3.80784 7.80784
57 192 0 100 1.5 6.5178 8.0178
29 161 0 100 7 1.47885 8.47885
54 179 0 100 5 3.63827 8.63827
58 196 0 100 1.5 7.58795 9.08795
32 158 0 100 8.5 1.11583 9.61583
49 186 0 100 5.5 4.89182 10.3918
24 199 0 100 2 8.81374 10.8137
38 166 0 100 9.5 1.7805 11.2805
18 177 0 100 8 3.4653 11.4653
21 194 0 100 4.5 7.32254 11.8225
27 200 0 100 3 8.83315 11.8332
3 173 0 100 9.5 2.59984 12.0998
3 202 0 100 3 9.20107 12.2011
52 171 0 100 10 2.55626 12.5563
44 164 0 100 11 1.56279 12.5628
20 176 0 100 9.5 3.22519 12.7252
57 181 0 100 9.5 3.7687 13.2687
54 189 0 100 8 6.01401 14.014
8 170 0 100 12 2.44569 14.4457
58 163 0 100 13 1.52928 14.5293
11 195 0 100 7.5 7.38464 14.8846
32 188 0 100 9 5.96128 14.9613
