4 0.8 0.048 0.752
4 0.8 0.048 0.752
4 0.8 0.048 0.752
8 0.8 0.048 0.752
8 0.8 0.048 0.752
1 0.8 0.048 0.752
8 0.8 0.048 0.752
12 0.8 0.048 0.752
15 0.8 0.048 0.752
1 0.8 0.048 0.752
12 0.8 0.048 0.752
15 0.8 0.048 0.752
1 0.8 0.048 0.752
12 0.8 0.048 0.752
15 0.8 0.048 0.752
7 0.8 0.048 0.752
19 0.8 0.048 0.752
19 0.752 0.048 0.704
7 0.752 0.048 0.704
7 0.704 0.16 0.544
19 0.704 0.16 0.544
19 0.544 0.016 0.528
7 0.544 0.016 0.528
19 0.528 0.048 0.48
7 0.528 0.048 0.48
9 0.8 0.048 0.752
10 0.8 0.048 0.752
3 0.8 0.048 0.752
20 0.8 0.048 0.752
5 0.8 0.048 0.752
2 0.8 0.048 0.752
11 0.8 0.048 0.752
17 0.8 0.048 0.752
17 0.752 0.048 0.704
5 0.752 0.048 0.704
5 0.704 0.16 0.544
2 0.752 0.16 0.592
11 0.752 0.16 0.592
17 0.704 0.16 0.544
17 0.544 0.016 0.528
5 0.544 0.016 0.528
17 0.528 0.048 0.48
2 0.592 0.048 0.544
5 0.528 0.048 0.48
11 0.592 0.048 0.544
20 0.8 0.048 0.752
19 0.8 0.048 0.752
7 0.8 0.048 0.752
9 0.8 0.048 0.752
18 0.8 0.048 0.752
3 0.8 0.048 0.752
13 0.8 0.048 0.752
18 0.8 0.048 0.752
6 0.8 0.048 0.752
9 0.8 0.048 0.752
17 0.8 0.048 0.752
2 0.8 0.048 0.752
5 0.8 0.048 0.752
11 0.8 0.048 0.752
13 0.8 0.048 0.752
13 0.8 0.048 0.752
16 0.8 0.048 0.752
10 0.8 0.048 0.752
14 0.8 0.048 0.752
19 0.8 0.048 0.752
7 0.8 0.048 0.752
9 0.8 0.048 0.752
3 0.8 0.048 0.752
2 0.8 0.048 0.752
5 0.8 0.048 0.752
11 0.8 0.048 0.752
17 0.8 0.048 0.752
14 0.8 0.048 0.752
14 0.8 0.048 0.752
18 0.8 0.048 0.752
6 0.8 0.048 0.752
12 0.8 0.048 0.752
1 0.8 0.048 0.752
15 0.8 0.048 0.752
17 0.8 0.048 0.752
2 0.8 0.048 0.752
5 0.8 0.048 0.752
11 0.8 0.048 0.752
14 0.8 0.048 0.752
16 0.8 0.048 0.752
1 0.8 0.048 0.752
12 0.8 0.048 0.752
15 0.8 0.048 0.752
14 0.8 0.048 0.752
19 0.8 0.048 0.752
7 0.8 0.048 0.752
9 0.8 0.048 0.752
10 0.8 0.048 0.752
18 0.8 0.048 0.752
3 0.8 0.048 0.752
2 0.8 0.048 0.752
5 0.8 0.048 0.752
11 0.8 0.048 0.752
17 0.8 0.048 0.752
4 0.8 0.048 0.752
18 0.8 0.048 0.752
6 0.8 0.048 0.752
9 0.8 0.048 0.752
12 0.8 0.048 0.752
1 0.8 0.048 0.752
15 0.8 0.048 0.752
17 0.8 0.048 0.752
2 0.8 0.048 0.752
5 0.8 0.048 0.752
11 0.8 0.048 0.752
10 0.8 0.048 0.752
9 0.8 0.048 0.752
16 0.8 0.048 0.752
1 0.8 0.048 0.752
12 0.8 0.048 0.752
15 0.8 0.048 0.752
14 0.8 0.048 0.752
3 0.8 0.048 0.752
19 0.8 0.048 0.752
7 0.8 0.048 0.752
9 0.8 0.048 0.752
10 0.8 0.048 0.752
3 0.8 0.048 0.752
3 0.752 0.048 0.704
3 0.704 0.16 0.544
3 0.544 0.016 0.528
2 0.8 0.048 0.752
5 0.8 0.048 0.752
11 0.8 0.048 0.752
17 0.8 0.048 0.752
4 0.8 0.048 0.752
3 0.528 0.048 0.48
18 0.8 0.048 0.752
6 0.8 0.048 0.752
12 0.8 0.048 0.752
1 0.8 0.048 0.752
15 0.8 0.048 0.752
17 0.8 0.048 0.752
2 0.8 0.048 0.752
5 0.8 0.048 0.752
11 0.8 0.048 0.752
10 0.8 0.048 0.752
9 0.8 0.048 0.752
16 0.8 0.048 0.752
1 0.8 0.048 0.752
12 0.8 0.048 0.752
15 0.8 0.048 0.752
14 0.8 0.048 0.752
2 0.8 0.048 0.752
5 0.8 0.048 0.752
11 0.8 0.048 0.752
17 0.8 0.048 0.752
19 0.8 0.048 0.752
7 0.8 0.048 0.752
9 0.8 0.048 0.752
6 0.8 0.048 0.752
18 0.8 0.048 0.752
2 0.752 0.048 0.704
5 0.8 0.048 0.752
11 0.752 0.048 0.704
17 0.8 0.048 0.752
2 0.704 0.048 0.656
2 0.656 0.16 0.496
2 0.496 0.016 0.48
4 0.8 0.048 0.752
2 0.558622 0.048 0.510622
5 0.752 0.048 0.704
11 0.778651 0.048 0.730651
17 0.752 0.048 0.704
2 0.588772 0.048 0.540772
5 0.7819 0.048 0.7339
11 0.8 0.048 0.752
17 0.774952 0.048 0.726952
20 0.8 0.048 0.752
13 0.8 0.048 0.752
18 0.8 0.048 0.752
6 0.8 0.048 0.752
9 0.8 0.048 0.752
15 0.8 0.048 0.752
1 0.8 0.048 0.752
12 0.8 0.048 0.752
12 0.8 0.048 0.752
1 0.752 0.048 0.704
15 0.752 0.048 0.704
17 0.8 0.048 0.752
2 0.540772 0.048 0.492772
5 0.7339 0.048 0.6859
11 0.752 0.048 0.704
11 0.783395 0.048 0.735395
2 0.567569 0.048 0.519569
5 0.764076 0.048 0.716076
17 0.752 0.048 0.704
16 0.8 0.048 0.752
10 0.8 0.048 0.752
9 0.8 0.048 0.752
7 0.8 0.048 0.752
19 0.8 0.048 0.752
8 0.8 0.048 0.752
12 0.8 0.048 0.752
10 0.8 0.048 0.752
16 0.8 0.048 0.752
16 0.8 0.048 0.752
10 0.752 0.048 0.704
16 0.752 0.048 0.704
16 0.704 0.16 0.544
16 0.544 0.016 0.528
1 0.8 0.048 0.752
12 0.752 0.048 0.704
15 0.8 0.048 0.752
14 0.8 0.048 0.752
9 0.8 0.048 0.752
10 0.783569 0.048 0.735569
16 0.528 0.048 0.48
19 0.8 0.048 0.752
7 0.8 0.048 0.752
9 0.752 0.048 0.704
9 0.704 0.048 0.656
9 0.656 0.16 0.496
9 0.496 0.016 0.48
6 0.8 0.048 0.752
18 0.8 0.048 0.752
4 0.8 0.048 0.752
9 0.552705 0.048 0.504705
10 0.8 0.048 0.752
6 0.8 0.048 0.752
9 0.580385 0.048 0.532385
18 0.8 0.048 0.752
20 0.8 0.048 0.752
13 0.8 0.048 0.752
18 0.752 0.048 0.704
6 0.8 0.048 0.752
18 0.704 0.048 0.656
18 0.656 0.16 0.496
18 0.496 0.016 0.48
15 0.8 0.048 0.752
1 0.8 0.048 0.752
12 0.8 0.048 0.752
12 0.8 0.048 0.752
1 0.752 0.048 0.704
15 0.752 0.048 0.704
17 0.8 0.048 0.752
2 0.8 0.048 0.752
5 0.8 0.048 0.752
11 0.8 0.048 0.752
11 0.8 0.048 0.752
2 0.8 0.048 0.752
5 0.8 0.048 0.752
17 0.752 0.048 0.704
6 0.752 0.048 0.704
18 0.551488 0.048 0.503488
10 0.8 0.048 0.752
9 0.611282 0.048 0.563282
16 0.711326 0.048 0.663326
16 0.663326 0.048 0.615326
10 0.752 0.048 0.704
10 0.704 0.16 0.544
9 0.563282 0.16 0.403282
16 0.615326 0.16 0.455326
7 0.8 0.048 0.752
19 0.8 0.048 0.752
5 0.8 0.048 0.752
2 0.8 0.048 0.752
11 0.752 0.048 0.704
17 0.782608 0.048 0.734608
8 0.8 0.048 0.752
12 0.8 0.048 0.752
6 0.779085 0.048 0.731085
18 0.575156 0.048 0.527156
1 0.8 0.048 0.752
12 0.752 0.048 0.704
15 0.8 0.048 0.752
14 0.8 0.048 0.752
19 0.8 0.048 0.752
7 0.8 0.048 0.752
6 0.8 0.048 0.752
18 0.680348 0.048 0.632348
4 0.8 0.048 0.752
7 0.8 0.048 0.752
19 0.8 0.048 0.752
20 0.8 0.048 0.752
13 0.8 0.048 0.752
15 0.8 0.048 0.752
1 0.8 0.048 0.752
12 0.8 0.048 0.752
12 0.8 0.048 0.752
1 0.752 0.048 0.704
8 0.8 0.048 0.752
15 0.752 0.048 0.704
17 0.8 0.048 0.752
2 0.8 0.048 0.752
5 0.8 0.048 0.752
11 0.8 0.048 0.752
11 0.8 0.048 0.752
2 0.8 0.048 0.752
5 0.8 0.048 0.752
17 0.752 0.048 0.704
7 0.8 0.048 0.752
19 0.8 0.048 0.752
7 0.8 0.048 0.752
19 0.8 0.048 0.752
7 0.752 0.048 0.704
7 0.704 0.16 0.544
7 0.544 0.016 0.528
5 0.8 0.048 0.752
2 0.8 0.048 0.752
11 0.752 0.048 0.704
17 0.782305 0.048 0.734305
8 0.8 0.048 0.752
7 0.528 0.048 0.48
19 0.752 0.048 0.704
1 0.8 0.048 0.752
12 0.8 0.048 0.752
15 0.8 0.048 0.752
14 0.8 0.048 0.752
19 0.783254 0.048 0.735254
7 0.551018 0.048 0.503018
6 0.8 0.048 0.752
18 0.8 0.048 0.752
4 0.8 0.048 0.752
20 0.8 0.048 0.752
13 0.8 0.048 0.752
15 0.8 0.048 0.752
1 0.8 0.048 0.752
12 0.8 0.048 0.752
12 0.8 0.048 0.752
1 0.752 0.048 0.704
8 0.8 0.048 0.752
15 0.752 0.048 0.704
17 0.8 0.048 0.752
2 0.8 0.048 0.752
5 0.8 0.048 0.752
11 0.8 0.048 0.752
11 0.8 0.048 0.752
2 0.8 0.048 0.752
5 0.8 0.048 0.752
17 0.752 0.048 0.704
4 0.8 0.048 0.752
5 0.8 0.048 0.752
2 0.8 0.048 0.752
11 0.752 0.048 0.704
17 0.779735 0.048 0.731735
8 0.8 0.048 0.752
12 0.8 0.048 0.752
4 0.8 0.048 0.752
1 0.8 0.048 0.752
12 0.752 0.048 0.704
15 0.8 0.048 0.752
14 0.8 0.048 0.752
4 0.8 0.048 0.752
19 0.8 0.048 0.752
7 0.8 0.048 0.752
6 0.8 0.048 0.752
18 0.8 0.048 0.752
4 0.752 0.048 0.704
20 0.8 0.048 0.752
13 0.8 0.048 0.752
15 0.8 0.048 0.752
1 0.8 0.048 0.752
12 0.8 0.048 0.752
12 0.8 0.048 0.752
1 0.752 0.048 0.704
8 0.8 0.048 0.752
15 0.752 0.048 0.704
17 0.8 0.048 0.752
2 0.8 0.048 0.752
5 0.8 0.048 0.752
11 0.8 0.048 0.752
11 0.8 0.048 0.752
2 0.8 0.048 0.752
5 0.8 0.048 0.752
17 0.752 0.048 0.704
8 0.8 0.048 0.752
5 0.8 0.048 0.752
2 0.8 0.048 0.752
11 0.752 0.048 0.704
17 0.774891 0.048 0.726891
8 0.8 0.048 0.752
12 0.8 0.048 0.752
8 0.752 0.048 0.704
8 0.704 0.16 0.544
8 0.544 0.016 0.528
8 0.528 0.048 0.48
12 0.752 0.048 0.704
2 0.752 0.048 0.704
5 0.752 0.048 0.704
11 0.780327 0.048 0.732327
17 0.726891 0.048 0.678891
1 0.8 0.048 0.752
12 0.704 0.048 0.656
15 0.8 0.048 0.752
14 0.8 0.048 0.752
1 0.752 0.048 0.704
8 0.55816 0.048 0.51016
12 0.726424 0.048 0.678424
15 0.8 0.048 0.752
19 0.8 0.048 0.752
7 0.8 0.048 0.752
6 0.8 0.048 0.752
18 0.8 0.048 0.752
4 0.8 0.048 0.752
1 0.781724 0.048 0.733724
12 0.755137 0.048 0.707137
15 0.8 0.048 0.752
1 0.8 0.048 0.752
15 0.8 0.048 0.752
20 0.8 0.048 0.752
13 0.8 0.048 0.752
15 0.752 0.048 0.704
1 0.8 0.048 0.752
12 0.783079 0.048 0.735079
12 0.8 0.048 0.752
1 0.752 0.048 0.704
8 0.664886 0.048 0.616886
8 0.616886 0.048 0.568886
15 0.704 0.048 0.656
12 0.752 0.048 0.704
12 0.704 0.16 0.544
1 0.704 0.16 0.544
8 0.568886 0.16 0.408886
15 0.656 0.16 0.496
17 0.8 0.048 0.752
2 0.8 0.048 0.752
5 0.8 0.048 0.752
11 0.8 0.048 0.752
11 0.8 0.048 0.752
2 0.8 0.048 0.752
5 0.8 0.048 0.752
17 0.752 0.048 0.704
5 0.8 0.048 0.752
2 0.8 0.048 0.752
11 0.752 0.048 0.704
17 0.775743 0.048 0.727743
20 0.8 0.048 0.752
2 0.752 0.048 0.704
5 0.752 0.048 0.704
11 0.776143 0.048 0.728143
17 0.727743 0.048 0.679743
1 0.691328 0.048 0.643328
12 0.62372 0.048 0.57572
15 0.647731 0.048 0.599731
9 0.8 0.048 0.752
10 0.8 0.048 0.752
14 0.8 0.048 0.752
20 0.8 0.048 0.752
19 0.8 0.048 0.752
7 0.8 0.048 0.752
6 0.8 0.048 0.752
18 0.8 0.048 0.752
4 0.8 0.048 0.752
20 0.8 0.048 0.752
20 0.8 0.048 0.752
13 0.8 0.048 0.752
15 0.8 0.048 0.752
1 0.8 0.048 0.752
12 0.79193 0.048 0.74393
17 0.8 0.048 0.752
2 0.8 0.048 0.752
5 0.8 0.048 0.752
11 0.8 0.048 0.752
3 0.8 0.048 0.752
11 0.8 0.048 0.752
2 0.8 0.048 0.752
5 0.8 0.048 0.752
17 0.752 0.048 0.704
5 0.8 0.048 0.752
2 0.8 0.048 0.752
11 0.752 0.048 0.704
17 0.774906 0.048 0.726906
13 0.8 0.048 0.752
2 0.752 0.048 0.704
5 0.752 0.048 0.704
11 0.775491 0.048 0.727491
17 0.726906 0.048 0.678906
1 0.8 0.048 0.752
12 0.8 0.048 0.752
15 0.8 0.048 0.752
9 0.8 0.048 0.752
10 0.8 0.048 0.752
14 0.8 0.048 0.752
13 0.8 0.048 0.752
19 0.8 0.048 0.752
7 0.8 0.048 0.752
6 0.8 0.048 0.752
18 0.8 0.048 0.752
4 0.8 0.048 0.752
13 0.8 0.048 0.752
20 0.8 0.048 0.752
13 0.8 0.048 0.752
15 0.8 0.048 0.752
1 0.8 0.048 0.752
12 0.8 0.048 0.752
17 0.8 0.048 0.752
2 0.8 0.048 0.752
5 0.8 0.048 0.752
11 0.8 0.048 0.752
3 0.8 0.048 0.752
11 0.8 0.048 0.752
2 0.8 0.048 0.752
5 0.8 0.048 0.752
17 0.752 0.048 0.704
5 0.8 0.048 0.752
2 0.8 0.048 0.752
11 0.752 0.048 0.704
17 0.783945 0.048 0.735945
14 0.8 0.048 0.752
2 0.752 0.048 0.704
5 0.752 0.048 0.704
11 0.778535 0.048 0.730535
17 0.735945 0.048 0.687945
1 0.8 0.048 0.752
12 0.8 0.048 0.752
15 0.8 0.048 0.752
9 0.8 0.048 0.752
10 0.8 0.048 0.752
14 0.8 0.048 0.752
14 0.752 0.048 0.704
14 0.704 0.16 0.544
14 0.544 0.016 0.528
14 0.528 0.048 0.48
19 0.8 0.048 0.752
7 0.8 0.048 0.752
6 0.8 0.048 0.752
18 0.8 0.048 0.752
4 0.8 0.048 0.752
20 0.8 0.048 0.752
13 0.8 0.048 0.752
15 0.8 0.048 0.752
1 0.8 0.048 0.752
8 0.8 0.048 0.752
8 0.752 0.048 0.704
12 0.8 0.048 0.752
15 0.752 0.048 0.704
15 0.704 0.16 0.544
1 0.752 0.16 0.592
8 0.704 0.16 0.544
8 0.544 0.016 0.528
15 0.544 0.016 0.528
8 0.528 0.048 0.48
12 0.752 0.048 0.704
15 0.528 0.048 0.48
12 0.704 0.16 0.544
17 0.8 0.048 0.752
2 0.8 0.048 0.752
5 0.8 0.048 0.752
11 0.8 0.048 0.752
16 0.8 0.048 0.752
10 0.8 0.048 0.752
3 0.8 0.048 0.752
11 0.8 0.048 0.752
2 0.8 0.048 0.752
5 0.8 0.048 0.752
17 0.752 0.048 0.704
5 0.8 0.048 0.752
2 0.8 0.048 0.752
11 0.752 0.048 0.704
17 0.774663 0.048 0.726663
2 0.752 0.048 0.704
5 0.752 0.048 0.704
11 0.779612 0.048 0.731612
17 0.726663 0.048 0.678663
1 0.74956 0.048 0.70156
12 0.694517 0.048 0.646517
15 0.633403 0.048 0.585403
9 0.8 0.048 0.752
10 0.8 0.048 0.752
19 0.8 0.048 0.752
7 0.8 0.048 0.752
6 0.8 0.048 0.752
18 0.8 0.048 0.752
4 0.8 0.048 0.752
3 0.8 0.048 0.752
20 0.8 0.048 0.752
13 0.8 0.048 0.752
8 0.8 0.048 0.752
1 0.8 0.048 0.752
12 0.8 0.048 0.752
15 0.8 0.048 0.752
17 0.8 0.048 0.752
2 0.8 0.048 0.752
5 0.8 0.048 0.752
11 0.8 0.048 0.752
16 0.8 0.048 0.752
10 0.8 0.048 0.752
3 0.8 0.048 0.752
3 0.752 0.048 0.704
3 0.704 0.16 0.544
3 0.544 0.016 0.528
11 0.8 0.048 0.752
2 0.8 0.048 0.752
5 0.8 0.048 0.752
17 0.752 0.048 0.704
3 0.528 0.048 0.48
5 0.8 0.048 0.752
2 0.8 0.048 0.752
11 0.752 0.048 0.704
17 0.782206 0.048 0.734206
2 0.752 0.048 0.704
5 0.752 0.048 0.704
11 0.774001 0.048 0.726001
17 0.734206 0.048 0.686206
1 0.8 0.048 0.752
12 0.8 0.048 0.752
15 0.8 0.048 0.752
9 0.8 0.048 0.752
10 0.8 0.048 0.752
19 0.8 0.048 0.752
7 0.8 0.048 0.752
6 0.8 0.048 0.752
18 0.8 0.048 0.752
4 0.8 0.048 0.752
7 0.8 0.048 0.752
19 0.8 0.048 0.752
2 0.8 0.048 0.752
17 0.8 0.048 0.752
20 0.8 0.048 0.752
13 0.8 0.048 0.752
8 0.8 0.048 0.752
17 0.8 0.048 0.752
2 0.752 0.048 0.704
5 0.8 0.048 0.752
11 0.8 0.048 0.752
17 0.752 0.048 0.704
17 0.704 0.16 0.544
17 0.544 0.016 0.528
16 0.8 0.048 0.752
10 0.8 0.048 0.752
11 0.8 0.048 0.752
2 0.77976 0.048 0.73176
5 0.8 0.048 0.752
17 0.528 0.048 0.48
11 0.752 0.048 0.704
11 0.704 0.16 0.544
11 0.544 0.016 0.528
2 0.73176 0.048 0.68376
5 0.752 0.048 0.704
11 0.528 0.048 0.48
17 0.48 0.048 0.432
5 0.77403 0.048 0.72603
2 0.758519 0.048 0.710519
11 0.48 0.048 0.432
17 0.504594 0.048 0.456594
5 0.72603 0.048 0.67803
5 0.67803 0.16 0.51803
5 0.51803 0.016 0.50203
2 0.710519 0.048 0.662519
5 0.50203 0.048 0.45403
11 0.50752 0.048 0.45952
17 0.456594 0.048 0.408594
2 0.662519 0.048 0.614519
5 0.45403 0.048 0.40603
11 0.45952 0.048 0.41152
17 0.408594 0.048 0.360594
1 0.8 0.048 0.752
12 0.8 0.048 0.752
15 0.8 0.048 0.752
9 0.8 0.048 0.752
10 0.8 0.048 0.752
5 0.484273 0.048 0.436273
11 0.483105 0.048 0.435105
19 0.8 0.048 0.752
6 0.8 0.048 0.752
18 0.8 0.048 0.752
4 0.8 0.048 0.752
18 0.752 0.048 0.704
6 0.752 0.048 0.704
16 0.8 0.048 0.752
7 0.8 0.048 0.752
19 0.8 0.048 0.752
10 0.8 0.048 0.752
16 0.8 0.048 0.752
20 0.8 0.048 0.752
13 0.8 0.048 0.752
8 0.8 0.048 0.752
12 0.8 0.048 0.752
16 0.8 0.048 0.752
10 0.752 0.048 0.704
16 0.752 0.048 0.704
16 0.704 0.16 0.544
16 0.544 0.016 0.528
9 0.8 0.048 0.752
10 0.780783 0.048 0.732783
16 0.528 0.048 0.48
9 0.8 0.048 0.752
10 0.8 0.048 0.752
18 0.8 0.048 0.752
2 0.8 0.048 0.752
5 0.749749 0.048 0.701749
11 0.737867 0.048 0.689867
17 0.73432 0.048 0.68632
1 0.8 0.048 0.752
12 0.8 0.048 0.752
15 0.8 0.048 0.752
9 0.752 0.048 0.704
18 0.752 0.048 0.704
9 0.704 0.048 0.656
9 0.656 0.16 0.496
9 0.496 0.016 0.48
6 0.8 0.048 0.752
9 0.554325 0.048 0.506325
18 0.780213 0.048 0.732213
19 0.8 0.048 0.752
7 0.8 0.048 0.752
6 0.8 0.048 0.752
18 0.8 0.048 0.752
6 0.752 0.048 0.704
6 0.704 0.16 0.544
6 0.544 0.016 0.528
4 0.8 0.048 0.752
18 0.752 0.048 0.704
6 0.528 0.048 0.48
18 0.704 0.048 0.656
18 0.656 0.16 0.496
18 0.496 0.016 0.48
6 0.48 0.048 0.432
18 0.48 0.048 0.432
7 0.8 0.048 0.752
19 0.8 0.048 0.752
6 0.506032 0.048 0.458032
20 0.8 0.048 0.752
13 0.8 0.048 0.752
8 0.8 0.048 0.752
12 0.8 0.048 0.752
15 0.8 0.048 0.752
19 0.8 0.048 0.752
2 0.8 0.048 0.752
5 0.8 0.048 0.752
11 0.8 0.048 0.752
17 0.8 0.048 0.752
1 0.8 0.048 0.752
12 0.8 0.048 0.752
15 0.8 0.048 0.752
7 0.8 0.048 0.752
19 0.8 0.048 0.752
19 0.752 0.048 0.704
7 0.752 0.048 0.704
19 0.704 0.048 0.656
19 0.656 0.16 0.496
19 0.496 0.016 0.48
4 0.8 0.048 0.752
7 0.777054 0.048 0.729054
19 0.559641 0.048 0.511641
7 0.729054 0.048 0.681054
19 0.511641 0.048 0.463641
7 0.681054 0.048 0.633054
7 0.633054 0.16 0.473054
7 0.473054 0.016 0.457054
7 0.529166 0.048 0.481166
20 0.8 0.048 0.752
13 0.8 0.048 0.752
8 0.8 0.048 0.752
12 0.8 0.048 0.752
2 0.8 0.048 0.752
5 0.8 0.048 0.752
11 0.8 0.048 0.752
17 0.8 0.048 0.752
1 0.8 0.048 0.752
12 0.8 0.048 0.752
15 0.8 0.048 0.752
4 0.8 0.048 0.752
4 0.752 0.048 0.704
4 0.704 0.16 0.544
4 0.544 0.016 0.528
4 0.601029 0.048 0.553029
4 0.630224 0.048 0.582224
20 0.8 0.048 0.752
13 0.8 0.048 0.752
8 0.8 0.048 0.752
12 0.8 0.048 0.752
15 0.8 0.048 0.752
4 0.659976 0.048 0.611976
2 0.8 0.048 0.752
5 0.8 0.048 0.752
11 0.8 0.048 0.752
17 0.8 0.048 0.752
1 0.8 0.048 0.752
12 0.8 0.048 0.752
15 0.8 0.048 0.752
8 0.8 0.048 0.752
1 0.8 0.048 0.752
8 0.8 0.048 0.752
12 0.8 0.048 0.752
15 0.8 0.048 0.752
20 0.8 0.048 0.752
13 0.8 0.048 0.752
8 0.752 0.048 0.704
1 0.8 0.048 0.752
12 0.752 0.048 0.704
15 0.752 0.048 0.704
8 0.704 0.048 0.656
8 0.656 0.16 0.496
8 0.496 0.016 0.48
1 0.752 0.048 0.704
8 0.557043 0.048 0.509043
12 0.778816 0.048 0.730816
15 0.776531 0.048 0.728531
1 0.778653 0.048 0.730653
12 0.8 0.048 0.752
15 0.798718 0.048 0.750718
2 0.8 0.048 0.752
5 0.8 0.048 0.752
11 0.8 0.048 0.752
17 0.8 0.048 0.752
1 0.8 0.048 0.752
12 0.752 0.048 0.704
15 0.750718 0.048 0.702718
20 0.8 0.048 0.752
20 0.752 0.048 0.704
20 0.704 0.048 0.656
20 0.656 0.16 0.496
20 0.496 0.016 0.48
13 0.8 0.048 0.752
20 0.553705 0.048 0.505705
20 0.576997 0.048 0.528997
2 0.8 0.048 0.752
5 0.8 0.048 0.752
11 0.8 0.048 0.752
17 0.8 0.048 0.752
1 0.8 0.048 0.752
8 0.8 0.048 0.752
8 0.752 0.048 0.704
12 0.8 0.048 0.752
15 0.8 0.048 0.752
1 0.752 0.048 0.704
1 0.704 0.16 0.544
8 0.704 0.16 0.544
8 0.544 0.016 0.528
1 0.544 0.016 0.528
8 0.528 0.048 0.48
1 0.528 0.048 0.48
12 0.752 0.048 0.704
15 0.752 0.048 0.704
12 0.704 0.16 0.544
15 0.704 0.16 0.544
13 0.8 0.048 0.752
13 0.752 0.048 0.704
13 0.704 0.048 0.656
13 0.656 0.16 0.496
13 0.496 0.016 0.48
13 0.553261 0.048 0.505261
13 0.584772 0.048 0.536772
2 0.8 0.048 0.752
5 0.8 0.048 0.752
11 0.8 0.048 0.752
17 0.8 0.048 0.752
8 0.8 0.048 0.752
1 0.8 0.048 0.752
12 0.8 0.048 0.752
15 0.8 0.048 0.752
14 0.8 0.048 0.752
14 0.8 0.048 0.752
14 0.8 0.048 0.752
2 0.8 0.048 0.752
5 0.8 0.048 0.752
11 0.8 0.048 0.752
17 0.8 0.048 0.752
8 0.8 0.048 0.752
1 0.8 0.048 0.752
12 0.8 0.048 0.752
15 0.8 0.048 0.752
3 0.8 0.048 0.752
2 0.8 0.048 0.752
5 0.8 0.048 0.752
11 0.8 0.048 0.752
17 0.8 0.048 0.752
8 0.8 0.048 0.752
1 0.8 0.048 0.752
12 0.8 0.048 0.752
15 0.8 0.048 0.752
3 0.8 0.048 0.752
3 0.8 0.048 0.752
2 0.8 0.048 0.752
5 0.8 0.048 0.752
11 0.8 0.048 0.752
17 0.8 0.048 0.752
8 0.8 0.048 0.752
1 0.8 0.048 0.752
12 0.8 0.048 0.752
15 0.8 0.048 0.752
2 0.8 0.048 0.752
11 0.8 0.048 0.752
17 0.8 0.048 0.752
2 0.8 0.048 0.752
5 0.8 0.048 0.752
11 0.8 0.048 0.752
17 0.8 0.048 0.752
5 0.8 0.048 0.752
11 0.8 0.048 0.752
17 0.8 0.048 0.752
16 0.8 0.048 0.752
2 0.8 0.048 0.752
5 0.8 0.048 0.752
11 0.8 0.048 0.752
17 0.8 0.048 0.752
8 0.8 0.048 0.752
1 0.8 0.048 0.752
12 0.8 0.048 0.752
15 0.8 0.048 0.752
10 0.8 0.048 0.752
16 0.8 0.048 0.752
9 0.8 0.048 0.752
10 0.8 0.048 0.752
9 0.8 0.048 0.752
10 0.8 0.048 0.752
18 0.8 0.048 0.752
