0 1403
0 1404
0 1405
0 1406
0 1407
0 1408
0 1409
0 1410
0 1411
0 1413
0 1414
0 1420
0 1421
23 1422
0 1423
0 1433
0 1434
0 1436
15 1437
0 1438
0 1441
25 1417
7 1442
0 1443
0 1444
0 1445
11 1446
17 1447
0 1449
0 1451
0 1452
3 1454
2 1455
0 1456
0 1458
0 1459
0 1463
0 1464
1 1415
0 1465
4 1450
0 1466
0 1467
22 1412
0 1469
10 1439
0 1470
19 1471
27 1471
0 1472
12 1418
0 1474
0 1477
0 1482
0 1483
0 1484
0 1485
0 1486
0 1488
5 1435
0 1489
0 1490
13 1422
0 1491
0 1492
26 1425
0 1493
0 1494
0 1497
0 1499
27 1476
0 1500
0 1506
0 1507
0 1508
25 1455
0 1513
0 1515
0 1516
0 1519
0 1521
20 1446
0 1522
19 1523
0 1524
0 1525
0 1527
29 1426
0 1531
0 1532
0 1533
0 1534
0 1535
0 1536
10 1476
0 1538
18 1468
14 1437
0 1539
0 1540
15 1487
0 1545
7 1415
0 1546
1 1498
8 1442
0 1547
0 1548
16 1429
0 1549
5 1514
0 1550
0 1551
0 1552
0 1553
23 1478
0 1554
21 1431
0 1555
0 1556
0 1558
9 1453
0 1559
30 1457
0 1560
0 1566
0 1567
6 1475
0 1568
0 1569
0 1571
0 1572
0 1573
2 1512
0 1574
0 1576
11 1509
0 1577
0 1578
3 1520
0 1579
0 1580
0 1581
29 1437
0 1584
0 1585
0 1586
0 1587
0 1588
