50 639 0 100 1.2 1.56055 2.06055
48 658 0 100 0.7 2.68914 2.68914
16 651 0 100 2.2 2.20096 3.70096
34 665 0 100 0.7 3.74889 3.74889
43 664 0 100 1.2 3.50782 4.00782
60 634 0 100 4.2 1.12685 4.62685
60 661 0 100 2.2 3.13002 4.63002
1 655 0 100 3.2 2.44641 4.94641
40 675 0 100 1.7 4.55884 5.55884
8 680 0 100 1.2 5.16819 5.66819
51 659 0 100 3.7 2.73116 5.73117
59 646 0 100 5.2 2.04161 6.54161
41 681 0 100 2.2 5.1775 6.6775
41 641 0 100 5.7 1.68471 6.68471
18 689 0 100 0.7 6.78902 6.78902
2 654 0 100 5.7 2.41153 7.41153
44 668 0 100 4.2 4.24879 7.74879
26 690 0 100 2.2 6.8383 8.3383
34 691 0 100 2.7 6.8699 8.8699
12 672 0 100 5.7 4.43962 9.43962
55 697 0 100 1.2 9.25327 9.75327
55 692 0 100 3.7 6.9793 9.9793
40 699 0 100 1.7 9.69092 10.6909
36 694 0 100 3.2 8.31837 10.8184
4 688 0 100 5.2 6.75374 11.2537
42 696 0 100 3.7 9.08347 12.0835
13 676 0 100 8.2 4.6937 12.1937
23 686 0 100 7.2 6.52851 13.0285
49 682 0 100 8.7 5.22014 13.2201
26 673 0 100 9.7 4.44298 13.443
56 670 0 100 10.2 4.37994 13.8799
47 693 0 100 7.2 7.92882 14.4288
16 684 0 100 9.2 5.97105 14.4711
22 678 0 100 10.7 4.78419 14.7842
