28 530 1.06321
34 531 1.07003
16 532 1.2474
35 533 1.44757
8 534 1.51094
36 535 1.69946
19 536 1.75344
18 537 1.86222
7 538 1.88876
37 539 1.96695
32 540 2.04396
12 541 2.19859
24 542 2.22071
17 543 2.68759
4 544 2.97322
39 545 3.12503
38 546 3.21696
25 547 3.2303
28 548 3.79708
20 549 3.80549
23 550 3.82269
13 551 3.85779
1 552 3.87497
11 553 3.99345
22 554 4.16893
2 555 4.18215
5 556 4.18786
6 557 4.29185
10 558 4.37998
31 559 4.48867
16 560 4.59529
32 561 5.31978
36 562 5.73961
1 563 6.06994
22 564 6.91788
6 565 6.93519
2 566 7.01505
24 567 7.08494
20 568 7.16339
31 569 7.30358
4 570 7.32288
25 571 7.32922
16 572 7.84639
1 573 9.75353
32 574 9.98281
