1 300
6 300
10 300
56 300
73 300
37 300
60 300
59 300
84 300
32 300
25 300
70 300
8 300
85 300
86 300
7 300
4 300
43 300
21 301
19 301
12 301
41 301
81 301
15 301
26 301
13 301
50 301
53 301
72 303
45 304
18 304
35 304
29 304
61 304
47 305
27 305
16 307
39 307
48 307
62 300
38 301
42 301
11 301
20 301
31 301
3 301
37 309
70 302
46 314
2 314
71 314
3 315
59 316
78 317
40 318
23 318
9 318
14 318
63 318
85 306
86 306
60 319
34 301
49 301
24 310
77 310
69 321
51 321
61 312
52 313
22 304
64 305
21 305
19 305
12 305
81 305
26 305
13 305
17 305
53 322
84 319
82 323
76 323
30 323
55 308
40 308
68 308
49 320
89 321
71 327
22 328
90 328
74 328
35 329
36 332
64 334
79 335
1 335
38 323
81 324
75 336
43 337
30 338
34 330
88 335
21 340
46 327
76 341
69 337
7 337
85 337
82 338
9 331
57 333
19 340
66 342
7 344
43 344
11 345
73 335
90 347
26 325
10 326
66 326
46 349
25 337
42 345
31 346
85 348
80 324
81 325
28 339
40 351
21 352
78 343
24 354
1 354
10 354
83 328
30 357
1 355
50 322
11 357
49 350
79 355
44 320
65 320
36 328
5 332
53 361
90 358
7 362
45 329
55 351
16 308
79 360
35 353
23 331
40 331
67 318
22 347
9 359
71 349
33 300
11 366
40 367
55 367
32 311
46 363
24 355
1 360
83 368
36 368
73 354
25 348
85 362
47 334
64 352
21 364
26 324
80 369
30 366
78 365
47 365
64 365
60 356
5 368
35 347
45 353
