25 0.8 0.048 0.752
8 0.8 0.048 0.752
10 0.8 0.048 0.752
30 0.8 0.048 0.752
8 0.752 0.096 0.656
8 0.656 0.16 0.496
10 0.752 0.16 0.592
10 0.592 0.016 0.576
8 0.496 0.016 0.48
10 0.576 0.048 0.528
8 0.48 0.048 0.432
30 0.752 0.048 0.704
10 0.528 0.048 0.48
10 0.48 0.16 0.32
30 0.704 0.16 0.544
30 0.544 0.016 0.528
8 0.432 0.016 0.416
30 0.528 0.048 0.48
8 0.416 0.048 0.368
10 0.32 0.048 0.272
8 0.368 0.16 0.208
30 0.48 0.16 0.32
26 0.8 0.048 0.752
4 0.8 0.048 0.752
16 0.8 0.048 0.752
26 0.752 0.096 0.656
26 0.656 0.16 0.496
4 0.752 0.16 0.592
4 0.592 0.016 0.576
26 0.496 0.016 0.48
4 0.576 0.048 0.528
16 0.752 0.048 0.704
26 0.48 0.048 0.432
4 0.528 0.048 0.48
4 0.48 0.16 0.32
16 0.704 0.16 0.544
16 0.544 0.016 0.528
26 0.432 0.016 0.416
16 0.528 0.048 0.48
4 0.32 0.048 0.272
26 0.416 0.048 0.368
16 0.48 0.16 0.32
26 0.368 0.16 0.208
15 0.8 0.048 0.752
21 0.8 0.048 0.752
15 0.752 0.048 0.704
15 0.704 0.16 0.544
21 0.752 0.16 0.592
21 0.592 0.016 0.576
15 0.544 0.016 0.528
21 0.576 0.048 0.528
15 0.528 0.048 0.48
27 0.8 0.048 0.752
9 0.8 0.048 0.752
27 0.752 0.048 0.704
27 0.704 0.16 0.544
9 0.752 0.16 0.592
9 0.592 0.016 0.576
27 0.544 0.016 0.528
9 0.576 0.048 0.528
27 0.528 0.048 0.48
25 0.8 0.048 0.752
30 0.695557 0.048 0.647557
8 0.578411 0.048 0.530411
10 0.646959 0.048 0.598959
20 0.8 0.048 0.752
6 0.8 0.048 0.752
23 0.8 0.048 0.752
20 0.752 0.096 0.656
20 0.656 0.16 0.496
6 0.752 0.16 0.592
6 0.592 0.016 0.576
20 0.496 0.016 0.48
6 0.576 0.048 0.528
20 0.48 0.048 0.432
23 0.752 0.048 0.704
6 0.528 0.048 0.48
6 0.48 0.16 0.32
23 0.704 0.16 0.544
23 0.544 0.016 0.528
20 0.432 0.016 0.416
23 0.528 0.048 0.48
6 0.32 0.048 0.272
20 0.416 0.048 0.368
20 0.368 0.16 0.208
23 0.48 0.16 0.32
7 0.8 0.048 0.752
28 0.8 0.048 0.752
24 0.8 0.048 0.752
29 0.8 0.048 0.752
24 0.752 0.048 0.704
24 0.704 0.16 0.544
29 0.752 0.16 0.592
29 0.592 0.016 0.576
24 0.544 0.016 0.528
29 0.576 0.048 0.528
24 0.528 0.048 0.48
16 0.70112 0.048 0.65312
4 0.647587 0.048 0.599587
26 0.591212 0.048 0.543212
2 0.8 0.048 0.752
12 0.8 0.048 0.752
18 0.8 0.048 0.752
2 0.752 0.096 0.656
2 0.656 0.16 0.496
12 0.752 0.16 0.592
12 0.592 0.016 0.576
2 0.496 0.016 0.48
12 0.576 0.048 0.528
2 0.48 0.048 0.432
18 0.752 0.048 0.704
12 0.528 0.048 0.48
12 0.48 0.16 0.32
18 0.704 0.16 0.544
18 0.544 0.016 0.528
2 0.432 0.016 0.416
18 0.528 0.048 0.48
2 0.416 0.048 0.368
12 0.32 0.048 0.272
2 0.368 0.16 0.208
18 0.48 0.16 0.32
21 0.8 0.048 0.752
15 0.8 0.048 0.752
9 0.8 0.048 0.752
27 0.8 0.048 0.752
25 0.8 0.048 0.752
30 0.8 0.048 0.752
8 0.8 0.048 0.752
10 0.8 0.048 0.752
14 0.8 0.048 0.752
23 0.704632 0.048 0.656632
6 0.646055 0.048 0.598055
20 0.591673 0.048 0.543673
7 0.8 0.048 0.752
1 0.8 0.048 0.752
28 0.8 0.048 0.752
29 0.8 0.048 0.752
24 0.8 0.048 0.752
16 0.8 0.048 0.752
4 0.8 0.048 0.752
26 0.8 0.048 0.752
18 0.697267 0.048 0.649267
2 0.586356 0.048 0.538356
12 0.639859 0.048 0.591859
21 0.8 0.048 0.752
15 0.8 0.048 0.752
9 0.8 0.048 0.752
27 0.8 0.048 0.752
25 0.8 0.048 0.752
30 0.8 0.048 0.752
8 0.8 0.048 0.752
10 0.8 0.048 0.752
14 0.8 0.048 0.752
23 0.8 0.048 0.752
6 0.8 0.048 0.752
20 0.8 0.048 0.752
7 0.8 0.048 0.752
1 0.8 0.048 0.752
28 0.8 0.048 0.752
29 0.8 0.048 0.752
24 0.8 0.048 0.752
16 0.8 0.048 0.752
4 0.8 0.048 0.752
26 0.8 0.048 0.752
18 0.8 0.048 0.752
2 0.8 0.048 0.752
12 0.8 0.048 0.752
21 0.8 0.048 0.752
15 0.8 0.048 0.752
9 0.8 0.048 0.752
27 0.8 0.048 0.752
11 0.8 0.048 0.752
19 0.8 0.048 0.752
11 0.752 0.048 0.704
11 0.704 0.16 0.544
19 0.752 0.16 0.592
19 0.592 0.016 0.576
11 0.544 0.016 0.528
19 0.576 0.048 0.528
11 0.528 0.048 0.48
17 0.8 0.048 0.752
19 0.528 0.048 0.48
19 0.48 0.16 0.32
11 0.48 0.16 0.32
17 0.752 0.16 0.592
17 0.592 0.016 0.576
19 0.32 0.016 0.304
17 0.576 0.048 0.528
19 0.304 0.048 0.256
25 0.8 0.048 0.752
30 0.8 0.048 0.752
8 0.8 0.048 0.752
10 0.8 0.048 0.752
14 0.8 0.048 0.752
23 0.8 0.048 0.752
6 0.8 0.048 0.752
20 0.8 0.048 0.752
7 0.8 0.048 0.752
1 0.8 0.048 0.752
19 0.480028 0.048 0.432028
11 0.547555 0.048 0.499555
17 0.743741 0.048 0.695741
19 0.432028 0.048 0.384028
19 0.384028 0.16 0.224028
11 0.499555 0.16 0.339555
17 0.695741 0.16 0.535741
28 0.8 0.048 0.752
29 0.8 0.048 0.752
24 0.8 0.048 0.752
16 0.8 0.048 0.752
4 0.8 0.048 0.752
26 0.8 0.048 0.752
16 0.752 0.048 0.704
16 0.704 0.16 0.544
16 0.544 0.016 0.528
4 0.752 0.16 0.592
26 0.752 0.16 0.592
18 0.8 0.048 0.752
2 0.8 0.048 0.752
12 0.8 0.048 0.752
21 0.8 0.048 0.752
15 0.8 0.048 0.752
9 0.8 0.048 0.752
27 0.8 0.048 0.752
17 0.678818 0.048 0.630818
19 0.374142 0.048 0.326142
25 0.8 0.048 0.752
30 0.8 0.048 0.752
8 0.8 0.048 0.752
10 0.8 0.048 0.752
13 0.8 0.048 0.752
14 0.8 0.048 0.752
23 0.8 0.048 0.752
6 0.8 0.048 0.752
20 0.8 0.048 0.752
7 0.8 0.048 0.752
1 0.8 0.048 0.752
28 0.8 0.048 0.752
29 0.8 0.048 0.752
24 0.8 0.048 0.752
18 0.8 0.048 0.752
2 0.8 0.048 0.752
12 0.8 0.048 0.752
21 0.8 0.048 0.752
15 0.8 0.048 0.752
9 0.8 0.048 0.752
27 0.8 0.048 0.752
17 0.8 0.048 0.752
19 0.691739 0.048 0.643739
5 0.8 0.048 0.752
25 0.8 0.048 0.752
30 0.8 0.048 0.752
8 0.8 0.048 0.752
10 0.8 0.048 0.752
13 0.8 0.048 0.752
14 0.8 0.048 0.752
26 0.8 0.048 0.752
4 0.8 0.048 0.752
16 0.8 0.048 0.752
26 0.752 0.048 0.704
26 0.704 0.16 0.544
4 0.752 0.16 0.592
16 0.752 0.16 0.592
16 0.592 0.016 0.576
26 0.544 0.016 0.528
16 0.576 0.048 0.528
4 0.592 0.048 0.544
26 0.528 0.048 0.48
23 0.8 0.048 0.752
6 0.8 0.048 0.752
20 0.8 0.048 0.752
7 0.8 0.048 0.752
1 0.8 0.048 0.752
28 0.8 0.048 0.752
29 0.8 0.048 0.752
24 0.8 0.048 0.752
18 0.8 0.048 0.752
2 0.8 0.048 0.752
12 0.8 0.048 0.752
21 0.8 0.048 0.752
15 0.8 0.048 0.752
9 0.8 0.048 0.752
27 0.8 0.048 0.752
17 0.8 0.048 0.752
5 0.8 0.048 0.752
25 0.8 0.048 0.752
30 0.8 0.048 0.752
8 0.8 0.048 0.752
10 0.8 0.048 0.752
13 0.8 0.048 0.752
22 0.8 0.048 0.752
14 0.8 0.048 0.752
1 0.8 0.048 0.752
16 0.8 0.048 0.752
4 0.8 0.048 0.752
26 0.8 0.048 0.752
15 0.8 0.048 0.752
21 0.8 0.048 0.752
23 0.8 0.048 0.752
6 0.8 0.048 0.752
20 0.8 0.048 0.752
3 0.8 0.048 0.752
7 0.8 0.048 0.752
1 0.8 0.048 0.752
28 0.8 0.048 0.752
29 0.8 0.048 0.752
24 0.8 0.048 0.752
18 0.8 0.048 0.752
2 0.8 0.048 0.752
12 0.8 0.048 0.752
21 0.8 0.048 0.752
15 0.8 0.048 0.752
21 0.752 0.048 0.704
21 0.704 0.16 0.544
21 0.544 0.016 0.528
15 0.752 0.16 0.592
9 0.8 0.048 0.752
27 0.8 0.048 0.752
17 0.8 0.048 0.752
19 0.8 0.048 0.752
5 0.8 0.048 0.752
25 0.8 0.048 0.752
30 0.8 0.048 0.752
8 0.8 0.048 0.752
10 0.8 0.048 0.752
13 0.8 0.048 0.752
22 0.8 0.048 0.752
14 0.8 0.048 0.752
1 0.8 0.048 0.752
16 0.8 0.048 0.752
4 0.8 0.048 0.752
26 0.8 0.048 0.752
15 0.8 0.048 0.752
21 0.752011 0.048 0.704011
15 0.752 0.048 0.704
15 0.704 0.16 0.544
21 0.704011 0.16 0.544011
21 0.544011 0.016 0.528011
15 0.544 0.016 0.528
21 0.528011 0.048 0.480011
15 0.528 0.048 0.48
23 0.8 0.048 0.752
6 0.8 0.048 0.752
20 0.8 0.048 0.752
3 0.8 0.048 0.752
7 0.8 0.048 0.752
1 0.8 0.048 0.752
14 0.8 0.048 0.752
28 0.8 0.048 0.752
29 0.8 0.048 0.752
24 0.8 0.048 0.752
18 0.8 0.048 0.752
2 0.8 0.048 0.752
12 0.8 0.048 0.752
9 0.8 0.048 0.752
27 0.8 0.048 0.752
8 0.8 0.048 0.752
10 0.8 0.048 0.752
30 0.8 0.048 0.752
17 0.8 0.048 0.752
19 0.8 0.048 0.752
5 0.8 0.048 0.752
25 0.8 0.048 0.752
30 0.8 0.048 0.752
8 0.8 0.048 0.752
10 0.8 0.048 0.752
13 0.8 0.048 0.752
13 0.752 0.048 0.704
13 0.704 0.16 0.544
13 0.544 0.016 0.528
22 0.8 0.048 0.752
14 0.8 0.048 0.752
16 0.8 0.048 0.752
4 0.8 0.048 0.752
26 0.8 0.048 0.752
21 0.8 0.048 0.752
15 0.8 0.048 0.752
23 0.8 0.048 0.752
6 0.8 0.048 0.752
20 0.8 0.048 0.752
3 0.8 0.048 0.752
7 0.8 0.048 0.752
1 0.8 0.048 0.752
14 0.8 0.048 0.752
28 0.8 0.048 0.752
29 0.8 0.048 0.752
24 0.8 0.048 0.752
18 0.8 0.048 0.752
2 0.8 0.048 0.752
12 0.8 0.048 0.752
9 0.8 0.048 0.752
27 0.8 0.048 0.752
8 0.8 0.048 0.752
10 0.8 0.048 0.752
30 0.8 0.048 0.752
17 0.8 0.048 0.752
19 0.8 0.048 0.752
5 0.8 0.048 0.752
25 0.8 0.048 0.752
30 0.8 0.048 0.752
8 0.8 0.048 0.752
10 0.8 0.048 0.752
22 0.8 0.048 0.752
14 0.8 0.048 0.752
16 0.8 0.048 0.752
4 0.8 0.048 0.752
26 0.8 0.048 0.752
21 0.8 0.048 0.752
15 0.8 0.048 0.752
27 0.8 0.048 0.752
9 0.8 0.048 0.752
23 0.8 0.048 0.752
6 0.8 0.048 0.752
20 0.8 0.048 0.752
3 0.8 0.048 0.752
7 0.8 0.048 0.752
1 0.8 0.048 0.752
28 0.8 0.048 0.752
29 0.8 0.048 0.752
24 0.8 0.048 0.752
18 0.8 0.048 0.752
2 0.8 0.048 0.752
12 0.8 0.048 0.752
9 0.8 0.048 0.752
27 0.8 0.048 0.752
8 0.8 0.048 0.752
10 0.8 0.048 0.752
30 0.8 0.048 0.752
17 0.8 0.048 0.752
11 0.8 0.048 0.752
19 0.8 0.048 0.752
5 0.8 0.048 0.752
20 0.8 0.048 0.752
23 0.8 0.048 0.752
25 0.8 0.048 0.752
24 0.8 0.048 0.752
29 0.8 0.048 0.752
30 0.8 0.048 0.752
8 0.8 0.048 0.752
10 0.8 0.048 0.752
22 0.8 0.048 0.752
14 0.8 0.048 0.752
1 0.8 0.048 0.752
16 0.8 0.048 0.752
4 0.8 0.048 0.752
26 0.8 0.048 0.752
21 0.8 0.048 0.752
15 0.8 0.048 0.752
27 0.8 0.048 0.752
9 0.8 0.048 0.752
23 0.8 0.048 0.752
6 0.8 0.048 0.752
20 0.8 0.048 0.752
3 0.8 0.048 0.752
7 0.8 0.048 0.752
1 0.8 0.048 0.752
14 0.8 0.048 0.752
1 0.752 0.048 0.704
1 0.704 0.16 0.544
1 0.544 0.016 0.528
14 0.752 0.16 0.592
28 0.8 0.048 0.752
2 0.8 0.048 0.752
12 0.8 0.048 0.752
18 0.8 0.048 0.752
29 0.8 0.048 0.752
24 0.8 0.048 0.752
18 0.752 0.048 0.704
2 0.752 0.048 0.704
12 0.752 0.048 0.704
9 0.8 0.048 0.752
27 0.8 0.048 0.752
8 0.8 0.048 0.752
10 0.8 0.048 0.752
30 0.8 0.048 0.752
17 0.8 0.048 0.752
11 0.8 0.048 0.752
19 0.8 0.048 0.752
5 0.8 0.048 0.752
20 0.8 0.048 0.752
23 0.8 0.048 0.752
25 0.8 0.048 0.752
24 0.8 0.048 0.752
29 0.8 0.048 0.752
30 0.8 0.048 0.752
8 0.8 0.048 0.752
10 0.8 0.048 0.752
22 0.8 0.048 0.752
14 0.8 0.048 0.752
16 0.8 0.048 0.752
4 0.8 0.048 0.752
26 0.8 0.048 0.752
21 0.8 0.048 0.752
15 0.8 0.048 0.752
27 0.8 0.048 0.752
9 0.8 0.048 0.752
23 0.8 0.048 0.752
6 0.8 0.048 0.752
20 0.8 0.048 0.752
3 0.8 0.048 0.752
7 0.8 0.048 0.752
28 0.8 0.048 0.752
2 0.8 0.048 0.752
12 0.8 0.048 0.752
18 0.8 0.048 0.752
29 0.8 0.048 0.752
24 0.8 0.048 0.752
18 0.752 0.048 0.704
2 0.752 0.048 0.704
12 0.752 0.048 0.704
9 0.8 0.048 0.752
27 0.8 0.048 0.752
8 0.8 0.048 0.752
10 0.8 0.048 0.752
30 0.8 0.048 0.752
8 0.752 0.048 0.704
8 0.704 0.16 0.544
8 0.544 0.016 0.528
10 0.752 0.16 0.592
30 0.752 0.16 0.592
17 0.8 0.048 0.752
11 0.8 0.048 0.752
19 0.8 0.048 0.752
5 0.8 0.048 0.752
20 0.8 0.048 0.752
6 0.8 0.048 0.752
23 0.8 0.048 0.752
25 0.8 0.048 0.752
24 0.8 0.048 0.752
29 0.8 0.048 0.752
30 0.666233 0.048 0.618233
8 0.604286 0.048 0.556286
10 0.663315 0.048 0.615315
30 0.618233 0.048 0.570233
30 0.570233 0.16 0.410233
30 0.410233 0.016 0.394233
8 0.556286 0.16 0.396286
10 0.615315 0.16 0.455315
22 0.8 0.048 0.752
14 0.8 0.048 0.752
16 0.8 0.048 0.752
4 0.8 0.048 0.752
26 0.8 0.048 0.752
21 0.8 0.048 0.752
15 0.8 0.048 0.752
27 0.8 0.048 0.752
9 0.8 0.048 0.752
23 0.8 0.048 0.752
6 0.8 0.048 0.752
20 0.8 0.048 0.752
3 0.8 0.048 0.752
3 0.752 0.048 0.704
3 0.704 0.16 0.544
3 0.544 0.016 0.528
11 0.8 0.048 0.752
17 0.8 0.048 0.752
19 0.8 0.048 0.752
7 0.8 0.048 0.752
28 0.8 0.048 0.752
2 0.8 0.048 0.752
12 0.8 0.048 0.752
18 0.8 0.048 0.752
29 0.8 0.048 0.752
24 0.8 0.048 0.752
18 0.752 0.048 0.704
2 0.752 0.048 0.704
12 0.752 0.048 0.704
9 0.8 0.048 0.752
27 0.8 0.048 0.752
17 0.8 0.048 0.752
11 0.8 0.048 0.752
19 0.8 0.048 0.752
5 0.8 0.048 0.752
5 0.752 0.048 0.704
5 0.704 0.16 0.544
5 0.544 0.016 0.528
20 0.8 0.048 0.752
6 0.8 0.048 0.752
23 0.8 0.048 0.752
25 0.8 0.048 0.752
24 0.8 0.048 0.752
29 0.8 0.048 0.752
22 0.8 0.048 0.752
14 0.8 0.048 0.752
16 0.8 0.048 0.752
4 0.8 0.048 0.752
26 0.8 0.048 0.752
21 0.8 0.048 0.752
15 0.8 0.048 0.752
27 0.8 0.048 0.752
9 0.8 0.048 0.752
23 0.8 0.048 0.752
6 0.8 0.048 0.752
20 0.8 0.048 0.752
11 0.8 0.048 0.752
17 0.8 0.048 0.752
19 0.8 0.048 0.752
7 0.8 0.048 0.752
28 0.8 0.048 0.752
2 0.8 0.048 0.752
12 0.8 0.048 0.752
18 0.8 0.048 0.752
29 0.8 0.048 0.752
24 0.8 0.048 0.752
18 0.752 0.048 0.704
2 0.752 0.048 0.704
12 0.752 0.048 0.704
9 0.8 0.048 0.752
27 0.8 0.048 0.752
17 0.8 0.048 0.752
11 0.8 0.048 0.752
19 0.8 0.048 0.752
20 0.8 0.048 0.752
6 0.8 0.048 0.752
23 0.8 0.048 0.752
25 0.8 0.048 0.752
24 0.8 0.048 0.752
29 0.8 0.048 0.752
22 0.8 0.048 0.752
14 0.8 0.048 0.752
16 0.8 0.048 0.752
4 0.8 0.048 0.752
26 0.8 0.048 0.752
16 0.752 0.048 0.704
16 0.704 0.16 0.544
16 0.544 0.016 0.528
4 0.752 0.16 0.592
26 0.752 0.16 0.592
21 0.8 0.048 0.752
15 0.8 0.048 0.752
27 0.8 0.048 0.752
9 0.8 0.048 0.752
23 0.8 0.048 0.752
6 0.8 0.048 0.752
20 0.8 0.048 0.752
11 0.8 0.048 0.752
17 0.8 0.048 0.752
19 0.8 0.048 0.752
13 0.8 0.048 0.752
7 0.8 0.048 0.752
28 0.8 0.048 0.752
2 0.8 0.048 0.752
12 0.8 0.048 0.752
18 0.8 0.048 0.752
29 0.8 0.048 0.752
24 0.8 0.048 0.752
18 0.752 0.048 0.704
2 0.752 0.048 0.704
12 0.752 0.048 0.704
9 0.8 0.048 0.752
27 0.8 0.048 0.752
17 0.8 0.048 0.752
11 0.8 0.048 0.752
19 0.8 0.048 0.752
20 0.8 0.048 0.752
6 0.8 0.048 0.752
23 0.8 0.048 0.752
25 0.8 0.048 0.752
25 0.752 0.048 0.704
25 0.704 0.16 0.544
25 0.544 0.016 0.528
24 0.8 0.048 0.752
29 0.8 0.048 0.752
22 0.8 0.048 0.752
26 0.8 0.048 0.752
4 0.8 0.048 0.752
16 0.8 0.048 0.752
26 0.752 0.048 0.704
26 0.704 0.16 0.544
4 0.752 0.16 0.592
16 0.752 0.16 0.592
16 0.592 0.016 0.576
26 0.544 0.016 0.528
16 0.576 0.048 0.528
4 0.592 0.048 0.544
26 0.528 0.048 0.48
14 0.8 0.048 0.752
21 0.8 0.048 0.752
15 0.8 0.048 0.752
27 0.8 0.048 0.752
9 0.8 0.048 0.752
23 0.8 0.048 0.752
6 0.8 0.048 0.752
20 0.8 0.048 0.752
11 0.8 0.048 0.752
17 0.8 0.048 0.752
19 0.8 0.048 0.752
13 0.8 0.048 0.752
7 0.8 0.048 0.752
28 0.8 0.048 0.752
2 0.8 0.048 0.752
12 0.8 0.048 0.752
18 0.8 0.048 0.752
29 0.8 0.048 0.752
24 0.8 0.048 0.752
18 0.752 0.048 0.704
2 0.752 0.048 0.704
12 0.752 0.048 0.704
9 0.8 0.048 0.752
27 0.8 0.048 0.752
15 0.8 0.048 0.752
21 0.8 0.048 0.752
17 0.8 0.048 0.752
11 0.8 0.048 0.752
19 0.8 0.048 0.752
20 0.8 0.048 0.752
6 0.8 0.048 0.752
23 0.8 0.048 0.752
24 0.8 0.048 0.752
29 0.8 0.048 0.752
22 0.8 0.048 0.752
16 0.8 0.048 0.752
4 0.8 0.048 0.752
26 0.8 0.048 0.752
14 0.8 0.048 0.752
21 0.8 0.048 0.752
15 0.8 0.048 0.752
27 0.8 0.048 0.752
9 0.8 0.048 0.752
23 0.8 0.048 0.752
6 0.8 0.048 0.752
20 0.8 0.048 0.752
11 0.8 0.048 0.752
17 0.8 0.048 0.752
19 0.8 0.048 0.752
13 0.8 0.048 0.752
7 0.8 0.048 0.752
28 0.8 0.048 0.752
28 0.752 0.048 0.704
28 0.704 0.16 0.544
28 0.544 0.016 0.528
2 0.8 0.048 0.752
12 0.8 0.048 0.752
18 0.8 0.048 0.752
29 0.8 0.048 0.752
24 0.8 0.048 0.752
18 0.752 0.048 0.704
2 0.752 0.048 0.704
12 0.752 0.048 0.704
9 0.8 0.048 0.752
27 0.8 0.048 0.752
9 0.752 0.048 0.704
9 0.704 0.16 0.544
9 0.544 0.016 0.528
27 0.752 0.16 0.592
30 0.8 0.048 0.752
8 0.8 0.048 0.752
10 0.8 0.048 0.752
30 0.752 0.048 0.704
30 0.704 0.16 0.544
8 0.752 0.16 0.592
8 0.592 0.016 0.576
30 0.544 0.016 0.528
8 0.576 0.048 0.528
10 0.752 0.048 0.704
30 0.528 0.048 0.48
10 0.704 0.16 0.544
15 0.8 0.048 0.752
21 0.8 0.048 0.752
17 0.8 0.048 0.752
11 0.8 0.048 0.752
19 0.8 0.048 0.752
20 0.8 0.048 0.752
6 0.8 0.048 0.752
23 0.8 0.048 0.752
24 0.8 0.048 0.752
29 0.8 0.048 0.752
22 0.8 0.048 0.752
16 0.8 0.048 0.752
4 0.8 0.048 0.752
26 0.8 0.048 0.752
14 0.8 0.048 0.752
21 0.8 0.048 0.752
15 0.8 0.048 0.752
21 0.752 0.048 0.704
21 0.704 0.16 0.544
21 0.544 0.016 0.528
15 0.752 0.16 0.592
27 0.8 0.048 0.752
9 0.749082 0.048 0.701082
27 0.752 0.048 0.704
27 0.704 0.16 0.544
9 0.701082 0.16 0.541082
9 0.541082 0.016 0.525082
27 0.544 0.016 0.528
9 0.525082 0.048 0.477082
27 0.528 0.048 0.48
23 0.8 0.048 0.752
6 0.8 0.048 0.752
20 0.8 0.048 0.752
11 0.8 0.048 0.752
17 0.8 0.048 0.752
19 0.8 0.048 0.752
13 0.8 0.048 0.752
7 0.8 0.048 0.752
2 0.8 0.048 0.752
12 0.8 0.048 0.752
18 0.8 0.048 0.752
29 0.8 0.048 0.752
24 0.8 0.048 0.752
18 0.752 0.048 0.704
2 0.752 0.048 0.704
12 0.752 0.048 0.704
8 0.8 0.048 0.752
10 0.8 0.048 0.752
30 0.8 0.048 0.752
15 0.743003 0.048 0.695003
21 0.755419 0.048 0.707419
15 0.695003 0.048 0.647003
15 0.647003 0.16 0.487003
21 0.707419 0.16 0.547419
21 0.547419 0.016 0.531419
15 0.487003 0.016 0.471003
21 0.531419 0.048 0.483419
15 0.471003 0.048 0.423003
17 0.8 0.048 0.752
11 0.8 0.048 0.752
19 0.8 0.048 0.752
20 0.8 0.048 0.752
6 0.8 0.048 0.752
23 0.8 0.048 0.752
20 0.752 0.048 0.704
20 0.704 0.16 0.544
20 0.544 0.016 0.528
6 0.752 0.16 0.592
23 0.752 0.16 0.592
24 0.8 0.048 0.752
29 0.8 0.048 0.752
22 0.8 0.048 0.752
16 0.8 0.048 0.752
4 0.8 0.048 0.752
26 0.8 0.048 0.752
14 0.8 0.048 0.752
9 0.8 0.048 0.752
27 0.8 0.048 0.752
23 0.745664 0.048 0.697664
6 0.8 0.048 0.752
20 0.679362 0.048 0.631362
23 0.697664 0.048 0.649664
23 0.649664 0.16 0.489664
23 0.489664 0.016 0.473664
6 0.752 0.16 0.592
20 0.631362 0.16 0.471362
11 0.8 0.048 0.752
17 0.8 0.048 0.752
19 0.8 0.048 0.752
13 0.8 0.048 0.752
7 0.8 0.048 0.752
2 0.8 0.048 0.752
12 0.8 0.048 0.752
18 0.8 0.048 0.752
29 0.8 0.048 0.752
24 0.8 0.048 0.752
18 0.752 0.048 0.704
2 0.752 0.048 0.704
12 0.752 0.048 0.704
8 0.8 0.048 0.752
10 0.8 0.048 0.752
30 0.8 0.048 0.752
21 0.8 0.048 0.752
17 0.8 0.048 0.752
11 0.8 0.048 0.752
19 0.8 0.048 0.752
24 0.8 0.048 0.752
29 0.8 0.048 0.752
22 0.8 0.048 0.752
16 0.8 0.048 0.752
4 0.8 0.048 0.752
26 0.8 0.048 0.752
14 0.8 0.048 0.752
9 0.8 0.048 0.752
27 0.8 0.048 0.752
11 0.8 0.048 0.752
17 0.8 0.048 0.752
19 0.8 0.048 0.752
13 0.8 0.048 0.752
7 0.8 0.048 0.752
7 0.752 0.048 0.704
7 0.704 0.16 0.544
7 0.544 0.016 0.528
2 0.8 0.048 0.752
12 0.8 0.048 0.752
18 0.8 0.048 0.752
29 0.8 0.048 0.752
24 0.8 0.048 0.752
18 0.752 0.048 0.704
2 0.752 0.048 0.704
12 0.752 0.048 0.704
8 0.8 0.048 0.752
10 0.8 0.048 0.752
30 0.8 0.048 0.752
21 0.8 0.048 0.752
17 0.8 0.048 0.752
11 0.8 0.048 0.752
19 0.8 0.048 0.752
24 0.8 0.048 0.752
29 0.8 0.048 0.752
22 0.8 0.048 0.752
16 0.8 0.048 0.752
4 0.8 0.048 0.752
26 0.8 0.048 0.752
14 0.8 0.048 0.752
9 0.8 0.048 0.752
27 0.8 0.048 0.752
11 0.8 0.048 0.752
17 0.8 0.048 0.752
19 0.8 0.048 0.752
13 0.8 0.048 0.752
2 0.8 0.048 0.752
12 0.8 0.048 0.752
18 0.8 0.048 0.752
2 0.752 0.048 0.704
2 0.704 0.16 0.544
2 0.544 0.016 0.528
12 0.752 0.16 0.592
18 0.752 0.16 0.592
29 0.8 0.048 0.752
24 0.8 0.048 0.752
18 0.592 0.048 0.544
2 0.528 0.048 0.48
12 0.592 0.048 0.544
18 0.544 0.048 0.496
18 0.496 0.16 0.336
18 0.336 0.016 0.32
2 0.48 0.16 0.32
12 0.544 0.16 0.384
8 0.8 0.048 0.752
10 0.8 0.048 0.752
30 0.8 0.048 0.752
21 0.8 0.048 0.752
15 0.8 0.048 0.752
17 0.8 0.048 0.752
11 0.8 0.048 0.752
19 0.8 0.048 0.752
24 0.8 0.048 0.752
29 0.8 0.048 0.752
22 0.8 0.048 0.752
16 0.8 0.048 0.752
4 0.8 0.048 0.752
26 0.8 0.048 0.752
14 0.8 0.048 0.752
14 0.752 0.048 0.704
14 0.704 0.16 0.544
14 0.544 0.016 0.528
9 0.8 0.048 0.752
27 0.8 0.048 0.752
11 0.8 0.048 0.752
17 0.8 0.048 0.752
19 0.8 0.048 0.752
13 0.8 0.048 0.752
29 0.8 0.048 0.752
24 0.8 0.048 0.752
8 0.8 0.048 0.752
3 0.8 0.048 0.752
10 0.8 0.048 0.752
30 0.8 0.048 0.752
8 0.752 0.048 0.704
8 0.704 0.16 0.544
3 0.752 0.16 0.592
3 0.592 0.016 0.576
8 0.544 0.016 0.528
3 0.576 0.048 0.528
8 0.528 0.048 0.48
10 0.752 0.16 0.592
30 0.752 0.16 0.592
21 0.8 0.048 0.752
17 0.8 0.048 0.752
11 0.8 0.048 0.752
19 0.8 0.048 0.752
17 0.752 0.048 0.704
17 0.704 0.16 0.544
17 0.544 0.016 0.528
11 0.752 0.16 0.592
19 0.752 0.16 0.592
24 0.8 0.048 0.752
29 0.8 0.048 0.752
22 0.8 0.048 0.752
16 0.8 0.048 0.752
4 0.8 0.048 0.752
26 0.8 0.048 0.752
9 0.8 0.048 0.752
27 0.8 0.048 0.752
11 0.8 0.048 0.752
17 0.677584 0.048 0.629584
19 0.738271 0.048 0.690271
11 0.752 0.048 0.704
11 0.704 0.16 0.544
17 0.629584 0.16 0.469584
19 0.690271 0.16 0.530271
13 0.8 0.048 0.752
29 0.8 0.048 0.752
24 0.8 0.048 0.752
3 0.8 0.048 0.752
8 0.8 0.048 0.752
3 0.752 0.048 0.704
3 0.704 0.16 0.544
3 0.544 0.016 0.528
8 0.752 0.16 0.592
21 0.8 0.048 0.752
15 0.8 0.048 0.752
24 0.8 0.048 0.752
29 0.8 0.048 0.752
22 0.8 0.048 0.752
16 0.8 0.048 0.752
4 0.8 0.048 0.752
26 0.8 0.048 0.752
9 0.8 0.048 0.752
27 0.8 0.048 0.752
13 0.8 0.048 0.752
29 0.8 0.048 0.752
24 0.8 0.048 0.752
21 0.8 0.048 0.752
24 0.8 0.048 0.752
29 0.8 0.048 0.752
22 0.8 0.048 0.752
16 0.8 0.048 0.752
4 0.8 0.048 0.752
26 0.8 0.048 0.752
9 0.8 0.048 0.752
27 0.8 0.048 0.752
13 0.8 0.048 0.752
29 0.8 0.048 0.752
24 0.8 0.048 0.752
21 0.8 0.048 0.752
24 0.8 0.048 0.752
29 0.8 0.048 0.752
22 0.8 0.048 0.752
16 0.8 0.048 0.752
4 0.8 0.048 0.752
26 0.8 0.048 0.752
9 0.8 0.048 0.752
27 0.8 0.048 0.752
13 0.8 0.048 0.752
29 0.8 0.048 0.752
24 0.8 0.048 0.752
21 0.8 0.048 0.752
15 0.8 0.048 0.752
24 0.8 0.048 0.752
29 0.8 0.048 0.752
22 0.8 0.048 0.752
22 0.752 0.048 0.704
22 0.704 0.16 0.544
22 0.544 0.016 0.528
16 0.8 0.048 0.752
4 0.8 0.048 0.752
26 0.8 0.048 0.752
9 0.8 0.048 0.752
27 0.8 0.048 0.752
13 0.8 0.048 0.752
29 0.8 0.048 0.752
24 0.8 0.048 0.752
21 0.8 0.048 0.752
15 0.8 0.048 0.752
