61 682 1.01181
68 683 1.0269
48 684 1.02978
62 685 1.03835
50 686 1.04125
7 687 1.06967
41 688 1.2355
45 689 1.55368
58 690 1.67078
32 691 1.67706
13 692 1.71699
26 693 1.72988
53 694 1.80871
43 695 1.82372
49 696 1.82886
5 697 1.84728
46 698 1.9044
36 699 1.9828
1 700 2.01116
27 701 2.0337
23 702 2.10809
2 703 2.16853
6 704 2.25622
56 705 2.3256
22 706 2.33847
15 707 2.34961
57 708 2.41574
66 709 2.46539
20 710 2.5233
28 711 2.55316
69 712 2.55777
24 713 2.8389
51 714 2.87703
4 715 3.13622
12 716 3.18577
38 717 3.27487
25 718 3.29618
39 719 3.41003
70 720 3.43519
62 721 3.46996
10 722 3.54025
7 723 3.64212
54 724 3.76469
63 725 3.77189
40 726 3.77844
60 727 3.87945
47 728 3.91326
17 729 4.13218
49 730 4.17529
23 731 4.28411
15 732 4.57089
58 733 4.60859
18 734 4.71814
48 735 4.92235
8 736 4.92533
32 737 5.46036
6 738 5.47203
50 739 5.52563
26 740 5.77502
13 741 5.93476
27 742 6.00134
4 743 6.13387
10 744 6.57404
2 745 6.67044
58 746 6.7397
1 747 6.84457
24 748 6.86369
17 749 6.87122
47 750 7.15135
22 751 7.386
18 752 7.83894
25 753 7.86349
1 754 8.9355
23 755 8.95153
48 756 8.97558
