0 1381
0 1382
0 1383
0 1384
0 1385
0 1386
0 1387
0 1388
0 1391
0 1393
0 1394
0 1396
0 1397
0 1398
0 1399
0 1400
0 1401
0 1403
0 1405
28 1406
0 1407
0 1410
0 1412
0 1413
0 1414
4 1415
22 1416
0 1417
0 1419
0 1421
0 1423
0 1424
0 1426
14 1427
30 1427
20 1418
0 1429
8 1430
9 1431
0 1432
17 1422
0 1433
0 1435
3 1437
0 1438
27 1408
0 1439
0 1440
0 1441
0 1444
0 1445
0 1450
0 1451
24 1452
25 1415
0 1453
0 1454
4 1455
0 1456
0 1458
1 1404
0 1459
0 1460
0 1461
0 1462
0 1463
7 1434
0 1465
0 1466
0 1467
0 1468
0 1469
0 1473
0 1474
15 1442
0 1475
26 1436
0 1476
0 1478
0 1480
0 1482
14 1464
0 1483
0 1484
0 1485
0 1488
0 1489
0 1490
0 1493
4 1494
0 1495
0 1496
0 1497
0 1498
6 1428
0 1499
17 1500
0 1501
0 1503
0 1504
0 1505
0 1506
8 1486
29 1420
0 1507
3 1502
0 1508
0 1509
0 1510
0 1512
18 1395
0 1513
11 1457
0 1514
0 1517
0 1518
24 1481
0 1519
0 1520
0 1522
25 1494
0 1523
0 1525
13 1425
0 1526
0 1527
0 1528
0 1529
16 1443
0 1530
0 1531
0 1532
0 1536
0 1537
0 1538
21 1402
0 1539
0 1540
0 1541
0 1542
0 1543
0 1544
0 1545
0 1546
0 1547
9 1479
0 1548
0 1549
0 1550
0 1551
12 1409
0 1552
0 1553
23 1422
0 1554
0 1555
0 1557
20 1487
0 1558
0 1559
0 1560
19 1392
0 1561
27 1492
0 1562
0 1563
0 1564
0 1565
0 1566
