14 552 0 100 0.7 1.14646 1.14646
1 569 0 100 0.7 2.6389 2.6389
10 565 0 100 1.7 2.54521 3.54521
8 587 0 100 0.7 5.1063 5.1063
30 573 0 100 3.2 3.01803 5.51803
22 564 0 100 4.7 2.54288 6.54288
43 572 0 100 5.2 2.99695 7.49695
49 570 0 100 6.7 2.69779 8.69779
6 586 0 100 5.2 4.97321 9.47321
8 560 0 100 8.7 2.22534 10.2253
20 600 0 100 3.2 8.20899 10.709
11 593 0 100 5.2 6.63626 11.1363
15 584 0 100 7.2 4.70542 11.2054
32 582 0 100 7.7 4.40065 11.4006
2 567 0 100 10.2 2.60775 12.1078
2 591 0 100 7.2 5.75556 12.2556
37 577 0 100 9.2 3.82465 12.3246
19 590 0 100 7.7 5.65527 12.6553
34 603 0 100 5.2 8.53768 13.0377
34 575 0 100 10.2 3.59553 13.0955
7 604 0 100 5.2 8.61761 13.1176
26 605 0 100 5.7 8.97528 13.9753
17 581 0 100 10.7 4.38578 14.3858
39 583 0 100 10.7 4.5743 14.5743
25 597 0 100 7.7 7.87687 14.8769
