21 126 2.06043
42 127 2.22104
17 128 2.37465
30 129 2.40067
6 130 2.44327
18 131 2.52832
20 132 2.52868
24 133 2.53204
38 134 2.55847
19 135 2.65239
47 136 2.70595
1 137 2.80841
40 138 2.81925
23 139 2.87653
12 140 3.02518
2 141 3.20082
3 142 3.21907
25 143 3.25273
41 144 3.36643
39 145 3.86169
49 146 4.10946
8 147 4.35943
36 148 4.40903
11 149 4.71339
14 150 4.73944
15 151 4.75872
50 152 4.8916
45 153 4.95532
46 154 4.96772
38 155 5.31512
24 156 5.71069
41 157 6.1156
23 158 6.1203
25 159 6.57154
49 160 6.86782
30 161 6.89638
17 162 6.92567
21 163 7.01929
47 164 7.17543
3 165 7.72334
19 166 7.91137
45 167 7.92664
24 168 8.5521
18 169 8.97812
17 170 9.01807
14 171 9.06324
27 172 9.40261
23 173 9.48517
25 174 9.5881
41 175 9.63144
50 176 9.79423
20 177 9.90269
36 178 9.90623
