32 1802 2.00508
39 1805 2.12282
15 1807 2.25357
7 1809 2.32904
8 1810 2.35243
30 1811 2.38224
16 1813 2.49363
13 1816 2.63224
36 1817 2.70896
14 1818 2.71747
33 1821 2.88402
34 1822 2.89278
6 1824 2.93302
27 1825 3.00287
3 1827 3.02336
21 1828 3.10089
5 1830 3.13348
31 1833 3.34094
18 1834 3.37739
10 1835 3.39633
25 1837 3.42914
4 1843 3.9254
35 1846 4.14931
28 1847 4.18897
29 1848 4.21252
26 1850 4.25789
17 1852 4.34663
39 1853 4.40994
11 1856 4.55416
20 1858 4.62562
23 1860 4.72317
9 1861 4.75429
40 1862 4.79566
12 1864 4.89068
1 1865 4.90408
24 1867 4.94633
2 1868 4.96246
3 1875 5.53498
16 1883 6.23457
27 1885 6.32076
8 1888 6.60992
34 1895 7.16667
31 1899 7.48578
24 1901 7.53972
25 1902 7.54258
18 1906 7.88453
26 1909 8.08991
39 1911 8.20255
21 1913 8.25174
1 1916 8.51472
33 1918 8.56506
17 1919 8.59437
38 1924 8.92066
6 1925 8.95948
11 1931 9.50463
37 1933 9.52664
8 1936 9.72703
7 1938 9.87924
