20 1608 2.10999
11 1610 2.18431
8 1612 2.31338
27 1615 2.46419
9 1617 2.5727
23 1620 2.78658
12 1622 2.94752
26 1624 3.004
22 1625 3.01788
4 1627 3.10028
15 1630 3.26366
1 1633 3.52573
17 1635 3.63579
18 1637 3.71218
30 1638 3.74913
14 1641 3.86619
28 1642 3.88464
10 1643 3.91106
25 1646 4.05052
6 1648 4.18002
7 1649 4.24375
21 1652 4.38014
16 1654 4.5017
24 1657 4.6989
5 1658 4.70866
8 1660 4.79189
2 1663 4.95907
28 1679 6.48086
23 1683 6.78095
18 1684 6.78261
4 1685 6.80494
11 1689 7.06503
22 1690 7.09998
13 1698 7.79607
30 1700 7.92779
9 1704 8.24419
7 1711 8.80392
2 1713 8.88313
16 1714 8.88764
29 1718 9.18358
15 1721 9.36479
27 1725 9.66869
8 1728 9.8521
19 1729 9.87161
6 1731 9.98153
