67 866 2.00813
40 867 2.01033
78 868 2.05737
26 869 2.06993
30 870 2.11284
50 871 2.13503
22 872 2.14249
25 873 2.20738
49 874 2.27619
34 875 2.37528
20 876 2.4192
62 877 2.43412
21 878 2.45719
4 879 2.48516
77 880 2.53423
65 881 2.61793
59 882 2.62637
73 883 2.62712
76 884 2.63644
10 885 2.65647
56 886 2.70277
37 887 2.70308
6 888 2.73059
19 889 2.7753
1 890 2.8219
24 891 3.03099
64 892 3.05981
32 893 3.09211
35 894 3.10651
69 895 3.14834
51 896 3.15445
3 897 3.1618
36 898 3.22604
13 899 3.26585
27 900 3.33419
48 901 3.45959
14 902 3.56664
52 903 3.6371
54 904 3.67064
29 905 3.68801
42 906 3.78431
15 907 3.80774
7 908 3.81369
18 909 3.83701
43 910 4.05844
2 911 4.13372
17 912 4.19819
75 913 4.21473
31 914 4.34854
63 915 4.39079
8 916 4.48128
38 917 4.5131
39 918 4.57159
80 919 4.58151
26 920 4.62943
50 921 4.71785
34 922 4.74475
72 923 4.78577
33 924 4.82673
22 925 4.82678
9 926 4.85433
12 927 4.87269
46 928 4.87642
10 929 5.05735
64 930 5.19589
19 931 5.36826
67 932 5.67421
30 933 5.82188
73 934 5.99005
35 935 6.02554
29 936 6.05544
6 937 6.2156
27 938 6.41829
20 939 6.69519
14 940 6.91391
62 941 7.00867
1 942 7.09438
54 943 7.15514
18 944 7.1789
49 945 7.22047
7 946 7.45794
17 947 7.56327
2 948 7.70713
33 949 7.77021
8 950 7.77178
45 951 7.78348
72 952 7.82002
23 953 7.97205
75 954 8.09923
64 955 8.1356
15 956 8.1593
12 957 8.22351
65 958 8.2595
10 959 8.57738
40 960 8.66745
31 961 8.68142
43 962 8.85252
41 963 8.8969
35 964 8.90935
6 965 8.92886
24 966 8.9753
67 967 8.98845
46 968 9.2822
18 969 9.37723
9 970 9.44585
80 971 9.48276
26 972 9.48293
29 973 9.5516
22 974 9.81281
72 975 9.92042
