56 680 0 100 0.3 2.03364 2.33364
21 688 0 100 3.50103e-08 2.36525 2.36525
42 689 0 100 0.4 2.41257 2.81258
20 683 0 100 0.7 2.11487 2.81487
40 697 0 100 4.66804e-08 2.88979 2.88979
58 695 0 100 0.8 2.71335 3.51335
29 696 0 100 0.8 2.80103 3.60103
12 684 0 100 1.5 2.11956 3.61956
39 690 0 100 1.3 2.44106 3.74106
8 693 0 100 1.1 2.68173 3.78173
23 686 0 100 1.6 2.27614 3.87614
11 702 0 100 1.2 3.13074 4.33074
4 691 0 100 2.1 2.47839 4.57839
38 705 0 100 1.3 3.40639 4.70639
17 713 0 100 0.8 3.92657 4.72657
35 698 0 100 2.4 2.89432 5.29432
26 682 0 100 3.3 2.09876 5.39876
49 694 0 100 2.7 2.70671 5.40671
16 699 0 100 2.7 2.92411 5.62411
16 724 0 100 1.16701e-08 5.70538 5.70538
57 703 0 100 2.7 3.15706 5.85706
51 721 0 100 1.3 4.5942 5.8942
48 685 0 100 3.9 2.25584 6.15584
2 681 0 100 4.2 2.04411 6.24411
36 701 0 100 3.2 3.0551 6.2551
5 692 0 100 3.9 2.52131 6.42131
25 720 0 100 1.9 4.5365 6.4365
22 722 0 100 1.8 4.67416 6.47416
43 717 0 100 2.4 4.23078 6.63078
5 737 0 100 1.16701e-08 6.80729 6.80729
52 700 0 100 3.9 2.98751 6.88751
60 708 0 100 3.6 3.52387 7.12387
34 687 0 100 4.8 2.353 7.153
21 730 0 100 1 6.29881 7.29881
34 736 0 100 0.7 6.65235 7.35235
19 706 0 100 4 3.41171 7.41171
24 712 0 100 3.8 3.79559 7.59559
56 719 0 100 3.2 4.46001 7.66001
53 723 0 100 2.9 4.79035 7.69035
15 704 0 100 4.8 3.16808 7.96808
59 714 0 100 4.1 3.94473 8.04473
59 749 0 100 2.33402e-08 8.08458 8.08458
20 739 0 100 1.1 6.99058 8.09058
28 728 0 100 2 6.11684 8.11684
31 710 0 100 4.7 3.63738 8.33738
28 709 0 100 4.8 3.55873 8.35873
41 707 0 100 5 3.44203 8.44203
54 711 0 100 4.8 3.73342 8.53342
58 741 0 100 1.2 7.36029 8.56029
54 733 0 100 2.1 6.47002 8.57002
50 715 0 100 4.8 3.98 8.78
12 755 0 100 1.16701e-08 8.78221 8.78221
12 725 0 100 3.1 5.77224 8.87224
39 727 0 100 3.2 5.86889 9.06889
6 748 0 100 1.1 8.02608 9.12608
14 716 0 100 5.1 4.04251 9.14251
23 742 0 100 1.7 7.60688 9.30688
30 718 0 100 5 4.43511 9.43511
30 746 0 100 1.7 7.83354 9.53354
4 754 0 100 1 8.77255 9.77255
38 726 0 100 4 5.84982 9.84982
17 729 0 100 3.6 6.29062 9.89062
17 760 0 100 0.5 9.39539 9.89539
49 753 0 100 1.8 8.69781 10.4978
1 752 0 100 1.9 8.63803 10.538
49 735 0 100 4.1 6.55251 10.6525
26 732 0 100 4.3 6.43016 10.7302
16 761 0 100 1.3 9.6278 10.9278
36 743 0 100 3.4 7.76239 11.1624
51 745 0 100 3.4 7.8165 11.2165
57 764 0 100 1.4 9.87988 11.2799
57 731 0 100 5 6.42103 11.421
48 738 0 100 4.6 6.86064 11.4606
2 734 0 100 5 6.48599 11.486
22 740 0 100 4.6 7.07932 11.6793
25 758 0 100 2.6 9.12881 11.7288
52 759 0 100 2.7 9.20389 11.9039
43 744 0 100 4.1 7.81111 11.9111
27 757 0 100 3.1 8.99588 12.0959
60 750 0 100 4 8.3705 12.3705
21 751 0 100 4.3 8.3841 12.6841
19 747 0 100 4.9 7.88762 12.7876
53 756 0 100 4 8.97815 12.9781
20 762 0 100 3.9 9.73599 13.636
58 763 0 100 4 9.76481 13.7648
