72 281 0 100 5.83505e-08 2.1074 2.1074
19 288 0 100 0.2 2.3451 2.5451
25 280 0 100 1 2.0047 3.0047
71 292 0 100 0.9 2.50905 3.40905
10 302 0 100 1.16701e-08 3.43456 3.43456
30 293 0 100 1 2.59337 3.59337
4 294 0 100 1.2 2.63661 3.83661
20 284 0 100 1.7 2.24235 3.94235
63 285 0 100 1.7 2.25314 3.95314
57 286 0 100 1.7 2.30206 4.00206
54 289 0 100 1.7 2.40181 4.10181
26 300 0 100 1 3.13482 4.13482
45 310 0 100 2.33402e-08 4.1537 4.1537
66 312 0 100 7.00206e-08 4.70254 4.70254
43 296 0 100 2 2.9365 4.9365
44 283 0 100 2.8 2.14861 4.94861
48 298 0 100 2.2 2.98959 5.18959
80 282 0 100 3.3 2.14349 5.44349
31 301 0 100 2.2 3.41558 5.61558
31 315 0 100 1.16701e-08 5.6508 5.6508
50 311 0 100 1.4 4.35093 5.75093
75 287 0 100 3.7 2.30771 6.00771
61 306 0 100 2.2 3.86789 6.06789
75 318 0 100 0.2 5.88102 6.08102
52 308 0 100 2.3 4.11983 6.41983
33 305 0 100 2.7 3.81753 6.51753
77 309 0 100 2.5 4.15125 6.65125
29 290 0 100 4.4 2.45867 6.85867
12 291 0 100 4.4 2.47966 6.87966
58 297 0 100 3.9 2.98437 6.88437
58 314 0 100 1.3 5.61029 6.91029
14 295 0 100 4.2 2.88971 7.08971
16 304 0 100 4.4 3.52451 7.92451
16 326 0 100 2.33402e-08 8.09807 8.09807
64 299 0 100 5.1 3.01591 8.11591
47 316 0 100 2.6 5.67274 8.27274
47 303 0 100 4.8 3.50163 8.30163
10 317 0 100 2.8 5.80884 8.60884
10 327 0 100 0.3 8.3098 8.6098
4 320 0 100 2.1 6.76674 8.86674
79 307 0 100 5 4.0313 9.0313
63 319 0 100 3.3 5.96755 9.26755
38 321 0 100 2.5 6.85915 9.35915
57 322 0 100 2.5 6.87631 9.37631
38 334 0 100 1.16701e-08 9.55813 9.55813
26 335 0 100 2.33402e-08 9.89114 9.89114
43 313 0 100 4.6 5.52797 10.128
43 329 0 100 1.4 8.77946 10.1795
48 325 0 100 3.2 7.19697 10.397
80 336 0 100 0.8 9.97061 10.7706
52 323 0 100 4.1 6.93966 11.0397
61 324 0 100 4 7.15529 11.1553
75 332 0 100 2 9.31024 11.3102
61 333 0 100 2 9.44058 11.4406
52 330 0 100 2.4 9.21938 11.6194
77 328 0 100 3.2 8.70276 11.9028
74 331 0 100 2.8 9.29168 12.0917
