60 973 0 100 0.4 2.24547 2.64547
45 984 0 100 0.1 2.59426 2.69426
6 972 0 100 0.9 2.15516 3.05516
8 970 0 100 1 2.13877 3.13877
72 996 0 100 7.00206e-08 3.15151 3.15151
20 968 0 100 1.1 2.07337 3.17337
34 966 0 100 1.2 2.01203 3.21203
28 985 0 100 1 2.60813 3.60813
78 1000 0 100 3.50103e-08 3.61788 3.61788
30 988 0 100 0.9 2.72456 3.62456
79 983 0 100 1.1 2.5869 3.6869
17 1003 0 100 1.16701e-08 3.75928 3.75928
57 1006 0 100 4.66804e-08 3.88271 3.88271
61 1010 0 100 7.00206e-08 4.06455 4.06455
4 971 0 100 2 2.14061 4.14061
43 1015 0 100 1.16701e-08 4.1505 4.1505
36 1004 0 100 0.4 3.80316 4.20316
84 987 0 100 1.6 2.6942 4.2942
70 991 0 100 1.6 2.8066 4.4066
19 1019 0 100 9.33608e-08 4.42112 4.42112
55 1020 0 100 1.16701e-08 4.43912 4.43912
40 981 0 100 2.1 2.56754 4.66754
11 995 0 100 1.6 3.08158 4.68158
23 974 0 100 2.4 2.28875 4.68875
82 1033 0 100 0.1 4.90369 5.00369
37 993 0 100 2.3 2.84089 5.14089
77 1029 0 100 0.3 4.84135 5.14135
47 975 0 100 2.8 2.35439 5.15439
65 1030 0 100 0.3 4.85861 5.15861
68 980 0 100 2.7 2.50119 5.20119
68 1038 0 100 1.16701e-08 5.31663 5.31663
27 1012 0 100 1.4 4.08284 5.48284
65 990 0 100 2.8 2.76334 5.56334
14 986 0 100 3 2.61751 5.61751
49 979 0 100 3.2 2.49128 5.69128
37 1041 0 100 8.16907e-08 5.73877 5.73877
32 994 0 100 2.8 2.954 5.754
73 1025 0 100 1.2 4.63934 5.83934
41 1009 0 100 1.9 4.05611 5.95611
10 1008 0 100 2.1 4.02841 6.12841
58 976 0 100 3.8 2.39679 6.19679
25 1050 0 100 7.00206e-08 6.23878 6.23878
5 977 0 100 3.8 2.46912 6.26912
53 1001 0 100 2.6 3.67233 6.27233
49 1042 0 100 0.3 5.9973 6.2973
21 992 0 100 3.7 2.82804 6.52804
56 1002 0 100 2.9 3.72926 6.62926
39 1017 0 100 2.3 4.36868 6.66868
24 1023 0 100 2.1 4.60267 6.70267
26 1016 0 100 2.4 4.32784 6.72784
38 969 0 100 4.6 2.13401 6.73401
38 1046 0 100 0.7 6.12429 6.82429
29 1057 0 100 1.16701e-08 6.98827 6.98827
29 1014 0 100 2.9 4.14775 7.04775
16 967 0 100 5.1 2.05936 7.15936
64 989 0 100 4.5 2.73875 7.23875
15 1018 0 100 2.9 4.38238 7.28238
35 997 0 100 4.2 3.18372 7.38372
3 1011 0 100 3.4 4.06825 7.46825
44 982 0 100 4.9 2.58618 7.48618
35 1039 0 100 2.1 5.38954 7.48954
12 1037 0 100 2.5 4.99934 7.49934
42 998 0 100 4.5 3.23734 7.73734
2 1044 0 100 1.9 6.05009 7.95009
8 1052 0 100 1.5 6.45806 7.95806
6 1047 0 100 1.8 6.16462 7.96462
54 1022 0 100 3.5 4.50487 8.00487
54 1062 0 100 0.8 7.3946 8.1946
45 1031 0 100 3.4 4.86689 8.26689
52 1034 0 100 3.3 4.97894 8.27894
72 1051 0 100 2 6.29994 8.29994
83 1028 0 100 3.6 4.79961 8.39961
2 1005 0 100 4.6 3.80814 8.40814
59 999 0 100 4.9 3.53114 8.43114
76 1013 0 100 4.5 4.14267 8.64267
87 1007 0 100 4.7 3.96471 8.66471
76 1054 0 100 2.1 6.63657 8.73657
36 1045 0 100 2.8 6.08532 8.88532
50 1026 0 100 4.2 4.69488 8.89488
4 1060 0 100 1.8 7.17848 8.97848
4 1036 0 100 4 4.99457 8.99457
84 1043 0 100 3 6.037 9.037
84 1081 0 100 0.2 8.92038 9.12038
30 1053 0 100 2.6 6.56327 9.16327
9 1076 0 100 0.7 8.56926 9.26926
19 1086 0 100 4.66804e-08 9.38496 9.38496
7 1066 0 100 1.9 7.5081 9.4081
79 1024 0 100 4.8 4.62729 9.42729
9 1027 0 100 4.7 4.74489 9.44489
22 1035 0 100 4.5 4.99289 9.49289
7 1021 0 100 5.1 4.48219 9.58219
22 1091 0 100 9.33608e-08 9.67088 9.67088
70 1089 0 100 0.3 9.40395 9.70395
1 1058 0 100 2.8 7.03195 9.83195
11 1063 0 100 2.4 7.45382 9.85382
1 1032 0 100 5 4.90021 9.90021
23 1040 0 100 4.4 5.53531 9.93531
82 1093 0 100 0.4 9.79526 10.1953
14 1061 0 100 3.1 7.31835 10.4184
47 1049 0 100 4.2 6.23332 10.4333
46 1071 0 100 2.6 7.8554 10.4554
5 1048 0 100 4.3 6.19635 10.4964
37 1082 0 100 1.8 9.08857 10.8886
65 1072 0 100 2.9 8.02876 10.9288
77 1078 0 100 2.7 8.58116 11.2812
71 1073 0 100 3.2 8.15496 11.355
10 1070 0 100 3.6 7.81735 11.4173
53 1055 0 100 4.6 6.83022 11.4302
18 1069 0 100 3.7 7.77498 11.475
32 1080 0 100 2.7 8.90143 11.6014
21 1094 0 100 1.9 9.81025 11.7103
38 1088 0 100 2.5 9.39395 11.8939
24 1065 0 100 4.4 7.49888 11.8989
56 1067 0 100 4.7 7.58299 12.283
26 1074 0 100 4.2 8.19552 12.3955
35 1068 0 100 4.8 7.74375 12.5438
12 1084 0 100 3.3 9.25813 12.5581
3 1075 0 100 4.2 8.54271 12.7427
15 1085 0 100 3.7 9.31758 13.0176
83 1090 0 100 3.7 9.52626 13.2263
45 1095 0 100 3.7 9.85553 13.5555
6 1077 0 100 5.1 8.56945 13.6694
8 1079 0 100 5 8.69487 13.6949
72 1083 0 100 4.6 9.10812 13.7081
76 1087 0 100 4.5 9.39388 13.8939
30 1092 0 100 4.7 9.72863 14.4286
