43 209 0 100 0.1 2.15404 2.25405
24 214 0 100 2.33402e-08 2.46125 2.46125
9 218 0 100 1.16701e-08 2.75693 2.75693
69 220 0 100 1.16701e-08 2.89823 2.89823
7 210 0 100 0.7 2.22023 2.92023
42 222 0 100 0.1 3.01867 3.11867
1 215 0 100 0.7 2.46181 3.16181
26 224 0 100 2.33402e-08 3.34317 3.34317
37 211 0 100 1.3 2.31263 3.61263
44 206 0 100 2.1 2.00558 4.10558
58 223 0 100 1.2 3.06669 4.26669
33 207 0 100 2.4 2.0433 4.4433
70 221 0 100 1.9 2.92755 4.82755
22 208 0 100 3.1 2.11898 5.21898
67 212 0 100 3 2.31539 5.31539
21 217 0 100 2.8 2.56167 5.36167
21 234 0 100 0.4 5.0106 5.4106
15 216 0 100 3.1 2.4778 5.5778
34 219 0 100 2.8 2.8486 5.6486
66 230 0 100 1.1 4.57676 5.67676
15 235 0 100 0.7 5.07249 5.77249
34 236 0 100 0.2 5.58164 5.78164
25 227 0 100 2.7 3.85066 6.55066
25 237 0 100 0.6 5.96282 6.56282
8 213 0 100 4.4 2.38278 6.78278
19 239 0 100 0.3 6.52674 6.82674
19 228 0 100 2.5 4.34669 6.84669
31 225 0 100 3.6 3.52662 7.12662
65 232 0 100 2.7 4.77568 7.47568
27 226 0 100 4.1 3.70945 7.80945
27 244 0 100 0.9 6.97122 7.87122
9 243 0 100 1.2 6.85503 8.05503
7 241 0 100 1.6 6.63453 8.23453
41 231 0 100 3.6 4.76265 8.36265
42 247 0 100 0.4 7.9883 8.3883
1 240 0 100 2 6.55735 8.55735
37 249 0 100 0.4 8.47246 8.87246
37 229 0 100 4.5 4.41643 8.91643
44 238 0 100 2.9 6.46075 9.36075
48 245 0 100 2.4 7.05992 9.45992
48 233 0 100 5 4.83392 9.83392
70 246 0 100 2.4 7.74573 10.1457
67 242 0 100 4 6.65146 10.6515
15 255 0 100 1.6 9.23998 10.84
28 248 0 100 2.6 8.27522 10.8752
66 256 0 100 1.5 9.41476 10.9148
34 257 0 100 1.4 9.52611 10.9261
20 250 0 100 2.8 8.58875 11.3887
63 254 0 100 2.9 8.91745 11.8174
19 253 0 100 3.2 8.88674 12.0867
65 251 0 100 4.1 8.61949 12.7195
9 259 0 100 3.5 9.72598 13.226
7 258 0 100 3.9 9.56491 13.4649
1 252 0 100 4.9 8.74618 13.6462
