27 50 0.048 49.952
27 49.952 0.048 49.904
37 50 0.048 49.952
37 49.952 0.048 49.904
9 50 0.048 49.952
37 49.904 0.048 49.856
9 50 0.048 49.952
21 50 0.048 49.952
7 50 0.048 49.952
9 50 0.048 49.952
21 50 0.048 49.952
3 50 0.048 49.952
7 50 0.048 49.952
21 50 0.048 49.952
3 50 0.048 49.952
7 50 0.048 49.952
16 50 0.048 49.952
3 50 0.048 49.952
16 50 0.048 49.952
28 50 0.048 49.952
10 50 0.048 49.952
16 50 0.048 49.952
28 50 0.048 49.952
6 50 0.048 49.952
10 50 0.048 49.952
23 50 0.048 49.952
28 50 0.048 49.952
32 50 0.048 49.952
6 50 0.048 49.952
23 50 0.048 49.952
32 50 0.048 49.952
23 50 0.048 49.952
32 50 0.048 49.952
25 50 0.048 49.952
25 50 0.048 49.952
40 50 0.048 49.952
25 50 0.048 49.952
40 50 0.048 49.952
40 50 0.048 49.952
24 50 0.048 49.952
33 50 0.048 49.952
7 50 0.048 49.952
3 50 0.048 49.952
21 50 0.048 49.952
21 49.952 0.048 49.904
7 49.952 0.048 49.904
7 49.904 0.16 49.744
3 49.952 0.16 49.792
21 49.904 0.16 49.744
21 49.744 0.016 49.728
7 49.744 0.016 49.728
21 49.728 0.048 49.68
7 49.728 0.048 49.68
24 50 0.048 49.952
33 50 0.048 49.952
21 50 0.048 49.952
7 49.8704 0.048 49.8224
1 50 0.048 49.952
24 50 0.048 49.952
33 50 0.048 49.952
21 50 0.048 49.952
7 49.9459 0.048 49.8979
1 49.952 0.048 49.904
1 49.904 0.048 49.856
1 49.856 0.16 49.696
1 49.9623 0.048 49.9143
21 50 0.048 49.952
7 50 0.048 49.952
36 50 0.048 49.952
29 50 0.048 49.952
5 50 0.048 49.952
8 50 0.048 49.952
36 49.952 0.048 49.904
21 50 0.048 49.952
7 50 0.048 49.952
18 50 0.048 49.952
4 50 0.048 49.952
4 49.952 0.048 49.904
38 50 0.048 49.952
18 49.952 0.048 49.904
18 49.904 0.16 49.744
4 49.904 0.16 49.744
4 49.744 0.016 49.728
18 49.744 0.016 49.728
4 49.728 0.048 49.68
2 50 0.048 49.952
13 50 0.048 49.952
18 49.728 0.048 49.68
30 50 0.048 49.952
38 49.952 0.048 49.904
38 49.904 0.16 49.744
28 50 0.048 49.952
10 50 0.048 49.952
8 50 0.048 49.952
29 50 0.048 49.952
36 50 0.048 49.952
29 49.952 0.048 49.904
5 50 0.048 49.952
5 49.952 0.048 49.904
8 49.952 0.048 49.904
36 49.952 0.048 49.904
29 49.904 0.096 49.808
29 49.808 0.16 49.648
21 50 0.048 49.952
7 50 0.048 49.952
10 50 0.048 49.952
28 50 0.048 49.952
4 49.8655 0.048 49.8175
2 50 0.048 49.952
13 50 0.048 49.952
30 50 0.048 49.952
38 49.9185 0.048 49.8705
28 49.952 0.048 49.904
10 49.952 0.048 49.904
5 50 0.048 49.952
8 50 0.048 49.952
26 50 0.048 49.952
29 49.8775 0.048 49.8295
36 50 0.048 49.952
34 50 0.048 49.952
11 50 0.048 49.952
11 49.952 0.048 49.904
34 49.952 0.048 49.904
34 49.904 0.16 49.744
11 49.904 0.16 49.744
11 49.744 0.016 49.728
34 49.744 0.016 49.728
11 49.728 0.048 49.68
34 49.728 0.048 49.68
21 50 0.048 49.952
7 50 0.048 49.952
10 50 0.048 49.952
28 50 0.048 49.952
4 50 0.048 49.952
2 50 0.048 49.952
13 50 0.048 49.952
30 50 0.048 49.952
38 50 0.048 49.952
28 49.952 0.048 49.904
10 49.952 0.048 49.904
5 50 0.048 49.952
8 50 0.048 49.952
15 50 0.048 49.952
19 50 0.048 49.952
26 50 0.048 49.952
29 49.9529 0.048 49.9049
11 50 0.048 49.952
34 49.8133 0.048 49.7653
21 50 0.048 49.952
7 50 0.048 49.952
10 50 0.048 49.952
28 50 0.048 49.952
4 50 0.048 49.952
2 50 0.048 49.952
13 50 0.048 49.952
30 50 0.048 49.952
38 50 0.048 49.952
28 49.952 0.048 49.904
10 49.952 0.048 49.904
5 50 0.048 49.952
13 49.952 0.048 49.904
15 50 0.048 49.952
19 50 0.048 49.952
26 50 0.048 49.952
30 50 0.048 49.952
11 50 0.048 49.952
34 50 0.048 49.952
21 50 0.048 49.952
7 50 0.048 49.952
10 50 0.048 49.952
28 50 0.048 49.952
13 49.904 0.048 49.856
2 50 0.048 49.952
2 49.952 0.048 49.904
4 50 0.048 49.952
30 49.952 0.048 49.904
13 49.856 0.096 49.76
13 49.76 0.16 49.6
4 49.952 0.048 49.904
2 49.904 0.048 49.856
13 49.7036 0.048 49.6556
30 49.904 0.048 49.856
38 50 0.048 49.952
4 49.904 0.048 49.856
4 49.856 0.16 49.696
20 50 0.048 49.952
28 49.952 0.048 49.904
10 49.952 0.048 49.904
2 50 0.048 49.952
4 49.696 0.048 49.648
13 49.6556 0.048 49.6076
15 50 0.048 49.952
19 50 0.048 49.952
30 50 0.048 49.952
14 50 0.048 49.952
11 50 0.048 49.952
34 50 0.048 49.952
21 50 0.048 49.952
7 50 0.048 49.952
10 50 0.048 49.952
28 50 0.048 49.952
20 50 0.048 49.952
28 49.952 0.048 49.904
10 49.952 0.048 49.904
5 50 0.048 49.952
8 50 0.048 49.952
8 49.952 0.048 49.904
19 50 0.048 49.952
26 50 0.048 49.952
5 49.952 0.048 49.904
5 49.904 0.16 49.744
8 49.904 0.16 49.744
8 49.744 0.016 49.728
5 49.744 0.016 49.728
8 49.728 0.048 49.68
5 49.728 0.048 49.68
26 49.952 0.048 49.904
29 50 0.048 49.952
36 50 0.048 49.952
36 49.952 0.048 49.904
8 49.68 0.048 49.632
8 49.632 0.16 49.472
19 49.952 0.16 49.792
26 49.904 0.16 49.744
26 49.744 0.16 49.584
29 49.952 0.16 49.792
36 49.904 0.16 49.744
36 49.744 0.016 49.728
8 49.472 0.016 49.456
36 49.728 0.048 49.68
8 49.456 0.048 49.408
29 49.792 0.048 49.744
2 50 0.048 49.952
4 49.8805 0.048 49.8325
13 49.9354 0.048 49.8874
18 50 0.048 49.952
30 50 0.048 49.952
38 50 0.048 49.952
14 50 0.048 49.952
35 50 0.048 49.952
17 50 0.048 49.952
24 50 0.048 49.952
33 50 0.048 49.952
11 50 0.048 49.952
34 50 0.048 49.952
21 50 0.048 49.952
7 50 0.048 49.952
10 50 0.048 49.952
28 50 0.048 49.952
20 50 0.048 49.952
28 49.952 0.048 49.904
10 49.952 0.048 49.904
36 49.9543 0.048 49.9063
8 49.7545 0.048 49.7065
29 50 0.048 49.952
2 50 0.048 49.952
4 50 0.048 49.952
18 50 0.048 49.952
38 50 0.048 49.952
14 50 0.048 49.952
35 50 0.048 49.952
17 50 0.048 49.952
24 50 0.048 49.952
33 50 0.048 49.952
11 50 0.048 49.952
34 50 0.048 49.952
21 50 0.048 49.952
7 50 0.048 49.952
10 50 0.048 49.952
28 50 0.048 49.952
31 50 0.048 49.952
27 50 0.048 49.952
6 50 0.048 49.952
23 50 0.048 49.952
32 50 0.048 49.952
20 50 0.048 49.952
20 49.952 0.048 49.904
20 49.904 0.16 49.744
28 49.952 0.048 49.904
10 49.952 0.048 49.904
36 50 0.048 49.952
8 49.957 0.048 49.909
29 50 0.048 49.952
18 50 0.048 49.952
20 49.744 0.048 49.696
14 50 0.048 49.952
35 50 0.048 49.952
17 50 0.048 49.952
24 50 0.048 49.952
33 50 0.048 49.952
11 50 0.048 49.952
34 50 0.048 49.952
21 50 0.048 49.952
7 50 0.048 49.952
10 50 0.048 49.952
28 50 0.048 49.952
31 50 0.048 49.952
27 50 0.048 49.952
6 50 0.048 49.952
23 50 0.048 49.952
32 50 0.048 49.952
28 49.952 0.048 49.904
10 49.952 0.048 49.904
36 50 0.048 49.952
8 50 0.048 49.952
29 50 0.048 49.952
14 50 0.048 49.952
20 50 0.048 49.952
38 50 0.048 49.952
2 50 0.048 49.952
4 50 0.048 49.952
13 50 0.048 49.952
13 49.952 0.048 49.904
18 50 0.048 49.952
38 49.952 0.048 49.904
38 49.904 0.16 49.744
2 49.952 0.16 49.792
4 49.952 0.16 49.792
13 49.904 0.16 49.744
13 49.744 0.016 49.728
38 49.744 0.016 49.728
13 49.728 0.048 49.68
2 49.792 0.048 49.744
4 49.792 0.048 49.744
30 50 0.048 49.952
38 49.728 0.048 49.68
18 49.952 0.16 49.792
14 49.952 0.048 49.904
14 49.904 0.048 49.856
14 49.856 0.16 49.696
35 50 0.048 49.952
17 50 0.048 49.952
24 50 0.048 49.952
33 50 0.048 49.952
11 50 0.048 49.952
34 50 0.048 49.952
21 50 0.048 49.952
7 50 0.048 49.952
10 50 0.048 49.952
28 50 0.048 49.952
31 50 0.048 49.952
27 50 0.048 49.952
6 50 0.048 49.952
23 50 0.048 49.952
32 50 0.048 49.952
28 49.952 0.048 49.904
10 49.952 0.048 49.904
36 50 0.048 49.952
8 50 0.048 49.952
29 50 0.048 49.952
14 49.83 0.048 49.782
20 50 0.048 49.952
13 49.9401 0.048 49.8921
2 49.9033 0.048 49.8553
4 49.9634 0.048 49.9154
30 50 0.048 49.952
38 49.858 0.048 49.81
35 50 0.048 49.952
17 50 0.048 49.952
24 50 0.048 49.952
33 50 0.048 49.952
11 50 0.048 49.952
34 50 0.048 49.952
2 49.8553 0.048 49.8073
4 50 0.048 49.952
13 49.8921 0.048 49.8441
30 49.952 0.048 49.904
30 49.904 0.048 49.856
38 49.81 0.048 49.762
2 49.8073 0.048 49.7593
2 49.7593 0.16 49.5993
4 49.952 0.16 49.792
13 49.8441 0.16 49.6841
30 49.856 0.16 49.696
30 49.696 0.016 49.68
2 49.5993 0.016 49.5833
30 49.68 0.048 49.632
2 49.5833 0.048 49.5353
4 49.792 0.048 49.744
13 49.6841 0.048 49.6361
15 50 0.048 49.952
15 49.952 0.048 49.904
19 50 0.048 49.952
19 49.952 0.048 49.904
30 49.632 0.096 49.536
30 49.536 0.16 49.376
38 49.762 0.16 49.602
4 49.744 0.16 49.584
13 49.6361 0.16 49.4761
15 49.904 0.16 49.744
19 49.904 0.16 49.744
19 49.744 0.016 49.728
30 49.376 0.016 49.36
19 49.728 0.048 49.68
5 50 0.048 49.952
5 49.952 0.048 49.904
15 49.744 0.048 49.696
26 50 0.048 49.952
26 49.952 0.048 49.904
30 49.36 0.048 49.312
19 49.68 0.096 49.584
19 49.584 0.16 49.424
5 49.904 0.16 49.744
15 49.696 0.16 49.536
26 49.904 0.16 49.744
26 49.744 0.016 49.728
19 49.424 0.016 49.408
26 49.728 0.048 49.68
5 49.744 0.048 49.696
8 49.952 0.048 49.904
8 49.904 0.048 49.856
15 49.536 0.048 49.488
19 49.408 0.048 49.36
26 49.68 0.048 49.632
26 49.632 0.16 49.472
5 49.696 0.16 49.536
8 49.856 0.16 49.696
8 49.696 0.016 49.68
26 49.472 0.016 49.456
8 49.68 0.048 49.632
5 49.536 0.048 49.488
26 49.456 0.048 49.408
29 49.952 0.048 49.904
36 50 0.048 49.952
15 49.488 0.16 49.328
21 50 0.048 49.952
7 50 0.048 49.952
39 50 0.048 49.952
12 50 0.048 49.952
10 50 0.048 49.952
28 50 0.048 49.952
31 50 0.048 49.952
27 50 0.048 49.952
6 50 0.048 49.952
23 50 0.048 49.952
32 50 0.048 49.952
28 49.952 0.048 49.904
10 49.952 0.048 49.904
36 49.952 0.048 49.904
8 49.7678 0.048 49.7198
29 50 0.048 49.952
14 49.8854 0.048 49.8374
13 49.8489 0.048 49.8009
2 49.8917 0.048 49.8437
4 49.584 0.048 49.536
30 49.6275 0.048 49.5795
38 49.9698 0.048 49.9218
35 50 0.048 49.952
17 50 0.048 49.952
24 50 0.048 49.952
33 50 0.048 49.952
11 50 0.048 49.952
34 50 0.048 49.952
8 49.7198 0.048 49.6718
5 49.8862 0.048 49.8382
26 49.6446 0.048 49.5966
29 49.952 0.048 49.904
36 50 0.048 49.952
21 50 0.048 49.952
7 50 0.048 49.952
17 49.952 0.048 49.904
35 50 0.048 49.952
39 50 0.048 49.952
12 50 0.048 49.952
10 50 0.048 49.952
28 50 0.048 49.952
31 50 0.048 49.952
27 50 0.048 49.952
6 50 0.048 49.952
23 50 0.048 49.952
32 50 0.048 49.952
28 49.952 0.048 49.904
10 49.952 0.048 49.904
36 49.952 0.048 49.904
8 49.9606 0.048 49.9126
29 50 0.048 49.952
13 50 0.048 49.952
2 50 0.048 49.952
4 49.6678 0.048 49.6198
30 49.8681 0.048 49.8201
38 50 0.048 49.952
35 49.952 0.048 49.904
17 50 0.048 49.952
24 50 0.048 49.952
33 50 0.048 49.952
11 50 0.048 49.952
34 50 0.048 49.952
8 49.9126 0.048 49.8646
5 50 0.048 49.952
26 49.978 0.048 49.93
29 49.952 0.048 49.904
36 50 0.048 49.952
21 50 0.048 49.952
7 50 0.048 49.952
17 49.952 0.048 49.904
35 50 0.048 49.952
39 50 0.048 49.952
12 50 0.048 49.952
10 50 0.048 49.952
28 50 0.048 49.952
31 50 0.048 49.952
27 50 0.048 49.952
6 50 0.048 49.952
23 50 0.048 49.952
32 50 0.048 49.952
28 49.952 0.048 49.904
10 49.952 0.048 49.904
36 49.952 0.048 49.904
8 50 0.048 49.952
29 50 0.048 49.952
13 50 0.048 49.952
2 50 0.048 49.952
4 49.9418 0.048 49.8938
30 49.9726 0.048 49.9246
38 50 0.048 49.952
35 49.952 0.048 49.904
17 50 0.048 49.952
24 50 0.048 49.952
33 50 0.048 49.952
11 50 0.048 49.952
34 50 0.048 49.952
8 49.952 0.048 49.904
5 50 0.048 49.952
26 50 0.048 49.952
29 49.952 0.048 49.904
36 50 0.048 49.952
21 50 0.048 49.952
7 50 0.048 49.952
17 49.952 0.048 49.904
35 50 0.048 49.952
39 50 0.048 49.952
12 50 0.048 49.952
10 50 0.048 49.952
28 50 0.048 49.952
31 50 0.048 49.952
27 50 0.048 49.952
6 50 0.048 49.952
23 50 0.048 49.952
32 50 0.048 49.952
28 49.952 0.048 49.904
10 49.952 0.048 49.904
36 49.952 0.048 49.904
8 50 0.048 49.952
29 50 0.048 49.952
16 50 0.048 49.952
3 50 0.048 49.952
3 49.952 0.048 49.904
16 49.952 0.048 49.904
16 49.904 0.16 49.744
3 49.904 0.16 49.744
3 49.744 0.016 49.728
16 49.744 0.016 49.728
3 49.728 0.048 49.68
7 49.952 0.048 49.904
7 49.904 0.048 49.856
16 49.728 0.048 49.68
3 49.68 0.048 49.632
3 49.632 0.16 49.472
7 49.856 0.16 49.696
7 49.696 0.016 49.68
3 49.472 0.016 49.456
7 49.68 0.048 49.632
3 49.456 0.048 49.408
21 49.952 0.048 49.904
25 50 0.048 49.952
13 50 0.048 49.952
2 50 0.048 49.952
4 50 0.048 49.952
30 50 0.048 49.952
38 50 0.048 49.952
35 49.952 0.048 49.904
17 50 0.048 49.952
24 50 0.048 49.952
33 50 0.048 49.952
11 50 0.048 49.952
34 50 0.048 49.952
8 49.952 0.048 49.904
5 50 0.048 49.952
26 50 0.048 49.952
29 49.952 0.048 49.904
36 50 0.048 49.952
21 50 0.048 49.952
7 49.8017 0.048 49.7537
17 49.952 0.048 49.904
35 50 0.048 49.952
39 50 0.048 49.952
12 50 0.048 49.952
10 50 0.048 49.952
28 50 0.048 49.952
27 50 0.048 49.952
31 50 0.048 49.952
31 49.952 0.048 49.904
27 49.952 0.048 49.904
30 49.952 0.048 49.904
4 50 0.048 49.952
13 50 0.048 49.952
15 50 0.048 49.952
15 49.952 0.048 49.904
19 50 0.048 49.952
19 49.952 0.048 49.904
30 49.904 0.096 49.808
30 49.808 0.16 49.648
4 49.952 0.16 49.792
13 49.952 0.16 49.792
15 49.904 0.16 49.744
19 49.904 0.16 49.744
19 49.744 0.016 49.728
30 49.648 0.016 49.632
19 49.728 0.048 49.68
5 49.952 0.048 49.904
5 49.904 0.048 49.856
15 49.744 0.048 49.696
26 50 0.048 49.952
26 49.952 0.048 49.904
30 49.632 0.048 49.584
19 49.68 0.096 49.584
19 49.584 0.16 49.424
5 49.856 0.16 49.696
15 49.696 0.16 49.536
26 49.904 0.16 49.744
26 49.744 0.016 49.728
19 49.424 0.016 49.408
26 49.728 0.048 49.68
5 49.696 0.048 49.648
8 50 0.048 49.952
15 49.536 0.048 49.488
19 49.408 0.048 49.36
6 50 0.048 49.952
23 50 0.048 49.952
32 50 0.048 49.952
28 49.952 0.048 49.904
10 49.952 0.048 49.904
22 50 0.048 49.952
36 49.952 0.048 49.904
8 49.952 0.048 49.904
29 50 0.048 49.952
12 50 0.048 49.952
7 49.7537 0.048 49.7057
3 49.5602 0.048 49.5122
21 49.952 0.048 49.904
25 50 0.048 49.952
13 49.792 0.048 49.744
2 50 0.048 49.952
4 49.792 0.048 49.744
30 49.6884 0.048 49.6404
38 50 0.048 49.952
35 49.952 0.048 49.904
17 50 0.048 49.952
24 50 0.048 49.952
33 50 0.048 49.952
19 49.5742 0.048 49.5262
5 49.9149 0.048 49.8669
5 49.8669 0.048 49.8189
15 49.5895 0.048 49.5415
26 49.68 0.048 49.632
30 49.6404 0.048 49.5924
19 49.5262 0.048 49.4782
19 49.4782 0.16 49.3182
5 49.8189 0.16 49.6589
5 49.6589 0.016 49.6429
19 49.3182 0.016 49.3022
5 49.6429 0.048 49.5949
8 49.904 0.048 49.856
15 49.5415 0.048 49.4935
19 49.3022 0.048 49.2542
26 49.632 0.048 49.584
29 49.952 0.048 49.904
29 49.904 0.048 49.856
5 49.5949 0.048 49.5469
5 49.5469 0.16 49.3869
15 49.4935 0.16 49.3335
26 49.584 0.16 49.424
30 49.5924 0.16 49.4324
8 49.856 0.16 49.696
15 49.3335 0.16 49.1735
26 49.424 0.16 49.264
29 49.856 0.16 49.696
29 49.696 0.016 49.68
5 49.3869 0.016 49.3709
29 49.68 0.048 49.632
5 49.3709 0.048 49.3229
8 49.696 0.048 49.648
36 50 0.048 49.952
11 50 0.048 49.952
34 50 0.048 49.952
8 49.648 0.048 49.6
5 49.3229 0.048 49.2749
26 49.264 0.048 49.216
29 49.632 0.048 49.584
36 49.952 0.048 49.904
21 50 0.048 49.952
7 49.8343 0.048 49.7863
17 49.952 0.048 49.904
35 50 0.048 49.952
39 50 0.048 49.952
12 49.952 0.048 49.904
10 50 0.048 49.952
28 50 0.048 49.952
27 50 0.048 49.952
31 50 0.048 49.952
31 49.952 0.048 49.904
27 49.952 0.048 49.904
26 49.437 0.048 49.389
5 49.2749 0.048 49.2269
8 49.8298 0.048 49.7818
15 49.1735 0.048 49.1255
19 49.2542 0.048 49.2062
6 50 0.048 49.952
23 50 0.048 49.952
32 50 0.048 49.952
28 49.952 0.048 49.904
10 49.952 0.048 49.904
22 50 0.048 49.952
36 49.904 0.048 49.856
8 49.7818 0.048 49.7338
29 49.7452 0.048 49.6972
12 50 0.048 49.952
39 50 0.048 49.952
7 49.7863 0.048 49.7383
3 49.8524 0.048 49.8044
21 49.952 0.048 49.904
25 50 0.048 49.952
13 50 0.048 49.952
2 50 0.048 49.952
4 49.8894 0.048 49.8414
30 49.8263 0.048 49.7783
38 50 0.048 49.952
40 50 0.048 49.952
35 49.952 0.048 49.904
17 50 0.048 49.952
24 50 0.048 49.952
33 50 0.048 49.952
29 49.6972 0.048 49.6492
5 49.6184 0.048 49.5704
8 49.7338 0.048 49.6858
36 50 0.048 49.952
11 50 0.048 49.952
34 50 0.048 49.952
8 49.6858 0.048 49.6378
5 49.5704 0.048 49.5224
26 49.389 0.048 49.341
29 49.6492 0.048 49.6012
36 49.952 0.048 49.904
21 50 0.048 49.952
17 49.952 0.048 49.904
35 50 0.048 49.952
39 49.952 0.048 49.904
12 49.952 0.048 49.904
39 49.904 0.048 49.856
39 49.856 0.16 49.696
10 50 0.048 49.952
28 50 0.048 49.952
27 50 0.048 49.952
31 50 0.048 49.952
31 49.952 0.048 49.904
27 49.952 0.048 49.904
26 49.4606 0.048 49.4126
5 49.5224 0.048 49.4744
8 49.7446 0.048 49.6966
15 49.283 0.048 49.235
19 49.3802 0.048 49.3322
6 50 0.048 49.952
23 50 0.048 49.952
32 50 0.048 49.952
28 49.952 0.048 49.904
10 49.952 0.048 49.904
22 50 0.048 49.952
36 49.904 0.048 49.856
8 49.6966 0.048 49.6486
29 49.8413 0.048 49.7933
12 50 0.048 49.952
39 50 0.048 49.952
12 49.952 0.048 49.904
39 49.952 0.048 49.904
7 49.983 0.048 49.935
3 50 0.048 49.952
25 50 0.048 49.952
13 50 0.048 49.952
2 50 0.048 49.952
4 50 0.048 49.952
30 50 0.048 49.952
38 50 0.048 49.952
40 50 0.048 49.952
35 49.952 0.048 49.904
17 50 0.048 49.952
24 50 0.048 49.952
33 50 0.048 49.952
29 49.7933 0.048 49.7453
5 49.8443 0.048 49.7963
8 49.6486 0.048 49.6006
36 50 0.048 49.952
11 50 0.048 49.952
34 50 0.048 49.952
8 49.6006 0.048 49.5526
5 49.7963 0.048 49.7483
26 49.4126 0.048 49.3646
29 49.7453 0.048 49.6973
36 49.952 0.048 49.904
21 50 0.048 49.952
17 49.952 0.048 49.904
35 50 0.048 49.952
10 50 0.048 49.952
28 50 0.048 49.952
27 50 0.048 49.952
31 50 0.048 49.952
31 49.952 0.048 49.904
27 49.952 0.048 49.904
26 49.4843 0.048 49.4363
5 49.7483 0.048 49.7003
8 49.8178 0.048 49.7698
15 49.5448 0.048 49.4968
19 49.4839 0.048 49.4359
6 50 0.048 49.952
23 50 0.048 49.952
32 50 0.048 49.952
28 49.952 0.048 49.904
10 49.952 0.048 49.904
22 50 0.048 49.952
36 49.904 0.048 49.856
8 49.7698 0.048 49.7218
29 49.957 0.048 49.909
17 49.904 0.048 49.856
35 49.952 0.048 49.904
39 50 0.048 49.952
12 50 0.048 49.952
39 49.952 0.048 49.904
7 50 0.048 49.952
3 50 0.048 49.952
25 50 0.048 49.952
13 50 0.048 49.952
2 50 0.048 49.952
4 50 0.048 49.952
30 50 0.048 49.952
38 50 0.048 49.952
32 49.952 0.048 49.904
6 49.952 0.048 49.904
23 49.952 0.048 49.904
40 50 0.048 49.952
35 49.904 0.048 49.856
17 50 0.048 49.952
35 49.856 0.048 49.808
35 49.808 0.16 49.648
24 50 0.048 49.952
33 50 0.048 49.952
29 49.909 0.048 49.861
5 49.9121 0.048 49.8641
8 49.7218 0.048 49.6738
36 50 0.048 49.952
11 50 0.048 49.952
34 50 0.048 49.952
8 49.6738 0.048 49.6258
5 49.8641 0.048 49.8161
26 49.4363 0.048 49.3883
29 49.861 0.048 49.813
36 49.952 0.048 49.904
21 50 0.048 49.952
17 49.952 0.048 49.904
35 50 0.048 49.952
17 49.904 0.048 49.856
17 49.856 0.16 49.696
10 50 0.048 49.952
28 50 0.048 49.952
27 50 0.048 49.952
31 50 0.048 49.952
31 49.952 0.048 49.904
27 49.952 0.048 49.904
26 49.5643 0.048 49.5163
5 49.8161 0.048 49.7681
8 49.9892 0.048 49.9412
15 49.7169 0.048 49.6689
19 49.6069 0.048 49.5589
6 50 0.048 49.952
23 50 0.048 49.952
32 50 0.048 49.952
28 49.952 0.048 49.904
10 49.952 0.048 49.904
22 50 0.048 49.952
36 49.904 0.048 49.856
8 49.9412 0.048 49.8932
29 50 0.048 49.952
17 49.696 0.048 49.648
35 49.952 0.048 49.904
12 50 0.048 49.952
39 50 0.048 49.952
7 50 0.048 49.952
3 50 0.048 49.952
25 50 0.048 49.952
13 50 0.048 49.952
2 50 0.048 49.952
4 50 0.048 49.952
30 50 0.048 49.952
32 49.952 0.048 49.904
6 49.952 0.048 49.904
23 49.952 0.048 49.904
40 50 0.048 49.952
24 50 0.048 49.952
33 50 0.048 49.952
29 49.952 0.048 49.904
5 50 0.048 49.952
8 49.8932 0.048 49.8452
36 50 0.048 49.952
11 50 0.048 49.952
34 50 0.048 49.952
8 49.8452 0.048 49.7972
5 49.952 0.048 49.904
26 49.5163 0.048 49.4683
29 49.904 0.048 49.856
36 49.952 0.048 49.904
21 50 0.048 49.952
7 50 0.048 49.952
10 50 0.048 49.952
28 50 0.048 49.952
27 50 0.048 49.952
31 50 0.048 49.952
31 49.952 0.048 49.904
27 49.952 0.048 49.904
33 49.952 0.048 49.904
24 50 0.048 49.952
26 49.6548 0.048 49.6068
5 49.904 0.048 49.856
8 50 0.048 49.952
15 49.8482 0.048 49.8002
19 49.8955 0.048 49.8475
6 50 0.048 49.952
23 50 0.048 49.952
32 50 0.048 49.952
28 49.952 0.048 49.904
10 49.952 0.048 49.904
22 50 0.048 49.952
36 49.904 0.048 49.856
8 49.952 0.048 49.904
29 49.9859 0.048 49.9379
11 50 0.048 49.952
17 49.9038 0.048 49.8558
34 49.952 0.048 49.904
35 50 0.048 49.952
12 50 0.048 49.952
39 50 0.048 49.952
7 49.952 0.048 49.904
3 50 0.048 49.952
25 50 0.048 49.952
13 50 0.048 49.952
2 50 0.048 49.952
4 50 0.048 49.952
30 50 0.048 49.952
32 49.952 0.048 49.904
6 49.952 0.048 49.904
23 49.952 0.048 49.904
40 50 0.048 49.952
24 49.952 0.048 49.904
33 50 0.048 49.952
29 49.9379 0.048 49.8899
5 50 0.048 49.952
8 49.904 0.048 49.856
36 50 0.048 49.952
11 49.952 0.048 49.904
34 50 0.048 49.952
11 49.904 0.048 49.856
11 49.856 0.16 49.696
8 49.856 0.048 49.808
5 49.952 0.048 49.904
26 49.6068 0.048 49.5588
29 49.8899 0.048 49.8419
36 49.952 0.048 49.904
21 50 0.048 49.952
10 50 0.048 49.952
28 50 0.048 49.952
27 50 0.048 49.952
31 50 0.048 49.952
31 49.952 0.048 49.904
27 49.952 0.048 49.904
33 49.952 0.048 49.904
26 49.788 0.048 49.74
5 49.904 0.048 49.856
8 50 0.048 49.952
15 50 0.048 49.952
19 50 0.048 49.952
6 50 0.048 49.952
23 50 0.048 49.952
32 50 0.048 49.952
28 49.952 0.048 49.904
10 49.952 0.048 49.904
3 49.952 0.048 49.904
7 50 0.048 49.952
16 50 0.048 49.952
22 50 0.048 49.952
36 49.904 0.048 49.856
8 49.952 0.048 49.904
29 50 0.048 49.952
11 49.8774 0.048 49.8294
34 49.952 0.048 49.904
12 50 0.048 49.952
39 50 0.048 49.952
7 49.952 0.048 49.904
3 50 0.048 49.952
25 50 0.048 49.952
13 50 0.048 49.952
2 50 0.048 49.952
4 50 0.048 49.952
30 50 0.048 49.952
32 49.952 0.048 49.904
6 49.952 0.048 49.904
23 49.952 0.048 49.904
40 50 0.048 49.952
24 50 0.048 49.952
29 49.952 0.048 49.904
5 50 0.048 49.952
8 49.904 0.048 49.856
36 49.9665 0.048 49.9185
8 49.856 0.048 49.808
5 49.952 0.048 49.904
26 49.74 0.048 49.692
29 49.904 0.048 49.856
36 49.9185 0.048 49.8705
21 50 0.048 49.952
10 50 0.048 49.952
28 50 0.048 49.952
27 50 0.048 49.952
31 50 0.048 49.952
31 49.952 0.048 49.904
27 49.952 0.048 49.904
33 50 0.048 49.952
26 49.7979 0.048 49.7499
5 49.904 0.048 49.856
8 50 0.048 49.952
15 50 0.048 49.952
19 50 0.048 49.952
6 50 0.048 49.952
23 50 0.048 49.952
32 50 0.048 49.952
28 49.952 0.048 49.904
10 49.952 0.048 49.904
3 49.952 0.048 49.904
7 50 0.048 49.952
16 50 0.048 49.952
22 50 0.048 49.952
36 49.8705 0.048 49.8225
8 49.952 0.048 49.904
29 50 0.048 49.952
15 50 0.048 49.952
5 49.9957 0.048 49.9477
5 49.9477 0.048 49.8997
19 50 0.048 49.952
26 49.7499 0.048 49.7019
30 49.952 0.048 49.904
15 49.952 0.048 49.904
15 49.904 0.16 49.744
5 49.8997 0.16 49.7397
5 49.7397 0.016 49.7237
15 49.744 0.016 49.728
5 49.7237 0.048 49.6757
8 49.904 0.048 49.856
15 49.728 0.048 49.68
19 49.952 0.048 49.904
26 49.7019 0.048 49.6539
29 49.952 0.048 49.904
19 49.904 0.16 49.744
26 49.6539 0.16 49.4939
30 49.904 0.16 49.744
11 50 0.048 49.952
34 50 0.048 49.952
12 50 0.048 49.952
39 50 0.048 49.952
7 49.952 0.048 49.904
3 50 0.048 49.952
25 50 0.048 49.952
13 50 0.048 49.952
2 50 0.048 49.952
4 50 0.048 49.952
30 50 0.048 49.952
32 49.952 0.048 49.904
6 49.952 0.048 49.904
23 49.952 0.048 49.904
40 50 0.048 49.952
24 50 0.048 49.952
29 49.904 0.048 49.856
5 49.6757 0.048 49.6277
8 49.856 0.048 49.808
36 50 0.048 49.952
23 49.904 0.048 49.856
6 50 0.048 49.952
32 49.904 0.048 49.856
8 49.808 0.048 49.76
5 49.6277 0.048 49.5797
26 49.4939 0.048 49.4459
29 49.856 0.048 49.808
36 49.952 0.048 49.904
21 50 0.048 49.952
10 50 0.048 49.952
28 50 0.048 49.952
27 50 0.048 49.952
31 50 0.048 49.952
31 49.952 0.048 49.904
27 49.952 0.048 49.904
33 50 0.048 49.952
9 50 0.048 49.952
26 49.5984 0.048 49.5504
5 49.5797 0.048 49.5317
8 49.9917 0.048 49.9437
15 49.68 0.048 49.632
19 49.744 0.048 49.696
6 49.952 0.048 49.904
23 50 0.048 49.952
32 50 0.048 49.952
28 49.952 0.048 49.904
10 49.952 0.048 49.904
3 49.952 0.048 49.904
7 50 0.048 49.952
16 50 0.048 49.952
22 50 0.048 49.952
36 49.904 0.048 49.856
8 49.9437 0.048 49.8957
29 50 0.048 49.952
37 50 0.048 49.952
5 49.8819 0.048 49.8339
8 49.8957 0.048 49.8477
15 49.8188 0.048 49.7708
19 49.8345 0.048 49.7865
26 49.5504 0.048 49.5024
12 50 0.048 49.952
39 50 0.048 49.952
7 49.952 0.048 49.904
3 50 0.048 49.952
21 49.952 0.048 49.904
25 50 0.048 49.952
13 50 0.048 49.952
2 50 0.048 49.952
4 50 0.048 49.952
30 50 0.048 49.952
32 49.952 0.048 49.904
6 49.904 0.048 49.856
23 49.952 0.048 49.904
40 50 0.048 49.952
24 50 0.048 49.952
29 49.952 0.048 49.904
8 49.8477 0.048 49.7997
36 50 0.048 49.952
23 49.904 0.048 49.856
6 50 0.048 49.952
32 49.904 0.048 49.856
8 49.7997 0.048 49.7517
5 49.8339 0.048 49.7859
29 49.904 0.048 49.856
36 49.952 0.048 49.904
21 50 0.048 49.952
7 50 0.048 49.952
10 50 0.048 49.952
28 50 0.048 49.952
27 50 0.048 49.952
31 50 0.048 49.952
31 49.952 0.048 49.904
27 49.952 0.048 49.904
33 50 0.048 49.952
9 50 0.048 49.952
26 49.6622 0.048 49.6142
5 49.7859 0.048 49.7379
15 49.7708 0.048 49.7228
19 49.7865 0.048 49.7385
4 50 0.048 49.952
2 49.952 0.048 49.904
13 50 0.048 49.952
38 50 0.048 49.952
6 49.952 0.048 49.904
23 50 0.048 49.952
32 50 0.048 49.952
28 49.952 0.048 49.904
10 49.952 0.048 49.904
3 49.952 0.048 49.904
7 49.952 0.048 49.904
16 50 0.048 49.952
22 50 0.048 49.952
22 49.952 0.048 49.904
22 49.904 0.16 49.744
36 49.904 0.048 49.856
8 50 0.048 49.952
29 50 0.048 49.952
37 50 0.048 49.952
5 50 0.048 49.952
8 49.952 0.048 49.904
19 50 0.048 49.952
26 49.6142 0.048 49.5662
22 49.744 0.048 49.696
12 50 0.048 49.952
39 50 0.048 49.952
7 49.904 0.048 49.856
3 50 0.048 49.952
16 50 0.048 49.952
21 49.952 0.048 49.904
25 50 0.048 49.952
13 49.952 0.048 49.904
2 50 0.048 49.952
4 49.952 0.048 49.904
30 50 0.048 49.952
32 49.952 0.048 49.904
6 49.904 0.048 49.856
23 49.952 0.048 49.904
40 50 0.048 49.952
24 50 0.048 49.952
29 49.952 0.048 49.904
8 49.904 0.048 49.856
36 50 0.048 49.952
23 49.904 0.048 49.856
6 49.9721 0.048 49.9241
32 49.904 0.048 49.856
8 49.856 0.048 49.808
5 49.952 0.048 49.904
29 49.904 0.048 49.856
36 49.952 0.048 49.904
21 50 0.048 49.952
7 50 0.048 49.952
10 50 0.048 49.952
28 50 0.048 49.952
27 50 0.048 49.952
31 50 0.048 49.952
31 49.952 0.048 49.904
27 49.952 0.048 49.904
33 50 0.048 49.952
9 50 0.048 49.952
26 49.7825 0.048 49.7345
5 49.904 0.048 49.856
15 49.9722 0.048 49.9242
19 49.952 0.048 49.904
4 50 0.048 49.952
2 49.952 0.048 49.904
13 50 0.048 49.952
38 50 0.048 49.952
6 49.9241 0.048 49.8761
23 50 0.048 49.952
32 50 0.048 49.952
28 49.952 0.048 49.904
10 49.952 0.048 49.904
3 49.952 0.048 49.904
7 49.952 0.048 49.904
16 49.952 0.048 49.904
36 49.904 0.048 49.856
8 50 0.048 49.952
29 50 0.048 49.952
37 50 0.048 49.952
5 50 0.048 49.952
8 49.952 0.048 49.904
19 50 0.048 49.952
26 49.7345 0.048 49.6865
22 50 0.048 49.952
31 49.904 0.048 49.856
12 50 0.048 49.952
39 50 0.048 49.952
7 49.904 0.048 49.856
3 50 0.048 49.952
16 50 0.048 49.952
21 49.952 0.048 49.904
25 50 0.048 49.952
34 50 0.048 49.952
11 50 0.048 49.952
13 49.952 0.048 49.904
2 50 0.048 49.952
4 49.952 0.048 49.904
30 50 0.048 49.952
32 49.952 0.048 49.904
6 49.8761 0.048 49.8281
23 49.952 0.048 49.904
40 50 0.048 49.952
24 50 0.048 49.952
29 49.952 0.048 49.904
8 49.904 0.048 49.856
36 50 0.048 49.952
23 49.904 0.048 49.856
6 49.9704 0.048 49.9224
32 49.904 0.048 49.856
8 49.856 0.048 49.808
5 49.952 0.048 49.904
29 49.904 0.048 49.856
36 49.952 0.048 49.904
21 50 0.048 49.952
7 50 0.048 49.952
10 50 0.048 49.952
28 50 0.048 49.952
27 50 0.048 49.952
31 50 0.048 49.952
31 49.952 0.048 49.904
27 49.952 0.048 49.904
31 49.904 0.048 49.856
31 49.856 0.16 49.696
33 50 0.048 49.952
24 50 0.048 49.952
9 50 0.048 49.952
26 49.9699 0.048 49.9219
5 49.904 0.048 49.856
15 50 0.048 49.952
19 49.952 0.048 49.904
4 50 0.048 49.952
2 49.952 0.048 49.904
13 50 0.048 49.952
38 50 0.048 49.952
6 49.9224 0.048 49.8744
23 50 0.048 49.952
32 49.9941 0.048 49.9461
28 49.952 0.048 49.904
10 49.952 0.048 49.904
3 49.952 0.048 49.904
7 49.952 0.048 49.904
16 49.952 0.048 49.904
36 49.904 0.048 49.856
8 50 0.048 49.952
29 49.9851 0.048 49.9371
37 50 0.048 49.952
5 50 0.048 49.952
8 49.952 0.048 49.904
19 50 0.048 49.952
26 49.9219 0.048 49.8739
22 50 0.048 49.952
27 50 0.048 49.952
31 49.696 0.048 49.648
12 50 0.048 49.952
39 50 0.048 49.952
7 49.904 0.048 49.856
3 50 0.048 49.952
21 49.952 0.048 49.904
25 50 0.048 49.952
34 50 0.048 49.952
11 50 0.048 49.952
13 49.952 0.048 49.904
2 50 0.048 49.952
4 49.952 0.048 49.904
30 50 0.048 49.952
32 49.9461 0.048 49.8981
6 49.8744 0.048 49.8264
23 49.952 0.048 49.904
40 50 0.048 49.952
24 49.952 0.048 49.904
33 50 0.048 49.952
29 49.9371 0.048 49.8891
8 49.904 0.048 49.856
36 50 0.048 49.952
23 49.904 0.048 49.856
6 50 0.048 49.952
32 49.8981 0.048 49.8501
8 49.856 0.048 49.808
5 49.952 0.048 49.904
29 49.8891 0.048 49.8411
36 49.952 0.048 49.904
21 50 0.048 49.952
7 50 0.048 49.952
10 50 0.048 49.952
28 50 0.048 49.952
27 49.952 0.048 49.904
31 49.966 0.048 49.918
27 49.904 0.048 49.856
27 49.856 0.16 49.696
33 49.952 0.048 49.904
24 50 0.048 49.952
9 50 0.048 49.952
26 50 0.048 49.952
5 49.904 0.048 49.856
15 50 0.048 49.952
19 49.952 0.048 49.904
4 50 0.048 49.952
2 49.952 0.048 49.904
13 50 0.048 49.952
38 50 0.048 49.952
6 49.952 0.048 49.904
23 50 0.048 49.952
32 50 0.048 49.952
28 49.952 0.048 49.904
10 49.952 0.048 49.904
3 49.952 0.048 49.904
7 49.952 0.048 49.904
16 50 0.048 49.952
36 49.904 0.048 49.856
8 49.9843 0.048 49.9363
29 50 0.048 49.952
37 50 0.048 49.952
5 50 0.048 49.952
8 49.9363 0.048 49.8883
19 50 0.048 49.952
26 49.952 0.048 49.904
27 49.8681 0.048 49.8201
31 49.918 0.048 49.87
12 50 0.048 49.952
39 50 0.048 49.952
7 49.904 0.048 49.856
3 50 0.048 49.952
21 49.952 0.048 49.904
25 50 0.048 49.952
34 50 0.048 49.952
11 50 0.048 49.952
13 49.952 0.048 49.904
2 50 0.048 49.952
4 49.952 0.048 49.904
30 50 0.048 49.952
32 49.952 0.048 49.904
6 49.904 0.048 49.856
23 49.952 0.048 49.904
40 50 0.048 49.952
24 49.952 0.048 49.904
33 50 0.048 49.952
29 49.952 0.048 49.904
8 49.8883 0.048 49.8403
36 50 0.048 49.952
23 49.904 0.048 49.856
6 50 0.048 49.952
32 49.904 0.048 49.856
8 49.8403 0.048 49.7923
5 49.952 0.048 49.904
29 49.904 0.048 49.856
36 49.952 0.048 49.904
21 50 0.048 49.952
7 50 0.048 49.952
10 50 0.048 49.952
28 50 0.048 49.952
33 49.952 0.048 49.904
24 50 0.048 49.952
9 50 0.048 49.952
26 50 0.048 49.952
5 49.904 0.048 49.856
15 50 0.048 49.952
19 49.952 0.048 49.904
4 50 0.048 49.952
2 49.952 0.048 49.904
13 50 0.048 49.952
38 50 0.048 49.952
6 49.952 0.048 49.904
23 49.9737 0.048 49.9257
32 50 0.048 49.952
28 49.952 0.048 49.904
10 49.952 0.048 49.904
3 49.952 0.048 49.904
7 49.952 0.048 49.904
16 50 0.048 49.952
36 49.904 0.048 49.856
8 49.948 0.048 49.9
29 50 0.048 49.952
37 50 0.048 49.952
5 49.9697 0.048 49.9217
8 49.9 0.048 49.852
19 50 0.048 49.952
26 49.952 0.048 49.904
1 50 0.048 49.952
27 50 0.048 49.952
12 50 0.048 49.952
39 50 0.048 49.952
7 49.904 0.048 49.856
3 50 0.048 49.952
21 49.952 0.048 49.904
25 50 0.048 49.952
34 50 0.048 49.952
11 50 0.048 49.952
13 49.952 0.048 49.904
2 50 0.048 49.952
4 49.952 0.048 49.904
30 50 0.048 49.952
32 49.952 0.048 49.904
6 49.904 0.048 49.856
23 49.9257 0.048 49.8777
40 50 0.048 49.952
24 49.952 0.048 49.904
33 50 0.048 49.952
29 49.952 0.048 49.904
8 49.852 0.048 49.804
36 50 0.048 49.952
23 49.8777 0.048 49.8297
6 50 0.048 49.952
32 49.904 0.048 49.856
8 49.804 0.048 49.756
5 49.9217 0.048 49.8737
26 49.904 0.048 49.856
29 49.904 0.048 49.856
36 49.952 0.048 49.904
21 50 0.048 49.952
10 50 0.048 49.952
28 50 0.048 49.952
33 49.952 0.048 49.904
24 50 0.048 49.952
9 50 0.048 49.952
26 50 0.048 49.952
5 49.8737 0.048 49.8257
15 50 0.048 49.952
19 49.952 0.048 49.904
4 50 0.048 49.952
2 49.952 0.048 49.904
13 50 0.048 49.952
38 50 0.048 49.952
6 49.952 0.048 49.904
23 50 0.048 49.952
32 50 0.048 49.952
28 49.952 0.048 49.904
10 49.952 0.048 49.904
3 49.952 0.048 49.904
7 50 0.048 49.952
16 50 0.048 49.952
36 49.904 0.048 49.856
8 50 0.048 49.952
29 50 0.048 49.952
37 50 0.048 49.952
37 49.952 0.048 49.904
37 49.904 0.16 49.744
5 49.951 0.048 49.903
8 49.952 0.048 49.904
19 50 0.048 49.952
26 49.952 0.048 49.904
1 50 0.048 49.952
37 49.744 0.048 49.696
12 50 0.048 49.952
39 50 0.048 49.952
7 49.952 0.048 49.904
3 50 0.048 49.952
21 49.952 0.048 49.904
25 50 0.048 49.952
34 50 0.048 49.952
11 50 0.048 49.952
13 49.952 0.048 49.904
2 50 0.048 49.952
4 49.952 0.048 49.904
30 50 0.048 49.952
32 49.952 0.048 49.904
6 49.904 0.048 49.856
23 49.952 0.048 49.904
40 50 0.048 49.952
24 49.952 0.048 49.904
33 50 0.048 49.952
29 49.952 0.048 49.904
8 49.904 0.048 49.856
26 49.904 0.048 49.856
36 50 0.048 49.952
23 49.904 0.048 49.856
6 50 0.048 49.952
32 49.904 0.048 49.856
8 49.856 0.048 49.808
5 49.903 0.048 49.855
29 49.904 0.048 49.856
36 49.952 0.048 49.904
21 50 0.048 49.952
7 50 0.048 49.952
10 50 0.048 49.952
28 50 0.048 49.952
33 49.952 0.048 49.904
24 50 0.048 49.952
9 50 0.048 49.952
26 50 0.048 49.952
5 49.855 0.048 49.807
15 50 0.048 49.952
19 49.952 0.048 49.904
29 50 0.048 49.952
4 50 0.048 49.952
2 49.952 0.048 49.904
13 50 0.048 49.952
38 50 0.048 49.952
6 49.952 0.048 49.904
23 50 0.048 49.952
32 50 0.048 49.952
28 49.952 0.048 49.904
10 49.952 0.048 49.904
3 49.952 0.048 49.904
7 49.952 0.048 49.904
16 50 0.048 49.952
36 49.904 0.048 49.856
8 49.9447 0.048 49.8967
29 49.952 0.048 49.904
5 50 0.048 49.952
8 49.8967 0.048 49.8487
19 50 0.048 49.952
26 49.952 0.048 49.904
1 50 0.048 49.952
9 49.952 0.048 49.904
37 50 0.048 49.952
12 50 0.048 49.952
39 50 0.048 49.952
7 49.904 0.048 49.856
3 50 0.048 49.952
25 50 0.048 49.952
34 50 0.048 49.952
11 50 0.048 49.952
13 49.952 0.048 49.904
2 50 0.048 49.952
4 49.952 0.048 49.904
30 50 0.048 49.952
38 50 0.048 49.952
32 49.952 0.048 49.904
6 49.904 0.048 49.856
23 49.952 0.048 49.904
40 50 0.048 49.952
24 49.952 0.048 49.904
33 50 0.048 49.952
29 49.904 0.048 49.856
8 49.8487 0.048 49.8007
26 49.904 0.048 49.856
36 49.9745 0.048 49.9265
23 49.904 0.048 49.856
6 50 0.048 49.952
32 49.904 0.048 49.856
8 49.8007 0.048 49.7527
5 49.952 0.048 49.904
29 49.856 0.048 49.808
36 49.9265 0.048 49.8785
21 50 0.048 49.952
7 50 0.048 49.952
10 50 0.048 49.952
28 50 0.048 49.952
33 49.952 0.048 49.904
24 50 0.048 49.952
9 50 0.048 49.952
9 49.952 0.048 49.904
9 49.904 0.16 49.744
26 49.9949 0.048 49.9469
5 49.904 0.048 49.856
15 50 0.048 49.952
19 49.952 0.048 49.904
29 49.9331 0.048 49.8851
4 50 0.048 49.952
2 49.952 0.048 49.904
13 50 0.048 49.952
38 49.952 0.048 49.904
6 49.952 0.048 49.904
23 50 0.048 49.952
32 50 0.048 49.952
28 49.952 0.048 49.904
10 49.952 0.048 49.904
3 49.952 0.048 49.904
7 49.952 0.048 49.904
16 50 0.048 49.952
36 49.8785 0.048 49.8305
8 49.9029 0.048 49.8549
29 49.8851 0.048 49.8371
5 50 0.048 49.952
8 49.8549 0.048 49.8069
26 49.9469 0.048 49.8989
1 50 0.048 49.952
9 49.744 0.048 49.696
37 50 0.048 49.952
12 50 0.048 49.952
39 50 0.048 49.952
7 49.904 0.048 49.856
3 50 0.048 49.952
25 50 0.048 49.952
34 50 0.048 49.952
11 50 0.048 49.952
13 49.952 0.048 49.904
2 50 0.048 49.952
4 49.952 0.048 49.904
30 50 0.048 49.952
38 50 0.048 49.952
32 49.952 0.048 49.904
6 49.904 0.048 49.856
23 49.952 0.048 49.904
40 50 0.048 49.952
24 49.952 0.048 49.904
33 50 0.048 49.952
29 49.8371 0.048 49.7891
8 49.8069 0.048 49.7589
36 50 0.048 49.952
23 49.904 0.048 49.856
6 50 0.048 49.952
32 49.904 0.048 49.856
8 49.7589 0.048 49.7109
5 49.952 0.048 49.904
29 49.7891 0.048 49.7411
36 49.952 0.048 49.904
21 50 0.048 49.952
10 50 0.048 49.952
28 50 0.048 49.952
33 49.952 0.048 49.904
24 50 0.048 49.952
26 50 0.048 49.952
5 49.904 0.048 49.856
15 50 0.048 49.952
19 50 0.048 49.952
4 50 0.048 49.952
2 49.952 0.048 49.904
13 50 0.048 49.952
38 49.952 0.048 49.904
6 49.952 0.048 49.904
23 50 0.048 49.952
32 50 0.048 49.952
28 49.952 0.048 49.904
10 49.952 0.048 49.904
3 49.952 0.048 49.904
7 50 0.048 49.952
16 50 0.048 49.952
36 49.904 0.048 49.856
8 49.8733 0.048 49.8253
29 50 0.048 49.952
5 50 0.048 49.952
8 49.8253 0.048 49.7773
26 49.952 0.048 49.904
1 50 0.048 49.952
9 49.8083 0.048 49.7603
21 49.952 0.048 49.904
12 50 0.048 49.952
39 50 0.048 49.952
7 49.952 0.048 49.904
3 50 0.048 49.952
25 50 0.048 49.952
34 50 0.048 49.952
11 50 0.048 49.952
13 49.952 0.048 49.904
2 50 0.048 49.952
4 49.952 0.048 49.904
30 50 0.048 49.952
38 50 0.048 49.952
32 49.952 0.048 49.904
6 49.904 0.048 49.856
23 49.952 0.048 49.904
40 50 0.048 49.952
24 49.952 0.048 49.904
33 50 0.048 49.952
29 49.952 0.048 49.904
8 49.7773 0.048 49.7293
26 49.904 0.048 49.856
36 50 0.048 49.952
23 49.904 0.048 49.856
6 50 0.048 49.952
32 49.904 0.048 49.856
8 49.7293 0.048 49.6813
5 49.952 0.048 49.904
26 49.856 0.048 49.808
29 49.904 0.048 49.856
36 49.952 0.048 49.904
21 50 0.048 49.952
21 49.952 0.048 49.904
21 49.904 0.16 49.744
10 50 0.048 49.952
28 50 0.048 49.952
33 49.952 0.048 49.904
24 50 0.048 49.952
26 50 0.048 49.952
5 49.904 0.048 49.856
8 50 0.048 49.952
15 50 0.048 49.952
19 50 0.048 49.952
29 49.9902 0.048 49.9422
4 50 0.048 49.952
2 49.952 0.048 49.904
13 50 0.048 49.952
38 49.952 0.048 49.904
6 49.952 0.048 49.904
23 50 0.048 49.952
32 49.9733 0.048 49.9253
28 49.952 0.048 49.904
10 49.952 0.048 49.904
3 49.952 0.048 49.904
7 50 0.048 49.952
16 50 0.048 49.952
36 49.904 0.048 49.856
8 49.952 0.048 49.904
29 49.9422 0.048 49.8942
5 49.9958 0.048 49.9478
8 49.904 0.048 49.856
15 50 0.048 49.952
19 50 0.048 49.952
26 49.952 0.048 49.904
1 50 0.048 49.952
7 49.952 0.048 49.904
21 49.744 0.048 49.696
12 50 0.048 49.952
39 50 0.048 49.952
7 49.904 0.048 49.856
3 50 0.048 49.952
25 50 0.048 49.952
34 50 0.048 49.952
11 50 0.048 49.952
13 49.952 0.048 49.904
2 50 0.048 49.952
4 49.952 0.048 49.904
30 50 0.048 49.952
38 50 0.048 49.952
32 49.9253 0.048 49.8773
6 49.904 0.048 49.856
23 49.952 0.048 49.904
40 50 0.048 49.952
24 49.952 0.048 49.904
33 50 0.048 49.952
29 49.8942 0.048 49.8462
8 49.856 0.048 49.808
26 49.904 0.048 49.856
36 49.9685 0.048 49.9205
23 49.904 0.048 49.856
6 50 0.048 49.952
32 49.8773 0.048 49.8293
8 49.808 0.048 49.76
5 49.9478 0.048 49.8998
26 49.856 0.048 49.808
29 49.8462 0.048 49.7982
36 49.9205 0.048 49.8725
10 50 0.048 49.952
28 50 0.048 49.952
33 49.952 0.048 49.904
24 50 0.048 49.952
26 49.9768 0.048 49.9288
5 49.8998 0.048 49.8518
8 49.9504 0.048 49.9024
15 49.952 0.048 49.904
19 49.952 0.048 49.904
29 50 0.048 49.952
4 50 0.048 49.952
2 49.952 0.048 49.904
13 50 0.048 49.952
38 49.952 0.048 49.904
6 49.952 0.048 49.904
23 49.9958 0.048 49.9478
32 50 0.048 49.952
28 49.952 0.048 49.904
10 49.952 0.048 49.904
3 49.952 0.048 49.904
7 50 0.048 49.952
16 50 0.048 49.952
3 49.904 0.048 49.856
3 49.856 0.16 49.696
36 49.8725 0.048 49.8245
8 49.9024 0.048 49.8544
29 49.952 0.048 49.904
5 50 0.048 49.952
8 49.8544 0.048 49.8064
15 50 0.048 49.952
19 50 0.048 49.952
26 49.9288 0.048 49.8808
1 50 0.048 49.952
3 49.696 0.048 49.648
7 49.952 0.048 49.904
16 50 0.048 49.952
21 49.9085 0.048 49.8605
12 50 0.048 49.952
39 50 0.048 49.952
7 49.904 0.048 49.856
3 49.9127 0.048 49.8647
7 49.856 0.048 49.808
7 49.808 0.16 49.648
25 50 0.048 49.952
34 50 0.048 49.952
11 50 0.048 49.952
13 49.952 0.048 49.904
2 50 0.048 49.952
4 49.952 0.048 49.904
30 50 0.048 49.952
32 49.952 0.048 49.904
6 49.904 0.048 49.856
23 49.9478 0.048 49.8998
40 50 0.048 49.952
24 49.952 0.048 49.904
33 50 0.048 49.952
29 49.904 0.048 49.856
8 49.8064 0.048 49.7584
26 49.8808 0.048 49.8328
36 49.9873 0.048 49.9393
23 49.8998 0.048 49.8518
6 50 0.048 49.952
32 49.904 0.048 49.856
8 49.7584 0.048 49.7104
5 49.952 0.048 49.904
26 49.8328 0.048 49.7848
29 49.856 0.048 49.808
36 49.9393 0.048 49.8913
10 50 0.048 49.952
28 50 0.048 49.952
33 49.952 0.048 49.904
24 50 0.048 49.952
26 49.9211 0.048 49.8731
5 49.904 0.048 49.856
8 49.8107 0.048 49.7627
15 49.952 0.048 49.904
19 49.952 0.048 49.904
29 50 0.048 49.952
4 50 0.048 49.952
2 49.952 0.048 49.904
13 50 0.048 49.952
38 50 0.048 49.952
6 49.952 0.048 49.904
23 50 0.048 49.952
32 50 0.048 49.952
28 49.952 0.048 49.904
10 49.952 0.048 49.904
36 49.8913 0.048 49.8433
8 49.7627 0.048 49.7147
29 49.952 0.048 49.904
5 50 0.048 49.952
8 49.7147 0.048 49.6667
15 50 0.048 49.952
19 50 0.048 49.952
26 49.8731 0.048 49.8251
1 50 0.048 49.952
3 49.8647 0.048 49.8167
7 49.934 0.048 49.886
16 50 0.048 49.952
12 50 0.048 49.952
39 50 0.048 49.952
25 50 0.048 49.952
34 50 0.048 49.952
11 50 0.048 49.952
13 49.952 0.048 49.904
2 50 0.048 49.952
4 49.952 0.048 49.904
30 50 0.048 49.952
38 50 0.048 49.952
32 49.952 0.048 49.904
6 49.904 0.048 49.856
23 49.952 0.048 49.904
40 50 0.048 49.952
24 49.952 0.048 49.904
33 50 0.048 49.952
29 49.904 0.048 49.856
8 49.6667 0.048 49.6187
26 49.8251 0.048 49.7771
36 50 0.048 49.952
23 49.904 0.048 49.856
6 50 0.048 49.952
32 49.904 0.048 49.856
8 49.6187 0.048 49.5707
5 49.952 0.048 49.904
26 49.7771 0.048 49.7291
29 49.856 0.048 49.808
36 49.952 0.048 49.904
10 50 0.048 49.952
28 50 0.048 49.952
33 49.952 0.048 49.904
24 50 0.048 49.952
26 50 0.048 49.952
5 49.904 0.048 49.856
15 49.952 0.048 49.904
19 49.952 0.048 49.904
29 50 0.048 49.952
4 50 0.048 49.952
2 49.952 0.048 49.904
13 50 0.048 49.952
30 49.952 0.048 49.904
30 49.904 0.048 49.856
38 49.952 0.048 49.904
4 49.952 0.048 49.904
4 49.904 0.16 49.744
2 49.904 0.16 49.744
13 49.952 0.16 49.792
30 49.856 0.16 49.696
30 49.696 0.016 49.68
4 49.744 0.016 49.728
30 49.68 0.048 49.632
2 49.744 0.048 49.696
4 49.728 0.048 49.68
13 49.792 0.048 49.744
15 49.904 0.048 49.856
15 49.856 0.048 49.808
19 49.904 0.048 49.856
19 49.856 0.048 49.808
30 49.632 0.096 49.536
30 49.536 0.16 49.376
38 49.904 0.16 49.744
2 49.696 0.16 49.536
13 49.744 0.16 49.584
15 49.808 0.16 49.648
19 49.808 0.16 49.648
19 49.648 0.016 49.632
30 49.376 0.016 49.36
19 49.632 0.048 49.584
5 49.856 0.048 49.808
15 49.648 0.048 49.6
26 49.952 0.048 49.904
30 49.36 0.048 49.312
6 49.952 0.048 49.904
23 50 0.048 49.952
32 50 0.048 49.952
28 49.952 0.048 49.904
10 49.952 0.048 49.904
28 49.904 0.048 49.856
28 49.856 0.16 49.696
36 49.904 0.048 49.856
8 49.6918 0.048 49.6438
29 49.952 0.048 49.904
5 50 0.048 49.952
8 49.6438 0.048 49.5958
15 49.7618 0.048 49.7138
19 49.9549 0.048 49.9069
26 49.904 0.048 49.856
1 50 0.048 49.952
18 50 0.048 49.952
2 49.9089 0.048 49.8609
2 49.8609 0.048 49.8129
38 49.9506 0.048 49.9026
38 49.9026 0.048 49.8546
18 49.952 0.096 49.856
18 49.856 0.16 49.696
2 49.8129 0.16 49.6529
38 49.8546 0.16 49.6946
38 49.6946 0.016 49.6786
18 49.696 0.016 49.68
38 49.6786 0.048 49.6306
2 49.6529 0.048 49.6049
4 49.68 0.048 49.632
13 49.584 0.048 49.536
18 49.68 0.048 49.632
3 49.9893 0.048 49.9413
10 49.904 0.048 49.856
16 50 0.048 49.952
28 49.9295 0.048 49.8815
12 50 0.048 49.952
39 50 0.048 49.952
25 50 0.048 49.952
34 50 0.048 49.952
11 50 0.048 49.952
13 49.536 0.048 49.488
2 49.6049 0.048 49.5569
4 49.632 0.048 49.584
30 49.5167 0.048 49.4687
38 49.6306 0.048 49.5826
32 49.952 0.048 49.904
6 49.904 0.048 49.856
23 49.952 0.048 49.904
40 50 0.048 49.952
24 49.952 0.048 49.904
33 50 0.048 49.952
29 49.904 0.048 49.856
8 49.5958 0.048 49.5478
26 49.856 0.048 49.808
36 50 0.048 49.952
23 49.904 0.048 49.856
6 50 0.048 49.952
32 49.904 0.048 49.856
8 49.5478 0.048 49.4998
5 49.952 0.048 49.904
26 49.808 0.048 49.76
29 49.856 0.048 49.808
36 49.952 0.048 49.904
10 50 0.048 49.952
28 49.8815 0.048 49.8335
10 49.952 0.048 49.904
10 49.904 0.16 49.744
39 50 0.048 49.952
12 49.952 0.048 49.904
33 49.952 0.048 49.904
24 50 0.048 49.952
26 50 0.048 49.952
5 49.904 0.048 49.856
8 49.6291 0.048 49.5811
15 49.7138 0.048 49.6658
19 49.9069 0.048 49.8589
29 50 0.048 49.952
19 49.8589 0.048 49.8109
5 49.856 0.048 49.808
15 49.6658 0.048 49.6178
26 49.952 0.048 49.904
30 49.4687 0.048 49.4207
6 49.952 0.048 49.904
23 50 0.048 49.952
32 50 0.048 49.952
36 49.904 0.048 49.856
8 49.5811 0.048 49.5331
29 49.952 0.048 49.904
5 49.9308 0.048 49.8828
8 49.5331 0.048 49.4851
19 50 0.048 49.952
26 49.904 0.048 49.856
1 50 0.048 49.952
38 49.7729 0.048 49.7249
2 49.8877 0.048 49.8397
4 49.9558 0.048 49.9078
18 49.8739 0.048 49.8259
6 49.904 0.048 49.856
10 49.744 0.048 49.696
28 50 0.048 49.952
12 50 0.048 49.952
39 49.952 0.048 49.904
25 50 0.048 49.952
34 50 0.048 49.952
11 50 0.048 49.952
13 49.7112 0.048 49.6632
2 49.8397 0.048 49.7917
4 49.9078 0.048 49.8598
30 49.6195 0.048 49.5715
32 49.952 0.048 49.904
6 49.856 0.048 49.808
23 49.952 0.048 49.904
40 50 0.048 49.952
24 49.952 0.048 49.904
33 50 0.048 49.952
29 49.904 0.048 49.856
8 49.4851 0.048 49.4371
26 49.856 0.048 49.808
36 50 0.048 49.952
23 49.904 0.048 49.856
6 50 0.048 49.952
32 49.904 0.048 49.856
8 49.4371 0.048 49.3891
5 49.8828 0.048 49.8348
26 49.808 0.048 49.76
29 49.856 0.048 49.808
36 49.952 0.048 49.904
39 50 0.048 49.952
12 49.952 0.048 49.904
33 49.952 0.048 49.904
24 50 0.048 49.952
26 50 0.048 49.952
5 49.8348 0.048 49.7868
8 49.7589 0.048 49.7109
15 49.9369 0.048 49.8889
19 49.952 0.048 49.904
29 49.9941 0.048 49.9461
19 49.904 0.048 49.856
5 49.7868 0.048 49.7388
15 49.8889 0.048 49.8409
26 49.952 0.048 49.904
30 49.5715 0.048 49.5235
6 49.952 0.048 49.904
23 50 0.048 49.952
32 49.9803 0.048 49.9323
6 49.904 0.048 49.856
6 49.856 0.16 49.696
36 49.904 0.048 49.856
8 49.7109 0.048 49.6629
29 49.9461 0.048 49.8981
5 49.8542 0.048 49.8062
8 49.6629 0.048 49.6149
19 50 0.048 49.952
26 49.904 0.048 49.856
1 50 0.048 49.952
38 49.99 0.048 49.942
2 49.9108 0.048 49.8628
4 50 0.048 49.952
13 50 0.048 49.952
18 50 0.048 49.952
6 49.696 0.048 49.648
10 49.8784 0.048 49.8304
23 49.952 0.048 49.904
28 50 0.048 49.952
32 49.9323 0.048 49.8843
12 50 0.048 49.952
39 49.952 0.048 49.904
20 50 0.048 49.952
25 50 0.048 49.952
34 50 0.048 49.952
11 50 0.048 49.952
13 49.952 0.048 49.904
2 49.8628 0.048 49.8148
4 49.952 0.048 49.904
30 49.9015 0.048 49.8535
38 49.942 0.048 49.894
32 49.8843 0.048 49.8363
6 49.648 0.048 49.6
23 49.904 0.048 49.856
32 49.8363 0.048 49.7883
32 49.7883 0.16 49.6283
40 50 0.048 49.952
24 49.952 0.048 49.904
33 50 0.048 49.952
29 49.8981 0.048 49.8501
8 49.6149 0.048 49.5669
36 50 0.048 49.952
23 49.856 0.048 49.808
6 49.761 0.048 49.713
32 49.6283 0.048 49.5803
23 49.808 0.048 49.76
23 49.76 0.16 49.6
8 49.5669 0.048 49.5189
5 49.8062 0.048 49.7582
26 49.856 0.048 49.808
29 49.8501 0.048 49.8021
36 49.952 0.048 49.904
39 50 0.048 49.952
12 49.952 0.048 49.904
33 49.952 0.048 49.904
24 50 0.048 49.952
26 49.9804 0.048 49.9324
5 49.7582 0.048 49.7102
8 49.8151 0.048 49.7671
15 50 0.048 49.952
19 49.952 0.048 49.904
19 49.904 0.048 49.856
5 49.7102 0.048 49.6622
15 49.952 0.048 49.904
26 49.9324 0.048 49.8844
30 49.8535 0.048 49.8055
36 49.904 0.048 49.856
8 49.7671 0.048 49.7191
29 50 0.048 49.952
5 49.8514 0.048 49.8034
8 49.7191 0.048 49.6711
19 50 0.048 49.952
26 49.8844 0.048 49.8364
1 50 0.048 49.952
38 50 0.048 49.952
2 50 0.048 49.952
4 50 0.048 49.952
13 50 0.048 49.952
18 50 0.048 49.952
6 49.713 0.048 49.665
23 49.7824 0.048 49.7344
32 49.8006 0.048 49.7526
12 50 0.048 49.952
39 49.952 0.048 49.904
20 50 0.048 49.952
25 50 0.048 49.952
34 50 0.048 49.952
11 50 0.048 49.952
13 49.952 0.048 49.904
2 49.952 0.048 49.904
4 49.952 0.048 49.904
30 50 0.048 49.952
38 49.952 0.048 49.904
40 50 0.048 49.952
24 49.952 0.048 49.904
33 50 0.048 49.952
29 49.952 0.048 49.904
8 49.6711 0.048 49.6231
26 49.8364 0.048 49.7884
36 50 0.048 49.952
8 49.6231 0.048 49.5751
5 49.8034 0.048 49.7554
26 49.7884 0.048 49.7404
29 49.904 0.048 49.856
36 49.952 0.048 49.904
39 50 0.048 49.952
12 49.952 0.048 49.904
33 49.952 0.048 49.904
24 50 0.048 49.952
26 50 0.048 49.952
5 49.7554 0.048 49.7074
8 49.6955 0.048 49.6475
15 50 0.048 49.952
19 49.952 0.048 49.904
19 49.904 0.048 49.856
5 49.7074 0.048 49.6594
15 49.952 0.048 49.904
26 49.952 0.048 49.904
30 49.952 0.048 49.904
36 49.904 0.048 49.856
8 49.6475 0.048 49.5995
29 50 0.048 49.952
5 49.975 0.048 49.927
8 49.5995 0.048 49.5515
19 50 0.048 49.952
26 49.904 0.048 49.856
1 50 0.048 49.952
38 50 0.048 49.952
2 50 0.048 49.952
4 50 0.048 49.952
13 50 0.048 49.952
18 50 0.048 49.952
23 49.8543 0.048 49.8063
12 50 0.048 49.952
39 49.952 0.048 49.904
20 50 0.048 49.952
25 50 0.048 49.952
34 50 0.048 49.952
11 50 0.048 49.952
13 49.952 0.048 49.904
2 49.952 0.048 49.904
4 49.952 0.048 49.904
30 50 0.048 49.952
38 49.952 0.048 49.904
40 50 0.048 49.952
24 49.952 0.048 49.904
33 50 0.048 49.952
29 49.952 0.048 49.904
8 49.5515 0.048 49.5035
36 49.9795 0.048 49.9315
8 49.5035 0.048 49.4555
5 49.927 0.048 49.879
26 49.856 0.048 49.808
29 49.904 0.048 49.856
36 49.9315 0.048 49.8835
39 50 0.048 49.952
12 49.952 0.048 49.904
33 49.952 0.048 49.904
24 50 0.048 49.952
26 50 0.048 49.952
5 49.879 0.048 49.831
8 49.7235 0.048 49.6755
15 50 0.048 49.952
19 49.952 0.048 49.904
19 49.904 0.048 49.856
5 49.831 0.048 49.783
15 49.952 0.048 49.904
26 49.952 0.048 49.904
30 49.952 0.048 49.904
36 49.8835 0.048 49.8355
8 49.6755 0.048 49.6275
29 50 0.048 49.952
5 50 0.048 49.952
8 49.6275 0.048 49.5795
15 50 0.048 49.952
19 50 0.048 49.952
26 49.904 0.048 49.856
29 49.952 0.048 49.904
1 50 0.048 49.952
38 50 0.048 49.952
2 50 0.048 49.952
4 50 0.048 49.952
13 50 0.048 49.952
18 50 0.048 49.952
12 50 0.048 49.952
39 49.952 0.048 49.904
20 50 0.048 49.952
25 50 0.048 49.952
34 50 0.048 49.952
11 50 0.048 49.952
13 49.952 0.048 49.904
2 49.952 0.048 49.904
4 49.952 0.048 49.904
30 50 0.048 49.952
38 49.952 0.048 49.904
40 50 0.048 49.952
24 49.952 0.048 49.904
33 50 0.048 49.952
29 49.904 0.048 49.856
5 49.952 0.048 49.904
8 49.5795 0.048 49.5315
36 49.9623 0.048 49.9143
8 49.5315 0.048 49.4835
5 49.904 0.048 49.856
26 49.856 0.048 49.808
29 49.856 0.048 49.808
36 49.9143 0.048 49.8663
39 50 0.048 49.952
12 49.952 0.048 49.904
33 49.952 0.048 49.904
24 50 0.048 49.952
26 49.962 0.048 49.914
5 49.856 0.048 49.808
8 49.7694 0.048 49.7214
15 49.952 0.048 49.904
19 49.952 0.048 49.904
19 49.904 0.048 49.856
5 49.808 0.048 49.76
15 49.904 0.048 49.856
26 49.914 0.048 49.866
30 49.952 0.048 49.904
36 49.8663 0.048 49.8183
8 49.7214 0.048 49.6734
29 50 0.048 49.952
5 49.9287 0.048 49.8807
8 49.6734 0.048 49.6254
15 50 0.048 49.952
19 49.9907 0.048 49.9427
26 49.866 0.048 49.818
1 50 0.048 49.952
38 50 0.048 49.952
2 50 0.048 49.952
4 50 0.048 49.952
18 50 0.048 49.952
25 50 0.048 49.952
12 50 0.048 49.952
39 49.952 0.048 49.904
20 50 0.048 49.952
25 49.952 0.048 49.904
25 49.904 0.048 49.856
25 49.856 0.16 49.696
34 50 0.048 49.952
11 50 0.048 49.952
13 50 0.048 49.952
2 49.952 0.048 49.904
4 49.952 0.048 49.904
30 50 0.048 49.952
40 50 0.048 49.952
24 49.952 0.048 49.904
33 50 0.048 49.952
29 49.952 0.048 49.904
8 49.6254 0.048 49.5774
36 49.9987 0.048 49.9507
8 49.5774 0.048 49.5294
5 49.8807 0.048 49.8327
26 49.818 0.048 49.77
29 49.904 0.048 49.856
36 49.9507 0.048 49.9027
39 50 0.048 49.952
12 49.952 0.048 49.904
33 49.952 0.048 49.904
24 50 0.048 49.952
26 49.9517 0.048 49.9037
5 49.8327 0.048 49.7847
8 49.7608 0.048 49.7128
15 49.952 0.048 49.904
19 49.9427 0.048 49.8947
19 49.8947 0.048 49.8467
5 49.7847 0.048 49.7367
15 49.904 0.048 49.856
26 49.9037 0.048 49.8557
30 49.952 0.048 49.904
7 50 0.048 49.952
3 50 0.048 49.952
36 49.9027 0.048 49.8547
8 49.7128 0.048 49.6648
29 50 0.048 49.952
5 49.9496 0.048 49.9016
8 49.6648 0.048 49.6168
15 50 0.048 49.952
19 49.9671 0.048 49.9191
26 49.8557 0.048 49.8077
1 50 0.048 49.952
38 50 0.048 49.952
2 50 0.048 49.952
4 50 0.048 49.952
13 50 0.048 49.952
18 50 0.048 49.952
25 50 0.048 49.952
12 50 0.048 49.952
39 49.952 0.048 49.904
20 50 0.048 49.952
34 50 0.048 49.952
11 50 0.048 49.952
13 49.952 0.048 49.904
2 49.952 0.048 49.904
4 49.952 0.048 49.904
30 50 0.048 49.952
38 49.952 0.048 49.904
40 50 0.048 49.952
24 49.952 0.048 49.904
33 50 0.048 49.952
29 49.952 0.048 49.904
8 49.6168 0.048 49.5688
36 50 0.048 49.952
8 49.5688 0.048 49.5208
5 49.9016 0.048 49.8536
29 49.904 0.048 49.856
36 49.952 0.048 49.904
39 50 0.048 49.952
12 49.952 0.048 49.904
33 49.952 0.048 49.904
24 50 0.048 49.952
26 50 0.048 49.952
5 49.8536 0.048 49.8056
15 49.952 0.048 49.904
19 49.9191 0.048 49.8711
19 49.8711 0.048 49.8231
5 49.8056 0.048 49.7576
15 49.904 0.048 49.856
26 49.952 0.048 49.904
30 49.952 0.048 49.904
7 50 0.048 49.952
3 50 0.048 49.952
36 49.904 0.048 49.856
8 49.6828 0.048 49.6348
29 50 0.048 49.952
5 50 0.048 49.952
8 49.6348 0.048 49.5868
19 50 0.048 49.952
26 49.904 0.048 49.856
1 50 0.048 49.952
38 50 0.048 49.952
2 50 0.048 49.952
4 50 0.048 49.952
18 50 0.048 49.952
25 50 0.048 49.952
40 50 0.048 49.952
12 50 0.048 49.952
39 49.952 0.048 49.904
20 50 0.048 49.952
34 50 0.048 49.952
11 50 0.048 49.952
13 50 0.048 49.952
2 49.952 0.048 49.904
4 49.952 0.048 49.904
30 50 0.048 49.952
40 49.952 0.048 49.904
16 50 0.048 49.952
3 50 0.048 49.952
24 49.952 0.048 49.904
33 50 0.048 49.952
29 49.952 0.048 49.904
8 49.5868 0.048 49.5388
36 50 0.048 49.952
15 50 0.048 49.952
19 49.952 0.048 49.904
26 49.856 0.048 49.808
30 49.952 0.048 49.904
8 49.5388 0.048 49.4908
5 49.952 0.048 49.904
26 49.808 0.048 49.76
29 49.904 0.048 49.856
39 50 0.048 49.952
12 49.952 0.048 49.904
33 49.952 0.048 49.904
24 50 0.048 49.952
26 49.9399 0.048 49.8919
5 49.904 0.048 49.856
8 49.6686 0.048 49.6206
15 49.952 0.048 49.904
19 49.904 0.048 49.856
29 50 0.048 49.952
19 49.856 0.048 49.808
5 49.856 0.048 49.808
15 49.904 0.048 49.856
26 49.8919 0.048 49.8439
30 49.904 0.048 49.856
7 50 0.048 49.952
3 49.952 0.048 49.904
36 49.952 0.048 49.904
29 49.952 0.048 49.904
5 50 0.048 49.952
8 49.6206 0.048 49.5726
19 50 0.048 49.952
26 49.8439 0.048 49.7959
1 50 0.048 49.952
38 50 0.048 49.952
2 50 0.048 49.952
4 50 0.048 49.952
18 50 0.048 49.952
40 50 0.048 49.952
12 50 0.048 49.952
39 49.952 0.048 49.904
20 50 0.048 49.952
34 50 0.048 49.952
11 50 0.048 49.952
13 50 0.048 49.952
2 49.952 0.048 49.904
4 49.952 0.048 49.904
30 50 0.048 49.952
30 49.952 0.048 49.904
2 49.904 0.048 49.856
13 49.952 0.048 49.904
15 50 0.048 49.952
19 49.952 0.048 49.904
40 49.952 0.048 49.904
40 49.904 0.048 49.856
40 49.856 0.16 49.696
16 50 0.048 49.952
3 50 0.048 49.952
7 49.952 0.048 49.904
24 49.952 0.048 49.904
33 50 0.048 49.952
29 49.904 0.048 49.856
8 49.5726 0.048 49.5246
36 50 0.048 49.952
15 49.952 0.048 49.904
19 49.904 0.048 49.856
26 49.7959 0.048 49.7479
30 49.904 0.048 49.856
8 49.5246 0.048 49.4766
5 49.952 0.048 49.904
26 49.7479 0.048 49.6999
29 49.856 0.048 49.808
39 50 0.048 49.952
12 49.952 0.048 49.904
33 49.952 0.048 49.904
24 50 0.048 49.952
14 50 0.048 49.952
26 50 0.048 49.952
5 49.904 0.048 49.856
8 49.7906 0.048 49.7426
15 49.904 0.048 49.856
19 49.856 0.048 49.808
19 49.808 0.048 49.76
5 49.856 0.048 49.808
15 49.856 0.048 49.808
26 49.952 0.048 49.904
30 49.856 0.048 49.808
7 50 0.048 49.952
3 49.952 0.048 49.904
16 49.952 0.048 49.904
36 49.952 0.048 49.904
29 50 0.048 49.952
5 49.9774 0.048 49.9294
8 49.7426 0.048 49.6946
19 49.8937 0.048 49.8457
26 49.904 0.048 49.856
1 50 0.048 49.952
38 50 0.048 49.952
2 50 0.048 49.952
4 50 0.048 49.952
18 50 0.048 49.952
40 49.9778 0.048 49.9298
12 50 0.048 49.952
39 49.952 0.048 49.904
20 50 0.048 49.952
34 50 0.048 49.952
11 50 0.048 49.952
13 50 0.048 49.952
2 49.952 0.048 49.904
4 49.952 0.048 49.904
30 50 0.048 49.952
30 49.952 0.048 49.904
13 49.952 0.048 49.904
15 50 0.048 49.952
19 49.8457 0.048 49.7977
16 50 0.048 49.952
3 50 0.048 49.952
7 49.952 0.048 49.904
24 49.952 0.048 49.904
33 50 0.048 49.952
29 49.952 0.048 49.904
8 49.6946 0.048 49.6466
36 50 0.048 49.952
15 49.952 0.048 49.904
19 49.7977 0.048 49.7497
26 49.856 0.048 49.808
30 49.904 0.048 49.856
8 49.6466 0.048 49.5986
5 49.9294 0.048 49.8814
26 49.808 0.048 49.76
29 49.904 0.048 49.856
39 50 0.048 49.952
12 49.952 0.048 49.904
33 49.952 0.048 49.904
24 50 0.048 49.952
14 50 0.048 49.952
26 50 0.048 49.952
5 49.8814 0.048 49.8334
8 49.7313 0.048 49.6833
15 49.904 0.048 49.856
19 49.7497 0.048 49.7017
19 49.7017 0.048 49.6537
5 49.8334 0.048 49.7854
15 49.856 0.048 49.808
26 49.952 0.048 49.904
30 49.856 0.048 49.808
7 50 0.048 49.952
3 49.952 0.048 49.904
36 49.952 0.048 49.904
29 50 0.048 49.952
5 50 0.048 49.952
8 49.6833 0.048 49.6353
19 49.9963 0.048 49.9483
26 49.904 0.048 49.856
1 50 0.048 49.952
38 50 0.048 49.952
2 50 0.048 49.952
4 50 0.048 49.952
18 50 0.048 49.952
12 50 0.048 49.952
39 49.952 0.048 49.904
20 50 0.048 49.952
34 50 0.048 49.952
11 50 0.048 49.952
13 50 0.048 49.952
2 49.952 0.048 49.904
4 49.952 0.048 49.904
30 49.9216 0.048 49.8736
30 49.8736 0.048 49.8256
13 49.952 0.048 49.904
15 50 0.048 49.952
19 49.9483 0.048 49.9003
16 50 0.048 49.952
3 50 0.048 49.952
24 49.952 0.048 49.904
33 50 0.048 49.952
29 49.952 0.048 49.904
8 49.6353 0.048 49.5873
36 50 0.048 49.952
15 49.952 0.048 49.904
19 49.9003 0.048 49.8523
26 49.856 0.048 49.808
30 49.8256 0.048 49.7776
8 49.5873 0.048 49.5393
5 49.952 0.048 49.904
26 49.808 0.048 49.76
29 49.904 0.048 49.856
39 50 0.048 49.952
12 49.952 0.048 49.904
33 49.952 0.048 49.904
24 50 0.048 49.952
14 50 0.048 49.952
26 49.8837 0.048 49.8357
5 49.904 0.048 49.856
8 49.8501 0.048 49.8021
15 49.904 0.048 49.856
19 49.8523 0.048 49.8043
19 49.8043 0.048 49.7563
15 49.856 0.048 49.808
26 49.8357 0.048 49.7877
30 49.7776 0.048 49.7296
7 50 0.048 49.952
3 49.952 0.048 49.904
36 49.952 0.048 49.904
29 50 0.048 49.952
5 50 0.048 49.952
8 49.8021 0.048 49.7541
26 49.7877 0.048 49.7397
1 50 0.048 49.952
38 50 0.048 49.952
2 50 0.048 49.952
4 50 0.048 49.952
18 50 0.048 49.952
24 49.952 0.048 49.904
12 50 0.048 49.952
39 49.952 0.048 49.904
20 50 0.048 49.952
34 50 0.048 49.952
11 50 0.048 49.952
13 50 0.048 49.952
2 49.952 0.048 49.904
4 49.952 0.048 49.904
30 50 0.048 49.952
30 49.952 0.048 49.904
13 49.952 0.048 49.904
15 50 0.048 49.952
19 50 0.048 49.952
16 50 0.048 49.952
3 50 0.048 49.952
24 49.904 0.048 49.856
33 50 0.048 49.952
24 49.856 0.048 49.808
24 49.808 0.16 49.648
29 49.952 0.048 49.904
8 49.7541 0.048 49.7061
36 50 0.048 49.952
15 49.952 0.048 49.904
19 49.952 0.048 49.904
26 49.7397 0.048 49.6917
30 49.904 0.048 49.856
8 49.7061 0.048 49.6581
5 49.952 0.048 49.904
29 49.904 0.048 49.856
39 50 0.048 49.952
12 49.952 0.048 49.904
33 49.952 0.048 49.904
24 49.8424 0.048 49.7944
14 50 0.048 49.952
26 50 0.048 49.952
5 49.904 0.048 49.856
8 49.8503 0.048 49.8023
15 49.904 0.048 49.856
19 49.904 0.048 49.856
19 49.856 0.048 49.808
15 49.856 0.048 49.808
26 49.952 0.048 49.904
30 49.856 0.048 49.808
11 49.952 0.048 49.904
34 50 0.048 49.952
7 50 0.048 49.952
3 49.952 0.048 49.904
36 49.952 0.048 49.904
29 50 0.048 49.952
5 50 0.048 49.952
8 49.8023 0.048 49.7543
26 49.904 0.048 49.856
1 50 0.048 49.952
38 50 0.048 49.952
2 50 0.048 49.952
4 50 0.048 49.952
18 50 0.048 49.952
24 49.7944 0.048 49.7464
33 50 0.048 49.952
12 50 0.048 49.952
39 49.952 0.048 49.904
20 50 0.048 49.952
34 49.952 0.048 49.904
11 50 0.048 49.952
13 50 0.048 49.952
2 49.952 0.048 49.904
4 49.952 0.048 49.904
30 49.9897 0.048 49.9417
30 49.9417 0.048 49.8937
2 49.904 0.048 49.856
13 49.952 0.048 49.904
15 50 0.048 49.952
19 49.9407 0.048 49.8927
16 50 0.048 49.952
3 50 0.048 49.952
29 49.952 0.048 49.904
8 49.7543 0.048 49.7063
36 50 0.048 49.952
15 49.952 0.048 49.904
19 49.8927 0.048 49.8447
26 49.856 0.048 49.808
30 49.8937 0.048 49.8457
8 49.7063 0.048 49.6583
5 49.952 0.048 49.904
26 49.808 0.048 49.76
29 49.904 0.048 49.856
39 50 0.048 49.952
12 49.952 0.048 49.904
33 49.952 0.048 49.904
24 49.9286 0.048 49.8806
33 49.904 0.048 49.856
33 49.856 0.16 49.696
14 50 0.048 49.952
26 50 0.048 49.952
5 49.904 0.048 49.856
8 50 0.048 49.952
15 49.904 0.048 49.856
19 49.8447 0.048 49.7967
19 49.7967 0.048 49.7487
15 49.856 0.048 49.808
26 49.952 0.048 49.904
30 49.8457 0.048 49.7977
11 49.952 0.048 49.904
34 50 0.048 49.952
7 50 0.048 49.952
3 49.952 0.048 49.904
21 50 0.048 49.952
21 49.952 0.048 49.904
7 49.952 0.048 49.904
7 49.904 0.16 49.744
3 49.904 0.16 49.744
21 49.904 0.16 49.744
21 49.744 0.016 49.728
7 49.744 0.016 49.728
21 49.728 0.048 49.68
7 49.728 0.048 49.68
36 49.952 0.048 49.904
29 50 0.048 49.952
5 50 0.048 49.952
8 49.952 0.048 49.904
26 49.904 0.048 49.856
1 50 0.048 49.952
38 50 0.048 49.952
2 50 0.048 49.952
4 50 0.048 49.952
18 50 0.048 49.952
1 49.952 0.048 49.904
24 49.8806 0.048 49.8326
33 50 0.048 49.952
12 50 0.048 49.952
39 49.952 0.048 49.904
20 50 0.048 49.952
34 49.952 0.048 49.904
11 50 0.048 49.952
13 50 0.048 49.952
2 49.952 0.048 49.904
4 49.952 0.048 49.904
30 50 0.048 49.952
30 49.952 0.048 49.904
13 49.952 0.048 49.904
15 49.9125 0.048 49.8645
19 49.9718 0.048 49.9238
16 50 0.048 49.952
3 50 0.048 49.952
29 49.952 0.048 49.904
8 49.904 0.048 49.856
36 50 0.048 49.952
15 49.8645 0.048 49.8165
19 49.9238 0.048 49.8758
26 49.856 0.048 49.808
30 49.904 0.048 49.856
8 49.856 0.048 49.808
5 49.952 0.048 49.904
26 49.808 0.048 49.76
29 49.904 0.048 49.856
36 49.952 0.048 49.904
39 50 0.048 49.952
12 49.952 0.048 49.904
14 50 0.048 49.952
26 50 0.048 49.952
5 49.904 0.048 49.856
8 50 0.048 49.952
15 49.8165 0.048 49.7685
19 49.8758 0.048 49.8278
19 49.8278 0.048 49.7798
15 49.7685 0.048 49.7205
26 49.952 0.048 49.904
30 49.856 0.048 49.808
11 49.952 0.048 49.904
34 50 0.048 49.952
21 49.7843 0.048 49.7363
7 49.8049 0.048 49.7569
36 49.904 0.048 49.856
8 49.952 0.048 49.904
29 50 0.048 49.952
5 49.9739 0.048 49.9259
8 49.904 0.048 49.856
19 49.9063 0.048 49.8583
26 49.904 0.048 49.856
1 50 0.048 49.952
1 49.952 0.048 49.904
1 49.904 0.16 49.744
38 50 0.048 49.952
2 50 0.048 49.952
4 50 0.048 49.952
18 50 0.048 49.952
1 49.744 0.048 49.696
33 50 0.048 49.952
12 50 0.048 49.952
39 49.952 0.048 49.904
20 50 0.048 49.952
34 49.952 0.048 49.904
11 50 0.048 49.952
13 50 0.048 49.952
2 49.952 0.048 49.904
4 49.952 0.048 49.904
30 49.9223 0.048 49.8743
30 49.8743 0.048 49.8263
2 49.904 0.048 49.856
13 49.952 0.048 49.904
15 50 0.048 49.952
19 49.8583 0.048 49.8103
16 50 0.048 49.952
3 50 0.048 49.952
29 49.952 0.048 49.904
8 49.856 0.048 49.808
36 50 0.048 49.952
15 49.952 0.048 49.904
19 49.8103 0.048 49.7623
26 49.856 0.048 49.808
30 49.8263 0.048 49.7783
8 49.808 0.048 49.76
5 49.9259 0.048 49.8779
26 49.808 0.048 49.76
29 49.904 0.048 49.856
36 49.952 0.048 49.904
39 50 0.048 49.952
12 49.952 0.048 49.904
14 50 0.048 49.952
26 50 0.048 49.952
5 49.8779 0.048 49.8299
8 49.9749 0.048 49.9269
15 49.904 0.048 49.856
19 49.7623 0.048 49.7143
19 49.7143 0.048 49.6663
15 49.856 0.048 49.808
26 49.952 0.048 49.904
30 49.7783 0.048 49.7303
11 49.952 0.048 49.904
21 50 0.048 49.952
7 49.9261 0.048 49.8781
36 49.904 0.048 49.856
8 49.9269 0.048 49.8789
29 50 0.048 49.952
5 50 0.048 49.952
8 49.8789 0.048 49.8309
19 49.8214 0.048 49.7734
26 49.904 0.048 49.856
38 50 0.048 49.952
2 50 0.048 49.952
4 50 0.048 49.952
18 50 0.048 49.952
1 49.8492 0.048 49.8012
12 50 0.048 49.952
39 49.952 0.048 49.904
20 50 0.048 49.952
34 50 0.048 49.952
13 50 0.048 49.952
2 49.952 0.048 49.904
4 49.952 0.048 49.904
30 49.9328 0.048 49.8848
30 49.8848 0.048 49.8368
2 49.904 0.048 49.856
13 49.952 0.048 49.904
15 49.9433 0.048 49.8953
19 49.7734 0.048 49.7254
16 50 0.048 49.952
3 50 0.048 49.952
29 49.952 0.048 49.904
8 49.8309 0.048 49.7829
36 50 0.048 49.952
15 49.8953 0.048 49.8473
19 49.7254 0.048 49.6774
26 49.856 0.048 49.808
30 49.8368 0.048 49.7888
8 49.7829 0.048 49.7349
5 49.952 0.048 49.904
29 49.904 0.048 49.856
36 49.952 0.048 49.904
39 50 0.048 49.952
12 49.952 0.048 49.904
14 50 0.048 49.952
26 49.908 0.048 49.86
5 49.904 0.048 49.856
15 49.8473 0.048 49.7993
19 49.6774 0.048 49.6294
19 49.6294 0.048 49.5814
5 49.856 0.048 49.808
15 49.7993 0.048 49.7513
26 49.86 0.048 49.812
30 49.7888 0.048 49.7408
11 50 0.048 49.952
34 50 0.048 49.952
21 50 0.048 49.952
7 50 0.048 49.952
36 49.904 0.048 49.856
8 50 0.048 49.952
29 49.976 0.048 49.928
36 49.856 0.048 49.808
36 49.808 0.16 49.648
5 50 0.048 49.952
8 49.952 0.048 49.904
19 49.7861 0.048 49.7381
26 49.812 0.048 49.764
38 50 0.048 49.952
2 50 0.048 49.952
4 50 0.048 49.952
18 50 0.048 49.952
36 49.9922 0.048 49.9442
12 50 0.048 49.952
39 49.952 0.048 49.904
20 50 0.048 49.952
34 49.952 0.048 49.904
11 50 0.048 49.952
13 50 0.048 49.952
2 49.952 0.048 49.904
4 49.952 0.048 49.904
30 49.9221 0.048 49.8741
30 49.8741 0.048 49.8261
2 49.904 0.048 49.856
13 49.952 0.048 49.904
15 49.9339 0.048 49.8859
19 49.7381 0.048 49.6901
16 50 0.048 49.952
3 50 0.048 49.952
29 49.928 0.048 49.88
8 49.904 0.048 49.856
36 49.9442 0.048 49.8962
15 49.8859 0.048 49.8379
19 49.6901 0.048 49.6421
26 49.764 0.048 49.716
30 49.8261 0.048 49.7781
8 49.856 0.048 49.808
5 49.952 0.048 49.904
29 49.88 0.048 49.832
36 49.8962 0.048 49.8482
39 50 0.048 49.952
12 49.952 0.048 49.904
14 50 0.048 49.952
26 50 0.048 49.952
5 49.904 0.048 49.856
15 49.8379 0.048 49.7899
19 49.6421 0.048 49.5941
19 49.5941 0.048 49.5461
5 49.856 0.048 49.808
15 49.7899 0.048 49.7419
26 49.952 0.048 49.904
30 49.7781 0.048 49.7301
11 49.952 0.048 49.904
17 50 0.048 49.952
17 49.952 0.048 49.904
34 50 0.048 49.952
11 49.904 0.048 49.856
11 49.856 0.16 49.696
17 49.904 0.16 49.744
17 49.744 0.016 49.728
11 49.696 0.016 49.68
17 49.728 0.048 49.68
11 49.68 0.048 49.632
35 50 0.048 49.952
34 49.952 0.16 49.792
21 50 0.048 49.952
7 50 0.048 49.952
5 49.9485 0.048 49.9005
8 50 0.048 49.952
19 49.6519 0.048 49.6039
26 49.904 0.048 49.856
38 50 0.048 49.952
2 50 0.048 49.952
4 50 0.048 49.952
18 50 0.048 49.952
8 49.952 0.048 49.904
29 49.9549 0.048 49.9069
36 50 0.048 49.952
12 50 0.048 49.952
39 49.952 0.048 49.904
20 50 0.048 49.952
34 49.792 0.048 49.744
13 50 0.048 49.952
2 49.952 0.048 49.904
4 49.952 0.048 49.904
30 50 0.048 49.952
30 49.952 0.048 49.904
2 49.904 0.048 49.856
4 49.904 0.048 49.856
13 49.952 0.048 49.904
15 49.9235 0.048 49.8755
19 49.6039 0.048 49.5559
16 50 0.048 49.952
3 50 0.048 49.952
29 49.9069 0.048 49.8589
8 49.904 0.048 49.856
36 49.952 0.048 49.904
29 49.8589 0.048 49.8109
29 49.8109 0.16 49.6509
15 49.8755 0.048 49.8275
19 49.5559 0.048 49.5079
26 49.856 0.048 49.808
30 49.904 0.048 49.856
8 49.856 0.048 49.808
5 49.9005 0.048 49.8525
26 49.808 0.048 49.76
29 49.6509 0.048 49.6029
36 49.904 0.048 49.856
8 49.808 0.048 49.76
8 49.76 0.16 49.6
2 49.856 0.048 49.808
4 49.9713 0.048 49.9233
13 49.904 0.048 49.856
18 50 0.048 49.952
30 49.856 0.048 49.808
38 49.952 0.048 49.904
39 50 0.048 49.952
12 49.952 0.048 49.904
14 50 0.048 49.952
26 50 0.048 49.952
5 49.8525 0.048 49.8045
15 49.8275 0.048 49.7795
19 49.5079 0.048 49.4599
19 49.4599 0.048 49.4119
5 49.8045 0.048 49.7565
15 49.7795 0.048 49.7315
26 49.952 0.048 49.904
30 49.808 0.048 49.76
17 49.9445 0.048 49.8965
35 50 0.048 49.952
21 50 0.048 49.952
5 50 0.048 49.952
8 49.7434 0.048 49.6954
19 49.5627 0.048 49.5147
26 49.904 0.048 49.856
38 50 0.048 49.952
2 49.9843 0.048 49.9363
4 49.9233 0.048 49.8753
18 49.952 0.048 49.904
5 49.952 0.048 49.904
8 49.6954 0.048 49.6474
26 49.856 0.048 49.808
29 49.9637 0.048 49.9157
36 50 0.048 49.952
12 50 0.048 49.952
39 49.952 0.048 49.904
20 50 0.048 49.952
34 50 0.048 49.952
11 50 0.048 49.952
13 50 0.048 49.952
2 49.9363 0.048 49.8883
4 49.8753 0.048 49.8273
30 50 0.048 49.952
30 49.952 0.048 49.904
2 49.8883 0.048 49.8403
4 49.8273 0.048 49.7793
13 49.952 0.048 49.904
15 49.861 0.048 49.813
19 49.5147 0.048 49.4667
16 50 0.048 49.952
3 50 0.048 49.952
15 49.813 0.048 49.765
19 49.4667 0.048 49.4187
26 49.808 0.048 49.76
30 49.904 0.048 49.856
2 49.8403 0.048 49.7923
4 49.9969 0.048 49.9489
13 49.904 0.048 49.856
18 50 0.048 49.952
30 49.856 0.048 49.808
38 49.952 0.048 49.904
39 50 0.048 49.952
12 49.952 0.048 49.904
14 50 0.048 49.952
26 50 0.048 49.952
5 49.904 0.048 49.856
15 49.765 0.048 49.717
19 49.4187 0.048 49.3707
26 49.952 0.048 49.904
26 49.904 0.16 49.744
19 49.3707 0.048 49.3227
5 49.856 0.048 49.808
15 49.717 0.048 49.669
26 49.744 0.048 49.696
30 49.808 0.048 49.76
19 49.3227 0.048 49.2747
19 49.2747 0.16 49.1147
17 50 0.048 49.952
11 49.952 0.048 49.904
35 50 0.048 49.952
21 50 0.048 49.952
5 50 0.048 49.952
19 49.2606 0.048 49.2126
19 49.2126 0.048 49.1646
26 49.696 0.048 49.648
5 49.952 0.096 49.856
5 49.856 0.16 49.696
38 50 0.048 49.952
2 50 0.048 49.952
4 49.9489 0.048 49.9009
18 49.952 0.048 49.904
5 49.696 0.048 49.648
8 49.8519 0.048 49.8039
15 50 0.048 49.952
19 49.1646 0.048 49.1166
26 49.648 0.048 49.6
29 50 0.048 49.952
30 50 0.048 49.952
12 50 0.048 49.952
39 49.952 0.048 49.904
20 50 0.048 49.952
34 50 0.048 49.952
11 50 0.048 49.952
13 50 0.048 49.952
2 49.952 0.048 49.904
4 49.9009 0.048 49.8529
30 49.952 0.048 49.904
30 49.904 0.048 49.856
4 49.8529 0.048 49.8049
4 49.8049 0.048 49.7569
13 49.952 0.048 49.904
15 49.952 0.048 49.904
19 49.1166 0.048 49.0686
30 49.856 0.096 49.76
30 49.76 0.16 49.6
16 50 0.048 49.952
3 50 0.048 49.952
15 49.904 0.048 49.856
19 49.0686 0.048 49.0206
26 49.6 0.048 49.552
30 49.6 0.048 49.552
15 49.856 0.048 49.808
15 49.808 0.16 49.648
2 49.904 0.048 49.856
4 49.9816 0.048 49.9336
13 49.904 0.048 49.856
38 49.952 0.048 49.904
39 50 0.048 49.952
12 49.952 0.048 49.904
14 50 0.048 49.952
17 50 0.048 49.952
11 49.952 0.048 49.904
35 50 0.048 49.952
21 50 0.048 49.952
38 50 0.048 49.952
2 50 0.048 49.952
4 49.9336 0.048 49.8856
18 50 0.048 49.952
2 49.952 0.048 49.904
13 50 0.048 49.952
15 49.9896 0.048 49.9416
19 49.254 0.048 49.206
30 49.777 0.048 49.729
12 50 0.048 49.952
39 49.952 0.048 49.904
20 50 0.048 49.952
34 50 0.048 49.952
11 50 0.048 49.952
13 49.952 0.048 49.904
2 49.904 0.048 49.856
4 49.8856 0.048 49.8376
4 49.8376 0.048 49.7896
30 49.729 0.048 49.681
13 49.904 0.096 49.808
13 49.808 0.16 49.648
16 50 0.048 49.952
3 50 0.048 49.952
2 49.856 0.048 49.808
4 50 0.048 49.952
4 49.952 0.048 49.904
13 49.648 0.048 49.6
38 49.952 0.048 49.904
2 49.808 0.096 49.712
2 49.712 0.16 49.552
39 50 0.048 49.952
12 49.952 0.048 49.904
14 50 0.048 49.952
17 50 0.048 49.952
11 49.952 0.048 49.904
35 50 0.048 49.952
21 50 0.048 49.952
38 50 0.048 49.952
2 49.9145 0.048 49.8665
4 49.904 0.048 49.856
18 50 0.048 49.952
2 49.8665 0.048 49.8185
4 49.856 0.048 49.808
13 49.8317 0.048 49.7837
15 50 0.048 49.952
30 50 0.048 49.952
38 49.952 0.048 49.904
12 50 0.048 49.952
39 49.952 0.048 49.904
20 50 0.048 49.952
34 50 0.048 49.952
11 50 0.048 49.952
16 50 0.048 49.952
3 50 0.048 49.952
39 50 0.048 49.952
12 49.952 0.048 49.904
14 50 0.048 49.952
17 50 0.048 49.952
35 50 0.048 49.952
21 50 0.048 49.952
38 50 0.048 49.952
2 50 0.048 49.952
4 50 0.048 49.952
18 50 0.048 49.952
38 49.952 0.048 49.904
38 49.904 0.16 49.744
2 49.952 0.048 49.904
4 49.952 0.048 49.904
13 50 0.048 49.952
18 49.952 0.048 49.904
38 49.744 0.048 49.696
12 50 0.048 49.952
39 49.952 0.048 49.904
20 50 0.048 49.952
34 50 0.048 49.952
11 50 0.048 49.952
35 49.952 0.048 49.904
17 50 0.048 49.952
16 50 0.048 49.952
3 50 0.048 49.952
39 50 0.048 49.952
12 49.952 0.048 49.904
14 50 0.048 49.952
17 49.952 0.048 49.904
35 50 0.048 49.952
21 50 0.048 49.952
18 50 0.048 49.952
20 50 0.048 49.952
38 49.9053 0.048 49.8573
12 50 0.048 49.952
39 49.952 0.048 49.904
20 49.952 0.048 49.904
34 50 0.048 49.952
11 50 0.048 49.952
35 49.952 0.048 49.904
17 50 0.048 49.952
16 50 0.048 49.952
3 50 0.048 49.952
22 50 0.048 49.952
39 50 0.048 49.952
12 49.952 0.048 49.904
14 50 0.048 49.952
37 50 0.048 49.952
17 49.952 0.048 49.904
11 49.952 0.048 49.904
35 50 0.048 49.952
21 50 0.048 49.952
31 50 0.048 49.952
27 50 0.048 49.952
20 50 0.048 49.952
12 50 0.048 49.952
39 49.952 0.048 49.904
20 49.952 0.048 49.904
20 49.904 0.048 49.856
20 49.856 0.16 49.696
34 50 0.048 49.952
11 50 0.048 49.952
35 49.952 0.048 49.904
17 50 0.048 49.952
16 50 0.048 49.952
3 50 0.048 49.952
22 50 0.048 49.952
39 50 0.048 49.952
12 49.952 0.048 49.904
14 50 0.048 49.952
14 49.952 0.048 49.904
14 49.904 0.16 49.744
37 50 0.048 49.952
17 49.952 0.048 49.904
35 50 0.048 49.952
21 50 0.048 49.952
31 50 0.048 49.952
27 50 0.048 49.952
14 50 0.048 49.952
20 50 0.048 49.952
12 50 0.048 49.952
39 49.952 0.048 49.904
34 50 0.048 49.952
11 50 0.048 49.952
35 49.952 0.048 49.904
17 50 0.048 49.952
16 50 0.048 49.952
3 50 0.048 49.952
22 50 0.048 49.952
39 50 0.048 49.952
12 49.952 0.048 49.904
37 50 0.048 49.952
17 49.952 0.048 49.904
35 50 0.048 49.952
21 50 0.048 49.952
31 50 0.048 49.952
27 50 0.048 49.952
32 50 0.048 49.952
6 50 0.048 49.952
23 50 0.048 49.952
14 50 0.048 49.952
12 50 0.048 49.952
39 49.952 0.048 49.904
34 50 0.048 49.952
11 50 0.048 49.952
35 49.952 0.048 49.904
17 50 0.048 49.952
16 50 0.048 49.952
3 50 0.048 49.952
7 50 0.048 49.952
7 49.952 0.048 49.904
16 49.952 0.048 49.904
16 49.904 0.16 49.744
3 49.952 0.16 49.792
7 49.904 0.16 49.744
7 49.744 0.016 49.728
16 49.744 0.016 49.728
7 49.728 0.048 49.68
3 49.792 0.048 49.744
16 49.728 0.048 49.68
22 50 0.048 49.952
39 50 0.048 49.952
12 49.952 0.048 49.904
37 50 0.048 49.952
17 49.952 0.048 49.904
35 50 0.048 49.952
21 50 0.048 49.952
31 50 0.048 49.952
27 50 0.048 49.952
32 50 0.048 49.952
6 50 0.048 49.952
23 50 0.048 49.952
14 50 0.048 49.952
12 50 0.048 49.952
39 49.952 0.048 49.904
34 50 0.048 49.952
11 50 0.048 49.952
35 49.952 0.048 49.904
17 50 0.048 49.952
7 49.9047 0.048 49.8567
3 50 0.048 49.952
10 50 0.048 49.952
28 50 0.048 49.952
22 50 0.048 49.952
39 50 0.048 49.952
12 49.952 0.048 49.904
37 50 0.048 49.952
17 49.952 0.048 49.904
35 50 0.048 49.952
21 50 0.048 49.952
31 50 0.048 49.952
27 50 0.048 49.952
32 50 0.048 49.952
6 50 0.048 49.952
23 50 0.048 49.952
12 50 0.048 49.952
39 49.952 0.048 49.904
34 50 0.048 49.952
11 50 0.048 49.952
35 49.952 0.048 49.904
17 50 0.048 49.952
7 50 0.048 49.952
3 50 0.048 49.952
10 50 0.048 49.952
28 50 0.048 49.952
22 50 0.048 49.952
39 50 0.048 49.952
12 49.952 0.048 49.904
37 50 0.048 49.952
17 49.952 0.048 49.904
21 50 0.048 49.952
31 50 0.048 49.952
27 50 0.048 49.952
32 50 0.048 49.952
6 50 0.048 49.952
23 50 0.048 49.952
12 50 0.048 49.952
39 49.952 0.048 49.904
34 50 0.048 49.952
11 50 0.048 49.952
35 50 0.048 49.952
17 50 0.048 49.952
7 50 0.048 49.952
3 50 0.048 49.952
10 50 0.048 49.952
28 50 0.048 49.952
22 50 0.048 49.952
39 50 0.048 49.952
12 49.952 0.048 49.904
37 50 0.048 49.952
17 49.952 0.048 49.904
35 50 0.048 49.952
21 50 0.048 49.952
31 50 0.048 49.952
27 50 0.048 49.952
32 50 0.048 49.952
6 50 0.048 49.952
23 50 0.048 49.952
12 50 0.048 49.952
12 49.952 0.048 49.904
39 49.952 0.048 49.904
34 50 0.048 49.952
11 50 0.048 49.952
35 49.952 0.048 49.904
7 50 0.048 49.952
3 50 0.048 49.952
10 50 0.048 49.952
28 50 0.048 49.952
22 50 0.048 49.952
39 50 0.048 49.952
12 49.904 0.048 49.856
37 50 0.048 49.952
17 50 0.048 49.952
35 50 0.048 49.952
21 50 0.048 49.952
31 50 0.048 49.952
27 50 0.048 49.952
32 50 0.048 49.952
6 50 0.048 49.952
23 50 0.048 49.952
12 50 0.048 49.952
39 49.952 0.048 49.904
12 49.952 0.048 49.904
39 49.904 0.048 49.856
12 49.904 0.048 49.856
12 49.856 0.16 49.696
34 50 0.048 49.952
11 50 0.048 49.952
35 49.952 0.048 49.904
17 50 0.048 49.952
7 50 0.048 49.952
3 50 0.048 49.952
28 50 0.048 49.952
10 50 0.048 49.952
10 49.952 0.048 49.904
28 49.952 0.048 49.904
22 50 0.048 49.952
39 49.9825 0.048 49.9345
12 49.696 0.048 49.648
39 49.9345 0.048 49.8865
39 49.8865 0.16 49.7265
37 50 0.048 49.952
17 49.952 0.048 49.904
35 50 0.048 49.952
21 50 0.048 49.952
31 50 0.048 49.952
27 50 0.048 49.952
32 50 0.048 49.952
6 50 0.048 49.952
23 50 0.048 49.952
12 49.7872 0.048 49.7392
39 49.7265 0.048 49.6785
34 50 0.048 49.952
11 50 0.048 49.952
35 49.952 0.048 49.904
17 50 0.048 49.952
7 50 0.048 49.952
3 50 0.048 49.952
28 50 0.048 49.952
10 50 0.048 49.952
10 49.952 0.048 49.904
28 49.952 0.048 49.904
22 50 0.048 49.952
37 50 0.048 49.952
17 49.952 0.048 49.904
35 50 0.048 49.952
21 50 0.048 49.952
31 50 0.048 49.952
27 50 0.048 49.952
32 50 0.048 49.952
6 50 0.048 49.952
23 50 0.048 49.952
35 49.952 0.048 49.904
39 49.806 0.048 49.758
34 50 0.048 49.952
11 50 0.048 49.952
35 49.904 0.048 49.856
17 50 0.048 49.952
7 50 0.048 49.952
3 50 0.048 49.952
28 50 0.048 49.952
10 50 0.048 49.952
10 49.952 0.048 49.904
28 49.952 0.048 49.904
22 50 0.048 49.952
37 50 0.048 49.952
17 49.952 0.048 49.904
35 49.9711 0.048 49.9231
21 50 0.048 49.952
31 50 0.048 49.952
27 50 0.048 49.952
32 50 0.048 49.952
6 50 0.048 49.952
23 50 0.048 49.952
17 49.904 0.048 49.856
35 49.9231 0.048 49.8751
34 50 0.048 49.952
11 50 0.048 49.952
35 49.8751 0.048 49.8271
17 49.9857 0.048 49.9377
35 49.8271 0.048 49.7791
35 49.7791 0.16 49.6191
7 50 0.048 49.952
3 50 0.048 49.952
28 50 0.048 49.952
10 50 0.048 49.952
10 49.952 0.048 49.904
28 49.952 0.048 49.904
22 50 0.048 49.952
37 50 0.048 49.952
17 49.9377 0.048 49.8897
35 49.9822 0.048 49.9342
17 49.8897 0.048 49.8417
17 49.8417 0.16 49.6817
21 50 0.048 49.952
31 50 0.048 49.952
27 50 0.048 49.952
32 50 0.048 49.952
6 50 0.048 49.952
23 50 0.048 49.952
11 50 0.048 49.952
17 49.6817 0.048 49.6337
35 49.9342 0.048 49.8862
34 50 0.048 49.952
11 49.952 0.048 49.904
7 50 0.048 49.952
3 50 0.048 49.952
28 50 0.048 49.952
10 50 0.048 49.952
10 49.952 0.048 49.904
28 49.952 0.048 49.904
22 50 0.048 49.952
37 50 0.048 49.952
21 50 0.048 49.952
31 50 0.048 49.952
27 50 0.048 49.952
32 50 0.048 49.952
6 50 0.048 49.952
23 50 0.048 49.952
11 50 0.048 49.952
34 50 0.048 49.952
35 50 0.048 49.952
34 49.952 0.048 49.904
11 49.952 0.048 49.904
34 49.904 0.048 49.856
34 49.856 0.16 49.696
7 50 0.048 49.952
3 50 0.048 49.952
28 50 0.048 49.952
10 50 0.048 49.952
10 49.952 0.048 49.904
28 49.952 0.048 49.904
22 50 0.048 49.952
37 50 0.048 49.952
21 50 0.048 49.952
31 50 0.048 49.952
27 50 0.048 49.952
32 50 0.048 49.952
6 50 0.048 49.952
23 50 0.048 49.952
18 50 0.048 49.952
2 50 0.048 49.952
2 49.952 0.048 49.904
38 50 0.048 49.952
18 49.952 0.048 49.904
18 49.904 0.16 49.744
2 49.904 0.16 49.744
2 49.744 0.016 49.728
18 49.744 0.016 49.728
2 49.728 0.048 49.68
4 50 0.048 49.952
13 50 0.048 49.952
18 49.728 0.048 49.68
30 50 0.048 49.952
30 49.952 0.048 49.904
38 49.952 0.048 49.904
2 49.68 0.048 49.632
2 49.632 0.16 49.472
38 49.904 0.16 49.744
4 49.952 0.16 49.792
13 49.952 0.16 49.792
30 49.904 0.16 49.744
30 49.744 0.016 49.728
2 49.472 0.016 49.456
30 49.728 0.048 49.68
2 49.456 0.048 49.408
13 49.792 0.048 49.744
15 50 0.048 49.952
19 50 0.048 49.952
19 49.952 0.048 49.904
30 49.68 0.048 49.632
30 49.632 0.16 49.472
38 49.744 0.16 49.584
13 49.744 0.16 49.584
15 49.952 0.16 49.792
19 49.904 0.16 49.744
19 49.744 0.016 49.728
30 49.472 0.016 49.456
19 49.728 0.048 49.68
5 50 0.048 49.952
5 49.952 0.048 49.904
15 49.792 0.048 49.744
26 50 0.048 49.952
26 49.952 0.048 49.904
30 49.456 0.048 49.408
19 49.68 0.096 49.584
19 49.584 0.16 49.424
5 49.904 0.16 49.744
15 49.744 0.16 49.584
26 49.904 0.16 49.744
26 49.744 0.016 49.728
19 49.424 0.016 49.408
26 49.728 0.048 49.68
5 49.744 0.048 49.696
15 49.584 0.048 49.536
19 49.408 0.048 49.36
29 50 0.048 49.952
11 50 0.048 49.952
34 49.8988 0.048 49.8508
27 49.952 0.048 49.904
31 49.952 0.048 49.904
7 50 0.048 49.952
3 50 0.048 49.952
3 49.952 0.048 49.904
7 50 0.048 49.952
16 50 0.048 49.952
28 50 0.048 49.952
10 50 0.048 49.952
10 49.952 0.048 49.904
28 49.952 0.048 49.904
22 50 0.048 49.952
37 50 0.048 49.952
21 50 0.048 49.952
31 50 0.048 49.952
27 50 0.048 49.952
25 50 0.048 49.952
32 50 0.048 49.952
6 50 0.048 49.952
23 50 0.048 49.952
26 50 0.048 49.952
5 50 0.048 49.952
15 49.6975 0.048 49.6495
19 49.5433 0.048 49.4953
29 50 0.048 49.952
34 49.973 0.048 49.925
27 49.952 0.048 49.904
31 49.952 0.048 49.904
7 49.952 0.048 49.904
3 50 0.048 49.952
3 49.952 0.048 49.904
7 50 0.048 49.952
16 50 0.048 49.952
28 50 0.048 49.952
10 50 0.048 49.952
10 49.952 0.048 49.904
28 49.952 0.048 49.904
22 50 0.048 49.952
37 50 0.048 49.952
21 50 0.048 49.952
31 50 0.048 49.952
27 50 0.048 49.952
25 50 0.048 49.952
32 50 0.048 49.952
6 50 0.048 49.952
23 50 0.048 49.952
26 50 0.048 49.952
5 50 0.048 49.952
15 50 0.048 49.952
19 49.6181 0.048 49.5701
29 50 0.048 49.952
27 49.952 0.048 49.904
31 49.952 0.048 49.904
7 49.952 0.048 49.904
3 50 0.048 49.952
3 49.952 0.048 49.904
7 50 0.048 49.952
16 50 0.048 49.952
28 50 0.048 49.952
10 50 0.048 49.952
10 49.952 0.048 49.904
28 49.952 0.048 49.904
22 50 0.048 49.952
37 50 0.048 49.952
21 50 0.048 49.952
31 50 0.048 49.952
27 50 0.048 49.952
25 50 0.048 49.952
32 50 0.048 49.952
6 50 0.048 49.952
23 50 0.048 49.952
26 50 0.048 49.952
5 50 0.048 49.952
15 50 0.048 49.952
19 49.7088 0.048 49.6608
29 50 0.048 49.952
22 49.952 0.048 49.904
27 49.952 0.048 49.904
31 49.952 0.048 49.904
7 49.952 0.048 49.904
3 50 0.048 49.952
3 49.952 0.048 49.904
7 50 0.048 49.952
16 50 0.048 49.952
28 50 0.048 49.952
10 50 0.048 49.952
10 49.952 0.048 49.904
28 49.952 0.048 49.904
22 50 0.048 49.952
22 49.952 0.048 49.904
22 49.904 0.16 49.744
37 50 0.048 49.952
21 50 0.048 49.952
31 50 0.048 49.952
27 50 0.048 49.952
31 49.952 0.048 49.904
31 49.904 0.16 49.744
25 50 0.048 49.952
32 50 0.048 49.952
6 50 0.048 49.952
23 50 0.048 49.952
26 50 0.048 49.952
5 50 0.048 49.952
19 50 0.048 49.952
29 50 0.048 49.952
22 49.744 0.048 49.696
31 49.744 0.048 49.696
27 49.952 0.048 49.904
31 49.696 0.048 49.648
7 49.952 0.048 49.904
3 50 0.048 49.952
3 49.952 0.048 49.904
7 50 0.048 49.952
16 50 0.048 49.952
28 50 0.048 49.952
10 50 0.048 49.952
10 49.952 0.048 49.904
28 49.952 0.048 49.904
37 50 0.048 49.952
21 50 0.048 49.952
25 50 0.048 49.952
32 50 0.048 49.952
6 50 0.048 49.952
23 50 0.048 49.952
26 50 0.048 49.952
5 50 0.048 49.952
19 50 0.048 49.952
27 50 0.048 49.952
31 49.7756 0.048 49.7276
27 49.952 0.048 49.904
31 49.7276 0.048 49.6796
27 49.904 0.048 49.856
27 49.856 0.16 49.696
7 49.952 0.048 49.904
3 50 0.048 49.952
3 49.952 0.048 49.904
7 50 0.048 49.952
16 50 0.048 49.952
28 50 0.048 49.952
10 50 0.048 49.952
10 49.952 0.048 49.904
28 49.952 0.048 49.904
37 50 0.048 49.952
21 50 0.048 49.952
25 50 0.048 49.952
32 50 0.048 49.952
6 50 0.048 49.952
23 50 0.048 49.952
26 50 0.048 49.952
5 50 0.048 49.952
19 50 0.048 49.952
27 49.9018 0.048 49.8538
31 50 0.048 49.952
7 49.952 0.048 49.904
3 50 0.048 49.952
3 49.952 0.048 49.904
7 50 0.048 49.952
16 50 0.048 49.952
28 50 0.048 49.952
10 50 0.048 49.952
10 49.952 0.048 49.904
28 49.952 0.048 49.904
37 50 0.048 49.952
21 50 0.048 49.952
25 50 0.048 49.952
32 50 0.048 49.952
6 50 0.048 49.952
23 50 0.048 49.952
26 50 0.048 49.952
5 50 0.048 49.952
15 50 0.048 49.952
19 50 0.048 49.952
29 50 0.048 49.952
27 50 0.048 49.952
37 49.952 0.048 49.904
7 49.952 0.048 49.904
3 50 0.048 49.952
3 49.952 0.048 49.904
7 50 0.048 49.952
16 50 0.048 49.952
28 50 0.048 49.952
10 50 0.048 49.952
10 49.952 0.048 49.904
28 49.952 0.048 49.904
37 50 0.048 49.952
37 49.952 0.048 49.904
37 49.904 0.16 49.744
21 50 0.048 49.952
25 50 0.048 49.952
32 50 0.048 49.952
6 50 0.048 49.952
23 50 0.048 49.952
26 50 0.048 49.952
5 50 0.048 49.952
15 50 0.048 49.952
19 50 0.048 49.952
29 50 0.048 49.952
37 49.744 0.048 49.696
7 49.952 0.048 49.904
3 50 0.048 49.952
3 49.952 0.048 49.904
7 50 0.048 49.952
16 50 0.048 49.952
28 50 0.048 49.952
10 50 0.048 49.952
10 49.952 0.048 49.904
28 49.952 0.048 49.904
21 50 0.048 49.952
25 50 0.048 49.952
32 50 0.048 49.952
6 50 0.048 49.952
23 50 0.048 49.952
26 50 0.048 49.952
5 50 0.048 49.952
8 50 0.048 49.952
15 50 0.048 49.952
19 50 0.048 49.952
29 50 0.048 49.952
9 50 0.048 49.952
37 49.8051 0.048 49.7571
7 49.952 0.048 49.904
3 50 0.048 49.952
3 49.952 0.048 49.904
7 50 0.048 49.952
16 50 0.048 49.952
28 50 0.048 49.952
10 50 0.048 49.952
10 49.952 0.048 49.904
28 49.952 0.048 49.904
21 50 0.048 49.952
25 50 0.048 49.952
32 50 0.048 49.952
6 50 0.048 49.952
23 50 0.048 49.952
26 50 0.048 49.952
5 50 0.048 49.952
8 50 0.048 49.952
15 50 0.048 49.952
19 50 0.048 49.952
29 50 0.048 49.952
9 50 0.048 49.952
21 49.952 0.048 49.904
7 49.952 0.048 49.904
3 50 0.048 49.952
3 49.952 0.048 49.904
7 50 0.048 49.952
16 50 0.048 49.952
28 50 0.048 49.952
10 50 0.048 49.952
10 49.952 0.048 49.904
28 49.952 0.048 49.904
21 50 0.048 49.952
21 49.952 0.048 49.904
21 49.904 0.16 49.744
25 50 0.048 49.952
32 50 0.048 49.952
6 50 0.048 49.952
23 50 0.048 49.952
26 50 0.048 49.952
5 50 0.048 49.952
15 50 0.048 49.952
19 50 0.048 49.952
29 50 0.048 49.952
7 49.952 0.048 49.904
9 50 0.048 49.952
21 49.744 0.048 49.696
7 49.904 0.048 49.856
3 50 0.048 49.952
3 49.952 0.048 49.904
7 50 0.048 49.952
16 50 0.048 49.952
28 50 0.048 49.952
10 50 0.048 49.952
10 49.952 0.048 49.904
28 49.952 0.048 49.904
25 50 0.048 49.952
32 50 0.048 49.952
6 50 0.048 49.952
23 50 0.048 49.952
26 50 0.048 49.952
5 50 0.048 49.952
8 50 0.048 49.952
15 50 0.048 49.952
19 50 0.048 49.952
29 50 0.048 49.952
3 49.904 0.048 49.856
7 49.952 0.048 49.904
21 49.9952 0.048 49.9472
7 49.904 0.048 49.856
3 50 0.048 49.952
7 49.856 0.048 49.808
7 49.808 0.16 49.648
3 49.952 0.048 49.904
7 49.8757 0.048 49.8277
16 50 0.048 49.952
16 49.952 0.048 49.904
3 49.904 0.096 49.808
3 49.808 0.16 49.648
28 50 0.048 49.952
10 50 0.048 49.952
10 49.952 0.048 49.904
28 49.952 0.048 49.904
25 50 0.048 49.952
32 50 0.048 49.952
6 50 0.048 49.952
23 50 0.048 49.952
26 50 0.048 49.952
5 50 0.048 49.952
8 50 0.048 49.952
15 50 0.048 49.952
19 50 0.048 49.952
3 49.648 0.048 49.6
7 49.8277 0.048 49.7797
16 50 0.048 49.952
28 50 0.048 49.952
10 50 0.048 49.952
10 49.952 0.048 49.904
28 49.952 0.048 49.904
25 50 0.048 49.952
32 50 0.048 49.952
6 50 0.048 49.952
23 50 0.048 49.952
26 50 0.048 49.952
5 50 0.048 49.952
8 50 0.048 49.952
15 50 0.048 49.952
19 50 0.048 49.952
29 50 0.048 49.952
3 49.7617 0.048 49.7137
7 49.8854 0.048 49.8374
16 50 0.048 49.952
28 50 0.048 49.952
28 49.952 0.048 49.904
10 50 0.048 49.952
28 49.904 0.048 49.856
28 49.856 0.16 49.696
10 49.952 0.048 49.904
28 49.696 0.048 49.648
25 50 0.048 49.952
32 50 0.048 49.952
6 50 0.048 49.952
23 50 0.048 49.952
26 50 0.048 49.952
5 50 0.048 49.952
15 50 0.048 49.952
19 50 0.048 49.952
29 50 0.048 49.952
10 49.904 0.048 49.856
28 49.7531 0.048 49.7051
10 50 0.048 49.952
28 49.7051 0.048 49.6571
10 49.952 0.048 49.904
10 49.904 0.16 49.744
25 50 0.048 49.952
32 50 0.048 49.952
6 50 0.048 49.952
23 50 0.048 49.952
32 49.952 0.048 49.904
32 49.904 0.16 49.744
26 50 0.048 49.952
5 50 0.048 49.952
15 50 0.048 49.952
19 50 0.048 49.952
29 50 0.048 49.952
6 49.952 0.048 49.904
10 49.744 0.048 49.696
28 49.8069 0.048 49.7589
32 49.744 0.048 49.696
25 50 0.048 49.952
26 50 0.048 49.952
5 50 0.048 49.952
15 50 0.048 49.952
19 50 0.048 49.952
29 50 0.048 49.952
6 50 0.048 49.952
10 49.8171 0.048 49.7691
23 50 0.048 49.952
32 49.9463 0.048 49.8983
25 50 0.048 49.952
26 50 0.048 49.952
5 50 0.048 49.952
15 50 0.048 49.952
19 50 0.048 49.952
29 50 0.048 49.952
6 50 0.048 49.952
23 50 0.048 49.952
32 50 0.048 49.952
25 50 0.048 49.952
26 50 0.048 49.952
5 50 0.048 49.952
15 50 0.048 49.952
19 50 0.048 49.952
29 50 0.048 49.952
25 50 0.048 49.952
26 50 0.048 49.952
5 50 0.048 49.952
15 50 0.048 49.952
19 50 0.048 49.952
29 50 0.048 49.952
25 50 0.048 49.952
25 49.952 0.048 49.904
25 49.904 0.16 49.744
26 50 0.048 49.952
5 50 0.048 49.952
15 50 0.048 49.952
19 50 0.048 49.952
29 50 0.048 49.952
25 49.744 0.048 49.696
26 50 0.048 49.952
5 50 0.048 49.952
15 50 0.048 49.952
19 50 0.048 49.952
29 50 0.048 49.952
25 50 0.048 49.952
26 50 0.048 49.952
5 50 0.048 49.952
15 50 0.048 49.952
19 50 0.048 49.952
29 50 0.048 49.952
25 50 0.048 49.952
40 50 0.048 49.952
26 50 0.048 49.952
5 50 0.048 49.952
15 50 0.048 49.952
19 50 0.048 49.952
29 50 0.048 49.952
40 50 0.048 49.952
26 50 0.048 49.952
5 50 0.048 49.952
15 50 0.048 49.952
19 50 0.048 49.952
29 50 0.048 49.952
40 50 0.048 49.952
26 50 0.048 49.952
5 50 0.048 49.952
15 50 0.048 49.952
19 50 0.048 49.952
29 50 0.048 49.952
26 50 0.048 49.952
5 50 0.048 49.952
15 50 0.048 49.952
19 50 0.048 49.952
29 50 0.048 49.952
24 50 0.048 49.952
26 50 0.048 49.952
5 50 0.048 49.952
15 50 0.048 49.952
19 50 0.048 49.952
29 50 0.048 49.952
24 50 0.048 49.952
33 50 0.048 49.952
26 50 0.048 49.952
5 50 0.048 49.952
15 50 0.048 49.952
19 50 0.048 49.952
29 50 0.048 49.952
1 50 0.048 49.952
24 50 0.048 49.952
33 50 0.048 49.952
26 50 0.048 49.952
5 50 0.048 49.952
15 50 0.048 49.952
19 50 0.048 49.952
29 50 0.048 49.952
1 50 0.048 49.952
26 50 0.048 49.952
5 50 0.048 49.952
15 50 0.048 49.952
19 50 0.048 49.952
36 50 0.048 49.952
26 50 0.048 49.952
5 50 0.048 49.952
15 50 0.048 49.952
19 50 0.048 49.952
29 50 0.048 49.952
8 50 0.048 49.952
29 49.952 0.048 49.904
36 50 0.048 49.952
26 50 0.048 49.952
5 50 0.048 49.952
15 50 0.048 49.952
19 50 0.048 49.952
29 50 0.048 49.952
5 49.952 0.048 49.904
8 50 0.048 49.952
26 49.952 0.048 49.904
29 49.952 0.048 49.904
36 50 0.048 49.952
26 50 0.048 49.952
5 50 0.048 49.952
15 50 0.048 49.952
15 49.952 0.048 49.904
19 50 0.048 49.952
29 50 0.048 49.952
26 49.952 0.096 49.856
26 49.856 0.16 49.696
5 49.952 0.048 49.904
8 50 0.048 49.952
15 49.904 0.048 49.856
19 49.952 0.048 49.904
26 49.696 0.048 49.648
29 49.952 0.048 49.904
5 50 0.048 49.952
13 50 0.048 49.952
15 49.9936 0.048 49.9456
19 50 0.048 49.952
26 49.7683 0.048 49.7203
30 50 0.048 49.952
2 50 0.048 49.952
4 50 0.048 49.952
13 50 0.048 49.952
15 50 0.048 49.952
19 50 0.048 49.952
26 49.8492 0.048 49.8012
30 50 0.048 49.952
2 50 0.048 49.952
4 50 0.048 49.952
13 50 0.048 49.952
18 50 0.048 49.952
30 50 0.048 49.952
38 50 0.048 49.952
4 50 0.048 49.952
18 50 0.048 49.952
38 50 0.048 49.952
20 50 0.048 49.952
38 50 0.048 49.952
20 50 0.048 49.952
14 50 0.048 49.952
20 50 0.048 49.952
14 50 0.048 49.952
12 50 0.048 49.952
12 50 0.048 49.952
39 50 0.048 49.952
12 50 0.048 49.952
39 50 0.048 49.952
35 50 0.048 49.952
17 50 0.048 49.952
35 50 0.048 49.952
