25 482 0 100 1.16701e-08 2.53212 2.53212
21 485 0 100 0.3 3.03498 3.33498
28 476 0 100 1.5 2.19718 3.69718
1 489 0 100 1.16701e-08 3.73459 3.73459
18 492 0 100 0.4 3.97355 4.37355
17 481 0 100 1.9 2.53078 4.43078
14 497 0 100 0.3 4.73738 5.03738
12 494 0 100 1 4.16225 5.16225
4 499 0 100 0.5 5.24921 5.74921
4 486 0 100 2.7 3.0885 5.7885
26 475 0 100 4.1 2.11429 6.21429
8 495 0 100 2.1 4.18677 6.28677
30 483 0 100 3.5 2.79188 6.29188
24 477 0 100 4.1 2.21291 6.31291
3 479 0 100 4.1 2.36611 6.46611
2 487 0 100 3.4 3.13836 6.53836
2 501 0 100 1.16701e-08 6.59223 6.59223
11 480 0 100 4.3 2.37126 6.67126
29 478 0 100 4.7 2.35676 7.05676
7 484 0 100 4.8 2.94557 7.74557
7 503 0 100 1.1 6.69781 7.79781
16 488 0 100 4.7 3.18917 7.88917
10 496 0 100 4 4.19347 8.19347
23 491 0 100 4.6 3.8528 8.4528
6 493 0 100 4.4 4.06348 8.46348
6 506 0 100 0.4 8.11221 8.51221
5 490 0 100 4.9 3.79064 8.69064
1 500 0 100 3.2 5.73544 8.93544
22 498 0 100 4.6 4.78476 9.38476
18 507 0 100 1.2 8.41444 9.61444
17 505 0 100 2.4 7.36492 9.76492
14 508 0 100 1.6 8.68286 10.2829
12 504 0 100 3.5 6.91746 10.4175
13 517 0 100 1.2 9.75283 10.9528
30 510 0 100 2.4 9.06404 11.464
24 502 0 100 4.8 6.66831 11.4683
8 511 0 100 2.4 9.12645 11.5264
3 513 0 100 2.3 9.41496 11.715
2 516 0 100 2.2 9.56792 11.7679
11 515 0 100 2.4 9.51783 11.9178
29 512 0 100 3.1 9.21825 12.3183
7 518 0 100 3.1 9.8169 12.9169
23 509 0 100 4.9 8.77877 13.6788
1 514 0 100 4.7 9.4519 14.1519
