36 572 0 100 1 2.04805 3.04805
34 582 0 100 0.2 3.19327 3.39327
12 575 0 100 1.2 2.41554 3.61554
43 589 0 100 0.2 3.57198 3.77198
2 580 0 100 0.7 3.12601 3.82601
19 576 0 100 1.4 2.6247 4.0247
20 596 0 100 0.2 4.0082 4.2082
8 592 0 100 0.6 3.76361 4.36361
14 579 0 100 1.3 3.12166 4.42166
16 584 0 100 1.4 3.35205 4.75205
1 587 0 100 1.3 3.48039 4.78039
50 601 0 100 0.1 4.70133 4.80133
45 573 0 100 3 2.07272 5.07272
7 603 0 100 0.6 4.85755 5.45755
11 574 0 100 3.4 2.11881 5.51881
10 586 0 100 2.4 3.47659 5.87659
44 602 0 100 1.1 4.80581 5.90581
40 578 0 100 3 3.06954 6.06954
42 581 0 100 3.1 3.18636 6.28636
32 606 0 100 1.4 4.93446 6.33446
29 594 0 100 2.6 3.94098 6.54098
24 597 0 100 2.4 4.19583 6.59583
26 588 0 100 3.2 3.53329 6.73329
28 595 0 100 2.8 3.98451 6.78451
17 577 0 100 4.1 2.82556 6.92556
26 614 0 100 1.16701e-08 6.94618 6.94618
13 618 0 100 2.33402e-08 7.6051 7.6051
30 593 0 100 3.8 3.84712 7.64712
33 599 0 100 3.5 4.24497 7.74497
13 590 0 100 4.1 3.66136 7.76136
49 585 0 100 4.5 3.45768 7.95768
36 607 0 100 3 5.08117 8.08117
3 583 0 100 5 3.22353 8.22353
25 605 0 100 3.5 4.9086 8.4086
31 591 0 100 4.7 3.71938 8.41938
34 609 0 100 3 5.63503 8.63503
38 611 0 100 2.3 6.51748 8.81748
41 598 0 100 4.7 4.21897 8.91897
43 610 0 100 3.1 5.92558 9.02558
2 608 0 100 3.6 5.53949 9.13949
2 624 0 100 0.8 8.39641 9.19641
15 600 0 100 5 4.27024 9.27024
9 604 0 100 4.5 4.87148 9.37148
8 625 0 100 1 8.42865 9.42865
9 637 0 100 1.16701e-08 9.59779 9.59779
14 617 0 100 2.1 7.57186 9.67186
1 613 0 100 3.3 6.76463 10.0646
50 616 0 100 3 7.11474 10.1147
21 632 0 100 0.9 9.22338 10.1234
45 639 0 100 0.4 9.88665 10.2867
6 629 0 100 1.7 8.93389 10.6339
11 633 0 100 1.4 9.25285 10.6529
44 615 0 100 4.2 6.94694 11.1469
10 619 0 100 3.1 8.08855 11.1885
40 631 0 100 2.2 9.19489 11.3949
32 620 0 100 3.4 8.11642 11.5164
42 627 0 100 2.7 8.83789 11.5379
24 628 0 100 2.7 8.92213 11.6221
29 612 0 100 5 6.75788 11.7579
17 630 0 100 3 9.10892 12.1089
28 626 0 100 3.7 8.48526 12.1853
48 635 0 100 3.4 9.41569 12.8157
30 621 0 100 4.8 8.16974 12.9697
33 622 0 100 4.8 8.17635 12.9764
49 623 0 100 4.9 8.35158 13.2516
25 634 0 100 4 9.37832 13.3783
36 636 0 100 4.1 9.5153 13.6153
38 638 0 100 4.3 9.79205 14.092
