26 0.8 0.048 0.752
30 0.8 0.048 0.752
33 0.8 0.048 0.752
26 0.752 0.096 0.656
26 0.656 0.16 0.496
30 0.752 0.16 0.592
30 0.592 0.016 0.576
26 0.496 0.016 0.48
30 0.576 0.048 0.528
13 0.8 0.048 0.752
26 0.48 0.048 0.432
33 0.752 0.048 0.704
30 0.528 0.096 0.432
30 0.432 0.16 0.272
33 0.704 0.16 0.544
33 0.544 0.016 0.528
26 0.432 0.016 0.416
33 0.528 0.048 0.48
13 0.752 0.048 0.704
26 0.416 0.048 0.368
30 0.272 0.048 0.224
33 0.48 0.048 0.432
33 0.432 0.16 0.272
33 0.272 0.16 0.112
13 0.704 0.16 0.544
13 0.544 0.016 0.528
33 0.112 0.016 0.096
13 0.528 0.048 0.48
17 0.8 0.048 0.752
30 0.224 0.048 0.176
33 0.096 0.048 0.048
13 0.48 0.048 0.432
13 0.432 0.16 0.272
26 0.368 0.16 0.208
30 0.176 0.16 0.016
17 0.752 0.16 0.592
17 0.592 0.016 0.576
13 0.272 0.016 0.256
17 0.576 0.048 0.528
13 0.256 0.048 0.208
36 0.8 0.048 0.752
17 0.528 0.048 0.48
17 0.48 0.16 0.32
30 0.016 0.16 -0.144
33 0.048 0.16 -0.112
13 0.208 0.16 0.048
36 0.752 0.16 0.592
36 0.592 0.016 0.576
17 0.32 0.016 0.304
36 0.576 0.048 0.528
17 0.304 0.048 0.256
5 0.8 0.048 0.752
36 0.8 0.048 0.752
13 0.431293 0.048 0.383293
17 0.633987 0.048 0.585987
32 0.8 0.048 0.752
28 0.8 0.048 0.752
9 0.8 0.048 0.752
28 0.752 0.048 0.704
28 0.704 0.16 0.544
9 0.752 0.16 0.592
9 0.592 0.016 0.576
28 0.544 0.016 0.528
9 0.576 0.048 0.528
28 0.528 0.048 0.48
5 0.8 0.048 0.752
16 0.8 0.048 0.752
40 0.8 0.048 0.752
6 0.8 0.048 0.752
15 0.8 0.048 0.752
18 0.8 0.048 0.752
22 0.8 0.048 0.752
23 0.8 0.048 0.752
31 0.8 0.048 0.752
40 0.752 0.288 0.464
40 0.464 0.16 0.304
6 0.752 0.16 0.592
6 0.592 0.016 0.576
40 0.304 0.016 0.288
6 0.576 0.048 0.528
15 0.752 0.048 0.704
18 0.752 0.048 0.704
22 0.752 0.048 0.704
23 0.752 0.048 0.704
31 0.752 0.048 0.704
40 0.288 0.048 0.24
6 0.528 0.24 0.288
6 0.288 0.16 0.128
15 0.704 0.16 0.544
15 0.544 0.016 0.528
40 0.24 0.016 0.224
15 0.528 0.048 0.48
6 0.128 0.048 0.08
18 0.704 0.048 0.656
22 0.704 0.048 0.656
23 0.704 0.048 0.656
31 0.704 0.048 0.656
35 0.8 0.048 0.752
40 0.224 0.048 0.176
15 0.48 0.24 0.24
15 0.24 0.16 0.08
18 0.656 0.16 0.496
22 0.656 0.16 0.496
23 0.656 0.16 0.496
31 0.656 0.16 0.496
15 0.08 0.16 -0.08
6 0.08 0.16 -0.08
18 0.496 0.16 0.336
22 0.496 0.16 0.336
23 0.496 0.16 0.336
31 0.496 0.16 0.336
35 0.752 0.16 0.592
35 0.592 0.016 0.576
15 0 0.016 -0.016
35 0.576 0.048 0.528
15 0 0.048 -0.048
40 0.176 0.16 0.016
36 0.8 0.048 0.752
13 0.756814 0.048 0.708814
17 0.8 0.048 0.752
2 0.8 0.048 0.752
4 0.8 0.048 0.752
2 0.752 0.048 0.704
2 0.704 0.16 0.544
4 0.752 0.16 0.592
4 0.592 0.016 0.576
2 0.544 0.016 0.528
4 0.576 0.048 0.528
2 0.528 0.048 0.48
32 0.8 0.048 0.752
21 0.8 0.048 0.752
38 0.8 0.048 0.752
21 0.752 0.048 0.704
21 0.704 0.16 0.544
38 0.752 0.16 0.592
38 0.592 0.016 0.576
21 0.544 0.016 0.528
38 0.576 0.048 0.528
11 0.8 0.048 0.752
21 0.528 0.048 0.48
38 0.528 0.048 0.48
38 0.48 0.16 0.32
11 0.752 0.16 0.592
11 0.592 0.016 0.576
38 0.32 0.016 0.304
11 0.576 0.048 0.528
29 0.8 0.048 0.752
34 0.8 0.048 0.752
38 0.304 0.048 0.256
11 0.528 0.096 0.432
11 0.432 0.16 0.272
21 0.48 0.16 0.32
29 0.752 0.16 0.592
29 0.592 0.016 0.576
11 0.272 0.016 0.256
29 0.576 0.048 0.528
11 0.256 0.048 0.208
34 0.752 0.048 0.704
29 0.528 0.048 0.48
29 0.48 0.16 0.32
34 0.704 0.16 0.544
34 0.544 0.016 0.528
11 0.208 0.016 0.192
34 0.528 0.048 0.48
11 0.192 0.048 0.144
29 0.32 0.048 0.272
38 0.256 0.16 0.096
11 0.144 0.16 -0.016
34 0.48 0.16 0.32
12 0.8 0.048 0.752
9 0.8 0.048 0.752
28 0.8 0.048 0.752
39 0.8 0.048 0.752
14 0.8 0.048 0.752
39 0.752 0.048 0.704
39 0.704 0.16 0.544
14 0.752 0.16 0.592
14 0.592 0.016 0.576
39 0.544 0.016 0.528
14 0.576 0.048 0.528
39 0.528 0.048 0.48
27 0.8 0.048 0.752
8 0.8 0.048 0.752
27 0.752 0.048 0.704
27 0.704 0.16 0.544
8 0.752 0.16 0.592
8 0.592 0.016 0.576
27 0.544 0.016 0.528
8 0.576 0.048 0.528
27 0.528 0.048 0.48
31 0.640401 0.048 0.592401
6 0.218377 0.048 0.170377
15 0.298342 0.048 0.250342
18 0.642667 0.048 0.594667
22 0.556845 0.048 0.508845
23 0.557009 0.048 0.509009
40 0.240848 0.048 0.192848
31 0.592401 0.144 0.448401
31 0.448401 0.16 0.288401
6 0.170377 0.16 0.0103771
15 0.250342 0.16 0.0903423
18 0.594667 0.16 0.434667
22 0.508845 0.16 0.348845
23 0.509009 0.16 0.349009
40 0.192848 0.16 0.0328481
5 0.8 0.048 0.752
16 0.8 0.048 0.752
16 0.752 0.048 0.704
16 0.704 0.16 0.544
16 0.544 0.016 0.528
35 0.8 0.048 0.752
15 0.16507 0.048 0.11707
23 0.497664 0.048 0.449664
40 0.184686 0.048 0.136686
22 0.502731 0.048 0.454731
6 0.157692 0.048 0.109692
15 0.193143 0.048 0.145143
18 0.512128 0.048 0.464128
23 0.449664 0.048 0.401664
31 0.367052 0.048 0.319052
40 0.136686 0.048 0.0886863
36 0.8 0.048 0.752
13 0.8 0.048 0.752
17 0.8 0.048 0.752
4 0.8 0.048 0.752
2 0.8 0.048 0.752
32 0.8 0.048 0.752
34 0.708201 0.048 0.660201
11 0.376363 0.048 0.328363
29 0.653324 0.048 0.605324
12 0.8 0.048 0.752
37 0.8 0.048 0.752
20 0.8 0.048 0.752
37 0.752 0.048 0.704
37 0.704 0.16 0.544
20 0.752 0.16 0.592
20 0.592 0.016 0.576
37 0.544 0.016 0.528
20 0.576 0.048 0.528
37 0.528 0.048 0.48
9 0.8 0.048 0.752
28 0.8 0.048 0.752
14 0.8 0.048 0.752
39 0.8 0.048 0.752
14 0.752 0.048 0.704
14 0.704 0.16 0.544
14 0.544 0.016 0.528
39 0.752 0.16 0.592
8 0.8 0.048 0.752
27 0.8 0.048 0.752
5 0.8 0.048 0.752
35 0.8 0.048 0.752
15 0.438307 0.048 0.390307
23 0.774902 0.048 0.726902
40 0.463092 0.048 0.415092
35 0.752 0.048 0.704
35 0.704 0.16 0.544
15 0.390307 0.16 0.230307
23 0.726902 0.16 0.566902
23 0.566902 0.016 0.550902
35 0.544 0.016 0.528
23 0.550902 0.048 0.502902
6 0.47416 0.048 0.42616
15 0.230307 0.048 0.182307
18 0.8 0.048 0.752
22 0.8 0.048 0.752
31 0.689059 0.048 0.641059
35 0.528 0.048 0.48
40 0.415092 0.048 0.367092
23 0.502902 0.048 0.454902
23 0.454902 0.16 0.294902
40 0.367092 0.16 0.207092
6 0.42616 0.16 0.26616
15 0.182307 0.16 0.022307
18 0.752 0.16 0.592
18 0.592 0.016 0.576
23 0.294902 0.016 0.278902
18 0.576 0.048 0.528
6 0.26616 0.048 0.21816
15 0.022307 0.048 -0.025693
22 0.752 0.048 0.704
23 0.278902 0.048 0.230902
31 0.641059 0.048 0.593059
40 0.207092 0.048 0.159092
22 0.704 0.16 0.544
31 0.593059 0.16 0.433059
35 0.48 0.16 0.32
40 0.159092 0.16 -0.000907637
22 0.544 0.048 0.496
6 0.21816 0.048 0.17016
15 0.0798472 0.048 0.0318472
18 0.528 0.048 0.48
23 0.230902 0.048 0.182902
31 0.433059 0.048 0.385059
40 0 0.048 -0.048
36 0.8 0.048 0.752
13 0.8 0.048 0.752
17 0.8 0.048 0.752
3 0.8 0.048 0.752
4 0.8 0.048 0.752
2 0.8 0.048 0.752
32 0.8 0.048 0.752
34 0.8 0.048 0.752
29 0.8 0.048 0.752
19 0.8 0.048 0.752
12 0.8 0.048 0.752
20 0.8 0.048 0.752
37 0.8 0.048 0.752
9 0.8 0.048 0.752
28 0.8 0.048 0.752
13 0.8 0.048 0.752
17 0.8 0.048 0.752
36 0.8 0.048 0.752
13 0.752 0.048 0.704
13 0.704 0.16 0.544
17 0.752 0.16 0.592
17 0.592 0.016 0.576
13 0.544 0.016 0.528
17 0.576 0.048 0.528
13 0.528 0.048 0.48
36 0.752 0.048 0.704
36 0.704 0.16 0.544
8 0.8 0.048 0.752
27 0.8 0.048 0.752
23 0.484215 0.048 0.436215
6 0.477499 0.048 0.429499
15 0.257791 0.048 0.209791
18 0.782945 0.048 0.734945
22 0.8 0.048 0.752
31 0.68175 0.048 0.63375
35 0.615682 0.048 0.567682
40 0.300044 0.048 0.252044
23 0.436215 0.048 0.388215
23 0.388215 0.16 0.228215
6 0.429499 0.16 0.269499
15 0.209791 0.16 0.0497908
18 0.734945 0.16 0.574945
22 0.752 0.16 0.592
31 0.63375 0.16 0.47375
35 0.567682 0.16 0.407682
40 0.252044 0.16 0.0920437
5 0.8 0.048 0.752
18 0.645782 0.048 0.597782
6 0.346423 0.048 0.298423
15 0.121584 0.048 0.073584
22 0.664041 0.048 0.616041
23 0.302673 0.048 0.254673
27 0.8 0.048 0.752
31 0.543954 0.048 0.495954
40 0.169167 0.048 0.121167
18 0.597782 0.048 0.549782
18 0.549782 0.16 0.389782
6 0.298423 0.16 0.138423
15 0.073584 0.16 -0.086416
22 0.616041 0.16 0.456041
23 0.254673 0.16 0.0946726
27 0.752 0.16 0.592
27 0.592 0.016 0.576
18 0.389782 0.016 0.373782
27 0.576 0.048 0.528
8 0.8 0.048 0.752
18 0.373782 0.048 0.325782
31 0.495954 0.16 0.335954
40 0.121167 0.16 -0.0388329
22 0.456041 0.048 0.408041
6 0.138423 0.048 0.0904228
15 0.074493 0.048 0.026493
18 0.325782 0.048 0.277782
31 0.335954 0.048 0.287954
40 0 0.048 -0.048
26 0.8 0.048 0.752
30 0.8 0.048 0.752
33 0.8 0.048 0.752
26 0.752 0.048 0.704
26 0.704 0.16 0.544
30 0.752 0.16 0.592
33 0.752 0.16 0.592
33 0.592 0.016 0.576
26 0.544 0.016 0.528
33 0.576 0.048 0.528
26 0.528 0.048 0.48
30 0.592 0.048 0.544
36 0.772497 0.048 0.724497
13 0.714978 0.048 0.666978
17 0.669972 0.048 0.621972
3 0.8 0.048 0.752
19 0.8 0.048 0.752
4 0.8 0.048 0.752
2 0.8 0.048 0.752
32 0.8 0.048 0.752
34 0.8 0.048 0.752
11 0.8 0.048 0.752
29 0.8 0.048 0.752
19 0.8 0.048 0.752
3 0.8 0.048 0.752
1 0.8 0.048 0.752
12 0.8 0.048 0.752
20 0.8 0.048 0.752
37 0.8 0.048 0.752
9 0.8 0.048 0.752
28 0.8 0.048 0.752
17 0.8 0.048 0.752
13 0.8 0.048 0.752
36 0.8 0.048 0.752
7 0.8 0.048 0.752
38 0.8 0.048 0.752
11 0.8 0.048 0.752
21 0.8 0.048 0.752
38 0.752 0.096 0.656
38 0.656 0.16 0.496
11 0.752 0.16 0.592
11 0.592 0.016 0.576
38 0.496 0.016 0.48
11 0.576 0.048 0.528
29 0.8 0.048 0.752
34 0.8 0.048 0.752
38 0.48 0.048 0.432
21 0.752 0.16 0.592
21 0.592 0.016 0.576
38 0.432 0.016 0.416
21 0.576 0.048 0.528
38 0.416 0.048 0.368
8 0.8 0.048 0.752
27 0.8 0.048 0.752
5 0.8 0.048 0.752
27 0.8 0.048 0.752
8 0.8 0.048 0.752
18 0.657077 0.048 0.609077
22 0.79014 0.048 0.74214
22 0.74214 0.048 0.69414
6 0.461131 0.048 0.413131
18 0.609077 0.048 0.561077
27 0.752 0.048 0.704
31 0.652603 0.048 0.604603
22 0.69414 0.048 0.64614
22 0.64614 0.16 0.48614
6 0.413131 0.16 0.253131
18 0.561077 0.16 0.401077
27 0.704 0.16 0.544
31 0.604603 0.16 0.444603
33 0.8 0.048 0.752
13 0.8 0.048 0.752
26 0.8 0.048 0.752
30 0.8 0.048 0.752
33 0.752 0.048 0.704
33 0.704 0.16 0.544
13 0.752 0.16 0.592
13 0.592 0.016 0.576
33 0.544 0.016 0.528
13 0.576 0.048 0.528
17 0.8 0.048 0.752
33 0.528 0.048 0.48
36 0.8 0.048 0.752
26 0.752 0.16 0.592
30 0.752 0.16 0.592
15 0.39375 0.048 0.34575
6 0.253131 0.048 0.205131
18 0.401077 0.048 0.353077
23 0.470294 0.048 0.422294
31 0.444603 0.048 0.396603
35 0.8 0.048 0.752
40 0.375783 0.048 0.327783
15 0.34575 0.048 0.29775
15 0.29775 0.16 0.13775
6 0.205131 0.16 0.0451314
18 0.353077 0.16 0.193077
23 0.422294 0.16 0.262294
31 0.396603 0.16 0.236603
35 0.752 0.16 0.592
35 0.592 0.016 0.576
15 0.13775 0.016 0.12175
35 0.576 0.048 0.528
15 0.12175 0.048 0.0737497
23 0.262294 0.048 0.214294
40 0.327783 0.048 0.279783
40 0.279783 0.16 0.119783
36 0.752 0.048 0.704
13 0.60627 0.048 0.55827
17 0.752 0.048 0.704
3 0.8 0.048 0.752
19 0.8 0.048 0.752
4 0.8 0.048 0.752
2 0.8 0.048 0.752
32 0.8 0.048 0.752
34 0.8 0.048 0.752
29 0.8 0.048 0.752
19 0.8 0.048 0.752
3 0.8 0.048 0.752
25 0.8 0.048 0.752
10 0.8 0.048 0.752
25 0.752 0.048 0.704
25 0.704 0.16 0.544
10 0.752 0.16 0.592
10 0.592 0.016 0.576
25 0.544 0.016 0.528
10 0.576 0.048 0.528
25 0.528 0.048 0.48
1 0.8 0.048 0.752
12 0.8 0.048 0.752
20 0.8 0.048 0.752
37 0.8 0.048 0.752
9 0.8 0.048 0.752
28 0.8 0.048 0.752
17 0.8 0.048 0.752
13 0.705779 0.048 0.657779
36 0.8 0.048 0.752
7 0.8 0.048 0.752
11 0.8 0.048 0.752
29 0.8 0.048 0.752
34 0.8 0.048 0.752
38 0.744247 0.048 0.696247
21 0.8 0.048 0.752
38 0.696247 0.048 0.648247
8 0.8 0.048 0.752
27 0.8 0.048 0.752
5 0.8 0.048 0.752
27 0.8 0.048 0.752
8 0.8 0.048 0.752
18 0.568995 0.048 0.520995
22 0.8 0.048 0.752
31 0.609053 0.048 0.561053
14 0.8 0.048 0.752
39 0.8 0.048 0.752
14 0.752 0.048 0.704
14 0.704 0.16 0.544
39 0.752 0.16 0.592
39 0.592 0.016 0.576
14 0.544 0.016 0.528
39 0.576 0.048 0.528
14 0.528 0.048 0.48
13 0.8 0.048 0.752
17 0.8 0.048 0.752
33 0.8 0.048 0.752
36 0.8 0.048 0.752
35 0.8 0.048 0.752
23 0.595305 0.048 0.547305
40 0.500891 0.048 0.452891
36 0.752 0.048 0.704
13 0.8 0.048 0.752
17 0.752 0.048 0.704
3 0.8 0.048 0.752
19 0.8 0.048 0.752
4 0.8 0.048 0.752
2 0.8 0.048 0.752
32 0.8 0.048 0.752
24 0.8 0.048 0.752
39 0.603203 0.048 0.555203
34 0.8 0.048 0.752
11 0.8 0.048 0.752
29 0.8 0.048 0.752
18 0.598976 0.048 0.550976
6 0.510905 0.048 0.462905
15 0.535696 0.048 0.487696
22 0.8 0.048 0.752
27 0.8 0.048 0.752
31 0.703765 0.048 0.655765
40 0.529718 0.048 0.481718
18 0.550976 0.048 0.502976
18 0.502976 0.16 0.342976
18 0.342976 0.016 0.326976
6 0.462905 0.16 0.302905
15 0.487696 0.16 0.327696
22 0.752 0.16 0.592
27 0.752 0.16 0.592
31 0.655765 0.16 0.495765
40 0.481718 0.16 0.321718
2 0.8 0.048 0.752
4 0.8 0.048 0.752
19 0.8 0.048 0.752
3 0.8 0.048 0.752
10 0.8 0.048 0.752
25 0.8 0.048 0.752
1 0.8 0.048 0.752
12 0.8 0.048 0.752
20 0.8 0.048 0.752
37 0.8 0.048 0.752
9 0.8 0.048 0.752
28 0.8 0.048 0.752
17 0.8 0.048 0.752
13 0.8 0.048 0.752
36 0.8 0.048 0.752
7 0.8 0.048 0.752
11 0.8 0.048 0.752
29 0.8 0.048 0.752
34 0.8 0.048 0.752
38 0.8 0.048 0.752
21 0.8 0.048 0.752
33 0.8 0.048 0.752
13 0.8 0.048 0.752
26 0.8 0.048 0.752
30 0.8 0.048 0.752
33 0.752 0.048 0.704
33 0.704 0.16 0.544
13 0.752 0.16 0.592
26 0.752 0.16 0.592
26 0.592 0.016 0.576
33 0.544 0.016 0.528
26 0.576 0.048 0.528
30 0.752 0.048 0.704
33 0.528 0.048 0.48
30 0.704 0.16 0.544
8 0.8 0.048 0.752
27 0.741701 0.048 0.693701
8 0.752 0.048 0.704
8 0.704 0.16 0.544
8 0.544 0.016 0.528
27 0.693701 0.16 0.533701
40 0.541771 0.048 0.493771
6 0.533026 0.048 0.485026
15 0.550883 0.048 0.502883
23 0.8 0.048 0.752
31 0.645949 0.048 0.597949
35 0.8 0.048 0.752
40 0.493771 0.048 0.445771
40 0.445771 0.16 0.285771
6 0.485026 0.16 0.325026
15 0.502883 0.16 0.342883
23 0.752 0.16 0.592
31 0.597949 0.16 0.437949
35 0.752 0.16 0.592
5 0.8 0.048 0.752
27 0.612685 0.048 0.564685
8 0.601286 0.048 0.553286
18 0.629451 0.048 0.581451
22 0.8 0.048 0.752
27 0.564685 0.048 0.516685
27 0.516685 0.16 0.356685
8 0.553286 0.16 0.393286
18 0.581451 0.16 0.421451
22 0.752 0.16 0.592
39 0.8 0.048 0.752
14 0.8 0.048 0.752
13 0.669779 0.048 0.621779
17 0.8 0.048 0.752
33 0.63964 0.048 0.59164
36 0.8 0.048 0.752
35 0.743515 0.048 0.695515
23 0.663591 0.048 0.615591
40 0.359444 0.048 0.311444
36 0.752 0.048 0.704
13 0.698889 0.048 0.650889
17 0.752 0.048 0.704
3 0.8 0.048 0.752
19 0.8 0.048 0.752
4 0.8 0.048 0.752
2 0.8 0.048 0.752
32 0.8 0.048 0.752
24 0.8 0.048 0.752
34 0.8 0.048 0.752
29 0.8 0.048 0.752
2 0.8 0.048 0.752
4 0.8 0.048 0.752
19 0.8 0.048 0.752
3 0.8 0.048 0.752
10 0.8 0.048 0.752
25 0.8 0.048 0.752
1 0.8 0.048 0.752
12 0.8 0.048 0.752
20 0.8 0.048 0.752
37 0.8 0.048 0.752
9 0.8 0.048 0.752
28 0.8 0.048 0.752
17 0.8 0.048 0.752
13 0.8 0.048 0.752
36 0.8 0.048 0.752
7 0.8 0.048 0.752
11 0.8 0.048 0.752
29 0.8 0.048 0.752
34 0.8 0.048 0.752
38 0.8 0.048 0.752
21 0.8 0.048 0.752
38 0.752 0.048 0.704
26 0.8 0.048 0.752
30 0.8 0.048 0.752
33 0.8 0.048 0.752
5 0.8 0.048 0.752
39 0.8 0.048 0.752
14 0.8 0.048 0.752
24 0.8 0.048 0.752
13 0.8 0.048 0.752
17 0.8 0.048 0.752
33 0.8 0.048 0.752
36 0.8 0.048 0.752
35 0.8 0.048 0.752
15 0.793421 0.048 0.745421
23 0.8 0.048 0.752
40 0.674498 0.048 0.626498
36 0.752 0.048 0.704
13 0.8 0.048 0.752
17 0.752 0.048 0.704
3 0.8 0.048 0.752
4 0.8 0.048 0.752
2 0.8 0.048 0.752
32 0.8 0.048 0.752
24 0.8 0.048 0.752
34 0.8 0.048 0.752
29 0.8 0.048 0.752
2 0.8 0.048 0.752
4 0.8 0.048 0.752
19 0.8 0.048 0.752
10 0.8 0.048 0.752
25 0.8 0.048 0.752
1 0.8 0.048 0.752
12 0.8 0.048 0.752
20 0.8 0.048 0.752
37 0.8 0.048 0.752
20 0.752 0.048 0.704
20 0.704 0.16 0.544
20 0.544 0.016 0.528
37 0.752 0.16 0.592
9 0.8 0.048 0.752
28 0.8 0.048 0.752
17 0.8 0.048 0.752
13 0.8 0.048 0.752
36 0.8 0.048 0.752
7 0.8 0.048 0.752
11 0.8 0.048 0.752
29 0.8 0.048 0.752
38 0.8 0.048 0.752
21 0.8 0.048 0.752
38 0.752 0.048 0.704
26 0.8 0.048 0.752
30 0.8 0.048 0.752
33 0.8 0.048 0.752
5 0.8 0.048 0.752
39 0.8 0.048 0.752
14 0.8 0.048 0.752
13 0.8 0.048 0.752
17 0.8 0.048 0.752
33 0.8 0.048 0.752
36 0.8 0.048 0.752
35 0.8 0.048 0.752
15 0.8 0.048 0.752
23 0.8 0.048 0.752
40 0.8 0.048 0.752
36 0.752 0.048 0.704
13 0.8 0.048 0.752
17 0.752 0.048 0.704
3 0.8 0.048 0.752
4 0.8 0.048 0.752
2 0.8 0.048 0.752
32 0.8 0.048 0.752
24 0.8 0.048 0.752
34 0.8 0.048 0.752
29 0.8 0.048 0.752
2 0.8 0.048 0.752
4 0.8 0.048 0.752
19 0.8 0.048 0.752
10 0.8 0.048 0.752
25 0.8 0.048 0.752
1 0.8 0.048 0.752
12 0.8 0.048 0.752
37 0.8 0.048 0.752
20 0.8 0.048 0.752
37 0.752 0.048 0.704
37 0.704 0.16 0.544
20 0.752 0.16 0.592
20 0.592 0.016 0.576
37 0.544 0.016 0.528
20 0.576 0.048 0.528
37 0.528 0.048 0.48
9 0.8 0.048 0.752
28 0.8 0.048 0.752
17 0.8 0.048 0.752
13 0.8 0.048 0.752
36 0.8 0.048 0.752
7 0.8 0.048 0.752
11 0.8 0.048 0.752
29 0.8 0.048 0.752
38 0.8 0.048 0.752
21 0.8 0.048 0.752
26 0.8 0.048 0.752
30 0.8 0.048 0.752
33 0.8 0.048 0.752
26 0.752 0.048 0.704
26 0.704 0.16 0.544
26 0.544 0.016 0.528
30 0.752 0.16 0.592
33 0.752 0.16 0.592
28 0.8 0.048 0.752
9 0.8 0.048 0.752
5 0.8 0.048 0.752
39 0.8 0.048 0.752
14 0.8 0.048 0.752
24 0.8 0.048 0.752
13 0.8 0.048 0.752
17 0.8 0.048 0.752
33 0.743618 0.048 0.695618
36 0.8 0.048 0.752
13 0.752 0.048 0.704
13 0.704 0.16 0.544
13 0.544 0.016 0.528
17 0.752 0.16 0.592
33 0.695618 0.16 0.535618
36 0.752 0.16 0.592
35 0.8 0.048 0.752
23 0.8 0.048 0.752
40 0.8 0.048 0.752
36 0.592 0.048 0.544
13 0.604906 0.048 0.556906
17 0.592 0.048 0.544
36 0.544 0.048 0.496
36 0.496 0.16 0.336
36 0.336 0.016 0.32
13 0.556906 0.16 0.396906
17 0.544 0.16 0.384
3 0.8 0.048 0.752
4 0.8 0.048 0.752
2 0.8 0.048 0.752
32 0.8 0.048 0.752
24 0.8 0.048 0.752
39 0.8 0.048 0.752
34 0.8 0.048 0.752
29 0.8 0.048 0.752
2 0.8 0.048 0.752
4 0.8 0.048 0.752
19 0.8 0.048 0.752
10 0.8 0.048 0.752
25 0.8 0.048 0.752
1 0.8 0.048 0.752
20 0.8 0.048 0.752
12 0.8 0.048 0.752
20 0.752 0.048 0.704
37 0.8 0.048 0.752
9 0.8 0.048 0.752
28 0.8 0.048 0.752
17 0.608767 0.048 0.560767
13 0.549328 0.048 0.501328
36 0.463739 0.048 0.415739
16 0.8 0.048 0.752
7 0.8 0.048 0.752
11 0.8 0.048 0.752
29 0.8 0.048 0.752
38 0.8 0.048 0.752
21 0.8 0.048 0.752
38 0.752 0.048 0.704
13 0.574427 0.048 0.526427
17 0.560767 0.048 0.512767
33 0.754039 0.048 0.706039
36 0.486417 0.048 0.438417
13 0.526427 0.048 0.478427
13 0.478427 0.16 0.318427
17 0.512767 0.16 0.352767
33 0.706039 0.16 0.546039
33 0.546039 0.016 0.530039
13 0.318427 0.016 0.302427
33 0.530039 0.048 0.482039
13 0.302427 0.048 0.254427
26 0.8 0.048 0.752
30 0.8 0.048 0.752
33 0.482039 0.048 0.434039
33 0.434039 0.16 0.274039
36 0.438417 0.16 0.278417
13 0.254427 0.16 0.0944269
26 0.752 0.16 0.592
26 0.592 0.016 0.576
33 0.274039 0.016 0.258039
26 0.576 0.048 0.528
30 0.752 0.048 0.704
33 0.258039 0.048 0.210039
30 0.704 0.16 0.544
28 0.8 0.048 0.752
9 0.8 0.048 0.752
5 0.8 0.048 0.752
39 0.8 0.048 0.752
14 0.8 0.048 0.752
24 0.8 0.048 0.752
35 0.8 0.048 0.752
23 0.8 0.048 0.752
40 0.8 0.048 0.752
3 0.8 0.048 0.752
4 0.8 0.048 0.752
2 0.8 0.048 0.752
32 0.8 0.048 0.752
32 0.752 0.048 0.704
32 0.704 0.16 0.544
32 0.544 0.016 0.528
24 0.8 0.048 0.752
39 0.8 0.048 0.752
34 0.8 0.048 0.752
29 0.8 0.048 0.752
2 0.8 0.048 0.752
4 0.8 0.048 0.752
19 0.8 0.048 0.752
10 0.8 0.048 0.752
25 0.8 0.048 0.752
1 0.8 0.048 0.752
37 0.8 0.048 0.752
1 0.752 0.048 0.704
1 0.704 0.16 0.544
37 0.752 0.16 0.592
37 0.592 0.016 0.576
1 0.544 0.016 0.528
37 0.576 0.048 0.528
1 0.528 0.048 0.48
20 0.8 0.048 0.752
12 0.8 0.048 0.752
20 0.752 0.048 0.704
37 0.528 0.048 0.48
9 0.8 0.048 0.752
28 0.8 0.048 0.752
17 0.720573 0.048 0.672573
13 0.391464 0.048 0.343464
36 0.57417 0.048 0.52617
17 0.672573 0.048 0.624573
17 0.624573 0.16 0.464573
13 0.343464 0.16 0.183464
36 0.52617 0.16 0.36617
16 0.8 0.048 0.752
7 0.8 0.048 0.752
11 0.8 0.048 0.752
29 0.8 0.048 0.752
34 0.8 0.048 0.752
38 0.8 0.048 0.752
21 0.8 0.048 0.752
38 0.752 0.048 0.704
26 0.8 0.048 0.752
30 0.8 0.048 0.752
33 0.581222 0.048 0.533222
28 0.8 0.048 0.752
9 0.8 0.048 0.752
5 0.8 0.048 0.752
39 0.8 0.048 0.752
14 0.8 0.048 0.752
24 0.8 0.048 0.752
35 0.8 0.048 0.752
15 0.8 0.048 0.752
23 0.8 0.048 0.752
40 0.8 0.048 0.752
3 0.8 0.048 0.752
4 0.8 0.048 0.752
2 0.8 0.048 0.752
24 0.8 0.048 0.752
39 0.8 0.048 0.752
34 0.8 0.048 0.752
11 0.8 0.048 0.752
29 0.8 0.048 0.752
2 0.8 0.048 0.752
4 0.8 0.048 0.752
19 0.8 0.048 0.752
3 0.8 0.048 0.752
10 0.8 0.048 0.752
25 0.8 0.048 0.752
37 0.8 0.048 0.752
20 0.8 0.048 0.752
12 0.8 0.048 0.752
20 0.752 0.048 0.704
37 0.752 0.048 0.704
14 0.8 0.048 0.752
39 0.8 0.048 0.752
9 0.8 0.048 0.752
28 0.8 0.048 0.752
16 0.8 0.048 0.752
16 0.752 0.048 0.704
16 0.704 0.16 0.544
16 0.544 0.016 0.528
7 0.8 0.048 0.752
11 0.8 0.048 0.752
29 0.8 0.048 0.752
38 0.8 0.048 0.752
21 0.8 0.048 0.752
38 0.752 0.048 0.704
26 0.8 0.048 0.752
30 0.8 0.048 0.752
33 0.8 0.048 0.752
28 0.8 0.048 0.752
9 0.8 0.048 0.752
25 0.8 0.048 0.752
10 0.8 0.048 0.752
5 0.8 0.048 0.752
38 0.8 0.048 0.752
11 0.8 0.048 0.752
21 0.8 0.048 0.752
39 0.8 0.048 0.752
14 0.8 0.048 0.752
24 0.8 0.048 0.752
39 0.752 0.048 0.704
39 0.704 0.16 0.544
39 0.544 0.016 0.528
14 0.752 0.16 0.592
24 0.752 0.16 0.592
35 0.8 0.048 0.752
15 0.8 0.048 0.752
23 0.8 0.048 0.752
40 0.8 0.048 0.752
3 0.8 0.048 0.752
19 0.8 0.048 0.752
4 0.8 0.048 0.752
2 0.8 0.048 0.752
24 0.669226 0.048 0.621226
39 0.604161 0.048 0.556161
24 0.621226 0.048 0.573226
24 0.573226 0.16 0.413226
39 0.556161 0.16 0.396161
34 0.8 0.048 0.752
11 0.8 0.048 0.752
29 0.8 0.048 0.752
2 0.8 0.048 0.752
4 0.8 0.048 0.752
19 0.8 0.048 0.752
3 0.8 0.048 0.752
10 0.8 0.048 0.752
25 0.8 0.048 0.752
37 0.8 0.048 0.752
1 0.8 0.048 0.752
20 0.8 0.048 0.752
15 0.8 0.048 0.752
6 0.8 0.048 0.752
23 0.8 0.048 0.752
31 0.8 0.048 0.752
40 0.8 0.048 0.752
12 0.8 0.048 0.752
20 0.752 0.048 0.704
37 0.752 0.048 0.704
14 0.8 0.048 0.752
39 0.473343 0.048 0.425343
9 0.8 0.048 0.752
28 0.8 0.048 0.752
7 0.8 0.048 0.752
11 0.8 0.048 0.752
29 0.8 0.048 0.752
34 0.8 0.048 0.752
38 0.8 0.048 0.752
21 0.8 0.048 0.752
38 0.752 0.048 0.704
33 0.8 0.048 0.752
26 0.8 0.048 0.752
30 0.8 0.048 0.752
26 0.752 0.048 0.704
30 0.752 0.048 0.704
33 0.752 0.048 0.704
28 0.8 0.048 0.752
9 0.8 0.048 0.752
25 0.8 0.048 0.752
10 0.8 0.048 0.752
5 0.8 0.048 0.752
38 0.8 0.048 0.752
11 0.8 0.048 0.752
21 0.8 0.048 0.752
35 0.8 0.048 0.752
15 0.8 0.048 0.752
23 0.8 0.048 0.752
40 0.8 0.048 0.752
3 0.8 0.048 0.752
19 0.8 0.048 0.752
4 0.8 0.048 0.752
2 0.8 0.048 0.752
4 0.752 0.048 0.704
4 0.704 0.16 0.544
4 0.544 0.016 0.528
2 0.752 0.16 0.592
34 0.8 0.048 0.752
11 0.8 0.048 0.752
29 0.8 0.048 0.752
2 0.662492 0.048 0.614492
4 0.599135 0.048 0.551135
2 0.614492 0.096 0.518492
2 0.518492 0.16 0.358492
2 0.358492 0.016 0.342492
4 0.551135 0.16 0.391135
19 0.8 0.048 0.752
3 0.8 0.048 0.752
10 0.8 0.048 0.752
25 0.8 0.048 0.752
37 0.8 0.048 0.752
20 0.8 0.048 0.752
15 0.8 0.048 0.752
6 0.8 0.048 0.752
23 0.8 0.048 0.752
31 0.8 0.048 0.752
40 0.8 0.048 0.752
12 0.8 0.048 0.752
20 0.752 0.048 0.704
37 0.752 0.048 0.704
14 0.8 0.048 0.752
39 0.8 0.048 0.752
14 0.752 0.048 0.704
14 0.704 0.16 0.544
39 0.752 0.16 0.592
39 0.592 0.016 0.576
14 0.544 0.016 0.528
39 0.576 0.048 0.528
14 0.528 0.048 0.48
24 0.8 0.048 0.752
9 0.8 0.048 0.752
28 0.8 0.048 0.752
7 0.8 0.048 0.752
11 0.8 0.048 0.752
29 0.8 0.048 0.752
34 0.8 0.048 0.752
38 0.8 0.048 0.752
21 0.8 0.048 0.752
38 0.752 0.048 0.704
33 0.8 0.048 0.752
26 0.8 0.048 0.752
30 0.8 0.048 0.752
26 0.752 0.048 0.704
30 0.752 0.048 0.704
33 0.752 0.048 0.704
28 0.8 0.048 0.752
9 0.8 0.048 0.752
8 0.8 0.048 0.752
18 0.8 0.048 0.752
27 0.8 0.048 0.752
8 0.752 0.048 0.704
8 0.704 0.16 0.544
18 0.752 0.16 0.592
18 0.592 0.016 0.576
8 0.544 0.016 0.528
18 0.576 0.048 0.528
6 0.8 0.048 0.752
8 0.528 0.048 0.48
22 0.8 0.048 0.752
27 0.752 0.048 0.704
31 0.8 0.048 0.752
27 0.704 0.16 0.544
25 0.8 0.048 0.752
4 0.541348 0.048 0.493348
10 0.8 0.048 0.752
5 0.8 0.048 0.752
38 0.8 0.048 0.752
11 0.8 0.048 0.752
21 0.8 0.048 0.752
35 0.8 0.048 0.752
15 0.8 0.048 0.752
23 0.8 0.048 0.752
40 0.8 0.048 0.752
3 0.8 0.048 0.752
34 0.8 0.048 0.752
11 0.8 0.048 0.752
29 0.8 0.048 0.752
34 0.752 0.048 0.704
34 0.704 0.16 0.544
34 0.544 0.016 0.528
11 0.752 0.16 0.592
29 0.752 0.16 0.592
19 0.8 0.048 0.752
10 0.8 0.048 0.752
37 0.8 0.048 0.752
1 0.8 0.048 0.752
20 0.8 0.048 0.752
15 0.8 0.048 0.752
6 0.8 0.048 0.752
23 0.8 0.048 0.752
31 0.8 0.048 0.752
40 0.8 0.048 0.752
12 0.8 0.048 0.752
20 0.752 0.048 0.704
37 0.752 0.048 0.704
39 0.8 0.048 0.752
14 0.8 0.048 0.752
24 0.8 0.048 0.752
9 0.8 0.048 0.752
28 0.8 0.048 0.752
7 0.8 0.048 0.752
11 0.739099 0.048 0.691099
29 0.741455 0.048 0.693455
34 0.680497 0.048 0.632497
38 0.8 0.048 0.752
11 0.691099 0.048 0.643099
11 0.643099 0.16 0.483099
21 0.8 0.048 0.752
38 0.752 0.048 0.704
21 0.752 0.048 0.704
21 0.704 0.16 0.544
29 0.693455 0.16 0.533455
34 0.632497 0.16 0.472497
21 0.544 0.016 0.528
38 0.704 0.16 0.544
33 0.8 0.048 0.752
26 0.8 0.048 0.752
30 0.8 0.048 0.752
26 0.752 0.048 0.704
30 0.752 0.048 0.704
33 0.752 0.048 0.704
28 0.8 0.048 0.752
9 0.8 0.048 0.752
18 0.8 0.048 0.752
6 0.8 0.048 0.752
8 0.8 0.048 0.752
22 0.8 0.048 0.752
27 0.8 0.048 0.752
31 0.8 0.048 0.752
25 0.8 0.048 0.752
10 0.8 0.048 0.752
5 0.8 0.048 0.752
38 0.692631 0.048 0.644631
11 0.55776 0.048 0.50976
21 0.605372 0.048 0.557372
38 0.644631 0.048 0.596631
38 0.596631 0.16 0.436631
11 0.50976 0.16 0.34976
21 0.557372 0.16 0.397372
35 0.8 0.048 0.752
23 0.8 0.048 0.752
40 0.8 0.048 0.752
35 0.752 0.048 0.704
35 0.704 0.16 0.544
35 0.544 0.016 0.528
23 0.752 0.16 0.592
40 0.752 0.16 0.592
3 0.8 0.048 0.752
19 0.8 0.048 0.752
36 0.8 0.048 0.752
13 0.8 0.048 0.752
17 0.8 0.048 0.752
36 0.752 0.048 0.704
36 0.704 0.16 0.544
13 0.752 0.16 0.592
13 0.592 0.016 0.576
36 0.544 0.016 0.528
13 0.576 0.048 0.528
17 0.752 0.048 0.704
36 0.528 0.048 0.48
17 0.704 0.16 0.544
19 0.8 0.048 0.752
10 0.8 0.048 0.752
25 0.8 0.048 0.752
37 0.8 0.048 0.752
1 0.8 0.048 0.752
20 0.8 0.048 0.752
15 0.8 0.048 0.752
6 0.8 0.048 0.752
23 0.747415 0.048 0.699415
31 0.8 0.048 0.752
35 0.602144 0.048 0.554144
40 0.74132 0.048 0.69332
15 0.752 0.096 0.656
15 0.656 0.16 0.496
15 0.496 0.016 0.48
6 0.752 0.16 0.592
23 0.699415 0.16 0.539415
31 0.752 0.16 0.592
35 0.554144 0.16 0.394144
40 0.69332 0.16 0.53332
12 0.8 0.048 0.752
20 0.752 0.048 0.704
1 0.752 0.048 0.704
37 0.752 0.048 0.704
20 0.704 0.048 0.656
20 0.656 0.16 0.496
1 0.704 0.16 0.544
1 0.544 0.016 0.528
20 0.496 0.016 0.48
1 0.528 0.048 0.48
20 0.48 0.048 0.432
37 0.704 0.048 0.656
37 0.656 0.16 0.496
39 0.8 0.048 0.752
14 0.8 0.048 0.752
24 0.8 0.048 0.752
9 0.8 0.048 0.752
28 0.8 0.048 0.752
7 0.8 0.048 0.752
33 0.8 0.048 0.752
26 0.8 0.048 0.752
30 0.8 0.048 0.752
26 0.752 0.048 0.704
30 0.752 0.048 0.704
33 0.752 0.048 0.704
28 0.8 0.048 0.752
9 0.8 0.048 0.752
18 0.8 0.048 0.752
6 0.732491 0.048 0.684491
22 0.8 0.048 0.752
27 0.8 0.048 0.752
31 0.739032 0.048 0.691032
18 0.752 0.048 0.704
18 0.704 0.16 0.544
18 0.544 0.016 0.528
6 0.684491 0.16 0.524491
22 0.752 0.16 0.592
27 0.752 0.16 0.592
31 0.691032 0.16 0.531032
25 0.8 0.048 0.752
10 0.8 0.048 0.752
5 0.8 0.048 0.752
3 0.8 0.048 0.752
19 0.8 0.048 0.752
13 0.8 0.048 0.752
17 0.8 0.048 0.752
36 0.8 0.048 0.752
19 0.8 0.048 0.752
3 0.8 0.048 0.752
10 0.8 0.048 0.752
25 0.8 0.048 0.752
37 0.8 0.048 0.752
1 0.8 0.048 0.752
20 0.8 0.048 0.752
37 0.752 0.048 0.704
37 0.704 0.16 0.544
1 0.752 0.16 0.592
20 0.752 0.16 0.592
20 0.592 0.016 0.576
37 0.544 0.016 0.528
20 0.576 0.048 0.528
37 0.528 0.048 0.48
12 0.8 0.048 0.752
1 0.592 0.048 0.544
37 0.48 0.048 0.432
39 0.8 0.048 0.752
14 0.8 0.048 0.752
24 0.8 0.048 0.752
9 0.8 0.048 0.752
28 0.8 0.048 0.752
9 0.752 0.048 0.704
9 0.704 0.16 0.544
9 0.544 0.016 0.528
28 0.752 0.16 0.592
7 0.8 0.048 0.752
33 0.8 0.048 0.752
26 0.8 0.048 0.752
30 0.8 0.048 0.752
26 0.752 0.048 0.704
30 0.752 0.048 0.704
33 0.752 0.048 0.704
28 0.66967 0.048 0.62167
9 0.681014 0.048 0.633014
28 0.62167 0.048 0.57367
28 0.57367 0.16 0.41367
9 0.633014 0.16 0.473014
25 0.8 0.048 0.752
4 0.8 0.048 0.752
10 0.8 0.048 0.752
25 0.752 0.048 0.704
25 0.704 0.16 0.544
4 0.752 0.16 0.592
4 0.592 0.016 0.576
25 0.544 0.016 0.528
4 0.576 0.048 0.528
2 0.8 0.048 0.752
25 0.528 0.048 0.48
4 0.528 0.048 0.48
4 0.48 0.16 0.32
10 0.752 0.16 0.592
2 0.752 0.16 0.592
2 0.592 0.016 0.576
4 0.32 0.016 0.304
2 0.576 0.048 0.528
4 0.304 0.048 0.256
25 0.48 0.16 0.32
5 0.8 0.048 0.752
3 0.8 0.048 0.752
13 0.8 0.048 0.752
17 0.8 0.048 0.752
36 0.8 0.048 0.752
19 0.8 0.048 0.752
10 0.8 0.048 0.752
25 0.474997 0.048 0.426997
20 0.8 0.048 0.752
37 0.8 0.048 0.752
12 0.8 0.048 0.752
1 0.8 0.048 0.752
37 0.752 0.048 0.704
39 0.8 0.048 0.752
14 0.8 0.048 0.752
24 0.8 0.048 0.752
7 0.8 0.048 0.752
7 0.752 0.048 0.704
7 0.704 0.16 0.544
7 0.544 0.016 0.528
33 0.8 0.048 0.752
26 0.8 0.048 0.752
30 0.8 0.048 0.752
26 0.752 0.048 0.704
30 0.752 0.048 0.704
33 0.752 0.048 0.704
2 0.8 0.048 0.752
4 0.632725 0.048 0.584725
5 0.8 0.048 0.752
3 0.8 0.048 0.752
13 0.8 0.048 0.752
17 0.8 0.048 0.752
36 0.8 0.048 0.752
19 0.8 0.048 0.752
3 0.8 0.048 0.752
10 0.8 0.048 0.752
25 0.8 0.048 0.752
20 0.8 0.048 0.752
37 0.8 0.048 0.752
20 0.752 0.048 0.704
20 0.704 0.16 0.544
20 0.544 0.016 0.528
37 0.752 0.16 0.592
12 0.8 0.048 0.752
1 0.8 0.048 0.752
37 0.592 0.048 0.544
1 0.752 0.048 0.704
1 0.704 0.16 0.544
1 0.544 0.016 0.528
37 0.544 0.16 0.384
39 0.8 0.048 0.752
14 0.8 0.048 0.752
24 0.8 0.048 0.752
33 0.8 0.048 0.752
26 0.8 0.048 0.752
30 0.8 0.048 0.752
26 0.752 0.048 0.704
30 0.752 0.048 0.704
33 0.752 0.048 0.704
2 0.8 0.048 0.752
4 0.8 0.048 0.752
5 0.8 0.048 0.752
5 0.752 0.048 0.704
5 0.704 0.16 0.544
5 0.544 0.016 0.528
3 0.8 0.048 0.752
19 0.8 0.048 0.752
13 0.8 0.048 0.752
17 0.8 0.048 0.752
36 0.8 0.048 0.752
19 0.8 0.048 0.752
3 0.8 0.048 0.752
10 0.8 0.048 0.752
12 0.8 0.048 0.752
39 0.8 0.048 0.752
14 0.8 0.048 0.752
24 0.8 0.048 0.752
33 0.8 0.048 0.752
26 0.8 0.048 0.752
30 0.8 0.048 0.752
26 0.752 0.048 0.704
30 0.752 0.048 0.704
33 0.752 0.048 0.704
2 0.8 0.048 0.752
4 0.8 0.048 0.752
3 0.8 0.048 0.752
19 0.8 0.048 0.752
13 0.8 0.048 0.752
17 0.8 0.048 0.752
36 0.8 0.048 0.752
19 0.8 0.048 0.752
10 0.8 0.048 0.752
25 0.8 0.048 0.752
12 0.8 0.048 0.752
39 0.8 0.048 0.752
14 0.8 0.048 0.752
24 0.8 0.048 0.752
33 0.8 0.048 0.752
26 0.8 0.048 0.752
30 0.8 0.048 0.752
26 0.752 0.048 0.704
30 0.752 0.048 0.704
33 0.752 0.048 0.704
2 0.8 0.048 0.752
4 0.8 0.048 0.752
3 0.8 0.048 0.752
19 0.8 0.048 0.752
3 0.752 0.048 0.704
3 0.704 0.16 0.544
3 0.544 0.016 0.528
19 0.752 0.16 0.592
13 0.8 0.048 0.752
17 0.8 0.048 0.752
36 0.8 0.048 0.752
19 0.666489 0.048 0.618489
19 0.618489 0.048 0.570489
19 0.570489 0.16 0.410489
19 0.410489 0.016 0.394489
10 0.8 0.048 0.752
25 0.8 0.048 0.752
12 0.8 0.048 0.752
39 0.8 0.048 0.752
14 0.8 0.048 0.752
24 0.8 0.048 0.752
33 0.8 0.048 0.752
26 0.8 0.048 0.752
30 0.8 0.048 0.752
26 0.752 0.048 0.704
30 0.752 0.048 0.704
33 0.752 0.048 0.704
2 0.8 0.048 0.752
4 0.8 0.048 0.752
13 0.8 0.048 0.752
17 0.8 0.048 0.752
36 0.8 0.048 0.752
10 0.8 0.048 0.752
25 0.8 0.048 0.752
12 0.8 0.048 0.752
39 0.8 0.048 0.752
14 0.8 0.048 0.752
24 0.8 0.048 0.752
39 0.752 0.048 0.704
39 0.704 0.16 0.544
39 0.544 0.016 0.528
14 0.752 0.16 0.592
24 0.752 0.16 0.592
33 0.8 0.048 0.752
26 0.8 0.048 0.752
30 0.8 0.048 0.752
26 0.752 0.048 0.704
30 0.752 0.048 0.704
33 0.752 0.048 0.704
2 0.8 0.048 0.752
4 0.8 0.048 0.752
13 0.8 0.048 0.752
17 0.8 0.048 0.752
36 0.8 0.048 0.752
10 0.8 0.048 0.752
25 0.8 0.048 0.752
12 0.8 0.048 0.752
33 0.8 0.048 0.752
26 0.8 0.048 0.752
30 0.8 0.048 0.752
26 0.752 0.048 0.704
30 0.752 0.048 0.704
33 0.752 0.048 0.704
2 0.8 0.048 0.752
4 0.8 0.048 0.752
2 0.752 0.048 0.704
2 0.704 0.16 0.544
2 0.544 0.016 0.528
4 0.752 0.16 0.592
13 0.8 0.048 0.752
17 0.8 0.048 0.752
36 0.8 0.048 0.752
10 0.8 0.048 0.752
25 0.8 0.048 0.752
10 0.752 0.048 0.704
10 0.704 0.16 0.544
10 0.544 0.016 0.528
25 0.752 0.16 0.592
12 0.8 0.048 0.752
33 0.8 0.048 0.752
26 0.8 0.048 0.752
30 0.8 0.048 0.752
26 0.752 0.048 0.704
30 0.752 0.048 0.704
33 0.752 0.048 0.704
13 0.8 0.048 0.752
17 0.8 0.048 0.752
36 0.8 0.048 0.752
12 0.8 0.048 0.752
33 0.8 0.048 0.752
26 0.8 0.048 0.752
30 0.8 0.048 0.752
