0 1987
0 1988
0 1989
0 1990
0 1991
0 1992
0 1993
0 1994
0 1995
0 1997
2 1998
0 2002
0 2004
0 2006
0 2007
20 2010
0 2011
1 1998
16 2012
0 2013
0 2016
0 2019
36 2020
0 2022
0 2023
60 2012
0 2025
44 2027
0 2028
0 2031
0 2033
10 2036
0 2037
0 2038
39 2039
0 2040
38 2030
0 2043
0 2046
14 2008
5 2047
0 2049
37 2024
47 2001
0 2050
0 2051
0 2052
0 2056
59 2058
9 1996
0 2059
0 2063
13 2064
17 2064
0 2065
0 2068
18 2044
25 2020
0 2070
19 2057
0 2071
8 2061
12 2024
0 2073
0 2075
6 2066
0 2077
0 2078
27 2009
50 2010
0 2079
20 2072
33 2062
0 2083
21 2064
0 2085
54 2041
2 2087
0 2088
29 2090
0 2091
0 2093
0 2094
45 2005
0 2099
0 2100
0 2101
32 2074
41 2014
0 2102
52 2017
0 2103
4 2053
10 2098
0 2104
31 2034
23 2048
0 2105
0 2106
0 2107
42 2076
0 2108
40 2021
0 2110
0 2111
0 2112
43 2015
0 2113
24 2087
57 2042
0 2114
58 2069
0 2115
0 2116
20 2117
3 2060
48 2082
0 2118
0 2119
16 2067
0 2120
60 2032
0 2121
0 2122
56 1999
0 2124
7 2027
0 2126
0 2128
46 2045
44 2109
0 2130
0 2132
28 2080
0 2133
14 2125
19 2134
0 2135
0 2138
18 2139
0 2140
0 2143
0 2145
17 2084
0 2148
13 2127
0 2149
0 2150
36 2057
0 2151
0 2152
25 2134
0 2153
0 2155
34 2054
0 2156
0 2157
27 2123
0 2158
0 2160
26 2018
30 2029
0 2162
50 2129
0 2163
0 2164
33 2117
12 2081
55 2000
0 2165
52 2146
0 2166
29 2137
0 2167
0 2168
0 2170
0 2171
20 2161
50 2161
0 2172
37 2090
0 2173
41 2141
4 2131
0 2174
0 2175
0 2176
0 2177
0 2178
51 2092
22 2036
0 2179
42 2144
0 2180
0 2181
0 2182
0 2183
1 2035
0 2184
0 2185
2 2147
0 2186
0 2187
15 2055
0 2188
0 2189
0 2190
0 2191
0 2192
49 2089
0 2193
0 2194
0 2195
0 2196
11 2086
0 2197
0 2198
47 1996
0 2199
0 2200
38 2095
0 2201
0 2202
0 2203
0 2204
0 2205
0 2206
0 2207
0 2208
0 2209
34 2081
0 2210
0 2211
6 2136
0 2212
0 2213
