8 2734 0 100 1.16701e-08 1.46618 1.46618
36 2743 0 100 1.16701e-08 1.82506 1.82506
32 2724 0 100 1 1.19936 2.19936
29 2758 0 100 0.5 2.25781 2.75781
51 2726 0 100 1.5 1.31284 2.81284
13 2775 0 100 1.16701e-08 2.89374 2.89374
86 2763 0 100 0.5 2.39681 2.89681
12 2740 0 100 1.5 1.65948 3.15948
46 2769 0 100 0.5 2.72786 3.22786
66 2800 0 100 1.16701e-08 3.66543 3.66543
50 2723 0 100 2.5 1.16946 3.66946
23 2776 0 100 1 2.93236 3.93236
65 2795 0 100 0.5 3.48653 3.98653
90 2781 0 100 1 3.13366 4.13366
41 2771 0 100 1.5 2.72923 4.22923
35 2815 0 100 1.16701e-08 4.24508 4.24508
7 2727 0 100 3 1.32884 4.32884
5 2790 0 100 1 3.37063 4.37063
75 2749 0 100 2.5 2.03961 4.53961
63 2721 0 100 3.5 1.11288 4.61288
77 2753 0 100 2.5 2.1965 4.6965
88 2770 0 100 2 2.72881 4.72881
85 2731 0 100 3.5 1.3961 4.8961
25 2806 0 100 1 3.92181 4.92181
38 2746 0 100 3 1.95468 4.95468
68 2840 0 100 1.16701e-08 4.99689 4.99689
53 2719 0 100 4 1.02845 5.02845
62 2730 0 100 4 1.34527 5.34527
89 2733 0 100 4 1.46312 5.46312
6 2737 0 100 4 1.56485 5.56485
39 2783 0 100 2.5 3.20738 5.70738
24 2754 0 100 4 2.20001 6.20001
28 2835 0 100 1.5 4.86817 6.36817
60 2777 0 100 3.5 2.93784 6.43784
71 2798 0 100 3 3.56889 6.56889
70 2819 0 100 2.5 4.38775 6.88775
70 2864 0 100 0.5 6.39282 6.89282
20 2827 0 100 2.5 4.67013 7.17013
2 2813 0 100 3 4.17091 7.17091
49 2774 0 100 4.5 2.8599 7.3599
59 2857 0 100 1.5 6.00831 7.50831
59 2735 0 100 6 1.53046 7.53046
73 2728 0 100 6.5 1.34079 7.84079
58 2794 0 100 4.5 3.48088 7.98088
29 2856 0 100 2 6.00319 8.00319
84 2825 0 100 3.5 4.55591 8.05591
51 2848 0 100 2.5 5.58866 8.08866
13 2870 0 100 1.5 6.60703 8.10703
86 2859 0 100 2 6.11615 8.11615
74 2755 0 100 6 2.22611 8.22611
55 2757 0 100 6 2.25256 8.25256
54 2836 0 100 3.5 4.9 8.4
33 2791 0 100 5 3.42353 8.42353
48 2793 0 100 5 3.47422 8.47422
56 2809 0 100 4.5 4.09021 8.59021
37 2738 0 100 7 1.59818 8.59818
44 2805 0 100 5 3.91958 8.91958
21 2829 0 100 4.5 4.74194 9.24194
21 2894 0 100 1.5 7.81228 9.31228
35 2880 0 100 2.5 7.10508 9.60508
63 2902 0 100 1.5 8.31638 9.81638
31 2878 0 100 3 7.00554 10.0055
25 2888 0 100 2.5 7.51661 10.0166
77 2882 0 100 3 7.14789 10.1479
9 2833 0 100 6 4.78654 10.7865
64 2903 0 100 2.5 8.32476 10.8248
22 2855 0 100 5 5.95691 10.9569
52 2787 0 100 8 3.28515 11.2852
83 2810 0 100 7.5 4.10149 11.6015
78 2922 0 100 2.5 9.53225 12.0323
78 2816 0 100 8 4.24837 12.2484
20 2912 0 100 3.5 8.8121 12.3121
66 2910 0 100 5.5 8.66074 14.1607
50 2883 0 100 7 7.19482 14.1948
90 2890 0 100 7 7.63684 14.6368
27 2873 0 100 8 6.78283 14.7828
75 2896 0 100 7 7.88566 14.8857
