53 2719 1.02845
63 2721 1.11288
50 2723 1.16946
32 2724 1.19936
51 2726 1.31284
7 2727 1.32884
73 2728 1.34079
62 2730 1.34527
85 2731 1.3961
89 2733 1.46312
8 2734 1.46618
59 2735 1.53046
6 2737 1.56485
37 2738 1.59818
12 2740 1.65948
72 2741 1.68974
36 2743 1.82506
38 2746 1.95468
15 2747 1.95483
3 2748 2.01678
75 2749 2.03961
28 2751 2.07972
77 2753 2.1965
24 2754 2.20001
74 2755 2.22611
55 2757 2.25256
29 2758 2.25781
79 2760 2.34602
69 2761 2.35728
14 2762 2.36019
86 2763 2.39681
61 2764 2.42019
34 2767 2.55844
46 2769 2.72786
88 2770 2.72881
41 2771 2.72923
49 2774 2.8599
13 2775 2.89374
23 2776 2.93236
60 2777 2.93784
26 2780 3.0924
90 2781 3.13366
39 2783 3.20738
27 2785 3.28224
80 2786 3.28226
52 2787 3.28515
10 2788 3.32402
5 2790 3.37063
33 2791 3.42353
48 2793 3.47422
58 2794 3.48088
65 2795 3.48653
67 2797 3.56273
71 2798 3.56889
66 2800 3.66543
57 2802 3.80749
1 2803 3.81983
44 2805 3.91958
25 2806 3.92181
56 2809 4.09021
83 2810 4.10149
47 2811 4.11472
2 2813 4.17091
35 2815 4.24508
78 2816 4.24837
16 2817 4.27969
70 2819 4.38775
89 2821 4.4557
19 2822 4.48556
4 2823 4.53916
84 2825 4.55591
20 2827 4.67013
45 2828 4.69024
21 2829 4.74194
18 2831 4.77422
82 2832 4.77572
9 2833 4.78654
28 2835 4.86817
54 2836 4.9
17 2837 4.90833
87 2838 4.94154
68 2840 4.99689
38 2846 5.45923
51 2848 5.58866
73 2849 5.63014
6 2854 5.94894
22 2855 5.95691
29 2856 6.00319
59 2857 6.00831
86 2859 6.11615
12 2861 6.23336
70 2864 6.39282
56 2865 6.40376
5 2867 6.48748
52 2869 6.59839
13 2870 6.60703
27 2873 6.78283
41 2874 6.78305
60 2876 6.92848
31 2878 7.00554
35 2880 7.10508
77 2882 7.14789
50 2883 7.19482
53 2884 7.19831
25 2888 7.51661
90 2890 7.63684
68 2892 7.73253
21 2894 7.81228
75 2896 7.88566
85 2901 8.27553
63 2902 8.31638
64 2903 8.32476
28 2906 8.50786
11 2907 8.53795
66 2910 8.66074
20 2912 8.8121
79 2918 9.30027
62 2920 9.35783
78 2922 9.53225
59 2927 9.88002
