100 944
55 944
60 945
68 945
26 945
47 945
42 946
76 946
94 947
98 947
35 948
93 948
16 949
88 949
3 949
56 950
27 951
72 951
33 952
80 952
45 953
13 954
63 955
96 957
97 957
8 958
85 958
71 959
69 959
83 959
87 959
74 960
91 961
40 962
30 962
49 963
22 964
24 965
5 966
57 966
67 967
82 956
78 968
4 969
10 970
73 971
38 971
11 972
26 972
68 972
29 973
54 973
89 974
48 975
65 976
46 977
77 977
51 978
23 978
37 979
31 979
12 980
43 980
66 981
92 982
95 983
19 983
84 975
70 985
9 986
34 986
88 987
17 970
5 970
28 970
59 970
14 988
21 988
58 984
83 989
69 989
71 989
100 989
81 991
26 991
11 991
48 991
20 992
86 992
6 994
27 994
39 996
36 997
99 997
17 998
28 999
15 999
2 991
18 1001
24 1002
95 1002
64 1004
46 1004
56 995
50 950
79 1005
37 997
8 1006
96 1008
78 1008
10 998
32 1009
83 1009
90 1000
53 1003
44 1010
94 1010
26 1011
62 1013
41 1013
99 1007
37 1007
94 1014
69 1015
71 1015
40 1016
9 1016
61 993
35 1001
11 1012
78 1017
96 1017
5 1018
60 1019
75 1010
73 1015
25 1004
71 1022
64 1023
29 1025
96 1026
20 1027
40 1027
28 1028
32 1030
46 1032
36 1033
24 1029
6 1037
40 1038
48 1024
64 1037
81 1019
60 1041
18 1042
8 1039
1 1006
20 1038
7 968
6 1046
12 1017
78 1026
32 1048
69 1030
73 1031
46 1037
64 1046
99 1033
33 997
62 1025
36 1047
39 1027
1 1027
29 1045
16 987
28 1044
32 1044
88 1021
51 1034
52 990
5 1028
75 1043
50 1036
7 1026
