32 760 1.01041
77 761 1.05201
46 762 1.11854
4 763 1.1276
80 764 1.22014
51 765 1.27073
44 766 1.43691
18 767 1.44355
38 768 1.44737
25 769 1.46214
68 770 1.46451
11 771 1.6002
10 772 1.61815
65 773 1.62674
7 774 1.71879
31 775 1.73195
79 776 1.78938
24 777 1.92876
40 778 1.95101
33 779 1.99716
52 780 2.08535
28 781 2.23773
75 782 2.46069
42 783 2.52344
23 784 2.58019
20 785 2.6621
14 786 2.75594
41 787 2.92161
70 788 2.97271
54 789 3.11508
35 790 3.16149
26 791 3.25496
60 792 3.40646
13 793 3.4399
29 794 3.44981
69 795 3.46328
49 796 3.48285
48 797 3.52506
46 798 3.61963
71 799 3.62355
76 800 3.66577
66 801 3.75676
56 802 3.77751
4 803 3.81907
27 804 3.88305
57 805 3.9236
30 806 3.97793
58 807 4.10792
51 808 4.20907
3 809 4.32078
79 810 4.35873
11 811 4.37884
18 812 4.46942
19 813 4.68776
5 814 4.70434
78 815 4.71562
47 816 4.72338
63 817 4.79372
39 818 4.84707
59 819 4.86043
65 820 5.05483
32 821 5.36807
25 822 5.3995
75 823 5.5661
46 824 5.65216
42 825 5.90359
29 826 5.96154
48 827 6.10956
72 828 6.36975
64 829 6.39884
26 830 6.78577
39 831 6.92996
58 832 6.9513
51 833 7.294
59 834 7.36185
28 835 7.53102
32 836 7.92188
49 837 8.33386
54 838 8.34003
13 839 8.39382
48 840 8.39417
25 841 8.45387
29 842 9.37896
58 843 9.55769
78 844 9.99029
