4 225
14 225
6 226
5 226
20 226
49 227
39 227
42 227
43 227
32 228
56 228
13 229
8 229
35 229
15 229
51 229
46 229
7 230
22 230
23 230
54 230
3 230
28 230
41 231
12 231
17 231
25 231
26 231
61 231
2 231
44 232
10 232
40 232
59 232
18 232
2 233
26 233
46 234
15 234
51 234
35 234
51 235
59 236
62 237
47 237
55 238
1 238
29 238
31 238
38 238
50 238
37 238
53 238
19 239
24 228
63 241
57 241
21 241
54 242
7 242
30 228
27 243
23 242
3 242
30 244
60 226
23 245
7 245
21 246
57 246
50 247
68 237
43 248
33 225
7 249
32 250
56 250
24 250
58 238
60 251
55 247
58 247
58 252
55 252
26 253
50 252
33 254
16 241
32 241
56 241
37 247
56 255
57 256
21 256
64 238
11 243
11 257
27 257
44 236
45 232
70 230
54 245
70 245
23 249
54 249
70 249
3 245
59 259
28 242
67 230
27 260
36 227
66 227
49 248
66 248
55 262
48 240
23 263
7 263
54 263
50 262
37 262
49 264
43 264
50 265
9 231
2 253
9 253
41 233
57 267
69 231
65 229
13 234
65 234
35 235
13 235
65 235
51 269
35 269
13 269
46 235
62 270
19 261
34 239
7 271
23 271
3 271
28 271
28 272
3 272
23 272
52 258
63 246
21 267
16 256
32 255
16 255
21 255
57 255
56 268
32 268
16 268
21 268
24 241
16 275
32 275
56 275
24 275
30 250
43 276
6 251
60 274
6 274
26 277
41 277
68 270
4 254
33 266
4 266
3 278
58 262
34 279
55 265
37 265
64 262
11 260
27 273
11 273
44 259
45 259
70 263
54 271
70 271
7 272
54 272
70 272
23 281
7 281
54 281
70 281
28 278
67 271
36 264
49 276
66 264
9 280
2 277
9 277
69 277
65 269
19 279
57 268
21 275
57 275
63 255
