29 3296 0 100 0.4 2.304 2.704
62 3284 0 100 0.8 2.02819 2.82819
15 3318 0 100 1.16701e-08 3.20118 3.20118
23 3319 0 100 1.16701e-08 3.24735 3.24735
77 3322 0 100 1.16701e-08 3.30361 3.30361
31 3301 0 100 0.7 2.67724 3.37724
88 3316 0 100 0.3 3.18594 3.48594
40 3324 0 100 0.1 3.38963 3.48963
33 3287 0 100 1.4 2.10326 3.50326
24 3327 0 100 0.1 3.42992 3.52992
54 3340 0 100 1.16701e-08 3.70742 3.70742
17 3344 0 100 1.16701e-08 3.75699 3.75699
57 3334 0 100 0.2 3.58067 3.78067
21 3306 0 100 1 2.86364 3.86364
95 3353 0 100 1.16701e-08 3.96137 3.96137
66 3351 0 100 0.5 3.89158 4.39158
25 3283 0 100 2.4 2.01143 4.41143
73 3342 0 100 0.7 3.74296 4.44296
16 3303 0 100 1.8 2.76255 4.56255
1 3371 0 100 0.2 4.43551 4.63551
78 3314 0 100 1.6 3.07784 4.67784
11 3307 0 100 1.9 2.8781 4.7781
20 3383 0 100 1.16701e-08 4.78111 4.78111
44 3370 0 100 0.4 4.41057 4.81057
12 3294 0 100 2.6 2.29615 4.89615
30 3331 0 100 1.4 3.51695 4.91695
32 3376 0 100 0.4 4.55044 4.95044
4 3390 0 100 1.16701e-08 4.95095 4.95095
83 3388 0 100 0.1 4.90349 5.00349
100 3379 0 100 0.5 4.68522 5.18522
43 3295 0 100 2.9 2.29744 5.19744
46 3359 0 100 1.1 4.11785 5.21785
53 3312 0 100 2.2 3.02249 5.22249
86 3358 0 100 1.2 4.09792 5.29792
64 3347 0 100 1.6 3.84474 5.44474
65 3343 0 100 1.7 3.74552 5.44552
27 3330 0 100 2 3.51475 5.51475
85 3285 0 100 3.6 2.05216 5.65216
89 3289 0 100 3.6 2.21158 5.81158
91 3291 0 100 3.6 2.22662 5.82662
18 3348 0 100 2 3.84501 5.84501
8 3356 0 100 1.8 4.046 5.846
45 3338 0 100 2.2 3.66226 5.86226
18 3404 0 100 2.33402e-08 5.8863 5.8863
49 3372 0 100 1.5 4.46097 5.96097
74 3309 0 100 3.1 2.88396 5.98396
80 3305 0 100 3.2 2.85392 6.05392
6 3328 0 100 2.6 3.47385 6.07385
80 3394 0 100 1 5.24405 6.24405
34 3332 0 100 2.8 3.52048 6.32048
34 3410 0 100 0.2 6.13754 6.33754
55 3292 0 100 4.2 2.28924 6.48924
94 3313 0 100 3.5 3.03942 6.53942
41 3373 0 100 2.1 4.4855 6.5855
2 3378 0 100 2 4.63042 6.63042
35 3308 0 100 3.8 2.87926 6.67926
92 3290 0 100 4.5 2.21993 6.71993
93 3337 0 100 3.2 3.62999 6.82999
56 3364 0 100 2.7 4.22845 6.92845
76 3382 0 100 2.2 4.76427 6.96427
51 3368 0 100 2.6 4.39885 6.99885
28 3375 0 100 2.5 4.50859 7.00859
35 3407 0 100 1.1 5.98531 7.08531
69 3389 0 100 2.2 4.93263 7.13263
13 3323 0 100 4 3.35783 7.35783
48 3320 0 100 4.1 3.2659 7.3659
82 3299 0 100 4.8 2.56895 7.36895
72 3354 0 100 3.4 3.96922 7.36922
48 3422 0 100 0.7 6.67717 7.37717
26 3335 0 100 3.8 3.58473 7.38473
67 3326 0 100 4 3.39862 7.39862
26 3413 0 100 1.2 6.22999 7.42999
84 3346 0 100 3.7 3.84077 7.54077
60 3369 0 100 3.2 4.39917 7.59917
97 3341 0 100 4.1 3.733 7.833
59 3349 0 100 4.1 3.84972 7.94972
58 3386 0 100 3.1 4.8719 7.9719
9 3333 0 100 4.5 3.53552 8.03552
70 3365 0 100 3.8 4.26173 8.06173
15 3401 0 100 2.3 5.79273 8.09273
77 3420 0 100 1.8 6.49793 8.29793
47 3360 0 100 4.2 4.13598 8.33598
23 3446 0 100 0.8 7.67065 8.47065
77 3465 0 100 1.16701e-08 8.51232 8.51232
61 3417 0 100 2.2 6.44536 8.64536
52 3411 0 100 2.5 6.18735 8.68735
24 3434 0 100 1.5 7.18789 8.68789
61 3350 0 100 4.9 3.87213 8.77213
52 3361 0 100 4.6 4.17683 8.77683
14 3385 0 100 4 4.81529 8.81529
54 3454 0 100 0.8 8.03841 8.83841
95 3406 0 100 2.9 5.97224 8.87224
14 3444 0 100 1.4 7.59668 8.99668
75 3363 0 100 4.8 4.20384 9.00384
75 3458 0 100 0.9 8.20731 9.10731
95 3460 0 100 0.9 8.31589 9.21589
25 3486 0 100 0.3 9.32022 9.62022
25 3429 0 100 2.7 6.97848 9.67848
73 3431 0 100 2.7 7.01721 9.71721
68 3381 0 100 5.1 4.72985 9.82985
16 3396 0 100 4.5 5.36505 9.86505
83 3442 0 100 2.3 7.59194 9.89194
1 3424 0 100 3.1 6.79266 9.89266
86 3462 0 100 1.5 8.39484 9.89484
4 3445 0 100 2.3 7.6363 9.9363
78 3433 0 100 2.8 7.15926 9.95926
11 3438 0 100 2.6 7.41772 10.0177
42 3483 0 100 0.8 9.25005 10.05
44 3461 0 100 1.7 8.37827 10.0783
30 3403 0 100 4.3 5.88538 10.1854
12 3414 0 100 4 6.23419 10.2342
100 3476 0 100 1.2 9.11112 10.3111
46 3482 0 100 1.2 9.21181 10.4118
99 3493 0 100 0.9 9.61637 10.5164
53 3498 0 100 0.8 9.78879 10.5888
19 3450 0 100 2.9 7.79875 10.6987
64 3427 0 100 3.8 6.90487 10.7049
27 3448 0 100 3 7.76271 10.7627
85 3478 0 100 1.8 9.1373 10.9373
6 3428 0 100 4.1 6.96494 11.0649
49 3441 0 100 3.5 7.57162 11.0716
34 3467 0 100 2.5 8.60208 11.1021
80 3440 0 100 3.6 7.52305 11.123
49 3496 0 100 1.4 9.74321 11.1432
18 3468 0 100 2.5 8.6474 11.1474
91 3418 0 100 4.7 6.48966 11.1897
74 3500 0 100 1.4 9.803 11.203
6 3494 0 100 1.8 9.62533 11.4253
55 3479 0 100 2.6 9.13989 11.7399
98 3487 0 100 2.5 9.37814 11.8781
76 3452 0 100 4.3 7.90823 12.2082
28 3497 0 100 2.5 9.77036 12.2704
56 3480 0 100 3.1 9.18437 12.2844
13 3489 0 100 3.1 9.45606 12.5561
67 3456 0 100 4.4 8.1711 12.5711
71 3501 0 100 2.8 9.84372 12.6437
97 3503 0 100 3.1 9.99135 13.0913
58 3484 0 100 4.1 9.25164 13.3516
39 3490 0 100 4.1 9.45811 13.5581
9 3470 0 100 4.8 8.77455 13.5746
47 3477 0 100 4.5 9.12761 13.6276
70 3473 0 100 4.7 8.93842 13.6384
