15 1795 2.09156
33 1796 2.15166
25 1798 2.18588
20 1801 2.36911
2 1803 2.47994
24 1804 2.48132
16 1806 2.59045
32 1807 2.6088
23 1808 2.6477
9 1809 2.66736
40 1811 2.69544
13 1813 2.8341
12 1816 3.02144
27 1817 3.05137
38 1819 3.15914
22 1821 3.17463
8 1822 3.22987
26 1824 3.33008
34 1825 3.35279
39 1827 3.37504
6 1830 3.58621
4 1832 3.69121
36 1833 3.70051
14 1835 3.80264
10 1837 3.87135
29 1839 4.01962
11 1840 4.0238
35 1841 4.02982
31 1843 4.07146
18 1844 4.11578
17 1845 4.12178
37 1848 4.30544
21 1849 4.3372
3 1851 4.46143
5 1853 4.52785
20 1855 4.6445
7 1858 4.84502
15 1863 5.26352
24 1869 5.70539
38 1875 6.23315
22 1878 6.37315
12 1885 7.01498
6 1887 7.1228
21 1895 7.8645
13 1899 8.0689
36 1900 8.08608
7 1901 8.14818
32 1905 8.43442
17 1908 8.56929
39 1909 8.57445
10 1910 8.62928
22 1912 8.74196
29 1915 8.90315
31 1916 8.9441
35 1919 9.16416
19 1924 9.49007
5 1925 9.54425
14 1928 9.69084
38 1929 9.74551
8 1931 9.84086
18 1932 9.85953
15 1934 9.92579
