44 747 0 100 1.16701e-08 2.32984 2.32984
13 750 0 100 8.16907e-08 2.58177 2.58177
70 754 0 100 1.16701e-08 2.71551 2.71551
40 757 0 100 1.05031e-07 2.83531 2.83531
34 755 0 100 0.4 2.73067 3.13067
50 753 0 100 0.5 2.69541 3.19541
28 758 0 100 0.4 2.88147 3.28147
27 760 0 100 0.4 3.03372 3.43372
14 751 0 100 0.9 2.60891 3.50891
26 748 0 100 1.2 2.3889 3.5889
5 744 0 100 1.6 2.07856 3.67856
10 745 0 100 1.7 2.14459 3.84459
7 746 0 100 1.9 2.28433 4.18433
53 759 0 100 1.5 2.94851 4.44851
51 743 0 100 2.6 2.01763 4.61763
38 756 0 100 2.1 2.73676 4.83676
2 763 0 100 1.7 3.17916 4.87916
25 791 0 100 0.3 4.62757 4.92757
12 764 0 100 1.8 3.24612 5.04612
43 773 0 100 1.5 3.69204 5.19204
47 752 0 100 2.8 2.62549 5.42549
22 779 0 100 1.4 4.06251 5.46251
9 749 0 100 3.5 2.43961 5.93961
60 774 0 100 2.2 3.78702 5.98702
9 789 0 100 1.6 4.45911 6.05911
60 803 0 100 1.16701e-08 6.07328 6.07328
1 771 0 100 2.9 3.44794 6.34794
56 785 0 100 2.1 4.27203 6.37203
41 762 0 100 3.5 3.16414 6.66414
15 769 0 100 3.3 3.41371 6.71371
24 778 0 100 2.7 4.0558 6.7558
68 798 0 100 2.1 4.95232 7.05232
16 792 0 100 2.5 4.63225 7.13225
36 766 0 100 4 3.31181 7.31181
62 811 0 100 1.16701e-08 7.31211 7.31211
3 790 0 100 2.9 4.46123 7.36123
42 783 0 100 3.1 4.2643 7.3643
64 802 0 100 1.4 6.01273 7.41273
58 805 0 100 1.1 6.3453 7.4453
3 815 0 100 1.16701e-08 7.5557 7.5557
58 777 0 100 3.6 3.97322 7.57322
64 768 0 100 4.3 3.39064 7.69064
11 795 0 100 2.9 4.80442 7.70442
44 793 0 100 3.1 4.63874 7.73874
46 772 0 100 4.3 3.48129 7.78129
59 765 0 100 4.5 3.30701 7.80701
62 761 0 100 4.7 3.14646 7.84646
54 780 0 100 3.8 4.16556 7.96556
45 767 0 100 4.6 3.38712 7.98712
31 770 0 100 4.6 3.42108 8.02108
30 782 0 100 3.8 4.25564 8.05564
18 784 0 100 3.8 4.27194 8.07194
26 796 0 100 3.2 4.93714 8.13714
30 819 0 100 0.4 7.83356 8.23356
20 776 0 100 4.5 3.95239 8.45239
49 797 0 100 3.6 4.93819 8.53819
6 812 0 100 1.2 7.35485 8.55485
26 824 0 100 0.1 8.45808 8.55808
27 806 0 100 2.1 6.46087 8.56087
48 821 0 100 0.6 7.9649 8.5649
34 807 0 100 2 6.61125 8.61125
48 787 0 100 4.3 4.35332 8.65332
32 786 0 100 4.5 4.28881 8.78881
6 781 0 100 4.6 4.24561 8.84561
57 775 0 100 5 3.87038 8.87038
20 829 0 100 1.16701e-08 8.94375 8.94375
52 788 0 100 4.7 4.44666 9.14666
10 799 0 100 4.1 5.06689 9.16689
7 801 0 100 3.5 5.9142 9.4142
37 794 0 100 4.9 4.67767 9.57767
37 827 0 100 0.8 8.87693 9.67693
51 810 0 100 2.6 7.28618 9.88618
25 823 0 100 1.9 8.09573 9.99573
12 804 0 100 3.9 6.2307 10.1307
38 800 0 100 4.4 5.73944 10.1394
2 813 0 100 2.8 7.47683 10.2768
43 834 0 100 0.7 9.73942 10.4394
43 816 0 100 2.9 7.64522 10.5452
47 808 0 100 3.7 7.04131 10.7413
22 814 0 100 3.2 7.55206 10.7521
9 818 0 100 3.5 7.6867 11.1867
8 833 0 100 1.8 9.59794 11.3979
56 809 0 100 4.4 7.24131 11.6413
56 835 0 100 1.9 9.74945 11.6495
1 820 0 100 3.8 7.85185 11.6518
24 817 0 100 4.3 7.65017 11.9502
46 822 0 100 4.5 8.08763 12.5876
58 825 0 100 4 8.61284 12.6128
45 836 0 100 3.2 9.88997 13.09
64 831 0 100 4 9.13848 13.1385
42 826 0 100 4.6 8.6404 13.2404
49 828 0 100 4.4 8.92418 13.3242
32 830 0 100 4.3 9.0765 13.3765
6 832 0 100 3.9 9.58283 13.4828
34 839 0 100 3.6 9.98361 13.5836
14 838 0 100 4.2 9.95165 14.1516
10 837 0 100 4.4 9.9336 14.3336
