61 384 0 100 2.33402e-08 1.01308 1.01308
90 392 0 100 1.16701e-08 1.60357 1.60357
50 404 0 100 1.16701e-08 2.04853 2.04853
9 391 0 100 1 1.52976 2.52976
17 420 0 100 2.33402e-08 3.00312 3.00312
72 402 0 100 1.5 1.96434 3.46434
53 396 0 100 2.5 1.7447 4.2447
76 421 0 100 1.5 3.03222 4.53222
39 423 0 100 1.5 3.16581 4.66581
63 385 0 100 4 1.04213 5.04213
20 414 0 100 2.5 2.58891 5.08891
88 431 0 100 1.5 4.31159 5.81159
67 389 0 100 5 1.33473 6.33473
23 444 0 100 1.16701e-08 6.50326 6.50326
45 430 0 100 3 4.01038 7.01038
55 393 0 100 5.5 1.62501 7.12501
50 440 0 100 1.5 5.81695 7.31695
94 448 0 100 1.16701e-08 7.3287 7.3287
93 412 0 100 5 2.56335 7.56335
68 446 0 100 1 6.77614 7.77614
49 452 0 100 1.16701e-08 8.36159 8.36159
65 436 0 100 4 4.48235 8.48235
92 433 0 100 4.5 4.42977 8.92977
98 439 0 100 4.5 4.97865 9.47865
66 428 0 100 6 3.67295 9.67295
39 449 0 100 2.5 7.60028 10.1003
84 443 0 100 4 6.11916 10.1192
88 447 0 100 4 7.16183 11.1618
12 397 0 100 10 1.75824 11.7582
23 434 0 100 7.5 4.43554 11.9355
31 427 0 100 8.5 3.66666 12.1667
18 451 0 100 4.5 7.78197 12.282
10 429 0 100 9.5 3.71845 13.2184
81 425 0 100 10 3.34654 13.3465
86 438 0 100 8.5 4.94037 13.4404
92 398 0 100 12.5 1.76829 14.2683
99 437 0 100 10 4.48805 14.488
