50 1807 0 100 1.16701e-08 1.058 1.058
24 1824 0 100 0.5 1.84966 2.34966
42 1834 0 100 1.5 2.39504 3.89504
47 1827 0 100 2 2.05429 4.05429
49 1853 0 100 1 3.45736 4.45736
14 1815 0 100 3 1.52032 4.52032
11 1843 0 100 2 2.93772 4.93772
13 1816 0 100 3.5 1.53848 5.03848
13 1868 0 100 1 4.07858 5.07858
28 1848 0 100 2 3.11829 5.11829
23 1865 0 100 1.5 3.93824 5.43824
45 1855 0 100 2 3.54999 5.54999
26 1828 0 100 4.5 2.07977 6.57977
12 1812 0 100 5.5 1.4132 6.9132
4 1862 0 100 3.5 3.88255 7.38255
17 1833 0 100 5 2.38423 7.38423
2 1867 0 100 3.5 4.06289 7.56289
10 1805 0 100 7 1.04593 8.04593
44 1820 0 100 6.5 1.73832 8.23832
21 1844 0 100 5.5 2.99709 8.49709
15 1904 0 100 3 6.40546 9.40546
31 1857 0 100 6.5 3.64445 10.1444
6 1809 0 100 9 1.15542 10.1554
29 1871 0 100 6 4.20135 10.2014
32 1918 0 100 3 7.24217 10.2422
28 1952 0 100 0.5 9.86443 10.3644
20 1806 0 100 9.5 1.05333 10.5533
37 1818 0 100 9 1.70636 10.7064
23 1951 0 100 1 9.82514 10.8251
50 1893 0 100 6 5.4089 11.4089
43 1821 0 100 10 1.77007 11.7701
27 1883 0 100 7.5 4.79666 12.2967
18 1836 0 100 10 2.51302 12.513
18 1915 0 100 5.5 7.08588 12.5859
2 1919 0 100 5.5 7.24797 12.748
41 1846 0 100 10 3.09953 13.0995
5 1870 0 100 9.5 4.17981 13.6798
35 1878 0 100 9.5 4.59548 14.0955
42 1937 0 100 5.5 8.77863 14.2786
9 1938 0 100 6 8.78571 14.7857
49 1911 0 100 8 6.83901 14.839
