10 0.8 0.048 0.752
10 0.752 0.048 0.704
2 0.8 0.048 0.752
10 0.704 0.048 0.656
14 0.8 0.048 0.752
2 0.8 0.048 0.752
14 0.8 0.048 0.752
14 0.8 0.048 0.752
19 0.8 0.048 0.752
6 0.8 0.048 0.752
7 0.8 0.048 0.752
9 0.8 0.048 0.752
22 0.8 0.048 0.752
13 0.8 0.048 0.752
15 0.8 0.048 0.752
19 0.8 0.048 0.752
29 0.8 0.048 0.752
28 0.8 0.048 0.752
20 0.8 0.048 0.752
13 0.8 0.048 0.752
15 0.8 0.048 0.752
29 0.8 0.048 0.752
12 0.8 0.048 0.752
13 0.8 0.048 0.752
15 0.8 0.048 0.752
29 0.8 0.048 0.752
12 0.8 0.048 0.752
17 0.8 0.048 0.752
3 0.8 0.048 0.752
5 0.8 0.048 0.752
12 0.8 0.048 0.752
17 0.8 0.048 0.752
15 0.8 0.048 0.752
13 0.8 0.048 0.752
29 0.8 0.048 0.752
5 0.752 0.048 0.704
3 0.752 0.048 0.704
6 0.8 0.048 0.752
7 0.8 0.048 0.752
9 0.8 0.048 0.752
22 0.8 0.048 0.752
25 0.8 0.048 0.752
26 0.8 0.048 0.752
17 0.8 0.048 0.752
13 0.8 0.048 0.752
15 0.8 0.048 0.752
29 0.8 0.048 0.752
21 0.8 0.048 0.752
28 0.8 0.048 0.752
28 0.8 0.048 0.752
20 0.8 0.048 0.752
21 0.752 0.048 0.704
18 0.8 0.048 0.752
26 0.8 0.048 0.752
25 0.8 0.048 0.752
8 0.8 0.048 0.752
1 0.8 0.048 0.752
16 0.8 0.048 0.752
3 0.8 0.048 0.752
5 0.8 0.048 0.752
20 0.8 0.048 0.752
28 0.8 0.048 0.752
15 0.8 0.048 0.752
13 0.8 0.048 0.752
29 0.8 0.048 0.752
5 0.752 0.048 0.704
3 0.752 0.048 0.704
6 0.8 0.048 0.752
7 0.8 0.048 0.752
9 0.8 0.048 0.752
25 0.8 0.048 0.752
26 0.8 0.048 0.752
20 0.8 0.048 0.752
21 0.8 0.048 0.752
28 0.8 0.048 0.752
13 0.8 0.048 0.752
15 0.8 0.048 0.752
29 0.8 0.048 0.752
21 0.752 0.048 0.704
28 0.752 0.048 0.704
21 0.704 0.048 0.656
21 0.656 0.16 0.496
21 0.496 0.016 0.48
28 0.782678 0.048 0.734678
20 0.752 0.048 0.704
21 0.48 0.048 0.432
28 0.734678 0.048 0.686678
28 0.686678 0.16 0.526678
28 0.526678 0.016 0.510678
18 0.8 0.048 0.752
21 0.508662 0.048 0.460662
28 0.510678 0.048 0.462678
21 0.532931 0.048 0.484931
26 0.8 0.048 0.752
25 0.8 0.048 0.752
8 0.8 0.048 0.752
1 0.8 0.048 0.752
16 0.8 0.048 0.752
19 0.8 0.048 0.752
30 0.8 0.048 0.752
3 0.8 0.048 0.752
5 0.8 0.048 0.752
5 0.752 0.048 0.704
15 0.8 0.048 0.752
13 0.8 0.048 0.752
29 0.8 0.048 0.752
5 0.704 0.048 0.656
3 0.752 0.048 0.704
5 0.656 0.048 0.608
5 0.608 0.16 0.448
5 0.448 0.016 0.432
9 0.8 0.048 0.752
6 0.8 0.048 0.752
6 0.752 0.048 0.704
7 0.8 0.048 0.752
9 0.752 0.048 0.704
22 0.8 0.048 0.752
25 0.8 0.048 0.752
26 0.8 0.048 0.752
3 0.777519 0.048 0.729519
5 0.51184 0.048 0.46384
13 0.8 0.048 0.752
15 0.8 0.048 0.752
29 0.8 0.048 0.752
18 0.8 0.048 0.752
17 0.8 0.048 0.752
12 0.8 0.048 0.752
12 0.752 0.048 0.704
17 0.752 0.048 0.704
17 0.704 0.16 0.544
12 0.704 0.16 0.544
12 0.544 0.016 0.528
17 0.544 0.016 0.528
12 0.528 0.048 0.48
17 0.528 0.048 0.48
3 0.8 0.048 0.752
5 0.543737 0.048 0.495737
27 0.8 0.048 0.752
23 0.8 0.048 0.752
3 0.8 0.048 0.752
11 0.8 0.048 0.752
26 0.8 0.048 0.752
25 0.8 0.048 0.752
7 0.8 0.048 0.752
6 0.8 0.048 0.752
9 0.8 0.048 0.752
22 0.8 0.048 0.752
8 0.8 0.048 0.752
1 0.8 0.048 0.752
16 0.8 0.048 0.752
11 0.8 0.048 0.752
19 0.8 0.048 0.752
30 0.8 0.048 0.752
3 0.8 0.048 0.752
5 0.725285 0.048 0.677285
5 0.677285 0.048 0.629285
3 0.752 0.048 0.704
3 0.704 0.16 0.544
5 0.629285 0.16 0.469285
18 0.8 0.048 0.752
15 0.8 0.048 0.752
13 0.8 0.048 0.752
29 0.8 0.048 0.752
9 0.8 0.048 0.752
6 0.8 0.048 0.752
7 0.8 0.048 0.752
1 0.8 0.048 0.752
8 0.8 0.048 0.752
16 0.8 0.048 0.752
6 0.752 0.048 0.704
7 0.8 0.048 0.752
9 0.752 0.048 0.704
25 0.8 0.048 0.752
26 0.8 0.048 0.752
18 0.8 0.048 0.752
13 0.8 0.048 0.752
15 0.8 0.048 0.752
29 0.8 0.048 0.752
18 0.752 0.048 0.704
18 0.704 0.048 0.656
18 0.656 0.16 0.496
18 0.496 0.016 0.48
12 0.8 0.048 0.752
17 0.8 0.048 0.752
18 0.55521 0.048 0.50721
30 0.8 0.048 0.752
27 0.8 0.048 0.752
23 0.8 0.048 0.752
14 0.8 0.048 0.752
2 0.8 0.048 0.752
2 0.752 0.048 0.704
14 0.752 0.048 0.704
14 0.704 0.16 0.544
2 0.704 0.16 0.544
2 0.544 0.016 0.528
14 0.544 0.016 0.528
2 0.528 0.048 0.48
14 0.528 0.048 0.48
4 0.8 0.048 0.752
23 0.8 0.048 0.752
30 0.8 0.048 0.752
26 0.8 0.048 0.752
25 0.8 0.048 0.752
7 0.8 0.048 0.752
6 0.8 0.048 0.752
22 0.8 0.048 0.752
11 0.8 0.048 0.752
8 0.8 0.048 0.752
1 0.8 0.048 0.752
16 0.8 0.048 0.752
30 0.8 0.048 0.752
19 0.8 0.048 0.752
15 0.8 0.048 0.752
30 0.752 0.048 0.704
22 0.8 0.048 0.752
15 0.8 0.048 0.752
13 0.8 0.048 0.752
19 0.8 0.048 0.752
29 0.8 0.048 0.752
22 0.8 0.048 0.752
6 0.8 0.048 0.752
7 0.8 0.048 0.752
22 0.752 0.048 0.704
22 0.704 0.16 0.544
22 0.544 0.016 0.528
10 0.8 0.048 0.752
9 0.8 0.048 0.752
6 0.752 0.048 0.704
1 0.8 0.048 0.752
8 0.8 0.048 0.752
16 0.8 0.048 0.752
6 0.704 0.048 0.656
7 0.8 0.048 0.752
9 0.752 0.048 0.704
22 0.528 0.048 0.48
25 0.8 0.048 0.752
26 0.8 0.048 0.752
6 0.656 0.048 0.608
7 0.752 0.048 0.704
22 0.48 0.048 0.432
13 0.8 0.048 0.752
15 0.8 0.048 0.752
29 0.8 0.048 0.752
12 0.8 0.048 0.752
17 0.8 0.048 0.752
6 0.680929 0.048 0.632929
7 0.783393 0.048 0.735393
9 0.777436 0.048 0.729436
22 0.509991 0.048 0.461991
27 0.8 0.048 0.752
23 0.8 0.048 0.752
2 0.8 0.048 0.752
14 0.8 0.048 0.752
16 0.8 0.048 0.752
1 0.8 0.048 0.752
8 0.8 0.048 0.752
4 0.8 0.048 0.752
23 0.8 0.048 0.752
6 0.708318 0.048 0.660318
9 0.8 0.048 0.752
25 0.8 0.048 0.752
26 0.8 0.048 0.752
25 0.8 0.048 0.752
7 0.8 0.048 0.752
6 0.730853 0.048 0.682853
22 0.610881 0.048 0.562881
11 0.8 0.048 0.752
8 0.8 0.048 0.752
1 0.8 0.048 0.752
16 0.8 0.048 0.752
9 0.8 0.048 0.752
25 0.752 0.048 0.704
26 0.8 0.048 0.752
19 0.8 0.048 0.752
15 0.8 0.048 0.752
30 0.8 0.048 0.752
24 0.8 0.048 0.752
25 0.783523 0.048 0.735523
26 0.8 0.048 0.752
15 0.8 0.048 0.752
13 0.8 0.048 0.752
29 0.8 0.048 0.752
10 0.8 0.048 0.752
9 0.8 0.048 0.752
6 0.8 0.048 0.752
1 0.8 0.048 0.752
8 0.8 0.048 0.752
16 0.8 0.048 0.752
6 0.752 0.048 0.704
7 0.8 0.048 0.752
9 0.752 0.048 0.704
22 0.710949 0.048 0.662949
22 0.662949 0.048 0.614949
6 0.704 0.048 0.656
6 0.656 0.16 0.496
7 0.752 0.16 0.592
9 0.704 0.16 0.544
22 0.614949 0.16 0.454949
25 0.8 0.048 0.752
26 0.8 0.048 0.752
26 0.752 0.048 0.704
13 0.8 0.048 0.752
15 0.8 0.048 0.752
29 0.8 0.048 0.752
12 0.8 0.048 0.752
17 0.8 0.048 0.752
24 0.8 0.048 0.752
27 0.8 0.048 0.752
23 0.8 0.048 0.752
2 0.8 0.048 0.752
14 0.8 0.048 0.752
16 0.8 0.048 0.752
1 0.8 0.048 0.752
8 0.8 0.048 0.752
4 0.8 0.048 0.752
23 0.8 0.048 0.752
24 0.8 0.048 0.752
26 0.8 0.048 0.752
25 0.8 0.048 0.752
7 0.743854 0.048 0.695854
6 0.716504 0.048 0.668504
22 0.681465 0.048 0.633465
11 0.8 0.048 0.752
8 0.8 0.048 0.752
1 0.8 0.048 0.752
16 0.8 0.048 0.752
24 0.8 0.048 0.752
19 0.8 0.048 0.752
20 0.8 0.048 0.752
28 0.8 0.048 0.752
30 0.8 0.048 0.752
24 0.8 0.048 0.752
15 0.8 0.048 0.752
13 0.8 0.048 0.752
19 0.8 0.048 0.752
29 0.8 0.048 0.752
10 0.8 0.048 0.752
9 0.8 0.048 0.752
6 0.8 0.048 0.752
1 0.8 0.048 0.752
8 0.8 0.048 0.752
16 0.8 0.048 0.752
25 0.8 0.048 0.752
26 0.8 0.048 0.752
23 0.8 0.048 0.752
27 0.8 0.048 0.752
13 0.8 0.048 0.752
15 0.8 0.048 0.752
29 0.8 0.048 0.752
12 0.8 0.048 0.752
17 0.8 0.048 0.752
4 0.8 0.048 0.752
23 0.8 0.048 0.752
27 0.8 0.048 0.752
27 0.752 0.048 0.704
23 0.752 0.048 0.704
27 0.704 0.048 0.656
27 0.656 0.16 0.496
27 0.496 0.016 0.48
2 0.8 0.048 0.752
14 0.8 0.048 0.752
16 0.8 0.048 0.752
1 0.8 0.048 0.752
8 0.8 0.048 0.752
4 0.8 0.048 0.752
23 0.77574 0.048 0.72774
4 0.752 0.048 0.704
4 0.704 0.16 0.544
4 0.544 0.016 0.528
4 0.528 0.048 0.48
23 0.72774 0.048 0.67974
26 0.8 0.048 0.752
25 0.8 0.048 0.752
7 0.8 0.048 0.752
6 0.8 0.048 0.752
22 0.8 0.048 0.752
11 0.8 0.048 0.752
29 0.8 0.048 0.752
13 0.8 0.048 0.752
15 0.8 0.048 0.752
8 0.8 0.048 0.752
1 0.8 0.048 0.752
16 0.8 0.048 0.752
4 0.55096 0.048 0.50296
8 0.752 0.048 0.704
19 0.8 0.048 0.752
15 0.8 0.048 0.752
23 0.749844 0.048 0.701844
4 0.50296 0.048 0.45496
27 0.628208 0.048 0.580208
27 0.580208 0.048 0.532208
23 0.701844 0.048 0.653844
23 0.653844 0.16 0.493844
4 0.45496 0.16 0.29496
27 0.532208 0.16 0.372208
20 0.8 0.048 0.752
28 0.8 0.048 0.752
30 0.8 0.048 0.752
24 0.8 0.048 0.752
1 0.8 0.048 0.752
8 0.783882 0.048 0.735882
16 0.8 0.048 0.752
15 0.8 0.048 0.752
13 0.8 0.048 0.752
19 0.8 0.048 0.752
29 0.8 0.048 0.752
10 0.8 0.048 0.752
9 0.8 0.048 0.752
6 0.8 0.048 0.752
7 0.8 0.048 0.752
1 0.8 0.048 0.752
8 0.735882 0.048 0.687882
16 0.752 0.048 0.704
1 0.752 0.048 0.704
1 0.704 0.16 0.544
1 0.544 0.016 0.528
25 0.8 0.048 0.752
1 0.528 0.048 0.48
8 0.762364 0.048 0.714364
16 0.783388 0.048 0.735388
13 0.8 0.048 0.752
15 0.8 0.048 0.752
29 0.8 0.048 0.752
12 0.8 0.048 0.752
17 0.8 0.048 0.752
1 0.551201 0.048 0.503201
16 0.8 0.048 0.752
2 0.8 0.048 0.752
14 0.8 0.048 0.752
16 0.752 0.048 0.704
1 0.503201 0.048 0.455201
8 0.7921 0.048 0.7441
26 0.8 0.048 0.752
25 0.8 0.048 0.752
7 0.8 0.048 0.752
6 0.8 0.048 0.752
22 0.8 0.048 0.752
11 0.8 0.048 0.752
28 0.8 0.048 0.752
20 0.8 0.048 0.752
21 0.8 0.048 0.752
29 0.8 0.048 0.752
13 0.8 0.048 0.752
15 0.8 0.048 0.752
8 0.8 0.048 0.752
1 0.608198 0.048 0.560198
16 0.8 0.048 0.752
10 0.8 0.048 0.752
19 0.8 0.048 0.752
15 0.8 0.048 0.752
5 0.8 0.048 0.752
3 0.8 0.048 0.752
20 0.8 0.048 0.752
28 0.8 0.048 0.752
30 0.8 0.048 0.752
24 0.8 0.048 0.752
10 0.8 0.048 0.752
15 0.8 0.048 0.752
13 0.8 0.048 0.752
19 0.8 0.048 0.752
29 0.8 0.048 0.752
10 0.8 0.048 0.752
10 0.752 0.048 0.704
10 0.704 0.16 0.544
10 0.544 0.016 0.528
9 0.8 0.048 0.752
6 0.8 0.048 0.752
7 0.8 0.048 0.752
25 0.8 0.048 0.752
26 0.8 0.048 0.752
2 0.8 0.048 0.752
10 0.528 0.048 0.48
14 0.8 0.048 0.752
13 0.8 0.048 0.752
15 0.8 0.048 0.752
29 0.8 0.048 0.752
12 0.8 0.048 0.752
17 0.8 0.048 0.752
2 0.8 0.048 0.752
14 0.8 0.048 0.752
2 0.752 0.048 0.704
14 0.752 0.048 0.704
2 0.704 0.048 0.656
2 0.656 0.16 0.496
2 0.496 0.016 0.48
16 0.8 0.048 0.752
1 0.792025 0.048 0.744025
8 0.8 0.048 0.752
2 0.556795 0.048 0.508795
14 0.778211 0.048 0.730211
26 0.8 0.048 0.752
25 0.8 0.048 0.752
7 0.8 0.048 0.752
6 0.8 0.048 0.752
9 0.8 0.048 0.752
22 0.8 0.048 0.752
11 0.8 0.048 0.752
28 0.8 0.048 0.752
20 0.8 0.048 0.752
21 0.8 0.048 0.752
29 0.8 0.048 0.752
13 0.8 0.048 0.752
15 0.8 0.048 0.752
8 0.8 0.048 0.752
1 0.8 0.048 0.752
16 0.8 0.048 0.752
19 0.8 0.048 0.752
5 0.8 0.048 0.752
3 0.8 0.048 0.752
20 0.8 0.048 0.752
28 0.8 0.048 0.752
30 0.8 0.048 0.752
24 0.8 0.048 0.752
15 0.8 0.048 0.752
13 0.8 0.048 0.752
29 0.8 0.048 0.752
9 0.8 0.048 0.752
6 0.8 0.048 0.752
7 0.8 0.048 0.752
25 0.8 0.048 0.752
26 0.8 0.048 0.752
21 0.8 0.048 0.752
28 0.8 0.048 0.752
14 0.8 0.048 0.752
2 0.731013 0.048 0.683013
13 0.8 0.048 0.752
15 0.8 0.048 0.752
29 0.8 0.048 0.752
22 0.8 0.048 0.752
6 0.8 0.048 0.752
7 0.8 0.048 0.752
12 0.8 0.048 0.752
17 0.8 0.048 0.752
19 0.8 0.048 0.752
16 0.8 0.048 0.752
1 0.8 0.048 0.752
8 0.8 0.048 0.752
19 0.8 0.048 0.752
26 0.8 0.048 0.752
25 0.8 0.048 0.752
7 0.8 0.048 0.752
6 0.8 0.048 0.752
9 0.8 0.048 0.752
22 0.8 0.048 0.752
11 0.8 0.048 0.752
28 0.8 0.048 0.752
20 0.8 0.048 0.752
21 0.8 0.048 0.752
29 0.8 0.048 0.752
13 0.8 0.048 0.752
15 0.8 0.048 0.752
8 0.8 0.048 0.752
1 0.8 0.048 0.752
16 0.8 0.048 0.752
13 0.752 0.048 0.704
15 0.8 0.048 0.752
19 0.8 0.048 0.752
29 0.8 0.048 0.752
19 0.752 0.048 0.704
19 0.704 0.048 0.656
19 0.656 0.16 0.496
19 0.496 0.016 0.48
5 0.8 0.048 0.752
3 0.8 0.048 0.752
20 0.8 0.048 0.752
28 0.8 0.048 0.752
30 0.8 0.048 0.752
24 0.8 0.048 0.752
12 0.8 0.048 0.752
13 0.781921 0.048 0.733921
15 0.8 0.048 0.752
29 0.8 0.048 0.752
15 0.752 0.048 0.704
13 0.8 0.048 0.752
29 0.752 0.048 0.704
15 0.704 0.048 0.656
15 0.656 0.16 0.496
15 0.496 0.016 0.48
9 0.8 0.048 0.752
6 0.8 0.048 0.752
25 0.8 0.048 0.752
26 0.8 0.048 0.752
21 0.8 0.048 0.752
28 0.8 0.048 0.752
14 0.8 0.048 0.752
2 0.8 0.048 0.752
12 0.8 0.048 0.752
13 0.752 0.048 0.704
15 0.551503 0.048 0.503503
17 0.8 0.048 0.752
29 0.780021 0.048 0.732021
13 0.774056 0.048 0.726056
15 0.503503 0.048 0.455503
29 0.732021 0.048 0.684021
22 0.8 0.048 0.752
6 0.8 0.048 0.752
7 0.8 0.048 0.752
12 0.8 0.048 0.752
17 0.8 0.048 0.752
12 0.752 0.048 0.704
12 0.704 0.16 0.544
12 0.544 0.016 0.528
12 0.528 0.048 0.48
17 0.752 0.048 0.704
16 0.8 0.048 0.752
1 0.8 0.048 0.752
8 0.8 0.048 0.752
17 0.783075 0.048 0.735075
26 0.8 0.048 0.752
25 0.8 0.048 0.752
7 0.8 0.048 0.752
6 0.8 0.048 0.752
9 0.8 0.048 0.752
22 0.8 0.048 0.752
11 0.8 0.048 0.752
28 0.8 0.048 0.752
20 0.8 0.048 0.752
21 0.8 0.048 0.752
29 0.8 0.048 0.752
13 0.8 0.048 0.752
15 0.607746 0.048 0.559746
8 0.8 0.048 0.752
1 0.8 0.048 0.752
16 0.8 0.048 0.752
5 0.8 0.048 0.752
3 0.8 0.048 0.752
20 0.8 0.048 0.752
28 0.8 0.048 0.752
30 0.8 0.048 0.752
24 0.8 0.048 0.752
9 0.8 0.048 0.752
6 0.8 0.048 0.752
7 0.8 0.048 0.752
25 0.8 0.048 0.752
26 0.8 0.048 0.752
21 0.8 0.048 0.752
28 0.8 0.048 0.752
4 0.8 0.048 0.752
14 0.8 0.048 0.752
2 0.8 0.048 0.752
13 0.8 0.048 0.752
15 0.787129 0.048 0.739129
29 0.8 0.048 0.752
22 0.8 0.048 0.752
6 0.8 0.048 0.752
7 0.8 0.048 0.752
17 0.8 0.048 0.752
12 0.8 0.048 0.752
12 0.752 0.048 0.704
17 0.752 0.048 0.704
17 0.704 0.16 0.544
12 0.704 0.16 0.544
12 0.544 0.016 0.528
17 0.544 0.016 0.528
12 0.528 0.048 0.48
17 0.528 0.048 0.48
20 0.8 0.048 0.752
16 0.8 0.048 0.752
1 0.8 0.048 0.752
8 0.8 0.048 0.752
20 0.8 0.048 0.752
21 0.8 0.048 0.752
28 0.8 0.048 0.752
26 0.8 0.048 0.752
25 0.8 0.048 0.752
7 0.8 0.048 0.752
6 0.8 0.048 0.752
9 0.8 0.048 0.752
22 0.8 0.048 0.752
11 0.8 0.048 0.752
28 0.8 0.048 0.752
20 0.752 0.048 0.704
21 0.752 0.048 0.704
28 0.752 0.048 0.704
28 0.704 0.16 0.544
28 0.544 0.016 0.528
29 0.8 0.048 0.752
13 0.8 0.048 0.752
15 0.8 0.048 0.752
8 0.8 0.048 0.752
1 0.8 0.048 0.752
16 0.8 0.048 0.752
20 0.775246 0.048 0.727246
21 0.783083 0.048 0.735083
28 0.528 0.048 0.48
5 0.8 0.048 0.752
3 0.8 0.048 0.752
20 0.727246 0.048 0.679246
28 0.557736 0.048 0.509736
30 0.8 0.048 0.752
24 0.8 0.048 0.752
21 0.8 0.048 0.752
9 0.8 0.048 0.752
6 0.8 0.048 0.752
7 0.8 0.048 0.752
25 0.8 0.048 0.752
26 0.8 0.048 0.752
21 0.8 0.048 0.752
20 0.750545 0.048 0.702545
28 0.585541 0.048 0.537541
28 0.537541 0.048 0.489541
21 0.752 0.048 0.704
21 0.704 0.16 0.544
20 0.702545 0.16 0.542545
28 0.489541 0.16 0.329541
4 0.8 0.048 0.752
14 0.8 0.048 0.752
2 0.8 0.048 0.752
27 0.8 0.048 0.752
23 0.8 0.048 0.752
13 0.8 0.048 0.752
15 0.8 0.048 0.752
29 0.8 0.048 0.752
22 0.8 0.048 0.752
6 0.8 0.048 0.752
7 0.8 0.048 0.752
9 0.8 0.048 0.752
12 0.8 0.048 0.752
17 0.8 0.048 0.752
5 0.8 0.048 0.752
16 0.8 0.048 0.752
1 0.8 0.048 0.752
8 0.8 0.048 0.752
3 0.8 0.048 0.752
5 0.8 0.048 0.752
26 0.8 0.048 0.752
25 0.8 0.048 0.752
7 0.8 0.048 0.752
6 0.8 0.048 0.752
9 0.8 0.048 0.752
22 0.8 0.048 0.752
11 0.8 0.048 0.752
29 0.8 0.048 0.752
13 0.8 0.048 0.752
15 0.8 0.048 0.752
8 0.8 0.048 0.752
1 0.8 0.048 0.752
16 0.8 0.048 0.752
3 0.8 0.048 0.752
5 0.8 0.048 0.752
5 0.8 0.048 0.752
3 0.8 0.048 0.752
5 0.752 0.048 0.704
5 0.704 0.16 0.544
5 0.544 0.016 0.528
20 0.8 0.048 0.752
21 0.767178 0.048 0.719178
28 0.635443 0.048 0.587443
30 0.8 0.048 0.752
24 0.8 0.048 0.752
3 0.752 0.048 0.704
11 0.8 0.048 0.752
2 0.8 0.048 0.752
14 0.8 0.048 0.752
9 0.8 0.048 0.752
6 0.8 0.048 0.752
22 0.8 0.048 0.752
18 0.8 0.048 0.752
25 0.8 0.048 0.752
26 0.8 0.048 0.752
4 0.8 0.048 0.752
14 0.8 0.048 0.752
2 0.8 0.048 0.752
11 0.8 0.048 0.752
27 0.8 0.048 0.752
23 0.8 0.048 0.752
13 0.8 0.048 0.752
15 0.8 0.048 0.752
19 0.8 0.048 0.752
19 0.752 0.048 0.704
29 0.8 0.048 0.752
13 0.752 0.048 0.704
13 0.704 0.16 0.544
15 0.752 0.16 0.592
19 0.704 0.16 0.544
19 0.544 0.016 0.528
13 0.544 0.016 0.528
19 0.528 0.048 0.48
13 0.528 0.048 0.48
29 0.752 0.16 0.592
22 0.8 0.048 0.752
6 0.8 0.048 0.752
7 0.8 0.048 0.752
9 0.8 0.048 0.752
12 0.8 0.048 0.752
17 0.8 0.048 0.752
11 0.8 0.048 0.752
18 0.8 0.048 0.752
16 0.8 0.048 0.752
1 0.8 0.048 0.752
8 0.8 0.048 0.752
1 0.8 0.048 0.752
8 0.752 0.048 0.704
16 0.752 0.048 0.704
18 0.8 0.048 0.752
26 0.8 0.048 0.752
25 0.8 0.048 0.752
7 0.8 0.048 0.752
6 0.8 0.048 0.752
22 0.8 0.048 0.752
11 0.8 0.048 0.752
29 0.744344 0.048 0.696344
13 0.629812 0.048 0.581812
15 0.738971 0.048 0.690971
8 0.8 0.048 0.752
1 0.8 0.048 0.752
16 0.8 0.048 0.752
18 0.8 0.048 0.752
20 0.8 0.048 0.752
21 0.8 0.048 0.752
28 0.8 0.048 0.752
30 0.8 0.048 0.752
30 0.752 0.048 0.704
30 0.704 0.16 0.544
30 0.544 0.016 0.528
24 0.8 0.048 0.752
30 0.602463 0.048 0.554463
2 0.8 0.048 0.752
14 0.8 0.048 0.752
9 0.8 0.048 0.752
6 0.8 0.048 0.752
22 0.8 0.048 0.752
18 0.8 0.048 0.752
25 0.8 0.048 0.752
26 0.8 0.048 0.752
4 0.8 0.048 0.752
14 0.8 0.048 0.752
2 0.8 0.048 0.752
30 0.626856 0.048 0.578856
27 0.8 0.048 0.752
23 0.8 0.048 0.752
19 0.8 0.048 0.752
13 0.8 0.048 0.752
22 0.8 0.048 0.752
6 0.8 0.048 0.752
7 0.8 0.048 0.752
9 0.8 0.048 0.752
12 0.8 0.048 0.752
17 0.8 0.048 0.752
16 0.8 0.048 0.752
1 0.8 0.048 0.752
8 0.8 0.048 0.752
1 0.8 0.048 0.752
8 0.752 0.048 0.704
16 0.752 0.048 0.704
7 0.8 0.048 0.752
22 0.8 0.048 0.752
26 0.8 0.048 0.752
25 0.8 0.048 0.752
7 0.752 0.048 0.704
6 0.8 0.048 0.752
22 0.8 0.048 0.752
7 0.704 0.048 0.656
7 0.656 0.16 0.496
7 0.496 0.016 0.48
11 0.8 0.048 0.752
29 0.8 0.048 0.752
13 0.8 0.048 0.752
15 0.8 0.048 0.752
8 0.8 0.048 0.752
1 0.8 0.048 0.752
16 0.8 0.048 0.752
6 0.752 0.048 0.704
7 0.555086 0.048 0.507086
9 0.8 0.048 0.752
22 0.752 0.048 0.704
20 0.8 0.048 0.752
21 0.8 0.048 0.752
28 0.8 0.048 0.752
24 0.8 0.048 0.752
6 0.783127 0.048 0.735127
7 0.58501 0.048 0.53701
9 0.8 0.048 0.752
22 0.775398 0.048 0.727398
2 0.8 0.048 0.752
14 0.8 0.048 0.752
9 0.8 0.048 0.752
6 0.8 0.048 0.752
22 0.798176 0.048 0.750176
9 0.752 0.048 0.704
9 0.704 0.16 0.544
9 0.544 0.016 0.528
18 0.8 0.048 0.752
25 0.8 0.048 0.752
26 0.8 0.048 0.752
25 0.752 0.048 0.704
25 0.704 0.16 0.544
25 0.544 0.016 0.528
4 0.8 0.048 0.752
14 0.8 0.048 0.752
2 0.8 0.048 0.752
6 0.752 0.048 0.704
9 0.528 0.048 0.48
25 0.528 0.048 0.48
27 0.8 0.048 0.752
23 0.8 0.048 0.752
19 0.8 0.048 0.752
22 0.8 0.048 0.752
6 0.782144 0.048 0.734144
7 0.615022 0.048 0.567022
9 0.554544 0.048 0.506544
12 0.8 0.048 0.752
15 0.8 0.048 0.752
15 0.752 0.048 0.704
17 0.8 0.048 0.752
29 0.8 0.048 0.752
12 0.752 0.048 0.704
12 0.704 0.16 0.544
15 0.704 0.16 0.544
15 0.544 0.016 0.528
12 0.544 0.016 0.528
15 0.528 0.048 0.48
12 0.528 0.048 0.48
13 0.8 0.048 0.752
29 0.752 0.048 0.704
29 0.704 0.16 0.544
25 0.55923 0.048 0.51123
26 0.8 0.048 0.752
16 0.8 0.048 0.752
1 0.8 0.048 0.752
8 0.8 0.048 0.752
1 0.8 0.048 0.752
8 0.752 0.048 0.704
16 0.752 0.048 0.704
25 0.587731 0.048 0.539731
26 0.8 0.048 0.752
26 0.752 0.048 0.704
25 0.616175 0.048 0.568175
26 0.704 0.048 0.656
26 0.656 0.16 0.496
26 0.496 0.016 0.48
17 0.8 0.048 0.752
12 0.630207 0.048 0.582207
12 0.582207 0.048 0.534207
17 0.752 0.048 0.704
17 0.704 0.16 0.544
12 0.534207 0.16 0.374207
11 0.8 0.048 0.752
29 0.689948 0.048 0.641948
13 0.8 0.048 0.752
15 0.557246 0.048 0.509246
8 0.8 0.048 0.752
1 0.8 0.048 0.752
16 0.8 0.048 0.752
26 0.550598 0.048 0.502598
20 0.8 0.048 0.752
28 0.8 0.048 0.752
10 0.8 0.048 0.752
24 0.8 0.048 0.752
24 0.752 0.048 0.704
24 0.704 0.16 0.544
24 0.544 0.016 0.528
24 0.528 0.048 0.48
2 0.8 0.048 0.752
14 0.8 0.048 0.752
18 0.8 0.048 0.752
4 0.8 0.048 0.752
14 0.8 0.048 0.752
2 0.8 0.048 0.752
24 0.559748 0.048 0.511748
27 0.8 0.048 0.752
23 0.8 0.048 0.752
19 0.8 0.048 0.752
13 0.8 0.048 0.752
22 0.8 0.048 0.752
6 0.8 0.048 0.752
7 0.8 0.048 0.752
9 0.8 0.048 0.752
15 0.8 0.048 0.752
13 0.752 0.048 0.704
29 0.8 0.048 0.752
16 0.8 0.048 0.752
1 0.8 0.048 0.752
8 0.8 0.048 0.752
1 0.8 0.048 0.752
8 0.752 0.048 0.704
16 0.752 0.048 0.704
23 0.8 0.048 0.752
27 0.8 0.048 0.752
12 0.664474 0.048 0.616474
17 0.8 0.048 0.752
29 0.8 0.048 0.752
11 0.8 0.048 0.752
29 0.752 0.048 0.704
12 0.687065 0.048 0.639065
13 0.8 0.048 0.752
15 0.8 0.048 0.752
8 0.8 0.048 0.752
1 0.8 0.048 0.752
16 0.8 0.048 0.752
4 0.8 0.048 0.752
23 0.8 0.048 0.752
27 0.8 0.048 0.752
20 0.8 0.048 0.752
28 0.8 0.048 0.752
10 0.8 0.048 0.752
4 0.8 0.048 0.752
23 0.8 0.048 0.752
27 0.8 0.048 0.752
2 0.8 0.048 0.752
14 0.8 0.048 0.752
18 0.8 0.048 0.752
4 0.8 0.048 0.752
4 0.752 0.048 0.704
4 0.704 0.16 0.544
4 0.544 0.016 0.528
14 0.8 0.048 0.752
2 0.8 0.048 0.752
4 0.528 0.048 0.48
27 0.8 0.048 0.752
23 0.8 0.048 0.752
19 0.8 0.048 0.752
13 0.8 0.048 0.752
22 0.8 0.048 0.752
6 0.8 0.048 0.752
7 0.8 0.048 0.752
15 0.8 0.048 0.752
13 0.752 0.048 0.704
29 0.8 0.048 0.752
1 0.8 0.048 0.752
8 0.8 0.048 0.752
16 0.8 0.048 0.752
16 0.752 0.048 0.704
1 0.752 0.048 0.704
8 0.752 0.048 0.704
16 0.704 0.048 0.656
16 0.656 0.16 0.496
16 0.496 0.016 0.48
1 0.783242 0.048 0.735242
8 0.704 0.048 0.656
16 0.48 0.048 0.432
1 0.735242 0.048 0.687242
1 0.687242 0.16 0.527242
1 0.527242 0.016 0.511242
1 0.511242 0.048 0.463242
8 0.72693 0.048 0.67893
16 0.506915 0.048 0.458915
12 0.8 0.048 0.752
17 0.8 0.048 0.752
29 0.8 0.048 0.752
11 0.8 0.048 0.752
29 0.752 0.048 0.704
12 0.8 0.048 0.752
13 0.8 0.048 0.752
15 0.8 0.048 0.752
8 0.750079 0.048 0.702079
1 0.536386 0.048 0.488386
16 0.531799 0.048 0.483799
8 0.702079 0.048 0.654079
8 0.654079 0.16 0.494079
8 0.494079 0.016 0.478079
1 0.488386 0.048 0.440386
8 0.478079 0.048 0.430079
16 0.483799 0.048 0.435799
20 0.8 0.048 0.752
28 0.8 0.048 0.752
10 0.8 0.048 0.752
2 0.8 0.048 0.752
14 0.8 0.048 0.752
18 0.8 0.048 0.752
14 0.8 0.048 0.752
2 0.8 0.048 0.752
10 0.8 0.048 0.752
27 0.8 0.048 0.752
23 0.8 0.048 0.752
19 0.8 0.048 0.752
13 0.8 0.048 0.752
22 0.8 0.048 0.752
6 0.8 0.048 0.752
7 0.8 0.048 0.752
15 0.8 0.048 0.752
13 0.752 0.048 0.704
29 0.8 0.048 0.752
10 0.8 0.048 0.752
2 0.8 0.048 0.752
10 0.8 0.048 0.752
12 0.8 0.048 0.752
17 0.8 0.048 0.752
29 0.8 0.048 0.752
11 0.8 0.048 0.752
29 0.752 0.048 0.704
12 0.8 0.048 0.752
13 0.8 0.048 0.752
15 0.8 0.048 0.752
2 0.8 0.048 0.752
14 0.8 0.048 0.752
20 0.8 0.048 0.752
28 0.8 0.048 0.752
10 0.8 0.048 0.752
2 0.8 0.048 0.752
14 0.8 0.048 0.752
2 0.752 0.048 0.704
14 0.752 0.048 0.704
2 0.704 0.048 0.656
2 0.656 0.16 0.496
2 0.496 0.016 0.48
18 0.8 0.048 0.752
14 0.779889 0.048 0.731889
2 0.557017 0.048 0.509017
14 0.731889 0.048 0.683889
27 0.8 0.048 0.752
23 0.8 0.048 0.752
19 0.8 0.048 0.752
13 0.8 0.048 0.752
22 0.8 0.048 0.752
6 0.8 0.048 0.752
7 0.8 0.048 0.752
9 0.8 0.048 0.752
15 0.8 0.048 0.752
13 0.752 0.048 0.704
29 0.8 0.048 0.752
12 0.8 0.048 0.752
17 0.8 0.048 0.752
29 0.8 0.048 0.752
11 0.8 0.048 0.752
29 0.752 0.048 0.704
12 0.8 0.048 0.752
13 0.8 0.048 0.752
15 0.8 0.048 0.752
20 0.8 0.048 0.752
28 0.8 0.048 0.752
10 0.8 0.048 0.752
19 0.8 0.048 0.752
18 0.8 0.048 0.752
14 0.8 0.048 0.752
2 0.8 0.048 0.752
2 0.752 0.048 0.704
14 0.752 0.048 0.704
14 0.704 0.16 0.544
2 0.704 0.16 0.544
2 0.544 0.016 0.528
14 0.544 0.016 0.528
2 0.528 0.048 0.48
14 0.528 0.048 0.48
13 0.8 0.048 0.752
15 0.8 0.048 0.752
19 0.8 0.048 0.752
27 0.8 0.048 0.752
23 0.8 0.048 0.752
19 0.752 0.048 0.704
13 0.8 0.048 0.752
15 0.752 0.048 0.704
19 0.704 0.048 0.656
19 0.656 0.16 0.496
19 0.496 0.016 0.48
22 0.8 0.048 0.752
6 0.8 0.048 0.752
7 0.8 0.048 0.752
9 0.8 0.048 0.752
15 0.777319 0.048 0.729319
13 0.752 0.048 0.704
19 0.554909 0.048 0.506909
29 0.8 0.048 0.752
15 0.729319 0.048 0.681319
15 0.681319 0.16 0.521319
15 0.521319 0.016 0.505319
12 0.8 0.048 0.752
13 0.704 0.048 0.656
15 0.505319 0.048 0.457319
19 0.506909 0.048 0.458909
29 0.8 0.048 0.752
12 0.8 0.048 0.752
13 0.726047 0.048 0.678047
15 0.537211 0.048 0.489211
17 0.8 0.048 0.752
29 0.8 0.048 0.752
12 0.752 0.048 0.704
17 0.752 0.048 0.704
29 0.752 0.048 0.704
12 0.704 0.048 0.656
12 0.656 0.16 0.496
12 0.496 0.016 0.48
11 0.8 0.048 0.752
29 0.704 0.048 0.656
12 0.553522 0.048 0.505522
13 0.752186 0.048 0.704186
15 0.489211 0.048 0.441211
29 0.656 0.048 0.608
29 0.608 0.16 0.448
29 0.448 0.016 0.432
12 0.505522 0.048 0.457522
17 0.778386 0.048 0.730386
29 0.505644 0.048 0.457644
20 0.8 0.048 0.752
28 0.8 0.048 0.752
10 0.8 0.048 0.752
17 0.8 0.048 0.752
18 0.8 0.048 0.752
2 0.8 0.048 0.752
14 0.8 0.048 0.752
27 0.8 0.048 0.752
23 0.8 0.048 0.752
22 0.8 0.048 0.752
6 0.8 0.048 0.752
7 0.8 0.048 0.752
11 0.8 0.048 0.752
20 0.8 0.048 0.752
28 0.8 0.048 0.752
10 0.8 0.048 0.752
20 0.8 0.048 0.752
28 0.752 0.048 0.704
18 0.8 0.048 0.752
2 0.8 0.048 0.752
14 0.8 0.048 0.752
20 0.8 0.048 0.752
21 0.8 0.048 0.752
28 0.780806 0.048 0.732806
27 0.8 0.048 0.752
23 0.8 0.048 0.752
22 0.8 0.048 0.752
6 0.8 0.048 0.752
7 0.8 0.048 0.752
20 0.8 0.048 0.752
21 0.8 0.048 0.752
28 0.8 0.048 0.752
21 0.8 0.048 0.752
11 0.8 0.048 0.752
20 0.8 0.048 0.752
28 0.8 0.048 0.752
10 0.8 0.048 0.752
5 0.8 0.048 0.752
18 0.8 0.048 0.752
2 0.8 0.048 0.752
14 0.8 0.048 0.752
3 0.8 0.048 0.752
5 0.8 0.048 0.752
27 0.8 0.048 0.752
23 0.8 0.048 0.752
22 0.8 0.048 0.752
6 0.8 0.048 0.752
7 0.8 0.048 0.752
3 0.8 0.048 0.752
5 0.8 0.048 0.752
3 0.8 0.048 0.752
11 0.8 0.048 0.752
11 0.752 0.048 0.704
11 0.704 0.048 0.656
11 0.656 0.16 0.496
11 0.496 0.016 0.48
11 0.552454 0.048 0.504454
20 0.8 0.048 0.752
28 0.8 0.048 0.752
10 0.8 0.048 0.752
11 0.580127 0.048 0.532127
18 0.8 0.048 0.752
18 0.752 0.048 0.704
18 0.704 0.048 0.656
18 0.656 0.16 0.496
18 0.496 0.016 0.48
2 0.8 0.048 0.752
14 0.8 0.048 0.752
18 0.552019 0.048 0.504019
27 0.8 0.048 0.752
23 0.8 0.048 0.752
22 0.8 0.048 0.752
6 0.8 0.048 0.752
7 0.8 0.048 0.752
9 0.8 0.048 0.752
18 0.58399 0.048 0.53599
30 0.8 0.048 0.752
30 0.8 0.048 0.752
30 0.8 0.048 0.752
20 0.8 0.048 0.752
28 0.8 0.048 0.752
10 0.8 0.048 0.752
2 0.8 0.048 0.752
14 0.8 0.048 0.752
6 0.8 0.048 0.752
7 0.8 0.048 0.752
22 0.8 0.048 0.752
27 0.8 0.048 0.752
23 0.8 0.048 0.752
22 0.8 0.048 0.752
6 0.8 0.048 0.752
7 0.752 0.048 0.704
9 0.8 0.048 0.752
9 0.752 0.048 0.704
22 0.752 0.096 0.656
22 0.656 0.16 0.496
22 0.496 0.016 0.48
6 0.752 0.048 0.704
7 0.781685 0.048 0.733685
9 0.704 0.048 0.656
22 0.48 0.048 0.432
6 0.777987 0.048 0.729987
7 0.8 0.048 0.752
9 0.731182 0.048 0.683182
22 0.502177 0.048 0.454177
25 0.8 0.048 0.752
9 0.759837 0.048 0.711837
25 0.8 0.048 0.752
26 0.8 0.048 0.752
20 0.8 0.048 0.752
28 0.8 0.048 0.752
10 0.8 0.048 0.752
25 0.8 0.048 0.752
26 0.8 0.048 0.752
2 0.8 0.048 0.752
14 0.8 0.048 0.752
26 0.8 0.048 0.752
27 0.8 0.048 0.752
23 0.8 0.048 0.752
24 0.8 0.048 0.752
24 0.8 0.048 0.752
24 0.8 0.048 0.752
20 0.8 0.048 0.752
28 0.8 0.048 0.752
10 0.8 0.048 0.752
