32 0.8 0.048 0.752
15 0.8 0.048 0.752
32 0.752 0.048 0.704
32 0.704 0.16 0.544
15 0.752 0.16 0.592
15 0.592 0.016 0.576
32 0.544 0.016 0.528
15 0.576 0.048 0.528
32 0.528 0.048 0.48
57 0.8 0.048 0.752
36 0.8 0.048 0.752
46 0.8 0.048 0.752
52 0.8 0.048 0.752
61 0.8 0.048 0.752
72 0.8 0.048 0.752
73 0.8 0.048 0.752
87 0.8 0.048 0.752
57 0.752 0.336 0.416
57 0.416 0.16 0.256
36 0.752 0.16 0.592
46 0.752 0.16 0.592
52 0.752 0.16 0.592
61 0.752 0.16 0.592
61 0.592 0.016 0.576
57 0.256 0.016 0.24
61 0.576 0.048 0.528
36 0.592 0.048 0.544
46 0.592 0.048 0.544
52 0.592 0.048 0.544
53 0.8 0.048 0.752
57 0.24 0.048 0.192
72 0.752 0.048 0.704
73 0.752 0.048 0.704
74 0.8 0.048 0.752
84 0.8 0.048 0.752
87 0.752 0.048 0.704
61 0.528 0.432 0.096
61 0.096 0.16 -0.064
72 0.704 0.16 0.544
73 0.704 0.16 0.544
87 0.704 0.16 0.544
36 0.544 0.16 0.384
46 0.544 0.16 0.384
52 0.544 0.16 0.384
53 0.752 0.16 0.592
57 0.192 0.16 0.032
72 0.544 0.16 0.384
73 0.544 0.16 0.384
74 0.752 0.16 0.592
84 0.752 0.16 0.592
87 0.544 0.16 0.384
14 0.8 0.048 0.752
40 0.8 0.048 0.752
45 0.8 0.048 0.752
14 0.752 0.144 0.608
14 0.608 0.16 0.448
14 0.448 0.016 0.432
40 0.752 0.16 0.592
45 0.752 0.16 0.592
12 0.8 0.048 0.752
7 0.8 0.048 0.752
66 0.8 0.048 0.752
75 0.8 0.048 0.752
78 0.8 0.048 0.752
83 0.8 0.048 0.752
12 0.752 0.24 0.512
12 0.512 0.16 0.352
7 0.752 0.16 0.592
66 0.752 0.16 0.592
75 0.752 0.16 0.592
75 0.592 0.016 0.576
12 0.352 0.016 0.336
75 0.576 0.048 0.528
7 0.592 0.048 0.544
12 0.336 0.048 0.288
38 0.8 0.048 0.752
54 0.8 0.048 0.752
76 0.8 0.048 0.752
78 0.752 0.048 0.704
75 0.528 0.24 0.288
75 0.288 0.16 0.128
78 0.704 0.16 0.544
83 0.752 0.16 0.592
7 0.544 0.16 0.384
12 0.288 0.16 0.128
38 0.752 0.16 0.592
54 0.752 0.16 0.592
54 0.592 0.016 0.576
75 0.128 0.016 0.112
54 0.576 0.048 0.528
7 0.384 0.048 0.336
38 0.592 0.048 0.544
75 0.112 0.048 0.064
76 0.752 0.048 0.704
54 0.528 0.096 0.432
54 0.432 0.16 0.272
76 0.704 0.16 0.544
78 0.544 0.16 0.384
7 0.336 0.16 0.176
38 0.544 0.16 0.384
75 0.064 0.16 -0.096
76 0.544 0.16 0.384
76 0.456752 0.048 0.408752
7 0.176 0.048 0.128
38 0.384 0.048 0.336
54 0.272 0.048 0.224
75 0 0.048 -0.048
86 0.8 0.048 0.752
9 0.8 0.048 0.752
13 0.8 0.048 0.752
26 0.8 0.048 0.752
33 0.8 0.048 0.752
56 0.8 0.048 0.752
86 0.752 0.24 0.512
86 0.512 0.16 0.352
9 0.752 0.16 0.592
13 0.752 0.16 0.592
26 0.752 0.16 0.592
26 0.592 0.016 0.576
86 0.352 0.016 0.336
26 0.576 0.048 0.528
9 0.592 0.048 0.544
13 0.592 0.048 0.544
33 0.752 0.048 0.704
56 0.752 0.048 0.704
86 0.336 0.048 0.288
26 0.528 0.192 0.336
26 0.336 0.16 0.176
33 0.704 0.16 0.544
56 0.704 0.16 0.544
9 0.544 0.16 0.384
13 0.544 0.16 0.384
33 0.544 0.16 0.384
56 0.544 0.16 0.384
86 0.288 0.16 0.128
25 0.8 0.048 0.752
6 0.8 0.048 0.752
60 0.8 0.048 0.752
71 0.8 0.048 0.752
25 0.752 0.144 0.608
25 0.608 0.16 0.448
6 0.752 0.16 0.592
60 0.752 0.16 0.592
60 0.592 0.016 0.576
25 0.448 0.016 0.432
60 0.576 0.048 0.528
6 0.592 0.048 0.544
25 0.432 0.048 0.384
71 0.752 0.048 0.704
60 0.528 0.096 0.432
60 0.432 0.16 0.272
71 0.704 0.16 0.544
6 0.544 0.16 0.384
25 0.384 0.16 0.224
71 0.544 0.16 0.384
72 0.459435 0.048 0.411435
36 0.384 0.048 0.336
39 0.8 0.048 0.752
46 0.455609 0.048 0.407609
53 0.592 0.048 0.544
57 0.105944 0.048 0.0579443
61 0.0715649 0.048 0.0235649
74 0.592 0.048 0.544
84 0.592 0.048 0.544
87 0.384 0.048 0.336
72 0.411435 0.192 0.219435
72 0.219435 0.16 0.0594348
36 0.336 0.16 0.176
39 0.752 0.16 0.592
46 0.407609 0.16 0.247609
53 0.544 0.16 0.384
57 0.0579443 0.16 -0.102056
61 0.0235649 0.16 -0.136435
74 0.544 0.16 0.384
84 0.544 0.16 0.384
87 0.336 0.16 0.176
74 0.384 0.048 0.336
36 0.250505 0.048 0.202505
39 0.668799 0.048 0.620799
46 0.247609 0.048 0.199609
53 0.460356 0.048 0.412356
61 0 0.048 -0.048
72 0.0594348 0.048 0.0114348
84 0.384 0.048 0.336
87 0.176 0.048 0.128
74 0.336 0.048 0.288
74 0.288 0.16 0.128
36 0.202505 0.16 0.0425054
39 0.620799 0.16 0.460799
46 0.199609 0.16 0.0396086
53 0.412356 0.16 0.252356
61 0 0.16 -0.16
72 0.0114348 0.16 -0.148565
84 0.336 0.16 0.176
87 0.128 0.16 -0.032
68 0.8 0.048 0.752
1 0.8 0.048 0.752
50 0.8 0.048 0.752
65 0.8 0.048 0.752
68 0.752 0.144 0.608
68 0.608 0.16 0.448
1 0.752 0.16 0.592
50 0.752 0.16 0.592
50 0.592 0.016 0.576
68 0.448 0.016 0.432
50 0.576 0.048 0.528
28 0.8 0.048 0.752
68 0.432 0.048 0.384
50 0.528 0.048 0.48
50 0.48 0.16 0.32
65 0.752 0.16 0.592
28 0.752 0.16 0.592
28 0.592 0.016 0.576
50 0.32 0.016 0.304
28 0.576 0.048 0.528
38 0.484125 0.048 0.436125
50 0.304 0.048 0.256
76 0.486946 0.048 0.438946
68 0.384 0.16 0.224
51 0.8 0.048 0.752
4 0.8 0.048 0.752
8 0.8 0.048 0.752
19 0.8 0.048 0.752
59 0.8 0.048 0.752
70 0.8 0.048 0.752
51 0.752 0.288 0.464
51 0.464 0.16 0.304
51 0.304 0.016 0.288
4 0.752 0.16 0.592
8 0.752 0.16 0.592
19 0.752 0.16 0.592
59 0.752 0.16 0.592
70 0.752 0.16 0.592
15 0.8 0.048 0.752
32 0.8 0.048 0.752
5 0.8 0.048 0.752
20 0.8 0.048 0.752
23 0.8 0.048 0.752
24 0.8 0.048 0.752
29 0.8 0.048 0.752
34 0.8 0.048 0.752
5 0.752 0.24 0.512
5 0.512 0.16 0.352
20 0.752 0.16 0.592
23 0.752 0.16 0.592
24 0.752 0.16 0.592
24 0.592 0.016 0.576
5 0.352 0.016 0.336
24 0.576 0.048 0.528
5 0.336 0.048 0.288
20 0.592 0.048 0.544
23 0.592 0.048 0.544
29 0.752 0.048 0.704
34 0.752 0.048 0.704
37 0.8 0.048 0.752
41 0.8 0.048 0.752
24 0.528 0.288 0.24
24 0.24 0.16 0.08
29 0.704 0.16 0.544
34 0.704 0.16 0.544
5 0.288 0.16 0.128
20 0.544 0.16 0.384
23 0.544 0.16 0.384
29 0.544 0.16 0.384
34 0.544 0.16 0.384
37 0.752 0.16 0.592
41 0.752 0.16 0.592
64 0.8 0.048 0.752
10 0.8 0.048 0.752
63 0.8 0.048 0.752
77 0.8 0.048 0.752
82 0.8 0.048 0.752
64 0.752 0.192 0.56
64 0.56 0.16 0.4
10 0.752 0.16 0.592
63 0.752 0.16 0.592
63 0.592 0.016 0.576
64 0.4 0.016 0.384
63 0.576 0.048 0.528
2 0.8 0.048 0.752
10 0.592 0.048 0.544
64 0.384 0.048 0.336
88 0.8 0.048 0.752
63 0.528 0.144 0.384
63 0.384 0.16 0.224
77 0.752 0.16 0.592
82 0.752 0.16 0.592
2 0.752 0.16 0.592
10 0.544 0.16 0.384
64 0.336 0.16 0.176
88 0.752 0.16 0.592
76 0.728355 0.048 0.680355
28 0.8 0.048 0.752
38 0.659364 0.048 0.611364
54 0.594282 0.048 0.546282
75 0.385883 0.048 0.337883
78 0.754361 0.048 0.706361
76 0.680355 0.096 0.584355
76 0.584355 0.16 0.424355
28 0.752 0.16 0.592
38 0.611364 0.16 0.451364
54 0.546282 0.16 0.386282
75 0.337883 0.16 0.177883
78 0.706361 0.16 0.546361
78 0.546361 0.016 0.530361
76 0.424355 0.016 0.408355
78 0.530361 0.048 0.482361
7 0.490843 0.048 0.442843
12 0.582515 0.048 0.534515
38 0.451364 0.048 0.403364
54 0.386282 0.048 0.338282
66 0.8 0.048 0.752
75 0.177883 0.048 0.129883
76 0.408355 0.048 0.360355
83 0.8 0.048 0.752
78 0.482361 0.144 0.338361
78 0.338361 0.16 0.178361
7 0.442843 0.16 0.282843
12 0.534515 0.16 0.374515
38 0.403364 0.16 0.243364
54 0.338282 0.16 0.178282
66 0.752 0.16 0.592
66 0.592 0.016 0.576
78 0.178361 0.016 0.162361
66 0.576 0.048 0.528
7 0.282843 0.048 0.234843
12 0.374515 0.048 0.326515
78 0.162361 0.048 0.114361
83 0.752 0.048 0.704
66 0.528 0.048 0.48
66 0.48 0.16 0.32
75 0.129883 0.16 -0.0301171
76 0.360355 0.16 0.200355
83 0.704 0.16 0.544
7 0.234843 0.16 0.074843
12 0.326515 0.16 0.166515
78 0.114361 0.16 -0.0456393
83 0.544 0.16 0.384
20 0.463304 0.048 0.415304
5 0.2042 0.048 0.1562
23 0.462276 0.048 0.414276
24 0.150344 0.048 0.102344
29 0.462913 0.048 0.414913
34 0.457058 0.048 0.409058
37 0.667393 0.048 0.619393
41 0.668466 0.048 0.620466
20 0.415304 0.096 0.319304
20 0.319304 0.16 0.159304
5 0.1562 0.16 -0.00379998
23 0.414276 0.16 0.254276
24 0.102344 0.16 -0.0576561
29 0.414913 0.16 0.254913
34 0.409058 0.16 0.249058
37 0.619393 0.16 0.459393
41 0.620466 0.16 0.460466
79 0.8 0.048 0.752
21 0.8 0.048 0.752
79 0.752 0.048 0.704
79 0.704 0.16 0.544
21 0.752 0.16 0.592
21 0.592 0.016 0.576
79 0.544 0.016 0.528
21 0.576 0.048 0.528
35 0.8 0.048 0.752
79 0.528 0.048 0.48
21 0.528 0.048 0.48
21 0.48 0.16 0.32
35 0.752 0.16 0.592
35 0.592 0.016 0.576
21 0.32 0.016 0.304
35 0.576 0.048 0.528
21 0.304 0.048 0.256
58 0.8 0.048 0.752
35 0.528 0.048 0.48
35 0.48 0.16 0.32
79 0.48 0.16 0.32
21 0.256 0.16 0.096
58 0.752 0.16 0.592
58 0.592 0.016 0.576
35 0.32 0.016 0.304
58 0.576 0.048 0.528
35 0.304 0.048 0.256
47 0.8 0.048 0.752
80 0.8 0.048 0.752
58 0.528 0.096 0.432
58 0.432 0.16 0.272
35 0.256 0.16 0.096
47 0.752 0.16 0.592
80 0.752 0.16 0.592
80 0.592 0.016 0.576
58 0.272 0.016 0.256
80 0.576 0.048 0.528
47 0.592 0.048 0.544
58 0.256 0.048 0.208
80 0.528 0.048 0.48
80 0.48 0.16 0.32
47 0.544 0.16 0.384
58 0.208 0.16 0.048
13 0.8 0.048 0.752
26 0.628691 0.048 0.580691
56 0.8 0.048 0.752
86 0.640001 0.048 0.592001
13 0.752 0.096 0.656
13 0.656 0.16 0.496
26 0.580691 0.16 0.420691
56 0.752 0.16 0.592
86 0.592001 0.16 0.432001
47 0.4595 0.048 0.4115
58 0.122975 0.048 0.0749752
80 0.393677 0.048 0.345677
28 0.668963 0.048 0.620963
38 0.386603 0.048 0.338603
50 0.635627 0.048 0.587627
39 0.8 0.048 0.752
31 0.8 0.048 0.752
53 0.705345 0.048 0.657345
74 0.653792 0.048 0.605792
84 0.71585 0.048 0.66785
39 0.752 0.144 0.608
39 0.608 0.16 0.448
31 0.752 0.16 0.592
53 0.657345 0.16 0.497345
53 0.497345 0.016 0.481345
39 0.448 0.016 0.432
53 0.481345 0.048 0.433345
36 0.494272 0.048 0.446272
39 0.432 0.048 0.384
46 0.564136 0.048 0.516136
61 0.519876 0.048 0.471876
72 0.520257 0.048 0.472257
74 0.605792 0.048 0.557792
84 0.66785 0.048 0.61985
87 0.51958 0.048 0.47158
53 0.433345 0.096 0.337345
53 0.337345 0.16 0.177345
74 0.557792 0.16 0.397792
84 0.61985 0.16 0.45985
36 0.446272 0.16 0.286272
39 0.384 0.16 0.224
46 0.516136 0.16 0.356136
61 0.471876 0.16 0.311876
72 0.472257 0.16 0.312257
74 0.397792 0.16 0.237792
84 0.45985 0.16 0.29985
87 0.47158 0.16 0.31158
89 0.8 0.048 0.752
37 0.611727 0.048 0.563727
20 0.312624 0.048 0.264624
24 0.224241 0.048 0.176241
29 0.402638 0.048 0.354638
34 0.466523 0.048 0.418523
41 0.612761 0.048 0.564761
73 0.8 0.048 0.752
37 0.563727 0.096 0.467727
37 0.467727 0.16 0.307727
20 0.264624 0.16 0.104624
24 0.176241 0.16 0.0162407
29 0.354638 0.16 0.194638
34 0.418523 0.16 0.258523
41 0.564761 0.16 0.404761
73 0.752 0.16 0.592
73 0.592 0.016 0.576
37 0.307727 0.016 0.291727
73 0.576 0.048 0.528
37 0.291727 0.048 0.243727
41 0.404761 0.048 0.356761
52 0.8 0.048 0.752
57 0.516935 0.048 0.468935
61 0.311876 0.048 0.263876
87 0.387011 0.048 0.339011
73 0.528 0.048 0.48
73 0.48 0.16 0.32
37 0.243727 0.16 0.0837266
41 0.356761 0.16 0.196761
52 0.752 0.16 0.592
52 0.592 0.016 0.576
73 0.32 0.016 0.304
52 0.576 0.048 0.528
36 0.363133 0.048 0.315133
46 0.356136 0.048 0.308136
57 0.468935 0.048 0.420935
61 0.263876 0.048 0.215876
72 0.312257 0.048 0.264257
73 0.304 0.048 0.256
87 0.339011 0.048 0.291011
57 0.420935 0.16 0.260935
61 0.215876 0.16 0.0558763
87 0.291011 0.16 0.131011
84 0.378007 0.048 0.330007
36 0.395107 0.048 0.347107
39 0.367813 0.048 0.319813
46 0.384203 0.048 0.336203
53 0.321532 0.048 0.273532
61 0.130942 0.048 0.0829421
72 0.336763 0.048 0.288763
74 0.308364 0.048 0.260364
87 0.131011 0.048 0.0830107
15 0.8 0.048 0.752
32 0.8 0.048 0.752
27 0.8 0.048 0.752
3 0.8 0.048 0.752
17 0.8 0.048 0.752
67 0.8 0.048 0.752
85 0.8 0.048 0.752
27 0.752 0.192 0.56
27 0.56 0.16 0.4
3 0.752 0.16 0.592
17 0.752 0.16 0.592
17 0.592 0.016 0.576
27 0.4 0.016 0.384
17 0.576 0.048 0.528
3 0.592 0.048 0.544
27 0.384 0.048 0.336
30 0.8 0.048 0.752
42 0.8 0.048 0.752
55 0.8 0.048 0.752
67 0.752 0.048 0.704
85 0.752 0.048 0.704
17 0.528 0.288 0.24
17 0.24 0.16 0.08
67 0.704 0.16 0.544
85 0.704 0.16 0.544
3 0.544 0.16 0.384
27 0.336 0.16 0.176
30 0.752 0.16 0.592
30 0.592 0.016 0.576
17 0.08 0.016 0.064
30 0.576 0.048 0.528
3 0.384 0.048 0.336
17 0.064 0.048 0.016
42 0.752 0.048 0.704
55 0.752 0.048 0.704
30 0.528 0.096 0.432
30 0.432 0.16 0.272
42 0.704 0.16 0.544
55 0.704 0.16 0.544
67 0.544 0.16 0.384
85 0.544 0.16 0.384
3 0.336 0.16 0.176
17 0.016 0.16 -0.144
42 0.544 0.16 0.384
55 0.544 0.16 0.384
77 0.8 0.048 0.752
10 0.8 0.048 0.752
64 0.708344 0.048 0.660344
82 0.8 0.048 0.752
77 0.752 0.144 0.608
77 0.608 0.16 0.448
10 0.752 0.16 0.592
64 0.660344 0.16 0.500344
64 0.500344 0.016 0.484344
77 0.448 0.016 0.432
64 0.484344 0.048 0.436344
10 0.592 0.048 0.544
77 0.432 0.048 0.384
82 0.752 0.048 0.704
64 0.436344 0.096 0.340344
64 0.340344 0.16 0.180344
82 0.704 0.16 0.544
10 0.544 0.16 0.384
77 0.384 0.16 0.224
82 0.544 0.16 0.384
9 0.8 0.048 0.752
26 0.79542 0.048 0.74742
33 0.8 0.048 0.752
86 0.721239 0.048 0.673239
9 0.752 0.096 0.656
9 0.656 0.16 0.496
26 0.74742 0.16 0.58742
33 0.752 0.16 0.592
86 0.673239 0.16 0.513239
86 0.513239 0.016 0.497239
9 0.496 0.016 0.48
86 0.497239 0.048 0.449239
9 0.48 0.048 0.432
13 0.8 0.048 0.752
26 0.58742 0.048 0.53942
33 0.592 0.048 0.544
56 0.8 0.048 0.752
86 0.449239 0.096 0.353239
86 0.353239 0.16 0.193239
9 0.432 0.16 0.272
13 0.752 0.16 0.592
26 0.53942 0.16 0.37942
33 0.544 0.16 0.384
56 0.752 0.16 0.592
56 0.592 0.016 0.576
86 0.193239 0.016 0.177239
56 0.576 0.048 0.528
13 0.592 0.048 0.544
26 0.37942 0.048 0.33142
86 0.177239 0.048 0.129239
23 0.708506 0.048 0.660506
5 0.449862 0.048 0.401862
20 0.409719 0.048 0.361719
24 0.23639 0.048 0.18839
29 0.493008 0.048 0.445008
34 0.486281 0.048 0.438281
7 0.594484 0.048 0.546484
12 0.618462 0.048 0.570462
38 0.712683 0.048 0.664683
54 0.629024 0.048 0.581024
75 0.454393 0.048 0.406393
76 0.645824 0.048 0.597824
78 0.458454 0.048 0.410454
83 0.8 0.048 0.752
7 0.546484 0.192 0.354484
7 0.354484 0.16 0.194484
12 0.570462 0.16 0.410462
38 0.664683 0.16 0.504683
38 0.504683 0.016 0.488683
7 0.194484 0.016 0.178484
38 0.488683 0.048 0.440683
7 0.178484 0.048 0.130484
28 0.8 0.048 0.752
54 0.581024 0.048 0.533024
75 0.406393 0.048 0.358393
76 0.597824 0.048 0.549824
38 0.440683 0.048 0.392683
38 0.392683 0.16 0.232683
54 0.533024 0.16 0.373024
75 0.358393 0.16 0.198393
76 0.549824 0.16 0.389824
78 0.410454 0.16 0.250454
83 0.752 0.16 0.592
7 0.130484 0.16 -0.0295158
28 0.752 0.16 0.592
54 0.373024 0.16 0.213024
75 0.198393 0.16 0.0383934
76 0.389824 0.16 0.229824
47 0.797575 0.048 0.749575
58 0.456648 0.048 0.408648
80 0.736834 0.048 0.688834
88 0.8 0.048 0.752
2 0.8 0.048 0.752
22 0.8 0.048 0.752
63 0.8 0.048 0.752
88 0.752 0.096 0.656
88 0.656 0.16 0.496
2 0.752 0.16 0.592
22 0.752 0.16 0.592
22 0.592 0.016 0.576
88 0.496 0.016 0.48
22 0.576 0.048 0.528
88 0.48 0.048 0.432
63 0.752 0.16 0.592
28 0.592 0.048 0.544
38 0.232683 0.048 0.184683
50 0.8 0.048 0.752
76 0.229824 0.048 0.181824
89 0.8 0.048 0.752
32 0.8 0.048 0.752
89 0.752 0.048 0.704
89 0.704 0.16 0.544
32 0.752 0.16 0.592
32 0.592 0.016 0.576
89 0.544 0.016 0.528
32 0.576 0.048 0.528
15 0.8 0.048 0.752
89 0.528 0.048 0.48
52 0.8 0.048 0.752
36 0.632869 0.048 0.584869
37 0.458143 0.048 0.410143
41 0.577907 0.048 0.529907
46 0.639384 0.048 0.591384
57 0.632734 0.048 0.584734
61 0.379751 0.048 0.331751
72 0.598353 0.048 0.550353
73 0.636716 0.048 0.588716
87 0.457052 0.048 0.409052
52 0.752 0.192 0.56
52 0.56 0.16 0.4
36 0.584869 0.16 0.424869
37 0.410143 0.16 0.250143
41 0.529907 0.16 0.369907
46 0.591384 0.16 0.431384
57 0.584734 0.16 0.424734
61 0.331751 0.16 0.171751
72 0.550353 0.16 0.390353
73 0.588716 0.16 0.428716
87 0.409052 0.16 0.249052
81 0.8 0.048 0.752
14 0.8 0.048 0.752
40 0.8 0.048 0.752
45 0.8 0.048 0.752
62 0.8 0.048 0.752
81 0.752 0.192 0.56
81 0.56 0.16 0.4
14 0.752 0.16 0.592
40 0.752 0.16 0.592
40 0.592 0.016 0.576
81 0.4 0.016 0.384
40 0.576 0.048 0.528
14 0.592 0.048 0.544
45 0.752 0.048 0.704
81 0.384 0.048 0.336
40 0.528 0.096 0.432
40 0.432 0.16 0.272
45 0.704 0.16 0.544
62 0.752 0.16 0.592
14 0.544 0.16 0.384
45 0.544 0.16 0.384
81 0.336 0.16 0.176
29 0.593776 0.048 0.545776
5 0.555316 0.048 0.507316
20 0.510312 0.048 0.462312
23 0.8 0.048 0.752
24 0.338743 0.048 0.290743
34 0.588132 0.048 0.540132
37 0.321964 0.048 0.273964
41 0.447162 0.048 0.399162
29 0.545776 0.096 0.449776
29 0.449776 0.16 0.289776
5 0.507316 0.16 0.347316
20 0.462312 0.16 0.302312
23 0.752 0.16 0.592
24 0.290743 0.16 0.130743
34 0.540132 0.16 0.380132
37 0.273964 0.16 0.113964
41 0.399162 0.16 0.239162
84 0.693299 0.048 0.645299
36 0.495971 0.048 0.447971
39 0.686067 0.048 0.638067
46 0.507514 0.048 0.459514
53 0.641383 0.048 0.593383
61 0.249304 0.048 0.201304
72 0.464048 0.048 0.416048
74 0.634827 0.048 0.586827
87 0.249052 0.048 0.201052
84 0.645299 0.048 0.597299
84 0.597299 0.16 0.437299
36 0.447971 0.16 0.287971
39 0.638067 0.16 0.478067
46 0.459514 0.16 0.299514
53 0.593383 0.16 0.433383
61 0.201304 0.16 0.0413035
72 0.416048 0.16 0.256048
74 0.586827 0.16 0.426827
87 0.201052 0.16 0.0410525
70 0.8 0.048 0.752
4 0.8 0.048 0.752
8 0.8 0.048 0.752
16 0.8 0.048 0.752
19 0.8 0.048 0.752
51 0.8 0.048 0.752
59 0.8 0.048 0.752
70 0.752 0.288 0.464
70 0.464 0.16 0.304
4 0.752 0.16 0.592
8 0.752 0.16 0.592
8 0.592 0.016 0.576
70 0.304 0.016 0.288
8 0.576 0.048 0.528
4 0.592 0.048 0.544
19 0.752 0.048 0.704
51 0.752 0.048 0.704
59 0.752 0.048 0.704
70 0.288 0.048 0.24
8 0.528 0.192 0.336
8 0.336 0.16 0.176
16 0.752 0.16 0.592
19 0.704 0.16 0.544
51 0.704 0.16 0.544
59 0.704 0.16 0.544
4 0.544 0.16 0.384
19 0.544 0.16 0.384
51 0.544 0.16 0.384
59 0.544 0.16 0.384
70 0.24 0.16 0.08
15 0.8 0.048 0.752
43 0.8 0.048 0.752
18 0.8 0.048 0.752
69 0.8 0.048 0.752
90 0.8 0.048 0.752
43 0.752 0.144 0.608
43 0.608 0.16 0.448
18 0.752 0.16 0.592
69 0.752 0.16 0.592
69 0.592 0.016 0.576
43 0.448 0.016 0.432
69 0.576 0.048 0.528
18 0.592 0.048 0.544
43 0.432 0.048 0.384
90 0.752 0.048 0.704
69 0.528 0.096 0.432
69 0.432 0.16 0.272
90 0.704 0.16 0.544
18 0.544 0.16 0.384
43 0.384 0.16 0.224
90 0.544 0.16 0.384
4 0.462222 0.048 0.414222
8 0.247073 0.048 0.199073
16 0.663366 0.048 0.615366
19 0.457663 0.048 0.409663
51 0.454504 0.048 0.406504
59 0.459724 0.048 0.411724
62 0.745477 0.048 0.697477
70 0.235861 0.048 0.187861
4 0.414222 0.096 0.318222
4 0.318222 0.16 0.158222
8 0.199073 0.16 0.0390726
16 0.615366 0.16 0.455366
19 0.409663 0.16 0.249663
51 0.406504 0.16 0.246504
59 0.411724 0.16 0.251724
62 0.697477 0.16 0.537477
62 0.537477 0.016 0.521477
4 0.158222 0.016 0.142222
62 0.521477 0.048 0.473477
4 0.142222 0.048 0.0942216
16 0.455366 0.048 0.407366
81 0.246413 0.048 0.198413
70 0.187861 0.16 0.0278614
56 0.8 0.048 0.752
13 0.8 0.048 0.752
26 0.711165 0.048 0.663165
86 0.496279 0.048 0.448279
73 0.737443 0.048 0.689443
36 0.443223 0.048 0.395223
37 0.341575 0.048 0.293575
41 0.457742 0.048 0.409742
52 0.70342 0.048 0.65542
57 0.728939 0.048 0.680939
61 0.272865 0.048 0.224865
87 0.26433 0.048 0.21633
73 0.689443 0.048 0.641443
73 0.641443 0.16 0.481443
36 0.395223 0.16 0.235223
37 0.293575 0.16 0.133575
41 0.409742 0.16 0.249742
52 0.65542 0.16 0.49542
57 0.680939 0.16 0.520939
57 0.520939 0.016 0.504939
73 0.481443 0.016 0.465443
57 0.504939 0.048 0.456939
36 0.235223 0.048 0.187223
46 0.518574 0.048 0.470574
52 0.49542 0.048 0.44742
61 0.224865 0.048 0.176865
72 0.477838 0.048 0.429838
73 0.465443 0.048 0.417443
74 0.656797 0.048 0.608797
87 0.21633 0.048 0.16833
61 0.176865 0.16 0.0168652
87 0.16833 0.16 0.00832999
23 0.8 0.048 0.752
5 0.571391 0.048 0.523391
20 0.531044 0.048 0.483044
24 0.348363 0.048 0.300363
29 0.512824 0.048 0.464824
34 0.603053 0.048 0.555053
23 0.752 0.096 0.656
23 0.656 0.16 0.496
5 0.523391 0.16 0.363391
20 0.483044 0.16 0.323044
24 0.300363 0.16 0.140363
29 0.464824 0.16 0.304824
34 0.555053 0.16 0.395053
78 0.628244 0.048 0.580244
7 0.374221 0.048 0.326221
12 0.8 0.048 0.752
54 0.577346 0.048 0.529346
66 0.8 0.048 0.752
75 0.40638 0.048 0.35838
83 0.8 0.048 0.752
78 0.580244 0.144 0.436244
78 0.436244 0.16 0.276244
78 0.276244 0.016 0.260244
7 0.326221 0.16 0.166221
12 0.752 0.16 0.592
54 0.529346 0.16 0.369346
66 0.752 0.16 0.592
75 0.35838 0.16 0.19838
83 0.752 0.16 0.592
47 0.8 0.048 0.752
35 0.8 0.048 0.752
58 0.782937 0.048 0.734937
80 0.8 0.048 0.752
47 0.752 0.096 0.656
47 0.656 0.16 0.496
35 0.752 0.16 0.592
58 0.734937 0.16 0.574937
58 0.574937 0.016 0.558937
47 0.496 0.016 0.48
58 0.558937 0.048 0.510937
35 0.592 0.048 0.544
47 0.48 0.048 0.432
80 0.752 0.048 0.704
58 0.510937 0.048 0.462937
58 0.462937 0.16 0.302937
80 0.704 0.16 0.544
35 0.544 0.16 0.384
47 0.432 0.16 0.272
80 0.544 0.16 0.384
22 0.8 0.048 0.752
88 0.8 0.048 0.752
89 0.782987 0.048 0.734987
22 0.752 0.048 0.704
22 0.704 0.16 0.544
88 0.752 0.16 0.592
89 0.734987 0.16 0.574987
89 0.574987 0.016 0.558987
22 0.544 0.016 0.528
89 0.558987 0.048 0.510987
22 0.528 0.048 0.48
32 0.8 0.048 0.752
28 0.8 0.048 0.752
38 0.555272 0.048 0.507272
50 0.8 0.048 0.752
54 0.369346 0.048 0.321346
76 0.560554 0.048 0.512554
28 0.752 0.048 0.704
28 0.704 0.16 0.544
38 0.507272 0.16 0.347272
50 0.752 0.16 0.592
54 0.321346 0.16 0.161346
76 0.512554 0.16 0.352554
59 0.474614 0.048 0.426614
4 0.311277 0.048 0.263277
8 0.269949 0.048 0.221949
16 0.6303 0.048 0.5823
19 0.466418 0.048 0.418418
51 0.404056 0.048 0.356056
62 0.624069 0.048 0.576069
70 0.179662 0.048 0.131662
59 0.426614 0.048 0.378614
59 0.378614 0.16 0.218614
4 0.263277 0.16 0.103277
8 0.221949 0.16 0.0619493
16 0.5823 0.16 0.4223
19 0.418418 0.16 0.258418
51 0.356056 0.16 0.196056
62 0.576069 0.16 0.416069
70 0.131662 0.16 -0.0283379
32 0.8 0.048 0.752
89 0.586617 0.048 0.538617
15 0.8 0.048 0.752
49 0.8 0.048 0.752
49 0.752 0.048 0.704
49 0.704 0.16 0.544
49 0.544 0.016 0.528
11 0.8 0.048 0.752
16 0.571019 0.048 0.523019
4 0.262374 0.048 0.214374
59 0.372083 0.048 0.324083
62 0.647632 0.048 0.599632
70 0.231511 0.048 0.183511
62 0.599632 0.048 0.551632
4 0.214374 0.048 0.166374
16 0.523019 0.048 0.475019
59 0.324083 0.048 0.276083
81 0.575521 0.048 0.527521
62 0.551632 0.048 0.503632
62 0.503632 0.16 0.343632
4 0.166374 0.16 0.00637351
16 0.475019 0.16 0.315019
59 0.276083 0.16 0.116083
81 0.527521 0.16 0.367521
18 0.8 0.048 0.752
43 0.672243 0.048 0.624243
69 0.711452 0.048 0.663452
90 0.8 0.048 0.752
18 0.752 0.096 0.656
18 0.656 0.16 0.496
43 0.624243 0.16 0.464243
69 0.663452 0.16 0.503452
90 0.752 0.16 0.592
90 0.592 0.016 0.576
18 0.496 0.016 0.48
90 0.576 0.048 0.528
18 0.48 0.048 0.432
43 0.464243 0.048 0.416243
69 0.503452 0.048 0.455452
19 0.485931 0.048 0.437931
8 0.296446 0.048 0.248446
51 0.503243 0.048 0.455243
59 0.186977 0.048 0.138977
70 0.26302 0.048 0.21502
25 0.8 0.048 0.752
6 0.8 0.048 0.752
60 0.8 0.048 0.752
71 0.8 0.048 0.752
25 0.752 0.096 0.656
25 0.656 0.16 0.496
6 0.752 0.16 0.592
60 0.752 0.16 0.592
71 0.752 0.16 0.592
71 0.592 0.016 0.576
25 0.496 0.016 0.48
71 0.576 0.048 0.528
6 0.592 0.048 0.544
25 0.48 0.048 0.432
71 0.528 0.048 0.48
71 0.48 0.16 0.32
6 0.544 0.16 0.384
25 0.432 0.16 0.272
75 0.566938 0.048 0.518938
7 0.531713 0.048 0.483713
12 0.8 0.048 0.752
38 0.720649 0.048 0.672649
54 0.539668 0.048 0.491668
76 0.7276 0.048 0.6796
78 0.633641 0.048 0.585641
83 0.8 0.048 0.752
75 0.518938 0.192 0.326938
75 0.326938 0.16 0.166938
7 0.483713 0.16 0.323713
12 0.752 0.16 0.592
38 0.672649 0.16 0.512649
54 0.491668 0.16 0.331668
76 0.6796 0.16 0.5196
76 0.5196 0.016 0.5036
75 0.166938 0.016 0.150938
76 0.5036 0.048 0.4556
7 0.323713 0.048 0.275713
28 0.8 0.048 0.752
38 0.512649 0.048 0.464649
54 0.331668 0.048 0.283668
75 0.150938 0.048 0.102938
78 0.585641 0.16 0.425641
83 0.752 0.16 0.592
56 0.8 0.048 0.752
13 0.8 0.048 0.752
26 0.8 0.048 0.752
86 0.8 0.048 0.752
57 0.8 0.048 0.752
36 0.570945 0.048 0.522945
46 0.8 0.048 0.752
52 0.8 0.048 0.752
61 0.399669 0.048 0.351669
72 0.8 0.048 0.752
73 0.79319 0.048 0.74519
74 0.8 0.048 0.752
87 0.383899 0.048 0.335899
57 0.752 0.048 0.704
57 0.704 0.16 0.544
36 0.522945 0.16 0.362945
46 0.752 0.16 0.592
46 0.592 0.016 0.576
57 0.544 0.016 0.528
46 0.576 0.048 0.528
36 0.362945 0.048 0.314945
52 0.752 0.048 0.704
53 0.8 0.048 0.752
57 0.528 0.048 0.48
61 0.351669 0.048 0.303669
72 0.752 0.048 0.704
74 0.752 0.048 0.704
84 0.8 0.048 0.752
87 0.335899 0.048 0.287899
52 0.704 0.16 0.544
61 0.303669 0.16 0.143669
72 0.704 0.16 0.544
73 0.74519 0.16 0.58519
74 0.704 0.16 0.544
87 0.287899 0.16 0.127899
89 0.8 0.048 0.752
22 0.8 0.048 0.752
32 0.8 0.048 0.752
36 0.390931 0.048 0.342931
46 0.528 0.048 0.48
52 0.544 0.048 0.496
53 0.8 0.048 0.752
57 0.48 0.048 0.432
61 0.143669 0.048 0.0956686
72 0.621287 0.048 0.573287
73 0.655893 0.048 0.607893
74 0.616018 0.048 0.568018
87 0.200771 0.048 0.152771
36 0.342931 0.048 0.294931
36 0.294931 0.16 0.134931
46 0.48 0.16 0.32
52 0.496 0.16 0.336
53 0.752 0.16 0.592
57 0.432 0.16 0.272
61 0.0956686 0.16 -0.0643314
72 0.573287 0.16 0.413287
73 0.607893 0.16 0.447893
74 0.568018 0.16 0.408018
87 0.152771 0.16 -0.00722872
35 0.8 0.048 0.752
21 0.8 0.048 0.752
47 0.729703 0.048 0.681703
58 0.676401 0.048 0.628401
80 0.753668 0.048 0.705668
35 0.752 0.096 0.656
35 0.656 0.16 0.496
21 0.752 0.16 0.592
47 0.681703 0.16 0.521703
47 0.521703 0.016 0.505703
35 0.496 0.016 0.48
47 0.505703 0.048 0.457703
35 0.48 0.048 0.432
58 0.628401 0.048 0.580401
80 0.705668 0.048 0.657668
58 0.580401 0.16 0.420401
80 0.657668 0.16 0.497668
32 0.8 0.048 0.752
15 0.8 0.048 0.752
89 0.8 0.048 0.752
31 0.8 0.048 0.752
39 0.8 0.048 0.752
44 0.8 0.048 0.752
31 0.752 0.096 0.656
31 0.656 0.16 0.496
39 0.752 0.16 0.592
44 0.752 0.16 0.592
44 0.592 0.016 0.576
31 0.496 0.016 0.48
44 0.576 0.048 0.528
31 0.48 0.048 0.432
83 0.8 0.048 0.752
7 0.425819 0.048 0.377819
12 0.741111 0.048 0.693111
66 0.8 0.048 0.752
78 0.654445 0.048 0.606445
83 0.752 0.096 0.656
83 0.656 0.16 0.496
7 0.377819 0.16 0.217819
12 0.693111 0.16 0.533111
66 0.752 0.16 0.592
78 0.606445 0.16 0.446445
15 0.8 0.048 0.752
32 0.8 0.048 0.752
10 0.8 0.048 0.752
2 0.8 0.048 0.752
63 0.8 0.048 0.752
64 0.8 0.048 0.752
77 0.8 0.048 0.752
82 0.8 0.048 0.752
10 0.752 0.144 0.608
10 0.608 0.16 0.448
2 0.752 0.16 0.592
63 0.752 0.16 0.592
64 0.752 0.16 0.592
77 0.752 0.16 0.592
77 0.592 0.016 0.576
10 0.448 0.016 0.432
77 0.576 0.048 0.528
10 0.432 0.048 0.384
64 0.592 0.048 0.544
82 0.752 0.048 0.704
77 0.528 0.048 0.48
77 0.48 0.16 0.32
82 0.704 0.16 0.544
10 0.384 0.16 0.224
64 0.544 0.16 0.384
82 0.544 0.16 0.384
41 0.8 0.048 0.752
20 0.8 0.048 0.752
24 0.8 0.048 0.752
29 0.8 0.048 0.752
34 0.8 0.048 0.752
37 0.728348 0.048 0.680348
52 0.559881 0.048 0.511881
73 0.597614 0.048 0.549614
41 0.752 0.144 0.608
41 0.608 0.16 0.448
20 0.752 0.16 0.592
24 0.752 0.16 0.592
29 0.752 0.16 0.592
34 0.752 0.16 0.592
37 0.680348 0.16 0.520348
37 0.520348 0.016 0.504348
41 0.448 0.016 0.432
37 0.504348 0.048 0.456348
20 0.592 0.048 0.544
24 0.592 0.048 0.544
29 0.592 0.048 0.544
34 0.592 0.048 0.544
41 0.432 0.048 0.384
52 0.511881 0.048 0.463881
73 0.549614 0.048 0.501614
37 0.456348 0.096 0.360348
37 0.360348 0.16 0.200348
52 0.463881 0.16 0.303881
73 0.501614 0.16 0.341614
20 0.544 0.16 0.384
24 0.544 0.16 0.384
29 0.544 0.16 0.384
34 0.544 0.16 0.384
41 0.384 0.16 0.224
52 0.303881 0.16 0.143881
73 0.341614 0.16 0.181614
11 0.8 0.048 0.752
16 0.695943 0.048 0.647943
4 0.382772 0.048 0.334772
59 0.452746 0.048 0.404746
62 0.722775 0.048 0.674775
70 0.522713 0.048 0.474713
55 0.8 0.048 0.752
3 0.8 0.048 0.752
17 0.8 0.048 0.752
30 0.8 0.048 0.752
42 0.8 0.048 0.752
55 0.752 0.144 0.608
55 0.608 0.16 0.448
3 0.752 0.16 0.592
17 0.752 0.16 0.592
17 0.592 0.016 0.576
55 0.448 0.016 0.432
17 0.576 0.048 0.528
3 0.592 0.048 0.544
30 0.752 0.048 0.704
42 0.752 0.048 0.704
55 0.432 0.048 0.384
17 0.528 0.096 0.432
17 0.432 0.16 0.272
30 0.704 0.16 0.544
42 0.704 0.16 0.544
3 0.544 0.16 0.384
30 0.544 0.16 0.384
42 0.544 0.16 0.384
55 0.384 0.16 0.224
90 0.8 0.048 0.752
18 0.8 0.048 0.752
43 0.8 0.048 0.752
69 0.8 0.048 0.752
90 0.752 0.048 0.704
90 0.704 0.16 0.544
18 0.752 0.16 0.592
43 0.752 0.16 0.592
43 0.592 0.016 0.576
90 0.544 0.016 0.528
43 0.576 0.048 0.528
18 0.592 0.048 0.544
69 0.752 0.048 0.704
90 0.528 0.048 0.48
69 0.704 0.16 0.544
19 0.8 0.048 0.752
8 0.624056 0.048 0.576056
51 0.8 0.048 0.752
59 0.479319 0.048 0.431319
69 0.544 0.048 0.496
70 0.548821 0.048 0.500821
19 0.752 0.096 0.656
19 0.656 0.16 0.496
8 0.576056 0.16 0.416056
51 0.752 0.16 0.592
59 0.431319 0.16 0.271319
69 0.496 0.16 0.336
70 0.500821 0.16 0.340821
42 0.458632 0.048 0.410632
3 0.45907 0.048 0.41107
17 0.345906 0.048 0.297906
30 0.462829 0.048 0.414829
55 0.299247 0.048 0.251247
76 0.8 0.048 0.752
7 0.440932 0.048 0.392932
28 0.8 0.048 0.752
38 0.8 0.048 0.752
54 0.661071 0.048 0.613071
75 0.481897 0.048 0.433897
56 0.8 0.048 0.752
13 0.8 0.048 0.752
26 0.8 0.048 0.752
60 0.8 0.048 0.752
86 0.8 0.048 0.752
46 0.702063 0.048 0.654063
36 0.441043 0.048 0.393043
52 0.295506 0.048 0.247506
53 0.8 0.048 0.752
57 0.643863 0.048 0.595863
61 0.373727 0.048 0.325727
72 0.715162 0.048 0.667162
74 0.698984 0.048 0.650984
84 0.8 0.048 0.752
87 0.302173 0.048 0.254173
89 0.8 0.048 0.752
22 0.8 0.048 0.752
32 0.8 0.048 0.752
47 0.8 0.048 0.752
58 0.790648 0.048 0.742648
80 0.8 0.048 0.752
32 0.8 0.048 0.752
15 0.8 0.048 0.752
89 0.8 0.048 0.752
67 0.8 0.048 0.752
3 0.563514 0.048 0.515514
27 0.8 0.048 0.752
85 0.8 0.048 0.752
67 0.752 0.144 0.608
67 0.608 0.16 0.448
3 0.515514 0.16 0.355514
27 0.752 0.16 0.592
27 0.592 0.016 0.576
67 0.448 0.016 0.432
27 0.576 0.048 0.528
3 0.355514 0.048 0.307514
67 0.432 0.048 0.384
85 0.752 0.048 0.704
27 0.528 0.048 0.48
27 0.48 0.16 0.32
85 0.704 0.16 0.544
3 0.307514 0.16 0.147514
67 0.384 0.16 0.224
85 0.544 0.16 0.384
14 0.8 0.048 0.752
40 0.8 0.048 0.752
45 0.8 0.048 0.752
14 0.752 0.048 0.704
14 0.704 0.16 0.544
40 0.752 0.16 0.592
45 0.752 0.16 0.592
45 0.592 0.016 0.576
14 0.544 0.016 0.528
45 0.576 0.048 0.528
14 0.528 0.048 0.48
40 0.592 0.048 0.544
81 0.8 0.048 0.752
45 0.528 0.048 0.48
45 0.48 0.16 0.32
14 0.48 0.16 0.32
40 0.544 0.16 0.384
81 0.752 0.16 0.592
81 0.592 0.016 0.576
45 0.32 0.016 0.304
81 0.576 0.048 0.528
40 0.384 0.048 0.336
45 0.304 0.048 0.256
62 0.8 0.048 0.752
90 0.698195 0.048 0.650195
18 0.766282 0.048 0.718282
43 0.752464 0.048 0.704464
69 0.572753 0.048 0.524753
90 0.650195 0.048 0.602195
90 0.602195 0.16 0.442195
18 0.718282 0.16 0.558282
18 0.558282 0.016 0.542282
90 0.442195 0.016 0.426195
18 0.542282 0.048 0.494282
43 0.704464 0.048 0.656464
51 0.747822 0.048 0.699822
69 0.524753 0.048 0.476753
90 0.426195 0.048 0.378195
18 0.494282 0.048 0.446282
18 0.446282 0.16 0.286282
43 0.656464 0.16 0.496464
69 0.476753 0.16 0.316753
43 0.496464 0.16 0.336464
51 0.699822 0.16 0.539822
51 0.539822 0.016 0.523822
18 0.286282 0.016 0.270282
51 0.523822 0.048 0.475822
8 0.559451 0.048 0.511451
18 0.270282 0.048 0.222282
19 0.710981 0.048 0.662981
59 0.498215 0.048 0.450215
69 0.316753 0.048 0.268753
70 0.487762 0.048 0.439762
69 0.268753 0.16 0.108753
90 0.378195 0.16 0.218195
82 0.693752 0.048 0.645752
10 0.525037 0.048 0.477037
63 0.8 0.048 0.752
64 0.683446 0.048 0.635446
77 0.623276 0.048 0.575276
44 0.8 0.048 0.752
31 0.8 0.048 0.752
33 0.8 0.048 0.752
9 0.8 0.048 0.752
26 0.8 0.048 0.752
86 0.8 0.048 0.752
33 0.752 0.096 0.656
33 0.656 0.16 0.496
9 0.752 0.16 0.592
26 0.752 0.16 0.592
86 0.752 0.16 0.592
86 0.592 0.016 0.576
33 0.496 0.016 0.48
86 0.576 0.048 0.528
9 0.592 0.048 0.544
13 0.8 0.048 0.752
26 0.592 0.048 0.544
33 0.48 0.048 0.432
56 0.8 0.048 0.752
86 0.528 0.048 0.48
86 0.48 0.16 0.32
9 0.544 0.16 0.384
13 0.752 0.16 0.592
26 0.544 0.16 0.384
33 0.432 0.16 0.272
56 0.752 0.16 0.592
2 0.8 0.048 0.752
10 0.477037 0.048 0.429037
63 0.8 0.048 0.752
64 0.635446 0.048 0.587446
88 0.8 0.048 0.752
2 0.752 0.048 0.704
2 0.704 0.16 0.544
10 0.429037 0.16 0.269037
63 0.752 0.16 0.592
64 0.587446 0.16 0.427446
88 0.752 0.16 0.592
88 0.592 0.016 0.576
2 0.544 0.016 0.528
88 0.576 0.048 0.528
2 0.528 0.048 0.48
63 0.592 0.048 0.544
15 0.8 0.048 0.752
32 0.8 0.048 0.752
11 0.8 0.048 0.752
16 0.8 0.048 0.752
4 0.71519 0.048 0.66719
59 0.521322 0.048 0.473322
62 0.8 0.048 0.752
70 0.59836 0.048 0.55036
16 0.752 0.096 0.656
16 0.656 0.16 0.496
4 0.66719 0.16 0.50719
59 0.473322 0.16 0.313322
62 0.752 0.16 0.592
70 0.55036 0.16 0.39036
21 0.8 0.048 0.752
35 0.8 0.048 0.752
58 0.8 0.048 0.752
79 0.8 0.048 0.752
21 0.752 0.096 0.656
21 0.656 0.16 0.496
35 0.752 0.16 0.592
58 0.752 0.16 0.592
79 0.752 0.16 0.592
79 0.592 0.016 0.576
21 0.496 0.016 0.48
79 0.576 0.048 0.528
21 0.48 0.048 0.432
43 0.489469 0.048 0.441469
18 0.372651 0.048 0.324651
69 0.258317 0.048 0.210317
90 0.367582 0.048 0.319582
48 0.8 0.048 0.752
42 0.773271 0.048 0.725271
3 0.377276 0.048 0.329276
17 0.672253 0.048 0.624253
30 0.79458 0.048 0.74658
55 0.623542 0.048 0.575542
42 0.725271 0.048 0.677271
42 0.677271 0.16 0.517271
3 0.329276 0.16 0.169276
17 0.624253 0.16 0.464253
30 0.74658 0.16 0.58658
55 0.575542 0.16 0.415542
76 0.8 0.048 0.752
7 0.767041 0.048 0.719041
28 0.8 0.048 0.752
38 0.8 0.048 0.752
54 0.8 0.048 0.752
75 0.8 0.048 0.752
76 0.752 0.048 0.704
76 0.704 0.16 0.544
7 0.719041 0.16 0.559041
7 0.559041 0.016 0.543041
76 0.544 0.016 0.528
7 0.543041 0.048 0.495041
12 0.8 0.048 0.752
38 0.752 0.048 0.704
54 0.752 0.048 0.704
75 0.752 0.048 0.704
76 0.528 0.048 0.48
78 0.8 0.048 0.752
7 0.495041 0.096 0.399041
7 0.399041 0.16 0.239041
28 0.752 0.16 0.592
38 0.704 0.16 0.544
54 0.704 0.16 0.544
75 0.704 0.16 0.544
12 0.752 0.16 0.592
38 0.544 0.16 0.384
54 0.544 0.16 0.384
75 0.544 0.16 0.384
76 0.48 0.16 0.32
78 0.752 0.16 0.592
78 0.592 0.016 0.576
7 0.239041 0.016 0.223041
78 0.576 0.048 0.528
7 0.223041 0.048 0.175041
12 0.592 0.048 0.544
66 0.8 0.048 0.752
75 0.384 0.048 0.336
83 0.8 0.048 0.752
78 0.528 0.048 0.48
78 0.48 0.16 0.32
7 0.175041 0.16 0.0150408
12 0.544 0.16 0.384
66 0.752 0.16 0.592
75 0.336 0.16 0.176
83 0.752 0.16 0.592
56 0.8 0.048 0.752
6 0.8 0.048 0.752
13 0.8 0.048 0.752
26 0.605383 0.048 0.557383
86 0.470424 0.048 0.422424
56 0.752 0.048 0.704
56 0.704 0.16 0.544
6 0.752 0.16 0.592
6 0.592 0.016 0.576
56 0.544 0.016 0.528
6 0.576 0.048 0.528
25 0.8 0.048 0.752
56 0.528 0.048 0.48
60 0.8 0.048 0.752
6 0.528 0.048 0.48
6 0.48 0.16 0.32
13 0.752 0.16 0.592
26 0.557383 0.16 0.397383
86 0.422424 0.16 0.262424
25 0.752 0.16 0.592
25 0.592 0.016 0.576
6 0.32 0.016 0.304
25 0.576 0.048 0.528
6 0.304 0.048 0.256
60 0.752 0.048 0.704
71 0.8 0.048 0.752
56 0.48 0.16 0.32
60 0.704 0.16 0.544
46 0.8 0.048 0.752
36 0.762174 0.048 0.714174
52 0.618844 0.048 0.570844
53 0.8 0.048 0.752
57 0.8 0.048 0.752
61 0.69521 0.048 0.64721
72 0.8 0.048 0.752
73 0.689479 0.048 0.641479
74 0.8 0.048 0.752
84 0.8 0.048 0.752
87 0.624751 0.048 0.576751
89 0.8 0.048 0.752
22 0.8 0.048 0.752
32 0.8 0.048 0.752
87 0.654693 0.048 0.606693
36 0.789207 0.048 0.741207
46 0.752 0.048 0.704
52 0.570844 0.048 0.522844
53 0.8 0.048 0.752
57 0.752 0.048 0.704
61 0.64721 0.048 0.59921
72 0.8 0.048 0.752
73 0.641479 0.048 0.593479
74 0.8 0.048 0.752
84 0.8 0.048 0.752
87 0.606693 0.096 0.510693
87 0.510693 0.16 0.350693
36 0.741207 0.16 0.581207
46 0.704 0.16 0.544
52 0.522844 0.16 0.362844
53 0.752 0.16 0.592
57 0.704 0.16 0.544
61 0.59921 0.16 0.43921
72 0.752 0.16 0.592
73 0.593479 0.16 0.433479
74 0.752 0.16 0.592
84 0.752 0.16 0.592
47 0.8 0.048 0.752
58 0.749255 0.048 0.701255
80 0.8 0.048 0.752
12 0.454193 0.048 0.406193
7 0.0947251 0.048 0.0467251
66 0.664695 0.048 0.616695
75 0.252998 0.048 0.204998
78 0.39022 0.048 0.34222
83 0.669542 0.048 0.621542
56 0.396588 0.048 0.348588
6 0.327462 0.048 0.279462
13 0.670741 0.048 0.622741
26 0.472987 0.048 0.424987
86 0.339833 0.048 0.291833
32 0.8 0.048 0.752
15 0.8 0.048 0.752
89 0.8 0.048 0.752
32 0.752 0.048 0.704
32 0.704 0.16 0.544
32 0.544 0.016 0.528
15 0.752 0.16 0.592
89 0.752 0.16 0.592
34 0.8 0.048 0.752
5 0.8 0.048 0.752
20 0.8 0.048 0.752
23 0.8 0.048 0.752
24 0.8 0.048 0.752
29 0.8 0.048 0.752
37 0.793827 0.048 0.745827
41 0.8 0.048 0.752
34 0.752 0.096 0.656
34 0.656 0.16 0.496
5 0.752 0.16 0.592
20 0.752 0.16 0.592
23 0.752 0.16 0.592
24 0.752 0.16 0.592
29 0.752 0.16 0.592
37 0.745827 0.16 0.585827
41 0.752 0.16 0.592
41 0.592 0.016 0.576
34 0.496 0.016 0.48
41 0.576 0.048 0.528
20 0.592 0.048 0.544
24 0.592 0.048 0.544
29 0.592 0.048 0.544
34 0.48 0.048 0.432
37 0.585827 0.048 0.537827
52 0.437255 0.048 0.389255
73 0.505901 0.048 0.457901
81 0.8 0.048 0.752
40 0.720496 0.048 0.672496
45 0.635165 0.048 0.587165
45 0.587165 0.048 0.539165
14 0.691126 0.048 0.643126
40 0.750522 0.048 0.702522
81 0.752 0.048 0.704
45 0.539165 0.048 0.491165
45 0.491165 0.16 0.331165
14 0.643126 0.16 0.483126
40 0.702522 0.16 0.542522
81 0.704 0.16 0.544
51 0.8 0.048 0.752
8 0.8 0.048 0.752
18 0.543406 0.048 0.495406
19 0.8 0.048 0.752
59 0.614939 0.048 0.566939
70 0.619321 0.048 0.571321
51 0.752 0.048 0.704
51 0.704 0.16 0.544
8 0.752 0.16 0.592
18 0.495406 0.16 0.335406
19 0.752 0.16 0.592
59 0.566939 0.16 0.406939
70 0.571321 0.16 0.411321
82 0.8 0.048 0.752
10 0.635096 0.048 0.587096
63 0.8 0.048 0.752
64 0.8 0.048 0.752
77 0.8 0.048 0.752
82 0.752 0.048 0.704
82 0.704 0.16 0.544
10 0.587096 0.16 0.427096
63 0.752 0.16 0.592
64 0.752 0.16 0.592
77 0.752 0.16 0.592
44 0.8 0.048 0.752
31 0.8 0.048 0.752
68 0.8 0.048 0.752
1 0.8 0.048 0.752
50 0.8 0.048 0.752
65 0.8 0.048 0.752
68 0.752 0.144 0.608
68 0.608 0.16 0.448
1 0.752 0.16 0.592
50 0.752 0.16 0.592
50 0.592 0.016 0.576
68 0.448 0.016 0.432
50 0.576 0.048 0.528
28 0.74417 0.048 0.69617
68 0.432 0.048 0.384
65 0.752 0.16 0.592
88 0.8 0.048 0.752
2 0.8 0.048 0.752
22 0.8 0.048 0.752
63 0.663699 0.048 0.615699
88 0.752 0.048 0.704
88 0.704 0.16 0.544
2 0.752 0.16 0.592
22 0.752 0.16 0.592
22 0.592 0.016 0.576
88 0.544 0.016 0.528
22 0.576 0.048 0.528
88 0.528 0.048 0.48
89 0.66418 0.048 0.61618
63 0.615699 0.16 0.455699
15 0.741768 0.048 0.693768
32 0.605107 0.048 0.557107
11 0.8 0.048 0.752
79 0.8 0.048 0.752
21 0.8 0.048 0.752
43 0.8 0.048 0.752
18 0.480666 0.048 0.432666
69 0.587213 0.048 0.539213
90 0.689837 0.048 0.641837
48 0.8 0.048 0.752
25 0.8 0.048 0.752
60 0.8 0.048 0.752
71 0.8 0.048 0.752
46 0.8 0.048 0.752
36 0.8 0.048 0.752
52 0.699064 0.048 0.651064
53 0.8 0.048 0.752
57 0.8 0.048 0.752
61 0.8 0.048 0.752
72 0.8 0.048 0.752
74 0.8 0.048 0.752
84 0.8 0.048 0.752
87 0.646982 0.048 0.598982
89 0.8 0.048 0.752
22 0.751149 0.048 0.703149
32 0.78781 0.048 0.73981
89 0.752 0.048 0.704
89 0.704 0.16 0.544
22 0.703149 0.16 0.543149
32 0.73981 0.16 0.57981
32 0.57981 0.016 0.56381
89 0.544 0.016 0.528
32 0.56381 0.048 0.51581
15 0.8 0.048 0.752
89 0.528 0.048 0.48
7 0.34315 0.048 0.29515
12 0.705131 0.048 0.657131
38 0.7652 0.048 0.7172
54 0.8 0.048 0.752
75 0.579305 0.048 0.531305
76 0.69181 0.048 0.64381
78 0.717499 0.048 0.669499
7 0.29515 0.096 0.19915
7 0.19915 0.16 0.0391499
12 0.657131 0.16 0.497131
38 0.7172 0.16 0.5572
54 0.752 0.16 0.592
75 0.531305 0.16 0.371305
76 0.64381 0.16 0.48381
78 0.669499 0.16 0.509499
47 0.8 0.048 0.752
58 0.8 0.048 0.752
80 0.8 0.048 0.752
6 0.666694 0.048 0.618694
25 0.8 0.048 0.752
56 0.724799 0.048 0.676799
60 0.8 0.048 0.752
71 0.8 0.048 0.752
12 0.570778 0.048 0.522778
7 0.115767 0.048 0.0677667
66 0.8 0.048 0.752
75 0.371305 0.048 0.323305
78 0.509499 0.048 0.461499
83 0.8 0.048 0.752
1 0.8 0.048 0.752
65 0.8 0.048 0.752
68 0.694779 0.048 0.646779
1 0.752 0.096 0.656
1 0.656 0.16 0.496
65 0.752 0.16 0.592
68 0.646779 0.16 0.486779
56 0.676799 0.048 0.628799
6 0.618694 0.048 0.570694
13 0.8 0.048 0.752
60 0.752 0.048 0.704
86 0.667256 0.048 0.619256
3 0.706317 0.048 0.658317
17 0.8 0.048 0.752
27 0.8 0.048 0.752
30 0.8 0.048 0.752
42 0.8 0.048 0.752
55 0.8 0.048 0.752
85 0.8 0.048 0.752
3 0.658317 0.096 0.562317
3 0.562317 0.16 0.402317
17 0.752 0.16 0.592
27 0.752 0.16 0.592
30 0.752 0.16 0.592
42 0.752 0.16 0.592
55 0.752 0.16 0.592
85 0.752 0.16 0.592
85 0.592 0.016 0.576
3 0.402317 0.016 0.386317
85 0.576 0.048 0.528
3 0.386317 0.048 0.338317
27 0.592 0.048 0.544
67 0.8 0.048 0.752
85 0.528 0.048 0.48
85 0.48 0.16 0.32
3 0.338317 0.16 0.178317
27 0.544 0.16 0.384
67 0.752 0.16 0.592
67 0.592 0.016 0.576
85 0.32 0.016 0.304
67 0.576 0.048 0.528
27 0.384 0.048 0.336
85 0.304 0.048 0.256
41 0.8 0.048 0.752
20 0.8 0.048 0.752
24 0.8 0.048 0.752
29 0.8 0.048 0.752
34 0.8 0.048 0.752
37 0.8 0.048 0.752
81 0.8 0.048 0.752
14 0.8 0.048 0.752
40 0.8 0.048 0.752
45 0.719536 0.048 0.671536
44 0.8 0.048 0.752
31 0.8 0.048 0.752
50 0.8 0.048 0.752
28 0.8 0.048 0.752
65 0.670238 0.048 0.622238
1 0.636917 0.048 0.588917
68 0.633771 0.048 0.585771
65 0.622238 0.048 0.574238
65 0.574238 0.16 0.414238
1 0.588917 0.16 0.428917
68 0.585771 0.16 0.425771
22 0.695171 0.048 0.647171
88 0.8 0.048 0.752
89 0.627939 0.048 0.579939
22 0.647171 0.048 0.599171
22 0.599171 0.16 0.439171
88 0.752 0.16 0.592
89 0.579939 0.16 0.419939
15 0.8 0.048 0.752
32 0.666954 0.048 0.618954
11 0.8 0.048 0.752
79 0.8 0.048 0.752
21 0.8 0.048 0.752
5 0.8 0.048 0.752
20 0.8 0.048 0.752
23 0.8 0.048 0.752
24 0.8 0.048 0.752
29 0.8 0.048 0.752
34 0.8 0.048 0.752
5 0.752 0.048 0.704
5 0.704 0.16 0.544
20 0.752 0.16 0.592
23 0.752 0.16 0.592
24 0.752 0.16 0.592
29 0.752 0.16 0.592
34 0.752 0.16 0.592
34 0.592 0.016 0.576
5 0.544 0.016 0.528
34 0.576 0.048 0.528
5 0.528 0.048 0.48
20 0.592 0.048 0.544
23 0.592 0.048 0.544
24 0.592 0.048 0.544
29 0.592 0.048 0.544
37 0.8 0.048 0.752
41 0.8 0.048 0.752
43 0.8 0.048 0.752
18 0.8 0.048 0.752
69 0.8 0.048 0.752
48 0.8 0.048 0.752
25 0.8 0.048 0.752
6 0.8 0.048 0.752
60 0.8 0.048 0.752
71 0.8 0.048 0.752
46 0.8 0.048 0.752
36 0.8 0.048 0.752
52 0.8 0.048 0.752
53 0.8 0.048 0.752
57 0.8 0.048 0.752
61 0.8 0.048 0.752
72 0.8 0.048 0.752
73 0.8 0.048 0.752
74 0.8 0.048 0.752
84 0.8 0.048 0.752
87 0.8 0.048 0.752
32 0.8 0.048 0.752
15 0.8 0.048 0.752
89 0.638772 0.048 0.590772
39 0.8 0.048 0.752
31 0.8 0.048 0.752
53 0.8 0.048 0.752
74 0.8 0.048 0.752
84 0.8 0.048 0.752
39 0.752 0.048 0.704
39 0.704 0.16 0.544
31 0.752 0.16 0.592
31 0.592 0.016 0.576
39 0.544 0.016 0.528
31 0.576 0.048 0.528
39 0.528 0.048 0.48
44 0.8 0.048 0.752
53 0.752 0.16 0.592
74 0.752 0.16 0.592
84 0.752 0.16 0.592
47 0.8 0.048 0.752
58 0.8 0.048 0.752
80 0.8 0.048 0.752
47 0.752 0.048 0.704
47 0.704 0.16 0.544
47 0.544 0.016 0.528
58 0.752 0.16 0.592
80 0.752 0.16 0.592
6 0.8 0.048 0.752
25 0.8 0.048 0.752
56 0.8 0.048 0.752
60 0.8 0.048 0.752
12 0.8 0.048 0.752
7 0.444696 0.048 0.396696
66 0.8 0.048 0.752
75 0.68804 0.048 0.64004
78 0.8 0.048 0.752
83 0.8 0.048 0.752
12 0.752 0.048 0.704
12 0.704 0.16 0.544
7 0.396696 0.16 0.236696
66 0.752 0.16 0.592
75 0.64004 0.16 0.48004
78 0.752 0.16 0.592
83 0.752 0.16 0.592
56 0.752 0.048 0.704
6 0.752 0.048 0.704
13 0.8 0.048 0.752
60 0.752 0.048 0.704
86 0.8 0.048 0.752
67 0.8 0.048 0.752
27 0.705845 0.048 0.657845
85 0.626269 0.048 0.578269
41 0.8 0.048 0.752
20 0.695872 0.048 0.647872
24 0.768892 0.048 0.720892
29 0.68495 0.048 0.63695
34 0.75227 0.048 0.70427
37 0.8 0.048 0.752
81 0.8 0.048 0.752
14 0.8 0.048 0.752
40 0.8 0.048 0.752
45 0.8 0.048 0.752
85 0.578269 0.048 0.530269
27 0.730142 0.048 0.682142
67 0.8 0.048 0.752
44 0.8 0.048 0.752
31 0.606787 0.048 0.558787
50 0.8 0.048 0.752
28 0.8 0.048 0.752
15 0.8 0.048 0.752
32 0.8 0.048 0.752
57 0.8 0.048 0.752
36 0.8 0.048 0.752
46 0.8 0.048 0.752
52 0.8 0.048 0.752
61 0.8 0.048 0.752
72 0.8 0.048 0.752
73 0.8 0.048 0.752
74 0.742389 0.048 0.694389
87 0.8 0.048 0.752
57 0.752 0.048 0.704
57 0.704 0.16 0.544
36 0.752 0.16 0.592
46 0.752 0.16 0.592
52 0.752 0.16 0.592
61 0.752 0.16 0.592
72 0.752 0.16 0.592
73 0.752 0.16 0.592
73 0.592 0.016 0.576
57 0.544 0.016 0.528
73 0.576 0.048 0.528
36 0.592 0.048 0.544
37 0.8 0.048 0.752
52 0.592 0.048 0.544
57 0.528 0.048 0.48
61 0.592 0.048 0.544
72 0.592 0.048 0.544
87 0.752 0.048 0.704
74 0.694389 0.16 0.534389
87 0.704 0.16 0.544
89 0.8 0.048 0.752
22 0.8 0.048 0.752
32 0.752 0.048 0.704
70 0.8 0.048 0.752
4 0.8 0.048 0.752
8 0.8 0.048 0.752
16 0.8 0.048 0.752
19 0.8 0.048 0.752
51 0.8 0.048 0.752
59 0.8 0.048 0.752
70 0.752 0.048 0.704
70 0.704 0.16 0.544
4 0.752 0.16 0.592
4 0.592 0.016 0.576
70 0.544 0.016 0.528
4 0.576 0.048 0.528
8 0.752 0.048 0.704
16 0.752 0.048 0.704
19 0.752 0.048 0.704
59 0.752 0.048 0.704
62 0.8 0.048 0.752
70 0.528 0.048 0.48
8 0.704 0.16 0.544
16 0.704 0.16 0.544
19 0.704 0.16 0.544
51 0.752 0.16 0.592
59 0.704 0.16 0.544
11 0.8 0.048 0.752
79 0.8 0.048 0.752
21 0.8 0.048 0.752
79 0.752 0.048 0.704
79 0.704 0.16 0.544
79 0.544 0.016 0.528
21 0.752 0.16 0.592
34 0.8 0.048 0.752
5 0.8 0.048 0.752
20 0.8 0.048 0.752
23 0.8 0.048 0.752
24 0.8 0.048 0.752
29 0.8 0.048 0.752
41 0.8 0.048 0.752
43 0.8 0.048 0.752
18 0.8 0.048 0.752
69 0.8 0.048 0.752
90 0.8 0.048 0.752
48 0.8 0.048 0.752
25 0.8 0.048 0.752
6 0.8 0.048 0.752
60 0.8 0.048 0.752
71 0.8 0.048 0.752
46 0.734983 0.048 0.686983
36 0.695014 0.048 0.647014
52 0.692538 0.048 0.644538
53 0.8 0.048 0.752
57 0.6221 0.048 0.5741
61 0.692438 0.048 0.644438
72 0.695341 0.048 0.647341
74 0.684601 0.048 0.636601
84 0.8 0.048 0.752
87 0.685609 0.048 0.637609
9 0.8 0.048 0.752
26 0.8 0.048 0.752
33 0.8 0.048 0.752
86 0.8 0.048 0.752
9 0.752 0.048 0.704
9 0.704 0.16 0.544
26 0.752 0.16 0.592
33 0.752 0.16 0.592
33 0.592 0.016 0.576
9 0.544 0.016 0.528
33 0.576 0.048 0.528
9 0.528 0.048 0.48
26 0.592 0.048 0.544
33 0.528 0.048 0.48
33 0.48 0.16 0.32
86 0.752 0.16 0.592
33 0.32 0.016 0.304
9 0.48 0.16 0.32
26 0.544 0.16 0.384
32 0.8 0.048 0.752
15 0.8 0.048 0.752
89 0.8 0.048 0.752
31 0.8 0.048 0.752
39 0.8 0.048 0.752
44 0.8 0.048 0.752
6 0.8 0.048 0.752
25 0.8 0.048 0.752
56 0.8 0.048 0.752
60 0.8 0.048 0.752
71 0.8 0.048 0.752
56 0.752 0.048 0.704
6 0.752 0.048 0.704
13 0.8 0.048 0.752
60 0.752 0.048 0.704
86 0.592 0.048 0.544
67 0.8 0.048 0.752
27 0.8 0.048 0.752
85 0.8 0.048 0.752
41 0.8 0.048 0.752
5 0.8 0.048 0.752
20 0.8 0.048 0.752
24 0.8 0.048 0.752
29 0.8 0.048 0.752
34 0.8 0.048 0.752
37 0.8 0.048 0.752
41 0.752 0.048 0.704
41 0.704 0.16 0.544
5 0.752 0.16 0.592
5 0.592 0.016 0.576
41 0.544 0.016 0.528
5 0.576 0.048 0.528
20 0.752 0.048 0.704
23 0.8 0.048 0.752
24 0.752 0.048 0.704
29 0.752 0.048 0.704
34 0.752 0.048 0.704
41 0.528 0.048 0.48
20 0.704 0.16 0.544
24 0.704 0.16 0.544
29 0.704 0.16 0.544
34 0.704 0.16 0.544
37 0.752 0.16 0.592
55 0.8 0.048 0.752
3 0.8 0.048 0.752
17 0.8 0.048 0.752
30 0.8 0.048 0.752
42 0.8 0.048 0.752
55 0.752 0.048 0.704
55 0.704 0.16 0.544
3 0.752 0.16 0.592
3 0.592 0.016 0.576
55 0.544 0.016 0.528
3 0.576 0.048 0.528
17 0.752 0.048 0.704
30 0.752 0.048 0.704
42 0.752 0.048 0.704
55 0.528 0.048 0.48
17 0.704 0.16 0.544
30 0.704 0.16 0.544
42 0.704 0.16 0.544
81 0.8 0.048 0.752
14 0.8 0.048 0.752
40 0.8 0.048 0.752
45 0.8 0.048 0.752
85 0.752 0.048 0.704
27 0.8 0.048 0.752
67 0.8 0.048 0.752
44 0.8 0.048 0.752
31 0.8 0.048 0.752
39 0.8 0.048 0.752
44 0.752 0.048 0.704
44 0.704 0.16 0.544
31 0.752 0.16 0.592
39 0.752 0.16 0.592
39 0.592 0.016 0.576
44 0.544 0.016 0.528
39 0.576 0.048 0.528
31 0.592 0.048 0.544
44 0.528 0.048 0.48
46 0.8 0.048 0.752
53 0.8 0.048 0.752
74 0.786054 0.048 0.738054
84 0.8 0.048 0.752
50 0.8 0.048 0.752
28 0.8 0.048 0.752
15 0.8 0.048 0.752
32 0.8 0.048 0.752
73 0.8 0.048 0.752
36 0.8 0.048 0.752
37 0.737805 0.048 0.689805
52 0.8 0.048 0.752
57 0.795171 0.048 0.747171
61 0.8 0.048 0.752
72 0.8 0.048 0.752
87 0.8 0.048 0.752
89 0.8 0.048 0.752
22 0.8 0.048 0.752
4 0.8 0.048 0.752
8 0.8 0.048 0.752
16 0.8 0.048 0.752
19 0.8 0.048 0.752
59 0.8 0.048 0.752
62 0.8 0.048 0.752
70 0.8 0.048 0.752
11 0.8 0.048 0.752
33 0.522007 0.048 0.474007
9 0.543828 0.048 0.495828
26 0.686717 0.048 0.638717
34 0.696148 0.048 0.648148
5 0.678988 0.048 0.630988
20 0.767677 0.048 0.719677
23 0.8 0.048 0.752
24 0.697335 0.048 0.649335
29 0.773607 0.048 0.725607
41 0.700278 0.048 0.652278
34 0.648148 0.048 0.600148
34 0.600148 0.16 0.440148
5 0.630988 0.16 0.470988
20 0.719677 0.16 0.559677
23 0.752 0.16 0.592
24 0.649335 0.16 0.489335
29 0.725607 0.16 0.565607
41 0.652278 0.16 0.492278
43 0.8 0.048 0.752
18 0.8 0.048 0.752
69 0.8 0.048 0.752
90 0.8 0.048 0.752
49 0.8 0.048 0.752
48 0.8 0.048 0.752
25 0.8 0.048 0.752
6 0.8 0.048 0.752
60 0.8 0.048 0.752
71 0.8 0.048 0.752
25 0.752 0.048 0.704
25 0.704 0.16 0.544
25 0.544 0.016 0.528
6 0.752 0.16 0.592
60 0.752 0.16 0.592
71 0.752 0.16 0.592
46 0.8 0.048 0.752
36 0.8 0.048 0.752
53 0.8 0.048 0.752
57 0.8 0.048 0.752
61 0.8 0.048 0.752
72 0.8 0.048 0.752
74 0.8 0.048 0.752
84 0.8 0.048 0.752
87 0.8 0.048 0.752
32 0.8 0.048 0.752
15 0.8 0.048 0.752
25 0.528 0.048 0.48
6 0.592 0.048 0.544
60 0.592 0.048 0.544
71 0.592 0.048 0.544
25 0.48 0.048 0.432
25 0.432 0.16 0.272
25 0.272 0.016 0.256
6 0.544 0.16 0.384
60 0.544 0.16 0.384
71 0.544 0.16 0.384
31 0.8 0.048 0.752
39 0.754471 0.048 0.706471
44 0.712806 0.048 0.664806
31 0.752 0.048 0.704
31 0.704 0.16 0.544
39 0.706471 0.16 0.546471
44 0.664806 0.16 0.504806
44 0.504806 0.016 0.488806
31 0.544 0.016 0.528
44 0.488806 0.048 0.440806
31 0.528 0.048 0.48
39 0.546471 0.048 0.498471
6 0.462621 0.048 0.414621
13 0.8 0.048 0.752
25 0.335379 0.048 0.287379
56 0.8 0.048 0.752
60 0.459742 0.048 0.411742
56 0.752 0.048 0.704
6 0.414621 0.048 0.366621
13 0.752 0.048 0.704
60 0.411742 0.048 0.363742
86 0.8 0.048 0.752
67 0.8 0.048 0.752
27 0.8 0.048 0.752
85 0.8 0.048 0.752
5 0.687115 0.048 0.639115
20 0.709833 0.048 0.661833
23 0.741375 0.048 0.693375
24 0.716413 0.048 0.668413
29 0.716925 0.048 0.668925
34 0.671302 0.048 0.623302
3 0.8 0.048 0.752
17 0.8 0.048 0.752
30 0.8 0.048 0.752
42 0.8 0.048 0.752
55 0.8 0.048 0.752
81 0.8 0.048 0.752
40 0.8 0.048 0.752
45 0.8 0.048 0.752
81 0.752 0.048 0.704
81 0.704 0.16 0.544
81 0.544 0.016 0.528
40 0.752 0.16 0.592
45 0.752 0.16 0.592
85 0.752 0.048 0.704
27 0.8 0.048 0.752
67 0.8 0.048 0.752
14 0.8 0.048 0.752
40 0.671324 0.048 0.623324
45 0.592 0.048 0.544
71 0.536476 0.048 0.488476
14 0.752 0.048 0.704
14 0.704 0.16 0.544
14 0.544 0.016 0.528
40 0.623324 0.16 0.463324
45 0.544 0.16 0.384
71 0.488476 0.16 0.328476
39 0.646399 0.048 0.598399
53 0.8 0.048 0.752
84 0.8 0.048 0.752
50 0.8 0.048 0.752
28 0.8 0.048 0.752
38 0.8 0.048 0.752
15 0.8 0.048 0.752
32 0.8 0.048 0.752
73 0.8 0.048 0.752
36 0.8 0.048 0.752
37 0.8 0.048 0.752
52 0.8 0.048 0.752
57 0.8 0.048 0.752
61 0.8 0.048 0.752
72 0.8 0.048 0.752
87 0.8 0.048 0.752
89 0.8 0.048 0.752
22 0.8 0.048 0.752
4 0.8 0.048 0.752
8 0.8 0.048 0.752
16 0.8 0.048 0.752
19 0.8 0.048 0.752
59 0.8 0.048 0.752
62 0.8 0.048 0.752
70 0.8 0.048 0.752
35 0.8 0.048 0.752
21 0.8 0.048 0.752
58 0.8 0.048 0.752
80 0.8 0.048 0.752
35 0.752 0.048 0.704
35 0.704 0.16 0.544
21 0.752 0.16 0.592
21 0.592 0.016 0.576
35 0.544 0.016 0.528
21 0.576 0.048 0.528
35 0.528 0.048 0.48
58 0.752 0.048 0.704
58 0.704 0.16 0.544
80 0.752 0.16 0.592
11 0.8 0.048 0.752
33 0.8 0.048 0.752
9 0.8 0.048 0.752
26 0.8 0.048 0.752
33 0.752 0.048 0.704
33 0.704 0.16 0.544
9 0.752 0.16 0.592
9 0.592 0.016 0.576
33 0.544 0.016 0.528
9 0.576 0.048 0.528
26 0.752 0.048 0.704
33 0.528 0.048 0.48
86 0.8 0.048 0.752
26 0.704 0.16 0.544
43 0.8 0.048 0.752
18 0.8 0.048 0.752
69 0.8 0.048 0.752
90 0.8 0.048 0.752
49 0.8 0.048 0.752
48 0.8 0.048 0.752
46 0.8 0.048 0.752
36 0.8 0.048 0.752
52 0.8 0.048 0.752
53 0.8 0.048 0.752
57 0.8 0.048 0.752
61 0.8 0.048 0.752
72 0.8 0.048 0.752
73 0.8 0.048 0.752
74 0.8 0.048 0.752
84 0.8 0.048 0.752
87 0.8 0.048 0.752
32 0.8 0.048 0.752
15 0.8 0.048 0.752
44 0.8 0.048 0.752
31 0.8 0.048 0.752
39 0.8 0.048 0.752
90 0.8 0.048 0.752
18 0.8 0.048 0.752
43 0.8 0.048 0.752
69 0.8 0.048 0.752
90 0.752 0.048 0.704
90 0.704 0.16 0.544
18 0.752 0.16 0.592
18 0.592 0.016 0.576
90 0.544 0.016 0.528
18 0.576 0.048 0.528
43 0.752 0.048 0.704
69 0.752 0.048 0.704
90 0.528 0.048 0.48
43 0.704 0.16 0.544
69 0.704 0.16 0.544
6 0.739318 0.048 0.691318
56 0.8 0.048 0.752
60 0.737994 0.048 0.689994
56 0.752 0.048 0.704
6 0.691318 0.048 0.643318
13 0.8 0.048 0.752
60 0.689994 0.048 0.641994
86 0.8 0.048 0.752
67 0.8 0.048 0.752
27 0.8 0.048 0.752
85 0.8 0.048 0.752
5 0.8 0.048 0.752
20 0.8 0.048 0.752
23 0.8 0.048 0.752
24 0.8 0.048 0.752
29 0.8 0.048 0.752
34 0.8 0.048 0.752
3 0.8 0.048 0.752
17 0.8 0.048 0.752
30 0.8 0.048 0.752
42 0.8 0.048 0.752
55 0.8 0.048 0.752
85 0.752 0.048 0.704
27 0.8 0.048 0.752
67 0.8 0.048 0.752
88 0.8 0.048 0.752
2 0.8 0.048 0.752
22 0.8 0.048 0.752
63 0.8 0.048 0.752
88 0.752 0.048 0.704
88 0.704 0.16 0.544
2 0.752 0.16 0.592
2 0.592 0.016 0.576
88 0.544 0.016 0.528
2 0.576 0.048 0.528
10 0.8 0.048 0.752
63 0.752 0.048 0.704
88 0.528 0.048 0.48
2 0.528 0.048 0.48
2 0.48 0.16 0.32
22 0.752 0.16 0.592
63 0.704 0.16 0.544
10 0.752 0.16 0.592
10 0.592 0.016 0.576
2 0.32 0.016 0.304
10 0.576 0.048 0.528
2 0.304 0.048 0.256
63 0.544 0.048 0.496
64 0.8 0.048 0.752
82 0.8 0.048 0.752
63 0.496 0.16 0.336
88 0.48 0.16 0.32
39 0.8 0.048 0.752
31 0.8 0.048 0.752
44 0.8 0.048 0.752
53 0.8 0.048 0.752
74 0.8 0.048 0.752
84 0.8 0.048 0.752
50 0.8 0.048 0.752
28 0.8 0.048 0.752
15 0.8 0.048 0.752
32 0.8 0.048 0.752
73 0.8 0.048 0.752
36 0.8 0.048 0.752
37 0.8 0.048 0.752
41 0.8 0.048 0.752
52 0.8 0.048 0.752
57 0.8 0.048 0.752
61 0.8 0.048 0.752
72 0.8 0.048 0.752
87 0.8 0.048 0.752
73 0.752 0.048 0.704
73 0.704 0.16 0.544
36 0.752 0.16 0.592
37 0.752 0.16 0.592
41 0.752 0.16 0.592
41 0.592 0.016 0.576
73 0.544 0.016 0.528
41 0.576 0.048 0.528
20 0.8 0.048 0.752
24 0.8 0.048 0.752
29 0.8 0.048 0.752
34 0.8 0.048 0.752
37 0.592 0.048 0.544
73 0.528 0.048 0.48
52 0.752 0.16 0.592
57 0.752 0.16 0.592
61 0.752 0.16 0.592
72 0.752 0.16 0.592
87 0.752 0.16 0.592
89 0.8 0.048 0.752
22 0.667284 0.048 0.619284
4 0.8 0.048 0.752
8 0.8 0.048 0.752
16 0.8 0.048 0.752
19 0.8 0.048 0.752
51 0.8 0.048 0.752
59 0.8 0.048 0.752
62 0.8 0.048 0.752
70 0.8 0.048 0.752
21 0.8 0.048 0.752
35 0.8 0.048 0.752
58 0.8 0.048 0.752
11 0.8 0.048 0.752
65 0.8 0.048 0.752
9 0.8 0.048 0.752
26 0.8 0.048 0.752
33 0.8 0.048 0.752
86 0.8 0.048 0.752
43 0.8 0.048 0.752
18 0.74983 0.048 0.70183
69 0.8 0.048 0.752
90 0.703446 0.048 0.655446
49 0.8 0.048 0.752
48 0.8 0.048 0.752
48 0.752 0.048 0.704
48 0.704 0.16 0.544
48 0.544 0.016 0.528
46 0.8 0.048 0.752
36 0.741005 0.048 0.693005
52 0.745546 0.048 0.697546
53 0.8 0.048 0.752
57 0.74283 0.048 0.69483
61 0.741747 0.048 0.693747
72 0.738219 0.048 0.690219
74 0.8 0.048 0.752
84 0.8 0.048 0.752
87 0.751148 0.048 0.703148
32 0.8 0.048 0.752
15 0.8 0.048 0.752
44 0.8 0.048 0.752
31 0.8 0.048 0.752
39 0.8 0.048 0.752
18 0.8 0.048 0.752
43 0.8 0.048 0.752
69 0.8 0.048 0.752
90 0.8 0.048 0.752
6 0.8 0.048 0.752
25 0.8 0.048 0.752
56 0.8 0.048 0.752
60 0.8 0.048 0.752
6 0.752 0.048 0.704
6 0.704 0.16 0.544
25 0.752 0.16 0.592
25 0.592 0.016 0.576
6 0.544 0.016 0.528
25 0.576 0.048 0.528
6 0.528 0.048 0.48
60 0.752 0.048 0.704
71 0.8 0.048 0.752
56 0.752 0.16 0.592
60 0.704 0.16 0.544
56 0.592 0.048 0.544
6 0.48 0.048 0.432
13 0.8 0.048 0.752
26 0.8 0.048 0.752
60 0.544 0.048 0.496
86 0.8 0.048 0.752
67 0.8 0.048 0.752
27 0.8 0.048 0.752
85 0.8 0.048 0.752
5 0.8 0.048 0.752
20 0.8 0.048 0.752
23 0.8 0.048 0.752
29 0.8 0.048 0.752
34 0.8 0.048 0.752
3 0.8 0.048 0.752
17 0.8 0.048 0.752
30 0.8 0.048 0.752
42 0.8 0.048 0.752
55 0.8 0.048 0.752
85 0.752 0.048 0.704
27 0.8 0.048 0.752
67 0.8 0.048 0.752
10 0.8 0.048 0.752
2 0.628797 0.048 0.580797
63 0.711652 0.048 0.663652
64 0.8 0.048 0.752
77 0.8 0.048 0.752
82 0.8 0.048 0.752
39 0.8 0.048 0.752
31 0.8 0.048 0.752
44 0.8 0.048 0.752
53 0.8 0.048 0.752
74 0.8 0.048 0.752
84 0.8 0.048 0.752
50 0.8 0.048 0.752
28 0.8 0.048 0.752
15 0.8 0.048 0.752
32 0.8 0.048 0.752
41 0.8 0.048 0.752
20 0.8 0.048 0.752
24 0.8 0.048 0.752
29 0.8 0.048 0.752
34 0.8 0.048 0.752
37 0.8 0.048 0.752
73 0.8 0.048 0.752
89 0.8 0.048 0.752
22 0.8 0.048 0.752
4 0.8 0.048 0.752
8 0.8 0.048 0.752
16 0.8 0.048 0.752
19 0.8 0.048 0.752
51 0.8 0.048 0.752
59 0.8 0.048 0.752
62 0.8 0.048 0.752
70 0.8 0.048 0.752
21 0.8 0.048 0.752
35 0.8 0.048 0.752
58 0.8 0.048 0.752
80 0.8 0.048 0.752
11 0.8 0.048 0.752
9 0.8 0.048 0.752
26 0.8 0.048 0.752
33 0.8 0.048 0.752
86 0.8 0.048 0.752
43 0.8 0.048 0.752
18 0.8 0.048 0.752
69 0.8 0.048 0.752
90 0.8 0.048 0.752
49 0.8 0.048 0.752
73 0.8 0.048 0.752
24 0.8 0.048 0.752
36 0.8 0.048 0.752
37 0.8 0.048 0.752
41 0.8 0.048 0.752
52 0.8 0.048 0.752
57 0.8 0.048 0.752
61 0.8 0.048 0.752
72 0.8 0.048 0.752
87 0.8 0.048 0.752
73 0.752 0.048 0.704
73 0.704 0.16 0.544
24 0.752 0.16 0.592
36 0.752 0.16 0.592
37 0.752 0.16 0.592
41 0.752 0.16 0.592
52 0.752 0.16 0.592
57 0.752 0.16 0.592
57 0.592 0.016 0.576
73 0.544 0.016 0.528
57 0.576 0.048 0.528
36 0.592 0.048 0.544
37 0.592 0.048 0.544
46 0.8 0.048 0.752
52 0.592 0.048 0.544
61 0.752 0.048 0.704
72 0.752 0.048 0.704
73 0.528 0.048 0.48
74 0.8 0.048 0.752
87 0.752 0.048 0.704
61 0.704 0.16 0.544
72 0.704 0.16 0.544
87 0.704 0.16 0.544
46 0.752 0.048 0.704
36 0.544 0.048 0.496
52 0.544 0.048 0.496
53 0.8 0.048 0.752
57 0.528 0.048 0.48
61 0.621439 0.048 0.573439
72 0.544 0.048 0.496
73 0.48 0.048 0.432
74 0.752 0.048 0.704
84 0.8 0.048 0.752
87 0.544 0.048 0.496
31 0.8 0.048 0.752
15 0.8 0.048 0.752
44 0.8 0.048 0.752
32 0.8 0.048 0.752
15 0.752 0.048 0.704
75 0.8 0.048 0.752
7 0.8 0.048 0.752
12 0.8 0.048 0.752
38 0.8 0.048 0.752
54 0.8 0.048 0.752
76 0.8 0.048 0.752
78 0.8 0.048 0.752
83 0.8 0.048 0.752
75 0.752 0.048 0.704
75 0.704 0.16 0.544
7 0.752 0.16 0.592
12 0.752 0.16 0.592
38 0.752 0.16 0.592
54 0.752 0.16 0.592
76 0.752 0.16 0.592
76 0.592 0.016 0.576
75 0.544 0.016 0.528
76 0.576 0.048 0.528
7 0.592 0.048 0.544
28 0.8 0.048 0.752
38 0.592 0.048 0.544
54 0.592 0.048 0.544
75 0.528 0.048 0.48
76 0.528 0.048 0.48
76 0.48 0.16 0.32
78 0.752 0.16 0.592
83 0.752 0.16 0.592
76 0.32 0.016 0.304
7 0.544 0.16 0.384
28 0.752 0.16 0.592
38 0.544 0.16 0.384
54 0.544 0.16 0.384
75 0.48 0.16 0.32
44 0.8 0.048 0.752
31 0.8 0.048 0.752
39 0.8 0.048 0.752
18 0.8 0.048 0.752
43 0.8 0.048 0.752
69 0.8 0.048 0.752
90 0.8 0.048 0.752
25 0.8 0.048 0.752
60 0.8 0.048 0.752
71 0.8 0.048 0.752
56 0.8 0.048 0.752
6 0.8 0.048 0.752
13 0.8 0.048 0.752
60 0.752 0.048 0.704
86 0.8 0.048 0.752
56 0.752 0.048 0.704
56 0.704 0.16 0.544
6 0.752 0.16 0.592
6 0.592 0.016 0.576
56 0.544 0.016 0.528
6 0.576 0.048 0.528
56 0.528 0.048 0.48
60 0.704 0.048 0.656
13 0.752 0.16 0.592
60 0.656 0.16 0.496
86 0.752 0.16 0.592
67 0.8 0.048 0.752
27 0.8 0.048 0.752
85 0.8 0.048 0.752
5 0.8 0.048 0.752
20 0.8 0.048 0.752
23 0.8 0.048 0.752
29 0.8 0.048 0.752
34 0.8 0.048 0.752
3 0.8 0.048 0.752
17 0.8 0.048 0.752
30 0.8 0.048 0.752
42 0.8 0.048 0.752
55 0.8 0.048 0.752
85 0.752 0.048 0.704
27 0.8 0.048 0.752
67 0.8 0.048 0.752
10 0.8 0.048 0.752
2 0.8 0.048 0.752
63 0.8 0.048 0.752
64 0.8 0.048 0.752
77 0.8 0.048 0.752
82 0.8 0.048 0.752
39 0.8 0.048 0.752
44 0.8 0.048 0.752
53 0.8 0.048 0.752
74 0.8 0.048 0.752
84 0.8 0.048 0.752
50 0.8 0.048 0.752
28 0.743927 0.048 0.695927
15 0.8 0.048 0.752
32 0.8 0.048 0.752
41 0.8 0.048 0.752
20 0.8 0.048 0.752
24 0.8 0.048 0.752
29 0.8 0.048 0.752
37 0.767211 0.048 0.719211
52 0.725699 0.048 0.677699
73 0.657913 0.048 0.609913
89 0.8 0.048 0.752
22 0.8 0.048 0.752
4 0.8 0.048 0.752
8 0.8 0.048 0.752
16 0.8 0.048 0.752
19 0.8 0.048 0.752
51 0.8 0.048 0.752
59 0.8 0.048 0.752
62 0.8 0.048 0.752
70 0.8 0.048 0.752
21 0.8 0.048 0.752
35 0.8 0.048 0.752
58 0.8 0.048 0.752
80 0.8 0.048 0.752
11 0.8 0.048 0.752
9 0.8 0.048 0.752
26 0.8 0.048 0.752
33 0.8 0.048 0.752
86 0.8 0.048 0.752
43 0.8 0.048 0.752
18 0.8 0.048 0.752
69 0.8 0.048 0.752
90 0.8 0.048 0.752
49 0.8 0.048 0.752
49 0.752 0.048 0.704
49 0.704 0.16 0.544
49 0.544 0.016 0.528
57 0.8 0.048 0.752
36 0.8 0.048 0.752
37 0.8 0.048 0.752
46 0.8 0.048 0.752
52 0.8 0.048 0.752
61 0.8 0.048 0.752
72 0.8 0.048 0.752
73 0.758769 0.048 0.710769
87 0.8 0.048 0.752
2 0.8 0.048 0.752
63 0.8 0.048 0.752
64 0.8 0.048 0.752
88 0.8 0.048 0.752
2 0.752 0.048 0.704
2 0.704 0.16 0.544
63 0.752 0.16 0.592
64 0.752 0.16 0.592
88 0.752 0.16 0.592
88 0.592 0.016 0.576
2 0.544 0.016 0.528
88 0.576 0.048 0.528
2 0.528 0.048 0.48
22 0.8 0.048 0.752
63 0.592 0.048 0.544
46 0.752 0.048 0.704
36 0.752 0.048 0.704
52 0.752 0.048 0.704
53 0.8 0.048 0.752
57 0.752 0.048 0.704
61 0.8 0.048 0.752
72 0.752 0.048 0.704
73 0.710769 0.048 0.662769
74 0.8 0.048 0.752
84 0.8 0.048 0.752
87 0.752 0.048 0.704
70 0.8 0.048 0.752
4 0.8 0.048 0.752
8 0.8 0.048 0.752
16 0.8 0.048 0.752
19 0.8 0.048 0.752
51 0.8 0.048 0.752
59 0.8 0.048 0.752
31 0.8 0.048 0.752
44 0.8 0.048 0.752
32 0.8 0.048 0.752
15 0.8 0.048 0.752
44 0.8 0.048 0.752
31 0.8 0.048 0.752
18 0.8 0.048 0.752
43 0.8 0.048 0.752
69 0.8 0.048 0.752
90 0.8 0.048 0.752
25 0.8 0.048 0.752
6 0.8 0.048 0.752
71 0.8 0.048 0.752
6 0.752 0.048 0.704
25 0.752 0.048 0.704
56 0.8 0.048 0.752
60 0.8 0.048 0.752
67 0.8 0.048 0.752
27 0.8 0.048 0.752
85 0.8 0.048 0.752
68 0.8 0.048 0.752
1 0.8 0.048 0.752
65 0.8 0.048 0.752
47 0.8 0.048 0.752
80 0.8 0.048 0.752
5 0.8 0.048 0.752
20 0.8 0.048 0.752
23 0.8 0.048 0.752
29 0.8 0.048 0.752
34 0.8 0.048 0.752
3 0.8 0.048 0.752
17 0.8 0.048 0.752
30 0.8 0.048 0.752
42 0.8 0.048 0.752
55 0.8 0.048 0.752
3 0.752 0.048 0.704
3 0.704 0.16 0.544
3 0.544 0.016 0.528
17 0.752 0.16 0.592
30 0.752 0.16 0.592
42 0.752 0.16 0.592
55 0.752 0.16 0.592
85 0.752 0.048 0.704
27 0.8 0.048 0.752
67 0.8 0.048 0.752
10 0.8 0.048 0.752
64 0.745197 0.048 0.697197
77 0.8 0.048 0.752
82 0.8 0.048 0.752
39 0.8 0.048 0.752
44 0.8 0.048 0.752
53 0.8 0.048 0.752
74 0.8 0.048 0.752
84 0.8 0.048 0.752
50 0.8 0.048 0.752
28 0.8 0.048 0.752
15 0.8 0.048 0.752
32 0.8 0.048 0.752
14 0.8 0.048 0.752
40 0.8 0.048 0.752
45 0.8 0.048 0.752
71 0.8 0.048 0.752
81 0.8 0.048 0.752
14 0.752 0.048 0.704
14 0.704 0.16 0.544
40 0.752 0.16 0.592
45 0.752 0.16 0.592
71 0.752 0.16 0.592
81 0.752 0.16 0.592
81 0.592 0.016 0.576
14 0.544 0.016 0.528
81 0.576 0.048 0.528
14 0.528 0.048 0.48
40 0.592 0.048 0.544
45 0.592 0.048 0.544
41 0.8 0.048 0.752
20 0.8 0.048 0.752
24 0.8 0.048 0.752
29 0.8 0.048 0.752
37 0.8 0.048 0.752
52 0.8 0.048 0.752
57 0.8 0.048 0.752
73 0.8 0.048 0.752
89 0.8 0.048 0.752
22 0.8 0.048 0.752
4 0.8 0.048 0.752
8 0.8 0.048 0.752
16 0.8 0.048 0.752
19 0.8 0.048 0.752
59 0.8 0.048 0.752
62 0.8 0.048 0.752
70 0.8 0.048 0.752
21 0.8 0.048 0.752
35 0.8 0.048 0.752
58 0.8 0.048 0.752
80 0.8 0.048 0.752
11 0.8 0.048 0.752
65 0.8 0.048 0.752
9 0.8 0.048 0.752
26 0.8 0.048 0.752
33 0.8 0.048 0.752
86 0.8 0.048 0.752
43 0.8 0.048 0.752
18 0.8 0.048 0.752
69 0.8 0.048 0.752
90 0.8 0.048 0.752
57 0.8 0.048 0.752
36 0.8 0.048 0.752
41 0.8 0.048 0.752
52 0.8 0.048 0.752
61 0.8 0.048 0.752
72 0.8 0.048 0.752
73 0.8 0.048 0.752
87 0.8 0.048 0.752
88 0.8 0.048 0.752
2 0.8 0.048 0.752
22 0.8 0.048 0.752
63 0.8 0.048 0.752
46 0.8 0.048 0.752
36 0.752 0.048 0.704
52 0.752 0.048 0.704
53 0.8 0.048 0.752
61 0.8 0.048 0.752
72 0.752 0.048 0.704
74 0.8 0.048 0.752
84 0.8 0.048 0.752
87 0.752 0.048 0.704
70 0.8 0.048 0.752
4 0.8 0.048 0.752
8 0.8 0.048 0.752
16 0.8 0.048 0.752
19 0.8 0.048 0.752
51 0.8 0.048 0.752
59 0.8 0.048 0.752
31 0.8 0.048 0.752
44 0.8 0.048 0.752
32 0.8 0.048 0.752
15 0.8 0.048 0.752
44 0.8 0.048 0.752
31 0.8 0.048 0.752
39 0.8 0.048 0.752
18 0.8 0.048 0.752
43 0.8 0.048 0.752
69 0.8 0.048 0.752
90 0.8 0.048 0.752
25 0.8 0.048 0.752
6 0.8 0.048 0.752
60 0.8 0.048 0.752
71 0.8 0.048 0.752
6 0.752 0.048 0.704
25 0.752 0.048 0.704
56 0.8 0.048 0.752
60 0.752 0.048 0.704
67 0.8 0.048 0.752
27 0.8 0.048 0.752
85 0.8 0.048 0.752
68 0.8 0.048 0.752
1 0.8 0.048 0.752
65 0.8 0.048 0.752
47 0.8 0.048 0.752
80 0.8 0.048 0.752
5 0.8 0.048 0.752
20 0.8 0.048 0.752
23 0.8 0.048 0.752
29 0.8 0.048 0.752
34 0.8 0.048 0.752
5 0.752 0.048 0.704
5 0.704 0.16 0.544
5 0.544 0.016 0.528
20 0.752 0.16 0.592
23 0.752 0.16 0.592
29 0.752 0.16 0.592
34 0.752 0.16 0.592
85 0.752 0.048 0.704
27 0.8 0.048 0.752
67 0.8 0.048 0.752
10 0.8 0.048 0.752
2 0.8 0.048 0.752
63 0.8 0.048 0.752
64 0.8 0.048 0.752
77 0.8 0.048 0.752
82 0.8 0.048 0.752
39 0.8 0.048 0.752
53 0.8 0.048 0.752
72 0.8 0.048 0.752
74 0.8 0.048 0.752
84 0.8 0.048 0.752
50 0.8 0.048 0.752
28 0.8 0.048 0.752
15 0.8 0.048 0.752
32 0.8 0.048 0.752
81 0.8 0.048 0.752
14 0.8 0.048 0.752
40 0.8 0.048 0.752
45 0.8 0.048 0.752
41 0.8 0.048 0.752
20 0.740062 0.048 0.692062
24 0.8 0.048 0.752
29 0.747674 0.048 0.699674
37 0.8 0.048 0.752
52 0.8 0.048 0.752
57 0.8 0.048 0.752
73 0.8 0.048 0.752
41 0.752 0.048 0.704
41 0.704 0.16 0.544
41 0.544 0.016 0.528
20 0.692062 0.16 0.532062
24 0.752 0.16 0.592
29 0.699674 0.16 0.539674
37 0.752 0.16 0.592
52 0.752 0.16 0.592
57 0.752 0.16 0.592
73 0.752 0.16 0.592
89 0.8 0.048 0.752
22 0.8 0.048 0.752
4 0.8 0.048 0.752
8 0.8 0.048 0.752
16 0.8 0.048 0.752
51 0.8 0.048 0.752
59 0.8 0.048 0.752
62 0.8 0.048 0.752
70 0.8 0.048 0.752
21 0.8 0.048 0.752
35 0.8 0.048 0.752
58 0.8 0.048 0.752
11 0.8 0.048 0.752
65 0.8 0.048 0.752
9 0.8 0.048 0.752
26 0.8 0.048 0.752
33 0.8 0.048 0.752
86 0.8 0.048 0.752
90 0.8 0.048 0.752
18 0.8 0.048 0.752
43 0.8 0.048 0.752
69 0.8 0.048 0.752
43 0.8 0.048 0.752
18 0.752 0.048 0.704
69 0.8 0.048 0.752
90 0.752 0.048 0.704
76 0.8 0.048 0.752
7 0.8 0.048 0.752
38 0.8 0.048 0.752
54 0.8 0.048 0.752
75 0.8 0.048 0.752
76 0.752 0.048 0.704
76 0.704 0.16 0.544
7 0.752 0.16 0.592
38 0.752 0.16 0.592
54 0.752 0.16 0.592
75 0.752 0.16 0.592
75 0.592 0.016 0.576
76 0.544 0.016 0.528
75 0.576 0.048 0.528
7 0.592 0.048 0.544
12 0.8 0.048 0.752
54 0.592 0.048 0.544
76 0.528 0.048 0.48
78 0.8 0.048 0.752
83 0.8 0.048 0.752
57 0.734795 0.048 0.686795
36 0.8 0.048 0.752
41 0.669354 0.048 0.621354
46 0.8 0.048 0.752
52 0.738897 0.048 0.690897
61 0.8 0.048 0.752
72 0.8 0.048 0.752
73 0.735669 0.048 0.687669
74 0.8 0.048 0.752
87 0.8 0.048 0.752
57 0.686795 0.096 0.590795
57 0.590795 0.16 0.430795
57 0.430795 0.016 0.414795
36 0.752 0.16 0.592
41 0.621354 0.16 0.461354
46 0.752 0.16 0.592
52 0.690897 0.16 0.530897
61 0.752 0.16 0.592
72 0.752 0.16 0.592
73 0.687669 0.16 0.527669
74 0.752 0.16 0.592
87 0.752 0.16 0.592
88 0.8 0.048 0.752
2 0.8 0.048 0.752
22 0.8 0.048 0.752
63 0.8 0.048 0.752
33 0.8 0.048 0.752
9 0.8 0.048 0.752
26 0.8 0.048 0.752
86 0.8 0.048 0.752
46 0.592 0.048 0.544
36 0.592 0.048 0.544
52 0.530897 0.048 0.482897
53 0.8 0.048 0.752
57 0.414795 0.048 0.366795
61 0.671141 0.048 0.623141
72 0.592 0.048 0.544
74 0.592 0.048 0.544
84 0.8 0.048 0.752
87 0.592 0.048 0.544
46 0.544 0.048 0.496
46 0.496 0.16 0.336
46 0.336 0.016 0.32
36 0.544 0.16 0.384
52 0.482897 0.16 0.322897
53 0.752 0.16 0.592
57 0.366795 0.16 0.206795
61 0.623141 0.16 0.463141
72 0.544 0.16 0.384
74 0.544 0.16 0.384
84 0.752 0.16 0.592
87 0.544 0.16 0.384
70 0.8 0.048 0.752
4 0.8 0.048 0.752
8 0.8 0.048 0.752
16 0.8 0.048 0.752
19 0.8 0.048 0.752
51 0.8 0.048 0.752
59 0.8 0.048 0.752
62 0.8 0.048 0.752
31 0.8 0.048 0.752
44 0.8 0.048 0.752
32 0.8 0.048 0.752
15 0.8 0.048 0.752
44 0.8 0.048 0.752
31 0.8 0.048 0.752
18 0.8 0.048 0.752
43 0.8 0.048 0.752
69 0.8 0.048 0.752
90 0.8 0.048 0.752
25 0.8 0.048 0.752
6 0.8 0.048 0.752
14 0.8 0.048 0.752
71 0.8 0.048 0.752
25 0.752 0.048 0.704
25 0.704 0.16 0.544
6 0.752 0.16 0.592
14 0.752 0.16 0.592
14 0.592 0.016 0.576
25 0.544 0.016 0.528
14 0.576 0.048 0.528
25 0.528 0.048 0.48
40 0.8 0.048 0.752
45 0.8 0.048 0.752
71 0.752 0.048 0.704
71 0.704 0.16 0.544
6 0.592 0.048 0.544
25 0.48 0.048 0.432
56 0.8 0.048 0.752
60 0.8 0.048 0.752
67 0.8 0.048 0.752
27 0.8 0.048 0.752
85 0.8 0.048 0.752
68 0.8 0.048 0.752
1 0.8 0.048 0.752
65 0.8 0.048 0.752
47 0.8 0.048 0.752
80 0.8 0.048 0.752
85 0.752 0.048 0.704
27 0.8 0.048 0.752
67 0.8 0.048 0.752
10 0.8 0.048 0.752
63 0.8 0.048 0.752
64 0.8 0.048 0.752
77 0.8 0.048 0.752
82 0.8 0.048 0.752
39 0.8 0.048 0.752
53 0.8 0.048 0.752
74 0.536527 0.048 0.488527
84 0.743049 0.048 0.695049
39 0.752 0.048 0.704
39 0.704 0.16 0.544
39 0.544 0.016 0.528
53 0.752 0.16 0.592
74 0.488527 0.16 0.328527
84 0.695049 0.16 0.535049
50 0.8 0.048 0.752
28 0.8 0.048 0.752
38 0.8 0.048 0.752
54 0.687227 0.048 0.639227
15 0.8 0.048 0.752
32 0.8 0.048 0.752
81 0.8 0.048 0.752
14 0.678258 0.048 0.630258
40 0.8 0.048 0.752
45 0.8 0.048 0.752
89 0.8 0.048 0.752
22 0.8 0.048 0.752
4 0.8 0.048 0.752
8 0.8 0.048 0.752
16 0.8 0.048 0.752
19 0.8 0.048 0.752
51 0.8 0.048 0.752
59 0.8 0.048 0.752
62 0.8 0.048 0.752
70 0.8 0.048 0.752
21 0.8 0.048 0.752
35 0.8 0.048 0.752
58 0.8 0.048 0.752
25 0.580232 0.048 0.532232
6 0.692558 0.048 0.644558
60 0.8 0.048 0.752
71 0.695301 0.048 0.647301
11 0.8 0.048 0.752
65 0.8 0.048 0.752
9 0.8 0.048 0.752
26 0.8 0.048 0.752
33 0.8 0.048 0.752
86 0.8 0.048 0.752
90 0.8 0.048 0.752
18 0.8 0.048 0.752
43 0.8 0.048 0.752
69 0.8 0.048 0.752
43 0.8 0.048 0.752
18 0.752 0.048 0.704
69 0.8 0.048 0.752
90 0.752 0.048 0.704
75 0.8 0.048 0.752
7 0.8 0.048 0.752
12 0.8 0.048 0.752
38 0.8 0.048 0.752
54 0.8 0.048 0.752
76 0.8 0.048 0.752
78 0.8 0.048 0.752
83 0.8 0.048 0.752
88 0.8 0.048 0.752
2 0.8 0.048 0.752
22 0.8 0.048 0.752
63 0.8 0.048 0.752
33 0.8 0.048 0.752
9 0.8 0.048 0.752
26 0.8 0.048 0.752
86 0.8 0.048 0.752
70 0.8 0.048 0.752
4 0.8 0.048 0.752
8 0.8 0.048 0.752
16 0.8 0.048 0.752
19 0.8 0.048 0.752
51 0.8 0.048 0.752
59 0.8 0.048 0.752
62 0.8 0.048 0.752
35 0.8 0.048 0.752
21 0.8 0.048 0.752
58 0.8 0.048 0.752
31 0.8 0.048 0.752
44 0.8 0.048 0.752
32 0.8 0.048 0.752
15 0.8 0.048 0.752
44 0.8 0.048 0.752
31 0.8 0.048 0.752
18 0.8 0.048 0.752
43 0.8 0.048 0.752
69 0.8 0.048 0.752
90 0.8 0.048 0.752
14 0.8 0.048 0.752
40 0.8 0.048 0.752
45 0.8 0.048 0.752
71 0.8 0.048 0.752
81 0.8 0.048 0.752
6 0.8 0.048 0.752
25 0.76062 0.048 0.71262
56 0.8 0.048 0.752
60 0.8 0.048 0.752
67 0.8 0.048 0.752
27 0.8 0.048 0.752
85 0.8 0.048 0.752
68 0.8 0.048 0.752
1 0.8 0.048 0.752
65 0.8 0.048 0.752
47 0.8 0.048 0.752
58 0.8 0.048 0.752
80 0.8 0.048 0.752
85 0.752 0.048 0.704
27 0.8 0.048 0.752
67 0.8 0.048 0.752
10 0.8 0.048 0.752
2 0.8 0.048 0.752
63 0.8 0.048 0.752
64 0.8 0.048 0.752
77 0.8 0.048 0.752
82 0.8 0.048 0.752
50 0.8 0.048 0.752
28 0.8 0.048 0.752
38 0.8 0.048 0.752
54 0.8 0.048 0.752
15 0.8 0.048 0.752
32 0.8 0.048 0.752
81 0.8 0.048 0.752
14 0.8 0.048 0.752
40 0.8 0.048 0.752
45 0.8 0.048 0.752
89 0.8 0.048 0.752
22 0.8 0.048 0.752
4 0.8 0.048 0.752
8 0.8 0.048 0.752
16 0.8 0.048 0.752
19 0.8 0.048 0.752
59 0.8 0.048 0.752
62 0.8 0.048 0.752
70 0.8 0.048 0.752
21 0.8 0.048 0.752
35 0.8 0.048 0.752
58 0.8 0.048 0.752
79 0.8 0.048 0.752
21 0.752 0.048 0.704
21 0.704 0.16 0.544
35 0.752 0.16 0.592
58 0.752 0.16 0.592
79 0.752 0.16 0.592
79 0.592 0.016 0.576
21 0.544 0.016 0.528
79 0.576 0.048 0.528
21 0.528 0.048 0.48
25 0.8 0.048 0.752
6 0.8 0.048 0.752
60 0.8 0.048 0.752
71 0.8 0.048 0.752
11 0.8 0.048 0.752
65 0.8 0.048 0.752
9 0.8 0.048 0.752
26 0.8 0.048 0.752
33 0.8 0.048 0.752
86 0.8 0.048 0.752
90 0.8 0.048 0.752
18 0.8 0.048 0.752
43 0.8 0.048 0.752
69 0.8 0.048 0.752
43 0.8 0.048 0.752
18 0.752 0.048 0.704
69 0.8 0.048 0.752
90 0.752 0.048 0.704
75 0.8 0.048 0.752
7 0.8 0.048 0.752
12 0.8 0.048 0.752
38 0.8 0.048 0.752
54 0.8 0.048 0.752
76 0.8 0.048 0.752
78 0.8 0.048 0.752
83 0.8 0.048 0.752
88 0.8 0.048 0.752
2 0.8 0.048 0.752
22 0.8 0.048 0.752
63 0.8 0.048 0.752
33 0.8 0.048 0.752
9 0.8 0.048 0.752
26 0.8 0.048 0.752
86 0.8 0.048 0.752
70 0.8 0.048 0.752
4 0.8 0.048 0.752
8 0.8 0.048 0.752
16 0.8 0.048 0.752
19 0.8 0.048 0.752
51 0.8 0.048 0.752
59 0.8 0.048 0.752
62 0.8 0.048 0.752
35 0.662469 0.048 0.614469
21 0.623538 0.048 0.575538
58 0.735558 0.048 0.687558
80 0.8 0.048 0.752
35 0.614469 0.048 0.566469
35 0.566469 0.16 0.406469
21 0.575538 0.16 0.415538
58 0.687558 0.16 0.527558
80 0.752 0.16 0.592
31 0.8 0.048 0.752
44 0.8 0.048 0.752
32 0.8 0.048 0.752
15 0.8 0.048 0.752
44 0.8 0.048 0.752
31 0.8 0.048 0.752
18 0.8 0.048 0.752
43 0.8 0.048 0.752
69 0.8 0.048 0.752
90 0.8 0.048 0.752
14 0.8 0.048 0.752
40 0.8 0.048 0.752
45 0.8 0.048 0.752
71 0.8 0.048 0.752
81 0.8 0.048 0.752
6 0.8 0.048 0.752
25 0.8 0.048 0.752
56 0.8 0.048 0.752
60 0.8 0.048 0.752
67 0.8 0.048 0.752
27 0.8 0.048 0.752
85 0.8 0.048 0.752
68 0.8 0.048 0.752
1 0.8 0.048 0.752
65 0.8 0.048 0.752
47 0.8 0.048 0.752
58 0.604856 0.048 0.556856
80 0.74636 0.048 0.69836
85 0.752 0.048 0.704
27 0.8 0.048 0.752
67 0.8 0.048 0.752
10 0.8 0.048 0.752
2 0.8 0.048 0.752
63 0.8 0.048 0.752
64 0.8 0.048 0.752
77 0.8 0.048 0.752
82 0.8 0.048 0.752
50 0.8 0.048 0.752
28 0.8 0.048 0.752
38 0.8 0.048 0.752
54 0.8 0.048 0.752
15 0.8 0.048 0.752
32 0.8 0.048 0.752
81 0.8 0.048 0.752
14 0.8 0.048 0.752
40 0.8 0.048 0.752
45 0.8 0.048 0.752
89 0.8 0.048 0.752
22 0.8 0.048 0.752
4 0.8 0.048 0.752
8 0.8 0.048 0.752
16 0.8 0.048 0.752
19 0.8 0.048 0.752
51 0.8 0.048 0.752
59 0.8 0.048 0.752
62 0.8 0.048 0.752
70 0.8 0.048 0.752
79 0.8 0.048 0.752
21 0.629677 0.048 0.581677
25 0.8 0.048 0.752
6 0.8 0.048 0.752
60 0.8 0.048 0.752
71 0.8 0.048 0.752
11 0.8 0.048 0.752
65 0.8 0.048 0.752
9 0.8 0.048 0.752
26 0.8 0.048 0.752
33 0.8 0.048 0.752
86 0.8 0.048 0.752
90 0.8 0.048 0.752
18 0.8 0.048 0.752
43 0.8 0.048 0.752
69 0.8 0.048 0.752
43 0.8 0.048 0.752
18 0.752 0.048 0.704
69 0.8 0.048 0.752
90 0.752 0.048 0.704
75 0.8 0.048 0.752
7 0.8 0.048 0.752
12 0.8 0.048 0.752
38 0.8 0.048 0.752
54 0.8 0.048 0.752
76 0.8 0.048 0.752
78 0.8 0.048 0.752
83 0.8 0.048 0.752
88 0.8 0.048 0.752
2 0.8 0.048 0.752
22 0.8 0.048 0.752
63 0.8 0.048 0.752
33 0.8 0.048 0.752
9 0.8 0.048 0.752
26 0.8 0.048 0.752
70 0.8 0.048 0.752
4 0.8 0.048 0.752
8 0.8 0.048 0.752
16 0.8 0.048 0.752
19 0.8 0.048 0.752
51 0.8 0.048 0.752
59 0.8 0.048 0.752
62 0.8 0.048 0.752
31 0.8 0.048 0.752
44 0.8 0.048 0.752
32 0.8 0.048 0.752
15 0.8 0.048 0.752
44 0.8 0.048 0.752
31 0.8 0.048 0.752
18 0.8 0.048 0.752
43 0.8 0.048 0.752
69 0.8 0.048 0.752
90 0.8 0.048 0.752
14 0.8 0.048 0.752
40 0.8 0.048 0.752
45 0.8 0.048 0.752
71 0.8 0.048 0.752
81 0.8 0.048 0.752
6 0.8 0.048 0.752
25 0.8 0.048 0.752
56 0.8 0.048 0.752
60 0.8 0.048 0.752
67 0.8 0.048 0.752
27 0.8 0.048 0.752
85 0.8 0.048 0.752
68 0.8 0.048 0.752
1 0.8 0.048 0.752
65 0.8 0.048 0.752
47 0.8 0.048 0.752
58 0.8 0.048 0.752
80 0.8 0.048 0.752
85 0.752 0.048 0.704
27 0.8 0.048 0.752
67 0.8 0.048 0.752
10 0.8 0.048 0.752
2 0.8 0.048 0.752
64 0.8 0.048 0.752
77 0.8 0.048 0.752
82 0.8 0.048 0.752
50 0.8 0.048 0.752
28 0.8 0.048 0.752
38 0.8 0.048 0.752
15 0.8 0.048 0.752
32 0.8 0.048 0.752
81 0.8 0.048 0.752
14 0.8 0.048 0.752
40 0.8 0.048 0.752
45 0.8 0.048 0.752
89 0.8 0.048 0.752
22 0.8 0.048 0.752
4 0.8 0.048 0.752
8 0.8 0.048 0.752
16 0.8 0.048 0.752
19 0.8 0.048 0.752
51 0.8 0.048 0.752
62 0.8 0.048 0.752
70 0.8 0.048 0.752
79 0.8 0.048 0.752
21 0.8 0.048 0.752
35 0.8 0.048 0.752
25 0.8 0.048 0.752
6 0.8 0.048 0.752
60 0.8 0.048 0.752
71 0.8 0.048 0.752
11 0.8 0.048 0.752
9 0.8 0.048 0.752
26 0.8 0.048 0.752
33 0.8 0.048 0.752
86 0.8 0.048 0.752
9 0.752 0.048 0.704
9 0.704 0.16 0.544
9 0.544 0.016 0.528
26 0.752 0.16 0.592
33 0.752 0.16 0.592
86 0.752 0.16 0.592
90 0.8 0.048 0.752
18 0.8 0.048 0.752
43 0.8 0.048 0.752
69 0.8 0.048 0.752
43 0.8 0.048 0.752
18 0.752 0.048 0.704
69 0.8 0.048 0.752
90 0.752 0.048 0.704
75 0.8 0.048 0.752
7 0.8 0.048 0.752
12 0.8 0.048 0.752
38 0.8 0.048 0.752
54 0.8 0.048 0.752
76 0.8 0.048 0.752
78 0.8 0.048 0.752
83 0.8 0.048 0.752
88 0.8 0.048 0.752
2 0.8 0.048 0.752
63 0.8 0.048 0.752
33 0.744554 0.048 0.696554
9 0.602447 0.048 0.554447
26 0.662167 0.048 0.614167
86 0.667572 0.048 0.619572
33 0.696554 0.048 0.648554
33 0.648554 0.16 0.488554
9 0.554447 0.16 0.394447
26 0.614167 0.16 0.454167
86 0.619572 0.16 0.459572
70 0.8 0.048 0.752
4 0.8 0.048 0.752
8 0.8 0.048 0.752
16 0.8 0.048 0.752
19 0.8 0.048 0.752
51 0.8 0.048 0.752
59 0.8 0.048 0.752
62 0.8 0.048 0.752
31 0.8 0.048 0.752
44 0.8 0.048 0.752
32 0.8 0.048 0.752
15 0.8 0.048 0.752
44 0.8 0.048 0.752
31 0.8 0.048 0.752
18 0.8 0.048 0.752
43 0.8 0.048 0.752
69 0.8 0.048 0.752
90 0.8 0.048 0.752
14 0.8 0.048 0.752
40 0.8 0.048 0.752
45 0.8 0.048 0.752
71 0.8 0.048 0.752
81 0.8 0.048 0.752
6 0.8 0.048 0.752
25 0.8 0.048 0.752
56 0.8 0.048 0.752
60 0.8 0.048 0.752
6 0.752 0.048 0.704
6 0.704 0.16 0.544
6 0.544 0.016 0.528
25 0.752 0.16 0.592
56 0.752 0.16 0.592
60 0.752 0.16 0.592
67 0.8 0.048 0.752
27 0.8 0.048 0.752
85 0.8 0.048 0.752
68 0.8 0.048 0.752
1 0.8 0.048 0.752
65 0.8 0.048 0.752
47 0.8 0.048 0.752
80 0.8 0.048 0.752
85 0.752 0.048 0.704
27 0.8 0.048 0.752
67 0.8 0.048 0.752
10 0.8 0.048 0.752
2 0.8 0.048 0.752
64 0.8 0.048 0.752
77 0.8 0.048 0.752
82 0.8 0.048 0.752
50 0.8 0.048 0.752
28 0.8 0.048 0.752
54 0.8 0.048 0.752
15 0.8 0.048 0.752
32 0.8 0.048 0.752
81 0.8 0.048 0.752
14 0.8 0.048 0.752
40 0.8 0.048 0.752
45 0.8 0.048 0.752
89 0.8 0.048 0.752
22 0.8 0.048 0.752
4 0.8 0.048 0.752
8 0.8 0.048 0.752
16 0.8 0.048 0.752
19 0.8 0.048 0.752
51 0.8 0.048 0.752
62 0.8 0.048 0.752
70 0.8 0.048 0.752
79 0.8 0.048 0.752
35 0.8 0.048 0.752
25 0.737426 0.048 0.689426
6 0.680386 0.048 0.632386
60 0.739587 0.048 0.691587
71 0.8 0.048 0.752
25 0.689426 0.096 0.593426
25 0.593426 0.16 0.433426
25 0.433426 0.016 0.417426
6 0.632386 0.16 0.472386
60 0.691587 0.16 0.531587
71 0.752 0.16 0.592
11 0.8 0.048 0.752
90 0.8 0.048 0.752
18 0.8 0.048 0.752
43 0.8 0.048 0.752
69 0.8 0.048 0.752
43 0.8 0.048 0.752
18 0.752 0.048 0.704
90 0.752 0.048 0.704
75 0.8 0.048 0.752
7 0.8 0.048 0.752
12 0.8 0.048 0.752
38 0.8 0.048 0.752
54 0.8 0.048 0.752
76 0.8 0.048 0.752
78 0.8 0.048 0.752
83 0.8 0.048 0.752
88 0.8 0.048 0.752
2 0.8 0.048 0.752
63 0.8 0.048 0.752
70 0.8 0.048 0.752
4 0.8 0.048 0.752
8 0.8 0.048 0.752
16 0.8 0.048 0.752
19 0.8 0.048 0.752
51 0.8 0.048 0.752
59 0.8 0.048 0.752
62 0.8 0.048 0.752
31 0.8 0.048 0.752
44 0.8 0.048 0.752
32 0.8 0.048 0.752
15 0.8 0.048 0.752
44 0.8 0.048 0.752
31 0.8 0.048 0.752
18 0.8 0.048 0.752
43 0.8 0.048 0.752
69 0.8 0.048 0.752
90 0.8 0.048 0.752
14 0.8 0.048 0.752
40 0.8 0.048 0.752
45 0.8 0.048 0.752
71 0.8 0.048 0.752
81 0.8 0.048 0.752
67 0.8 0.048 0.752
27 0.8 0.048 0.752
85 0.8 0.048 0.752
68 0.8 0.048 0.752
1 0.8 0.048 0.752
65 0.8 0.048 0.752
47 0.8 0.048 0.752
58 0.8 0.048 0.752
80 0.8 0.048 0.752
85 0.752 0.048 0.704
27 0.8 0.048 0.752
67 0.8 0.048 0.752
10 0.8 0.048 0.752
63 0.8 0.048 0.752
64 0.8 0.048 0.752
77 0.8 0.048 0.752
82 0.8 0.048 0.752
50 0.8 0.048 0.752
28 0.8 0.048 0.752
38 0.8 0.048 0.752
54 0.8 0.048 0.752
15 0.8 0.048 0.752
32 0.8 0.048 0.752
81 0.8 0.048 0.752
14 0.8 0.048 0.752
40 0.8 0.048 0.752
45 0.8 0.048 0.752
89 0.8 0.048 0.752
22 0.8 0.048 0.752
4 0.8 0.048 0.752
8 0.8 0.048 0.752
16 0.8 0.048 0.752
62 0.8 0.048 0.752
70 0.8 0.048 0.752
79 0.8 0.048 0.752
35 0.8 0.048 0.752
11 0.8 0.048 0.752
90 0.8 0.048 0.752
18 0.8 0.048 0.752
43 0.8 0.048 0.752
69 0.8 0.048 0.752
43 0.8 0.048 0.752
18 0.752 0.048 0.704
90 0.752 0.048 0.704
75 0.8 0.048 0.752
7 0.8 0.048 0.752
12 0.8 0.048 0.752
38 0.8 0.048 0.752
54 0.8 0.048 0.752
76 0.8 0.048 0.752
78 0.8 0.048 0.752
83 0.8 0.048 0.752
88 0.8 0.048 0.752
2 0.8 0.048 0.752
63 0.8 0.048 0.752
70 0.8 0.048 0.752
4 0.8 0.048 0.752
8 0.8 0.048 0.752
16 0.8 0.048 0.752
19 0.8 0.048 0.752
51 0.8 0.048 0.752
59 0.8 0.048 0.752
62 0.8 0.048 0.752
31 0.8 0.048 0.752
44 0.8 0.048 0.752
32 0.8 0.048 0.752
15 0.8 0.048 0.752
44 0.8 0.048 0.752
31 0.8 0.048 0.752
18 0.8 0.048 0.752
43 0.8 0.048 0.752
69 0.8 0.048 0.752
90 0.8 0.048 0.752
18 0.752 0.048 0.704
18 0.704 0.16 0.544
18 0.544 0.016 0.528
43 0.752 0.16 0.592
69 0.752 0.16 0.592
90 0.752 0.16 0.592
14 0.8 0.048 0.752
40 0.8 0.048 0.752
45 0.8 0.048 0.752
71 0.8 0.048 0.752
81 0.8 0.048 0.752
67 0.8 0.048 0.752
27 0.8 0.048 0.752
85 0.8 0.048 0.752
68 0.8 0.048 0.752
1 0.8 0.048 0.752
65 0.8 0.048 0.752
47 0.8 0.048 0.752
58 0.8 0.048 0.752
80 0.8 0.048 0.752
85 0.752 0.048 0.704
27 0.8 0.048 0.752
67 0.8 0.048 0.752
10 0.8 0.048 0.752
63 0.8 0.048 0.752
64 0.8 0.048 0.752
77 0.8 0.048 0.752
82 0.8 0.048 0.752
50 0.8 0.048 0.752
28 0.8 0.048 0.752
38 0.8 0.048 0.752
54 0.8 0.048 0.752
15 0.8 0.048 0.752
32 0.8 0.048 0.752
81 0.8 0.048 0.752
14 0.8 0.048 0.752
40 0.8 0.048 0.752
45 0.8 0.048 0.752
89 0.8 0.048 0.752
22 0.8 0.048 0.752
4 0.8 0.048 0.752
16 0.8 0.048 0.752
62 0.8 0.048 0.752
70 0.8 0.048 0.752
79 0.8 0.048 0.752
11 0.8 0.048 0.752
11 0.752 0.048 0.704
11 0.704 0.16 0.544
11 0.544 0.016 0.528
90 0.8 0.048 0.752
18 0.757641 0.048 0.709641
43 0.8 0.048 0.752
69 0.8 0.048 0.752
90 0.752 0.048 0.704
90 0.704 0.16 0.544
18 0.709641 0.16 0.549641
18 0.549641 0.016 0.533641
90 0.544 0.016 0.528
18 0.533641 0.048 0.485641
43 0.752 0.048 0.704
69 0.752 0.048 0.704
90 0.528 0.048 0.48
43 0.704 0.16 0.544
69 0.704 0.16 0.544
43 0.614717 0.048 0.566717
18 0.485641 0.048 0.437641
90 0.48 0.048 0.432
75 0.8 0.048 0.752
7 0.8 0.048 0.752
12 0.8 0.048 0.752
38 0.8 0.048 0.752
54 0.8 0.048 0.752
76 0.8 0.048 0.752
83 0.8 0.048 0.752
88 0.8 0.048 0.752
2 0.8 0.048 0.752
63 0.8 0.048 0.752
70 0.8 0.048 0.752
4 0.8 0.048 0.752
8 0.8 0.048 0.752
16 0.8 0.048 0.752
19 0.8 0.048 0.752
51 0.8 0.048 0.752
59 0.8 0.048 0.752
62 0.8 0.048 0.752
31 0.8 0.048 0.752
44 0.8 0.048 0.752
32 0.8 0.048 0.752
15 0.8 0.048 0.752
44 0.8 0.048 0.752
31 0.8 0.048 0.752
14 0.8 0.048 0.752
40 0.8 0.048 0.752
45 0.8 0.048 0.752
81 0.8 0.048 0.752
67 0.8 0.048 0.752
27 0.8 0.048 0.752
85 0.8 0.048 0.752
68 0.8 0.048 0.752
1 0.8 0.048 0.752
65 0.8 0.048 0.752
68 0.752 0.048 0.704
68 0.704 0.16 0.544
68 0.544 0.016 0.528
1 0.752 0.16 0.592
65 0.752 0.16 0.592
47 0.8 0.048 0.752
58 0.8 0.048 0.752
80 0.8 0.048 0.752
85 0.752 0.048 0.704
27 0.8 0.048 0.752
67 0.8 0.048 0.752
10 0.8 0.048 0.752
2 0.8 0.048 0.752
63 0.8 0.048 0.752
64 0.8 0.048 0.752
77 0.8 0.048 0.752
82 0.8 0.048 0.752
50 0.8 0.048 0.752
28 0.8 0.048 0.752
38 0.8 0.048 0.752
50 0.752 0.048 0.704
50 0.704 0.16 0.544
50 0.544 0.016 0.528
28 0.752 0.16 0.592
38 0.752 0.16 0.592
15 0.8 0.048 0.752
32 0.8 0.048 0.752
81 0.8 0.048 0.752
14 0.8 0.048 0.752
40 0.8 0.048 0.752
45 0.8 0.048 0.752
89 0.8 0.048 0.752
22 0.8 0.048 0.752
4 0.8 0.048 0.752
16 0.8 0.048 0.752
62 0.8 0.048 0.752
70 0.8 0.048 0.752
79 0.8 0.048 0.752
18 0.8 0.048 0.752
43 0.8 0.048 0.752
69 0.8 0.048 0.752
90 0.8 0.048 0.752
43 0.8 0.048 0.752
18 0.752 0.048 0.704
90 0.752 0.048 0.704
75 0.8 0.048 0.752
7 0.8 0.048 0.752
12 0.8 0.048 0.752
38 0.742708 0.048 0.694708
54 0.8 0.048 0.752
76 0.8 0.048 0.752
78 0.8 0.048 0.752
83 0.8 0.048 0.752
75 0.752 0.048 0.704
75 0.704 0.16 0.544
75 0.544 0.016 0.528
7 0.752 0.16 0.592
12 0.752 0.16 0.592
38 0.694708 0.16 0.534708
54 0.752 0.16 0.592
76 0.752 0.16 0.592
78 0.752 0.16 0.592
83 0.752 0.16 0.592
88 0.8 0.048 0.752
2 0.8 0.048 0.752
63 0.8 0.048 0.752
70 0.8 0.048 0.752
4 0.8 0.048 0.752
8 0.8 0.048 0.752
16 0.8 0.048 0.752
19 0.8 0.048 0.752
51 0.8 0.048 0.752
59 0.8 0.048 0.752
62 0.8 0.048 0.752
31 0.8 0.048 0.752
44 0.8 0.048 0.752
32 0.8 0.048 0.752
15 0.8 0.048 0.752
44 0.8 0.048 0.752
31 0.8 0.048 0.752
14 0.8 0.048 0.752
40 0.8 0.048 0.752
45 0.8 0.048 0.752
71 0.8 0.048 0.752
81 0.8 0.048 0.752
67 0.8 0.048 0.752
27 0.8 0.048 0.752
85 0.8 0.048 0.752
47 0.8 0.048 0.752
58 0.8 0.048 0.752
80 0.8 0.048 0.752
85 0.752 0.048 0.704
3 0.8 0.048 0.752
27 0.8 0.048 0.752
67 0.8 0.048 0.752
85 0.704 0.048 0.656
85 0.656 0.16 0.496
3 0.752 0.16 0.592
3 0.592 0.016 0.576
85 0.496 0.016 0.48
3 0.576 0.048 0.528
17 0.8 0.048 0.752
27 0.752 0.048 0.704
30 0.8 0.048 0.752
42 0.8 0.048 0.752
55 0.8 0.048 0.752
85 0.48 0.048 0.432
3 0.528 0.048 0.48
3 0.48 0.16 0.32
27 0.704 0.16 0.544
67 0.752 0.16 0.592
17 0.752 0.16 0.592
27 0.544 0.16 0.384
30 0.752 0.16 0.592
42 0.752 0.16 0.592
55 0.752 0.16 0.592
55 0.592 0.016 0.576
3 0.32 0.016 0.304
55 0.576 0.048 0.528
3 0.304 0.048 0.256
17 0.592 0.048 0.544
30 0.592 0.048 0.544
42 0.592 0.048 0.544
85 0.432 0.16 0.272
10 0.8 0.048 0.752
2 0.8 0.048 0.752
63 0.8 0.048 0.752
64 0.8 0.048 0.752
77 0.8 0.048 0.752
82 0.8 0.048 0.752
15 0.8 0.048 0.752
32 0.8 0.048 0.752
81 0.8 0.048 0.752
14 0.8 0.048 0.752
40 0.8 0.048 0.752
45 0.8 0.048 0.752
71 0.8 0.048 0.752
89 0.8 0.048 0.752
22 0.8 0.048 0.752
4 0.8 0.048 0.752
16 0.8 0.048 0.752
62 0.8 0.048 0.752
70 0.8 0.048 0.752
79 0.8 0.048 0.752
18 0.8 0.048 0.752
43 0.8 0.048 0.752
69 0.8 0.048 0.752
90 0.8 0.048 0.752
43 0.8 0.048 0.752
18 0.752 0.048 0.704
90 0.752 0.048 0.704
88 0.8 0.048 0.752
2 0.8 0.048 0.752
63 0.8 0.048 0.752
70 0.8 0.048 0.752
4 0.8 0.048 0.752
8 0.8 0.048 0.752
16 0.8 0.048 0.752
19 0.8 0.048 0.752
51 0.8 0.048 0.752
59 0.8 0.048 0.752
62 0.8 0.048 0.752
31 0.8 0.048 0.752
44 0.8 0.048 0.752
32 0.8 0.048 0.752
15 0.8 0.048 0.752
44 0.8 0.048 0.752
31 0.8 0.048 0.752
14 0.8 0.048 0.752
40 0.8 0.048 0.752
45 0.8 0.048 0.752
71 0.8 0.048 0.752
81 0.8 0.048 0.752
67 0.8 0.048 0.752
27 0.678431 0.048 0.630431
85 0.649077 0.048 0.601077
67 0.752 0.048 0.704
67 0.704 0.16 0.544
67 0.544 0.016 0.528
27 0.630431 0.16 0.470431
85 0.601077 0.16 0.441077
47 0.8 0.048 0.752
58 0.8 0.048 0.752
80 0.8 0.048 0.752
55 0.8 0.048 0.752
3 0.627469 0.048 0.579469
17 0.8 0.048 0.752
30 0.8 0.048 0.752
42 0.8 0.048 0.752
10 0.8 0.048 0.752
63 0.8 0.048 0.752
64 0.8 0.048 0.752
77 0.8 0.048 0.752
82 0.8 0.048 0.752
15 0.8 0.048 0.752
32 0.8 0.048 0.752
81 0.8 0.048 0.752
14 0.8 0.048 0.752
40 0.8 0.048 0.752
45 0.8 0.048 0.752
71 0.8 0.048 0.752
89 0.8 0.048 0.752
22 0.8 0.048 0.752
4 0.8 0.048 0.752
16 0.8 0.048 0.752
62 0.8 0.048 0.752
70 0.8 0.048 0.752
79 0.8 0.048 0.752
18 0.8 0.048 0.752
43 0.8 0.048 0.752
69 0.8 0.048 0.752
90 0.8 0.048 0.752
43 0.8 0.048 0.752
18 0.752 0.048 0.704
90 0.752 0.048 0.704
88 0.8 0.048 0.752
2 0.8 0.048 0.752
63 0.8 0.048 0.752
70 0.8 0.048 0.752
4 0.8 0.048 0.752
8 0.8 0.048 0.752
16 0.8 0.048 0.752
19 0.8 0.048 0.752
51 0.8 0.048 0.752
59 0.8 0.048 0.752
62 0.8 0.048 0.752
31 0.8 0.048 0.752
44 0.8 0.048 0.752
32 0.8 0.048 0.752
15 0.8 0.048 0.752
44 0.8 0.048 0.752
31 0.8 0.048 0.752
14 0.8 0.048 0.752
40 0.8 0.048 0.752
45 0.8 0.048 0.752
71 0.8 0.048 0.752
81 0.8 0.048 0.752
47 0.8 0.048 0.752
58 0.8 0.048 0.752
80 0.8 0.048 0.752
55 0.8 0.048 0.752
3 0.8 0.048 0.752
17 0.8 0.048 0.752
30 0.8 0.048 0.752
42 0.8 0.048 0.752
10 0.8 0.048 0.752
2 0.8 0.048 0.752
63 0.8 0.048 0.752
64 0.8 0.048 0.752
82 0.8 0.048 0.752
88 0.8 0.048 0.752
15 0.8 0.048 0.752
32 0.8 0.048 0.752
81 0.8 0.048 0.752
14 0.8 0.048 0.752
40 0.8 0.048 0.752
45 0.8 0.048 0.752
71 0.8 0.048 0.752
89 0.8 0.048 0.752
22 0.8 0.048 0.752
4 0.8 0.048 0.752
16 0.8 0.048 0.752
19 0.8 0.048 0.752
62 0.8 0.048 0.752
70 0.8 0.048 0.752
79 0.8 0.048 0.752
18 0.8 0.048 0.752
43 0.8 0.048 0.752
69 0.8 0.048 0.752
90 0.8 0.048 0.752
43 0.8 0.048 0.752
18 0.752 0.048 0.704
90 0.752 0.048 0.704
88 0.8 0.048 0.752
2 0.8 0.048 0.752
10 0.8 0.048 0.752
63 0.8 0.048 0.752
70 0.8 0.048 0.752
4 0.8 0.048 0.752
8 0.8 0.048 0.752
16 0.8 0.048 0.752
19 0.8 0.048 0.752
51 0.8 0.048 0.752
59 0.8 0.048 0.752
62 0.8 0.048 0.752
31 0.8 0.048 0.752
44 0.8 0.048 0.752
31 0.752 0.048 0.704
31 0.704 0.16 0.544
31 0.544 0.016 0.528
44 0.752 0.16 0.592
32 0.8 0.048 0.752
15 0.8 0.048 0.752
44 0.664605 0.048 0.616605
31 0.607881 0.048 0.559881
44 0.616605 0.048 0.568605
44 0.568605 0.16 0.408605
44 0.408605 0.016 0.392605
31 0.559881 0.16 0.399881
14 0.8 0.048 0.752
40 0.8 0.048 0.752
45 0.8 0.048 0.752
71 0.8 0.048 0.752
81 0.8 0.048 0.752
47 0.8 0.048 0.752
58 0.8 0.048 0.752
80 0.8 0.048 0.752
55 0.8 0.048 0.752
3 0.8 0.048 0.752
17 0.8 0.048 0.752
30 0.8 0.048 0.752
42 0.8 0.048 0.752
49 0.8 0.048 0.752
55 0.752 0.048 0.704
55 0.704 0.16 0.544
3 0.752 0.16 0.592
17 0.752 0.16 0.592
30 0.752 0.16 0.592
42 0.752 0.16 0.592
49 0.752 0.16 0.592
49 0.592 0.016 0.576
55 0.544 0.016 0.528
49 0.576 0.048 0.528
17 0.592 0.048 0.544
55 0.528 0.048 0.48
10 0.8 0.048 0.752
2 0.8 0.048 0.752
63 0.8 0.048 0.752
64 0.8 0.048 0.752
82 0.8 0.048 0.752
