22 143 1.0807
21 144 1.11802
40 145 1.14828
2 146 1.16056
13 147 1.3782
3 148 1.4261
45 149 1.47021
5 150 1.61345
58 151 1.6971
1 152 1.72886
10 153 1.73386
50 154 1.75742
9 155 1.77141
32 156 1.81454
57 157 1.84528
33 158 1.96651
19 159 1.99724
52 160 2.07945
30 161 2.11151
59 162 2.14335
28 163 2.15158
8 164 2.22489
43 165 2.56296
36 166 2.86492
21 167 3.18461
47 168 3.33636
46 169 3.52905
2 170 3.63017
29 171 3.81133
42 172 3.92525
59 173 4.16023
60 174 4.37248
49 175 4.59283
40 176 5.33055
57 177 5.44649
3 178 5.82733
19 179 5.87645
13 180 5.90876
9 181 6.1237
30 182 6.26561
29 183 6.49527
47 184 6.74385
42 185 7.30802
45 186 7.96917
2 187 8.02445
21 188 8.37448
10 189 8.8317
3 190 8.83763
13 191 9.14842
5 192 9.21587
57 193 9.33649
47 194 9.53115
