39 381
15 381
22 381
18 382
8 382
32 382
34 382
47 382
79 382
12 382
99 382
98 385
33 385
48 385
60 385
73 385
25 385
24 385
41 385
80 385
93 386
13 386
54 386
14 386
35 387
16 387
70 387
20 387
31 387
64 387
21 387
53 389
1 389
43 389
68 389
50 389
38 389
49 389
97 392
77 392
37 392
42 392
66 392
52 392
86 392
55 382
19 393
61 393
88 393
56 393
26 393
82 393
76 394
6 394
7 394
11 394
71 394
30 394
74 394
23 387
87 391
27 391
79 383
47 383
58 383
63 394
75 394
22 384
57 395
17 396
62 401
85 402
68 397
95 385
24 388
84 391
81 399
54 399
46 399
56 405
29 406
20 406
64 406
21 406
77 400
42 400
97 400
4 403
25 403
78 403
73 403
69 398
71 404
36 404
49 390
50 390
68 390
9 402
65 408
98 403
34 409
91 385
39 410
93 410
54 410
74 407
63 407
88 411
45 412
51 409
18 409
79 409
89 409
3 414
2 414
92 407
35 417
70 417
87 417
29 417
54 418
48 413
100 401
66 421
42 421
76 422
89 415
51 415
75 416
71 416
64 417
50 423
70 426
78 413
91 413
67 427
90 385
62 431
42 425
95 420
94 428
51 429
39 432
4 433
48 433
90 433
18 430
93 432
79 424
82 419
5 393
59 392
86 421
77 421
75 437
74 437
76 439
85 422
96 389
49 423
68 423
74 442
53 397
93 443
28 382
99 409
50 444
68 444
89 424
5 445
66 446
72 414
3 436
100 431
62 441
44 401
40 385
95 448
83 406
19 411
88 435
75 442
53 444
45 434
10 412
34 415
19 435
