0 1768
0 1769
0 1770
0 1771
0 1772
0 1773
0 1774
0 1775
0 1776
0 1777
41 1778
0 1781
27 1783
0 1785
23 1786
49 1786
0 1789
16 1790
0 1791
0 1794
33 1778
0 1795
0 1797
29 1787
0 1799
0 1801
0 1802
0 1803
0 1804
0 1806
28 1790
6 1808
40 1808
0 1809
0 1812
0 1814
0 1815
20 1816
46 1819
0 1821
5 1823
0 1825
14 1826
0 1828
0 1829
22 1796
0 1831
45 1816
44 1788
19 1833
0 1834
0 1836
0 1838
26 1780
0 1840
2 1782
24 1830
0 1841
0 1842
41 1843
0 1844
38 1792
0 1850
0 1851
0 1852
0 1853
0 1856
48 1782
1 1798
0 1858
36 1835
0 1859
0 1861
47 1855
30 1839
16 1862
0 1863
0 1865
0 1866
0 1869
10 1811
0 1870
0 1871
0 1872
11 1786
0 1873
17 1807
0 1874
0 1875
49 1813
0 1876
0 1877
46 1816
0 1878
0 1879
12 1810
45 1837
20 1860
0 1880
0 1881
0 1882
9 1817
2 1883
0 1884
35 1800
34 1843
29 1808
0 1885
0 1886
0 1887
0 1889
0 1891
40 1822
14 1867
0 1893
42 1826
8 1827
0 1894
25 1846
13 1847
0 1896
0 1897
0 1898
28 1892
0 1900
0 1901
0 1902
0 1903
37 1788
0 1904
41 1905
0 1906
0 1907
0 1909
44 1888
0 1910
38 1883
0 1911
0 1912
0 1913
24 1908
0 1914
0 1921
32 1779
0 1922
21 1849
27 1864
4 1783
0 1923
39 1818
0 1924
0 1928
0 1929
1 1915
0 1930
0 1931
0 1932
0 1933
23 1854
0 1934
31 1784
0 1935
3 1832
0 1936
0 1937
0 1938
11 1854
0 1939
0 1940
43 1805
7 1819
0 1941
10 1899
0 1942
0 1943
0 1944
0 1945
0 1946
0 1947
9 1927
0 1948
0 1949
0 1950
6 1833
0 1951
19 1868
0 1952
0 1953
0 1954
0 1955
0 1956
0 1957
0 1958
0 1959
0 1960
50 1820
0 1961
0 1962
0 1963
22 1846
0 1964
0 1965
0 1966
0 1967
26 1792
0 1968
0 1969
0 1970
0 1971
18 1824
0 1972
0 1975
0 1976
0 1977
0 1978
