17 465 0 100 1.7 2.5741 3.5741
6 471 0 100 0.7 3.9549 3.9549
13 473 0 100 3.2 4.18241 6.68241
15 462 0 100 6.7 1.37794 7.37794
15 474 0 100 3.7 4.4087 7.4087
1 467 0 100 5.7 2.89495 7.89495
14 463 0 100 7.7 1.39628 8.39628
14 472 0 100 5.2 4.0212 8.5212
17 480 0 100 2.7 6.85552 8.85552
9 468 0 100 6.7 3.35822 9.35822
11 478 0 100 5.7 4.99265 9.99265
19 470 0 100 7.7 3.76565 10.7657
16 476 0 100 7.2 4.66899 11.169
12 469 0 100 8.7 3.39542 11.3954
12 481 0 100 4.7 7.46804 11.468
13 483 0 100 3.2 9.59927 12.0993
3 464 0 100 11.2 1.802 12.302
5 477 0 100 8.7 4.70092 12.7009
20 475 0 100 9.2 4.49587 12.9959
20 479 0 100 7.2 6.66476 13.1648
6 482 0 100 7.2 7.85891 14.3589
