13 844 1.00064
43 845 1.05846
41 846 1.07936
58 847 1.13749
45 848 1.17967
16 849 1.2282
83 850 1.24447
24 851 1.31639
73 852 1.35846
51 853 1.38856
69 854 1.40035
88 855 1.40623
78 856 1.44492
90 857 1.45659
60 858 1.47829
25 859 1.50867
39 860 1.53959
71 861 1.61224
14 862 1.64129
30 863 1.64458
50 864 1.67609
46 865 1.85703
47 866 1.87229
31 867 1.88057
63 868 1.92654
40 869 1.94868
82 870 2.10389
27 871 2.19149
11 872 2.20401
18 873 2.33238
32 874 2.41333
19 875 2.43258
80 876 2.43456
36 877 2.47044
42 878 2.52503
26 879 2.62792
34 880 2.64971
89 881 2.6748
48 882 2.73615
72 883 2.96043
3 884 3.12296
29 885 3.15286
2 886 3.15562
52 887 3.27694
59 888 3.29687
41 889 3.3847
21 890 3.4076
7 891 3.5877
86 892 3.60394
62 893 3.75922
4 894 3.79186
35 895 3.81927
15 896 3.90491
85 897 3.97219
87 898 3.97876
45 899 4.10055
77 900 4.16075
57 901 4.35042
40 902 4.35242
17 903 4.48332
78 904 4.48444
53 905 4.525
88 906 4.57178
66 907 4.61838
23 908 4.85537
5 909 4.92625
9 910 4.94388
51 911 5.28225
31 912 5.41419
71 913 5.4279
63 914 5.49547
73 915 5.68115
11 916 5.85162
46 917 5.90219
48 918 6.50489
45 919 6.6044
59 920 6.68291
2 921 6.69844
52 922 6.92906
7 923 7.56475
57 924 7.77428
72 925 7.7969
5 926 7.93927
17 927 8.00654
3 928 8.09205
29 929 8.17674
66 930 8.20911
51 931 8.31794
35 932 8.75108
4 933 9.00548
48 934 9.3713
52 935 9.4351
11 936 9.50552
62 937 9.72301
