5 493 0 100 1.7 1.83381 2.83381
24 495 0 100 1.7 2.63868 3.63868
29 498 0 100 1.7 3.29652 4.29652
22 485 0 100 4.2 1.02408 4.52408
21 488 0 100 5.2 1.46226 5.96226
25 484 0 100 6.2 1.01315 6.51315
14 500 0 100 3.2 4.27091 6.77091
16 496 0 100 4.7 3.03557 7.03557
16 512 0 100 0.7 7.07384 7.07384
3 504 0 100 3.7 4.72681 7.72681
5 499 0 100 4.7 4.13992 8.13992
13 490 0 100 7.7 1.63002 8.63002
20 492 0 100 9.2 1.80319 10.3032
17 497 0 100 8.2 3.2675 10.7675
1 501 0 100 7.2 4.28666 10.7867
30 502 0 100 7.7 4.46498 11.465
7 514 0 100 5.2 8.78353 13.2835
24 508 0 100 9.2 5.7217 14.2217
15 503 0 100 10.7 4.62243 14.6224
6 513 0 100 7.7 7.91465 14.9146
