37 311
15 311
19 311
16 311
12 311
28 312
20 312
22 312
59 312
62 313
6 313
9 313
31 313
36 313
68 313
10 314
76 314
84 314
85 314
88 314
17 314
45 315
51 317
5 317
8 317
48 317
21 317
1 317
77 317
65 317
29 317
24 317
42 317
14 317
81 317
64 318
26 318
74 318
57 320
55 320
66 320
43 320
70 320
13 311
50 322
7 322
27 322
69 312
2 313
18 323
41 323
72 323
87 326
47 327
3 327
30 327
33 327
58 328
37 328
71 329
23 329
25 329
68 321
75 321
44 312
42 325
14 325
59 316
90 327
34 327
89 332
56 333
46 333
49 333
54 333
32 319
80 334
35 334
57 334
55 334
52 330
78 324
82 331
62 331
53 316
67 335
60 326
40 328
19 328
85 336
84 336
88 336
39 337
5 338
48 338
21 338
77 338
65 338
29 338
73 339
19 340
84 341
55 342
50 333
38 344
33 345
34 345
46 346
58 340
37 340
83 315
54 347
62 348
31 348
82 348
88 343
71 344
18 339
83 339
61 345
87 351
5 351
48 351
21 351
77 351
53 353
42 355
50 347
57 356
47 345
65 351
37 352
73 315
48 354
77 358
83 359
86 349
62 349
58 350
61 361
56 346
81 325
71 362
17 336
68 348
52 361
85 363
14 355
16 328
40 340
9 331
56 366
82 367
86 367
64 332
89 365
59 353
42 369
28 316
44 360
19 371
33 373
54 346
53 376
28 376
59 376
46 366
79 334
57 368
86 380
51 351
21 357
87 374
14 369
4 317
81 355
65 370
17 378
16 372
40 371
63 313
44 376
18 315
73 364
45 339
38 362
54 366
71 375
80 356
38 375
51 362
