59 249
15 249
44 249
80 249
68 249
18 249
41 249
54 249
66 249
11 249
57 249
38 249
48 249
14 249
29 249
37 249
8 250
1 250
10 250
25 250
2 253
16 253
19 253
28 258
12 258
35 258
4 258
26 252
45 254
61 255
51 255
34 257
64 260
47 260
41 251
40 252
79 254
37 259
78 261
69 261
23 262
31 262
6 260
68 264
44 264
32 265
20 265
27 265
75 266
13 266
21 266
22 266
3 266
43 267
30 267
36 267
14 256
66 269
26 269
50 269
1 270
8 270
24 270
45 270
69 263
42 265
2 265
77 266
65 271
7 271
56 271
62 256
49 268
67 275
57 278
73 279
43 279
77 274
17 258
39 276
62 281
46 282
6 283
47 283
72 278
52 284
27 284
22 273
75 273
63 260
71 285
64 283
35 287
13 273
63 288
76 268
59 280
80 264
75 268
64 291
75 292
49 293
55 279
61 256
67 290
14 281
32 284
14 294
32 295
71 300
65 285
52 279
68 301
73 302
9 250
46 297
3 277
72 304
22 268
78 263
28 287
5 261
39 290
33 275
76 306
69 298
5 298
67 305
64 309
70 260
74 286
23 289
80 301
68 310
66 278
57 304
61 281
19 265
62 296
73 307
59 303
1 282
42 272
22 306
28 298
17 287
35 299
6 291
