0 2967
0 2968
0 2969
0 2970
0 2971
0 2972
0 2973
0 2974
0 2975
0 2976
61 2977
64 2977
0 2978
60 2980
0 2981
2 2982
0 2983
58 2985
86 2985
37 2985
0 2986
46 2987
92 2987
45 2987
56 2988
0 2989
0 2991
0 2995
44 2996
51 2996
97 2998
0 2999
92 3000
0 3001
27 2987
6 3002
50 3003
25 3003
0 3005
67 3006
32 3007
58 3007
17 3008
71 3008
7 3008
0 3009
74 3010
0 3012
34 3014
0 3015
73 3017
36 2985
0 3019
14 3021
0 3023
87 3006
87 3025
0 3026
59 2993
86 2993
0 3028
0 3031
0 3033
0 3035
86 3036
10 3037
0 3038
61 3039
83 2994
0 3040
82 3029
0 3043
26 3044
0 3046
8 3022
77 3050
32 3050
0 3051
62 3053
12 3024
0 3057
85 2980
0 3060
68 3061
0 3063
13 3065
39 3045
44 3066
0 3067
16 3049
59 3050
0 3068
29 3054
99 3037
0 3071
0 3076
97 3077
42 3062
38 3078
0 3079
15 3080
93 2984
0 3081
60 3048
100 3021
0 3082
14 3083
43 3085
70 3070
0 3087
4 3059
0 3092
79 3093
41 3094
95 2998
0 3096
63 3032
76 3064
28 3018
0 3099
0 3102
18 3103
0 3105
31 3073
0 3106
50 3107
53 3042
0 3110
67 3112
0 3113
2 3085
98 3086
70 3086
0 3115
64 3090
73 3091
0 3116
30 3014
34 3117
17 3095
0 3119
6 3120
0 3121
54 3003
4 3003
0 3122
37 3036
86 3114
94 2977
0 3123
22 3072
0 3124
77 3118
0 3125
10 3109
13 3109
0 3126
45 3020
32 3111
0 3127
83 3128
0 3129
75 3011
0 3131
40 2997
25 3077
44 3042
0 3132
11 3066
0 3133
71 3047
90 3100
9 3004
0 3134
24 2990
51 3055
0 3135
0 3136
47 3013
0 3138
23 3016
16 3139
10 3139
13 3139
95 3140
0 3141
0 3142
52 3056
0 3143
56 3088
84 3075
0 3145
44 3137
0 3146
70 3147
0 3148
87 3112
0 3150
0 3152
20 3027
1 2992
86 3153
0 3154
34 3155
69 3078
0 3157
98 3140
70 3140
0 3159
0 3161
38 3128
0 3163
81 3074
0 3165
29 3166
0 3168
12 3120
0 3170
0 3171
0 3172
79 3174
82 3130
0 3175
10 3166
0 3176
6 3139
0 3178
0 3180
5 3104
0 3181
35 3010
100 3089
28 3182
67 3183
19 3058
0 3184
0 3186
64 3187
0 3188
98 3179
0 3189
74 3086
0 3191
0 3192
0 3193
46 3044
9 3044
68 3109
93 3147
0 3194
0 3196
87 3183
0 3197
65 2982
0 3198
75 3169
73 3187
14 3140
0 3199
2 3160
72 3101
0 3200
0 3201
0 3202
37 3185
0 3203
46 3169
0 3204
77 3004
0 3205
0 3206
0 3207
30 3155
66 2996
0 3208
0 3209
0 3210
49 3084
0 3211
0 3212
53 3013
26 3156
0 3213
0 3214
0 3215
57 3069
0 3216
0 3217
96 3030
0 3218
89 3097
0 3219
55 3034
0 3220
0 3221
84 3183
0 3222
0 3223
0 3224
0 3225
0 3226
54 3164
21 2979
0 3227
0 3228
0 3229
8 3149
97 3100
0 3230
0 3231
85 3144
0 3232
13 3167
0 3233
10 3177
0 3234
0 3235
0 3236
0 3237
88 3041
0 3238
100 3147
0 3239
0 3240
31 3151
