61 0.8 0.048 0.752
17 0.8 0.048 0.752
83 0.8 0.048 0.752
61 0.752 0.096 0.656
61 0.656 0.16 0.496
17 0.752 0.16 0.592
83 0.752 0.16 0.592
83 0.592 0.016 0.576
61 0.496 0.016 0.48
83 0.576 0.048 0.528
21 0.8 0.048 0.752
61 0.48 0.048 0.432
83 0.528 0.048 0.48
83 0.48 0.16 0.32
21 0.752 0.16 0.592
21 0.592 0.016 0.576
83 0.32 0.016 0.304
21 0.576 0.048 0.528
83 0.304 0.048 0.256
61 0.432 0.16 0.272
4 0.8 0.048 0.752
10 0.8 0.048 0.752
25 0.8 0.048 0.752
56 0.8 0.048 0.752
88 0.8 0.048 0.752
4 0.752 0.192 0.56
4 0.56 0.16 0.4
10 0.752 0.16 0.592
25 0.752 0.16 0.592
56 0.752 0.16 0.592
88 0.752 0.16 0.592
88 0.592 0.016 0.576
4 0.4 0.016 0.384
88 0.576 0.048 0.528
4 0.384 0.048 0.336
10 0.592 0.048 0.544
56 0.592 0.048 0.544
88 0.528 0.096 0.432
88 0.432 0.16 0.272
4 0.336 0.16 0.176
10 0.544 0.16 0.384
56 0.544 0.16 0.384
33 0.8 0.048 0.752
2 0.8 0.048 0.752
27 0.8 0.048 0.752
53 0.8 0.048 0.752
85 0.8 0.048 0.752
33 0.752 0.192 0.56
33 0.56 0.16 0.4
2 0.752 0.16 0.592
27 0.752 0.16 0.592
53 0.752 0.16 0.592
85 0.752 0.16 0.592
85 0.592 0.016 0.576
33 0.4 0.016 0.384
85 0.576 0.048 0.528
2 0.592 0.048 0.544
27 0.592 0.048 0.544
33 0.384 0.048 0.336
53 0.592 0.048 0.544
85 0.528 0.144 0.384
85 0.384 0.16 0.224
2 0.544 0.16 0.384
27 0.544 0.16 0.384
33 0.336 0.16 0.176
53 0.544 0.16 0.384
71 0.8 0.048 0.752
3 0.8 0.048 0.752
9 0.8 0.048 0.752
35 0.8 0.048 0.752
44 0.8 0.048 0.752
69 0.8 0.048 0.752
71 0.752 0.24 0.512
71 0.512 0.16 0.352
3 0.752 0.16 0.592
3 0.592 0.016 0.576
71 0.352 0.016 0.336
3 0.576 0.048 0.528
9 0.752 0.048 0.704
71 0.336 0.048 0.288
3 0.528 0.048 0.48
3 0.48 0.16 0.32
9 0.704 0.16 0.544
35 0.752 0.16 0.592
44 0.752 0.16 0.592
69 0.752 0.16 0.592
9 0.544 0.16 0.384
71 0.288 0.16 0.128
25 0.665773 0.048 0.617773
4 0.253848 0.048 0.205848
56 0.46238 0.048 0.41438
26 0.8 0.048 0.752
39 0.8 0.048 0.752
52 0.8 0.048 0.752
60 0.8 0.048 0.752
64 0.8 0.048 0.752
26 0.752 0.192 0.56
26 0.56 0.16 0.4
39 0.752 0.16 0.592
52 0.752 0.16 0.592
60 0.752 0.16 0.592
64 0.752 0.16 0.592
64 0.592 0.016 0.576
26 0.4 0.016 0.384
64 0.576 0.048 0.528
26 0.384 0.048 0.336
29 0.8 0.048 0.752
39 0.592 0.048 0.544
52 0.592 0.048 0.544
57 0.8 0.048 0.752
63 0.8 0.048 0.752
68 0.8 0.048 0.752
64 0.528 0.288 0.24
64 0.24 0.16 0.08
26 0.336 0.16 0.176
29 0.752 0.16 0.592
39 0.544 0.16 0.384
52 0.544 0.16 0.384
57 0.752 0.16 0.592
63 0.752 0.16 0.592
68 0.752 0.16 0.592
77 0.8 0.048 0.752
74 0.8 0.048 0.752
77 0.752 0.048 0.704
77 0.704 0.16 0.544
74 0.752 0.16 0.592
74 0.592 0.016 0.576
77 0.544 0.016 0.528
74 0.576 0.048 0.528
62 0.8 0.048 0.752
77 0.528 0.048 0.48
84 0.8 0.048 0.752
74 0.528 0.096 0.432
74 0.432 0.16 0.272
62 0.752 0.16 0.592
77 0.48 0.16 0.32
84 0.752 0.16 0.592
84 0.592 0.016 0.576
74 0.272 0.016 0.256
84 0.576 0.048 0.528
54 0.8 0.048 0.752
59 0.8 0.048 0.752
62 0.592 0.048 0.544
74 0.256 0.048 0.208
84 0.528 0.144 0.384
84 0.384 0.16 0.224
54 0.752 0.16 0.592
59 0.752 0.16 0.592
59 0.592 0.016 0.576
84 0.224 0.016 0.208
59 0.576 0.048 0.528
54 0.592 0.048 0.544
84 0.208 0.048 0.16
59 0.528 0.048 0.48
59 0.48 0.16 0.32
62 0.544 0.16 0.384
74 0.208 0.16 0.048
54 0.544 0.16 0.384
84 0.16 0.16 -8.32667e-17
90 0.8 0.048 0.752
12 0.8 0.048 0.752
15 0.8 0.048 0.752
16 0.8 0.048 0.752
48 0.8 0.048 0.752
90 0.752 0.192 0.56
90 0.56 0.16 0.4
12 0.752 0.16 0.592
15 0.752 0.16 0.592
16 0.752 0.16 0.592
48 0.752 0.16 0.592
48 0.592 0.016 0.576
90 0.4 0.016 0.384
48 0.576 0.048 0.528
12 0.592 0.048 0.544
15 0.592 0.048 0.544
65 0.8 0.048 0.752
66 0.8 0.048 0.752
90 0.384 0.048 0.336
48 0.528 0.192 0.336
48 0.336 0.16 0.176
12 0.544 0.16 0.384
15 0.544 0.16 0.384
65 0.752 0.16 0.592
66 0.752 0.16 0.592
66 0.592 0.016 0.576
48 0.176 0.016 0.16
66 0.576 0.048 0.528
36 0.8 0.048 0.752
48 0.16 0.048 0.112
65 0.592 0.048 0.544
66 0.528 0.096 0.432
66 0.432 0.16 0.272
90 0.336 0.16 0.176
36 0.752 0.16 0.592
48 0.112 0.16 -0.048
65 0.544 0.16 0.384
29 0.667007 0.048 0.619007
39 0.459315 0.048 0.411315
52 0.458479 0.048 0.410479
57 0.66399 0.048 0.61599
63 0.669694 0.048 0.621694
64 0.153245 0.048 0.105245
68 0.669404 0.048 0.621404
29 0.619007 0.144 0.475007
29 0.475007 0.16 0.315007
39 0.411315 0.16 0.251315
52 0.410479 0.16 0.250479
57 0.61599 0.16 0.45599
63 0.621694 0.16 0.461694
64 0.105245 0.16 -0.0547545
68 0.621404 0.16 0.461404
81 0.8 0.048 0.752
40 0.8 0.048 0.752
58 0.8 0.048 0.752
81 0.752 0.096 0.656
81 0.656 0.16 0.496
40 0.752 0.16 0.592
58 0.752 0.16 0.592
58 0.592 0.016 0.576
81 0.496 0.016 0.48
58 0.576 0.048 0.528
81 0.48 0.048 0.432
7 0.8 0.048 0.752
5 0.8 0.048 0.752
17 0.8 0.048 0.752
43 0.8 0.048 0.752
7 0.752 0.144 0.608
7 0.608 0.16 0.448
5 0.752 0.16 0.592
17 0.752 0.16 0.592
17 0.592 0.016 0.576
7 0.448 0.016 0.432
17 0.576 0.048 0.528
5 0.592 0.048 0.544
7 0.432 0.048 0.384
61 0.574082 0.048 0.526082
17 0.528 0.096 0.432
17 0.432 0.16 0.272
43 0.752 0.16 0.592
5 0.544 0.16 0.384
7 0.384 0.16 0.224
61 0.526082 0.16 0.366082
14 0.8 0.048 0.752
19 0.8 0.048 0.752
36 0.739159 0.048 0.691159
14 0.752 0.096 0.656
14 0.656 0.16 0.496
19 0.752 0.16 0.592
36 0.691159 0.16 0.531159
36 0.531159 0.016 0.515159
14 0.496 0.016 0.48
36 0.515159 0.048 0.467159
14 0.48 0.048 0.432
19 0.592 0.048 0.544
65 0.532353 0.048 0.484353
66 0.420023 0.048 0.372023
36 0.467159 0.048 0.419159
36 0.419159 0.16 0.259159
14 0.432 0.16 0.272
19 0.544 0.16 0.384
65 0.484353 0.16 0.324353
66 0.372023 0.16 0.212023
89 0.8 0.048 0.752
22 0.8 0.048 0.752
23 0.8 0.048 0.752
34 0.8 0.048 0.752
38 0.8 0.048 0.752
40 0.736968 0.048 0.688968
46 0.8 0.048 0.752
89 0.752 0.288 0.464
89 0.464 0.16 0.304
22 0.752 0.16 0.592
23 0.752 0.16 0.592
23 0.592 0.016 0.576
89 0.304 0.016 0.288
23 0.576 0.048 0.528
22 0.592 0.048 0.544
34 0.752 0.048 0.704
38 0.752 0.048 0.704
41 0.8 0.048 0.752
46 0.752 0.048 0.704
89 0.288 0.048 0.24
23 0.528 0.24 0.288
23 0.288 0.16 0.128
34 0.704 0.16 0.544
38 0.704 0.16 0.544
40 0.688968 0.16 0.528968
46 0.704 0.16 0.544
22 0.544 0.16 0.384
34 0.544 0.16 0.384
38 0.544 0.16 0.384
41 0.752 0.16 0.592
46 0.544 0.16 0.384
89 0.24 0.16 0.08
21 0.8 0.048 0.752
83 0.629154 0.048 0.581154
15 0.669765 0.048 0.621765
12 0.606153 0.048 0.558153
16 0.8 0.048 0.752
48 0.232067 0.048 0.184067
90 0.471004 0.048 0.423004
15 0.621765 0.096 0.525765
15 0.525765 0.16 0.365765
12 0.558153 0.16 0.398153
16 0.752 0.16 0.592
16 0.592 0.016 0.576
15 0.365765 0.016 0.349765
16 0.576 0.048 0.528
12 0.398153 0.048 0.350153
15 0.349765 0.048 0.301765
90 0.423004 0.048 0.375004
48 0.184067 0.16 0.0240672
90 0.375004 0.16 0.215004
25 0.8 0.048 0.752
4 0.576847 0.048 0.528847
56 0.791897 0.048 0.743897
25 0.752 0.096 0.656
25 0.656 0.16 0.496
4 0.528847 0.16 0.368847
56 0.743897 0.16 0.583897
56 0.583897 0.016 0.567897
25 0.496 0.016 0.48
56 0.567897 0.048 0.519897
4 0.368847 0.048 0.320847
10 0.8 0.048 0.752
25 0.48 0.048 0.432
88 0.720466 0.048 0.672466
56 0.519897 0.048 0.471897
56 0.471897 0.16 0.311897
4 0.320847 0.16 0.160847
10 0.752 0.16 0.592
10 0.592 0.016 0.576
56 0.311897 0.016 0.295897
10 0.576 0.048 0.528
4 0.160847 0.048 0.112847
56 0.295897 0.048 0.247897
88 0.672466 0.048 0.624466
25 0.432 0.16 0.272
88 0.624466 0.16 0.464466
57 0.746423 0.048 0.698423
29 0.612433 0.048 0.564433
39 0.545933 0.048 0.497933
52 0.468095 0.048 0.420095
63 0.694746 0.048 0.646746
64 0.225257 0.048 0.177257
68 0.757164 0.048 0.709164
57 0.698423 0.144 0.554423
57 0.554423 0.16 0.394423
29 0.564433 0.16 0.404433
39 0.497933 0.16 0.337933
52 0.420095 0.16 0.260095
63 0.646746 0.16 0.486746
64 0.177257 0.16 0.0172566
68 0.709164 0.16 0.549164
83 0.736614 0.048 0.688614
21 0.8 0.048 0.752
61 0.669752 0.048 0.621752
83 0.688614 0.048 0.640614
83 0.640614 0.16 0.480614
21 0.752 0.16 0.592
61 0.621752 0.16 0.461752
58 0.8 0.048 0.752
81 0.8 0.048 0.752
21 0.8 0.048 0.752
83 0.704882 0.048 0.656882
65 0.704741 0.048 0.656741
36 0.708538 0.048 0.660538
48 0.398175 0.048 0.350175
66 0.597368 0.048 0.549368
11 0.8 0.048 0.752
13 0.8 0.048 0.752
31 0.8 0.048 0.752
11 0.752 0.096 0.656
11 0.656 0.16 0.496
13 0.752 0.16 0.592
31 0.752 0.16 0.592
31 0.592 0.016 0.576
11 0.496 0.016 0.48
31 0.576 0.048 0.528
11 0.48 0.048 0.432
13 0.592 0.048 0.544
18 0.8 0.048 0.752
20 0.8 0.048 0.752
49 0.8 0.048 0.752
55 0.8 0.048 0.752
67 0.8 0.048 0.752
80 0.8 0.048 0.752
87 0.8 0.048 0.752
31 0.528 0.384 0.144
31 0.144 0.16 -0.016
11 0.432 0.16 0.272
13 0.544 0.16 0.384
18 0.752 0.16 0.592
20 0.752 0.16 0.592
49 0.752 0.16 0.592
49 0.592 0.016 0.576
31 0 0.016 -0.016
49 0.576 0.048 0.528
18 0.592 0.048 0.544
20 0.592 0.048 0.544
31 0 0.048 -0.048
55 0.752 0.048 0.704
67 0.752 0.048 0.704
80 0.752 0.048 0.704
87 0.752 0.048 0.704
49 0.528 0.288 0.24
49 0.24 0.16 0.08
55 0.704 0.16 0.544
67 0.704 0.16 0.544
80 0.704 0.16 0.544
87 0.704 0.16 0.544
18 0.544 0.16 0.384
20 0.544 0.16 0.384
31 0 0.16 -0.16
55 0.544 0.16 0.384
67 0.544 0.16 0.384
80 0.544 0.16 0.384
87 0.544 0.16 0.384
18 0.460101 0.048 0.412101
1 0.8 0.048 0.752
20 0.384 0.048 0.336
31 0 0.048 -0.048
49 0.08 0.048 0.032
55 0.384 0.048 0.336
67 0.384 0.048 0.336
80 0.384 0.048 0.336
87 0.459497 0.048 0.411497
18 0.412101 0.048 0.364101
18 0.364101 0.16 0.204101
1 0.752 0.16 0.592
1 0.592 0.016 0.576
18 0.204101 0.016 0.188101
1 0.576 0.048 0.528
18 0.188101 0.048 0.140101
20 0.336 0.048 0.288
55 0.336 0.048 0.288
67 0.336 0.048 0.288
80 0.336 0.048 0.288
87 0.411497 0.048 0.363497
20 0.288 0.16 0.128
31 0 0.16 -0.16
49 0.032 0.16 -0.128
55 0.288 0.16 0.128
67 0.288 0.16 0.128
80 0.288 0.16 0.128
87 0.363497 0.16 0.203497
16 0.8 0.048 0.752
12 0.718951 0.048 0.670951
15 0.681962 0.048 0.633962
90 0.596007 0.048 0.548007
16 0.752 0.096 0.656
16 0.656 0.16 0.496
12 0.670951 0.16 0.510951
15 0.633962 0.16 0.473962
90 0.548007 0.16 0.388007
10 0.8 0.048 0.752
56 0.621846 0.048 0.573846
88 0.8 0.048 0.752
13 0.535141 0.048 0.487141
11 0.414824 0.048 0.366824
31 0.0729082 0.048 0.0249082
28 0.8 0.048 0.752
30 0.8 0.048 0.752
32 0.8 0.048 0.752
37 0.8 0.048 0.752
45 0.8 0.048 0.752
76 0.8 0.048 0.752
78 0.8 0.048 0.752
79 0.8 0.048 0.752
28 0.752 0.336 0.416
28 0.416 0.16 0.256
30 0.752 0.16 0.592
32 0.752 0.16 0.592
37 0.752 0.16 0.592
45 0.752 0.16 0.592
45 0.592 0.016 0.576
28 0.256 0.016 0.24
45 0.576 0.048 0.528
28 0.24 0.048 0.192
30 0.592 0.048 0.544
32 0.592 0.048 0.544
37 0.592 0.048 0.544
76 0.752 0.048 0.704
78 0.752 0.048 0.704
79 0.752 0.048 0.704
45 0.528 0.288 0.24
45 0.24 0.16 0.08
76 0.704 0.16 0.544
78 0.704 0.16 0.544
79 0.704 0.16 0.544
28 0.192 0.16 0.032
30 0.544 0.16 0.384
32 0.544 0.16 0.384
37 0.544 0.16 0.384
76 0.544 0.16 0.384
78 0.544 0.16 0.384
79 0.544 0.16 0.384
37 0.384 0.048 0.336
28 0.107017 0.048 0.0590166
30 0.384 0.048 0.336
32 0.384 0.048 0.336
45 0.08 0.048 0.032
76 0.384 0.048 0.336
78 0.384 0.048 0.336
79 0.384 0.048 0.336
56 0.647257 0.048 0.599257
4 0.5665 0.048 0.5185
25 0.730724 0.048 0.682724
88 0.8 0.048 0.752
56 0.599257 0.096 0.503257
56 0.503257 0.16 0.343257
4 0.5185 0.16 0.3585
25 0.682724 0.16 0.522724
25 0.522724 0.016 0.506724
56 0.343257 0.016 0.327257
25 0.506724 0.048 0.458724
4 0.3585 0.048 0.3105
56 0.327257 0.048 0.279257
88 0.752 0.048 0.704
88 0.704 0.16 0.544
70 0.8 0.048 0.752
50 0.8 0.048 0.752
75 0.8 0.048 0.752
70 0.752 0.096 0.656
70 0.656 0.16 0.496
50 0.752 0.16 0.592
75 0.752 0.16 0.592
75 0.592 0.016 0.576
70 0.496 0.016 0.48
75 0.576 0.048 0.528
42 0.8 0.048 0.752
70 0.48 0.048 0.432
75 0.528 0.048 0.48
75 0.48 0.16 0.32
42 0.752 0.16 0.592
42 0.592 0.016 0.576
75 0.32 0.016 0.304
42 0.576 0.048 0.528
75 0.304 0.048 0.256
70 0.432 0.16 0.272
58 0.8 0.048 0.752
81 0.8 0.048 0.752
54 0.8 0.048 0.752
59 0.8 0.048 0.752
84 0.8 0.048 0.752
54 0.752 0.048 0.704
54 0.704 0.16 0.544
59 0.752 0.16 0.592
84 0.752 0.16 0.592
84 0.592 0.016 0.576
54 0.544 0.016 0.528
84 0.576 0.048 0.528
54 0.528 0.048 0.48
59 0.592 0.048 0.544
62 0.8 0.048 0.752
84 0.528 0.048 0.48
84 0.48 0.16 0.32
54 0.48 0.16 0.32
59 0.544 0.16 0.384
62 0.752 0.16 0.592
62 0.592 0.016 0.576
84 0.32 0.016 0.304
62 0.576 0.048 0.528
74 0.8 0.048 0.752
77 0.8 0.048 0.752
84 0.304 0.048 0.256
62 0.528 0.096 0.432
62 0.432 0.16 0.272
74 0.752 0.16 0.592
77 0.752 0.16 0.592
77 0.592 0.016 0.576
62 0.272 0.016 0.256
77 0.576 0.048 0.528
62 0.256 0.048 0.208
74 0.592 0.048 0.544
77 0.528 0.048 0.48
77 0.48 0.16 0.32
84 0.256 0.16 0.096
62 0.208 0.16 0.048
74 0.544 0.16 0.384
43 0.8 0.048 0.752
5 0.8 0.048 0.752
7 0.8 0.048 0.752
43 0.752 0.096 0.656
43 0.656 0.16 0.496
5 0.752 0.16 0.592
7 0.752 0.16 0.592
7 0.592 0.016 0.576
43 0.496 0.016 0.48
7 0.576 0.048 0.528
5 0.592 0.048 0.544
17 0.8 0.048 0.752
43 0.48 0.048 0.432
7 0.528 0.048 0.48
7 0.48 0.16 0.32
5 0.544 0.16 0.384
17 0.752 0.16 0.592
43 0.432 0.16 0.272
30 0.47685 0.048 0.42885
28 0.205905 0.048 0.157905
32 0.487057 0.048 0.439057
37 0.478756 0.048 0.430756
45 0.185175 0.048 0.137175
76 0.479409 0.048 0.431409
78 0.487094 0.048 0.439094
79 0.481913 0.048 0.433913
47 0.8 0.048 0.752
82 0.8 0.048 0.752
86 0.8 0.048 0.752
47 0.752 0.096 0.656
47 0.656 0.16 0.496
82 0.752 0.16 0.592
86 0.752 0.16 0.592
86 0.592 0.016 0.576
47 0.496 0.016 0.48
86 0.576 0.048 0.528
47 0.48 0.048 0.432
51 0.8 0.048 0.752
82 0.592 0.048 0.544
86 0.528 0.096 0.432
86 0.432 0.16 0.272
47 0.432 0.16 0.272
51 0.752 0.16 0.592
82 0.544 0.16 0.384
24 0.8 0.048 0.752
8 0.8 0.048 0.752
24 0.752 0.048 0.704
24 0.704 0.16 0.544
8 0.752 0.16 0.592
8 0.592 0.016 0.576
24 0.544 0.016 0.528
8 0.576 0.048 0.528
24 0.528 0.048 0.48
21 0.8 0.048 0.752
47 0.272 0.048 0.224
82 0.384 0.048 0.336
83 0.8 0.048 0.752
65 0.8 0.048 0.752
36 0.8 0.048 0.752
48 0.724614 0.048 0.676614
66 0.8 0.048 0.752
90 0.686886 0.048 0.638886
65 0.752 0.096 0.656
65 0.656 0.16 0.496
36 0.752 0.16 0.592
48 0.676614 0.16 0.516614
66 0.752 0.16 0.592
90 0.638886 0.16 0.478886
1 0.8 0.048 0.752
2 0.8 0.048 0.752
18 0.502845 0.048 0.454845
20 0.510706 0.048 0.462706
49 0.374882 0.048 0.326882
55 0.49338 0.048 0.44538
67 0.499337 0.048 0.451337
80 0.501596 0.048 0.453596
87 0.578724 0.048 0.530724
1 0.752 0.096 0.656
1 0.656 0.16 0.496
2 0.752 0.16 0.592
18 0.454845 0.16 0.294845
20 0.462706 0.16 0.302706
49 0.326882 0.16 0.166882
55 0.44538 0.16 0.28538
67 0.451337 0.16 0.291337
80 0.453596 0.16 0.293596
87 0.530724 0.16 0.370724
75 0.482471 0.048 0.434471
42 0.756408 0.048 0.708408
50 0.8 0.048 0.752
70 0.502226 0.048 0.454226
75 0.434471 0.048 0.386471
75 0.386471 0.16 0.226471
42 0.708408 0.16 0.548408
50 0.752 0.16 0.592
50 0.592 0.016 0.576
75 0.226471 0.016 0.210471
50 0.576 0.048 0.528
70 0.454226 0.048 0.406226
75 0.210471 0.048 0.162471
70 0.406226 0.16 0.246226
51 0.667063 0.048 0.619063
42 0.548408 0.048 0.500408
86 0.347683 0.048 0.299683
69 0.8 0.048 0.752
35 0.8 0.048 0.752
44 0.8 0.048 0.752
71 0.8 0.048 0.752
69 0.752 0.144 0.608
69 0.608 0.16 0.448
35 0.752 0.16 0.592
44 0.752 0.16 0.592
44 0.592 0.016 0.576
69 0.448 0.016 0.432
44 0.576 0.048 0.528
35 0.592 0.048 0.544
69 0.432 0.048 0.384
71 0.752 0.048 0.704
44 0.528 0.096 0.432
44 0.432 0.16 0.272
71 0.704 0.16 0.544
35 0.544 0.16 0.384
69 0.384 0.16 0.224
71 0.544 0.16 0.384
10 0.8 0.048 0.752
4 0.605582 0.048 0.557582
56 0.572641 0.048 0.524641
88 0.8 0.048 0.752
10 0.752 0.048 0.704
10 0.704 0.16 0.544
4 0.557582 0.16 0.397582
56 0.524641 0.16 0.364641
88 0.752 0.16 0.592
13 0.8 0.048 0.752
11 0.747343 0.048 0.699343
31 0.39884 0.048 0.35084
13 0.752 0.048 0.704
13 0.704 0.16 0.544
11 0.699343 0.16 0.539343
11 0.539343 0.016 0.523343
13 0.544 0.016 0.528
11 0.523343 0.048 0.475343
13 0.528 0.048 0.48
31 0.35084 0.048 0.30284
31 0.30284 0.16 0.14284
37 0.658232 0.048 0.610232
28 0.376847 0.048 0.328847
30 0.650888 0.048 0.602888
32 0.658574 0.048 0.610574
45 0.371364 0.048 0.323364
76 0.657112 0.048 0.609112
78 0.66662 0.048 0.61862
79 0.654232 0.048 0.606232
37 0.610232 0.192 0.418232
37 0.418232 0.16 0.258232
28 0.328847 0.16 0.168847
30 0.602888 0.16 0.442888
32 0.610574 0.16 0.450574
45 0.323364 0.16 0.163364
76 0.609112 0.16 0.449112
78 0.61862 0.16 0.45862
79 0.606232 0.16 0.446232
79 0.446232 0.048 0.398232
28 0.168847 0.048 0.120847
30 0.442888 0.048 0.394888
32 0.450574 0.048 0.402574
37 0.258232 0.048 0.210232
45 0.163364 0.048 0.115364
76 0.449112 0.048 0.401112
78 0.45862 0.048 0.41062
25 0.8 0.048 0.752
4 0.470626 0.048 0.422626
10 0.615246 0.048 0.567246
56 0.437043 0.048 0.389043
88 0.667208 0.048 0.619208
63 0.8 0.048 0.752
29 0.8 0.048 0.752
52 0.8 0.048 0.752
57 0.8 0.048 0.752
68 0.8 0.048 0.752
63 0.752 0.096 0.656
63 0.656 0.16 0.496
29 0.752 0.16 0.592
52 0.752 0.16 0.592
57 0.752 0.16 0.592
68 0.752 0.16 0.592
68 0.592 0.016 0.576
63 0.496 0.016 0.48
68 0.576 0.048 0.528
29 0.592 0.048 0.544
52 0.592 0.048 0.544
57 0.592 0.048 0.544
63 0.48 0.048 0.432
64 0.8 0.048 0.752
68 0.528 0.048 0.48
68 0.48 0.16 0.32
29 0.544 0.16 0.384
52 0.544 0.16 0.384
57 0.544 0.16 0.384
63 0.432 0.16 0.272
64 0.752 0.16 0.592
42 0.652472 0.048 0.604472
51 0.770569 0.048 0.722569
75 0.306164 0.048 0.258164
58 0.8 0.048 0.752
81 0.8 0.048 0.752
22 0.8 0.048 0.752
23 0.8 0.048 0.752
34 0.8 0.048 0.752
38 0.8 0.048 0.752
41 0.8 0.048 0.752
46 0.8 0.048 0.752
89 0.8 0.048 0.752
22 0.752 0.24 0.512
22 0.512 0.16 0.352
23 0.752 0.16 0.592
34 0.752 0.16 0.592
34 0.592 0.016 0.576
22 0.352 0.016 0.336
34 0.576 0.048 0.528
22 0.336 0.048 0.288
23 0.592 0.048 0.544
41 0.752 0.048 0.704
46 0.752 0.048 0.704
34 0.528 0.096 0.432
34 0.432 0.16 0.272
38 0.752 0.16 0.592
41 0.704 0.16 0.544
46 0.704 0.16 0.544
89 0.752 0.16 0.592
22 0.288 0.16 0.128
23 0.544 0.16 0.384
41 0.544 0.16 0.384
46 0.544 0.16 0.384
30 0.540562 0.048 0.492562
28 0.266087 0.048 0.218087
32 0.555776 0.048 0.507776
37 0.356 0.048 0.308
45 0.261441 0.048 0.213441
76 0.557635 0.048 0.509635
78 0.559972 0.048 0.511972
79 0.543371 0.048 0.495371
30 0.492562 0.144 0.348562
30 0.348562 0.16 0.188562
28 0.218087 0.16 0.0580872
32 0.507776 0.16 0.347776
37 0.308 0.16 0.148
45 0.213441 0.16 0.0534409
76 0.509635 0.16 0.349635
78 0.511972 0.16 0.351972
79 0.495371 0.16 0.335371
5 0.8 0.048 0.752
7 0.703191 0.048 0.655191
17 0.8 0.048 0.752
43 0.646979 0.048 0.598979
5 0.752 0.048 0.704
5 0.704 0.16 0.544
7 0.655191 0.16 0.495191
17 0.752 0.16 0.592
43 0.598979 0.16 0.438979
12 0.8 0.048 0.752
15 0.8 0.048 0.752
16 0.8 0.048 0.752
48 0.8 0.048 0.752
90 0.8 0.048 0.752
12 0.752 0.144 0.608
12 0.608 0.16 0.448
15 0.752 0.16 0.592
16 0.752 0.16 0.592
48 0.752 0.16 0.592
48 0.592 0.016 0.576
12 0.448 0.016 0.432
48 0.576 0.048 0.528
12 0.432 0.048 0.384
15 0.592 0.048 0.544
65 0.8 0.048 0.752
66 0.8 0.048 0.752
90 0.752 0.048 0.704
48 0.528 0.096 0.432
48 0.432 0.16 0.272
90 0.704 0.16 0.544
12 0.384 0.16 0.224
15 0.544 0.16 0.384
65 0.752 0.16 0.592
66 0.752 0.16 0.592
90 0.544 0.16 0.384
6 0.8 0.048 0.752
14 0.8 0.048 0.752
6 0.752 0.048 0.704
6 0.704 0.16 0.544
14 0.752 0.16 0.592
14 0.592 0.016 0.576
6 0.544 0.016 0.528
14 0.576 0.048 0.528
6 0.528 0.048 0.48
19 0.8 0.048 0.752
14 0.528 0.048 0.48
14 0.48 0.16 0.32
6 0.48 0.16 0.32
19 0.752 0.16 0.592
19 0.592 0.016 0.576
14 0.32 0.016 0.304
19 0.576 0.048 0.528
14 0.304 0.048 0.256
36 0.8 0.048 0.752
8 0.8 0.048 0.752
24 0.8 0.048 0.752
28 0.0580872 0.048 0.0100872
21 0.8 0.048 0.752
83 0.8 0.048 0.752
50 0.8 0.048 0.752
70 0.615859 0.048 0.567859
75 0.47991 0.048 0.43191
50 0.752 0.048 0.704
50 0.704 0.16 0.544
70 0.567859 0.16 0.407859
75 0.43191 0.16 0.27191
51 0.8 0.048 0.752
42 0.8 0.048 0.752
86 0.675874 0.048 0.627874
40 0.8 0.048 0.752
23 0.602478 0.048 0.554478
38 0.8 0.048 0.752
46 0.599814 0.048 0.551814
81 0.8 0.048 0.752
89 0.8 0.048 0.752
40 0.752 0.192 0.56
40 0.56 0.16 0.4
23 0.554478 0.16 0.394478
38 0.752 0.16 0.592
46 0.551814 0.16 0.391814
81 0.752 0.16 0.592
89 0.752 0.16 0.592
89 0.592 0.016 0.576
40 0.4 0.016 0.384
89 0.576 0.048 0.528
22 0.354578 0.048 0.306578
23 0.394478 0.048 0.346478
38 0.592 0.048 0.544
40 0.384 0.048 0.336
46 0.391814 0.048 0.343814
89 0.528 0.048 0.48
89 0.48 0.16 0.32
22 0.306578 0.16 0.146578
23 0.346478 0.16 0.186478
38 0.544 0.16 0.384
40 0.336 0.16 0.176
46 0.343814 0.16 0.183814
11 0.8 0.048 0.752
13 0.8 0.048 0.752
31 0.518829 0.048 0.470829
41 0.611558 0.048 0.563558
22 0.146578 0.048 0.0985779
23 0.186478 0.048 0.138478
34 0.569263 0.048 0.521263
46 0.183814 0.048 0.135814
79 0.564525 0.048 0.516525
28 0.228382 0.048 0.180382
30 0.413351 0.048 0.365351
32 0.578657 0.048 0.530657
37 0.37489 0.048 0.32689
45 0.275577 0.048 0.227577
76 0.576921 0.048 0.528921
78 0.586781 0.048 0.538781
79 0.516525 0.144 0.372525
79 0.372525 0.16 0.212525
28 0.180382 0.16 0.0203817
30 0.365351 0.16 0.205351
32 0.530657 0.16 0.370657
37 0.32689 0.16 0.16689
45 0.227577 0.16 0.0675771
76 0.528921 0.16 0.368921
78 0.538781 0.16 0.378781
25 0.8 0.048 0.752
4 0.8 0.048 0.752
10 0.8 0.048 0.752
56 0.757998 0.048 0.709998
88 0.8 0.048 0.752
25 0.752 0.048 0.704
25 0.704 0.16 0.544
4 0.752 0.16 0.592
4 0.592 0.016 0.576
25 0.544 0.016 0.528
4 0.576 0.048 0.528
10 0.752 0.048 0.704
25 0.528 0.048 0.48
56 0.709998 0.048 0.661998
88 0.752 0.048 0.704
10 0.704 0.16 0.544
56 0.661998 0.16 0.501998
88 0.704 0.16 0.544
2 0.8 0.048 0.752
1 0.8 0.048 0.752
27 0.8 0.048 0.752
33 0.8 0.048 0.752
85 0.8 0.048 0.752
2 0.752 0.096 0.656
2 0.656 0.16 0.496
1 0.752 0.16 0.592
27 0.752 0.16 0.592
33 0.752 0.16 0.592
33 0.592 0.016 0.576
2 0.496 0.016 0.48
33 0.576 0.048 0.528
2 0.48 0.048 0.432
27 0.592 0.048 0.544
53 0.8 0.048 0.752
85 0.752 0.048 0.704
33 0.528 0.096 0.432
33 0.432 0.16 0.272
85 0.704 0.16 0.544
2 0.432 0.16 0.272
27 0.544 0.16 0.384
53 0.752 0.16 0.592
53 0.592 0.016 0.576
33 0.272 0.016 0.256
53 0.576 0.048 0.528
27 0.384 0.048 0.336
33 0.256 0.048 0.208
85 0.544 0.048 0.496
85 0.496 0.16 0.336
31 0.550264 0.048 0.502264
11 0.752 0.048 0.704
18 0.8 0.048 0.752
20 0.8 0.048 0.752
49 0.698318 0.048 0.650318
55 0.8 0.048 0.752
67 0.8 0.048 0.752
80 0.8 0.048 0.752
31 0.502264 0.24 0.262264
31 0.262264 0.16 0.102264
11 0.704 0.16 0.544
18 0.752 0.16 0.592
18 0.592 0.016 0.576
31 0.102264 0.016 0.0862643
18 0.576 0.048 0.528
1 0.592 0.048 0.544
20 0.752 0.048 0.704
31 0.0862643 0.048 0.0382643
49 0.650318 0.048 0.602318
55 0.752 0.048 0.704
67 0.752 0.048 0.704
80 0.752 0.048 0.704
87 0.8 0.048 0.752
18 0.528 0.24 0.288
18 0.288 0.16 0.128
20 0.704 0.16 0.544
49 0.602318 0.16 0.442318
55 0.704 0.16 0.544
67 0.704 0.16 0.544
80 0.704 0.16 0.544
1 0.544 0.16 0.384
20 0.544 0.16 0.384
31 0.0382643 0.16 -0.121736
49 0.442318 0.16 0.282318
55 0.544 0.16 0.384
67 0.544 0.16 0.384
80 0.544 0.16 0.384
87 0.752 0.16 0.592
42 0.8 0.048 0.752
51 0.8 0.048 0.752
75 0.419353 0.048 0.371353
58 0.8 0.048 0.752
81 0.740501 0.048 0.692501
60 0.8 0.048 0.752
26 0.8 0.048 0.752
60 0.752 0.096 0.656
60 0.656 0.16 0.496
60 0.496 0.016 0.48
26 0.752 0.16 0.592
87 0.74255 0.048 0.69455
1 0.53044 0.048 0.48244
18 0.203879 0.048 0.155879
20 0.532795 0.048 0.484795
31 0.148699 0.048 0.100699
49 0.422384 0.048 0.374384
55 0.540947 0.048 0.492947
67 0.527685 0.048 0.479685
80 0.537844 0.048 0.489844
19 0.8 0.048 0.752
14 0.634355 0.048 0.586355
36 0.8 0.048 0.752
8 0.8 0.048 0.752
24 0.8 0.048 0.752
28 0.162687 0.048 0.114687
45 0.292389 0.048 0.244389
21 0.8 0.048 0.752
82 0.8 0.048 0.752
83 0.8 0.048 0.752
21 0.752 0.048 0.704
21 0.704 0.16 0.544
82 0.752 0.16 0.592
82 0.592 0.016 0.576
21 0.544 0.016 0.528
82 0.576 0.048 0.528
21 0.528 0.048 0.48
47 0.8 0.048 0.752
82 0.528 0.048 0.48
82 0.48 0.16 0.32
83 0.752 0.16 0.592
21 0.48 0.16 0.32
47 0.752 0.16 0.592
47 0.592 0.016 0.576
82 0.32 0.016 0.304
47 0.576 0.048 0.528
82 0.304 0.048 0.256
86 0.8 0.048 0.752
78 0.593708 0.048 0.545708
28 0.194545 0.048 0.146545
30 0.429274 0.048 0.381274
32 0.60242 0.048 0.55442
37 0.468212 0.048 0.420212
45 0.244389 0.048 0.196389
76 0.588122 0.048 0.540122
79 0.436217 0.048 0.388217
78 0.545708 0.096 0.449708
78 0.449708 0.16 0.289708
28 0.146545 0.16 -0.013455
30 0.381274 0.16 0.221274
32 0.55442 0.16 0.39442
37 0.420212 0.16 0.260212
45 0.196389 0.16 0.036389
76 0.540122 0.16 0.380122
79 0.388217 0.16 0.228217
51 0.8 0.048 0.752
42 0.8 0.048 0.752
86 0.8 0.048 0.752
15 0.8 0.048 0.752
12 0.754835 0.048 0.706835
16 0.8 0.048 0.752
48 0.8 0.048 0.752
90 0.8 0.048 0.752
15 0.752 0.096 0.656
15 0.656 0.16 0.496
12 0.706835 0.16 0.546835
16 0.752 0.16 0.592
48 0.752 0.16 0.592
90 0.752 0.16 0.592
90 0.592 0.016 0.576
15 0.496 0.016 0.48
90 0.576 0.048 0.528
12 0.546835 0.048 0.498835
15 0.48 0.048 0.432
16 0.592 0.048 0.544
48 0.592 0.048 0.544
65 0.8 0.048 0.752
66 0.8 0.048 0.752
90 0.528 0.048 0.48
90 0.48 0.16 0.32
12 0.498835 0.16 0.338835
15 0.432 0.16 0.272
16 0.544 0.16 0.384
48 0.544 0.16 0.384
65 0.752 0.16 0.592
66 0.752 0.16 0.592
67 0.635834 0.048 0.587834
1 0.638787 0.048 0.590787
18 0.307092 0.048 0.259092
20 0.634822 0.048 0.586822
31 0.174709 0.048 0.126709
49 0.522493 0.048 0.474493
55 0.642213 0.048 0.594213
80 0.562389 0.048 0.514389
87 0.8 0.048 0.752
67 0.587834 0.144 0.443834
67 0.443834 0.16 0.283834
1 0.590787 0.16 0.430787
18 0.259092 0.16 0.0990922
20 0.586822 0.16 0.426822
31 0.126709 0.16 -0.0332908
49 0.474493 0.16 0.314493
55 0.594213 0.16 0.434213
80 0.514389 0.16 0.354389
87 0.752 0.16 0.592
11 0.8 0.048 0.752
13 0.8 0.048 0.752
41 0.8 0.048 0.752
22 0.475852 0.048 0.427852
23 0.511872 0.048 0.463872
34 0.8 0.048 0.752
46 0.505633 0.048 0.457633
33 0.581282 0.048 0.533282
27 0.630521 0.048 0.582521
53 0.8 0.048 0.752
85 0.69741 0.048 0.64941
33 0.533282 0.096 0.437282
33 0.437282 0.16 0.277282
33 0.277282 0.016 0.261282
27 0.582521 0.16 0.422521
53 0.752 0.16 0.592
85 0.64941 0.16 0.48941
4 0.8 0.048 0.752
10 0.8 0.048 0.752
25 0.8 0.048 0.752
56 0.8 0.048 0.752
88 0.8 0.048 0.752
53 0.592 0.048 0.544
27 0.494596 0.048 0.446596
33 0.261282 0.048 0.213282
85 0.48941 0.048 0.44141
53 0.544 0.048 0.496
53 0.496 0.16 0.336
53 0.336 0.016 0.32
27 0.446596 0.16 0.286596
33 0.213282 0.16 0.0532817
85 0.44141 0.16 0.28141
42 0.8 0.048 0.752
51 0.8 0.048 0.752
70 0.8 0.048 0.752
75 0.741585 0.048 0.693585
76 0.607093 0.048 0.559093
28 0.146059 0.048 0.0980589
30 0.372623 0.048 0.324623
32 0.621187 0.048 0.573187
37 0.415696 0.048 0.367696
45 0.257779 0.048 0.209779
78 0.438376 0.048 0.390376
79 0.387452 0.048 0.339452
76 0.559093 0.048 0.511093
76 0.511093 0.16 0.351093
28 0.0980589 0.16 -0.0619411
30 0.324623 0.16 0.164623
32 0.573187 0.16 0.413187
37 0.367696 0.16 0.207696
45 0.209779 0.16 0.0497785
78 0.390376 0.16 0.230376
79 0.339452 0.16 0.179452
72 0.8 0.048 0.752
58 0.8 0.048 0.752
81 0.8 0.048 0.752
9 0.8 0.048 0.752
3 0.8 0.048 0.752
44 0.8 0.048 0.752
71 0.8 0.048 0.752
9 0.752 0.048 0.704
9 0.704 0.16 0.544
3 0.752 0.16 0.592
44 0.752 0.16 0.592
71 0.752 0.16 0.592
71 0.592 0.016 0.576
9 0.544 0.016 0.528
71 0.576 0.048 0.528
3 0.592 0.048 0.544
9 0.528 0.048 0.48
35 0.8 0.048 0.752
44 0.592 0.048 0.544
69 0.8 0.048 0.752
71 0.528 0.096 0.432
71 0.432 0.16 0.272
3 0.544 0.16 0.384
9 0.48 0.16 0.32
35 0.752 0.16 0.592
44 0.544 0.16 0.384
69 0.752 0.16 0.592
69 0.592 0.016 0.576
71 0.272 0.016 0.256
69 0.576 0.048 0.528
35 0.592 0.048 0.544
44 0.384 0.048 0.336
71 0.256 0.048 0.208
69 0.528 0.048 0.48
69 0.48 0.16 0.32
35 0.544 0.16 0.384
44 0.336 0.16 0.176
71 0.208 0.16 0.048
84 0.8 0.048 0.752
54 0.8 0.048 0.752
59 0.8 0.048 0.752
62 0.8 0.048 0.752
84 0.752 0.096 0.656
84 0.656 0.16 0.496
54 0.752 0.16 0.592
59 0.752 0.16 0.592
62 0.752 0.16 0.592
62 0.592 0.016 0.576
84 0.496 0.016 0.48
62 0.576 0.048 0.528
74 0.8 0.048 0.752
84 0.48 0.048 0.432
62 0.528 0.048 0.48
62 0.48 0.16 0.32
74 0.752 0.16 0.592
74 0.592 0.016 0.576
62 0.32 0.016 0.304
74 0.576 0.048 0.528
62 0.304 0.048 0.256
77 0.8 0.048 0.752
84 0.432 0.16 0.272
87 0.8 0.048 0.752
1 0.658986 0.048 0.610986
18 0.321845 0.048 0.273845
20 0.651397 0.048 0.603397
31 0.305562 0.048 0.257562
49 0.541682 0.048 0.493682
55 0.661722 0.048 0.613722
67 0.508377 0.048 0.460377
80 0.652524 0.048 0.604524
87 0.752 0.192 0.56
87 0.56 0.16 0.4
87 0.4 0.016 0.384
1 0.610986 0.16 0.450986
18 0.273845 0.16 0.113845
20 0.603397 0.16 0.443397
31 0.257562 0.16 0.0975621
49 0.493682 0.16 0.333682
55 0.613722 0.16 0.453722
67 0.460377 0.16 0.300377
80 0.604524 0.16 0.444524
19 0.8 0.048 0.752
14 0.8 0.048 0.752
36 0.8 0.048 0.752
8 0.8 0.048 0.752
24 0.8 0.048 0.752
28 0.146794 0.048 0.0987941
45 0.19924 0.048 0.15124
47 0.8 0.048 0.752
82 0.641303 0.048 0.593303
86 0.8 0.048 0.752
35 0.531243 0.048 0.483243
44 0.324906 0.048 0.276906
69 0.391099 0.048 0.343099
71 0.199504 0.048 0.151504
51 0.8 0.048 0.752
42 0.8 0.048 0.752
14 0.8 0.048 0.752
6 0.8 0.048 0.752
19 0.8 0.048 0.752
36 0.8 0.048 0.752
14 0.752 0.048 0.704
14 0.704 0.16 0.544
6 0.752 0.16 0.592
6 0.592 0.016 0.576
14 0.544 0.016 0.528
6 0.576 0.048 0.528
14 0.528 0.048 0.48
19 0.752 0.16 0.592
36 0.752 0.16 0.592
11 0.8 0.048 0.752
13 0.8 0.048 0.752
11 0.752 0.048 0.704
11 0.704 0.16 0.544
11 0.544 0.016 0.528
13 0.752 0.16 0.592
41 0.8 0.048 0.752
22 0.799074 0.048 0.751074
23 0.8 0.048 0.752
34 0.8 0.048 0.752
41 0.752 0.048 0.704
41 0.704 0.16 0.544
22 0.751074 0.16 0.591074
22 0.591074 0.016 0.575074
41 0.544 0.016 0.528
22 0.575074 0.048 0.527074
23 0.752 0.048 0.704
34 0.752 0.048 0.704
38 0.8 0.048 0.752
41 0.528 0.048 0.48
46 0.8 0.048 0.752
89 0.8 0.048 0.752
22 0.527074 0.096 0.431074
22 0.431074 0.16 0.271074
23 0.704 0.16 0.544
34 0.704 0.16 0.544
23 0.544 0.16 0.384
34 0.544 0.16 0.384
38 0.752 0.16 0.592
41 0.48 0.16 0.32
46 0.752 0.16 0.592
46 0.592 0.016 0.576
22 0.271074 0.016 0.255074
46 0.576 0.048 0.528
22 0.255074 0.048 0.207074
23 0.384 0.048 0.336
34 0.384 0.048 0.336
38 0.592 0.048 0.544
40 0.8 0.048 0.752
89 0.752 0.048 0.704
46 0.528 0.096 0.432
46 0.432 0.16 0.272
89 0.704 0.16 0.544
22 0.207074 0.16 0.0470738
23 0.336 0.16 0.176
34 0.336 0.16 0.176
38 0.544 0.16 0.384
40 0.752 0.16 0.592
40 0.592 0.016 0.576
46 0.272 0.016 0.256
40 0.576 0.048 0.528
38 0.384 0.048 0.336
46 0.256 0.048 0.208
81 0.8 0.048 0.752
89 0.544 0.048 0.496
40 0.528 0.048 0.48
40 0.48 0.16 0.32
89 0.496 0.16 0.336
38 0.336 0.16 0.176
46 0.208 0.16 0.048
81 0.752 0.16 0.592
81 0.592 0.016 0.576
40 0.32 0.016 0.304
81 0.576 0.048 0.528
40 0.304 0.048 0.256
58 0.8 0.048 0.752
89 0.336 0.16 0.176
62 0.4742 0.048 0.4262
74 0.8 0.048 0.752
77 0.8 0.048 0.752
4 0.8 0.048 0.752
10 0.8 0.048 0.752
25 0.8 0.048 0.752
56 0.8 0.048 0.752
88 0.8 0.048 0.752
42 0.8 0.048 0.752
70 0.8 0.048 0.752
75 0.8 0.048 0.752
72 0.8 0.048 0.752
58 0.8 0.048 0.752
81 0.607135 0.048 0.559135
21 0.8 0.048 0.752
82 0.8 0.048 0.752
83 0.8 0.048 0.752
21 0.752 0.048 0.704
21 0.704 0.16 0.544
82 0.752 0.16 0.592
82 0.592 0.016 0.576
21 0.544 0.016 0.528
82 0.576 0.048 0.528
21 0.528 0.048 0.48
47 0.8 0.048 0.752
86 0.8 0.048 0.752
83 0.752 0.16 0.592
61 0.8 0.048 0.752
17 0.8 0.048 0.752
83 0.592 0.048 0.544
74 0.8 0.048 0.752
62 0.576869 0.048 0.528869
77 0.8 0.048 0.752
73 0.8 0.048 0.752
25 0.8 0.048 0.752
73 0.752 0.048 0.704
73 0.704 0.16 0.544
25 0.752 0.16 0.592
25 0.592 0.016 0.576
73 0.544 0.016 0.528
25 0.576 0.048 0.528
4 0.8 0.048 0.752
56 0.8 0.048 0.752
73 0.528 0.048 0.48
88 0.8 0.048 0.752
25 0.528 0.048 0.48
25 0.48 0.16 0.32
4 0.752 0.16 0.592
56 0.752 0.16 0.592
56 0.592 0.016 0.576
25 0.32 0.016 0.304
56 0.576 0.048 0.528
4 0.592 0.048 0.544
10 0.8 0.048 0.752
25 0.304 0.048 0.256
88 0.752 0.048 0.704
73 0.48 0.16 0.32
88 0.704 0.16 0.544
19 0.8 0.048 0.752
14 0.788858 0.048 0.740858
36 0.8 0.048 0.752
8 0.8 0.048 0.752
24 0.8 0.048 0.752
28 0.474687 0.048 0.426687
45 0.518185 0.048 0.470185
47 0.8 0.048 0.752
82 0.603553 0.048 0.555553
86 0.8 0.048 0.752
27 0.8 0.048 0.752
2 0.8 0.048 0.752
33 0.659078 0.048 0.611078
53 0.8 0.048 0.752
85 0.8 0.048 0.752
27 0.752 0.144 0.608
27 0.608 0.16 0.448
2 0.752 0.16 0.592
33 0.611078 0.16 0.451078
53 0.752 0.16 0.592
85 0.752 0.16 0.592
35 0.8 0.048 0.752
3 0.8 0.048 0.752
9 0.8 0.048 0.752
44 0.654873 0.048 0.606873
69 0.716636 0.048 0.668636
71 0.516594 0.048 0.468594
35 0.752 0.096 0.656
35 0.656 0.16 0.496
35 0.496 0.016 0.48
3 0.752 0.16 0.592
9 0.752 0.16 0.592
44 0.606873 0.16 0.446873
69 0.668636 0.16 0.508636
71 0.468594 0.16 0.308594
55 0.8 0.048 0.752
1 0.8 0.048 0.752
18 0.63828 0.048 0.59028
20 0.8 0.048 0.752
31 0.552008 0.048 0.504008
49 0.792272 0.048 0.744272
67 0.764818 0.048 0.716818
80 0.8 0.048 0.752
87 0.8 0.048 0.752
55 0.752 0.192 0.56
55 0.56 0.16 0.4
1 0.752 0.16 0.592
18 0.59028 0.16 0.43028
20 0.752 0.16 0.592
31 0.504008 0.16 0.344008
49 0.744272 0.16 0.584272
67 0.716818 0.16 0.556818
80 0.752 0.16 0.592
87 0.752 0.16 0.592
87 0.592 0.016 0.576
55 0.4 0.016 0.384
87 0.576 0.048 0.528
1 0.592 0.048 0.544
18 0.43028 0.048 0.38228
20 0.592 0.048 0.544
31 0.344008 0.048 0.296008
49 0.584272 0.048 0.536272
55 0.384 0.048 0.336
67 0.556818 0.048 0.508818
80 0.592 0.048 0.544
87 0.528 0.096 0.432
87 0.432 0.16 0.272
1 0.544 0.16 0.384
18 0.38228 0.16 0.22228
20 0.544 0.16 0.384
31 0.296008 0.16 0.136008
49 0.536272 0.16 0.376272
55 0.336 0.16 0.176
67 0.508818 0.16 0.348818
80 0.544 0.16 0.384
46 0.354604 0.048 0.306604
22 0.338877 0.048 0.290877
23 0.484495 0.048 0.436495
34 0.404597 0.048 0.356597
38 0.471573 0.048 0.423573
40 0.549663 0.048 0.501663
89 0.476538 0.048 0.428538
46 0.306604 0.048 0.258604
46 0.258604 0.16 0.0986045
22 0.290877 0.16 0.130877
23 0.436495 0.16 0.276495
34 0.356597 0.16 0.196597
38 0.423573 0.16 0.263573
40 0.501663 0.16 0.341663
89 0.428538 0.16 0.268538
51 0.8 0.048 0.752
86 0.8 0.048 0.752
6 0.8 0.048 0.752
14 0.8 0.048 0.752
41 0.614684 0.048 0.566684
6 0.752 0.048 0.704
6 0.704 0.16 0.544
14 0.752 0.16 0.592
41 0.566684 0.16 0.406684
52 0.8 0.048 0.752
29 0.8 0.048 0.752
39 0.8 0.048 0.752
57 0.8 0.048 0.752
63 0.8 0.048 0.752
64 0.8 0.048 0.752
68 0.8 0.048 0.752
52 0.752 0.096 0.656
52 0.656 0.16 0.496
29 0.752 0.16 0.592
39 0.752 0.16 0.592
57 0.752 0.16 0.592
63 0.752 0.16 0.592
63 0.592 0.016 0.576
52 0.496 0.016 0.48
63 0.576 0.048 0.528
29 0.592 0.048 0.544
52 0.48 0.048 0.432
57 0.592 0.048 0.544
68 0.752 0.048 0.704
64 0.752 0.16 0.592
68 0.704 0.16 0.544
71 0.386966 0.048 0.338966
3 0.592 0.048 0.544
9 0.592 0.048 0.544
35 0.55603 0.048 0.50803
44 0.51991 0.048 0.47191
69 0.586781 0.048 0.538781
71 0.338966 0.144 0.194966
71 0.194966 0.16 0.0349657
71 0.0349657 0.016 0.0189657
3 0.544 0.16 0.384
9 0.544 0.16 0.384
35 0.50803 0.16 0.34803
44 0.47191 0.16 0.31191
69 0.538781 0.16 0.378781
38 0.337884 0.048 0.289884
22 0.205698 0.048 0.157698
23 0.347825 0.048 0.299825
40 0.416332 0.048 0.368332
46 0.173014 0.048 0.125014
89 0.346412 0.048 0.298412
32 0.8 0.048 0.752
28 0.571036 0.048 0.523036
30 0.8 0.048 0.752
37 0.8 0.048 0.752
45 0.547698 0.048 0.499698
76 0.8 0.048 0.752
78 0.8 0.048 0.752
79 0.8 0.048 0.752
32 0.752 0.048 0.704
32 0.704 0.16 0.544
28 0.523036 0.16 0.363036
30 0.752 0.16 0.592
37 0.752 0.16 0.592
45 0.499698 0.16 0.339698
76 0.752 0.16 0.592
78 0.752 0.16 0.592
79 0.752 0.16 0.592
81 0.8 0.048 0.752
40 0.368332 0.048 0.320332
58 0.8 0.048 0.752
80 0.4624 0.048 0.4144
1 0.531099 0.048 0.483099
18 0.300759 0.048 0.252759
20 0.525599 0.048 0.477599
31 0.210819 0.048 0.162819
49 0.534229 0.048 0.486229
55 0.325829 0.048 0.277829
67 0.500975 0.048 0.452975
87 0.423128 0.048 0.375128
62 0.753169 0.048 0.705169
74 0.8 0.048 0.752
4 0.765494 0.048 0.717494
10 0.8 0.048 0.752
25 0.482265 0.048 0.434265
56 0.760929 0.048 0.712929
88 0.763798 0.048 0.715798
39 0.742337 0.048 0.694337
26 0.8 0.048 0.752
29 0.621165 0.048 0.573165
52 0.504491 0.048 0.456491
57 0.687946 0.048 0.639946
60 0.8 0.048 0.752
64 0.662747 0.048 0.614747
68 0.620617 0.048 0.572617
39 0.694337 0.096 0.598337
39 0.598337 0.16 0.438337
26 0.752 0.16 0.592
29 0.573165 0.16 0.413165
52 0.456491 0.16 0.296491
57 0.639946 0.16 0.479946
60 0.752 0.16 0.592
60 0.592 0.016 0.576
39 0.438337 0.016 0.422337
60 0.576 0.048 0.528
26 0.592 0.048 0.544
39 0.422337 0.048 0.374337
60 0.528 0.048 0.48
60 0.48 0.16 0.32
64 0.614747 0.16 0.454747
68 0.572617 0.16 0.412617
26 0.544 0.16 0.384
39 0.374337 0.16 0.214337
11 0.8 0.048 0.752
13 0.8 0.048 0.752
11 0.752 0.048 0.704
11 0.704 0.16 0.544
13 0.752 0.16 0.592
13 0.592 0.016 0.576
11 0.544 0.016 0.528
13 0.576 0.048 0.528
11 0.528 0.048 0.48
49 0.486229 0.048 0.438229
42 0.8 0.048 0.752
51 0.8 0.048 0.752
70 0.8 0.048 0.752
75 0.8 0.048 0.752
72 0.8 0.048 0.752
20 0.551774 0.048 0.503774
1 0.557337 0.048 0.509337
18 0.329306 0.048 0.281306
31 0.23651 0.048 0.18851
49 0.438229 0.048 0.390229
55 0.277829 0.048 0.229829
67 0.452975 0.048 0.404975
80 0.491135 0.048 0.443135
87 0.451684 0.048 0.403684
58 0.8 0.048 0.752
81 0.8 0.048 0.752
82 0.8 0.048 0.752
47 0.8 0.048 0.752
86 0.8 0.048 0.752
26 0.454788 0.048 0.406788
39 0.285692 0.048 0.237692
60 0.398748 0.048 0.350748
53 0.8 0.048 0.752
27 0.671185 0.048 0.623185
33 0.756072 0.048 0.708072
85 0.8 0.048 0.752
53 0.752 0.048 0.704
53 0.704 0.16 0.544
27 0.623185 0.16 0.463185
33 0.708072 0.16 0.548072
33 0.548072 0.016 0.532072
53 0.544 0.016 0.528
33 0.532072 0.048 0.484072
2 0.8 0.048 0.752
27 0.463185 0.048 0.415185
53 0.528 0.048 0.48
85 0.752 0.048 0.704
33 0.484072 0.048 0.436072
33 0.436072 0.16 0.276072
85 0.704 0.16 0.544
2 0.752 0.16 0.592
2 0.592 0.016 0.576
33 0.276072 0.016 0.260072
2 0.576 0.048 0.528
1 0.585965 0.048 0.537965
27 0.415185 0.048 0.367185
33 0.260072 0.048 0.212072
55 0.30962 0.048 0.26162
87 0.475663 0.048 0.427663
27 0.367185 0.16 0.207185
53 0.48 0.16 0.32
85 0.544 0.16 0.384
61 0.8 0.048 0.752
17 0.8 0.048 0.752
83 0.8 0.048 0.752
74 0.8 0.048 0.752
62 0.8 0.048 0.752
77 0.8 0.048 0.752
54 0.8 0.048 0.752
59 0.8 0.048 0.752
84 0.8 0.048 0.752
54 0.752 0.048 0.704
54 0.704 0.16 0.544
59 0.752 0.16 0.592
84 0.752 0.16 0.592
84 0.592 0.016 0.576
54 0.544 0.016 0.528
84 0.576 0.048 0.528
54 0.528 0.048 0.48
59 0.592 0.048 0.544
56 0.8 0.048 0.752
4 0.8 0.048 0.752
10 0.8 0.048 0.752
25 0.589713 0.048 0.541713
88 0.8 0.048 0.752
19 0.8 0.048 0.752
14 0.8 0.048 0.752
8 0.8 0.048 0.752
24 0.8 0.048 0.752
28 0.580913 0.048 0.532913
45 0.640232 0.048 0.592232
8 0.752 0.096 0.656
8 0.656 0.16 0.496
8 0.496 0.016 0.48
24 0.752 0.16 0.592
28 0.532913 0.16 0.372913
45 0.592232 0.16 0.432232
47 0.8 0.048 0.752
82 0.8 0.048 0.752
86 0.8 0.048 0.752
51 0.8 0.048 0.752
86 0.8 0.048 0.752
63 0.8 0.048 0.752
29 0.706071 0.048 0.658071
52 0.597598 0.048 0.549598
57 0.700631 0.048 0.652631
64 0.756118 0.048 0.708118
68 0.725203 0.048 0.677203
38 0.661028 0.048 0.613028
22 0.523158 0.048 0.475158
23 0.666387 0.048 0.618387
34 0.652749 0.048 0.604749
40 0.694133 0.048 0.646133
46 0.501909 0.048 0.453909
89 0.674926 0.048 0.626926
38 0.613028 0.048 0.565028
38 0.565028 0.16 0.405028
22 0.475158 0.16 0.315158
23 0.618387 0.16 0.458387
34 0.604749 0.16 0.444749
40 0.646133 0.16 0.486133
46 0.453909 0.16 0.293909
89 0.626926 0.16 0.466926
81 0.8 0.048 0.752
40 0.486133 0.048 0.438133
58 0.8 0.048 0.752
80 0.745829 0.048 0.697829
1 0.761503 0.048 0.713503
18 0.576584 0.048 0.528584
20 0.8 0.048 0.752
31 0.486523 0.048 0.438523
49 0.763357 0.048 0.715357
55 0.568814 0.048 0.520814
67 0.780495 0.048 0.732495
87 0.654445 0.048 0.606445
80 0.697829 0.048 0.649829
80 0.649829 0.16 0.489829
1 0.713503 0.16 0.553503
18 0.528584 0.16 0.368584
20 0.752 0.16 0.592
31 0.438523 0.16 0.278523
49 0.715357 0.16 0.555357
55 0.520814 0.16 0.360814
67 0.732495 0.16 0.572495
87 0.606445 0.16 0.446445
75 0.8 0.048 0.752
42 0.8 0.048 0.752
70 0.8 0.048 0.752
75 0.752 0.048 0.704
75 0.704 0.16 0.544
42 0.752 0.16 0.592
70 0.752 0.16 0.592
70 0.592 0.016 0.576
75 0.544 0.016 0.528
70 0.576 0.048 0.528
42 0.592 0.048 0.544
50 0.8 0.048 0.752
75 0.528 0.048 0.48
62 0.8 0.048 0.752
59 0.775675 0.048 0.727675
74 0.8 0.048 0.752
77 0.8 0.048 0.752
4 0.8 0.048 0.752
10 0.8 0.048 0.752
25 0.768069 0.048 0.720069
56 0.8 0.048 0.752
88 0.8 0.048 0.752
13 0.8 0.048 0.752
11 0.8 0.048 0.752
31 0.351337 0.048 0.303337
49 0.555357 0.048 0.507357
42 0.544 0.048 0.496
51 0.8 0.048 0.752
70 0.528 0.048 0.48
75 0.48 0.048 0.432
72 0.8 0.048 0.752
20 0.670637 0.048 0.622637
1 0.633397 0.048 0.585397
18 0.445589 0.048 0.397589
31 0.303337 0.048 0.255337
55 0.360814 0.048 0.312814
67 0.572495 0.048 0.524495
80 0.564743 0.048 0.516743
87 0.518916 0.048 0.470916
58 0.8 0.048 0.752
81 0.8 0.048 0.752
82 0.8 0.048 0.752
47 0.8 0.048 0.752
86 0.8 0.048 0.752
26 0.785434 0.048 0.737434
39 0.603727 0.048 0.555727
60 0.731815 0.048 0.683815
64 0.8 0.048 0.752
26 0.737434 0.048 0.689434
26 0.689434 0.16 0.529434
39 0.555727 0.16 0.395727
60 0.683815 0.16 0.523815
64 0.752 0.16 0.592
2 0.8 0.048 0.752
1 0.656078 0.048 0.608078
33 0.592805 0.048 0.544805
85 0.757769 0.048 0.709769
61 0.8 0.048 0.752
17 0.8 0.048 0.752
83 0.8 0.048 0.752
74 0.8 0.048 0.752
62 0.8 0.048 0.752
77 0.8 0.048 0.752
84 0.8 0.048 0.752
54 0.8 0.048 0.752
59 0.8 0.048 0.752
22 0.545477 0.048 0.497477
23 0.686229 0.048 0.638229
34 0.670874 0.048 0.622874
38 0.631513 0.048 0.583513
41 0.8 0.048 0.752
46 0.520697 0.048 0.472697
89 0.689353 0.048 0.641353
22 0.497477 0.048 0.449477
22 0.449477 0.16 0.289477
23 0.638229 0.16 0.478229
34 0.622874 0.16 0.462874
38 0.583513 0.16 0.423513
41 0.752 0.16 0.592
41 0.592 0.016 0.576
22 0.289477 0.016 0.273477
41 0.576 0.048 0.528
22 0.273477 0.048 0.225477
23 0.478229 0.048 0.430229
34 0.462874 0.048 0.414874
46 0.472697 0.16 0.312697
89 0.641353 0.16 0.481353
56 0.8 0.048 0.752
4 0.8 0.048 0.752
10 0.8 0.048 0.752
25 0.8 0.048 0.752
88 0.8 0.048 0.752
19 0.8 0.048 0.752
14 0.8 0.048 0.752
36 0.8 0.048 0.752
47 0.8 0.048 0.752
82 0.8 0.048 0.752
86 0.8 0.048 0.752
51 0.8 0.048 0.752
42 0.723837 0.048 0.675837
86 0.8 0.048 0.752
63 0.8 0.048 0.752
29 0.8 0.048 0.752
52 0.8 0.048 0.752
57 0.8 0.048 0.752
68 0.8 0.048 0.752
81 0.8 0.048 0.752
40 0.8 0.048 0.752
58 0.8 0.048 0.752
70 0.8 0.048 0.752
42 0.8 0.048 0.752
75 0.8 0.048 0.752
62 0.8 0.048 0.752
74 0.8 0.048 0.752
77 0.8 0.048 0.752
4 0.8 0.048 0.752
10 0.8 0.048 0.752
25 0.8 0.048 0.752
56 0.8 0.048 0.752
88 0.8 0.048 0.752
13 0.8 0.048 0.752
11 0.8 0.048 0.752
49 0.8 0.048 0.752
42 0.752 0.048 0.704
51 0.8 0.048 0.752
70 0.752 0.048 0.704
75 0.752 0.048 0.704
72 0.8 0.048 0.752
44 0.8 0.048 0.752
20 0.8 0.048 0.752
1 0.8 0.048 0.752
18 0.763587 0.048 0.715587
31 0.630621 0.048 0.582621
49 0.752 0.048 0.704
55 0.687609 0.048 0.639609
67 0.8 0.048 0.752
80 0.8 0.048 0.752
87 0.8 0.048 0.752
20 0.752 0.096 0.656
20 0.656 0.16 0.496
1 0.752 0.16 0.592
18 0.715587 0.16 0.555587
31 0.582621 0.16 0.422621
49 0.704 0.16 0.544
55 0.639609 0.16 0.479609
67 0.752 0.16 0.592
80 0.752 0.16 0.592
87 0.752 0.16 0.592
58 0.8 0.048 0.752
81 0.8 0.048 0.752
82 0.8 0.048 0.752
47 0.8 0.048 0.752
86 0.8 0.048 0.752
82 0.752 0.048 0.704
82 0.704 0.16 0.544
82 0.544 0.016 0.528
47 0.752 0.16 0.592
86 0.752 0.16 0.592
2 0.8 0.048 0.752
1 0.665676 0.048 0.617676
27 0.8 0.048 0.752
33 0.8 0.048 0.752
85 0.8 0.048 0.752
61 0.8 0.048 0.752
17 0.8 0.048 0.752
83 0.8 0.048 0.752
74 0.8 0.048 0.752
62 0.8 0.048 0.752
77 0.8 0.048 0.752
84 0.8 0.048 0.752
54 0.8 0.048 0.752
59 0.8 0.048 0.752
41 0.8 0.048 0.752
6 0.8 0.048 0.752
22 0.592431 0.048 0.544431
23 0.799922 0.048 0.751922
34 0.78594 0.048 0.73794
56 0.8 0.048 0.752
4 0.8 0.048 0.752
10 0.8 0.048 0.752
25 0.8 0.048 0.752
73 0.8 0.048 0.752
88 0.8 0.048 0.752
19 0.8 0.048 0.752
14 0.8 0.048 0.752
36 0.8 0.048 0.752
47 0.735596 0.048 0.687596
82 0.603609 0.048 0.555609
86 0.737657 0.048 0.689657
25 0.8 0.048 0.752
4 0.8 0.048 0.752
56 0.8 0.048 0.752
73 0.8 0.048 0.752
88 0.8 0.048 0.752
25 0.752 0.048 0.704
25 0.704 0.16 0.544
4 0.752 0.16 0.592
56 0.752 0.16 0.592
73 0.752 0.16 0.592
73 0.592 0.016 0.576
25 0.544 0.016 0.528
73 0.576 0.048 0.528
25 0.528 0.048 0.48
56 0.592 0.048 0.544
88 0.752 0.16 0.592
28 0.8 0.048 0.752
30 0.8 0.048 0.752
32 0.8 0.048 0.752
37 0.8 0.048 0.752
45 0.8 0.048 0.752
76 0.8 0.048 0.752
78 0.8 0.048 0.752
79 0.8 0.048 0.752
51 0.8 0.048 0.752
42 0.8 0.048 0.752
86 0.767743 0.048 0.719743
51 0.752 0.048 0.704
51 0.704 0.16 0.544
51 0.544 0.016 0.528
42 0.752 0.16 0.592
86 0.719743 0.16 0.559743
63 0.8 0.048 0.752
29 0.8 0.048 0.752
52 0.8 0.048 0.752
57 0.8 0.048 0.752
68 0.8 0.048 0.752
81 0.8 0.048 0.752
40 0.8 0.048 0.752
58 0.8 0.048 0.752
89 0.8 0.048 0.752
43 0.8 0.048 0.752
5 0.8 0.048 0.752
7 0.8 0.048 0.752
70 0.8 0.048 0.752
42 0.74594 0.048 0.69794
50 0.8 0.048 0.752
75 0.8 0.048 0.752
70 0.752 0.048 0.704
70 0.704 0.16 0.544
70 0.544 0.016 0.528
42 0.69794 0.16 0.53794
50 0.752 0.16 0.592
75 0.752 0.16 0.592
62 0.8 0.048 0.752
74 0.8 0.048 0.752
77 0.8 0.048 0.752
4 0.741752 0.048 0.693752
10 0.8 0.048 0.752
25 0.633735 0.048 0.585735
56 0.691389 0.048 0.643389
88 0.748214 0.048 0.700214
13 0.8 0.048 0.752
11 0.8 0.048 0.752
42 0.53794 0.048 0.48994
51 0.672895 0.048 0.624895
70 0.528 0.048 0.48
75 0.592 0.048 0.544
42 0.48994 0.048 0.44194
42 0.44194 0.16 0.28194
51 0.624895 0.16 0.464895
70 0.48 0.16 0.32
75 0.544 0.16 0.384
72 0.8 0.048 0.752
14 0.8 0.048 0.752
19 0.8 0.048 0.752
36 0.8 0.048 0.752
58 0.8 0.048 0.752
81 0.8 0.048 0.752
2 0.8 0.048 0.752
1 0.8 0.048 0.752
27 0.8 0.048 0.752
33 0.8 0.048 0.752
55 0.8 0.048 0.752
87 0.8 0.048 0.752
2 0.752 0.048 0.704
2 0.704 0.16 0.544
1 0.752 0.16 0.592
27 0.752 0.16 0.592
33 0.752 0.16 0.592
55 0.752 0.16 0.592
55 0.592 0.016 0.576
2 0.544 0.016 0.528
55 0.576 0.048 0.528
1 0.592 0.048 0.544
2 0.528 0.048 0.48
18 0.8 0.048 0.752
20 0.8 0.048 0.752
31 0.8 0.048 0.752
49 0.8 0.048 0.752
67 0.8 0.048 0.752
80 0.8 0.048 0.752
87 0.752 0.048 0.704
55 0.528 0.048 0.48
55 0.48 0.16 0.32
87 0.704 0.16 0.544
1 0.544 0.16 0.384
2 0.48 0.16 0.32
18 0.752 0.16 0.592
20 0.752 0.16 0.592
31 0.752 0.16 0.592
31 0.592 0.016 0.576
55 0.32 0.016 0.304
31 0.576 0.048 0.528
13 0.8 0.048 0.752
18 0.592 0.048 0.544
20 0.592 0.048 0.544
49 0.752 0.048 0.704
55 0.304 0.048 0.256
67 0.752 0.048 0.704
80 0.752 0.048 0.704
87 0.544 0.048 0.496
49 0.704 0.16 0.544
67 0.704 0.16 0.544
80 0.704 0.16 0.544
87 0.496 0.16 0.336
61 0.8 0.048 0.752
17 0.8 0.048 0.752
83 0.8 0.048 0.752
74 0.8 0.048 0.752
62 0.8 0.048 0.752
77 0.8 0.048 0.752
84 0.8 0.048 0.752
54 0.8 0.048 0.752
59 0.8 0.048 0.752
15 0.8 0.048 0.752
12 0.8 0.048 0.752
16 0.8 0.048 0.752
48 0.8 0.048 0.752
65 0.8 0.048 0.752
66 0.8 0.048 0.752
90 0.8 0.048 0.752
15 0.752 0.048 0.704
15 0.704 0.16 0.544
12 0.752 0.16 0.592
12 0.592 0.016 0.576
15 0.544 0.016 0.528
12 0.576 0.048 0.528
15 0.528 0.048 0.48
16 0.752 0.048 0.704
48 0.752 0.048 0.704
90 0.752 0.048 0.704
16 0.704 0.16 0.544
48 0.704 0.16 0.544
65 0.752 0.16 0.592
66 0.752 0.16 0.592
90 0.704 0.16 0.544
41 0.8 0.048 0.752
22 0.8 0.048 0.752
23 0.8 0.048 0.752
34 0.8 0.048 0.752
56 0.791827 0.048 0.743827
4 0.8 0.048 0.752
25 0.740708 0.048 0.692708
73 0.8 0.048 0.752
88 0.8 0.048 0.752
19 0.8 0.048 0.752
14 0.8 0.048 0.752
36 0.8 0.048 0.752
47 0.8 0.048 0.752
82 0.8 0.048 0.752
86 0.8 0.048 0.752
73 0.8 0.048 0.752
25 0.771044 0.048 0.723044
56 0.8 0.048 0.752
73 0.752 0.048 0.704
73 0.704 0.16 0.544
73 0.544 0.016 0.528
25 0.723044 0.16 0.563044
56 0.752 0.16 0.592
28 0.8 0.048 0.752
30 0.8 0.048 0.752
32 0.8 0.048 0.752
37 0.8 0.048 0.752
45 0.8 0.048 0.752
76 0.8 0.048 0.752
78 0.8 0.048 0.752
79 0.8 0.048 0.752
63 0.8 0.048 0.752
29 0.8 0.048 0.752
52 0.8 0.048 0.752
57 0.8 0.048 0.752
68 0.8 0.048 0.752
81 0.8 0.048 0.752
40 0.8 0.048 0.752
58 0.8 0.048 0.752
89 0.8 0.048 0.752
40 0.752 0.048 0.704
38 0.8 0.048 0.752
46 0.8 0.048 0.752
81 0.752 0.048 0.704
89 0.8 0.048 0.752
43 0.8 0.048 0.752
5 0.8 0.048 0.752
7 0.8 0.048 0.752
62 0.8 0.048 0.752
74 0.8 0.048 0.752
77 0.8 0.048 0.752
4 0.8 0.048 0.752
10 0.8 0.048 0.752
25 0.717115 0.048 0.669115
56 0.739096 0.048 0.691096
88 0.8 0.048 0.752
4 0.752 0.048 0.704
4 0.704 0.16 0.544
4 0.544 0.016 0.528
10 0.752 0.16 0.592
25 0.669115 0.16 0.509115
56 0.691096 0.16 0.531096
88 0.752 0.16 0.592
13 0.8 0.048 0.752
11 0.8 0.048 0.752
31 0.8 0.048 0.752
49 0.8 0.048 0.752
33 0.8 0.048 0.752
2 0.621087 0.048 0.573087
27 0.8 0.048 0.752
53 0.8 0.048 0.752
85 0.8 0.048 0.752
33 0.752 0.096 0.656
33 0.656 0.16 0.496
2 0.573087 0.16 0.413087
27 0.752 0.16 0.592
53 0.752 0.16 0.592
85 0.752 0.16 0.592
72 0.8 0.048 0.752
44 0.8 0.048 0.752
14 0.8 0.048 0.752
19 0.8 0.048 0.752
36 0.8 0.048 0.752
58 0.8 0.048 0.752
81 0.774283 0.048 0.726283
58 0.752 0.048 0.704
58 0.704 0.16 0.544
58 0.544 0.016 0.528
81 0.726283 0.16 0.566283
55 0.636771 0.048 0.588771
1 0.691077 0.048 0.643077
2 0.413087 0.048 0.365087
18 0.8 0.048 0.752
20 0.8 0.048 0.752
31 0.752 0.048 0.704
67 0.8 0.048 0.752
80 0.8 0.048 0.752
87 0.638052 0.048 0.590052
31 0.781074 0.048 0.733074
1 0.715935 0.048 0.667935
11 0.8 0.048 0.752
13 0.8 0.048 0.752
18 0.8 0.048 0.752
20 0.752 0.048 0.704
49 0.8 0.048 0.752
55 0.588771 0.048 0.540771
67 0.752 0.048 0.704
80 0.752 0.048 0.704
87 0.667793 0.048 0.619793
31 0.733074 0.048 0.685074
31 0.685074 0.16 0.525074
1 0.667935 0.16 0.507935
11 0.752 0.16 0.592
11 0.592 0.016 0.576
31 0.525074 0.016 0.509074
11 0.576 0.048 0.528
13 0.752 0.048 0.704
31 0.509074 0.048 0.461074
13 0.704 0.16 0.544
18 0.752 0.16 0.592
20 0.704 0.16 0.544
49 0.752 0.16 0.592
55 0.540771 0.16 0.380771
67 0.704 0.16 0.544
80 0.704 0.16 0.544
87 0.619793 0.16 0.459793
61 0.8 0.048 0.752
17 0.8 0.048 0.752
83 0.8 0.048 0.752
74 0.8 0.048 0.752
62 0.8 0.048 0.752
77 0.8 0.048 0.752
84 0.8 0.048 0.752
54 0.8 0.048 0.752
59 0.8 0.048 0.752
24 0.8 0.048 0.752
8 0.8 0.048 0.752
45 0.8 0.048 0.752
24 0.752 0.048 0.704
24 0.704 0.16 0.544
8 0.752 0.16 0.592
8 0.592 0.016 0.576
24 0.544 0.016 0.528
8 0.576 0.048 0.528
24 0.528 0.048 0.48
45 0.752 0.048 0.704
45 0.704 0.16 0.544
12 0.8 0.048 0.752
15 0.8 0.048 0.752
16 0.8 0.048 0.752
48 0.8 0.048 0.752
90 0.8 0.048 0.752
41 0.8 0.048 0.752
22 0.8 0.048 0.752
23 0.8 0.048 0.752
34 0.8 0.048 0.752
56 0.682048 0.048 0.634048
4 0.677288 0.048 0.629288
25 0.65621 0.048 0.60821
73 0.8 0.048 0.752
88 0.746294 0.048 0.698294
56 0.634048 0.048 0.586048
56 0.586048 0.16 0.426048
4 0.629288 0.16 0.469288
25 0.60821 0.16 0.44821
73 0.752 0.16 0.592
88 0.698294 0.16 0.538294
19 0.8 0.048 0.752
14 0.8 0.048 0.752
36 0.8 0.048 0.752
47 0.8 0.048 0.752
82 0.8 0.048 0.752
86 0.8 0.048 0.752
28 0.8 0.048 0.752
30 0.8 0.048 0.752
32 0.8 0.048 0.752
37 0.8 0.048 0.752
45 0.621237 0.048 0.573237
76 0.8 0.048 0.752
78 0.8 0.048 0.752
79 0.8 0.048 0.752
39 0.8 0.048 0.752
29 0.8 0.048 0.752
52 0.8 0.048 0.752
57 0.8 0.048 0.752
64 0.8 0.048 0.752
39 0.752 0.048 0.704
39 0.704 0.16 0.544
29 0.752 0.16 0.592
52 0.752 0.16 0.592
52 0.592 0.016 0.576
39 0.544 0.016 0.528
52 0.576 0.048 0.528
29 0.592 0.048 0.544
39 0.528 0.048 0.48
57 0.752 0.048 0.704
63 0.8 0.048 0.752
64 0.752 0.048 0.704
68 0.8 0.048 0.752
57 0.704 0.16 0.544
64 0.704 0.16 0.544
73 0.670652 0.048 0.622652
25 0.520353 0.048 0.472353
56 0.499399 0.048 0.451399
63 0.8 0.048 0.752
29 0.617778 0.048 0.569778
52 0.604048 0.048 0.556048
53 0.8 0.048 0.752
57 0.544 0.048 0.496
68 0.8 0.048 0.752
63 0.752 0.048 0.704
63 0.704 0.16 0.544
29 0.569778 0.16 0.409778
52 0.556048 0.16 0.396048
53 0.752 0.16 0.592
53 0.592 0.016 0.576
63 0.544 0.016 0.528
53 0.576 0.048 0.528
2 0.589853 0.048 0.541853
27 0.8 0.048 0.752
33 0.726721 0.048 0.678721
63 0.528 0.048 0.48
85 0.8 0.048 0.752
53 0.528 0.048 0.48
53 0.48 0.16 0.32
57 0.496 0.16 0.336
68 0.752 0.16 0.592
2 0.541853 0.16 0.381853
27 0.752 0.16 0.592
33 0.678721 0.16 0.518721
63 0.48 0.16 0.32
85 0.752 0.16 0.592
81 0.8 0.048 0.752
40 0.8 0.048 0.752
58 0.8 0.048 0.752
81 0.752 0.048 0.704
81 0.704 0.16 0.544
40 0.752 0.16 0.592
58 0.752 0.16 0.592
58 0.592 0.016 0.576
81 0.544 0.016 0.528
58 0.576 0.048 0.528
81 0.528 0.048 0.48
40 0.592 0.048 0.544
38 0.8 0.048 0.752
46 0.8 0.048 0.752
81 0.48 0.048 0.432
89 0.8 0.048 0.752
43 0.8 0.048 0.752
5 0.8 0.048 0.752
7 0.8 0.048 0.752
62 0.8 0.048 0.752
74 0.8 0.048 0.752
77 0.8 0.048 0.752
13 0.8 0.048 0.752
11 0.760436 0.048 0.712436
31 0.760436 0.048 0.712436
49 0.8 0.048 0.752
13 0.752 0.048 0.704
13 0.704 0.16 0.544
11 0.712436 0.16 0.552436
31 0.712436 0.16 0.552436
31 0.552436 0.016 0.536436
13 0.544 0.016 0.528
31 0.536436 0.048 0.488436
13 0.528 0.048 0.48
18 0.8 0.048 0.752
20 0.8 0.048 0.752
49 0.752 0.048 0.704
67 0.8 0.048 0.752
80 0.8 0.048 0.752
87 0.683788 0.048 0.635788
49 0.704 0.16 0.544
72 0.8 0.048 0.752
14 0.8 0.048 0.752
19 0.8 0.048 0.752
36 0.8 0.048 0.752
55 0.753512 0.048 0.705512
1 0.8 0.048 0.752
18 0.8 0.048 0.752
20 0.8 0.048 0.752
49 0.620969 0.048 0.572969
80 0.8 0.048 0.752
87 0.711689 0.048 0.663689
11 0.708462 0.048 0.660462
13 0.555998 0.048 0.507998
11 0.660462 0.048 0.612462
11 0.612462 0.16 0.452462
13 0.507998 0.16 0.347998
61 0.8 0.048 0.752
17 0.8 0.048 0.752
83 0.8 0.048 0.752
74 0.8 0.048 0.752
62 0.8 0.048 0.752
77 0.8 0.048 0.752
84 0.8 0.048 0.752
54 0.8 0.048 0.752
59 0.8 0.048 0.752
8 0.8 0.048 0.752
24 0.8 0.048 0.752
45 0.8 0.048 0.752
12 0.8 0.048 0.752
15 0.8 0.048 0.752
16 0.8 0.048 0.752
48 0.8 0.048 0.752
90 0.8 0.048 0.752
41 0.8 0.048 0.752
22 0.8 0.048 0.752
23 0.8 0.048 0.752
34 0.8 0.048 0.752
2 0.606443 0.048 0.558443
27 0.8 0.048 0.752
33 0.752186 0.048 0.704186
85 0.8 0.048 0.752
19 0.8 0.048 0.752
14 0.8 0.048 0.752
36 0.8 0.048 0.752
19 0.752 0.048 0.704
19 0.704 0.16 0.544
19 0.544 0.016 0.528
14 0.752 0.16 0.592
36 0.752 0.16 0.592
47 0.8 0.048 0.752
82 0.8 0.048 0.752
86 0.8 0.048 0.752
28 0.8 0.048 0.752
30 0.8 0.048 0.752
32 0.8 0.048 0.752
37 0.8 0.048 0.752
45 0.8 0.048 0.752
76 0.8 0.048 0.752
78 0.8 0.048 0.752
79 0.8 0.048 0.752
52 0.698883 0.048 0.650883
29 0.708907 0.048 0.660907
39 0.8 0.048 0.752
57 0.714161 0.048 0.666161
63 0.610389 0.048 0.562389
64 0.8 0.048 0.752
68 0.8 0.048 0.752
52 0.650883 0.048 0.602883
52 0.602883 0.16 0.442883
29 0.660907 0.16 0.500907
39 0.752 0.16 0.592
57 0.666161 0.16 0.506161
63 0.562389 0.16 0.402389
64 0.752 0.16 0.592
68 0.752 0.16 0.592
73 0.8 0.048 0.752
25 0.8 0.048 0.752
56 0.8 0.048 0.752
73 0.752 0.048 0.704
73 0.704 0.16 0.544
25 0.752 0.16 0.592
25 0.592 0.016 0.576
73 0.544 0.016 0.528
25 0.576 0.048 0.528
4 0.8 0.048 0.752
56 0.752 0.048 0.704
73 0.528 0.048 0.48
25 0.528 0.048 0.48
25 0.48 0.16 0.32
56 0.704 0.16 0.544
4 0.752 0.16 0.592
4 0.592 0.016 0.576
25 0.32 0.016 0.304
4 0.576 0.048 0.528
10 0.8 0.048 0.752
25 0.304 0.048 0.256
56 0.544 0.048 0.496
88 0.8 0.048 0.752
56 0.496 0.16 0.336
73 0.48 0.16 0.32
13 0.578454 0.048 0.530454
11 0.609107 0.048 0.561107
31 0.711137 0.048 0.663137
71 0.8 0.048 0.752
3 0.8 0.048 0.752
9 0.8 0.048 0.752
35 0.8 0.048 0.752
44 0.8 0.048 0.752
69 0.8 0.048 0.752
71 0.752 0.096 0.656
71 0.656 0.16 0.496
3 0.752 0.16 0.592
9 0.752 0.16 0.592
9 0.592 0.016 0.576
71 0.496 0.016 0.48
9 0.576 0.048 0.528
3 0.592 0.048 0.544
35 0.752 0.048 0.704
69 0.752 0.048 0.704
71 0.48 0.048 0.432
9 0.528 0.048 0.48
9 0.48 0.16 0.32
35 0.704 0.16 0.544
44 0.752 0.16 0.592
69 0.704 0.16 0.544
3 0.544 0.16 0.384
35 0.544 0.16 0.384
69 0.544 0.16 0.384
71 0.432 0.16 0.272
58 0.8 0.048 0.752
81 0.8 0.048 0.752
40 0.8 0.048 0.752
23 0.8 0.048 0.752
38 0.8 0.048 0.752
46 0.8 0.048 0.752
81 0.752 0.048 0.704
89 0.8 0.048 0.752
40 0.752 0.048 0.704
40 0.704 0.16 0.544
23 0.752 0.16 0.592
38 0.752 0.16 0.592
46 0.752 0.16 0.592
81 0.704 0.16 0.544
81 0.544 0.016 0.528
40 0.544 0.016 0.528
81 0.528 0.048 0.48
40 0.528 0.048 0.48
58 0.752 0.048 0.704
89 0.752 0.048 0.704
89 0.704 0.16 0.544
63 0.545777 0.048 0.497777
29 0.651951 0.048 0.603951
53 0.767122 0.048 0.719122
57 0.582218 0.048 0.534218
68 0.744511 0.048 0.696511
85 0.8 0.048 0.752
43 0.8 0.048 0.752
5 0.8 0.048 0.752
7 0.8 0.048 0.752
62 0.8 0.048 0.752
74 0.8 0.048 0.752
77 0.8 0.048 0.752
31 0.8 0.048 0.752
11 0.63717 0.048 0.58917
13 0.607107 0.048 0.559107
18 0.8 0.048 0.752
20 0.8 0.048 0.752
49 0.8 0.048 0.752
67 0.8 0.048 0.752
80 0.8 0.048 0.752
87 0.8 0.048 0.752
72 0.8 0.048 0.752
44 0.671576 0.048 0.623576
14 0.8 0.048 0.752
19 0.754487 0.048 0.706487
36 0.8 0.048 0.752
14 0.752 0.048 0.704
14 0.704 0.16 0.544
19 0.706487 0.16 0.546487
19 0.546487 0.016 0.530487
14 0.544 0.016 0.528
19 0.530487 0.048 0.482487
14 0.528 0.048 0.48
36 0.752 0.048 0.704
36 0.704 0.16 0.544
55 0.8 0.048 0.752
1 0.8 0.048 0.752
18 0.8 0.048 0.752
20 0.8 0.048 0.752
80 0.8 0.048 0.752
87 0.8 0.048 0.752
54 0.8 0.048 0.752
59 0.8 0.048 0.752
84 0.8 0.048 0.752
61 0.8 0.048 0.752
17 0.8 0.048 0.752
83 0.8 0.048 0.752
74 0.8 0.048 0.752
62 0.8 0.048 0.752
77 0.8 0.048 0.752
84 0.8 0.048 0.752
54 0.8 0.048 0.752
59 0.8 0.048 0.752
8 0.8 0.048 0.752
24 0.8 0.048 0.752
45 0.8 0.048 0.752
12 0.8 0.048 0.752
15 0.8 0.048 0.752
16 0.8 0.048 0.752
90 0.8 0.048 0.752
41 0.8 0.048 0.752
22 0.8 0.048 0.752
23 0.8 0.048 0.752
34 0.8 0.048 0.752
38 0.8 0.048 0.752
2 0.8 0.048 0.752
1 0.8 0.048 0.752
27 0.8 0.048 0.752
33 0.8 0.048 0.752
55 0.8 0.048 0.752
47 0.8 0.048 0.752
82 0.8 0.048 0.752
86 0.8 0.048 0.752
22 0.8 0.048 0.752
23 0.8 0.048 0.752
34 0.8 0.048 0.752
38 0.8 0.048 0.752
40 0.783059 0.048 0.735059
41 0.8 0.048 0.752
46 0.8 0.048 0.752
22 0.752 0.048 0.704
22 0.704 0.16 0.544
23 0.752 0.16 0.592
34 0.752 0.16 0.592
38 0.752 0.16 0.592
40 0.735059 0.16 0.575059
40 0.575059 0.016 0.559059
22 0.544 0.016 0.528
40 0.559059 0.048 0.511059
22 0.528 0.048 0.48
23 0.592 0.048 0.544
38 0.592 0.048 0.544
46 0.752 0.048 0.704
81 0.712701 0.048 0.664701
89 0.774507 0.048 0.726507
41 0.752 0.16 0.592
46 0.704 0.16 0.544
28 0.8 0.048 0.752
30 0.8 0.048 0.752
32 0.8 0.048 0.752
37 0.8 0.048 0.752
45 0.8 0.048 0.752
76 0.8 0.048 0.752
78 0.8 0.048 0.752
79 0.8 0.048 0.752
4 0.8 0.048 0.752
10 0.8 0.048 0.752
25 0.624555 0.048 0.576555
56 0.701741 0.048 0.653741
88 0.8 0.048 0.752
13 0.8 0.048 0.752
11 0.8 0.048 0.752
31 0.8 0.048 0.752
49 0.8 0.048 0.752
21 0.8 0.048 0.752
83 0.8 0.048 0.752
58 0.8 0.048 0.752
10 0.8 0.048 0.752
81 0.8 0.048 0.752
81 0.752 0.048 0.704
40 0.58265 0.048 0.53465
58 0.752 0.048 0.704
89 0.8 0.048 0.752
63 0.8 0.048 0.752
29 0.8 0.048 0.752
53 0.8 0.048 0.752
57 0.8 0.048 0.752
68 0.8 0.048 0.752
85 0.8 0.048 0.752
43 0.8 0.048 0.752
5 0.8 0.048 0.752
7 0.8 0.048 0.752
62 0.8 0.048 0.752
74 0.8 0.048 0.752
77 0.8 0.048 0.752
62 0.752 0.048 0.704
62 0.704 0.16 0.544
62 0.544 0.016 0.528
74 0.752 0.16 0.592
77 0.752 0.16 0.592
75 0.8 0.048 0.752
42 0.8 0.048 0.752
70 0.8 0.048 0.752
75 0.752 0.048 0.704
75 0.704 0.16 0.544
42 0.752 0.16 0.592
70 0.752 0.16 0.592
70 0.592 0.016 0.576
75 0.544 0.016 0.528
70 0.576 0.048 0.528
50 0.8 0.048 0.752
75 0.528 0.048 0.48
31 0.8 0.048 0.752
13 0.8 0.048 0.752
18 0.8 0.048 0.752
20 0.8 0.048 0.752
49 0.8 0.048 0.752
67 0.8 0.048 0.752
80 0.8 0.048 0.752
87 0.8 0.048 0.752
72 0.8 0.048 0.752
44 0.8 0.048 0.752
19 0.8 0.048 0.752
14 0.8 0.048 0.752
36 0.8 0.048 0.752
55 0.8 0.048 0.752
1 0.8 0.048 0.752
2 0.8 0.048 0.752
18 0.8 0.048 0.752
20 0.8 0.048 0.752
80 0.8 0.048 0.752
87 0.8 0.048 0.752
54 0.8 0.048 0.752
59 0.8 0.048 0.752
84 0.8 0.048 0.752
61 0.8 0.048 0.752
17 0.8 0.048 0.752
74 0.662285 0.048 0.614285
62 0.680315 0.048 0.632315
84 0.8 0.048 0.752
54 0.8 0.048 0.752
59 0.8 0.048 0.752
8 0.8 0.048 0.752
24 0.8 0.048 0.752
45 0.8 0.048 0.752
12 0.8 0.048 0.752
15 0.8 0.048 0.752
16 0.8 0.048 0.752
41 0.8 0.048 0.752
22 0.792402 0.048 0.744402
23 0.8 0.048 0.752
34 0.8 0.048 0.752
38 0.8 0.048 0.752
2 0.8 0.048 0.752
1 0.8 0.048 0.752
27 0.8 0.048 0.752
33 0.8 0.048 0.752
55 0.8 0.048 0.752
47 0.8 0.048 0.752
82 0.8 0.048 0.752
86 0.8 0.048 0.752
40 0.8 0.048 0.752
22 0.8 0.048 0.752
23 0.8 0.048 0.752
38 0.8 0.048 0.752
46 0.8 0.048 0.752
81 0.8 0.048 0.752
89 0.8 0.048 0.752
28 0.8 0.048 0.752
30 0.8 0.048 0.752
32 0.8 0.048 0.752
37 0.8 0.048 0.752
45 0.8 0.048 0.752
76 0.8 0.048 0.752
78 0.8 0.048 0.752
79 0.8 0.048 0.752
4 0.8 0.048 0.752
10 0.8 0.048 0.752
25 0.8 0.048 0.752
56 0.8 0.048 0.752
88 0.8 0.048 0.752
13 0.8 0.048 0.752
11 0.8 0.048 0.752
31 0.8 0.048 0.752
35 0.8 0.048 0.752
9 0.8 0.048 0.752
44 0.8 0.048 0.752
69 0.8 0.048 0.752
71 0.8 0.048 0.752
35 0.752 0.048 0.704
35 0.704 0.16 0.544
9 0.752 0.16 0.592
44 0.752 0.16 0.592
69 0.752 0.16 0.592
71 0.752 0.16 0.592
71 0.592 0.016 0.576
35 0.544 0.016 0.528
71 0.576 0.048 0.528
3 0.8 0.048 0.752
9 0.592 0.048 0.544
35 0.528 0.048 0.48
44 0.592 0.048 0.544
69 0.592 0.048 0.544
25 0.8 0.048 0.752
4 0.8 0.048 0.752
56 0.8 0.048 0.752
73 0.8 0.048 0.752
25 0.752 0.048 0.704
25 0.704 0.16 0.544
4 0.752 0.16 0.592
56 0.752 0.16 0.592
73 0.752 0.16 0.592
73 0.592 0.016 0.576
25 0.544 0.016 0.528
73 0.576 0.048 0.528
25 0.528 0.048 0.48
56 0.592 0.048 0.544
21 0.8 0.048 0.752
83 0.8 0.048 0.752
58 0.8 0.048 0.752
10 0.8 0.048 0.752
81 0.8 0.048 0.752
81 0.752 0.048 0.704
40 0.8 0.048 0.752
58 0.752 0.048 0.704
89 0.8 0.048 0.752
63 0.8 0.048 0.752
29 0.8 0.048 0.752
52 0.8 0.048 0.752
57 0.8 0.048 0.752
68 0.8 0.048 0.752
43 0.8 0.048 0.752
5 0.8 0.048 0.752
7 0.8 0.048 0.752
70 0.8 0.048 0.752
75 0.8 0.048 0.752
31 0.8 0.048 0.752
13 0.8 0.048 0.752
18 0.8 0.048 0.752
20 0.8 0.048 0.752
49 0.8 0.048 0.752
67 0.8 0.048 0.752
80 0.8 0.048 0.752
87 0.8 0.048 0.752
72 0.8 0.048 0.752
44 0.61705 0.048 0.56905
19 0.8 0.048 0.752
14 0.8 0.048 0.752
36 0.8 0.048 0.752
55 0.8 0.048 0.752
1 0.8 0.048 0.752
2 0.8 0.048 0.752
18 0.8 0.048 0.752
20 0.8 0.048 0.752
80 0.8 0.048 0.752
87 0.8 0.048 0.752
54 0.8 0.048 0.752
59 0.8 0.048 0.752
84 0.8 0.048 0.752
61 0.8 0.048 0.752
17 0.8 0.048 0.752
74 0.8 0.048 0.752
62 0.8 0.048 0.752
84 0.8 0.048 0.752
54 0.8 0.048 0.752
59 0.8 0.048 0.752
8 0.8 0.048 0.752
24 0.8 0.048 0.752
12 0.8 0.048 0.752
15 0.8 0.048 0.752
16 0.8 0.048 0.752
41 0.8 0.048 0.752
22 0.8 0.048 0.752
23 0.8 0.048 0.752
34 0.8 0.048 0.752
38 0.8 0.048 0.752
46 0.8 0.048 0.752
2 0.8 0.048 0.752
1 0.8 0.048 0.752
27 0.8 0.048 0.752
33 0.8 0.048 0.752
55 0.8 0.048 0.752
87 0.8 0.048 0.752
47 0.8 0.048 0.752
82 0.8 0.048 0.752
86 0.8 0.048 0.752
40 0.8 0.048 0.752
22 0.8 0.048 0.752
23 0.8 0.048 0.752
38 0.8 0.048 0.752
46 0.8 0.048 0.752
81 0.8 0.048 0.752
89 0.8 0.048 0.752
28 0.8 0.048 0.752
32 0.8 0.048 0.752
37 0.8 0.048 0.752
45 0.8 0.048 0.752
76 0.8 0.048 0.752
78 0.8 0.048 0.752
79 0.8 0.048 0.752
4 0.8 0.048 0.752
10 0.8 0.048 0.752
25 0.78393 0.048 0.73593
56 0.8 0.048 0.752
88 0.8 0.048 0.752
13 0.8 0.048 0.752
11 0.8 0.048 0.752
49 0.8 0.048 0.752
71 0.8 0.048 0.752
3 0.8 0.048 0.752
9 0.8 0.048 0.752
35 0.8 0.048 0.752
44 0.8 0.048 0.752
69 0.8 0.048 0.752
73 0.8 0.048 0.752
25 0.8 0.048 0.752
56 0.8 0.048 0.752
21 0.8 0.048 0.752
83 0.8 0.048 0.752
39 0.8 0.048 0.752
26 0.8 0.048 0.752
29 0.8 0.048 0.752
52 0.8 0.048 0.752
57 0.8 0.048 0.752
64 0.8 0.048 0.752
68 0.8 0.048 0.752
58 0.8 0.048 0.752
10 0.8 0.048 0.752
81 0.8 0.048 0.752
81 0.752 0.048 0.704
40 0.8 0.048 0.752
46 0.8 0.048 0.752
58 0.752 0.048 0.704
89 0.8 0.048 0.752
63 0.8 0.048 0.752
29 0.8 0.048 0.752
52 0.8 0.048 0.752
57 0.752 0.048 0.704
68 0.752 0.048 0.704
85 0.8 0.048 0.752
43 0.8 0.048 0.752
5 0.8 0.048 0.752
7 0.8 0.048 0.752
70 0.8 0.048 0.752
75 0.8 0.048 0.752
31 0.8 0.048 0.752
11 0.8 0.048 0.752
13 0.8 0.048 0.752
18 0.8 0.048 0.752
20 0.8 0.048 0.752
49 0.8 0.048 0.752
67 0.8 0.048 0.752
80 0.8 0.048 0.752
87 0.8 0.048 0.752
31 0.752 0.048 0.704
31 0.704 0.16 0.544
31 0.544 0.016 0.528
11 0.752 0.16 0.592
13 0.752 0.16 0.592
18 0.752 0.16 0.592
20 0.752 0.16 0.592
49 0.752 0.16 0.592
67 0.752 0.16 0.592
80 0.752 0.16 0.592
87 0.752 0.16 0.592
72 0.8 0.048 0.752
44 0.8 0.048 0.752
19 0.8 0.048 0.752
14 0.8 0.048 0.752
36 0.8 0.048 0.752
55 0.8 0.048 0.752
1 0.8 0.048 0.752
2 0.8 0.048 0.752
18 0.669616 0.048 0.621616
20 0.666019 0.048 0.618019
67 0.665551 0.048 0.617551
80 0.670371 0.048 0.622371
87 0.664076 0.048 0.616076
54 0.8 0.048 0.752
59 0.8 0.048 0.752
84 0.8 0.048 0.752
61 0.8 0.048 0.752
5 0.8 0.048 0.752
17 0.8 0.048 0.752
83 0.8 0.048 0.752
74 0.8 0.048 0.752
62 0.8 0.048 0.752
15 0.8 0.048 0.752
12 0.8 0.048 0.752
16 0.8 0.048 0.752
66 0.8 0.048 0.752
90 0.8 0.048 0.752
84 0.8 0.048 0.752
54 0.8 0.048 0.752
59 0.8 0.048 0.752
8 0.8 0.048 0.752
24 0.8 0.048 0.752
12 0.752 0.048 0.704
15 0.752 0.048 0.704
16 0.752 0.048 0.704
90 0.752 0.048 0.704
24 0.8 0.048 0.752
8 0.752 0.048 0.704
45 0.8 0.048 0.752
41 0.8 0.048 0.752
22 0.8 0.048 0.752
23 0.8 0.048 0.752
34 0.8 0.048 0.752
38 0.8 0.048 0.752
46 0.8 0.048 0.752
2 0.8 0.048 0.752
1 0.8 0.048 0.752
27 0.8 0.048 0.752
33 0.8 0.048 0.752
55 0.8 0.048 0.752
47 0.8 0.048 0.752
82 0.8 0.048 0.752
86 0.8 0.048 0.752
40 0.8 0.048 0.752
23 0.8 0.048 0.752
38 0.8 0.048 0.752
81 0.8 0.048 0.752
89 0.8 0.048 0.752
28 0.8 0.048 0.752
24 0.8 0.048 0.752
32 0.8 0.048 0.752
45 0.8 0.048 0.752
76 0.8 0.048 0.752
78 0.8 0.048 0.752
79 0.8 0.048 0.752
4 0.8 0.048 0.752
10 0.8 0.048 0.752
25 0.8 0.048 0.752
56 0.8 0.048 0.752
88 0.8 0.048 0.752
13 0.8 0.048 0.752
11 0.8 0.048 0.752
49 0.8 0.048 0.752
71 0.8 0.048 0.752
3 0.8 0.048 0.752
9 0.8 0.048 0.752
35 0.8 0.048 0.752
44 0.8 0.048 0.752
69 0.8 0.048 0.752
73 0.8 0.048 0.752
25 0.8 0.048 0.752
56 0.8 0.048 0.752
21 0.8 0.048 0.752
83 0.8 0.048 0.752
39 0.8 0.048 0.752
26 0.8 0.048 0.752
29 0.8 0.048 0.752
52 0.8 0.048 0.752
57 0.8 0.048 0.752
64 0.8 0.048 0.752
68 0.8 0.048 0.752
58 0.8 0.048 0.752
10 0.8 0.048 0.752
81 0.8 0.048 0.752
81 0.752 0.048 0.704
40 0.8 0.048 0.752
58 0.752 0.048 0.704
89 0.8 0.048 0.752
63 0.8 0.048 0.752
29 0.8 0.048 0.752
52 0.8 0.048 0.752
53 0.8 0.048 0.752
57 0.752 0.048 0.704
68 0.752 0.048 0.704
43 0.8 0.048 0.752
5 0.8 0.048 0.752
7 0.8 0.048 0.752
70 0.8 0.048 0.752
50 0.8 0.048 0.752
75 0.8 0.048 0.752
72 0.8 0.048 0.752
44 0.8 0.048 0.752
19 0.8 0.048 0.752
14 0.8 0.048 0.752
36 0.8 0.048 0.752
55 0.8 0.048 0.752
1 0.8 0.048 0.752
2 0.8 0.048 0.752
18 0.8 0.048 0.752
20 0.8 0.048 0.752
67 0.8 0.048 0.752
80 0.8 0.048 0.752
87 0.8 0.048 0.752
54 0.8 0.048 0.752
59 0.8 0.048 0.752
84 0.8 0.048 0.752
61 0.8 0.048 0.752
5 0.8 0.048 0.752
17 0.8 0.048 0.752
14 0.8 0.048 0.752
6 0.8 0.048 0.752
19 0.8 0.048 0.752
36 0.8 0.048 0.752
74 0.8 0.048 0.752
62 0.8 0.048 0.752
15 0.8 0.048 0.752
12 0.8 0.048 0.752
16 0.8 0.048 0.752
90 0.8 0.048 0.752
84 0.8 0.048 0.752
54 0.8 0.048 0.752
59 0.8 0.048 0.752
8 0.8 0.048 0.752
24 0.8 0.048 0.752
45 0.8 0.048 0.752
12 0.752 0.048 0.704
15 0.752 0.048 0.704
16 0.752 0.048 0.704
90 0.752 0.048 0.704
24 0.8 0.048 0.752
8 0.752 0.048 0.704
28 0.8 0.048 0.752
45 0.752 0.048 0.704
41 0.8 0.048 0.752
22 0.8 0.048 0.752
23 0.8 0.048 0.752
34 0.8 0.048 0.752
38 0.8 0.048 0.752
46 0.8 0.048 0.752
2 0.8 0.048 0.752
1 0.8 0.048 0.752
20 0.8 0.048 0.752
27 0.8 0.048 0.752
33 0.8 0.048 0.752
55 0.8 0.048 0.752
47 0.8 0.048 0.752
82 0.8 0.048 0.752
86 0.8 0.048 0.752
40 0.8 0.048 0.752
38 0.8 0.048 0.752
46 0.8 0.048 0.752
81 0.8 0.048 0.752
89 0.8 0.048 0.752
28 0.8 0.048 0.752
24 0.8 0.048 0.752
32 0.8 0.048 0.752
45 0.781197 0.048 0.733197
76 0.8 0.048 0.752
78 0.8 0.048 0.752
79 0.8 0.048 0.752
28 0.752 0.048 0.704
28 0.704 0.16 0.544
28 0.544 0.016 0.528
24 0.752 0.16 0.592
32 0.752 0.16 0.592
45 0.733197 0.16 0.573197
76 0.752 0.16 0.592
78 0.752 0.16 0.592
79 0.752 0.16 0.592
4 0.8 0.048 0.752
25 0.8 0.048 0.752
56 0.8 0.048 0.752
88 0.8 0.048 0.752
13 0.8 0.048 0.752
11 0.8 0.048 0.752
49 0.8 0.048 0.752
71 0.8 0.048 0.752
3 0.8 0.048 0.752
9 0.8 0.048 0.752
35 0.8 0.048 0.752
44 0.8 0.048 0.752
69 0.8 0.048 0.752
73 0.8 0.048 0.752
25 0.8 0.048 0.752
56 0.8 0.048 0.752
21 0.8 0.048 0.752
83 0.8 0.048 0.752
39 0.8 0.048 0.752
26 0.8 0.048 0.752
29 0.8 0.048 0.752
52 0.8 0.048 0.752
57 0.8 0.048 0.752
64 0.8 0.048 0.752
68 0.8 0.048 0.752
58 0.8 0.048 0.752
10 0.8 0.048 0.752
81 0.8 0.048 0.752
40 0.8 0.048 0.752
89 0.8 0.048 0.752
63 0.8 0.048 0.752
29 0.8 0.048 0.752
52 0.8 0.048 0.752
53 0.8 0.048 0.752
57 0.752 0.048 0.704
68 0.752 0.048 0.704
43 0.8 0.048 0.752
5 0.8 0.048 0.752
7 0.8 0.048 0.752
70 0.8 0.048 0.752
75 0.8 0.048 0.752
72 0.8 0.048 0.752
44 0.8 0.048 0.752
19 0.8 0.048 0.752
14 0.8 0.048 0.752
36 0.8 0.048 0.752
55 0.8 0.048 0.752
1 0.8 0.048 0.752
2 0.8 0.048 0.752
18 0.8 0.048 0.752
20 0.8 0.048 0.752
67 0.8 0.048 0.752
80 0.8 0.048 0.752
87 0.8 0.048 0.752
54 0.8 0.048 0.752
59 0.8 0.048 0.752
84 0.8 0.048 0.752
61 0.8 0.048 0.752
17 0.8 0.048 0.752
14 0.8 0.048 0.752
6 0.8 0.048 0.752
19 0.8 0.048 0.752
36 0.8 0.048 0.752
74 0.8 0.048 0.752
62 0.8 0.048 0.752
84 0.8 0.048 0.752
15 0.8 0.048 0.752
12 0.8 0.048 0.752
16 0.8 0.048 0.752
90 0.8 0.048 0.752
84 0.752 0.048 0.704
54 0.8 0.048 0.752
59 0.8 0.048 0.752
74 0.8 0.048 0.752
8 0.8 0.048 0.752
24 0.8 0.048 0.752
45 0.8 0.048 0.752
8 0.752 0.048 0.704
8 0.704 0.16 0.544
8 0.544 0.016 0.528
24 0.752 0.16 0.592
45 0.752 0.16 0.592
12 0.752 0.048 0.704
15 0.752 0.048 0.704
16 0.752 0.048 0.704
90 0.752 0.048 0.704
24 0.669251 0.048 0.621251
8 0.528 0.048 0.48
45 0.592 0.048 0.544
41 0.8 0.048 0.752
22 0.8 0.048 0.752
23 0.8 0.048 0.752
34 0.8 0.048 0.752
38 0.8 0.048 0.752
46 0.8 0.048 0.752
2 0.8 0.048 0.752
20 0.8 0.048 0.752
27 0.8 0.048 0.752
33 0.8 0.048 0.752
55 0.8 0.048 0.752
47 0.8 0.048 0.752
82 0.8 0.048 0.752
86 0.8 0.048 0.752
40 0.8 0.048 0.752
46 0.8 0.048 0.752
81 0.8 0.048 0.752
89 0.8 0.048 0.752
4 0.8 0.048 0.752
25 0.8 0.048 0.752
56 0.8 0.048 0.752
88 0.8 0.048 0.752
13 0.8 0.048 0.752
11 0.8 0.048 0.752
49 0.8 0.048 0.752
71 0.8 0.048 0.752
3 0.8 0.048 0.752
9 0.8 0.048 0.752
35 0.8 0.048 0.752
44 0.8 0.048 0.752
69 0.8 0.048 0.752
73 0.8 0.048 0.752
25 0.8 0.048 0.752
56 0.8 0.048 0.752
21 0.8 0.048 0.752
83 0.8 0.048 0.752
39 0.8 0.048 0.752
26 0.8 0.048 0.752
29 0.8 0.048 0.752
52 0.8 0.048 0.752
57 0.8 0.048 0.752
64 0.8 0.048 0.752
68 0.8 0.048 0.752
58 0.8 0.048 0.752
10 0.8 0.048 0.752
81 0.8 0.048 0.752
22 0.8 0.048 0.752
23 0.8 0.048 0.752
40 0.8 0.048 0.752
46 0.8 0.048 0.752
89 0.8 0.048 0.752
81 0.752 0.048 0.704
81 0.704 0.16 0.544
22 0.752 0.16 0.592
22 0.592 0.016 0.576
81 0.544 0.016 0.528
22 0.576 0.048 0.528
23 0.752 0.048 0.704
34 0.8 0.048 0.752
38 0.8 0.048 0.752
41 0.8 0.048 0.752
46 0.752 0.048 0.704
81 0.528 0.048 0.48
89 0.752 0.048 0.704
23 0.704 0.16 0.544
40 0.752 0.16 0.592
46 0.704 0.16 0.544
89 0.704 0.16 0.544
63 0.8 0.048 0.752
29 0.8 0.048 0.752
53 0.8 0.048 0.752
68 0.752 0.048 0.704
85 0.8 0.048 0.752
43 0.8 0.048 0.752
5 0.8 0.048 0.752
7 0.8 0.048 0.752
70 0.8 0.048 0.752
75 0.8 0.048 0.752
72 0.8 0.048 0.752
44 0.8 0.048 0.752
19 0.8 0.048 0.752
6 0.8 0.048 0.752
14 0.8 0.048 0.752
36 0.8 0.048 0.752
55 0.8 0.048 0.752
1 0.8 0.048 0.752
2 0.8 0.048 0.752
18 0.8 0.048 0.752
20 0.8 0.048 0.752
80 0.8 0.048 0.752
87 0.8 0.048 0.752
54 0.8 0.048 0.752
59 0.8 0.048 0.752
84 0.8 0.048 0.752
61 0.8 0.048 0.752
17 0.8 0.048 0.752
14 0.8 0.048 0.752
6 0.8 0.048 0.752
19 0.8 0.048 0.752
36 0.8 0.048 0.752
74 0.8 0.048 0.752
59 0.8 0.048 0.752
62 0.8 0.048 0.752
84 0.8 0.048 0.752
15 0.8 0.048 0.752
12 0.8 0.048 0.752
16 0.8 0.048 0.752
90 0.8 0.048 0.752
84 0.752 0.048 0.704
54 0.8 0.048 0.752
59 0.752 0.048 0.704
74 0.8 0.048 0.752
12 0.752 0.048 0.704
15 0.752 0.048 0.704
16 0.752 0.048 0.704
24 0.8 0.048 0.752
8 0.8 0.048 0.752
28 0.8 0.048 0.752
45 0.8 0.048 0.752
24 0.752 0.096 0.656
24 0.656 0.16 0.496
8 0.752 0.16 0.592
8 0.592 0.016 0.576
24 0.496 0.016 0.48
8 0.576 0.048 0.528
24 0.48 0.048 0.432
28 0.752 0.16 0.592
45 0.752 0.16 0.592
41 0.8 0.048 0.752
22 0.746321 0.048 0.698321
23 0.76779 0.048 0.71979
34 0.8 0.048 0.752
38 0.8 0.048 0.752
46 0.764913 0.048 0.716913
2 0.8 0.048 0.752
27 0.8 0.048 0.752
33 0.8 0.048 0.752
55 0.8 0.048 0.752
85 0.8 0.048 0.752
47 0.8 0.048 0.752
82 0.8 0.048 0.752
86 0.8 0.048 0.752
47 0.752 0.048 0.704
47 0.704 0.16 0.544
47 0.544 0.016 0.528
82 0.752 0.16 0.592
86 0.752 0.16 0.592
40 0.8 0.048 0.752
38 0.8 0.048 0.752
46 0.795611 0.048 0.747611
81 0.703961 0.048 0.655961
89 0.763964 0.048 0.715964
40 0.752 0.048 0.704
40 0.704 0.16 0.544
38 0.752 0.16 0.592
46 0.747611 0.16 0.587611
81 0.655961 0.16 0.495961
89 0.715964 0.16 0.555964
4 0.8 0.048 0.752
25 0.8 0.048 0.752
56 0.8 0.048 0.752
88 0.8 0.048 0.752
13 0.8 0.048 0.752
11 0.8 0.048 0.752
49 0.8 0.048 0.752
71 0.8 0.048 0.752
3 0.8 0.048 0.752
9 0.8 0.048 0.752
35 0.8 0.048 0.752
44 0.8 0.048 0.752
69 0.8 0.048 0.752
73 0.8 0.048 0.752
25 0.8 0.048 0.752
56 0.8 0.048 0.752
21 0.8 0.048 0.752
83 0.8 0.048 0.752
39 0.8 0.048 0.752
26 0.8 0.048 0.752
52 0.8 0.048 0.752
57 0.8 0.048 0.752
64 0.8 0.048 0.752
68 0.8 0.048 0.752
58 0.8 0.048 0.752
10 0.8 0.048 0.752
88 0.8 0.048 0.752
22 0.8 0.048 0.752
23 0.8 0.048 0.752
34 0.8 0.048 0.752
38 0.670888 0.048 0.622888
41 0.8 0.048 0.752
46 0.665694 0.048 0.617694
89 0.709139 0.048 0.661139
63 0.8 0.048 0.752
29 0.8 0.048 0.752
53 0.8 0.048 0.752
68 0.752 0.048 0.704
43 0.8 0.048 0.752
5 0.8 0.048 0.752
7 0.8 0.048 0.752
70 0.8 0.048 0.752
75 0.8 0.048 0.752
72 0.8 0.048 0.752
19 0.8 0.048 0.752
14 0.8 0.048 0.752
36 0.8 0.048 0.752
55 0.8 0.048 0.752
1 0.8 0.048 0.752
2 0.8 0.048 0.752
18 0.8 0.048 0.752
20 0.8 0.048 0.752
80 0.8 0.048 0.752
87 0.8 0.048 0.752
54 0.8 0.048 0.752
59 0.8 0.048 0.752
84 0.8 0.048 0.752
61 0.8 0.048 0.752
17 0.8 0.048 0.752
83 0.8 0.048 0.752
14 0.8 0.048 0.752
6 0.8 0.048 0.752
19 0.8 0.048 0.752
36 0.8 0.048 0.752
74 0.8 0.048 0.752
59 0.8 0.048 0.752
62 0.8 0.048 0.752
84 0.8 0.048 0.752
15 0.8 0.048 0.752
12 0.8 0.048 0.752
16 0.8 0.048 0.752
90 0.8 0.048 0.752
84 0.752 0.048 0.704
54 0.8 0.048 0.752
59 0.752 0.048 0.704
74 0.8 0.048 0.752
12 0.752 0.048 0.704
15 0.752 0.048 0.704
16 0.752 0.048 0.704
90 0.752 0.048 0.704
8 0.8 0.048 0.752
24 0.8 0.048 0.752
41 0.8 0.048 0.752
22 0.8 0.048 0.752
23 0.8 0.048 0.752
34 0.8 0.048 0.752
38 0.8 0.048 0.752
2 0.8 0.048 0.752
27 0.8 0.048 0.752
33 0.8 0.048 0.752
53 0.8 0.048 0.752
55 0.8 0.048 0.752
4 0.8 0.048 0.752
25 0.8 0.048 0.752
56 0.8 0.048 0.752
88 0.8 0.048 0.752
13 0.8 0.048 0.752
11 0.8 0.048 0.752
49 0.8 0.048 0.752
71 0.8 0.048 0.752
3 0.8 0.048 0.752
9 0.8 0.048 0.752
35 0.8 0.048 0.752
44 0.8 0.048 0.752
69 0.8 0.048 0.752
73 0.8 0.048 0.752
25 0.8 0.048 0.752
56 0.8 0.048 0.752
73 0.752 0.048 0.704
73 0.704 0.16 0.544
73 0.544 0.016 0.528
25 0.752 0.16 0.592
56 0.752 0.16 0.592
21 0.8 0.048 0.752
83 0.8 0.048 0.752
39 0.8 0.048 0.752
26 0.8 0.048 0.752
29 0.8 0.048 0.752
52 0.8 0.048 0.752
57 0.8 0.048 0.752
64 0.8 0.048 0.752
68 0.8 0.048 0.752
58 0.8 0.048 0.752
10 0.8 0.048 0.752
88 0.8 0.048 0.752
22 0.8 0.048 0.752
23 0.8 0.048 0.752
34 0.8 0.048 0.752
38 0.8 0.048 0.752
41 0.8 0.048 0.752
46 0.8 0.048 0.752
81 0.8 0.048 0.752
89 0.8 0.048 0.752
63 0.8 0.048 0.752
29 0.8 0.048 0.752
53 0.8 0.048 0.752
68 0.752 0.048 0.704
43 0.8 0.048 0.752
5 0.8 0.048 0.752
7 0.8 0.048 0.752
70 0.8 0.048 0.752
75 0.8 0.048 0.752
72 0.8 0.048 0.752
44 0.8 0.048 0.752
19 0.8 0.048 0.752
6 0.8 0.048 0.752
14 0.8 0.048 0.752
36 0.8 0.048 0.752
55 0.8 0.048 0.752
1 0.8 0.048 0.752
2 0.8 0.048 0.752
18 0.8 0.048 0.752
20 0.8 0.048 0.752
80 0.8 0.048 0.752
87 0.8 0.048 0.752
54 0.8 0.048 0.752
59 0.8 0.048 0.752
84 0.8 0.048 0.752
61 0.8 0.048 0.752
17 0.8 0.048 0.752
14 0.8 0.048 0.752
6 0.8 0.048 0.752
19 0.8 0.048 0.752
74 0.8 0.048 0.752
62 0.8 0.048 0.752
84 0.8 0.048 0.752
15 0.8 0.048 0.752
12 0.8 0.048 0.752
16 0.8 0.048 0.752
90 0.8 0.048 0.752
84 0.752 0.048 0.704
54 0.8 0.048 0.752
59 0.8 0.048 0.752
74 0.8 0.048 0.752
12 0.752 0.048 0.704
15 0.752 0.048 0.704
16 0.752 0.048 0.704
90 0.752 0.048 0.704
8 0.8 0.048 0.752
24 0.8 0.048 0.752
28 0.8 0.048 0.752
8 0.752 0.048 0.704
8 0.704 0.16 0.544
24 0.752 0.16 0.592
28 0.752 0.16 0.592
28 0.592 0.016 0.576
8 0.544 0.016 0.528
28 0.576 0.048 0.528
8 0.528 0.048 0.48
24 0.592 0.048 0.544
45 0.8 0.048 0.752
76 0.8 0.048 0.752
78 0.8 0.048 0.752
79 0.8 0.048 0.752
41 0.8 0.048 0.752
22 0.8 0.048 0.752
23 0.8 0.048 0.752
34 0.8 0.048 0.752
38 0.8 0.048 0.752
46 0.8 0.048 0.752
2 0.8 0.048 0.752
1 0.8 0.048 0.752
27 0.8 0.048 0.752
33 0.8 0.048 0.752
55 0.8 0.048 0.752
4 0.8 0.048 0.752
25 0.8 0.048 0.752
56 0.8 0.048 0.752
88 0.8 0.048 0.752
13 0.8 0.048 0.752
11 0.8 0.048 0.752
71 0.8 0.048 0.752
3 0.8 0.048 0.752
9 0.8 0.048 0.752
35 0.8 0.048 0.752
44 0.8 0.048 0.752
69 0.8 0.048 0.752
21 0.8 0.048 0.752
83 0.8 0.048 0.752
39 0.8 0.048 0.752
26 0.8 0.048 0.752
29 0.8 0.048 0.752
52 0.8 0.048 0.752
57 0.8 0.048 0.752
64 0.8 0.048 0.752
58 0.8 0.048 0.752
10 0.8 0.048 0.752
88 0.8 0.048 0.752
58 0.752 0.048 0.704
58 0.704 0.16 0.544
58 0.544 0.016 0.528
10 0.752 0.16 0.592
88 0.752 0.16 0.592
22 0.8 0.048 0.752
23 0.8 0.048 0.752
34 0.8 0.048 0.752
38 0.8 0.048 0.752
46 0.8 0.048 0.752
81 0.8 0.048 0.752
89 0.8 0.048 0.752
63 0.8 0.048 0.752
29 0.8 0.048 0.752
53 0.8 0.048 0.752
68 0.8 0.048 0.752
43 0.8 0.048 0.752
5 0.8 0.048 0.752
7 0.8 0.048 0.752
70 0.8 0.048 0.752
75 0.8 0.048 0.752
72 0.8 0.048 0.752
19 0.8 0.048 0.752
6 0.8 0.048 0.752
14 0.8 0.048 0.752
36 0.8 0.048 0.752
55 0.8 0.048 0.752
1 0.8 0.048 0.752
2 0.8 0.048 0.752
18 0.8 0.048 0.752
20 0.8 0.048 0.752
80 0.8 0.048 0.752
87 0.8 0.048 0.752
54 0.8 0.048 0.752
16 0.8 0.048 0.752
59 0.8 0.048 0.752
84 0.8 0.048 0.752
61 0.8 0.048 0.752
17 0.8 0.048 0.752
14 0.8 0.048 0.752
6 0.8 0.048 0.752
19 0.8 0.048 0.752
36 0.8 0.048 0.752
74 0.8 0.048 0.752
59 0.8 0.048 0.752
62 0.8 0.048 0.752
84 0.8 0.048 0.752
15 0.8 0.048 0.752
12 0.8 0.048 0.752
16 0.8 0.048 0.752
90 0.8 0.048 0.752
84 0.752 0.048 0.704
54 0.8 0.048 0.752
59 0.752 0.048 0.704
74 0.8 0.048 0.752
12 0.752 0.048 0.704
15 0.752 0.048 0.704
16 0.752 0.048 0.704
90 0.752 0.048 0.704
28 0.8 0.048 0.752
8 0.8 0.048 0.752
24 0.8 0.048 0.752
45 0.8 0.048 0.752
79 0.8 0.048 0.752
41 0.8 0.048 0.752
22 0.8 0.048 0.752
23 0.8 0.048 0.752
34 0.8 0.048 0.752
38 0.8 0.048 0.752
46 0.8 0.048 0.752
41 0.752 0.048 0.704
41 0.704 0.16 0.544
41 0.544 0.016 0.528
22 0.752 0.16 0.592
23 0.752 0.16 0.592
34 0.752 0.16 0.592
38 0.752 0.16 0.592
46 0.752 0.16 0.592
2 0.8 0.048 0.752
1 0.8 0.048 0.752
27 0.8 0.048 0.752
33 0.8 0.048 0.752
55 0.8 0.048 0.752
4 0.8 0.048 0.752
25 0.8 0.048 0.752
56 0.8 0.048 0.752
88 0.8 0.048 0.752
13 0.8 0.048 0.752
11 0.8 0.048 0.752
71 0.8 0.048 0.752
9 0.8 0.048 0.752
35 0.8 0.048 0.752
44 0.8 0.048 0.752
69 0.8 0.048 0.752
21 0.8 0.048 0.752
83 0.8 0.048 0.752
39 0.8 0.048 0.752
26 0.8 0.048 0.752
29 0.8 0.048 0.752
52 0.8 0.048 0.752
57 0.8 0.048 0.752
64 0.8 0.048 0.752
22 0.738249 0.048 0.690249
23 0.737463 0.048 0.689463
34 0.8 0.048 0.752
38 0.742434 0.048 0.694434
41 0.750751 0.048 0.702751
46 0.739078 0.048 0.691078
81 0.8 0.048 0.752
89 0.8 0.048 0.752
22 0.690249 0.048 0.642249
22 0.642249 0.16 0.482249
23 0.689463 0.16 0.529463
34 0.752 0.16 0.592
38 0.694434 0.16 0.534434
41 0.702751 0.16 0.542751
41 0.542751 0.016 0.526751
22 0.482249 0.016 0.466249
41 0.526751 0.048 0.478751
22 0.466249 0.048 0.418249
23 0.529463 0.048 0.481463
34 0.592 0.048 0.544
38 0.534434 0.048 0.486434
46 0.691078 0.048 0.643078
46 0.643078 0.16 0.483078
81 0.752 0.16 0.592
89 0.752 0.16 0.592
63 0.8 0.048 0.752
29 0.8 0.048 0.752
52 0.8 0.048 0.752
53 0.8 0.048 0.752
68 0.8 0.048 0.752
85 0.8 0.048 0.752
43 0.8 0.048 0.752
5 0.8 0.048 0.752
7 0.8 0.048 0.752
70 0.8 0.048 0.752
75 0.8 0.048 0.752
72 0.8 0.048 0.752
44 0.8 0.048 0.752
19 0.8 0.048 0.752
6 0.8 0.048 0.752
14 0.8 0.048 0.752
36 0.8 0.048 0.752
19 0.752 0.048 0.704
19 0.704 0.16 0.544
19 0.544 0.016 0.528
6 0.752 0.16 0.592
14 0.752 0.16 0.592
36 0.752 0.16 0.592
55 0.8 0.048 0.752
1 0.8 0.048 0.752
2 0.8 0.048 0.752
18 0.8 0.048 0.752
20 0.8 0.048 0.752
80 0.8 0.048 0.752
87 0.8 0.048 0.752
54 0.8 0.048 0.752
59 0.8 0.048 0.752
84 0.8 0.048 0.752
61 0.8 0.048 0.752
17 0.8 0.048 0.752
14 0.666015 0.048 0.618015
6 0.668881 0.048 0.620881
19 0.607131 0.048 0.559131
36 0.666649 0.048 0.618649
14 0.618015 0.048 0.570015
14 0.570015 0.16 0.410015
6 0.620881 0.16 0.460881
19 0.559131 0.16 0.399131
36 0.618649 0.16 0.458649
74 0.8 0.048 0.752
59 0.8 0.048 0.752
62 0.8 0.048 0.752
84 0.8 0.048 0.752
15 0.8 0.048 0.752
12 0.8 0.048 0.752
16 0.8 0.048 0.752
90 0.8 0.048 0.752
84 0.752 0.048 0.704
54 0.8 0.048 0.752
59 0.752 0.048 0.704
74 0.8 0.048 0.752
12 0.752 0.048 0.704
15 0.752 0.048 0.704
16 0.752 0.048 0.704
90 0.752 0.048 0.704
28 0.8 0.048 0.752
24 0.8 0.048 0.752
45 0.8 0.048 0.752
76 0.8 0.048 0.752
78 0.8 0.048 0.752
79 0.8 0.048 0.752
2 0.8 0.048 0.752
27 0.8 0.048 0.752
33 0.8 0.048 0.752
85 0.8 0.048 0.752
4 0.8 0.048 0.752
10 0.8 0.048 0.752
25 0.8 0.048 0.752
56 0.8 0.048 0.752
88 0.8 0.048 0.752
13 0.8 0.048 0.752
11 0.8 0.048 0.752
49 0.8 0.048 0.752
71 0.8 0.048 0.752
35 0.8 0.048 0.752
44 0.8 0.048 0.752
69 0.8 0.048 0.752
21 0.8 0.048 0.752
83 0.8 0.048 0.752
39 0.8 0.048 0.752
26 0.8 0.048 0.752
29 0.8 0.048 0.752
52 0.8 0.048 0.752
57 0.8 0.048 0.752
64 0.8 0.048 0.752
41 0.8 0.048 0.752
22 0.797331 0.048 0.749331
23 0.8 0.048 0.752
34 0.8 0.048 0.752
38 0.8 0.048 0.752
46 0.8 0.048 0.752
63 0.8 0.048 0.752
29 0.8 0.048 0.752
52 0.8 0.048 0.752
53 0.8 0.048 0.752
68 0.8 0.048 0.752
43 0.8 0.048 0.752
5 0.8 0.048 0.752
7 0.8 0.048 0.752
70 0.8 0.048 0.752
42 0.8 0.048 0.752
75 0.8 0.048 0.752
72 0.8 0.048 0.752
55 0.8 0.048 0.752
1 0.8 0.048 0.752
18 0.8 0.048 0.752
20 0.8 0.048 0.752
80 0.8 0.048 0.752
87 0.8 0.048 0.752
54 0.8 0.048 0.752
16 0.8 0.048 0.752
59 0.8 0.048 0.752
84 0.8 0.048 0.752
54 0.752 0.048 0.704
54 0.704 0.16 0.544
54 0.544 0.016 0.528
16 0.752 0.16 0.592
59 0.752 0.16 0.592
84 0.752 0.16 0.592
61 0.8 0.048 0.752
17 0.8 0.048 0.752
74 0.8 0.048 0.752
59 0.667804 0.048 0.619804
62 0.8 0.048 0.752
84 0.664213 0.048 0.616213
74 0.752 0.048 0.704
74 0.704 0.16 0.544
74 0.544 0.016 0.528
59 0.619804 0.16 0.459804
62 0.752 0.16 0.592
84 0.616213 0.16 0.456213
15 0.8 0.048 0.752
12 0.8 0.048 0.752
16 0.66672 0.048 0.61872
90 0.8 0.048 0.752
84 0.456213 0.048 0.408213
54 0.599669 0.048 0.551669
59 0.459804 0.048 0.411804
74 0.603831 0.048 0.555831
84 0.408213 0.096 0.312213
84 0.312213 0.16 0.152213
84 0.152213 0.016 0.136213
54 0.551669 0.16 0.391669
59 0.411804 0.16 0.251804
74 0.555831 0.16 0.395831
12 0.752 0.048 0.704
15 0.752 0.048 0.704
16 0.61872 0.048 0.57072
90 0.752 0.048 0.704
28 0.8 0.048 0.752
8 0.8 0.048 0.752
24 0.8 0.048 0.752
45 0.8 0.048 0.752
76 0.8 0.048 0.752
78 0.8 0.048 0.752
79 0.8 0.048 0.752
2 0.8 0.048 0.752
20 0.8 0.048 0.752
27 0.8 0.048 0.752
33 0.8 0.048 0.752
85 0.8 0.048 0.752
4 0.8 0.048 0.752
25 0.8 0.048 0.752
56 0.8 0.048 0.752
73 0.8 0.048 0.752
88 0.8 0.048 0.752
13 0.8 0.048 0.752
11 0.8 0.048 0.752
49 0.8 0.048 0.752
71 0.8 0.048 0.752
35 0.8 0.048 0.752
44 0.8 0.048 0.752
69 0.8 0.048 0.752
21 0.8 0.048 0.752
83 0.8 0.048 0.752
39 0.8 0.048 0.752
26 0.8 0.048 0.752
29 0.8 0.048 0.752
52 0.8 0.048 0.752
57 0.8 0.048 0.752
64 0.8 0.048 0.752
41 0.8 0.048 0.752
22 0.8 0.048 0.752
23 0.8 0.048 0.752
34 0.8 0.048 0.752
38 0.8 0.048 0.752
46 0.8 0.048 0.752
63 0.8 0.048 0.752
29 0.8 0.048 0.752
52 0.8 0.048 0.752
53 0.8 0.048 0.752
68 0.8 0.048 0.752
85 0.8 0.048 0.752
43 0.8 0.048 0.752
5 0.8 0.048 0.752
7 0.8 0.048 0.752
70 0.8 0.048 0.752
75 0.8 0.048 0.752
72 0.8 0.048 0.752
55 0.8 0.048 0.752
1 0.8 0.048 0.752
2 0.8 0.048 0.752
18 0.8 0.048 0.752
20 0.8 0.048 0.752
80 0.8 0.048 0.752
87 0.8 0.048 0.752
61 0.8 0.048 0.752
5 0.8 0.048 0.752
7 0.8 0.048 0.752
17 0.8 0.048 0.752
15 0.8 0.048 0.752
12 0.8 0.048 0.752
16 0.8 0.048 0.752
90 0.8 0.048 0.752
12 0.752 0.048 0.704
15 0.752 0.048 0.704
16 0.752 0.048 0.704
90 0.752 0.048 0.704
28 0.8 0.048 0.752
8 0.8 0.048 0.752
24 0.8 0.048 0.752
45 0.8 0.048 0.752
76 0.8 0.048 0.752
78 0.8 0.048 0.752
79 0.8 0.048 0.752
2 0.8 0.048 0.752
20 0.8 0.048 0.752
27 0.8 0.048 0.752
33 0.8 0.048 0.752
55 0.8 0.048 0.752
85 0.8 0.048 0.752
4 0.8 0.048 0.752
25 0.8 0.048 0.752
56 0.8 0.048 0.752
88 0.8 0.048 0.752
13 0.8 0.048 0.752
11 0.8 0.048 0.752
49 0.8 0.048 0.752
71 0.8 0.048 0.752
9 0.8 0.048 0.752
35 0.8 0.048 0.752
44 0.8 0.048 0.752
69 0.8 0.048 0.752
21 0.8 0.048 0.752
83 0.8 0.048 0.752
39 0.8 0.048 0.752
26 0.8 0.048 0.752
52 0.8 0.048 0.752
57 0.8 0.048 0.752
64 0.8 0.048 0.752
41 0.8 0.048 0.752
22 0.8 0.048 0.752
23 0.8 0.048 0.752
34 0.8 0.048 0.752
38 0.8 0.048 0.752
46 0.8 0.048 0.752
63 0.8 0.048 0.752
29 0.8 0.048 0.752
53 0.8 0.048 0.752
68 0.8 0.048 0.752
85 0.8 0.048 0.752
63 0.752 0.048 0.704
63 0.704 0.16 0.544
63 0.544 0.016 0.528
29 0.752 0.16 0.592
53 0.752 0.16 0.592
68 0.752 0.16 0.592
85 0.752 0.16 0.592
43 0.8 0.048 0.752
5 0.8 0.048 0.752
7 0.8 0.048 0.752
70 0.8 0.048 0.752
42 0.8 0.048 0.752
75 0.8 0.048 0.752
72 0.8 0.048 0.752
44 0.8 0.048 0.752
55 0.8 0.048 0.752
1 0.8 0.048 0.752
2 0.8 0.048 0.752
18 0.8 0.048 0.752
20 0.8 0.048 0.752
33 0.8 0.048 0.752
80 0.8 0.048 0.752
87 0.8 0.048 0.752
55 0.752 0.048 0.704
55 0.704 0.16 0.544
55 0.544 0.016 0.528
1 0.752 0.16 0.592
2 0.752 0.16 0.592
18 0.752 0.16 0.592
20 0.752 0.16 0.592
33 0.752 0.16 0.592
80 0.752 0.16 0.592
87 0.752 0.16 0.592
61 0.8 0.048 0.752
7 0.8 0.048 0.752
17 0.8 0.048 0.752
15 0.8 0.048 0.752
12 0.8 0.048 0.752
16 0.8 0.048 0.752
90 0.8 0.048 0.752
12 0.752 0.048 0.704
15 0.752 0.048 0.704
16 0.752 0.048 0.704
90 0.752 0.048 0.704
28 0.8 0.048 0.752
8 0.8 0.048 0.752
24 0.8 0.048 0.752
45 0.8 0.048 0.752
76 0.8 0.048 0.752
78 0.8 0.048 0.752
79 0.8 0.048 0.752
2 0.669668 0.048 0.621668
27 0.8 0.048 0.752
33 0.667827 0.048 0.619827
53 0.743784 0.048 0.695784
55 0.606505 0.048 0.558505
85 0.8 0.048 0.752
2 0.621668 0.048 0.573668
2 0.573668 0.16 0.413668
27 0.752 0.16 0.592
33 0.619827 0.16 0.459827
53 0.695784 0.16 0.535784
55 0.558505 0.16 0.398505
85 0.752 0.16 0.592
4 0.8 0.048 0.752
25 0.8 0.048 0.752
56 0.8 0.048 0.752
73 0.8 0.048 0.752
88 0.8 0.048 0.752
13 0.8 0.048 0.752
11 0.8 0.048 0.752
49 0.8 0.048 0.752
71 0.8 0.048 0.752
35 0.8 0.048 0.752
44 0.8 0.048 0.752
69 0.8 0.048 0.752
21 0.8 0.048 0.752
83 0.8 0.048 0.752
39 0.8 0.048 0.752
26 0.8 0.048 0.752
52 0.8 0.048 0.752
57 0.8 0.048 0.752
64 0.8 0.048 0.752
41 0.8 0.048 0.752
22 0.8 0.048 0.752
23 0.8 0.048 0.752
34 0.8 0.048 0.752
38 0.8 0.048 0.752
46 0.8 0.048 0.752
43 0.8 0.048 0.752
5 0.8 0.048 0.752
7 0.8 0.048 0.752
70 0.8 0.048 0.752
42 0.8 0.048 0.752
75 0.8 0.048 0.752
72 0.8 0.048 0.752
72 0.752 0.048 0.704
72 0.704 0.16 0.544
72 0.544 0.016 0.528
61 0.8 0.048 0.752
7 0.8 0.048 0.752
17 0.8 0.048 0.752
15 0.8 0.048 0.752
12 0.8 0.048 0.752
16 0.8 0.048 0.752
90 0.8 0.048 0.752
