28 574
4 574
21 574
14 574
23 575
49 575
42 576
18 576
29 577
17 574
21 578
19 580
22 580
9 583
34 583
31 575
27 584
20 584
15 585
41 585
7 585
3 586
25 581
24 587
14 579
37 589
33 590
45 591
8 591
4 592
38 593
36 593
16 588
47 594
1 594
31 595
32 596
6 597
39 598
4 598
26 598
40 599
34 601
28 602
42 605
27 605
2 599
11 606
2 607
9 601
12 583
44 609
50 610
48 612
4 612
38 605
41 613
38 615
9 615
27 616
15 613
46 582
45 610
9 620
29 586
42 616
19 617
3 614
50 623
43 589
37 618
45 623
48 625
45 626
27 627
14 621
35 603
41 629
43 631
40 607
2 628
12 611
34 615
6 619
5 597
19 632
32 622
13 596
30 604
31 624
23 600
4 625
39 612
10 608
