95 612
11 612
30 612
85 612
48 612
12 612
67 612
93 612
49 612
78 612
53 612
16 612
41 612
56 612
64 612
50 612
18 612
23 612
72 612
99 614
34 614
24 615
28 615
59 615
75 616
35 616
39 616
65 616
82 616
92 616
38 616
62 616
84 616
4 616
88 616
1 616
21 616
98 616
44 612
69 617
42 617
100 617
6 617
14 617
19 617
36 617
51 617
26 617
76 618
55 618
40 619
8 619
13 619
15 619
32 619
46 619
66 619
77 619
54 619
5 619
91 619
22 619
43 619
86 619
61 620
29 620
57 621
52 613
7 619
45 624
74 624
64 625
50 625
56 625
16 625
41 625
53 625
78 625
49 625
67 625
30 625
95 625
11 625
85 625
93 625
96 626
2 626
9 626
17 626
83 627
3 627
27 627
38 628
35 628
88 628
75 628
1 628
92 628
21 628
42 629
100 629
58 616
98 628
13 630
40 630
77 630
91 630
5 630
81 616
82 628
84 628
73 616
10 613
49 634
67 634
78 634
30 634
53 634
95 634
85 634
52 635
56 636
64 636
80 622
34 637
35 638
38 638
75 638
88 638
1 638
21 638
90 626
40 640
13 640
77 640
41 634
56 634
92 638
84 638
96 632
90 632
42 641
47 626
24 631
87 615
20 623
33 621
57 643
33 643
76 639
95 645
94 618
69 629
49 646
78 646
53 646
41 646
10 648
100 641
21 649
1 649
88 649
38 649
35 649
75 649
92 649
51 629
37 617
68 620
61 633
68 633
96 650
77 651
40 651
99 637
24 652
63 614
34 654
63 654
99 654
33 655
25 612
72 625
25 625
50 636
72 636
25 636
64 634
50 634
72 634
25 634
88 656
1 656
38 656
35 656
75 656
56 646
64 646
50 646
72 646
31 612
94 658
51 659
37 659
100 659
42 659
49 660
78 660
53 660
31 660
41 660
56 660
64 660
50 660
67 646
89 612
30 645
89 645
67 645
49 645
78 645
53 645
41 645
56 645
64 645
95 653
30 653
89 653
67 653
49 653
78 653
53 653
41 653
56 653
85 645
93 634
40 663
44 625
60 627
83 644
60 644
99 664
79 624
45 642
79 642
75 665
35 665
38 665
88 665
68 666
7 630
51 667
100 667
91 640
7 640
77 663
91 663
7 663
13 651
54 640
97 619
58 628
83 671
53 672
41 672
78 672
49 672
67 672
89 672
30 672
85 672
93 672
98 638
58 638
21 656
98 656
1 665
21 665
81 638
70 616
82 638
71 616
88 673
1 673
38 673
35 673
71 673
82 673
75 673
84 649
92 656
84 656
73 638
7 674
91 674
77 674
40 674
13 674
10 662
52 648
51 675
45 677
80 647
96 670
90 650
30 679
85 679
89 679
67 679
49 679
78 679
53 679
47 650
24 668
87 652
82 681
38 681
88 681
20 657
75 681
92 681
84 681
73 681
10 681
33 661
57 655
91 682
77 682
40 682
76 658
94 669
76 669
69 659
42 667
69 667
100 675
51 684
100 684
49 686
67 686
78 686
89 686
30 686
68 678
61 666
82 688
38 688
99 676
34 664
84 690
73 690
87 691
25 646
91 692
77 692
72 660
25 660
50 645
72 645
25 645
64 653
50 653
72 653
25 653
56 672
64 672
50 672
72 672
25 672
57 693
