15 50 0.048 49.952
28 50 0.048 49.952
7 50 0.048 49.952
9 50 0.048 49.952
28 49.952 0.16 49.792
7 49.952 0.16 49.792
7 49.792 0.048 49.744
9 49.952 0.048 49.904
28 49.792 0.048 49.744
7 49.744 0.16 49.584
9 49.904 0.16 49.744
9 49.744 0.16 49.584
9 49.584 0.048 49.536
7 49.584 0.048 49.536
28 49.744 0.048 49.696
28 49.696 0.16 49.536
29 50 0.048 49.952
14 50 0.048 49.952
4 50 0.048 49.952
14 49.952 0.16 49.792
4 49.952 0.16 49.792
4 49.792 0.048 49.744
14 49.792 0.048 49.744
15 50 0.048 49.952
23 50 0.048 49.952
16 50 0.048 49.952
23 49.952 0.16 49.792
16 49.952 0.16 49.792
16 49.792 0.048 49.744
23 49.792 0.048 49.744
6 50 0.048 49.952
9 49.6562 0.048 49.6082
7 49.8965 0.048 49.8485
28 49.8468 0.048 49.7988
29 50 0.048 49.952
4 50 0.048 49.952
14 50 0.048 49.952
15 50 0.048 49.952
16 49.9748 0.048 49.9268
23 49.9932 0.048 49.9452
6 50 0.048 49.952
9 49.8052 0.048 49.7572
7 50 0.048 49.952
28 50 0.048 49.952
29 50 0.048 49.952
4 50 0.048 49.952
14 50 0.048 49.952
15 50 0.048 49.952
16 50 0.048 49.952
23 50 0.048 49.952
5 50 0.048 49.952
6 50 0.048 49.952
9 50 0.048 49.952
7 50 0.048 49.952
28 50 0.048 49.952
29 50 0.048 49.952
4 50 0.048 49.952
14 50 0.048 49.952
15 50 0.048 49.952
16 50 0.048 49.952
23 50 0.048 49.952
5 50 0.048 49.952
6 50 0.048 49.952
9 50 0.048 49.952
7 50 0.048 49.952
28 50 0.048 49.952
29 50 0.048 49.952
4 50 0.048 49.952
15 50 0.048 49.952
15 49.952 0.16 49.792
16 50 0.048 49.952
23 50 0.048 49.952
5 50 0.048 49.952
6 50 0.048 49.952
9 50 0.048 49.952
7 50 0.048 49.952
28 50 0.048 49.952
29 50 0.048 49.952
4 50 0.048 49.952
16 50 0.048 49.952
23 50 0.048 49.952
5 50 0.048 49.952
6 50 0.048 49.952
9 50 0.048 49.952
7 50 0.048 49.952
28 50 0.048 49.952
29 50 0.048 49.952
4 50 0.048 49.952
10 50 0.048 49.952
16 50 0.048 49.952
23 50 0.048 49.952
19 50 0.048 49.952
5 50 0.048 49.952
6 50 0.048 49.952
21 50 0.048 49.952
13 50 0.048 49.952
21 49.952 0.16 49.792
13 49.952 0.16 49.792
13 49.792 0.048 49.744
3 50 0.048 49.952
21 49.792 0.048 49.744
25 50 0.048 49.952
13 49.744 0.16 49.584
3 49.952 0.16 49.792
3 49.792 0.048 49.744
13 49.584 0.048 49.536
25 49.952 0.048 49.904
3 49.744 0.16 49.584
21 49.744 0.16 49.584
25 49.904 0.16 49.744
13 49.536 0.16 49.376
25 49.744 0.16 49.584
25 49.584 0.048 49.536
3 49.584 0.048 49.536
13 49.376 0.048 49.328
9 50 0.048 49.952
7 50 0.048 49.952
28 50 0.048 49.952
29 50 0.048 49.952
4 50 0.048 49.952
10 50 0.048 49.952
10 49.952 0.16 49.792
12 50 0.048 49.952
16 50 0.048 49.952
23 50 0.048 49.952
19 50 0.048 49.952
5 50 0.048 49.952
6 50 0.048 49.952
25 49.8239 0.048 49.7759
3 49.7397 0.048 49.6917
13 49.4948 0.048 49.4468
9 50 0.048 49.952
7 50 0.048 49.952
28 50 0.048 49.952
29 50 0.048 49.952
4 50 0.048 49.952
14 50 0.048 49.952
12 50 0.048 49.952
16 50 0.048 49.952
23 50 0.048 49.952
19 50 0.048 49.952
5 50 0.048 49.952
6 50 0.048 49.952
25 50 0.048 49.952
3 49.9285 0.048 49.8805
9 50 0.048 49.952
7 50 0.048 49.952
28 50 0.048 49.952
29 50 0.048 49.952
4 50 0.048 49.952
14 50 0.048 49.952
12 50 0.048 49.952
16 50 0.048 49.952
23 50 0.048 49.952
19 50 0.048 49.952
5 50 0.048 49.952
6 50 0.048 49.952
25 50 0.048 49.952
3 50 0.048 49.952
13 49.718 0.048 49.67
9 50 0.048 49.952
7 50 0.048 49.952
28 50 0.048 49.952
29 50 0.048 49.952
4 50 0.048 49.952
14 50 0.048 49.952
30 50 0.048 49.952
30 49.952 0.16 49.792
12 50 0.048 49.952
16 50 0.048 49.952
23 50 0.048 49.952
19 50 0.048 49.952
5 50 0.048 49.952
6 50 0.048 49.952
25 50 0.048 49.952
3 50 0.048 49.952
13 49.7854 0.048 49.7374
9 50 0.048 49.952
7 50 0.048 49.952
28 50 0.048 49.952
29 50 0.048 49.952
4 50 0.048 49.952
12 50 0.048 49.952
16 50 0.048 49.952
23 50 0.048 49.952
19 50 0.048 49.952
5 50 0.048 49.952
6 50 0.048 49.952
25 50 0.048 49.952
3 50 0.048 49.952
13 50 0.048 49.952
9 50 0.048 49.952
7 50 0.048 49.952
28 50 0.048 49.952
9 49.952 0.16 49.792
7 49.952 0.16 49.792
28 49.952 0.16 49.792
29 50 0.048 49.952
4 50 0.048 49.952
14 50 0.048 49.952
17 50 0.048 49.952
4 49.952 0.16 49.792
14 49.952 0.16 49.792
17 49.952 0.16 49.792
17 49.792 0.048 49.744
4 49.792 0.048 49.744
20 50 0.048 49.952
26 50 0.048 49.952
17 49.744 0.16 49.584
4 49.744 0.16 49.584
20 49.952 0.16 49.792
20 49.792 0.048 49.744
17 49.584 0.048 49.536
26 49.952 0.048 49.904
20 49.744 0.16 49.584
26 49.904 0.16 49.744
17 49.536 0.16 49.376
26 49.744 0.16 49.584
26 49.584 0.048 49.536
17 49.376 0.048 49.328
20 49.584 0.048 49.536
12 50 0.048 49.952
16 50 0.048 49.952
23 50 0.048 49.952
19 50 0.048 49.952
5 50 0.048 49.952
6 50 0.048 49.952
25 50 0.048 49.952
3 50 0.048 49.952
13 50 0.048 49.952
11 50 0.048 49.952
17 49.4428 0.048 49.3948
4 49.9616 0.048 49.9136
20 49.7517 0.048 49.7037
26 49.6682 0.048 49.6202
17 49.3948 0.16 49.2348
4 49.9136 0.16 49.7536
4 49.7536 0.048 49.7056
14 49.792 0.048 49.744
17 49.2348 0.048 49.1868
4 49.7056 0.16 49.5456
20 49.7037 0.16 49.5437
26 49.6202 0.16 49.4602
14 49.744 0.16 49.584
14 49.584 0.048 49.536
4 49.5456 0.048 49.4976
17 49.1868 0.16 49.0268
29 50 0.048 49.952
26 49.4602 0.048 49.4122
17 49.0268 0.048 48.9788
20 49.5437 0.048 49.4957
13 50 0.048 49.952
3 49.952 0.048 49.904
21 50 0.048 49.952
25 50 0.048 49.952
13 49.952 0.16 49.792
3 49.904 0.16 49.744
3 49.744 0.048 49.696
13 49.792 0.048 49.744
25 49.952 0.048 49.904
21 49.952 0.16 49.792
25 49.904 0.16 49.744
12 50 0.048 49.952
16 50 0.048 49.952
23 50 0.048 49.952
19 50 0.048 49.952
5 50 0.048 49.952
6 50 0.048 49.952
25 49.744 0.048 49.696
3 50 0.048 49.952
13 49.744 0.048 49.696
11 50 0.048 49.952
14 49.7868 0.048 49.7388
4 49.7852 0.048 49.7372
29 50 0.048 49.952
26 49.5198 0.048 49.4718
17 49.0865 0.048 49.0385
20 49.8954 0.048 49.8474
3 49.952 0.048 49.904
13 50 0.048 49.952
25 49.8605 0.048 49.8125
12 50 0.048 49.952
16 50 0.048 49.952
23 50 0.048 49.952
19 50 0.048 49.952
5 50 0.048 49.952
6 50 0.048 49.952
25 49.8125 0.048 49.7645
3 50 0.048 49.952
13 49.952 0.048 49.904
11 50 0.048 49.952
14 50 0.048 49.952
4 49.8988 0.048 49.8508
29 50 0.048 49.952
26 49.615 0.048 49.567
17 49.398 0.048 49.35
20 50 0.048 49.952
3 49.952 0.048 49.904
13 50 0.048 49.952
25 49.9564 0.048 49.9084
12 50 0.048 49.952
16 50 0.048 49.952
23 50 0.048 49.952
16 49.952 0.16 49.792
23 49.952 0.16 49.792
19 50 0.048 49.952
5 50 0.048 49.952
6 50 0.048 49.952
25 49.9084 0.048 49.8604
3 50 0.048 49.952
13 49.952 0.048 49.904
11 50 0.048 49.952
14 50 0.048 49.952
5 49.952 0.048 49.904
29 50 0.048 49.952
26 49.9659 0.048 49.9179
17 49.5967 0.048 49.5487
20 50 0.048 49.952
3 49.952 0.048 49.904
13 50 0.048 49.952
25 49.9759 0.048 49.9279
12 50 0.048 49.952
19 50 0.048 49.952
5 50 0.048 49.952
14 50 0.048 49.952
6 50 0.048 49.952
25 49.9279 0.048 49.8799
3 50 0.048 49.952
13 49.952 0.048 49.904
7 50 0.048 49.952
9 50 0.048 49.952
28 50 0.048 49.952
7 49.952 0.16 49.792
9 49.952 0.16 49.792
9 49.792 0.048 49.744
7 49.792 0.048 49.744
28 49.952 0.048 49.904
9 49.744 0.16 49.584
28 49.904 0.16 49.744
7 49.744 0.16 49.584
28 49.744 0.16 49.584
28 49.584 0.048 49.536
7 49.584 0.048 49.536
9 49.584 0.048 49.536
11 50 0.048 49.952
12 49.952 0.048 49.904
14 49.952 0.048 49.904
4 50 0.048 49.952
5 49.952 0.048 49.904
29 50 0.048 49.952
26 50 0.048 49.952
17 49.8561 0.048 49.8081
20 50 0.048 49.952
3 49.952 0.048 49.904
13 50 0.048 49.952
25 50 0.048 49.952
22 50 0.048 49.952
12 50 0.048 49.952
19 50 0.048 49.952
5 50 0.048 49.952
14 50 0.048 49.952
6 50 0.048 49.952
6 49.952 0.16 49.792
25 49.952 0.048 49.904
3 50 0.048 49.952
13 49.952 0.048 49.904
28 49.9329 0.048 49.8849
7 49.6721 0.048 49.6241
9 49.8384 0.048 49.7904
11 50 0.048 49.952
14 49.952 0.048 49.904
4 50 0.048 49.952
5 49.952 0.048 49.904
29 50 0.048 49.952
26 50 0.048 49.952
17 50 0.048 49.952
20 50 0.048 49.952
1 50 0.048 49.952
3 49.952 0.048 49.904
13 50 0.048 49.952
25 50 0.048 49.952
22 50 0.048 49.952
12 50 0.048 49.952
19 50 0.048 49.952
5 50 0.048 49.952
14 50 0.048 49.952
25 49.952 0.048 49.904
3 50 0.048 49.952
13 49.952 0.048 49.904
28 50 0.048 49.952
7 49.7524 0.048 49.7044
9 50 0.048 49.952
11 50 0.048 49.952
12 49.952 0.048 49.904
14 49.952 0.048 49.904
4 50 0.048 49.952
5 49.952 0.048 49.904
29 50 0.048 49.952
26 50 0.048 49.952
17 50 0.048 49.952
20 50 0.048 49.952
27 50 0.048 49.952
2 50 0.048 49.952
2 49.952 0.16 49.792
1 50 0.048 49.952
3 49.952 0.048 49.904
13 50 0.048 49.952
25 50 0.048 49.952
22 50 0.048 49.952
12 50 0.048 49.952
11 50 0.048 49.952
19 50 0.048 49.952
5 50 0.048 49.952
14 50 0.048 49.952
25 49.952 0.048 49.904
3 50 0.048 49.952
13 49.952 0.048 49.904
28 50 0.048 49.952
7 50 0.048 49.952
9 50 0.048 49.952
11 49.952 0.048 49.904
12 49.952 0.048 49.904
14 49.952 0.048 49.904
4 50 0.048 49.952
29 50 0.048 49.952
26 50 0.048 49.952
17 50 0.048 49.952
20 50 0.048 49.952
27 50 0.048 49.952
1 50 0.048 49.952
3 49.952 0.048 49.904
13 50 0.048 49.952
25 50 0.048 49.952
22 50 0.048 49.952
12 50 0.048 49.952
11 50 0.048 49.952
19 50 0.048 49.952
5 50 0.048 49.952
25 49.952 0.048 49.904
3 50 0.048 49.952
13 49.952 0.048 49.904
28 50 0.048 49.952
7 50 0.048 49.952
9 50 0.048 49.952
11 49.952 0.048 49.904
12 49.952 0.048 49.904
14 50 0.048 49.952
4 50 0.048 49.952
29 50 0.048 49.952
26 50 0.048 49.952
17 50 0.048 49.952
20 50 0.048 49.952
27 50 0.048 49.952
1 50 0.048 49.952
3 49.952 0.048 49.904
13 50 0.048 49.952
25 50 0.048 49.952
22 50 0.048 49.952
12 50 0.048 49.952
11 50 0.048 49.952
19 50 0.048 49.952
5 50 0.048 49.952
25 49.952 0.048 49.904
3 50 0.048 49.952
13 49.952 0.048 49.904
28 50 0.048 49.952
7 50 0.048 49.952
9 50 0.048 49.952
11 49.952 0.048 49.904
12 49.952 0.048 49.904
14 50 0.048 49.952
4 50 0.048 49.952
29 50 0.048 49.952
26 50 0.048 49.952
17 50 0.048 49.952
20 50 0.048 49.952
27 50 0.048 49.952
1 50 0.048 49.952
8 50 0.048 49.952
1 49.952 0.16 49.792
8 49.952 0.16 49.792
8 49.792 0.048 49.744
1 49.792 0.048 49.744
3 49.952 0.048 49.904
13 50 0.048 49.952
25 50 0.048 49.952
22 50 0.048 49.952
12 50 0.048 49.952
11 50 0.048 49.952
19 50 0.048 49.952
5 50 0.048 49.952
25 49.952 0.048 49.904
3 50 0.048 49.952
13 49.952 0.048 49.904
28 50 0.048 49.952
7 50 0.048 49.952
9 50 0.048 49.952
11 49.952 0.048 49.904
12 49.952 0.048 49.904
14 50 0.048 49.952
4 50 0.048 49.952
29 50 0.048 49.952
26 50 0.048 49.952
17 50 0.048 49.952
20 50 0.048 49.952
27 50 0.048 49.952
8 49.9822 0.048 49.9342
3 49.952 0.048 49.904
13 50 0.048 49.952
25 50 0.048 49.952
22 50 0.048 49.952
12 50 0.048 49.952
11 50 0.048 49.952
19 50 0.048 49.952
5 50 0.048 49.952
25 49.952 0.048 49.904
3 50 0.048 49.952
13 49.952 0.048 49.904
28 50 0.048 49.952
7 50 0.048 49.952
9 50 0.048 49.952
11 49.952 0.048 49.904
12 49.952 0.048 49.904
14 50 0.048 49.952
4 50 0.048 49.952
29 50 0.048 49.952
26 50 0.048 49.952
17 50 0.048 49.952
20 50 0.048 49.952
27 50 0.048 49.952
8 50 0.048 49.952
1 50 0.048 49.952
3 49.952 0.048 49.904
13 50 0.048 49.952
25 50 0.048 49.952
22 50 0.048 49.952
12 50 0.048 49.952
11 50 0.048 49.952
19 50 0.048 49.952
5 50 0.048 49.952
25 49.952 0.048 49.904
3 50 0.048 49.952
13 49.952 0.048 49.904
28 50 0.048 49.952
7 50 0.048 49.952
9 50 0.048 49.952
11 49.952 0.048 49.904
12 49.952 0.048 49.904
14 50 0.048 49.952
29 50 0.048 49.952
29 49.952 0.16 49.792
26 50 0.048 49.952
17 50 0.048 49.952
20 50 0.048 49.952
27 50 0.048 49.952
8 50 0.048 49.952
1 50 0.048 49.952
3 49.952 0.048 49.904
13 50 0.048 49.952
25 50 0.048 49.952
22 50 0.048 49.952
12 50 0.048 49.952
11 50 0.048 49.952
9 49.952 0.048 49.904
7 50 0.048 49.952
28 50 0.048 49.952
9 49.904 0.16 49.744
7 49.952 0.16 49.792
7 49.792 0.048 49.744
9 49.744 0.048 49.696
28 49.952 0.048 49.904
28 49.904 0.16 49.744
19 50 0.048 49.952
5 50 0.048 49.952
25 49.952 0.048 49.904
3 50 0.048 49.952
13 49.952 0.048 49.904
18 50 0.048 49.952
28 49.744 0.048 49.696
7 49.744 0.048 49.696
9 50 0.048 49.952
11 49.952 0.048 49.904
12 49.952 0.048 49.904
14 50 0.048 49.952
4 50 0.048 49.952
26 50 0.048 49.952
17 50 0.048 49.952
20 50 0.048 49.952
27 50 0.048 49.952
8 50 0.048 49.952
1 50 0.048 49.952
3 49.952 0.048 49.904
13 50 0.048 49.952
25 50 0.048 49.952
22 50 0.048 49.952
12 50 0.048 49.952
11 50 0.048 49.952
7 49.8763 0.048 49.8283
9 49.952 0.048 49.904
28 50 0.048 49.952
19 50 0.048 49.952
5 50 0.048 49.952
25 49.952 0.048 49.904
3 50 0.048 49.952
13 49.952 0.048 49.904
18 50 0.048 49.952
28 49.952 0.048 49.904
7 49.8283 0.048 49.7803
9 50 0.048 49.952
24 50 0.048 49.952
24 49.952 0.16 49.792
21 50 0.048 49.952
13 50 0.048 49.952
21 49.952 0.16 49.792
13 49.952 0.16 49.792
13 49.792 0.048 49.744
3 49.952 0.048 49.904
21 49.792 0.048 49.744
25 50 0.048 49.952
11 49.952 0.048 49.904
14 50 0.048 49.952
4 50 0.048 49.952
20 50 0.048 49.952
17 50 0.048 49.952
26 50 0.048 49.952
20 49.952 0.16 49.792
17 49.952 0.16 49.792
17 49.792 0.048 49.744
20 49.792 0.048 49.744
26 49.952 0.048 49.904
26 49.904 0.16 49.744
26 49.744 0.048 49.696
17 49.744 0.048 49.696
20 49.744 0.048 49.696
27 50 0.048 49.952
8 50 0.048 49.952
1 50 0.048 49.952
3 49.904 0.048 49.856
13 49.744 0.048 49.696
25 49.952 0.048 49.904
22 50 0.048 49.952
12 50 0.048 49.952
7 49.8988 0.048 49.8508
9 49.952 0.048 49.904
28 50 0.048 49.952
19 50 0.048 49.952
5 50 0.048 49.952
25 49.904 0.048 49.856
3 49.9654 0.048 49.9174
13 49.696 0.048 49.648
18 50 0.048 49.952
28 49.952 0.048 49.904
7 49.8508 0.048 49.8028
9 50 0.048 49.952
13 49.7754 0.048 49.7274
3 49.9174 0.048 49.8694
21 49.9116 0.048 49.8636
25 50 0.048 49.952
11 50 0.048 49.952
14 50 0.048 49.952
4 50 0.048 49.952
17 49.822 0.048 49.774
20 49.9512 0.048 49.9032
26 49.9586 0.048 49.9106
26 49.9106 0.048 49.8626
17 49.774 0.048 49.726
20 49.9032 0.048 49.8552
27 50 0.048 49.952
8 50 0.048 49.952
1 50 0.048 49.952
3 49.8694 0.048 49.8214
13 49.7274 0.048 49.6794
25 49.952 0.048 49.904
3 49.8214 0.16 49.6614
13 49.6794 0.16 49.5194
25 49.904 0.16 49.744
22 50 0.048 49.952
12 50 0.048 49.952
7 50 0.048 49.952
9 49.952 0.048 49.904
28 50 0.048 49.952
19 50 0.048 49.952
5 50 0.048 49.952
25 49.744 0.048 49.696
3 49.9097 0.048 49.8617
13 49.5194 0.048 49.4714
25 49.696 0.16 49.536
3 49.8617 0.16 49.7017
13 49.4714 0.16 49.3114
18 50 0.048 49.952
28 49.952 0.048 49.904
7 49.952 0.048 49.904
9 50 0.048 49.952
13 49.5426 0.048 49.4946
3 49.7017 0.048 49.6537
21 50 0.048 49.952
25 49.9357 0.048 49.8877
13 49.4946 0.16 49.3346
3 49.6537 0.16 49.4937
21 49.952 0.16 49.792
25 49.8877 0.16 49.7277
25 49.7277 0.048 49.6797
3 49.4937 0.048 49.4457
13 49.3346 0.048 49.2866
25 49.6797 0.16 49.5197
3 49.4457 0.16 49.2857
13 49.2866 0.16 49.1266
11 50 0.048 49.952
14 50 0.048 49.952
17 50 0.048 49.952
20 49.9701 0.048 49.9221
26 50 0.048 49.952
26 49.952 0.048 49.904
17 49.952 0.048 49.904
20 49.9221 0.048 49.8741
27 50 0.048 49.952
8 50 0.048 49.952
1 50 0.048 49.952
22 50 0.048 49.952
12 50 0.048 49.952
7 50 0.048 49.952
9 49.952 0.048 49.904
28 50 0.048 49.952
19 50 0.048 49.952
5 50 0.048 49.952
18 50 0.048 49.952
28 49.952 0.048 49.904
7 49.952 0.048 49.904
9 50 0.048 49.952
11 50 0.048 49.952
14 50 0.048 49.952
17 50 0.048 49.952
20 50 0.048 49.952
26 50 0.048 49.952
26 49.952 0.048 49.904
17 49.952 0.048 49.904
20 49.952 0.048 49.904
27 50 0.048 49.952
8 50 0.048 49.952
1 50 0.048 49.952
22 50 0.048 49.952
12 50 0.048 49.952
7 50 0.048 49.952
9 49.952 0.048 49.904
28 50 0.048 49.952
19 50 0.048 49.952
5 50 0.048 49.952
18 50 0.048 49.952
28 49.952 0.048 49.904
7 49.952 0.048 49.904
9 50 0.048 49.952
11 50 0.048 49.952
14 50 0.048 49.952
17 50 0.048 49.952
20 50 0.048 49.952
26 50 0.048 49.952
26 49.952 0.048 49.904
17 49.952 0.048 49.904
20 49.952 0.048 49.904
27 50 0.048 49.952
8 50 0.048 49.952
1 50 0.048 49.952
22 50 0.048 49.952
12 50 0.048 49.952
7 50 0.048 49.952
9 49.952 0.048 49.904
28 50 0.048 49.952
19 50 0.048 49.952
5 50 0.048 49.952
18 50 0.048 49.952
28 49.952 0.048 49.904
7 49.952 0.048 49.904
9 50 0.048 49.952
11 50 0.048 49.952
14 50 0.048 49.952
17 50 0.048 49.952
20 50 0.048 49.952
26 50 0.048 49.952
26 49.952 0.048 49.904
17 49.952 0.048 49.904
20 49.952 0.048 49.904
27 50 0.048 49.952
8 50 0.048 49.952
1 50 0.048 49.952
15 50 0.048 49.952
22 50 0.048 49.952
12 50 0.048 49.952
7 50 0.048 49.952
9 49.952 0.048 49.904
28 50 0.048 49.952
19 50 0.048 49.952
5 50 0.048 49.952
18 50 0.048 49.952
28 49.952 0.048 49.904
7 49.952 0.048 49.904
9 50 0.048 49.952
11 50 0.048 49.952
12 49.952 0.048 49.904
14 50 0.048 49.952
4 50 0.048 49.952
17 50 0.048 49.952
4 49.952 0.048 49.904
20 50 0.048 49.952
26 50 0.048 49.952
17 49.952 0.16 49.792
4 49.904 0.16 49.744
4 49.744 0.048 49.696
14 50 0.048 49.952
17 49.792 0.048 49.744
20 49.952 0.16 49.792
26 49.952 0.16 49.792
26 49.792 0.048 49.744
17 49.744 0.048 49.696
20 49.792 0.048 49.744
27 50 0.048 49.952
8 50 0.048 49.952
1 50 0.048 49.952
15 50 0.048 49.952
22 50 0.048 49.952
12 50 0.048 49.952
11 50 0.048 49.952
7 50 0.048 49.952
9 49.952 0.048 49.904
28 50 0.048 49.952
19 50 0.048 49.952
5 50 0.048 49.952
18 50 0.048 49.952
28 49.952 0.048 49.904
7 49.952 0.048 49.904
9 50 0.048 49.952
11 49.952 0.048 49.904
12 49.952 0.048 49.904
14 49.952 0.048 49.904
4 49.9443 0.048 49.8963
4 49.8963 0.048 49.8483
14 50 0.048 49.952
17 49.9274 0.048 49.8794
26 50 0.048 49.952
17 49.8794 0.048 49.8314
20 49.9238 0.048 49.8758
27 50 0.048 49.952
27 49.952 0.16 49.792
8 50 0.048 49.952
1 50 0.048 49.952
15 50 0.048 49.952
22 50 0.048 49.952
12 50 0.048 49.952
11 50 0.048 49.952
7 50 0.048 49.952
9 49.952 0.048 49.904
28 50 0.048 49.952
19 50 0.048 49.952
5 50 0.048 49.952
18 50 0.048 49.952
28 49.952 0.048 49.904
7 49.952 0.048 49.904
9 50 0.048 49.952
11 49.952 0.048 49.904
12 49.952 0.048 49.904
14 49.952 0.048 49.904
4 50 0.048 49.952
4 49.952 0.048 49.904
14 50 0.048 49.952
17 50 0.048 49.952
26 50 0.048 49.952
17 49.952 0.048 49.904
20 50 0.048 49.952
8 50 0.048 49.952
15 50 0.048 49.952
22 50 0.048 49.952
22 49.952 0.16 49.792
12 50 0.048 49.952
11 50 0.048 49.952
7 50 0.048 49.952
9 49.952 0.048 49.904
28 50 0.048 49.952
17 50 0.048 49.952
4 50 0.048 49.952
20 49.952 0.048 49.904
26 50 0.048 49.952
17 49.952 0.16 49.792
4 49.952 0.16 49.792
20 49.904 0.16 49.744
20 49.744 0.048 49.696
17 49.792 0.048 49.744
26 49.952 0.048 49.904
26 49.904 0.16 49.744
19 50 0.048 49.952
5 50 0.048 49.952
18 50 0.048 49.952
28 49.952 0.048 49.904
7 49.952 0.048 49.904
9 50 0.048 49.952
11 49.952 0.048 49.904
12 49.952 0.048 49.904
14 49.952 0.048 49.904
4 49.792 0.048 49.744
4 49.744 0.048 49.696
14 50 0.048 49.952
17 49.744 0.048 49.696
26 49.744 0.048 49.696
17 49.696 0.048 49.648
20 49.8438 0.048 49.7958
8 50 0.048 49.952
15 50 0.048 49.952
12 50 0.048 49.952
11 50 0.048 49.952
7 50 0.048 49.952
9 49.952 0.048 49.904
28 50 0.048 49.952
20 49.7958 0.048 49.7478
17 49.7597 0.048 49.7117
26 50 0.048 49.952
19 50 0.048 49.952
5 50 0.048 49.952
18 50 0.048 49.952
28 49.952 0.048 49.904
7 49.952 0.048 49.904
9 50 0.048 49.952
11 49.952 0.048 49.904
12 49.952 0.048 49.904
14 49.952 0.048 49.904
4 50 0.048 49.952
4 49.952 0.048 49.904
14 50 0.048 49.952
17 49.7117 0.048 49.6637
26 49.952 0.048 49.904
17 49.6637 0.048 49.6157
20 49.9212 0.048 49.8732
16 50 0.048 49.952
23 50 0.048 49.952
16 49.952 0.16 49.792
23 49.952 0.16 49.792
23 49.792 0.048 49.744
16 49.792 0.048 49.744
8 50 0.048 49.952
8 49.952 0.16 49.792
15 50 0.048 49.952
12 50 0.048 49.952
11 50 0.048 49.952
7 50 0.048 49.952
9 49.952 0.048 49.904
28 50 0.048 49.952
20 49.8732 0.048 49.8252
17 49.9229 0.048 49.8749
26 50 0.048 49.952
19 50 0.048 49.952
5 50 0.048 49.952
18 50 0.048 49.952
28 49.952 0.048 49.904
7 49.952 0.048 49.904
9 50 0.048 49.952
11 49.952 0.048 49.904
12 49.952 0.048 49.904
14 49.952 0.048 49.904
4 50 0.048 49.952
4 49.952 0.048 49.904
14 50 0.048 49.952
17 49.8749 0.048 49.8269
26 49.952 0.048 49.904
17 49.8269 0.048 49.7789
20 49.9535 0.048 49.9055
23 49.967 0.048 49.919
16 50 0.048 49.952
15 50 0.048 49.952
12 50 0.048 49.952
11 50 0.048 49.952
7 50 0.048 49.952
9 49.952 0.048 49.904
28 50 0.048 49.952
20 49.9055 0.048 49.8575
17 50 0.048 49.952
26 50 0.048 49.952
19 50 0.048 49.952
5 50 0.048 49.952
18 50 0.048 49.952
28 49.952 0.048 49.904
7 49.952 0.048 49.904
9 50 0.048 49.952
11 49.952 0.048 49.904
12 49.952 0.048 49.904
14 49.952 0.048 49.904
4 50 0.048 49.952
4 49.952 0.048 49.904
14 50 0.048 49.952
17 49.952 0.048 49.904
26 49.952 0.048 49.904
17 49.904 0.048 49.856
20 49.9688 0.048 49.9208
23 50 0.048 49.952
16 50 0.048 49.952
15 50 0.048 49.952
12 50 0.048 49.952
11 50 0.048 49.952
7 50 0.048 49.952
9 49.952 0.048 49.904
28 50 0.048 49.952
20 49.9208 0.048 49.8728
17 50 0.048 49.952
26 50 0.048 49.952
19 50 0.048 49.952
5 50 0.048 49.952
18 50 0.048 49.952
28 49.952 0.048 49.904
7 49.952 0.048 49.904
9 50 0.048 49.952
11 49.952 0.048 49.904
12 49.952 0.048 49.904
14 49.952 0.048 49.904
4 50 0.048 49.952
4 49.952 0.048 49.904
14 50 0.048 49.952
17 49.952 0.048 49.904
26 49.952 0.048 49.904
17 49.904 0.048 49.856
20 50 0.048 49.952
23 50 0.048 49.952
16 50 0.048 49.952
15 50 0.048 49.952
12 50 0.048 49.952
11 50 0.048 49.952
12 49.952 0.16 49.792
11 49.952 0.16 49.792
7 50 0.048 49.952
9 49.952 0.048 49.904
28 50 0.048 49.952
20 49.952 0.048 49.904
17 50 0.048 49.952
26 50 0.048 49.952
19 50 0.048 49.952
5 50 0.048 49.952
18 50 0.048 49.952
28 49.952 0.048 49.904
7 49.952 0.048 49.904
9 50 0.048 49.952
11 49.792 0.048 49.744
12 49.792 0.048 49.744
11 49.744 0.16 49.584
12 49.744 0.16 49.584
14 49.952 0.048 49.904
4 50 0.048 49.952
4 49.952 0.048 49.904
14 50 0.048 49.952
17 49.952 0.048 49.904
26 49.952 0.048 49.904
17 49.904 0.048 49.856
20 50 0.048 49.952
23 50 0.048 49.952
16 50 0.048 49.952
15 50 0.048 49.952
7 50 0.048 49.952
9 49.952 0.048 49.904
28 50 0.048 49.952
20 49.952 0.048 49.904
17 50 0.048 49.952
26 50 0.048 49.952
19 50 0.048 49.952
5 50 0.048 49.952
18 50 0.048 49.952
28 49.952 0.048 49.904
7 49.952 0.048 49.904
9 50 0.048 49.952
14 49.952 0.048 49.904
4 50 0.048 49.952
4 49.952 0.048 49.904
14 50 0.048 49.952
17 49.952 0.048 49.904
26 49.952 0.048 49.904
17 49.904 0.048 49.856
20 50 0.048 49.952
23 50 0.048 49.952
16 50 0.048 49.952
15 50 0.048 49.952
7 50 0.048 49.952
9 49.952 0.048 49.904
28 50 0.048 49.952
10 50 0.048 49.952
20 49.952 0.048 49.904
17 50 0.048 49.952
26 50 0.048 49.952
19 50 0.048 49.952
5 50 0.048 49.952
18 50 0.048 49.952
28 49.952 0.048 49.904
7 49.952 0.048 49.904
9 50 0.048 49.952
14 49.952 0.048 49.904
4 50 0.048 49.952
4 49.952 0.048 49.904
14 50 0.048 49.952
17 49.952 0.048 49.904
26 49.952 0.048 49.904
17 49.904 0.048 49.856
20 50 0.048 49.952
23 50 0.048 49.952
16 50 0.048 49.952
15 50 0.048 49.952
7 50 0.048 49.952
9 49.952 0.048 49.904
28 50 0.048 49.952
10 50 0.048 49.952
20 49.952 0.048 49.904
17 49.9941 0.048 49.9461
26 50 0.048 49.952
19 50 0.048 49.952
5 50 0.048 49.952
5 49.952 0.16 49.792
18 50 0.048 49.952
28 49.952 0.048 49.904
7 49.952 0.048 49.904
9 50 0.048 49.952
14 49.952 0.048 49.904
4 50 0.048 49.952
4 49.952 0.048 49.904
14 50 0.048 49.952
17 49.9461 0.048 49.8981
26 49.952 0.048 49.904
17 49.8981 0.048 49.8501
20 50 0.048 49.952
23 50 0.048 49.952
16 50 0.048 49.952
15 50 0.048 49.952
7 50 0.048 49.952
9 49.952 0.048 49.904
28 50 0.048 49.952
10 50 0.048 49.952
20 49.952 0.048 49.904
17 50 0.048 49.952
26 50 0.048 49.952
19 50 0.048 49.952
18 50 0.048 49.952
28 49.952 0.048 49.904
7 49.952 0.048 49.904
9 50 0.048 49.952
14 49.952 0.048 49.904
4 50 0.048 49.952
14 49.904 0.16 49.744
4 49.952 0.16 49.792
4 49.792 0.048 49.744
14 49.9719 0.048 49.9239
17 49.952 0.048 49.904
4 49.744 0.16 49.584
14 49.9239 0.16 49.7639
14 49.7639 0.048 49.7159
4 49.584 0.048 49.536
14 49.7159 0.16 49.5559
17 49.904 0.16 49.744
4 49.536 0.16 49.376
26 49.952 0.048 49.904
17 49.744 0.048 49.696
20 50 0.048 49.952
23 50 0.048 49.952
16 50 0.048 49.952
15 50 0.048 49.952
7 50 0.048 49.952
9 49.952 0.048 49.904
28 50 0.048 49.952
10 50 0.048 49.952
20 49.952 0.048 49.904
17 50 0.048 49.952
26 50 0.048 49.952
19 50 0.048 49.952
18 50 0.048 49.952
28 49.952 0.048 49.904
7 49.952 0.048 49.904
9 50 0.048 49.952
26 49.952 0.048 49.904
17 49.952 0.048 49.904
20 50 0.048 49.952
23 50 0.048 49.952
16 50 0.048 49.952
15 50 0.048 49.952
7 50 0.048 49.952
9 49.952 0.048 49.904
28 50 0.048 49.952
10 50 0.048 49.952
20 49.952 0.048 49.904
17 50 0.048 49.952
26 50 0.048 49.952
19 50 0.048 49.952
18 50 0.048 49.952
28 49.952 0.048 49.904
7 49.952 0.048 49.904
9 50 0.048 49.952
26 49.952 0.048 49.904
17 49.952 0.048 49.904
20 50 0.048 49.952
26 49.904 0.16 49.744
17 49.904 0.16 49.744
20 49.952 0.16 49.792
23 50 0.048 49.952
16 50 0.048 49.952
15 50 0.048 49.952
7 50 0.048 49.952
9 49.952 0.048 49.904
28 50 0.048 49.952
10 50 0.048 49.952
20 49.792 0.048 49.744
17 49.9519 0.048 49.9039
26 49.8881 0.048 49.8401
20 49.744 0.16 49.584
17 49.9039 0.16 49.7439
26 49.8401 0.16 49.6801
19 50 0.048 49.952
18 50 0.048 49.952
28 49.952 0.048 49.904
7 49.952 0.048 49.904
9 50 0.048 49.952
23 50 0.048 49.952
16 50 0.048 49.952
15 50 0.048 49.952
7 50 0.048 49.952
9 49.952 0.048 49.904
28 50 0.048 49.952
10 50 0.048 49.952
30 50 0.048 49.952
10 49.952 0.16 49.792
30 49.952 0.16 49.792
30 49.792 0.048 49.744
10 49.792 0.048 49.744
19 50 0.048 49.952
18 50 0.048 49.952
28 49.952 0.048 49.904
7 49.952 0.048 49.904
9 50 0.048 49.952
23 50 0.048 49.952
16 50 0.048 49.952
15 50 0.048 49.952
7 50 0.048 49.952
9 49.952 0.048 49.904
28 50 0.048 49.952
30 50 0.048 49.952
19 50 0.048 49.952
6 50 0.048 49.952
18 50 0.048 49.952
28 49.952 0.048 49.904
7 49.952 0.048 49.904
9 50 0.048 49.952
23 50 0.048 49.952
16 50 0.048 49.952
15 50 0.048 49.952
7 50 0.048 49.952
9 49.952 0.048 49.904
28 50 0.048 49.952
30 50 0.048 49.952
19 50 0.048 49.952
6 50 0.048 49.952
18 50 0.048 49.952
28 49.952 0.048 49.904
7 49.952 0.048 49.904
9 50 0.048 49.952
23 50 0.048 49.952
16 50 0.048 49.952
15 50 0.048 49.952
7 50 0.048 49.952
9 49.952 0.048 49.904
28 50 0.048 49.952
30 50 0.048 49.952
19 50 0.048 49.952
6 50 0.048 49.952
18 50 0.048 49.952
28 49.952 0.048 49.904
7 49.952 0.048 49.904
9 50 0.048 49.952
23 50 0.048 49.952
16 50 0.048 49.952
15 50 0.048 49.952
7 50 0.048 49.952
9 49.952 0.048 49.904
28 50 0.048 49.952
30 50 0.048 49.952
19 50 0.048 49.952
19 49.952 0.16 49.792
6 50 0.048 49.952
18 50 0.048 49.952
28 49.952 0.048 49.904
7 49.952 0.048 49.904
9 50 0.048 49.952
23 50 0.048 49.952
16 50 0.048 49.952
15 50 0.048 49.952
21 50 0.048 49.952
13 50 0.048 49.952
21 49.952 0.16 49.792
13 49.952 0.16 49.792
13 49.792 0.048 49.744
3 50 0.048 49.952
21 49.792 0.048 49.744
25 50 0.048 49.952
13 49.744 0.16 49.584
3 49.952 0.16 49.792
21 49.744 0.16 49.584
25 49.952 0.16 49.792
25 49.792 0.048 49.744
3 49.792 0.048 49.744
13 49.584 0.048 49.536
25 49.744 0.16 49.584
3 49.744 0.16 49.584
3 49.584 0.048 49.536
13 49.536 0.048 49.488
25 49.584 0.048 49.536
13 49.488 0.16 49.328
7 50 0.048 49.952
9 49.952 0.048 49.904
28 50 0.048 49.952
30 50 0.048 49.952
6 50 0.048 49.952
18 50 0.048 49.952
18 49.952 0.16 49.792
28 49.952 0.048 49.904
7 49.952 0.048 49.904
9 50 0.048 49.952
23 50 0.048 49.952
16 50 0.048 49.952
15 50 0.048 49.952
3 49.8763 0.048 49.8283
13 49.4701 0.048 49.4221
25 49.6699 0.048 49.6219
7 50 0.048 49.952
9 49.952 0.048 49.904
28 50 0.048 49.952
30 50 0.048 49.952
6 50 0.048 49.952
28 49.952 0.048 49.904
7 49.952 0.048 49.904
9 50 0.048 49.952
23 50 0.048 49.952
16 50 0.048 49.952
15 50 0.048 49.952
1 50 0.048 49.952
3 50 0.048 49.952
13 49.5557 0.048 49.5077
25 49.8959 0.048 49.8479
7 50 0.048 49.952
9 49.952 0.048 49.904
28 50 0.048 49.952
30 50 0.048 49.952
6 50 0.048 49.952
28 49.952 0.048 49.904
7 49.952 0.048 49.904
9 50 0.048 49.952
23 50 0.048 49.952
16 50 0.048 49.952
15 50 0.048 49.952
15 49.952 0.16 49.792
1 50 0.048 49.952
3 50 0.048 49.952
13 49.8951 0.048 49.8471
25 50 0.048 49.952
7 50 0.048 49.952
9 49.952 0.048 49.904
28 50 0.048 49.952
30 50 0.048 49.952
6 50 0.048 49.952
28 49.952 0.048 49.904
7 49.952 0.048 49.904
9 50 0.048 49.952
23 50 0.048 49.952
16 50 0.048 49.952
1 50 0.048 49.952
3 50 0.048 49.952
13 50 0.048 49.952
25 50 0.048 49.952
13 49.952 0.048 49.904
3 49.952 0.048 49.904
21 50 0.048 49.952
25 49.952 0.048 49.904
13 49.904 0.16 49.744
3 49.904 0.16 49.744
21 49.952 0.16 49.792
25 49.904 0.16 49.744
25 49.744 0.048 49.696
3 49.744 0.048 49.696
13 49.744 0.048 49.696
7 50 0.048 49.952
9 49.952 0.048 49.904
28 50 0.048 49.952
30 50 0.048 49.952
10 50 0.048 49.952
6 50 0.048 49.952
28 49.952 0.048 49.904
7 49.952 0.048 49.904
9 50 0.048 49.952
22 50 0.048 49.952
8 50 0.048 49.952
23 50 0.048 49.952
16 50 0.048 49.952
1 50 0.048 49.952
3 49.9869 0.048 49.9389
13 49.8116 0.048 49.7636
25 49.8456 0.048 49.7976
25 49.7976 0.048 49.7496
3 49.9389 0.048 49.8909
13 49.7636 0.048 49.7156
7 50 0.048 49.952
9 49.952 0.048 49.904
28 50 0.048 49.952
30 50 0.048 49.952
10 50 0.048 49.952
6 50 0.048 49.952
28 49.952 0.048 49.904
7 49.952 0.048 49.904
9 50 0.048 49.952
22 50 0.048 49.952
8 50 0.048 49.952
23 50 0.048 49.952
16 50 0.048 49.952
1 50 0.048 49.952
3 49.9971 0.048 49.9491
25 50 0.048 49.952
25 49.952 0.048 49.904
3 49.9491 0.048 49.9011
13 50 0.048 49.952
7 50 0.048 49.952
9 49.952 0.048 49.904
28 50 0.048 49.952
30 50 0.048 49.952
10 50 0.048 49.952
6 50 0.048 49.952
28 49.952 0.048 49.904
7 49.952 0.048 49.904
9 50 0.048 49.952
22 50 0.048 49.952
8 50 0.048 49.952
23 50 0.048 49.952
16 50 0.048 49.952
1 50 0.048 49.952
3 50 0.048 49.952
25 50 0.048 49.952
25 49.952 0.048 49.904
3 49.952 0.048 49.904
13 50 0.048 49.952
4 50 0.048 49.952
14 50 0.048 49.952
4 49.952 0.16 49.792
14 49.952 0.16 49.792
14 49.792 0.048 49.744
4 49.792 0.048 49.744
5 50 0.048 49.952
14 49.744 0.16 49.584
4 49.744 0.16 49.584
5 49.952 0.16 49.792
5 49.792 0.048 49.744
14 49.584 0.048 49.536
7 50 0.048 49.952
9 49.952 0.048 49.904
28 50 0.048 49.952
30 50 0.048 49.952
30 49.952 0.16 49.792
6 50 0.048 49.952
28 49.952 0.048 49.904
7 49.952 0.048 49.904
9 50 0.048 49.952
22 50 0.048 49.952
8 50 0.048 49.952
23 50 0.048 49.952
16 50 0.048 49.952
1 50 0.048 49.952
3 50 0.048 49.952
25 50 0.048 49.952
25 49.952 0.048 49.904
3 49.952 0.048 49.904
13 50 0.048 49.952
5 49.913 0.048 49.865
7 50 0.048 49.952
9 49.952 0.048 49.904
28 50 0.048 49.952
6 50 0.048 49.952
16 50 0.048 49.952
23 50 0.048 49.952
28 49.952 0.048 49.904
7 49.952 0.048 49.904
9 50 0.048 49.952
22 50 0.048 49.952
8 50 0.048 49.952
23 49.952 0.048 49.904
16 49.952 0.048 49.904
1 50 0.048 49.952
3 50 0.048 49.952
13 50 0.048 49.952
25 50 0.048 49.952
25 49.952 0.048 49.904
3 49.952 0.048 49.904
13 49.952 0.048 49.904
5 50 0.048 49.952
14 50 0.048 49.952
7 50 0.048 49.952
9 49.952 0.048 49.904
28 50 0.048 49.952
6 50 0.048 49.952
16 50 0.048 49.952
23 50 0.048 49.952
28 49.952 0.048 49.904
7 49.952 0.048 49.904
9 50 0.048 49.952
22 50 0.048 49.952
8 50 0.048 49.952
23 49.952 0.048 49.904
16 49.952 0.048 49.904
1 50 0.048 49.952
3 50 0.048 49.952
13 50 0.048 49.952
25 50 0.048 49.952
25 49.952 0.048 49.904
3 49.952 0.048 49.904
13 49.952 0.048 49.904
5 50 0.048 49.952
14 50 0.048 49.952
7 50 0.048 49.952
9 49.952 0.048 49.904
28 50 0.048 49.952
6 50 0.048 49.952
16 50 0.048 49.952
23 50 0.048 49.952
28 49.952 0.048 49.904
7 49.952 0.048 49.904
9 50 0.048 49.952
22 50 0.048 49.952
8 50 0.048 49.952
23 49.952 0.048 49.904
16 49.952 0.048 49.904
1 50 0.048 49.952
3 50 0.048 49.952
13 50 0.048 49.952
25 50 0.048 49.952
25 49.952 0.048 49.904
3 49.952 0.048 49.904
13 49.952 0.048 49.904
5 50 0.048 49.952
14 50 0.048 49.952
7 50 0.048 49.952
9 49.952 0.048 49.904
28 50 0.048 49.952
6 50 0.048 49.952
16 50 0.048 49.952
23 50 0.048 49.952
28 49.952 0.048 49.904
7 49.952 0.048 49.904
9 50 0.048 49.952
28 49.904 0.16 49.744
7 49.904 0.16 49.744
9 49.952 0.16 49.792
22 50 0.048 49.952
8 50 0.048 49.952
1 50 0.048 49.952
23 49.952 0.048 49.904
16 49.952 0.048 49.904
1 49.952 0.048 49.904
8 50 0.048 49.952
3 50 0.048 49.952
13 50 0.048 49.952
25 50 0.048 49.952
25 49.952 0.048 49.904
3 49.952 0.048 49.904
13 49.952 0.048 49.904
5 50 0.048 49.952
7 49.9988 0.048 49.9508
9 49.792 0.048 49.744
28 50 0.048 49.952
7 49.9508 0.16 49.7908
9 49.744 0.16 49.584
28 49.952 0.16 49.792
6 50 0.048 49.952
16 50 0.048 49.952
23 50 0.048 49.952
22 50 0.048 49.952
8 49.952 0.048 49.904
23 49.952 0.048 49.904
16 49.952 0.048 49.904
1 50 0.048 49.952
3 50 0.048 49.952
13 50 0.048 49.952
25 50 0.048 49.952
25 49.952 0.048 49.904
3 49.952 0.048 49.904
13 49.952 0.048 49.904
11 50 0.048 49.952
9 49.6971 0.048 49.6491
7 50 0.048 49.952
28 50 0.048 49.952
9 49.6491 0.16 49.4891
7 49.952 0.16 49.792
28 49.952 0.16 49.792
28 49.792 0.048 49.744
7 49.792 0.048 49.744
9 49.4891 0.048 49.4411
28 49.744 0.16 49.584
7 49.744 0.16 49.584
9 49.4411 0.16 49.2811
5 50 0.048 49.952
6 50 0.048 49.952
24 50 0.048 49.952
16 50 0.048 49.952
23 50 0.048 49.952
2 50 0.048 49.952
22 50 0.048 49.952
8 50 0.048 49.952
1 50 0.048 49.952
23 49.952 0.048 49.904
16 49.952 0.048 49.904
1 49.952 0.048 49.904
8 50 0.048 49.952
3 50 0.048 49.952
13 50 0.048 49.952
25 50 0.048 49.952
25 49.952 0.048 49.904
3 49.952 0.048 49.904
13 49.952 0.048 49.904
17 50 0.048 49.952
20 50 0.048 49.952
17 49.952 0.16 49.792
20 49.952 0.16 49.792
20 49.792 0.048 49.744
17 49.792 0.048 49.744
26 50 0.048 49.952
20 49.744 0.16 49.584
17 49.744 0.16 49.584
26 49.952 0.16 49.792
26 49.792 0.048 49.744
20 49.584 0.048 49.536
11 50 0.048 49.952
12 50 0.048 49.952
5 50 0.048 49.952
6 50 0.048 49.952
24 50 0.048 49.952
16 50 0.048 49.952
23 50 0.048 49.952
2 50 0.048 49.952
22 50 0.048 49.952
8 49.952 0.048 49.904
1 50 0.048 49.952
23 49.952 0.048 49.904
16 49.952 0.048 49.904
23 49.904 0.16 49.744
16 49.904 0.16 49.744
1 49.952 0.048 49.904
8 50 0.048 49.952
3 50 0.048 49.952
13 50 0.048 49.952
25 50 0.048 49.952
25 49.952 0.048 49.904
3 49.952 0.048 49.904
13 49.952 0.048 49.904
26 50 0.048 49.952
17 49.7372 0.048 49.6892
20 49.881 0.048 49.833
11 50 0.048 49.952
12 50 0.048 49.952
5 50 0.048 49.952
6 50 0.048 49.952
24 50 0.048 49.952
16 49.8528 0.048 49.8048
23 49.9545 0.048 49.9065
16 49.8048 0.16 49.6448
23 49.9065 0.16 49.7465
2 50 0.048 49.952
22 50 0.048 49.952
8 49.952 0.048 49.904
1 50 0.048 49.952
3 50 0.048 49.952
13 50 0.048 49.952
25 50 0.048 49.952
25 49.952 0.048 49.904
3 49.952 0.048 49.904
13 49.952 0.048 49.904
26 50 0.048 49.952
20 49.987 0.048 49.939
11 50 0.048 49.952
12 50 0.048 49.952
5 50 0.048 49.952
6 50 0.048 49.952
24 50 0.048 49.952
2 50 0.048 49.952
22 50 0.048 49.952
8 50 0.048 49.952
1 50 0.048 49.952
3 50 0.048 49.952
13 50 0.048 49.952
25 50 0.048 49.952
25 49.952 0.048 49.904
3 49.952 0.048 49.904
13 49.952 0.048 49.904
26 50 0.048 49.952
20 50 0.048 49.952
11 50 0.048 49.952
12 50 0.048 49.952
5 50 0.048 49.952
6 50 0.048 49.952
6 49.952 0.16 49.792
24 50 0.048 49.952
2 50 0.048 49.952
22 50 0.048 49.952
8 50 0.048 49.952
1 50 0.048 49.952
29 50 0.048 49.952
3 50 0.048 49.952
13 50 0.048 49.952
25 50 0.048 49.952
25 49.952 0.048 49.904
3 49.952 0.048 49.904
13 49.952 0.048 49.904
26 50 0.048 49.952
20 50 0.048 49.952
11 50 0.048 49.952
12 50 0.048 49.952
5 50 0.048 49.952
24 50 0.048 49.952
2 50 0.048 49.952
2 49.952 0.16 49.792
22 50 0.048 49.952
8 50 0.048 49.952
1 50 0.048 49.952
29 50 0.048 49.952
3 50 0.048 49.952
13 50 0.048 49.952
25 50 0.048 49.952
25 49.952 0.048 49.904
3 49.952 0.048 49.904
13 49.952 0.048 49.904
26 50 0.048 49.952
20 50 0.048 49.952
11 50 0.048 49.952
12 50 0.048 49.952
5 50 0.048 49.952
24 50 0.048 49.952
22 50 0.048 49.952
27 50 0.048 49.952
8 50 0.048 49.952
1 50 0.048 49.952
29 50 0.048 49.952
3 50 0.048 49.952
13 50 0.048 49.952
25 50 0.048 49.952
25 49.952 0.048 49.904
3 49.952 0.048 49.904
13 49.952 0.048 49.904
26 50 0.048 49.952
20 50 0.048 49.952
11 50 0.048 49.952
12 50 0.048 49.952
5 50 0.048 49.952
24 50 0.048 49.952
20 49.952 0.048 49.904
17 50 0.048 49.952
26 50 0.048 49.952
20 49.904 0.16 49.744
17 49.952 0.16 49.792
17 49.792 0.048 49.744
20 49.744 0.048 49.696
26 49.952 0.16 49.792
22 50 0.048 49.952
27 50 0.048 49.952
8 50 0.048 49.952
1 50 0.048 49.952
29 50 0.048 49.952
3 50 0.048 49.952
13 50 0.048 49.952
25 50 0.048 49.952
25 49.952 0.048 49.904
3 49.952 0.048 49.904
13 49.952 0.048 49.904
26 49.792 0.048 49.744
20 49.9974 0.048 49.9494
11 50 0.048 49.952
12 50 0.048 49.952
5 50 0.048 49.952
24 50 0.048 49.952
17 50 0.048 49.952
20 49.9494 0.048 49.9014
22 50 0.048 49.952
27 50 0.048 49.952
8 50 0.048 49.952
1 50 0.048 49.952
29 50 0.048 49.952
3 50 0.048 49.952
13 50 0.048 49.952
25 50 0.048 49.952
25 49.952 0.048 49.904
3 49.952 0.048 49.904
13 49.952 0.048 49.904
26 50 0.048 49.952
20 50 0.048 49.952
11 50 0.048 49.952
12 50 0.048 49.952
12 49.952 0.048 49.904
11 49.952 0.048 49.904
5 50 0.048 49.952
24 50 0.048 49.952
17 50 0.048 49.952
20 49.952 0.048 49.904
22 50 0.048 49.952
27 50 0.048 49.952
8 50 0.048 49.952
1 50 0.048 49.952
1 49.952 0.048 49.904
29 50 0.048 49.952
3 50 0.048 49.952
13 50 0.048 49.952
25 50 0.048 49.952
25 49.952 0.048 49.904
3 49.952 0.048 49.904
13 49.952 0.048 49.904
26 50 0.048 49.952
20 50 0.048 49.952
11 50 0.048 49.952
12 50 0.048 49.952
12 49.952 0.048 49.904
11 49.952 0.048 49.904
5 50 0.048 49.952
24 50 0.048 49.952
17 50 0.048 49.952
4 50 0.048 49.952
20 49.952 0.048 49.904
17 49.952 0.16 49.792
4 49.952 0.16 49.792
4 49.792 0.048 49.744
14 50 0.048 49.952
17 49.792 0.048 49.744
4 49.744 0.16 49.584
20 49.904 0.16 49.744
14 49.952 0.16 49.792
14 49.792 0.048 49.744
4 49.584 0.048 49.536
17 49.744 0.16 49.584
22 50 0.048 49.952
27 50 0.048 49.952
8 50 0.048 49.952
1 50 0.048 49.952
29 50 0.048 49.952
3 50 0.048 49.952
13 50 0.048 49.952
25 50 0.048 49.952
25 49.952 0.048 49.904
3 49.952 0.048 49.904
13 49.952 0.048 49.904
26 50 0.048 49.952
20 49.8774 0.048 49.8294
11 50 0.048 49.952
12 50 0.048 49.952
12 49.952 0.048 49.904
11 49.952 0.048 49.904
5 50 0.048 49.952
18 50 0.048 49.952
24 50 0.048 49.952
14 49.8538 0.048 49.8058
4 49.8791 0.048 49.8311
22 50 0.048 49.952
27 50 0.048 49.952
8 50 0.048 49.952
1 50 0.048 49.952
29 50 0.048 49.952
29 49.952 0.16 49.792
3 50 0.048 49.952
13 50 0.048 49.952
25 50 0.048 49.952
25 49.952 0.048 49.904
3 49.952 0.048 49.904
13 49.952 0.048 49.904
26 50 0.048 49.952
20 50 0.048 49.952
11 50 0.048 49.952
12 50 0.048 49.952
5 50 0.048 49.952
18 50 0.048 49.952
24 50 0.048 49.952
14 49.9413 0.048 49.8933
4 50 0.048 49.952
22 50 0.048 49.952
27 50 0.048 49.952
8 50 0.048 49.952
1 50 0.048 49.952
8 50 0.048 49.952
3 50 0.048 49.952
13 50 0.048 49.952
25 50 0.048 49.952
25 49.952 0.048 49.904
3 49.952 0.048 49.904
13 49.952 0.048 49.904
26 50 0.048 49.952
20 50 0.048 49.952
11 50 0.048 49.952
12 50 0.048 49.952
5 50 0.048 49.952
18 50 0.048 49.952
24 50 0.048 49.952
24 49.952 0.16 49.792
14 50 0.048 49.952
4 50 0.048 49.952
22 50 0.048 49.952
27 50 0.048 49.952
8 49.952 0.048 49.904
1 50 0.048 49.952
8 50 0.048 49.952
3 50 0.048 49.952
13 50 0.048 49.952
25 50 0.048 49.952
25 49.952 0.048 49.904
3 49.952 0.048 49.904
13 49.952 0.048 49.904
25 49.904 0.16 49.744
3 49.904 0.16 49.744
13 49.904 0.16 49.744
26 50 0.048 49.952
20 50 0.048 49.952
11 50 0.048 49.952
12 50 0.048 49.952
5 50 0.048 49.952
18 50 0.048 49.952
14 50 0.048 49.952
4 50 0.048 49.952
22 50 0.048 49.952
27 50 0.048 49.952
8 49.952 0.048 49.904
1 50 0.048 49.952
1 49.952 0.048 49.904
8 50 0.048 49.952
3 50 0.048 49.952
13 50 0.048 49.952
25 49.8768 0.048 49.8288
3 49.952 0.16 49.792
13 49.952 0.16 49.792
25 49.8288 0.16 49.6688
26 50 0.048 49.952
20 50 0.048 49.952
11 50 0.048 49.952
12 50 0.048 49.952
5 50 0.048 49.952
18 50 0.048 49.952
14 50 0.048 49.952
4 50 0.048 49.952
22 50 0.048 49.952
27 50 0.048 49.952
8 49.952 0.048 49.904
1 50 0.048 49.952
1 49.952 0.048 49.904
8 50 0.048 49.952
26 50 0.048 49.952
20 50 0.048 49.952
11 50 0.048 49.952
12 50 0.048 49.952
5 50 0.048 49.952
18 50 0.048 49.952
14 50 0.048 49.952
4 50 0.048 49.952
22 50 0.048 49.952
27 50 0.048 49.952
8 49.952 0.048 49.904
1 50 0.048 49.952
1 49.952 0.048 49.904
8 50 0.048 49.952
26 50 0.048 49.952
20 50 0.048 49.952
11 50 0.048 49.952
12 50 0.048 49.952
5 50 0.048 49.952
18 50 0.048 49.952
14 50 0.048 49.952
4 50 0.048 49.952
22 50 0.048 49.952
27 50 0.048 49.952
8 49.952 0.048 49.904
1 50 0.048 49.952
1 49.952 0.048 49.904
8 50 0.048 49.952
26 50 0.048 49.952
20 50 0.048 49.952
11 50 0.048 49.952
12 50 0.048 49.952
5 50 0.048 49.952
18 50 0.048 49.952
14 50 0.048 49.952
4 50 0.048 49.952
22 50 0.048 49.952
27 50 0.048 49.952
8 49.952 0.048 49.904
1 50 0.048 49.952
1 49.952 0.048 49.904
8 50 0.048 49.952
26 50 0.048 49.952
20 50 0.048 49.952
11 50 0.048 49.952
12 50 0.048 49.952
5 50 0.048 49.952
18 50 0.048 49.952
14 50 0.048 49.952
4 50 0.048 49.952
22 50 0.048 49.952
27 50 0.048 49.952
27 49.952 0.16 49.792
8 49.952 0.048 49.904
1 50 0.048 49.952
1 49.952 0.048 49.904
8 50 0.048 49.952
26 50 0.048 49.952
20 50 0.048 49.952
11 50 0.048 49.952
12 50 0.048 49.952
5 50 0.048 49.952
18 50 0.048 49.952
14 50 0.048 49.952
4 50 0.048 49.952
22 50 0.048 49.952
8 49.952 0.048 49.904
1 50 0.048 49.952
1 49.952 0.048 49.904
8 50 0.048 49.952
26 50 0.048 49.952
20 50 0.048 49.952
11 50 0.048 49.952
12 50 0.048 49.952
12 49.952 0.048 49.904
11 49.952 0.048 49.904
5 50 0.048 49.952
18 50 0.048 49.952
14 50 0.048 49.952
4 50 0.048 49.952
22 50 0.048 49.952
22 49.952 0.16 49.792
8 49.952 0.048 49.904
1 50 0.048 49.952
1 49.952 0.048 49.904
8 50 0.048 49.952
26 50 0.048 49.952
20 50 0.048 49.952
11 50 0.048 49.952
12 50 0.048 49.952
12 49.952 0.048 49.904
11 49.952 0.048 49.904
5 50 0.048 49.952
18 50 0.048 49.952
14 50 0.048 49.952
4 50 0.048 49.952
8 49.952 0.048 49.904
1 50 0.048 49.952
1 49.952 0.048 49.904
8 50 0.048 49.952
26 50 0.048 49.952
20 50 0.048 49.952
11 50 0.048 49.952
12 50 0.048 49.952
5 50 0.048 49.952
18 50 0.048 49.952
14 50 0.048 49.952
4 50 0.048 49.952
8 49.952 0.048 49.904
1 50 0.048 49.952
8 49.904 0.16 49.744
1 49.952 0.16 49.792
1 49.792 0.048 49.744
8 50 0.048 49.952
1 49.744 0.16 49.584
8 49.952 0.16 49.792
8 49.792 0.048 49.744
1 49.584 0.048 49.536
8 49.744 0.16 49.584
1 49.536 0.16 49.376
26 50 0.048 49.952
20 50 0.048 49.952
11 50 0.048 49.952
12 50 0.048 49.952
5 50 0.048 49.952
18 50 0.048 49.952
14 50 0.048 49.952
4 50 0.048 49.952
26 50 0.048 49.952
20 50 0.048 49.952
11 50 0.048 49.952
12 50 0.048 49.952
5 50 0.048 49.952
18 50 0.048 49.952
14 50 0.048 49.952
4 50 0.048 49.952
26 50 0.048 49.952
20 50 0.048 49.952
11 50 0.048 49.952
12 50 0.048 49.952
5 50 0.048 49.952
18 50 0.048 49.952
14 50 0.048 49.952
4 50 0.048 49.952
26 50 0.048 49.952
20 50 0.048 49.952
11 50 0.048 49.952
11 49.952 0.16 49.792
12 50 0.048 49.952
12 49.952 0.16 49.792
5 50 0.048 49.952
18 50 0.048 49.952
14 50 0.048 49.952
4 50 0.048 49.952
26 50 0.048 49.952
20 50 0.048 49.952
5 50 0.048 49.952
18 50 0.048 49.952
14 50 0.048 49.952
4 50 0.048 49.952
26 50 0.048 49.952
20 50 0.048 49.952
5 50 0.048 49.952
18 50 0.048 49.952
14 50 0.048 49.952
4 50 0.048 49.952
5 50 0.048 49.952
26 50 0.048 49.952
20 50 0.048 49.952
5 49.952 0.048 49.904
5 49.904 0.16 49.744
18 50 0.048 49.952
14 50 0.048 49.952
4 50 0.048 49.952
5 50 0.048 49.952
14 49.952 0.16 49.792
4 49.952 0.16 49.792
5 49.952 0.16 49.792
26 50 0.048 49.952
20 50 0.048 49.952
18 50 0.048 49.952
26 50 0.048 49.952
20 50 0.048 49.952
18 50 0.048 49.952
26 50 0.048 49.952
20 50 0.048 49.952
18 50 0.048 49.952
26 50 0.048 49.952
20 50 0.048 49.952
26 49.952 0.16 49.792
20 49.952 0.16 49.792
18 50 0.048 49.952
18 50 0.048 49.952
18 50 0.048 49.952
18 50 0.048 49.952
18 50 0.048 49.952
18 50 0.048 49.952
18 50 0.048 49.952
18 49.952 0.16 49.792
