10 50 0.048 49.952
10 49.952 0.048 49.904
10 49.904 0.048 49.856
13 50 0.048 49.952
1 50 0.048 49.952
13 50 0.048 49.952
1 50 0.048 49.952
1 50 0.048 49.952
8 50 0.048 49.952
8 50 0.048 49.952
8 50 0.048 49.952
11 50 0.048 49.952
15 50 0.048 49.952
11 50 0.048 49.952
15 50 0.048 49.952
11 50 0.048 49.952
15 50 0.048 49.952
14 50 0.048 49.952
17 50 0.048 49.952
5 50 0.048 49.952
9 50 0.048 49.952
5 50 0.048 49.952
14 50 0.048 49.952
16 50 0.048 49.952
17 50 0.048 49.952
5 49.952 0.048 49.904
9 50 0.048 49.952
5 50 0.048 49.952
9 49.952 0.048 49.904
14 50 0.048 49.952
17 49.952 0.048 49.904
16 50 0.048 49.952
3 50 0.048 49.952
17 50 0.048 49.952
5 49.952 0.048 49.904
9 50 0.048 49.952
17 49.952 0.048 49.904
17 49.904 0.16 49.744
5 50 0.048 49.952
9 49.952 0.048 49.904
17 49.744 0.048 49.696
16 50 0.048 49.952
3 50 0.048 49.952
10 50 0.048 49.952
3 49.952 0.048 49.904
9 50 0.048 49.952
17 49.887 0.048 49.839
16 50 0.048 49.952
3 50 0.048 49.952
3 49.952 0.048 49.904
3 49.904 0.16 49.744
10 50 0.048 49.952
3 49.744 0.048 49.696
16 50 0.048 49.952
10 50 0.048 49.952
16 50 0.048 49.952
10 50 0.048 49.952
16 50 0.048 49.952
14 50 0.048 49.952
5 50 0.048 49.952
4 50 0.048 49.952
2 50 0.048 49.952
2 49.952 0.048 49.904
4 49.952 0.048 49.904
4 49.904 0.16 49.744
2 49.904 0.16 49.744
2 49.744 0.016 49.728
4 49.744 0.016 49.728
2 49.728 0.048 49.68
4 49.728 0.048 49.68
10 50 0.048 49.952
16 50 0.048 49.952
14 50 0.048 49.952
5 50 0.048 49.952
2 49.7979 0.048 49.7499
4 50 0.048 49.952
10 50 0.048 49.952
16 50 0.048 49.952
14 50 0.048 49.952
5 50 0.048 49.952
2 49.982 0.048 49.934
4 50 0.048 49.952
10 50 0.048 49.952
7 50 0.048 49.952
12 50 0.048 49.952
16 50 0.048 49.952
14 50 0.048 49.952
5 50 0.048 49.952
2 50 0.048 49.952
4 50 0.048 49.952
15 50 0.048 49.952
11 50 0.048 49.952
10 50 0.048 49.952
7 50 0.048 49.952
12 50 0.048 49.952
16 50 0.048 49.952
5 50 0.048 49.952
9 50 0.048 49.952
14 50 0.048 49.952
17 50 0.048 49.952
18 50 0.048 49.952
6 50 0.048 49.952
14 49.952 0.048 49.904
5 49.952 0.048 49.904
2 50 0.048 49.952
4 50 0.048 49.952
15 50 0.048 49.952
11 50 0.048 49.952
10 50 0.048 49.952
8 50 0.048 49.952
7 50 0.048 49.952
12 50 0.048 49.952
16 50 0.048 49.952
5 50 0.048 49.952
9 50 0.048 49.952
14 50 0.048 49.952
17 50 0.048 49.952
18 50 0.048 49.952
6 50 0.048 49.952
14 49.952 0.048 49.904
5 49.952 0.048 49.904
2 50 0.048 49.952
4 50 0.048 49.952
7 50 0.048 49.952
12 49.952 0.048 49.904
19 50 0.048 49.952
15 50 0.048 49.952
11 50 0.048 49.952
10 50 0.048 49.952
8 50 0.048 49.952
16 50 0.048 49.952
5 50 0.048 49.952
9 50 0.048 49.952
14 50 0.048 49.952
17 50 0.048 49.952
9 49.952 0.048 49.904
5 49.952 0.048 49.904
17 49.952 0.048 49.904
18 50 0.048 49.952
6 50 0.048 49.952
14 49.952 0.048 49.904
5 49.904 0.048 49.856
2 50 0.048 49.952
4 50 0.048 49.952
7 50 0.048 49.952
12 50 0.048 49.952
19 50 0.048 49.952
15 50 0.048 49.952
11 50 0.048 49.952
10 50 0.048 49.952
8 50 0.048 49.952
16 50 0.048 49.952
5 50 0.048 49.952
9 50 0.048 49.952
14 50 0.048 49.952
17 50 0.048 49.952
9 49.952 0.048 49.904
5 49.952 0.048 49.904
17 49.952 0.048 49.904
18 50 0.048 49.952
6 50 0.048 49.952
14 49.952 0.048 49.904
5 49.904 0.048 49.856
2 50 0.048 49.952
4 50 0.048 49.952
7 50 0.048 49.952
12 50 0.048 49.952
19 50 0.048 49.952
15 50 0.048 49.952
11 50 0.048 49.952
10 50 0.048 49.952
8 50 0.048 49.952
16 50 0.048 49.952
16 49.952 0.048 49.904
16 49.904 0.048 49.856
16 49.856 0.16 49.696
5 49.9964 0.048 49.9484
9 50 0.048 49.952
14 50 0.048 49.952
17 50 0.048 49.952
9 49.952 0.048 49.904
5 49.9484 0.048 49.9004
17 49.952 0.048 49.904
18 50 0.048 49.952
6 50 0.048 49.952
14 49.952 0.048 49.904
5 49.9004 0.048 49.8524
2 50 0.048 49.952
4 50 0.048 49.952
7 50 0.048 49.952
12 50 0.048 49.952
19 50 0.048 49.952
15 50 0.048 49.952
11 50 0.048 49.952
10 50 0.048 49.952
8 50 0.048 49.952
16 50 0.048 49.952
5 49.9596 0.048 49.9116
9 50 0.048 49.952
14 50 0.048 49.952
17 50 0.048 49.952
9 49.952 0.048 49.904
5 49.9116 0.048 49.8636
17 49.952 0.048 49.904
18 50 0.048 49.952
6 50 0.048 49.952
14 49.952 0.048 49.904
5 49.8636 0.048 49.8156
2 50 0.048 49.952
4 50 0.048 49.952
7 50 0.048 49.952
12 50 0.048 49.952
19 50 0.048 49.952
15 50 0.048 49.952
11 50 0.048 49.952
10 50 0.048 49.952
8 50 0.048 49.952
16 50 0.048 49.952
19 49.952 0.048 49.904
5 50 0.048 49.952
9 50 0.048 49.952
17 50 0.048 49.952
9 49.952 0.048 49.904
5 49.952 0.048 49.904
17 49.952 0.048 49.904
13 50 0.048 49.952
18 50 0.048 49.952
6 50 0.048 49.952
14 50 0.048 49.952
2 50 0.048 49.952
4 50 0.048 49.952
7 50 0.048 49.952
12 50 0.048 49.952
19 50 0.048 49.952
19 49.952 0.048 49.904
19 49.904 0.16 49.744
15 50 0.048 49.952
11 50 0.048 49.952
10 50 0.048 49.952
8 50 0.048 49.952
19 49.744 0.048 49.696
5 50 0.048 49.952
9 50 0.048 49.952
17 50 0.048 49.952
9 49.952 0.048 49.904
5 49.952 0.048 49.904
17 49.952 0.048 49.904
13 50 0.048 49.952
18 50 0.048 49.952
6 50 0.048 49.952
14 50 0.048 49.952
2 50 0.048 49.952
4 50 0.048 49.952
7 50 0.048 49.952
12 50 0.048 49.952
15 50 0.048 49.952
11 50 0.048 49.952
10 50 0.048 49.952
8 50 0.048 49.952
19 49.7997 0.048 49.7517
1 50 0.048 49.952
5 50 0.048 49.952
9 50 0.048 49.952
17 50 0.048 49.952
9 49.952 0.048 49.904
5 49.952 0.048 49.904
17 49.952 0.048 49.904
13 50 0.048 49.952
18 50 0.048 49.952
6 50 0.048 49.952
14 50 0.048 49.952
2 50 0.048 49.952
4 50 0.048 49.952
7 50 0.048 49.952
12 50 0.048 49.952
15 50 0.048 49.952
11 50 0.048 49.952
10 50 0.048 49.952
8 50 0.048 49.952
1 50 0.048 49.952
5 50 0.048 49.952
9 50 0.048 49.952
17 50 0.048 49.952
9 49.952 0.048 49.904
5 49.952 0.048 49.904
17 49.952 0.048 49.904
13 50 0.048 49.952
18 50 0.048 49.952
6 50 0.048 49.952
14 50 0.048 49.952
2 50 0.048 49.952
4 50 0.048 49.952
7 50 0.048 49.952
12 50 0.048 49.952
15 50 0.048 49.952
11 50 0.048 49.952
10 50 0.048 49.952
8 50 0.048 49.952
1 50 0.048 49.952
5 50 0.048 49.952
9 50 0.048 49.952
14 50 0.048 49.952
17 50 0.048 49.952
9 49.952 0.048 49.904
5 49.952 0.048 49.904
17 49.952 0.048 49.904
13 50 0.048 49.952
18 50 0.048 49.952
6 50 0.048 49.952
14 49.952 0.048 49.904
5 49.904 0.048 49.856
2 50 0.048 49.952
4 50 0.048 49.952
7 50 0.048 49.952
12 50 0.048 49.952
15 50 0.048 49.952
11 50 0.048 49.952
10 50 0.048 49.952
8 50 0.048 49.952
20 50 0.048 49.952
1 50 0.048 49.952
5 50 0.048 49.952
9 50 0.048 49.952
17 50 0.048 49.952
9 49.952 0.048 49.904
5 49.952 0.048 49.904
17 49.952 0.048 49.904
13 50 0.048 49.952
18 50 0.048 49.952
6 50 0.048 49.952
14 50 0.048 49.952
5 49.904 0.048 49.856
2 50 0.048 49.952
4 50 0.048 49.952
7 50 0.048 49.952
12 50 0.048 49.952
15 50 0.048 49.952
11 50 0.048 49.952
10 50 0.048 49.952
8 50 0.048 49.952
20 50 0.048 49.952
1 50 0.048 49.952
11 50 0.048 49.952
15 49.952 0.048 49.904
5 50 0.048 49.952
9 50 0.048 49.952
17 50 0.048 49.952
9 49.952 0.048 49.904
5 49.952 0.048 49.904
17 49.952 0.048 49.904
13 50 0.048 49.952
18 50 0.048 49.952
6 50 0.048 49.952
14 50 0.048 49.952
2 50 0.048 49.952
4 50 0.048 49.952
7 50 0.048 49.952
12 50 0.048 49.952
15 50 0.048 49.952
11 49.952 0.048 49.904
10 50 0.048 49.952
8 50 0.048 49.952
20 50 0.048 49.952
1 50 0.048 49.952
11 50 0.048 49.952
15 49.952 0.048 49.904
5 50 0.048 49.952
9 50 0.048 49.952
17 50 0.048 49.952
9 49.952 0.048 49.904
5 49.952 0.048 49.904
17 49.952 0.048 49.904
13 50 0.048 49.952
18 50 0.048 49.952
6 50 0.048 49.952
14 50 0.048 49.952
2 50 0.048 49.952
4 50 0.048 49.952
7 50 0.048 49.952
12 50 0.048 49.952
15 50 0.048 49.952
11 49.952 0.048 49.904
10 50 0.048 49.952
8 50 0.048 49.952
1 50 0.048 49.952
11 50 0.048 49.952
15 49.952 0.048 49.904
5 50 0.048 49.952
9 50 0.048 49.952
9 49.952 0.048 49.904
5 49.952 0.048 49.904
17 50 0.048 49.952
13 50 0.048 49.952
18 50 0.048 49.952
6 50 0.048 49.952
14 50 0.048 49.952
2 50 0.048 49.952
4 50 0.048 49.952
7 50 0.048 49.952
12 50 0.048 49.952
15 50 0.048 49.952
11 49.952 0.048 49.904
10 50 0.048 49.952
8 50 0.048 49.952
2 49.952 0.048 49.904
4 50 0.048 49.952
1 50 0.048 49.952
11 50 0.048 49.952
15 49.952 0.048 49.904
5 50 0.048 49.952
9 50 0.048 49.952
9 49.952 0.048 49.904
5 49.952 0.048 49.904
17 50 0.048 49.952
13 50 0.048 49.952
18 50 0.048 49.952
6 50 0.048 49.952
14 50 0.048 49.952
2 50 0.048 49.952
4 49.952 0.048 49.904
2 49.952 0.048 49.904
2 49.904 0.16 49.744
7 50 0.048 49.952
12 50 0.048 49.952
15 50 0.048 49.952
11 49.952 0.048 49.904
10 50 0.048 49.952
8 50 0.048 49.952
2 49.744 0.048 49.696
4 50 0.048 49.952
1 50 0.048 49.952
11 50 0.048 49.952
15 49.952 0.048 49.904
20 50 0.048 49.952
5 50 0.048 49.952
9 50 0.048 49.952
9 49.952 0.048 49.904
5 49.952 0.048 49.904
17 50 0.048 49.952
13 50 0.048 49.952
18 50 0.048 49.952
6 50 0.048 49.952
14 50 0.048 49.952
7 50 0.048 49.952
12 50 0.048 49.952
15 50 0.048 49.952
11 49.952 0.048 49.904
6 49.952 0.048 49.904
18 50 0.048 49.952
10 50 0.048 49.952
8 50 0.048 49.952
2 49.9977 0.048 49.9497
4 50 0.048 49.952
1 50 0.048 49.952
11 50 0.048 49.952
15 49.952 0.048 49.904
20 50 0.048 49.952
5 50 0.048 49.952
9 50 0.048 49.952
9 49.952 0.048 49.904
5 49.952 0.048 49.904
17 50 0.048 49.952
13 50 0.048 49.952
18 49.952 0.048 49.904
6 50 0.048 49.952
14 50 0.048 49.952
7 50 0.048 49.952
12 50 0.048 49.952
15 50 0.048 49.952
11 49.952 0.048 49.904
6 49.952 0.048 49.904
18 50 0.048 49.952
10 50 0.048 49.952
8 50 0.048 49.952
18 49.952 0.048 49.904
1 50 0.048 49.952
11 50 0.048 49.952
15 49.952 0.048 49.904
20 50 0.048 49.952
5 50 0.048 49.952
9 50 0.048 49.952
9 49.952 0.048 49.904
5 49.952 0.048 49.904
17 50 0.048 49.952
13 50 0.048 49.952
18 49.904 0.048 49.856
6 50 0.048 49.952
18 49.856 0.048 49.808
18 49.808 0.16 49.648
14 50 0.048 49.952
7 50 0.048 49.952
12 50 0.048 49.952
15 50 0.048 49.952
11 49.952 0.048 49.904
6 49.952 0.048 49.904
18 49.8352 0.048 49.7872
6 49.904 0.048 49.856
6 49.856 0.16 49.696
12 50 0.048 49.952
7 49.952 0.048 49.904
10 50 0.048 49.952
8 50 0.048 49.952
6 49.696 0.048 49.648
18 49.7872 0.048 49.7392
1 50 0.048 49.952
11 50 0.048 49.952
15 49.952 0.048 49.904
20 50 0.048 49.952
5 50 0.048 49.952
9 50 0.048 49.952
17 50 0.048 49.952
9 49.952 0.048 49.904
5 49.952 0.048 49.904
17 49.952 0.048 49.904
13 50 0.048 49.952
14 50 0.048 49.952
7 50 0.048 49.952
12 49.952 0.048 49.904
15 50 0.048 49.952
11 49.952 0.048 49.904
12 50 0.048 49.952
7 49.952 0.048 49.904
10 50 0.048 49.952
8 50 0.048 49.952
6 49.8671 0.048 49.8191
18 50 0.048 49.952
1 50 0.048 49.952
11 50 0.048 49.952
15 49.952 0.048 49.904
20 50 0.048 49.952
5 50 0.048 49.952
9 50 0.048 49.952
17 50 0.048 49.952
9 49.952 0.048 49.904
5 49.952 0.048 49.904
17 49.952 0.048 49.904
13 50 0.048 49.952
14 50 0.048 49.952
7 50 0.048 49.952
12 49.952 0.048 49.904
15 50 0.048 49.952
11 49.952 0.048 49.904
12 50 0.048 49.952
7 49.952 0.048 49.904
10 50 0.048 49.952
8 50 0.048 49.952
6 50 0.048 49.952
1 50 0.048 49.952
11 50 0.048 49.952
15 49.952 0.048 49.904
20 50 0.048 49.952
5 50 0.048 49.952
9 50 0.048 49.952
17 50 0.048 49.952
9 49.952 0.048 49.904
5 49.952 0.048 49.904
17 49.952 0.048 49.904
13 50 0.048 49.952
14 50 0.048 49.952
7 50 0.048 49.952
12 49.952 0.048 49.904
17 49.904 0.048 49.856
5 49.904 0.048 49.856
9 50 0.048 49.952
15 50 0.048 49.952
11 49.952 0.048 49.904
12 50 0.048 49.952
7 49.952 0.048 49.904
10 50 0.048 49.952
8 50 0.048 49.952
1 50 0.048 49.952
11 50 0.048 49.952
15 49.952 0.048 49.904
20 50 0.048 49.952
5 50 0.048 49.952
9 49.952 0.048 49.904
17 49.9934 0.048 49.9454
9 49.904 0.048 49.856
5 49.952 0.048 49.904
17 49.9454 0.048 49.8974
13 50 0.048 49.952
14 50 0.048 49.952
7 50 0.048 49.952
12 49.952 0.048 49.904
17 49.8974 0.048 49.8494
5 49.904 0.048 49.856
9 49.9712 0.048 49.9232
15 50 0.048 49.952
11 49.952 0.048 49.904
12 50 0.048 49.952
7 49.952 0.048 49.904
10 50 0.048 49.952
8 50 0.048 49.952
10 49.952 0.048 49.904
1 50 0.048 49.952
11 50 0.048 49.952
15 49.952 0.048 49.904
20 50 0.048 49.952
5 50 0.048 49.952
9 49.9232 0.048 49.8752
17 50 0.048 49.952
9 49.8752 0.048 49.8272
5 49.952 0.048 49.904
17 49.952 0.048 49.904
13 50 0.048 49.952
14 50 0.048 49.952
7 50 0.048 49.952
12 49.952 0.048 49.904
17 49.904 0.048 49.856
5 49.904 0.048 49.856
9 50 0.048 49.952
15 50 0.048 49.952
11 49.952 0.048 49.904
12 50 0.048 49.952
7 49.952 0.048 49.904
10 50 0.048 49.952
10 49.952 0.048 49.904
10 49.904 0.16 49.744
8 50 0.048 49.952
10 49.744 0.048 49.696
1 50 0.048 49.952
11 50 0.048 49.952
15 49.952 0.048 49.904
20 50 0.048 49.952
5 50 0.048 49.952
9 49.952 0.048 49.904
17 50 0.048 49.952
9 49.904 0.048 49.856
5 49.952 0.048 49.904
17 49.952 0.048 49.904
13 50 0.048 49.952
14 50 0.048 49.952
7 50 0.048 49.952
12 49.952 0.048 49.904
17 49.904 0.048 49.856
5 49.904 0.048 49.856
9 50 0.048 49.952
15 50 0.048 49.952
11 49.952 0.048 49.904
12 50 0.048 49.952
7 49.952 0.048 49.904
8 50 0.048 49.952
10 49.8236 0.048 49.7756
13 50 0.048 49.952
1 50 0.048 49.952
11 50 0.048 49.952
15 49.952 0.048 49.904
20 50 0.048 49.952
5 50 0.048 49.952
9 49.952 0.048 49.904
17 50 0.048 49.952
9 49.904 0.048 49.856
5 49.952 0.048 49.904
17 49.952 0.048 49.904
13 49.952 0.048 49.904
13 49.904 0.048 49.856
13 49.856 0.16 49.696
14 50 0.048 49.952
7 50 0.048 49.952
12 49.952 0.048 49.904
17 49.904 0.048 49.856
5 49.904 0.048 49.856
9 50 0.048 49.952
15 50 0.048 49.952
11 49.952 0.048 49.904
12 50 0.048 49.952
7 49.952 0.048 49.904
8 50 0.048 49.952
13 49.9007 0.048 49.8527
1 50 0.048 49.952
11 50 0.048 49.952
15 49.952 0.048 49.904
20 50 0.048 49.952
5 50 0.048 49.952
9 49.952 0.048 49.904
17 50 0.048 49.952
9 49.904 0.048 49.856
5 49.952 0.048 49.904
17 49.952 0.048 49.904
14 50 0.048 49.952
7 50 0.048 49.952
12 49.952 0.048 49.904
17 49.904 0.048 49.856
9 50 0.048 49.952
15 50 0.048 49.952
11 49.952 0.048 49.904
12 50 0.048 49.952
7 49.952 0.048 49.904
4 50 0.048 49.952
2 50 0.048 49.952
8 50 0.048 49.952
1 50 0.048 49.952
13 49.9802 0.048 49.9322
1 49.952 0.048 49.904
1 49.904 0.048 49.856
1 49.856 0.16 49.696
11 50 0.048 49.952
15 49.952 0.048 49.904
20 50 0.048 49.952
5 50 0.048 49.952
9 49.952 0.048 49.904
17 50 0.048 49.952
9 49.904 0.048 49.856
5 49.952 0.048 49.904
17 49.952 0.048 49.904
14 50 0.048 49.952
7 50 0.048 49.952
12 49.952 0.048 49.904
17 49.904 0.048 49.856
5 49.904 0.048 49.856
9 50 0.048 49.952
15 50 0.048 49.952
11 49.952 0.048 49.904
12 50 0.048 49.952
7 49.952 0.048 49.904
4 50 0.048 49.952
2 50 0.048 49.952
8 50 0.048 49.952
1 49.9928 0.048 49.9448
11 50 0.048 49.952
15 49.952 0.048 49.904
20 50 0.048 49.952
5 50 0.048 49.952
9 49.952 0.048 49.904
17 49.9608 0.048 49.9128
9 49.904 0.048 49.856
5 49.952 0.048 49.904
17 49.9128 0.048 49.8648
14 50 0.048 49.952
7 50 0.048 49.952
12 49.952 0.048 49.904
17 49.8648 0.048 49.8168
5 49.904 0.048 49.856
9 50 0.048 49.952
15 50 0.048 49.952
11 49.952 0.048 49.904
12 50 0.048 49.952
7 49.952 0.048 49.904
4 50 0.048 49.952
2 50 0.048 49.952
8 50 0.048 49.952
11 50 0.048 49.952
15 49.952 0.048 49.904
20 50 0.048 49.952
5 50 0.048 49.952
9 49.952 0.048 49.904
17 49.9407 0.048 49.8927
9 49.904 0.048 49.856
5 49.952 0.048 49.904
17 49.8927 0.048 49.8447
14 50 0.048 49.952
7 50 0.048 49.952
12 49.952 0.048 49.904
17 49.8447 0.048 49.7967
5 49.904 0.048 49.856
9 50 0.048 49.952
15 50 0.048 49.952
11 49.952 0.048 49.904
12 50 0.048 49.952
7 49.952 0.048 49.904
4 50 0.048 49.952
2 50 0.048 49.952
8 50 0.048 49.952
11 50 0.048 49.952
15 49.952 0.048 49.904
20 50 0.048 49.952
5 50 0.048 49.952
9 49.952 0.048 49.904
17 50 0.048 49.952
9 49.904 0.048 49.856
5 49.952 0.048 49.904
17 49.952 0.048 49.904
14 50 0.048 49.952
7 50 0.048 49.952
12 49.952 0.048 49.904
17 49.904 0.048 49.856
5 49.904 0.048 49.856
9 50 0.048 49.952
15 50 0.048 49.952
11 49.952 0.048 49.904
12 50 0.048 49.952
7 49.952 0.048 49.904
4 50 0.048 49.952
2 50 0.048 49.952
8 50 0.048 49.952
11 50 0.048 49.952
15 49.952 0.048 49.904
20 50 0.048 49.952
5 49.9951 0.048 49.9471
9 49.952 0.048 49.904
17 50 0.048 49.952
9 49.904 0.048 49.856
5 49.9471 0.048 49.8991
17 49.952 0.048 49.904
14 50 0.048 49.952
7 50 0.048 49.952
12 49.952 0.048 49.904
17 49.904 0.048 49.856
5 49.8991 0.048 49.8511
9 49.9876 0.048 49.9396
15 50 0.048 49.952
11 49.952 0.048 49.904
12 50 0.048 49.952
7 49.952 0.048 49.904
4 50 0.048 49.952
2 50 0.048 49.952
8 50 0.048 49.952
8 49.952 0.048 49.904
8 49.904 0.16 49.744
8 49.744 0.048 49.696
11 50 0.048 49.952
15 49.952 0.048 49.904
20 50 0.048 49.952
5 49.9768 0.048 49.9288
9 49.9396 0.048 49.8916
17 50 0.048 49.952
9 49.8916 0.048 49.8436
5 49.9288 0.048 49.8808
17 49.952 0.048 49.904
14 50 0.048 49.952
7 50 0.048 49.952
12 49.952 0.048 49.904
17 49.904 0.048 49.856
5 49.8808 0.048 49.8328
9 50 0.048 49.952
15 50 0.048 49.952
11 49.952 0.048 49.904
12 50 0.048 49.952
7 49.952 0.048 49.904
4 50 0.048 49.952
2 50 0.048 49.952
8 49.9967 0.048 49.9487
11 50 0.048 49.952
15 49.952 0.048 49.904
20 50 0.048 49.952
5 50 0.048 49.952
9 49.952 0.048 49.904
17 50 0.048 49.952
9 49.904 0.048 49.856
5 49.952 0.048 49.904
17 49.952 0.048 49.904
14 50 0.048 49.952
7 50 0.048 49.952
12 49.952 0.048 49.904
17 49.904 0.048 49.856
5 49.904 0.048 49.856
9 49.9669 0.048 49.9189
15 50 0.048 49.952
11 49.952 0.048 49.904
12 50 0.048 49.952
7 49.952 0.048 49.904
4 50 0.048 49.952
2 50 0.048 49.952
8 50 0.048 49.952
11 50 0.048 49.952
15 49.952 0.048 49.904
20 50 0.048 49.952
5 50 0.048 49.952
9 49.9189 0.048 49.8709
17 49.9962 0.048 49.9482
9 49.8709 0.048 49.8229
5 49.952 0.048 49.904
17 49.9482 0.048 49.9002
14 50 0.048 49.952
7 50 0.048 49.952
12 49.952 0.048 49.904
17 49.9002 0.048 49.8522
5 49.904 0.048 49.856
9 50 0.048 49.952
15 50 0.048 49.952
11 49.952 0.048 49.904
12 50 0.048 49.952
7 49.952 0.048 49.904
4 50 0.048 49.952
2 50 0.048 49.952
11 49.904 0.048 49.856
15 49.952 0.048 49.904
11 50 0.048 49.952
15 49.904 0.048 49.856
11 49.952 0.048 49.904
11 49.904 0.16 49.744
20 50 0.048 49.952
5 50 0.048 49.952
9 49.952 0.048 49.904
17 50 0.048 49.952
9 49.904 0.048 49.856
5 49.952 0.048 49.904
17 49.952 0.048 49.904
14 50 0.048 49.952
7 50 0.048 49.952
12 49.952 0.048 49.904
17 49.904 0.048 49.856
5 49.904 0.048 49.856
9 50 0.048 49.952
15 50 0.048 49.952
11 49.744 0.048 49.696
15 49.952 0.048 49.904
15 49.904 0.16 49.744
12 50 0.048 49.952
7 49.952 0.048 49.904
4 50 0.048 49.952
2 50 0.048 49.952
11 49.696 0.048 49.648
15 49.744 0.048 49.696
20 50 0.048 49.952
5 50 0.048 49.952
9 49.952 0.048 49.904
17 50 0.048 49.952
9 49.904 0.048 49.856
5 49.952 0.048 49.904
17 49.952 0.048 49.904
14 50 0.048 49.952
7 50 0.048 49.952
12 49.952 0.048 49.904
17 49.904 0.048 49.856
5 49.904 0.048 49.856
9 50 0.048 49.952
12 50 0.048 49.952
7 49.952 0.048 49.904
4 50 0.048 49.952
2 50 0.048 49.952
11 49.9151 0.048 49.8671
20 50 0.048 49.952
5 49.9579 0.048 49.9099
9 49.952 0.048 49.904
17 50 0.048 49.952
9 49.904 0.048 49.856
5 49.9099 0.048 49.8619
17 49.952 0.048 49.904
14 50 0.048 49.952
7 50 0.048 49.952
12 49.952 0.048 49.904
17 49.904 0.048 49.856
5 49.8619 0.048 49.8139
9 50 0.048 49.952
12 50 0.048 49.952
7 49.952 0.048 49.904
4 50 0.048 49.952
2 50 0.048 49.952
20 50 0.048 49.952
5 50 0.048 49.952
9 49.952 0.048 49.904
17 50 0.048 49.952
9 49.904 0.048 49.856
5 49.952 0.048 49.904
17 49.952 0.048 49.904
14 50 0.048 49.952
7 50 0.048 49.952
12 49.952 0.048 49.904
17 49.904 0.048 49.856
5 49.904 0.048 49.856
9 50 0.048 49.952
12 50 0.048 49.952
7 49.952 0.048 49.904
4 50 0.048 49.952
2 50 0.048 49.952
20 50 0.048 49.952
5 50 0.048 49.952
9 49.952 0.048 49.904
17 50 0.048 49.952
9 49.904 0.048 49.856
5 49.952 0.048 49.904
17 49.952 0.048 49.904
14 50 0.048 49.952
7 50 0.048 49.952
12 49.952 0.048 49.904
17 49.904 0.048 49.856
5 49.904 0.048 49.856
9 50 0.048 49.952
12 50 0.048 49.952
7 49.952 0.048 49.904
4 50 0.048 49.952
2 50 0.048 49.952
20 50 0.048 49.952
5 50 0.048 49.952
9 49.952 0.048 49.904
17 50 0.048 49.952
9 49.904 0.048 49.856
5 49.952 0.048 49.904
17 49.952 0.048 49.904
14 50 0.048 49.952
7 50 0.048 49.952
12 49.952 0.048 49.904
17 49.904 0.048 49.856
5 49.904 0.048 49.856
9 50 0.048 49.952
12 50 0.048 49.952
7 49.952 0.048 49.904
16 50 0.048 49.952
4 50 0.048 49.952
2 50 0.048 49.952
14 50 0.048 49.952
20 50 0.048 49.952
5 50 0.048 49.952
9 49.952 0.048 49.904
9 49.904 0.048 49.856
5 49.952 0.048 49.904
17 50 0.048 49.952
14 49.952 0.048 49.904
7 50 0.048 49.952
12 49.952 0.048 49.904
17 49.952 0.048 49.904
9 50 0.048 49.952
12 50 0.048 49.952
7 49.952 0.048 49.904
16 50 0.048 49.952
4 50 0.048 49.952
2 50 0.048 49.952
14 50 0.048 49.952
20 50 0.048 49.952
5 50 0.048 49.952
9 49.952 0.048 49.904
9 49.904 0.048 49.856
5 49.952 0.048 49.904
17 50 0.048 49.952
14 49.952 0.048 49.904
14 49.904 0.048 49.856
14 49.856 0.16 49.696
7 50 0.048 49.952
12 49.952 0.048 49.904
17 49.952 0.048 49.904
9 50 0.048 49.952
12 50 0.048 49.952
7 49.952 0.048 49.904
16 50 0.048 49.952
3 50 0.048 49.952
4 50 0.048 49.952
2 50 0.048 49.952
5 50 0.048 49.952
9 49.952 0.048 49.904
14 49.8908 0.048 49.8428
20 50 0.048 49.952
5 49.952 0.048 49.904
9 49.904 0.048 49.856
5 49.904 0.048 49.856
5 49.856 0.16 49.696
9 49.856 0.048 49.808
5 49.696 0.048 49.648
9 49.808 0.048 49.76
9 49.76 0.16 49.6
7 50 0.048 49.952
12 49.952 0.048 49.904
17 50 0.048 49.952
18 50 0.048 49.952
6 50 0.048 49.952
12 50 0.048 49.952
7 49.952 0.048 49.904
16 50 0.048 49.952
3 50 0.048 49.952
4 50 0.048 49.952
2 50 0.048 49.952
5 49.7552 0.048 49.7072
9 49.9543 0.048 49.9063
17 49.952 0.048 49.904
20 50 0.048 49.952
7 50 0.048 49.952
12 49.952 0.048 49.904
17 50 0.048 49.952
5 49.7072 0.048 49.6592
9 50 0.048 49.952
17 49.952 0.048 49.904
17 49.904 0.16 49.744
18 50 0.048 49.952
6 50 0.048 49.952
12 50 0.048 49.952
7 49.952 0.048 49.904
16 50 0.048 49.952
3 50 0.048 49.952
4 50 0.048 49.952
2 50 0.048 49.952
3 49.952 0.048 49.904
5 50 0.048 49.952
9 49.952 0.048 49.904
17 49.744 0.048 49.696
20 50 0.048 49.952
7 50 0.048 49.952
12 49.952 0.048 49.904
18 50 0.048 49.952
6 50 0.048 49.952
12 50 0.048 49.952
7 49.952 0.048 49.904
16 50 0.048 49.952
3 50 0.048 49.952
3 49.952 0.048 49.904
3 49.904 0.16 49.744
4 50 0.048 49.952
2 50 0.048 49.952
3 49.744 0.048 49.696
20 50 0.048 49.952
7 50 0.048 49.952
12 49.952 0.048 49.904
18 50 0.048 49.952
6 50 0.048 49.952
12 50 0.048 49.952
7 49.952 0.048 49.904
16 50 0.048 49.952
4 50 0.048 49.952
2 50 0.048 49.952
3 49.9951 0.048 49.9471
20 50 0.048 49.952
7 50 0.048 49.952
12 49.952 0.048 49.904
18 50 0.048 49.952
6 50 0.048 49.952
12 50 0.048 49.952
7 49.952 0.048 49.904
16 50 0.048 49.952
4 50 0.048 49.952
2 50 0.048 49.952
20 50 0.048 49.952
2 50 0.048 49.952
4 49.952 0.048 49.904
7 50 0.048 49.952
12 49.952 0.048 49.904
18 50 0.048 49.952
6 50 0.048 49.952
12 50 0.048 49.952
7 49.952 0.048 49.904
16 50 0.048 49.952
4 50 0.048 49.952
2 49.952 0.048 49.904
20 50 0.048 49.952
2 50 0.048 49.952
4 49.952 0.048 49.904
7 50 0.048 49.952
12 49.952 0.048 49.904
18 50 0.048 49.952
6 50 0.048 49.952
12 50 0.048 49.952
7 49.952 0.048 49.904
16 50 0.048 49.952
4 50 0.048 49.952
2 49.952 0.048 49.904
20 50 0.048 49.952
19 50 0.048 49.952
2 50 0.048 49.952
4 49.952 0.048 49.904
7 50 0.048 49.952
12 49.952 0.048 49.904
18 50 0.048 49.952
6 50 0.048 49.952
12 50 0.048 49.952
7 49.952 0.048 49.904
16 50 0.048 49.952
4 50 0.048 49.952
2 49.952 0.048 49.904
7 49.904 0.048 49.856
20 50 0.048 49.952
19 50 0.048 49.952
2 50 0.048 49.952
4 49.952 0.048 49.904
7 49.9698 0.048 49.9218
12 49.952 0.048 49.904
7 49.9218 0.048 49.8738
7 49.8738 0.16 49.7138
18 50 0.048 49.952
6 50 0.048 49.952
12 50 0.048 49.952
7 49.7138 0.048 49.6658
12 49.952 0.048 49.904
12 49.904 0.16 49.744
16 50 0.048 49.952
4 50 0.048 49.952
2 49.952 0.048 49.904
7 49.6658 0.048 49.6178
12 49.744 0.048 49.696
20 50 0.048 49.952
19 50 0.048 49.952
2 50 0.048 49.952
4 49.952 0.048 49.904
18 50 0.048 49.952
6 50 0.048 49.952
16 50 0.048 49.952
4 50 0.048 49.952
2 49.952 0.048 49.904
7 49.9251 0.048 49.8771
12 49.9291 0.048 49.8811
20 50 0.048 49.952
19 50 0.048 49.952
2 50 0.048 49.952
4 49.952 0.048 49.904
18 50 0.048 49.952
6 50 0.048 49.952
16 50 0.048 49.952
4 50 0.048 49.952
2 49.952 0.048 49.904
12 50 0.048 49.952
20 50 0.048 49.952
19 50 0.048 49.952
2 50 0.048 49.952
4 49.952 0.048 49.904
18 50 0.048 49.952
6 50 0.048 49.952
16 50 0.048 49.952
4 50 0.048 49.952
2 49.952 0.048 49.904
20 50 0.048 49.952
19 50 0.048 49.952
2 50 0.048 49.952
4 49.952 0.048 49.904
18 50 0.048 49.952
6 50 0.048 49.952
1 50 0.048 49.952
16 50 0.048 49.952
4 50 0.048 49.952
2 49.952 0.048 49.904
20 50 0.048 49.952
19 50 0.048 49.952
2 50 0.048 49.952
4 49.952 0.048 49.904
18 50 0.048 49.952
6 50 0.048 49.952
1 50 0.048 49.952
16 50 0.048 49.952
16 49.952 0.048 49.904
16 49.904 0.16 49.744
4 50 0.048 49.952
2 49.952 0.048 49.904
16 49.744 0.048 49.696
20 50 0.048 49.952
19 50 0.048 49.952
2 50 0.048 49.952
4 49.952 0.048 49.904
18 50 0.048 49.952
6 50 0.048 49.952
1 50 0.048 49.952
4 50 0.048 49.952
2 49.952 0.048 49.904
16 49.8271 0.048 49.7791
20 50 0.048 49.952
19 50 0.048 49.952
2 50 0.048 49.952
4 49.952 0.048 49.904
18 50 0.048 49.952
6 50 0.048 49.952
10 50 0.048 49.952
1 50 0.048 49.952
4 50 0.048 49.952
2 49.952 0.048 49.904
19 49.952 0.048 49.904
20 50 0.048 49.952
19 50 0.048 49.952
19 49.952 0.048 49.904
19 49.904 0.16 49.744
2 50 0.048 49.952
4 49.952 0.048 49.904
18 50 0.048 49.952
6 50 0.048 49.952
10 50 0.048 49.952
1 50 0.048 49.952
4 50 0.048 49.952
2 49.952 0.048 49.904
19 49.744 0.048 49.696
20 50 0.048 49.952
2 50 0.048 49.952
4 49.952 0.048 49.904
18 50 0.048 49.952
6 50 0.048 49.952
10 50 0.048 49.952
1 50 0.048 49.952
4 50 0.048 49.952
2 49.952 0.048 49.904
19 50 0.048 49.952
20 50 0.048 49.952
6 50 0.048 49.952
18 50 0.048 49.952
2 50 0.048 49.952
4 49.952 0.048 49.904
18 49.952 0.048 49.904
6 49.952 0.048 49.904
10 50 0.048 49.952
1 50 0.048 49.952
4 50 0.048 49.952
2 49.952 0.048 49.904
20 50 0.048 49.952
6 50 0.048 49.952
18 50 0.048 49.952
2 50 0.048 49.952
4 49.952 0.048 49.904
18 49.952 0.048 49.904
6 49.952 0.048 49.904
10 50 0.048 49.952
1 50 0.048 49.952
4 50 0.048 49.952
2 49.952 0.048 49.904
20 50 0.048 49.952
6 50 0.048 49.952
18 50 0.048 49.952
2 50 0.048 49.952
4 49.952 0.048 49.904
18 49.952 0.048 49.904
6 49.952 0.048 49.904
10 50 0.048 49.952
1 50 0.048 49.952
4 50 0.048 49.952
2 49.952 0.048 49.904
20 50 0.048 49.952
20 49.952 0.048 49.904
20 49.904 0.048 49.856
20 49.856 0.16 49.696
6 50 0.048 49.952
18 50 0.048 49.952
2 50 0.048 49.952
4 49.952 0.048 49.904
18 49.952 0.048 49.904
6 49.952 0.048 49.904
10 50 0.048 49.952
1 50 0.048 49.952
4 50 0.048 49.952
2 49.952 0.048 49.904
20 50 0.048 49.952
6 50 0.048 49.952
18 50 0.048 49.952
8 50 0.048 49.952
2 50 0.048 49.952
4 49.952 0.048 49.904
18 49.952 0.048 49.904
6 49.952 0.048 49.904
10 50 0.048 49.952
1 50 0.048 49.952
4 50 0.048 49.952
2 49.952 0.048 49.904
6 50 0.048 49.952
18 50 0.048 49.952
8 50 0.048 49.952
2 50 0.048 49.952
4 49.952 0.048 49.904
18 49.952 0.048 49.904
6 49.952 0.048 49.904
10 50 0.048 49.952
1 50 0.048 49.952
4 50 0.048 49.952
2 49.952 0.048 49.904
2 49.904 0.048 49.856
6 50 0.048 49.952
18 50 0.048 49.952
8 50 0.048 49.952
2 50 0.048 49.952
4 49.952 0.048 49.904
2 49.952 0.048 49.904
2 49.904 0.16 49.744
18 49.952 0.048 49.904
6 49.952 0.048 49.904
10 50 0.048 49.952
1 50 0.048 49.952
4 50 0.048 49.952
2 49.744 0.048 49.696
4 49.952 0.048 49.904
4 49.904 0.16 49.744
2 49.696 0.048 49.648
4 49.744 0.048 49.696
6 50 0.048 49.952
18 50 0.048 49.952
8 50 0.048 49.952
18 49.952 0.048 49.904
6 49.952 0.048 49.904
10 50 0.048 49.952
1 50 0.048 49.952
2 49.9553 0.048 49.9073
4 49.935 0.048 49.887
14 50 0.048 49.952
6 50 0.048 49.952
18 50 0.048 49.952
8 50 0.048 49.952
18 49.952 0.048 49.904
6 49.952 0.048 49.904
10 50 0.048 49.952
1 50 0.048 49.952
4 50 0.048 49.952
14 50 0.048 49.952
6 50 0.048 49.952
18 50 0.048 49.952
8 50 0.048 49.952
18 49.952 0.048 49.904
6 49.952 0.048 49.904
18 49.904 0.048 49.856
18 49.856 0.16 49.696
10 50 0.048 49.952
1 50 0.048 49.952
6 49.904 0.048 49.856
18 49.8916 0.048 49.8436
14 50 0.048 49.952
6 50 0.048 49.952
18 49.8436 0.048 49.7956
6 49.952 0.048 49.904
6 49.904 0.16 49.744
8 50 0.048 49.952
10 50 0.048 49.952
1 50 0.048 49.952
6 49.744 0.048 49.696
18 50 0.048 49.952
14 50 0.048 49.952
8 50 0.048 49.952
10 50 0.048 49.952
1 50 0.048 49.952
6 49.7966 0.048 49.7486
18 50 0.048 49.952
14 50 0.048 49.952
8 50 0.048 49.952
10 50 0.048 49.952
1 50 0.048 49.952
14 50 0.048 49.952
8 50 0.048 49.952
10 50 0.048 49.952
1 50 0.048 49.952
14 50 0.048 49.952
8 50 0.048 49.952
10 50 0.048 49.952
10 49.952 0.048 49.904
10 49.904 0.16 49.744
1 50 0.048 49.952
10 49.744 0.048 49.696
14 50 0.048 49.952
8 50 0.048 49.952
1 50 0.048 49.952
10 49.896 0.048 49.848
14 50 0.048 49.952
8 50 0.048 49.952
1 50 0.048 49.952
13 50 0.048 49.952
14 50 0.048 49.952
8 50 0.048 49.952
1 50 0.048 49.952
1 49.952 0.048 49.904
13 50 0.048 49.952
14 50 0.048 49.952
8 50 0.048 49.952
1 50 0.048 49.952
1 49.952 0.048 49.904
1 49.904 0.16 49.744
1 49.744 0.048 49.696
14 50 0.048 49.952
8 50 0.048 49.952
1 49.9856 0.048 49.9376
14 50 0.048 49.952
8 50 0.048 49.952
14 50 0.048 49.952
8 50 0.048 49.952
14 50 0.048 49.952
8 50 0.048 49.952
8 49.952 0.048 49.904
14 50 0.048 49.952
8 50 0.048 49.952
8 49.952 0.048 49.904
8 49.904 0.16 49.744
8 49.744 0.048 49.696
14 50 0.048 49.952
8 49.8308 0.048 49.7828
14 50 0.048 49.952
15 50 0.048 49.952
14 50 0.048 49.952
11 50 0.048 49.952
15 50 0.048 49.952
14 50 0.048 49.952
11 50 0.048 49.952
15 50 0.048 49.952
14 50 0.048 49.952
14 50 0.048 49.952
14 50 0.048 49.952
14 50 0.048 49.952
14 50 0.048 49.952
14 50 0.048 49.952
14 49.952 0.048 49.904
14 49.904 0.048 49.856
14 49.856 0.16 49.696
5 50 0.048 49.952
14 49.9016 0.048 49.8536
5 50 0.048 49.952
9 50 0.048 49.952
14 49.9989 0.048 49.9509
17 50 0.048 49.952
5 50 0.048 49.952
9 50 0.048 49.952
17 50 0.048 49.952
3 50 0.048 49.952
9 50 0.048 49.952
17 50 0.048 49.952
3 50 0.048 49.952
3 50 0.048 49.952
7 50 0.048 49.952
12 50 0.048 49.952
7 50 0.048 49.952
12 50 0.048 49.952
12 50 0.048 49.952
16 50 0.048 49.952
16 50 0.048 49.952
16 50 0.048 49.952
19 50 0.048 49.952
19 50 0.048 49.952
20 50 0.048 49.952
20 50 0.048 49.952
20 50 0.048 49.952
