28 69 0 100 3.50103e-08 1.0137 1.0137
4 70 0 100 1.16701e-08 1.2556 1.2556
5 86 0 100 1.16701e-08 3.89697 3.89697
19 81 0 100 1.5 2.90233 4.40233
24 78 0 100 2.5 2.08147 4.58147
30 72 0 100 3.5 1.29077 4.79077
10 93 0 100 1 4.85394 5.85394
37 101 0 100 1.16701e-08 7.60524 7.60524
13 71 0 100 6.5 1.28046 7.78046
18 90 0 100 4 4.45058 8.45058
23 84 0 100 5 3.76253 8.76253
23 104 0 100 0.5 8.40262 8.90262
5 99 0 100 2 7.15886 9.15886
19 94 0 100 4.5 5.20669 9.70669
30 91 0 100 5.5 4.62481 10.1248
30 98 0 100 3 7.14913 10.1491
32 92 0 100 6 4.73934 10.7393
32 73 0 100 9 1.79335 10.7934
10 105 0 100 2.5 8.74444 11.2444
35 97 0 100 4.5 6.92096 11.421
17 96 0 100 6 5.75833 11.7583
25 95 0 100 6.5 5.63596 12.136
31 85 0 100 8.5 3.81317 12.3132
3 87 0 100 9 4.03569 13.0357
36 83 0 100 9.5 3.62927 13.1293
36 103 0 100 5 8.321 13.321
18 77 0 100 11.5 1.99434 13.4943
