2 106 0 100 1.16701e-08 1.04005 1.04005
49 125 0 100 1.16701e-08 3.40567 3.40567
11 112 0 100 2 1.55762 3.55762
40 116 0 100 2 2.33408 4.33408
8 121 0 100 1.5 3.18225 4.68225
41 110 0 100 3.5 1.38206 4.88206
39 120 0 100 2 2.98624 4.98624
1 132 0 100 1 4.6494 5.6494
37 130 0 100 1.5 4.45516 5.95516
10 122 0 100 3 3.20539 6.20539
16 118 0 100 5 2.40453 7.40453
16 129 0 100 3 4.44425 7.44425
44 113 0 100 6 1.63104 7.63104
33 128 0 100 3.5 4.25731 7.75731
33 141 0 100 0.5 7.28799 7.78799
45 115 0 100 6 2.1175 8.1175
36 111 0 100 7 1.41284 8.41284
11 138 0 100 2 6.55522 8.55522
29 133 0 100 4 4.74786 8.74786
29 140 0 100 1.5 7.25075 8.75075
26 123 0 100 6 3.25572 9.25572
48 131 0 100 5 4.58579 9.58579
8 143 0 100 2.5 7.38115 9.88115
39 135 0 100 5 5.12153 10.1215
5 137 0 100 4.5 6.29222 10.7922
37 148 0 100 2.5 8.74247 11.2425
32 127 0 100 7.5 4.07843 11.5784
32 142 0 100 4.5 7.33799 11.838
7 114 0 100 10 2.10602 12.106
43 119 0 100 9.5 2.79307 12.2931
31 108 0 100 11.5 1.08479 12.5848
45 139 0 100 6.5 6.60296 13.103
