0 2701
0 2702
0 2703
0 2704
0 2705
0 2706
0 2707
0 2708
0 2709
0 2712
1 2713
66 2714
0 2716
0 2717
0 2719
17 2720
0 2724
33 2710
0 2725
0 2726
14 2727
0 2728
0 2732
39 2735
0 2736
18 2737
83 2737
69 2739
29 2739
0 2740
35 2715
0 2743
54 2744
10 2745
0 2746
67 2748
0 2750
80 2733
86 2733
50 2720
0 2752
49 2737
88 2738
0 2753
0 2755
0 2756
56 2730
77 2757
87 2731
0 2759
64 2762
0 2763
4 2710
73 2739
47 2764
57 2764
0 2765
9 2741
83 2741
81 2714
11 2766
0 2768
25 2727
51 2769
69 2769
71 2773
30 2773
0 2774
8 2749
0 2776
2 2751
5 2751
0 2782
24 2783
0 2787
0 2789
79 2775
14 2749
0 2792
73 2777
37 2778
87 2778
3 2793
42 2723
29 2794
15 2781
0 2795
0 2796
0 2799
39 2800
0 2802
57 2806
70 2718
21 2807
0 2808
90 2760
52 2722
0 2809
0 2812
27 2767
63 2798
0 2814
0 2816
31 2775
26 2804
33 2805
45 2729
0 2818
60 2761
38 2734
0 2821
0 2822
80 2823
0 2824
0 2827
0 2828
76 2784
75 2738
28 2739
82 2810
43 2811
0 2829
34 2742
0 2830
6 2770
0 2832
16 2817
0 2834
88 2777
87 2835
59 2735
15 2735
0 2836
89 2737
0 2837
49 2741
83 2798
0 2838
7 2772
47 2772
0 2839
22 2790
0 2840
0 2843
23 2711
36 2785
73 2785
0 2845
53 2713
8 2713
48 2766
0 2847
17 2831
67 2825
1 2801
0 2848
84 2747
0 2850
25 2851
37 2851
0 2853
32 2764
79 2844
0 2854
13 2813
0 2855
57 2772
9 2856
83 2856
0 2857
10 2833
0 2858
54 2793
72 2751
46 2780
0 2859
11 2860
0 2861
71 2862
0 2863
0 2864
19 2806
0 2865
62 2778
0 2869
52 2870
0 2871
41 2797
0 2874
66 2727
12 2771
0 2875
5 2803
4 2805
3 2876
35 2849
0 2877
0 2878
68 2786
0 2879
33 2713
55 2715
0 2880
85 2815
0 2881
0 2885
87 2886
0 2889
0 2890
8 2846
0 2892
0 2893
0 2895
56 2835
39 2868
0 2898
70 2870
0 2902
0 2903
0 2905
65 2791
0 2906
90 2866
52 2866
61 2819
0 2907
31 2844
45 2811
60 2901
0 2908
43 2873
0 2909
0 2910
20 2758
0 2911
0 2914
0 2915
82 2882
0 2916
36 2888
0 2917
0 2918
0 2919
0 2920
0 2921
40 2820
58 2779
0 2922
22 2900
0 2923
18 2741
0 2924
0 2925
74 2748
67 2894
0 2926
0 2927
0 2928
0 2929
0 2930
34 2884
0 2931
47 2852
0 2932
0 2933
0 2934
0 2935
0 2936
2 2841
0 2937
0 2938
78 2754
0 2939
0 2940
0 2941
0 2942
0 2943
25 2713
0 2944
0 2945
0 2946
0 2947
0 2948
0 2949
0 2950
0 2951
42 2735
0 2952
0 2953
15 2872
0 2954
59 2904
0 2955
0 2956
70 2866
0 2957
