39 2003 1.02401
7 2004 1.05002
53 2006 1.11045
1 2008 1.21969
33 2009 1.21991
6 2010 1.23184
37 2012 1.31339
57 2013 1.36475
50 2015 1.42612
44 2018 1.62109
30 2020 1.72185
12 2021 1.7616
23 2022 1.77186
15 2024 1.79531
47 2025 1.82538
22 2027 1.89232
19 2028 1.91861
43 2030 2.06537
59 2032 2.12737
31 2035 2.34818
17 2037 2.44967
29 2038 2.47065
2 2039 2.47575
21 2041 2.52126
35 2042 2.58628
9 2043 2.58713
38 2045 2.63418
10 2047 2.69631
4 2048 2.77911
54 2050 2.80575
40 2051 2.83016
5 2053 2.95811
24 2056 3.13201
18 2059 3.29404
36 2060 3.37351
41 2062 3.41309
46 2064 3.51579
34 2067 3.73126
14 2068 3.77961
11 2071 3.90595
42 2073 4.03491
26 2074 4.07057
45 2076 4.11236
58 2077 4.11892
3 2079 4.2846
16 2081 4.38614
28 2083 4.39946
13 2086 4.64297
30 2087 4.68592
27 2088 4.68948
20 2090 4.70661
36 2098 5.45867
57 2100 5.49459
47 2101 5.52971
10 2102 5.55942
35 2108 6.03131
2 2110 6.11107
14 2115 6.54062
29 2117 6.64978
11 2119 6.71467
24 2122 6.97643
58 2130 7.62909
37 2132 7.76685
16 2135 7.89226
32 2136 7.90384
20 2137 7.90795
10 2140 8.16302
53 2141 8.18676
55 2150 8.91077
45 2152 9.0261
11 2154 9.09173
