1 230
28 230
46 230
59 230
66 230
46 230
61 230
46 230
1 230
2 230
12 230
28 230
46 230
28 230
59 230
66 230
0 232
35 232
47 232
57 232
64 232
70 232
0 232
35 232
44 232
64 232
70 232
0 232
15 232
20 232
26 232
44 232
64 232
70 232
20 232
57 232
64 232
0 232
20 232
64 232
35 232
48 232
70 232
42 234
45 234
11 236
68 236
53 240
0 240
22 240
55 240
62 240
63 240
65 240
69 240
0 240
17 240
55 240
62 240
63 240
65 240
69 240
0 240
17 240
22 240
62 240
69 240
0 240
17 240
22 240
55 240
69 241
17 241
22 241
62 241
69 241
39 242
60 242
33 246
51 246
51 246
59 248
66 248
35 266
70 266
