33 175
13 175
2 176
35 176
7 176
28 177
1 177
29 177
59 177
48 177
17 177
15 179
25 179
37 179
38 179
20 179
40 179
13 180
6 182
4 182
11 182
21 182
49 182
18 182
46 182
36 183
34 183
41 183
50 183
56 183
10 183
14 177
59 184
17 184
29 184
48 184
14 184
56 185
8 186
53 178
48 187
17 187
59 187
29 187
31 188
9 188
39 188
35 189
45 181
30 186
5 186
19 186
27 186
28 184
30 190
42 191
3 191
12 191
32 192
18 193
49 193
12 194
3 194
53 181
23 178
26 188
16 183
17 197
48 197
59 197
29 197
10 185
16 185
36 185
29 198
59 198
17 198
22 183
16 199
10 199
56 199
22 199
36 199
39 200
9 200
9 201
25 202
49 203
18 203
44 196
52 179
58 179
15 202
58 202
43 192
45 204
60 175
13 206
60 206
33 180
24 195
57 186
5 190
57 190
30 208
5 208
57 208
8 190
55 186
36 210
56 210
10 210
54 176
7 189
54 189
35 205
7 205
54 205
32 211
2 189
25 214
15 214
56 215
51 182
59 209
6 193
51 193
18 216
49 216
6 216
51 216
46 203
49 217
18 217
46 217
47 182
14 187
48 198
14 198
29 209
28 197
42 194
12 212
42 212
29 219
53 204
23 207
31 200
9 213
31 213
39 201
39 221
9 221
31 221
26 200
33 222
5 223
30 223
8 223
16 210
10 215
36 215
18 224
46 224
35 226
7 226
7 227
8 229
30 229
5 229
44 220
52 214
58 214
43 211
60 228
13 222
24 218
28 219
59 219
57 229
55 223
54 226
35 227
2 226
51 217
49 224
51 224
47 224
48 219
45 225
53 225
