77 339 2.02158
66 340 2.06518
19 341 2.08503
57 342 2.09477
56 343 2.11442
28 344 2.12423
89 345 2.14828
47 346 2.21979
48 347 2.3262
55 348 2.34416
86 349 2.4201
39 350 2.51186
33 351 2.65875
25 352 2.72753
70 353 2.96847
42 354 3.01003
83 355 3.18891
41 356 3.37892
85 357 3.43172
34 358 3.5144
50 359 3.64412
46 360 3.71504
18 361 3.75835
5 362 3.82905
35 363 4.09791
8 364 4.12363
90 365 4.12701
89 366 4.40188
76 367 4.42458
47 368 4.46644
77 369 4.50379
60 370 4.66366
79 371 4.71221
25 372 4.81147
39 373 5.00322
5 374 6.58577
19 375 6.76825
28 376 6.9032
60 377 6.92038
41 378 7.175
34 379 7.39016
51 380 7.56266
89 381 7.63592
71 382 8.12809
78 383 8.13857
90 384 8.29594
46 385 8.51747
79 386 8.53098
66 387 8.53864
35 388 8.59699
36 389 8.61513
76 390 8.77974
4 391 8.88223
27 392 9.2492
82 393 9.30076
28 394 9.86012
