39 2224 2.05416
22 2226 2.15412
2 2228 2.25374
44 2229 2.30147
37 2230 2.30924
31 2232 2.3447
23 2233 2.35964
47 2234 2.36038
11 2236 2.46866
59 2237 2.51376
27 2238 2.52254
48 2240 2.53213
53 2241 2.5679
19 2242 2.58882
34 2243 2.61211
50 2245 2.72513
32 2247 2.7336
28 2248 2.74642
51 2250 2.87443
1 2252 2.94295
20 2253 2.97216
55 2254 2.99526
17 2255 3.01264
26 2257 3.04723
30 2259 3.14444
38 2260 3.17065
36 2261 3.19523
46 2262 3.2192
29 2264 3.24232
52 2265 3.26926
14 2267 3.33897
41 2269 3.43659
56 2272 3.63766
49 2273 3.68711
42 2274 3.7139
4 2276 3.77212
6 2277 3.80769
35 2278 3.82559
7 2281 3.97678
33 2282 4.00566
15 2284 4.10826
16 2286 4.13813
12 2288 4.23158
24 2289 4.29912
8 2292 4.48995
25 2294 4.58398
57 2295 4.60783
2 2297 4.67134
10 2299 4.82001
19 2308 5.5935
48 2310 5.72138
17 2317 6.3261
29 2320 6.51058
5 2322 6.59259
24 2325 6.77422
30 2327 6.87447
11 2328 6.92316
49 2330 6.97799
34 2333 7.17703
27 2334 7.22331
44 2336 7.23718
53 2339 7.50811
21 2341 7.54237
23 2345 7.85472
35 2346 7.87099
52 2347 7.89125
54 2349 7.94697
6 2352 8.14615
8 2356 8.45511
33 2358 8.55299
32 2360 8.66258
14 2364 8.94913
57 2365 8.95053
45 2369 9.28728
41 2371 9.39984
19 2374 9.62581
42 2376 9.69771
27 2378 9.80756
