50 588
20 588
30 589
33 590
6 590
22 590
17 590
43 591
4 591
5 591
36 592
38 592
2 592
39 593
7 593
12 594
25 594
1 594
41 595
1 596
25 596
12 596
37 596
19 596
28 588
10 594
6 597
22 597
48 598
34 598
40 598
14 600
29 600
35 600
34 601
40 601
10 602
1 602
22 604
6 604
23 604
2 605
36 605
20 606
49 606
23 607
6 607
25 602
12 602
37 602
47 608
36 608
45 609
26 610
49 611
20 611
28 611
7 612
19 602
27 596
5 613
4 613
18 613
44 594
3 606
19 614
27 614
37 614
12 614
25 614
18 615
4 615
37 616
12 616
25 616
1 616
10 616
25 617
1 617
10 617
31 593
35 618
29 618
12 619
25 619
1 619
10 619
39 612
27 620
19 620
37 620
12 620
25 620
1 620
4 621
36 622
11 589
40 624
31 625
7 625
42 603
29 627
28 628
20 628
49 628
33 604
22 607
17 597
30 629
32 590
1 630
25 630
12 630
37 630
27 630
46 598
34 624
33 631
22 631
17 631
48 601
49 632
20 632
15 591
34 633
46 633
48 633
5 615
18 621
43 613
21 600
35 627
21 627
18 634
5 634
15 634
4 634
43 634
48 635
40 635
46 635
14 618
9 599
47 622
47 637
27 638
37 638
12 638
25 638
12 640
37 640
2 608
22 641
14 642
29 642
13 592
38 605
35 642
3 628
37 643
12 643
41 606
20 636
41 636
3 644
50 611
41 611
28 632
50 632
6 645
23 645
23 646
33 646
22 646
35 647
29 647
2 648
36 648
26 649
31 650
46 651
48 651
36 652
13 652
38 652
18 653
5 653
15 653
4 653
8 610
5 654
15 654
4 654
33 655
28 656
50 656
41 656
49 656
24 626
16 623
4 657
15 657
15 658
45 639
19 630
27 640
25 643
44 619
10 620
44 620
1 638
13 660
38 660
7 650
29 661
39 625
11 629
30 662
42 645
23 655
6 646
17 641
32 631
34 635
40 651
4 658
5 657
18 654
43 653
35 661
21 642
14 647
9 659
47 648
36 660
2 652
20 656
