31 533 2.05964
6 534 2.09079
17 535 2.15938
21 536 2.16241
19 537 2.2682
37 538 2.37622
13 539 2.58438
36 540 2.59715
33 541 2.67356
23 542 2.70218
16 543 2.82811
39 544 3.00478
35 545 3.09768
2 546 3.1424
4 547 3.18634
27 548 3.3104
24 549 3.37954
38 550 3.48561
15 551 3.84813
29 552 3.93543
34 553 4.07503
32 554 4.17229
30 555 4.21486
14 556 4.32732
20 557 4.61921
21 558 4.64297
10 559 4.71189
1 560 4.79972
28 561 4.89292
12 562 4.99599
33 563 5.09788
32 564 6.42654
25 565 6.42993
31 566 6.48988
38 567 6.61805
23 568 6.72867
21 569 6.85233
36 570 6.98648
28 571 6.99996
19 572 7.02587
17 573 7.0403
13 574 7.40282
34 575 7.61542
24 576 7.65406
33 577 7.70834
15 578 7.89385
16 579 8.13843
1 580 8.48124
30 581 9.05137
31 582 9.13225
25 583 9.21486
4 584 9.50233
23 585 9.61057
13 586 9.76971
37 587 9.89027
