72 2959 1.03206
66 2960 1.05143
86 2961 1.06611
37 2963 1.10528
21 2964 1.16814
33 2966 1.22671
65 2968 1.30806
30 2969 1.36796
92 2971 1.44916
26 2972 1.4783
57 2973 1.48114
67 2975 1.51954
85 2976 1.54725
95 2977 1.57277
93 2979 1.64353
14 2980 1.65907
81 2981 1.675
74 2983 1.72909
64 2984 1.72922
42 2985 1.76214
46 2987 1.81326
96 2988 1.86822
5 2989 1.8843
9 2990 1.88832
73 2992 1.91959
53 2994 2.07587
22 2996 2.11021
49 2997 2.15484
6 2998 2.18129
41 3000 2.20376
45 3001 2.21361
91 3002 2.29364
78 3004 2.34234
89 3006 2.41429
18 3007 2.43165
76 3008 2.44714
68 3009 2.46129
44 3010 2.49253
87 3012 2.55694
29 3014 2.6369
58 3016 2.77415
63 3018 2.84778
11 3019 2.87592
38 3021 2.97806
7 3023 3.03973
3 3024 3.06115
24 3025 3.06159
16 3026 3.08824
60 3027 3.09663
56 3029 3.16028
8 3030 3.17497
4 3032 3.21444
15 3033 3.24583
77 3035 3.30786
52 3036 3.31569
80 3037 3.33766
88 3038 3.34833
43 3039 3.34939
2 3041 3.41259
31 3042 3.43042
69 3043 3.45148
98 3044 3.45295
86 3045 3.45731
47 3047 3.53089
10 3048 3.5714
65 3050 3.60831
1 3051 3.69538
34 3052 3.69577
59 3054 3.78264
55 3055 3.78637
84 3058 3.95275
54 3059 3.98659
62 3061 4.0009
50 3062 4.02043
82 3063 4.03474
20 3064 4.07569
48 3067 4.20513
33 3068 4.29495
23 3070 4.31201
81 3071 4.34487
39 3072 4.3747
66 3074 4.43195
17 3075 4.44803
22 3076 4.45709
40 3078 4.51311
83 3080 4.63927
87 3084 4.90338
25 3085 4.95724
19 3086 4.96311
27 3087 4.98197
7 3090 5.13494
95 3092 5.23859
45 3094 5.39197
21 3096 5.43064
30 3098 5.57082
60 3100 5.64761
11 3105 6.012
24 3112 6.62392
89 3114 6.77219
58 3116 6.86177
20 3119 7.03617
99 3127 7.78224
86 3131 8.04212
32 3132 8.07625
36 3135 8.23513
77 3136 8.24284
85 3138 8.32677
54 3140 8.44143
67 3142 8.50011
61 3144 8.66257
47 3146 8.77999
10 3147 8.79157
73 3152 9.17457
56 3154 9.19712
71 3156 9.30891
22 3157 9.36573
40 3159 9.48728
6 3161 9.50496
55 3162 9.5593
41 3165 9.76823
72 3166 9.78264
