50 954 0 100 0.7 1.81449 1.81449
55 967 0 100 0.7 2.52079 2.52079
44 968 0 100 0.7 2.58092 2.58092
78 953 0 100 1.7 1.81037 2.81037
26 939 0 100 2.7 1.06433 3.06433
89 971 0 100 1.2 2.6705 3.1705
82 982 0 100 1.2 3.17486 3.67486
15 943 0 100 3.2 1.24311 3.74311
62 995 0 100 0.7 4.0322 4.0322
31 996 0 100 0.7 4.04043 4.04043
67 992 0 100 1.7 3.70448 4.70448
73 962 0 100 4.7 2.29439 6.2944
79 1017 0 100 1.7 5.91457 6.91457
55 1020 0 100 2.2 6.25542 7.75542
28 993 0 100 5.2 3.77149 8.27149
42 1032 0 100 1.7 7.86348 8.86348
71 999 0 100 5.7 4.11144 9.11144
71 1024 0 100 3.2 6.77165 9.27165
84 1016 0 100 4.2 5.83456 9.33456
62 1029 0 100 2.7 7.44658 9.44658
51 1014 0 100 5.7 4.89234 9.89234
19 1025 0 100 3.7 7.21208 10.2121
60 1001 0 100 6.7 4.26601 10.266
58 949 0 100 10.2 1.73118 11.2312
34 1037 0 100 3.2 9.20813 11.7081
34 977 0 100 9.7 2.91689 11.9169
90 1033 0 100 5.2 8.0423 12.5423
77 1022 0 100 6.7 6.66513 12.6651
69 1039 0 100 4.2 9.42056 12.9206
70 1027 0 100 6.7 7.30313 13.3031
23 1028 0 100 7.2 7.40987 13.9099
72 979 0 100 11.7 2.9737 13.9737
42 1006 0 100 10.2 4.48283 13.9828
