18 0.8 0.048 0.752
4 0.8 0.048 0.752
40 0.8 0.048 0.752
18 0.752 0.096 0.656
18 0.656 0.16 0.496
4 0.752 0.16 0.592
4 0.592 0.016 0.576
18 0.496 0.016 0.48
4 0.576 0.048 0.528
15 0.8 0.048 0.752
18 0.48 0.048 0.432
4 0.528 0.096 0.432
4 0.432 0.16 0.272
40 0.752 0.16 0.592
40 0.592 0.016 0.576
18 0.432 0.016 0.416
40 0.576 0.048 0.528
18 0.416 0.048 0.368
4 0.272 0.016 0.256
15 0.752 0.16 0.592
15 0.592 0.016 0.576
4 0.256 0.016 0.24
15 0.576 0.048 0.528
4 0.24 0.048 0.192
15 0.528 0.048 0.48
15 0.48 0.16 0.32
18 0.368 0.16 0.208
4 0.192 0.16 0.032
34 0.8 0.048 0.752
38 0.8 0.048 0.752
34 0.752 0.048 0.704
34 0.704 0.16 0.544
38 0.752 0.16 0.592
38 0.592 0.016 0.576
34 0.544 0.016 0.528
38 0.576 0.048 0.528
34 0.528 0.048 0.48
28 0.8 0.048 0.752
5 0.8 0.048 0.752
28 0.752 0.048 0.704
28 0.704 0.16 0.544
5 0.752 0.16 0.592
5 0.592 0.016 0.576
28 0.544 0.016 0.528
5 0.576 0.048 0.528
10 0.8 0.048 0.752
22 0.8 0.048 0.752
28 0.528 0.048 0.48
5 0.528 0.096 0.432
5 0.432 0.16 0.272
10 0.752 0.16 0.592
10 0.592 0.016 0.576
5 0.272 0.016 0.256
10 0.576 0.048 0.528
5 0.256 0.048 0.208
22 0.752 0.048 0.704
10 0.528 0.048 0.48
10 0.48 0.16 0.32
22 0.704 0.16 0.544
22 0.544 0.016 0.528
5 0.208 0.016 0.192
22 0.528 0.048 0.48
5 0.192 0.048 0.144
10 0.32 0.048 0.272
28 0.48 0.16 0.32
5 0.144 0.16 -0.016
22 0.48 0.16 0.32
12 0.8 0.048 0.752
9 0.8 0.048 0.752
19 0.8 0.048 0.752
30 0.8 0.048 0.752
12 0.752 0.144 0.608
12 0.608 0.16 0.448
9 0.752 0.16 0.592
9 0.592 0.016 0.576
12 0.448 0.016 0.432
9 0.576 0.048 0.528
12 0.432 0.048 0.384
19 0.752 0.048 0.704
30 0.752 0.048 0.704
39 0.8 0.048 0.752
9 0.528 0.144 0.384
9 0.384 0.16 0.224
19 0.704 0.16 0.544
19 0.544 0.016 0.528
12 0.384 0.016 0.368
19 0.528 0.048 0.48
9 0.224 0.048 0.176
12 0.368 0.048 0.32
30 0.704 0.048 0.656
39 0.752 0.048 0.704
19 0.48 0.096 0.384
19 0.384 0.16 0.224
30 0.656 0.16 0.496
19 0.224 0.16 0.064
9 0.176 0.16 0.016
12 0.32 0.16 0.16
30 0.496 0.16 0.336
39 0.704 0.16 0.544
39 0.544 0.016 0.528
19 0.064 0.016 0.048
39 0.528 0.048 0.48
9 0.016 0.048 -0.032
19 0.048 0.048 -1.11022e-16
30 0.336 0.048 0.288
4 0.337881 0.048 0.289881
15 0.618556 0.048 0.570556
40 0.8 0.048 0.752
18 0.587342 0.048 0.539342
27 0.8 0.048 0.752
40 0.752 0.048 0.704
40 0.704 0.16 0.544
18 0.539342 0.16 0.379342
27 0.752 0.16 0.592
27 0.592 0.016 0.576
40 0.544 0.016 0.528
27 0.576 0.048 0.528
2 0.8 0.048 0.752
24 0.8 0.048 0.752
29 0.8 0.048 0.752
40 0.528 0.048 0.48
27 0.528 0.144 0.384
27 0.384 0.16 0.224
2 0.752 0.16 0.592
2 0.592 0.016 0.576
27 0.224 0.016 0.208
2 0.576 0.048 0.528
14 0.8 0.048 0.752
24 0.752 0.048 0.704
27 0.208 0.048 0.16
29 0.752 0.048 0.704
2 0.528 0.144 0.384
2 0.384 0.16 0.224
24 0.704 0.16 0.544
24 0.544 0.016 0.528
27 0.16 0.016 0.144
24 0.528 0.048 0.48
2 0.224 0.048 0.176
14 0.752 0.048 0.704
27 0.144 0.048 0.096
29 0.704 0.048 0.656
24 0.48 0.096 0.384
24 0.384 0.16 0.224
29 0.656 0.16 0.496
40 0.48 0.16 0.32
24 0.224 0.16 0.064
2 0.176 0.16 0.016
14 0.704 0.16 0.544
14 0.544 0.016 0.528
24 0.064 0.016 0.048
14 0.528 0.048 0.48
2 0.016 0.048 -0.032
16 0.8 0.048 0.752
24 0.048 0.048 -1.11022e-16
29 0.496 0.048 0.448
37 0.8 0.048 0.752
14 0.48 0.096 0.384
14 0.384 0.16 0.224
27 0.096 0.16 -0.064
29 0.448 0.16 0.288
2 0 0.16 -0.16
16 0.752 0.16 0.592
16 0.592 0.016 0.576
14 0.224 0.016 0.208
16 0.576 0.048 0.528
14 0.208 0.048 0.16
29 0.288 0.048 0.24
37 0.752 0.048 0.704
16 0.528 0.048 0.48
16 0.48 0.16 0.32
24 0 0.16 -0.16
29 0.24 0.16 0.08
37 0.704 0.16 0.544
37 0.544 0.016 0.528
14 0.16 0.016 0.144
37 0.528 0.048 0.48
14 0.144 0.048 0.096
16 0.32 0.048 0.272
29 0.08 0.048 0.032
14 0.096 0.16 -0.064
29 0.032 0.16 -0.128
37 0.48 0.16 0.32
15 0.647847 0.048 0.599847
4 0.365888 0.048 0.317888
38 0.8 0.048 0.752
34 0.8 0.048 0.752
22 0.703035 0.048 0.655035
5 0.367472 0.048 0.319472
10 0.639565 0.048 0.591565
23 0.8 0.048 0.752
26 0.8 0.048 0.752
23 0.752 0.048 0.704
23 0.704 0.16 0.544
26 0.752 0.16 0.592
26 0.592 0.016 0.576
23 0.544 0.016 0.528
26 0.576 0.048 0.528
23 0.528 0.048 0.48
5 0.54005 0.048 0.49205
10 0.8 0.048 0.752
22 0.8 0.048 0.752
28 0.8 0.048 0.752
5 0.49205 0.048 0.44405
5 0.44405 0.16 0.28405
10 0.752 0.16 0.592
22 0.752 0.16 0.592
28 0.752 0.16 0.592
28 0.592 0.016 0.576
5 0.28405 0.016 0.26805
28 0.576 0.048 0.528
5 0.26805 0.048 0.22005
40 0.613301 0.048 0.565301
18 0.676854 0.048 0.628854
27 0.369643 0.048 0.321643
40 0.565301 0.048 0.517301
40 0.517301 0.16 0.357301
18 0.628854 0.16 0.468854
27 0.321643 0.16 0.161643
39 0.8 0.048 0.752
9 0.369789 0.048 0.321789
19 0.371032 0.048 0.323032
30 0.675127 0.048 0.627127
39 0.752 0.048 0.704
39 0.704 0.16 0.544
9 0.321789 0.16 0.161789
19 0.323032 0.16 0.163032
30 0.627127 0.16 0.467127
4 0.624287 0.048 0.576287
15 0.8 0.048 0.752
18 0.548818 0.048 0.500818
4 0.576287 0.048 0.528287
4 0.528287 0.16 0.368287
15 0.752 0.16 0.592
18 0.500818 0.16 0.340818
37 0.704065 0.048 0.656065
2 0.367332 0.048 0.319332
14 0.365935 0.048 0.317935
16 0.649544 0.048 0.601544
29 0.362924 0.048 0.314924
15 0.662034 0.048 0.614034
4 0.445818 0.048 0.397818
38 0.8 0.048 0.752
34 0.8 0.048 0.752
29 0.392438 0.048 0.344438
2 0.319332 0.048 0.271332
14 0.317935 0.048 0.269935
16 0.601544 0.048 0.553544
24 0.376562 0.048 0.328562
37 0.656065 0.048 0.608065
22 0.744593 0.048 0.696593
5 0.375546 0.048 0.327546
10 0.662624 0.048 0.614624
36 0.8 0.048 0.752
11 0.8 0.048 0.752
32 0.8 0.048 0.752
11 0.752 0.048 0.704
11 0.704 0.16 0.544
32 0.752 0.16 0.592
32 0.592 0.016 0.576
11 0.544 0.016 0.528
32 0.576 0.048 0.528
11 0.528 0.048 0.48
3 0.8 0.048 0.752
8 0.8 0.048 0.752
3 0.752 0.048 0.704
3 0.704 0.16 0.544
8 0.752 0.16 0.592
8 0.592 0.016 0.576
3 0.544 0.016 0.528
8 0.576 0.048 0.528
3 0.528 0.048 0.48
26 0.8 0.048 0.752
23 0.8 0.048 0.752
28 0.8 0.048 0.752
5 0.550053 0.048 0.502053
37 0.8 0.048 0.752
14 0.654884 0.048 0.606884
16 0.8 0.048 0.752
29 0.645988 0.048 0.597988
15 0.8 0.048 0.752
4 0.780157 0.048 0.732157
38 0.8 0.048 0.752
34 0.8 0.048 0.752
29 0.669321 0.048 0.621321
2 0.648503 0.048 0.600503
14 0.606884 0.048 0.558884
16 0.752 0.048 0.704
24 0.708095 0.048 0.660095
37 0.752 0.048 0.704
29 0.621321 0.048 0.573321
29 0.573321 0.16 0.413321
2 0.600503 0.16 0.440503
14 0.558884 0.16 0.398884
16 0.704 0.16 0.544
24 0.660095 0.16 0.500095
24 0.500095 0.016 0.484095
29 0.413321 0.016 0.397321
24 0.484095 0.048 0.436095
2 0.440503 0.048 0.392503
14 0.398884 0.048 0.350884
27 0.623913 0.048 0.575913
29 0.397321 0.048 0.349321
24 0.436095 0.048 0.388095
24 0.388095 0.16 0.228095
37 0.704 0.16 0.544
2 0.392503 0.16 0.232503
14 0.350884 0.16 0.190884
27 0.575913 0.16 0.415913
29 0.349321 0.16 0.189321
6 0.8 0.048 0.752
22 0.8 0.048 0.752
5 0.654849 0.048 0.606849
10 0.8 0.048 0.752
36 0.8 0.048 0.752
19 0.697411 0.048 0.649411
9 0.69294 0.048 0.64494
30 0.8 0.048 0.752
39 0.8 0.048 0.752
19 0.649411 0.048 0.601411
19 0.601411 0.16 0.441411
9 0.64494 0.16 0.48494
30 0.752 0.16 0.592
30 0.592 0.016 0.576
19 0.441411 0.016 0.425411
30 0.576 0.048 0.528
9 0.48494 0.048 0.43694
12 0.8 0.048 0.752
19 0.425411 0.048 0.377411
39 0.752 0.048 0.704
30 0.528 0.048 0.48
30 0.48 0.16 0.32
39 0.704 0.16 0.544
9 0.43694 0.16 0.27694
12 0.752 0.16 0.592
12 0.592 0.016 0.576
30 0.32 0.016 0.304
12 0.576 0.048 0.528
9 0.27694 0.048 0.22894
30 0.304 0.048 0.256
19 0.377411 0.16 0.217411
39 0.544 0.16 0.384
21 0.8 0.048 0.752
32 0.8 0.048 0.752
11 0.8 0.048 0.752
27 0.643874 0.048 0.595874
2 0.456266 0.048 0.408266
24 0.453209 0.048 0.405209
40 0.8 0.048 0.752
8 0.8 0.048 0.752
3 0.8 0.048 0.752
26 0.8 0.048 0.752
23 0.8 0.048 0.752
28 0.8 0.048 0.752
5 0.8 0.048 0.752
37 0.8 0.048 0.752
14 0.558551 0.048 0.510551
16 0.8 0.048 0.752
29 0.491205 0.048 0.443205
15 0.8 0.048 0.752
4 0.8 0.048 0.752
38 0.8 0.048 0.752
6 0.8 0.048 0.752
20 0.8 0.048 0.752
14 0.510551 0.048 0.462551
2 0.637677 0.048 0.589677
16 0.8 0.048 0.752
24 0.635598 0.048 0.587598
29 0.52043 0.048 0.47243
37 0.752 0.048 0.704
22 0.8 0.048 0.752
5 0.8 0.048 0.752
10 0.8 0.048 0.752
36 0.8 0.048 0.752
33 0.8 0.048 0.752
13 0.8 0.048 0.752
33 0.752 0.048 0.704
33 0.704 0.16 0.544
13 0.752 0.16 0.592
13 0.592 0.016 0.576
33 0.544 0.016 0.528
13 0.576 0.048 0.528
1 0.8 0.048 0.752
33 0.528 0.048 0.48
13 0.528 0.048 0.48
13 0.48 0.16 0.32
1 0.752 0.16 0.592
1 0.592 0.016 0.576
13 0.32 0.016 0.304
1 0.576 0.048 0.528
13 0.304 0.048 0.256
33 0.48 0.16 0.32
31 0.8 0.048 0.752
12 0.8 0.048 0.752
9 0.602004 0.048 0.554004
30 0.627415 0.048 0.579415
18 0.8 0.048 0.752
4 0.8 0.048 0.752
40 0.8 0.048 0.752
21 0.8 0.048 0.752
25 0.8 0.048 0.752
35 0.8 0.048 0.752
25 0.752 0.048 0.704
25 0.704 0.16 0.544
35 0.752 0.16 0.592
35 0.592 0.016 0.576
25 0.544 0.016 0.528
35 0.576 0.048 0.528
25 0.528 0.048 0.48
32 0.8 0.048 0.752
11 0.8 0.048 0.752
27 0.8 0.048 0.752
2 0.736739 0.048 0.688739
24 0.740017 0.048 0.692017
40 0.8 0.048 0.752
8 0.8 0.048 0.752
3 0.8 0.048 0.752
26 0.8 0.048 0.752
23 0.8 0.048 0.752
28 0.8 0.048 0.752
5 0.8 0.048 0.752
37 0.8 0.048 0.752
14 0.8 0.048 0.752
16 0.8 0.048 0.752
29 0.771495 0.048 0.723495
37 0.752 0.048 0.704
37 0.704 0.16 0.544
14 0.752 0.16 0.592
16 0.752 0.16 0.592
29 0.723495 0.16 0.563495
29 0.563495 0.016 0.547495
37 0.544 0.016 0.528
29 0.547495 0.048 0.499495
2 0.8 0.048 0.752
14 0.592 0.048 0.544
16 0.592 0.048 0.544
24 0.8 0.048 0.752
37 0.528 0.048 0.48
15 0.8 0.048 0.752
4 0.8 0.048 0.752
38 0.8 0.048 0.752
34 0.8 0.048 0.752
6 0.8 0.048 0.752
20 0.8 0.048 0.752
14 0.544 0.048 0.496
2 0.8 0.048 0.752
16 0.615807 0.048 0.567807
24 0.8 0.048 0.752
29 0.57728 0.048 0.52928
37 0.48 0.048 0.432
22 0.8 0.048 0.752
10 0.8 0.048 0.752
7 0.8 0.048 0.752
36 0.8 0.048 0.752
1 0.8 0.048 0.752
13 0.628446 0.048 0.580446
31 0.8 0.048 0.752
12 0.8 0.048 0.752
9 0.8 0.048 0.752
30 0.8 0.048 0.752
18 0.8 0.048 0.752
4 0.8 0.048 0.752
40 0.8 0.048 0.752
21 0.8 0.048 0.752
35 0.8 0.048 0.752
25 0.8 0.048 0.752
13 0.653926 0.048 0.605926
1 0.8 0.048 0.752
33 0.768717 0.048 0.720717
13 0.605926 0.048 0.557926
13 0.557926 0.16 0.397926
1 0.752 0.16 0.592
33 0.720717 0.16 0.560717
33 0.560717 0.016 0.544717
13 0.397926 0.016 0.381926
33 0.544717 0.048 0.496717
13 0.381926 0.048 0.333926
30 0.8 0.048 0.752
9 0.8 0.048 0.752
12 0.8 0.048 0.752
19 0.8 0.048 0.752
39 0.8 0.048 0.752
30 0.752 0.048 0.704
30 0.704 0.16 0.544
9 0.752 0.16 0.592
12 0.752 0.16 0.592
19 0.752 0.16 0.592
19 0.592 0.016 0.576
30 0.544 0.016 0.528
19 0.576 0.048 0.528
9 0.592 0.048 0.544
30 0.528 0.048 0.48
39 0.752 0.048 0.704
39 0.704 0.16 0.544
32 0.8 0.048 0.752
11 0.8 0.048 0.752
27 0.8 0.048 0.752
2 0.8 0.048 0.752
24 0.8 0.048 0.752
40 0.8 0.048 0.752
8 0.8 0.048 0.752
3 0.8 0.048 0.752
26 0.8 0.048 0.752
23 0.8 0.048 0.752
28 0.8 0.048 0.752
5 0.8 0.048 0.752
17 0.8 0.048 0.752
29 0.8 0.048 0.752
2 0.8 0.048 0.752
14 0.8 0.048 0.752
16 0.8 0.048 0.752
24 0.8 0.048 0.752
37 0.8 0.048 0.752
15 0.8 0.048 0.752
4 0.8 0.048 0.752
38 0.8 0.048 0.752
38 0.752 0.048 0.704
38 0.704 0.16 0.544
38 0.544 0.016 0.528
6 0.8 0.048 0.752
20 0.8 0.048 0.752
38 0.605264 0.048 0.557264
38 0.557264 0.048 0.509264
38 0.509264 0.16 0.349264
38 0.349264 0.016 0.333264
14 0.752 0.048 0.704
2 0.8 0.048 0.752
16 0.8 0.048 0.752
24 0.8 0.048 0.752
29 0.8 0.048 0.752
37 0.752 0.048 0.704
14 0.704 0.048 0.656
14 0.656 0.16 0.496
2 0.752 0.16 0.592
16 0.752 0.16 0.592
24 0.752 0.16 0.592
29 0.752 0.16 0.592
37 0.704 0.16 0.544
37 0.544 0.016 0.528
14 0.496 0.016 0.48
37 0.528 0.048 0.48
14 0.48 0.048 0.432
16 0.592 0.048 0.544
29 0.592 0.048 0.544
22 0.8 0.048 0.752
5 0.8 0.048 0.752
10 0.8 0.048 0.752
7 0.8 0.048 0.752
36 0.8 0.048 0.752
36 0.752 0.048 0.704
36 0.704 0.16 0.544
36 0.544 0.016 0.528
1 0.8 0.048 0.752
13 0.638388 0.048 0.590388
31 0.8 0.048 0.752
12 0.8 0.048 0.752
9 0.8 0.048 0.752
19 0.754353 0.048 0.706353
30 0.706008 0.048 0.658008
18 0.8 0.048 0.752
4 0.8 0.048 0.752
40 0.8 0.048 0.752
21 0.8 0.048 0.752
35 0.8 0.048 0.752
25 0.8 0.048 0.752
33 0.8 0.048 0.752
13 0.663336 0.048 0.615336
19 0.8 0.048 0.752
9 0.8 0.048 0.752
30 0.8 0.048 0.752
39 0.8 0.048 0.752
32 0.8 0.048 0.752
11 0.8 0.048 0.752
27 0.8 0.048 0.752
2 0.739889 0.048 0.691889
24 0.746859 0.048 0.698859
40 0.8 0.048 0.752
8 0.8 0.048 0.752
3 0.8 0.048 0.752
26 0.8 0.048 0.752
23 0.8 0.048 0.752
28 0.8 0.048 0.752
5 0.8 0.048 0.752
17 0.8 0.048 0.752
39 0.8 0.048 0.752
34 0.8 0.048 0.752
29 0.8 0.048 0.752
2 0.8 0.048 0.752
14 0.8 0.048 0.752
16 0.8 0.048 0.752
24 0.8 0.048 0.752
37 0.8 0.048 0.752
15 0.8 0.048 0.752
4 0.8 0.048 0.752
6 0.8 0.048 0.752
20 0.8 0.048 0.752
37 0.752 0.048 0.704
14 0.752 0.048 0.704
16 0.8 0.048 0.752
22 0.8 0.048 0.752
5 0.8 0.048 0.752
10 0.8 0.048 0.752
7 0.8 0.048 0.752
1 0.8 0.048 0.752
13 0.8 0.048 0.752
31 0.8 0.048 0.752
12 0.8 0.048 0.752
9 0.8 0.048 0.752
30 0.8 0.048 0.752
18 0.8 0.048 0.752
4 0.8 0.048 0.752
40 0.8 0.048 0.752
21 0.8 0.048 0.752
5 0.8 0.048 0.752
10 0.8 0.048 0.752
22 0.8 0.048 0.752
28 0.8 0.048 0.752
35 0.8 0.048 0.752
25 0.8 0.048 0.752
33 0.8 0.048 0.752
13 0.8 0.048 0.752
19 0.8 0.048 0.752
9 0.8 0.048 0.752
30 0.8 0.048 0.752
39 0.8 0.048 0.752
32 0.8 0.048 0.752
11 0.8 0.048 0.752
27 0.8 0.048 0.752
2 0.8 0.048 0.752
24 0.8 0.048 0.752
40 0.8 0.048 0.752
8 0.8 0.048 0.752
3 0.8 0.048 0.752
26 0.8 0.048 0.752
23 0.8 0.048 0.752
28 0.8 0.048 0.752
5 0.8 0.048 0.752
22 0.8 0.048 0.752
28 0.752 0.048 0.704
28 0.704 0.16 0.544
28 0.544 0.016 0.528
5 0.752 0.16 0.592
22 0.752 0.16 0.592
17 0.8 0.048 0.752
39 0.8 0.048 0.752
34 0.8 0.048 0.752
29 0.8 0.048 0.752
2 0.8 0.048 0.752
14 0.8 0.048 0.752
16 0.8 0.048 0.752
24 0.8 0.048 0.752
37 0.8 0.048 0.752
15 0.8 0.048 0.752
4 0.8 0.048 0.752
6 0.8 0.048 0.752
20 0.8 0.048 0.752
37 0.752 0.048 0.704
14 0.752 0.048 0.704
16 0.8 0.048 0.752
29 0.8 0.048 0.752
22 0.741962 0.048 0.693962
5 0.741605 0.048 0.693605
10 0.8 0.048 0.752
28 0.600335 0.048 0.552335
7 0.8 0.048 0.752
1 0.8 0.048 0.752
13 0.8 0.048 0.752
31 0.8 0.048 0.752
12 0.8 0.048 0.752
9 0.8 0.048 0.752
30 0.8 0.048 0.752
18 0.8 0.048 0.752
4 0.8 0.048 0.752
40 0.8 0.048 0.752
21 0.8 0.048 0.752
5 0.769259 0.048 0.721259
10 0.8 0.048 0.752
22 0.770455 0.048 0.722455
28 0.632303 0.048 0.584303
5 0.721259 0.048 0.673259
5 0.673259 0.16 0.513259
10 0.752 0.16 0.592
22 0.722455 0.16 0.562455
28 0.584303 0.16 0.424303
35 0.8 0.048 0.752
25 0.8 0.048 0.752
33 0.8 0.048 0.752
13 0.8 0.048 0.752
19 0.8 0.048 0.752
9 0.8 0.048 0.752
30 0.8 0.048 0.752
39 0.8 0.048 0.752
32 0.8 0.048 0.752
11 0.8 0.048 0.752
27 0.8 0.048 0.752
2 0.8 0.048 0.752
24 0.8 0.048 0.752
40 0.8 0.048 0.752
8 0.8 0.048 0.752
3 0.8 0.048 0.752
26 0.8 0.048 0.752
23 0.8 0.048 0.752
17 0.8 0.048 0.752
34 0.8 0.048 0.752
23 0.8 0.048 0.752
26 0.8 0.048 0.752
29 0.8 0.048 0.752
2 0.8 0.048 0.752
14 0.8 0.048 0.752
16 0.8 0.048 0.752
24 0.8 0.048 0.752
37 0.8 0.048 0.752
15 0.8 0.048 0.752
4 0.8 0.048 0.752
6 0.8 0.048 0.752
20 0.8 0.048 0.752
37 0.752 0.048 0.704
14 0.752 0.048 0.704
16 0.8 0.048 0.752
29 0.8 0.048 0.752
37 0.704 0.048 0.656
37 0.656 0.16 0.496
37 0.496 0.016 0.48
14 0.704 0.16 0.544
16 0.752 0.16 0.592
29 0.752 0.16 0.592
22 0.8 0.048 0.752
5 0.8 0.048 0.752
10 0.8 0.048 0.752
28 0.72777 0.048 0.67977
7 0.8 0.048 0.752
1 0.8 0.048 0.752
13 0.8 0.048 0.752
31 0.8 0.048 0.752
12 0.8 0.048 0.752
9 0.8 0.048 0.752
30 0.8 0.048 0.752
18 0.8 0.048 0.752
4 0.8 0.048 0.752
40 0.8 0.048 0.752
21 0.8 0.048 0.752
35 0.8 0.048 0.752
25 0.8 0.048 0.752
33 0.8 0.048 0.752
19 0.8 0.048 0.752
9 0.8 0.048 0.752
12 0.8 0.048 0.752
30 0.8 0.048 0.752
39 0.8 0.048 0.752
32 0.8 0.048 0.752
11 0.8 0.048 0.752
27 0.8 0.048 0.752
2 0.8 0.048 0.752
24 0.8 0.048 0.752
40 0.8 0.048 0.752
27 0.752 0.048 0.704
27 0.704 0.16 0.544
27 0.544 0.016 0.528
2 0.752 0.16 0.592
24 0.752 0.16 0.592
40 0.752 0.16 0.592
8 0.8 0.048 0.752
3 0.8 0.048 0.752
26 0.8 0.048 0.752
23 0.8 0.048 0.752
17 0.8 0.048 0.752
34 0.8 0.048 0.752
28 0.8 0.048 0.752
5 0.8 0.048 0.752
22 0.8 0.048 0.752
23 0.8 0.048 0.752
26 0.8 0.048 0.752
29 0.8 0.048 0.752
2 0.736584 0.048 0.688584
14 0.8 0.048 0.752
16 0.8 0.048 0.752
24 0.735517 0.048 0.687517
37 0.8 0.048 0.752
15 0.8 0.048 0.752
4 0.8 0.048 0.752
6 0.8 0.048 0.752
20 0.8 0.048 0.752
22 0.8 0.048 0.752
5 0.8 0.048 0.752
10 0.8 0.048 0.752
28 0.8 0.048 0.752
7 0.8 0.048 0.752
1 0.8 0.048 0.752
13 0.8 0.048 0.752
31 0.8 0.048 0.752
12 0.8 0.048 0.752
9 0.8 0.048 0.752
30 0.8 0.048 0.752
18 0.8 0.048 0.752
4 0.8 0.048 0.752
40 0.8 0.048 0.752
21 0.8 0.048 0.752
35 0.8 0.048 0.752
25 0.8 0.048 0.752
33 0.8 0.048 0.752
13 0.8 0.048 0.752
19 0.8 0.048 0.752
9 0.8 0.048 0.752
30 0.8 0.048 0.752
39 0.8 0.048 0.752
32 0.8 0.048 0.752
11 0.8 0.048 0.752
8 0.8 0.048 0.752
3 0.8 0.048 0.752
26 0.8 0.048 0.752
23 0.8 0.048 0.752
17 0.8 0.048 0.752
34 0.8 0.048 0.752
28 0.8 0.048 0.752
5 0.8 0.048 0.752
22 0.8 0.048 0.752
23 0.8 0.048 0.752
26 0.8 0.048 0.752
29 0.8 0.048 0.752
2 0.8 0.048 0.752
14 0.8 0.048 0.752
16 0.8 0.048 0.752
24 0.8 0.048 0.752
37 0.8 0.048 0.752
15 0.8 0.048 0.752
4 0.8 0.048 0.752
6 0.8 0.048 0.752
20 0.8 0.048 0.752
37 0.752 0.048 0.704
14 0.752 0.048 0.704
16 0.8 0.048 0.752
29 0.8 0.048 0.752
37 0.704 0.048 0.656
37 0.656 0.16 0.496
14 0.704 0.16 0.544
14 0.544 0.016 0.528
37 0.496 0.016 0.48
14 0.528 0.048 0.48
2 0.752 0.048 0.704
16 0.752 0.048 0.704
24 0.752 0.048 0.704
29 0.752 0.048 0.704
37 0.48 0.048 0.432
16 0.704 0.16 0.544
29 0.704 0.16 0.544
3 0.8 0.048 0.752
8 0.8 0.048 0.752
22 0.8 0.048 0.752
5 0.8 0.048 0.752
10 0.8 0.048 0.752
28 0.8 0.048 0.752
7 0.8 0.048 0.752
1 0.8 0.048 0.752
13 0.8 0.048 0.752
31 0.8 0.048 0.752
12 0.8 0.048 0.752
9 0.8 0.048 0.752
30 0.8 0.048 0.752
18 0.8 0.048 0.752
4 0.8 0.048 0.752
40 0.8 0.048 0.752
21 0.8 0.048 0.752
35 0.8 0.048 0.752
25 0.8 0.048 0.752
33 0.8 0.048 0.752
13 0.8 0.048 0.752
19 0.8 0.048 0.752
9 0.8 0.048 0.752
30 0.8 0.048 0.752
39 0.8 0.048 0.752
32 0.8 0.048 0.752
11 0.8 0.048 0.752
8 0.8 0.048 0.752
3 0.8 0.048 0.752
26 0.8 0.048 0.752
23 0.8 0.048 0.752
17 0.8 0.048 0.752
34 0.8 0.048 0.752
28 0.8 0.048 0.752
5 0.8 0.048 0.752
22 0.8 0.048 0.752
23 0.8 0.048 0.752
26 0.8 0.048 0.752
29 0.8 0.048 0.752
2 0.8 0.048 0.752
14 0.8 0.048 0.752
16 0.8 0.048 0.752
24 0.8 0.048 0.752
37 0.8 0.048 0.752
15 0.8 0.048 0.752
6 0.8 0.048 0.752
20 0.8 0.048 0.752
13 0.8 0.048 0.752
1 0.8 0.048 0.752
33 0.8 0.048 0.752
14 0.752 0.048 0.704
2 0.752 0.048 0.704
16 0.8 0.048 0.752
24 0.752 0.048 0.704
29 0.8 0.048 0.752
37 0.752 0.048 0.704
3 0.8 0.048 0.752
8 0.8 0.048 0.752
22 0.8 0.048 0.752
5 0.8 0.048 0.752
10 0.8 0.048 0.752
28 0.8 0.048 0.752
7 0.8 0.048 0.752
11 0.8 0.048 0.752
32 0.8 0.048 0.752
1 0.8 0.048 0.752
13 0.8 0.048 0.752
31 0.8 0.048 0.752
12 0.8 0.048 0.752
9 0.8 0.048 0.752
30 0.8 0.048 0.752
18 0.8 0.048 0.752
4 0.8 0.048 0.752
40 0.8 0.048 0.752
21 0.8 0.048 0.752
35 0.8 0.048 0.752
25 0.8 0.048 0.752
35 0.752 0.048 0.704
35 0.704 0.16 0.544
35 0.544 0.016 0.528
25 0.752 0.16 0.592
33 0.8 0.048 0.752
13 0.8 0.048 0.752
19 0.8 0.048 0.752
9 0.8 0.048 0.752
30 0.8 0.048 0.752
39 0.8 0.048 0.752
32 0.8 0.048 0.752
11 0.8 0.048 0.752
8 0.8 0.048 0.752
3 0.8 0.048 0.752
26 0.8 0.048 0.752
23 0.8 0.048 0.752
17 0.8 0.048 0.752
17 0.752 0.048 0.704
17 0.704 0.16 0.544
17 0.544 0.016 0.528
34 0.8 0.048 0.752
28 0.8 0.048 0.752
5 0.8 0.048 0.752
22 0.8 0.048 0.752
23 0.8 0.048 0.752
26 0.8 0.048 0.752
29 0.8 0.048 0.752
2 0.8 0.048 0.752
14 0.8 0.048 0.752
16 0.8 0.048 0.752
24 0.8 0.048 0.752
37 0.8 0.048 0.752
15 0.8 0.048 0.752
6 0.8 0.048 0.752
20 0.8 0.048 0.752
13 0.8 0.048 0.752
1 0.8 0.048 0.752
14 0.752 0.048 0.704
2 0.752 0.048 0.704
16 0.8 0.048 0.752
24 0.752 0.048 0.704
29 0.8 0.048 0.752
37 0.752 0.048 0.704
3 0.8 0.048 0.752
8 0.8 0.048 0.752
30 0.8 0.048 0.752
9 0.8 0.048 0.752
12 0.8 0.048 0.752
19 0.8 0.048 0.752
39 0.8 0.048 0.752
22 0.8 0.048 0.752
5 0.8 0.048 0.752
10 0.8 0.048 0.752
28 0.8 0.048 0.752
38 0.8 0.048 0.752
7 0.8 0.048 0.752
11 0.8 0.048 0.752
32 0.8 0.048 0.752
1 0.8 0.048 0.752
13 0.8 0.048 0.752
31 0.8 0.048 0.752
12 0.8 0.048 0.752
9 0.8 0.048 0.752
30 0.8 0.048 0.752
12 0.752 0.048 0.704
12 0.704 0.16 0.544
12 0.544 0.016 0.528
9 0.752 0.16 0.592
30 0.752 0.16 0.592
18 0.8 0.048 0.752
4 0.8 0.048 0.752
40 0.8 0.048 0.752
21 0.8 0.048 0.752
33 0.8 0.048 0.752
13 0.8 0.048 0.752
19 0.8 0.048 0.752
9 0.662242 0.048 0.614242
30 0.74916 0.048 0.70116
39 0.8 0.048 0.752
32 0.8 0.048 0.752
11 0.8 0.048 0.752
8 0.8 0.048 0.752
3 0.8 0.048 0.752
26 0.8 0.048 0.752
23 0.8 0.048 0.752
36 0.8 0.048 0.752
25 0.8 0.048 0.752
35 0.8 0.048 0.752
25 0.752 0.048 0.704
25 0.704 0.16 0.544
35 0.752 0.16 0.592
35 0.592 0.016 0.576
25 0.544 0.016 0.528
35 0.576 0.048 0.528
25 0.528 0.048 0.48
34 0.8 0.048 0.752
28 0.8 0.048 0.752
5 0.8 0.048 0.752
22 0.8 0.048 0.752
23 0.8 0.048 0.752
26 0.8 0.048 0.752
29 0.8 0.048 0.752
2 0.8 0.048 0.752
14 0.8 0.048 0.752
16 0.8 0.048 0.752
24 0.8 0.048 0.752
37 0.8 0.048 0.752
15 0.8 0.048 0.752
6 0.8 0.048 0.752
6 0.752 0.048 0.704
6 0.704 0.16 0.544
6 0.544 0.016 0.528
20 0.8 0.048 0.752
20 0.752 0.048 0.704
20 0.704 0.16 0.544
20 0.544 0.016 0.528
13 0.8 0.048 0.752
1 0.8 0.048 0.752
14 0.752 0.048 0.704
2 0.752 0.048 0.704
16 0.8 0.048 0.752
24 0.752 0.048 0.704
29 0.8 0.048 0.752
37 0.752 0.048 0.704
3 0.8 0.048 0.752
8 0.8 0.048 0.752
30 0.8 0.048 0.752
9 0.765908 0.048 0.717908
12 0.8 0.048 0.752
19 0.8 0.048 0.752
39 0.8 0.048 0.752
30 0.752 0.048 0.704
30 0.704 0.16 0.544
9 0.717908 0.16 0.557908
12 0.752 0.16 0.592
12 0.592 0.016 0.576
30 0.544 0.016 0.528
12 0.576 0.048 0.528
9 0.557908 0.048 0.509908
30 0.528 0.048 0.48
19 0.752 0.16 0.592
39 0.752 0.16 0.592
22 0.8 0.048 0.752
5 0.8 0.048 0.752
10 0.8 0.048 0.752
28 0.8 0.048 0.752
38 0.8 0.048 0.752
7 0.8 0.048 0.752
11 0.8 0.048 0.752
1 0.8 0.048 0.752
13 0.8 0.048 0.752
31 0.8 0.048 0.752
18 0.8 0.048 0.752
4 0.8 0.048 0.752
40 0.8 0.048 0.752
21 0.8 0.048 0.752
33 0.8 0.048 0.752
19 0.8 0.048 0.752
9 0.738432 0.048 0.690432
30 0.703111 0.048 0.655111
39 0.8 0.048 0.752
32 0.8 0.048 0.752
11 0.8 0.048 0.752
8 0.8 0.048 0.752
3 0.8 0.048 0.752
26 0.8 0.048 0.752
23 0.8 0.048 0.752
26 0.752 0.048 0.704
26 0.704 0.16 0.544
26 0.544 0.016 0.528
23 0.752 0.16 0.592
36 0.8 0.048 0.752
35 0.8 0.048 0.752
25 0.8 0.048 0.752
34 0.8 0.048 0.752
28 0.8 0.048 0.752
5 0.8 0.048 0.752
22 0.8 0.048 0.752
23 0.671904 0.048 0.623904
26 0.602693 0.048 0.554693
23 0.623904 0.048 0.575904
23 0.575904 0.16 0.415904
26 0.554693 0.16 0.394693
29 0.8 0.048 0.752
2 0.8 0.048 0.752
14 0.8 0.048 0.752
16 0.8 0.048 0.752
24 0.8 0.048 0.752
37 0.8 0.048 0.752
15 0.8 0.048 0.752
4 0.8 0.048 0.752
13 0.8 0.048 0.752
1 0.8 0.048 0.752
14 0.752 0.048 0.704
2 0.752 0.048 0.704
16 0.8 0.048 0.752
29 0.8 0.048 0.752
37 0.752 0.048 0.704
3 0.8 0.048 0.752
8 0.8 0.048 0.752
12 0.8 0.048 0.752
9 0.8 0.048 0.752
19 0.8 0.048 0.752
30 0.8 0.048 0.752
22 0.8 0.048 0.752
5 0.8 0.048 0.752
10 0.8 0.048 0.752
28 0.8 0.048 0.752
38 0.8 0.048 0.752
7 0.8 0.048 0.752
11 0.8 0.048 0.752
32 0.8 0.048 0.752
1 0.8 0.048 0.752
13 0.8 0.048 0.752
1 0.752 0.048 0.704
1 0.704 0.16 0.544
1 0.544 0.016 0.528
13 0.752 0.16 0.592
31 0.8 0.048 0.752
18 0.8 0.048 0.752
4 0.8 0.048 0.752
40 0.8 0.048 0.752
21 0.8 0.048 0.752
33 0.8 0.048 0.752
33 0.752 0.048 0.704
33 0.704 0.16 0.544
33 0.544 0.016 0.528
19 0.8 0.048 0.752
9 0.8 0.048 0.752
30 0.8 0.048 0.752
39 0.8 0.048 0.752
32 0.8 0.048 0.752
8 0.8 0.048 0.752
3 0.8 0.048 0.752
36 0.8 0.048 0.752
35 0.8 0.048 0.752
25 0.8 0.048 0.752
34 0.8 0.048 0.752
28 0.8 0.048 0.752
5 0.8 0.048 0.752
22 0.8 0.048 0.752
29 0.8 0.048 0.752
2 0.8 0.048 0.752
14 0.8 0.048 0.752
16 0.8 0.048 0.752
24 0.8 0.048 0.752
37 0.8 0.048 0.752
15 0.8 0.048 0.752
4 0.8 0.048 0.752
13 0.8 0.048 0.752
1 0.8 0.048 0.752
13 0.752 0.048 0.704
13 0.704 0.16 0.544
1 0.752 0.16 0.592
1 0.592 0.016 0.576
13 0.544 0.016 0.528
1 0.576 0.048 0.528
13 0.528 0.048 0.48
14 0.752 0.048 0.704
2 0.752 0.048 0.704
16 0.8 0.048 0.752
29 0.8 0.048 0.752
37 0.752 0.048 0.704
3 0.8 0.048 0.752
8 0.8 0.048 0.752
12 0.8 0.048 0.752
9 0.8 0.048 0.752
19 0.8 0.048 0.752
30 0.8 0.048 0.752
22 0.8 0.048 0.752
5 0.8 0.048 0.752
10 0.8 0.048 0.752
28 0.8 0.048 0.752
38 0.8 0.048 0.752
7 0.8 0.048 0.752
11 0.8 0.048 0.752
31 0.8 0.048 0.752
18 0.8 0.048 0.752
4 0.8 0.048 0.752
40 0.8 0.048 0.752
21 0.8 0.048 0.752
19 0.8 0.048 0.752
9 0.8 0.048 0.752
12 0.8 0.048 0.752
30 0.8 0.048 0.752
39 0.8 0.048 0.752
32 0.8 0.048 0.752
8 0.8 0.048 0.752
3 0.8 0.048 0.752
36 0.8 0.048 0.752
36 0.752 0.048 0.704
36 0.704 0.16 0.544
36 0.544 0.016 0.528
35 0.8 0.048 0.752
25 0.8 0.048 0.752
34 0.8 0.048 0.752
28 0.8 0.048 0.752
5 0.8 0.048 0.752
22 0.8 0.048 0.752
29 0.8 0.048 0.752
2 0.8 0.048 0.752
14 0.8 0.048 0.752
16 0.8 0.048 0.752
24 0.8 0.048 0.752
37 0.8 0.048 0.752
15 0.8 0.048 0.752
1 0.8 0.048 0.752
13 0.8 0.048 0.752
14 0.752 0.048 0.704
2 0.752 0.048 0.704
16 0.8 0.048 0.752
29 0.8 0.048 0.752
37 0.752 0.048 0.704
3 0.8 0.048 0.752
8 0.8 0.048 0.752
12 0.8 0.048 0.752
9 0.8 0.048 0.752
19 0.8 0.048 0.752
30 0.8 0.048 0.752
39 0.8 0.048 0.752
22 0.8 0.048 0.752
5 0.8 0.048 0.752
10 0.8 0.048 0.752
28 0.8 0.048 0.752
38 0.8 0.048 0.752
7 0.8 0.048 0.752
11 0.8 0.048 0.752
31 0.8 0.048 0.752
18 0.8 0.048 0.752
4 0.8 0.048 0.752
40 0.8 0.048 0.752
21 0.8 0.048 0.752
19 0.8 0.048 0.752
9 0.8 0.048 0.752
30 0.8 0.048 0.752
39 0.8 0.048 0.752
32 0.8 0.048 0.752
11 0.8 0.048 0.752
8 0.8 0.048 0.752
3 0.8 0.048 0.752
8 0.752 0.048 0.704
8 0.704 0.16 0.544
8 0.544 0.016 0.528
3 0.752 0.16 0.592
35 0.8 0.048 0.752
25 0.8 0.048 0.752
34 0.8 0.048 0.752
28 0.8 0.048 0.752
5 0.8 0.048 0.752
22 0.8 0.048 0.752
29 0.8 0.048 0.752
2 0.8 0.048 0.752
14 0.8 0.048 0.752
16 0.8 0.048 0.752
24 0.8 0.048 0.752
37 0.8 0.048 0.752
15 0.8 0.048 0.752
1 0.8 0.048 0.752
13 0.8 0.048 0.752
14 0.752 0.048 0.704
2 0.752 0.048 0.704
16 0.8 0.048 0.752
29 0.8 0.048 0.752
37 0.752 0.048 0.704
3 0.738981 0.048 0.690981
8 0.674716 0.048 0.626716
3 0.690981 0.048 0.642981
3 0.642981 0.16 0.482981
8 0.626716 0.16 0.466716
12 0.8 0.048 0.752
9 0.8 0.048 0.752
22 0.8 0.048 0.752
5 0.8 0.048 0.752
10 0.8 0.048 0.752
28 0.8 0.048 0.752
38 0.8 0.048 0.752
7 0.8 0.048 0.752
11 0.8 0.048 0.752
32 0.8 0.048 0.752
31 0.8 0.048 0.752
18 0.8 0.048 0.752
4 0.8 0.048 0.752
40 0.8 0.048 0.752
21 0.8 0.048 0.752
19 0.8 0.048 0.752
9 0.8 0.048 0.752
30 0.8 0.048 0.752
39 0.8 0.048 0.752
32 0.8 0.048 0.752
11 0.8 0.048 0.752
35 0.8 0.048 0.752
25 0.8 0.048 0.752
34 0.8 0.048 0.752
28 0.8 0.048 0.752
5 0.8 0.048 0.752
22 0.8 0.048 0.752
29 0.8 0.048 0.752
2 0.8 0.048 0.752
14 0.8 0.048 0.752
16 0.8 0.048 0.752
37 0.8 0.048 0.752
15 0.8 0.048 0.752
4 0.8 0.048 0.752
1 0.8 0.048 0.752
13 0.8 0.048 0.752
14 0.752 0.048 0.704
2 0.752 0.048 0.704
16 0.8 0.048 0.752
29 0.8 0.048 0.752
37 0.752 0.048 0.704
12 0.8 0.048 0.752
9 0.8 0.048 0.752
30 0.8 0.048 0.752
39 0.8 0.048 0.752
22 0.8 0.048 0.752
5 0.8 0.048 0.752
10 0.8 0.048 0.752
28 0.8 0.048 0.752
38 0.8 0.048 0.752
7 0.8 0.048 0.752
11 0.8 0.048 0.752
32 0.8 0.048 0.752
31 0.8 0.048 0.752
31 0.752 0.048 0.704
31 0.704 0.16 0.544
31 0.544 0.016 0.528
18 0.8 0.048 0.752
4 0.8 0.048 0.752
40 0.8 0.048 0.752
21 0.8 0.048 0.752
19 0.8 0.048 0.752
9 0.8 0.048 0.752
17 0.8 0.048 0.752
30 0.8 0.048 0.752
39 0.8 0.048 0.752
19 0.752 0.048 0.704
19 0.704 0.16 0.544
9 0.752 0.16 0.592
17 0.752 0.16 0.592
17 0.592 0.016 0.576
19 0.544 0.016 0.528
17 0.576 0.048 0.528
19 0.528 0.048 0.48
30 0.752 0.16 0.592
39 0.752 0.16 0.592
32 0.8 0.048 0.752
11 0.8 0.048 0.752
35 0.8 0.048 0.752
25 0.8 0.048 0.752
34 0.8 0.048 0.752
28 0.8 0.048 0.752
5 0.8 0.048 0.752
22 0.8 0.048 0.752
29 0.8 0.048 0.752
2 0.8 0.048 0.752
14 0.8 0.048 0.752
16 0.8 0.048 0.752
37 0.8 0.048 0.752
29 0.752 0.048 0.704
29 0.704 0.16 0.544
2 0.752 0.16 0.592
14 0.752 0.16 0.592
16 0.752 0.16 0.592
37 0.752 0.16 0.592
15 0.8 0.048 0.752
4 0.8 0.048 0.752
1 0.8 0.048 0.752
13 0.8 0.048 0.752
14 0.592 0.048 0.544
2 0.592 0.048 0.544
16 0.664488 0.048 0.616488
29 0.614722 0.048 0.566722
37 0.592 0.048 0.544
14 0.544 0.048 0.496
14 0.496 0.16 0.336
2 0.544 0.16 0.384
16 0.616488 0.16 0.456488
29 0.566722 0.16 0.406722
37 0.544 0.16 0.384
12 0.8 0.048 0.752
9 0.743003 0.048 0.695003
30 0.740786 0.048 0.692786
39 0.742176 0.048 0.694176
22 0.8 0.048 0.752
5 0.8 0.048 0.752
28 0.8 0.048 0.752
38 0.8 0.048 0.752
7 0.8 0.048 0.752
11 0.8 0.048 0.752
32 0.8 0.048 0.752
18 0.8 0.048 0.752
4 0.8 0.048 0.752
40 0.8 0.048 0.752
21 0.8 0.048 0.752
17 0.8 0.048 0.752
19 0.8 0.048 0.752
32 0.8 0.048 0.752
11 0.8 0.048 0.752
35 0.8 0.048 0.752
25 0.8 0.048 0.752
34 0.8 0.048 0.752
28 0.8 0.048 0.752
5 0.8 0.048 0.752
22 0.8 0.048 0.752
15 0.8 0.048 0.752
4 0.8 0.048 0.752
15 0.752 0.048 0.704
15 0.704 0.16 0.544
15 0.544 0.016 0.528
4 0.752 0.16 0.592
1 0.8 0.048 0.752
13 0.8 0.048 0.752
12 0.8 0.048 0.752
9 0.8 0.048 0.752
30 0.8 0.048 0.752
39 0.8 0.048 0.752
22 0.8 0.048 0.752
5 0.8 0.048 0.752
10 0.8 0.048 0.752
28 0.8 0.048 0.752
38 0.8 0.048 0.752
7 0.8 0.048 0.752
11 0.8 0.048 0.752
32 0.8 0.048 0.752
18 0.8 0.048 0.752
4 0.668345 0.048 0.620345
40 0.8 0.048 0.752
21 0.8 0.048 0.752
17 0.8 0.048 0.752
32 0.8 0.048 0.752
11 0.8 0.048 0.752
32 0.752 0.048 0.704
32 0.704 0.16 0.544
32 0.544 0.016 0.528
11 0.752 0.16 0.592
35 0.8 0.048 0.752
25 0.8 0.048 0.752
34 0.8 0.048 0.752
28 0.8 0.048 0.752
5 0.8 0.048 0.752
22 0.8 0.048 0.752
1 0.8 0.048 0.752
13 0.8 0.048 0.752
12 0.8 0.048 0.752
9 0.8 0.048 0.752
30 0.8 0.048 0.752
39 0.8 0.048 0.752
22 0.8 0.048 0.752
5 0.8 0.048 0.752
10 0.8 0.048 0.752
28 0.8 0.048 0.752
38 0.8 0.048 0.752
7 0.8 0.048 0.752
7 0.752 0.048 0.704
7 0.704 0.16 0.544
7 0.544 0.016 0.528
11 0.8 0.048 0.752
32 0.754868 0.048 0.706868
11 0.752 0.048 0.704
11 0.704 0.16 0.544
32 0.706868 0.16 0.546868
32 0.546868 0.016 0.530868
11 0.544 0.016 0.528
32 0.530868 0.048 0.482868
11 0.528 0.048 0.48
18 0.8 0.048 0.752
4 0.8 0.048 0.752
40 0.8 0.048 0.752
21 0.8 0.048 0.752
17 0.8 0.048 0.752
35 0.8 0.048 0.752
25 0.8 0.048 0.752
35 0.752 0.048 0.704
35 0.704 0.16 0.544
35 0.544 0.016 0.528
25 0.752 0.16 0.592
34 0.8 0.048 0.752
28 0.8 0.048 0.752
5 0.8 0.048 0.752
22 0.8 0.048 0.752
1 0.8 0.048 0.752
13 0.8 0.048 0.752
12 0.8 0.048 0.752
9 0.8 0.048 0.752
30 0.8 0.048 0.752
39 0.8 0.048 0.752
22 0.8 0.048 0.752
5 0.8 0.048 0.752
10 0.8 0.048 0.752
28 0.8 0.048 0.752
38 0.8 0.048 0.752
32 0.8 0.048 0.752
11 0.8 0.048 0.752
18 0.8 0.048 0.752
4 0.8 0.048 0.752
40 0.8 0.048 0.752
21 0.8 0.048 0.752
21 0.752 0.048 0.704
21 0.704 0.16 0.544
21 0.544 0.016 0.528
17 0.8 0.048 0.752
19 0.8 0.048 0.752
17 0.752 0.048 0.704
17 0.704 0.16 0.544
17 0.544 0.016 0.528
19 0.752 0.16 0.592
34 0.8 0.048 0.752
28 0.8 0.048 0.752
5 0.8 0.048 0.752
22 0.8 0.048 0.752
1 0.8 0.048 0.752
13 0.8 0.048 0.752
12 0.8 0.048 0.752
9 0.8 0.048 0.752
30 0.8 0.048 0.752
39 0.8 0.048 0.752
12 0.752 0.048 0.704
12 0.704 0.16 0.544
12 0.544 0.016 0.528
9 0.752 0.16 0.592
30 0.752 0.16 0.592
39 0.752 0.16 0.592
22 0.8 0.048 0.752
5 0.8 0.048 0.752
10 0.8 0.048 0.752
28 0.8 0.048 0.752
38 0.8 0.048 0.752
32 0.8 0.048 0.752
18 0.8 0.048 0.752
4 0.8 0.048 0.752
40 0.8 0.048 0.752
34 0.8 0.048 0.752
28 0.8 0.048 0.752
5 0.8 0.048 0.752
22 0.8 0.048 0.752
1 0.8 0.048 0.752
13 0.8 0.048 0.752
22 0.8 0.048 0.752
5 0.8 0.048 0.752
10 0.8 0.048 0.752
28 0.8 0.048 0.752
38 0.8 0.048 0.752
36 0.8 0.048 0.752
38 0.752 0.048 0.704
38 0.704 0.16 0.544
36 0.752 0.16 0.592
36 0.592 0.016 0.576
38 0.544 0.016 0.528
36 0.576 0.048 0.528
38 0.528 0.048 0.48
32 0.8 0.048 0.752
18 0.8 0.048 0.752
4 0.8 0.048 0.752
40 0.8 0.048 0.752
34 0.8 0.048 0.752
28 0.8 0.048 0.752
5 0.8 0.048 0.752
22 0.8 0.048 0.752
1 0.8 0.048 0.752
13 0.8 0.048 0.752
1 0.752 0.048 0.704
1 0.704 0.16 0.544
1 0.544 0.016 0.528
13 0.752 0.16 0.592
22 0.8 0.048 0.752
5 0.8 0.048 0.752
10 0.8 0.048 0.752
28 0.8 0.048 0.752
36 0.8 0.048 0.752
38 0.8 0.048 0.752
32 0.8 0.048 0.752
11 0.8 0.048 0.752
18 0.8 0.048 0.752
4 0.8 0.048 0.752
40 0.8 0.048 0.752
