23 39 0 100 1 1.59491 2.59491
18 37 0 100 2 1.1553 3.1553
11 40 0 100 2.5 1.66958 4.16958
11 54 0 100 1.16701e-08 4.27924 4.27924
4 43 0 100 3.5 2.29908 5.79908
2 41 0 100 4.5 1.90162 6.40162
9 55 0 100 2 4.62025 6.62025
15 44 0 100 4.5 2.65969 7.15969
23 58 0 100 3 4.90448 7.90448
24 49 0 100 5 3.41288 8.41288
17 42 0 100 7 2.04285 9.04285
20 48 0 100 6 3.10418 9.10418
19 36 0 100 9 1.06288 10.0629
28 46 0 100 7.5 2.78169 10.2817
29 47 0 100 8 2.7914 10.7914
29 59 0 100 5.5 5.31494 10.8149
9 64 0 100 4 8.0013 12.0013
10 45 0 100 9.5 2.69341 12.1934
15 67 0 100 3 9.49606 12.4961
25 51 0 100 9 3.60035 12.6003
12 50 0 100 9.5 3.43771 12.9377
