4 0.8 0.048 0.752
34 0.8 0.048 0.752
4 0.752 0.048 0.704
34 0.752 0.048 0.704
4 0.704 0.048 0.656
34 0.704 0.048 0.656
55 0.8 0.048 0.752
27 0.8 0.048 0.752
55 0.8 0.048 0.752
27 0.8 0.048 0.752
55 0.8 0.048 0.752
27 0.8 0.048 0.752
1 0.8 0.048 0.752
1 0.8 0.048 0.752
7 0.8 0.048 0.752
1 0.8 0.048 0.752
7 0.8 0.048 0.752
7 0.8 0.048 0.752
25 0.8 0.048 0.752
10 0.8 0.048 0.752
26 0.8 0.048 0.752
47 0.8 0.048 0.752
58 0.8 0.048 0.752
46 0.8 0.048 0.752
6 0.8 0.048 0.752
25 0.8 0.048 0.752
48 0.8 0.048 0.752
16 0.8 0.048 0.752
19 0.8 0.048 0.752
36 0.8 0.048 0.752
45 0.8 0.048 0.752
54 0.8 0.048 0.752
29 0.8 0.048 0.752
17 0.8 0.048 0.752
49 0.8 0.048 0.752
49 0.752 0.048 0.704
29 0.752 0.048 0.704
29 0.704 0.16 0.544
17 0.752 0.16 0.592
49 0.704 0.16 0.544
49 0.544 0.016 0.528
29 0.544 0.016 0.528
49 0.528 0.048 0.48
2 0.8 0.048 0.752
29 0.528 0.048 0.48
32 0.8 0.048 0.752
1 0.8 0.048 0.752
7 0.8 0.048 0.752
6 0.8 0.048 0.752
25 0.8 0.048 0.752
46 0.8 0.048 0.752
60 0.8 0.048 0.752
12 0.8 0.048 0.752
18 0.8 0.048 0.752
44 0.8 0.048 0.752
51 0.8 0.048 0.752
3 0.8 0.048 0.752
59 0.8 0.048 0.752
9 0.8 0.048 0.752
9 0.752 0.048 0.704
24 0.8 0.048 0.752
28 0.8 0.048 0.752
59 0.752 0.048 0.704
59 0.704 0.16 0.544
9 0.704 0.16 0.544
9 0.544 0.016 0.528
59 0.544 0.016 0.528
9 0.528 0.048 0.48
24 0.752 0.048 0.704
28 0.752 0.048 0.704
59 0.528 0.048 0.48
24 0.704 0.16 0.544
28 0.704 0.16 0.544
6 0.8 0.048 0.752
46 0.8 0.048 0.752
20 0.8 0.048 0.752
15 0.8 0.048 0.752
22 0.8 0.048 0.752
38 0.8 0.048 0.752
53 0.8 0.048 0.752
54 0.8 0.048 0.752
16 0.8 0.048 0.752
19 0.8 0.048 0.752
43 0.8 0.048 0.752
43 0.752 0.048 0.704
45 0.8 0.048 0.752
48 0.8 0.048 0.752
54 0.752 0.048 0.704
54 0.704 0.16 0.544
16 0.752 0.16 0.592
19 0.752 0.16 0.592
43 0.704 0.16 0.544
43 0.544 0.016 0.528
54 0.544 0.016 0.528
43 0.528 0.048 0.48
13 0.8 0.048 0.752
19 0.592 0.048 0.544
54 0.528 0.048 0.48
45 0.752 0.16 0.592
48 0.752 0.16 0.592
6 0.8 0.048 0.752
46 0.8 0.048 0.752
6 0.752 0.048 0.704
46 0.752 0.048 0.704
6 0.704 0.048 0.656
6 0.656 0.16 0.496
6 0.496 0.016 0.48
51 0.8 0.048 0.752
50 0.8 0.048 0.752
33 0.8 0.048 0.752
5 0.8 0.048 0.752
8 0.8 0.048 0.752
12 0.8 0.048 0.752
10 0.8 0.048 0.752
26 0.8 0.048 0.752
47 0.8 0.048 0.752
58 0.8 0.048 0.752
46 0.8 0.048 0.752
6 0.630833 0.048 0.582833
3 0.8 0.048 0.752
22 0.8 0.048 0.752
51 0.8 0.048 0.752
48 0.738899 0.048 0.690899
16 0.743681 0.048 0.695681
19 0.689773 0.048 0.641773
36 0.8 0.048 0.752
45 0.740446 0.048 0.692446
54 0.629018 0.048 0.581018
49 0.8 0.048 0.752
2 0.8 0.048 0.752
29 0.8 0.048 0.752
32 0.8 0.048 0.752
1 0.8 0.048 0.752
7 0.8 0.048 0.752
3 0.8 0.048 0.752
20 0.8 0.048 0.752
22 0.8 0.048 0.752
38 0.8 0.048 0.752
51 0.8 0.048 0.752
53 0.8 0.048 0.752
60 0.8 0.048 0.752
12 0.8 0.048 0.752
18 0.8 0.048 0.752
44 0.8 0.048 0.752
51 0.8 0.048 0.752
3 0.8 0.048 0.752
9 0.8 0.048 0.752
24 0.8 0.048 0.752
28 0.8 0.048 0.752
59 0.8 0.048 0.752
15 0.8 0.048 0.752
20 0.8 0.048 0.752
22 0.8 0.048 0.752
38 0.8 0.048 0.752
53 0.8 0.048 0.752
20 0.752 0.048 0.704
15 0.752 0.048 0.704
22 0.752 0.048 0.704
38 0.8 0.048 0.752
53 0.752 0.048 0.704
20 0.704 0.048 0.656
20 0.656 0.16 0.496
20 0.496 0.016 0.48
30 0.8 0.048 0.752
11 0.8 0.048 0.752
13 0.8 0.048 0.752
22 0.780495 0.048 0.732495
3 0.8 0.048 0.752
3 0.752 0.048 0.704
20 0.48 0.048 0.432
38 0.752 0.048 0.704
53 0.704 0.048 0.656
22 0.732495 0.048 0.684495
22 0.684495 0.16 0.524495
3 0.704 0.16 0.544
3 0.544 0.016 0.528
22 0.524495 0.016 0.508495
3 0.528 0.048 0.48
22 0.508495 0.048 0.460495
51 0.8 0.048 0.752
20 0.432 0.16 0.272
38 0.704 0.16 0.544
53 0.656 0.16 0.496
34 0.8 0.048 0.752
4 0.8 0.048 0.752
43 0.8 0.048 0.752
13 0.8 0.048 0.752
19 0.8 0.048 0.752
41 0.8 0.048 0.752
18 0.8 0.048 0.752
37 0.8 0.048 0.752
44 0.8 0.048 0.752
15 0.780727 0.048 0.732727
20 0.34441 0.048 0.29641
38 0.544 0.048 0.496
47 0.8 0.048 0.752
53 0.567128 0.048 0.519128
10 0.8 0.048 0.752
15 0.8 0.048 0.752
26 0.8 0.048 0.752
47 0.8 0.048 0.752
58 0.8 0.048 0.752
50 0.8 0.048 0.752
33 0.8 0.048 0.752
5 0.8 0.048 0.752
8 0.8 0.048 0.752
12 0.8 0.048 0.752
10 0.8 0.048 0.752
26 0.8 0.048 0.752
47 0.752 0.048 0.704
58 0.8 0.048 0.752
10 0.752 0.048 0.704
10 0.704 0.16 0.544
10 0.544 0.016 0.528
46 0.8 0.048 0.752
6 0.8 0.048 0.752
33 0.752 0.048 0.704
50 0.8 0.048 0.752
10 0.528 0.048 0.48
26 0.752 0.048 0.704
47 0.777699 0.048 0.729699
58 0.752 0.048 0.704
48 0.8 0.048 0.752
16 0.8 0.048 0.752
19 0.8 0.048 0.752
36 0.8 0.048 0.752
45 0.8 0.048 0.752
54 0.8 0.048 0.752
49 0.8 0.048 0.752
2 0.8 0.048 0.752
17 0.8 0.048 0.752
29 0.8 0.048 0.752
32 0.8 0.048 0.752
1 0.8 0.048 0.752
7 0.8 0.048 0.752
10 0.557465 0.048 0.509465
42 0.8 0.048 0.752
52 0.8 0.048 0.752
58 0.7839 0.048 0.7359
39 0.8 0.048 0.752
2 0.8 0.048 0.752
21 0.8 0.048 0.752
32 0.8 0.048 0.752
60 0.8 0.048 0.752
12 0.8 0.048 0.752
18 0.8 0.048 0.752
44 0.8 0.048 0.752
51 0.8 0.048 0.752
3 0.781005 0.048 0.733005
9 0.8 0.048 0.752
24 0.8 0.048 0.752
28 0.8 0.048 0.752
59 0.8 0.048 0.752
14 0.8 0.048 0.752
31 0.8 0.048 0.752
31 0.752 0.048 0.704
40 0.8 0.048 0.752
40 0.752 0.048 0.704
57 0.8 0.048 0.752
14 0.752 0.096 0.656
14 0.656 0.16 0.496
31 0.704 0.16 0.544
40 0.704 0.16 0.544
40 0.544 0.016 0.528
14 0.496 0.016 0.48
40 0.528 0.048 0.48
14 0.48 0.048 0.432
31 0.544 0.048 0.496
57 0.752 0.16 0.592
42 0.8 0.048 0.752
52 0.8 0.048 0.752
28 0.752 0.048 0.704
9 0.8 0.048 0.752
24 0.8 0.048 0.752
59 0.752 0.048 0.704
30 0.8 0.048 0.752
11 0.8 0.048 0.752
13 0.8 0.048 0.752
24 0.752 0.048 0.704
9 0.752 0.048 0.704
28 0.704 0.048 0.656
59 0.780785 0.048 0.732785
3 0.8 0.048 0.752
22 0.8 0.048 0.752
51 0.8 0.048 0.752
34 0.8 0.048 0.752
4 0.8 0.048 0.752
43 0.8 0.048 0.752
13 0.8 0.048 0.752
19 0.8 0.048 0.752
41 0.8 0.048 0.752
18 0.8 0.048 0.752
37 0.8 0.048 0.752
44 0.8 0.048 0.752
5 0.8 0.048 0.752
8 0.8 0.048 0.752
42 0.8 0.048 0.752
52 0.8 0.048 0.752
44 0.8 0.048 0.752
18 0.8 0.048 0.752
37 0.8 0.048 0.752
41 0.8 0.048 0.752
60 0.8 0.048 0.752
5 0.8 0.048 0.752
8 0.8 0.048 0.752
12 0.8 0.048 0.752
50 0.8 0.048 0.752
33 0.8 0.048 0.752
19 0.8 0.048 0.752
43 0.8 0.048 0.752
45 0.8 0.048 0.752
54 0.8 0.048 0.752
5 0.8 0.048 0.752
8 0.752 0.048 0.704
12 0.8 0.048 0.752
5 0.752 0.048 0.704
5 0.704 0.16 0.544
5 0.544 0.016 0.528
42 0.8 0.048 0.752
52 0.8 0.048 0.752
46 0.8 0.048 0.752
6 0.8 0.048 0.752
33 0.752 0.048 0.704
50 0.8 0.048 0.752
5 0.528 0.048 0.48
12 0.752 0.048 0.704
18 0.8 0.048 0.752
60 0.8 0.048 0.752
48 0.8 0.048 0.752
16 0.8 0.048 0.752
19 0.8 0.048 0.752
36 0.8 0.048 0.752
45 0.8 0.048 0.752
54 0.8 0.048 0.752
49 0.8 0.048 0.752
2 0.8 0.048 0.752
17 0.8 0.048 0.752
29 0.8 0.048 0.752
32 0.8 0.048 0.752
1 0.8 0.048 0.752
7 0.8 0.048 0.752
12 0.783092 0.048 0.735092
18 0.8 0.048 0.752
37 0.8 0.048 0.752
41 0.8 0.048 0.752
44 0.8 0.048 0.752
60 0.8 0.048 0.752
39 0.8 0.048 0.752
21 0.8 0.048 0.752
32 0.8 0.048 0.752
60 0.8 0.048 0.752
12 0.735092 0.048 0.687092
18 0.8 0.048 0.752
44 0.752 0.048 0.704
60 0.752 0.048 0.704
60 0.704 0.16 0.544
60 0.544 0.016 0.528
51 0.8 0.048 0.752
3 0.8 0.048 0.752
9 0.8 0.048 0.752
28 0.8 0.048 0.752
59 0.8 0.048 0.752
40 0.8 0.048 0.752
14 0.8 0.048 0.752
31 0.8 0.048 0.752
57 0.8 0.048 0.752
18 0.752 0.048 0.704
37 0.8 0.048 0.752
41 0.8 0.048 0.752
44 0.777259 0.048 0.729259
60 0.528 0.048 0.48
28 0.752 0.048 0.704
9 0.8 0.048 0.752
24 0.8 0.048 0.752
59 0.752 0.048 0.704
30 0.8 0.048 0.752
11 0.8 0.048 0.752
13 0.8 0.048 0.752
24 0.752 0.048 0.704
28 0.704 0.048 0.656
59 0.775494 0.048 0.727494
53 0.8 0.048 0.752
15 0.8 0.048 0.752
20 0.8 0.048 0.752
38 0.8 0.048 0.752
3 0.8 0.048 0.752
22 0.8 0.048 0.752
51 0.8 0.048 0.752
31 0.8 0.048 0.752
14 0.8 0.048 0.752
40 0.752 0.048 0.704
57 0.8 0.048 0.752
34 0.8 0.048 0.752
4 0.8 0.048 0.752
43 0.8 0.048 0.752
13 0.8 0.048 0.752
19 0.8 0.048 0.752
41 0.8 0.048 0.752
37 0.8 0.048 0.752
44 0.8 0.048 0.752
41 0.752 0.048 0.704
41 0.704 0.16 0.544
41 0.544 0.016 0.528
37 0.752 0.048 0.704
41 0.528 0.048 0.48
44 0.752 0.048 0.704
56 0.8 0.048 0.752
55 0.8 0.048 0.752
27 0.8 0.048 0.752
44 0.774332 0.048 0.726332
18 0.8 0.048 0.752
18 0.752 0.048 0.704
37 0.779677 0.048 0.731677
41 0.558015 0.048 0.510015
60 0.632946 0.048 0.584946
60 0.584946 0.048 0.536946
44 0.726332 0.096 0.630332
44 0.630332 0.16 0.470332
18 0.704 0.16 0.544
18 0.544 0.016 0.528
44 0.470332 0.016 0.454332
18 0.528 0.048 0.48
37 0.731677 0.048 0.683677
41 0.510015 0.048 0.462015
44 0.454332 0.048 0.406332
60 0.536946 0.048 0.488946
37 0.683677 0.16 0.523677
41 0.462015 0.16 0.302015
60 0.488946 0.16 0.328946
37 0.523677 0.048 0.475677
56 0.8 0.048 0.752
50 0.8 0.048 0.752
33 0.8 0.048 0.752
19 0.8 0.048 0.752
43 0.8 0.048 0.752
45 0.8 0.048 0.752
48 0.8 0.048 0.752
54 0.8 0.048 0.752
42 0.8 0.048 0.752
52 0.8 0.048 0.752
46 0.8 0.048 0.752
6 0.8 0.048 0.752
33 0.752 0.048 0.704
50 0.8 0.048 0.752
23 0.8 0.048 0.752
35 0.8 0.048 0.752
56 0.8 0.048 0.752
4 0.8 0.048 0.752
34 0.8 0.048 0.752
48 0.8 0.048 0.752
16 0.8 0.048 0.752
19 0.8 0.048 0.752
36 0.8 0.048 0.752
45 0.8 0.048 0.752
54 0.8 0.048 0.752
49 0.8 0.048 0.752
2 0.8 0.048 0.752
17 0.8 0.048 0.752
29 0.8 0.048 0.752
32 0.8 0.048 0.752
13 0.8 0.048 0.752
30 0.8 0.048 0.752
43 0.8 0.048 0.752
1 0.8 0.048 0.752
7 0.8 0.048 0.752
11 0.8 0.048 0.752
23 0.8 0.048 0.752
35 0.8 0.048 0.752
32 0.8 0.048 0.752
2 0.752 0.048 0.704
39 0.8 0.048 0.752
49 0.8 0.048 0.752
39 0.752 0.048 0.704
21 0.8 0.048 0.752
32 0.752 0.048 0.704
51 0.8 0.048 0.752
3 0.8 0.048 0.752
9 0.8 0.048 0.752
28 0.8 0.048 0.752
59 0.8 0.048 0.752
21 0.8 0.048 0.752
14 0.8 0.048 0.752
32 0.780699 0.048 0.732699
39 0.776047 0.048 0.728047
40 0.8 0.048 0.752
14 0.752 0.048 0.704
31 0.8 0.048 0.752
57 0.8 0.048 0.752
11 0.8 0.048 0.752
13 0.8 0.048 0.752
23 0.8 0.048 0.752
30 0.8 0.048 0.752
35 0.8 0.048 0.752
28 0.752 0.048 0.704
9 0.8 0.048 0.752
24 0.8 0.048 0.752
59 0.752 0.048 0.704
30 0.8 0.048 0.752
11 0.752 0.048 0.704
13 0.752 0.048 0.704
30 0.752 0.048 0.704
30 0.704 0.16 0.544
30 0.544 0.016 0.528
24 0.752 0.048 0.704
28 0.704 0.048 0.656
59 0.778122 0.048 0.730122
53 0.8 0.048 0.752
15 0.8 0.048 0.752
20 0.8 0.048 0.752
38 0.8 0.048 0.752
3 0.8 0.048 0.752
22 0.8 0.048 0.752
51 0.8 0.048 0.752
31 0.8 0.048 0.752
14 0.777708 0.048 0.729708
40 0.752 0.048 0.704
57 0.8 0.048 0.752
34 0.8 0.048 0.752
4 0.8 0.048 0.752
43 0.8 0.048 0.752
13 0.781347 0.048 0.733347
19 0.8 0.048 0.752
43 0.752 0.048 0.704
43 0.704 0.16 0.544
43 0.544 0.016 0.528
11 0.782753 0.048 0.734753
13 0.733347 0.048 0.685347
30 0.528 0.048 0.48
43 0.528 0.048 0.48
8 0.8 0.048 0.752
5 0.8 0.048 0.752
55 0.8 0.048 0.752
56 0.8 0.048 0.752
17 0.8 0.048 0.752
29 0.8 0.048 0.752
49 0.8 0.048 0.752
11 0.8 0.048 0.752
23 0.8 0.048 0.752
23 0.752 0.048 0.704
30 0.55545 0.048 0.50745
35 0.8 0.048 0.752
35 0.752 0.048 0.704
11 0.752 0.096 0.656
11 0.656 0.16 0.496
23 0.704 0.16 0.544
30 0.50745 0.16 0.34745
35 0.704 0.16 0.544
35 0.544 0.016 0.528
11 0.496 0.016 0.48
35 0.528 0.048 0.48
11 0.48 0.048 0.432
23 0.544 0.048 0.496
18 0.8 0.048 0.752
37 0.8 0.048 0.752
41 0.668765 0.048 0.620765
44 0.772894 0.048 0.724894
60 0.710758 0.048 0.662758
13 0.76289 0.048 0.71489
19 0.8 0.048 0.752
43 0.558333 0.048 0.510333
54 0.8 0.048 0.752
50 0.8 0.048 0.752
33 0.8 0.048 0.752
19 0.752 0.048 0.704
43 0.580557 0.048 0.532557
45 0.8 0.048 0.752
45 0.752 0.048 0.704
48 0.8 0.048 0.752
54 0.752 0.048 0.704
19 0.704 0.096 0.608
19 0.608 0.16 0.448
19 0.448 0.016 0.432
42 0.8 0.048 0.752
52 0.8 0.048 0.752
46 0.8 0.048 0.752
6 0.8 0.048 0.752
33 0.752 0.048 0.704
50 0.8 0.048 0.752
16 0.8 0.048 0.752
19 0.50897 0.048 0.46097
36 0.8 0.048 0.752
43 0.532557 0.048 0.484557
45 0.77894 0.048 0.73094
48 0.8 0.048 0.752
54 0.776166 0.048 0.728166
4 0.8 0.048 0.752
34 0.8 0.048 0.752
48 0.752 0.048 0.704
16 0.752 0.048 0.704
19 0.46097 0.048 0.41297
36 0.752 0.048 0.704
45 0.73094 0.048 0.68294
54 0.728166 0.048 0.680166
48 0.704 0.048 0.656
48 0.656 0.16 0.496
48 0.496 0.016 0.48
49 0.8 0.048 0.752
2 0.8 0.048 0.752
17 0.8 0.048 0.752
29 0.8 0.048 0.752
32 0.8 0.048 0.752
12 0.8 0.048 0.752
5 0.8 0.048 0.752
5 0.752 0.048 0.704
60 0.8 0.048 0.752
12 0.752 0.048 0.704
12 0.704 0.16 0.544
5 0.704 0.16 0.544
5 0.544 0.016 0.528
12 0.544 0.016 0.528
5 0.528 0.048 0.48
8 0.8 0.048 0.752
12 0.528 0.048 0.48
60 0.752 0.16 0.592
13 0.8 0.048 0.752
43 0.559068 0.048 0.511068
57 0.8 0.048 0.752
14 0.8 0.048 0.752
31 0.8 0.048 0.752
40 0.8 0.048 0.752
59 0.8 0.048 0.752
9 0.8 0.048 0.752
24 0.8 0.048 0.752
28 0.8 0.048 0.752
1 0.8 0.048 0.752
7 0.8 0.048 0.752
16 0.777117 0.048 0.729117
19 0.483232 0.048 0.435232
36 0.775883 0.048 0.727883
45 0.755656 0.048 0.707656
48 0.55343 0.048 0.50543
54 0.75186 0.048 0.70386
32 0.8 0.048 0.752
2 0.752 0.048 0.704
39 0.8 0.048 0.752
49 0.8 0.048 0.752
45 0.707656 0.048 0.659656
16 0.729117 0.048 0.681117
19 0.435232 0.048 0.387232
36 0.727883 0.048 0.679883
48 0.50543 0.048 0.45743
54 0.70386 0.048 0.65586
45 0.659656 0.048 0.611656
45 0.611656 0.16 0.451656
45 0.451656 0.016 0.435656
39 0.752 0.048 0.704
14 0.8 0.048 0.752
21 0.8 0.048 0.752
32 0.752 0.048 0.704
51 0.8 0.048 0.752
3 0.8 0.048 0.752
9 0.8 0.048 0.752
24 0.8 0.048 0.752
28 0.8 0.048 0.752
59 0.8 0.048 0.752
21 0.8 0.048 0.752
14 0.752 0.048 0.704
39 0.777653 0.048 0.729653
16 0.758535 0.048 0.710535
36 0.679883 0.048 0.631883
45 0.510741 0.048 0.462741
48 0.529909 0.048 0.481909
54 0.735755 0.048 0.687755
16 0.710535 0.048 0.662535
16 0.662535 0.16 0.502535
16 0.502535 0.016 0.486535
40 0.8 0.048 0.752
14 0.704 0.048 0.656
31 0.8 0.048 0.752
57 0.8 0.048 0.752
16 0.486535 0.048 0.438535
33 0.8 0.048 0.752
36 0.709048 0.048 0.661048
45 0.462741 0.048 0.414741
48 0.481909 0.048 0.433909
50 0.8 0.048 0.752
28 0.752 0.048 0.704
9 0.8 0.048 0.752
24 0.8 0.048 0.752
59 0.752 0.048 0.704
24 0.752 0.048 0.704
9 0.752 0.048 0.704
28 0.704 0.048 0.656
59 0.777031 0.048 0.729031
53 0.8 0.048 0.752
15 0.8 0.048 0.752
20 0.8 0.048 0.752
22 0.8 0.048 0.752
22 0.752 0.048 0.704
38 0.8 0.048 0.752
53 0.752 0.048 0.704
53 0.704 0.16 0.544
15 0.752 0.16 0.592
20 0.752 0.16 0.592
22 0.704 0.16 0.544
22 0.544 0.016 0.528
53 0.544 0.016 0.528
22 0.528 0.048 0.48
3 0.8 0.048 0.752
20 0.592 0.048 0.544
38 0.752 0.048 0.704
53 0.528 0.048 0.48
38 0.704 0.16 0.544
3 0.752 0.048 0.704
22 0.48 0.048 0.432
51 0.8 0.048 0.752
31 0.8 0.048 0.752
14 0.730555 0.048 0.682555
40 0.752 0.048 0.704
57 0.8 0.048 0.752
34 0.8 0.048 0.752
4 0.8 0.048 0.752
33 0.8 0.048 0.752
50 0.8 0.048 0.752
36 0.738402 0.048 0.690402
16 0.517002 0.048 0.469002
45 0.486965 0.048 0.438965
48 0.51373 0.048 0.46573
54 0.758519 0.048 0.710519
54 0.710519 0.048 0.662519
36 0.690402 0.048 0.642402
36 0.642402 0.16 0.482402
16 0.469002 0.16 0.309002
45 0.438965 0.16 0.278965
48 0.46573 0.16 0.30573
54 0.662519 0.16 0.502519
54 0.502519 0.016 0.486519
36 0.482402 0.016 0.466402
54 0.486519 0.048 0.438519
16 0.309002 0.048 0.261002
19 0.536753 0.048 0.488753
36 0.466402 0.048 0.418402
45 0.278965 0.048 0.230965
48 0.30573 0.048 0.25773
8 0.8 0.048 0.752
5 0.7031 0.048 0.6551
55 0.8 0.048 0.752
56 0.8 0.048 0.752
37 0.8 0.048 0.752
37 0.752 0.048 0.704
56 0.752 0.048 0.704
56 0.704 0.16 0.544
37 0.704 0.16 0.544
37 0.544 0.016 0.528
56 0.544 0.016 0.528
37 0.528 0.048 0.48
18 0.8 0.048 0.752
41 0.8 0.048 0.752
41 0.752 0.048 0.704
44 0.8 0.048 0.752
44 0.752 0.048 0.704
56 0.528 0.048 0.48
37 0.48 0.096 0.384
37 0.384 0.16 0.224
18 0.752 0.16 0.592
41 0.704 0.16 0.544
44 0.704 0.16 0.544
44 0.544 0.016 0.528
37 0.224 0.016 0.208
44 0.528 0.048 0.48
18 0.592 0.048 0.544
37 0.208 0.048 0.16
41 0.544 0.048 0.496
60 0.742137 0.048 0.694137
60 0.694137 0.048 0.646137
44 0.48 0.048 0.432
44 0.432 0.16 0.272
18 0.544 0.16 0.384
41 0.496 0.16 0.336
60 0.646137 0.16 0.486137
17 0.8 0.048 0.752
29 0.8 0.048 0.752
49 0.8 0.048 0.752
35 0.8 0.048 0.752
11 0.8 0.048 0.752
23 0.8 0.048 0.752
18 0.462372 0.048 0.414372
37 0.16 0.048 0.112
41 0.336 0.048 0.288
44 0.34276 0.048 0.29476
60 0.557447 0.048 0.509447
33 0.8 0.048 0.752
50 0.8 0.048 0.752
50 0.752 0.048 0.704
33 0.752 0.048 0.704
7 0.8 0.048 0.752
1 0.8 0.048 0.752
42 0.8 0.048 0.752
52 0.8 0.048 0.752
20 0.775533 0.048 0.727533
22 0.583191 0.048 0.535191
38 0.694039 0.048 0.646039
53 0.714113 0.048 0.666113
46 0.8 0.048 0.752
6 0.8 0.048 0.752
33 0.704 0.048 0.656
50 0.783379 0.048 0.735379
9 0.8 0.048 0.752
28 0.8 0.048 0.752
4 0.8 0.048 0.752
34 0.8 0.048 0.752
49 0.8 0.048 0.752
2 0.8 0.048 0.752
17 0.8 0.048 0.752
29 0.8 0.048 0.752
32 0.8 0.048 0.752
5 0.8 0.048 0.752
8 0.8 0.048 0.752
12 0.8 0.048 0.752
13 0.8 0.048 0.752
30 0.8 0.048 0.752
30 0.752 0.048 0.704
43 0.8 0.048 0.752
13 0.752 0.048 0.704
13 0.704 0.16 0.544
30 0.704 0.16 0.544
30 0.544 0.016 0.528
13 0.544 0.016 0.528
30 0.528 0.048 0.48
11 0.8 0.048 0.752
13 0.528 0.048 0.48
43 0.752 0.16 0.592
57 0.8 0.048 0.752
14 0.8 0.048 0.752
31 0.8 0.048 0.752
40 0.8 0.048 0.752
59 0.8 0.048 0.752
9 0.752 0.048 0.704
24 0.8 0.048 0.752
28 0.8 0.048 0.752
59 0.752 0.048 0.704
59 0.704 0.16 0.544
59 0.544 0.016 0.528
1 0.8 0.048 0.752
7 0.8 0.048 0.752
2 0.752 0.048 0.704
32 0.8 0.048 0.752
49 0.8 0.048 0.752
9 0.774431 0.048 0.726431
24 0.8 0.048 0.752
28 0.752 0.048 0.704
59 0.528 0.048 0.48
32 0.752 0.048 0.704
2 0.704 0.048 0.656
39 0.8 0.048 0.752
49 0.752 0.048 0.704
39 0.752 0.048 0.704
21 0.8 0.048 0.752
32 0.704 0.048 0.656
29 0.8 0.048 0.752
17 0.8 0.048 0.752
49 0.704 0.048 0.656
51 0.8 0.048 0.752
3 0.8 0.048 0.752
9 0.726431 0.048 0.678431
24 0.752 0.048 0.704
28 0.77434 0.048 0.72634
59 0.553699 0.048 0.505699
9 0.678431 0.048 0.630431
9 0.630431 0.16 0.470431
9 0.470431 0.016 0.454431
21 0.8 0.048 0.752
14 0.8 0.048 0.752
39 0.774343 0.048 0.726343
57 0.8 0.048 0.752
40 0.8 0.048 0.752
14 0.752 0.048 0.704
31 0.8 0.048 0.752
57 0.752 0.048 0.704
23 0.8 0.048 0.752
11 0.8 0.048 0.752
35 0.8 0.048 0.752
9 0.529301 0.048 0.481301
24 0.777399 0.048 0.729399
28 0.72634 0.048 0.67834
59 0.505699 0.048 0.457699
28 0.67834 0.048 0.63034
9 0.481301 0.048 0.433301
24 0.729399 0.048 0.681399
59 0.457699 0.048 0.409699
28 0.63034 0.048 0.58234
28 0.58234 0.16 0.42234
28 0.42234 0.016 0.40634
24 0.681399 0.048 0.633399
9 0.433301 0.048 0.385301
28 0.40634 0.048 0.35834
59 0.483837 0.048 0.435837
24 0.633399 0.048 0.585399
24 0.585399 0.16 0.425399
24 0.425399 0.016 0.409399
22 0.763834 0.048 0.715834
20 0.8 0.048 0.752
38 0.8 0.048 0.752
53 0.8 0.048 0.752
3 0.8 0.048 0.752
51 0.8 0.048 0.752
31 0.8 0.048 0.752
14 0.774958 0.048 0.726958
40 0.752 0.048 0.704
57 0.782614 0.048 0.734614
34 0.8 0.048 0.752
4 0.8 0.048 0.752
24 0.482188 0.048 0.434188
28 0.436009 0.048 0.388009
59 0.435837 0.048 0.387837
54 0.8 0.048 0.752
16 0.631783 0.048 0.583783
19 0.8 0.048 0.752
36 0.795255 0.048 0.747255
45 0.613188 0.048 0.565188
48 0.626648 0.048 0.578648
8 0.8 0.048 0.752
5 0.8 0.048 0.752
55 0.8 0.048 0.752
17 0.8 0.048 0.752
29 0.8 0.048 0.752
49 0.8 0.048 0.752
14 0.8 0.048 0.752
21 0.8 0.048 0.752
31 0.8 0.048 0.752
40 0.783838 0.048 0.735838
57 0.8 0.048 0.752
35 0.8 0.048 0.752
11 0.8 0.048 0.752
23 0.8 0.048 0.752
18 0.786002 0.048 0.738002
37 0.488163 0.048 0.440163
41 0.660784 0.048 0.612784
44 0.657879 0.048 0.609879
60 0.8 0.048 0.752
26 0.8 0.048 0.752
10 0.8 0.048 0.752
47 0.8 0.048 0.752
58 0.8 0.048 0.752
31 0.752 0.048 0.704
40 0.8 0.048 0.752
50 0.8 0.048 0.752
33 0.8 0.048 0.752
27 0.8 0.048 0.752
7 0.8 0.048 0.752
1 0.8 0.048 0.752
25 0.8 0.048 0.752
42 0.8 0.048 0.752
52 0.8 0.048 0.752
20 0.8 0.048 0.752
22 0.8 0.048 0.752
38 0.8 0.048 0.752
53 0.8 0.048 0.752
52 0.752 0.048 0.704
42 0.8 0.048 0.752
46 0.8 0.048 0.752
6 0.8 0.048 0.752
33 0.752 0.048 0.704
50 0.8 0.048 0.752
14 0.8 0.048 0.752
31 0.775813 0.048 0.727813
40 0.8 0.048 0.752
57 0.8 0.048 0.752
4 0.8 0.048 0.752
34 0.8 0.048 0.752
49 0.8 0.048 0.752
2 0.8 0.048 0.752
17 0.8 0.048 0.752
29 0.8 0.048 0.752
32 0.8 0.048 0.752
5 0.8 0.048 0.752
8 0.8 0.048 0.752
12 0.8 0.048 0.752
30 0.8 0.048 0.752
11 0.8 0.048 0.752
13 0.8 0.048 0.752
57 0.8 0.048 0.752
14 0.8 0.048 0.752
21 0.8 0.048 0.752
31 0.8 0.048 0.752
40 0.752 0.048 0.704
57 0.752 0.048 0.704
57 0.704 0.16 0.544
57 0.544 0.016 0.528
1 0.8 0.048 0.752
7 0.8 0.048 0.752
2 0.752 0.048 0.704
32 0.8 0.048 0.752
49 0.8 0.048 0.752
14 0.752 0.048 0.704
21 0.752 0.048 0.704
31 0.752 0.048 0.704
39 0.8 0.048 0.752
40 0.777561 0.048 0.729561
57 0.528 0.048 0.48
32 0.752 0.048 0.704
2 0.704 0.048 0.656
39 0.752 0.048 0.704
49 0.752 0.048 0.704
39 0.704 0.048 0.656
21 0.704 0.048 0.656
32 0.704 0.048 0.656
39 0.656 0.048 0.608
39 0.608 0.16 0.448
39 0.448 0.016 0.432
29 0.8 0.048 0.752
17 0.8 0.048 0.752
49 0.704 0.048 0.656
15 0.8 0.048 0.752
38 0.8 0.048 0.752
38 0.752 0.048 0.704
53 0.8 0.048 0.752
53 0.752 0.048 0.704
15 0.752 0.096 0.656
15 0.656 0.16 0.496
38 0.704 0.16 0.544
53 0.704 0.16 0.544
53 0.544 0.016 0.528
15 0.496 0.016 0.48
53 0.528 0.048 0.48
15 0.48 0.048 0.432
20 0.8 0.048 0.752
22 0.8 0.048 0.752
38 0.544 0.048 0.496
51 0.8 0.048 0.752
3 0.8 0.048 0.752
21 0.735617 0.048 0.687617
14 0.782585 0.048 0.734585
39 0.511383 0.048 0.463383
21 0.687617 0.048 0.639617
21 0.639617 0.16 0.479617
21 0.479617 0.016 0.463617
40 0.8 0.048 0.752
14 0.734585 0.048 0.686585
31 0.78396 0.048 0.73596
57 0.557053 0.048 0.509053
23 0.8 0.048 0.752
11 0.8 0.048 0.752
35 0.8 0.048 0.752
2 0.73095 0.048 0.68295
14 0.686585 0.048 0.638585
21 0.463617 0.048 0.415617
32 0.727168 0.048 0.679168
39 0.463383 0.048 0.415383
47 0.8 0.048 0.752
10 0.8 0.048 0.752
26 0.8 0.048 0.752
58 0.8 0.048 0.752
22 0.8 0.048 0.752
20 0.8 0.048 0.752
38 0.566885 0.048 0.518885
53 0.555165 0.048 0.507165
3 0.8 0.048 0.752
51 0.8 0.048 0.752
31 0.8 0.048 0.752
14 0.712177 0.048 0.664177
40 0.752 0.048 0.704
57 0.583447 0.048 0.535447
38 0.518885 0.048 0.470885
15 0.58056 0.048 0.53256
20 0.752 0.048 0.704
22 0.752 0.048 0.704
53 0.507165 0.048 0.459165
58 0.752 0.048 0.704
10 0.8 0.048 0.752
26 0.8 0.048 0.752
47 0.752 0.048 0.704
34 0.8 0.048 0.752
4 0.8 0.048 0.752
55 0.8 0.048 0.752
37 0.746993 0.048 0.698993
18 0.8 0.048 0.752
41 0.8 0.048 0.752
41 0.752 0.048 0.704
44 0.8 0.048 0.752
56 0.8 0.048 0.752
37 0.698993 0.048 0.650993
37 0.650993 0.16 0.490993
18 0.752 0.16 0.592
41 0.704 0.16 0.544
41 0.544 0.016 0.528
37 0.490993 0.016 0.474993
41 0.528 0.048 0.48
18 0.592 0.048 0.544
37 0.474993 0.048 0.426993
44 0.752 0.048 0.704
44 0.704 0.16 0.544
56 0.752 0.16 0.592
2 0.755625 0.048 0.707625
21 0.488131 0.048 0.440131
32 0.756902 0.048 0.708902
39 0.487273 0.048 0.439273
49 0.8 0.048 0.752
54 0.8 0.048 0.752
16 0.8 0.048 0.752
19 0.8 0.048 0.752
36 0.8 0.048 0.752
45 0.8 0.048 0.752
48 0.8 0.048 0.752
8 0.8 0.048 0.752
5 0.8 0.048 0.752
9 0.8 0.048 0.752
24 0.8 0.048 0.752
28 0.759622 0.048 0.711622
59 0.760336 0.048 0.712336
55 0.8 0.048 0.752
34 0.752 0.048 0.704
17 0.8 0.048 0.752
29 0.8 0.048 0.752
14 0.738562 0.048 0.690562
21 0.440131 0.048 0.392131
31 0.8 0.048 0.752
40 0.77661 0.048 0.72861
57 0.614517 0.048 0.566517
57 0.566517 0.048 0.518517
14 0.690562 0.048 0.642562
14 0.642562 0.16 0.482562
21 0.392131 0.16 0.232131
31 0.752 0.16 0.592
40 0.72861 0.16 0.56861
57 0.518517 0.16 0.358517
35 0.8 0.048 0.752
11 0.8 0.048 0.752
23 0.8 0.048 0.752
18 0.621681 0.048 0.573681
37 0.498562 0.048 0.450562
41 0.555401 0.048 0.507401
44 0.618111 0.048 0.570111
60 0.8 0.048 0.752
26 0.8 0.048 0.752
10 0.8 0.048 0.752
47 0.8 0.048 0.752
58 0.8 0.048 0.752
2 0.785597 0.048 0.737597
17 0.8 0.048 0.752
29 0.752 0.048 0.704
32 0.781446 0.048 0.733446
49 0.8 0.048 0.752
50 0.8 0.048 0.752
33 0.8 0.048 0.752
27 0.8 0.048 0.752
7 0.8 0.048 0.752
1 0.8 0.048 0.752
25 0.8 0.048 0.752
42 0.8 0.048 0.752
52 0.8 0.048 0.752
20 0.8 0.048 0.752
22 0.8 0.048 0.752
38 0.623994 0.048 0.575994
53 0.684643 0.048 0.636643
52 0.752 0.048 0.704
42 0.8 0.048 0.752
46 0.8 0.048 0.752
6 0.8 0.048 0.752
33 0.752 0.048 0.704
50 0.8 0.048 0.752
17 0.8 0.048 0.752
29 0.779022 0.048 0.731022
49 0.8 0.048 0.752
4 0.8 0.048 0.752
34 0.8 0.048 0.752
49 0.752 0.048 0.704
2 0.8 0.048 0.752
17 0.752 0.048 0.704
29 0.8 0.048 0.752
32 0.8 0.048 0.752
5 0.8 0.048 0.752
8 0.8 0.048 0.752
12 0.8 0.048 0.752
30 0.8 0.048 0.752
11 0.8 0.048 0.752
13 0.8 0.048 0.752
1 0.8 0.048 0.752
7 0.8 0.048 0.752
2 0.752 0.048 0.704
32 0.8 0.048 0.752
49 0.777025 0.048 0.729025
17 0.774063 0.048 0.726063
29 0.752 0.048 0.704
32 0.752 0.048 0.704
2 0.704 0.048 0.656
39 0.663111 0.048 0.615111
39 0.615111 0.048 0.567111
49 0.729025 0.048 0.681025
32 0.704 0.048 0.656
32 0.656 0.16 0.496
2 0.656 0.16 0.496
39 0.567111 0.16 0.407111
49 0.681025 0.16 0.521025
29 0.781501 0.048 0.733501
17 0.726063 0.048 0.678063
49 0.521025 0.048 0.473025
53 0.716348 0.048 0.668348
15 0.760876 0.048 0.712876
20 0.8 0.048 0.752
22 0.8 0.048 0.752
38 0.724879 0.048 0.676879
51 0.8 0.048 0.752
3 0.8 0.048 0.752
40 0.8 0.048 0.752
14 0.704066 0.048 0.656066
31 0.8 0.048 0.752
57 0.581289 0.048 0.533289
23 0.8 0.048 0.752
11 0.8 0.048 0.752
35 0.8 0.048 0.752
4 0.8 0.048 0.752
47 0.8 0.048 0.752
10 0.8 0.048 0.752
26 0.8 0.048 0.752
58 0.8 0.048 0.752
22 0.8 0.048 0.752
3 0.8 0.048 0.752
20 0.8 0.048 0.752
38 0.751988 0.048 0.703988
53 0.747545 0.048 0.699545
3 0.752 0.048 0.704
22 0.752 0.048 0.704
51 0.8 0.048 0.752
31 0.8 0.048 0.752
14 0.733029 0.048 0.685029
40 0.752 0.048 0.704
57 0.612897 0.048 0.564897
38 0.703988 0.048 0.655988
15 0.8 0.048 0.752
20 0.752 0.048 0.704
22 0.704 0.048 0.656
53 0.699545 0.048 0.651545
58 0.752 0.048 0.704
10 0.8 0.048 0.752
47 0.752 0.048 0.704
34 0.8 0.048 0.752
4 0.8 0.048 0.752
55 0.8 0.048 0.752
41 0.8 0.048 0.752
18 0.8 0.048 0.752
37 0.743478 0.048 0.695478
44 0.8 0.048 0.752
4 0.752 0.048 0.704
34 0.752 0.048 0.704
54 0.8 0.048 0.752
19 0.8 0.048 0.752
36 0.8 0.048 0.752
45 0.8 0.048 0.752
48 0.8 0.048 0.752
8 0.8 0.048 0.752
5 0.8 0.048 0.752
9 0.8 0.048 0.752
24 0.8 0.048 0.752
28 0.8 0.048 0.752
59 0.8 0.048 0.752
55 0.8 0.048 0.752
34 0.704 0.048 0.656
17 0.8 0.048 0.752
29 0.8 0.048 0.752
49 0.62449 0.048 0.57649
35 0.8 0.048 0.752
11 0.8 0.048 0.752
23 0.8 0.048 0.752
18 0.8 0.048 0.752
37 0.770236 0.048 0.722236
41 0.8 0.048 0.752
44 0.8 0.048 0.752
60 0.8 0.048 0.752
26 0.8 0.048 0.752
10 0.8 0.048 0.752
47 0.8 0.048 0.752
58 0.8 0.048 0.752
4 0.783686 0.048 0.735686
34 0.733362 0.048 0.685362
55 0.8 0.048 0.752
50 0.8 0.048 0.752
33 0.8 0.048 0.752
27 0.8 0.048 0.752
7 0.8 0.048 0.752
1 0.8 0.048 0.752
25 0.8 0.048 0.752
42 0.8 0.048 0.752
8 0.8 0.048 0.752
52 0.8 0.048 0.752
20 0.8 0.048 0.752
22 0.8 0.048 0.752
38 0.8 0.048 0.752
53 0.8 0.048 0.752
52 0.752 0.048 0.704
42 0.8 0.048 0.752
46 0.8 0.048 0.752
6 0.8 0.048 0.752
33 0.752 0.048 0.704
50 0.8 0.048 0.752
34 0.758882 0.048 0.710882
55 0.8 0.048 0.752
4 0.8 0.048 0.752
34 0.710882 0.048 0.662882
49 0.731183 0.048 0.683183
2 0.8 0.048 0.752
17 0.8 0.048 0.752
29 0.8 0.048 0.752
32 0.798957 0.048 0.750957
5 0.8 0.048 0.752
8 0.8 0.048 0.752
30 0.8 0.048 0.752
11 0.8 0.048 0.752
13 0.8 0.048 0.752
43 0.8 0.048 0.752
1 0.8 0.048 0.752
7 0.8 0.048 0.752
2 0.752 0.048 0.704
32 0.8 0.048 0.752
39 0.784865 0.048 0.736865
39 0.736865 0.048 0.688865
49 0.755325 0.048 0.707325
2 0.704 0.048 0.656
2 0.656 0.16 0.496
32 0.752 0.16 0.592
39 0.688865 0.16 0.528865
39 0.528865 0.016 0.512865
2 0.496 0.016 0.48
39 0.512865 0.048 0.464865
2 0.48 0.048 0.432
21 0.8 0.048 0.752
49 0.707325 0.16 0.547325
27 0.8 0.048 0.752
55 0.8 0.048 0.752
29 0.8 0.048 0.752
17 0.8 0.048 0.752
49 0.547325 0.048 0.499325
53 0.8 0.048 0.752
15 0.8 0.048 0.752
20 0.8 0.048 0.752
38 0.8 0.048 0.752
51 0.8 0.048 0.752
3 0.8 0.048 0.752
40 0.8 0.048 0.752
14 0.8 0.048 0.752
31 0.8 0.048 0.752
57 0.8 0.048 0.752
23 0.8 0.048 0.752
11 0.8 0.048 0.752
35 0.8 0.048 0.752
27 0.8 0.048 0.752
47 0.8 0.048 0.752
26 0.8 0.048 0.752
58 0.8 0.048 0.752
22 0.8 0.048 0.752
3 0.8 0.048 0.752
20 0.8 0.048 0.752
3 0.752 0.048 0.704
22 0.752 0.048 0.704
51 0.8 0.048 0.752
31 0.8 0.048 0.752
14 0.8 0.048 0.752
40 0.752 0.048 0.704
57 0.8 0.048 0.752
38 0.8 0.048 0.752
15 0.8 0.048 0.752
20 0.752 0.048 0.704
53 0.8 0.048 0.752
58 0.752 0.048 0.704
10 0.8 0.048 0.752
26 0.8 0.048 0.752
47 0.752 0.048 0.704
34 0.8 0.048 0.752
4 0.8 0.048 0.752
41 0.8 0.048 0.752
18 0.8 0.048 0.752
37 0.8 0.048 0.752
44 0.8 0.048 0.752
10 0.752 0.048 0.704
58 0.783462 0.048 0.735462
54 0.8 0.048 0.752
19 0.8 0.048 0.752
36 0.8 0.048 0.752
45 0.8 0.048 0.752
48 0.8 0.048 0.752
8 0.8 0.048 0.752
5 0.8 0.048 0.752
9 0.8 0.048 0.752
24 0.8 0.048 0.752
28 0.8 0.048 0.752
59 0.8 0.048 0.752
55 0.8 0.048 0.752
17 0.8 0.048 0.752
29 0.8 0.048 0.752
49 0.651934 0.048 0.603934
35 0.8 0.048 0.752
11 0.8 0.048 0.752
23 0.8 0.048 0.752
18 0.8 0.048 0.752
37 0.8 0.048 0.752
41 0.8 0.048 0.752
44 0.8 0.048 0.752
60 0.8 0.048 0.752
26 0.8 0.048 0.752
47 0.8 0.048 0.752
1 0.8 0.048 0.752
7 0.8 0.048 0.752
50 0.8 0.048 0.752
33 0.8 0.048 0.752
27 0.8 0.048 0.752
7 0.752 0.048 0.704
1 0.752 0.048 0.704
7 0.704 0.048 0.656
7 0.656 0.16 0.496
7 0.496 0.016 0.48
25 0.8 0.048 0.752
42 0.8 0.048 0.752
52 0.8 0.048 0.752
20 0.8 0.048 0.752
22 0.8 0.048 0.752
38 0.8 0.048 0.752
53 0.8 0.048 0.752
52 0.752 0.048 0.704
42 0.8 0.048 0.752
46 0.8 0.048 0.752
6 0.8 0.048 0.752
33 0.752 0.048 0.704
50 0.8 0.048 0.752
1 0.775351 0.048 0.727351
7 0.552892 0.048 0.504892
4 0.8 0.048 0.752
34 0.8 0.048 0.752
49 0.753163 0.048 0.705163
2 0.8 0.048 0.752
2 0.752 0.048 0.704
17 0.8 0.048 0.752
29 0.8 0.048 0.752
32 0.8 0.048 0.752
49 0.705163 0.048 0.657163
49 0.657163 0.16 0.497163
2 0.704 0.16 0.544
2 0.544 0.016 0.528
49 0.497163 0.016 0.481163
2 0.528 0.048 0.48
32 0.752 0.048 0.704
49 0.481163 0.048 0.433163
17 0.752 0.16 0.592
32 0.704 0.16 0.544
19 0.8 0.048 0.752
45 0.8 0.048 0.752
48 0.8 0.048 0.752
54 0.8 0.048 0.752
5 0.8 0.048 0.752
8 0.8 0.048 0.752
30 0.8 0.048 0.752
11 0.8 0.048 0.752
13 0.8 0.048 0.752
43 0.8 0.048 0.752
1 0.8 0.048 0.752
7 0.577597 0.048 0.529597
1 0.752 0.048 0.704
1 0.704 0.16 0.544
1 0.544 0.016 0.528
39 0.8 0.048 0.752
14 0.8 0.048 0.752
21 0.8 0.048 0.752
1 0.528 0.048 0.48
7 0.529597 0.048 0.481597
29 0.8 0.048 0.752
17 0.671537 0.048 0.623537
49 0.508273 0.048 0.460273
53 0.8 0.048 0.752
15 0.8 0.048 0.752
20 0.8 0.048 0.752
22 0.8 0.048 0.752
38 0.8 0.048 0.752
13 0.752 0.048 0.704
30 0.8 0.048 0.752
43 0.8 0.048 0.752
6 0.8 0.048 0.752
46 0.8 0.048 0.752
51 0.8 0.048 0.752
3 0.8 0.048 0.752
40 0.8 0.048 0.752
14 0.8 0.048 0.752
31 0.8 0.048 0.752
57 0.8 0.048 0.752
23 0.8 0.048 0.752
11 0.8 0.048 0.752
35 0.8 0.048 0.752
25 0.8 0.048 0.752
47 0.8 0.048 0.752
10 0.8 0.048 0.752
26 0.8 0.048 0.752
22 0.8 0.048 0.752
3 0.8 0.048 0.752
20 0.8 0.048 0.752
38 0.8 0.048 0.752
3 0.752 0.048 0.704
22 0.752 0.048 0.704
51 0.8 0.048 0.752
31 0.8 0.048 0.752
14 0.8 0.048 0.752
40 0.752 0.048 0.704
57 0.8 0.048 0.752
38 0.752 0.048 0.704
15 0.8 0.048 0.752
20 0.752 0.048 0.704
22 0.704 0.048 0.656
53 0.8 0.048 0.752
58 0.8 0.048 0.752
10 0.8 0.048 0.752
34 0.8 0.048 0.752
4 0.8 0.048 0.752
43 0.8 0.048 0.752
13 0.8 0.048 0.752
30 0.8 0.048 0.752
41 0.8 0.048 0.752
18 0.8 0.048 0.752
37 0.8 0.048 0.752
44 0.8 0.048 0.752
10 0.752 0.048 0.704
47 0.8 0.048 0.752
58 0.8 0.048 0.752
25 0.8 0.048 0.752
46 0.8 0.048 0.752
54 0.8 0.048 0.752
16 0.8 0.048 0.752
19 0.8 0.048 0.752
45 0.8 0.048 0.752
48 0.8 0.048 0.752
8 0.8 0.048 0.752
5 0.8 0.048 0.752
9 0.8 0.048 0.752
28 0.8 0.048 0.752
59 0.8 0.048 0.752
55 0.8 0.048 0.752
17 0.775484 0.048 0.727484
29 0.8 0.048 0.752
49 0.611468 0.048 0.563468
49 0.563468 0.048 0.515468
17 0.727484 0.048 0.679484
17 0.679484 0.16 0.519484
29 0.752 0.16 0.592
49 0.515468 0.16 0.355468
35 0.8 0.048 0.752
11 0.8 0.048 0.752
23 0.8 0.048 0.752
18 0.8 0.048 0.752
37 0.8 0.048 0.752
41 0.8 0.048 0.752
44 0.8 0.048 0.752
60 0.8 0.048 0.752
26 0.8 0.048 0.752
47 0.8 0.048 0.752
6 0.8 0.048 0.752
25 0.8 0.048 0.752
46 0.8 0.048 0.752
50 0.8 0.048 0.752
33 0.8 0.048 0.752
27 0.8 0.048 0.752
25 0.752 0.048 0.704
42 0.8 0.048 0.752
52 0.8 0.048 0.752
20 0.8 0.048 0.752
15 0.8 0.048 0.752
22 0.8 0.048 0.752
38 0.8 0.048 0.752
53 0.8 0.048 0.752
52 0.752 0.048 0.704
42 0.8 0.048 0.752
46 0.8 0.048 0.752
6 0.8 0.048 0.752
46 0.752 0.048 0.704
46 0.704 0.16 0.544
46 0.544 0.016 0.528
33 0.752 0.048 0.704
50 0.8 0.048 0.752
6 0.752 0.048 0.704
46 0.528 0.048 0.48
4 0.8 0.048 0.752
34 0.8 0.048 0.752
2 0.8 0.048 0.752
21 0.8 0.048 0.752
21 0.752 0.048 0.704
32 0.8 0.048 0.752
49 0.507213 0.048 0.459213
2 0.752 0.048 0.704
2 0.704 0.16 0.544
21 0.704 0.16 0.544
21 0.544 0.016 0.528
2 0.544 0.016 0.528
21 0.528 0.048 0.48
2 0.528 0.048 0.48
14 0.8 0.048 0.752
39 0.8 0.048 0.752
32 0.752 0.16 0.592
19 0.8 0.048 0.752
45 0.8 0.048 0.752
48 0.8 0.048 0.752
54 0.8 0.048 0.752
56 0.8 0.048 0.752
37 0.8 0.048 0.752
37 0.752 0.048 0.704
56 0.752 0.048 0.704
56 0.704 0.16 0.544
37 0.704 0.16 0.544
37 0.544 0.016 0.528
56 0.544 0.016 0.528
37 0.528 0.048 0.48
18 0.8 0.048 0.752
41 0.8 0.048 0.752
44 0.8 0.048 0.752
56 0.528 0.048 0.48
5 0.8 0.048 0.752
8 0.8 0.048 0.752
30 0.8 0.048 0.752
11 0.8 0.048 0.752
13 0.8 0.048 0.752
43 0.8 0.048 0.752
39 0.8 0.048 0.752
2 0.48 0.048 0.432
14 0.752 0.048 0.704
21 0.555775 0.048 0.507775
6 0.781058 0.048 0.733058
51 0.8 0.048 0.752
29 0.8 0.048 0.752
17 0.742419 0.048 0.694419
32 0.667157 0.048 0.619157
49 0.5296 0.048 0.4816
53 0.8 0.048 0.752
15 0.8 0.048 0.752
20 0.8 0.048 0.752
38 0.8 0.048 0.752
13 0.752 0.048 0.704
30 0.8 0.048 0.752
43 0.8 0.048 0.752
6 0.8 0.048 0.752
46 0.630653 0.048 0.582653
46 0.582653 0.048 0.534653
6 0.752 0.048 0.704
6 0.704 0.16 0.544
46 0.534653 0.16 0.374653
51 0.8 0.048 0.752
3 0.8 0.048 0.752
51 0.752 0.048 0.704
51 0.704 0.16 0.544
51 0.544 0.016 0.528
40 0.8 0.048 0.752
31 0.8 0.048 0.752
57 0.8 0.048 0.752
23 0.8 0.048 0.752
35 0.8 0.048 0.752
3 0.752 0.048 0.704
51 0.528 0.048 0.48
47 0.8 0.048 0.752
26 0.8 0.048 0.752
58 0.8 0.048 0.752
22 0.8 0.048 0.752
3 0.7836 0.048 0.7356
20 0.8 0.048 0.752
38 0.8 0.048 0.752
22 0.752 0.048 0.704
22 0.704 0.16 0.544
22 0.544 0.016 0.528
3 0.7356 0.048 0.6876
22 0.528 0.048 0.48
51 0.554705 0.048 0.506705
3 0.6876 0.048 0.6396
3 0.6396 0.16 0.4796
3 0.4796 0.016 0.4636
31 0.8 0.048 0.752
14 0.8 0.048 0.752
40 0.752 0.048 0.704
57 0.8 0.048 0.752
38 0.752 0.048 0.704
15 0.8 0.048 0.752
20 0.752 0.048 0.704
22 0.48 0.048 0.432
53 0.8 0.048 0.752
58 0.752 0.048 0.704
10 0.8 0.048 0.752
47 0.752 0.048 0.704
34 0.8 0.048 0.752
4 0.8 0.048 0.752
43 0.8 0.048 0.752
13 0.8 0.048 0.752
30 0.8 0.048 0.752
41 0.8 0.048 0.752
18 0.8 0.048 0.752
37 0.63109 0.048 0.58309
44 0.8 0.048 0.752
60 0.8 0.048 0.752
60 0.752 0.048 0.704
41 0.752 0.048 0.704
41 0.704 0.16 0.544
18 0.752 0.16 0.592
44 0.752 0.16 0.592
60 0.704 0.16 0.544
60 0.544 0.016 0.528
41 0.544 0.016 0.528
60 0.528 0.048 0.48
18 0.592 0.048 0.544
41 0.528 0.048 0.48
44 0.592 0.048 0.544
10 0.752 0.048 0.704
58 0.77445 0.048 0.72645
3 0.4636 0.048 0.4156
20 0.782739 0.048 0.734739
22 0.432 0.048 0.384
51 0.506705 0.048 0.458705
54 0.8 0.048 0.752
19 0.8 0.048 0.752
45 0.8 0.048 0.752
48 0.8 0.048 0.752
8 0.8 0.048 0.752
5 0.8 0.048 0.752
9 0.8 0.048 0.752
28 0.8 0.048 0.752
55 0.8 0.048 0.752
35 0.8 0.048 0.752
11 0.8 0.048 0.752
23 0.8 0.048 0.752
18 0.618361 0.048 0.570361
37 0.65842 0.048 0.61042
41 0.55201 0.048 0.50401
44 0.61629 0.048 0.56829
60 0.551172 0.048 0.503172
59 0.8 0.048 0.752
24 0.8 0.048 0.752
28 0.8 0.048 0.752
26 0.8 0.048 0.752
47 0.8 0.048 0.752
3 0.487918 0.048 0.439918
15 0.8 0.048 0.752
20 0.8 0.048 0.752
22 0.462896 0.048 0.414896
38 0.780965 0.048 0.732965
53 0.8 0.048 0.752
50 0.8 0.048 0.752
33 0.8 0.048 0.752
48 0.8 0.048 0.752
16 0.8 0.048 0.752
19 0.8 0.048 0.752
36 0.8 0.048 0.752
45 0.8 0.048 0.752
54 0.8 0.048 0.752
27 0.8 0.048 0.752
25 0.8 0.048 0.752
42 0.8 0.048 0.752
52 0.8 0.048 0.752
20 0.8 0.048 0.752
15 0.8 0.048 0.752
22 0.493441 0.048 0.445441
38 0.8 0.048 0.752
53 0.8 0.048 0.752
20 0.752 0.048 0.704
20 0.704 0.16 0.544
20 0.544 0.016 0.528
52 0.752 0.048 0.704
42 0.8 0.048 0.752
33 0.752 0.048 0.704
50 0.8 0.048 0.752
15 0.752 0.048 0.704
20 0.528 0.048 0.48
38 0.752 0.048 0.704
53 0.752 0.048 0.704
4 0.8 0.048 0.752
34 0.8 0.048 0.752
36 0.8 0.048 0.752
16 0.8 0.048 0.752
45 0.8 0.048 0.752
48 0.8 0.048 0.752
21 0.8 0.048 0.752
14 0.8 0.048 0.752
39 0.8 0.048 0.752
57 0.8 0.048 0.752
57 0.752 0.048 0.704
21 0.752 0.048 0.704
21 0.704 0.16 0.544
14 0.752 0.16 0.592
39 0.752 0.16 0.592
57 0.704 0.16 0.544
57 0.544 0.016 0.528
21 0.544 0.016 0.528
57 0.528 0.048 0.48
14 0.592 0.048 0.544
21 0.528 0.048 0.48
31 0.8 0.048 0.752
40 0.8 0.048 0.752
19 0.8 0.048 0.752
45 0.752 0.048 0.704
48 0.8 0.048 0.752
54 0.8 0.048 0.752
12 0.8 0.048 0.752
60 0.653152 0.048 0.605152
37 0.758386 0.048 0.710386
18 0.723275 0.048 0.675275
41 0.656111 0.048 0.608111
41 0.608111 0.048 0.560111
44 0.724066 0.048 0.676066
56 0.8 0.048 0.752
37 0.710386 0.048 0.662386
37 0.662386 0.16 0.502386
18 0.675275 0.16 0.515275
41 0.560111 0.16 0.400111
44 0.676066 0.16 0.516066
5 0.8 0.048 0.752
8 0.8 0.048 0.752
30 0.8 0.048 0.752
11 0.8 0.048 0.752
13 0.8 0.048 0.752
43 0.8 0.048 0.752
39 0.669325 0.048 0.621325
2 0.794889 0.048 0.746889
21 0.559299 0.048 0.511299
15 0.779699 0.048 0.731699
26 0.8 0.048 0.752
38 0.781842 0.048 0.733842
47 0.8 0.048 0.752
53 0.779818 0.048 0.731818
45 0.782557 0.048 0.734557
16 0.8 0.048 0.752
19 0.8 0.048 0.752
36 0.8 0.048 0.752
48 0.752 0.048 0.704
54 0.752 0.048 0.704
24 0.8 0.048 0.752
28 0.8 0.048 0.752
59 0.8 0.048 0.752
29 0.8 0.048 0.752
17 0.8 0.048 0.752
32 0.8 0.048 0.752
49 0.8 0.048 0.752
49 0.752 0.048 0.704
29 0.752 0.048 0.704
29 0.704 0.16 0.544
17 0.752 0.16 0.592
32 0.752 0.16 0.592
49 0.704 0.16 0.544
49 0.544 0.016 0.528
29 0.544 0.016 0.528
49 0.528 0.048 0.48
2 0.8 0.048 0.752
2 0.752 0.048 0.704
17 0.592 0.048 0.544
29 0.528 0.048 0.48
32 0.592 0.048 0.544
49 0.48 0.048 0.432
49 0.432 0.16 0.272
2 0.704 0.16 0.544
2 0.544 0.016 0.528
49 0.272 0.016 0.256
2 0.528 0.048 0.48
32 0.544 0.048 0.496
39 0.621325 0.048 0.573325
49 0.256 0.048 0.208
17 0.544 0.16 0.384
32 0.496 0.16 0.336
53 0.731818 0.048 0.683818
15 0.731699 0.048 0.683699
20 0.556009 0.048 0.508009
20 0.508009 0.048 0.460009
38 0.8 0.048 0.752
53 0.683818 0.048 0.635818
53 0.635818 0.16 0.475818
20 0.460009 0.16 0.300009
38 0.752 0.16 0.592
13 0.752 0.048 0.704
30 0.8 0.048 0.752
43 0.8 0.048 0.752
40 0.8 0.048 0.752
14 0.617597 0.048 0.569597
31 0.8 0.048 0.752
57 0.551601 0.048 0.503601
23 0.8 0.048 0.752
11 0.8 0.048 0.752
35 0.8 0.048 0.752
10 0.8 0.048 0.752
26 0.8 0.048 0.752
47 0.8 0.048 0.752
58 0.8 0.048 0.752
47 0.752 0.048 0.704
26 0.752 0.048 0.704
47 0.704 0.048 0.656
47 0.656 0.16 0.496
47 0.496 0.016 0.48
11 0.752 0.048 0.704
23 0.752 0.048 0.704
30 0.8 0.048 0.752
35 0.752 0.048 0.704
31 0.8 0.048 0.752
14 0.640809 0.048 0.592809
40 0.752 0.048 0.704
57 0.578046 0.048 0.530046
28 0.8 0.048 0.752
9 0.8 0.048 0.752
24 0.8 0.048 0.752
59 0.8 0.048 0.752
38 0.664627 0.048 0.616627
15 0.8 0.048 0.752
20 0.374208 0.048 0.326208
22 0.663264 0.048 0.615264
22 0.615264 0.048 0.567264
53 0.54964 0.048 0.50164
38 0.616627 0.048 0.568627
38 0.568627 0.16 0.408627
15 0.752 0.16 0.592
20 0.326208 0.16 0.166208
22 0.567264 0.16 0.407264
53 0.50164 0.16 0.34164
15 0.592 0.048 0.544
26 0.780037 0.048 0.732037
38 0.408627 0.048 0.360627
53 0.421095 0.048 0.373095
58 0.752 0.048 0.704
10 0.8 0.048 0.752
58 0.704 0.048 0.656
58 0.656 0.16 0.496
58 0.496 0.016 0.48
34 0.8 0.048 0.752
4 0.8 0.048 0.752
43 0.8 0.048 0.752
13 0.8 0.048 0.752
60 0.752288 0.048 0.704288
12 0.8 0.048 0.752
18 0.664369 0.048 0.616369
41 0.550778 0.048 0.502778
44 0.664907 0.048 0.616907
10 0.752 0.048 0.704
58 0.552568 0.048 0.504568
10 0.704 0.048 0.656
10 0.656 0.16 0.496
10 0.496 0.016 0.48
10 0.48 0.048 0.432
47 0.553544 0.048 0.505544
52 0.8 0.048 0.752
58 0.504568 0.048 0.456568
54 0.8 0.048 0.752
19 0.8 0.048 0.752
45 0.8 0.048 0.752
48 0.8 0.048 0.752
8 0.8 0.048 0.752
5 0.8 0.048 0.752
9 0.8 0.048 0.752
28 0.752 0.048 0.704
59 0.752 0.048 0.704
55 0.8 0.048 0.752
35 0.777753 0.048 0.729753
11 0.8 0.048 0.752
23 0.783092 0.048 0.735092
18 0.692245 0.048 0.644245
37 0.725056 0.048 0.677056
41 0.577531 0.048 0.529531
44 0.688913 0.048 0.640913
60 0.774493 0.048 0.726493
59 0.783151 0.048 0.735151
9 0.752 0.048 0.704
24 0.8 0.048 0.752
28 0.777138 0.048 0.729138
21 0.731923 0.048 0.683923
14 0.663032 0.048 0.615032
39 0.799841 0.048 0.751841
57 0.601818 0.048 0.553818
26 0.8 0.048 0.752
15 0.623167 0.048 0.575167
47 0.583473 0.048 0.535473
10 0.50906 0.048 0.46106
42 0.8 0.048 0.752
52 0.8 0.048 0.752
58 0.527334 0.048 0.479334
50 0.8 0.048 0.752
33 0.8 0.048 0.752
48 0.8 0.048 0.752
16 0.8 0.048 0.752
19 0.8 0.048 0.752
36 0.8 0.048 0.752
45 0.8 0.048 0.752
54 0.8 0.048 0.752
27 0.8 0.048 0.752
25 0.8 0.048 0.752
42 0.752 0.048 0.704
8 0.8 0.048 0.752
52 0.8 0.048 0.752
42 0.704 0.048 0.656
42 0.656 0.16 0.496
42 0.496 0.016 0.48
52 0.752 0.048 0.704
42 0.553897 0.048 0.505897
58 0.55164 0.048 0.50364
52 0.704 0.048 0.656
52 0.656 0.16 0.496
52 0.496 0.016 0.48
33 0.752 0.048 0.704
50 0.8 0.048 0.752
5 0.8 0.048 0.752
8 0.8 0.048 0.752
42 0.505897 0.048 0.457897
52 0.48 0.048 0.432
4 0.8 0.048 0.752
34 0.8 0.048 0.752
36 0.8 0.048 0.752
16 0.8 0.048 0.752
45 0.8 0.048 0.752
48 0.8 0.048 0.752
57 0.70159 0.048 0.65359
14 0.758402 0.048 0.710402
31 0.8 0.048 0.752
40 0.8 0.048 0.752
19 0.8 0.048 0.752
45 0.752 0.048 0.704
48 0.8 0.048 0.752
54 0.8 0.048 0.752
12 0.8 0.048 0.752
60 0.8 0.048 0.752
5 0.8 0.048 0.752
8 0.752 0.048 0.704
5 0.752 0.048 0.704
5 0.704 0.16 0.544
5 0.544 0.016 0.528
30 0.8 0.048 0.752
11 0.8 0.048 0.752
13 0.8 0.048 0.752
43 0.8 0.048 0.752
39 0.8 0.048 0.752
2 0.783325 0.048 0.735325
14 0.710402 0.048 0.662402
21 0.8 0.048 0.752
5 0.528 0.048 0.48
8 0.781808 0.048 0.733808
12 0.752 0.048 0.704
42 0.537062 0.048 0.489062
45 0.774629 0.048 0.726629
16 0.8 0.048 0.752
19 0.8 0.048 0.752
36 0.8 0.048 0.752
48 0.752 0.048 0.704
54 0.752 0.048 0.704
24 0.8 0.048 0.752
28 0.8 0.048 0.752
59 0.8 0.048 0.752
2 0.8 0.048 0.752
32 0.715547 0.048 0.667547
39 0.752 0.048 0.704
49 0.590498 0.048 0.542498
13 0.752 0.048 0.704
11 0.8 0.048 0.752
30 0.8 0.048 0.752
43 0.8 0.048 0.752
40 0.8 0.048 0.752
31 0.8 0.048 0.752
57 0.728281 0.048 0.680281
23 0.8 0.048 0.752
11 0.752 0.048 0.704
35 0.8 0.048 0.752
5 0.55611 0.048 0.50811
8 0.8 0.048 0.752
12 0.774048 0.048 0.726048
11 0.704 0.048 0.656
13 0.775775 0.048 0.727775
23 0.752 0.048 0.704
30 0.8 0.048 0.752
35 0.752 0.048 0.704
16 0.8 0.048 0.752
36 0.8 0.048 0.752
48 0.779937 0.048 0.731937
31 0.8 0.048 0.752
14 0.8 0.048 0.752
40 0.752 0.048 0.704
57 0.755568 0.048 0.707568
28 0.8 0.048 0.752
9 0.8 0.048 0.752
24 0.8 0.048 0.752
59 0.8 0.048 0.752
15 0.8 0.048 0.752
26 0.8 0.048 0.752
38 0.74838 0.048 0.70038
47 0.771742 0.048 0.723742
53 0.744869 0.048 0.696869
34 0.8 0.048 0.752
4 0.8 0.048 0.752
43 0.8 0.048 0.752
13 0.8 0.048 0.752
30 0.752 0.048 0.704
60 0.8 0.048 0.752
12 0.8 0.048 0.752
18 0.8 0.048 0.752
44 0.8 0.048 0.752
60 0.752 0.048 0.704
60 0.704 0.16 0.544
60 0.544 0.016 0.528
12 0.752 0.048 0.704
18 0.752 0.048 0.704
44 0.752 0.048 0.704
60 0.528 0.048 0.48
54 0.8 0.048 0.752
19 0.8 0.048 0.752
45 0.8 0.048 0.752
48 0.8 0.048 0.752
8 0.8 0.048 0.752
5 0.658965 0.048 0.610965
42 0.646198 0.048 0.598198
42 0.598198 0.048 0.550198
8 0.752 0.048 0.704
8 0.704 0.16 0.544
5 0.610965 0.16 0.450965
42 0.550198 0.16 0.390198
9 0.8 0.048 0.752
28 0.752 0.048 0.704
59 0.752 0.048 0.704
55 0.8 0.048 0.752
35 0.775081 0.048 0.727081
11 0.8 0.048 0.752
23 0.779678 0.048 0.731678
18 0.776556 0.048 0.728556
37 0.8 0.048 0.752
41 0.8 0.048 0.752
41 0.752 0.048 0.704
44 0.77814 0.048 0.73014
60 0.556285 0.048 0.508285
18 0.728556 0.096 0.632556
18 0.632556 0.16 0.472556
18 0.472556 0.016 0.456556
59 0.779503 0.048 0.731503
9 0.752 0.048 0.704
24 0.8 0.048 0.752
28 0.774946 0.048 0.726946
21 0.8 0.048 0.752
14 0.8 0.048 0.752
39 0.8 0.048 0.752
57 0.786155 0.048 0.738155
26 0.8 0.048 0.752
15 0.8 0.048 0.752
47 0.8 0.048 0.752
18 0.456556 0.048 0.408556
37 0.752 0.048 0.704
41 0.704 0.048 0.656
44 0.73014 0.048 0.68214
60 0.508285 0.048 0.460285
50 0.8 0.048 0.752
33 0.8 0.048 0.752
48 0.8 0.048 0.752
16 0.8 0.048 0.752
19 0.8 0.048 0.752
36 0.8 0.048 0.752
45 0.8 0.048 0.752
54 0.8 0.048 0.752
27 0.8 0.048 0.752
25 0.8 0.048 0.752
33 0.752 0.048 0.704
50 0.8 0.048 0.752
18 0.487422 0.048 0.439422
37 0.77518 0.048 0.72718
41 0.726024 0.048 0.678024
44 0.75223 0.048 0.70423
56 0.8 0.048 0.752
4 0.8 0.048 0.752
34 0.8 0.048 0.752
36 0.8 0.048 0.752
16 0.8 0.048 0.752
45 0.8 0.048 0.752
48 0.8 0.048 0.752
54 0.8 0.048 0.752
57 0.8 0.048 0.752
14 0.8 0.048 0.752
21 0.8 0.048 0.752
31 0.8 0.048 0.752
40 0.8 0.048 0.752
19 0.8 0.048 0.752
45 0.752 0.048 0.704
48 0.8 0.048 0.752
54 0.8 0.048 0.752
12 0.8 0.048 0.752
60 0.607975 0.048 0.559975
30 0.8 0.048 0.752
11 0.8 0.048 0.752
13 0.8 0.048 0.752
43 0.8 0.048 0.752
39 0.8 0.048 0.752
2 0.8 0.048 0.752
14 0.752 0.048 0.704
21 0.8 0.048 0.752
37 0.8 0.048 0.752
41 0.750929 0.048 0.702929
56 0.8 0.048 0.752
45 0.774627 0.048 0.726627
16 0.8 0.048 0.752
19 0.8 0.048 0.752
36 0.8 0.048 0.752
48 0.752 0.048 0.704
54 0.752 0.048 0.704
24 0.8 0.048 0.752
28 0.8 0.048 0.752
59 0.8 0.048 0.752
2 0.8 0.048 0.752
32 0.8 0.048 0.752
39 0.752 0.048 0.704
49 0.8 0.048 0.752
13 0.752 0.048 0.704
11 0.8 0.048 0.752
30 0.8 0.048 0.752
43 0.8 0.048 0.752
40 0.8 0.048 0.752
31 0.8 0.048 0.752
57 0.8 0.048 0.752
23 0.8 0.048 0.752
35 0.8 0.048 0.752
56 0.8 0.048 0.752
11 0.752 0.048 0.704
13 0.77807 0.048 0.73007
30 0.8 0.048 0.752
35 0.752 0.048 0.704
16 0.8 0.048 0.752
36 0.8 0.048 0.752
45 0.8 0.048 0.752
48 0.777285 0.048 0.729285
54 0.783567 0.048 0.735567
31 0.8 0.048 0.752
40 0.752 0.048 0.704
57 0.8 0.048 0.752
28 0.8 0.048 0.752
9 0.8 0.048 0.752
24 0.8 0.048 0.752
59 0.8 0.048 0.752
15 0.8 0.048 0.752
26 0.8 0.048 0.752
38 0.8 0.048 0.752
47 0.8 0.048 0.752
53 0.8 0.048 0.752
34 0.8 0.048 0.752
4 0.8 0.048 0.752
43 0.8 0.048 0.752
13 0.8 0.048 0.752
30 0.752 0.048 0.704
23 0.8 0.048 0.752
35 0.777698 0.048 0.729698
54 0.8 0.048 0.752
16 0.8 0.048 0.752
19 0.8 0.048 0.752
36 0.8 0.048 0.752
45 0.8 0.048 0.752
48 0.8 0.048 0.752
9 0.8 0.048 0.752
24 0.8 0.048 0.752
28 0.752 0.048 0.704
59 0.752 0.048 0.704
55 0.8 0.048 0.752
35 0.729698 0.048 0.681698
11 0.8 0.048 0.752
23 0.752 0.048 0.704
35 0.681698 0.048 0.633698
35 0.633698 0.16 0.473698
35 0.473698 0.016 0.457698
59 0.777041 0.048 0.729041
9 0.752 0.048 0.704
24 0.752 0.048 0.704
28 0.780077 0.048 0.732077
21 0.8 0.048 0.752
14 0.8 0.048 0.752
39 0.8 0.048 0.752
26 0.8 0.048 0.752
15 0.8 0.048 0.752
47 0.8 0.048 0.752
11 0.752 0.048 0.704
23 0.775891 0.048 0.727891
35 0.534631 0.048 0.486631
50 0.8 0.048 0.752
33 0.8 0.048 0.752
48 0.8 0.048 0.752
16 0.8 0.048 0.752
19 0.8 0.048 0.752
36 0.8 0.048 0.752
45 0.8 0.048 0.752
54 0.8 0.048 0.752
27 0.8 0.048 0.752
25 0.8 0.048 0.752
33 0.752 0.048 0.704
50 0.8 0.048 0.752
11 0.780897 0.048 0.732897
13 0.8 0.048 0.752
30 0.8 0.048 0.752
35 0.55813 0.048 0.51013
43 0.8 0.048 0.752
4 0.8 0.048 0.752
34 0.8 0.048 0.752
36 0.8 0.048 0.752
16 0.8 0.048 0.752
45 0.8 0.048 0.752
48 0.8 0.048 0.752
54 0.8 0.048 0.752
57 0.8 0.048 0.752
14 0.8 0.048 0.752
31 0.8 0.048 0.752
40 0.8 0.048 0.752
19 0.8 0.048 0.752
45 0.752 0.048 0.704
48 0.8 0.048 0.752
54 0.8 0.048 0.752
12 0.8 0.048 0.752
60 0.8 0.048 0.752
30 0.8 0.048 0.752
11 0.8 0.048 0.752
13 0.8 0.048 0.752
35 0.51013 0.048 0.46213
43 0.8 0.048 0.752
30 0.752 0.048 0.704
30 0.704 0.16 0.544
30 0.544 0.016 0.528
39 0.8 0.048 0.752
2 0.8 0.048 0.752
14 0.752 0.048 0.704
21 0.8 0.048 0.752
13 0.752 0.048 0.704
30 0.528 0.048 0.48
43 0.752 0.048 0.704
45 0.775651 0.048 0.727651
16 0.8 0.048 0.752
19 0.8 0.048 0.752
36 0.8 0.048 0.752
48 0.752 0.048 0.704
54 0.752 0.048 0.704
24 0.8 0.048 0.752
28 0.8 0.048 0.752
59 0.8 0.048 0.752
2 0.8 0.048 0.752
32 0.8 0.048 0.752
39 0.752 0.048 0.704
49 0.8 0.048 0.752
13 0.704 0.048 0.656
11 0.8 0.048 0.752
30 0.557765 0.048 0.509765
43 0.776595 0.048 0.728595
13 0.656 0.048 0.608
13 0.608 0.16 0.448
13 0.448 0.016 0.432
40 0.8 0.048 0.752
31 0.8 0.048 0.752
57 0.8 0.048 0.752
23 0.8 0.048 0.752
35 0.612303 0.048 0.564303
19 0.8 0.048 0.752
43 0.728595 0.048 0.680595
45 0.799865 0.048 0.751865
48 0.778525 0.048 0.730525
54 0.777891 0.048 0.729891
11 0.752 0.048 0.704
30 0.587184 0.048 0.539184
35 0.564303 0.048 0.516303
16 0.8 0.048 0.752
36 0.8 0.048 0.752
45 0.751865 0.048 0.703865
48 0.730525 0.048 0.682525
54 0.729891 0.048 0.681891
31 0.8 0.048 0.752
40 0.752 0.048 0.704
57 0.8 0.048 0.752
28 0.8 0.048 0.752
9 0.8 0.048 0.752
24 0.8 0.048 0.752
59 0.8 0.048 0.752
15 0.8 0.048 0.752
26 0.8 0.048 0.752
38 0.8 0.048 0.752
47 0.8 0.048 0.752
53 0.8 0.048 0.752
34 0.8 0.048 0.752
4 0.8 0.048 0.752
43 0.752478 0.048 0.704478
13 0.582722 0.048 0.534722
13 0.534722 0.048 0.486722
30 0.539184 0.048 0.491184
43 0.704478 0.048 0.656478
43 0.656478 0.16 0.496478
13 0.486722 0.16 0.326722
30 0.491184 0.16 0.331184
16 0.8 0.048 0.752
19 0.8 0.048 0.752
36 0.8 0.048 0.752
45 0.778584 0.048 0.730584
48 0.759575 0.048 0.711575
54 0.754716 0.048 0.706716
54 0.706716 0.048 0.658716
16 0.752 0.048 0.704
19 0.752 0.048 0.704
45 0.730584 0.048 0.682584
48 0.711575 0.048 0.663575
54 0.658716 0.048 0.610716
54 0.610716 0.16 0.450716
54 0.450716 0.016 0.434716
9 0.8 0.048 0.752
24 0.8 0.048 0.752
28 0.752 0.048 0.704
59 0.752 0.048 0.704
55 0.8 0.048 0.752
59 0.775621 0.048 0.727621
9 0.752 0.048 0.704
24 0.752 0.048 0.704
28 0.776252 0.048 0.728252
21 0.8 0.048 0.752
14 0.8 0.048 0.752
39 0.8 0.048 0.752
26 0.8 0.048 0.752
15 0.8 0.048 0.752
47 0.8 0.048 0.752
16 0.778601 0.048 0.730601
19 0.777511 0.048 0.729511
36 0.8 0.048 0.752
45 0.757009 0.048 0.709009
48 0.742177 0.048 0.694177
54 0.50953 0.048 0.46153
50 0.8 0.048 0.752
33 0.8 0.048 0.752
48 0.694177 0.048 0.646177
16 0.730601 0.048 0.682601
19 0.729511 0.048 0.681511
36 0.752 0.048 0.704
45 0.709009 0.048 0.661009
54 0.46153 0.048 0.41353
48 0.646177 0.048 0.598177
48 0.598177 0.16 0.438177
48 0.438177 0.016 0.422177
27 0.8 0.048 0.752
25 0.8 0.048 0.752
33 0.752 0.048 0.704
50 0.8 0.048 0.752
33 0.704 0.048 0.656
33 0.656 0.16 0.496
33 0.496 0.016 0.48
16 0.762342 0.048 0.714342
33 0.554821 0.048 0.506821
36 0.780295 0.048 0.732295
50 0.752 0.048 0.704
4 0.8 0.048 0.752
34 0.8 0.048 0.752
36 0.732295 0.048 0.684295
16 0.714342 0.048 0.666342
45 0.732816 0.048 0.684816
48 0.496389 0.048 0.448389
50 0.704 0.048 0.656
36 0.684295 0.048 0.636295
36 0.636295 0.16 0.476295
36 0.476295 0.016 0.460295
57 0.8 0.048 0.752
14 0.8 0.048 0.752
31 0.8 0.048 0.752
40 0.8 0.048 0.752
19 0.754452 0.048 0.706452
45 0.684816 0.048 0.636816
48 0.525169 0.048 0.477169
54 0.558621 0.048 0.510621
12 0.8 0.048 0.752
60 0.8 0.048 0.752
46 0.8 0.048 0.752
6 0.8 0.048 0.752
39 0.8 0.048 0.752
2 0.8 0.048 0.752
21 0.8 0.048 0.752
33 0.582859 0.048 0.534859
50 0.734108 0.048 0.686108
45 0.712888 0.048 0.664888
16 0.738625 0.048 0.690625
19 0.78184 0.048 0.73384
36 0.533487 0.048 0.485487
48 0.477169 0.048 0.429169
54 0.510621 0.048 0.462621
24 0.8 0.048 0.752
9 0.8 0.048 0.752
28 0.8 0.048 0.752
59 0.8 0.048 0.752
2 0.8 0.048 0.752
32 0.8 0.048 0.752
39 0.752 0.048 0.704
49 0.8 0.048 0.752
40 0.8 0.048 0.752
31 0.8 0.048 0.752
57 0.8 0.048 0.752
23 0.8 0.048 0.752
35 0.8 0.048 0.752
33 0.613961 0.048 0.565961
50 0.763494 0.048 0.715494
56 0.8 0.048 0.752
37 0.8 0.048 0.752
11 0.8 0.048 0.752
13 0.618672 0.048 0.570672
30 0.704405 0.048 0.656405
35 0.752 0.048 0.704
16 0.763962 0.048 0.715962
36 0.560146 0.048 0.512146
45 0.737631 0.048 0.689631
48 0.509107 0.048 0.461107
54 0.539154 0.048 0.491154
31 0.8 0.048 0.752
40 0.752 0.048 0.704
57 0.8 0.048 0.752
28 0.8 0.048 0.752
9 0.8 0.048 0.752
24 0.8 0.048 0.752
59 0.8 0.048 0.752
15 0.8 0.048 0.752
26 0.8 0.048 0.752
38 0.8 0.048 0.752
53 0.8 0.048 0.752
34 0.8 0.048 0.752
4 0.8 0.048 0.752
9 0.8 0.048 0.752
28 0.752 0.048 0.704
9 0.752 0.048 0.704
24 0.8 0.048 0.752
28 0.704 0.048 0.656
59 0.752 0.048 0.704
9 0.704 0.048 0.656
9 0.656 0.16 0.496
9 0.496 0.016 0.48
55 0.8 0.048 0.752
49 0.8 0.048 0.752
2 0.8 0.048 0.752
32 0.8 0.048 0.752
59 0.781781 0.048 0.733781
9 0.48 0.048 0.432
24 0.752 0.048 0.704
28 0.727636 0.048 0.679636
59 0.733781 0.048 0.685781
59 0.685781 0.16 0.525781
59 0.525781 0.016 0.509781
21 0.8 0.048 0.752
14 0.8 0.048 0.752
39 0.8 0.048 0.752
57 0.8 0.048 0.752
26 0.8 0.048 0.752
15 0.8 0.048 0.752
47 0.8 0.048 0.752
9 0.506746 0.048 0.458746
24 0.783311 0.048 0.735311
28 0.679636 0.048 0.631636
59 0.509781 0.048 0.461781
50 0.8 0.048 0.752
33 0.712318 0.048 0.664318
27 0.8 0.048 0.752
25 0.8 0.048 0.752
9 0.530728 0.048 0.482728
24 0.8 0.048 0.752
28 0.704486 0.048 0.656486
59 0.533296 0.048 0.485296
4 0.8 0.048 0.752
34 0.8 0.048 0.752
57 0.8 0.048 0.752
14 0.8 0.048 0.752
31 0.8 0.048 0.752
40 0.8 0.048 0.752
7 0.8 0.048 0.752
1 0.8 0.048 0.752
19 0.8 0.048 0.752
45 0.8 0.048 0.752
48 0.76363 0.048 0.71563
54 0.777609 0.048 0.729609
12 0.8 0.048 0.752
60 0.8 0.048 0.752
46 0.8 0.048 0.752
6 0.8 0.048 0.752
39 0.8 0.048 0.752
2 0.8 0.048 0.752
14 0.752 0.048 0.704
21 0.8 0.048 0.752
24 0.8 0.048 0.752
31 0.752 0.048 0.704
40 0.8 0.048 0.752
59 0.562966 0.048 0.514966
45 0.8 0.048 0.752
16 0.8 0.048 0.752
19 0.8 0.048 0.752
36 0.8 0.048 0.752
48 0.71563 0.048 0.66763
54 0.729609 0.048 0.681609
24 0.752 0.048 0.704
28 0.733726 0.048 0.685726
59 0.514966 0.048 0.466966
24 0.704 0.048 0.656
24 0.656 0.16 0.496
24 0.496 0.016 0.48
2 0.8 0.048 0.752
32 0.8 0.048 0.752
39 0.752 0.048 0.704
49 0.8 0.048 0.752
42 0.8 0.048 0.752
5 0.8 0.048 0.752
8 0.8 0.048 0.752
52 0.8 0.048 0.752
52 0.752 0.048 0.704
42 0.752 0.048 0.704
42 0.704 0.16 0.544
5 0.752 0.16 0.592
8 0.752 0.16 0.592
52 0.704 0.16 0.544
52 0.544 0.016 0.528
42 0.544 0.016 0.528
52 0.528 0.048 0.48
42 0.528 0.048 0.48
58 0.8 0.048 0.752
58 0.752 0.048 0.704
52 0.48 0.048 0.432
52 0.432 0.16 0.272
58 0.704 0.16 0.544
58 0.544 0.016 0.528
52 0.272 0.016 0.256
58 0.528 0.048 0.48
10 0.8 0.048 0.752
52 0.256 0.048 0.208
40 0.8 0.048 0.752
31 0.780863 0.048 0.732863
57 0.8 0.048 0.752
40 0.752 0.048 0.704
40 0.704 0.16 0.544
40 0.544 0.016 0.528
23 0.8 0.048 0.752
35 0.8 0.048 0.752
31 0.732863 0.048 0.684863
40 0.528 0.048 0.48
57 0.752 0.048 0.704
56 0.8 0.048 0.752
37 0.8 0.048 0.752
11 0.8 0.048 0.752
13 0.8 0.048 0.752
30 0.8 0.048 0.752
35 0.752 0.048 0.704
16 0.8 0.048 0.752
36 0.8 0.048 0.752
45 0.8 0.048 0.752
48 0.741747 0.048 0.693747
48 0.693747 0.048 0.645747
16 0.752 0.048 0.704
16 0.704 0.16 0.544
36 0.752 0.16 0.592
45 0.752 0.16 0.592
48 0.645747 0.16 0.485747
31 0.757265 0.048 0.709265
40 0.48 0.048 0.432
57 0.776249 0.048 0.728249
31 0.709265 0.048 0.661265
31 0.661265 0.16 0.501265
31 0.501265 0.016 0.485265
28 0.8 0.048 0.752
9 0.636897 0.048 0.588897
24 0.559959 0.048 0.511959
59 0.623298 0.048 0.575298
15 0.8 0.048 0.752
20 0.8 0.048 0.752
20 0.752 0.048 0.704
26 0.8 0.048 0.752
38 0.8 0.048 0.752
47 0.8 0.048 0.752
53 0.8 0.048 0.752
15 0.752 0.048 0.704
15 0.704 0.16 0.544
20 0.704 0.16 0.544
20 0.544 0.016 0.528
15 0.544 0.016 0.528
20 0.528 0.048 0.48
15 0.528 0.048 0.48
22 0.8 0.048 0.752
22 0.752 0.048 0.704
38 0.752 0.048 0.704
53 0.752 0.048 0.704
20 0.48 0.048 0.432
20 0.432 0.16 0.272
26 0.752 0.16 0.592
38 0.704 0.16 0.544
47 0.752 0.16 0.592
53 0.704 0.16 0.544
22 0.704 0.16 0.544
22 0.544 0.016 0.528
20 0.272 0.016 0.256
22 0.528 0.048 0.48
3 0.8 0.048 0.752
20 0.256 0.048 0.208
38 0.544 0.048 0.496
38 0.496 0.16 0.336
53 0.544 0.16 0.384
34 0.8 0.048 0.752
4 0.8 0.048 0.752
14 0.8 0.048 0.752
21 0.8 0.048 0.752
31 0.485265 0.048 0.437265
40 0.506415 0.048 0.458415
57 0.728249 0.048 0.680249
55 0.8 0.048 0.752
49 0.8 0.048 0.752
2 0.8 0.048 0.752
32 0.8 0.048 0.752
60 0.8 0.048 0.752
12 0.8 0.048 0.752
18 0.8 0.048 0.752
37 0.8 0.048 0.752
41 0.8 0.048 0.752
44 0.8 0.048 0.752
21 0.8 0.048 0.752
2 0.752 0.048 0.704
14 0.8 0.048 0.752
39 0.8 0.048 0.752
21 0.752 0.048 0.704
21 0.704 0.16 0.544
21 0.544 0.016 0.528
26 0.666537 0.048 0.618537
15 0.550512 0.048 0.502512
15 0.502512 0.048 0.454512
47 0.746274 0.048 0.698274
26 0.618537 0.048 0.570537
26 0.570537 0.16 0.410537
15 0.454512 0.16 0.294512
47 0.698274 0.16 0.538274
14 0.752 0.048 0.704
21 0.528 0.048 0.48
39 0.752 0.048 0.704
57 0.758157 0.048 0.710157
50 0.8 0.048 0.752
33 0.8 0.048 0.752
27 0.8 0.048 0.752
25 0.8 0.048 0.752
2 0.781019 0.048 0.733019
14 0.779574 0.048 0.731574
21 0.558285 0.048 0.510285
39 0.774922 0.048 0.726922
49 0.8 0.048 0.752
4 0.8 0.048 0.752
34 0.8 0.048 0.752
57 0.8 0.048 0.752
14 0.8 0.048 0.752
31 0.656852 0.048 0.608852
31 0.608852 0.048 0.560852
40 0.613726 0.048 0.565726
40 0.565726 0.048 0.517726
57 0.752 0.096 0.656
57 0.656 0.16 0.496
14 0.752 0.16 0.592
31 0.560852 0.16 0.400852
40 0.517726 0.16 0.357726
7 0.8 0.048 0.752
1 0.8 0.048 0.752
19 0.8 0.048 0.752
45 0.8 0.048 0.752
48 0.791107 0.048 0.743107
54 0.8 0.048 0.752
12 0.8 0.048 0.752
60 0.8 0.048 0.752
46 0.8 0.048 0.752
6 0.8 0.048 0.752
39 0.8 0.048 0.752
2 0.8 0.048 0.752
14 0.592 0.048 0.544
21 0.588452 0.048 0.540452
49 0.8 0.048 0.752
2 0.752 0.048 0.704
17 0.8 0.048 0.752
29 0.8 0.048 0.752
32 0.8 0.048 0.752
39 0.752 0.048 0.704
49 0.752 0.048 0.704
45 0.8 0.048 0.752
16 0.8 0.048 0.752
19 0.8 0.048 0.752
36 0.8 0.048 0.752
48 0.743107 0.048 0.695107
54 0.752 0.048 0.704
2 0.774936 0.048 0.726936
39 0.704 0.048 0.656
49 0.704 0.048 0.656
2 0.726936 0.048 0.678936
2 0.678936 0.16 0.518936
2 0.518936 0.016 0.502936
58 0.8 0.048 0.752
10 0.8 0.048 0.752
52 0.578444 0.048 0.530444
23 0.8 0.048 0.752
35 0.8 0.048 0.752
17 0.8 0.048 0.752
29 0.8 0.048 0.752
32 0.8 0.048 0.752
49 0.730661 0.048 0.682661
56 0.8 0.048 0.752
37 0.8 0.048 0.752
11 0.8 0.048 0.752
30 0.8 0.048 0.752
35 0.752 0.048 0.704
28 0.8 0.048 0.752
9 0.8 0.048 0.752
24 0.8 0.048 0.752
59 0.8 0.048 0.752
22 0.8 0.048 0.752
3 0.8 0.048 0.752
20 0.574044 0.048 0.526044
34 0.8 0.048 0.752
4 0.8 0.048 0.752
17 0.8 0.048 0.752
29 0.8 0.048 0.752
55 0.8 0.048 0.752
49 0.761179 0.048 0.713179
2 0.656761 0.048 0.608761
2 0.608761 0.048 0.560761
32 0.8 0.048 0.752
49 0.713179 0.048 0.665179
49 0.665179 0.16 0.505179
2 0.560761 0.16 0.400761
32 0.752 0.16 0.592
60 0.8 0.048 0.752
12 0.8 0.048 0.752
18 0.8 0.048 0.752
37 0.8 0.048 0.752
41 0.8 0.048 0.752
44 0.8 0.048 0.752
50 0.8 0.048 0.752
33 0.8 0.048 0.752
27 0.8 0.048 0.752
25 0.8 0.048 0.752
4 0.8 0.048 0.752
34 0.8 0.048 0.752
4 0.8 0.048 0.752
34 0.752 0.048 0.704
4 0.752 0.048 0.704
4 0.704 0.16 0.544
4 0.544 0.016 0.528
7 0.8 0.048 0.752
1 0.8 0.048 0.752
19 0.8 0.048 0.752
45 0.8 0.048 0.752
48 0.8 0.048 0.752
54 0.8 0.048 0.752
12 0.8 0.048 0.752
60 0.8 0.048 0.752
46 0.8 0.048 0.752
6 0.8 0.048 0.752
39 0.8 0.048 0.752
2 0.554659 0.048 0.506659
21 0.8 0.048 0.752
21 0.752 0.048 0.704
39 0.752 0.048 0.704
39 0.704 0.16 0.544
21 0.704 0.16 0.544
21 0.544 0.016 0.528
39 0.544 0.016 0.528
21 0.528 0.048 0.48
14 0.8 0.048 0.752
39 0.528 0.048 0.48
4 0.528 0.048 0.48
34 0.78097 0.048 0.73297
45 0.8 0.048 0.752
16 0.8 0.048 0.752
19 0.8 0.048 0.752
36 0.8 0.048 0.752
48 0.752 0.048 0.704
54 0.752 0.048 0.704
58 0.8 0.048 0.752
10 0.8 0.048 0.752
52 0.8 0.048 0.752
23 0.8 0.048 0.752
35 0.8 0.048 0.752
34 0.8 0.048 0.752
55 0.8 0.048 0.752
56 0.8 0.048 0.752
37 0.8 0.048 0.752
41 0.8 0.048 0.752
41 0.752 0.048 0.704
56 0.752 0.048 0.704
56 0.704 0.16 0.544
37 0.752 0.16 0.592
41 0.704 0.16 0.544
41 0.544 0.016 0.528
56 0.544 0.016 0.528
41 0.528 0.048 0.48
18 0.8 0.048 0.752
18 0.752 0.048 0.704
37 0.592 0.048 0.544
44 0.8 0.048 0.752
56 0.528 0.048 0.48
60 0.8 0.048 0.752
41 0.48 0.048 0.432
41 0.432 0.16 0.272
18 0.704 0.16 0.544
18 0.544 0.016 0.528
41 0.272 0.016 0.256
18 0.528 0.048 0.48
37 0.544 0.048 0.496
41 0.256 0.048 0.208
44 0.752 0.048 0.704
60 0.752 0.048 0.704
37 0.496 0.16 0.336
44 0.704 0.16 0.544
60 0.704 0.16 0.544
11 0.8 0.048 0.752
30 0.8 0.048 0.752
35 0.752 0.048 0.704
28 0.8 0.048 0.752
9 0.8 0.048 0.752
24 0.8 0.048 0.752
59 0.8 0.048 0.752
22 0.8 0.048 0.752
3 0.8 0.048 0.752
20 0.8 0.048 0.752
38 0.8 0.048 0.752
34 0.8 0.048 0.752
4 0.629121 0.048 0.581121
4 0.581121 0.048 0.533121
34 0.752 0.048 0.704
34 0.704 0.16 0.544
4 0.533121 0.16 0.373121
27 0.8 0.048 0.752
55 0.8 0.048 0.752
55 0.752 0.048 0.704
55 0.704 0.048 0.656
55 0.656 0.16 0.496
55 0.496 0.016 0.48
60 0.623372 0.048 0.575372
12 0.8 0.048 0.752
18 0.629859 0.048 0.581859
37 0.408143 0.048 0.360143
41 0.281516 0.048 0.233516
44 0.694654 0.048 0.646654
27 0.8 0.048 0.752
50 0.8 0.048 0.752
33 0.8 0.048 0.752
27 0.8 0.048 0.752
27 0.752 0.048 0.704
27 0.704 0.16 0.544
27 0.544 0.016 0.528
25 0.8 0.048 0.752
27 0.528 0.048 0.48
7 0.8 0.048 0.752
1 0.8 0.048 0.752
19 0.8 0.048 0.752
45 0.8 0.048 0.752
48 0.8 0.048 0.752
54 0.8 0.048 0.752
12 0.8 0.048 0.752
60 0.726752 0.048 0.678752
46 0.8 0.048 0.752
6 0.8 0.048 0.752
21 0.8 0.048 0.752
2 0.8 0.048 0.752
14 0.8 0.048 0.752
39 0.8 0.048 0.752
7 0.8 0.048 0.752
45 0.8 0.048 0.752
16 0.8 0.048 0.752
36 0.8 0.048 0.752
48 0.752 0.048 0.704
54 0.752 0.048 0.704
58 0.8 0.048 0.752
10 0.8 0.048 0.752
52 0.8 0.048 0.752
23 0.8 0.048 0.752
35 0.8 0.048 0.752
1 0.8 0.048 0.752
7 0.8 0.048 0.752
18 0.8 0.048 0.752
37 0.66544 0.048 0.61744
41 0.527209 0.048 0.479209
44 0.8 0.048 0.752
60 0.8 0.048 0.752
11 0.8 0.048 0.752
13 0.8 0.048 0.752
30 0.8 0.048 0.752
35 0.752 0.048 0.704
28 0.8 0.048 0.752
9 0.8 0.048 0.752
24 0.8 0.048 0.752
59 0.8 0.048 0.752
22 0.8 0.048 0.752
3 0.8 0.048 0.752
20 0.8 0.048 0.752
1 0.8 0.048 0.752
7 0.8 0.048 0.752
60 0.8 0.048 0.752
12 0.8 0.048 0.752
18 0.8 0.048 0.752
37 0.690718 0.048 0.642718
41 0.55472 0.048 0.50672
44 0.8 0.048 0.752
1 0.8 0.048 0.752
25 0.8 0.048 0.752
50 0.8 0.048 0.752
33 0.8 0.048 0.752
25 0.752 0.048 0.704
25 0.704 0.048 0.656
25 0.656 0.16 0.496
25 0.496 0.016 0.48
25 0.557794 0.048 0.509794
7 0.8 0.048 0.752
1 0.8 0.048 0.752
19 0.8 0.048 0.752
45 0.8 0.048 0.752
48 0.8 0.048 0.752
54 0.8 0.048 0.752
12 0.8 0.048 0.752
60 0.8 0.048 0.752
46 0.8 0.048 0.752
6 0.8 0.048 0.752
21 0.8 0.048 0.752
2 0.8 0.048 0.752
14 0.8 0.048 0.752
39 0.8 0.048 0.752
6 0.752 0.048 0.704
25 0.584946 0.048 0.536946
46 0.752 0.048 0.704
45 0.8 0.048 0.752
16 0.8 0.048 0.752
19 0.8 0.048 0.752
36 0.8 0.048 0.752
48 0.752 0.048 0.704
54 0.752 0.048 0.704
58 0.8 0.048 0.752
10 0.8 0.048 0.752
52 0.8 0.048 0.752
23 0.8 0.048 0.752
35 0.8 0.048 0.752
6 0.776176 0.048 0.728176
46 0.779203 0.048 0.731203
18 0.8 0.048 0.752
37 0.8 0.048 0.752
41 0.8 0.048 0.752
44 0.8 0.048 0.752
60 0.8 0.048 0.752
11 0.8 0.048 0.752
13 0.8 0.048 0.752
30 0.8 0.048 0.752
35 0.752 0.048 0.704
28 0.8 0.048 0.752
9 0.8 0.048 0.752
24 0.8 0.048 0.752
59 0.8 0.048 0.752
22 0.8 0.048 0.752
3 0.8 0.048 0.752
20 0.8 0.048 0.752
6 0.8 0.048 0.752
46 0.8 0.048 0.752
60 0.8 0.048 0.752
12 0.8 0.048 0.752
18 0.8 0.048 0.752
37 0.8 0.048 0.752
41 0.8 0.048 0.752
44 0.8 0.048 0.752
3 0.8 0.048 0.752
51 0.8 0.048 0.752
50 0.8 0.048 0.752
33 0.8 0.048 0.752
3 0.8 0.048 0.752
22 0.8 0.048 0.752
51 0.8 0.048 0.752
7 0.8 0.048 0.752
1 0.8 0.048 0.752
19 0.8 0.048 0.752
45 0.8 0.048 0.752
48 0.8 0.048 0.752
54 0.8 0.048 0.752
12 0.8 0.048 0.752
60 0.8 0.048 0.752
46 0.8 0.048 0.752
6 0.8 0.048 0.752
21 0.8 0.048 0.752
2 0.8 0.048 0.752
14 0.8 0.048 0.752
39 0.8 0.048 0.752
3 0.8 0.048 0.752
20 0.8 0.048 0.752
22 0.8 0.048 0.752
51 0.8 0.048 0.752
45 0.8 0.048 0.752
16 0.8 0.048 0.752
19 0.8 0.048 0.752
36 0.8 0.048 0.752
48 0.752 0.048 0.704
54 0.752 0.048 0.704
58 0.8 0.048 0.752
10 0.8 0.048 0.752
52 0.8 0.048 0.752
23 0.8 0.048 0.752
35 0.8 0.048 0.752
15 0.8 0.048 0.752
20 0.8 0.048 0.752
22 0.8 0.048 0.752
38 0.8 0.048 0.752
53 0.8 0.048 0.752
18 0.8 0.048 0.752
37 0.8 0.048 0.752
41 0.8 0.048 0.752
44 0.8 0.048 0.752
60 0.8 0.048 0.752
11 0.8 0.048 0.752
13 0.8 0.048 0.752
30 0.8 0.048 0.752
35 0.752 0.048 0.704
28 0.8 0.048 0.752
9 0.8 0.048 0.752
24 0.8 0.048 0.752
59 0.8 0.048 0.752
22 0.8 0.048 0.752
3 0.8 0.048 0.752
3 0.752 0.048 0.704
20 0.752 0.048 0.704
22 0.752 0.048 0.704
22 0.704 0.16 0.544
3 0.704 0.16 0.544
3 0.544 0.016 0.528
22 0.544 0.016 0.528
3 0.528 0.048 0.48
22 0.528 0.048 0.48
51 0.8 0.048 0.752
15 0.8 0.048 0.752
20 0.781966 0.048 0.733966
26 0.8 0.048 0.752
38 0.8 0.048 0.752
47 0.8 0.048 0.752
53 0.8 0.048 0.752
60 0.8 0.048 0.752
12 0.8 0.048 0.752
18 0.8 0.048 0.752
37 0.8 0.048 0.752
41 0.8 0.048 0.752
44 0.8 0.048 0.752
10 0.8 0.048 0.752
15 0.8 0.048 0.752
26 0.8 0.048 0.752
47 0.8 0.048 0.752
53 0.8 0.048 0.752
50 0.8 0.048 0.752
33 0.8 0.048 0.752
10 0.8 0.048 0.752
26 0.8 0.048 0.752
47 0.8 0.048 0.752
58 0.8 0.048 0.752
7 0.8 0.048 0.752
1 0.8 0.048 0.752
19 0.8 0.048 0.752
45 0.8 0.048 0.752
48 0.8 0.048 0.752
54 0.8 0.048 0.752
12 0.8 0.048 0.752
60 0.8 0.048 0.752
46 0.8 0.048 0.752
6 0.8 0.048 0.752
21 0.8 0.048 0.752
2 0.8 0.048 0.752
14 0.8 0.048 0.752
39 0.8 0.048 0.752
10 0.8 0.048 0.752
42 0.8 0.048 0.752
52 0.8 0.048 0.752
58 0.8 0.048 0.752
45 0.8 0.048 0.752
16 0.8 0.048 0.752
19 0.8 0.048 0.752
36 0.8 0.048 0.752
48 0.752 0.048 0.704
54 0.752 0.048 0.704
58 0.752 0.048 0.704
10 0.752 0.048 0.704
52 0.8 0.048 0.752
58 0.704 0.048 0.656
58 0.656 0.16 0.496
58 0.496 0.016 0.48
23 0.8 0.048 0.752
8 0.8 0.048 0.752
42 0.8 0.048 0.752
52 0.752 0.048 0.704
18 0.8 0.048 0.752
37 0.8 0.048 0.752
41 0.8 0.048 0.752
44 0.8 0.048 0.752
60 0.8 0.048 0.752
11 0.8 0.048 0.752
13 0.8 0.048 0.752
30 0.8 0.048 0.752
35 0.8 0.048 0.752
28 0.8 0.048 0.752
9 0.8 0.048 0.752
59 0.8 0.048 0.752
3 0.8 0.048 0.752
22 0.8 0.048 0.752
51 0.8 0.048 0.752
5 0.8 0.048 0.752
8 0.8 0.048 0.752
42 0.8 0.048 0.752
52 0.779595 0.048 0.731595
60 0.8 0.048 0.752
12 0.8 0.048 0.752
18 0.8 0.048 0.752
37 0.8 0.048 0.752
41 0.8 0.048 0.752
44 0.8 0.048 0.752
5 0.8 0.048 0.752
8 0.8 0.048 0.752
12 0.752 0.048 0.704
50 0.8 0.048 0.752
33 0.8 0.048 0.752
36 0.8 0.048 0.752
36 0.752 0.048 0.704
50 0.752 0.048 0.704
50 0.704 0.16 0.544
33 0.752 0.16 0.592
36 0.704 0.16 0.544
36 0.544 0.016 0.528
50 0.544 0.016 0.528
36 0.528 0.048 0.48
16 0.8 0.048 0.752
33 0.592 0.048 0.544
45 0.8 0.048 0.752
48 0.8 0.048 0.752
48 0.752 0.048 0.704
50 0.528 0.048 0.48
36 0.48 0.048 0.432
36 0.432 0.16 0.272
16 0.752 0.16 0.592
33 0.544 0.16 0.384
45 0.752 0.16 0.592
48 0.704 0.16 0.544
48 0.544 0.016 0.528
36 0.272 0.016 0.256
48 0.528 0.048 0.48
16 0.592 0.048 0.544
19 0.8 0.048 0.752
36 0.256 0.048 0.208
45 0.592 0.048 0.544
54 0.8 0.048 0.752
12 0.781843 0.048 0.733843
60 0.8 0.048 0.752
7 0.8 0.048 0.752
1 0.8 0.048 0.752
19 0.8 0.048 0.752
45 0.614888 0.048 0.566888
48 0.6299 0.048 0.5819
54 0.8 0.048 0.752
12 0.8 0.048 0.752
60 0.8 0.048 0.752
12 0.752 0.048 0.704
12 0.704 0.16 0.544
12 0.544 0.016 0.528
46 0.8 0.048 0.752
6 0.8 0.048 0.752
21 0.8 0.048 0.752
2 0.8 0.048 0.752
14 0.8 0.048 0.752
39 0.8 0.048 0.752
12 0.528 0.048 0.48
18 0.8 0.048 0.752
41 0.8 0.048 0.752
44 0.8 0.048 0.752
60 0.752 0.048 0.704
45 0.641532 0.048 0.593532
16 0.686301 0.048 0.638301
19 0.8 0.048 0.752
36 0.354044 0.048 0.306044
48 0.5819 0.048 0.5339
54 0.752 0.048 0.704
23 0.8 0.048 0.752
35 0.8 0.048 0.752
18 0.8 0.048 0.752
37 0.8 0.048 0.752
41 0.8 0.048 0.752
44 0.8 0.048 0.752
56 0.8 0.048 0.752
60 0.774282 0.048 0.726282
18 0.752 0.048 0.704
37 0.8 0.048 0.752
41 0.8 0.048 0.752
44 0.752 0.048 0.704
60 0.8 0.048 0.752
18 0.704 0.048 0.656
18 0.656 0.16 0.496
18 0.496 0.016 0.48
11 0.8 0.048 0.752
13 0.8 0.048 0.752
30 0.8 0.048 0.752
35 0.752 0.048 0.704
28 0.8 0.048 0.752
9 0.8 0.048 0.752
59 0.8 0.048 0.752
3 0.8 0.048 0.752
51 0.8 0.048 0.752
18 0.559156 0.048 0.511156
37 0.752 0.048 0.704
41 0.752 0.048 0.704
44 0.77692 0.048 0.72892
56 0.8 0.048 0.752
60 0.8 0.048 0.752
18 0.590585 0.048 0.542585
37 0.783201 0.048 0.735201
44 0.8 0.048 0.752
56 0.8 0.048 0.752
48 0.753217 0.048 0.705217
16 0.8 0.048 0.752
36 0.531702 0.048 0.483702
45 0.8 0.048 0.752
54 0.8 0.048 0.752
23 0.8 0.048 0.752
7 0.8 0.048 0.752
1 0.8 0.048 0.752
19 0.8 0.048 0.752
45 0.8 0.048 0.752
48 0.8 0.048 0.752
54 0.8 0.048 0.752
46 0.8 0.048 0.752
6 0.8 0.048 0.752
21 0.8 0.048 0.752
2 0.8 0.048 0.752
14 0.8 0.048 0.752
39 0.8 0.048 0.752
11 0.8 0.048 0.752
23 0.8 0.048 0.752
30 0.8 0.048 0.752
35 0.8 0.048 0.752
45 0.8 0.048 0.752
16 0.8 0.048 0.752
19 0.8 0.048 0.752
36 0.631073 0.048 0.583073
48 0.752 0.048 0.704
54 0.752 0.048 0.704
23 0.8 0.048 0.752
35 0.8 0.048 0.752
11 0.8 0.048 0.752
13 0.8 0.048 0.752
23 0.752 0.048 0.704
30 0.8 0.048 0.752
35 0.752 0.048 0.704
11 0.752 0.048 0.704
13 0.752 0.048 0.704
30 0.8 0.048 0.752
35 0.704 0.048 0.656
11 0.704 0.048 0.656
11 0.656 0.16 0.496
11 0.496 0.016 0.48
28 0.8 0.048 0.752
9 0.8 0.048 0.752
59 0.8 0.048 0.752
3 0.8 0.048 0.752
22 0.8 0.048 0.752
51 0.8 0.048 0.752
11 0.550091 0.048 0.502091
13 0.776336 0.048 0.728336
30 0.752 0.048 0.704
35 0.730342 0.048 0.682342
43 0.8 0.048 0.752
60 0.8 0.048 0.752
18 0.8 0.048 0.752
44 0.8 0.048 0.752
13 0.798667 0.048 0.750667
19 0.8 0.048 0.752
30 0.779707 0.048 0.731707
43 0.8 0.048 0.752
48 0.8 0.048 0.752
16 0.8 0.048 0.752
19 0.752 0.048 0.704
36 0.8 0.048 0.752
45 0.8 0.048 0.752
54 0.8 0.048 0.752
19 0.782727 0.048 0.734727
43 0.8 0.048 0.752
45 0.8 0.048 0.752
48 0.8 0.048 0.752
54 0.8 0.048 0.752
7 0.8 0.048 0.752
1 0.8 0.048 0.752
19 0.734727 0.048 0.686727
45 0.752 0.048 0.704
48 0.8 0.048 0.752
54 0.8 0.048 0.752
19 0.686727 0.048 0.638727
19 0.638727 0.16 0.478727
19 0.478727 0.016 0.462727
46 0.8 0.048 0.752
6 0.8 0.048 0.752
21 0.8 0.048 0.752
2 0.8 0.048 0.752
14 0.8 0.048 0.752
39 0.8 0.048 0.752
16 0.8 0.048 0.752
19 0.53667 0.048 0.48867
36 0.8 0.048 0.752
45 0.776537 0.048 0.728537
48 0.752 0.048 0.704
54 0.752 0.048 0.704
45 0.728537 0.048 0.680537
16 0.752 0.048 0.704
19 0.48867 0.048 0.44067
36 0.752 0.048 0.704
48 0.704 0.048 0.656
54 0.704 0.048 0.656
45 0.680537 0.048 0.632537
45 0.632537 0.16 0.472537
45 0.472537 0.016 0.456537
23 0.8 0.048 0.752
35 0.8 0.048 0.752
16 0.780768 0.048 0.732768
33 0.8 0.048 0.752
36 0.78308 0.048 0.73508
45 0.527699 0.048 0.479699
48 0.733638 0.048 0.685638
50 0.8 0.048 0.752
28 0.8 0.048 0.752
9 0.8 0.048 0.752
59 0.8 0.048 0.752
3 0.8 0.048 0.752
51 0.8 0.048 0.752
16 0.8 0.048 0.752
33 0.8 0.048 0.752
36 0.8 0.048 0.752
50 0.8 0.048 0.752
60 0.8 0.048 0.752
12 0.8 0.048 0.752
12 0.752 0.048 0.704
18 0.8 0.048 0.752
44 0.8 0.048 0.752
60 0.752 0.048 0.704
60 0.704 0.16 0.544
12 0.704 0.16 0.544
12 0.544 0.016 0.528
60 0.544 0.016 0.528
12 0.528 0.048 0.48
60 0.528 0.048 0.48
18 0.752 0.16 0.592
44 0.752 0.16 0.592
33 0.8 0.048 0.752
50 0.8 0.048 0.752
48 0.8 0.048 0.752
16 0.8 0.048 0.752
19 0.664532 0.048 0.616532
19 0.616532 0.048 0.568532
36 0.8 0.048 0.752
45 0.635077 0.048 0.587077
54 0.8 0.048 0.752
54 0.752 0.048 0.704
48 0.752 0.096 0.656
48 0.656 0.16 0.496
16 0.752 0.16 0.592
19 0.568532 0.16 0.408532
45 0.587077 0.16 0.427077
54 0.704 0.16 0.544
54 0.544 0.016 0.528
48 0.496 0.016 0.48
54 0.528 0.048 0.48
16 0.592 0.048 0.544
19 0.408532 0.048 0.360532
45 0.427077 0.048 0.379077
48 0.48 0.048 0.432
7 0.8 0.048 0.752
46 0.8 0.048 0.752
6 0.8 0.048 0.752
21 0.8 0.048 0.752
2 0.8 0.048 0.752
14 0.8 0.048 0.752
39 0.8 0.048 0.752
9 0.8 0.048 0.752
28 0.8 0.048 0.752
59 0.8 0.048 0.752
23 0.8 0.048 0.752
9 0.8 0.048 0.752
24 0.8 0.048 0.752
28 0.8 0.048 0.752
59 0.8 0.048 0.752
28 0.8 0.048 0.752
9 0.752 0.048 0.704
59 0.8 0.048 0.752
28 0.752 0.048 0.704
28 0.704 0.16 0.544
28 0.544 0.016 0.528
3 0.8 0.048 0.752
51 0.8 0.048 0.752
9 0.782109 0.048 0.734109
24 0.8 0.048 0.752
28 0.528 0.048 0.48
40 0.8 0.048 0.752
59 0.752 0.048 0.704
12 0.8 0.048 0.752
60 0.8 0.048 0.752
24 0.8 0.048 0.752
31 0.8 0.048 0.752
40 0.8 0.048 0.752
