26 3011 0 100 1.16701e-08 1.48178 1.48178
19 3010 0 100 0.5 1.44684 1.94684
38 3013 0 100 0.5 1.48861 1.98861
98 3008 0 100 1 1.40965 2.40965
27 3046 0 100 1.16701e-08 2.48806 2.48806
53 3004 0 100 1.5 1.24734 2.74734
8 2995 0 100 2 1.04934 3.04934
82 3001 0 100 2 1.22698 3.22698
71 3079 0 100 1.16701e-08 3.57979 3.57979
56 3027 0 100 2 1.9691 3.9691
50 3012 0 100 2.5 1.48287 3.98287
9 3005 0 100 3 1.30497 4.30497
32 3022 0 100 2.5 1.80944 4.30944
83 2993 0 100 3.5 1.01729 4.51729
18 3000 0 100 3.5 1.16769 4.66769
11 3083 0 100 1 3.71312 4.71312
59 3003 0 100 3.5 1.24265 4.74265
44 3118 0 100 1.16701e-08 4.87773 4.87773
4 3043 0 100 3 2.4195 5.4195
41 3076 0 100 2 3.43076 5.43076
70 3029 0 100 3.5 2.03914 5.53914
31 3092 0 100 1.5 4.07329 5.57329
35 3108 0 100 1.5 4.53891 6.03891
92 3030 0 100 4 2.09056 6.09056
86 3113 0 100 1.5 4.79828 6.29828
99 3057 0 100 3.5 2.8507 6.3507
2 3104 0 100 2 4.40287 6.40287
99 3134 0 100 0.5 5.97164 6.47164
75 3085 0 100 3 3.73964 6.73964
52 3024 0 100 5 1.82989 6.82989
46 3115 0 100 2 4.83065 6.83065
84 3072 0 100 3.5 3.33806 6.83806
33 3051 0 100 4.5 2.61948 7.11948
89 3094 0 100 3.5 4.09227 7.59227
20 3050 0 100 5 2.59444 7.59444
100 3077 0 100 4.5 3.49219 7.99219
10 3080 0 100 4.5 3.62104 8.12104
17 3062 0 100 5 3.12678 8.12678
45 3158 0 100 1 7.21145 8.21145
85 3036 0 100 6 2.26215 8.26215
91 3088 0 100 4.5 3.93261 8.43261
45 3026 0 100 6.5 1.937 8.437
79 3015 0 100 7 1.5397 8.5397
34 3109 0 100 4 4.58076 8.58076
39 3082 0 100 5 3.69169 8.69169
14 3148 0 100 2 6.7623 8.7623
47 3041 0 100 6.5 2.37094 8.87094
74 3093 0 100 5.5 4.0783 9.5783
83 3155 0 100 2.5 7.14884 9.64884
61 3103 0 100 5.5 4.39652 9.89652
18 3189 0 100 1 9.09507 10.0951
69 3006 0 100 9 1.31317 10.3132
12 3053 0 100 8 2.65555 10.6556
70 3143 0 100 4.5 6.35802 10.858
2 3200 0 100 2 9.60813 11.6081
22 3178 0 100 3 8.61462 11.6146
86 3180 0 100 3 8.62804 11.628
62 3064 0 100 8.5 3.20021 11.7002
99 3192 0 100 2.5 9.20582 11.7058
72 3157 0 100 4.5 7.20706 11.7071
30 3067 0 100 9.5 3.30351 12.8035
98 3151 0 100 6 6.92357 12.9236
80 3061 0 100 10 3.02824 13.0282
47 3156 0 100 7 7.20265 14.2027
56 3135 0 100 8.5 6.02492 14.5249
