43 964 0 100 0.7 1.67569 1.67569
13 981 0 100 0.7 2.5587 2.5587
30 990 0 100 0.7 2.96571 2.96571
18 979 0 100 1.2 2.51726 3.01726
27 987 0 100 1.2 2.85959 3.35959
11 1005 0 100 0.7 3.82698 3.82698
25 974 0 100 2.7 2.06529 4.06529
60 994 0 100 1.7 3.25149 4.25149
22 1020 0 100 0.7 4.74541 4.74541
86 1003 0 100 1.7 3.74952 4.74952
57 1018 0 100 1.2 4.46881 4.96881
79 1022 0 100 1.7 4.97018 5.97018
15 1013 0 100 2.7 4.12732 6.12732
94 996 0 100 3.7 3.31265 6.31265
39 999 0 100 3.7 3.47325 6.47325
45 1035 0 100 1.2 7.00576 7.50576
8 1032 0 100 2.2 6.67319 8.17319
78 998 0 100 5.7 3.4341 8.4341
33 1023 0 100 4.2 5.35438 8.85438
32 975 0 100 7.7 2.07165 9.07165
32 1024 0 100 4.2 5.57617 9.07617
29 1017 0 100 5.7 4.39344 9.39344
60 1041 0 100 2.7 7.4357 9.4357
61 1037 0 100 3.7 7.07116 10.0712
86 1044 0 100 2.7 8.12064 10.1206
68 1016 0 100 6.7 4.32198 10.322
38 1050 0 100 2.2 9.37222 10.8722
9 995 0 100 8.7 3.28211 11.2821
43 1031 0 100 6.7 6.43823 12.4382
1 1049 0 100 4.2 9.0308 12.5308
1 1028 0 100 7.2 6.09134 12.5913
45 988 0 100 10.7 2.86501 12.865
54 1026 0 100 7.7 5.91227 12.9123
13 1039 0 100 6.7 7.21447 13.2145
27 1034 0 100 7.7 7.00057 14.0006
96 1033 0 100 8.7 6.84611 14.8461
