47 0.8 0.048 0.752
28 0.8 0.048 0.752
47 0.752 0.048 0.704
47 0.704 0.16 0.544
28 0.752 0.16 0.592
28 0.592 0.016 0.576
47 0.544 0.016 0.528
28 0.576 0.048 0.528
47 0.528 0.048 0.48
18 0.8 0.048 0.752
14 0.8 0.048 0.752
32 0.8 0.048 0.752
46 0.8 0.048 0.752
48 0.8 0.048 0.752
18 0.752 0.192 0.56
18 0.56 0.16 0.4
14 0.752 0.16 0.592
14 0.592 0.016 0.576
18 0.4 0.016 0.384
14 0.576 0.048 0.528
18 0.384 0.048 0.336
25 0.8 0.048 0.752
46 0.752 0.048 0.704
48 0.752 0.048 0.704
14 0.528 0.144 0.384
14 0.384 0.16 0.224
32 0.752 0.16 0.592
32 0.592 0.016 0.576
18 0.336 0.016 0.32
32 0.576 0.048 0.528
18 0.32 0.048 0.272
46 0.704 0.16 0.544
46 0.544 0.016 0.528
18 0.272 0.016 0.256
46 0.528 0.048 0.48
14 0.224 0.048 0.176
18 0.256 0.048 0.208
48 0.704 0.048 0.656
46 0.48 0.048 0.432
46 0.432 0.16 0.272
48 0.656 0.16 0.496
25 0.752 0.16 0.592
25 0.592 0.016 0.576
14 0.176 0.016 0.16
25 0.576 0.048 0.528
14 0.16 0.048 0.112
48 0.496 0.048 0.448
46 0.272 0.16 0.112
14 0.112 0.16 -0.048
18 0.208 0.16 0.048
48 0.448 0.16 0.288
44 0.8 0.048 0.752
1 0.8 0.048 0.752
6 0.8 0.048 0.752
24 0.8 0.048 0.752
44 0.752 0.144 0.608
44 0.608 0.16 0.448
1 0.752 0.16 0.592
1 0.592 0.016 0.576
44 0.448 0.016 0.432
1 0.576 0.048 0.528
6 0.752 0.048 0.704
24 0.752 0.048 0.704
27 0.8 0.048 0.752
44 0.432 0.048 0.384
1 0.528 0.144 0.384
1 0.384 0.16 0.224
6 0.704 0.16 0.544
6 0.544 0.016 0.528
44 0.384 0.016 0.368
6 0.528 0.048 0.48
1 0.224 0.048 0.176
9 0.8 0.048 0.752
24 0.704 0.048 0.656
27 0.752 0.048 0.704
44 0.368 0.048 0.32
6 0.48 0.144 0.336
6 0.336 0.16 0.176
24 0.656 0.16 0.496
6 0.176 0.16 0.016
1 0.176 0.16 0.016
9 0.752 0.16 0.592
9 0.592 0.016 0.576
6 0.016 0.016 -9.71445e-17
9 0.576 0.048 0.528
6 0 0.048 -0.048
20 0.8 0.048 0.752
24 0.496 0.048 0.448
27 0.704 0.048 0.656
41 0.8 0.048 0.752
9 0.528 0.144 0.384
9 0.384 0.16 0.224
24 0.448 0.16 0.288
27 0.656 0.16 0.496
44 0.32 0.16 0.16
6 0 0.16 -0.16
20 0.752 0.16 0.592
20 0.592 0.016 0.576
9 0.224 0.016 0.208
20 0.576 0.048 0.528
3 0.8 0.048 0.752
9 0.208 0.048 0.16
27 0.496 0.048 0.448
41 0.752 0.048 0.704
43 0.8 0.048 0.752
20 0.528 0.144 0.384
20 0.384 0.16 0.224
24 0.288 0.16 0.128
27 0.448 0.16 0.288
41 0.704 0.16 0.544
41 0.544 0.016 0.528
9 0.16 0.016 0.144
41 0.528 0.048 0.48
3 0.752 0.048 0.704
9 0.144 0.048 0.096
20 0.224 0.048 0.176
27 0.288 0.048 0.24
43 0.752 0.048 0.704
41 0.48 0.096 0.384
41 0.384 0.16 0.224
41 0.224 0.16 0.064
3 0.704 0.16 0.544
3 0.544 0.016 0.528
41 0.064 0.016 0.048
3 0.528 0.048 0.48
12 0.8 0.048 0.752
20 0.176 0.048 0.128
41 0.048 0.048 -1.11022e-16
43 0.704 0.048 0.656
3 0.48 0.096 0.384
3 0.384 0.16 0.224
9 0.096 0.16 -0.064
20 0.128 0.16 -0.032
27 0.24 0.16 0.08
43 0.656 0.16 0.496
12 0.752 0.16 0.592
12 0.592 0.016 0.576
3 0.224 0.016 0.208
12 0.576 0.048 0.528
3 0.208 0.048 0.16
43 0.496 0.048 0.448
20 0 0.16 -0.16
41 0 0.16 -0.16
43 0.448 0.16 0.288
49 0.8 0.048 0.752
8 0.8 0.048 0.752
37 0.8 0.048 0.752
40 0.8 0.048 0.752
49 0.752 0.144 0.608
49 0.608 0.16 0.448
8 0.752 0.16 0.592
8 0.592 0.016 0.576
49 0.448 0.016 0.432
8 0.576 0.048 0.528
37 0.752 0.048 0.704
40 0.752 0.048 0.704
45 0.8 0.048 0.752
49 0.432 0.048 0.384
8 0.528 0.144 0.384
8 0.384 0.16 0.224
37 0.704 0.16 0.544
37 0.544 0.016 0.528
49 0.384 0.016 0.368
37 0.528 0.048 0.48
8 0.224 0.048 0.176
40 0.704 0.048 0.656
49 0.368 0.048 0.32
37 0.48 0.048 0.432
37 0.432 0.16 0.272
40 0.656 0.16 0.496
37 0.272 0.16 0.112
45 0.752 0.16 0.592
45 0.592 0.016 0.576
8 0.176 0.016 0.16
45 0.576 0.048 0.528
8 0.16 0.048 0.112
8 0.112 0.16 -0.048
40 0.496 0.16 0.336
49 0.32 0.16 0.16
26 0.8 0.048 0.752
31 0.8 0.048 0.752
26 0.752 0.048 0.704
26 0.704 0.16 0.544
31 0.752 0.16 0.592
31 0.592 0.016 0.576
26 0.544 0.016 0.528
31 0.576 0.048 0.528
26 0.528 0.048 0.48
38 0.8 0.048 0.752
30 0.8 0.048 0.752
50 0.8 0.048 0.752
38 0.752 0.096 0.656
38 0.656 0.16 0.496
30 0.752 0.16 0.592
30 0.592 0.016 0.576
38 0.496 0.016 0.48
30 0.576 0.048 0.528
38 0.48 0.048 0.432
50 0.752 0.048 0.704
30 0.528 0.048 0.48
30 0.48 0.16 0.32
50 0.704 0.16 0.544
50 0.544 0.016 0.528
38 0.432 0.016 0.416
50 0.528 0.048 0.48
30 0.32 0.048 0.272
38 0.416 0.048 0.368
38 0.368 0.16 0.208
50 0.48 0.16 0.32
11 0.8 0.048 0.752
42 0.8 0.048 0.752
11 0.752 0.048 0.704
11 0.704 0.16 0.544
42 0.752 0.16 0.592
42 0.592 0.016 0.576
11 0.544 0.016 0.528
42 0.576 0.048 0.528
11 0.528 0.048 0.48
28 0.8 0.048 0.752
47 0.8 0.048 0.752
32 0.8 0.048 0.752
18 0.425013 0.048 0.377013
25 0.8 0.048 0.752
48 0.668671 0.048 0.620671
25 0.752 0.048 0.704
25 0.704 0.16 0.544
48 0.620671 0.16 0.460671
3 0.544399 0.048 0.496399
12 0.8 0.048 0.752
20 0.384002 0.048 0.336002
41 0.37127 0.048 0.32327
43 0.661006 0.048 0.613006
3 0.496399 0.096 0.400399
3 0.400399 0.16 0.240399
3 0.240399 0.016 0.224399
12 0.752 0.16 0.592
20 0.336002 0.16 0.176002
41 0.32327 0.16 0.16327
43 0.613006 0.16 0.453006
12 0.592 0.048 0.544
3 0.224399 0.048 0.176399
43 0.453006 0.048 0.405006
45 0.8 0.048 0.752
8 0.37489 0.048 0.32689
37 0.476546 0.048 0.428546
15 0.8 0.048 0.752
31 0.8 0.048 0.752
26 0.8 0.048 0.752
50 0.696498 0.048 0.648498
30 0.641679 0.048 0.593679
38 0.581461 0.048 0.533461
42 0.8 0.048 0.752
11 0.8 0.048 0.752
28 0.8 0.048 0.752
47 0.8 0.048 0.752
8 0.545427 0.048 0.497427
37 0.57758 0.048 0.52958
40 0.8 0.048 0.752
45 0.8 0.048 0.752
49 0.75645 0.048 0.70845
8 0.497427 0.096 0.401427
8 0.401427 0.16 0.241427
37 0.52958 0.16 0.36958
40 0.752 0.16 0.592
40 0.592 0.016 0.576
8 0.241427 0.016 0.225427
40 0.576 0.048 0.528
8 0.225427 0.048 0.177427
37 0.36958 0.048 0.32158
49 0.70845 0.048 0.66045
40 0.528 0.048 0.48
40 0.48 0.16 0.32
45 0.752 0.16 0.592
49 0.66045 0.16 0.50045
49 0.50045 0.016 0.48445
8 0.177427 0.016 0.161427
49 0.48445 0.048 0.43645
8 0.161427 0.048 0.113427
37 0.32158 0.048 0.27358
40 0.32 0.048 0.272
8 0.113427 0.16 -0.0465732
37 0.27358 0.16 0.11358
49 0.43645 0.16 0.27645
34 0.8 0.048 0.752
29 0.8 0.048 0.752
35 0.8 0.048 0.752
34 0.752 0.096 0.656
34 0.656 0.16 0.496
29 0.752 0.16 0.592
29 0.592 0.016 0.576
34 0.496 0.016 0.48
29 0.576 0.048 0.528
34 0.48 0.048 0.432
35 0.752 0.048 0.704
39 0.8 0.048 0.752
29 0.528 0.096 0.432
29 0.432 0.16 0.272
35 0.704 0.16 0.544
35 0.544 0.016 0.528
34 0.432 0.016 0.416
35 0.528 0.048 0.48
29 0.272 0.048 0.224
34 0.416 0.048 0.368
39 0.752 0.048 0.704
35 0.48 0.048 0.432
35 0.432 0.16 0.272
35 0.272 0.16 0.112
29 0.224 0.16 0.064
34 0.368 0.16 0.208
39 0.704 0.16 0.544
39 0.544 0.016 0.528
35 0.112 0.016 0.096
39 0.528 0.048 0.48
29 0.064 0.048 0.016
35 0.096 0.048 0.048
10 0.8 0.048 0.752
4 0.8 0.048 0.752
17 0.8 0.048 0.752
10 0.752 0.096 0.656
10 0.656 0.16 0.496
4 0.752 0.16 0.592
4 0.592 0.016 0.576
10 0.496 0.016 0.48
4 0.576 0.048 0.528
10 0.48 0.048 0.432
17 0.752 0.048 0.704
4 0.528 0.048 0.48
4 0.48 0.16 0.32
17 0.704 0.16 0.544
17 0.544 0.016 0.528
10 0.432 0.016 0.416
17 0.528 0.048 0.48
4 0.32 0.048 0.272
10 0.416 0.048 0.368
10 0.368 0.16 0.208
17 0.48 0.16 0.32
32 0.8 0.048 0.752
18 0.749123 0.048 0.701123
12 0.8 0.048 0.752
3 0.554606 0.048 0.506606
43 0.770005 0.048 0.722005
12 0.752 0.048 0.704
12 0.704 0.16 0.544
3 0.506606 0.16 0.346606
43 0.722005 0.16 0.562005
43 0.562005 0.016 0.546005
12 0.544 0.016 0.528
43 0.546005 0.048 0.498005
3 0.346606 0.048 0.298606
12 0.528 0.048 0.48
20 0.549326 0.048 0.501326
41 0.542713 0.048 0.494713
14 0.766515 0.048 0.718515
18 0.701123 0.048 0.653123
25 0.8 0.048 0.752
46 0.8 0.048 0.752
48 0.8 0.048 0.752
14 0.718515 0.096 0.622515
14 0.622515 0.16 0.462515
18 0.653123 0.16 0.493123
25 0.752 0.16 0.592
46 0.752 0.16 0.592
48 0.752 0.16 0.592
48 0.592 0.016 0.576
14 0.462515 0.016 0.446515
48 0.576 0.048 0.528
14 0.446515 0.048 0.398515
18 0.493123 0.048 0.445123
25 0.592 0.048 0.544
46 0.592 0.048 0.544
41 0.494713 0.048 0.446713
3 0.376494 0.048 0.328494
20 0.501326 0.048 0.453326
27 0.8 0.048 0.752
43 0.498005 0.048 0.450005
41 0.446713 0.048 0.398713
41 0.398713 0.16 0.238713
3 0.328494 0.16 0.168494
20 0.453326 0.16 0.293326
27 0.752 0.16 0.592
27 0.592 0.016 0.576
41 0.238713 0.016 0.222713
27 0.576 0.048 0.528
1 0.77042 0.048 0.72242
6 0.8 0.048 0.752
9 0.747361 0.048 0.699361
20 0.293326 0.048 0.245326
24 0.8 0.048 0.752
41 0.222713 0.048 0.174713
27 0.528 0.144 0.384
27 0.384 0.16 0.224
43 0.450005 0.16 0.290005
1 0.72242 0.16 0.56242
6 0.752 0.16 0.592
6 0.592 0.016 0.576
27 0.224 0.016 0.208
6 0.576 0.048 0.528
1 0.56242 0.048 0.51442
9 0.699361 0.048 0.651361
24 0.752 0.048 0.704
27 0.208 0.048 0.16
6 0.528 0.096 0.432
6 0.432 0.16 0.272
9 0.651361 0.16 0.491361
20 0.245326 0.16 0.0853261
24 0.704 0.16 0.544
24 0.544 0.016 0.528
27 0.16 0.016 0.144
24 0.528 0.048 0.48
1 0.51442 0.048 0.46642
6 0.272 0.048 0.224
9 0.491361 0.048 0.443361
27 0.144 0.048 0.096
44 0.8 0.048 0.752
24 0.48 0.048 0.432
24 0.432 0.16 0.272
41 0.174713 0.16 0.0147126
24 0.272 0.16 0.112
1 0.46642 0.16 0.30642
6 0.224 0.16 0.064
9 0.443361 0.16 0.283361
27 0.096 0.16 -0.064
44 0.752 0.16 0.592
44 0.592 0.016 0.576
24 0.112 0.016 0.096
44 0.576 0.048 0.528
1 0.30642 0.048 0.25842
24 0.096 0.048 0.048
7 0.8 0.048 0.752
13 0.8 0.048 0.752
7 0.752 0.096 0.656
7 0.656 0.16 0.496
7 0.496 0.016 0.48
13 0.752 0.16 0.592
13 0.592 0.016 0.576
7 0.48 0.016 0.464
13 0.576 0.048 0.528
7 0.464 0.048 0.416
13 0.528 0.048 0.48
13 0.48 0.16 0.32
7 0.416 0.16 0.256
2 0.8 0.048 0.752
33 0.8 0.048 0.752
2 0.752 0.048 0.704
2 0.704 0.16 0.544
33 0.752 0.16 0.592
33 0.592 0.016 0.576
2 0.544 0.016 0.528
33 0.576 0.048 0.528
2 0.528 0.048 0.48
45 0.8 0.048 0.752
8 0.144488 0.048 0.0964876
15 0.8 0.048 0.752
31 0.8 0.048 0.752
26 0.8 0.048 0.752
50 0.8 0.048 0.752
30 0.8 0.048 0.752
38 0.8 0.048 0.752
35 0.344469 0.048 0.296469
29 0.314053 0.048 0.266053
34 0.511572 0.048 0.463572
39 0.781395 0.048 0.733395
42 0.8 0.048 0.752
11 0.8 0.048 0.752
9 0.502148 0.048 0.454148
1 0.497539 0.048 0.449539
6 0.298744 0.048 0.250744
24 0.347096 0.048 0.299096
27 0.303245 0.048 0.255245
41 0.323634 0.048 0.275634
28 0.8 0.048 0.752
47 0.8 0.048 0.752
49 0.648512 0.048 0.600512
8 0.324261 0.048 0.276261
37 0.498128 0.048 0.450128
40 0.64256 0.048 0.59456
39 0.8 0.048 0.752
29 0.342057 0.048 0.294057
35 0.372286 0.048 0.324286
17 0.68847 0.048 0.64047
4 0.640527 0.048 0.592527
10 0.57896 0.048 0.53096
5 0.8 0.048 0.752
19 0.8 0.048 0.752
21 0.8 0.048 0.752
23 0.8 0.048 0.752
5 0.752 0.144 0.608
5 0.608 0.16 0.448
19 0.752 0.16 0.592
19 0.592 0.016 0.576
5 0.448 0.016 0.432
19 0.576 0.048 0.528
5 0.432 0.048 0.384
21 0.752 0.048 0.704
19 0.528 0.048 0.48
19 0.48 0.16 0.32
21 0.704 0.16 0.544
21 0.544 0.016 0.528
5 0.384 0.016 0.368
21 0.528 0.048 0.48
5 0.368 0.048 0.32
19 0.32 0.048 0.272
23 0.752 0.048 0.704
21 0.48 0.048 0.432
21 0.432 0.16 0.272
23 0.704 0.16 0.544
23 0.544 0.016 0.528
5 0.32 0.016 0.304
23 0.528 0.048 0.48
5 0.304 0.048 0.256
21 0.272 0.048 0.224
21 0.224 0.16 0.064
5 0.256 0.16 0.096
19 0.272 0.16 0.112
23 0.48 0.16 0.32
32 0.8 0.048 0.752
18 0.8 0.048 0.752
43 0.661054 0.048 0.613054
3 0.461318 0.048 0.413318
12 0.8 0.048 0.752
20 0.454088 0.048 0.406088
41 0.348945 0.048 0.300945
48 0.8 0.048 0.752
14 0.771732 0.048 0.723732
18 0.752 0.048 0.704
25 0.8 0.048 0.752
46 0.8 0.048 0.752
48 0.752 0.048 0.704
48 0.704 0.16 0.544
14 0.723732 0.16 0.563732
18 0.704 0.16 0.544
18 0.544 0.016 0.528
48 0.544 0.016 0.528
18 0.528 0.048 0.48
14 0.563732 0.048 0.515732
32 0.752 0.048 0.704
46 0.752 0.048 0.704
48 0.528 0.048 0.48
25 0.752 0.16 0.592
46 0.704 0.16 0.544
44 0.8 0.048 0.752
1 0.603595 0.048 0.555595
24 0.377395 0.048 0.329395
33 0.8 0.048 0.752
2 0.8 0.048 0.752
45 0.8 0.048 0.752
8 0.433044 0.048 0.385044
37 0.680875 0.048 0.632875
15 0.8 0.048 0.752
31 0.8 0.048 0.752
26 0.8 0.048 0.752
50 0.8 0.048 0.752
30 0.8 0.048 0.752
38 0.8 0.048 0.752
36 0.8 0.048 0.752
35 0.618329 0.048 0.570329
29 0.596971 0.048 0.548971
34 0.8 0.048 0.752
39 0.8 0.048 0.752
35 0.570329 0.048 0.522329
35 0.522329 0.16 0.362329
29 0.548971 0.16 0.388971
34 0.752 0.16 0.592
34 0.592 0.016 0.576
35 0.362329 0.016 0.346329
34 0.576 0.048 0.528
29 0.388971 0.048 0.340971
35 0.346329 0.048 0.298329
39 0.752 0.16 0.592
42 0.8 0.048 0.752
11 0.8 0.048 0.752
9 0.8 0.048 0.752
1 0.779755 0.048 0.731755
6 0.627357 0.048 0.579357
24 0.630883 0.048 0.582883
27 0.640356 0.048 0.592356
41 0.601852 0.048 0.553852
9 0.752 0.144 0.608
9 0.608 0.16 0.448
1 0.731755 0.16 0.571755
6 0.579357 0.16 0.419357
24 0.582883 0.16 0.422883
27 0.592356 0.16 0.432356
41 0.553852 0.16 0.393852
28 0.8 0.048 0.752
47 0.8 0.048 0.752
49 0.8 0.048 0.752
8 0.604609 0.048 0.556609
37 0.778075 0.048 0.730075
40 0.8 0.048 0.752
16 0.8 0.048 0.752
39 0.671467 0.048 0.623467
29 0.413628 0.048 0.365628
35 0.374909 0.048 0.326909
48 0.783043 0.048 0.735043
14 0.8 0.048 0.752
18 0.8 0.048 0.752
25 0.8 0.048 0.752
46 0.8 0.048 0.752
48 0.735043 0.048 0.687043
48 0.687043 0.16 0.527043
14 0.752 0.16 0.592
14 0.592 0.016 0.576
48 0.527043 0.016 0.511043
14 0.576 0.048 0.528
18 0.752 0.048 0.704
25 0.752 0.048 0.704
46 0.752 0.048 0.704
48 0.511043 0.048 0.463043
18 0.704 0.16 0.544
25 0.704 0.16 0.544
46 0.704 0.16 0.544
17 0.8 0.048 0.752
4 0.8 0.048 0.752
10 0.8 0.048 0.752
23 0.694312 0.048 0.646312
5 0.462493 0.048 0.414493
21 0.445693 0.048 0.397693
32 0.8 0.048 0.752
18 0.544 0.048 0.496
43 0.8 0.048 0.752
3 0.794297 0.048 0.746297
12 0.8 0.048 0.752
20 0.781534 0.048 0.733534
27 0.50956 0.048 0.46156
41 0.471845 0.048 0.423845
18 0.496 0.048 0.448
14 0.528 0.048 0.48
32 0.752 0.048 0.704
46 0.618117 0.048 0.570117
48 0.541713 0.048 0.493713
44 0.8 0.048 0.752
1 0.725404 0.048 0.677404
24 0.495044 0.048 0.447044
22 0.8 0.048 0.752
33 0.8 0.048 0.752
2 0.8 0.048 0.752
45 0.8 0.048 0.752
8 0.702014 0.048 0.654014
37 0.8 0.048 0.752
15 0.8 0.048 0.752
31 0.8 0.048 0.752
26 0.8 0.048 0.752
50 0.8 0.048 0.752
30 0.8 0.048 0.752
38 0.8 0.048 0.752
36 0.8 0.048 0.752
34 0.8 0.048 0.752
29 0.670255 0.048 0.622255
35 0.624729 0.048 0.576729
42 0.8 0.048 0.752
11 0.8 0.048 0.752
28 0.8 0.048 0.752
47 0.8 0.048 0.752
49 0.8 0.048 0.752
8 0.8 0.048 0.752
37 0.8 0.048 0.752
40 0.8 0.048 0.752
16 0.8 0.048 0.752
39 0.8 0.048 0.752
29 0.696731 0.048 0.648731
35 0.652462 0.048 0.604462
14 0.8 0.048 0.752
18 0.8 0.048 0.752
25 0.8 0.048 0.752
46 0.8 0.048 0.752
48 0.795989 0.048 0.747989
17 0.8 0.048 0.752
4 0.8 0.048 0.752
10 0.8 0.048 0.752
23 0.8 0.048 0.752
5 0.7998 0.048 0.7518
21 0.77987 0.048 0.73187
32 0.8 0.048 0.752
18 0.752 0.048 0.704
43 0.8 0.048 0.752
3 0.8 0.048 0.752
20 0.8 0.048 0.752
27 0.8 0.048 0.752
41 0.797315 0.048 0.749315
43 0.752 0.048 0.704
43 0.704 0.16 0.544
3 0.752 0.16 0.592
20 0.752 0.16 0.592
27 0.752 0.16 0.592
27 0.592 0.016 0.576
43 0.544 0.016 0.528
27 0.576 0.048 0.528
6 0.8 0.048 0.752
9 0.8 0.048 0.752
20 0.592 0.048 0.544
41 0.749315 0.048 0.701315
43 0.528 0.048 0.48
41 0.701315 0.16 0.541315
18 0.704 0.048 0.656
14 0.752 0.048 0.704
32 0.752 0.048 0.704
46 0.8 0.048 0.752
48 0.8 0.048 0.752
44 0.8 0.048 0.752
1 0.8 0.048 0.752
24 0.8 0.048 0.752
22 0.8 0.048 0.752
33 0.8 0.048 0.752
2 0.8 0.048 0.752
33 0.752 0.048 0.704
33 0.704 0.16 0.544
33 0.544 0.016 0.528
2 0.752 0.16 0.592
38 0.8 0.048 0.752
30 0.8 0.048 0.752
50 0.8 0.048 0.752
45 0.8 0.048 0.752
8 0.8 0.048 0.752
37 0.8 0.048 0.752
33 0.679879 0.048 0.631879
2 0.666077 0.048 0.618077
33 0.631879 0.048 0.583879
33 0.583879 0.16 0.423879
2 0.618077 0.16 0.458077
15 0.8 0.048 0.752
31 0.8 0.048 0.752
26 0.8 0.048 0.752
50 0.8 0.048 0.752
30 0.8 0.048 0.752
38 0.8 0.048 0.752
50 0.752 0.048 0.704
50 0.704 0.16 0.544
50 0.544 0.016 0.528
30 0.752 0.16 0.592
38 0.752 0.16 0.592
36 0.8 0.048 0.752
36 0.752 0.048 0.704
36 0.704 0.16 0.544
36 0.544 0.016 0.528
34 0.8 0.048 0.752
29 0.8 0.048 0.752
35 0.8 0.048 0.752
42 0.8 0.048 0.752
11 0.8 0.048 0.752
28 0.8 0.048 0.752
47 0.8 0.048 0.752
13 0.8 0.048 0.752
7 0.8 0.048 0.752
13 0.752 0.048 0.704
13 0.704 0.16 0.544
7 0.752 0.16 0.592
7 0.592 0.016 0.576
13 0.544 0.016 0.528
7 0.576 0.048 0.528
13 0.528 0.048 0.48
49 0.8 0.048 0.752
8 0.8 0.048 0.752
37 0.8 0.048 0.752
40 0.8 0.048 0.752
16 0.8 0.048 0.752
39 0.8 0.048 0.752
29 0.8 0.048 0.752
35 0.8 0.048 0.752
14 0.8 0.048 0.752
18 0.8 0.048 0.752
25 0.8 0.048 0.752
46 0.8 0.048 0.752
48 0.8 0.048 0.752
24 0.8 0.048 0.752
1 0.8 0.048 0.752
6 0.8 0.048 0.752
9 0.8 0.048 0.752
44 0.8 0.048 0.752
11 0.8 0.048 0.752
42 0.8 0.048 0.752
17 0.8 0.048 0.752
4 0.8 0.048 0.752
10 0.8 0.048 0.752
23 0.8 0.048 0.752
5 0.8 0.048 0.752
32 0.8 0.048 0.752
18 0.752 0.048 0.704
43 0.8 0.048 0.752
3 0.8 0.048 0.752
20 0.8 0.048 0.752
27 0.8 0.048 0.752
41 0.8 0.048 0.752
43 0.752 0.096 0.656
43 0.656 0.16 0.496
3 0.752 0.16 0.592
3 0.592 0.016 0.576
43 0.496 0.016 0.48
3 0.576 0.048 0.528
12 0.8 0.048 0.752
20 0.752 0.048 0.704
41 0.752 0.048 0.704
43 0.48 0.048 0.432
3 0.528 0.096 0.432
3 0.432 0.16 0.272
20 0.704 0.16 0.544
27 0.752 0.16 0.592
41 0.704 0.16 0.544
41 0.544 0.016 0.528
43 0.432 0.016 0.416
41 0.528 0.048 0.48
3 0.272 0.048 0.224
9 0.8 0.048 0.752
20 0.544 0.048 0.496
27 0.592 0.048 0.544
43 0.416 0.048 0.368
12 0.752 0.16 0.592
12 0.592 0.016 0.576
3 0.224 0.016 0.208
12 0.576 0.048 0.528
3 0.208 0.048 0.16
20 0.496 0.16 0.336
41 0.48 0.16 0.32
43 0.368 0.16 0.208
27 0.544 0.048 0.496
6 0.752 0.048 0.704
9 0.752 0.048 0.704
20 0.336 0.048 0.288
41 0.32 0.048 0.272
43 0.208 0.048 0.16
18 0.704 0.048 0.656
14 0.752 0.048 0.704
32 0.752 0.048 0.704
46 0.8 0.048 0.752
48 0.8 0.048 0.752
44 0.752 0.048 0.704
1 0.8 0.048 0.752
24 0.8 0.048 0.752
22 0.8 0.048 0.752
38 0.8 0.048 0.752
30 0.8 0.048 0.752
50 0.753306 0.048 0.705306
38 0.752 0.048 0.704
38 0.704 0.16 0.544
30 0.752 0.16 0.592
50 0.705306 0.16 0.545306
50 0.545306 0.016 0.529306
38 0.544 0.016 0.528
50 0.529306 0.048 0.481306
30 0.592 0.048 0.544
38 0.528 0.048 0.48
45 0.8 0.048 0.752
8 0.8 0.048 0.752
37 0.8 0.048 0.752
45 0.752 0.048 0.704
45 0.704 0.16 0.544
45 0.544 0.016 0.528
8 0.752 0.16 0.592
37 0.752 0.16 0.592
15 0.8 0.048 0.752
31 0.8 0.048 0.752
26 0.8 0.048 0.752
8 0.736412 0.048 0.688412
37 0.670782 0.048 0.622782
40 0.8 0.048 0.752
45 0.60155 0.048 0.55355
49 0.8 0.048 0.752
8 0.688412 0.048 0.640412
8 0.640412 0.16 0.480412
37 0.622782 0.16 0.462782
40 0.752 0.16 0.592
45 0.55355 0.16 0.39355
49 0.752 0.16 0.592
34 0.8 0.048 0.752
29 0.8 0.048 0.752
35 0.8 0.048 0.752
39 0.8 0.048 0.752
26 0.8 0.048 0.752
31 0.752 0.048 0.704
42 0.8 0.048 0.752
11 0.8 0.048 0.752
28 0.8 0.048 0.752
47 0.8 0.048 0.752
28 0.752 0.048 0.704
28 0.704 0.16 0.544
28 0.544 0.016 0.528
47 0.752 0.16 0.592
7 0.8 0.048 0.752
13 0.8 0.048 0.752
49 0.745489 0.048 0.697489
8 0.559634 0.048 0.511634
37 0.541186 0.048 0.493186
40 0.662342 0.048 0.614342
16 0.8 0.048 0.752
39 0.8 0.048 0.752
29 0.8 0.048 0.752
35 0.8 0.048 0.752
14 0.8 0.048 0.752
18 0.8 0.048 0.752
25 0.8 0.048 0.752
46 0.8 0.048 0.752
48 0.8 0.048 0.752
24 0.8 0.048 0.752
1 0.8 0.048 0.752
6 0.8 0.048 0.752
9 0.8 0.048 0.752
44 0.8 0.048 0.752
11 0.8 0.048 0.752
42 0.8 0.048 0.752
17 0.8 0.048 0.752
4 0.8 0.048 0.752
10 0.8 0.048 0.752
23 0.8 0.048 0.752
5 0.8 0.048 0.752
21 0.8 0.048 0.752
32 0.8 0.048 0.752
18 0.752 0.048 0.704
41 0.643912 0.048 0.595912
3 0.545426 0.048 0.497426
9 0.8 0.048 0.752
20 0.665014 0.048 0.617014
27 0.8 0.048 0.752
43 0.537799 0.048 0.489799
12 0.8 0.048 0.752
3 0.497426 0.048 0.449426
27 0.752 0.048 0.704
6 0.752 0.048 0.704
9 0.752 0.048 0.704
20 0.617014 0.048 0.569014
41 0.595912 0.048 0.547912
43 0.489799 0.048 0.441799
18 0.704 0.048 0.656
14 0.752 0.048 0.704
32 0.752 0.048 0.704
46 0.8 0.048 0.752
48 0.8 0.048 0.752
44 0.752 0.048 0.704
1 0.8 0.048 0.752
24 0.8 0.048 0.752
22 0.8 0.048 0.752
47 0.733865 0.048 0.685865
28 0.757654 0.048 0.709654
47 0.685865 0.048 0.637865
47 0.637865 0.16 0.477865
28 0.709654 0.16 0.549654
28 0.549654 0.016 0.533654
47 0.477865 0.016 0.461865
28 0.533654 0.048 0.485654
47 0.461865 0.048 0.413865
50 0.8 0.048 0.752
30 0.8 0.048 0.752
38 0.8 0.048 0.752
15 0.8 0.048 0.752
31 0.8 0.048 0.752
26 0.8 0.048 0.752
34 0.8 0.048 0.752
29 0.8 0.048 0.752
35 0.8 0.048 0.752
26 0.8 0.048 0.752
31 0.752 0.048 0.704
42 0.8 0.048 0.752
11 0.8 0.048 0.752
7 0.8 0.048 0.752
13 0.8 0.048 0.752
49 0.8 0.048 0.752
8 0.8 0.048 0.752
37 0.8 0.048 0.752
40 0.8 0.048 0.752
16 0.8 0.048 0.752
39 0.8 0.048 0.752
29 0.8 0.048 0.752
35 0.8 0.048 0.752
14 0.8 0.048 0.752
18 0.8 0.048 0.752
25 0.8 0.048 0.752
46 0.8 0.048 0.752
48 0.8 0.048 0.752
24 0.8 0.048 0.752
1 0.8 0.048 0.752
6 0.8 0.048 0.752
9 0.8 0.048 0.752
44 0.8 0.048 0.752
11 0.8 0.048 0.752
42 0.8 0.048 0.752
17 0.8 0.048 0.752
4 0.8 0.048 0.752
10 0.8 0.048 0.752
17 0.752 0.048 0.704
17 0.704 0.16 0.544
17 0.544 0.016 0.528
4 0.752 0.16 0.592
10 0.752 0.16 0.592
23 0.8 0.048 0.752
5 0.8 0.048 0.752
21 0.8 0.048 0.752
32 0.8 0.048 0.752
18 0.752 0.048 0.704
41 0.8 0.048 0.752
3 0.8 0.048 0.752
9 0.8 0.048 0.752
20 0.8 0.048 0.752
27 0.8 0.048 0.752
43 0.8 0.048 0.752
12 0.8 0.048 0.752
3 0.752 0.048 0.704
27 0.752 0.048 0.704
6 0.752 0.048 0.704
9 0.752 0.048 0.704
20 0.752 0.048 0.704
41 0.752 0.048 0.704
43 0.752 0.048 0.704
18 0.704 0.048 0.656
14 0.752 0.048 0.704
32 0.752 0.048 0.704
46 0.8 0.048 0.752
48 0.8 0.048 0.752
44 0.752 0.048 0.704
1 0.8 0.048 0.752
24 0.8 0.048 0.752
22 0.8 0.048 0.752
28 0.8 0.048 0.752
47 0.79495 0.048 0.74695
50 0.8 0.048 0.752
30 0.8 0.048 0.752
38 0.8 0.048 0.752
15 0.8 0.048 0.752
31 0.8 0.048 0.752
26 0.8 0.048 0.752
34 0.8 0.048 0.752
29 0.8 0.048 0.752
35 0.8 0.048 0.752
26 0.8 0.048 0.752
31 0.752 0.048 0.704
42 0.8 0.048 0.752
11 0.8 0.048 0.752
7 0.8 0.048 0.752
13 0.8 0.048 0.752
49 0.8 0.048 0.752
8 0.8 0.048 0.752
37 0.8 0.048 0.752
40 0.8 0.048 0.752
16 0.8 0.048 0.752
39 0.8 0.048 0.752
35 0.8 0.048 0.752
14 0.8 0.048 0.752
18 0.8 0.048 0.752
25 0.8 0.048 0.752
46 0.8 0.048 0.752
48 0.8 0.048 0.752
24 0.8 0.048 0.752
1 0.8 0.048 0.752
6 0.8 0.048 0.752
9 0.8 0.048 0.752
44 0.8 0.048 0.752
11 0.8 0.048 0.752
42 0.8 0.048 0.752
23 0.8 0.048 0.752
5 0.8 0.048 0.752
21 0.8 0.048 0.752
32 0.8 0.048 0.752
18 0.752 0.048 0.704
41 0.8 0.048 0.752
3 0.8 0.048 0.752
9 0.8 0.048 0.752
20 0.8 0.048 0.752
27 0.8 0.048 0.752
43 0.8 0.048 0.752
12 0.8 0.048 0.752
3 0.752 0.048 0.704
27 0.752 0.048 0.704
6 0.752 0.048 0.704
9 0.752 0.048 0.704
20 0.752 0.048 0.704
41 0.752 0.048 0.704
43 0.752 0.048 0.704
18 0.704 0.048 0.656
14 0.752 0.048 0.704
32 0.752 0.048 0.704
46 0.8 0.048 0.752
48 0.8 0.048 0.752
44 0.752 0.048 0.704
1 0.8 0.048 0.752
24 0.8 0.048 0.752
22 0.8 0.048 0.752
28 0.8 0.048 0.752
47 0.8 0.048 0.752
50 0.8 0.048 0.752
30 0.8 0.048 0.752
38 0.8 0.048 0.752
2 0.8 0.048 0.752
33 0.8 0.048 0.752
15 0.8 0.048 0.752
31 0.8 0.048 0.752
26 0.8 0.048 0.752
34 0.8 0.048 0.752
29 0.8 0.048 0.752
35 0.8 0.048 0.752
34 0.752 0.048 0.704
34 0.704 0.16 0.544
34 0.544 0.016 0.528
29 0.752 0.16 0.592
35 0.752 0.16 0.592
26 0.8 0.048 0.752
31 0.752 0.048 0.704
42 0.8 0.048 0.752
11 0.8 0.048 0.752
34 0.528 0.048 0.48
29 0.666393 0.048 0.618393
35 0.592 0.048 0.544
34 0.48 0.048 0.432
34 0.432 0.16 0.272
29 0.618393 0.16 0.458393
35 0.544 0.16 0.384
7 0.8 0.048 0.752
13 0.8 0.048 0.752
49 0.8 0.048 0.752
8 0.8 0.048 0.752
37 0.8 0.048 0.752
40 0.8 0.048 0.752
16 0.8 0.048 0.752
39 0.8 0.048 0.752
29 0.458393 0.048 0.410393
35 0.455179 0.048 0.407179
14 0.8 0.048 0.752
18 0.8 0.048 0.752
25 0.8 0.048 0.752
46 0.8 0.048 0.752
48 0.8 0.048 0.752
24 0.8 0.048 0.752
1 0.8 0.048 0.752
6 0.8 0.048 0.752
9 0.8 0.048 0.752
44 0.8 0.048 0.752
11 0.8 0.048 0.752
42 0.8 0.048 0.752
3 0.8 0.048 0.752
12 0.8 0.048 0.752
20 0.8 0.048 0.752
41 0.8 0.048 0.752
43 0.8 0.048 0.752
3 0.752 0.048 0.704
3 0.704 0.16 0.544
12 0.752 0.16 0.592
20 0.752 0.16 0.592
41 0.752 0.16 0.592
43 0.752 0.16 0.592
43 0.592 0.016 0.576
3 0.544 0.016 0.528
43 0.576 0.048 0.528
3 0.528 0.048 0.48
9 0.752 0.048 0.704
20 0.592 0.048 0.544
27 0.8 0.048 0.752
41 0.592 0.048 0.544
23 0.8 0.048 0.752
32 0.8 0.048 0.752
18 0.752 0.048 0.704
41 0.544 0.048 0.496
3 0.48 0.048 0.432
20 0.616957 0.048 0.568957
27 0.752 0.048 0.704
43 0.528 0.048 0.48
12 0.592 0.048 0.544
3 0.432 0.048 0.384
27 0.704 0.048 0.656
6 0.752 0.048 0.704
9 0.780589 0.048 0.732589
20 0.568957 0.048 0.520957
41 0.496 0.048 0.448
43 0.48 0.048 0.432
18 0.704 0.048 0.656
14 0.752 0.048 0.704
32 0.752 0.048 0.704
46 0.8 0.048 0.752
48 0.8 0.048 0.752
44 0.752 0.048 0.704
1 0.8 0.048 0.752
24 0.8 0.048 0.752
22 0.8 0.048 0.752
28 0.8 0.048 0.752
47 0.8 0.048 0.752
50 0.8 0.048 0.752
30 0.8 0.048 0.752
38 0.8 0.048 0.752
2 0.8 0.048 0.752
33 0.8 0.048 0.752
5 0.8 0.048 0.752
19 0.8 0.048 0.752
21 0.8 0.048 0.752
15 0.8 0.048 0.752
31 0.8 0.048 0.752
26 0.8 0.048 0.752
26 0.8 0.048 0.752
31 0.752 0.048 0.704
26 0.752 0.048 0.704
26 0.704 0.16 0.544
26 0.544 0.016 0.528
31 0.704 0.16 0.544
42 0.8 0.048 0.752
11 0.8 0.048 0.752
7 0.8 0.048 0.752
13 0.8 0.048 0.752
49 0.8 0.048 0.752
8 0.8 0.048 0.752
37 0.8 0.048 0.752
40 0.8 0.048 0.752
16 0.8 0.048 0.752
39 0.8 0.048 0.752
29 0.788258 0.048 0.740258
35 0.774766 0.048 0.726766
14 0.8 0.048 0.752
18 0.8 0.048 0.752
25 0.8 0.048 0.752
46 0.8 0.048 0.752
48 0.8 0.048 0.752
24 0.8 0.048 0.752
1 0.8 0.048 0.752
6 0.8 0.048 0.752
9 0.8 0.048 0.752
44 0.8 0.048 0.752
11 0.8 0.048 0.752
26 0.606506 0.048 0.558506
42 0.8 0.048 0.752
11 0.752 0.048 0.704
11 0.704 0.16 0.544
26 0.558506 0.16 0.398506
42 0.752 0.16 0.592
43 0.8 0.048 0.752
3 0.760517 0.048 0.712517
9 0.752 0.048 0.704
20 0.8 0.048 0.752
27 0.8 0.048 0.752
41 0.8 0.048 0.752
23 0.8 0.048 0.752
32 0.8 0.048 0.752
18 0.752 0.048 0.704
41 0.752 0.048 0.704
3 0.712517 0.048 0.664517
9 0.775173 0.048 0.727173
20 0.8 0.048 0.752
27 0.752 0.048 0.704
43 0.752 0.048 0.704
12 0.8 0.048 0.752
3 0.664517 0.048 0.616517
27 0.704 0.048 0.656
6 0.752 0.048 0.704
9 0.727173 0.048 0.679173
20 0.752 0.048 0.704
41 0.704 0.048 0.656
43 0.704 0.048 0.656
18 0.704 0.048 0.656
14 0.752 0.048 0.704
32 0.752 0.048 0.704
46 0.8 0.048 0.752
48 0.8 0.048 0.752
44 0.752 0.048 0.704
1 0.8 0.048 0.752
24 0.8 0.048 0.752
44 0.704 0.048 0.656
44 0.656 0.16 0.496
44 0.496 0.016 0.48
1 0.752 0.16 0.592
24 0.752 0.16 0.592
22 0.8 0.048 0.752
28 0.8 0.048 0.752
47 0.8 0.048 0.752
50 0.8 0.048 0.752
30 0.8 0.048 0.752
38 0.8 0.048 0.752
2 0.8 0.048 0.752
33 0.8 0.048 0.752
48 0.8 0.048 0.752
14 0.8 0.048 0.752
18 0.8 0.048 0.752
25 0.8 0.048 0.752
46 0.8 0.048 0.752
5 0.8 0.048 0.752
19 0.8 0.048 0.752
21 0.8 0.048 0.752
15 0.8 0.048 0.752
10 0.8 0.048 0.752
4 0.8 0.048 0.752
17 0.8 0.048 0.752
10 0.752 0.048 0.704
10 0.704 0.16 0.544
4 0.752 0.16 0.592
17 0.752 0.16 0.592
17 0.592 0.016 0.576
10 0.544 0.016 0.528
17 0.576 0.048 0.528
4 0.592 0.048 0.544
10 0.528 0.048 0.48
31 0.8 0.048 0.752
26 0.629585 0.048 0.581585
42 0.8 0.048 0.752
11 0.8 0.048 0.752
7 0.8 0.048 0.752
13 0.8 0.048 0.752
49 0.8 0.048 0.752
8 0.8 0.048 0.752
37 0.8 0.048 0.752
40 0.8 0.048 0.752
16 0.8 0.048 0.752
39 0.8 0.048 0.752
29 0.8 0.048 0.752
35 0.8 0.048 0.752
14 0.8 0.048 0.752
18 0.8 0.048 0.752
25 0.8 0.048 0.752
46 0.8 0.048 0.752
48 0.8 0.048 0.752
24 0.8 0.048 0.752
1 0.8 0.048 0.752
6 0.8 0.048 0.752
9 0.8 0.048 0.752
44 0.8 0.048 0.752
24 0.752 0.048 0.704
24 0.704 0.16 0.544
1 0.752 0.16 0.592
6 0.752 0.16 0.592
9 0.752 0.16 0.592
44 0.752 0.16 0.592
44 0.592 0.016 0.576
24 0.544 0.016 0.528
44 0.576 0.048 0.528
1 0.592 0.048 0.544
24 0.528 0.048 0.48
43 0.8 0.048 0.752
3 0.8 0.048 0.752
9 0.592 0.048 0.544
20 0.8 0.048 0.752
27 0.8 0.048 0.752
41 0.8 0.048 0.752
23 0.8 0.048 0.752
32 0.8 0.048 0.752
18 0.752 0.048 0.704
46 0.752 0.048 0.704
45 0.8 0.048 0.752
8 0.8 0.048 0.752
37 0.8 0.048 0.752
35 0.8 0.048 0.752
29 0.8 0.048 0.752
34 0.8 0.048 0.752
39 0.8 0.048 0.752
41 0.752 0.048 0.704
9 0.61558 0.048 0.56758
20 0.8 0.048 0.752
27 0.752 0.048 0.704
43 0.752 0.048 0.704
12 0.8 0.048 0.752
3 0.752 0.048 0.704
12 0.752 0.048 0.704
12 0.704 0.16 0.544
12 0.544 0.016 0.528
3 0.704 0.16 0.544
27 0.704 0.048 0.656
6 0.592 0.048 0.544
9 0.56758 0.048 0.51958
20 0.752 0.048 0.704
41 0.704 0.048 0.656
43 0.704 0.048 0.656
18 0.704 0.048 0.656
14 0.752 0.048 0.704
32 0.752 0.048 0.704
46 0.780685 0.048 0.732685
48 0.8 0.048 0.752
22 0.8 0.048 0.752
28 0.8 0.048 0.752
47 0.8 0.048 0.752
50 0.8 0.048 0.752
30 0.8 0.048 0.752
38 0.8 0.048 0.752
2 0.8 0.048 0.752
33 0.8 0.048 0.752
48 0.8 0.048 0.752
14 0.8 0.048 0.752
18 0.8 0.048 0.752
25 0.8 0.048 0.752
46 0.8 0.048 0.752
5 0.8 0.048 0.752
19 0.8 0.048 0.752
21 0.8 0.048 0.752
15 0.8 0.048 0.752
17 0.8 0.048 0.752
4 0.8 0.048 0.752
10 0.8 0.048 0.752
31 0.8 0.048 0.752
26 0.8 0.048 0.752
42 0.8 0.048 0.752
11 0.8 0.048 0.752
7 0.8 0.048 0.752
13 0.8 0.048 0.752
49 0.8 0.048 0.752
8 0.8 0.048 0.752
37 0.8 0.048 0.752
40 0.8 0.048 0.752
16 0.8 0.048 0.752
39 0.8 0.048 0.752
29 0.8 0.048 0.752
35 0.8 0.048 0.752
14 0.8 0.048 0.752
18 0.8 0.048 0.752
25 0.8 0.048 0.752
46 0.8 0.048 0.752
48 0.8 0.048 0.752
44 0.8 0.048 0.752
1 0.8 0.048 0.752
24 0.8 0.048 0.752
43 0.8 0.048 0.752
9 0.8 0.048 0.752
20 0.8 0.048 0.752
27 0.8 0.048 0.752
41 0.8 0.048 0.752
23 0.8 0.048 0.752
32 0.8 0.048 0.752
18 0.752 0.048 0.704
46 0.752 0.048 0.704
45 0.8 0.048 0.752
8 0.8 0.048 0.752
37 0.8 0.048 0.752
35 0.8 0.048 0.752
29 0.8 0.048 0.752
39 0.8 0.048 0.752
41 0.752 0.048 0.704
9 0.8 0.048 0.752
20 0.8 0.048 0.752
27 0.752 0.048 0.704
43 0.752 0.048 0.704
27 0.704 0.048 0.656
6 0.8 0.048 0.752
9 0.752 0.048 0.704
20 0.752 0.048 0.704
41 0.704 0.048 0.656
43 0.704 0.048 0.656
18 0.704 0.048 0.656
14 0.752 0.048 0.704
32 0.752 0.048 0.704
46 0.781984 0.048 0.733984
48 0.8 0.048 0.752
22 0.8 0.048 0.752
28 0.8 0.048 0.752
47 0.8 0.048 0.752
50 0.8 0.048 0.752
30 0.8 0.048 0.752
38 0.8 0.048 0.752
2 0.8 0.048 0.752
33 0.8 0.048 0.752
48 0.8 0.048 0.752
14 0.8 0.048 0.752
18 0.8 0.048 0.752
25 0.8 0.048 0.752
46 0.8 0.048 0.752
5 0.8 0.048 0.752
19 0.8 0.048 0.752
21 0.8 0.048 0.752
15 0.8 0.048 0.752
17 0.8 0.048 0.752
4 0.8 0.048 0.752
10 0.8 0.048 0.752
31 0.8 0.048 0.752
42 0.8 0.048 0.752
11 0.8 0.048 0.752
7 0.8 0.048 0.752
13 0.8 0.048 0.752
49 0.8 0.048 0.752
8 0.8 0.048 0.752
37 0.8 0.048 0.752
40 0.8 0.048 0.752
16 0.8 0.048 0.752
13 0.752 0.048 0.704
7 0.8 0.048 0.752
39 0.8 0.048 0.752
29 0.8 0.048 0.752
35 0.8 0.048 0.752
14 0.8 0.048 0.752
18 0.8 0.048 0.752
25 0.8 0.048 0.752
46 0.8 0.048 0.752
48 0.8 0.048 0.752
14 0.752 0.048 0.704
14 0.704 0.16 0.544
14 0.544 0.016 0.528
18 0.752 0.16 0.592
25 0.752 0.16 0.592
46 0.752 0.16 0.592
48 0.752 0.16 0.592
44 0.8 0.048 0.752
1 0.8 0.048 0.752
24 0.8 0.048 0.752
31 0.8 0.048 0.752
43 0.8 0.048 0.752
9 0.8 0.048 0.752
20 0.8 0.048 0.752
27 0.8 0.048 0.752
41 0.8 0.048 0.752
23 0.8 0.048 0.752
32 0.8 0.048 0.752
18 0.592 0.048 0.544
32 0.752 0.048 0.704
32 0.704 0.16 0.544
32 0.544 0.016 0.528
18 0.544 0.16 0.384
45 0.8 0.048 0.752
35 0.8 0.048 0.752
29 0.8 0.048 0.752
39 0.8 0.048 0.752
41 0.752 0.048 0.704
9 0.8 0.048 0.752
20 0.8 0.048 0.752
27 0.752 0.048 0.704
43 0.752 0.048 0.704
27 0.704 0.048 0.656
6 0.8 0.048 0.752
9 0.752 0.048 0.704
20 0.752 0.048 0.704
41 0.704 0.048 0.656
43 0.704 0.048 0.656
18 0.384 0.048 0.336
14 0.528 0.048 0.48
32 0.528 0.048 0.48
46 0.668061 0.048 0.620061
48 0.665791 0.048 0.617791
18 0.336 0.048 0.288
18 0.288 0.16 0.128
18 0.128 0.016 0.112
14 0.48 0.16 0.32
32 0.48 0.16 0.32
46 0.620061 0.16 0.460061
48 0.617791 0.16 0.457791
22 0.8 0.048 0.752
28 0.8 0.048 0.752
47 0.8 0.048 0.752
50 0.8 0.048 0.752
30 0.8 0.048 0.752
38 0.8 0.048 0.752
2 0.8 0.048 0.752
33 0.8 0.048 0.752
48 0.535046 0.048 0.487046
14 0.469373 0.048 0.421373
18 0.261138 0.048 0.213138
25 0.747433 0.048 0.699433
46 0.533763 0.048 0.485763
5 0.8 0.048 0.752
19 0.8 0.048 0.752
21 0.8 0.048 0.752
15 0.8 0.048 0.752
17 0.8 0.048 0.752
4 0.8 0.048 0.752
10 0.8 0.048 0.752
31 0.8 0.048 0.752
42 0.8 0.048 0.752
11 0.8 0.048 0.752
7 0.8 0.048 0.752
13 0.8 0.048 0.752
49 0.8 0.048 0.752
8 0.8 0.048 0.752
37 0.8 0.048 0.752
40 0.8 0.048 0.752
16 0.8 0.048 0.752
13 0.752 0.048 0.704
7 0.8 0.048 0.752
39 0.8 0.048 0.752
29 0.8 0.048 0.752
35 0.8 0.048 0.752
44 0.8 0.048 0.752
1 0.8 0.048 0.752
24 0.8 0.048 0.752
43 0.8 0.048 0.752
9 0.8 0.048 0.752
20 0.8 0.048 0.752
27 0.8 0.048 0.752
41 0.8 0.048 0.752
23 0.8 0.048 0.752
23 0.752 0.048 0.704
23 0.704 0.16 0.544
23 0.544 0.016 0.528
45 0.8 0.048 0.752
35 0.8 0.048 0.752
29 0.8 0.048 0.752
34 0.8 0.048 0.752
39 0.8 0.048 0.752
41 0.752 0.048 0.704
9 0.8 0.048 0.752
20 0.8 0.048 0.752
27 0.752 0.048 0.704
43 0.752 0.048 0.704
27 0.704 0.048 0.656
9 0.752 0.048 0.704
20 0.752 0.048 0.704
41 0.704 0.048 0.656
43 0.704 0.048 0.656
36 0.8 0.048 0.752
30 0.8 0.048 0.752
22 0.8 0.048 0.752
28 0.8 0.048 0.752
47 0.8 0.048 0.752
50 0.8 0.048 0.752
30 0.8 0.048 0.752
38 0.8 0.048 0.752
2 0.8 0.048 0.752
33 0.8 0.048 0.752
48 0.8 0.048 0.752
14 0.794852 0.048 0.746852
18 0.590381 0.048 0.542381
25 0.8 0.048 0.752
46 0.8 0.048 0.752
48 0.752 0.096 0.656
48 0.656 0.16 0.496
14 0.746852 0.16 0.586852
14 0.586852 0.016 0.570852
48 0.496 0.016 0.48
14 0.570852 0.048 0.522852
25 0.752 0.048 0.704
46 0.752 0.048 0.704
48 0.48 0.048 0.432
18 0.542381 0.16 0.382381
25 0.704 0.16 0.544
46 0.704 0.16 0.544
5 0.8 0.048 0.752
19 0.8 0.048 0.752
21 0.8 0.048 0.752
15 0.8 0.048 0.752
17 0.8 0.048 0.752
4 0.8 0.048 0.752
10 0.8 0.048 0.752
31 0.8 0.048 0.752
38 0.8 0.048 0.752
30 0.8 0.048 0.752
50 0.8 0.048 0.752
42 0.8 0.048 0.752
11 0.8 0.048 0.752
47 0.8 0.048 0.752
28 0.8 0.048 0.752
7 0.8 0.048 0.752
13 0.8 0.048 0.752
49 0.8 0.048 0.752
8 0.8 0.048 0.752
37 0.8 0.048 0.752
40 0.8 0.048 0.752
16 0.8 0.048 0.752
13 0.752 0.048 0.704
7 0.8 0.048 0.752
39 0.8 0.048 0.752
29 0.8 0.048 0.752
35 0.8 0.048 0.752
44 0.8 0.048 0.752
1 0.8 0.048 0.752
6 0.8 0.048 0.752
24 0.8 0.048 0.752
43 0.8 0.048 0.752
9 0.8 0.048 0.752
20 0.8 0.048 0.752
27 0.8 0.048 0.752
41 0.8 0.048 0.752
45 0.8 0.048 0.752
8 0.8 0.048 0.752
35 0.8 0.048 0.752
29 0.8 0.048 0.752
34 0.8 0.048 0.752
39 0.8 0.048 0.752
41 0.752 0.048 0.704
9 0.8 0.048 0.752
20 0.8 0.048 0.752
27 0.752 0.048 0.704
43 0.752 0.048 0.704
27 0.704 0.048 0.656
9 0.752 0.048 0.704
20 0.752 0.048 0.704
41 0.704 0.048 0.656
43 0.704 0.048 0.656
36 0.8 0.048 0.752
30 0.8 0.048 0.752
36 0.752 0.048 0.704
36 0.704 0.16 0.544
36 0.544 0.016 0.528
30 0.752 0.16 0.592
12 0.8 0.048 0.752
3 0.8 0.048 0.752
12 0.752 0.048 0.704
12 0.704 0.16 0.544
3 0.752 0.16 0.592
3 0.592 0.016 0.576
12 0.544 0.016 0.528
3 0.576 0.048 0.528
12 0.528 0.048 0.48
22 0.8 0.048 0.752
28 0.8 0.048 0.752
47 0.8 0.048 0.752
50 0.8 0.048 0.752
30 0.668261 0.048 0.620261
38 0.8 0.048 0.752
50 0.752 0.048 0.704
50 0.704 0.16 0.544
50 0.544 0.016 0.528
30 0.620261 0.16 0.460261
38 0.752 0.16 0.592
2 0.8 0.048 0.752
33 0.8 0.048 0.752
14 0.8 0.048 0.752
18 0.765592 0.048 0.717592
25 0.8 0.048 0.752
46 0.8 0.048 0.752
48 0.8 0.048 0.752
14 0.752 0.048 0.704
14 0.704 0.16 0.544
18 0.717592 0.16 0.557592
18 0.557592 0.016 0.541592
14 0.544 0.016 0.528
18 0.541592 0.048 0.493592
14 0.528 0.048 0.48
32 0.8 0.048 0.752
46 0.752 0.048 0.704
48 0.752 0.048 0.704
18 0.493592 0.048 0.445592
18 0.445592 0.16 0.285592
25 0.752 0.16 0.592
46 0.704 0.16 0.544
48 0.704 0.16 0.544
14 0.48 0.16 0.32
32 0.752 0.16 0.592
32 0.592 0.016 0.576
18 0.285592 0.016 0.269592
32 0.576 0.048 0.528
18 0.269592 0.048 0.221592
46 0.544 0.048 0.496
48 0.544 0.048 0.496
46 0.496 0.16 0.336
48 0.496 0.16 0.336
5 0.8 0.048 0.752
19 0.8 0.048 0.752
21 0.8 0.048 0.752
15 0.8 0.048 0.752
17 0.8 0.048 0.752
4 0.8 0.048 0.752
10 0.8 0.048 0.752
31 0.8 0.048 0.752
26 0.8 0.048 0.752
38 0.741011 0.048 0.693011
30 0.606156 0.048 0.558156
50 0.673832 0.048 0.625832
38 0.693011 0.048 0.645011
38 0.645011 0.16 0.485011
30 0.558156 0.16 0.398156
50 0.625832 0.16 0.465832
42 0.8 0.048 0.752
11 0.8 0.048 0.752
47 0.8 0.048 0.752
28 0.8 0.048 0.752
7 0.8 0.048 0.752
13 0.8 0.048 0.752
49 0.8 0.048 0.752
8 0.8 0.048 0.752
37 0.8 0.048 0.752
40 0.8 0.048 0.752
49 0.752 0.048 0.704
49 0.704 0.16 0.544
49 0.544 0.016 0.528
8 0.752 0.16 0.592
37 0.752 0.16 0.592
40 0.752 0.16 0.592
16 0.8 0.048 0.752
13 0.752 0.048 0.704
7 0.8 0.048 0.752
39 0.8 0.048 0.752
29 0.8 0.048 0.752
35 0.8 0.048 0.752
44 0.8 0.048 0.752
1 0.8 0.048 0.752
24 0.8 0.048 0.752
31 0.8 0.048 0.752
43 0.8 0.048 0.752
9 0.8 0.048 0.752
20 0.8 0.048 0.752
27 0.8 0.048 0.752
41 0.8 0.048 0.752
45 0.8 0.048 0.752
8 0.66889 0.048 0.62089
45 0.752 0.048 0.704
45 0.704 0.16 0.544
45 0.544 0.016 0.528
8 0.62089 0.16 0.46089
35 0.8 0.048 0.752
29 0.8 0.048 0.752
34 0.8 0.048 0.752
39 0.8 0.048 0.752
41 0.752 0.048 0.704
12 0.8 0.048 0.752
20 0.8 0.048 0.752
27 0.752 0.048 0.704
43 0.752 0.048 0.704
27 0.704 0.048 0.656
9 0.8 0.048 0.752
20 0.752 0.048 0.704
41 0.704 0.048 0.656
43 0.704 0.048 0.656
3 0.8 0.048 0.752
12 0.752 0.048 0.704
22 0.8 0.048 0.752
28 0.8 0.048 0.752
47 0.8 0.048 0.752
28 0.752 0.048 0.704
28 0.704 0.16 0.544
28 0.544 0.016 0.528
47 0.752 0.16 0.592
24 0.8 0.048 0.752
1 0.8 0.048 0.752
6 0.8 0.048 0.752
44 0.8 0.048 0.752
2 0.8 0.048 0.752
33 0.8 0.048 0.752
32 0.8 0.048 0.752
18 0.60892 0.048 0.56092
46 0.716756 0.048 0.668756
48 0.71349 0.048 0.66549
5 0.8 0.048 0.752
19 0.8 0.048 0.752
21 0.8 0.048 0.752
15 0.8 0.048 0.752
17 0.8 0.048 0.752
4 0.8 0.048 0.752
10 0.8 0.048 0.752
31 0.8 0.048 0.752
26 0.8 0.048 0.752
44 0.8 0.048 0.752
10 0.8 0.048 0.752
4 0.8 0.048 0.752
17 0.752 0.048 0.704
42 0.8 0.048 0.752
11 0.8 0.048 0.752
47 0.8 0.048 0.752
28 0.675308 0.048 0.627308
47 0.752 0.048 0.704
47 0.704 0.16 0.544
28 0.627308 0.16 0.467308
7 0.8 0.048 0.752
13 0.8 0.048 0.752
16 0.8 0.048 0.752
16 0.752 0.048 0.704
16 0.704 0.16 0.544
16 0.544 0.016 0.528
13 0.752 0.048 0.704
7 0.8 0.048 0.752
39 0.8 0.048 0.752
29 0.8 0.048 0.752
35 0.8 0.048 0.752
44 0.8 0.048 0.752
1 0.8 0.048 0.752
24 0.8 0.048 0.752
31 0.8 0.048 0.752
43 0.8 0.048 0.752
9 0.8 0.048 0.752
20 0.8 0.048 0.752
27 0.8 0.048 0.752
41 0.8 0.048 0.752
35 0.8 0.048 0.752
29 0.8 0.048 0.752
39 0.8 0.048 0.752
41 0.752 0.048 0.704
9 0.8 0.048 0.752
12 0.8 0.048 0.752
20 0.8 0.048 0.752
27 0.752 0.048 0.704
43 0.752 0.048 0.704
27 0.704 0.048 0.656
9 0.752 0.048 0.704
20 0.752 0.048 0.704
41 0.704 0.048 0.656
43 0.704 0.048 0.656
3 0.8 0.048 0.752
12 0.752 0.048 0.704
22 0.8 0.048 0.752
24 0.8 0.048 0.752
1 0.8 0.048 0.752
6 0.8 0.048 0.752
44 0.8 0.048 0.752
2 0.8 0.048 0.752
33 0.8 0.048 0.752
32 0.8 0.048 0.752
18 0.8 0.048 0.752
46 0.8 0.048 0.752
5 0.8 0.048 0.752
19 0.8 0.048 0.752
21 0.8 0.048 0.752
15 0.8 0.048 0.752
17 0.8 0.048 0.752
4 0.8 0.048 0.752
10 0.8 0.048 0.752
31 0.8 0.048 0.752
44 0.8 0.048 0.752
10 0.8 0.048 0.752
4 0.8 0.048 0.752
17 0.752 0.048 0.704
42 0.8 0.048 0.752
11 0.8 0.048 0.752
7 0.8 0.048 0.752
13 0.8 0.048 0.752
13 0.752 0.048 0.704
7 0.8 0.048 0.752
39 0.8 0.048 0.752
29 0.8 0.048 0.752
35 0.8 0.048 0.752
44 0.8 0.048 0.752
1 0.8 0.048 0.752
24 0.8 0.048 0.752
43 0.8 0.048 0.752
9 0.8 0.048 0.752
20 0.8 0.048 0.752
27 0.8 0.048 0.752
41 0.8 0.048 0.752
35 0.8 0.048 0.752
29 0.8 0.048 0.752
39 0.8 0.048 0.752
41 0.752 0.048 0.704
9 0.8 0.048 0.752
20 0.8 0.048 0.752
27 0.752 0.048 0.704
43 0.752 0.048 0.704
27 0.704 0.048 0.656
9 0.752 0.048 0.704
20 0.752 0.048 0.704
41 0.704 0.048 0.656
43 0.704 0.048 0.656
3 0.8 0.048 0.752
12 0.8 0.048 0.752
22 0.8 0.048 0.752
22 0.752 0.048 0.704
22 0.704 0.16 0.544
22 0.544 0.016 0.528
24 0.8 0.048 0.752
1 0.8 0.048 0.752
6 0.8 0.048 0.752
44 0.8 0.048 0.752
2 0.8 0.048 0.752
33 0.8 0.048 0.752
32 0.8 0.048 0.752
18 0.8 0.048 0.752
46 0.8 0.048 0.752
5 0.8 0.048 0.752
19 0.8 0.048 0.752
21 0.8 0.048 0.752
15 0.8 0.048 0.752
17 0.8 0.048 0.752
4 0.8 0.048 0.752
10 0.8 0.048 0.752
31 0.8 0.048 0.752
26 0.8 0.048 0.752
10 0.8 0.048 0.752
4 0.8 0.048 0.752
17 0.752 0.048 0.704
42 0.8 0.048 0.752
11 0.8 0.048 0.752
7 0.8 0.048 0.752
13 0.8 0.048 0.752
13 0.752 0.048 0.704
7 0.8 0.048 0.752
39 0.8 0.048 0.752
29 0.8 0.048 0.752
35 0.8 0.048 0.752
39 0.752 0.048 0.704
39 0.704 0.16 0.544
39 0.544 0.016 0.528
29 0.752 0.16 0.592
35 0.752 0.16 0.592
44 0.8 0.048 0.752
1 0.8 0.048 0.752
24 0.8 0.048 0.752
43 0.8 0.048 0.752
9 0.8 0.048 0.752
20 0.8 0.048 0.752
27 0.8 0.048 0.752
41 0.8 0.048 0.752
35 0.667798 0.048 0.619798
29 0.66637 0.048 0.61837
39 0.607254 0.048 0.559254
35 0.619798 0.096 0.523798
35 0.523798 0.16 0.363798
35 0.363798 0.016 0.347798
29 0.61837 0.16 0.45837
39 0.559254 0.16 0.399254
41 0.752 0.048 0.704
9 0.8 0.048 0.752
12 0.8 0.048 0.752
20 0.8 0.048 0.752
27 0.752 0.048 0.704
43 0.752 0.048 0.704
27 0.704 0.048 0.656
9 0.752 0.048 0.704
20 0.752 0.048 0.704
41 0.704 0.048 0.656
43 0.704 0.048 0.656
3 0.8 0.048 0.752
12 0.752 0.048 0.704
24 0.8 0.048 0.752
1 0.8 0.048 0.752
6 0.8 0.048 0.752
44 0.8 0.048 0.752
2 0.8 0.048 0.752
33 0.8 0.048 0.752
32 0.8 0.048 0.752
18 0.8 0.048 0.752
46 0.8 0.048 0.752
5 0.8 0.048 0.752
19 0.8 0.048 0.752
21 0.8 0.048 0.752
15 0.8 0.048 0.752
17 0.8 0.048 0.752
4 0.8 0.048 0.752
10 0.8 0.048 0.752
31 0.8 0.048 0.752
26 0.8 0.048 0.752
10 0.8 0.048 0.752
4 0.8 0.048 0.752
17 0.752 0.048 0.704
42 0.8 0.048 0.752
11 0.8 0.048 0.752
42 0.752 0.048 0.704
42 0.704 0.16 0.544
42 0.544 0.016 0.528
11 0.752 0.16 0.592
7 0.8 0.048 0.752
13 0.8 0.048 0.752
13 0.752 0.048 0.704
7 0.8 0.048 0.752
44 0.8 0.048 0.752
1 0.8 0.048 0.752
24 0.8 0.048 0.752
43 0.8 0.048 0.752
9 0.8 0.048 0.752
20 0.8 0.048 0.752
27 0.8 0.048 0.752
41 0.8 0.048 0.752
41 0.752 0.048 0.704
9 0.8 0.048 0.752
12 0.8 0.048 0.752
20 0.8 0.048 0.752
27 0.752 0.048 0.704
43 0.752 0.048 0.704
27 0.704 0.048 0.656
9 0.752 0.048 0.704
20 0.752 0.048 0.704
41 0.704 0.048 0.656
43 0.704 0.048 0.656
3 0.8 0.048 0.752
12 0.752 0.048 0.704
24 0.8 0.048 0.752
1 0.8 0.048 0.752
6 0.8 0.048 0.752
44 0.8 0.048 0.752
2 0.8 0.048 0.752
33 0.8 0.048 0.752
32 0.8 0.048 0.752
18 0.8 0.048 0.752
46 0.8 0.048 0.752
5 0.8 0.048 0.752
19 0.8 0.048 0.752
21 0.8 0.048 0.752
15 0.8 0.048 0.752
17 0.8 0.048 0.752
4 0.8 0.048 0.752
10 0.8 0.048 0.752
31 0.8 0.048 0.752
26 0.8 0.048 0.752
10 0.8 0.048 0.752
4 0.8 0.048 0.752
17 0.752 0.048 0.704
7 0.8 0.048 0.752
13 0.8 0.048 0.752
13 0.752 0.048 0.704
7 0.8 0.048 0.752
44 0.8 0.048 0.752
1 0.8 0.048 0.752
24 0.8 0.048 0.752
43 0.8 0.048 0.752
9 0.8 0.048 0.752
20 0.8 0.048 0.752
27 0.8 0.048 0.752
41 0.8 0.048 0.752
43 0.752 0.048 0.704
43 0.704 0.16 0.544
43 0.544 0.016 0.528
9 0.752 0.16 0.592
20 0.752 0.16 0.592
27 0.752 0.16 0.592
41 0.752 0.16 0.592
41 0.592 0.048 0.544
9 0.669695 0.048 0.621695
12 0.8 0.048 0.752
20 0.670655 0.048 0.622655
27 0.592 0.048 0.544
43 0.528 0.048 0.48
41 0.544 0.048 0.496
41 0.496 0.16 0.336
9 0.621695 0.16 0.461695
12 0.752 0.16 0.592
20 0.622655 0.16 0.462655
27 0.544 0.16 0.384
43 0.48 0.16 0.32
27 0.384 0.048 0.336
9 0.461695 0.048 0.413695
20 0.462655 0.048 0.414655
41 0.336 0.048 0.288
43 0.32 0.048 0.272
27 0.336 0.048 0.288
27 0.288 0.16 0.128
27 0.128 0.016 0.112
9 0.413695 0.16 0.253695
20 0.414655 0.16 0.254655
41 0.288 0.16 0.128
43 0.272 0.16 0.112
3 0.8 0.048 0.752
12 0.592 0.048 0.544
24 0.8 0.048 0.752
1 0.8 0.048 0.752
6 0.8 0.048 0.752
44 0.8 0.048 0.752
2 0.8 0.048 0.752
33 0.8 0.048 0.752
32 0.8 0.048 0.752
18 0.8 0.048 0.752
46 0.8 0.048 0.752
5 0.8 0.048 0.752
19 0.8 0.048 0.752
21 0.8 0.048 0.752
15 0.8 0.048 0.752
17 0.8 0.048 0.752
4 0.8 0.048 0.752
10 0.8 0.048 0.752
31 0.8 0.048 0.752
26 0.8 0.048 0.752
10 0.8 0.048 0.752
4 0.8 0.048 0.752
17 0.752 0.048 0.704
7 0.8 0.048 0.752
13 0.8 0.048 0.752
13 0.752 0.048 0.704
7 0.8 0.048 0.752
44 0.8 0.048 0.752
1 0.8 0.048 0.752
6 0.8 0.048 0.752
24 0.8 0.048 0.752
3 0.8 0.048 0.752
12 0.8 0.048 0.752
24 0.8 0.048 0.752
1 0.8 0.048 0.752
6 0.8 0.048 0.752
44 0.8 0.048 0.752
2 0.8 0.048 0.752
33 0.8 0.048 0.752
32 0.8 0.048 0.752
18 0.8 0.048 0.752
46 0.8 0.048 0.752
5 0.8 0.048 0.752
19 0.8 0.048 0.752
21 0.8 0.048 0.752
15 0.8 0.048 0.752
17 0.8 0.048 0.752
4 0.8 0.048 0.752
10 0.8 0.048 0.752
31 0.8 0.048 0.752
26 0.8 0.048 0.752
10 0.8 0.048 0.752
4 0.8 0.048 0.752
17 0.752 0.048 0.704
7 0.8 0.048 0.752
13 0.8 0.048 0.752
13 0.752 0.048 0.704
7 0.8 0.048 0.752
44 0.8 0.048 0.752
1 0.8 0.048 0.752
6 0.8 0.048 0.752
24 0.8 0.048 0.752
3 0.8 0.048 0.752
12 0.8 0.048 0.752
24 0.8 0.048 0.752
1 0.8 0.048 0.752
6 0.8 0.048 0.752
44 0.8 0.048 0.752
2 0.8 0.048 0.752
33 0.8 0.048 0.752
32 0.8 0.048 0.752
18 0.8 0.048 0.752
46 0.8 0.048 0.752
32 0.752 0.048 0.704
32 0.704 0.16 0.544
32 0.544 0.016 0.528
18 0.752 0.16 0.592
46 0.752 0.16 0.592
5 0.8 0.048 0.752
19 0.8 0.048 0.752
21 0.8 0.048 0.752
15 0.8 0.048 0.752
17 0.8 0.048 0.752
4 0.8 0.048 0.752
10 0.8 0.048 0.752
31 0.8 0.048 0.752
26 0.8 0.048 0.752
10 0.8 0.048 0.752
4 0.8 0.048 0.752
17 0.752 0.048 0.704
7 0.8 0.048 0.752
13 0.8 0.048 0.752
13 0.752 0.048 0.704
7 0.8 0.048 0.752
44 0.8 0.048 0.752
1 0.8 0.048 0.752
24 0.8 0.048 0.752
3 0.8 0.048 0.752
12 0.8 0.048 0.752
24 0.8 0.048 0.752
1 0.8 0.048 0.752
6 0.8 0.048 0.752
44 0.8 0.048 0.752
2 0.8 0.048 0.752
33 0.8 0.048 0.752
5 0.8 0.048 0.752
19 0.8 0.048 0.752
21 0.8 0.048 0.752
15 0.8 0.048 0.752
17 0.8 0.048 0.752
4 0.8 0.048 0.752
10 0.8 0.048 0.752
31 0.8 0.048 0.752
26 0.8 0.048 0.752
10 0.8 0.048 0.752
4 0.8 0.048 0.752
17 0.752 0.048 0.704
7 0.8 0.048 0.752
13 0.8 0.048 0.752
13 0.752 0.048 0.704
7 0.8 0.048 0.752
44 0.8 0.048 0.752
1 0.8 0.048 0.752
6 0.8 0.048 0.752
24 0.8 0.048 0.752
3 0.8 0.048 0.752
12 0.8 0.048 0.752
24 0.8 0.048 0.752
1 0.8 0.048 0.752
6 0.8 0.048 0.752
44 0.8 0.048 0.752
2 0.8 0.048 0.752
33 0.8 0.048 0.752
2 0.752 0.048 0.704
2 0.704 0.16 0.544
2 0.544 0.016 0.528
33 0.752 0.16 0.592
5 0.8 0.048 0.752
19 0.8 0.048 0.752
21 0.8 0.048 0.752
15 0.8 0.048 0.752
17 0.8 0.048 0.752
4 0.8 0.048 0.752
10 0.8 0.048 0.752
31 0.8 0.048 0.752
26 0.8 0.048 0.752
10 0.8 0.048 0.752
4 0.8 0.048 0.752
17 0.752 0.048 0.704
7 0.8 0.048 0.752
13 0.8 0.048 0.752
13 0.752 0.048 0.704
7 0.8 0.048 0.752
44 0.8 0.048 0.752
1 0.8 0.048 0.752
6 0.8 0.048 0.752
24 0.8 0.048 0.752
3 0.8 0.048 0.752
12 0.8 0.048 0.752
24 0.8 0.048 0.752
1 0.8 0.048 0.752
6 0.8 0.048 0.752
44 0.8 0.048 0.752
5 0.8 0.048 0.752
19 0.8 0.048 0.752
21 0.8 0.048 0.752
15 0.8 0.048 0.752
17 0.8 0.048 0.752
4 0.8 0.048 0.752
10 0.8 0.048 0.752
31 0.8 0.048 0.752
26 0.8 0.048 0.752
10 0.8 0.048 0.752
4 0.8 0.048 0.752
17 0.752 0.048 0.704
