34 315 0 100 3.50103e-08 1.12369 1.12369
12 335 0 100 1.16701e-08 2.64395 2.64395
51 337 0 100 0.5 2.90942 3.40942
5 341 0 100 0.5 3.20529 3.70529
32 357 0 100 2.33402e-08 4.26448 4.26448
84 358 0 100 1.16701e-08 4.43685 4.43685
26 359 0 100 1.16701e-08 4.48493 4.48493
40 347 0 100 1.5 3.42687 4.92687
23 316 0 100 4 1.14134 5.14134
60 363 0 100 0.5 4.89555 5.39555
57 356 0 100 1.5 4.12562 5.62562
20 322 0 100 4.5 1.41515 5.91515
38 351 0 100 2.5 3.65317 6.15317
56 326 0 100 4.5 1.74787 6.24787
34 360 0 100 2 4.49732 6.49732
42 333 0 100 5 2.31972 7.31972
78 338 0 100 4.5 2.93548 7.43548
76 352 0 100 4 3.72167 7.72167
76 367 0 100 1.5 6.37974 7.87974
46 348 0 100 4.5 3.43807 7.93807
55 317 0 100 7 1.15487 8.15487
67 346 0 100 5 3.39533 8.39533
72 376 0 100 0.5 7.90028 8.40028
51 374 0 100 1 7.68963 8.68963
53 361 0 100 4 4.70551 8.70551
53 378 0 100 0.5 8.37436 8.87436
30 377 0 100 1 8.34408 9.34408
83 340 0 100 6.5 3.19283 9.69283
71 329 0 100 9.5 2.11519 11.6152
85 336 0 100 9.5 2.78175 12.2817
42 364 0 100 6.5 6.07083 12.5708
73 345 0 100 9.5 3.28582 12.7858
72 349 0 100 10 3.55875 13.5588
30 365 0 100 8.5 6.20993 14.7099
84 369 0 100 8 6.76696 14.767
86 354 0 100 11 3.99027 14.9903
