58 2739 0 100 1.16701e-08 1.49277 1.49277
4 2742 0 100 1.16701e-08 1.60682 1.60682
76 2737 0 100 0.5 1.37162 1.87162
32 2767 0 100 1.16701e-08 2.41547 2.41547
54 2763 0 100 0.5 2.26509 2.76509
22 2769 0 100 0.5 2.43996 2.93996
36 2789 0 100 0.5 3.09623 3.59623
7 2804 0 100 1.16701e-08 3.69018 3.69018
87 2732 0 100 2.5 1.22783 3.72783
69 2798 0 100 0.5 3.5237 4.0237
34 2726 0 100 3 1.04 4.04
24 2776 0 100 1.5 2.62019 4.12019
16 2791 0 100 1 3.16941 4.16941
68 2812 0 100 0.5 3.89312 4.39312
9 2829 0 100 1.16701e-08 4.43276 4.43276
57 2740 0 100 3 1.51696 4.51696
18 2821 0 100 0.5 4.20378 4.70378
57 2822 0 100 0.5 4.20701 4.70701
46 2760 0 100 2.5 2.25637 4.75637
86 2761 0 100 2.5 2.26272 4.76272
3 2825 0 100 0.5 4.30034 4.80034
61 2736 0 100 3.5 1.34681 4.84681
15 2809 0 100 1 3.84791 4.84791
89 2734 0 100 4.5 1.28752 5.78752
82 2840 0 100 1 4.81997 5.81997
85 2783 0 100 3 2.86654 5.86654
19 2836 0 100 1.5 4.68447 6.18447
84 2747 0 100 4.5 1.73817 6.23817
56 2748 0 100 4.5 1.80801 6.30801
50 2814 0 100 2.5 3.97151 6.47151
42 2818 0 100 2.5 4.11239 6.61239
35 2777 0 100 4 2.62472 6.62472
12 2787 0 100 4 3.0319 7.0319
31 2775 0 100 4.5 2.60665 7.10665
31 2852 0 100 1.5 5.62061 7.12061
76 2853 0 100 1.5 5.62637 7.12637
23 2727 0 100 6.5 1.09774 7.59774
79 2839 0 100 3 4.81205 7.81205
64 2772 0 100 5.5 2.52957 8.02957
8 2782 0 100 5.5 2.84124 8.34124
60 2771 0 100 6 2.52689 8.52689
65 2730 0 100 7.5 1.13198 8.63198
40 2824 0 100 4.5 4.26108 8.76108
87 2868 0 100 2.5 6.58052 9.08052
81 2861 0 100 3 6.2051 9.2051
41 2766 0 100 7.5 2.34992 9.84992
43 2899 0 100 1.5 8.37819 9.87819
18 2923 0 100 0.5 9.6868 10.1868
14 2731 0 100 9.5 1.22543 10.7254
85 2912 0 100 2 9.09365 11.0937
89 2835 0 100 6.5 4.6485 11.1485
1 2806 0 100 7.5 3.74864 11.2486
37 2745 0 100 10 1.6775 11.6775
26 2784 0 100 9 2.91023 11.9102
72 2795 0 100 8.5 3.42906 11.9291
6 2797 0 100 8.5 3.46982 11.9698
62 2762 0 100 10 2.26464 12.2646
30 2779 0 100 10 2.67858 12.6786
23 2924 0 100 3 9.68728 12.6873
32 2873 0 100 6 6.79352 12.7935
27 2811 0 100 9 3.88023 12.8802
90 2817 0 100 9 4.03958 13.0396
52 2756 0 100 11 2.2066 13.2066
22 2883 0 100 6 7.41745 13.4175
63 2820 0 100 9.5 4.17053 13.6705
25 2827 0 100 9.5 4.40579 13.9058
69 2875 0 100 7.5 6.9241 14.4241
24 2905 0 100 6 8.75036 14.7504
