3 574
19 574
35 575
15 576
43 577
14 577
47 578
50 579
6 579
32 580
16 580
33 580
10 580
49 581
2 581
12 581
34 581
23 584
39 584
48 586
21 587
16 588
20 589
2 582
1 590
25 590
40 583
27 591
47 591
38 585
41 585
29 593
11 593
12 592
5 592
3 596
24 597
7 598
17 598
8 599
42 599
30 600
4 600
42 602
31 601
41 605
40 597
33 607
3 607
44 608
50 610
26 611
37 612
40 613
28 594
20 608
13 586
30 614
12 601
31 615
15 585
12 618
48 620
41 621
21 616
9 587
43 589
20 625
22 609
21 609
7 612
37 626
18 583
40 624
24 613
46 603
23 599
28 627
49 604
38 605
30 628
27 614
50 623
1 610
9 609
29 611
26 622
44 625
32 588
33 608
16 617
36 606
