88 851 1.05428
3 852 1.06237
35 853 1.08858
47 854 1.10625
40 855 1.13721
16 856 1.17119
58 857 1.23352
19 858 1.2837
69 859 1.30271
52 860 1.3977
45 861 1.43025
28 862 1.44571
27 863 1.53932
72 864 1.58755
68 865 1.59442
22 866 1.78044
62 867 1.79728
20 868 1.81953
29 869 1.83185
66 870 1.8783
11 871 1.91564
55 872 1.99203
4 873 2.24721
34 874 2.27215
23 875 2.29382
75 876 2.34076
24 877 2.46515
56 878 2.5232
25 879 2.64798
13 880 2.65817
1 881 2.66433
64 882 2.6888
14 883 2.78877
37 884 2.80067
61 885 2.88805
6 886 3.03743
44 887 3.24162
81 888 3.29108
86 889 3.3152
70 890 3.3466
35 891 3.3901
51 892 3.42486
80 893 3.45355
41 894 3.46038
76 895 3.6286
65 896 3.71245
53 897 3.78432
89 898 3.8026
9 899 3.81893
27 900 4.06615
8 901 4.0666
30 902 4.21146
31 903 4.2964
5 904 4.29786
2 905 4.41053
83 906 4.48792
59 907 4.49999
40 908 4.61551
73 909 4.72648
77 910 4.75714
90 911 4.77076
3 912 4.77738
84 913 4.84646
18 914 4.96186
79 915 4.99684
69 916 5.01058
64 917 5.23405
34 918 5.45608
66 919 5.45862
41 920 5.68815
47 921 5.7384
14 922 5.91124
37 923 5.91227
28 924 5.98065
20 925 6.22506
29 926 6.41778
30 927 6.82067
4 928 7.18332
2 929 7.4251
8 930 7.42725
44 931 7.47408
73 932 7.56883
90 933 7.60438
86 934 7.77029
65 935 7.83829
79 936 8.28472
18 937 8.81627
77 938 9.16817
47 939 9.47111
14 940 9.49004
73 941 9.58879
64 942 9.67622
46 943 9.94678
