25 493 1.25487
12 494 1.49121
3 495 1.51278
17 496 1.65792
22 497 1.75387
16 498 1.75557
1 499 1.87329
8 500 2.19318
10 501 2.20925
4 502 2.51011
5 503 2.71757
13 504 2.97445
19 505 3.02028
14 506 3.0843
18 507 3.13818
17 508 3.84331
30 509 4.36455
16 510 4.51228
1 511 4.52464
15 512 4.54719
26 513 4.55698
27 514 4.69817
23 515 4.83691
12 516 5.34829
3 517 5.68015
8 518 6.34679
16 519 6.62373
27 520 7.41099
25 521 7.60969
15 522 7.68463
18 523 7.83858
30 524 7.98275
4 525 8.29034
8 526 8.66392
1 527 8.97993
3 528 9.94244
