6 2029 1.19898
26 2032 1.43347
54 2034 1.53388
30 2035 1.57385
5 2037 1.60118
32 2039 1.7496
47 2040 1.78075
8 2042 1.79561
18 2043 1.88202
31 2045 1.89148
34 2046 1.93557
60 2047 1.96046
33 2048 1.96556
41 2049 1.98069
11 2051 2.04318
49 2053 2.18825
20 2055 2.23524
15 2057 2.31314
10 2059 2.40139
21 2061 2.51584
53 2063 2.62254
51 2064 2.64057
24 2065 2.66297
28 2067 2.71394
16 2069 2.80103
36 2071 2.89012
45 2074 3.16033
3 2076 3.20186
57 2079 3.40597
17 2081 3.51169
12 2083 3.63248
40 2085 3.7041
19 2088 3.91453
37 2089 3.97525
22 2091 3.99525
27 2092 4.02065
9 2094 4.08974
42 2095 4.10977
33 2096 4.12478
38 2097 4.14628
15 2101 4.47124
4 2102 4.48475
25 2104 4.50872
46 2105 4.52661
13 2106 4.56988
7 2108 4.64808
39 2109 4.65008
55 2112 4.79392
23 2113 4.80112
2 2114 4.87011
50 2116 4.91761
5 2121 5.30357
49 2125 5.59262
32 2127 5.78809
34 2131 6.03921
54 2135 6.33957
7 2141 6.82456
18 2142 6.84301
4 2144 6.89718
6 2146 7.05185
26 2151 7.42313
37 2154 7.60528
19 2158 7.89147
46 2159 7.92085
30 2164 8.32003
17 2165 8.38061
51 2168 8.52915
22 2177 9.34915
11 2180 9.51898
31 2181 9.54668
15 2186 9.95589
