7 288 0 100 3.50103e-08 1.81268 1.81268
74 304 0 100 1.16701e-08 3.00699 3.00699
72 295 0 100 1 2.15291 3.15291
38 300 0 100 1 2.32937 3.32937
71 301 0 100 1 2.53316 3.53316
26 280 0 100 2.5 1.29504 3.79504
27 310 0 100 0.5 4.00834 4.50834
25 293 0 100 2.5 2.11034 4.61034
80 309 0 100 1 3.8842 4.8842
28 278 0 100 4 1.22108 5.22108
78 311 0 100 1.5 4.14258 5.64258
46 308 0 100 2 3.8625 5.8625
24 316 0 100 1 5.53837 6.53837
6 296 0 100 4.5 2.17641 6.67641
19 312 0 100 2.5 4.42328 6.92328
35 291 0 100 6 2.09166 8.09166
65 307 0 100 5 3.4507 8.4507
29 279 0 100 7.5 1.26827 8.76827
9 299 0 100 7 2.32072 9.32072
15 277 0 100 8.5 1.18489 9.68489
22 292 0 100 9 2.1036 11.1036
53 284 0 100 10 1.50201 11.502
14 306 0 100 8.5 3.37027 11.8703
6 332 0 100 2.5 9.78547 12.2855
1 331 0 100 3 9.3897 12.3897
10 317 0 100 7.5 5.72178 13.2218
79 321 0 100 7 6.65681 13.6568
38 325 0 100 6 7.90692 13.9069
26 318 0 100 8.5 5.72243 14.2224
29 313 0 100 9.5 4.75777 14.2578
29 324 0 100 6.5 7.76195 14.2619
