15 50 0.048 49.952
11 50 0.048 49.952
15 49.952 0.16 49.792
11 49.952 0.16 49.792
11 49.792 0.048 49.744
15 49.792 0.048 49.744
11 49.9846 0.048 49.9366
15 49.8989 0.048 49.8509
8 50 0.048 49.952
11 50 0.048 49.952
15 50 0.048 49.952
6 50 0.048 49.952
8 50 0.048 49.952
3 50 0.048 49.952
14 50 0.048 49.952
3 49.952 0.16 49.792
14 49.952 0.16 49.792
14 49.792 0.048 49.744
3 49.792 0.048 49.744
11 50 0.048 49.952
15 50 0.048 49.952
6 50 0.048 49.952
8 50 0.048 49.952
14 49.9857 0.048 49.9377
3 49.8979 0.048 49.8499
11 50 0.048 49.952
15 50 0.048 49.952
6 50 0.048 49.952
18 50 0.048 49.952
10 50 0.048 49.952
18 49.952 0.16 49.792
10 49.952 0.16 49.792
10 49.792 0.048 49.744
18 49.792 0.048 49.744
8 50 0.048 49.952
14 50 0.048 49.952
3 49.9684 0.048 49.9204
11 50 0.048 49.952
15 50 0.048 49.952
6 50 0.048 49.952
10 49.9965 0.048 49.9485
18 49.9003 0.048 49.8523
8 50 0.048 49.952
14 50 0.048 49.952
3 50 0.048 49.952
11 50 0.048 49.952
15 50 0.048 49.952
6 50 0.048 49.952
10 50 0.048 49.952
18 50 0.048 49.952
8 50 0.048 49.952
14 50 0.048 49.952
3 50 0.048 49.952
11 50 0.048 49.952
15 50 0.048 49.952
6 50 0.048 49.952
10 50 0.048 49.952
18 50 0.048 49.952
8 50 0.048 49.952
14 50 0.048 49.952
3 50 0.048 49.952
11 50 0.048 49.952
15 50 0.048 49.952
6 50 0.048 49.952
10 50 0.048 49.952
18 50 0.048 49.952
8 50 0.048 49.952
14 50 0.048 49.952
3 50 0.048 49.952
11 50 0.048 49.952
15 50 0.048 49.952
6 50 0.048 49.952
10 50 0.048 49.952
18 50 0.048 49.952
20 50 0.048 49.952
7 50 0.048 49.952
20 49.952 0.16 49.792
7 49.952 0.16 49.792
7 49.792 0.048 49.744
20 49.792 0.048 49.744
7 49.744 0.16 49.584
20 49.744 0.16 49.584
8 50 0.048 49.952
14 50 0.048 49.952
3 50 0.048 49.952
11 50 0.048 49.952
15 50 0.048 49.952
6 50 0.048 49.952
10 50 0.048 49.952
18 50 0.048 49.952
8 50 0.048 49.952
14 50 0.048 49.952
3 50 0.048 49.952
11 50 0.048 49.952
15 50 0.048 49.952
6 50 0.048 49.952
10 50 0.048 49.952
18 50 0.048 49.952
8 50 0.048 49.952
9 50 0.048 49.952
14 50 0.048 49.952
3 50 0.048 49.952
11 50 0.048 49.952
15 50 0.048 49.952
6 50 0.048 49.952
10 50 0.048 49.952
18 50 0.048 49.952
8 50 0.048 49.952
9 50 0.048 49.952
14 50 0.048 49.952
3 50 0.048 49.952
11 50 0.048 49.952
15 50 0.048 49.952
6 50 0.048 49.952
10 50 0.048 49.952
18 50 0.048 49.952
8 50 0.048 49.952
9 50 0.048 49.952
14 50 0.048 49.952
3 50 0.048 49.952
11 50 0.048 49.952
15 50 0.048 49.952
6 50 0.048 49.952
10 50 0.048 49.952
18 50 0.048 49.952
19 50 0.048 49.952
19 49.952 0.16 49.792
8 50 0.048 49.952
9 50 0.048 49.952
1 50 0.048 49.952
14 50 0.048 49.952
3 50 0.048 49.952
11 50 0.048 49.952
15 50 0.048 49.952
6 50 0.048 49.952
10 50 0.048 49.952
18 50 0.048 49.952
8 50 0.048 49.952
9 50 0.048 49.952
1 50 0.048 49.952
14 50 0.048 49.952
3 50 0.048 49.952
11 50 0.048 49.952
15 50 0.048 49.952
6 50 0.048 49.952
10 50 0.048 49.952
18 50 0.048 49.952
8 50 0.048 49.952
9 50 0.048 49.952
1 50 0.048 49.952
14 50 0.048 49.952
3 50 0.048 49.952
11 50 0.048 49.952
15 50 0.048 49.952
6 50 0.048 49.952
10 50 0.048 49.952
18 50 0.048 49.952
8 50 0.048 49.952
8 49.952 0.16 49.792
9 50 0.048 49.952
1 50 0.048 49.952
14 50 0.048 49.952
3 50 0.048 49.952
11 50 0.048 49.952
15 50 0.048 49.952
6 50 0.048 49.952
10 50 0.048 49.952
18 50 0.048 49.952
9 50 0.048 49.952
1 50 0.048 49.952
14 50 0.048 49.952
3 50 0.048 49.952
11 50 0.048 49.952
7 50 0.048 49.952
20 50 0.048 49.952
7 49.952 0.16 49.792
20 49.952 0.16 49.792
20 49.792 0.048 49.744
7 49.792 0.048 49.744
6 50 0.048 49.952
16 50 0.048 49.952
12 50 0.048 49.952
16 49.952 0.16 49.792
12 49.952 0.16 49.792
12 49.792 0.048 49.744
16 49.792 0.048 49.744
10 50 0.048 49.952
18 50 0.048 49.952
9 50 0.048 49.952
1 50 0.048 49.952
14 50 0.048 49.952
3 50 0.048 49.952
11 50 0.048 49.952
20 49.8669 0.048 49.8189
7 49.8828 0.048 49.8348
6 50 0.048 49.952
12 49.9947 0.048 49.9467
16 49.8601 0.048 49.8121
10 50 0.048 49.952
18 50 0.048 49.952
9 50 0.048 49.952
1 50 0.048 49.952
14 50 0.048 49.952
3 50 0.048 49.952
11 50 0.048 49.952
20 50 0.048 49.952
7 49.9758 0.048 49.9278
6 50 0.048 49.952
12 50 0.048 49.952
16 50 0.048 49.952
10 50 0.048 49.952
18 50 0.048 49.952
9 50 0.048 49.952
1 50 0.048 49.952
14 50 0.048 49.952
3 50 0.048 49.952
11 50 0.048 49.952
20 50 0.048 49.952
7 50 0.048 49.952
6 50 0.048 49.952
12 50 0.048 49.952
16 50 0.048 49.952
10 50 0.048 49.952
18 50 0.048 49.952
9 50 0.048 49.952
1 50 0.048 49.952
14 50 0.048 49.952
3 50 0.048 49.952
11 50 0.048 49.952
20 50 0.048 49.952
7 50 0.048 49.952
6 50 0.048 49.952
12 50 0.048 49.952
16 50 0.048 49.952
10 50 0.048 49.952
18 50 0.048 49.952
9 50 0.048 49.952
1 50 0.048 49.952
14 50 0.048 49.952
3 50 0.048 49.952
11 50 0.048 49.952
20 50 0.048 49.952
7 50 0.048 49.952
6 50 0.048 49.952
12 50 0.048 49.952
16 50 0.048 49.952
10 50 0.048 49.952
18 50 0.048 49.952
9 50 0.048 49.952
1 50 0.048 49.952
14 50 0.048 49.952
3 50 0.048 49.952
11 50 0.048 49.952
20 50 0.048 49.952
7 50 0.048 49.952
4 50 0.048 49.952
6 50 0.048 49.952
17 50 0.048 49.952
12 50 0.048 49.952
16 50 0.048 49.952
10 50 0.048 49.952
18 50 0.048 49.952
9 50 0.048 49.952
1 50 0.048 49.952
14 50 0.048 49.952
3 50 0.048 49.952
11 50 0.048 49.952
15 50 0.048 49.952
20 50 0.048 49.952
7 50 0.048 49.952
4 50 0.048 49.952
4 49.952 0.16 49.792
6 50 0.048 49.952
17 50 0.048 49.952
12 50 0.048 49.952
16 50 0.048 49.952
10 50 0.048 49.952
18 50 0.048 49.952
9 50 0.048 49.952
1 50 0.048 49.952
14 50 0.048 49.952
3 50 0.048 49.952
11 50 0.048 49.952
15 50 0.048 49.952
20 50 0.048 49.952
7 50 0.048 49.952
6 50 0.048 49.952
17 50 0.048 49.952
5 50 0.048 49.952
12 50 0.048 49.952
16 50 0.048 49.952
10 50 0.048 49.952
18 50 0.048 49.952
9 50 0.048 49.952
1 50 0.048 49.952
14 50 0.048 49.952
3 50 0.048 49.952
11 50 0.048 49.952
15 50 0.048 49.952
20 50 0.048 49.952
7 50 0.048 49.952
6 50 0.048 49.952
17 50 0.048 49.952
5 50 0.048 49.952
13 50 0.048 49.952
12 50 0.048 49.952
16 50 0.048 49.952
10 50 0.048 49.952
18 50 0.048 49.952
9 50 0.048 49.952
1 50 0.048 49.952
14 50 0.048 49.952
3 50 0.048 49.952
11 50 0.048 49.952
15 50 0.048 49.952
20 50 0.048 49.952
7 50 0.048 49.952
6 50 0.048 49.952
17 50 0.048 49.952
5 50 0.048 49.952
2 50 0.048 49.952
13 50 0.048 49.952
12 50 0.048 49.952
16 50 0.048 49.952
10 50 0.048 49.952
18 50 0.048 49.952
3 49.952 0.048 49.904
14 50 0.048 49.952
9 50 0.048 49.952
1 50 0.048 49.952
14 49.952 0.048 49.904
3 50 0.048 49.952
11 50 0.048 49.952
15 50 0.048 49.952
20 50 0.048 49.952
7 50 0.048 49.952
6 50 0.048 49.952
17 50 0.048 49.952
5 50 0.048 49.952
2 50 0.048 49.952
13 50 0.048 49.952
12 50 0.048 49.952
16 50 0.048 49.952
10 50 0.048 49.952
18 50 0.048 49.952
3 49.952 0.048 49.904
14 50 0.048 49.952
9 50 0.048 49.952
1 50 0.048 49.952
14 49.952 0.048 49.904
3 50 0.048 49.952
11 50 0.048 49.952
15 50 0.048 49.952
20 50 0.048 49.952
7 50 0.048 49.952
6 50 0.048 49.952
17 50 0.048 49.952
5 50 0.048 49.952
2 50 0.048 49.952
13 50 0.048 49.952
12 50 0.048 49.952
16 50 0.048 49.952
10 50 0.048 49.952
18 50 0.048 49.952
3 49.952 0.048 49.904
14 50 0.048 49.952
9 50 0.048 49.952
1 50 0.048 49.952
15 50 0.048 49.952
11 50 0.048 49.952
14 49.952 0.048 49.904
3 50 0.048 49.952
11 49.952 0.048 49.904
15 49.952 0.048 49.904
20 50 0.048 49.952
7 50 0.048 49.952
6 50 0.048 49.952
17 50 0.048 49.952
5 50 0.048 49.952
2 50 0.048 49.952
13 50 0.048 49.952
12 50 0.048 49.952
16 50 0.048 49.952
10 50 0.048 49.952
18 50 0.048 49.952
3 49.952 0.048 49.904
14 50 0.048 49.952
9 50 0.048 49.952
1 50 0.048 49.952
15 50 0.048 49.952
11 50 0.048 49.952
14 49.952 0.048 49.904
3 50 0.048 49.952
11 49.952 0.048 49.904
15 49.952 0.048 49.904
20 50 0.048 49.952
7 50 0.048 49.952
6 50 0.048 49.952
17 50 0.048 49.952
5 50 0.048 49.952
2 50 0.048 49.952
13 50 0.048 49.952
12 50 0.048 49.952
16 50 0.048 49.952
12 49.952 0.16 49.792
16 49.952 0.16 49.792
10 50 0.048 49.952
18 50 0.048 49.952
3 49.952 0.048 49.904
14 50 0.048 49.952
9 50 0.048 49.952
1 50 0.048 49.952
15 50 0.048 49.952
11 50 0.048 49.952
14 49.952 0.048 49.904
3 50 0.048 49.952
11 49.952 0.048 49.904
15 49.952 0.048 49.904
20 50 0.048 49.952
7 50 0.048 49.952
6 50 0.048 49.952
17 50 0.048 49.952
5 50 0.048 49.952
2 50 0.048 49.952
13 50 0.048 49.952
10 50 0.048 49.952
18 50 0.048 49.952
3 49.952 0.048 49.904
14 50 0.048 49.952
9 50 0.048 49.952
1 50 0.048 49.952
15 50 0.048 49.952
11 50 0.048 49.952
14 49.952 0.048 49.904
3 50 0.048 49.952
11 49.952 0.048 49.904
15 49.952 0.048 49.904
20 50 0.048 49.952
7 50 0.048 49.952
6 50 0.048 49.952
17 50 0.048 49.952
5 50 0.048 49.952
2 50 0.048 49.952
13 50 0.048 49.952
10 50 0.048 49.952
18 50 0.048 49.952
3 49.952 0.048 49.904
14 50 0.048 49.952
9 50 0.048 49.952
1 50 0.048 49.952
15 50 0.048 49.952
11 50 0.048 49.952
14 49.952 0.048 49.904
3 50 0.048 49.952
11 49.952 0.048 49.904
15 49.952 0.048 49.904
20 50 0.048 49.952
7 50 0.048 49.952
6 50 0.048 49.952
17 50 0.048 49.952
5 50 0.048 49.952
2 50 0.048 49.952
13 50 0.048 49.952
10 50 0.048 49.952
18 50 0.048 49.952
3 49.952 0.048 49.904
14 50 0.048 49.952
9 50 0.048 49.952
1 50 0.048 49.952
15 50 0.048 49.952
11 50 0.048 49.952
14 49.952 0.048 49.904
3 50 0.048 49.952
11 49.952 0.048 49.904
15 49.952 0.048 49.904
20 50 0.048 49.952
7 50 0.048 49.952
6 50 0.048 49.952
17 50 0.048 49.952
5 50 0.048 49.952
2 50 0.048 49.952
13 50 0.048 49.952
10 50 0.048 49.952
18 50 0.048 49.952
3 49.952 0.048 49.904
14 50 0.048 49.952
9 50 0.048 49.952
1 50 0.048 49.952
15 50 0.048 49.952
11 50 0.048 49.952
14 49.952 0.048 49.904
3 50 0.048 49.952
11 49.952 0.048 49.904
15 49.952 0.048 49.904
18 50 0.048 49.952
10 50 0.048 49.952
20 50 0.048 49.952
7 50 0.048 49.952
6 50 0.048 49.952
17 50 0.048 49.952
5 50 0.048 49.952
2 50 0.048 49.952
13 50 0.048 49.952
10 49.952 0.048 49.904
18 49.952 0.048 49.904
3 49.952 0.048 49.904
14 50 0.048 49.952
9 50 0.048 49.952
1 50 0.048 49.952
15 50 0.048 49.952
11 50 0.048 49.952
14 49.952 0.048 49.904
3 50 0.048 49.952
11 49.952 0.048 49.904
15 49.952 0.048 49.904
18 50 0.048 49.952
10 50 0.048 49.952
20 50 0.048 49.952
7 50 0.048 49.952
6 50 0.048 49.952
6 49.952 0.16 49.792
17 50 0.048 49.952
5 50 0.048 49.952
2 50 0.048 49.952
13 50 0.048 49.952
10 49.952 0.048 49.904
18 49.952 0.048 49.904
3 49.952 0.048 49.904
14 50 0.048 49.952
9 50 0.048 49.952
1 50 0.048 49.952
15 50 0.048 49.952
11 50 0.048 49.952
14 49.952 0.048 49.904
3 50 0.048 49.952
11 49.952 0.048 49.904
15 49.952 0.048 49.904
18 50 0.048 49.952
10 50 0.048 49.952
20 50 0.048 49.952
7 50 0.048 49.952
17 50 0.048 49.952
5 50 0.048 49.952
2 50 0.048 49.952
13 50 0.048 49.952
10 49.952 0.048 49.904
18 49.952 0.048 49.904
3 49.952 0.048 49.904
14 50 0.048 49.952
9 50 0.048 49.952
1 50 0.048 49.952
15 50 0.048 49.952
11 50 0.048 49.952
14 49.952 0.048 49.904
3 50 0.048 49.952
11 49.952 0.048 49.904
15 49.952 0.048 49.904
18 50 0.048 49.952
10 50 0.048 49.952
20 50 0.048 49.952
7 50 0.048 49.952
17 50 0.048 49.952
5 50 0.048 49.952
2 50 0.048 49.952
13 50 0.048 49.952
19 50 0.048 49.952
13 49.952 0.16 49.792
19 49.952 0.16 49.792
19 49.792 0.048 49.744
13 49.792 0.048 49.744
10 49.952 0.048 49.904
18 49.952 0.048 49.904
3 49.952 0.048 49.904
14 50 0.048 49.952
9 50 0.048 49.952
1 50 0.048 49.952
15 50 0.048 49.952
11 50 0.048 49.952
14 49.952 0.048 49.904
3 50 0.048 49.952
11 49.952 0.048 49.904
15 49.952 0.048 49.904
18 50 0.048 49.952
10 50 0.048 49.952
20 50 0.048 49.952
7 50 0.048 49.952
17 50 0.048 49.952
5 50 0.048 49.952
2 50 0.048 49.952
19 50 0.048 49.952
13 49.847 0.048 49.799
10 49.952 0.048 49.904
18 49.952 0.048 49.904
3 49.952 0.048 49.904
14 50 0.048 49.952
9 50 0.048 49.952
1 50 0.048 49.952
15 50 0.048 49.952
11 50 0.048 49.952
14 49.952 0.048 49.904
3 50 0.048 49.952
11 49.952 0.048 49.904
15 49.952 0.048 49.904
18 50 0.048 49.952
10 50 0.048 49.952
20 50 0.048 49.952
7 50 0.048 49.952
17 50 0.048 49.952
17 49.952 0.16 49.792
5 50 0.048 49.952
2 50 0.048 49.952
19 50 0.048 49.952
10 49.952 0.048 49.904
18 49.952 0.048 49.904
3 49.952 0.048 49.904
14 50 0.048 49.952
9 50 0.048 49.952
1 50 0.048 49.952
15 50 0.048 49.952
11 50 0.048 49.952
14 49.952 0.048 49.904
3 50 0.048 49.952
11 49.952 0.048 49.904
15 49.952 0.048 49.904
18 50 0.048 49.952
10 50 0.048 49.952
20 50 0.048 49.952
7 50 0.048 49.952
5 50 0.048 49.952
2 50 0.048 49.952
19 50 0.048 49.952
13 50 0.048 49.952
10 49.952 0.048 49.904
18 49.952 0.048 49.904
3 49.952 0.048 49.904
14 50 0.048 49.952
9 50 0.048 49.952
1 50 0.048 49.952
1 49.952 0.16 49.792
15 50 0.048 49.952
14 49.952 0.048 49.904
3 50 0.048 49.952
11 50 0.048 49.952
18 50 0.048 49.952
10 50 0.048 49.952
20 50 0.048 49.952
7 50 0.048 49.952
5 50 0.048 49.952
2 50 0.048 49.952
19 50 0.048 49.952
13 50 0.048 49.952
10 49.952 0.048 49.904
18 49.952 0.048 49.904
3 49.952 0.048 49.904
14 50 0.048 49.952
9 50 0.048 49.952
15 50 0.048 49.952
14 49.952 0.048 49.904
3 50 0.048 49.952
11 50 0.048 49.952
15 49.952 0.048 49.904
18 50 0.048 49.952
10 50 0.048 49.952
20 50 0.048 49.952
7 50 0.048 49.952
5 50 0.048 49.952
2 50 0.048 49.952
19 50 0.048 49.952
13 50 0.048 49.952
10 49.952 0.048 49.904
18 49.952 0.048 49.904
10 49.904 0.16 49.744
18 49.904 0.16 49.744
3 49.952 0.048 49.904
14 50 0.048 49.952
9 50 0.048 49.952
15 50 0.048 49.952
11 50 0.048 49.952
14 49.952 0.048 49.904
3 50 0.048 49.952
11 49.952 0.048 49.904
15 49.952 0.048 49.904
18 50 0.048 49.952
10 49.9357 0.048 49.8877
18 49.952 0.16 49.792
10 49.8877 0.16 49.7277
10 49.7277 0.048 49.6797
18 49.792 0.048 49.744
10 49.6797 0.16 49.5197
18 49.744 0.16 49.584
20 50 0.048 49.952
7 50 0.048 49.952
5 50 0.048 49.952
2 50 0.048 49.952
19 50 0.048 49.952
13 50 0.048 49.952
3 49.952 0.048 49.904
14 50 0.048 49.952
9 50 0.048 49.952
15 50 0.048 49.952
11 50 0.048 49.952
14 49.952 0.048 49.904
3 50 0.048 49.952
11 49.952 0.048 49.904
15 49.952 0.048 49.904
20 50 0.048 49.952
7 50 0.048 49.952
5 50 0.048 49.952
2 50 0.048 49.952
19 50 0.048 49.952
13 50 0.048 49.952
3 49.952 0.048 49.904
14 50 0.048 49.952
9 50 0.048 49.952
15 50 0.048 49.952
11 50 0.048 49.952
15 49.952 0.16 49.792
11 49.952 0.16 49.792
14 49.952 0.048 49.904
3 50 0.048 49.952
11 49.792 0.048 49.744
15 49.792 0.048 49.744
11 49.744 0.16 49.584
15 49.744 0.16 49.584
20 50 0.048 49.952
7 50 0.048 49.952
5 50 0.048 49.952
2 50 0.048 49.952
19 50 0.048 49.952
13 50 0.048 49.952
3 49.952 0.048 49.904
14 50 0.048 49.952
9 50 0.048 49.952
14 49.952 0.048 49.904
3 50 0.048 49.952
20 50 0.048 49.952
7 50 0.048 49.952
5 50 0.048 49.952
2 50 0.048 49.952
19 50 0.048 49.952
13 50 0.048 49.952
3 49.952 0.048 49.904
14 50 0.048 49.952
9 50 0.048 49.952
14 49.952 0.048 49.904
3 50 0.048 49.952
20 50 0.048 49.952
7 50 0.048 49.952
5 50 0.048 49.952
2 50 0.048 49.952
19 50 0.048 49.952
13 50 0.048 49.952
3 49.952 0.048 49.904
14 50 0.048 49.952
9 50 0.048 49.952
14 49.952 0.048 49.904
3 50 0.048 49.952
20 50 0.048 49.952
7 50 0.048 49.952
5 50 0.048 49.952
2 50 0.048 49.952
19 50 0.048 49.952
13 50 0.048 49.952
3 49.952 0.048 49.904
14 50 0.048 49.952
3 49.904 0.16 49.744
14 49.952 0.16 49.792
9 50 0.048 49.952
14 49.792 0.048 49.744
3 50 0.048 49.952
14 49.744 0.16 49.584
3 49.952 0.16 49.792
20 50 0.048 49.952
7 50 0.048 49.952
5 50 0.048 49.952
2 50 0.048 49.952
19 50 0.048 49.952
13 50 0.048 49.952
9 50 0.048 49.952
20 50 0.048 49.952
7 50 0.048 49.952
5 50 0.048 49.952
2 50 0.048 49.952
19 50 0.048 49.952
13 50 0.048 49.952
9 50 0.048 49.952
20 50 0.048 49.952
7 50 0.048 49.952
5 50 0.048 49.952
2 50 0.048 49.952
19 50 0.048 49.952
13 50 0.048 49.952
9 50 0.048 49.952
9 49.952 0.16 49.792
20 50 0.048 49.952
7 50 0.048 49.952
5 50 0.048 49.952
2 50 0.048 49.952
19 50 0.048 49.952
13 50 0.048 49.952
20 50 0.048 49.952
7 50 0.048 49.952
5 50 0.048 49.952
2 50 0.048 49.952
19 50 0.048 49.952
13 50 0.048 49.952
20 50 0.048 49.952
7 50 0.048 49.952
5 50 0.048 49.952
2 50 0.048 49.952
2 49.952 0.16 49.792
19 50 0.048 49.952
20 50 0.048 49.952
7 50 0.048 49.952
5 50 0.048 49.952
19 50 0.048 49.952
20 50 0.048 49.952
7 50 0.048 49.952
20 49.952 0.16 49.792
7 49.952 0.16 49.792
5 50 0.048 49.952
19 50 0.048 49.952
7 49.792 0.048 49.744
20 49.792 0.048 49.744
7 49.744 0.16 49.584
20 49.744 0.16 49.584
20 49.584 0.048 49.536
7 49.584 0.048 49.536
20 49.536 0.16 49.376
7 49.536 0.16 49.376
16 50 0.048 49.952
12 50 0.048 49.952
16 49.952 0.16 49.792
12 49.952 0.16 49.792
12 49.792 0.048 49.744
16 49.792 0.048 49.744
5 50 0.048 49.952
19 50 0.048 49.952
8 50 0.048 49.952
12 49.9087 0.048 49.8607
16 49.8593 0.048 49.8113
5 50 0.048 49.952
19 50 0.048 49.952
13 50 0.048 49.952
8 50 0.048 49.952
12 50 0.048 49.952
16 49.9376 0.048 49.8896
5 50 0.048 49.952
19 50 0.048 49.952
8 50 0.048 49.952
12 50 0.048 49.952
16 50 0.048 49.952
5 50 0.048 49.952
19 50 0.048 49.952
13 50 0.048 49.952
8 50 0.048 49.952
12 50 0.048 49.952
16 50 0.048 49.952
5 50 0.048 49.952
19 50 0.048 49.952
13 50 0.048 49.952
19 49.952 0.16 49.792
13 49.952 0.16 49.792
8 50 0.048 49.952
12 50 0.048 49.952
16 50 0.048 49.952
5 50 0.048 49.952
10 50 0.048 49.952
18 50 0.048 49.952
10 49.952 0.16 49.792
18 49.952 0.16 49.792
18 49.792 0.048 49.744
10 49.792 0.048 49.744
8 50 0.048 49.952
12 50 0.048 49.952
16 50 0.048 49.952
5 50 0.048 49.952
18 50 0.048 49.952
10 49.9709 0.048 49.9229
8 50 0.048 49.952
12 50 0.048 49.952
16 50 0.048 49.952
5 50 0.048 49.952
18 50 0.048 49.952
10 50 0.048 49.952
8 50 0.048 49.952
12 50 0.048 49.952
16 50 0.048 49.952
13 50 0.048 49.952
19 50 0.048 49.952
13 49.952 0.16 49.792
19 49.952 0.16 49.792
19 49.792 0.048 49.744
13 49.792 0.048 49.744
5 50 0.048 49.952
18 50 0.048 49.952
10 50 0.048 49.952
8 50 0.048 49.952
8 49.952 0.16 49.792
12 50 0.048 49.952
16 50 0.048 49.952
1 50 0.048 49.952
19 50 0.048 49.952
13 49.8489 0.048 49.8009
5 50 0.048 49.952
18 50 0.048 49.952
10 50 0.048 49.952
12 50 0.048 49.952
16 50 0.048 49.952
1 50 0.048 49.952
19 50 0.048 49.952
13 50 0.048 49.952
5 50 0.048 49.952
18 50 0.048 49.952
10 50 0.048 49.952
4 50 0.048 49.952
12 50 0.048 49.952
16 50 0.048 49.952
1 50 0.048 49.952
19 50 0.048 49.952
5 50 0.048 49.952
18 50 0.048 49.952
10 50 0.048 49.952
4 50 0.048 49.952
12 50 0.048 49.952
16 50 0.048 49.952
1 50 0.048 49.952
19 50 0.048 49.952
5 50 0.048 49.952
18 50 0.048 49.952
10 50 0.048 49.952
4 50 0.048 49.952
12 50 0.048 49.952
16 50 0.048 49.952
1 50 0.048 49.952
19 50 0.048 49.952
5 50 0.048 49.952
5 49.952 0.16 49.792
6 50 0.048 49.952
18 50 0.048 49.952
10 50 0.048 49.952
4 50 0.048 49.952
12 50 0.048 49.952
16 50 0.048 49.952
1 50 0.048 49.952
19 50 0.048 49.952
6 50 0.048 49.952
18 50 0.048 49.952
10 50 0.048 49.952
4 50 0.048 49.952
3 50 0.048 49.952
14 50 0.048 49.952
3 49.952 0.16 49.792
14 49.952 0.16 49.792
14 49.792 0.048 49.744
3 49.792 0.048 49.744
12 50 0.048 49.952
16 50 0.048 49.952
1 50 0.048 49.952
19 50 0.048 49.952
6 50 0.048 49.952
18 50 0.048 49.952
10 50 0.048 49.952
4 50 0.048 49.952
14 50 0.048 49.952
3 49.9818 0.048 49.9338
12 50 0.048 49.952
16 50 0.048 49.952
1 50 0.048 49.952
19 50 0.048 49.952
6 50 0.048 49.952
18 50 0.048 49.952
10 50 0.048 49.952
4 50 0.048 49.952
14 50 0.048 49.952
3 50 0.048 49.952
12 50 0.048 49.952
16 50 0.048 49.952
1 50 0.048 49.952
19 50 0.048 49.952
6 50 0.048 49.952
18 50 0.048 49.952
10 50 0.048 49.952
4 50 0.048 49.952
4 49.952 0.16 49.792
14 50 0.048 49.952
3 50 0.048 49.952
12 50 0.048 49.952
16 50 0.048 49.952
1 50 0.048 49.952
19 50 0.048 49.952
6 50 0.048 49.952
18 50 0.048 49.952
10 50 0.048 49.952
14 50 0.048 49.952
3 50 0.048 49.952
12 50 0.048 49.952
16 50 0.048 49.952
1 50 0.048 49.952
19 50 0.048 49.952
6 50 0.048 49.952
18 50 0.048 49.952
10 50 0.048 49.952
14 50 0.048 49.952
3 50 0.048 49.952
12 50 0.048 49.952
16 50 0.048 49.952
1 50 0.048 49.952
19 50 0.048 49.952
13 50 0.048 49.952
6 50 0.048 49.952
18 50 0.048 49.952
10 50 0.048 49.952
14 50 0.048 49.952
3 50 0.048 49.952
12 50 0.048 49.952
16 50 0.048 49.952
1 50 0.048 49.952
19 50 0.048 49.952
6 50 0.048 49.952
18 50 0.048 49.952
10 50 0.048 49.952
14 50 0.048 49.952
3 50 0.048 49.952
12 50 0.048 49.952
16 50 0.048 49.952
1 50 0.048 49.952
19 50 0.048 49.952
13 50 0.048 49.952
6 50 0.048 49.952
18 50 0.048 49.952
10 50 0.048 49.952
14 50 0.048 49.952
3 50 0.048 49.952
12 50 0.048 49.952
16 50 0.048 49.952
1 50 0.048 49.952
19 50 0.048 49.952
13 50 0.048 49.952
6 50 0.048 49.952
18 50 0.048 49.952
14 50 0.048 49.952
3 50 0.048 49.952
12 50 0.048 49.952
16 50 0.048 49.952
12 49.952 0.16 49.792
16 49.952 0.16 49.792
1 50 0.048 49.952
19 50 0.048 49.952
13 50 0.048 49.952
6 50 0.048 49.952
18 50 0.048 49.952
10 50 0.048 49.952
14 50 0.048 49.952
3 50 0.048 49.952
1 50 0.048 49.952
19 50 0.048 49.952
13 50 0.048 49.952
6 50 0.048 49.952
18 50 0.048 49.952
10 50 0.048 49.952
14 50 0.048 49.952
3 50 0.048 49.952
1 50 0.048 49.952
19 50 0.048 49.952
13 50 0.048 49.952
6 50 0.048 49.952
18 50 0.048 49.952
10 50 0.048 49.952
14 50 0.048 49.952
3 50 0.048 49.952
1 50 0.048 49.952
19 50 0.048 49.952
13 50 0.048 49.952
6 50 0.048 49.952
18 50 0.048 49.952
10 50 0.048 49.952
14 50 0.048 49.952
3 50 0.048 49.952
1 50 0.048 49.952
19 50 0.048 49.952
13 50 0.048 49.952
6 50 0.048 49.952
18 50 0.048 49.952
10 50 0.048 49.952
14 50 0.048 49.952
3 50 0.048 49.952
1 50 0.048 49.952
19 50 0.048 49.952
13 50 0.048 49.952
6 50 0.048 49.952
18 50 0.048 49.952
10 50 0.048 49.952
14 50 0.048 49.952
3 50 0.048 49.952
1 50 0.048 49.952
19 50 0.048 49.952
13 50 0.048 49.952
6 50 0.048 49.952
6 49.952 0.16 49.792
18 50 0.048 49.952
10 50 0.048 49.952
14 50 0.048 49.952
3 50 0.048 49.952
1 50 0.048 49.952
19 50 0.048 49.952
13 50 0.048 49.952
18 50 0.048 49.952
10 50 0.048 49.952
14 50 0.048 49.952
3 50 0.048 49.952
1 50 0.048 49.952
19 50 0.048 49.952
13 50 0.048 49.952
18 50 0.048 49.952
10 50 0.048 49.952
14 50 0.048 49.952
3 50 0.048 49.952
1 50 0.048 49.952
19 50 0.048 49.952
13 50 0.048 49.952
18 50 0.048 49.952
10 50 0.048 49.952
14 50 0.048 49.952
3 50 0.048 49.952
1 50 0.048 49.952
19 50 0.048 49.952
13 50 0.048 49.952
18 50 0.048 49.952
10 50 0.048 49.952
14 50 0.048 49.952
3 50 0.048 49.952
1 50 0.048 49.952
19 50 0.048 49.952
13 50 0.048 49.952
18 50 0.048 49.952
10 50 0.048 49.952
14 50 0.048 49.952
3 50 0.048 49.952
1 50 0.048 49.952
1 49.952 0.16 49.792
19 50 0.048 49.952
13 50 0.048 49.952
18 50 0.048 49.952
10 50 0.048 49.952
14 50 0.048 49.952
3 50 0.048 49.952
19 50 0.048 49.952
13 50 0.048 49.952
18 50 0.048 49.952
10 50 0.048 49.952
14 50 0.048 49.952
3 50 0.048 49.952
19 50 0.048 49.952
13 50 0.048 49.952
18 50 0.048 49.952
10 50 0.048 49.952
18 49.952 0.16 49.792
10 49.952 0.16 49.792
14 50 0.048 49.952
3 50 0.048 49.952
19 50 0.048 49.952
13 50 0.048 49.952
14 50 0.048 49.952
3 50 0.048 49.952
19 50 0.048 49.952
13 50 0.048 49.952
14 50 0.048 49.952
3 50 0.048 49.952
19 50 0.048 49.952
13 50 0.048 49.952
14 50 0.048 49.952
3 50 0.048 49.952
19 50 0.048 49.952
13 50 0.048 49.952
14 50 0.048 49.952
3 50 0.048 49.952
19 50 0.048 49.952
13 50 0.048 49.952
14 50 0.048 49.952
3 50 0.048 49.952
14 49.952 0.16 49.792
3 49.952 0.16 49.792
19 50 0.048 49.952
13 50 0.048 49.952
19 50 0.048 49.952
13 50 0.048 49.952
19 50 0.048 49.952
13 50 0.048 49.952
19 50 0.048 49.952
13 50 0.048 49.952
19 50 0.048 49.952
13 50 0.048 49.952
19 50 0.048 49.952
13 50 0.048 49.952
19 50 0.048 49.952
13 50 0.048 49.952
19 50 0.048 49.952
13 50 0.048 49.952
19 50 0.048 49.952
13 50 0.048 49.952
19 50 0.048 49.952
13 50 0.048 49.952
19 50 0.048 49.952
13 50 0.048 49.952
19 50 0.048 49.952
13 50 0.048 49.952
19 50 0.048 49.952
13 50 0.048 49.952
19 50 0.048 49.952
13 50 0.048 49.952
19 49.952 0.16 49.792
13 49.952 0.16 49.792
