16 0.8 0.048 0.752
27 0.8 0.048 0.752
16 0.752 0.048 0.704
16 0.704 0.16 0.544
27 0.752 0.16 0.592
27 0.592 0.016 0.576
16 0.544 0.016 0.528
27 0.576 0.048 0.528
16 0.528 0.048 0.48
10 0.8 0.048 0.752
8 0.8 0.048 0.752
10 0.752 0.048 0.704
10 0.704 0.16 0.544
8 0.752 0.16 0.592
8 0.592 0.016 0.576
10 0.544 0.016 0.528
8 0.576 0.048 0.528
10 0.528 0.048 0.48
11 0.8 0.048 0.752
19 0.8 0.048 0.752
11 0.752 0.048 0.704
11 0.704 0.16 0.544
19 0.752 0.16 0.592
19 0.592 0.016 0.576
11 0.544 0.016 0.528
19 0.576 0.048 0.528
11 0.528 0.048 0.48
27 0.8 0.048 0.752
16 0.8 0.048 0.752
29 0.8 0.048 0.752
17 0.8 0.048 0.752
22 0.8 0.048 0.752
29 0.752 0.096 0.656
29 0.656 0.16 0.496
17 0.752 0.16 0.592
17 0.592 0.016 0.576
29 0.496 0.016 0.48
17 0.576 0.048 0.528
22 0.752 0.048 0.704
29 0.48 0.048 0.432
17 0.528 0.048 0.48
17 0.48 0.16 0.32
22 0.704 0.16 0.544
22 0.544 0.016 0.528
29 0.432 0.016 0.416
22 0.528 0.048 0.48
17 0.32 0.048 0.272
29 0.416 0.048 0.368
22 0.48 0.16 0.32
29 0.368 0.16 0.208
14 0.8 0.048 0.752
12 0.8 0.048 0.752
18 0.8 0.048 0.752
14 0.752 0.144 0.608
14 0.608 0.16 0.448
14 0.448 0.016 0.432
12 0.752 0.16 0.592
12 0.592 0.016 0.576
14 0.432 0.016 0.416
12 0.576 0.048 0.528
14 0.416 0.048 0.368
18 0.752 0.048 0.704
28 0.8 0.048 0.752
12 0.528 0.144 0.384
12 0.384 0.16 0.224
18 0.704 0.16 0.544
18 0.544 0.016 0.528
14 0.368 0.016 0.352
18 0.528 0.048 0.48
12 0.224 0.048 0.176
14 0.352 0.048 0.304
28 0.752 0.048 0.704
18 0.48 0.096 0.384
18 0.384 0.16 0.224
18 0.224 0.16 0.064
12 0.176 0.16 0.016
14 0.304 0.16 0.144
28 0.704 0.16 0.544
28 0.544 0.016 0.528
18 0.064 0.016 0.048
28 0.528 0.048 0.48
9 0.8 0.048 0.752
12 0.016 0.048 -0.032
18 0.048 0.048 -1.11022e-16
23 0.8 0.048 0.752
28 0.48 0.144 0.336
28 0.336 0.16 0.176
9 0.752 0.16 0.592
9 0.592 0.016 0.576
28 0.176 0.016 0.16
9 0.576 0.048 0.528
23 0.752 0.048 0.704
28 0.16 0.048 0.112
9 0.528 0.048 0.48
9 0.48 0.16 0.32
12 0 0.16 -0.16
18 0 0.16 -0.16
23 0.704 0.16 0.544
23 0.544 0.016 0.528
28 0.112 0.016 0.096
23 0.528 0.048 0.48
9 0.32 0.048 0.272
28 0.096 0.048 0.048
23 0.48 0.16 0.32
28 0.048 0.16 -0.112
26 0.8 0.048 0.752
13 0.8 0.048 0.752
26 0.752 0.048 0.704
26 0.704 0.16 0.544
13 0.752 0.16 0.592
13 0.592 0.016 0.576
26 0.544 0.016 0.528
13 0.576 0.048 0.528
26 0.528 0.048 0.48
8 0.8 0.048 0.752
10 0.8 0.048 0.752
7 0.8 0.048 0.752
4 0.8 0.048 0.752
7 0.752 0.048 0.704
7 0.704 0.16 0.544
4 0.752 0.16 0.592
4 0.592 0.016 0.576
7 0.544 0.016 0.528
4 0.576 0.048 0.528
7 0.528 0.048 0.48
5 0.8 0.048 0.752
19 0.8 0.048 0.752
11 0.8 0.048 0.752
27 0.8 0.048 0.752
16 0.8 0.048 0.752
22 0.701248 0.048 0.653248
17 0.647285 0.048 0.599285
29 0.583279 0.048 0.535279
21 0.8 0.048 0.752
23 0.707793 0.048 0.659793
9 0.653143 0.048 0.605143
28 0.385617 0.048 0.337617
13 0.8 0.048 0.752
26 0.8 0.048 0.752
18 0.382929 0.048 0.334929
12 0.377368 0.048 0.329368
14 0.508945 0.048 0.460945
28 0.337617 0.048 0.289617
3 0.8 0.048 0.752
8 0.8 0.048 0.752
10 0.8 0.048 0.752
20 0.8 0.048 0.752
4 0.8 0.048 0.752
7 0.8 0.048 0.752
5 0.8 0.048 0.752
15 0.8 0.048 0.752
30 0.8 0.048 0.752
15 0.752 0.048 0.704
15 0.704 0.16 0.544
30 0.752 0.16 0.592
30 0.592 0.016 0.576
15 0.544 0.016 0.528
30 0.576 0.048 0.528
15 0.528 0.048 0.48
19 0.8 0.048 0.752
6 0.8 0.048 0.752
11 0.8 0.048 0.752
19 0.752 0.048 0.704
19 0.704 0.16 0.544
6 0.752 0.16 0.592
6 0.592 0.016 0.576
19 0.544 0.016 0.528
6 0.576 0.048 0.528
19 0.528 0.048 0.48
11 0.752 0.16 0.592
27 0.8 0.048 0.752
16 0.8 0.048 0.752
22 0.8 0.048 0.752
17 0.8 0.048 0.752
29 0.8 0.048 0.752
21 0.8 0.048 0.752
23 0.8 0.048 0.752
9 0.8 0.048 0.752
28 0.663017 0.048 0.615017
13 0.8 0.048 0.752
18 0.711518 0.048 0.663518
12 0.712271 0.048 0.664271
14 0.8 0.048 0.752
28 0.615017 0.048 0.567017
18 0.663518 0.096 0.567518
18 0.567518 0.16 0.407518
12 0.664271 0.16 0.504271
14 0.752 0.16 0.592
14 0.592 0.016 0.576
18 0.407518 0.016 0.391518
14 0.576 0.048 0.528
12 0.504271 0.048 0.456271
18 0.391518 0.048 0.343518
28 0.567017 0.16 0.407017
3 0.8 0.048 0.752
8 0.8 0.048 0.752
10 0.8 0.048 0.752
20 0.8 0.048 0.752
4 0.8 0.048 0.752
7 0.8 0.048 0.752
5 0.8 0.048 0.752
30 0.8 0.048 0.752
15 0.8 0.048 0.752
30 0.752 0.048 0.704
30 0.704 0.16 0.544
30 0.544 0.016 0.528
15 0.752 0.16 0.592
1 0.8 0.048 0.752
6 0.8 0.048 0.752
19 0.8 0.048 0.752
27 0.8 0.048 0.752
16 0.8 0.048 0.752
22 0.8 0.048 0.752
17 0.8 0.048 0.752
29 0.8 0.048 0.752
21 0.8 0.048 0.752
23 0.8 0.048 0.752
9 0.8 0.048 0.752
28 0.782819 0.048 0.734819
13 0.8 0.048 0.752
14 0.8 0.048 0.752
12 0.8 0.048 0.752
3 0.8 0.048 0.752
8 0.8 0.048 0.752
10 0.8 0.048 0.752
20 0.8 0.048 0.752
4 0.8 0.048 0.752
7 0.8 0.048 0.752
5 0.8 0.048 0.752
1 0.8 0.048 0.752
28 0.8 0.048 0.752
9 0.8 0.048 0.752
12 0.8 0.048 0.752
18 0.8 0.048 0.752
28 0.752 0.048 0.704
28 0.704 0.16 0.544
9 0.752 0.16 0.592
12 0.752 0.16 0.592
18 0.752 0.16 0.592
18 0.592 0.016 0.576
28 0.544 0.016 0.528
18 0.576 0.048 0.528
12 0.592 0.048 0.544
14 0.8 0.048 0.752
28 0.528 0.048 0.48
16 0.8 0.048 0.752
27 0.8 0.048 0.752
6 0.8 0.048 0.752
27 0.8 0.048 0.752
16 0.8 0.048 0.752
22 0.8 0.048 0.752
17 0.8 0.048 0.752
29 0.8 0.048 0.752
21 0.8 0.048 0.752
11 0.8 0.048 0.752
19 0.8 0.048 0.752
11 0.752 0.048 0.704
11 0.704 0.16 0.544
19 0.752 0.16 0.592
19 0.592 0.016 0.576
11 0.544 0.016 0.528
19 0.576 0.048 0.528
11 0.528 0.048 0.48
23 0.8 0.048 0.752
9 0.8 0.048 0.752
28 0.700495 0.048 0.652495
13 0.8 0.048 0.752
14 0.8 0.048 0.752
12 0.771201 0.048 0.723201
18 0.746654 0.048 0.698654
3 0.8 0.048 0.752
8 0.8 0.048 0.752
10 0.8 0.048 0.752
8 0.752 0.048 0.704
8 0.704 0.16 0.544
8 0.544 0.016 0.528
10 0.752 0.16 0.592
20 0.8 0.048 0.752
4 0.8 0.048 0.752
7 0.8 0.048 0.752
5 0.8 0.048 0.752
1 0.8 0.048 0.752
18 0.8 0.048 0.752
12 0.8 0.048 0.752
14 0.8 0.048 0.752
28 0.8 0.048 0.752
25 0.8 0.048 0.752
16 0.8 0.048 0.752
27 0.8 0.048 0.752
30 0.8 0.048 0.752
15 0.8 0.048 0.752
30 0.752 0.048 0.704
30 0.704 0.16 0.544
15 0.752 0.16 0.592
15 0.592 0.016 0.576
30 0.544 0.016 0.528
15 0.576 0.048 0.528
30 0.528 0.048 0.48
6 0.8 0.048 0.752
19 0.746035 0.048 0.698035
27 0.8 0.048 0.752
16 0.8 0.048 0.752
22 0.8 0.048 0.752
17 0.8 0.048 0.752
29 0.8 0.048 0.752
21 0.8 0.048 0.752
19 0.8 0.048 0.752
6 0.8 0.048 0.752
11 0.8 0.048 0.752
23 0.8 0.048 0.752
9 0.8 0.048 0.752
28 0.8 0.048 0.752
13 0.8 0.048 0.752
14 0.8 0.048 0.752
12 0.8 0.048 0.752
18 0.8 0.048 0.752
3 0.8 0.048 0.752
20 0.8 0.048 0.752
4 0.8 0.048 0.752
7 0.8 0.048 0.752
5 0.8 0.048 0.752
10 0.8 0.048 0.752
8 0.8 0.048 0.752
10 0.752 0.048 0.704
10 0.704 0.16 0.544
8 0.752 0.16 0.592
8 0.592 0.016 0.576
10 0.544 0.016 0.528
8 0.576 0.048 0.528
10 0.528 0.048 0.48
1 0.8 0.048 0.752
18 0.8 0.048 0.752
12 0.8 0.048 0.752
14 0.8 0.048 0.752
28 0.8 0.048 0.752
25 0.8 0.048 0.752
16 0.8 0.048 0.752
27 0.8 0.048 0.752
15 0.8 0.048 0.752
30 0.8 0.048 0.752
6 0.8 0.048 0.752
19 0.8 0.048 0.752
26 0.8 0.048 0.752
27 0.8 0.048 0.752
16 0.8 0.048 0.752
22 0.8 0.048 0.752
17 0.8 0.048 0.752
29 0.8 0.048 0.752
22 0.752 0.048 0.704
22 0.704 0.16 0.544
22 0.544 0.016 0.528
17 0.752 0.16 0.592
29 0.752 0.16 0.592
21 0.8 0.048 0.752
19 0.8 0.048 0.752
6 0.8 0.048 0.752
11 0.8 0.048 0.752
23 0.8 0.048 0.752
9 0.8 0.048 0.752
13 0.8 0.048 0.752
14 0.8 0.048 0.752
12 0.8 0.048 0.752
18 0.8 0.048 0.752
3 0.8 0.048 0.752
24 0.8 0.048 0.752
2 0.8 0.048 0.752
24 0.752 0.048 0.704
24 0.704 0.16 0.544
2 0.752 0.16 0.592
2 0.592 0.016 0.576
24 0.544 0.016 0.528
2 0.576 0.048 0.528
24 0.528 0.048 0.48
20 0.8 0.048 0.752
4 0.8 0.048 0.752
7 0.8 0.048 0.752
5 0.8 0.048 0.752
8 0.8 0.048 0.752
10 0.8 0.048 0.752
1 0.8 0.048 0.752
18 0.8 0.048 0.752
12 0.8 0.048 0.752
14 0.8 0.048 0.752
28 0.8 0.048 0.752
25 0.8 0.048 0.752
16 0.8 0.048 0.752
27 0.8 0.048 0.752
15 0.8 0.048 0.752
30 0.8 0.048 0.752
6 0.8 0.048 0.752
19 0.8 0.048 0.752
26 0.8 0.048 0.752
27 0.8 0.048 0.752
16 0.8 0.048 0.752
21 0.8 0.048 0.752
29 0.8 0.048 0.752
17 0.8 0.048 0.752
22 0.8 0.048 0.752
29 0.752 0.048 0.704
29 0.704 0.16 0.544
17 0.752 0.16 0.592
22 0.752 0.16 0.592
22 0.592 0.016 0.576
29 0.544 0.016 0.528
22 0.576 0.048 0.528
17 0.592 0.048 0.544
29 0.528 0.048 0.48
19 0.8 0.048 0.752
6 0.8 0.048 0.752
11 0.8 0.048 0.752
23 0.8 0.048 0.752
9 0.8 0.048 0.752
13 0.8 0.048 0.752
14 0.8 0.048 0.752
12 0.8 0.048 0.752
18 0.8 0.048 0.752
3 0.8 0.048 0.752
2 0.8 0.048 0.752
24 0.8 0.048 0.752
20 0.8 0.048 0.752
4 0.8 0.048 0.752
7 0.8 0.048 0.752
5 0.8 0.048 0.752
8 0.8 0.048 0.752
10 0.8 0.048 0.752
1 0.8 0.048 0.752
18 0.8 0.048 0.752
12 0.8 0.048 0.752
14 0.8 0.048 0.752
28 0.8 0.048 0.752
7 0.8 0.048 0.752
4 0.8 0.048 0.752
25 0.8 0.048 0.752
16 0.8 0.048 0.752
27 0.8 0.048 0.752
15 0.8 0.048 0.752
6 0.8 0.048 0.752
19 0.8 0.048 0.752
26 0.8 0.048 0.752
27 0.8 0.048 0.752
16 0.8 0.048 0.752
21 0.8 0.048 0.752
22 0.8 0.048 0.752
17 0.8 0.048 0.752
29 0.8 0.048 0.752
19 0.8 0.048 0.752
6 0.8 0.048 0.752
11 0.8 0.048 0.752
23 0.8 0.048 0.752
9 0.8 0.048 0.752
13 0.8 0.048 0.752
14 0.8 0.048 0.752
12 0.8 0.048 0.752
18 0.8 0.048 0.752
3 0.8 0.048 0.752
2 0.8 0.048 0.752
24 0.8 0.048 0.752
20 0.8 0.048 0.752
4 0.8 0.048 0.752
5 0.8 0.048 0.752
8 0.8 0.048 0.752
10 0.8 0.048 0.752
1 0.8 0.048 0.752
18 0.8 0.048 0.752
12 0.8 0.048 0.752
14 0.8 0.048 0.752
28 0.8 0.048 0.752
7 0.8 0.048 0.752
4 0.8 0.048 0.752
25 0.8 0.048 0.752
16 0.8 0.048 0.752
27 0.8 0.048 0.752
15 0.8 0.048 0.752
30 0.8 0.048 0.752
6 0.8 0.048 0.752
19 0.8 0.048 0.752
11 0.8 0.048 0.752
19 0.8 0.048 0.752
26 0.8 0.048 0.752
27 0.8 0.048 0.752
16 0.8 0.048 0.752
21 0.8 0.048 0.752
22 0.8 0.048 0.752
17 0.8 0.048 0.752
29 0.8 0.048 0.752
19 0.8 0.048 0.752
6 0.8 0.048 0.752
11 0.8 0.048 0.752
23 0.8 0.048 0.752
9 0.8 0.048 0.752
28 0.8 0.048 0.752
13 0.8 0.048 0.752
13 0.752 0.048 0.704
13 0.704 0.16 0.544
13 0.544 0.016 0.528
14 0.8 0.048 0.752
12 0.8 0.048 0.752
18 0.8 0.048 0.752
3 0.8 0.048 0.752
2 0.8 0.048 0.752
24 0.8 0.048 0.752
20 0.8 0.048 0.752
4 0.8 0.048 0.752
7 0.8 0.048 0.752
5 0.8 0.048 0.752
8 0.8 0.048 0.752
10 0.8 0.048 0.752
1 0.8 0.048 0.752
18 0.8 0.048 0.752
12 0.8 0.048 0.752
14 0.8 0.048 0.752
28 0.8 0.048 0.752
7 0.8 0.048 0.752
4 0.8 0.048 0.752
25 0.8 0.048 0.752
16 0.8 0.048 0.752
27 0.8 0.048 0.752
15 0.8 0.048 0.752
30 0.8 0.048 0.752
6 0.8 0.048 0.752
19 0.8 0.048 0.752
11 0.8 0.048 0.752
19 0.8 0.048 0.752
10 0.8 0.048 0.752
8 0.8 0.048 0.752
26 0.8 0.048 0.752
27 0.8 0.048 0.752
16 0.8 0.048 0.752
21 0.8 0.048 0.752
22 0.8 0.048 0.752
17 0.8 0.048 0.752
29 0.8 0.048 0.752
19 0.8 0.048 0.752
11 0.8 0.048 0.752
23 0.8 0.048 0.752
9 0.8 0.048 0.752
23 0.752 0.048 0.704
23 0.704 0.16 0.544
9 0.752 0.16 0.592
14 0.8 0.048 0.752
12 0.8 0.048 0.752
18 0.8 0.048 0.752
3 0.8 0.048 0.752
2 0.8 0.048 0.752
24 0.8 0.048 0.752
20 0.8 0.048 0.752
4 0.8 0.048 0.752
7 0.8 0.048 0.752
5 0.8 0.048 0.752
8 0.8 0.048 0.752
10 0.8 0.048 0.752
1 0.8 0.048 0.752
18 0.8 0.048 0.752
12 0.8 0.048 0.752
14 0.8 0.048 0.752
28 0.8 0.048 0.752
18 0.752 0.048 0.704
18 0.704 0.16 0.544
18 0.544 0.016 0.528
12 0.752 0.16 0.592
14 0.752 0.16 0.592
28 0.752 0.16 0.592
7 0.8 0.048 0.752
4 0.8 0.048 0.752
25 0.8 0.048 0.752
16 0.8 0.048 0.752
27 0.8 0.048 0.752
15 0.8 0.048 0.752
30 0.8 0.048 0.752
6 0.8 0.048 0.752
19 0.8 0.048 0.752
11 0.8 0.048 0.752
19 0.8 0.048 0.752
10 0.8 0.048 0.752
8 0.8 0.048 0.752
26 0.8 0.048 0.752
27 0.8 0.048 0.752
16 0.8 0.048 0.752
21 0.8 0.048 0.752
21 0.752 0.048 0.704
21 0.704 0.16 0.544
21 0.544 0.016 0.528
22 0.8 0.048 0.752
17 0.8 0.048 0.752
29 0.8 0.048 0.752
19 0.8 0.048 0.752
11 0.8 0.048 0.752
14 0.8 0.048 0.752
18 0.749616 0.048 0.701616
3 0.8 0.048 0.752
2 0.8 0.048 0.752
24 0.8 0.048 0.752
20 0.8 0.048 0.752
4 0.8 0.048 0.752
5 0.8 0.048 0.752
8 0.8 0.048 0.752
10 0.8 0.048 0.752
1 0.8 0.048 0.752
7 0.8 0.048 0.752
25 0.8 0.048 0.752
16 0.8 0.048 0.752
27 0.8 0.048 0.752
15 0.8 0.048 0.752
30 0.8 0.048 0.752
30 0.752 0.048 0.704
15 0.752 0.048 0.704
6 0.8 0.048 0.752
6 0.752 0.048 0.704
6 0.704 0.16 0.544
6 0.544 0.016 0.528
11 0.8 0.048 0.752
19 0.8 0.048 0.752
10 0.8 0.048 0.752
8 0.8 0.048 0.752
26 0.8 0.048 0.752
27 0.8 0.048 0.752
16 0.8 0.048 0.752
22 0.8 0.048 0.752
17 0.8 0.048 0.752
29 0.8 0.048 0.752
19 0.8 0.048 0.752
6 0.671643 0.048 0.623643
11 0.8 0.048 0.752
19 0.752 0.048 0.704
19 0.704 0.16 0.544
6 0.623643 0.16 0.463643
11 0.752 0.16 0.592
14 0.8 0.048 0.752
3 0.8 0.048 0.752
2 0.8 0.048 0.752
24 0.8 0.048 0.752
20 0.8 0.048 0.752
4 0.8 0.048 0.752
5 0.8 0.048 0.752
8 0.8 0.048 0.752
10 0.8 0.048 0.752
28 0.8 0.048 0.752
9 0.8 0.048 0.752
12 0.8 0.048 0.752
18 0.8 0.048 0.752
28 0.752 0.048 0.704
28 0.704 0.16 0.544
9 0.752 0.16 0.592
12 0.752 0.16 0.592
18 0.752 0.16 0.592
18 0.592 0.016 0.576
28 0.544 0.016 0.528
18 0.576 0.048 0.528
12 0.592 0.048 0.544
14 0.8 0.048 0.752
28 0.528 0.048 0.48
1 0.8 0.048 0.752
7 0.8 0.048 0.752
25 0.8 0.048 0.752
16 0.8 0.048 0.752
27 0.8 0.048 0.752
15 0.8 0.048 0.752
30 0.8 0.048 0.752
30 0.752 0.048 0.704
15 0.752 0.048 0.704
30 0.704 0.048 0.656
30 0.656 0.16 0.496
30 0.496 0.016 0.48
15 0.704 0.16 0.544
11 0.8 0.048 0.752
19 0.8 0.048 0.752
10 0.8 0.048 0.752
8 0.8 0.048 0.752
26 0.8 0.048 0.752
27 0.8 0.048 0.752
16 0.8 0.048 0.752
22 0.8 0.048 0.752
17 0.8 0.048 0.752
29 0.8 0.048 0.752
14 0.8 0.048 0.752
12 0.767093 0.048 0.719093
18 0.750984 0.048 0.702984
3 0.8 0.048 0.752
2 0.8 0.048 0.752
24 0.8 0.048 0.752
20 0.8 0.048 0.752
4 0.8 0.048 0.752
5 0.8 0.048 0.752
8 0.8 0.048 0.752
10 0.8 0.048 0.752
18 0.8 0.048 0.752
12 0.8 0.048 0.752
14 0.8 0.048 0.752
28 0.8 0.048 0.752
1 0.8 0.048 0.752
7 0.8 0.048 0.752
25 0.8 0.048 0.752
25 0.752 0.048 0.704
25 0.704 0.16 0.544
25 0.544 0.016 0.528
16 0.8 0.048 0.752
27 0.8 0.048 0.752
15 0.8 0.048 0.752
30 0.8 0.048 0.752
24 0.8 0.048 0.752
2 0.8 0.048 0.752
11 0.8 0.048 0.752
19 0.8 0.048 0.752
10 0.8 0.048 0.752
8 0.8 0.048 0.752
26 0.8 0.048 0.752
27 0.8 0.048 0.752
16 0.8 0.048 0.752
22 0.8 0.048 0.752
17 0.8 0.048 0.752
29 0.8 0.048 0.752
14 0.8 0.048 0.752
12 0.8 0.048 0.752
18 0.8 0.048 0.752
3 0.8 0.048 0.752
2 0.8 0.048 0.752
24 0.8 0.048 0.752
2 0.752 0.048 0.704
2 0.704 0.16 0.544
2 0.544 0.016 0.528
24 0.752 0.16 0.592
20 0.8 0.048 0.752
4 0.8 0.048 0.752
7 0.8 0.048 0.752
5 0.8 0.048 0.752
8 0.8 0.048 0.752
10 0.8 0.048 0.752
8 0.752 0.048 0.704
8 0.704 0.16 0.544
8 0.544 0.016 0.528
10 0.752 0.16 0.592
18 0.8 0.048 0.752
12 0.8 0.048 0.752
14 0.8 0.048 0.752
28 0.8 0.048 0.752
1 0.8 0.048 0.752
7 0.8 0.048 0.752
4 0.8 0.048 0.752
13 0.8 0.048 0.752
26 0.8 0.048 0.752
16 0.8 0.048 0.752
27 0.8 0.048 0.752
15 0.8 0.048 0.752
30 0.8 0.048 0.752
24 0.741633 0.048 0.693633
2 0.680865 0.048 0.632865
24 0.693633 0.048 0.645633
24 0.645633 0.16 0.485633
2 0.632865 0.16 0.472865
11 0.8 0.048 0.752
19 0.8 0.048 0.752
10 0.8 0.048 0.752
8 0.749029 0.048 0.701029
10 0.752 0.048 0.704
10 0.704 0.16 0.544
8 0.701029 0.16 0.541029
8 0.541029 0.016 0.525029
10 0.544 0.016 0.528
8 0.525029 0.048 0.477029
10 0.528 0.048 0.48
26 0.8 0.048 0.752
27 0.8 0.048 0.752
16 0.8 0.048 0.752
22 0.8 0.048 0.752
17 0.8 0.048 0.752
29 0.8 0.048 0.752
14 0.8 0.048 0.752
12 0.8 0.048 0.752
18 0.8 0.048 0.752
3 0.8 0.048 0.752
20 0.8 0.048 0.752
4 0.8 0.048 0.752
7 0.8 0.048 0.752
29 0.8 0.048 0.752
17 0.8 0.048 0.752
22 0.8 0.048 0.752
5 0.8 0.048 0.752
18 0.8 0.048 0.752
12 0.8 0.048 0.752
28 0.8 0.048 0.752
1 0.8 0.048 0.752
7 0.8 0.048 0.752
4 0.8 0.048 0.752
13 0.8 0.048 0.752
16 0.8 0.048 0.752
27 0.8 0.048 0.752
15 0.8 0.048 0.752
30 0.8 0.048 0.752
11 0.8 0.048 0.752
19 0.8 0.048 0.752
8 0.8 0.048 0.752
10 0.8 0.048 0.752
26 0.8 0.048 0.752
27 0.8 0.048 0.752
16 0.8 0.048 0.752
22 0.8 0.048 0.752
17 0.8 0.048 0.752
29 0.8 0.048 0.752
14 0.8 0.048 0.752
12 0.8 0.048 0.752
3 0.8 0.048 0.752
20 0.8 0.048 0.752
4 0.8 0.048 0.752
7 0.8 0.048 0.752
29 0.8 0.048 0.752
17 0.8 0.048 0.752
22 0.8 0.048 0.752
29 0.752 0.048 0.704
29 0.704 0.16 0.544
29 0.544 0.016 0.528
17 0.752 0.16 0.592
22 0.752 0.16 0.592
5 0.8 0.048 0.752
18 0.8 0.048 0.752
12 0.8 0.048 0.752
28 0.8 0.048 0.752
1 0.8 0.048 0.752
7 0.8 0.048 0.752
4 0.8 0.048 0.752
13 0.8 0.048 0.752
16 0.8 0.048 0.752
27 0.8 0.048 0.752
15 0.8 0.048 0.752
30 0.8 0.048 0.752
11 0.8 0.048 0.752
19 0.8 0.048 0.752
8 0.8 0.048 0.752
10 0.8 0.048 0.752
26 0.8 0.048 0.752
27 0.8 0.048 0.752
16 0.8 0.048 0.752
22 0.8 0.048 0.752
17 0.8 0.048 0.752
29 0.8 0.048 0.752
14 0.8 0.048 0.752
12 0.8 0.048 0.752
3 0.8 0.048 0.752
20 0.8 0.048 0.752
4 0.8 0.048 0.752
7 0.8 0.048 0.752
5 0.8 0.048 0.752
5 0.752 0.048 0.704
5 0.704 0.16 0.544
5 0.544 0.016 0.528
18 0.8 0.048 0.752
12 0.8 0.048 0.752
28 0.8 0.048 0.752
1 0.8 0.048 0.752
7 0.8 0.048 0.752
4 0.8 0.048 0.752
13 0.8 0.048 0.752
16 0.8 0.048 0.752
27 0.8 0.048 0.752
15 0.8 0.048 0.752
30 0.8 0.048 0.752
11 0.8 0.048 0.752
19 0.8 0.048 0.752
8 0.8 0.048 0.752
10 0.8 0.048 0.752
26 0.8 0.048 0.752
27 0.8 0.048 0.752
16 0.8 0.048 0.752
22 0.8 0.048 0.752
17 0.8 0.048 0.752
29 0.8 0.048 0.752
14 0.8 0.048 0.752
12 0.8 0.048 0.752
3 0.8 0.048 0.752
20 0.8 0.048 0.752
4 0.8 0.048 0.752
7 0.8 0.048 0.752
4 0.752 0.048 0.704
4 0.704 0.16 0.544
4 0.544 0.016 0.528
7 0.752 0.16 0.592
18 0.8 0.048 0.752
12 0.8 0.048 0.752
28 0.8 0.048 0.752
1 0.8 0.048 0.752
1 0.752 0.048 0.704
1 0.704 0.16 0.544
1 0.544 0.016 0.528
7 0.670294 0.048 0.622294
4 0.599285 0.048 0.551285
7 0.622294 0.048 0.574294
7 0.574294 0.16 0.414294
4 0.551285 0.16 0.391285
13 0.8 0.048 0.752
16 0.8 0.048 0.752
27 0.8 0.048 0.752
15 0.8 0.048 0.752
11 0.8 0.048 0.752
19 0.8 0.048 0.752
8 0.8 0.048 0.752
10 0.8 0.048 0.752
26 0.8 0.048 0.752
27 0.8 0.048 0.752
16 0.8 0.048 0.752
22 0.8 0.048 0.752
17 0.8 0.048 0.752
29 0.8 0.048 0.752
14 0.8 0.048 0.752
12 0.8 0.048 0.752
3 0.8 0.048 0.752
3 0.752 0.048 0.704
3 0.704 0.16 0.544
3 0.544 0.016 0.528
20 0.8 0.048 0.752
18 0.8 0.048 0.752
12 0.8 0.048 0.752
28 0.8 0.048 0.752
13 0.8 0.048 0.752
13 0.752 0.048 0.704
13 0.704 0.16 0.544
13 0.544 0.016 0.528
16 0.8 0.048 0.752
27 0.8 0.048 0.752
15 0.8 0.048 0.752
30 0.8 0.048 0.752
11 0.8 0.048 0.752
19 0.8 0.048 0.752
8 0.8 0.048 0.752
10 0.8 0.048 0.752
26 0.8 0.048 0.752
26 0.752 0.048 0.704
26 0.704 0.16 0.544
26 0.544 0.016 0.528
27 0.8 0.048 0.752
16 0.8 0.048 0.752
22 0.8 0.048 0.752
17 0.8 0.048 0.752
29 0.8 0.048 0.752
14 0.8 0.048 0.752
12 0.8 0.048 0.752
20 0.8 0.048 0.752
18 0.8 0.048 0.752
12 0.8 0.048 0.752
28 0.8 0.048 0.752
16 0.8 0.048 0.752
27 0.8 0.048 0.752
15 0.8 0.048 0.752
11 0.8 0.048 0.752
19 0.8 0.048 0.752
8 0.8 0.048 0.752
10 0.8 0.048 0.752
27 0.8 0.048 0.752
16 0.8 0.048 0.752
22 0.8 0.048 0.752
17 0.8 0.048 0.752
29 0.8 0.048 0.752
14 0.8 0.048 0.752
12 0.8 0.048 0.752
14 0.752 0.048 0.704
14 0.704 0.16 0.544
14 0.544 0.016 0.528
12 0.752 0.16 0.592
20 0.8 0.048 0.752
18 0.8 0.048 0.752
12 0.745426 0.048 0.697426
28 0.8 0.048 0.752
16 0.8 0.048 0.752
27 0.8 0.048 0.752
15 0.8 0.048 0.752
30 0.8 0.048 0.752
11 0.8 0.048 0.752
19 0.8 0.048 0.752
11 0.752 0.048 0.704
11 0.704 0.16 0.544
11 0.544 0.016 0.528
19 0.752 0.16 0.592
8 0.8 0.048 0.752
10 0.8 0.048 0.752
27 0.8 0.048 0.752
16 0.8 0.048 0.752
22 0.8 0.048 0.752
17 0.8 0.048 0.752
29 0.8 0.048 0.752
20 0.8 0.048 0.752
18 0.8 0.048 0.752
12 0.8 0.048 0.752
28 0.8 0.048 0.752
16 0.8 0.048 0.752
27 0.8 0.048 0.752
16 0.752 0.048 0.704
16 0.704 0.16 0.544
16 0.544 0.016 0.528
27 0.752 0.16 0.592
15 0.8 0.048 0.752
30 0.8 0.048 0.752
8 0.8 0.048 0.752
2 0.8 0.048 0.752
10 0.8 0.048 0.752
8 0.752 0.048 0.704
8 0.704 0.16 0.544
2 0.752 0.16 0.592
2 0.592 0.016 0.576
8 0.544 0.016 0.528
2 0.576 0.048 0.528
8 0.528 0.048 0.48
24 0.8 0.048 0.752
10 0.752 0.16 0.592
27 0.748168 0.048 0.700168
16 0.677447 0.048 0.629447
22 0.8 0.048 0.752
17 0.8 0.048 0.752
29 0.8 0.048 0.752
20 0.8 0.048 0.752
18 0.8 0.048 0.752
12 0.8 0.048 0.752
28 0.8 0.048 0.752
15 0.8 0.048 0.752
30 0.8 0.048 0.752
15 0.752 0.048 0.704
15 0.704 0.16 0.544
15 0.544 0.016 0.528
30 0.752 0.16 0.592
2 0.8 0.048 0.752
24 0.8 0.048 0.752
27 0.8 0.048 0.752
16 0.8 0.048 0.752
22 0.8 0.048 0.752
17 0.8 0.048 0.752
29 0.8 0.048 0.752
20 0.8 0.048 0.752
18 0.8 0.048 0.752
12 0.8 0.048 0.752
28 0.8 0.048 0.752
2 0.8 0.048 0.752
24 0.8 0.048 0.752
2 0.752 0.048 0.704
2 0.704 0.16 0.544
2 0.544 0.016 0.528
24 0.752 0.16 0.592
27 0.8 0.048 0.752
16 0.8 0.048 0.752
22 0.8 0.048 0.752
17 0.8 0.048 0.752
20 0.8 0.048 0.752
18 0.8 0.048 0.752
12 0.8 0.048 0.752
28 0.8 0.048 0.752
27 0.8 0.048 0.752
16 0.8 0.048 0.752
22 0.8 0.048 0.752
17 0.8 0.048 0.752
29 0.8 0.048 0.752
20 0.8 0.048 0.752
20 0.752 0.048 0.704
20 0.704 0.16 0.544
20 0.544 0.016 0.528
18 0.8 0.048 0.752
12 0.8 0.048 0.752
28 0.8 0.048 0.752
