4 0.8 0.048 0.752
4 0.752 0.048 0.704
51 0.8 0.048 0.752
4 0.77415 0.048 0.72615
51 0.8 0.048 0.752
61 0.8 0.048 0.752
20 0.8 0.048 0.752
51 0.8 0.048 0.752
61 0.8 0.048 0.752
20 0.8 0.048 0.752
61 0.8 0.048 0.752
20 0.8 0.048 0.752
14 0.8 0.048 0.752
14 0.8 0.048 0.752
37 0.8 0.048 0.752
43 0.8 0.048 0.752
59 0.8 0.048 0.752
68 0.8 0.048 0.752
14 0.8 0.048 0.752
37 0.8 0.048 0.752
43 0.8 0.048 0.752
59 0.8 0.048 0.752
68 0.8 0.048 0.752
59 0.8 0.048 0.752
14 0.752 0.048 0.704
37 0.8 0.048 0.752
43 0.8 0.048 0.752
68 0.8 0.048 0.752
59 0.752 0.048 0.704
59 0.704 0.16 0.544
59 0.544 0.016 0.528
4 0.8 0.048 0.752
51 0.8 0.048 0.752
17 0.8 0.048 0.752
12 0.8 0.048 0.752
29 0.8 0.048 0.752
29 0.752 0.048 0.704
70 0.8 0.048 0.752
70 0.752 0.048 0.704
17 0.752 0.096 0.656
17 0.656 0.16 0.496
12 0.752 0.16 0.592
29 0.704 0.16 0.544
70 0.704 0.16 0.544
70 0.544 0.016 0.528
17 0.496 0.016 0.48
70 0.528 0.048 0.48
12 0.592 0.048 0.544
17 0.48 0.048 0.432
29 0.544 0.048 0.496
37 0.752 0.048 0.704
43 0.752 0.048 0.704
59 0.528 0.048 0.48
62 0.8 0.048 0.752
68 0.752 0.048 0.704
2 0.8 0.048 0.752
30 0.8 0.048 0.752
62 0.8 0.048 0.752
45 0.8 0.048 0.752
33 0.8 0.048 0.752
34 0.8 0.048 0.752
34 0.752 0.048 0.704
46 0.8 0.048 0.752
45 0.752 0.048 0.704
45 0.704 0.16 0.544
33 0.752 0.16 0.592
34 0.704 0.16 0.544
34 0.544 0.016 0.528
45 0.544 0.016 0.528
34 0.528 0.048 0.48
23 0.8 0.048 0.752
33 0.592 0.048 0.544
45 0.528 0.048 0.48
46 0.752 0.16 0.592
9 0.8 0.048 0.752
62 0.8 0.048 0.752
30 0.8 0.048 0.752
62 0.752 0.048 0.704
62 0.704 0.16 0.544
62 0.544 0.016 0.528
2 0.8 0.048 0.752
23 0.8 0.048 0.752
30 0.752 0.048 0.704
62 0.528 0.048 0.48
40 0.8 0.048 0.752
8 0.8 0.048 0.752
47 0.8 0.048 0.752
48 0.8 0.048 0.752
56 0.8 0.048 0.752
2 0.8 0.048 0.752
23 0.8 0.048 0.752
30 0.779464 0.048 0.731464
33 0.688941 0.048 0.640941
34 0.629816 0.048 0.581816
66 0.8 0.048 0.752
10 0.8 0.048 0.752
12 0.775935 0.048 0.727935
16 0.8 0.048 0.752
44 0.8 0.048 0.752
53 0.8 0.048 0.752
63 0.8 0.048 0.752
65 0.8 0.048 0.752
23 0.8 0.048 0.752
33 0.714173 0.048 0.666173
34 0.652481 0.048 0.604481
45 0.629825 0.048 0.581825
27 0.8 0.048 0.752
47 0.8 0.048 0.752
52 0.8 0.048 0.752
57 0.8 0.048 0.752
4 0.8 0.048 0.752
51 0.8 0.048 0.752
70 0.8 0.048 0.752
12 0.8 0.048 0.752
17 0.8 0.048 0.752
29 0.8 0.048 0.752
33 0.739834 0.048 0.691834
34 0.683697 0.048 0.635697
38 0.8 0.048 0.752
45 0.65865 0.048 0.61065
46 0.8 0.048 0.752
60 0.8 0.048 0.752
53 0.8 0.048 0.752
12 0.752 0.048 0.704
16 0.8 0.048 0.752
29 0.8 0.048 0.752
29 0.752 0.048 0.704
44 0.8 0.048 0.752
65 0.8 0.048 0.752
66 0.8 0.048 0.752
53 0.752 0.048 0.704
53 0.704 0.16 0.544
12 0.704 0.16 0.544
16 0.752 0.16 0.592
29 0.704 0.16 0.544
29 0.544 0.016 0.528
53 0.544 0.016 0.528
29 0.528 0.048 0.48
12 0.544 0.048 0.496
17 0.8 0.048 0.752
53 0.528 0.048 0.48
66 0.752 0.048 0.704
70 0.8 0.048 0.752
44 0.752 0.16 0.592
65 0.752 0.16 0.592
66 0.704 0.16 0.544
13 0.8 0.048 0.752
22 0.8 0.048 0.752
24 0.8 0.048 0.752
49 0.8 0.048 0.752
3 0.8 0.048 0.752
11 0.8 0.048 0.752
38 0.8 0.048 0.752
45 0.681723 0.048 0.633723
46 0.8 0.048 0.752
60 0.8 0.048 0.752
34 0.706231 0.048 0.658231
23 0.8 0.048 0.752
23 0.752 0.048 0.704
33 0.768289 0.048 0.720289
45 0.71262 0.048 0.66462
34 0.658231 0.048 0.610231
34 0.610231 0.16 0.450231
23 0.704 0.16 0.544
23 0.544 0.016 0.528
34 0.450231 0.016 0.434231
23 0.528 0.048 0.48
2 0.8 0.048 0.752
2 0.752 0.048 0.704
33 0.720289 0.048 0.672289
34 0.434231 0.048 0.386231
23 0.48 0.048 0.432
23 0.432 0.16 0.272
33 0.672289 0.16 0.512289
2 0.704 0.16 0.544
2 0.544 0.016 0.528
23 0.272 0.016 0.256
2 0.528 0.048 0.48
23 0.256 0.048 0.208
30 0.8 0.048 0.752
33 0.512289 0.16 0.352289
9 0.8 0.048 0.752
28 0.8 0.048 0.752
48 0.8 0.048 0.752
56 0.8 0.048 0.752
3 0.8 0.048 0.752
11 0.8 0.048 0.752
21 0.8 0.048 0.752
38 0.8 0.048 0.752
39 0.8 0.048 0.752
60 0.8 0.048 0.752
64 0.8 0.048 0.752
67 0.8 0.048 0.752
12 0.647331 0.048 0.599331
17 0.8 0.048 0.752
29 0.555914 0.048 0.507914
44 0.734301 0.048 0.686301
53 0.628997 0.048 0.580997
66 0.696768 0.048 0.648768
70 0.8 0.048 0.752
31 0.8 0.048 0.752
1 0.8 0.048 0.752
35 0.8 0.048 0.752
54 0.8 0.048 0.752
58 0.8 0.048 0.752
18 0.8 0.048 0.752
40 0.8 0.048 0.752
8 0.8 0.048 0.752
47 0.8 0.048 0.752
56 0.8 0.048 0.752
8 0.752 0.048 0.704
40 0.752 0.048 0.704
47 0.752 0.048 0.704
48 0.8 0.048 0.752
56 0.752 0.048 0.704
3 0.8 0.048 0.752
11 0.8 0.048 0.752
21 0.8 0.048 0.752
39 0.8 0.048 0.752
64 0.8 0.048 0.752
67 0.8 0.048 0.752
35 0.8 0.048 0.752
1 0.8 0.048 0.752
25 0.8 0.048 0.752
31 0.8 0.048 0.752
66 0.728608 0.048 0.680608
12 0.678879 0.048 0.630879
16 0.8 0.048 0.752
44 0.761265 0.048 0.713265
53 0.657836 0.048 0.609836
65 0.8 0.048 0.752
14 0.8 0.048 0.752
37 0.8 0.048 0.752
43 0.8 0.048 0.752
68 0.8 0.048 0.752
18 0.8 0.048 0.752
21 0.8 0.048 0.752
39 0.8 0.048 0.752
58 0.8 0.048 0.752
64 0.8 0.048 0.752
67 0.8 0.048 0.752
27 0.8 0.048 0.752
47 0.8 0.048 0.752
52 0.8 0.048 0.752
57 0.8 0.048 0.752
4 0.8 0.048 0.752
51 0.8 0.048 0.752
70 0.8 0.048 0.752
12 0.785272 0.048 0.737272
17 0.8 0.048 0.752
29 0.738028 0.048 0.690028
18 0.8 0.048 0.752
55 0.8 0.048 0.752
58 0.8 0.048 0.752
68 0.8 0.048 0.752
14 0.8 0.048 0.752
37 0.8 0.048 0.752
43 0.8 0.048 0.752
59 0.8 0.048 0.752
19 0.8 0.048 0.752
6 0.8 0.048 0.752
42 0.8 0.048 0.752
29 0.762932 0.048 0.714932
12 0.737272 0.048 0.689272
17 0.8 0.048 0.752
53 0.766405 0.048 0.718405
70 0.8 0.048 0.752
13 0.8 0.048 0.752
22 0.8 0.048 0.752
24 0.8 0.048 0.752
49 0.8 0.048 0.752
55 0.8 0.048 0.752
58 0.8 0.048 0.752
2 0.8 0.048 0.752
23 0.583645 0.048 0.535645
30 0.8 0.048 0.752
9 0.8 0.048 0.752
28 0.8 0.048 0.752
48 0.8 0.048 0.752
56 0.8 0.048 0.752
55 0.8 0.048 0.752
12 0.8 0.048 0.752
17 0.8 0.048 0.752
29 0.792444 0.048 0.744444
53 0.8 0.048 0.752
66 0.8 0.048 0.752
70 0.8 0.048 0.752
31 0.8 0.048 0.752
1 0.8 0.048 0.752
35 0.8 0.048 0.752
54 0.8 0.048 0.752
58 0.8 0.048 0.752
18 0.8 0.048 0.752
18 0.752 0.048 0.704
58 0.752 0.048 0.704
58 0.704 0.16 0.544
18 0.704 0.16 0.544
18 0.544 0.016 0.528
58 0.544 0.016 0.528
18 0.528 0.048 0.48
58 0.528 0.048 0.48
67 0.8 0.048 0.752
67 0.752 0.048 0.704
18 0.48 0.048 0.432
18 0.432 0.16 0.272
67 0.704 0.16 0.544
67 0.544 0.016 0.528
18 0.272 0.016 0.256
67 0.528 0.048 0.48
3 0.8 0.048 0.752
3 0.752 0.048 0.704
18 0.256 0.048 0.208
21 0.8 0.048 0.752
39 0.8 0.048 0.752
64 0.8 0.048 0.752
67 0.48 0.048 0.432
67 0.432 0.16 0.272
3 0.704 0.16 0.544
3 0.544 0.016 0.528
67 0.272 0.016 0.256
3 0.528 0.048 0.48
11 0.8 0.048 0.752
21 0.752 0.048 0.704
38 0.8 0.048 0.752
38 0.752 0.048 0.704
39 0.752 0.048 0.704
60 0.8 0.048 0.752
60 0.752 0.048 0.704
64 0.752 0.048 0.704
67 0.256 0.048 0.208
3 0.48 0.096 0.384
3 0.384 0.16 0.224
21 0.704 0.16 0.544
39 0.704 0.16 0.544
64 0.704 0.16 0.544
11 0.752 0.16 0.592
21 0.544 0.16 0.384
38 0.704 0.16 0.544
39 0.544 0.16 0.384
60 0.704 0.16 0.544
60 0.544 0.016 0.528
3 0.224 0.016 0.208
60 0.528 0.048 0.48
3 0.208 0.048 0.16
11 0.592 0.048 0.544
21 0.384 0.048 0.336
38 0.544 0.048 0.496
46 0.8 0.048 0.752
46 0.752 0.048 0.704
60 0.48 0.048 0.432
60 0.432 0.16 0.272
64 0.544 0.16 0.384
11 0.544 0.16 0.384
21 0.336 0.16 0.176
38 0.496 0.16 0.336
46 0.704 0.16 0.544
46 0.544 0.016 0.528
60 0.272 0.016 0.256
46 0.528 0.048 0.48
11 0.384 0.048 0.336
38 0.336 0.048 0.288
45 0.8 0.048 0.752
60 0.256 0.048 0.208
40 0.8 0.048 0.752
8 0.8 0.048 0.752
47 0.8 0.048 0.752
56 0.8 0.048 0.752
8 0.752 0.048 0.704
40 0.752 0.048 0.704
47 0.752 0.048 0.704
48 0.8 0.048 0.752
56 0.752 0.048 0.704
41 0.8 0.048 0.752
39 0.384 0.048 0.336
3 0.16 0.048 0.112
21 0.176 0.048 0.128
64 0.384 0.048 0.336
67 0.208 0.048 0.16
20 0.8 0.048 0.752
35 0.8 0.048 0.752
1 0.8 0.048 0.752
25 0.8 0.048 0.752
31 0.8 0.048 0.752
66 0.8 0.048 0.752
10 0.8 0.048 0.752
12 0.8 0.048 0.752
16 0.8 0.048 0.752
29 0.8 0.048 0.752
44 0.8 0.048 0.752
53 0.8 0.048 0.752
63 0.8 0.048 0.752
65 0.8 0.048 0.752
63 0.8 0.048 0.752
10 0.752 0.048 0.704
16 0.752 0.048 0.704
44 0.752 0.048 0.704
44 0.704 0.048 0.656
65 0.752 0.048 0.704
66 0.752 0.048 0.704
63 0.752 0.048 0.704
63 0.704 0.16 0.544
10 0.704 0.16 0.544
16 0.704 0.16 0.544
44 0.656 0.16 0.496
65 0.704 0.16 0.544
66 0.704 0.16 0.544
54 0.8 0.048 0.752
1 0.752 0.048 0.704
1 0.704 0.048 0.656
31 0.752 0.048 0.704
54 0.752 0.048 0.704
54 0.704 0.16 0.544
1 0.656 0.16 0.496
31 0.704 0.16 0.544
14 0.8 0.048 0.752
37 0.8 0.048 0.752
43 0.8 0.048 0.752
59 0.8 0.048 0.752
68 0.8 0.048 0.752
41 0.8 0.048 0.752
64 0.408772 0.048 0.360772
3 0.268977 0.048 0.220977
11 0.407428 0.048 0.359428
21 0.279325 0.048 0.231325
39 0.412535 0.048 0.364535
67 0.23939 0.048 0.19139
27 0.8 0.048 0.752
47 0.8 0.048 0.752
52 0.8 0.048 0.752
57 0.8 0.048 0.752
4 0.8 0.048 0.752
51 0.8 0.048 0.752
70 0.8 0.048 0.752
12 0.8 0.048 0.752
17 0.8 0.048 0.752
29 0.8 0.048 0.752
41 0.8 0.048 0.752
6 0.8 0.048 0.752
19 0.8 0.048 0.752
42 0.8 0.048 0.752
52 0.8 0.048 0.752
52 0.752 0.048 0.704
6 0.752 0.048 0.704
6 0.704 0.16 0.544
19 0.752 0.16 0.592
42 0.752 0.16 0.592
52 0.704 0.16 0.544
52 0.544 0.016 0.528
6 0.544 0.016 0.528
52 0.528 0.048 0.48
6 0.528 0.048 0.48
27 0.752 0.048 0.704
57 0.752 0.048 0.704
68 0.8 0.048 0.752
14 0.8 0.048 0.752
37 0.8 0.048 0.752
43 0.8 0.048 0.752
59 0.8 0.048 0.752
51 0.752 0.048 0.704
4 0.752 0.048 0.704
61 0.8 0.048 0.752
19 0.592 0.048 0.544
6 0.48 0.048 0.432
42 0.592 0.048 0.544
29 0.8 0.048 0.752
12 0.752 0.048 0.704
17 0.8 0.048 0.752
70 0.8 0.048 0.752
13 0.8 0.048 0.752
22 0.8 0.048 0.752
24 0.8 0.048 0.752
49 0.8 0.048 0.752
17 0.752 0.048 0.704
29 0.752 0.048 0.704
70 0.752 0.048 0.704
37 0.752 0.048 0.704
14 0.8 0.048 0.752
43 0.752 0.048 0.704
59 0.752 0.048 0.704
68 0.752 0.048 0.704
2 0.8 0.048 0.752
23 0.8 0.048 0.752
30 0.8 0.048 0.752
34 0.8 0.048 0.752
9 0.8 0.048 0.752
28 0.8 0.048 0.752
48 0.8 0.048 0.752
56 0.8 0.048 0.752
50 0.8 0.048 0.752
12 0.8 0.048 0.752
17 0.777268 0.048 0.729268
29 0.783334 0.048 0.735334
44 0.79304 0.048 0.74504
53 0.8 0.048 0.752
66 0.776965 0.048 0.728965
70 0.781431 0.048 0.733431
23 0.8 0.048 0.752
2 0.752 0.048 0.704
30 0.752 0.048 0.704
30 0.704 0.048 0.656
33 0.8 0.048 0.752
34 0.8 0.048 0.752
23 0.752 0.048 0.704
23 0.704 0.16 0.544
2 0.704 0.16 0.544
30 0.656 0.16 0.496
33 0.752 0.16 0.592
34 0.752 0.16 0.592
12 0.752 0.048 0.704
17 0.729268 0.048 0.681268
29 0.735334 0.048 0.687334
44 0.74504 0.048 0.69704
53 0.8 0.048 0.752
66 0.8 0.048 0.752
70 0.8 0.048 0.752
12 0.704 0.048 0.656
12 0.656 0.16 0.496
12 0.496 0.016 0.48
31 0.8 0.048 0.752
1 0.8 0.048 0.752
35 0.8 0.048 0.752
54 0.769459 0.048 0.721459
48 0.752 0.048 0.704
28 0.752 0.048 0.704
56 0.8 0.048 0.752
67 0.490263 0.048 0.442263
3 0.444393 0.048 0.396393
18 0.59196 0.048 0.54396
21 0.458552 0.048 0.410552
39 0.597267 0.048 0.549267
64 0.589429 0.048 0.541429
46 0.8 0.048 0.752
11 0.650249 0.048 0.602249
38 0.661966 0.048 0.613966
45 0.8 0.048 0.752
60 0.589058 0.048 0.541058
40 0.8 0.048 0.752
8 0.8 0.048 0.752
47 0.8 0.048 0.752
56 0.752 0.048 0.704
8 0.752 0.048 0.704
40 0.752 0.048 0.704
47 0.752 0.048 0.704
56 0.704 0.048 0.656
10 0.8 0.048 0.752
12 0.553709 0.048 0.505709
16 0.8 0.048 0.752
17 0.756979 0.048 0.708979
29 0.765807 0.048 0.717807
44 0.775767 0.048 0.727767
53 0.752 0.048 0.704
63 0.8 0.048 0.752
65 0.8 0.048 0.752
66 0.752 0.048 0.704
70 0.752 0.048 0.704
39 0.627113 0.048 0.579113
3 0.396393 0.048 0.348393
11 0.602249 0.048 0.554249
11 0.554249 0.048 0.506249
21 0.410552 0.048 0.362552
60 0.541058 0.048 0.493058
64 0.613503 0.048 0.565503
67 0.442263 0.048 0.394263
39 0.579113 0.048 0.531113
39 0.531113 0.16 0.371113
3 0.348393 0.16 0.188393
11 0.506249 0.16 0.346249
21 0.362552 0.16 0.202552
60 0.493058 0.16 0.333058
64 0.565503 0.16 0.405503
67 0.394263 0.16 0.234263
20 0.8 0.048 0.752
35 0.8 0.048 0.752
1 0.8 0.048 0.752
25 0.8 0.048 0.752
31 0.8 0.048 0.752
66 0.774953 0.048 0.726953
10 0.752 0.048 0.704
12 0.505709 0.048 0.457709
16 0.752 0.048 0.704
44 0.727767 0.048 0.679767
53 0.774491 0.048 0.726491
63 0.752 0.048 0.704
65 0.752 0.048 0.704
66 0.726953 0.048 0.678953
66 0.678953 0.16 0.518953
66 0.518953 0.016 0.502953
56 0.734518 0.048 0.686518
8 0.775255 0.048 0.727255
28 0.8 0.048 0.752
40 0.776893 0.048 0.728893
48 0.8 0.048 0.752
14 0.8 0.048 0.752
37 0.8 0.048 0.752
43 0.8 0.048 0.752
59 0.8 0.048 0.752
68 0.8 0.048 0.752
10 0.776759 0.048 0.728759
16 0.774821 0.048 0.726821
44 0.754845 0.048 0.706845
53 0.726491 0.048 0.678491
63 0.781521 0.048 0.733521
65 0.781657 0.048 0.733657
66 0.502953 0.048 0.454953
64 0.476221 0.048 0.428221
3 0.334258 0.048 0.286258
21 0.354032 0.048 0.306032
39 0.444592 0.048 0.396592
67 0.310194 0.048 0.262194
27 0.8 0.048 0.752
47 0.8 0.048 0.752
52 0.77982 0.048 0.73182
57 0.8 0.048 0.752
4 0.8 0.048 0.752
70 0.8 0.048 0.752
12 0.608477 0.048 0.560477
17 0.8 0.048 0.752
29 0.8 0.048 0.752
10 0.799845 0.048 0.751845
16 0.799286 0.048 0.751286
25 0.8 0.048 0.752
63 0.8 0.048 0.752
65 0.8 0.048 0.752
15 0.8 0.048 0.752
5 0.8 0.048 0.752
32 0.8 0.048 0.752
36 0.8 0.048 0.752
69 0.8 0.048 0.752
7 0.8 0.048 0.752
5 0.752 0.048 0.704
5 0.704 0.048 0.656
26 0.8 0.048 0.752
32 0.752 0.048 0.704
32 0.704 0.048 0.656
36 0.752 0.048 0.704
36 0.704 0.048 0.656
69 0.752 0.048 0.704
69 0.704 0.048 0.656
7 0.752 0.192 0.56
7 0.56 0.16 0.4
5 0.656 0.16 0.496
26 0.752 0.16 0.592
32 0.656 0.16 0.496
36 0.656 0.16 0.496
69 0.656 0.16 0.496
52 0.8 0.048 0.752
6 0.795926 0.048 0.747926
27 0.752 0.048 0.704
57 0.752 0.048 0.704
11 0.500142 0.048 0.452142
3 0.358783 0.048 0.310783
21 0.38477 0.048 0.33677
38 0.8 0.048 0.752
38 0.752 0.048 0.704
39 0.469739 0.048 0.421739
46 0.8 0.048 0.752
60 0.559606 0.048 0.511606
60 0.511606 0.048 0.463606
11 0.452142 0.096 0.356142
11 0.356142 0.16 0.196142
3 0.310783 0.16 0.150783
21 0.33677 0.16 0.17677
38 0.704 0.16 0.544
38 0.544 0.016 0.528
11 0.196142 0.016 0.180142
38 0.528 0.048 0.48
3 0.150783 0.048 0.102783
11 0.180142 0.048 0.132142
46 0.752 0.048 0.704
60 0.463606 0.048 0.415606
39 0.421739 0.16 0.261739
46 0.704 0.16 0.544
60 0.415606 0.16 0.255606
68 0.8 0.048 0.752
14 0.8 0.048 0.752
37 0.8 0.048 0.752
43 0.8 0.048 0.752
59 0.8 0.048 0.752
51 0.8 0.048 0.752
61 0.8 0.048 0.752
19 0.8 0.048 0.752
6 0.747926 0.048 0.699926
42 0.8 0.048 0.752
29 0.8 0.048 0.752
12 0.560477 0.048 0.512477
17 0.8 0.048 0.752
53 0.8 0.048 0.752
70 0.8 0.048 0.752
13 0.8 0.048 0.752
22 0.8 0.048 0.752
24 0.8 0.048 0.752
49 0.8 0.048 0.752
25 0.8 0.048 0.752
35 0.8 0.048 0.752
37 0.752 0.048 0.704
14 0.8 0.048 0.752
43 0.752 0.048 0.704
59 0.752 0.048 0.704
68 0.752 0.048 0.704
44 0.8 0.048 0.752
10 0.8 0.048 0.752
12 0.586912 0.048 0.538912
12 0.538912 0.048 0.490912
16 0.8 0.048 0.752
53 0.8 0.048 0.752
63 0.8 0.048 0.752
65 0.8 0.048 0.752
66 0.680627 0.048 0.632627
44 0.752 0.048 0.704
44 0.704 0.16 0.544
10 0.752 0.16 0.592
12 0.490912 0.16 0.330912
16 0.752 0.16 0.592
53 0.752 0.16 0.592
63 0.752 0.16 0.592
65 0.752 0.16 0.592
66 0.632627 0.16 0.472627
2 0.8 0.048 0.752
23 0.8 0.048 0.752
30 0.8 0.048 0.752
34 0.8 0.048 0.752
9 0.8 0.048 0.752
36 0.641637 0.048 0.593637
5 0.64801 0.048 0.60001
7 0.546224 0.048 0.498224
15 0.8 0.048 0.752
32 0.647096 0.048 0.599096
69 0.644741 0.048 0.596741
28 0.8 0.048 0.752
48 0.8 0.048 0.752
56 0.8 0.048 0.752
26 0.745237 0.048 0.697237
7 0.498224 0.048 0.450224
36 0.593637 0.048 0.545637
69 0.596741 0.048 0.548741
69 0.548741 0.048 0.500741
26 0.697237 0.048 0.649237
26 0.649237 0.16 0.489237
7 0.450224 0.16 0.290224
36 0.545637 0.16 0.385637
69 0.500741 0.16 0.340741
50 0.8 0.048 0.752
1 0.8 0.048 0.752
25 0.8 0.048 0.752
31 0.8 0.048 0.752
35 0.8 0.048 0.752
54 0.8 0.048 0.752
31 0.8 0.048 0.752
1 0.8 0.048 0.752
35 0.752 0.048 0.704
54 0.752 0.048 0.704
31 0.752 0.048 0.704
31 0.704 0.16 0.544
31 0.544 0.016 0.528
48 0.752 0.048 0.704
28 0.752 0.048 0.704
56 0.8 0.048 0.752
67 0.555075 0.048 0.507075
3 0.260089 0.048 0.212089
18 0.8 0.048 0.752
21 0.327799 0.048 0.279799
39 0.417746 0.048 0.369746
64 0.655695 0.048 0.607695
34 0.8 0.048 0.752
2 0.8 0.048 0.752
23 0.8 0.048 0.752
33 0.8 0.048 0.752
45 0.8 0.048 0.752
33 0.752 0.048 0.704
33 0.704 0.048 0.656
45 0.752 0.048 0.704
45 0.704 0.16 0.544
33 0.656 0.16 0.496
46 0.768838 0.048 0.720838
11 0.354787 0.048 0.306787
38 0.627155 0.048 0.579155
40 0.8 0.048 0.752
8 0.8 0.048 0.752
47 0.8 0.048 0.752
56 0.752 0.048 0.704
18 0.752 0.048 0.704
58 0.8 0.048 0.752
67 0.507075 0.048 0.459075
8 0.752 0.048 0.704
40 0.752 0.048 0.704
47 0.752 0.048 0.704
56 0.704 0.048 0.656
1 0.752 0.048 0.704
31 0.528 0.048 0.48
35 0.779817 0.048 0.731817
54 0.775874 0.048 0.727874
20 0.8 0.048 0.752
35 0.731817 0.048 0.683817
1 0.777305 0.048 0.729305
25 0.8 0.048 0.752
25 0.752 0.048 0.704
31 0.551895 0.048 0.503895
35 0.683817 0.048 0.635817
35 0.635817 0.16 0.475817
1 0.729305 0.16 0.569305
25 0.704 0.16 0.544
25 0.544 0.016 0.528
35 0.475817 0.016 0.459817
25 0.528 0.048 0.48
1 0.569305 0.048 0.521305
35 0.459817 0.048 0.411817
31 0.503895 0.16 0.343895
56 0.726425 0.048 0.678425
8 0.780798 0.048 0.732798
28 0.8 0.048 0.752
40 0.778119 0.048 0.730119
48 0.8 0.048 0.752
14 0.8 0.048 0.752
37 0.8 0.048 0.752
43 0.8 0.048 0.752
59 0.8 0.048 0.752
68 0.8 0.048 0.752
31 0.343895 0.048 0.295895
50 0.8 0.048 0.752
54 0.79839 0.048 0.75039
64 0.759289 0.048 0.711289
3 0.36766 0.048 0.31966
18 0.8 0.048 0.752
21 0.433556 0.048 0.385556
39 0.521942 0.048 0.473942
67 0.535545 0.048 0.487545
27 0.8 0.048 0.752
47 0.8 0.048 0.752
52 0.8 0.048 0.752
57 0.8 0.048 0.752
4 0.8 0.048 0.752
51 0.8 0.048 0.752
70 0.8 0.048 0.752
12 0.62353 0.048 0.57553
17 0.8 0.048 0.752
29 0.8 0.048 0.752
53 0.8 0.048 0.752
15 0.8 0.048 0.752
32 0.8 0.048 0.752
50 0.8 0.048 0.752
15 0.752 0.048 0.704
5 0.8 0.048 0.752
5 0.752 0.048 0.704
32 0.752 0.048 0.704
36 0.617338 0.048 0.569338
69 0.565671 0.048 0.517671
69 0.517671 0.048 0.469671
15 0.704 0.144 0.56
15 0.56 0.16 0.4
15 0.4 0.016 0.384
5 0.782001 0.048 0.734001
7 0.511837 0.048 0.463837
15 0.384 0.048 0.336
32 0.777245 0.048 0.729245
36 0.569338 0.048 0.521338
69 0.469671 0.048 0.421671
52 0.8 0.048 0.752
6 0.8 0.048 0.752
27 0.752 0.048 0.704
57 0.752 0.048 0.704
38 0.8 0.048 0.752
3 0.396119 0.048 0.348119
11 0.455395 0.048 0.407395
46 0.8 0.048 0.752
60 0.630896 0.048 0.582896
68 0.8 0.048 0.752
14 0.8 0.048 0.752
37 0.8 0.048 0.752
43 0.8 0.048 0.752
59 0.8 0.048 0.752
51 0.752 0.048 0.704
4 0.752 0.048 0.704
61 0.8 0.048 0.752
19 0.8 0.048 0.752
6 0.752 0.048 0.704
42 0.8 0.048 0.752
3 0.348119 0.048 0.300119
11 0.479566 0.048 0.431566
21 0.464407 0.048 0.416407
38 0.752 0.048 0.704
39 0.551761 0.048 0.503761
60 0.582896 0.048 0.534896
60 0.534896 0.048 0.486896
64 0.781894 0.048 0.733894
67 0.638353 0.048 0.590353
3 0.300119 0.048 0.252119
3 0.252119 0.16 0.0921187
11 0.431566 0.16 0.271566
21 0.416407 0.16 0.256407
38 0.704 0.16 0.544
39 0.503761 0.16 0.343761
60 0.486896 0.16 0.326896
64 0.733894 0.16 0.573894
67 0.590353 0.16 0.430353
29 0.8 0.048 0.752
12 0.57553 0.048 0.52753
17 0.8 0.048 0.752
44 0.8 0.048 0.752
53 0.8 0.048 0.752
66 0.768568 0.048 0.720568
70 0.8 0.048 0.752
65 0.8 0.048 0.752
10 0.8 0.048 0.752
16 0.8 0.048 0.752
44 0.752 0.048 0.704
53 0.752 0.048 0.704
53 0.704 0.048 0.656
63 0.8 0.048 0.752
66 0.720568 0.048 0.672568
66 0.672568 0.048 0.624568
65 0.752 0.096 0.656
65 0.656 0.16 0.496
10 0.752 0.16 0.592
16 0.752 0.16 0.592
44 0.704 0.16 0.544
53 0.656 0.16 0.496
63 0.752 0.16 0.592
66 0.624568 0.16 0.464568
33 0.723753 0.048 0.675753
34 0.8 0.048 0.752
45 0.758779 0.048 0.710779
1 0.664384 0.048 0.616384
25 0.63597 0.048 0.58797
31 0.447872 0.048 0.399872
35 0.640728 0.048 0.592728
54 0.8 0.048 0.752
13 0.8 0.048 0.752
22 0.8 0.048 0.752
49 0.8 0.048 0.752
16 0.665245 0.048 0.617245
10 0.664503 0.048 0.616503
44 0.544 0.048 0.496
63 0.592 0.048 0.544
65 0.496 0.048 0.448
66 0.464568 0.048 0.416568
5 0.734001 0.048 0.686001
7 0.536977 0.048 0.488977
15 0.406301 0.048 0.358301
32 0.729245 0.048 0.681245
36 0.599455 0.048 0.551455
69 0.493711 0.048 0.445711
41 0.8 0.048 0.752
37 0.752 0.048 0.704
14 0.8 0.048 0.752
43 0.752 0.048 0.704
59 0.752 0.048 0.704
68 0.752 0.048 0.704
2 0.8 0.048 0.752
23 0.8 0.048 0.752
30 0.8 0.048 0.752
34 0.752 0.048 0.704
17 0.8 0.048 0.752
12 0.603769 0.048 0.555769
29 0.8 0.048 0.752
53 0.573225 0.048 0.525225
70 0.8 0.048 0.752
9 0.8 0.048 0.752
36 0.628195 0.048 0.580195
5 0.761422 0.048 0.713422
7 0.567305 0.048 0.519305
15 0.358301 0.048 0.310301
26 0.784179 0.048 0.736179
32 0.757143 0.048 0.709143
69 0.518075 0.048 0.470075
36 0.580195 0.048 0.532195
36 0.532195 0.16 0.372195
36 0.372195 0.016 0.356195
28 0.8 0.048 0.752
48 0.8 0.048 0.752
56 0.8 0.048 0.752
43 0.779152 0.048 0.731152
14 0.752 0.048 0.704
37 0.776761 0.048 0.728761
59 0.782145 0.048 0.734145
68 0.777728 0.048 0.729728
50 0.8 0.048 0.752
5 0.713422 0.048 0.665422
7 0.519305 0.048 0.471305
15 0.387397 0.048 0.339397
26 0.8 0.048 0.752
32 0.709143 0.048 0.661143
36 0.356195 0.048 0.308195
69 0.470075 0.048 0.422075
48 0.752 0.048 0.704
28 0.752 0.048 0.704
56 0.8 0.048 0.752
67 0.576169 0.048 0.528169
3 0.246541 0.048 0.198541
18 0.8 0.048 0.752
21 0.40358 0.048 0.35558
39 0.498447 0.048 0.450447
64 0.723825 0.048 0.675825
34 0.777409 0.048 0.729409
23 0.8 0.048 0.752
33 0.8 0.048 0.752
46 0.8 0.048 0.752
11 0.415657 0.048 0.367657
38 0.687159 0.048 0.639159
45 0.8 0.048 0.752
60 0.476438 0.048 0.428438
40 0.8 0.048 0.752
8 0.8 0.048 0.752
47 0.8 0.048 0.752
56 0.752 0.048 0.704
18 0.752 0.048 0.704
58 0.8 0.048 0.752
67 0.528169 0.048 0.480169
8 0.752 0.048 0.704
40 0.752 0.048 0.704
56 0.704 0.048 0.656
5 0.740765 0.048 0.692765
7 0.547047 0.048 0.499047
13 0.8 0.048 0.752
26 0.8 0.048 0.752
36 0.381429 0.048 0.333429
69 0.493533 0.048 0.445533
20 0.8 0.048 0.752
25 0.8 0.048 0.752
1 0.8 0.048 0.752
31 0.622961 0.048 0.574961
35 0.752063 0.048 0.704063
56 0.735868 0.048 0.687868
8 0.774664 0.048 0.726664
28 0.8 0.048 0.752
40 0.778376 0.048 0.730376
48 0.8 0.048 0.752
14 0.8 0.048 0.752
37 0.8 0.048 0.752
43 0.8 0.048 0.752
59 0.8 0.048 0.752
68 0.8 0.048 0.752
13 0.8 0.048 0.752
22 0.8 0.048 0.752
24 0.8 0.048 0.752
26 0.8 0.048 0.752
49 0.8 0.048 0.752
64 0.8 0.048 0.752
3 0.345 0.048 0.297
21 0.507944 0.048 0.459944
39 0.600658 0.048 0.552658
67 0.554451 0.048 0.506451
22 0.8 0.048 0.752
13 0.752 0.048 0.704
24 0.752 0.048 0.704
49 0.8 0.048 0.752
22 0.752 0.048 0.704
22 0.704 0.16 0.544
22 0.544 0.016 0.528
27 0.8 0.048 0.752
47 0.8 0.048 0.752
52 0.8 0.048 0.752
57 0.8 0.048 0.752
4 0.8 0.048 0.752
51 0.8 0.048 0.752
70 0.8 0.048 0.752
12 0.8 0.048 0.752
17 0.8 0.048 0.752
29 0.8 0.048 0.752
53 0.750426 0.048 0.702426
13 0.779974 0.048 0.731974
22 0.528 0.048 0.48
24 0.77439 0.048 0.72639
49 0.752 0.048 0.704
5 0.8 0.048 0.752
7 0.6456 0.048 0.5976
15 0.558736 0.048 0.510736
15 0.510736 0.048 0.462736
32 0.8 0.048 0.752
32 0.752 0.048 0.704
36 0.482124 0.048 0.434124
69 0.596573 0.048 0.548573
5 0.752 0.096 0.656
5 0.656 0.16 0.496
7 0.5976 0.16 0.4376
15 0.462736 0.16 0.302736
32 0.704 0.16 0.544
32 0.544 0.016 0.528
5 0.496 0.016 0.48
32 0.528 0.048 0.48
5 0.48 0.048 0.432
7 0.4376 0.048 0.3896
15 0.302736 0.048 0.254736
36 0.434124 0.048 0.386124
69 0.548573 0.048 0.500573
36 0.386124 0.16 0.226124
69 0.500573 0.16 0.340573
47 0.752 0.048 0.704
27 0.752 0.048 0.704
57 0.752 0.048 0.704
52 0.8 0.048 0.752
6 0.8 0.048 0.752
27 0.704 0.048 0.656
57 0.704 0.048 0.656
38 0.8 0.048 0.752
3 0.369128 0.048 0.321128
11 0.51799 0.048 0.46999
46 0.8 0.048 0.752
60 0.652558 0.048 0.604558
68 0.8 0.048 0.752
14 0.8 0.048 0.752
37 0.8 0.048 0.752
43 0.8 0.048 0.752
59 0.8 0.048 0.752
51 0.752 0.048 0.704
4 0.752 0.048 0.704
61 0.8 0.048 0.752
19 0.8 0.048 0.752
6 0.752 0.048 0.704
42 0.8 0.048 0.752
29 0.8 0.048 0.752
12 0.752 0.048 0.704
17 0.8 0.048 0.752
53 0.782074 0.048 0.734074
70 0.8 0.048 0.752
33 0.8 0.048 0.752
34 0.8 0.048 0.752
45 0.8 0.048 0.752
1 0.8 0.048 0.752
25 0.8 0.048 0.752
31 0.728007 0.048 0.680007
35 0.8 0.048 0.752
54 0.8 0.048 0.752
13 0.731974 0.048 0.683974
22 0.557416 0.048 0.509416
24 0.72639 0.048 0.67839
49 0.783054 0.048 0.735054
16 0.8 0.048 0.752
10 0.8 0.048 0.752
44 0.8 0.048 0.752
63 0.8 0.048 0.752
65 0.8 0.048 0.752
66 0.788131 0.048 0.740131
66 0.740131 0.048 0.692131
16 0.752 0.048 0.704
16 0.704 0.16 0.544
10 0.752 0.16 0.592
44 0.752 0.16 0.592
63 0.752 0.16 0.592
65 0.752 0.16 0.592
66 0.692131 0.16 0.532131
66 0.532131 0.016 0.516131
16 0.544 0.016 0.528
66 0.516131 0.048 0.468131
10 0.592 0.048 0.544
12 0.778838 0.048 0.730838
12 0.730838 0.048 0.682838
16 0.528 0.048 0.48
44 0.592 0.048 0.544
53 0.734074 0.048 0.686074
63 0.592 0.048 0.544
65 0.592 0.048 0.544
66 0.468131 0.048 0.420131
66 0.420131 0.16 0.260131
10 0.544 0.16 0.384
12 0.682838 0.16 0.522838
12 0.522838 0.016 0.506838
66 0.260131 0.016 0.244131
12 0.506838 0.048 0.458838
17 0.752 0.048 0.704
29 0.752 0.048 0.704
44 0.544 0.048 0.496
53 0.686074 0.048 0.638074
66 0.244131 0.048 0.196131
70 0.752 0.048 0.704
44 0.496 0.16 0.336
53 0.638074 0.16 0.478074
63 0.544 0.16 0.384
65 0.544 0.16 0.384
24 0.748692 0.048 0.700692
28 0.8 0.048 0.752
48 0.8 0.048 0.752
49 0.735054 0.048 0.687054
56 0.8 0.048 0.752
41 0.8 0.048 0.752
37 0.752 0.048 0.704
14 0.8 0.048 0.752
43 0.752 0.048 0.704
59 0.752 0.048 0.704
68 0.752 0.048 0.704
2 0.8 0.048 0.752
23 0.8 0.048 0.752
30 0.8 0.048 0.752
17 0.780633 0.048 0.732633
12 0.458838 0.048 0.410838
29 0.775489 0.048 0.727489
53 0.551317 0.048 0.503317
70 0.77775 0.048 0.72975
9 0.8 0.048 0.752
24 0.700692 0.048 0.652692
13 0.755435 0.048 0.707435
22 0.58132 0.048 0.53332
22 0.53332 0.048 0.48532
49 0.758494 0.048 0.710494
24 0.652692 0.048 0.604692
24 0.604692 0.16 0.444692
13 0.707435 0.16 0.547435
22 0.48532 0.16 0.32532
49 0.710494 0.16 0.550494
28 0.8 0.048 0.752
48 0.8 0.048 0.752
56 0.8 0.048 0.752
28 0.752 0.048 0.704
28 0.704 0.16 0.544
28 0.544 0.016 0.528
43 0.780836 0.048 0.732836
14 0.752 0.048 0.704
37 0.782432 0.048 0.734432
59 0.78307 0.048 0.73507
68 0.780009 0.048 0.732009
50 0.8 0.048 0.752
8 0.8 0.048 0.752
28 0.528 0.048 0.48
40 0.8 0.048 0.752
48 0.752 0.048 0.704
56 0.752 0.048 0.704
48 0.704 0.048 0.656
28 0.48 0.048 0.432
56 0.777029 0.048 0.729029
48 0.656 0.048 0.608
48 0.608 0.16 0.448
48 0.448 0.016 0.432
67 0.799378 0.048 0.751378
3 0.474057 0.048 0.426057
21 0.674604 0.048 0.626604
39 0.784651 0.048 0.736651
64 0.8 0.048 0.752
42 0.8 0.048 0.752
6 0.8 0.048 0.752
19 0.8 0.048 0.752
34 0.8 0.048 0.752
23 0.8 0.048 0.752
33 0.8 0.048 0.752
46 0.8 0.048 0.752
11 0.698416 0.048 0.650416
38 0.8 0.048 0.752
45 0.8 0.048 0.752
60 0.754897 0.048 0.706897
40 0.8 0.048 0.752
8 0.8 0.048 0.752
47 0.8 0.048 0.752
56 0.729029 0.048 0.681029
40 0.752 0.048 0.704
40 0.704 0.16 0.544
40 0.544 0.016 0.528
18 0.8 0.048 0.752
58 0.8 0.048 0.752
67 0.751378 0.048 0.703378
8 0.752 0.048 0.704
40 0.528 0.048 0.48
56 0.681029 0.048 0.633029
8 0.704 0.048 0.656
8 0.656 0.16 0.496
8 0.496 0.016 0.48
8 0.48 0.048 0.432
28 0.506507 0.048 0.458507
40 0.48 0.048 0.432
48 0.506212 0.048 0.458212
56 0.633029 0.048 0.585029
20 0.8 0.048 0.752
25 0.8 0.048 0.752
1 0.8 0.048 0.752
31 0.8 0.048 0.752
35 0.8 0.048 0.752
56 0.663908 0.048 0.615908
8 0.510559 0.048 0.462559
28 0.537745 0.048 0.489745
40 0.506404 0.048 0.458404
48 0.528962 0.048 0.480962
14 0.8 0.048 0.752
37 0.8 0.048 0.752
43 0.8 0.048 0.752
68 0.8 0.048 0.752
21 0.703724 0.048 0.655724
3 0.500371 0.048 0.452371
39 0.8 0.048 0.752
64 0.8 0.048 0.752
67 0.78177 0.048 0.73377
8 0.462559 0.048 0.414559
27 0.8 0.048 0.752
40 0.458404 0.048 0.410404
47 0.8 0.048 0.752
57 0.8 0.048 0.752
49 0.709663 0.048 0.661663
13 0.766704 0.048 0.718704
22 0.468406 0.048 0.420406
24 0.673904 0.048 0.625904
64 0.752 0.048 0.704
3 0.527763 0.048 0.479763
21 0.734082 0.048 0.686082
39 0.752 0.048 0.704
67 0.73377 0.048 0.68577
69 0.7193 0.048 0.6713
5 0.742883 0.048 0.694883
7 0.762789 0.048 0.714789
26 0.8 0.048 0.752
32 0.769495 0.048 0.721495
36 0.606948 0.048 0.558948
27 0.8 0.048 0.752
47 0.8 0.048 0.752
52 0.8 0.048 0.752
57 0.8 0.048 0.752
27 0.752 0.048 0.704
27 0.704 0.16 0.544
27 0.544 0.016 0.528
4 0.8 0.048 0.752
51 0.8 0.048 0.752
70 0.8 0.048 0.752
12 0.719189 0.048 0.671189
17 0.8 0.048 0.752
29 0.8 0.048 0.752
53 0.738102 0.048 0.690102
27 0.528 0.048 0.48
47 0.752 0.048 0.704
52 0.8 0.048 0.752
57 0.752 0.048 0.704
32 0.798749 0.048 0.750749
5 0.770466 0.048 0.722466
7 0.714789 0.048 0.666789
15 0.626512 0.048 0.578512
36 0.558948 0.048 0.510948
69 0.6713 0.048 0.6233
47 0.704 0.048 0.656
27 0.48 0.048 0.432
40 0.565475 0.048 0.517475
40 0.517475 0.048 0.469475
57 0.704 0.048 0.656
47 0.656 0.096 0.56
47 0.56 0.16 0.4
47 0.4 0.016 0.384
52 0.752 0.048 0.704
6 0.8 0.048 0.752
27 0.432 0.048 0.384
57 0.656 0.048 0.608
52 0.704 0.048 0.656
52 0.656 0.16 0.496
52 0.496 0.016 0.48
38 0.8 0.048 0.752
3 0.556979 0.048 0.508979
11 0.79401 0.048 0.74601
45 0.8 0.048 0.752
46 0.8 0.048 0.752
60 0.8 0.048 0.752
68 0.8 0.048 0.752
14 0.8 0.048 0.752
37 0.8 0.048 0.752
43 0.8 0.048 0.752
59 0.8 0.048 0.752
51 0.752 0.048 0.704
4 0.752 0.048 0.704
61 0.8 0.048 0.752
19 0.8 0.048 0.752
6 0.752 0.048 0.704
42 0.8 0.048 0.752
29 0.8 0.048 0.752
12 0.671189 0.048 0.623189
17 0.8 0.048 0.752
53 0.766932 0.048 0.718932
70 0.8 0.048 0.752
33 0.8 0.048 0.752
34 0.8 0.048 0.752
45 0.752 0.048 0.704
1 0.8 0.048 0.752
25 0.8 0.048 0.752
31 0.8 0.048 0.752
35 0.8 0.048 0.752
54 0.8 0.048 0.752
13 0.797033 0.048 0.749033
22 0.566359 0.048 0.518359
24 0.700099 0.048 0.652099
49 0.8 0.048 0.752
55 0.8 0.048 0.752
12 0.700992 0.048 0.652992
17 0.752 0.048 0.704
29 0.752 0.048 0.704
44 0.719618 0.048 0.671618
53 0.718932 0.048 0.670932
66 0.573368 0.048 0.525368
70 0.752 0.048 0.704
62 0.8 0.048 0.752
2 0.8 0.048 0.752
30 0.8 0.048 0.752
6 0.780647 0.048 0.732647
19 0.8 0.048 0.752
27 0.462813 0.048 0.414813
42 0.752 0.048 0.704
52 0.556718 0.048 0.508718
57 0.686661 0.048 0.638661
41 0.8 0.048 0.752
37 0.752 0.048 0.704
14 0.8 0.048 0.752
43 0.752 0.048 0.704
59 0.752 0.048 0.704
68 0.752 0.048 0.704
2 0.8 0.048 0.752
23 0.8 0.048 0.752
30 0.8 0.048 0.752
62 0.8 0.048 0.752
57 0.711766 0.048 0.663766
27 0.414813 0.048 0.366813
47 0.460391 0.048 0.412391
52 0.508718 0.048 0.460718
57 0.663766 0.048 0.615766
57 0.615766 0.16 0.455766
57 0.455766 0.016 0.439766
17 0.781615 0.048 0.733615
12 0.652992 0.048 0.604992
29 0.774129 0.048 0.726129
53 0.744165 0.048 0.696165
70 0.775023 0.048 0.727023
9 0.8 0.048 0.752
43 0.779444 0.048 0.731444
14 0.752 0.048 0.704
37 0.780465 0.048 0.732465
59 0.775804 0.048 0.727804
68 0.777865 0.048 0.729865
50 0.8 0.048 0.752
15 0.722709 0.048 0.674709
6 0.8 0.048 0.752
19 0.8 0.048 0.752
42 0.781623 0.048 0.733623
67 0.8 0.048 0.752
3 0.661042 0.048 0.613042
21 0.8 0.048 0.752
39 0.8 0.048 0.752
64 0.8 0.048 0.752
42 0.8 0.048 0.752
6 0.752 0.048 0.704
19 0.752 0.048 0.704
42 0.752 0.048 0.704
42 0.704 0.16 0.544
42 0.544 0.016 0.528
34 0.8 0.048 0.752
23 0.8 0.048 0.752
33 0.8 0.048 0.752
61 0.8 0.048 0.752
51 0.8 0.048 0.752
10 0.8 0.048 0.752
16 0.8 0.048 0.752
44 0.8 0.048 0.752
63 0.8 0.048 0.752
65 0.8 0.048 0.752
46 0.8 0.048 0.752
38 0.8 0.048 0.752
45 0.8 0.048 0.752
60 0.8 0.048 0.752
60 0.752 0.048 0.704
3 0.613042 0.048 0.565042
11 0.8 0.048 0.752
38 0.752 0.048 0.704
39 0.8 0.048 0.752
46 0.752 0.048 0.704
30 0.8 0.048 0.752
2 0.8 0.048 0.752
23 0.8 0.048 0.752
62 0.8 0.048 0.752
18 0.8 0.048 0.752
58 0.8 0.048 0.752
6 0.775469 0.048 0.727469
19 0.77431 0.048 0.72631
42 0.528 0.048 0.48
20 0.8 0.048 0.752
25 0.8 0.048 0.752
1 0.8 0.048 0.752
31 0.8 0.048 0.752
35 0.8 0.048 0.752
56 0.8 0.048 0.752
8 0.789913 0.048 0.741913
28 0.8 0.048 0.752
40 0.688162 0.048 0.640162
48 0.8 0.048 0.752
14 0.8 0.048 0.752
37 0.8 0.048 0.752
43 0.8 0.048 0.752
68 0.8 0.048 0.752
21 0.8 0.048 0.752
3 0.640086 0.048 0.592086
39 0.8 0.048 0.752
64 0.8 0.048 0.752
67 0.8 0.048 0.752
9 0.8 0.048 0.752
49 0.8 0.048 0.752
13 0.8 0.048 0.752
22 0.735436 0.048 0.687436
22 0.687436 0.048 0.639436
24 0.8 0.048 0.752
49 0.752 0.048 0.704
49 0.704 0.16 0.544
13 0.752 0.16 0.592
22 0.639436 0.16 0.479436
24 0.752 0.16 0.592
64 0.752 0.048 0.704
3 0.662733 0.048 0.614733
21 0.8 0.048 0.752
39 0.752 0.048 0.704
67 0.752 0.048 0.704
69 0.8 0.048 0.752
5 0.8 0.048 0.752
7 0.8 0.048 0.752
26 0.8 0.048 0.752
32 0.8 0.048 0.752
36 0.8 0.048 0.752
4 0.8 0.048 0.752
51 0.8 0.048 0.752
70 0.8 0.048 0.752
12 0.8 0.048 0.752
17 0.8 0.048 0.752
29 0.8 0.048 0.752
9 0.8 0.048 0.752
32 0.8 0.048 0.752
5 0.8 0.048 0.752
7 0.752 0.048 0.704
15 0.8 0.048 0.752
36 0.752 0.048 0.704
69 0.752 0.048 0.704
38 0.8 0.048 0.752
3 0.691659 0.048 0.643659
11 0.8 0.048 0.752
45 0.8 0.048 0.752
46 0.8 0.048 0.752
60 0.8 0.048 0.752
68 0.8 0.048 0.752
14 0.8 0.048 0.752
37 0.8 0.048 0.752
43 0.8 0.048 0.752
59 0.8 0.048 0.752
51 0.752 0.048 0.704
4 0.752 0.048 0.704
61 0.8 0.048 0.752
19 0.8 0.048 0.752
6 0.8 0.048 0.752
42 0.701615 0.048 0.653615
29 0.8 0.048 0.752
12 0.752 0.048 0.704
17 0.8 0.048 0.752
53 0.8 0.048 0.752
70 0.8 0.048 0.752
33 0.8 0.048 0.752
34 0.8 0.048 0.752
45 0.752 0.048 0.704
1 0.8 0.048 0.752
25 0.8 0.048 0.752
31 0.8 0.048 0.752
35 0.8 0.048 0.752
54 0.8 0.048 0.752
13 0.663113 0.048 0.615113
22 0.630896 0.048 0.582896
24 0.668879 0.048 0.620879
49 0.696394 0.048 0.648394
55 0.8 0.048 0.752
12 0.774172 0.048 0.726172
17 0.752 0.048 0.704
29 0.752 0.048 0.704
44 0.8 0.048 0.752
53 0.752 0.048 0.704
66 0.8 0.048 0.752
70 0.752 0.048 0.704
62 0.8 0.048 0.752
30 0.8 0.048 0.752
41 0.8 0.048 0.752
37 0.752 0.048 0.704
14 0.8 0.048 0.752
43 0.752 0.048 0.704
59 0.752 0.048 0.704
68 0.752 0.048 0.704
2 0.8 0.048 0.752
23 0.8 0.048 0.752
30 0.8 0.048 0.752
58 0.8 0.048 0.752
18 0.8 0.048 0.752
55 0.752 0.048 0.704
17 0.777796 0.048 0.729796
12 0.726172 0.048 0.678172
29 0.777959 0.048 0.729959
70 0.779187 0.048 0.731187
9 0.8 0.048 0.752
43 0.778178 0.048 0.730178
14 0.752 0.048 0.704
37 0.781089 0.048 0.733089
59 0.777995 0.048 0.729995
68 0.781242 0.048 0.733242
50 0.8 0.048 0.752
67 0.8 0.048 0.752
3 0.796037 0.048 0.748037
21 0.8 0.048 0.752
39 0.8 0.048 0.752
64 0.8 0.048 0.752
34 0.8 0.048 0.752
23 0.8 0.048 0.752
33 0.8 0.048 0.752
61 0.8 0.048 0.752
4 0.8 0.048 0.752
51 0.8 0.048 0.752
10 0.8 0.048 0.752
16 0.8 0.048 0.752
44 0.8 0.048 0.752
63 0.8 0.048 0.752
65 0.8 0.048 0.752
66 0.8 0.048 0.752
66 0.752 0.048 0.704
10 0.752 0.048 0.704
10 0.704 0.16 0.544
16 0.752 0.16 0.592
44 0.752 0.16 0.592
63 0.752 0.16 0.592
65 0.752 0.16 0.592
66 0.704 0.16 0.544
66 0.544 0.016 0.528
10 0.544 0.016 0.528
66 0.528 0.048 0.48
10 0.528 0.048 0.48
12 0.756429 0.048 0.708429
16 0.592 0.048 0.544
29 0.8 0.048 0.752
44 0.592 0.048 0.544
53 0.8 0.048 0.752
63 0.592 0.048 0.544
65 0.592 0.048 0.544
46 0.8 0.048 0.752
11 0.8 0.048 0.752
38 0.8 0.048 0.752
45 0.8 0.048 0.752
60 0.8 0.048 0.752
60 0.752 0.048 0.704
3 0.748037 0.048 0.700037
11 0.752 0.048 0.704
21 0.752 0.048 0.704
38 0.752 0.048 0.704
39 0.8 0.048 0.752
46 0.752 0.048 0.704
30 0.8 0.048 0.752
2 0.8 0.048 0.752
23 0.8 0.048 0.752
62 0.8 0.048 0.752
18 0.8 0.048 0.752
58 0.8 0.048 0.752
20 0.8 0.048 0.752
25 0.8 0.048 0.752
1 0.8 0.048 0.752
31 0.8 0.048 0.752
35 0.8 0.048 0.752
56 0.8 0.048 0.752
8 0.8 0.048 0.752
28 0.8 0.048 0.752
40 0.8 0.048 0.752
48 0.8 0.048 0.752
14 0.8 0.048 0.752
37 0.8 0.048 0.752
43 0.8 0.048 0.752
59 0.8 0.048 0.752
68 0.8 0.048 0.752
21 0.780123 0.048 0.732123
3 0.774159 0.048 0.726159
11 0.777984 0.048 0.729984
11 0.729984 0.048 0.681984
39 0.8 0.048 0.752
60 0.778847 0.048 0.730847
64 0.8 0.048 0.752
67 0.8 0.048 0.752
21 0.732123 0.048 0.684123
21 0.684123 0.16 0.524123
3 0.726159 0.16 0.566159
11 0.681984 0.16 0.521984
11 0.521984 0.016 0.505984
21 0.524123 0.016 0.508123
11 0.505984 0.048 0.457984
3 0.566159 0.048 0.518159
21 0.508123 0.048 0.460123
38 0.780492 0.048 0.732492
39 0.752 0.048 0.704
46 0.781462 0.048 0.733462
60 0.730847 0.048 0.682847
39 0.704 0.16 0.544
60 0.682847 0.16 0.522847
64 0.752 0.16 0.592
67 0.752 0.16 0.592
4 0.8 0.048 0.752
64 0.592 0.048 0.544
3 0.589318 0.048 0.541318
21 0.535235 0.048 0.487235
39 0.544 0.048 0.496
67 0.592 0.048 0.544
69 0.8 0.048 0.752
5 0.8 0.048 0.752
7 0.8 0.048 0.752
26 0.8 0.048 0.752
32 0.8 0.048 0.752
36 0.8 0.048 0.752
4 0.8 0.048 0.752
51 0.8 0.048 0.752
4 0.752 0.048 0.704
4 0.704 0.16 0.544
4 0.544 0.016 0.528
70 0.8 0.048 0.752
12 0.8 0.048 0.752
17 0.8 0.048 0.752
29 0.8 0.048 0.752
53 0.8 0.048 0.752
4 0.528 0.048 0.48
51 0.752 0.048 0.704
61 0.8 0.048 0.752
32 0.8 0.048 0.752
5 0.8 0.048 0.752
7 0.752 0.048 0.704
15 0.8 0.048 0.752
36 0.752 0.048 0.704
69 0.752 0.048 0.704
38 0.8 0.048 0.752
3 0.61548 0.048 0.56748
11 0.532205 0.048 0.484205
39 0.567529 0.048 0.519529
46 0.8 0.048 0.752
60 0.66961 0.048 0.62161
68 0.8 0.048 0.752
14 0.8 0.048 0.752
37 0.8 0.048 0.752
43 0.8 0.048 0.752
59 0.8 0.048 0.752
51 0.704 0.048 0.656
4 0.48 0.048 0.432
61 0.752 0.048 0.704
51 0.656 0.048 0.608
51 0.608 0.16 0.448
51 0.448 0.016 0.432
19 0.8 0.048 0.752
6 0.8 0.048 0.752
42 0.8 0.048 0.752
29 0.8 0.048 0.752
12 0.752 0.048 0.704
17 0.8 0.048 0.752
53 0.8 0.048 0.752
66 0.710983 0.048 0.662983
70 0.8 0.048 0.752
33 0.8 0.048 0.752
34 0.8 0.048 0.752
45 0.8 0.048 0.752
1 0.8 0.048 0.752
25 0.8 0.048 0.752
31 0.8 0.048 0.752
35 0.8 0.048 0.752
54 0.8 0.048 0.752
13 0.8 0.048 0.752
22 0.8 0.048 0.752
24 0.8 0.048 0.752
49 0.8 0.048 0.752
55 0.8 0.048 0.752
12 0.782988 0.048 0.734988
17 0.752 0.048 0.704
29 0.752 0.048 0.704
44 0.767838 0.048 0.719838
53 0.752 0.048 0.704
66 0.662983 0.048 0.614983
70 0.752 0.048 0.704
62 0.8 0.048 0.752
2 0.8 0.048 0.752
30 0.8 0.048 0.752
4 0.509902 0.048 0.461902
51 0.505869 0.048 0.457869
61 0.776757 0.048 0.728757
41 0.8 0.048 0.752
37 0.752 0.048 0.704
14 0.8 0.048 0.752
43 0.752 0.048 0.704
59 0.752 0.048 0.704
68 0.752 0.048 0.704
2 0.8 0.048 0.752
23 0.8 0.048 0.752
30 0.8 0.048 0.752
58 0.8 0.048 0.752
18 0.8 0.048 0.752
17 0.782709 0.048 0.734709
29 0.774093 0.048 0.726093
70 0.780137 0.048 0.732137
9 0.8 0.048 0.752
43 0.776241 0.048 0.728241
14 0.752 0.048 0.704
37 0.775368 0.048 0.727368
59 0.779881 0.048 0.731881
68 0.774839 0.048 0.726839
59 0.731881 0.048 0.683881
37 0.727368 0.048 0.679368
43 0.728241 0.048 0.680241
68 0.726839 0.048 0.678839
50 0.8 0.048 0.752
15 0.8 0.048 0.752
20 0.8 0.048 0.752
51 0.531614 0.048 0.483614
61 0.799455 0.048 0.751455
67 0.8 0.048 0.752
3 0.713105 0.048 0.665105
21 0.710112 0.048 0.662112
39 0.676846 0.048 0.628846
64 0.769632 0.048 0.721632
34 0.8 0.048 0.752
23 0.8 0.048 0.752
33 0.8 0.048 0.752
61 0.751455 0.048 0.703455
51 0.483614 0.048 0.435614
66 0.762259 0.048 0.714259
10 0.8 0.048 0.752
12 0.8 0.048 0.752
16 0.8 0.048 0.752
44 0.8 0.048 0.752
53 0.8 0.048 0.752
63 0.8 0.048 0.752
65 0.8 0.048 0.752
46 0.8 0.048 0.752
11 0.707038 0.048 0.659038
38 0.8 0.048 0.752
45 0.8 0.048 0.752
60 0.780345 0.048 0.732345
60 0.732345 0.048 0.684345
3 0.665105 0.048 0.617105
11 0.659038 0.048 0.611038
38 0.752 0.048 0.704
39 0.707432 0.048 0.659432
46 0.752 0.048 0.704
30 0.8 0.048 0.752
2 0.8 0.048 0.752
23 0.8 0.048 0.752
62 0.8 0.048 0.752
18 0.8 0.048 0.752
58 0.8 0.048 0.752
67 0.752 0.048 0.704
20 0.8 0.048 0.752
20 0.752 0.048 0.704
20 0.704 0.048 0.656
20 0.656 0.16 0.496
20 0.496 0.016 0.48
25 0.8 0.048 0.752
1 0.8 0.048 0.752
31 0.8 0.048 0.752
35 0.8 0.048 0.752
56 0.8 0.048 0.752
8 0.8 0.048 0.752
28 0.8 0.048 0.752
40 0.8 0.048 0.752
48 0.8 0.048 0.752
14 0.8 0.048 0.752
37 0.8 0.048 0.752
43 0.8 0.048 0.752
59 0.8 0.048 0.752
68 0.8 0.048 0.752
11 0.689442 0.048 0.641442
3 0.694833 0.048 0.646833
38 0.783406 0.048 0.735406
39 0.734777 0.048 0.686777
46 0.777215 0.048 0.729215
60 0.755771 0.048 0.707771
20 0.554106 0.048 0.506106
64 0.8 0.048 0.752
3 0.721491 0.048 0.673491
11 0.641442 0.048 0.593442
18 0.8 0.048 0.752
21 0.8 0.048 0.752
39 0.686777 0.048 0.638777
67 0.781083 0.048 0.733083
69 0.8 0.048 0.752
5 0.8 0.048 0.752
7 0.8 0.048 0.752
26 0.8 0.048 0.752
32 0.8 0.048 0.752
36 0.8 0.048 0.752
70 0.8 0.048 0.752
12 0.8 0.048 0.752
17 0.8 0.048 0.752
29 0.8 0.048 0.752
53 0.8 0.048 0.752
14 0.8 0.048 0.752
37 0.8 0.048 0.752
43 0.8 0.048 0.752
68 0.8 0.048 0.752
32 0.8 0.048 0.752
5 0.8 0.048 0.752
7 0.752 0.048 0.704
15 0.8 0.048 0.752
36 0.752 0.048 0.704
69 0.752 0.048 0.704
38 0.8 0.048 0.752
3 0.745003 0.048 0.697003
11 0.669173 0.048 0.621173
39 0.715089 0.048 0.667089
45 0.8 0.048 0.752
46 0.8 0.048 0.752
60 0.8 0.048 0.752
68 0.8 0.048 0.752
14 0.752 0.048 0.704
37 0.8 0.048 0.752
43 0.8 0.048 0.752
59 0.8 0.048 0.752
68 0.752 0.048 0.704
68 0.704 0.16 0.544
68 0.544 0.016 0.528
19 0.8 0.048 0.752
6 0.8 0.048 0.752
42 0.8 0.048 0.752
29 0.8 0.048 0.752
12 0.752 0.048 0.704
17 0.8 0.048 0.752
53 0.8 0.048 0.752
70 0.8 0.048 0.752
33 0.8 0.048 0.752
23 0.8 0.048 0.752
34 0.8 0.048 0.752
45 0.752 0.048 0.704
1 0.8 0.048 0.752
25 0.8 0.048 0.752
31 0.8 0.048 0.752
35 0.8 0.048 0.752
54 0.8 0.048 0.752
13 0.8 0.048 0.752
22 0.8 0.048 0.752
24 0.8 0.048 0.752
26 0.8 0.048 0.752
49 0.8 0.048 0.752
55 0.8 0.048 0.752
12 0.783624 0.048 0.735624
16 0.8 0.048 0.752
29 0.752 0.048 0.704
44 0.8 0.048 0.752
53 0.752 0.048 0.704
66 0.8 0.048 0.752
62 0.8 0.048 0.752
2 0.8 0.048 0.752
30 0.8 0.048 0.752
14 0.781505 0.048 0.733505
37 0.752 0.048 0.704
43 0.752 0.048 0.704
59 0.752 0.048 0.704
68 0.528 0.048 0.48
41 0.8 0.048 0.752
37 0.704 0.048 0.656
14 0.733505 0.048 0.685505
43 0.704 0.048 0.656
59 0.704 0.048 0.656
68 0.48 0.048 0.432
37 0.656 0.048 0.608
37 0.608 0.16 0.448
37 0.448 0.016 0.432
2 0.8 0.048 0.752
23 0.8 0.048 0.752
30 0.8 0.048 0.752
62 0.8 0.048 0.752
58 0.8 0.048 0.752
18 0.8 0.048 0.752
17 0.8 0.048 0.752
29 0.781847 0.048 0.733847
53 0.782314 0.048 0.734314
70 0.8 0.048 0.752
9 0.8 0.048 0.752
43 0.731242 0.048 0.683242
14 0.685505 0.048 0.637505
37 0.503893 0.048 0.455893
59 0.728563 0.048 0.680563
68 0.508087 0.048 0.460087
43 0.683242 0.048 0.635242
43 0.635242 0.16 0.475242
43 0.475242 0.016 0.459242
59 0.680563 0.048 0.632563
37 0.455893 0.048 0.407893
43 0.459242 0.048 0.411242
68 0.460087 0.048 0.412087
59 0.632563 0.048 0.584563
59 0.584563 0.16 0.424563
59 0.424563 0.016 0.408563
50 0.8 0.048 0.752
15 0.8 0.048 0.752
14 0.715744 0.048 0.667744
37 0.407893 0.048 0.359893
43 0.411242 0.048 0.363242
59 0.408563 0.048 0.360563
68 0.412087 0.048 0.364087
67 0.8 0.048 0.752
21 0.8 0.048 0.752
39 0.8 0.048 0.752
64 0.8 0.048 0.752
34 0.8 0.048 0.752
23 0.8 0.048 0.752
33 0.8 0.048 0.752
61 0.8 0.048 0.752
51 0.8 0.048 0.752
66 0.8 0.048 0.752
10 0.8 0.048 0.752
12 0.8 0.048 0.752
16 0.8 0.048 0.752
44 0.8 0.048 0.752
53 0.8 0.048 0.752
63 0.8 0.048 0.752
65 0.8 0.048 0.752
46 0.8 0.048 0.752
3 0.8 0.048 0.752
11 0.8 0.048 0.752
38 0.8 0.048 0.752
45 0.8 0.048 0.752
60 0.8 0.048 0.752
60 0.752 0.048 0.704
3 0.752 0.048 0.704
11 0.752 0.048 0.704
38 0.752 0.048 0.704
39 0.8 0.048 0.752
46 0.752 0.048 0.704
30 0.8 0.048 0.752
2 0.8 0.048 0.752
23 0.8 0.048 0.752
62 0.8 0.048 0.752
18 0.8 0.048 0.752
21 0.752 0.048 0.704
21 0.704 0.048 0.656
58 0.8 0.048 0.752
18 0.752 0.048 0.704
18 0.704 0.16 0.544
21 0.656 0.16 0.496
58 0.752 0.16 0.592
30 0.752 0.048 0.704
59 0.43197 0.048 0.38397
62 0.752 0.048 0.704
25 0.8 0.048 0.752
1 0.8 0.048 0.752
35 0.8 0.048 0.752
53 0.8 0.048 0.752
12 0.8 0.048 0.752
29 0.8 0.048 0.752
44 0.8 0.048 0.752
66 0.8 0.048 0.752
70 0.8 0.048 0.752
56 0.8 0.048 0.752
8 0.8 0.048 0.752
28 0.8 0.048 0.752
40 0.8 0.048 0.752
48 0.8 0.048 0.752
14 0.8 0.048 0.752
37 0.51233 0.048 0.46433
43 0.517136 0.048 0.469136
59 0.46233 0.048 0.41433
68 0.513749 0.048 0.465749
11 0.777843 0.048 0.729843
3 0.782748 0.048 0.734748
21 0.5732 0.048 0.5252
38 0.77731 0.048 0.72931
39 0.8 0.048 0.752
46 0.778721 0.048 0.730721
60 0.77594 0.048 0.72794
64 0.8 0.048 0.752
2 0.8 0.048 0.752
23 0.8 0.048 0.752
30 0.774222 0.048 0.726222
62 0.775222 0.048 0.727222
64 0.752 0.048 0.704
3 0.8 0.048 0.752
11 0.729843 0.048 0.681843
18 0.698258 0.048 0.650258
21 0.603903 0.048 0.555903
39 0.752 0.048 0.704
67 0.8 0.048 0.752
69 0.8 0.048 0.752
5 0.8 0.048 0.752
7 0.8 0.048 0.752
15 0.8 0.048 0.752
15 0.752 0.048 0.704
32 0.8 0.048 0.752
36 0.8 0.048 0.752
69 0.752 0.048 0.704
69 0.704 0.16 0.544
5 0.752 0.16 0.592
7 0.752 0.16 0.592
15 0.704 0.16 0.544
15 0.544 0.016 0.528
69 0.544 0.016 0.528
15 0.528 0.048 0.48
7 0.592 0.048 0.544
32 0.752 0.048 0.704
36 0.752 0.048 0.704
50 0.8 0.048 0.752
69 0.528 0.048 0.48
32 0.704 0.16 0.544
36 0.704 0.16 0.544
70 0.8 0.048 0.752
12 0.8 0.048 0.752
17 0.8 0.048 0.752
29 0.8 0.048 0.752
53 0.8 0.048 0.752
2 0.8 0.048 0.752
23 0.8 0.048 0.752
30 0.8 0.048 0.752
34 0.8 0.048 0.752
62 0.798464 0.048 0.750464
32 0.620717 0.048 0.572717
5 0.665879 0.048 0.617879
7 0.544 0.048 0.496
15 0.551153 0.048 0.503153
36 0.544 0.048 0.496
69 0.48 0.048 0.432
38 0.8 0.048 0.752
3 0.8 0.048 0.752
11 0.757255 0.048 0.709255
39 0.776668 0.048 0.728668
46 0.8 0.048 0.752
60 0.8 0.048 0.752
19 0.8 0.048 0.752
6 0.8 0.048 0.752
42 0.8 0.048 0.752
29 0.8 0.048 0.752
12 0.752 0.048 0.704
17 0.8 0.048 0.752
53 0.8 0.048 0.752
70 0.8 0.048 0.752
33 0.8 0.048 0.752
34 0.8 0.048 0.752
45 0.8 0.048 0.752
33 0.752 0.048 0.704
33 0.704 0.16 0.544
33 0.544 0.016 0.528
1 0.8 0.048 0.752
25 0.8 0.048 0.752
31 0.8 0.048 0.752
35 0.8 0.048 0.752
54 0.8 0.048 0.752
13 0.8 0.048 0.752
22 0.8 0.048 0.752
24 0.8 0.048 0.752
26 0.8 0.048 0.752
49 0.8 0.048 0.752
55 0.8 0.048 0.752
12 0.783535 0.048 0.735535
16 0.8 0.048 0.752
17 0.752 0.048 0.704
29 0.752 0.048 0.704
44 0.8 0.048 0.752
53 0.752 0.048 0.704
66 0.8 0.048 0.752
70 0.752 0.048 0.704
62 0.8 0.048 0.752
30 0.8 0.048 0.752
2 0.8 0.048 0.752
23 0.8 0.048 0.752
33 0.528 0.048 0.48
34 0.752 0.048 0.704
45 0.752 0.048 0.704
41 0.8 0.048 0.752
2 0.8 0.048 0.752
23 0.752 0.048 0.704
30 0.8 0.048 0.752
34 0.704 0.048 0.656
48 0.8 0.048 0.752
28 0.8 0.048 0.752
56 0.8 0.048 0.752
58 0.8 0.048 0.752
18 0.799 0.048 0.751
17 0.777689 0.048 0.729689
12 0.735535 0.048 0.687535
29 0.7837 0.048 0.7357
53 0.775825 0.048 0.727825
70 0.781465 0.048 0.733465
9 0.8 0.048 0.752
50 0.8 0.048 0.752
15 0.658147 0.048 0.610147
33 0.553048 0.048 0.505048
34 0.735558 0.048 0.687558
45 0.774806 0.048 0.726806
67 0.8 0.048 0.752
18 0.8 0.048 0.752
21 0.780866 0.048 0.732866
39 0.8 0.048 0.752
64 0.8 0.048 0.752
34 0.687558 0.048 0.639558
2 0.8 0.048 0.752
23 0.776032 0.048 0.728032
33 0.583634 0.048 0.535634
61 0.8 0.048 0.752
51 0.8 0.048 0.752
66 0.8 0.048 0.752
10 0.8 0.048 0.752
12 0.761593 0.048 0.713593
16 0.8 0.048 0.752
44 0.8 0.048 0.752
53 0.8 0.048 0.752
63 0.8 0.048 0.752
65 0.8 0.048 0.752
52 0.8 0.048 0.752
6 0.8 0.048 0.752
27 0.8 0.048 0.752
57 0.8 0.048 0.752
46 0.8 0.048 0.752
11 0.8 0.048 0.752
38 0.8 0.048 0.752
39 0.8 0.048 0.752
45 0.8 0.048 0.752
60 0.8 0.048 0.752
46 0.752 0.048 0.704
46 0.704 0.16 0.544
46 0.544 0.016 0.528
60 0.752 0.048 0.704
3 0.8 0.048 0.752
11 0.752 0.048 0.704
38 0.752 0.048 0.704
39 0.752 0.048 0.704
46 0.528 0.048 0.48
30 0.8 0.048 0.752
2 0.752 0.048 0.704
62 0.8 0.048 0.752
38 0.704 0.048 0.656
45 0.752 0.048 0.704
46 0.48 0.048 0.432
60 0.704 0.048 0.656
25 0.8 0.048 0.752
1 0.8 0.048 0.752
31 0.8 0.048 0.752
35 0.8 0.048 0.752
53 0.8 0.048 0.752
12 0.788194 0.048 0.740194
16 0.8 0.048 0.752
29 0.8 0.048 0.752
44 0.8 0.048 0.752
66 0.8 0.048 0.752
70 0.8 0.048 0.752
31 0.752 0.048 0.704
1 0.752 0.048 0.704
25 0.752 0.048 0.704
35 0.8 0.048 0.752
35 0.752 0.048 0.704
54 0.8 0.048 0.752
31 0.704 0.048 0.656
31 0.656 0.16 0.496
1 0.704 0.16 0.544
25 0.704 0.16 0.544
35 0.704 0.16 0.544
35 0.544 0.016 0.528
31 0.496 0.016 0.48
35 0.528 0.048 0.48
1 0.544 0.048 0.496
25 0.544 0.048 0.496
31 0.48 0.048 0.432
54 0.752 0.16 0.592
56 0.8 0.048 0.752
8 0.8 0.048 0.752
28 0.8 0.048 0.752
40 0.8 0.048 0.752
48 0.8 0.048 0.752
14 0.8 0.048 0.752
37 0.8 0.048 0.752
43 0.8 0.048 0.752
59 0.794215 0.048 0.746215
68 0.8 0.048 0.752
11 0.781816 0.048 0.733816
3 0.8 0.048 0.752
38 0.734824 0.048 0.686824
39 0.776794 0.048 0.728794
46 0.502228 0.048 0.454228
60 0.735555 0.048 0.687555
11 0.733816 0.048 0.685816
11 0.685816 0.16 0.525816
11 0.525816 0.016 0.509816
3 0.752 0.048 0.704
11 0.509816 0.048 0.461816
38 0.686824 0.048 0.638824
39 0.728794 0.048 0.680794
46 0.454228 0.048 0.406228
60 0.687555 0.048 0.639555
64 0.8 0.048 0.752
3 0.781697 0.048 0.733697
21 0.8 0.048 0.752
39 0.680794 0.048 0.632794
67 0.8 0.048 0.752
15 0.756412 0.048 0.708412
5 0.8 0.048 0.752
7 0.8 0.048 0.752
32 0.8 0.048 0.752
36 0.8 0.048 0.752
50 0.8 0.048 0.752
70 0.8 0.048 0.752
12 0.8 0.048 0.752
17 0.8 0.048 0.752
29 0.8 0.048 0.752
53 0.8 0.048 0.752
3 0.733697 0.048 0.685697
11 0.534105 0.048 0.486105
21 0.752 0.048 0.704
38 0.717026 0.048 0.669026
39 0.71005 0.048 0.66205
60 0.712255 0.048 0.664255
64 0.8 0.048 0.752
67 0.8 0.048 0.752
32 0.8 0.048 0.752
5 0.8 0.048 0.752
7 0.752 0.048 0.704
15 0.785115 0.048 0.737115
36 0.752 0.048 0.704
69 0.8 0.048 0.752
38 0.74668 0.048 0.69868
3 0.761431 0.048 0.713431
11 0.486105 0.048 0.438105
39 0.66205 0.048 0.61405
46 0.48427 0.048 0.43627
60 0.74246 0.048 0.69446
19 0.8 0.048 0.752
6 0.8 0.048 0.752
42 0.8 0.048 0.752
29 0.8 0.048 0.752
12 0.752 0.048 0.704
17 0.8 0.048 0.752
53 0.8 0.048 0.752
70 0.8 0.048 0.752
1 0.646307 0.048 0.598307
25 0.638557 0.048 0.590557
31 0.578152 0.048 0.530152
35 0.629897 0.048 0.581897
54 0.745692 0.048 0.697692
13 0.8 0.048 0.752
22 0.8 0.048 0.752
24 0.8 0.048 0.752
26 0.8 0.048 0.752
49 0.8 0.048 0.752
55 0.8 0.048 0.752
12 0.783917 0.048 0.735917
16 0.8 0.048 0.752
17 0.752 0.048 0.704
29 0.752 0.048 0.704
44 0.8 0.048 0.752
53 0.752 0.048 0.704
66 0.8 0.048 0.752
70 0.752 0.048 0.704
62 0.8 0.048 0.752
30 0.8 0.048 0.752
3 0.713431 0.048 0.665431
18 0.8 0.048 0.752
21 0.781219 0.048 0.733219
39 0.689064 0.048 0.641064
58 0.8 0.048 0.752
64 0.8 0.048 0.752
67 0.8 0.048 0.752
41 0.8 0.048 0.752
2 0.8 0.048 0.752
23 0.8 0.048 0.752
30 0.8 0.048 0.752
34 0.8 0.048 0.752
48 0.8 0.048 0.752
8 0.8 0.048 0.752
28 0.8 0.048 0.752
56 0.8 0.048 0.752
58 0.752 0.048 0.704
18 0.8 0.048 0.752
58 0.704 0.048 0.656
58 0.656 0.16 0.496
58 0.496 0.016 0.48
17 0.7795 0.048 0.7315
12 0.735917 0.048 0.687917
29 0.780847 0.048 0.732847
53 0.783463 0.048 0.735463
70 0.783089 0.048 0.735089
9 0.8 0.048 0.752
50 0.8 0.048 0.752
15 0.8 0.048 0.752
18 0.752 0.048 0.704
55 0.8 0.048 0.752
58 0.559585 0.048 0.511585
67 0.8 0.048 0.752
16 0.8 0.048 0.752
10 0.8 0.048 0.752
12 0.765721 0.048 0.717721
44 0.8 0.048 0.752
63 0.8 0.048 0.752
65 0.8 0.048 0.752
66 0.8 0.048 0.752
67 0.8 0.048 0.752
3 0.8 0.048 0.752
18 0.783891 0.048 0.735891
21 0.8 0.048 0.752
21 0.752 0.048 0.704
64 0.8 0.048 0.752
67 0.752 0.048 0.704
67 0.704 0.16 0.544
3 0.752 0.16 0.592
18 0.735891 0.16 0.575891
21 0.704 0.16 0.544
21 0.544 0.016 0.528
67 0.544 0.016 0.528
21 0.528 0.048 0.48
3 0.592 0.048 0.544
11 0.588319 0.048 0.540319
11 0.540319 0.048 0.492319
39 0.716687 0.048 0.668687
64 0.752 0.048 0.704
67 0.528 0.048 0.48
21 0.48 0.048 0.432
21 0.432 0.16 0.272
64 0.704 0.16 0.544
3 0.544 0.16 0.384
11 0.492319 0.16 0.332319
39 0.668687 0.16 0.508687
64 0.544 0.16 0.384
34 0.8 0.048 0.752
23 0.8 0.048 0.752
33 0.8 0.048 0.752
61 0.8 0.048 0.752
51 0.8 0.048 0.752
66 0.8 0.048 0.752
10 0.752 0.048 0.704
12 0.717721 0.048 0.669721
16 0.752 0.048 0.704
29 0.8 0.048 0.752
44 0.752 0.048 0.704
53 0.8 0.048 0.752
63 0.8 0.048 0.752
65 0.752 0.048 0.704
52 0.8 0.048 0.752
6 0.8 0.048 0.752
27 0.8 0.048 0.752
57 0.8 0.048 0.752
60 0.8 0.048 0.752
3 0.384 0.048 0.336
11 0.411872 0.048 0.363872
38 0.8 0.048 0.752
39 0.584492 0.048 0.536492
46 0.663192 0.048 0.615192
46 0.615192 0.048 0.567192
60 0.752 0.048 0.704
60 0.704 0.16 0.544
3 0.336 0.16 0.176
11 0.363872 0.16 0.203872
38 0.752 0.16 0.592
39 0.536492 0.16 0.376492
46 0.567192 0.16 0.407192
30 0.8 0.048 0.752
2 0.8 0.048 0.752
23 0.8 0.048 0.752
62 0.8 0.048 0.752
36 0.8 0.048 0.752
5 0.8 0.048 0.752
7 0.8 0.048 0.752
15 0.8 0.048 0.752
26 0.8 0.048 0.752
32 0.8 0.048 0.752
69 0.8 0.048 0.752
55 0.8 0.048 0.752
58 0.590234 0.048 0.542234
25 0.8 0.048 0.752
1 0.8 0.048 0.752
31 0.750171 0.048 0.702171
35 0.732219 0.048 0.684219
53 0.8 0.048 0.752
12 0.748137 0.048 0.700137
29 0.8 0.048 0.752
44 0.781851 0.048 0.733851
66 0.8 0.048 0.752
70 0.8 0.048 0.752
35 0.76208 0.048 0.71408
1 0.752 0.048 0.704
25 0.752 0.048 0.704
31 0.702171 0.048 0.654171
8 0.8 0.048 0.752
40 0.8 0.048 0.752
48 0.8 0.048 0.752
56 0.8 0.048 0.752
56 0.752 0.048 0.704
8 0.752 0.048 0.704
28 0.8 0.048 0.752
40 0.752 0.048 0.704
48 0.752 0.048 0.704
14 0.8 0.048 0.752
37 0.8 0.048 0.752
43 0.8 0.048 0.752
59 0.8 0.048 0.752
68 0.8 0.048 0.752
55 0.8 0.048 0.752
6 0.8 0.048 0.752
19 0.8 0.048 0.752
42 0.8 0.048 0.752
52 0.8 0.048 0.752
57 0.8 0.048 0.752
57 0.752 0.048 0.704
6 0.752 0.048 0.704
6 0.704 0.16 0.544
19 0.752 0.16 0.592
42 0.752 0.16 0.592
52 0.752 0.16 0.592
57 0.704 0.16 0.544
57 0.544 0.016 0.528
6 0.544 0.016 0.528
57 0.528 0.048 0.48
6 0.528 0.048 0.48
27 0.8 0.048 0.752
52 0.592 0.048 0.544
64 0.532153 0.048 0.484153
3 0.33021 0.048 0.28221
11 0.283444 0.048 0.235444
18 0.731018 0.048 0.683018
21 0.425195 0.048 0.377195
39 0.448506 0.048 0.400506
67 0.553212 0.048 0.505212
15 0.8 0.048 0.752
5 0.8 0.048 0.752
7 0.8 0.048 0.752
32 0.8 0.048 0.752
36 0.8 0.048 0.752
69 0.8 0.048 0.752
5 0.752 0.048 0.704
7 0.752 0.048 0.704
15 0.8 0.048 0.752
26 0.8 0.048 0.752
32 0.752 0.048 0.704
36 0.752 0.048 0.704
69 0.752 0.048 0.704
70 0.8 0.048 0.752
12 0.8 0.048 0.752
17 0.8 0.048 0.752
29 0.8 0.048 0.752
53 0.8 0.048 0.752
32 0.774112 0.048 0.726112
5 0.782404 0.048 0.734404
7 0.704 0.048 0.656
15 0.752 0.048 0.704
36 0.704 0.048 0.656
69 0.704 0.048 0.656
38 0.8 0.048 0.752
3 0.357896 0.048 0.309896
11 0.311005 0.048 0.263005
39 0.474688 0.048 0.426688
60 0.772289 0.048 0.724289
19 0.669726 0.048 0.621726
6 0.555779 0.048 0.507779
42 0.663522 0.048 0.615522
29 0.8 0.048 0.752
12 0.752 0.048 0.704
17 0.8 0.048 0.752
53 0.8 0.048 0.752
66 0.8 0.048 0.752
70 0.8 0.048 0.752
1 0.8 0.048 0.752
25 0.8 0.048 0.752
31 0.8 0.048 0.752
35 0.8 0.048 0.752
54 0.8 0.048 0.752
13 0.8 0.048 0.752
22 0.8 0.048 0.752
24 0.8 0.048 0.752
26 0.752 0.048 0.704
49 0.8 0.048 0.752
55 0.8 0.048 0.752
12 0.776324 0.048 0.728324
17 0.752 0.048 0.704
29 0.752 0.048 0.704
44 0.8 0.048 0.752
53 0.752 0.048 0.704
66 0.752 0.048 0.704
70 0.752 0.048 0.704
62 0.8 0.048 0.752
30 0.8 0.048 0.752
41 0.8 0.048 0.752
41 0.752 0.048 0.704
41 0.704 0.048 0.656
41 0.656 0.16 0.496
41 0.496 0.016 0.48
2 0.8 0.048 0.752
23 0.8 0.048 0.752
30 0.8 0.048 0.752
34 0.8 0.048 0.752
48 0.8 0.048 0.752
8 0.8 0.048 0.752
28 0.8 0.048 0.752
56 0.8 0.048 0.752
17 0.775786 0.048 0.727786
12 0.728324 0.048 0.680324
29 0.781966 0.048 0.733966
53 0.78021 0.048 0.73221
70 0.774348 0.048 0.726348
9 0.8 0.048 0.752
10 0.8 0.048 0.752
16 0.8 0.048 0.752
44 0.8 0.048 0.752
63 0.8 0.048 0.752
65 0.8 0.048 0.752
66 0.777306 0.048 0.729306
50 0.8 0.048 0.752
41 0.556057 0.048 0.508057
16 0.752 0.048 0.704
10 0.752 0.048 0.704
44 0.8 0.048 0.752
63 0.752 0.048 0.704
65 0.8 0.048 0.752
66 0.729306 0.048 0.681306
34 0.8 0.048 0.752
2 0.8 0.048 0.752
23 0.8 0.048 0.752
33 0.8 0.048 0.752
45 0.8 0.048 0.752
61 0.8 0.048 0.752
51 0.8 0.048 0.752
66 0.751861 0.048 0.703861
10 0.704 0.048 0.656
12 0.754495 0.048 0.706495
16 0.704 0.048 0.656
44 0.752 0.048 0.704
53 0.8 0.048 0.752
63 0.777996 0.048 0.729996
65 0.752 0.048 0.704
52 0.76857 0.048 0.72057
6 0.734271 0.048 0.686271
27 0.8 0.048 0.752
57 0.783758 0.048 0.735758
30 0.8 0.048 0.752
2 0.752 0.048 0.704
23 0.8 0.048 0.752
62 0.8 0.048 0.752
36 0.8 0.048 0.752
5 0.8 0.048 0.752
7 0.8 0.048 0.752
15 0.8 0.048 0.752
26 0.8 0.048 0.752
32 0.8 0.048 0.752
69 0.8 0.048 0.752
17 0.8 0.048 0.752
29 0.8 0.048 0.752
41 0.581855 0.048 0.533855
70 0.796601 0.048 0.748601
25 0.8 0.048 0.752
1 0.8 0.048 0.752
31 0.8 0.048 0.752
35 0.8 0.048 0.752
53 0.8 0.048 0.752
12 0.781095 0.048 0.733095
17 0.8 0.048 0.752
29 0.8 0.048 0.752
44 0.776412 0.048 0.728412
66 0.780525 0.048 0.732525
70 0.8 0.048 0.752
35 0.8 0.048 0.752
1 0.752 0.048 0.704
25 0.752 0.048 0.704
31 0.752 0.048 0.704
8 0.8 0.048 0.752
28 0.8 0.048 0.752
28 0.752 0.048 0.704
40 0.8 0.048 0.752
56 0.8 0.048 0.752
8 0.752 0.048 0.704
8 0.704 0.16 0.544
28 0.704 0.16 0.544
28 0.544 0.016 0.528
8 0.544 0.016 0.528
28 0.528 0.048 0.48
8 0.528 0.048 0.48
48 0.8 0.048 0.752
56 0.752 0.048 0.704
40 0.752 0.16 0.592
56 0.704 0.16 0.544
56 0.544 0.048 0.496
8 0.48 0.048 0.432
28 0.48 0.048 0.432
40 0.592 0.048 0.544
48 0.752 0.048 0.704
14 0.8 0.048 0.752
37 0.8 0.048 0.752
43 0.8 0.048 0.752
59 0.8 0.048 0.752
68 0.8 0.048 0.752
12 0.8 0.048 0.752
17 0.752 0.048 0.704
29 0.752 0.048 0.704
53 0.752 0.048 0.704
70 0.752 0.048 0.704
57 0.8 0.048 0.752
6 0.758339 0.048 0.710339
27 0.8 0.048 0.752
52 0.8 0.048 0.752
64 0.8 0.048 0.752
3 0.603966 0.048 0.555966
11 0.566027 0.048 0.518027
11 0.518027 0.048 0.470027
18 0.8 0.048 0.752
21 0.743659 0.048 0.695659
39 0.727232 0.048 0.679232
67 0.8 0.048 0.752
64 0.752 0.048 0.704
64 0.704 0.16 0.544
3 0.555966 0.16 0.395966
11 0.470027 0.16 0.310027
18 0.752 0.16 0.592
21 0.695659 0.16 0.535659
39 0.679232 0.16 0.519232
67 0.752 0.16 0.592
15 0.8 0.048 0.752
5 0.8 0.048 0.752
7 0.8 0.048 0.752
32 0.8 0.048 0.752
36 0.8 0.048 0.752
50 0.8 0.048 0.752
69 0.8 0.048 0.752
5 0.752 0.048 0.704
7 0.752 0.048 0.704
15 0.8 0.048 0.752
26 0.8 0.048 0.752
32 0.752 0.048 0.704
36 0.752 0.048 0.704
69 0.752 0.048 0.704
70 0.774835 0.048 0.726835
12 0.8 0.048 0.752
17 0.776158 0.048 0.728158
29 0.777441 0.048 0.729441
53 0.779332 0.048 0.731332
70 0.726835 0.048 0.678835
70 0.678835 0.16 0.518835
70 0.518835 0.016 0.502835
12 0.752 0.048 0.704
17 0.728158 0.048 0.680158
29 0.729441 0.048 0.681441
44 0.8 0.048 0.752
53 0.731332 0.048 0.683332
66 0.8 0.048 0.752
70 0.502835 0.048 0.454835
32 0.781768 0.048 0.733768
5 0.783484 0.048 0.735484
7 0.704 0.048 0.656
15 0.752 0.048 0.704
36 0.704 0.048 0.656
69 0.704 0.048 0.656
38 0.8 0.048 0.752
3 0.47162 0.048 0.42362
11 0.384164 0.048 0.336164
39 0.59726 0.048 0.54926
46 0.8 0.048 0.752
46 0.752 0.048 0.704
60 0.8 0.048 0.752
38 0.752 0.048 0.704
38 0.704 0.16 0.544
3 0.42362 0.16 0.26362
39 0.54926 0.16 0.38926
46 0.704 0.16 0.544
46 0.544 0.016 0.528
38 0.544 0.016 0.528
46 0.528 0.048 0.48
11 0.336164 0.048 0.288164
38 0.528 0.048 0.48
60 0.752 0.048 0.704
60 0.704 0.16 0.544
19 0.8 0.048 0.752
6 0.787945 0.048 0.739945
42 0.8 0.048 0.752
29 0.758565 0.048 0.710565
12 0.704 0.048 0.656
17 0.758114 0.048 0.710114
53 0.759573 0.048 0.711573
66 0.8 0.048 0.752
70 0.526703 0.048 0.478703
1 0.8 0.048 0.752
25 0.8 0.048 0.752
31 0.8 0.048 0.752
35 0.8 0.048 0.752
54 0.8 0.048 0.752
13 0.8 0.048 0.752
22 0.8 0.048 0.752
24 0.8 0.048 0.752
26 0.752 0.048 0.704
49 0.8 0.048 0.752
55 0.8 0.048 0.752
12 0.730022 0.048 0.682022
29 0.710565 0.048 0.662565
44 0.752 0.048 0.704
53 0.711573 0.048 0.663573
66 0.752 0.048 0.704
70 0.478703 0.048 0.430703
12 0.682022 0.048 0.634022
12 0.634022 0.16 0.474022
12 0.474022 0.016 0.458022
62 0.8 0.048 0.752
30 0.8 0.048 0.752
10 0.8 0.048 0.752
12 0.458022 0.048 0.410022
16 0.8 0.048 0.752
44 0.775232 0.048 0.727232
53 0.663573 0.048 0.615573
63 0.8 0.048 0.752
65 0.8 0.048 0.752
66 0.704 0.048 0.656
2 0.8 0.048 0.752
23 0.8 0.048 0.752
30 0.8 0.048 0.752
34 0.8 0.048 0.752
48 0.8 0.048 0.752
28 0.58452 0.048 0.53652
56 0.732366 0.048 0.684366
17 0.784262 0.048 0.736262
29 0.733986 0.048 0.685986
70 0.510376 0.048 0.462376
9 0.8 0.048 0.752
10 0.8 0.048 0.752
16 0.8 0.048 0.752
44 0.727232 0.048 0.679232
63 0.8 0.048 0.752
65 0.752 0.048 0.704
66 0.732737 0.048 0.684737
10 0.752 0.048 0.704
10 0.704 0.16 0.544
10 0.544 0.016 0.528
50 0.8 0.048 0.752
15 0.8 0.048 0.752
10 0.528 0.048 0.48
16 0.752 0.048 0.704
44 0.753491 0.048 0.705491
63 0.752 0.048 0.704
65 0.781954 0.048 0.733954
66 0.684737 0.048 0.636737
16 0.704 0.048 0.656
10 0.48 0.048 0.432
44 0.705491 0.048 0.657491
63 0.704 0.048 0.656
65 0.733954 0.048 0.685954
66 0.636737 0.048 0.588737
16 0.656 0.048 0.608
16 0.608 0.16 0.448
16 0.448 0.016 0.432
34 0.8 0.048 0.752
23 0.8 0.048 0.752
33 0.8 0.048 0.752
61 0.8 0.048 0.752
51 0.8 0.048 0.752
66 0.664308 0.048 0.616308
10 0.432 0.048 0.384
12 0.481052 0.048 0.433052
16 0.432 0.048 0.384
44 0.657491 0.048 0.609491
53 0.767095 0.048 0.719095
63 0.735128 0.048 0.687128
65 0.685954 0.048 0.637954
52 0.8 0.048 0.752
6 0.8 0.048 0.752
27 0.8 0.048 0.752
57 0.8 0.048 0.752
30 0.8 0.048 0.752
2 0.8 0.048 0.752
62 0.8 0.048 0.752
36 0.8 0.048 0.752
5 0.8 0.048 0.752
7 0.8 0.048 0.752
15 0.8 0.048 0.752
26 0.8 0.048 0.752
32 0.8 0.048 0.752
69 0.8 0.048 0.752
10 0.455402 0.048 0.407402
25 0.8 0.048 0.752
35 0.8 0.048 0.752
63 0.687128 0.048 0.639128
65 0.715822 0.048 0.667822
25 0.752 0.048 0.704
1 0.8 0.048 0.752
31 0.8 0.048 0.752
31 0.752 0.048 0.704
35 0.752 0.048 0.704
25 0.704 0.096 0.608
25 0.608 0.16 0.448
25 0.448 0.016 0.432
53 0.793492 0.048 0.745492
12 0.505486 0.048 0.457486
29 0.8 0.048 0.752
44 0.6796 0.048 0.6316
66 0.688043 0.048 0.640043
70 0.607446 0.048 0.559446
70 0.559446 0.048 0.511446
53 0.745492 0.048 0.697492
53 0.697492 0.16 0.537492
12 0.457486 0.16 0.297486
29 0.752 0.16 0.592
44 0.6316 0.16 0.4716
66 0.640043 0.16 0.480043
70 0.511446 0.16 0.351446
27 0.8 0.048 0.752
47 0.8 0.048 0.752
47 0.752 0.048 0.704
52 0.8 0.048 0.752
57 0.8 0.048 0.752
27 0.752 0.048 0.704
27 0.704 0.16 0.544
47 0.704 0.16 0.544
47 0.544 0.016 0.528
27 0.544 0.016 0.528
47 0.528 0.048 0.48
8 0.8 0.048 0.752
8 0.752 0.048 0.704
27 0.528 0.048 0.48
40 0.8 0.048 0.752
40 0.752 0.048 0.704
47 0.48 0.096 0.384
47 0.384 0.16 0.224
52 0.752 0.16 0.592
57 0.752 0.16 0.592
8 0.704 0.16 0.544
40 0.704 0.16 0.544
40 0.544 0.016 0.528
47 0.224 0.016 0.208
40 0.528 0.048 0.48
8 0.544 0.048 0.496
47 0.208 0.048 0.16
35 0.774651 0.048 0.726651
1 0.752 0.048 0.704
25 0.432 0.048 0.384
31 0.704 0.048 0.656
35 0.726651 0.048 0.678651
35 0.678651 0.16 0.518651
35 0.518651 0.016 0.502651
28 0.762922 0.048 0.714922
48 0.8 0.048 0.752
56 0.8 0.048 0.752
42 0.8 0.048 0.752
6 0.8 0.048 0.752
19 0.8 0.048 0.752
56 0.752 0.048 0.704
8 0.496 0.048 0.448
28 0.714922 0.048 0.666922
48 0.752 0.048 0.704
37 0.8 0.048 0.752
14 0.8 0.048 0.752
43 0.8 0.048 0.752
59 0.8 0.048 0.752
68 0.8 0.048 0.752
14 0.8 0.048 0.752
37 0.752 0.048 0.704
43 0.752 0.048 0.704
59 0.752 0.048 0.704
68 0.752 0.048 0.704
1 0.704 0.048 0.656
25 0.462111 0.048 0.414111
31 0.656 0.048 0.608
35 0.502651 0.048 0.454651
57 0.592 0.048 0.544
6 0.752 0.048 0.704
27 0.551688 0.048 0.503688
52 0.670924 0.048 0.622924
15 0.8 0.048 0.752
5 0.8 0.048 0.752
7 0.8 0.048 0.752
32 0.8 0.048 0.752
36 0.8 0.048 0.752
69 0.8 0.048 0.752
5 0.752 0.048 0.704
7 0.752 0.048 0.704
15 0.8 0.048 0.752
26 0.8 0.048 0.752
32 0.752 0.048 0.704
36 0.752 0.048 0.704
69 0.752 0.048 0.704
1 0.733169 0.048 0.685169
25 0.487093 0.048 0.439093
31 0.685468 0.048 0.637468
35 0.533487 0.048 0.485487
54 0.8 0.048 0.752
32 0.781215 0.048 0.733215
5 0.774475 0.048 0.726475
7 0.704 0.048 0.656
15 0.752 0.048 0.704
36 0.704 0.048 0.656
69 0.704 0.048 0.656
46 0.8 0.048 0.752
11 0.655395 0.048 0.607395
38 0.8 0.048 0.752
39 0.757888 0.048 0.709888
60 0.8 0.048 0.752
19 0.8 0.048 0.752
6 0.781298 0.048 0.733298
42 0.8 0.048 0.752
29 0.741145 0.048 0.693145
12 0.444219 0.048 0.396219
17 0.8 0.048 0.752
53 0.686347 0.048 0.638347
70 0.505445 0.048 0.457445
1 0.762697 0.048 0.714697
25 0.439093 0.048 0.391093
31 0.71002 0.048 0.66202
35 0.564527 0.048 0.516527
54 0.752 0.048 0.704
1 0.714697 0.048 0.666697
1 0.666697 0.16 0.506697
1 0.506697 0.016 0.490697
13 0.8 0.048 0.752
22 0.8 0.048 0.752
24 0.8 0.048 0.752
26 0.752 0.048 0.704
49 0.8 0.048 0.752
55 0.8 0.048 0.752
62 0.8 0.048 0.752
30 0.8 0.048 0.752
1 0.490697 0.048 0.442697
31 0.66202 0.048 0.61402
54 0.777008 0.048 0.729008
22 0.752 0.048 0.704
13 0.8 0.048 0.752
24 0.8 0.048 0.752
49 0.752 0.048 0.704
2 0.8 0.048 0.752
23 0.8 0.048 0.752
30 0.8 0.048 0.752
48 0.8 0.048 0.752
8 0.669963 0.048 0.621963
28 0.8 0.048 0.752
56 0.8 0.048 0.752
17 0.8 0.048 0.752
29 0.769415 0.048 0.721415
53 0.710975 0.048 0.662975
70 0.530492 0.048 0.482492
9 0.8 0.048 0.752
50 0.8 0.048 0.752
50 0.752 0.048 0.704
50 0.704 0.16 0.544
50 0.544 0.016 0.528
50 0.528 0.048 0.48
54 0.8 0.048 0.752
34 0.8 0.048 0.752
23 0.8 0.048 0.752
33 0.8 0.048 0.752
45 0.8 0.048 0.752
61 0.8 0.048 0.752
51 0.8 0.048 0.752
66 0.780262 0.048 0.732262
10 0.713019 0.048 0.665019
12 0.538485 0.048 0.490485
16 0.759968 0.048 0.711968
44 0.77273 0.048 0.72473
53 0.73531 0.048 0.68731
65 0.8 0.048 0.752
52 0.8 0.048 0.752
6 0.8 0.048 0.752
57 0.8 0.048 0.752
30 0.8 0.048 0.752
2 0.8 0.048 0.752
62 0.8 0.048 0.752
36 0.8 0.048 0.752
5 0.8 0.048 0.752
7 0.8 0.048 0.752
15 0.8 0.048 0.752
32 0.8 0.048 0.752
69 0.8 0.048 0.752
7 0.752 0.048 0.704
15 0.752 0.048 0.704
32 0.752 0.048 0.704
36 0.752 0.048 0.704
50 0.558806 0.048 0.510806
40 0.8 0.048 0.752
8 0.773016 0.048 0.725016
47 0.530877 0.048 0.482877
56 0.8 0.048 0.752
28 0.8 0.048 0.752
48 0.8 0.048 0.752
56 0.752 0.048 0.704
42 0.8 0.048 0.752
6 0.8 0.048 0.752
19 0.8 0.048 0.752
56 0.704 0.048 0.656
8 0.725016 0.048 0.677016
28 0.752 0.048 0.704
40 0.752 0.048 0.704
48 0.752 0.048 0.704
37 0.8 0.048 0.752
14 0.8 0.048 0.752
43 0.8 0.048 0.752
59 0.8 0.048 0.752
68 0.8 0.048 0.752
14 0.8 0.048 0.752
37 0.752 0.048 0.704
43 0.752 0.048 0.704
59 0.752 0.048 0.704
68 0.752 0.048 0.704
5 0.8 0.048 0.752
7 0.780214 0.048 0.732214
15 0.780424 0.048 0.732424
26 0.8 0.048 0.752
32 0.775001 0.048 0.727001
36 0.776137 0.048 0.728137
69 0.8 0.048 0.752
43 0.704 0.048 0.656
14 0.752 0.048 0.704
37 0.704 0.048 0.656
59 0.704 0.048 0.656
68 0.704 0.048 0.656
57 0.8 0.048 0.752
6 0.752 0.048 0.704
27 0.8 0.048 0.752
52 0.8 0.048 0.752
15 0.732424 0.048 0.684424
5 0.8 0.048 0.752
7 0.8 0.048 0.752
32 0.799367 0.048 0.751367
36 0.8 0.048 0.752
69 0.8 0.048 0.752
5 0.752 0.048 0.704
7 0.752 0.048 0.704
15 0.758371 0.048 0.710371
26 0.8 0.048 0.752
32 0.751367 0.048 0.703367
36 0.752 0.048 0.704
69 0.752 0.048 0.704
5 0.704 0.048 0.656
5 0.656 0.16 0.496
5 0.496 0.016 0.48
5 0.48 0.048 0.432
7 0.704 0.048 0.656
26 0.752 0.048 0.704
32 0.703367 0.048 0.655367
36 0.704 0.048 0.656
69 0.704 0.048 0.656
32 0.727764 0.048 0.679764
5 0.50282 0.048 0.45482
7 0.656 0.048 0.608
15 0.710371 0.048 0.662371
36 0.656 0.048 0.608
69 0.656 0.048 0.608
33 0.8 0.048 0.752
34 0.8 0.048 0.752
45 0.8 0.048 0.752
46 0.8 0.048 0.752
11 0.8 0.048 0.752
38 0.8 0.048 0.752
39 0.8 0.048 0.752
60 0.8 0.048 0.752
47 0.636951 0.048 0.588951
8 0.8 0.048 0.752
8 0.752 0.048 0.704
27 0.8 0.048 0.752
40 0.8 0.048 0.752
47 0.588951 0.048 0.540951
47 0.540951 0.16 0.380951
8 0.704 0.16 0.544
8 0.544 0.016 0.528
47 0.380951 0.016 0.364951
8 0.528 0.048 0.48
40 0.752 0.048 0.704
47 0.364951 0.048 0.316951
48 0.8 0.048 0.752
56 0.79862 0.048 0.75062
27 0.752 0.16 0.592
40 0.704 0.16 0.544
31 0.8 0.048 0.752
1 0.8 0.048 0.752
25 0.758353 0.048 0.710353
25 0.710353 0.048 0.662353
35 0.8 0.048 0.752
35 0.752 0.048 0.704
54 0.8 0.048 0.752
31 0.752 0.096 0.656
31 0.656 0.16 0.496
1 0.752 0.16 0.592
25 0.662353 0.16 0.502353
35 0.704 0.16 0.544
35 0.544 0.016 0.528
31 0.496 0.016 0.48
35 0.528 0.048 0.48
25 0.502353 0.048 0.454353
31 0.48 0.048 0.432
54 0.752 0.16 0.592
19 0.8 0.048 0.752
6 0.778908 0.048 0.730908
42 0.8 0.048 0.752
29 0.8 0.048 0.752
12 0.711992 0.048 0.663992
17 0.8 0.048 0.752
53 0.8 0.048 0.752
70 0.781503 0.048 0.733503
13 0.8 0.048 0.752
22 0.8 0.048 0.752
24 0.8 0.048 0.752
49 0.8 0.048 0.752
13 0.752 0.048 0.704
13 0.704 0.16 0.544
13 0.544 0.016 0.528
55 0.8 0.048 0.752
62 0.8 0.048 0.752
2 0.8 0.048 0.752
30 0.8 0.048 0.752
13 0.605954 0.048 0.557954
22 0.752 0.048 0.704
24 0.8 0.048 0.752
26 0.775053 0.048 0.727053
49 0.752 0.048 0.704
69 0.686716 0.048 0.638716
22 0.704 0.048 0.656
13 0.557954 0.048 0.509954
24 0.752 0.048 0.704
49 0.704 0.048 0.656
22 0.656 0.048 0.608
22 0.608 0.16 0.448
22 0.448 0.016 0.432
2 0.8 0.048 0.752
23 0.8 0.048 0.752
30 0.8 0.048 0.752
62 0.8 0.048 0.752
48 0.8 0.048 0.752
8 0.557127 0.048 0.509127
28 0.8 0.048 0.752
56 0.8 0.048 0.752
17 0.8 0.048 0.752
12 0.734074 0.048 0.686074
29 0.8 0.048 0.752
53 0.8 0.048 0.752
70 0.8 0.048 0.752
9 0.8 0.048 0.752
13 0.586769 0.048 0.538769
22 0.510459 0.048 0.462459
24 0.778841 0.048 0.730841
49 0.726653 0.048 0.678653
34 0.8 0.048 0.752
23 0.8 0.048 0.752
33 0.8 0.048 0.752
45 0.8 0.048 0.752
61 0.8 0.048 0.752
4 0.8 0.048 0.752
4 0.752 0.048 0.704
51 0.8 0.048 0.752
61 0.752 0.048 0.704
61 0.704 0.16 0.544
4 0.704 0.16 0.544
4 0.544 0.016 0.528
61 0.544 0.016 0.528
4 0.528 0.048 0.48
61 0.528 0.048 0.48
51 0.752 0.16 0.592
66 0.8 0.048 0.752
10 0.8 0.048 0.752
12 0.758327 0.048 0.710327
12 0.710327 0.048 0.662327
16 0.8 0.048 0.752
44 0.8 0.048 0.752
53 0.8 0.048 0.752
63 0.8 0.048 0.752
65 0.8 0.048 0.752
66 0.752 0.048 0.704
66 0.704 0.16 0.544
12 0.662327 0.16 0.502327
12 0.502327 0.016 0.486327
66 0.544 0.016 0.528
12 0.486327 0.048 0.438327
17 0.8 0.048 0.752
29 0.8 0.048 0.752
44 0.752 0.048 0.704
53 0.752 0.048 0.704
66 0.528 0.048 0.48
16 0.752 0.16 0.592
44 0.704 0.16 0.544
53 0.704 0.16 0.544
63 0.752 0.16 0.592
65 0.752 0.16 0.592
52 0.8 0.048 0.752
6 0.8 0.048 0.752
57 0.8 0.048 0.752
30 0.8 0.048 0.752
2 0.8 0.048 0.752
23 0.8 0.048 0.752
62 0.8 0.048 0.752
36 0.8 0.048 0.752
5 0.600395 0.048 0.552395
7 0.8 0.048 0.752
15 0.8 0.048 0.752
32 0.8 0.048 0.752
69 0.795868 0.048 0.747868
13 0.618208 0.048 0.570208
22 0.539766 0.048 0.491766
24 0.8 0.048 0.752
28 0.8 0.048 0.752
48 0.8 0.048 0.752
49 0.751925 0.048 0.703925
59 0.8 0.048 0.752
14 0.8 0.048 0.752
37 0.8 0.048 0.752
43 0.8 0.048 0.752
68 0.8 0.048 0.752
68 0.752 0.048 0.704
59 0.752 0.048 0.704
59 0.704 0.16 0.544
14 0.752 0.16 0.592
37 0.752 0.16 0.592
43 0.752 0.16 0.592
68 0.704 0.16 0.544
68 0.544 0.016 0.528
59 0.544 0.016 0.528
68 0.528 0.048 0.48
14 0.592 0.048 0.544
37 0.592 0.048 0.544
43 0.592 0.048 0.544
59 0.528 0.048 0.48
40 0.768529 0.048 0.720529
8 0.661876 0.048 0.613876
47 0.536154 0.048 0.488154
28 0.8 0.048 0.752
48 0.8 0.048 0.752
56 0.8 0.048 0.752
28 0.752 0.048 0.704
28 0.704 0.16 0.544
28 0.544 0.016 0.528
42 0.8 0.048 0.752
6 0.8 0.048 0.752
19 0.8 0.048 0.752
56 0.752 0.048 0.704
8 0.613876 0.048 0.565876
28 0.528 0.048 0.48
48 0.752 0.048 0.704
56 0.704 0.048 0.656
56 0.656 0.16 0.496
56 0.496 0.016 0.48
37 0.544 0.048 0.496
14 0.544 0.048 0.496
43 0.544 0.048 0.496
59 0.48 0.048 0.432
68 0.48 0.048 0.432
14 0.572474 0.048 0.524474
37 0.496 0.048 0.448
43 0.496 0.048 0.448
59 0.432 0.048 0.384
68 0.432 0.048 0.384
28 0.48 0.048 0.432
48 0.704 0.048 0.656
56 0.48 0.048 0.432
43 0.448 0.048 0.4
14 0.524474 0.048 0.476474
37 0.448 0.048 0.4
59 0.384 0.048 0.336
68 0.384 0.048 0.336
57 0.8 0.048 0.752
6 0.752 0.048 0.704
27 0.8 0.048 0.752
52 0.8 0.048 0.752
15 0.8 0.048 0.752
5 0.707872 0.048 0.659872
7 0.8 0.048 0.752
32 0.8 0.048 0.752
36 0.8 0.048 0.752
69 0.8 0.048 0.752
8 0.644816 0.048 0.596816
28 0.50738 0.048 0.45938
40 0.797248 0.048 0.749248
48 0.726608 0.048 0.678608
56 0.506596 0.048 0.458596
32 0.8 0.048 0.752
5 0.738027 0.048 0.690027
7 0.752 0.048 0.704
15 0.8 0.048 0.752
36 0.752 0.048 0.704
69 0.752 0.048 0.704
33 0.8 0.048 0.752
34 0.8 0.048 0.752
45 0.8 0.048 0.752
46 0.8 0.048 0.752
11 0.8 0.048 0.752
38 0.8 0.048 0.752
39 0.8 0.048 0.752
60 0.8 0.048 0.752
8 0.671688 0.048 0.623688
40 0.8 0.048 0.752
48 0.756237 0.048 0.708237
56 0.533995 0.048 0.485995
8 0.623688 0.048 0.575688
8 0.575688 0.16 0.415688
8 0.415688 0.016 0.399688
35 0.8 0.048 0.752
1 0.8 0.048 0.752
25 0.8 0.048 0.752
31 0.8 0.048 0.752
19 0.8 0.048 0.752
6 0.783654 0.048 0.735654
42 0.8 0.048 0.752
29 0.8 0.048 0.752
12 0.658152 0.048 0.610152
17 0.8 0.048 0.752
53 0.773439 0.048 0.725439
70 0.8 0.048 0.752
55 0.8 0.048 0.752
62 0.8 0.048 0.752
2 0.8 0.048 0.752
30 0.8 0.048 0.752
8 0.399688 0.048 0.351688
27 0.8 0.048 0.752
40 0.752 0.048 0.704
47 0.714177 0.048 0.666177
56 0.485995 0.048 0.437995
2 0.8 0.048 0.752
23 0.8 0.048 0.752
30 0.8 0.048 0.752
62 0.8 0.048 0.752
48 0.782662 0.048 0.734662
8 0.431332 0.048 0.383332
28 0.53641 0.048 0.48841
56 0.514015 0.048 0.466015
69 0.8 0.048 0.752
5 0.768584 0.048 0.720584
5 0.720584 0.048 0.672584
7 0.8 0.048 0.752
15 0.8 0.048 0.752
26 0.8 0.048 0.752
32 0.8 0.048 0.752
36 0.8 0.048 0.752
69 0.752 0.048 0.704
69 0.704 0.16 0.544
5 0.672584 0.16 0.512584
5 0.512584 0.016 0.496584
69 0.544 0.016 0.528
5 0.496584 0.048 0.448584
7 0.752 0.048 0.704
15 0.752 0.048 0.704
26 0.752 0.048 0.704
32 0.752 0.048 0.704
36 0.752 0.048 0.704
69 0.528 0.048 0.48
7 0.704 0.16 0.544
15 0.704 0.16 0.544
26 0.704 0.16 0.544
32 0.704 0.16 0.544
36 0.704 0.16 0.544
17 0.8 0.048 0.752
29 0.8 0.048 0.752
53 0.796348 0.048 0.748348
70 0.8 0.048 0.752
9 0.8 0.048 0.752
27 0.8 0.048 0.752
40 0.779983 0.048 0.731983
47 0.745109 0.048 0.697109
57 0.8 0.048 0.752
34 0.8 0.048 0.752
23 0.8 0.048 0.752
33 0.8 0.048 0.752
45 0.8 0.048 0.752
4 0.8 0.048 0.752
12 0.765604 0.048 0.717604
17 0.8 0.048 0.752
29 0.8 0.048 0.752
44 0.8 0.048 0.752
53 0.8 0.048 0.752
66 0.8 0.048 0.752
52 0.8 0.048 0.752
6 0.8 0.048 0.752
57 0.8 0.048 0.752
52 0.752 0.048 0.704
52 0.704 0.16 0.544
52 0.544 0.016 0.528
30 0.8 0.048 0.752
2 0.8 0.048 0.752
23 0.8 0.048 0.752
62 0.8 0.048 0.752
36 0.619128 0.048 0.571128
5 0.520781 0.048 0.472781
7 0.6199 0.048 0.5719
15 0.696736 0.048 0.648736
26 0.701652 0.048 0.653652
32 0.623708 0.048 0.575708
69 0.556844 0.048 0.508844
6 0.752 0.048 0.704
27 0.8 0.048 0.752
47 0.770989 0.048 0.722989
52 0.603077 0.048 0.555077
57 0.752 0.048 0.704
68 0.711595 0.048 0.663595
14 0.779377 0.048 0.731377
37 0.77885 0.048 0.73085
43 0.777147 0.048 0.729147
59 0.715863 0.048 0.667863
40 0.8 0.048 0.752
8 0.531761 0.048 0.483761
47 0.722989 0.048 0.674989
56 0.620269 0.048 0.572269
56 0.572269 0.048 0.524269
40 0.752 0.048 0.704
40 0.704 0.16 0.544
8 0.483761 0.16 0.323761
56 0.524269 0.16 0.364269
42 0.8 0.048 0.752
6 0.782495 0.048 0.734495
19 0.8 0.048 0.752
37 0.73085 0.048 0.68285
14 0.731377 0.048 0.683377
43 0.729147 0.048 0.681147
59 0.667863 0.048 0.619863
68 0.663595 0.048 0.615595
14 0.757934 0.048 0.709934
37 0.68285 0.048 0.63485
43 0.681147 0.048 0.633147
59 0.619863 0.048 0.571863
68 0.615595 0.048 0.567595
6 0.734495 0.048 0.686495
19 0.8 0.048 0.752
42 0.752 0.048 0.704
52 0.634728 0.048 0.586728
57 0.778222 0.048 0.730222
43 0.633147 0.048 0.585147
14 0.709934 0.048 0.661934
37 0.63485 0.048 0.58685
59 0.571863 0.048 0.523863
68 0.567595 0.048 0.519595
57 0.730222 0.048 0.682222
6 0.686495 0.048 0.638495
27 0.8 0.048 0.752
27 0.752 0.048 0.704
52 0.586728 0.048 0.538728
57 0.682222 0.048 0.634222
57 0.634222 0.16 0.474222
27 0.704 0.16 0.544
27 0.544 0.016 0.528
57 0.474222 0.016 0.458222
27 0.528 0.048 0.48
40 0.620533 0.048 0.572533
47 0.752312 0.048 0.704312
57 0.458222 0.048 0.410222
52 0.538728 0.16 0.378728
6 0.638495 0.048 0.590495
19 0.752 0.048 0.704
42 0.776458 0.048 0.728458
52 0.378728 0.048 0.330728
57 0.48212 0.048 0.43412
6 0.590495 0.048 0.542495
6 0.542495 0.16 0.382495
6 0.382495 0.016 0.366495
15 0.724004 0.048 0.676004
5 0.615654 0.048 0.567654
7 0.72112 0.048 0.67312
32 0.728353 0.048 0.680353
36 0.724645 0.048 0.676645
69 0.659571 0.048 0.611571
6 0.445148 0.048 0.397148
19 0.778202 0.048 0.730202
42 0.728458 0.048 0.680458
32 0.752049 0.048 0.704049
5 0.642545 0.048 0.594545
7 0.67312 0.048 0.62512
15 0.752463 0.048 0.704463
36 0.676645 0.048 0.628645
69 0.611571 0.048 0.563571
33 0.8 0.048 0.752
34 0.8 0.048 0.752
45 0.8 0.048 0.752
46 0.8 0.048 0.752
11 0.8 0.048 0.752
38 0.8 0.048 0.752
60 0.8 0.048 0.752
35 0.8 0.048 0.752
1 0.8 0.048 0.752
25 0.8 0.048 0.752
31 0.8 0.048 0.752
19 0.730202 0.048 0.682202
6 0.397148 0.048 0.349148
42 0.752711 0.048 0.704711
19 0.682202 0.048 0.634202
19 0.634202 0.16 0.474202
19 0.474202 0.016 0.458202
29 0.8 0.048 0.752
12 0.8 0.048 0.752
17 0.8 0.048 0.752
44 0.8 0.048 0.752
53 0.8 0.048 0.752
70 0.8 0.048 0.752
55 0.8 0.048 0.752
62 0.8 0.048 0.752
2 0.8 0.048 0.752
30 0.8 0.048 0.752
9 0.8 0.048 0.752
19 0.530446 0.048 0.482446
42 0.704711 0.048 0.656711
2 0.8 0.048 0.752
23 0.8 0.048 0.752
30 0.8 0.048 0.752
62 0.8 0.048 0.752
48 0.8 0.048 0.752
28 0.8 0.048 0.752
56 0.591368 0.048 0.543368
5 0.672313 0.048 0.624313
7 0.775073 0.048 0.727073
15 0.777128 0.048 0.729128
26 0.8 0.048 0.752
32 0.779051 0.048 0.731051
36 0.784412 0.048 0.736412
69 0.71169 0.048 0.66369
17 0.8 0.048 0.752
29 0.8 0.048 0.752
70 0.8 0.048 0.752
9 0.752 0.048 0.704
9 0.704 0.048 0.656
9 0.656 0.16 0.496
9 0.496 0.016 0.48
9 0.550879 0.048 0.502879
34 0.8 0.048 0.752
33 0.8 0.048 0.752
45 0.8 0.048 0.752
4 0.8 0.048 0.752
12 0.8 0.048 0.752
29 0.8 0.048 0.752
44 0.8 0.048 0.752
53 0.8 0.048 0.752
66 0.8 0.048 0.752
30 0.8 0.048 0.752
2 0.8 0.048 0.752
23 0.8 0.048 0.752
62 0.8 0.048 0.752
36 0.8 0.048 0.752
5 0.698176 0.048 0.650176
7 0.8 0.048 0.752
15 0.8 0.048 0.752
32 0.8 0.048 0.752
69 0.741426 0.048 0.693426
9 0.57747 0.048 0.52947
68 0.8 0.048 0.752
14 0.8 0.048 0.752
37 0.8 0.048 0.752
43 0.8 0.048 0.752
59 0.8 0.048 0.752
42 0.8 0.048 0.752
6 0.649575 0.048 0.601575
6 0.601575 0.048 0.553575
19 0.633202 0.048 0.585202
42 0.752 0.048 0.704
42 0.704 0.16 0.544
6 0.553575 0.16 0.393575
19 0.585202 0.16 0.425202
37 0.752 0.048 0.704
14 0.752 0.048 0.704
43 0.752 0.048 0.704
59 0.752 0.048 0.704
68 0.752 0.048 0.704
14 0.775236 0.048 0.727236
37 0.704 0.048 0.656
43 0.704 0.048 0.656
59 0.704 0.048 0.656
68 0.704 0.048 0.656
43 0.656 0.048 0.608
14 0.727236 0.048 0.679236
37 0.656 0.048 0.608
59 0.656 0.048 0.608
68 0.656 0.048 0.608
27 0.8 0.048 0.752
47 0.8 0.048 0.752
57 0.736467 0.048 0.688467
15 0.8 0.048 0.752
5 0.79316 0.048 0.74516
7 0.8 0.048 0.752
32 0.8 0.048 0.752
36 0.8 0.048 0.752
69 0.8 0.048 0.752
32 0.8 0.048 0.752
5 0.8 0.048 0.752
7 0.752 0.048 0.704
15 0.8 0.048 0.752
36 0.752 0.048 0.704
69 0.752 0.048 0.704
33 0.8 0.048 0.752
34 0.8 0.048 0.752
45 0.8 0.048 0.752
46 0.8 0.048 0.752
11 0.8 0.048 0.752
38 0.8 0.048 0.752
39 0.8 0.048 0.752
60 0.8 0.048 0.752
35 0.8 0.048 0.752
1 0.8 0.048 0.752
25 0.8 0.048 0.752
31 0.8 0.048 0.752
29 0.8 0.048 0.752
12 0.8 0.048 0.752
17 0.8 0.048 0.752
44 0.8 0.048 0.752
53 0.8 0.048 0.752
70 0.8 0.048 0.752
55 0.8 0.048 0.752
62 0.8 0.048 0.752
2 0.8 0.048 0.752
30 0.8 0.048 0.752
4 0.8 0.048 0.752
2 0.8 0.048 0.752
23 0.8 0.048 0.752
30 0.8 0.048 0.752
62 0.8 0.048 0.752
48 0.8 0.048 0.752
28 0.8 0.048 0.752
56 0.8 0.048 0.752
5 0.8 0.048 0.752
7 0.8 0.048 0.752
15 0.8 0.048 0.752
32 0.8 0.048 0.752
36 0.8 0.048 0.752
69 0.8 0.048 0.752
17 0.8 0.048 0.752
29 0.8 0.048 0.752
53 0.8 0.048 0.752
70 0.8 0.048 0.752
4 0.8 0.048 0.752
51 0.8 0.048 0.752
61 0.8 0.048 0.752
34 0.8 0.048 0.752
33 0.8 0.048 0.752
45 0.8 0.048 0.752
4 0.752 0.048 0.704
4 0.704 0.048 0.656
4 0.656 0.16 0.496
4 0.496 0.016 0.48
12 0.8 0.048 0.752
29 0.8 0.048 0.752
44 0.8 0.048 0.752
53 0.8 0.048 0.752
66 0.8 0.048 0.752
30 0.8 0.048 0.752
2 0.8 0.048 0.752
23 0.8 0.048 0.752
62 0.8 0.048 0.752
36 0.8 0.048 0.752
5 0.8 0.048 0.752
7 0.8 0.048 0.752
15 0.8 0.048 0.752
32 0.8 0.048 0.752
69 0.8 0.048 0.752
4 0.55797 0.048 0.50997
51 0.8 0.048 0.752
61 0.8 0.048 0.752
68 0.8 0.048 0.752
14 0.8 0.048 0.752
37 0.8 0.048 0.752
43 0.8 0.048 0.752
59 0.8 0.048 0.752
37 0.752 0.048 0.704
14 0.752 0.048 0.704
43 0.752 0.048 0.704
59 0.752 0.048 0.704
68 0.752 0.048 0.704
14 0.783977 0.048 0.735977
37 0.704 0.048 0.656
43 0.704 0.048 0.656
59 0.704 0.048 0.656
68 0.704 0.048 0.656
51 0.8 0.048 0.752
61 0.8 0.048 0.752
43 0.656 0.048 0.608
14 0.735977 0.048 0.687977
37 0.656 0.048 0.608
59 0.656 0.048 0.608
68 0.656 0.048 0.608
27 0.8 0.048 0.752
40 0.8 0.048 0.752
47 0.8 0.048 0.752
57 0.8 0.048 0.752
15 0.8 0.048 0.752
5 0.8 0.048 0.752
7 0.8 0.048 0.752
32 0.8 0.048 0.752
36 0.8 0.048 0.752
69 0.8 0.048 0.752
20 0.8 0.048 0.752
32 0.8 0.048 0.752
5 0.8 0.048 0.752
7 0.752 0.048 0.704
15 0.8 0.048 0.752
36 0.752 0.048 0.704
69 0.752 0.048 0.704
33 0.8 0.048 0.752
34 0.8 0.048 0.752
45 0.8 0.048 0.752
46 0.8 0.048 0.752
11 0.8 0.048 0.752
38 0.8 0.048 0.752
39 0.8 0.048 0.752
60 0.8 0.048 0.752
35 0.8 0.048 0.752
1 0.8 0.048 0.752
25 0.8 0.048 0.752
31 0.8 0.048 0.752
54 0.8 0.048 0.752
29 0.8 0.048 0.752
12 0.8 0.048 0.752
17 0.8 0.048 0.752
53 0.8 0.048 0.752
70 0.8 0.048 0.752
55 0.8 0.048 0.752
62 0.8 0.048 0.752
2 0.8 0.048 0.752
23 0.8 0.048 0.752
30 0.8 0.048 0.752
20 0.8 0.048 0.752
2 0.8 0.048 0.752
23 0.752 0.048 0.704
30 0.8 0.048 0.752
62 0.8 0.048 0.752
48 0.8 0.048 0.752
8 0.8 0.048 0.752
28 0.8 0.048 0.752
56 0.8 0.048 0.752
5 0.8 0.048 0.752
7 0.8 0.048 0.752
15 0.8 0.048 0.752
26 0.8 0.048 0.752
32 0.8 0.048 0.752
36 0.8 0.048 0.752
69 0.8 0.048 0.752
17 0.8 0.048 0.752
12 0.8 0.048 0.752
29 0.8 0.048 0.752
53 0.8 0.048 0.752
70 0.8 0.048 0.752
14 0.8 0.048 0.752
20 0.8 0.048 0.752
37 0.8 0.048 0.752
34 0.8 0.048 0.752
33 0.8 0.048 0.752
45 0.8 0.048 0.752
12 0.8 0.048 0.752
17 0.8 0.048 0.752
29 0.8 0.048 0.752
44 0.8 0.048 0.752
53 0.8 0.048 0.752
66 0.8 0.048 0.752
30 0.8 0.048 0.752
2 0.8 0.048 0.752
23 0.8 0.048 0.752
62 0.8 0.048 0.752
36 0.8 0.048 0.752
5 0.8 0.048 0.752
7 0.8 0.048 0.752
15 0.8 0.048 0.752
26 0.8 0.048 0.752
32 0.8 0.048 0.752
69 0.8 0.048 0.752
14 0.8 0.048 0.752
37 0.8 0.048 0.752
43 0.8 0.048 0.752
59 0.8 0.048 0.752
68 0.8 0.048 0.752
68 0.8 0.048 0.752
14 0.752 0.048 0.704
37 0.8 0.048 0.752
43 0.8 0.048 0.752
59 0.8 0.048 0.752
68 0.752 0.048 0.704
68 0.704 0.16 0.544
68 0.544 0.016 0.528
37 0.752 0.048 0.704
14 0.704 0.048 0.656
43 0.752 0.048 0.704
59 0.752 0.048 0.704
37 0.704 0.048 0.656
37 0.656 0.16 0.496
37 0.496 0.016 0.48
14 0.735114 0.048 0.687114
37 0.48 0.048 0.432
43 0.704 0.048 0.656
59 0.704 0.048 0.656
68 0.528 0.048 0.48
14 0.687114 0.048 0.639114
14 0.639114 0.16 0.479114
14 0.479114 0.016 0.463114
14 0.463114 0.048 0.415114
37 0.432 0.048 0.384
43 0.656 0.048 0.608
59 0.656 0.048 0.608
68 0.48 0.048 0.432
43 0.608 0.048 0.56
14 0.415114 0.048 0.367114
37 0.384 0.048 0.336
59 0.608 0.048 0.56
68 0.432 0.048 0.384
43 0.56 0.048 0.512
43 0.512 0.16 0.352
43 0.352 0.016 0.336
27 0.8 0.048 0.752
40 0.8 0.048 0.752
47 0.8 0.048 0.752
15 0.8 0.048 0.752
5 0.8 0.048 0.752
7 0.8 0.048 0.752
32 0.8 0.048 0.752
36 0.8 0.048 0.752
69 0.8 0.048 0.752
43 0.411378 0.048 0.363378
59 0.631923 0.048 0.583923
68 0.454477 0.048 0.406477
32 0.8 0.048 0.752
5 0.8 0.048 0.752
7 0.752 0.048 0.704
15 0.8 0.048 0.752
36 0.752 0.048 0.704
69 0.752 0.048 0.704
33 0.8 0.048 0.752
34 0.8 0.048 0.752
45 0.8 0.048 0.752
46 0.8 0.048 0.752
11 0.8 0.048 0.752
38 0.8 0.048 0.752
39 0.8 0.048 0.752
60 0.8 0.048 0.752
35 0.8 0.048 0.752
1 0.8 0.048 0.752
25 0.8 0.048 0.752
31 0.8 0.048 0.752
29 0.8 0.048 0.752
12 0.8 0.048 0.752
17 0.8 0.048 0.752
53 0.8 0.048 0.752
70 0.8 0.048 0.752
55 0.8 0.048 0.752
62 0.8 0.048 0.752
2 0.8 0.048 0.752
23 0.8 0.048 0.752
30 0.8 0.048 0.752
62 0.752 0.048 0.704
62 0.704 0.16 0.544
62 0.544 0.016 0.528
2 0.752 0.048 0.704
30 0.752 0.048 0.704
62 0.528 0.048 0.48
2 0.781131 0.048 0.733131
23 0.752 0.048 0.704
30 0.780743 0.048 0.732743
62 0.556427 0.048 0.508427
2 0.733131 0.048 0.685131
2 0.685131 0.16 0.525131
2 0.525131 0.016 0.509131
48 0.8 0.048 0.752
28 0.8 0.048 0.752
56 0.8 0.048 0.752
5 0.8 0.048 0.752
7 0.8 0.048 0.752
15 0.8 0.048 0.752
26 0.8 0.048 0.752
32 0.8 0.048 0.752
36 0.8 0.048 0.752
69 0.8 0.048 0.752
17 0.8 0.048 0.752
29 0.8 0.048 0.752
53 0.8 0.048 0.752
70 0.8 0.048 0.752
2 0.509131 0.048 0.461131
23 0.780854 0.048 0.732854
30 0.732743 0.048 0.684743
62 0.508427 0.048 0.460427
34 0.8 0.048 0.752
33 0.8 0.048 0.752
45 0.8 0.048 0.752
12 0.8 0.048 0.752
29 0.8 0.048 0.752
44 0.8 0.048 0.752
53 0.8 0.048 0.752
66 0.8 0.048 0.752
70 0.8 0.048 0.752
70 0.752 0.048 0.704
12 0.752 0.048 0.704
12 0.704 0.16 0.544
29 0.752 0.16 0.592
44 0.752 0.16 0.592
53 0.752 0.16 0.592
70 0.704 0.16 0.544
70 0.544 0.016 0.528
12 0.544 0.016 0.528
70 0.528 0.048 0.48
12 0.528 0.048 0.48
17 0.8 0.048 0.752
29 0.592 0.048 0.544
53 0.592 0.048 0.544
30 0.755003 0.048 0.707003
2 0.536105 0.048 0.488105
23 0.8 0.048 0.752
62 0.537578 0.048 0.489578
30 0.707003 0.048 0.659003
30 0.659003 0.16 0.499003
30 0.499003 0.016 0.483003
36 0.8 0.048 0.752
5 0.8 0.048 0.752
7 0.8 0.048 0.752
15 0.8 0.048 0.752
26 0.8 0.048 0.752
32 0.8 0.048 0.752
69 0.8 0.048 0.752
2 0.488105 0.048 0.440105
23 0.752 0.048 0.704
30 0.483003 0.048 0.435003
33 0.752 0.048 0.704
34 0.8 0.048 0.752
23 0.781515 0.048 0.733515
33 0.781495 0.048 0.733495
34 0.8 0.048 0.752
45 0.8 0.048 0.752
27 0.8 0.048 0.752
8 0.8 0.048 0.752
8 0.752 0.048 0.704
40 0.8 0.048 0.752
47 0.8 0.048 0.752
57 0.8 0.048 0.752
27 0.752 0.048 0.704
27 0.704 0.16 0.544
8 0.704 0.16 0.544
8 0.544 0.016 0.528
27 0.544 0.016 0.528
8 0.528 0.048 0.48
27 0.528 0.048 0.48
40 0.752 0.048 0.704
47 0.752 0.048 0.704
56 0.8 0.048 0.752
40 0.704 0.16 0.544
47 0.704 0.16 0.544
15 0.8 0.048 0.752
5 0.8 0.048 0.752
7 0.8 0.048 0.752
32 0.8 0.048 0.752
50 0.8 0.048 0.752
50 0.752 0.048 0.704
69 0.8 0.048 0.752
15 0.752 0.048 0.704
15 0.704 0.16 0.544
5 0.752 0.16 0.592
7 0.752 0.16 0.592
32 0.752 0.16 0.592
50 0.704 0.16 0.544
50 0.544 0.016 0.528
15 0.544 0.016 0.528
50 0.528 0.048 0.48
15 0.528 0.048 0.48
33 0.8 0.048 0.752
34 0.8 0.048 0.752
45 0.8 0.048 0.752
46 0.8 0.048 0.752
60 0.8 0.048 0.752
32 0.662344 0.048 0.614344
5 0.670776 0.048 0.622776
7 0.592 0.048 0.544
15 0.552455 0.048 0.504455
15 0.504455 0.048 0.456455
36 0.8 0.048 0.752
69 0.752 0.048 0.704
32 0.614344 0.048 0.566344
32 0.566344 0.16 0.406344
7 0.544 0.16 0.384
15 0.456455 0.16 0.296455
36 0.752 0.16 0.592
69 0.704 0.16 0.544
33 0.752 0.048 0.704
34 0.752 0.048 0.704
45 0.8 0.048 0.752
33 0.704 0.048 0.656
33 0.656 0.16 0.496
33 0.496 0.016 0.48
46 0.752 0.048 0.704
11 0.8 0.048 0.752
38 0.8 0.048 0.752
39 0.8 0.048 0.752
60 0.8 0.048 0.752
46 0.704 0.048 0.656
46 0.656 0.16 0.496
46 0.496 0.016 0.48
35 0.8 0.048 0.752
1 0.8 0.048 0.752
25 0.8 0.048 0.752
31 0.8 0.048 0.752
54 0.8 0.048 0.752
29 0.775501 0.048 0.727501
12 0.712916 0.048 0.664916
17 0.8 0.048 0.752
44 0.8 0.048 0.752
53 0.77083 0.048 0.72283
70 0.703117 0.048 0.655117
55 0.8 0.048 0.752
3 0.8 0.048 0.752
11 0.8 0.048 0.752
38 0.752 0.048 0.704
39 0.8 0.048 0.752
45 0.752 0.048 0.704
46 0.559951 0.048 0.511951
60 0.752 0.048 0.704
48 0.8 0.048 0.752
28 0.8 0.048 0.752
56 0.8 0.048 0.752
5 0.696185 0.048 0.648185
7 0.539278 0.048 0.491278
15 0.372721 0.048 0.324721
32 0.479968 0.048 0.431968
36 0.740119 0.048 0.692119
69 0.68797 0.048 0.63997
17 0.8 0.048 0.752
29 0.8 0.048 0.752
53 0.799656 0.048 0.751656
70 0.727718 0.048 0.679718
3 0.8 0.048 0.752
11 0.8 0.048 0.752
21 0.8 0.048 0.752
38 0.780513 0.048 0.732513
39 0.8 0.048 0.752
46 0.590804 0.048 0.542804
60 0.780921 0.048 0.732921
64 0.8 0.048 0.752
67 0.8 0.048 0.752
34 0.8 0.048 0.752
33 0.705662 0.048 0.657662
45 0.8 0.048 0.752
70 0.757622 0.048 0.709622
12 0.8 0.048 0.752
17 0.8 0.048 0.752
29 0.8 0.048 0.752
53 0.8 0.048 0.752
36 0.763209 0.048 0.715209
5 0.725736 0.048 0.677736
7 0.566217 0.048 0.518217
15 0.474079 0.048 0.426079
26 0.8 0.048 0.752
32 0.505284 0.048 0.457284
69 0.714373 0.048 0.666373
3 0.8 0.048 0.752
18 0.8 0.048 0.752
21 0.8 0.048 0.752
38 0.8 0.048 0.752
39 0.8 0.048 0.752
58 0.8 0.048 0.752
60 0.8 0.048 0.752
64 0.8 0.048 0.752
67 0.8 0.048 0.752
18 0.8 0.048 0.752
21 0.8 0.048 0.752
58 0.8 0.048 0.752
64 0.8 0.048 0.752
67 0.8 0.048 0.752
8 0.8 0.048 0.752
40 0.8 0.048 0.752
47 0.8 0.048 0.752
56 0.8 0.048 0.752
50 0.8 0.048 0.752
18 0.8 0.048 0.752
55 0.8 0.048 0.752
58 0.8 0.048 0.752
35 0.8 0.048 0.752
1 0.8 0.048 0.752
25 0.8 0.048 0.752
31 0.8 0.048 0.752
54 0.8 0.048 0.752
29 0.8 0.048 0.752
12 0.8 0.048 0.752
17 0.8 0.048 0.752
44 0.8 0.048 0.752
53 0.8 0.048 0.752
70 0.8 0.048 0.752
55 0.8 0.048 0.752
55 0.752 0.048 0.704
55 0.704 0.16 0.544
55 0.544 0.016 0.528
55 0.528 0.048 0.48
48 0.8 0.048 0.752
28 0.8 0.048 0.752
56 0.8 0.048 0.752
5 0.8 0.048 0.752
7 0.8 0.048 0.752
15 0.649425 0.048 0.601425
15 0.601425 0.048 0.553425
32 0.748797 0.048 0.700797
36 0.8 0.048 0.752
69 0.8 0.048 0.752
5 0.752 0.048 0.704
5 0.704 0.16 0.544
7 0.752 0.16 0.592
15 0.553425 0.16 0.393425
32 0.700797 0.16 0.540797
36 0.752 0.16 0.592
17 0.8 0.048 0.752
29 0.8 0.048 0.752
53 0.8 0.048 0.752
70 0.8 0.048 0.752
55 0.551633 0.048 0.503633
34 0.8 0.048 0.752
33 0.8 0.048 0.752
45 0.8 0.048 0.752
70 0.8 0.048 0.752
12 0.8 0.048 0.752
17 0.8 0.048 0.752
29 0.8 0.048 0.752
53 0.8 0.048 0.752
36 0.669092 0.048 0.621092
5 0.61912 0.048 0.57112
7 0.668413 0.048 0.620413
15 0.540599 0.048 0.492599
26 0.8 0.048 0.752
32 0.613195 0.048 0.565195
69 0.8 0.048 0.752
41 0.8 0.048 0.752
8 0.8 0.048 0.752
27 0.8 0.048 0.752
40 0.8 0.048 0.752
47 0.8 0.048 0.752
56 0.8 0.048 0.752
50 0.8 0.048 0.752
41 0.8 0.048 0.752
35 0.8 0.048 0.752
1 0.8 0.048 0.752
25 0.8 0.048 0.752
31 0.8 0.048 0.752
54 0.8 0.048 0.752
29 0.8 0.048 0.752
12 0.8 0.048 0.752
17 0.8 0.048 0.752
53 0.8 0.048 0.752
66 0.8 0.048 0.752
70 0.8 0.048 0.752
17 0.752 0.048 0.704
29 0.752 0.048 0.704
53 0.752 0.048 0.704
70 0.752 0.048 0.704
48 0.8 0.048 0.752
28 0.8 0.048 0.752
56 0.8 0.048 0.752
17 0.779168 0.048 0.731168
12 0.8 0.048 0.752
12 0.752 0.048 0.704
29 0.780309 0.048 0.732309
53 0.777666 0.048 0.729666
70 0.774903 0.048 0.726903
17 0.731168 0.096 0.635168
17 0.635168 0.16 0.475168
17 0.475168 0.016 0.459168
12 0.781253 0.048 0.733253
17 0.459168 0.048 0.411168
29 0.732309 0.048 0.684309
53 0.729666 0.048 0.681666
66 0.8 0.048 0.752
70 0.726903 0.048 0.678903
34 0.8 0.048 0.752
33 0.8 0.048 0.752
45 0.8 0.048 0.752
70 0.749899 0.048 0.701899
12 0.733253 0.048 0.685253
17 0.484042 0.048 0.436042
29 0.757731 0.048 0.709731
53 0.759957 0.048 0.711957
70 0.701899 0.048 0.653899
70 0.653899 0.16 0.493899
70 0.493899 0.016 0.477899
36 0.8 0.048 0.752
5 0.8 0.048 0.752
7 0.8 0.048 0.752
26 0.8 0.048 0.752
32 0.8 0.048 0.752
69 0.8 0.048 0.752
12 0.761543 0.048 0.713543
16 0.8 0.048 0.752
29 0.709731 0.048 0.661731
44 0.8 0.048 0.752
53 0.711957 0.048 0.663957
63 0.8 0.048 0.752
66 0.8 0.048 0.752
70 0.477899 0.048 0.429899
10 0.8 0.048 0.752
12 0.78716 0.048 0.73916
16 0.8 0.048 0.752
29 0.739693 0.048 0.691693
44 0.8 0.048 0.752
63 0.8 0.048 0.752
65 0.8 0.048 0.752
66 0.8 0.048 0.752
8 0.8 0.048 0.752
27 0.8 0.048 0.752
40 0.8 0.048 0.752
47 0.8 0.048 0.752
56 0.8 0.048 0.752
50 0.8 0.048 0.752
10 0.8 0.048 0.752
16 0.8 0.048 0.752
44 0.8 0.048 0.752
63 0.8 0.048 0.752
65 0.8 0.048 0.752
35 0.8 0.048 0.752
1 0.8 0.048 0.752
25 0.8 0.048 0.752
31 0.8 0.048 0.752
54 0.8 0.048 0.752
29 0.8 0.048 0.752
12 0.8 0.048 0.752
17 0.654718 0.048 0.606718
17 0.606718 0.048 0.558718
53 0.8 0.048 0.752
66 0.8 0.048 0.752
70 0.65197 0.048 0.60397
70 0.60397 0.048 0.55597
29 0.752 0.096 0.656
29 0.656 0.16 0.496
12 0.752 0.16 0.592
17 0.558718 0.16 0.398718
66 0.752 0.16 0.592
70 0.55597 0.16 0.39597
10 0.8 0.048 0.752
25 0.8 0.048 0.752
35 0.8 0.048 0.752
65 0.8 0.048 0.752
48 0.8 0.048 0.752
28 0.8 0.048 0.752
56 0.8 0.048 0.752
1 0.8 0.048 0.752
25 0.8 0.048 0.752
31 0.8 0.048 0.752
35 0.8 0.048 0.752
54 0.8 0.048 0.752
34 0.8 0.048 0.752
33 0.8 0.048 0.752
45 0.8 0.048 0.752
36 0.8 0.048 0.752
5 0.8 0.048 0.752
7 0.8 0.048 0.752
26 0.8 0.048 0.752
32 0.8 0.048 0.752
69 0.8 0.048 0.752
1 0.8 0.048 0.752
25 0.8 0.048 0.752
31 0.8 0.048 0.752
35 0.8 0.048 0.752
54 0.8 0.048 0.752
31 0.8 0.048 0.752
50 0.8 0.048 0.752
54 0.8 0.048 0.752
8 0.8 0.048 0.752
27 0.8 0.048 0.752
40 0.8 0.048 0.752
47 0.8 0.048 0.752
50 0.752 0.048 0.704
50 0.704 0.048 0.656
50 0.656 0.16 0.496
50 0.496 0.016 0.48
7 0.8 0.048 0.752
15 0.8 0.048 0.752
32 0.8 0.048 0.752
50 0.5516 0.048 0.5036
35 0.8 0.048 0.752
1 0.8 0.048 0.752
25 0.8 0.048 0.752
31 0.8 0.048 0.752
54 0.8 0.048 0.752
5 0.8 0.048 0.752
7 0.8 0.048 0.752
15 0.8 0.048 0.752
32 0.8 0.048 0.752
36 0.8 0.048 0.752
50 0.57865 0.048 0.53065
69 0.8 0.048 0.752
48 0.8 0.048 0.752
28 0.8 0.048 0.752
56 0.8 0.048 0.752
5 0.8 0.048 0.752
7 0.8 0.048 0.752
15 0.8 0.048 0.752
26 0.8 0.048 0.752
32 0.8 0.048 0.752
36 0.8 0.048 0.752
69 0.8 0.048 0.752
34 0.8 0.048 0.752
33 0.8 0.048 0.752
45 0.8 0.048 0.752
36 0.8 0.048 0.752
5 0.8 0.048 0.752
7 0.8 0.048 0.752
15 0.8 0.048 0.752
32 0.8 0.048 0.752
69 0.8 0.048 0.752
36 0.752 0.048 0.704
36 0.704 0.16 0.544
36 0.544 0.016 0.528
5 0.752 0.048 0.704
13 0.8 0.048 0.752
26 0.8 0.048 0.752
36 0.528 0.048 0.48
49 0.8 0.048 0.752
69 0.752 0.048 0.704
13 0.8 0.048 0.752
22 0.8 0.048 0.752
24 0.8 0.048 0.752
26 0.8 0.048 0.752
49 0.8 0.048 0.752
8 0.8 0.048 0.752
27 0.8 0.048 0.752
40 0.8 0.048 0.752
47 0.8 0.048 0.752
56 0.8 0.048 0.752
13 0.8 0.048 0.752
22 0.8 0.048 0.752
24 0.8 0.048 0.752
49 0.8 0.048 0.752
35 0.8 0.048 0.752
1 0.8 0.048 0.752
25 0.8 0.048 0.752
31 0.8 0.048 0.752
54 0.8 0.048 0.752
22 0.8 0.048 0.752
24 0.8 0.048 0.752
28 0.8 0.048 0.752
48 0.8 0.048 0.752
56 0.8 0.048 0.752
48 0.8 0.048 0.752
28 0.752 0.048 0.704
56 0.8 0.048 0.752
48 0.752 0.048 0.704
48 0.704 0.16 0.544
48 0.544 0.016 0.528
8 0.8 0.048 0.752
28 0.775318 0.048 0.727318
40 0.8 0.048 0.752
48 0.528 0.048 0.48
56 0.752 0.048 0.704
34 0.8 0.048 0.752
33 0.8 0.048 0.752
45 0.8 0.048 0.752
8 0.8 0.048 0.752
27 0.8 0.048 0.752
40 0.8 0.048 0.752
47 0.8 0.048 0.752
48 0.550592 0.048 0.502592
56 0.777836 0.048 0.729836
8 0.8 0.048 0.752
27 0.8 0.048 0.752
40 0.8 0.048 0.752
47 0.8 0.048 0.752
57 0.8 0.048 0.752
8 0.8 0.048 0.752
27 0.752 0.048 0.704
40 0.8 0.048 0.752
47 0.752 0.048 0.704
8 0.752 0.048 0.704
8 0.704 0.16 0.544
8 0.544 0.016 0.528
