0 1387
0 1388
0 1389
0 1390
0 1391
29 1393
0 1394
0 1396
30 1397
0 1398
10 1399
20 1399
0 1400
0 1402
0 1403
0 1405
8 1407
0 1408
0 1410
19 1411
0 1414
0 1417
0 1418
0 1419
0 1421
0 1422
0 1423
0 1424
17 1411
5 1413
0 1425
0 1434
26 1395
0 1435
23 1437
7 1429
0 1438
0 1439
0 1440
0 1441
0 1442
12 1444
0 1446
0 1448
0 1449
16 1393
0 1450
6 1427
0 1452
0 1454
17 1456
29 1432
0 1471
30 1465
0 1472
0 1473
0 1475
0 1476
0 1477
0 1478
14 1451
0 1479
28 1407
10 1453
0 1480
0 1481
0 1482
0 1483
4 1404
0 1484
0 1487
8 1460
22 1420
0 1489
0 1490
2 1406
18 1436
15 1437
0 1491
27 1447
0 1493
0 1494
0 1496
5 1395
0 1497
19 1445
0 1498
23 1470
0 1499
3 1413
26 1456
11 1409
0 1504
0 1505
0 1506
0 1507
13 1443
0 1508
0 1509
16 1432
0 1510
0 1512
0 1513
0 1514
29 1492
9 1455
0 1516
18 1517
0 1518
6 1488
0 1530
24 1397
0 1531
1 1457
0 1532
0 1533
12 1393
0 1534
0 1535
0 1536
14 1515
0 1537
20 1401
0 1538
10 1460
21 1392
0 1539
0 1540
0 1541
0 1542
0 1543
4 1511
0 1546
22 1470
0 1547
15 1517
0 1548
0 1549
0 1550
0 1551
0 1552
0 1553
17 1495
0 1554
0 1559
0 1560
0 1561
0 1562
0 1563
0 1564
0 1565
0 1566
0 1567
0 1568
