85 940 1.05306
40 941 1.06688
4 942 1.11526
61 943 1.13891
29 944 1.14967
68 945 1.18876
94 946 1.2611
16 947 1.27783
99 948 1.29027
25 949 1.31499
22 950 1.36346
76 951 1.39768
83 952 1.43528
72 953 1.4582
31 954 1.49455
3 955 1.49814
8 956 1.55795
15 957 1.57153
30 958 1.68184
53 959 1.71376
42 960 1.71882
57 961 1.72345
12 962 1.77097
36 963 1.81257
35 964 1.86634
98 965 1.90424
48 966 2.12527
20 967 2.23096
69 968 2.24605
71 969 2.27738
1 970 2.32039
6 971 2.32851
90 972 2.33762
60 973 2.34614
7 974 2.38628
27 975 2.41222
43 976 2.46551
45 977 2.48301
26 978 2.59193
59 979 2.5946
56 980 2.60866
67 981 2.62963
24 982 2.6391
32 983 2.73186
77 984 2.74092
73 985 2.75507
46 986 2.77337
47 987 2.81155
80 988 2.8694
88 989 3.13743
55 990 3.16007
58 991 3.3671
54 992 3.36865
28 993 3.45476
38 994 3.51374
39 995 3.54303
70 996 3.56844
86 997 3.6863
75 998 3.71743
3 999 3.92966
84 1000 3.94788
14 1001 4.00769
50 1002 4.07647
81 1003 4.16165
23 1004 4.21455
18 1005 4.21621
98 1006 4.28391
9 1007 4.54794
63 1008 4.62997
21 1009 4.64351
17 1010 4.76011
83 1011 4.85267
66 1012 4.8545
12 1013 5.10815
99 1014 5.42021
69 1015 5.50492
4 1016 5.81825
40 1017 5.86931
88 1018 5.91037
36 1019 5.95642
28 1020 6.00744
76 1021 6.18823
49 1022 6.22103
68 1023 6.30307
70 1024 6.34185
35 1025 6.35275
39 1026 6.48935
27 1027 6.54914
50 1028 6.92363
55 1029 6.95556
12 1030 7.37582
83 1031 7.48914
80 1032 7.59232
81 1033 8.07914
56 1034 8.23277
14 1035 8.27766
88 1036 8.66764
21 1037 8.82838
40 1038 8.96259
55 1039 9.04789
12 1040 9.46694
70 1041 9.50296
66 1042 9.74088
38 1043 9.98007
