76 851 1.11111
45 852 1.18024
28 853 1.22094
12 854 1.30032
21 855 1.35758
55 856 1.43939
33 857 1.538
73 858 1.61896
61 859 1.62023
23 860 1.67376
37 861 1.7703
69 862 1.79173
53 863 1.82948
87 864 1.86841
34 865 1.89943
88 866 2.00523
86 867 2.04736
24 868 2.05051
44 869 2.0948
72 870 2.21546
79 871 2.25247
20 872 2.30566
31 873 2.33745
71 874 2.33914
15 875 2.40633
60 876 2.4375
85 877 2.44737
32 878 2.45076
80 879 2.47096
64 880 2.54691
62 881 2.58559
17 882 2.65563
19 883 2.73004
5 884 2.73196
41 885 2.8242
8 886 2.93179
18 887 3.14474
54 888 3.36579
7 889 3.39337
26 890 3.45485
25 891 3.45926
65 892 3.47927
12 893 3.4802
70 894 3.52923
2 895 3.54001
83 896 3.69138
9 897 3.79327
36 898 3.87198
1 899 3.94233
50 900 4.02292
43 901 4.02609
59 902 4.03792
88 903 4.06416
51 904 4.07355
13 905 4.10806
10 906 4.252
82 907 4.50531
47 908 4.54642
33 909 4.58604
3 910 4.65899
48 911 4.70133
53 912 4.83176
11 913 4.84608
46 914 4.93652
38 915 4.99959
15 916 5.10417
73 917 5.14885
24 918 5.39512
37 919 5.61147
69 920 6.32946
64 921 6.41831
44 922 6.54134
28 923 6.60748
88 924 6.72357
41 925 6.72382
18 926 6.91347
70 927 6.91359
33 928 7.2276
51 929 7.25498
38 930 7.63523
54 931 7.78494
26 932 7.9991
46 933 8.64552
9 934 8.6568
13 935 8.9304
15 936 9.06428
64 937 9.09184
48 938 9.52223
33 939 9.88366
