0 381
39 381
46 381
93 381
18 382
32 382
51 382
55 382
58 382
89 382
8 382
18 382
58 382
79 382
89 382
18 382
28 382
79 382
24 385
40 385
78 385
98 385
4 385
17 385
78 385
90 385
98 385
78 385
98 385
14 386
46 386
81 386
93 386
20 387
27 387
29 387
35 387
65 387
67 387
84 387
87 387
94 387
20 387
21 387
29 387
65 387
67 387
83 387
43 389
53 389
50 389
53 389
50 389
96 389
57 392
66 392
77 392
59 392
66 392
19 393
56 393
5 393
56 393
9 394
69 394
76 394
85 394
76 394
30 394
36 394
76 394
92 394
36 394
71 394
75 394
92 394
18 383
32 383
79 383
89 383
29 406
31 406
65 406
67 406
4 403
48 403
18 409
32 409
47 409
58 409
16 417
27 417
35 417
67 417
84 417
94 417
4 413
48 413
4 433
17 433
25 433
0 423
50 423
