31 316 1.00196
69 317 1.15529
28 318 1.16096
33 319 1.19765
88 320 1.23566
76 321 1.26399
4 322 1.29753
52 323 1.35203
60 324 1.35436
82 325 1.42643
45 326 1.57126
20 327 1.64392
86 328 1.67516
61 329 1.7706
42 330 1.81325
72 331 1.88279
17 332 1.90987
34 333 2.05941
21 334 2.15627
59 335 2.2326
40 336 2.3377
73 337 2.34135
22 338 2.36788
83 339 2.78936
85 340 2.81316
47 341 2.87479
29 342 3.22421
74 343 3.28747
36 344 3.30656
87 345 3.55396
28 346 3.56996
38 347 3.58587
7 348 3.60883
31 349 3.66882
67 350 3.97633
41 351 4.26803
4 352 4.48488
82 353 4.49385
9 354 4.50098
84 355 4.67805
80 356 4.70365
6 357 4.83106
75 358 4.8577
16 359 4.94676
34 360 5.11395
21 361 5.17907
33 362 5.87483
87 363 6.0104
40 364 6.11046
70 365 6.12549
74 366 6.84249
83 367 6.9443
82 368 7.1893
4 369 7.82133
30 370 8.0281
6 371 8.04434
67 372 8.06487
84 373 8.44154
78 374 8.944
80 375 9.1333
28 376 9.2378
58 377 9.56313
63 378 9.66787
70 379 9.90676
36 380 9.92351
