18 2242 0 100 1.16701e-08 1.07905 1.07905
43 2280 0 100 1.16701e-08 2.48419 2.48419
21 2269 0 100 1.5 1.96949 3.46949
38 2275 0 100 1.5 2.3233 3.8233
26 2254 0 100 2.5 1.45677 3.95677
68 2302 0 100 1 3.19522 4.19522
13 2288 0 100 1.5 2.70272 4.20272
24 2250 0 100 3 1.35672 4.35672
23 2261 0 100 3 1.72175 4.72175
42 2295 0 100 2.5 2.87988 5.37988
40 2267 0 100 3.5 1.95063 5.45063
45 2243 0 100 4.5 1.1411 5.6411
8 2289 0 100 3 2.75445 5.75445
56 2274 0 100 3.5 2.30094 5.80094
65 2294 0 100 3 2.86779 5.86779
18 2320 0 100 2.5 3.90409 6.40409
5 2310 0 100 3 3.65274 6.65274
69 2337 0 100 2 4.70587 6.70587
2 2326 0 100 2.5 4.24513 6.74513
60 2348 0 100 1.5 5.29908 6.79908
44 2262 0 100 5.5 1.73707 7.23707
35 2253 0 100 6 1.40357 7.40357
52 2307 0 100 4 3.46699 7.46699
35 2334 0 100 3 4.65349 7.65349
43 2345 0 100 2.5 5.15378 7.65378
32 2325 0 100 3.5 4.20037 7.70037
50 2286 0 100 5.5 2.64854 8.14854
6 2301 0 100 5 3.1683 8.1683
11 2283 0 100 6 2.57917 8.57917
59 2260 0 100 7 1.70969 8.70969
62 2308 0 100 5.5 3.55978 9.05978
1 2312 0 100 5.5 3.67851 9.17851
68 2387 0 100 1 8.34962 9.34962
55 2382 0 100 1.5 7.98432 9.48432
4 2271 0 100 7.5 2.12451 9.62451
31 2305 0 100 6.5 3.38404 9.88404
61 2342 0 100 5 4.93369 9.93369
47 2256 0 100 8.5 1.47936 9.97936
23 2406 0 100 0.5 9.53144 10.0314
10 2317 0 100 6.5 3.76142 10.2614
39 2296 0 100 8 2.94032 10.9403
63 2266 0 100 9.5 1.87966 11.3797
15 2298 0 100 8.5 2.98861 11.4886
18 2409 0 100 2 9.59381 11.5938
5 2412 0 100 2 9.78373 11.7837
46 2402 0 100 2.5 9.33403 11.834
22 2338 0 100 7.5 4.7198 12.2198
48 2249 0 100 11 1.35414 12.3541
44 2408 0 100 3 9.57888 12.5789
41 2291 0 100 10 2.79269 12.7927
58 2333 0 100 8.5 4.61164 13.1116
57 2335 0 100 8.5 4.65941 13.1594
58 2246 0 100 12 1.16902 13.169
19 2314 0 100 9.5 3.71793 13.2179
30 2340 0 100 9 4.85674 13.8567
67 2252 0 100 12.5 1.4004 13.9004
12 2365 0 100 7.5 6.63329 14.1333
12 2329 0 100 10 4.40095 14.401
13 2399 0 100 5.5 9.11618 14.6162
24 2368 0 100 8 6.7827 14.7827
