39 545 1.01181
4 546 1.23196
30 547 1.27713
36 548 1.30704
5 549 1.38317
18 550 1.51296
8 551 1.60916
6 552 1.67681
25 553 1.93263
35 554 1.95016
7 555 2.00563
15 556 2.36878
2 557 2.39368
38 558 2.55018
26 559 2.7288
9 560 2.84303
24 561 2.87111
10 562 3.03474
29 563 3.11879
34 564 3.49138
37 565 3.55687
1 566 3.57289
22 567 3.81409
19 568 3.98916
17 569 4.0761
27 570 4.16323
8 571 4.16347
40 572 4.40174
3 573 4.48648
18 574 5.031
36 575 5.04064
10 576 5.86911
19 577 6.01295
27 578 6.52886
6 579 6.58284
22 580 6.58771
15 581 6.76417
36 582 7.10281
17 583 7.23525
37 584 7.37672
8 585 8.03797
30 586 8.30568
3 587 8.37681
38 588 8.44104
19 589 8.66483
22 590 9.4321
25 591 9.7435
