12 83 2.07147
7 84 2.08186
10 85 2.19614
34 86 2.38869
28 87 2.46277
31 88 2.57285
4 89 2.75513
24 90 2.87659
18 91 2.9798
11 92 3.09908
35 93 3.10995
5 94 3.35804
15 95 3.36708
19 96 3.4345
14 97 3.43745
30 98 3.60592
33 99 3.72191
2 100 3.93611
25 101 4.04306
38 102 4.15838
26 103 4.51731
17 104 4.51833
40 105 4.92006
3 106 4.93506
24 107 5.32407
28 108 6.2019
14 109 6.31103
30 110 6.50642
31 111 6.57372
36 112 6.70831
34 113 6.93966
18 114 7.09889
4 115 7.13112
35 116 7.3959
24 117 7.93762
2 118 7.99807
10 119 8.06581
37 120 8.09132
25 121 8.09776
17 122 8.24175
26 123 8.54744
12 124 9.0641
36 125 9.12203
