59 2711 2.00777
40 2712 2.04955
72 2713 2.05683
42 2715 2.17596
38 2717 2.17756
7 2718 2.21401
11 2719 2.23136
3 2720 2.27118
35 2722 2.31526
77 2723 2.35761
49 2724 2.35881
14 2727 2.511
4 2728 2.52525
28 2729 2.54605
52 2731 2.6343
79 2732 2.63941
29 2733 2.67519
5 2735 2.69343
58 2736 2.70665
37 2738 2.78045
43 2740 2.88631
55 2741 2.94722
18 2742 2.97
47 2744 2.9943
48 2745 3.04997
78 2747 3.14605
8 2748 3.15701
57 2750 3.21105
50 2752 3.28629
51 2754 3.38367
56 2755 3.39984
23 2756 3.4488
34 2758 3.49075
13 2759 3.54146
66 2761 3.57723
15 2762 3.60115
74 2763 3.62513
16 2765 3.69224
41 2766 3.69437
26 2767 3.70365
19 2768 3.72603
73 2769 3.72923
53 2771 3.84604
60 2772 3.85278
25 2773 3.86375
54 2775 3.91991
22 2776 3.94307
30 2778 4.07446
39 2780 4.09813
2 2781 4.13291
70 2782 4.13627
9 2783 4.13669
75 2785 4.27629
63 2787 4.33346
17 2789 4.45974
36 2790 4.47015
10 2793 4.60909
76 2794 4.60963
12 2796 4.7705
64 2798 4.85081
68 2800 4.89818
62 2801 4.91481
6 2802 4.94512
55 2809 5.56213
72 2811 5.59004
42 2815 5.91167
14 2816 5.94332
7 2818 6.04447
4 2819 6.05389
28 2825 6.51377
29 2827 6.64225
39 2829 6.7296
73 2831 6.8438
19 2833 6.92725
53 2835 7.02519
64 2839 7.27789
23 2840 7.32712
13 2841 7.3579
46 2843 7.46907
43 2844 7.47204
50 2846 7.53527
6 2847 7.5581
54 2848 7.56081
48 2850 7.63638
10 2852 7.73027
12 2854 7.87045
71 2857 8.00902
60 2858 8.03075
41 2860 8.17281
18 2863 8.27715
75 2864 8.28328
47 2865 8.37164
63 2867 8.39552
76 2868 8.41598
66 2869 8.41709
15 2870 8.43961
79 2872 8.55511
26 2874 8.63516
2 2876 8.74347
22 2878 8.81552
32 2880 8.88848
9 2881 8.94188
30 2882 8.97474
58 2885 9.1351
35 2890 9.49685
19 2891 9.50006
54 2893 9.67003
11 2896 9.86475
39 2897 9.86517
25 2899 9.88031
