22 356
29 356
38 356
53 356
90 356
22 356
27 356
53 356
27 356
54 356
59 356
90 356
29 356
47 356
54 356
59 356
85 356
29 356
43 356
47 356
53 356
85 356
43 356
54 356
59 356
88 356
21 357
60 357
73 357
82 357
21 357
51 357
73 357
82 357
14 357
51 357
78 357
82 357
11 358
33 358
61 358
64 358
2 358
61 358
64 358
11 358
61 358
64 358
50 358
58 358
27 359
38 359
90 359
27 359
54 359
59 359
90 359
31 361
83 361
71 361
26 362
35 362
40 362
42 362
65 362
67 362
84 362
86 362
12 362
24 362
35 362
42 362
67 362
84 362
86 362
24 362
26 362
40 362
42 362
65 362
67 362
84 362
86 362
24 362
35 362
42 362
65 362
67 362
84 362
86 362
24 362
26 362
35 362
40 362
65 362
67 362
84 362
86 362
24 362
35 362
40 362
42 362
84 362
86 362
10 362
13 362
66 362
0 362
16 362
36 362
20 364
34 364
57 364
87 364
20 364
34 364
57 364
87 364
5 364
8 364
57 364
87 364
66 366
19 367
37 367
41 367
52 367
3 367
19 367
52 367
32 369
44 369
62 369
68 369
18 369
49 369
68 369
12 371
24 371
26 371
35 371
40 371
42 371
84 371
58 386
0 390
25 390
83 390
21 395
78 395
27 414
90 414
