29 132
17 132
16 133
4 133
45 133
21 133
27 135
33 135
2 135
13 136
7 136
48 136
28 138
18 138
24 138
44 138
2 139
33 139
32 140
34 132
16 132
45 132
35 138
20 141
26 138
48 142
30 143
15 143
36 143
11 143
50 143
31 144
17 146
29 146
46 147
19 147
41 137
47 148
12 140
34 146
9 135
27 139
3 152
44 153
28 153
10 149
34 156
9 157
2 157
33 157
1 136
13 142
33 159
2 159
5 151
12 160
39 141
36 162
50 158
38 134
25 147
40 154
20 163
49 132
17 164
49 164
29 156
13 165
48 165
16 146
45 150
21 132
6 133
28 170
22 144
31 166
22 166
43 152
3 168
43 168
16 171
34 171
45 171
21 171
42 161
48 172
47 167
37 148
14 155
8 145
23 143
2 173
49 174
36 158
30 162
25 177
35 153
44 170
35 170
45 178
16 178
26 153
44 179
28 179
26 179
41 169
36 180
12 176
32 160
50 181
9 159
28 183
33 173
27 157
16 184
10 175
1 165
47 187
13 172
5 186
20 185
39 163
38 177
46 177
40 182
17 174
29 171
34 178
29 178
45 184
21 178
6 171
37 187
14 188
23 181
30 180
44 183
35 179
26 183
1 172
