0 1277
0 1278
0 1279
0 1291
0 1292
0 1293
0 1294
0 1296
0 1297
0 1298
0 1302
0 1304
0 1305
0 1306
0 1308
4 1309
0 1310
0 1313
1 1303
0 1314
0 1316
0 1327
6 1307
0 1328
0 1329
3 1315
0 1340
0 1341
0 1342
0 1356
5 1322
0 1357
8 1319
9 1300
0 1358
0 1359
0 1361
10 1311
0 1362
0 1363
0 1365
2 1320
0 1366
0 1368
4 1348
0 1370
0 1371
0 1373
0 1375
1 1345
7 1317
0 1376
0 1377
0 1383
0 1384
6 1367
0 1385
0 1396
3 1372
0 1397
0 1398
0 1410
0 1411
0 1412
0 1413
0 1415
0 1416
0 1417
0 1420
0 1421
0 1422
0 1423
0 1424
0 1425
0 1427
0 1428
0 1429
