66 2501 0 100 1.16701e-08 2.02146 2.02146
7 2520 0 100 0.2 2.62442 2.82442
37 2502 0 100 0.8 2.02521 2.82521
44 2505 0 100 1.1 2.1731 3.2731
23 2536 0 100 0.3 3.10843 3.40843
40 2519 0 100 0.8 2.61788 3.41788
12 2525 0 100 0.7 2.72985 3.42985
58 2523 0 100 0.8 2.70803 3.50803
36 2515 0 100 1.2 2.51359 3.71359
24 2504 0 100 1.7 2.11081 3.81081
56 2548 0 100 0.7 3.43574 4.13574
49 2530 0 100 1.2 2.93717 4.13717
61 2508 0 100 1.9 2.32677 4.22677
65 2533 0 100 1.2 3.03934 4.23934
68 2547 0 100 1.1 3.4095 4.5095
41 2572 0 100 0.3 4.28448 4.58448
53 2522 0 100 1.9 2.70774 4.60774
28 2557 0 100 1.1 3.67176 4.77176
25 2537 0 100 1.7 3.12173 4.82173
32 2563 0 100 1 3.86312 4.86312
42 2509 0 100 2.5 2.39881 4.89881
9 2553 0 100 1.5 3.53598 5.03598
5 2528 0 100 2.2 2.89123 5.09123
11 2571 0 100 1.1 4.27365 5.37365
60 2576 0 100 1 4.42316 5.42316
33 2516 0 100 2.9 2.54882 5.44882
4 2513 0 100 3.2 2.49453 5.69453
10 2531 0 100 2.8 2.94445 5.74445
51 2552 0 100 2.3 3.51229 5.81229
70 2527 0 100 3.2 2.88923 6.08923
64 2538 0 100 3 3.13741 6.13741
15 2542 0 100 2.9 3.33302 6.23302
54 2543 0 100 2.9 3.3502 6.2502
19 2545 0 100 2.9 3.37562 6.27562
30 2554 0 100 2.7 3.59423 6.29423
29 2564 0 100 2.4 3.90051 6.30051
19 2604 0 100 0.4 6.04248 6.44248
47 2524 0 100 4 2.72432 6.72432
57 2517 0 100 4.2 2.57455 6.77455
8 2535 0 100 3.8 3.10531 6.90531
3 2512 0 100 4.5 2.41996 6.91996
39 2556 0 100 3.3 3.64368 6.94368
6 2539 0 100 3.8 3.1901 6.9901
50 2560 0 100 3.2 3.83725 7.03725
16 2511 0 100 4.7 2.41626 7.11626
22 2583 0 100 2.4 4.7419 7.1419
3 2619 0 100 1.16701e-08 7.15659 7.15659
50 2599 0 100 1.3 5.86653 7.16653
16 2601 0 100 1.2 5.97466 7.17466
67 2577 0 100 2.8 4.44022 7.24022
55 2578 0 100 2.8 4.4676 7.2676
22 2632 0 100 1.16701e-08 7.50907 7.50907
35 2549 0 100 4.4 3.43666 7.83666
52 2562 0 100 4.1 3.86143 7.96143
26 2550 0 100 4.6 3.43896 8.03896
20 2561 0 100 4.2 3.86003 8.06003
48 2581 0 100 3.4 4.671 8.071
37 2602 0 100 2.1 5.98366 8.08366
69 2585 0 100 3.4 4.80518 8.20518
38 2544 0 100 4.9 3.35808 8.25808
20 2628 0 100 0.9 7.41579 8.31579
69 2641 0 100 0.5 7.86223 8.36223
1 2566 0 100 4.6 3.99384 8.59384
46 2569 0 100 4.5 4.14383 8.64383
40 2647 0 100 0.5 8.15188 8.65188
14 2624 0 100 1.4 7.33003 8.73003
18 2574 0 100 4.4 4.35921 8.75921
14 2587 0 100 3.9 4.86908 8.76908
46 2651 0 100 0.4 8.40079 8.80079
12 2597 0 100 3.1 5.72396 8.82396
36 2645 0 100 0.8 8.09162 8.89162
36 2605 0 100 2.9 6.04842 8.94842
18 2659 0 100 0.3 8.74226 9.04226
34 2586 0 100 4.4 4.82949 9.22949
56 2654 0 100 0.9 8.48634 9.38634
49 2656 0 100 0.8 8.59317 9.39317
65 2626 0 100 2.1 7.38543 9.48543
65 2675 0 100 1.16701e-08 9.54234 9.54234
68 2639 0 100 1.9 7.77905 9.67905
41 2633 0 100 2.3 7.54706 9.84706
53 2636 0 100 2.2 7.66588 9.86588
32 2617 0 100 3 7.0114 10.0114
25 2629 0 100 2.7 7.41626 10.1163
42 2666 0 100 1.1 9.05615 10.1561
9 2676 0 100 0.7 9.59986 10.2999
11 2635 0 100 3 7.62791 10.6279
33 2613 0 100 3.9 6.73956 10.6396
2 2637 0 100 3 7.69684 10.6968
33 2686 0 100 0.8 9.94804 10.748
4 2653 0 100 2.5 8.44175 10.9418
13 2661 0 100 2.1 8.86687 10.9669
51 2650 0 100 2.8 8.39433 11.1943
62 2665 0 100 2.3 9.02212 11.3221
64 2620 0 100 4.2 7.19413 11.3941
64 2682 0 100 1.7 9.72377 11.4238
15 2622 0 100 4.3 7.21459 11.5146
30 2663 0 100 2.6 9.00224 11.6022
29 2669 0 100 2.4 9.22495 11.625
8 2625 0 100 4.7 7.34 12.04
39 2630 0 100 4.7 7.49442 12.1944
63 2678 0 100 2.6 9.60308 12.2031
67 2643 0 100 4.3 7.9409 12.2409
59 2670 0 100 3 9.25157 12.2516
55 2671 0 100 3 9.2747 12.2747
50 2680 0 100 2.7 9.64125 12.3412
3 2684 0 100 2.6 9.85946 12.4595
14 2679 0 100 4.5 9.63411 14.1341
