9 1471 0 100 1.16701e-08 3.12853 3.12853
4 1454 0 100 1.6 2.05772 3.65772
11 1467 0 100 1.3 2.90149 4.20149
14 1461 0 100 1.7 2.55325 4.25325
17 1490 0 100 1.16701e-08 4.32664 4.32664
16 1473 0 100 1.4 3.14873 4.54873
15 1463 0 100 2.6 2.68644 5.28644
18 1474 0 100 2.2 3.19733 5.39733
5 1466 0 100 2.6 2.84697 5.44697
19 1486 0 100 1.4 4.06653 5.46653
8 1459 0 100 3.7 2.52076 6.22076
8 1505 0 100 0.9 5.3992 6.2992
3 1470 0 100 3.6 3.04556 6.64556
2 1480 0 100 3.4 3.62334 7.02334
12 1498 0 100 2.4 4.93478 7.33478
13 1478 0 100 4.4 3.43858 7.83858
9 1516 0 100 2.1 6.37753 8.47753
10 1487 0 100 4.6 4.0889 8.6889
1 1500 0 100 3.8 4.94904 8.74904
4 1539 0 100 0.8 8.21414 9.01414
7 1495 0 100 4.6 4.65186 9.25186
11 1529 0 100 2 7.44975 9.44975
14 1550 0 100 0.4 9.15891 9.55891
17 1538 0 100 1.4 8.16614 9.56614
16 1525 0 100 2.6 7.22177 9.82177
15 1553 0 100 1.2 9.28414 10.4841
19 1535 0 100 2.7 7.94055 10.6405
6 1554 0 100 2.2 9.30491 11.5049
8 1561 0 100 1.8 9.82115 11.6212
3 1551 0 100 2.7 9.20031 11.9003
2 1560 0 100 2.5 9.79584 12.2958
