0 1807
0 1808
0 1809
0 1810
0 1811
0 1812
0 1813
0 1814
0 1815
0 1816
0 1817
0 1818
0 1819
0 1820
0 1821
0 1822
0 1824
0 1825
22 1827
0 1828
16 1832
0 1833
39 1834
0 1835
5 1830
9 1838
0 1839
0 1841
0 1842
19 1836
13 1851
0 1854
37 1840
10 1852
0 1857
1 1844
0 1858
0 1860
28 1850
0 1861
0 1862
8 1859
40 1832
0 1865
0 1869
0 1872
33 1866
32 1831
0 1874
0 1875
31 1863
0 1881
14 1871
0 1883
7 1870
23 1855
2 1856
0 1884
18 1834
0 1885
20 1877
15 1847
18 1887
17 1880
0 1888
21 1867
0 1889
0 1891
11 1864
0 1892
38 1837
0 1894
0 1895
34 1829
0 1896
26 1838
0 1897
0 1898
0 1899
25 1845
29 1879
0 1900
3 1836
0 1902
16 1903
0 1904
19 1901
0 1906
35 1873
0 1907
0 1908
30 1846
0 1909
6 1886
39 1910
18 1910
0 1911
4 1827
0 1913
0 1915
22 1893
12 1851
0 1916
0 1919
0 1920
0 1921
36 1868
0 1922
1 1923
0 1924
0 1926
27 1890
0 1927
5 1863
0 1928
0 1929
29 1930
0 1932
17 1933
13 1935
12 1935
20 1939
19 1940
0 1943
37 1912
0 1945
10 1923
0 1946
0 1948
0 1950
28 1914
24 1882
0 1951
8 1903
0 1953
40 1878
0 1954
16 1878
0 1956
33 1905
0 1957
32 1937
0 1958
0 1959
0 1960
14 1944
0 1963
7 1952
21 1964
31 1949
0 1966
2 1917
23 1910
0 1969
18 1939
20 1964
39 1933
15 1962
0 1970
0 1971
0 1972
11 1947
0 1973
0 1974
38 1931
0 1975
34 1968
0 1976
0 1977
26 1934
0 1978
9 1918
0 1979
25 1930
0 1980
3 1940
0 1981
0 1982
0 1983
35 1965
0 1984
0 1985
0 1986
6 1955
30 1961
0 1987
0 1988
0 1989
4 1967
22 1935
0 1990
0 1991
0 1992
0 1994
0 1995
0 1996
0 1997
0 1998
0 1999
5 1949
0 2000
0 2001
0 2002
0 2007
0 2008
0 2009
0 2010
0 2011
0 2012
0 2013
0 2014
0 2015
0 2016
0 2017
0 2019
0 2020
0 2021
