70 197 1.00901
7 198 1.04466
56 199 1.05699
15 200 1.06576
39 201 1.1772
4 202 1.2005
31 203 1.22677
42 204 1.33662
64 205 1.3849
6 206 1.57604
36 207 1.88101
57 208 2.10055
48 209 2.38428
49 210 2.42522
34 211 2.5353
14 212 2.57542
41 213 2.75908
62 214 2.94836
43 215 3.07565
5 216 3.10138
23 217 3.16894
54 218 3.44047
7 219 3.46405
47 220 3.48272
28 221 3.79985
30 222 3.87624
69 223 4.07756
65 224 4.11569
60 225 4.11737
61 226 4.28039
59 227 4.48312
49 228 4.5456
51 229 4.74534
42 230 4.75001
15 231 4.86387
2 232 4.91832
44 233 4.9656
69 234 6.30541
7 235 6.38823
30 236 6.70719
14 237 6.89846
60 238 7.27373
59 239 7.42634
47 240 7.53521
63 241 7.83841
15 242 7.93522
65 243 7.95499
2 244 8.1092
49 245 8.59857
61 246 8.90006
4 247 8.96213
7 248 9.10155
1 249 9.38035
16 250 9.59165
14 251 9.59666
5 252 9.7211
