83 2699 1.07959
76 2700 1.10021
80 2702 1.12052
66 2703 1.13438
26 2704 1.13924
4 2705 1.1714
90 2706 1.1934
8 2708 1.31057
37 2710 1.35743
87 2712 1.42194
23 2713 1.48108
82 2714 1.51431
64 2716 1.61581
35 2718 1.62567
57 2719 1.6598
81 2720 1.68409
13 2722 1.7467
18 2723 1.79461
61 2724 1.81151
3 2726 1.9171
43 2729 2.03065
74 2730 2.03085
73 2731 2.07715
38 2732 2.10013
1 2733 2.1004
12 2734 2.10508
69 2736 2.17473
10 2737 2.1949
28 2739 2.26782
65 2740 2.26924
42 2741 2.31233
44 2743 2.35548
36 2745 2.44902
75 2746 2.46917
16 2748 2.52818
25 2749 2.54988
72 2750 2.57263
48 2751 2.58669
20 2753 2.62472
7 2754 2.67809
30 2756 2.72964
52 2757 2.74699
19 2760 2.96165
54 2762 3.07035
17 2764 3.12824
33 2765 3.16031
22 2766 3.19158
41 2768 3.31402
2 2770 3.36066
85 2771 3.36943
63 2773 3.47373
8 2775 3.52756
24 2776 3.57973
34 2777 3.59071
45 2780 3.74007
32 2781 3.79756
86 2783 3.82196
21 2785 3.92997
27 2786 3.99165
29 2788 4.04618
11 2789 4.08602
1 2791 4.15862
60 2792 4.21457
46 2794 4.25173
49 2795 4.2539
58 2796 4.27784
14 2797 4.29087
83 2798 4.29256
77 2800 4.32112
6 2801 4.35474
15 2803 4.4302
26 2805 4.53545
78 2806 4.58583
53 2807 4.59835
4 2809 4.62351
31 2810 4.64602
5 2811 4.70812
68 2813 4.72479
40 2814 4.72923
89 2816 4.86166
64 2820 5.18156
35 2823 5.34304
7 2830 5.99439
42 2833 6.13513
75 2834 6.18888
48 2837 6.37346
33 2839 6.42673
65 2840 6.48025
44 2844 6.81611
36 2847 6.96128
41 2849 7.06058
38 2851 7.14442
52 2853 7.22408
19 2854 7.25529
3 2856 7.39241
61 2858 7.50206
72 2860 7.56515
34 2862 7.65044
17 2864 7.73135
83 2865 7.73401
54 2873 8.44128
4 2875 8.52217
32 2877 8.63392
76 2879 8.76906
21 2884 9.12565
68 2885 9.21432
