48 2454 1.01554
16 2455 1.01556
23 2457 1.1021
68 2458 1.13549
5 2459 1.17269
34 2460 1.18381
12 2462 1.23289
43 2464 1.31725
57 2465 1.31973
76 2466 1.34699
40 2468 1.4113
58 2469 1.46821
10 2471 1.52357
52 2472 1.56847
74 2473 1.58316
66 2475 1.60028
44 2476 1.62439
59 2477 1.68186
36 2480 1.8089
29 2481 1.82564
33 2482 1.83451
47 2483 1.85826
14 2485 1.89326
6 2486 1.94916
60 2489 2.08862
2 2491 2.24537
19 2493 2.33991
28 2494 2.37139
13 2496 2.46278
17 2498 2.49494
25 2499 2.53924
67 2500 2.55936
63 2502 2.62361
21 2503 2.62506
56 2504 2.67677
72 2506 2.70171
75 2507 2.71247
24 2508 2.7248
79 2509 2.76832
55 2511 2.8036
38 2513 2.91027
4 2514 2.91118
32 2515 2.9702
42 2517 3.05686
27 2519 3.16933
69 2521 3.24517
20 2523 3.2988
50 2526 3.51257
45 2527 3.5332
78 2528 3.53447
41 2529 3.56508
80 2531 3.64839
26 2533 3.68692
34 2534 3.77231
57 2536 3.80373
18 2537 3.81795
8 2540 4.02078
77 2542 4.16122
7 2543 4.17305
3 2544 4.18258
49 2546 4.21162
64 2547 4.24635
53 2549 4.30408
54 2550 4.38393
11 2552 4.43804
22 2554 4.55387
51 2555 4.57689
1 2558 4.70705
9 2559 4.724
31 2563 4.99729
59 2564 5.03277
14 2568 5.35807
16 2570 5.39192
48 2571 5.483
19 2573 5.49402
17 2577 5.8528
52 2583 6.32386
45 2589 6.84656
3 2591 6.95438
50 2592 6.98485
57 2594 7.06202
18 2597 7.19012
26 2598 7.19256
77 2600 7.31784
15 2602 7.43387
41 2603 7.44428
44 2607 7.76922
2 2610 7.97043
20 2621 8.92736
35 2622 8.95115
1 2625 9.1148
16 2628 9.29185
8 2631 9.56425
29 2634 9.69501
