1 2733 0 100 1.16701e-08 2.1004 2.1004
35 2718 0 100 0.5 1.62567 2.12567
4 2705 0 100 1 1.1714 2.1714
73 2731 0 100 0.5 2.07715 2.57715
64 2716 0 100 1 1.61581 2.61581
30 2756 0 100 1.16701e-08 2.72964 2.72964
12 2734 0 100 1 2.10508 3.10508
52 2757 0 100 0.5 2.74699 3.24699
72 2750 0 100 1 2.57263 3.57263
48 2751 0 100 1 2.58669 3.58669
75 2746 0 100 1.5 2.46917 3.96917
54 2762 0 100 1 3.07035 4.07035
65 2740 0 100 2 2.26924 4.26924
23 2713 0 100 3 1.48108 4.48108
3 2726 0 100 3 1.9171 4.9171
21 2785 0 100 1 3.92997 4.92997
78 2806 0 100 1.5 4.58583 6.08583
76 2700 0 100 5 1.10021 6.10021
40 2814 0 100 1.5 4.72923 6.22923
7 2830 0 100 0.5 5.99439 6.49439
38 2732 0 100 4.5 2.10013 6.60013
58 2796 0 100 2.5 4.27784 6.77784
61 2724 0 100 5 1.81151 6.81151
28 2739 0 100 5 2.26782 7.26782
41 2768 0 100 4 3.31402 7.31402
83 2699 0 100 7 1.07959 8.07959
80 2702 0 100 7 1.12052 8.12052
90 2706 0 100 7 1.1934 8.1934
83 2865 0 100 0.5 7.73401 8.23401
42 2741 0 100 6 2.31233 8.31233
82 2714 0 100 7 1.51431 8.51431
81 2720 0 100 7 1.68409 8.68409
48 2837 0 100 2.5 6.37346 8.87346
27 2786 0 100 5 3.99165 8.99165
32 2877 0 100 0.5 8.63392 9.13392
13 2722 0 100 7.5 1.7467 9.2467
18 2723 0 100 7.5 1.79461 9.29461
89 2816 0 100 4.5 4.86166 9.36166
54 2873 0 100 1 8.44128 9.44128
65 2840 0 100 3 6.48025 9.48025
26 2704 0 100 8.5 1.13924 9.63924
68 2885 0 100 0.5 9.21432 9.71432
68 2813 0 100 5 4.72479 9.72479
87 2712 0 100 8.5 1.42194 9.92194
21 2884 0 100 1 9.12565 10.1257
33 2765 0 100 7 3.16031 10.1603
10 2737 0 100 8 2.1949 10.1949
46 2794 0 100 6.5 4.25173 10.7517
49 2795 0 100 6.5 4.2539 10.7539
8 2708 0 100 9.5 1.31057 10.8106
36 2847 0 100 4 6.96128 10.9613
8 2775 0 100 7.5 3.52756 11.0276
25 2749 0 100 8.5 2.54988 11.0499
44 2844 0 100 4.5 6.81611 11.3161
38 2851 0 100 4.5 7.14442 11.6444
61 2858 0 100 4.5 7.50206 12.0021
77 2800 0 100 8 4.32112 12.3211
41 2849 0 100 5.5 7.06058 12.5606
17 2764 0 100 10 3.12824 13.1282
64 2820 0 100 8 5.18156 13.1816
17 2864 0 100 5.5 7.73135 13.2314
83 2798 0 100 9 4.29256 13.2926
6 2801 0 100 9.5 4.35474 13.8547
15 2803 0 100 9.5 4.4302 13.9302
72 2860 0 100 6.5 7.56515 14.0651
