32 527 1.3795
11 528 1.45352
35 529 1.51424
40 530 1.71244
5 531 1.82763
18 532 1.97604
16 533 2.03562
15 534 2.09018
39 535 2.1359
31 536 2.68569
9 537 2.80054
7 538 2.84219
6 539 2.89133
8 540 3.16716
14 541 3.27697
23 542 3.33957
22 543 3.52867
4 544 3.59235
24 545 3.66144
34 546 3.81053
37 547 3.92615
12 548 4.0562
28 549 4.09152
35 550 4.09986
32 551 4.11494
5 552 4.43391
26 553 4.68977
27 554 4.93014
7 555 5.1328
15 556 5.30885
23 557 5.40625
16 558 5.67816
39 559 5.69573
35 560 6.12791
31 561 6.55606
6 562 7.18903
34 563 7.3448
7 564 7.53039
18 565 7.60687
4 566 8.13426
12 567 8.24843
5 568 8.83005
22 569 9.41551
17 570 9.9001
