15 774 0 100 0.7 1.56555 1.56555
9 771 0 100 1.2 1.3508 1.8508
53 782 0 100 0.7 1.85817 1.85817
12 795 0 100 0.7 2.61644 2.61644
72 776 0 100 2.7 1.62874 3.62874
29 806 0 100 0.7 3.69698 3.69698
57 807 0 100 0.7 3.69874 3.69874
39 805 0 100 1.7 3.67099 4.67099
27 770 0 100 5.2 1.3196 5.8196
41 835 0 100 0.7 6.24639 6.24639
78 812 0 100 4.2 3.9917 7.4917
37 843 0 100 1.7 7.82576 8.82576
54 799 0 100 6.7 3.03251 9.03251
60 848 0 100 1.7 8.24594 9.24594
51 830 0 100 4.7 5.46939 9.46939
66 851 0 100 0.7 9.63799 9.63799
34 840 0 100 3.7 7.08255 10.0826
16 824 0 100 6.2 4.75603 10.256
68 823 0 100 6.7 4.56948 10.5695
68 845 0 100 3.7 7.85502 10.855
27 847 0 100 3.7 8.1379 11.1379
13 844 0 100 4.2 7.82727 11.3273
13 820 0 100 7.7 4.45562 11.4556
64 832 0 100 6.2 6.12336 11.6234
56 831 0 100 6.7 5.95492 11.9549
26 780 0 100 11.2 1.78228 12.2823
35 792 0 100 10.7 2.36638 12.3664
6 834 0 100 7.7 6.24379 13.2438
6 803 0 100 10.7 3.4868 13.4868
54 828 0 100 9.7 5.16165 14.1617
60 818 0 100 10.7 4.37154 14.3715
5 826 0 100 10.7 4.93482 14.9348
