33 284 2.04908
38 285 2.05481
49 286 2.0703
3 287 2.07327
53 288 2.08518
75 289 2.15154
9 290 2.21297
56 291 2.29312
72 292 2.30556
23 293 2.32134
21 294 2.38547
35 295 2.50196
55 296 2.57976
77 297 2.63621
10 298 2.65055
41 299 2.73776
67 300 3.21315
8 301 3.24258
46 302 3.26659
19 303 3.35567
31 304 3.45491
45 305 3.81295
61 306 3.82342
70 307 4.29475
21 308 4.42357
54 309 4.42694
28 310 4.45135
62 311 4.48732
5 312 4.50294
59 313 4.62989
17 314 4.7438
43 315 4.76893
79 316 4.91799
77 317 4.95043
10 318 5.40398
3 319 5.41688
46 320 5.43148
53 321 5.57345
35 322 5.60952
49 323 6.15229
33 324 6.42483
61 325 6.47941
56 326 6.92013
72 327 7.02839
5 328 7.08805
8 329 7.10405
55 330 7.27817
10 331 7.7234
62 332 7.77024
59 333 7.88638
67 334 7.93198
66 335 8.19996
4 336 8.31404
21 337 8.72095
35 338 9.23044
55 339 9.32262
41 340 9.36735
8 341 9.37165
74 342 9.52838
3 343 9.94523
54 344 9.95928
