58 2954 1.03285
77 2955 1.03848
67 2956 1.08723
78 2958 1.09375
22 2959 1.1228
5 2960 1.1229
75 2961 1.12916
84 2963 1.19582
50 2964 1.20716
70 2966 1.30291
60 2967 1.34544
82 2968 1.3691
6 2970 1.42658
20 2971 1.47595
66 2973 1.55354
96 2975 1.60714
80 2977 1.69342
83 2978 1.73884
85 2980 1.80587
72 2981 1.85155
45 2982 1.85236
39 2983 1.86398
57 2985 1.90863
16 2986 1.91858
11 2988 1.99544
48 2989 2.09123
53 2990 2.09155
51 2992 2.1452
4 2994 2.21438
21 2995 2.23876
92 2996 2.28596
61 2997 2.28927
32 2999 2.30733
12 3000 2.36463
13 3002 2.46202
65 3005 2.63095
99 3006 2.63111
7 3007 2.63164
38 3008 2.66782
19 3009 2.68433
28 3011 2.77316
98 3012 2.79196
64 3014 2.80884
29 3015 2.86345
94 3017 2.93216
26 3018 2.97074
8 3019 2.98222
37 3021 3.04185
9 3022 3.04815
86 3024 3.09681
15 3025 3.12039
2 3026 3.12363
54 3027 3.14254
33 3029 3.22055
74 3030 3.22956
30 3032 3.32027
23 3033 3.32296
40 3034 3.38773
1 3036 3.40565
81 3037 3.40627
91 3038 3.43176
17 3040 3.49833
90 3042 3.61356
96 3043 3.64449
18 3044 3.66906
71 3047 3.8762
43 3049 3.9715
80 3050 3.98133
55 3052 3.9958
95 3053 4.00108
73 3054 4.00351
87 3055 4.03589
16 3056 4.09012
25 3058 4.12108
14 3059 4.17927
84 3060 4.18909
56 3062 4.20216
27 3063 4.22541
4 3064 4.27077
44 3067 4.44115
63 3068 4.45708
34 3069 4.47515
78 3071 4.51621
24 3072 4.53059
46 3073 4.57144
52 3075 4.61277
35 3076 4.61596
100 3078 4.71757
3 3079 4.72406
68 3080 4.72567
36 3081 4.72712
93 3082 4.783
62 3084 4.89187
30 3094 5.74471
64 3096 5.8674
90 3098 5.93824
89 3100 6.03312
60 3101 6.08362
21 3105 6.34467
4 3106 6.37898
81 3111 6.74375
13 3113 6.81184
91 3117 7.13024
75 3118 7.19158
3 3120 7.24031
82 3122 7.33511
1 3124 7.40068
65 3126 7.50862
84 3127 7.51308
40 3128 7.54919
68 3130 7.62386
97 3132 7.72402
7 3136 8.01832
28 3137 8.0462
64 3141 8.3562
21 3143 8.47029
87 3147 8.70569
96 3149 8.88011
8 3152 9.00053
50 3153 9.0023
95 3154 9.01258
93 3158 9.32119
31 3159 9.36796
85 3164 9.78015
