62 0.8 0.048 0.752
21 0.8 0.048 0.752
48 0.8 0.048 0.752
61 0.8 0.048 0.752
67 0.8 0.048 0.752
79 0.8 0.048 0.752
97 0.8 0.048 0.752
62 0.752 0.288 0.464
62 0.464 0.16 0.304
21 0.752 0.16 0.592
21 0.592 0.016 0.576
62 0.304 0.016 0.288
21 0.576 0.048 0.528
8 0.8 0.048 0.752
48 0.752 0.048 0.704
62 0.288 0.048 0.24
79 0.752 0.048 0.704
21 0.528 0.144 0.384
21 0.384 0.16 0.224
48 0.704 0.16 0.544
61 0.752 0.16 0.592
67 0.752 0.16 0.592
79 0.704 0.16 0.544
97 0.752 0.16 0.592
8 0.752 0.16 0.592
8 0.592 0.016 0.576
21 0.224 0.016 0.208
8 0.576 0.048 0.528
16 0.8 0.048 0.752
21 0.208 0.048 0.16
29 0.8 0.048 0.752
8 0.528 0.096 0.432
8 0.432 0.16 0.272
48 0.544 0.16 0.384
62 0.24 0.16 0.08
79 0.544 0.16 0.384
16 0.752 0.16 0.592
16 0.592 0.016 0.576
8 0.272 0.016 0.256
16 0.576 0.048 0.528
8 0.256 0.048 0.208
29 0.752 0.048 0.704
16 0.528 0.048 0.48
16 0.48 0.16 0.32
21 0.16 0.16 -8.32667e-17
29 0.704 0.16 0.544
8 0.208 0.16 0.048
29 0.544 0.16 0.384
45 0.8 0.048 0.752
26 0.8 0.048 0.752
33 0.8 0.048 0.752
36 0.8 0.048 0.752
38 0.8 0.048 0.752
45 0.752 0.192 0.56
45 0.56 0.16 0.4
26 0.752 0.16 0.592
26 0.592 0.016 0.576
45 0.4 0.016 0.384
26 0.576 0.048 0.528
33 0.752 0.048 0.704
38 0.752 0.048 0.704
45 0.384 0.048 0.336
26 0.528 0.096 0.432
26 0.432 0.16 0.272
33 0.704 0.16 0.544
36 0.752 0.16 0.592
38 0.704 0.16 0.544
33 0.544 0.16 0.384
38 0.544 0.16 0.384
45 0.336 0.16 0.176
56 0.8 0.048 0.752
30 0.8 0.048 0.752
42 0.8 0.048 0.752
86 0.8 0.048 0.752
90 0.8 0.048 0.752
56 0.752 0.192 0.56
56 0.56 0.16 0.4
30 0.752 0.16 0.592
30 0.592 0.016 0.576
56 0.4 0.016 0.384
30 0.576 0.048 0.528
6 0.8 0.048 0.752
42 0.752 0.048 0.704
56 0.384 0.048 0.336
75 0.8 0.048 0.752
86 0.752 0.048 0.704
90 0.752 0.048 0.704
30 0.528 0.24 0.288
30 0.288 0.16 0.128
42 0.704 0.16 0.544
86 0.704 0.16 0.544
90 0.704 0.16 0.544
6 0.752 0.16 0.592
42 0.544 0.16 0.384
56 0.336 0.16 0.176
75 0.752 0.16 0.592
86 0.544 0.16 0.384
90 0.544 0.16 0.384
88 0.8 0.048 0.752
41 0.8 0.048 0.752
52 0.8 0.048 0.752
57 0.8 0.048 0.752
60 0.8 0.048 0.752
83 0.8 0.048 0.752
88 0.752 0.24 0.512
88 0.512 0.16 0.352
41 0.752 0.16 0.592
52 0.752 0.16 0.592
57 0.752 0.16 0.592
60 0.752 0.16 0.592
60 0.592 0.016 0.576
88 0.352 0.016 0.336
60 0.576 0.048 0.528
35 0.8 0.048 0.752
52 0.592 0.048 0.544
57 0.592 0.048 0.544
59 0.8 0.048 0.752
63 0.8 0.048 0.752
71 0.8 0.048 0.752
88 0.336 0.048 0.288
60 0.528 0.288 0.24
60 0.24 0.16 0.08
83 0.752 0.16 0.592
35 0.752 0.16 0.592
35 0.592 0.016 0.576
60 0.08 0.016 0.064
35 0.576 0.048 0.528
55 0.8 0.048 0.752
59 0.752 0.048 0.704
60 0.064 0.048 0.016
63 0.752 0.048 0.704
71 0.752 0.048 0.704
91 0.8 0.048 0.752
35 0.528 0.24 0.288
35 0.288 0.16 0.128
52 0.544 0.16 0.384
57 0.544 0.16 0.384
59 0.704 0.16 0.544
63 0.704 0.16 0.544
71 0.704 0.16 0.544
88 0.288 0.16 0.128
55 0.752 0.16 0.592
59 0.544 0.16 0.384
60 0.016 0.16 -0.144
63 0.544 0.16 0.384
71 0.544 0.16 0.384
91 0.752 0.16 0.592
96 0.8 0.048 0.752
64 0.8 0.048 0.752
73 0.8 0.048 0.752
96 0.752 0.096 0.656
96 0.656 0.16 0.496
64 0.752 0.16 0.592
64 0.592 0.016 0.576
96 0.496 0.016 0.48
64 0.576 0.048 0.528
25 0.8 0.048 0.752
73 0.752 0.048 0.704
96 0.48 0.048 0.432
64 0.528 0.096 0.432
64 0.432 0.16 0.272
73 0.704 0.16 0.544
25 0.752 0.16 0.592
25 0.592 0.016 0.576
64 0.272 0.016 0.256
25 0.576 0.048 0.528
64 0.256 0.048 0.208
73 0.544 0.048 0.496
94 0.8 0.048 0.752
25 0.528 0.048 0.48
25 0.48 0.16 0.32
73 0.496 0.16 0.336
96 0.432 0.16 0.272
64 0.208 0.16 0.048
73 0.336 0.16 0.176
94 0.752 0.16 0.592
94 0.592 0.016 0.576
25 0.32 0.016 0.304
94 0.576 0.048 0.528
25 0.304 0.048 0.256
37 0.8 0.048 0.752
74 0.8 0.048 0.752
94 0.528 0.096 0.432
94 0.432 0.16 0.272
25 0.256 0.16 0.096
37 0.752 0.16 0.592
37 0.592 0.016 0.576
94 0.272 0.016 0.256
37 0.576 0.048 0.528
36 0.670133 0.048 0.622133
74 0.752 0.048 0.704
94 0.256 0.048 0.208
37 0.528 0.096 0.432
37 0.432 0.16 0.272
74 0.704 0.16 0.544
36 0.622133 0.16 0.462133
74 0.544 0.16 0.384
94 0.208 0.16 0.048
2 0.8 0.048 0.752
66 0.8 0.048 0.752
2 0.752 0.048 0.704
2 0.704 0.16 0.544
66 0.752 0.16 0.592
66 0.592 0.016 0.576
2 0.544 0.016 0.528
66 0.576 0.048 0.528
2 0.528 0.048 0.48
69 0.8 0.048 0.752
22 0.8 0.048 0.752
40 0.8 0.048 0.752
76 0.8 0.048 0.752
80 0.8 0.048 0.752
82 0.8 0.048 0.752
95 0.8 0.048 0.752
69 0.752 0.288 0.464
69 0.464 0.16 0.304
22 0.752 0.16 0.592
22 0.592 0.016 0.576
69 0.304 0.016 0.288
22 0.576 0.048 0.528
40 0.752 0.048 0.704
69 0.288 0.048 0.24
76 0.752 0.048 0.704
78 0.8 0.048 0.752
80 0.752 0.048 0.704
82 0.752 0.048 0.704
95 0.752 0.048 0.704
22 0.528 0.288 0.24
22 0.24 0.16 0.08
40 0.704 0.16 0.544
76 0.704 0.16 0.544
80 0.704 0.16 0.544
82 0.704 0.16 0.544
95 0.704 0.16 0.544
40 0.544 0.16 0.384
69 0.24 0.16 0.08
76 0.544 0.16 0.384
78 0.752 0.16 0.592
80 0.544 0.16 0.384
82 0.544 0.16 0.384
95 0.544 0.16 0.384
80 0.384 0.048 0.336
13 0.8 0.048 0.752
22 0.08 0.048 0.032
28 0.8 0.048 0.752
40 0.456684 0.048 0.408684
51 0.8 0.048 0.752
69 0.152747 0.048 0.104747
76 0.384 0.048 0.336
78 0.592 0.048 0.544
82 0.384 0.048 0.336
95 0.455578 0.048 0.407578
80 0.336 0.192 0.144
80 0.144 0.16 -0.016
13 0.752 0.16 0.592
13 0.592 0.016 0.576
80 0 0.016 -0.016
13 0.576 0.048 0.528
28 0.752 0.048 0.704
51 0.752 0.048 0.704
53 0.8 0.048 0.752
76 0.336 0.048 0.288
78 0.544 0.048 0.496
80 0 0.048 -0.048
82 0.336 0.048 0.288
13 0.528 0.144 0.384
13 0.384 0.16 0.224
22 0.032 0.16 -0.128
28 0.704 0.16 0.544
40 0.408684 0.16 0.248684
51 0.704 0.16 0.544
69 0.104747 0.16 -0.0552532
76 0.288 0.16 0.128
78 0.496 0.16 0.336
82 0.288 0.16 0.128
95 0.407578 0.16 0.247578
28 0.544 0.16 0.384
51 0.544 0.16 0.384
53 0.752 0.16 0.592
76 0.128 0.16 -0.032
78 0.336 0.16 0.176
80 0 0.16 -0.16
82 0.128 0.16 -0.032
11 0.8 0.048 0.752
1 0.8 0.048 0.752
7 0.8 0.048 0.752
17 0.8 0.048 0.752
47 0.8 0.048 0.752
84 0.8 0.048 0.752
11 0.752 0.24 0.512
11 0.512 0.16 0.352
1 0.752 0.16 0.592
7 0.752 0.16 0.592
17 0.752 0.16 0.592
47 0.752 0.16 0.592
47 0.592 0.016 0.576
11 0.352 0.016 0.336
47 0.576 0.048 0.528
1 0.592 0.048 0.544
7 0.592 0.048 0.544
11 0.336 0.048 0.288
17 0.592 0.048 0.544
47 0.528 0.144 0.384
47 0.384 0.16 0.224
84 0.752 0.16 0.592
1 0.544 0.16 0.384
7 0.544 0.16 0.384
11 0.288 0.16 0.128
17 0.544 0.16 0.384
63 0.605197 0.048 0.557197
35 0.273465 0.048 0.225465
52 0.604179 0.048 0.556179
57 0.604674 0.048 0.556674
59 0.53307 0.048 0.48507
60 0.154102 0.048 0.106102
71 0.534574 0.048 0.486574
91 0.8 0.048 0.752
63 0.557197 0.144 0.413197
63 0.413197 0.16 0.253197
35 0.225465 0.16 0.0654648
52 0.556179 0.16 0.396179
57 0.556674 0.16 0.396674
59 0.48507 0.16 0.32507
60 0.106102 0.16 -0.0538979
71 0.486574 0.16 0.326574
91 0.752 0.16 0.592
57 0.396674 0.048 0.348674
41 0.8 0.048 0.752
52 0.396179 0.048 0.348179
60 0 0.048 -0.048
63 0.253197 0.048 0.205197
83 0.8 0.048 0.752
88 0.349355 0.048 0.301355
57 0.348674 0.096 0.252674
57 0.252674 0.16 0.0926742
41 0.752 0.16 0.592
41 0.592 0.016 0.576
57 0.0926742 0.016 0.0766742
41 0.576 0.048 0.528
54 0.8 0.048 0.752
57 0.0766742 0.048 0.0286742
83 0.752 0.048 0.704
88 0.301355 0.048 0.253355
99 0.8 0.048 0.752
41 0.528 0.144 0.384
41 0.384 0.16 0.224
52 0.348179 0.16 0.188179
60 0 0.16 -0.16
63 0.205197 0.16 0.0451971
83 0.704 0.16 0.544
88 0.253355 0.16 0.0933549
54 0.752 0.16 0.592
54 0.592 0.016 0.576
41 0.224 0.016 0.208
54 0.576 0.048 0.528
41 0.208 0.048 0.16
83 0.544 0.048 0.496
89 0.8 0.048 0.752
99 0.752 0.048 0.704
54 0.528 0.096 0.432
54 0.432 0.16 0.272
57 0.0286742 0.16 -0.131326
83 0.496 0.16 0.336
88 0.0933549 0.16 -0.0666451
99 0.704 0.16 0.544
41 0.16 0.16 -8.32667e-17
83 0.336 0.16 0.176
89 0.752 0.16 0.592
89 0.592 0.016 0.576
54 0.272 0.016 0.256
89 0.576 0.048 0.528
17 0.384 0.048 0.336
54 0.256 0.048 0.208
83 0.176 0.048 0.128
99 0.544 0.048 0.496
99 0.496 0.16 0.336
8 0.340811 0.048 0.292811
16 0.544921 0.048 0.496921
21 0.228163 0.048 0.180163
29 0.617305 0.048 0.569305
8 0.292811 0.048 0.244811
8 0.244811 0.16 0.084811
16 0.496921 0.16 0.336921
21 0.180163 0.16 0.0201629
29 0.569305 0.16 0.409305
59 0.479774 0.048 0.431774
35 0.215067 0.048 0.167067
52 0.267334 0.048 0.219334
55 0.8 0.048 0.752
60 0.155102 0.048 0.107102
63 0.121072 0.048 0.0730721
71 0.477861 0.048 0.429861
91 0.669975 0.048 0.621975
59 0.431774 0.096 0.335774
59 0.335774 0.16 0.175774
35 0.167067 0.16 0.00706726
52 0.219334 0.16 0.0593341
55 0.752 0.16 0.592
55 0.592 0.016 0.576
59 0.175774 0.016 0.159774
55 0.576 0.048 0.528
35 0.00706726 0.048 -0.0409327
59 0.159774 0.048 0.111774
71 0.429861 0.048 0.381861
72 0.8 0.048 0.752
91 0.621975 0.048 0.573975
55 0.528 0.096 0.432
55 0.432 0.16 0.272
60 0.107102 0.16 -0.0528983
63 0.0730721 0.16 -0.0869279
71 0.381861 0.16 0.221861
91 0.573975 0.16 0.413975
35 0 0.16 -0.16
59 0.111774 0.16 -0.0482257
71 0.221861 0.16 0.0618614
72 0.752 0.16 0.592
72 0.592 0.016 0.576
55 0.272 0.016 0.256
72 0.576 0.048 0.528
4 0.8 0.048 0.752
55 0.256 0.048 0.208
65 0.8 0.048 0.752
72 0.528 0.096 0.432
72 0.432 0.16 0.272
91 0.413975 0.16 0.253975
4 0.752 0.16 0.592
4 0.592 0.016 0.576
72 0.272 0.016 0.256
4 0.576 0.048 0.528
65 0.752 0.048 0.704
72 0.256 0.048 0.208
4 0.528 0.048 0.48
4 0.48 0.16 0.32
55 0.208 0.16 0.048
65 0.704 0.16 0.544
65 0.544 0.16 0.384
72 0.208 0.16 0.048
34 0.8 0.048 0.752
66 0.8 0.048 0.752
2 0.8 0.048 0.752
48 0.8 0.048 0.752
21 0.391992 0.048 0.343992
61 0.8 0.048 0.752
62 0.674505 0.048 0.626505
67 0.8 0.048 0.752
79 0.8 0.048 0.752
97 0.8 0.048 0.752
48 0.752 0.288 0.464
48 0.464 0.16 0.304
48 0.304 0.016 0.288
21 0.343992 0.16 0.183992
61 0.752 0.16 0.592
62 0.626505 0.16 0.466505
67 0.752 0.16 0.592
79 0.752 0.16 0.592
97 0.752 0.16 0.592
89 0.8 0.048 0.752
54 0.584115 0.048 0.536115
83 0.49987 0.048 0.45187
99 0.71433 0.048 0.66633
89 0.752 0.048 0.704
89 0.704 0.16 0.544
54 0.536115 0.16 0.376115
83 0.45187 0.16 0.29187
99 0.66633 0.16 0.50633
99 0.50633 0.016 0.49033
89 0.544 0.016 0.528
99 0.49033 0.048 0.44233
54 0.376115 0.048 0.328115
83 0.29187 0.048 0.24387
89 0.528 0.048 0.48
70 0.8 0.048 0.752
14 0.8 0.048 0.752
85 0.8 0.048 0.752
70 0.752 0.096 0.656
70 0.656 0.16 0.496
14 0.752 0.16 0.592
14 0.592 0.016 0.576
70 0.496 0.016 0.48
14 0.576 0.048 0.528
15 0.8 0.048 0.752
70 0.48 0.048 0.432
85 0.752 0.048 0.704
14 0.528 0.096 0.432
14 0.432 0.16 0.272
85 0.704 0.16 0.544
15 0.752 0.16 0.592
15 0.592 0.016 0.576
14 0.272 0.016 0.256
15 0.576 0.048 0.528
14 0.256 0.048 0.208
85 0.544 0.048 0.496
70 0.432 0.16 0.272
85 0.496 0.16 0.336
40 0.698056 0.048 0.650056
22 0.542849 0.048 0.494849
69 0.453213 0.048 0.405213
76 0.523019 0.048 0.475019
80 0.521926 0.048 0.473926
82 0.513289 0.048 0.465289
95 0.699415 0.048 0.651415
40 0.650056 0.048 0.602056
40 0.602056 0.16 0.442056
22 0.494849 0.16 0.334849
69 0.405213 0.16 0.245213
76 0.475019 0.16 0.315019
80 0.473926 0.16 0.313926
82 0.465289 0.16 0.305289
95 0.651415 0.16 0.491415
52 0.437613 0.048 0.389613
35 0.359883 0.048 0.311883
41 0.537312 0.048 0.489312
57 0.445407 0.048 0.397407
59 0.385983 0.048 0.337983
60 0.381477 0.048 0.333477
63 0.366999 0.048 0.318999
88 0.518678 0.048 0.470678
91 0.708214 0.048 0.660214
52 0.389613 0.048 0.341613
52 0.341613 0.16 0.181613
35 0.311883 0.16 0.151883
41 0.489312 0.16 0.329312
57 0.397407 0.16 0.237407
59 0.337983 0.16 0.177983
60 0.333477 0.16 0.173477
63 0.318999 0.16 0.158999
88 0.470678 0.16 0.310678
91 0.660214 0.16 0.500214
91 0.500214 0.016 0.484214
52 0.181613 0.016 0.165613
91 0.484214 0.048 0.436214
35 0.151883 0.048 0.103883
52 0.165613 0.048 0.117613
55 0.423149 0.048 0.375149
59 0.177983 0.048 0.129983
63 0.158999 0.048 0.110999
71 0.447258 0.048 0.399258
34 0.8 0.048 0.752
31 0.8 0.048 0.752
34 0.752 0.048 0.704
34 0.704 0.16 0.544
31 0.752 0.16 0.592
31 0.592 0.016 0.576
34 0.544 0.016 0.528
31 0.576 0.048 0.528
34 0.528 0.048 0.48
86 0.8 0.048 0.752
56 0.8 0.048 0.752
90 0.8 0.048 0.752
86 0.752 0.096 0.656
86 0.656 0.16 0.496
56 0.752 0.16 0.592
56 0.592 0.016 0.576
86 0.496 0.016 0.48
56 0.576 0.048 0.528
30 0.8 0.048 0.752
86 0.48 0.048 0.432
90 0.752 0.048 0.704
56 0.528 0.048 0.48
56 0.48 0.16 0.32
90 0.704 0.16 0.544
30 0.752 0.16 0.592
86 0.432 0.16 0.272
90 0.544 0.16 0.384
21 0.407485 0.048 0.359485
8 0.686008 0.048 0.638008
48 0.590333 0.048 0.542333
21 0.359485 0.048 0.311485
21 0.311485 0.16 0.151485
8 0.638008 0.16 0.478008
48 0.542333 0.16 0.382333
1 0.8 0.048 0.752
7 0.8 0.048 0.752
11 0.8 0.048 0.752
17 0.8 0.048 0.752
47 0.8 0.048 0.752
1 0.752 0.144 0.608
1 0.608 0.16 0.448
7 0.752 0.16 0.592
7 0.592 0.016 0.576
1 0.448 0.016 0.432
7 0.576 0.048 0.528
1 0.432 0.048 0.384
11 0.752 0.048 0.704
17 0.752 0.048 0.704
47 0.752 0.048 0.704
84 0.8 0.048 0.752
7 0.528 0.144 0.384
7 0.384 0.16 0.224
11 0.704 0.16 0.544
17 0.704 0.16 0.544
47 0.704 0.16 0.544
1 0.384 0.16 0.224
11 0.544 0.16 0.384
17 0.544 0.16 0.384
47 0.544 0.16 0.384
84 0.752 0.16 0.592
51 0.8 0.048 0.752
13 0.8 0.048 0.752
28 0.8 0.048 0.752
49 0.8 0.048 0.752
53 0.8 0.048 0.752
68 0.8 0.048 0.752
76 0.536706 0.048 0.488706
78 0.8 0.048 0.752
80 0.462293 0.048 0.414293
82 0.532412 0.048 0.484412
51 0.752 0.288 0.464
51 0.464 0.16 0.304
51 0.304 0.016 0.288
13 0.752 0.16 0.592
28 0.752 0.16 0.592
49 0.752 0.16 0.592
53 0.752 0.16 0.592
68 0.752 0.16 0.592
76 0.488706 0.16 0.328706
78 0.752 0.16 0.592
80 0.414293 0.16 0.254293
82 0.484412 0.16 0.324412
66 0.8 0.048 0.752
2 0.8 0.048 0.752
54 0.635163 0.048 0.587163
41 0.478975 0.048 0.430975
83 0.540894 0.048 0.492894
88 0.466106 0.048 0.418106
89 0.787295 0.048 0.739295
99 0.736502 0.048 0.688502
54 0.587163 0.048 0.539163
54 0.539163 0.16 0.379163
41 0.430975 0.16 0.270975
83 0.492894 0.16 0.332894
88 0.418106 0.16 0.258106
89 0.739295 0.16 0.579295
89 0.579295 0.016 0.563295
54 0.379163 0.016 0.363163
89 0.563295 0.048 0.515295
47 0.384 0.048 0.336
54 0.363163 0.048 0.315163
83 0.332894 0.048 0.284894
99 0.688502 0.048 0.640502
99 0.640502 0.16 0.480502
85 0.637827 0.048 0.589827
14 0.584057 0.048 0.536057
15 0.8 0.048 0.752
70 0.650917 0.048 0.602917
85 0.589827 0.096 0.493827
85 0.493827 0.16 0.333827
14 0.536057 0.16 0.376057
15 0.752 0.16 0.592
70 0.602917 0.16 0.442917
99 0.558579 0.048 0.510579
54 0.39205 0.048 0.34405
83 0.356581 0.048 0.308581
89 0.586996 0.048 0.538996
73 0.8 0.048 0.752
64 0.8 0.048 0.752
96 0.8 0.048 0.752
73 0.752 0.096 0.656
73 0.656 0.16 0.496
64 0.752 0.16 0.592
64 0.592 0.016 0.576
73 0.496 0.016 0.48
64 0.576 0.048 0.528
25 0.8 0.048 0.752
73 0.48 0.048 0.432
96 0.752 0.048 0.704
64 0.528 0.096 0.432
64 0.432 0.16 0.272
96 0.704 0.16 0.544
25 0.752 0.16 0.592
25 0.592 0.016 0.576
64 0.272 0.016 0.256
25 0.576 0.048 0.528
64 0.256 0.048 0.208
94 0.8 0.048 0.752
25 0.528 0.048 0.48
25 0.48 0.16 0.32
73 0.432 0.16 0.272
96 0.544 0.16 0.384
64 0.208 0.16 0.048
94 0.752 0.16 0.592
94 0.592 0.016 0.576
25 0.32 0.016 0.304
94 0.576 0.048 0.528
25 0.304 0.048 0.256
37 0.8 0.048 0.752
74 0.8 0.048 0.752
94 0.528 0.048 0.48
94 0.48 0.16 0.32
25 0.256 0.16 0.096
37 0.752 0.16 0.592
74 0.752 0.16 0.592
74 0.592 0.016 0.576
94 0.32 0.016 0.304
74 0.576 0.048 0.528
37 0.592 0.048 0.544
94 0.304 0.048 0.256
15 0.592 0.048 0.544
14 0.376057 0.048 0.328057
81 0.8 0.048 0.752
85 0.412732 0.048 0.364732
15 0.544 0.048 0.496
15 0.496 0.16 0.336
14 0.328057 0.16 0.168057
81 0.752 0.16 0.592
81 0.592 0.016 0.576
15 0.336 0.016 0.32
81 0.576 0.048 0.528
10 0.8 0.048 0.752
15 0.32 0.048 0.272
27 0.8 0.048 0.752
44 0.8 0.048 0.752
81 0.528 0.144 0.384
81 0.384 0.16 0.224
85 0.364732 0.16 0.204732
10 0.752 0.16 0.592
10 0.592 0.016 0.576
81 0.224 0.016 0.208
10 0.576 0.048 0.528
6 0.8 0.048 0.752
27 0.752 0.048 0.704
44 0.752 0.048 0.704
81 0.208 0.048 0.16
10 0.528 0.144 0.384
10 0.384 0.16 0.224
15 0.272 0.16 0.112
27 0.704 0.16 0.544
44 0.704 0.16 0.544
6 0.752 0.16 0.592
6 0.592 0.016 0.576
10 0.224 0.016 0.208
6 0.576 0.048 0.528
10 0.208 0.048 0.16
27 0.544 0.048 0.496
30 0.743183 0.048 0.695183
42 0.8 0.048 0.752
44 0.544 0.048 0.496
75 0.8 0.048 0.752
6 0.528 0.096 0.432
6 0.432 0.16 0.272
27 0.496 0.16 0.336
44 0.496 0.16 0.336
81 0.16 0.16 -8.32667e-17
10 0.16 0.16 -8.32667e-17
27 0.336 0.16 0.176
30 0.695183 0.16 0.535183
42 0.752 0.16 0.592
42 0.592 0.016 0.576
6 0.272 0.016 0.256
42 0.576 0.048 0.528
6 0.256 0.048 0.208
27 0.176 0.048 0.128
30 0.535183 0.048 0.487183
44 0.336 0.048 0.288
75 0.752 0.048 0.704
90 0.531624 0.048 0.483624
42 0.528 0.048 0.48
42 0.48 0.16 0.32
44 0.288 0.16 0.128
75 0.704 0.16 0.544
6 0.208 0.16 0.048
27 0.128 0.16 -0.032
30 0.487183 0.16 0.327183
44 0.128 0.16 -0.032
75 0.544 0.16 0.384
90 0.483624 0.16 0.323624
55 0.681005 0.048 0.633005
35 0.409452 0.048 0.361452
59 0.42426 0.048 0.37626
63 0.410719 0.048 0.362719
71 0.703495 0.048 0.655495
91 0.732781 0.048 0.684781
55 0.633005 0.048 0.585005
55 0.585005 0.16 0.425005
35 0.361452 0.16 0.201452
59 0.37626 0.16 0.21626
63 0.362719 0.16 0.202719
71 0.655495 0.16 0.495495
91 0.684781 0.16 0.524781
46 0.8 0.048 0.752
18 0.8 0.048 0.752
58 0.8 0.048 0.752
77 0.8 0.048 0.752
93 0.8 0.048 0.752
98 0.8 0.048 0.752
46 0.752 0.24 0.512
46 0.512 0.16 0.352
18 0.752 0.16 0.592
58 0.752 0.16 0.592
77 0.752 0.16 0.592
93 0.752 0.16 0.592
93 0.592 0.016 0.576
46 0.352 0.016 0.336
93 0.576 0.048 0.528
33 0.8 0.048 0.752
46 0.336 0.048 0.288
77 0.592 0.048 0.544
98 0.752 0.048 0.704
93 0.528 0.144 0.384
93 0.384 0.16 0.224
98 0.704 0.16 0.544
33 0.752 0.16 0.592
33 0.592 0.016 0.576
93 0.224 0.016 0.208
33 0.576 0.048 0.528
26 0.8 0.048 0.752
45 0.8 0.048 0.752
93 0.208 0.048 0.16
33 0.528 0.048 0.48
33 0.48 0.16 0.32
46 0.288 0.16 0.128
77 0.544 0.16 0.384
98 0.544 0.16 0.384
26 0.752 0.16 0.592
45 0.752 0.16 0.592
45 0.592 0.016 0.576
33 0.32 0.016 0.304
45 0.576 0.048 0.528
26 0.592 0.048 0.544
33 0.304 0.048 0.256
38 0.8 0.048 0.752
45 0.528 0.048 0.48
45 0.48 0.16 0.32
93 0.16 0.16 -8.32667e-17
26 0.544 0.16 0.384
33 0.256 0.16 0.096
38 0.752 0.16 0.592
38 0.592 0.016 0.576
45 0.32 0.016 0.304
38 0.576 0.048 0.528
26 0.384 0.048 0.336
36 0.8 0.048 0.752
45 0.304 0.048 0.256
38 0.528 0.048 0.48
38 0.48 0.16 0.32
26 0.336 0.16 0.176
36 0.752 0.16 0.592
36 0.592 0.016 0.576
38 0.32 0.016 0.304
36 0.576 0.048 0.528
26 0.176 0.048 0.128
37 0.544 0.048 0.496
38 0.304 0.048 0.256
45 0.256 0.16 0.096
9 0.8 0.048 0.752
5 0.8 0.048 0.752
20 0.8 0.048 0.752
24 0.8 0.048 0.752
32 0.8 0.048 0.752
9 0.752 0.192 0.56
9 0.56 0.16 0.4
5 0.752 0.16 0.592
5 0.592 0.016 0.576
9 0.4 0.016 0.384
5 0.576 0.048 0.528
9 0.384 0.048 0.336
20 0.752 0.048 0.704
24 0.752 0.048 0.704
32 0.752 0.048 0.704
5 0.528 0.144 0.384
5 0.384 0.16 0.224
20 0.704 0.16 0.544
24 0.704 0.16 0.544
32 0.704 0.16 0.544
9 0.336 0.16 0.176
20 0.544 0.16 0.384
24 0.544 0.16 0.384
32 0.544 0.16 0.384
49 0.741807 0.048 0.693807
13 0.743892 0.048 0.695892
28 0.66886 0.048 0.62086
29 0.8 0.048 0.752
53 0.741999 0.048 0.693999
68 0.746804 0.048 0.698804
49 0.693807 0.192 0.501807
49 0.501807 0.16 0.341807
13 0.695892 0.16 0.535892
28 0.62086 0.16 0.46086
29 0.752 0.16 0.592
53 0.693999 0.16 0.533999
68 0.698804 0.16 0.538804
83 0.384395 0.048 0.336395
41 0.418469 0.048 0.370469
54 0.419579 0.048 0.371579
57 0.619125 0.048 0.571125
88 0.406791 0.048 0.358791
89 0.610052 0.048 0.562052
99 0.586258 0.048 0.538258
83 0.336395 0.048 0.288395
83 0.288395 0.16 0.128395
41 0.370469 0.16 0.210469
54 0.371579 0.16 0.211579
57 0.571125 0.16 0.411125
88 0.358791 0.16 0.198791
89 0.562052 0.16 0.402052
99 0.538258 0.16 0.378258
91 0.597699 0.048 0.549699
35 0.272201 0.048 0.224201
52 0.480348 0.048 0.432348
55 0.504729 0.048 0.456729
59 0.286282 0.048 0.238282
60 0.544994 0.048 0.496994
63 0.280947 0.048 0.232947
71 0.567634 0.048 0.519634
91 0.549699 0.096 0.453699
91 0.453699 0.16 0.293699
35 0.224201 0.16 0.0642015
52 0.432348 0.16 0.272348
55 0.456729 0.16 0.296729
59 0.238282 0.16 0.0782819
60 0.496994 0.16 0.336994
63 0.232947 0.16 0.072947
71 0.519634 0.16 0.359634
31 0.8 0.048 0.752
34 0.8 0.048 0.752
12 0.8 0.048 0.752
3 0.8 0.048 0.752
19 0.8 0.048 0.752
39 0.8 0.048 0.752
50 0.8 0.048 0.752
92 0.8 0.048 0.752
12 0.752 0.24 0.512
12 0.512 0.16 0.352
3 0.752 0.16 0.592
19 0.752 0.16 0.592
39 0.752 0.16 0.592
50 0.752 0.16 0.592
50 0.592 0.016 0.576
12 0.352 0.016 0.336
50 0.576 0.048 0.528
3 0.592 0.048 0.544
12 0.336 0.048 0.288
19 0.592 0.048 0.544
39 0.592 0.048 0.544
92 0.752 0.048 0.704
50 0.528 0.192 0.336
50 0.336 0.16 0.176
92 0.704 0.16 0.544
3 0.544 0.16 0.384
12 0.288 0.16 0.128
19 0.544 0.16 0.384
39 0.544 0.16 0.384
92 0.544 0.16 0.384
95 0.8 0.048 0.752
22 0.8 0.048 0.752
40 0.8 0.048 0.752
69 0.8 0.048 0.752
76 0.629767 0.048 0.581767
80 0.637207 0.048 0.589207
82 0.615471 0.048 0.567471
95 0.752 0.144 0.608
95 0.608 0.16 0.448
22 0.752 0.16 0.592
40 0.752 0.16 0.592
69 0.752 0.16 0.592
69 0.592 0.016 0.576
95 0.448 0.016 0.432
69 0.576 0.048 0.528
22 0.592 0.048 0.544
40 0.592 0.048 0.544
76 0.581767 0.048 0.533767
80 0.589207 0.048 0.541207
82 0.567471 0.048 0.519471
95 0.432 0.048 0.384
69 0.528 0.096 0.432
69 0.432 0.16 0.272
76 0.533767 0.16 0.373767
80 0.541207 0.16 0.381207
82 0.519471 0.16 0.359471
22 0.544 0.16 0.384
40 0.544 0.16 0.384
76 0.373767 0.16 0.213767
80 0.381207 0.16 0.221207
82 0.359471 0.16 0.199471
95 0.384 0.16 0.224
20 0.611725 0.048 0.563725
5 0.452689 0.048 0.404689
9 0.398637 0.048 0.350637
24 0.601341 0.048 0.553341
32 0.604154 0.048 0.556154
20 0.563725 0.096 0.467725
20 0.467725 0.16 0.307725
5 0.404689 0.16 0.244689
9 0.350637 0.16 0.190637
24 0.553341 0.16 0.393341
32 0.556154 0.16 0.396154
84 0.8 0.048 0.752
7 0.590867 0.048 0.542867
11 0.8 0.048 0.752
84 0.752 0.048 0.704
84 0.704 0.16 0.544
7 0.542867 0.16 0.382867
11 0.752 0.16 0.592
11 0.592 0.016 0.576
84 0.544 0.016 0.528
11 0.576 0.048 0.528
1 0.592182 0.048 0.544182
7 0.382867 0.048 0.334867
17 0.760437 0.048 0.712437
47 0.717677 0.048 0.669677
84 0.528 0.048 0.48
11 0.528 0.096 0.432
11 0.432 0.16 0.272
1 0.544182 0.16 0.384182
7 0.334867 0.16 0.174867
17 0.712437 0.16 0.552437
47 0.669677 0.16 0.509677
84 0.48 0.16 0.32
66 0.8 0.048 0.752
2 0.8 0.048 0.752
89 0.621536 0.048 0.573536
47 0.509677 0.048 0.461677
54 0.428154 0.048 0.380154
83 0.351992 0.048 0.303992
99 0.601756 0.048 0.553756
67 0.8 0.048 0.752
18 0.8 0.048 0.752
48 0.758428 0.048 0.710428
58 0.8 0.048 0.752
61 0.8 0.048 0.752
62 0.8 0.048 0.752
79 0.8 0.048 0.752
97 0.8 0.048 0.752
67 0.752 0.336 0.416
67 0.416 0.16 0.256
18 0.752 0.16 0.592
48 0.710428 0.16 0.550428
58 0.752 0.16 0.592
58 0.592 0.016 0.576
67 0.256 0.016 0.24
58 0.576 0.048 0.528
18 0.592 0.048 0.544
46 0.345541 0.048 0.297541
61 0.752 0.048 0.704
67 0.24 0.048 0.192
77 0.607212 0.048 0.559212
97 0.752 0.048 0.704
98 0.682856 0.048 0.634856
58 0.528 0.24 0.288
58 0.288 0.16 0.128
61 0.704 0.16 0.544
62 0.752 0.16 0.592
79 0.752 0.16 0.592
97 0.704 0.16 0.544
18 0.544 0.16 0.384
46 0.297541 0.16 0.137541
61 0.544 0.16 0.384
67 0.192 0.16 0.032
77 0.559212 0.16 0.399212
97 0.544 0.16 0.384
98 0.634856 0.16 0.474856
61 0.460376 0.048 0.412376
18 0.457382 0.048 0.409382
58 0.128 0.048 0.08
62 0.592 0.048 0.544
67 0.032 0.048 -0.016
79 0.592 0.048 0.544
97 0.462299 0.048 0.414299
61 0.412376 0.096 0.316376
61 0.316376 0.16 0.156376
18 0.409382 0.16 0.249382
58 0.08 0.16 -0.08
62 0.544 0.16 0.384
67 0 0.16 -0.16
79 0.544 0.16 0.384
97 0.414299 0.16 0.254299
24 0.471079 0.048 0.423079
5 0.244689 0.048 0.196689
9 0.190637 0.048 0.142637
20 0.377735 0.048 0.329735
32 0.396154 0.048 0.348154
90 0.690319 0.048 0.642319
30 0.70708 0.048 0.65908
42 0.691153 0.048 0.643153
56 0.8 0.048 0.752
75 0.758401 0.048 0.710401
86 0.798182 0.048 0.750182
90 0.642319 0.096 0.546319
90 0.546319 0.16 0.386319
30 0.65908 0.16 0.49908
42 0.643153 0.16 0.483153
56 0.752 0.16 0.592
75 0.710401 0.16 0.550401
75 0.550401 0.016 0.534401
90 0.386319 0.016 0.370319
75 0.534401 0.048 0.486401
6 0.412545 0.048 0.364545
27 0.379173 0.048 0.331173
30 0.49908 0.048 0.45108
42 0.483153 0.048 0.435153
86 0.750182 0.048 0.702182
90 0.370319 0.048 0.322319
75 0.486401 0.048 0.438401
75 0.438401 0.16 0.278401
86 0.702182 0.16 0.542182
6 0.364545 0.16 0.204545
27 0.331173 0.16 0.171173
30 0.45108 0.16 0.29108
42 0.435153 0.16 0.275153
86 0.542182 0.16 0.382182
90 0.322319 0.16 0.162319
99 0.633601 0.048 0.585601
54 0.45219 0.048 0.40419
83 0.37695 0.048 0.32895
89 0.646605 0.048 0.598605
74 0.8 0.048 0.752
25 0.463081 0.048 0.415081
37 0.8 0.048 0.752
94 0.638151 0.048 0.590151
68 0.8 0.048 0.752
29 0.8 0.048 0.752
49 0.716766 0.048 0.668766
53 0.8 0.048 0.752
68 0.752 0.096 0.656
68 0.656 0.16 0.496
29 0.752 0.16 0.592
29 0.592 0.016 0.576
68 0.496 0.016 0.48
29 0.576 0.048 0.528
16 0.8 0.048 0.752
49 0.668766 0.048 0.620766
53 0.752 0.048 0.704
68 0.48 0.048 0.432
29 0.528 0.048 0.48
29 0.48 0.16 0.32
49 0.620766 0.16 0.460766
53 0.704 0.16 0.544
16 0.752 0.16 0.592
49 0.460766 0.16 0.300766
53 0.544 0.16 0.384
68 0.432 0.16 0.272
98 0.55194 0.048 0.50394
18 0.328874 0.048 0.280874
46 0.283721 0.048 0.235721
58 0.155687 0.048 0.107687
77 0.469912 0.048 0.421912
93 0.368346 0.048 0.320346
36 0.8 0.048 0.752
26 0.510542 0.048 0.462542
37 0.752 0.048 0.704
38 0.628821 0.048 0.580821
45 0.472877 0.048 0.424877
65 0.8 0.048 0.752
4 0.8 0.048 0.752
72 0.8 0.048 0.752
65 0.752 0.048 0.704
65 0.704 0.16 0.544
4 0.752 0.16 0.592
72 0.752 0.16 0.592
72 0.592 0.016 0.576
65 0.544 0.016 0.528
72 0.576 0.048 0.528
4 0.592 0.048 0.544
65 0.528 0.048 0.48
15 0.569979 0.048 0.521979
14 0.623949 0.048 0.575949
85 0.65892 0.048 0.61092
15 0.521979 0.048 0.473979
15 0.473979 0.16 0.313979
14 0.575949 0.16 0.415949
85 0.61092 0.16 0.45092
10 0.520126 0.048 0.472126
27 0.326415 0.048 0.278415
44 0.529397 0.048 0.481397
81 0.539579 0.048 0.491579
31 0.8 0.048 0.752
34 0.8 0.048 0.752
87 0.8 0.048 0.752
23 0.8 0.048 0.752
87 0.752 0.048 0.704
87 0.704 0.16 0.544
23 0.752 0.16 0.592
23 0.592 0.016 0.576
87 0.544 0.016 0.528
23 0.576 0.048 0.528
87 0.528 0.048 0.48
77 0.650293 0.048 0.602293
18 0.426572 0.048 0.378572
46 0.393408 0.048 0.345408
58 0.262045 0.048 0.214045
93 0.472118 0.048 0.424118
98 0.659482 0.048 0.611482
28 0.8 0.048 0.752
13 0.8 0.048 0.752
49 0.523893 0.048 0.475893
51 0.8 0.048 0.752
53 0.694879 0.048 0.646879
76 0.572666 0.048 0.524666
78 0.8 0.048 0.752
80 0.589356 0.048 0.541356
82 0.578591 0.048 0.530591
28 0.752 0.24 0.512
28 0.512 0.16 0.352
13 0.752 0.16 0.592
49 0.475893 0.16 0.315893
51 0.752 0.16 0.592
53 0.646879 0.16 0.486879
76 0.524666 0.16 0.364666
78 0.752 0.16 0.592
78 0.592 0.016 0.576
28 0.352 0.016 0.336
78 0.576 0.048 0.528
13 0.592 0.048 0.544
28 0.336 0.048 0.288
51 0.592 0.048 0.544
53 0.486879 0.048 0.438879
76 0.364666 0.048 0.316666
80 0.541356 0.048 0.493356
82 0.530591 0.048 0.482591
78 0.528 0.048 0.48
78 0.48 0.16 0.32
80 0.493356 0.16 0.333356
82 0.482591 0.16 0.322591
13 0.544 0.16 0.384
28 0.288 0.16 0.128
51 0.544 0.16 0.384
53 0.438879 0.16 0.278879
76 0.316666 0.16 0.156666
80 0.333356 0.16 0.173356
82 0.322591 0.16 0.162591
62 0.68737 0.048 0.63937
21 0.8 0.048 0.752
48 0.8 0.048 0.752
61 0.459085 0.048 0.411085
67 0.305036 0.048 0.257036
79 0.689447 0.048 0.641447
97 0.551386 0.048 0.503386
62 0.63937 0.144 0.49537
62 0.49537 0.16 0.33537
21 0.752 0.16 0.592
48 0.752 0.16 0.592
48 0.592 0.016 0.576
62 0.33537 0.016 0.31937
48 0.576 0.048 0.528
21 0.592 0.048 0.544
62 0.31937 0.048 0.27137
67 0.257036 0.048 0.209036
79 0.641447 0.048 0.593447
97 0.503386 0.048 0.455386
48 0.528 0.048 0.48
48 0.48 0.16 0.32
61 0.411085 0.16 0.251085
67 0.209036 0.16 0.0490357
79 0.593447 0.16 0.433447
97 0.455386 0.16 0.295386
21 0.544 0.16 0.384
62 0.27137 0.16 0.11137
67 0.0490357 0.16 -0.110964
79 0.433447 0.16 0.273447
97 0.295386 0.16 0.135386
100 0.8 0.048 0.752
66 0.8 0.048 0.752
2 0.8 0.048 0.752
89 0.8 0.048 0.752
17 0.8 0.048 0.752
47 0.8 0.048 0.752
54 0.700068 0.048 0.652068
99 0.8 0.048 0.752
89 0.752 0.096 0.656
89 0.656 0.16 0.496
89 0.496 0.016 0.48
17 0.752 0.16 0.592
47 0.752 0.16 0.592
54 0.652068 0.16 0.492068
99 0.752 0.16 0.592
25 0.71598 0.048 0.66798
64 0.714277 0.048 0.666277
94 0.8 0.048 0.752
25 0.66798 0.096 0.57198
25 0.57198 0.16 0.41198
64 0.666277 0.16 0.506277
64 0.506277 0.016 0.490277
25 0.41198 0.016 0.39598
64 0.490277 0.048 0.442277
25 0.39598 0.048 0.34798
73 0.8 0.048 0.752
96 0.8 0.048 0.752
64 0.442277 0.096 0.346277
64 0.346277 0.16 0.186277
94 0.752 0.16 0.592
25 0.34798 0.16 0.18798
73 0.752 0.16 0.592
73 0.592 0.016 0.576
64 0.186277 0.016 0.170277
73 0.576 0.048 0.528
64 0.170277 0.048 0.122277
96 0.752 0.048 0.704
73 0.528 0.048 0.48
73 0.48 0.16 0.32
96 0.704 0.16 0.544
64 0.122277 0.16 -0.0377233
96 0.544 0.16 0.384
24 0.8 0.048 0.752
5 0.561705 0.048 0.513705
9 0.511072 0.048 0.463072
20 0.701028 0.048 0.653028
32 0.727015 0.048 0.679015
24 0.752 0.048 0.704
24 0.704 0.16 0.544
5 0.513705 0.16 0.353705
9 0.463072 0.16 0.303072
20 0.653028 0.16 0.493028
32 0.679015 0.16 0.519015
32 0.519015 0.016 0.503015
24 0.544 0.016 0.528
32 0.503015 0.048 0.455015
5 0.353705 0.048 0.305705
9 0.303072 0.048 0.255072
20 0.493028 0.048 0.445028
24 0.528 0.048 0.48
99 0.663864 0.048 0.615864
47 0.664682 0.048 0.616682
54 0.563074 0.048 0.515074
83 0.691797 0.048 0.643797
89 0.551049 0.048 0.503049
99 0.615864 0.048 0.567864
99 0.567864 0.16 0.407864
99 0.407864 0.016 0.391864
47 0.616682 0.16 0.456682
54 0.515074 0.16 0.355074
83 0.643797 0.16 0.483797
89 0.503049 0.16 0.343049
74 0.8 0.048 0.752
37 0.8 0.048 0.752
94 0.663133 0.048 0.615133
6 0.593229 0.048 0.545229
10 0.772602 0.048 0.724602
27 0.498584 0.048 0.450584
30 0.740674 0.048 0.692674
42 0.73555 0.048 0.68755
44 0.787477 0.048 0.739477
75 0.738334 0.048 0.690334
6 0.545229 0.048 0.497229
6 0.497229 0.16 0.337229
10 0.724602 0.16 0.564602
27 0.450584 0.16 0.290584
30 0.692674 0.16 0.532674
42 0.68755 0.16 0.52755
44 0.739477 0.16 0.579477
44 0.579477 0.016 0.563477
6 0.337229 0.016 0.321229
44 0.563477 0.048 0.515477
6 0.321229 0.048 0.273229
10 0.564602 0.048 0.516602
27 0.290584 0.048 0.242584
81 0.719038 0.048 0.671038
44 0.515477 0.048 0.467477
44 0.467477 0.16 0.307477
75 0.690334 0.16 0.530334
6 0.273229 0.16 0.113229
10 0.516602 0.16 0.356602
27 0.242584 0.16 0.0825837
81 0.671038 0.16 0.511038
81 0.511038 0.016 0.495038
44 0.307477 0.016 0.291477
81 0.495038 0.048 0.447038
10 0.356602 0.048 0.308602
27 0.0825837 0.048 0.0345837
44 0.291477 0.048 0.243477
98 0.8 0.048 0.752
46 0.570022 0.048 0.522022
58 0.428576 0.048 0.380576
77 0.755888 0.048 0.707888
93 0.647813 0.048 0.599813
98 0.752 0.096 0.656
98 0.656 0.16 0.496
46 0.522022 0.16 0.362022
58 0.380576 0.16 0.220576
77 0.707888 0.16 0.547888
93 0.599813 0.16 0.439813
33 0.8 0.048 0.752
26 0.8 0.048 0.752
38 0.8 0.048 0.752
45 0.791711 0.048 0.743711
93 0.439813 0.048 0.391813
33 0.752 0.096 0.656
33 0.656 0.16 0.496
26 0.752 0.16 0.592
38 0.752 0.16 0.592
38 0.592 0.016 0.576
33 0.496 0.016 0.48
38 0.576 0.048 0.528
26 0.592 0.048 0.544
33 0.48 0.048 0.432
36 0.8 0.048 0.752
45 0.743711 0.048 0.695711
38 0.528 0.048 0.48
38 0.48 0.16 0.32
45 0.695711 0.16 0.535711
93 0.391813 0.16 0.231813
26 0.544 0.16 0.384
33 0.432 0.16 0.272
36 0.752 0.16 0.592
45 0.535711 0.16 0.375711
36 0.592 0.048 0.544
26 0.384 0.048 0.336
38 0.32 0.048 0.272
45 0.375711 0.048 0.327711
17 0.733128 0.048 0.685128
1 0.8 0.048 0.752
7 0.761411 0.048 0.713411
11 0.779401 0.048 0.731401
47 0.614016 0.048 0.566016
89 0.419201 0.048 0.371201
17 0.685128 0.048 0.637128
17 0.637128 0.16 0.477128
1 0.752 0.16 0.592
1 0.592 0.016 0.576
17 0.477128 0.016 0.461128
1 0.576 0.048 0.528
7 0.713411 0.048 0.665411
11 0.731401 0.048 0.683401
17 0.461128 0.048 0.413128
47 0.566016 0.048 0.518016
84 0.8 0.048 0.752
89 0.371201 0.048 0.323201
1 0.528 0.096 0.432
1 0.432 0.16 0.272
7 0.665411 0.16 0.505411
11 0.683401 0.16 0.523401
47 0.518016 0.16 0.358016
89 0.323201 0.16 0.163201
1 0.272 0.016 0.256
7 0.505411 0.16 0.345411
11 0.523401 0.16 0.363401
17 0.413128 0.16 0.253128
47 0.358016 0.16 0.198016
84 0.752 0.16 0.592
89 0.163201 0.16 0.00320094
72 0.8 0.048 0.752
4 0.8 0.048 0.752
65 0.8 0.048 0.752
10 0.384834 0.048 0.336834
6 0.262623 0.048 0.214623
27 0.184471 0.048 0.136471
44 0.315365 0.048 0.267365
81 0.593073 0.048 0.545073
43 0.8 0.048 0.752
40 0.8 0.048 0.752
69 0.8 0.048 0.752
31 0.8 0.048 0.752
34 0.8 0.048 0.752
23 0.8 0.048 0.752
87 0.8 0.048 0.752
77 0.776541 0.048 0.728541
18 0.758902 0.048 0.710902
46 0.513638 0.048 0.465638
58 0.377194 0.048 0.329194
93 0.384511 0.048 0.336511
98 0.643016 0.048 0.595016
77 0.728541 0.048 0.680541
77 0.680541 0.16 0.520541
18 0.710902 0.16 0.550902
18 0.550902 0.016 0.534902
77 0.520541 0.016 0.504541
18 0.534902 0.048 0.486902
46 0.465638 0.048 0.417638
58 0.329194 0.048 0.281194
61 0.560012 0.048 0.512012
67 0.309425 0.048 0.261425
77 0.504541 0.048 0.456541
79 0.576041 0.048 0.528041
97 0.43497 0.048 0.38697
98 0.595016 0.048 0.547016
18 0.486902 0.048 0.438902
18 0.438902 0.16 0.278902
46 0.417638 0.16 0.257638
58 0.281194 0.16 0.121194
93 0.336511 0.16 0.176511
98 0.547016 0.16 0.387016
46 0.257638 0.16 0.0976378
58 0.121194 0.16 -0.0388064
61 0.512012 0.16 0.352012
67 0.261425 0.16 0.101425
77 0.456541 0.16 0.296541
79 0.528041 0.16 0.368041
97 0.38697 0.16 0.22697
98 0.387016 0.16 0.227016
100 0.8 0.048 0.752
19 0.8 0.048 0.752
3 0.8 0.048 0.752
12 0.8 0.048 0.752
39 0.8 0.048 0.752
50 0.8 0.048 0.752
19 0.752 0.144 0.608
19 0.608 0.16 0.448
3 0.752 0.16 0.592
3 0.592 0.016 0.576
19 0.448 0.016 0.432
3 0.576 0.048 0.528
12 0.752 0.048 0.704
19 0.432 0.048 0.384
39 0.752 0.048 0.704
50 0.752 0.048 0.704
3 0.528 0.096 0.432
3 0.432 0.16 0.272
12 0.704 0.16 0.544
39 0.704 0.16 0.544
50 0.704 0.16 0.544
12 0.544 0.16 0.384
19 0.384 0.16 0.224
39 0.544 0.16 0.384
50 0.544 0.16 0.384
82 0.613998 0.048 0.565998
13 0.8 0.048 0.752
22 0.8 0.048 0.752
28 0.572829 0.048 0.524829
51 0.8 0.048 0.752
69 0.8 0.048 0.752
76 0.604282 0.048 0.556282
78 0.688187 0.048 0.640187
80 0.618705 0.048 0.570705
95 0.8 0.048 0.752
82 0.565998 0.24 0.325998
82 0.325998 0.16 0.165998
13 0.752 0.16 0.592
22 0.752 0.16 0.592
28 0.524829 0.16 0.364829
51 0.752 0.16 0.592
69 0.752 0.16 0.592
76 0.556282 0.16 0.396282
78 0.640187 0.16 0.480187
80 0.570705 0.16 0.410705
95 0.752 0.16 0.592
66 0.8 0.048 0.752
2 0.8 0.048 0.752
32 0.8 0.048 0.752
5 0.674778 0.048 0.626778
9 0.632551 0.048 0.584551
24 0.8 0.048 0.752
32 0.752 0.048 0.704
32 0.704 0.16 0.544
5 0.626778 0.16 0.466778
9 0.584551 0.16 0.424551
24 0.752 0.16 0.592
74 0.8 0.048 0.752
25 0.640365 0.048 0.592365
37 0.8 0.048 0.752
94 0.8 0.048 0.752
41 0.8 0.048 0.752
52 0.8 0.048 0.752
57 0.8 0.048 0.752
60 0.8 0.048 0.752
63 0.8 0.048 0.752
83 0.8 0.048 0.752
88 0.8 0.048 0.752
41 0.752 0.192 0.56
41 0.56 0.16 0.4
52 0.752 0.16 0.592
52 0.592 0.016 0.576
41 0.4 0.016 0.384
52 0.576 0.048 0.528
41 0.384 0.048 0.336
57 0.752 0.048 0.704
59 0.8 0.048 0.752
60 0.752 0.048 0.704
63 0.752 0.048 0.704
91 0.8 0.048 0.752
52 0.528 0.144 0.384
52 0.384 0.16 0.224
57 0.704 0.16 0.544
60 0.704 0.16 0.544
63 0.704 0.16 0.544
83 0.752 0.16 0.592
88 0.752 0.16 0.592
41 0.336 0.16 0.176
57 0.544 0.16 0.384
59 0.752 0.16 0.592
60 0.544 0.16 0.384
63 0.544 0.16 0.384
91 0.752 0.16 0.592
81 0.770532 0.048 0.722532
10 0.625933 0.048 0.577933
27 0.358473 0.048 0.310473
44 0.564289 0.048 0.516289
81 0.722532 0.048 0.674532
81 0.674532 0.16 0.514532
81 0.514532 0.016 0.498532
10 0.577933 0.16 0.417933
27 0.310473 0.16 0.150473
44 0.516289 0.16 0.356289
36 0.8 0.048 0.752
37 0.752 0.048 0.704
38 0.642178 0.048 0.594178
45 0.705694 0.048 0.657694
53 0.8 0.048 0.752
13 0.741645 0.048 0.693645
28 0.512576 0.048 0.464576
29 0.8 0.048 0.752
49 0.8 0.048 0.752
51 0.747131 0.048 0.699131
68 0.8 0.048 0.752
78 0.630347 0.048 0.582347
53 0.752 0.096 0.656
53 0.656 0.16 0.496
13 0.693645 0.16 0.533645
28 0.464576 0.16 0.304576
29 0.752 0.16 0.592
49 0.752 0.16 0.592
51 0.699131 0.16 0.539131
51 0.539131 0.016 0.523131
53 0.496 0.016 0.48
51 0.523131 0.048 0.475131
13 0.533645 0.048 0.485645
22 0.74508 0.048 0.69708
28 0.304576 0.048 0.256576
53 0.48 0.048 0.432
76 0.546055 0.048 0.498055
78 0.582347 0.048 0.534347
80 0.484895 0.048 0.436895
82 0.315431 0.048 0.267431
51 0.475131 0.048 0.427131
51 0.427131 0.16 0.267131
68 0.752 0.16 0.592
78 0.534347 0.16 0.374347
13 0.485645 0.16 0.325645
22 0.69708 0.16 0.53708
28 0.256576 0.16 0.0965764
53 0.432 0.16 0.272
76 0.498055 0.16 0.338055
78 0.374347 0.16 0.214347
80 0.436895 0.16 0.276895
82 0.267431 0.16 0.107431
72 0.8 0.048 0.752
4 0.8 0.048 0.752
65 0.8 0.048 0.752
79 0.663708 0.048 0.615708
18 0.577873 0.048 0.529873
48 0.8 0.048 0.752
61 0.646954 0.048 0.598954
62 0.77658 0.048 0.72858
67 0.40997 0.048 0.36197
97 0.527883 0.048 0.479883
79 0.615708 0.048 0.567708
79 0.567708 0.16 0.407708
18 0.529873 0.16 0.369873
48 0.752 0.16 0.592
61 0.598954 0.16 0.438954
62 0.72858 0.16 0.56858
62 0.56858 0.016 0.55258
79 0.407708 0.016 0.391708
62 0.55258 0.048 0.50458
21 0.8 0.048 0.752
48 0.592 0.048 0.544
61 0.438954 0.048 0.390954
67 0.36197 0.048 0.31397
79 0.391708 0.048 0.343708
97 0.479883 0.048 0.431883
67 0.31397 0.16 0.15397
97 0.431883 0.16 0.271883
10 0.488084 0.048 0.440084
6 0.591188 0.048 0.543188
27 0.30102 0.048 0.25302
44 0.427427 0.048 0.379427
81 0.638782 0.048 0.590782
10 0.440084 0.144 0.296084
10 0.296084 0.16 0.136084
10 0.136084 0.016 0.120084
6 0.543188 0.16 0.383188
27 0.25302 0.16 0.0930197
44 0.379427 0.16 0.219427
81 0.590782 0.16 0.430782
43 0.8 0.048 0.752
40 0.8 0.048 0.752
69 0.8 0.048 0.752
31 0.8 0.048 0.752
34 0.8 0.048 0.752
34 0.752 0.048 0.704
31 0.752 0.048 0.704
23 0.8 0.048 0.752
87 0.8 0.048 0.752
94 0.8 0.048 0.752
25 0.8 0.048 0.752
37 0.8 0.048 0.752
74 0.8 0.048 0.752
94 0.752 0.048 0.704
94 0.704 0.16 0.544
25 0.752 0.16 0.592
25 0.592 0.016 0.576
94 0.544 0.016 0.528
25 0.576 0.048 0.528
37 0.752 0.048 0.704
64 0.686333 0.048 0.638333
74 0.752 0.048 0.704
94 0.528 0.048 0.48
25 0.528 0.048 0.48
25 0.48 0.16 0.32
37 0.704 0.16 0.544
74 0.704 0.16 0.544
37 0.544 0.16 0.384
64 0.638333 0.16 0.478333
74 0.544 0.16 0.384
94 0.48 0.16 0.32
100 0.8 0.048 0.752
97 0.416934 0.048 0.368934
18 0.512565 0.048 0.464565
48 0.69401 0.048 0.64601
61 0.54013 0.048 0.49213
62 0.658142 0.048 0.610142
67 0.37921 0.048 0.33121
79 0.569817 0.048 0.521817
97 0.368934 0.048 0.320934
97 0.320934 0.16 0.160934
18 0.464565 0.16 0.304565
48 0.64601 0.16 0.48601
61 0.49213 0.16 0.33213
62 0.610142 0.16 0.450142
67 0.33121 0.16 0.17121
79 0.521817 0.16 0.361817
66 0.8 0.048 0.752
2 0.8 0.048 0.752
74 0.535522 0.048 0.487522
25 0.477215 0.048 0.429215
37 0.529584 0.048 0.481584
94 0.465867 0.048 0.417867
93 0.757241 0.048 0.709241
33 0.8 0.048 0.752
46 0.702459 0.048 0.654459
77 0.8 0.048 0.752
98 0.8 0.048 0.752
93 0.709241 0.144 0.565241
93 0.565241 0.16 0.405241
33 0.752 0.16 0.592
33 0.592 0.016 0.576
93 0.405241 0.016 0.389241
33 0.576 0.048 0.528
26 0.8 0.048 0.752
38 0.8 0.048 0.752
45 0.8 0.048 0.752
93 0.389241 0.048 0.341241
33 0.528 0.048 0.48
33 0.48 0.16 0.32
46 0.654459 0.16 0.494459
77 0.752 0.16 0.592
98 0.752 0.16 0.592
26 0.752 0.16 0.592
38 0.752 0.16 0.592
45 0.752 0.16 0.592
45 0.592 0.016 0.576
33 0.32 0.016 0.304
45 0.576 0.048 0.528
26 0.592 0.048 0.544
33 0.304 0.048 0.256
36 0.8 0.048 0.752
38 0.592 0.048 0.544
93 0.341241 0.16 0.181241
36 0.752 0.048 0.704
37 0.481584 0.048 0.433584
38 0.544 0.048 0.496
45 0.528 0.048 0.48
46 0.494459 0.048 0.446459
18 0.456296 0.048 0.408296
58 0.607655 0.048 0.559655
77 0.67176 0.048 0.62376
93 0.181241 0.048 0.133241
98 0.592 0.048 0.544
46 0.446459 0.048 0.398459
46 0.398459 0.16 0.238459
18 0.408296 0.16 0.248296
58 0.559655 0.16 0.399655
77 0.62376 0.16 0.46376
93 0.133241 0.16 -0.0267588
98 0.544 0.16 0.384
44 0.52076 0.048 0.47276
6 0.685667 0.048 0.637667
10 0.418883 0.048 0.370883
27 0.39785 0.048 0.34985
75 0.8 0.048 0.752
81 0.73184 0.048 0.68384
44 0.47276 0.096 0.37676
44 0.37676 0.16 0.21676
6 0.637667 0.16 0.477667
10 0.370883 0.16 0.210883
27 0.34985 0.16 0.18985
75 0.752 0.16 0.592
81 0.68384 0.16 0.52384
76 0.723408 0.048 0.675408
13 0.707384 0.048 0.659384
22 0.8 0.048 0.752
28 0.465652 0.048 0.417652
51 0.648676 0.048 0.600676
69 0.8 0.048 0.752
78 0.582125 0.048 0.534125
80 0.642252 0.048 0.594252
82 0.484683 0.048 0.436683
95 0.8 0.048 0.752
76 0.675408 0.096 0.579408
76 0.579408 0.16 0.419408
13 0.659384 0.16 0.499384
22 0.752 0.16 0.592
28 0.417652 0.16 0.257652
51 0.600676 0.16 0.440676
69 0.752 0.16 0.592
78 0.534125 0.16 0.374125
80 0.594252 0.16 0.434252
82 0.436683 0.16 0.276683
95 0.752 0.16 0.592
39 0.8 0.048 0.752
3 0.794362 0.048 0.746362
12 0.8 0.048 0.752
19 0.750009 0.048 0.702009
50 0.8 0.048 0.752
92 0.8 0.048 0.752
39 0.752 0.144 0.608
39 0.608 0.16 0.448
3 0.746362 0.16 0.586362
12 0.752 0.16 0.592
12 0.592 0.016 0.576
39 0.448 0.016 0.432
12 0.576 0.048 0.528
3 0.586362 0.048 0.538362
19 0.702009 0.048 0.654009
39 0.432 0.048 0.384
50 0.752 0.048 0.704
92 0.752 0.048 0.704
12 0.528 0.096 0.432
12 0.432 0.16 0.272
19 0.654009 0.16 0.494009
50 0.704 0.16 0.544
92 0.704 0.16 0.544
3 0.538362 0.16 0.378362
19 0.494009 0.16 0.334009
39 0.384 0.16 0.224
50 0.544 0.16 0.384
92 0.544 0.16 0.384
72 0.8 0.048 0.752
4 0.8 0.048 0.752
65 0.8 0.048 0.752
89 0.8 0.048 0.752
17 0.8 0.048 0.752
47 0.8 0.048 0.752
54 0.8 0.048 0.752
83 0.8 0.048 0.752
99 0.8 0.048 0.752
89 0.752 0.144 0.608
89 0.608 0.16 0.448
17 0.752 0.16 0.592
17 0.592 0.016 0.576
89 0.448 0.016 0.432
17 0.576 0.048 0.528
1 0.8 0.048 0.752
7 0.8 0.048 0.752
11 0.8 0.048 0.752
47 0.752 0.048 0.704
89 0.432 0.048 0.384
17 0.528 0.048 0.48
17 0.48 0.16 0.32
47 0.704 0.16 0.544
54 0.752 0.16 0.592
83 0.752 0.16 0.592
99 0.752 0.16 0.592
1 0.752 0.16 0.592
1 0.592 0.016 0.576
17 0.32 0.016 0.304
1 0.576 0.048 0.528
7 0.752 0.048 0.704
11 0.752 0.048 0.704
17 0.304 0.048 0.256
47 0.544 0.048 0.496
7 0.704 0.16 0.544
11 0.704 0.16 0.544
47 0.496 0.16 0.336
89 0.384 0.16 0.224
62 0.673264 0.048 0.625264
21 0.8 0.048 0.752
48 0.714498 0.048 0.666498
61 0.560367 0.048 0.512367
67 0.322322 0.048 0.274322
79 0.515915 0.048 0.467915
97 0.388395 0.048 0.340395
99 0.592 0.048 0.544
54 0.592 0.048 0.544
83 0.592 0.048 0.544
88 0.8 0.048 0.752
89 0.224 0.048 0.176
99 0.544 0.096 0.448
99 0.448 0.16 0.288
54 0.544 0.16 0.384
83 0.544 0.16 0.384
88 0.752 0.16 0.592
89 0.176 0.16 0.016
60 0.8 0.048 0.752
35 0.8 0.048 0.752
41 0.697655 0.048 0.649655
52 0.748936 0.048 0.700936
57 0.8 0.048 0.752
59 0.8 0.048 0.752
63 0.8 0.048 0.752
88 0.592 0.048 0.544
91 0.8 0.048 0.752
60 0.752 0.192 0.56
60 0.56 0.16 0.4
35 0.752 0.16 0.592
41 0.649655 0.16 0.489655
52 0.700936 0.16 0.540936
57 0.752 0.16 0.592
59 0.752 0.16 0.592
63 0.752 0.16 0.592
88 0.544 0.16 0.384
91 0.752 0.16 0.592
43 0.8 0.048 0.752
40 0.8 0.048 0.752
69 0.738698 0.048 0.690698
31 0.8 0.048 0.752
34 0.8 0.048 0.752
34 0.752 0.048 0.704
31 0.752 0.048 0.704
23 0.8 0.048 0.752
87 0.8 0.048 0.752
23 0.752 0.048 0.704
23 0.704 0.16 0.544
23 0.544 0.016 0.528
87 0.752 0.16 0.592
92 0.53145 0.048 0.48345
12 0.420522 0.048 0.372522
39 0.378595 0.048 0.330595
50 0.527625 0.048 0.479625
100 0.8 0.048 0.752
14 0.8 0.048 0.752
15 0.8 0.048 0.752
70 0.8 0.048 0.752
85 0.8 0.048 0.752
14 0.752 0.048 0.704
14 0.704 0.16 0.544
15 0.752 0.16 0.592
70 0.752 0.16 0.592
70 0.592 0.016 0.576
14 0.544 0.016 0.528
70 0.576 0.048 0.528
14 0.528 0.048 0.48
85 0.752 0.048 0.704
85 0.704 0.16 0.544
66 0.8 0.048 0.752
2 0.8 0.048 0.752
71 0.8 0.048 0.752
35 0.735536 0.048 0.687536
55 0.8 0.048 0.752
59 0.7445 0.048 0.6965
72 0.8 0.048 0.752
91 0.736898 0.048 0.688898
71 0.752 0.048 0.704
71 0.704 0.16 0.544
35 0.687536 0.16 0.527536
55 0.752 0.16 0.592
59 0.6965 0.16 0.5365
59 0.5365 0.016 0.5205
71 0.544 0.016 0.528
59 0.5205 0.048 0.4725
35 0.527536 0.048 0.479536
52 0.682578 0.048 0.634578
55 0.592 0.048 0.544
60 0.549434 0.048 0.501434
63 0.741879 0.048 0.693879
71 0.528 0.048 0.48
91 0.688898 0.048 0.640898
72 0.752 0.16 0.592
91 0.640898 0.16 0.480898
64 0.8 0.048 0.752
25 0.8 0.048 0.752
73 0.8 0.048 0.752
96 0.8 0.048 0.752
64 0.752 0.048 0.704
64 0.704 0.16 0.544
25 0.752 0.16 0.592
73 0.752 0.16 0.592
96 0.752 0.16 0.592
96 0.592 0.016 0.576
64 0.544 0.016 0.528
96 0.576 0.048 0.528
64 0.528 0.048 0.48
73 0.592 0.048 0.544
86 0.8 0.048 0.752
30 0.8 0.048 0.752
42 0.8 0.048 0.752
56 0.8 0.048 0.752
90 0.8 0.048 0.752
86 0.752 0.048 0.704
86 0.704 0.16 0.544
30 0.752 0.16 0.592
42 0.752 0.16 0.592
56 0.752 0.16 0.592
90 0.752 0.16 0.592
90 0.592 0.016 0.576
86 0.544 0.016 0.528
90 0.576 0.048 0.528
30 0.592 0.048 0.544
42 0.592 0.048 0.544
56 0.592 0.048 0.544
75 0.8 0.048 0.752
86 0.528 0.048 0.48
74 0.8 0.048 0.752
25 0.592 0.048 0.544
37 0.8 0.048 0.752
94 0.796475 0.048 0.748475
45 0.8 0.048 0.752
26 0.8 0.048 0.752
33 0.635325 0.048 0.587325
36 0.8 0.048 0.752
38 0.8 0.048 0.752
67 0.583243 0.048 0.535243
18 0.624582 0.048 0.576582
48 0.8 0.048 0.752
61 0.8 0.048 0.752
62 0.8 0.048 0.752
79 0.775107 0.048 0.727107
97 0.644403 0.048 0.596403
67 0.535243 0.048 0.487243
67 0.487243 0.16 0.327243
18 0.576582 0.16 0.416582
48 0.752 0.16 0.592
61 0.752 0.16 0.592
62 0.752 0.16 0.592
79 0.727107 0.16 0.567107
79 0.567107 0.016 0.551107
67 0.327243 0.016 0.311243
79 0.551107 0.048 0.503107
48 0.592 0.048 0.544
61 0.592 0.048 0.544
62 0.592 0.048 0.544
67 0.311243 0.048 0.263243
97 0.596403 0.048 0.548403
97 0.548403 0.16 0.388403
36 0.752 0.048 0.704
37 0.752 0.048 0.704
38 0.752 0.048 0.704
45 0.752 0.048 0.704
27 0.555966 0.048 0.507966
6 0.8 0.048 0.752
10 0.58821 0.048 0.54021
42 0.620167 0.048 0.572167
44 0.594279 0.048 0.546279
75 0.8 0.048 0.752
81 0.8 0.048 0.752
27 0.507966 0.144 0.363966
27 0.363966 0.16 0.203966
6 0.752 0.16 0.592
6 0.592 0.016 0.576
27 0.203966 0.016 0.187966
6 0.576 0.048 0.528
10 0.54021 0.048 0.49221
27 0.187966 0.048 0.139966
30 0.614898 0.048 0.566898
42 0.572167 0.048 0.524167
44 0.546279 0.048 0.498279
75 0.752 0.048 0.704
10 0.49221 0.16 0.33221
42 0.524167 0.16 0.364167
44 0.498279 0.16 0.338279
75 0.704 0.16 0.544
81 0.752 0.16 0.592
72 0.737008 0.048 0.689008
4 0.8 0.048 0.752
65 0.8 0.048 0.752
71 0.638481 0.048 0.590481
72 0.689008 0.048 0.641008
72 0.641008 0.16 0.481008
4 0.752 0.16 0.592
65 0.752 0.16 0.592
71 0.590481 0.16 0.430481
81 0.592 0.048 0.544
10 0.406244 0.048 0.358244
27 0.139966 0.048 0.0919658
44 0.40933 0.048 0.36133
1 0.8 0.048 0.752
7 0.8 0.048 0.752
11 0.8 0.048 0.752
17 0.636271 0.048 0.588271
47 0.705347 0.048 0.657347
62 0.692117 0.048 0.644117
21 0.8 0.048 0.752
48 0.619152 0.048 0.571152
61 0.621097 0.048 0.573097
67 0.337078 0.048 0.289078
79 0.575055 0.048 0.527055
97 0.4631 0.048 0.4151
43 0.8 0.048 0.752
40 0.8 0.048 0.752
69 0.8 0.048 0.752
31 0.8 0.048 0.752
34 0.8 0.048 0.752
34 0.752 0.048 0.704
31 0.752 0.048 0.704
95 0.8 0.048 0.752
22 0.8 0.048 0.752
40 0.8 0.048 0.752
69 0.752 0.048 0.704
76 0.8 0.048 0.752
78 0.8 0.048 0.752
80 0.8 0.048 0.752
82 0.8 0.048 0.752
95 0.752 0.048 0.704
95 0.704 0.16 0.544
22 0.752 0.16 0.592
40 0.752 0.16 0.592
69 0.704 0.16 0.544
76 0.752 0.16 0.592
78 0.752 0.16 0.592
80 0.752 0.16 0.592
80 0.592 0.016 0.576
95 0.544 0.016 0.528
80 0.576 0.048 0.528
13 0.8 0.048 0.752
22 0.592 0.048 0.544
28 0.774743 0.048 0.726743
40 0.592 0.048 0.544
51 0.8 0.048 0.752
76 0.592 0.048 0.544
78 0.592 0.048 0.544
82 0.752 0.048 0.704
95 0.528 0.048 0.48
80 0.528 0.048 0.48
80 0.48 0.16 0.32
82 0.704 0.16 0.544
13 0.752 0.16 0.592
22 0.544 0.16 0.384
28 0.726743 0.16 0.566743
28 0.566743 0.016 0.550743
80 0.32 0.016 0.304
28 0.550743 0.048 0.502743
13 0.592 0.048 0.544
51 0.752 0.048 0.704
53 0.8 0.048 0.752
76 0.544 0.048 0.496
78 0.544 0.048 0.496
80 0.304 0.048 0.256
82 0.544 0.048 0.496
28 0.502743 0.048 0.454743
28 0.454743 0.16 0.294743
40 0.544 0.16 0.384
51 0.704 0.16 0.544
76 0.496 0.16 0.336
78 0.496 0.16 0.336
82 0.496 0.16 0.336
95 0.48 0.16 0.32
13 0.544 0.16 0.384
51 0.544 0.16 0.384
53 0.752 0.16 0.592
53 0.592 0.016 0.576
28 0.294743 0.016 0.278743
53 0.576 0.048 0.528
13 0.384 0.048 0.336
28 0.278743 0.048 0.230743
29 0.8 0.048 0.752
49 0.8 0.048 0.752
51 0.384 0.048 0.336
68 0.8 0.048 0.752
78 0.336 0.048 0.288
53 0.528 0.048 0.48
53 0.48 0.16 0.32
76 0.336 0.16 0.176
78 0.288 0.16 0.128
80 0.256 0.16 0.096
82 0.336 0.16 0.176
13 0.336 0.16 0.176
28 0.230743 0.16 0.0707435
29 0.752 0.16 0.592
49 0.752 0.16 0.592
51 0.336 0.16 0.176
68 0.752 0.16 0.592
68 0.592 0.016 0.576
53 0.32 0.016 0.304
68 0.576 0.048 0.528
29 0.592 0.048 0.544
49 0.592 0.048 0.544
53 0.304 0.048 0.256
78 0.128 0.16 -0.032
92 0.8 0.048 0.752
12 0.749801 0.048 0.701801
39 0.707123 0.048 0.659123
50 0.8 0.048 0.752
92 0.752 0.048 0.704
92 0.704 0.16 0.544
12 0.701801 0.16 0.541801
39 0.659123 0.16 0.499123
39 0.499123 0.016 0.483123
92 0.544 0.016 0.528
39 0.483123 0.048 0.435123
3 0.8 0.048 0.752
12 0.541801 0.048 0.493801
19 0.8 0.048 0.752
50 0.752 0.048 0.704
92 0.528 0.048 0.48
39 0.435123 0.048 0.387123
39 0.387123 0.16 0.227123
50 0.704 0.16 0.544
3 0.752 0.16 0.592
12 0.493801 0.16 0.333801
19 0.752 0.16 0.592
19 0.592 0.016 0.576
39 0.227123 0.016 0.211123
19 0.576 0.048 0.528
3 0.592 0.048 0.544
12 0.333801 0.048 0.285801
39 0.211123 0.048 0.163123
50 0.544 0.048 0.496
50 0.496 0.16 0.336
92 0.48 0.16 0.32
100 0.8 0.048 0.752
70 0.8 0.048 0.752
14 0.8 0.048 0.752
15 0.8 0.048 0.752
85 0.8 0.048 0.752
66 0.8 0.048 0.752
2 0.8 0.048 0.752
59 0.8 0.048 0.752
35 0.8 0.048 0.752
52 0.8 0.048 0.752
55 0.8 0.048 0.752
60 0.8 0.048 0.752
63 0.8 0.048 0.752
91 0.8 0.048 0.752
96 0.8 0.048 0.752
64 0.8 0.048 0.752
73 0.8 0.048 0.752
90 0.8 0.048 0.752
30 0.8 0.048 0.752
42 0.669746 0.048 0.621746
56 0.8 0.048 0.752
75 0.8 0.048 0.752
86 0.8 0.048 0.752
74 0.8 0.048 0.752
25 0.8 0.048 0.752
37 0.8 0.048 0.752
94 0.8 0.048 0.752
45 0.8 0.048 0.752
26 0.8 0.048 0.752
33 0.8 0.048 0.752
36 0.8 0.048 0.752
38 0.8 0.048 0.752
79 0.8 0.048 0.752
48 0.8 0.048 0.752
61 0.8 0.048 0.752
62 0.8 0.048 0.752
67 0.596069 0.048 0.548069
97 0.706527 0.048 0.658527
88 0.8 0.048 0.752
41 0.8 0.048 0.752
57 0.8 0.048 0.752
60 0.8 0.048 0.752
83 0.8 0.048 0.752
88 0.752 0.096 0.656
88 0.656 0.16 0.496
41 0.752 0.16 0.592
57 0.752 0.16 0.592
57 0.592 0.016 0.576
88 0.496 0.016 0.48
57 0.576 0.048 0.528
41 0.592 0.048 0.544
52 0.8 0.048 0.752
60 0.752 0.048 0.704
63 0.8 0.048 0.752
83 0.752 0.048 0.704
88 0.48 0.048 0.432
57 0.528 0.048 0.48
57 0.48 0.16 0.32
60 0.704 0.16 0.544
83 0.704 0.16 0.544
41 0.544 0.16 0.384
52 0.752 0.16 0.592
60 0.544 0.16 0.384
63 0.752 0.16 0.592
83 0.544 0.16 0.384
88 0.432 0.16 0.272
36 0.752 0.048 0.704
26 0.752 0.048 0.704
37 0.752 0.048 0.704
38 0.752 0.048 0.704
45 0.752 0.048 0.704
6 0.8 0.048 0.752
10 0.648745 0.048 0.600745
27 0.467646 0.048 0.419646
42 0.699804 0.048 0.651804
44 0.662396 0.048 0.614396
75 0.8 0.048 0.752
6 0.752 0.048 0.704
6 0.704 0.16 0.544
10 0.600745 0.16 0.440745
27 0.419646 0.16 0.259646
42 0.651804 0.16 0.491804
44 0.614396 0.16 0.454396
75 0.752 0.16 0.592
81 0.8 0.048 0.752
6 0.544 0.048 0.496
10 0.519972 0.048 0.471972
27 0.259646 0.048 0.211646
44 0.525923 0.048 0.477923
1 0.8 0.048 0.752
7 0.8 0.048 0.752
11 0.8 0.048 0.752
17 0.8 0.048 0.752
47 0.8 0.048 0.752
89 0.786117 0.048 0.738117
62 0.8 0.048 0.752
48 0.8 0.048 0.752
61 0.8 0.048 0.752
67 0.625758 0.048 0.577758
79 0.8 0.048 0.752
97 0.736904 0.048 0.688904
62 0.752 0.048 0.704
62 0.704 0.16 0.544
48 0.752 0.16 0.592
61 0.752 0.16 0.592
67 0.577758 0.16 0.417758
79 0.752 0.16 0.592
97 0.688904 0.16 0.528904
43 0.8 0.048 0.752
40 0.691742 0.048 0.643742
69 0.8 0.048 0.752
31 0.8 0.048 0.752
34 0.8 0.048 0.752
34 0.752 0.048 0.704
31 0.752 0.048 0.704
68 0.8 0.048 0.752
13 0.549838 0.048 0.501838
29 0.8 0.048 0.752
49 0.8 0.048 0.752
53 0.638011 0.048 0.590011
19 0.8 0.048 0.752
3 0.8 0.048 0.752
12 0.655169 0.048 0.607169
39 0.525471 0.048 0.477471
50 0.702861 0.048 0.654861
19 0.752 0.048 0.704
19 0.704 0.16 0.544
19 0.544 0.016 0.528
3 0.752 0.16 0.592
12 0.607169 0.16 0.447169
39 0.477471 0.16 0.317471
50 0.654861 0.16 0.494861
100 0.8 0.048 0.752
87 0.8 0.048 0.752
100 0.752 0.048 0.704
100 0.704 0.16 0.544
87 0.752 0.16 0.592
87 0.592 0.016 0.576
100 0.544 0.016 0.528
87 0.576 0.048 0.528
23 0.8 0.048 0.752
100 0.528 0.048 0.48
87 0.528 0.048 0.48
87 0.48 0.16 0.32
23 0.752 0.16 0.592
23 0.592 0.016 0.576
87 0.32 0.016 0.304
23 0.576 0.048 0.528
87 0.304 0.048 0.256
100 0.48 0.16 0.32
70 0.8 0.048 0.752
14 0.8 0.048 0.752
85 0.8 0.048 0.752
66 0.8 0.048 0.752
2 0.8 0.048 0.752
59 0.8 0.048 0.752
35 0.8 0.048 0.752
52 0.8 0.048 0.752
55 0.8 0.048 0.752
60 0.687088 0.048 0.639088
63 0.8 0.048 0.752
71 0.8 0.048 0.752
91 0.8 0.048 0.752
24 0.8 0.048 0.752
5 0.8 0.048 0.752
9 0.8 0.048 0.752
20 0.8 0.048 0.752
32 0.8 0.048 0.752
24 0.752 0.048 0.704
24 0.704 0.16 0.544
5 0.752 0.16 0.592
9 0.752 0.16 0.592
9 0.592 0.016 0.576
24 0.544 0.016 0.528
9 0.576 0.048 0.528
5 0.592 0.048 0.544
20 0.752 0.048 0.704
24 0.528 0.048 0.48
32 0.752 0.048 0.704
20 0.704 0.16 0.544
32 0.704 0.16 0.544
96 0.8 0.048 0.752
64 0.8 0.048 0.752
73 0.8 0.048 0.752
90 0.8 0.048 0.752
30 0.8 0.048 0.752
42 0.796975 0.048 0.748975
56 0.8 0.048 0.752
75 0.8 0.048 0.752
86 0.8 0.048 0.752
74 0.8 0.048 0.752
25 0.8 0.048 0.752
37 0.8 0.048 0.752
94 0.8 0.048 0.752
45 0.8 0.048 0.752
26 0.8 0.048 0.752
33 0.8 0.048 0.752
36 0.8 0.048 0.752
38 0.8 0.048 0.752
79 0.8 0.048 0.752
48 0.8 0.048 0.752
61 0.8 0.048 0.752
62 0.77086 0.048 0.72286
67 0.712842 0.048 0.664842
97 0.8 0.048 0.752
36 0.752 0.048 0.704
26 0.752 0.048 0.704
37 0.752 0.048 0.704
38 0.752 0.048 0.704
2 0.8 0.048 0.752
66 0.8 0.048 0.752
81 0.8 0.048 0.752
10 0.8 0.048 0.752
27 0.59175 0.048 0.54375
44 0.8 0.048 0.752
81 0.752 0.096 0.656
81 0.656 0.16 0.496
10 0.752 0.16 0.592
27 0.54375 0.16 0.38375
44 0.752 0.16 0.592
80 0.770074 0.048 0.722074
22 0.8 0.048 0.752
28 0.674047 0.048 0.626047
40 0.8 0.048 0.752
51 0.760449 0.048 0.712449
69 0.8 0.048 0.752
76 0.768711 0.048 0.720711
78 0.59012 0.048 0.54212
82 0.777143 0.048 0.729143
95 0.8 0.048 0.752
80 0.722074 0.096 0.626074
80 0.626074 0.16 0.466074
22 0.752 0.16 0.592
28 0.626047 0.16 0.466047
40 0.752 0.16 0.592
51 0.712449 0.16 0.552449
69 0.752 0.16 0.592
76 0.720711 0.16 0.560711
78 0.54212 0.16 0.38212
82 0.729143 0.16 0.569143
95 0.752 0.16 0.592
95 0.592 0.016 0.576
80 0.466074 0.016 0.450074
95 0.576 0.048 0.528
22 0.592 0.048 0.544
40 0.592 0.048 0.544
69 0.592 0.048 0.544
76 0.560711 0.048 0.512711
80 0.450074 0.048 0.402074
82 0.569143 0.048 0.521143
1 0.8 0.048 0.752
7 0.8 0.048 0.752
11 0.8 0.048 0.752
17 0.8 0.048 0.752
47 0.8 0.048 0.752
43 0.8 0.048 0.752
40 0.544 0.048 0.496
95 0.603048 0.048 0.555048
31 0.8 0.048 0.752
34 0.8 0.048 0.752
34 0.752 0.048 0.704
31 0.752 0.048 0.704
68 0.8 0.048 0.752
13 0.8 0.048 0.752
29 0.8 0.048 0.752
49 0.8 0.048 0.752
53 0.8 0.048 0.752
23 0.8 0.048 0.752
87 0.635719 0.048 0.587719
70 0.8 0.048 0.752
14 0.8 0.048 0.752
85 0.8 0.048 0.752
66 0.8 0.048 0.752
2 0.8 0.048 0.752
59 0.8 0.048 0.752
35 0.8 0.048 0.752
52 0.8 0.048 0.752
55 0.8 0.048 0.752
60 0.8 0.048 0.752
63 0.8 0.048 0.752
71 0.8 0.048 0.752
91 0.8 0.048 0.752
9 0.8 0.048 0.752
5 0.8 0.048 0.752
20 0.8 0.048 0.752
24 0.8 0.048 0.752
32 0.8 0.048 0.752
96 0.8 0.048 0.752
64 0.8 0.048 0.752
73 0.8 0.048 0.752
19 0.8 0.048 0.752
3 0.8 0.048 0.752
12 0.8 0.048 0.752
39 0.8 0.048 0.752
50 0.8 0.048 0.752
19 0.752 0.048 0.704
19 0.704 0.16 0.544
3 0.752 0.16 0.592
12 0.752 0.16 0.592
39 0.752 0.16 0.592
39 0.592 0.016 0.576
19 0.544 0.016 0.528
39 0.576 0.048 0.528
3 0.592 0.048 0.544
12 0.592 0.048 0.544
19 0.528 0.048 0.48
50 0.752 0.048 0.704
92 0.8 0.048 0.752
39 0.528 0.048 0.48
39 0.48 0.16 0.32
50 0.704 0.16 0.544
3 0.544 0.16 0.384
12 0.544 0.16 0.384
19 0.48 0.16 0.32
50 0.544 0.16 0.384
92 0.752 0.16 0.592
92 0.592 0.016 0.576
39 0.32 0.016 0.304
92 0.576 0.048 0.528
12 0.384 0.048 0.336
39 0.304 0.048 0.256
50 0.384 0.048 0.336
90 0.8 0.048 0.752
30 0.8 0.048 0.752
42 0.8 0.048 0.752
56 0.8 0.048 0.752
75 0.8 0.048 0.752
86 0.8 0.048 0.752
74 0.8 0.048 0.752
25 0.8 0.048 0.752
37 0.8 0.048 0.752
94 0.8 0.048 0.752
74 0.752 0.048 0.704
74 0.704 0.16 0.544
74 0.544 0.016 0.528
25 0.752 0.16 0.592
37 0.752 0.16 0.592
94 0.752 0.16 0.592
45 0.8 0.048 0.752
26 0.8 0.048 0.752
33 0.8 0.048 0.752
36 0.8 0.048 0.752
38 0.8 0.048 0.752
45 0.752 0.048 0.704
45 0.704 0.16 0.544
45 0.544 0.016 0.528
26 0.752 0.16 0.592
33 0.752 0.16 0.592
36 0.752 0.16 0.592
38 0.752 0.16 0.592
79 0.8 0.048 0.752
18 0.8 0.048 0.752
48 0.8 0.048 0.752
61 0.8 0.048 0.752
62 0.8 0.048 0.752
67 0.8 0.048 0.752
97 0.8 0.048 0.752
36 0.592 0.048 0.544
37 0.592 0.048 0.544
38 0.592 0.048 0.544
45 0.528 0.048 0.48
36 0.544 0.048 0.496
36 0.496 0.16 0.336
36 0.336 0.016 0.32
37 0.544 0.16 0.384
38 0.544 0.16 0.384
45 0.48 0.16 0.32
2 0.8 0.048 0.752
66 0.8 0.048 0.752
41 0.8 0.048 0.752
52 0.8 0.048 0.752
57 0.8 0.048 0.752
60 0.8 0.048 0.752
63 0.8 0.048 0.752
88 0.8 0.048 0.752
41 0.752 0.048 0.704
41 0.704 0.16 0.544
52 0.752 0.16 0.592
57 0.752 0.16 0.592
60 0.752 0.16 0.592
63 0.752 0.16 0.592
88 0.752 0.16 0.592
88 0.592 0.016 0.576
41 0.544 0.016 0.528
88 0.576 0.048 0.528
41 0.528 0.048 0.48
54 0.8 0.048 0.752
57 0.592 0.048 0.544
83 0.8 0.048 0.752
88 0.528 0.048 0.48
88 0.48 0.16 0.32
41 0.48 0.16 0.32
54 0.752 0.16 0.592
54 0.592 0.016 0.576
88 0.32 0.016 0.304
54 0.576 0.048 0.528
83 0.752 0.048 0.704
88 0.304 0.048 0.256
89 0.8 0.048 0.752
99 0.8 0.048 0.752
54 0.528 0.048 0.48
54 0.48 0.16 0.32
57 0.544 0.16 0.384
83 0.704 0.16 0.544
83 0.544 0.16 0.384
88 0.256 0.16 0.096
89 0.752 0.16 0.592
89 0.592 0.016 0.576
54 0.32 0.016 0.304
89 0.576 0.048 0.528
47 0.8 0.048 0.752
54 0.304 0.048 0.256
83 0.384 0.048 0.336
99 0.752 0.048 0.704
99 0.704 0.16 0.544
95 0.8 0.048 0.752
22 0.8 0.048 0.752
40 0.8 0.048 0.752
43 0.8 0.048 0.752
69 0.8 0.048 0.752
76 0.8 0.048 0.752
80 0.77389 0.048 0.72589
82 0.8 0.048 0.752
1 0.8 0.048 0.752
7 0.8 0.048 0.752
11 0.8 0.048 0.752
17 0.8 0.048 0.752
47 0.8 0.048 0.752
43 0.8 0.048 0.752
40 0.752 0.048 0.704
69 0.8 0.048 0.752
95 0.8 0.048 0.752
31 0.8 0.048 0.752
34 0.8 0.048 0.752
34 0.752 0.048 0.704
31 0.752 0.048 0.704
68 0.8 0.048 0.752
29 0.8 0.048 0.752
49 0.8 0.048 0.752
53 0.8 0.048 0.752
53 0.8 0.048 0.752
13 0.8 0.048 0.752
28 0.8 0.048 0.752
29 0.752 0.048 0.704
49 0.8 0.048 0.752
51 0.8 0.048 0.752
68 0.752 0.048 0.704
53 0.752 0.048 0.704
53 0.704 0.16 0.544
13 0.752 0.16 0.592
28 0.752 0.16 0.592
28 0.592 0.016 0.576
53 0.544 0.016 0.528
28 0.576 0.048 0.528
13 0.592 0.048 0.544
22 0.8 0.048 0.752
49 0.752 0.048 0.704
51 0.752 0.048 0.704
53 0.528 0.048 0.48
76 0.8 0.048 0.752
78 0.8 0.048 0.752
80 0.8 0.048 0.752
82 0.8 0.048 0.752
28 0.528 0.048 0.48
28 0.48 0.16 0.32
29 0.704 0.16 0.544
49 0.704 0.16 0.544
51 0.704 0.16 0.544
68 0.704 0.16 0.544
13 0.544 0.16 0.384
22 0.752 0.16 0.592
49 0.544 0.16 0.384
51 0.544 0.16 0.384
53 0.48 0.16 0.32
76 0.752 0.16 0.592
78 0.752 0.16 0.592
80 0.752 0.16 0.592
80 0.592 0.016 0.576
28 0.32 0.016 0.304
80 0.576 0.048 0.528
22 0.592 0.048 0.544
28 0.304 0.048 0.256
40 0.8 0.048 0.752
51 0.384 0.048 0.336
69 0.8 0.048 0.752
76 0.592 0.048 0.544
78 0.592 0.048 0.544
82 0.752 0.048 0.704
95 0.8 0.048 0.752
82 0.704 0.16 0.544
23 0.8 0.048 0.752
87 0.8 0.048 0.752
70 0.8 0.048 0.752
14 0.8 0.048 0.752
85 0.8 0.048 0.752
66 0.8 0.048 0.752
2 0.8 0.048 0.752
59 0.8 0.048 0.752
35 0.8 0.048 0.752
52 0.8 0.048 0.752
55 0.8 0.048 0.752
60 0.8 0.048 0.752
63 0.8 0.048 0.752
71 0.8 0.048 0.752
91 0.8 0.048 0.752
9 0.8 0.048 0.752
5 0.8 0.048 0.752
20 0.8 0.048 0.752
24 0.8 0.048 0.752
32 0.8 0.048 0.752
96 0.8 0.048 0.752
64 0.8 0.048 0.752
73 0.8 0.048 0.752
92 0.8 0.048 0.752
12 0.716789 0.048 0.668789
39 0.638569 0.048 0.590569
50 0.707625 0.048 0.659625
54 0.557273 0.048 0.509273
83 0.636067 0.048 0.588067
88 0.403411 0.048 0.355411
89 0.8 0.048 0.752
99 0.8 0.048 0.752
90 0.8 0.048 0.752
30 0.8 0.048 0.752
42 0.8 0.048 0.752
56 0.8 0.048 0.752
75 0.8 0.048 0.752
86 0.8 0.048 0.752
10 0.8 0.048 0.752
6 0.8 0.048 0.752
27 0.8 0.048 0.752
44 0.8 0.048 0.752
75 0.8 0.048 0.752
81 0.8 0.048 0.752
10 0.752 0.048 0.704
10 0.704 0.16 0.544
6 0.752 0.16 0.592
27 0.752 0.16 0.592
27 0.592 0.016 0.576
10 0.544 0.016 0.528
27 0.576 0.048 0.528
6 0.592 0.048 0.544
10 0.528 0.048 0.48
42 0.752 0.048 0.704
44 0.752 0.048 0.704
75 0.752 0.048 0.704
81 0.752 0.048 0.704
44 0.704 0.16 0.544
75 0.704 0.16 0.544
81 0.704 0.16 0.544
79 0.8 0.048 0.752
48 0.8 0.048 0.752
61 0.8 0.048 0.752
62 0.8 0.048 0.752
67 0.8 0.048 0.752
97 0.8 0.048 0.752
79 0.752 0.048 0.704
79 0.704 0.16 0.544
79 0.544 0.016 0.528
48 0.752 0.16 0.592
61 0.752 0.16 0.592
62 0.752 0.16 0.592
67 0.752 0.16 0.592
97 0.752 0.16 0.592
17 0.8 0.048 0.752
1 0.8 0.048 0.752
7 0.8 0.048 0.752
11 0.8 0.048 0.752
47 0.8 0.048 0.752
2 0.8 0.048 0.752
66 0.8 0.048 0.752
89 0.8 0.048 0.752
47 0.752 0.048 0.704
54 0.583372 0.048 0.535372
83 0.662786 0.048 0.614786
99 0.8 0.048 0.752
95 0.8 0.048 0.752
22 0.766913 0.048 0.718913
40 0.8 0.048 0.752
43 0.8 0.048 0.752
69 0.8 0.048 0.752
76 0.688749 0.048 0.640749
80 0.758602 0.048 0.710602
82 0.774058 0.048 0.726058
1 0.8 0.048 0.752
7 0.8 0.048 0.752
11 0.8 0.048 0.752
17 0.8 0.048 0.752
47 0.780043 0.048 0.732043
43 0.8 0.048 0.752
40 0.752 0.048 0.704
69 0.8 0.048 0.752
95 0.8 0.048 0.752
31 0.8 0.048 0.752
34 0.8 0.048 0.752
34 0.752 0.048 0.704
31 0.752 0.048 0.704
86 0.8 0.048 0.752
30 0.8 0.048 0.752
42 0.8 0.048 0.752
56 0.8 0.048 0.752
75 0.696468 0.048 0.648468
90 0.8 0.048 0.752
87 0.8 0.048 0.752
23 0.8 0.048 0.752
68 0.8 0.048 0.752
16 0.8 0.048 0.752
29 0.8 0.048 0.752
49 0.680172 0.048 0.632172
53 0.625154 0.048 0.577154
93 0.8 0.048 0.752
33 0.8 0.048 0.752
46 0.8 0.048 0.752
77 0.8 0.048 0.752
93 0.752 0.096 0.656
93 0.656 0.16 0.496
33 0.752 0.16 0.592
46 0.752 0.16 0.592
77 0.752 0.16 0.592
77 0.592 0.016 0.576
93 0.496 0.016 0.48
77 0.576 0.048 0.528
18 0.8 0.048 0.752
46 0.592 0.048 0.544
58 0.8 0.048 0.752
93 0.48 0.048 0.432
98 0.8 0.048 0.752
80 0.8 0.048 0.752
13 0.762446 0.048 0.714446
22 0.8 0.048 0.752
28 0.633193 0.048 0.585193
40 0.8 0.048 0.752
51 0.711056 0.048 0.663056
69 0.8 0.048 0.752
76 0.8 0.048 0.752
78 0.8 0.048 0.752
82 0.8 0.048 0.752
95 0.8 0.048 0.752
23 0.8 0.048 0.752
87 0.8 0.048 0.752
70 0.8 0.048 0.752
14 0.8 0.048 0.752
85 0.8 0.048 0.752
66 0.8 0.048 0.752
2 0.8 0.048 0.752
19 0.8 0.048 0.752
66 0.752 0.048 0.704
66 0.704 0.16 0.544
2 0.752 0.16 0.592
19 0.752 0.16 0.592
19 0.592 0.016 0.576
66 0.544 0.016 0.528
19 0.576 0.048 0.528
3 0.8 0.048 0.752
66 0.528 0.048 0.48
59 0.8 0.048 0.752
35 0.8 0.048 0.752
52 0.8 0.048 0.752
55 0.8 0.048 0.752
60 0.8 0.048 0.752
63 0.8 0.048 0.752
71 0.8 0.048 0.752
91 0.8 0.048 0.752
9 0.8 0.048 0.752
5 0.8 0.048 0.752
20 0.8 0.048 0.752
24 0.8 0.048 0.752
31 0.8 0.048 0.752
32 0.8 0.048 0.752
96 0.8 0.048 0.752
64 0.8 0.048 0.752
73 0.8 0.048 0.752
92 0.8 0.048 0.752
12 0.8 0.048 0.752
39 0.8 0.048 0.752
50 0.8 0.048 0.752
54 0.8 0.048 0.752
83 0.8 0.048 0.752
89 0.8 0.048 0.752
99 0.8 0.048 0.752
90 0.8 0.048 0.752
30 0.8 0.048 0.752
42 0.8 0.048 0.752
56 0.8 0.048 0.752
75 0.792792 0.048 0.744792
86 0.8 0.048 0.752
27 0.8 0.048 0.752
6 0.8 0.048 0.752
10 0.8 0.048 0.752
42 0.752 0.048 0.704
44 0.8 0.048 0.752
75 0.8 0.048 0.752
81 0.8 0.048 0.752
17 0.8 0.048 0.752
1 0.8 0.048 0.752
7 0.8 0.048 0.752
11 0.8 0.048 0.752
47 0.8 0.048 0.752
2 0.736399 0.048 0.688399
66 0.626024 0.048 0.578024
2 0.688399 0.048 0.640399
2 0.640399 0.16 0.480399
66 0.578024 0.16 0.418024
89 0.8 0.048 0.752
47 0.752 0.048 0.704
54 0.8 0.048 0.752
83 0.8 0.048 0.752
99 0.8 0.048 0.752
95 0.8 0.048 0.752
22 0.8 0.048 0.752
40 0.8 0.048 0.752
43 0.8 0.048 0.752
69 0.8 0.048 0.752
76 0.8 0.048 0.752
80 0.8 0.048 0.752
82 0.8 0.048 0.752
95 0.752 0.048 0.704
95 0.704 0.16 0.544
95 0.544 0.016 0.528
22 0.752 0.16 0.592
40 0.752 0.16 0.592
43 0.752 0.16 0.592
69 0.752 0.16 0.592
76 0.752 0.16 0.592
80 0.752 0.16 0.592
82 0.752 0.16 0.592
1 0.8 0.048 0.752
7 0.8 0.048 0.752
11 0.8 0.048 0.752
17 0.8 0.048 0.752
47 0.774377 0.048 0.726377
84 0.8 0.048 0.752
1 0.752 0.048 0.704
1 0.704 0.16 0.544
7 0.752 0.16 0.592
11 0.752 0.16 0.592
17 0.752 0.16 0.592
47 0.726377 0.16 0.566377
84 0.752 0.16 0.592
84 0.592 0.016 0.576
1 0.544 0.016 0.528
84 0.576 0.048 0.528
1 0.528 0.048 0.48
7 0.592 0.048 0.544
11 0.592 0.048 0.544
43 0.665663 0.048 0.617663
40 0.592 0.048 0.544
69 0.668115 0.048 0.620115
95 0.606141 0.048 0.558141
43 0.617663 0.048 0.569663
43 0.569663 0.16 0.409663
40 0.544 0.16 0.384
69 0.620115 0.16 0.460115
95 0.558141 0.16 0.398141
31 0.8 0.048 0.752
34 0.8 0.048 0.752
34 0.752 0.048 0.704
31 0.752 0.048 0.704
86 0.8 0.048 0.752
56 0.8 0.048 0.752
75 0.8 0.048 0.752
90 0.8 0.048 0.752
87 0.8 0.048 0.752
23 0.8 0.048 0.752
68 0.8 0.048 0.752
16 0.8 0.048 0.752
29 0.8 0.048 0.752
49 0.8 0.048 0.752
53 0.8 0.048 0.752
77 0.8 0.048 0.752
18 0.8 0.048 0.752
46 0.8 0.048 0.752
58 0.8 0.048 0.752
98 0.8 0.048 0.752
80 0.74104 0.048 0.69304
13 0.8 0.048 0.752
22 0.742067 0.048 0.694067
28 0.8 0.048 0.752
40 0.534241 0.048 0.486241
51 0.8 0.048 0.752
69 0.540038 0.048 0.492038
76 0.8 0.048 0.752
78 0.8 0.048 0.752
82 0.74423 0.048 0.69623
95 0.477646 0.048 0.429646
23 0.8 0.048 0.752
87 0.8 0.048 0.752
70 0.8 0.048 0.752
14 0.8 0.048 0.752
85 0.8 0.048 0.752
19 0.8 0.048 0.752
3 0.8 0.048 0.752
66 0.642505 0.048 0.594505
59 0.8 0.048 0.752
35 0.8 0.048 0.752
52 0.8 0.048 0.752
55 0.8 0.048 0.752
60 0.8 0.048 0.752
63 0.8 0.048 0.752
71 0.8 0.048 0.752
91 0.8 0.048 0.752
9 0.8 0.048 0.752
5 0.8 0.048 0.752
20 0.8 0.048 0.752
24 0.8 0.048 0.752
32 0.8 0.048 0.752
96 0.8 0.048 0.752
64 0.8 0.048 0.752
73 0.8 0.048 0.752
92 0.8 0.048 0.752
12 0.8 0.048 0.752
39 0.8 0.048 0.752
50 0.8 0.048 0.752
65 0.8 0.048 0.752
4 0.8 0.048 0.752
72 0.8 0.048 0.752
65 0.752 0.048 0.704
65 0.704 0.16 0.544
65 0.544 0.016 0.528
4 0.752 0.16 0.592
72 0.752 0.16 0.592
54 0.8 0.048 0.752
83 0.8 0.048 0.752
88 0.8 0.048 0.752
89 0.8 0.048 0.752
99 0.8 0.048 0.752
54 0.752 0.048 0.704
54 0.704 0.16 0.544
83 0.752 0.16 0.592
88 0.752 0.16 0.592
88 0.592 0.016 0.576
54 0.544 0.016 0.528
88 0.576 0.048 0.528
41 0.8 0.048 0.752
54 0.528 0.048 0.48
57 0.8 0.048 0.752
83 0.592 0.048 0.544
88 0.528 0.048 0.48
88 0.48 0.16 0.32
89 0.752 0.16 0.592
99 0.752 0.16 0.592
41 0.752 0.16 0.592
41 0.592 0.016 0.576
88 0.32 0.016 0.304
41 0.576 0.048 0.528
52 0.752 0.048 0.704
57 0.752 0.048 0.704
60 0.752 0.048 0.704
63 0.8 0.048 0.752
88 0.304 0.048 0.256
54 0.48 0.16 0.32
57 0.704 0.16 0.544
83 0.544 0.16 0.384
90 0.8 0.048 0.752
30 0.8 0.048 0.752
42 0.8 0.048 0.752
56 0.8 0.048 0.752
75 0.8 0.048 0.752
86 0.8 0.048 0.752
27 0.8 0.048 0.752
6 0.8 0.048 0.752
10 0.8 0.048 0.752
44 0.8 0.048 0.752
75 0.8 0.048 0.752
81 0.8 0.048 0.752
17 0.8 0.048 0.752
1 0.78721 0.048 0.73921
7 0.8 0.048 0.752
11 0.8 0.048 0.752
47 0.8 0.048 0.752
17 0.752 0.048 0.704
17 0.704 0.16 0.544
1 0.73921 0.16 0.57921
1 0.57921 0.016 0.56321
17 0.544 0.016 0.528
1 0.56321 0.048 0.51521
7 0.752 0.048 0.704
11 0.752 0.048 0.704
17 0.528 0.048 0.48
47 0.752 0.048 0.704
84 0.8 0.048 0.752
7 0.704 0.16 0.544
11 0.704 0.16 0.544
47 0.704 0.16 0.544
14 0.8 0.048 0.752
15 0.8 0.048 0.752
70 0.8 0.048 0.752
85 0.8 0.048 0.752
89 0.665598 0.048 0.617598
47 0.544 0.048 0.496
54 0.394222 0.048 0.346222
83 0.457341 0.048 0.409341
99 0.667994 0.048 0.619994
28 0.8 0.048 0.752
13 0.8 0.048 0.752
22 0.8 0.048 0.752
51 0.8 0.048 0.752
76 0.8 0.048 0.752
78 0.8 0.048 0.752
80 0.8 0.048 0.752
82 0.8 0.048 0.752
39 0.8 0.048 0.752
3 0.8 0.048 0.752
12 0.8 0.048 0.752
19 0.8 0.048 0.752
50 0.8 0.048 0.752
92 0.8 0.048 0.752
84 0.8 0.048 0.752
1 0.588083 0.048 0.540083
7 0.616741 0.048 0.568741
11 0.622245 0.048 0.574245
31 0.8 0.048 0.752
34 0.8 0.048 0.752
34 0.752 0.048 0.704
31 0.752 0.048 0.704
86 0.8 0.048 0.752
30 0.8 0.048 0.752
42 0.8 0.048 0.752
56 0.8 0.048 0.752
75 0.8 0.048 0.752
90 0.8 0.048 0.752
87 0.8 0.048 0.752
23 0.8 0.048 0.752
68 0.8 0.048 0.752
16 0.8 0.048 0.752
29 0.8 0.048 0.752
49 0.8 0.048 0.752
53 0.8 0.048 0.752
77 0.8 0.048 0.752
46 0.8 0.048 0.752
58 0.8 0.048 0.752
93 0.8 0.048 0.752
98 0.8 0.048 0.752
80 0.8 0.048 0.752
22 0.8 0.048 0.752
28 0.8 0.048 0.752
40 0.8 0.048 0.752
51 0.8 0.048 0.752
69 0.8 0.048 0.752
76 0.8 0.048 0.752
78 0.8 0.048 0.752
82 0.8 0.048 0.752
95 0.8 0.048 0.752
80 0.752 0.048 0.704
80 0.704 0.16 0.544
22 0.752 0.16 0.592
28 0.752 0.16 0.592
40 0.752 0.16 0.592
51 0.752 0.16 0.592
69 0.752 0.16 0.592
76 0.752 0.16 0.592
78 0.752 0.16 0.592
82 0.752 0.16 0.592
95 0.752 0.16 0.592
95 0.592 0.016 0.576
80 0.544 0.016 0.528
95 0.576 0.048 0.528
22 0.592 0.048 0.544
40 0.592 0.048 0.544
43 0.8 0.048 0.752
69 0.592 0.048 0.544
76 0.592 0.048 0.544
80 0.528 0.048 0.48
82 0.592 0.048 0.544
23 0.8 0.048 0.752
87 0.8 0.048 0.752
70 0.8 0.048 0.752
14 0.8 0.048 0.752
85 0.8 0.048 0.752
19 0.8 0.048 0.752
3 0.8 0.048 0.752
66 0.8 0.048 0.752
59 0.8 0.048 0.752
35 0.8 0.048 0.752
52 0.8 0.048 0.752
55 0.8 0.048 0.752
63 0.8 0.048 0.752
71 0.8 0.048 0.752
91 0.8 0.048 0.752
9 0.8 0.048 0.752
5 0.8 0.048 0.752
20 0.8 0.048 0.752
24 0.8 0.048 0.752
32 0.8 0.048 0.752
96 0.8 0.048 0.752
64 0.8 0.048 0.752
73 0.8 0.048 0.752
92 0.8 0.048 0.752
12 0.8 0.048 0.752
50 0.8 0.048 0.752
41 0.8 0.048 0.752
52 0.752 0.048 0.704
57 0.8 0.048 0.752
60 0.8 0.048 0.752
88 0.64369 0.048 0.59569
41 0.752 0.048 0.704
41 0.704 0.16 0.544
41 0.544 0.016 0.528
52 0.704 0.16 0.544
57 0.752 0.16 0.592
60 0.752 0.16 0.592
88 0.59569 0.16 0.43569
90 0.8 0.048 0.752
30 0.8 0.048 0.752
42 0.8 0.048 0.752
56 0.8 0.048 0.752
75 0.8 0.048 0.752
86 0.8 0.048 0.752
94 0.8 0.048 0.752
25 0.8 0.048 0.752
37 0.8 0.048 0.752
74 0.8 0.048 0.752
94 0.752 0.048 0.704
94 0.704 0.16 0.544
25 0.752 0.16 0.592
37 0.752 0.16 0.592
74 0.752 0.16 0.592
74 0.592 0.016 0.576
94 0.544 0.016 0.528
74 0.576 0.048 0.528
25 0.592 0.048 0.544
37 0.592 0.048 0.544
94 0.528 0.048 0.48
33 0.8 0.048 0.752
26 0.8 0.048 0.752
45 0.8 0.048 0.752
93 0.8 0.048 0.752
33 0.752 0.096 0.656
33 0.656 0.16 0.496
26 0.752 0.16 0.592
45 0.752 0.16 0.592
93 0.752 0.16 0.592
93 0.592 0.016 0.576
33 0.496 0.016 0.48
93 0.576 0.048 0.528
33 0.48 0.048 0.432
46 0.8 0.048 0.752
77 0.8 0.048 0.752
27 0.8 0.048 0.752
6 0.8 0.048 0.752
10 0.8 0.048 0.752
44 0.8 0.048 0.752
81 0.8 0.048 0.752
1 0.8 0.048 0.752
7 0.8 0.048 0.752
11 0.8 0.048 0.752
17 0.8 0.048 0.752
47 0.8 0.048 0.752
84 0.8 0.048 0.752
24 0.8 0.048 0.752
5 0.8 0.048 0.752
9 0.8 0.048 0.752
20 0.8 0.048 0.752
32 0.8 0.048 0.752
14 0.8 0.048 0.752
15 0.8 0.048 0.752
70 0.8 0.048 0.752
85 0.8 0.048 0.752
89 0.8 0.048 0.752
47 0.752 0.048 0.704
54 0.705136 0.048 0.657136
83 0.785113 0.048 0.737113
99 0.8 0.048 0.752
89 0.752 0.048 0.704
89 0.704 0.16 0.544
89 0.544 0.016 0.528
47 0.704 0.16 0.544
54 0.657136 0.16 0.497136
83 0.737113 0.16 0.577113
99 0.752 0.16 0.592
28 0.8 0.048 0.752
13 0.8 0.048 0.752
22 0.774276 0.048 0.726276
51 0.8 0.048 0.752
76 0.688096 0.048 0.640096
78 0.74001 0.048 0.69201
80 0.708321 0.048 0.660321
82 0.76595 0.048 0.71795
28 0.752 0.048 0.704
28 0.704 0.16 0.544
13 0.752 0.16 0.592
22 0.726276 0.16 0.566276
51 0.752 0.16 0.592
76 0.640096 0.16 0.480096
78 0.69201 0.16 0.53201
80 0.660321 0.16 0.500321
80 0.500321 0.016 0.484321
28 0.544 0.016 0.528
80 0.484321 0.048 0.436321
22 0.566276 0.048 0.518276
28 0.528 0.048 0.48
40 0.765309 0.048 0.717309
51 0.592 0.048 0.544
69 0.768676 0.048 0.720676
76 0.480096 0.048 0.432096
78 0.53201 0.048 0.48401
82 0.71795 0.048 0.66995
95 0.750553 0.048 0.702553
82 0.66995 0.16 0.50995
39 0.8 0.048 0.752
3 0.8 0.048 0.752
12 0.8 0.048 0.752
50 0.8 0.048 0.752
92 0.8 0.048 0.752
84 0.8 0.048 0.752
1 0.8 0.048 0.752
7 0.8 0.048 0.752
11 0.8 0.048 0.752
17 0.8 0.048 0.752
79 0.8 0.048 0.752
48 0.8 0.048 0.752
62 0.8 0.048 0.752
67 0.8 0.048 0.752
97 0.8 0.048 0.752
79 0.752 0.048 0.704
79 0.704 0.16 0.544
48 0.752 0.16 0.592
62 0.752 0.16 0.592
67 0.752 0.16 0.592
67 0.592 0.016 0.576
79 0.544 0.016 0.528
67 0.576 0.048 0.528
18 0.8 0.048 0.752
58 0.8 0.048 0.752
61 0.8 0.048 0.752
62 0.592 0.048 0.544
79 0.528 0.048 0.48
97 0.752 0.048 0.704
97 0.704 0.16 0.544
31 0.8 0.048 0.752
9 0.8 0.048 0.752
34 0.8 0.048 0.752
34 0.752 0.048 0.704
31 0.752 0.048 0.704
86 0.8 0.048 0.752
42 0.8 0.048 0.752
56 0.8 0.048 0.752
75 0.8 0.048 0.752
90 0.8 0.048 0.752
87 0.8 0.048 0.752
23 0.8 0.048 0.752
68 0.8 0.048 0.752
8 0.8 0.048 0.752
16 0.8 0.048 0.752
29 0.8 0.048 0.752
49 0.8 0.048 0.752
53 0.8 0.048 0.752
77 0.8 0.048 0.752
46 0.8 0.048 0.752
58 0.8 0.048 0.752
61 0.8 0.048 0.752
98 0.8 0.048 0.752
95 0.8 0.048 0.752
22 0.668243 0.048 0.620243
40 0.8 0.048 0.752
43 0.8 0.048 0.752
69 0.8 0.048 0.752
76 0.65605 0.048 0.60805
80 0.582297 0.048 0.534297
82 0.656205 0.048 0.608205
23 0.8 0.048 0.752
87 0.8 0.048 0.752
70 0.8 0.048 0.752
14 0.8 0.048 0.752
85 0.8 0.048 0.752
19 0.8 0.048 0.752
3 0.8 0.048 0.752
59 0.8 0.048 0.752
35 0.8 0.048 0.752
52 0.8 0.048 0.752
55 0.8 0.048 0.752
60 0.8 0.048 0.752
63 0.8 0.048 0.752
71 0.8 0.048 0.752
72 0.8 0.048 0.752
91 0.8 0.048 0.752
9 0.8 0.048 0.752
5 0.8 0.048 0.752
20 0.8 0.048 0.752
24 0.8 0.048 0.752
31 0.8 0.048 0.752
32 0.8 0.048 0.752
96 0.8 0.048 0.752
64 0.8 0.048 0.752
73 0.8 0.048 0.752
92 0.8 0.048 0.752
12 0.8 0.048 0.752
50 0.8 0.048 0.752
90 0.8 0.048 0.752
42 0.8 0.048 0.752
56 0.8 0.048 0.752
86 0.8 0.048 0.752
74 0.8 0.048 0.752
25 0.8 0.048 0.752
37 0.8 0.048 0.752
94 0.8 0.048 0.752
93 0.8 0.048 0.752
33 0.79434 0.048 0.74634
46 0.8 0.048 0.752
77 0.8 0.048 0.752
27 0.8 0.048 0.752
6 0.8 0.048 0.752
10 0.8 0.048 0.752
30 0.8 0.048 0.752
44 0.8 0.048 0.752
75 0.8 0.048 0.752
81 0.8 0.048 0.752
1 0.8 0.048 0.752
7 0.8 0.048 0.752
11 0.8 0.048 0.752
17 0.8 0.048 0.752
47 0.8 0.048 0.752
84 0.8 0.048 0.752
24 0.8 0.048 0.752
5 0.8 0.048 0.752
9 0.8 0.048 0.752
20 0.8 0.048 0.752
32 0.8 0.048 0.752
14 0.8 0.048 0.752
15 0.8 0.048 0.752
70 0.8 0.048 0.752
85 0.8 0.048 0.752
14 0.752 0.048 0.704
14 0.704 0.16 0.544
14 0.544 0.016 0.528
15 0.752 0.16 0.592
70 0.752 0.16 0.592
85 0.752 0.16 0.592
80 0.752198 0.048 0.704198
22 0.8 0.048 0.752
28 0.8 0.048 0.752
40 0.8 0.048 0.752
51 0.8 0.048 0.752
69 0.8 0.048 0.752
76 0.760556 0.048 0.712556
78 0.8 0.048 0.752
82 0.8 0.048 0.752
95 0.8 0.048 0.752
39 0.8 0.048 0.752
3 0.8 0.048 0.752
12 0.8 0.048 0.752
19 0.8 0.048 0.752
50 0.8 0.048 0.752
92 0.8 0.048 0.752
84 0.8 0.048 0.752
1 0.8 0.048 0.752
7 0.8 0.048 0.752
11 0.8 0.048 0.752
67 0.8 0.048 0.752
18 0.8 0.048 0.752
58 0.8 0.048 0.752
61 0.8 0.048 0.752
62 0.8 0.048 0.752
97 0.8 0.048 0.752
98 0.8 0.048 0.752
31 0.8 0.048 0.752
9 0.8 0.048 0.752
34 0.8 0.048 0.752
34 0.752 0.048 0.704
31 0.752 0.048 0.704
86 0.8 0.048 0.752
30 0.8 0.048 0.752
42 0.8 0.048 0.752
56 0.8 0.048 0.752
90 0.8 0.048 0.752
87 0.8 0.048 0.752
23 0.8 0.048 0.752
89 0.8 0.048 0.752
17 0.8 0.048 0.752
47 0.8 0.048 0.752
54 0.8 0.048 0.752
99 0.8 0.048 0.752
89 0.752 0.096 0.656
89 0.656 0.16 0.496
17 0.752 0.16 0.592
47 0.752 0.16 0.592
54 0.752 0.16 0.592
54 0.592 0.016 0.576
89 0.496 0.016 0.48
54 0.576 0.048 0.528
83 0.8 0.048 0.752
88 0.8 0.048 0.752
89 0.48 0.048 0.432
99 0.752 0.048 0.704
54 0.528 0.048 0.48
54 0.48 0.16 0.32
99 0.704 0.16 0.544
83 0.752 0.16 0.592
88 0.752 0.16 0.592
88 0.592 0.016 0.576
54 0.32 0.016 0.304
88 0.576 0.048 0.528
41 0.8 0.048 0.752
54 0.304 0.048 0.256
57 0.8 0.048 0.752
60 0.8 0.048 0.752
83 0.592 0.048 0.544
88 0.528 0.048 0.48
88 0.48 0.16 0.32
89 0.432 0.16 0.272
99 0.544 0.16 0.384
41 0.752 0.16 0.592
41 0.592 0.016 0.576
88 0.32 0.016 0.304
41 0.576 0.048 0.528
52 0.8 0.048 0.752
57 0.752 0.048 0.704
60 0.752 0.048 0.704
63 0.8 0.048 0.752
83 0.544 0.048 0.496
88 0.304 0.048 0.256
54 0.256 0.16 0.096
57 0.704 0.16 0.544
60 0.704 0.16 0.544
83 0.496 0.16 0.336
68 0.8 0.048 0.752
8 0.8 0.048 0.752
16 0.8 0.048 0.752
29 0.8 0.048 0.752
49 0.8 0.048 0.752
53 0.8 0.048 0.752
71 0.8 0.048 0.752
35 0.8 0.048 0.752
55 0.8 0.048 0.752
59 0.8 0.048 0.752
72 0.8 0.048 0.752
91 0.8 0.048 0.752
77 0.8 0.048 0.752
18 0.8 0.048 0.752
46 0.8 0.048 0.752
58 0.8 0.048 0.752
61 0.8 0.048 0.752
93 0.8 0.048 0.752
98 0.8 0.048 0.752
95 0.8 0.048 0.752
22 0.8 0.048 0.752
40 0.8 0.048 0.752
43 0.8 0.048 0.752
69 0.8 0.048 0.752
80 0.8 0.048 0.752
82 0.8 0.048 0.752
23 0.8 0.048 0.752
87 0.8 0.048 0.752
70 0.8 0.048 0.752
14 0.752315 0.048 0.704315
85 0.8 0.048 0.752
19 0.8 0.048 0.752
3 0.8 0.048 0.752
59 0.8 0.048 0.752
35 0.8 0.048 0.752
52 0.8 0.048 0.752
55 0.8 0.048 0.752
63 0.8 0.048 0.752
71 0.8 0.048 0.752
91 0.8 0.048 0.752
9 0.8 0.048 0.752
5 0.8 0.048 0.752
24 0.8 0.048 0.752
32 0.8 0.048 0.752
96 0.8 0.048 0.752
64 0.8 0.048 0.752
73 0.8 0.048 0.752
92 0.8 0.048 0.752
12 0.8 0.048 0.752
39 0.8 0.048 0.752
50 0.8 0.048 0.752
90 0.8 0.048 0.752
30 0.8 0.048 0.752
42 0.8 0.048 0.752
56 0.8 0.048 0.752
86 0.8 0.048 0.752
74 0.8 0.048 0.752
25 0.8 0.048 0.752
37 0.8 0.048 0.752
94 0.8 0.048 0.752
93 0.8 0.048 0.752
33 0.8 0.048 0.752
46 0.8 0.048 0.752
77 0.8 0.048 0.752
27 0.8 0.048 0.752
6 0.8 0.048 0.752
10 0.8 0.048 0.752
44 0.8 0.048 0.752
81 0.8 0.048 0.752
27 0.752 0.048 0.704
27 0.704 0.16 0.544
27 0.544 0.016 0.528
6 0.752 0.16 0.592
10 0.752 0.16 0.592
44 0.752 0.16 0.592
81 0.752 0.16 0.592
100 0.8 0.048 0.752
1 0.8 0.048 0.752
7 0.8 0.048 0.752
11 0.8 0.048 0.752
17 0.8 0.048 0.752
47 0.8 0.048 0.752
84 0.8 0.048 0.752
24 0.8 0.048 0.752
5 0.8 0.048 0.752
9 0.8 0.048 0.752
20 0.8 0.048 0.752
32 0.8 0.048 0.752
80 0.8 0.048 0.752
22 0.8 0.048 0.752
28 0.8 0.048 0.752
40 0.8 0.048 0.752
51 0.8 0.048 0.752
69 0.8 0.048 0.752
76 0.8 0.048 0.752
78 0.8 0.048 0.752
82 0.8 0.048 0.752
95 0.8 0.048 0.752
39 0.8 0.048 0.752
3 0.8 0.048 0.752
12 0.8 0.048 0.752
50 0.8 0.048 0.752
92 0.8 0.048 0.752
84 0.8 0.048 0.752
1 0.8 0.048 0.752
7 0.8 0.048 0.752
11 0.8 0.048 0.752
17 0.8 0.048 0.752
67 0.8 0.048 0.752
18 0.8 0.048 0.752
58 0.8 0.048 0.752
61 0.8 0.048 0.752
62 0.8 0.048 0.752
97 0.8 0.048 0.752
98 0.8 0.048 0.752
31 0.8 0.048 0.752
9 0.8 0.048 0.752
34 0.8 0.048 0.752
34 0.752 0.048 0.704
31 0.752 0.048 0.704
86 0.8 0.048 0.752
30 0.8 0.048 0.752
42 0.8 0.048 0.752
56 0.8 0.048 0.752
75 0.8 0.048 0.752
90 0.8 0.048 0.752
86 0.752 0.048 0.704
86 0.704 0.16 0.544
86 0.544 0.016 0.528
30 0.752 0.16 0.592
42 0.752 0.16 0.592
56 0.752 0.16 0.592
75 0.752 0.16 0.592
90 0.752 0.16 0.592
87 0.8 0.048 0.752
23 0.8 0.048 0.752
41 0.8 0.048 0.752
52 0.8 0.048 0.752
57 0.8 0.048 0.752
60 0.8 0.048 0.752
63 0.8 0.048 0.752
83 0.703104 0.048 0.655104
88 0.632705 0.048 0.584705
68 0.8 0.048 0.752
8 0.8 0.048 0.752
16 0.8 0.048 0.752
29 0.8 0.048 0.752
49 0.8 0.048 0.752
53 0.8 0.048 0.752
71 0.8 0.048 0.752
35 0.8 0.048 0.752
55 0.8 0.048 0.752
59 0.8 0.048 0.752
63 0.752 0.048 0.704
72 0.8 0.048 0.752
91 0.8 0.048 0.752
77 0.8 0.048 0.752
46 0.8 0.048 0.752
58 0.8 0.048 0.752
61 0.8 0.048 0.752
93 0.8 0.048 0.752
98 0.8 0.048 0.752
95 0.8 0.048 0.752
22 0.8 0.048 0.752
40 0.8 0.048 0.752
43 0.8 0.048 0.752
69 0.8 0.048 0.752
76 0.8 0.048 0.752
80 0.8 0.048 0.752
82 0.8 0.048 0.752
23 0.8 0.048 0.752
87 0.8 0.048 0.752
70 0.8 0.048 0.752
14 0.8 0.048 0.752
85 0.8 0.048 0.752
19 0.8 0.048 0.752
3 0.8 0.048 0.752
39 0.8 0.048 0.752
64 0.8 0.048 0.752
73 0.8 0.048 0.752
96 0.8 0.048 0.752
59 0.8 0.048 0.752
35 0.8 0.048 0.752
52 0.8 0.048 0.752
55 0.8 0.048 0.752
60 0.8 0.048 0.752
63 0.778993 0.048 0.730993
71 0.8 0.048 0.752
72 0.8 0.048 0.752
91 0.8 0.048 0.752
9 0.8 0.048 0.752
5 0.8 0.048 0.752
24 0.8 0.048 0.752
32 0.8 0.048 0.752
96 0.8 0.048 0.752
64 0.752 0.048 0.704
73 0.752 0.048 0.704
92 0.8 0.048 0.752
12 0.8 0.048 0.752
39 0.8 0.048 0.752
50 0.8 0.048 0.752
90 0.740905 0.048 0.692905
30 0.74189 0.048 0.69389
42 0.734672 0.048 0.686672
56 0.8 0.048 0.752
86 0.752266 0.048 0.704266
100 0.8 0.048 0.752
74 0.8 0.048 0.752
25 0.8 0.048 0.752
37 0.8 0.048 0.752
94 0.8 0.048 0.752
93 0.8 0.048 0.752
33 0.8 0.048 0.752
46 0.8 0.048 0.752
77 0.8 0.048 0.752
100 0.8 0.048 0.752
90 0.77099 0.048 0.72299
1 0.8 0.048 0.752
7 0.8 0.048 0.752
11 0.8 0.048 0.752
17 0.8 0.048 0.752
47 0.8 0.048 0.752
84 0.8 0.048 0.752
24 0.8 0.048 0.752
5 0.8 0.048 0.752
9 0.8 0.048 0.752
20 0.8 0.048 0.752
32 0.8 0.048 0.752
80 0.8 0.048 0.752
22 0.8 0.048 0.752
28 0.8 0.048 0.752
40 0.8 0.048 0.752
51 0.8 0.048 0.752
69 0.8 0.048 0.752
76 0.8 0.048 0.752
78 0.8 0.048 0.752
82 0.8 0.048 0.752
95 0.8 0.048 0.752
39 0.8 0.048 0.752
3 0.8 0.048 0.752
12 0.8 0.048 0.752
19 0.8 0.048 0.752
50 0.8 0.048 0.752
84 0.8 0.048 0.752
1 0.8 0.048 0.752
11 0.8 0.048 0.752
17 0.8 0.048 0.752
67 0.8 0.048 0.752
18 0.8 0.048 0.752
61 0.8 0.048 0.752
62 0.8 0.048 0.752
79 0.8 0.048 0.752
97 0.8 0.048 0.752
98 0.8 0.048 0.752
31 0.8 0.048 0.752
9 0.8 0.048 0.752
34 0.8 0.048 0.752
31 0.752 0.048 0.704
31 0.704 0.16 0.544
31 0.544 0.016 0.528
9 0.752 0.16 0.592
34 0.752 0.16 0.592
34 0.592 0.048 0.544
31 0.528 0.048 0.48
34 0.544 0.048 0.496
34 0.496 0.16 0.336
34 0.336 0.016 0.32
31 0.48 0.16 0.32
87 0.8 0.048 0.752
23 0.8 0.048 0.752
41 0.8 0.048 0.752
52 0.8 0.048 0.752
57 0.8 0.048 0.752
60 0.8 0.048 0.752
63 0.8 0.048 0.752
83 0.8 0.048 0.752
88 0.8 0.048 0.752
68 0.8 0.048 0.752
8 0.8 0.048 0.752
16 0.8 0.048 0.752
29 0.8 0.048 0.752
49 0.8 0.048 0.752
53 0.8 0.048 0.752
71 0.8 0.048 0.752
35 0.8 0.048 0.752
55 0.8 0.048 0.752
59 0.8 0.048 0.752
72 0.8 0.048 0.752
91 0.8 0.048 0.752
77 0.8 0.048 0.752
46 0.8 0.048 0.752
58 0.8 0.048 0.752
61 0.8 0.048 0.752
93 0.8 0.048 0.752
98 0.8 0.048 0.752
95 0.8 0.048 0.752
22 0.8 0.048 0.752
40 0.8 0.048 0.752
43 0.8 0.048 0.752
69 0.8 0.048 0.752
76 0.8 0.048 0.752
78 0.8 0.048 0.752
80 0.8 0.048 0.752
82 0.8 0.048 0.752
23 0.8 0.048 0.752
87 0.8 0.048 0.752
70 0.8 0.048 0.752
85 0.8 0.048 0.752
19 0.8 0.048 0.752
3 0.8 0.048 0.752
39 0.8 0.048 0.752
64 0.8 0.048 0.752
73 0.8 0.048 0.752
96 0.8 0.048 0.752
59 0.8 0.048 0.752
35 0.8 0.048 0.752
52 0.8 0.048 0.752
55 0.8 0.048 0.752
60 0.8 0.048 0.752
63 0.8 0.048 0.752
71 0.8 0.048 0.752
72 0.8 0.048 0.752
91 0.8 0.048 0.752
9 0.736653 0.048 0.688653
5 0.8 0.048 0.752
20 0.8 0.048 0.752
24 0.8 0.048 0.752
31 0.471314 0.048 0.423314
32 0.8 0.048 0.752
9 0.688653 0.048 0.640653
9 0.640653 0.16 0.480653
9 0.480653 0.016 0.464653
5 0.752 0.16 0.592
20 0.752 0.16 0.592
24 0.752 0.16 0.592
31 0.423314 0.16 0.263314
32 0.752 0.16 0.592
96 0.8 0.048 0.752
64 0.752 0.048 0.704
73 0.752 0.048 0.704
92 0.8 0.048 0.752
12 0.8 0.048 0.752
50 0.8 0.048 0.752
90 0.8 0.048 0.752
30 0.8 0.048 0.752
42 0.8 0.048 0.752
56 0.8 0.048 0.752
86 0.8 0.048 0.752
100 0.8 0.048 0.752
74 0.8 0.048 0.752
25 0.8 0.048 0.752
37 0.8 0.048 0.752
94 0.8 0.048 0.752
93 0.8 0.048 0.752
33 0.8 0.048 0.752
46 0.8 0.048 0.752
77 0.8 0.048 0.752
100 0.8 0.048 0.752
90 0.8 0.048 0.752
1 0.8 0.048 0.752
7 0.8 0.048 0.752
11 0.8 0.048 0.752
17 0.8 0.048 0.752
47 0.8 0.048 0.752
84 0.8 0.048 0.752
24 0.664852 0.048 0.616852
5 0.744246 0.048 0.696246
9 0.60841 0.048 0.56041
20 0.740841 0.048 0.692841
32 0.74197 0.048 0.69397
24 0.616852 0.048 0.568852
24 0.568852 0.16 0.408852
5 0.696246 0.16 0.536246
9 0.56041 0.16 0.40041
20 0.692841 0.16 0.532841
32 0.69397 0.16 0.53397
80 0.8 0.048 0.752
13 0.8 0.048 0.752
22 0.8 0.048 0.752
28 0.8 0.048 0.752
40 0.8 0.048 0.752
51 0.8 0.048 0.752
69 0.8 0.048 0.752
76 0.8 0.048 0.752
78 0.8 0.048 0.752
82 0.8 0.048 0.752
95 0.8 0.048 0.752
39 0.8 0.048 0.752
3 0.8 0.048 0.752
12 0.8 0.048 0.752
19 0.8 0.048 0.752
50 0.8 0.048 0.752
84 0.8 0.048 0.752
1 0.8 0.048 0.752
7 0.8 0.048 0.752
11 0.8 0.048 0.752
67 0.8 0.048 0.752
18 0.8 0.048 0.752
61 0.8 0.048 0.752
62 0.8 0.048 0.752
79 0.8 0.048 0.752
97 0.8 0.048 0.752
98 0.8 0.048 0.752
87 0.8 0.048 0.752
23 0.8 0.048 0.752
41 0.8 0.048 0.752
52 0.8 0.048 0.752
57 0.8 0.048 0.752
60 0.8 0.048 0.752
63 0.8 0.048 0.752
83 0.8 0.048 0.752
88 0.8 0.048 0.752
68 0.8 0.048 0.752
8 0.8 0.048 0.752
16 0.8 0.048 0.752
29 0.8 0.048 0.752
49 0.8 0.048 0.752
53 0.8 0.048 0.752
71 0.8 0.048 0.752
35 0.8 0.048 0.752
55 0.8 0.048 0.752
59 0.8 0.048 0.752
72 0.8 0.048 0.752
91 0.8 0.048 0.752
77 0.8 0.048 0.752
46 0.8 0.048 0.752
58 0.8 0.048 0.752
61 0.8 0.048 0.752
93 0.8 0.048 0.752
98 0.8 0.048 0.752
95 0.8 0.048 0.752
22 0.8 0.048 0.752
40 0.8 0.048 0.752
43 0.8 0.048 0.752
51 0.8 0.048 0.752
69 0.8 0.048 0.752
76 0.8 0.048 0.752
78 0.8 0.048 0.752
80 0.8 0.048 0.752
82 0.8 0.048 0.752
23 0.8 0.048 0.752
87 0.8 0.048 0.752
70 0.8 0.048 0.752
14 0.8 0.048 0.752
85 0.8 0.048 0.752
19 0.8 0.048 0.752
3 0.8 0.048 0.752
39 0.8 0.048 0.752
19 0.752 0.048 0.704
19 0.704 0.16 0.544
19 0.544 0.016 0.528
3 0.752 0.16 0.592
39 0.752 0.16 0.592
64 0.8 0.048 0.752
73 0.8 0.048 0.752
96 0.8 0.048 0.752
59 0.8 0.048 0.752
35 0.8 0.048 0.752
52 0.8 0.048 0.752
55 0.8 0.048 0.752
60 0.8 0.048 0.752
63 0.8 0.048 0.752
71 0.8 0.048 0.752
72 0.8 0.048 0.752
91 0.8 0.048 0.752
96 0.8 0.048 0.752
64 0.752 0.048 0.704
73 0.752 0.048 0.704
92 0.8 0.048 0.752
12 0.8 0.048 0.752
50 0.8 0.048 0.752
90 0.8 0.048 0.752
30 0.8 0.048 0.752
42 0.8 0.048 0.752
56 0.8 0.048 0.752
86 0.8 0.048 0.752
100 0.8 0.048 0.752
74 0.8 0.048 0.752
25 0.8 0.048 0.752
37 0.8 0.048 0.752
94 0.8 0.048 0.752
93 0.8 0.048 0.752
33 0.8 0.048 0.752
77 0.8 0.048 0.752
100 0.8 0.048 0.752
1 0.8 0.048 0.752
7 0.8 0.048 0.752
11 0.8 0.048 0.752
17 0.8 0.048 0.752
47 0.8 0.048 0.752
84 0.8 0.048 0.752
80 0.8 0.048 0.752
22 0.8 0.048 0.752
28 0.8 0.048 0.752
40 0.8 0.048 0.752
43 0.8 0.048 0.752
51 0.8 0.048 0.752
69 0.8 0.048 0.752
76 0.8 0.048 0.752
78 0.8 0.048 0.752
82 0.8 0.048 0.752
95 0.8 0.048 0.752
39 0.8 0.048 0.752
3 0.736143 0.048 0.688143
12 0.8 0.048 0.752
19 0.753763 0.048 0.705763
50 0.8 0.048 0.752
39 0.752 0.096 0.656
39 0.656 0.16 0.496
39 0.496 0.016 0.48
3 0.688143 0.16 0.528143
12 0.752 0.16 0.592
19 0.705763 0.16 0.545763
50 0.752 0.16 0.592
84 0.8 0.048 0.752
1 0.8 0.048 0.752
7 0.8 0.048 0.752
11 0.8 0.048 0.752
67 0.8 0.048 0.752
18 0.8 0.048 0.752
46 0.8 0.048 0.752
58 0.8 0.048 0.752
61 0.8 0.048 0.752
62 0.8 0.048 0.752
97 0.8 0.048 0.752
98 0.8 0.048 0.752
87 0.8 0.048 0.752
23 0.8 0.048 0.752
41 0.8 0.048 0.752
52 0.8 0.048 0.752
57 0.8 0.048 0.752
60 0.8 0.048 0.752
63 0.8 0.048 0.752
83 0.8 0.048 0.752
88 0.8 0.048 0.752
68 0.8 0.048 0.752
8 0.8 0.048 0.752
16 0.8 0.048 0.752
29 0.8 0.048 0.752
49 0.8 0.048 0.752
53 0.8 0.048 0.752
71 0.8 0.048 0.752
35 0.8 0.048 0.752
55 0.8 0.048 0.752
59 0.8 0.048 0.752
72 0.8 0.048 0.752
91 0.8 0.048 0.752
77 0.8 0.048 0.752
46 0.8 0.048 0.752
58 0.8 0.048 0.752
93 0.8 0.048 0.752
98 0.8 0.048 0.752
95 0.8 0.048 0.752
22 0.8 0.048 0.752
40 0.8 0.048 0.752
43 0.8 0.048 0.752
51 0.8 0.048 0.752
69 0.8 0.048 0.752
76 0.8 0.048 0.752
78 0.8 0.048 0.752
80 0.8 0.048 0.752
82 0.8 0.048 0.752
23 0.8 0.048 0.752
87 0.8 0.048 0.752
70 0.8 0.048 0.752
14 0.8 0.048 0.752
85 0.8 0.048 0.752
64 0.8 0.048 0.752
73 0.8 0.048 0.752
96 0.8 0.048 0.752
64 0.752 0.048 0.704
64 0.704 0.16 0.544
64 0.544 0.016 0.528
73 0.752 0.16 0.592
96 0.752 0.16 0.592
59 0.8 0.048 0.752
35 0.8 0.048 0.752
55 0.8 0.048 0.752
63 0.8 0.048 0.752
71 0.8 0.048 0.752
72 0.8 0.048 0.752
91 0.8 0.048 0.752
96 0.663725 0.048 0.615725
64 0.528 0.048 0.48
73 0.592 0.048 0.544
96 0.615725 0.048 0.567725
96 0.567725 0.16 0.407725
96 0.407725 0.016 0.391725
64 0.48 0.16 0.32
73 0.544 0.16 0.384
92 0.8 0.048 0.752
12 0.8 0.048 0.752
50 0.8 0.048 0.752
90 0.8 0.048 0.752
30 0.8 0.048 0.752
42 0.8 0.048 0.752
56 0.8 0.048 0.752
86 0.8 0.048 0.752
100 0.8 0.048 0.752
74 0.8 0.048 0.752
25 0.8 0.048 0.752
37 0.8 0.048 0.752
94 0.8 0.048 0.752
93 0.8 0.048 0.752
33 0.8 0.048 0.752
46 0.8 0.048 0.752
77 0.8 0.048 0.752
100 0.8 0.048 0.752
90 0.8 0.048 0.752
1 0.8 0.048 0.752
7 0.8 0.048 0.752
11 0.8 0.048 0.752
17 0.8 0.048 0.752
47 0.8 0.048 0.752
84 0.8 0.048 0.752
80 0.8 0.048 0.752
22 0.8 0.048 0.752
28 0.8 0.048 0.752
40 0.8 0.048 0.752
51 0.8 0.048 0.752
69 0.8 0.048 0.752
76 0.8 0.048 0.752
78 0.8 0.048 0.752
82 0.8 0.048 0.752
95 0.8 0.048 0.752
84 0.8 0.048 0.752
1 0.8 0.048 0.752
7 0.8 0.048 0.752
11 0.8 0.048 0.752
67 0.8 0.048 0.752
18 0.8 0.048 0.752
46 0.8 0.048 0.752
58 0.8 0.048 0.752
61 0.8 0.048 0.752
97 0.8 0.048 0.752
98 0.8 0.048 0.752
87 0.8 0.048 0.752
23 0.8 0.048 0.752
41 0.8 0.048 0.752
52 0.8 0.048 0.752
57 0.8 0.048 0.752
60 0.8 0.048 0.752
63 0.8 0.048 0.752
83 0.8 0.048 0.752
88 0.8 0.048 0.752
68 0.8 0.048 0.752
8 0.8 0.048 0.752
16 0.8 0.048 0.752
29 0.8 0.048 0.752
49 0.8 0.048 0.752
53 0.8 0.048 0.752
71 0.8 0.048 0.752
35 0.8 0.048 0.752
55 0.8 0.048 0.752
59 0.8 0.048 0.752
72 0.8 0.048 0.752
91 0.8 0.048 0.752
77 0.8 0.048 0.752
46 0.8 0.048 0.752
58 0.8 0.048 0.752
93 0.8 0.048 0.752
98 0.8 0.048 0.752
95 0.8 0.048 0.752
22 0.8 0.048 0.752
40 0.8 0.048 0.752
43 0.8 0.048 0.752
51 0.8 0.048 0.752
69 0.8 0.048 0.752
76 0.8 0.048 0.752
78 0.8 0.048 0.752
80 0.8 0.048 0.752
82 0.8 0.048 0.752
23 0.8 0.048 0.752
87 0.8 0.048 0.752
70 0.8 0.048 0.752
14 0.8 0.048 0.752
85 0.8 0.048 0.752
59 0.8 0.048 0.752
35 0.8 0.048 0.752
55 0.8 0.048 0.752
71 0.8 0.048 0.752
72 0.8 0.048 0.752
91 0.8 0.048 0.752
92 0.8 0.048 0.752
12 0.8 0.048 0.752
50 0.8 0.048 0.752
90 0.8 0.048 0.752
30 0.8 0.048 0.752
42 0.8 0.048 0.752
56 0.8 0.048 0.752
86 0.8 0.048 0.752
100 0.8 0.048 0.752
74 0.8 0.048 0.752
25 0.8 0.048 0.752
37 0.8 0.048 0.752
94 0.8 0.048 0.752
93 0.8 0.048 0.752
33 0.8 0.048 0.752
77 0.8 0.048 0.752
93 0.752 0.048 0.704
93 0.704 0.16 0.544
93 0.544 0.016 0.528
33 0.752 0.16 0.592
77 0.752 0.16 0.592
100 0.8 0.048 0.752
1 0.8 0.048 0.752
7 0.8 0.048 0.752
11 0.8 0.048 0.752
17 0.8 0.048 0.752
47 0.8 0.048 0.752
84 0.8 0.048 0.752
80 0.8 0.048 0.752
13 0.8 0.048 0.752
22 0.8 0.048 0.752
40 0.8 0.048 0.752
51 0.8 0.048 0.752
69 0.8 0.048 0.752
76 0.8 0.048 0.752
78 0.8 0.048 0.752
82 0.8 0.048 0.752
95 0.8 0.048 0.752
84 0.8 0.048 0.752
1 0.8 0.048 0.752
7 0.8 0.048 0.752
11 0.8 0.048 0.752
67 0.8 0.048 0.752
18 0.8 0.048 0.752
46 0.8 0.048 0.752
58 0.8 0.048 0.752
61 0.8 0.048 0.752
79 0.8 0.048 0.752
97 0.8 0.048 0.752
98 0.8 0.048 0.752
67 0.752 0.048 0.704
67 0.704 0.16 0.544
67 0.544 0.016 0.528
18 0.752 0.16 0.592
46 0.752 0.16 0.592
58 0.752 0.16 0.592
61 0.752 0.16 0.592
79 0.752 0.16 0.592
97 0.752 0.16 0.592
98 0.752 0.16 0.592
87 0.8 0.048 0.752
23 0.8 0.048 0.752
41 0.8 0.048 0.752
52 0.8 0.048 0.752
57 0.8 0.048 0.752
60 0.8 0.048 0.752
63 0.8 0.048 0.752
83 0.8 0.048 0.752
88 0.8 0.048 0.752
68 0.8 0.048 0.752
8 0.8 0.048 0.752
16 0.8 0.048 0.752
29 0.8 0.048 0.752
49 0.8 0.048 0.752
53 0.8 0.048 0.752
71 0.8 0.048 0.752
35 0.8 0.048 0.752
55 0.8 0.048 0.752
59 0.8 0.048 0.752
72 0.8 0.048 0.752
91 0.8 0.048 0.752
77 0.8 0.048 0.752
46 0.747938 0.048 0.699938
58 0.738545 0.048 0.690545
93 0.758661 0.048 0.710661
98 0.668123 0.048 0.620123
95 0.8 0.048 0.752
22 0.8 0.048 0.752
40 0.8 0.048 0.752
43 0.8 0.048 0.752
51 0.8 0.048 0.752
69 0.8 0.048 0.752
76 0.8 0.048 0.752
78 0.8 0.048 0.752
80 0.8 0.048 0.752
82 0.8 0.048 0.752
23 0.8 0.048 0.752
87 0.8 0.048 0.752
70 0.8 0.048 0.752
14 0.8 0.048 0.752
85 0.8 0.048 0.752
59 0.8 0.048 0.752
35 0.8 0.048 0.752
55 0.8 0.048 0.752
71 0.8 0.048 0.752
72 0.8 0.048 0.752
91 0.8 0.048 0.752
92 0.8 0.048 0.752
12 0.8 0.048 0.752
50 0.8 0.048 0.752
90 0.8 0.048 0.752
30 0.8 0.048 0.752
42 0.8 0.048 0.752
56 0.8 0.048 0.752
86 0.8 0.048 0.752
100 0.8 0.048 0.752
74 0.8 0.048 0.752
25 0.8 0.048 0.752
37 0.8 0.048 0.752
94 0.8 0.048 0.752
100 0.8 0.048 0.752
90 0.8 0.048 0.752
1 0.8 0.048 0.752
7 0.8 0.048 0.752
11 0.8 0.048 0.752
17 0.8 0.048 0.752
47 0.8 0.048 0.752
84 0.8 0.048 0.752
80 0.8 0.048 0.752
13 0.8 0.048 0.752
22 0.8 0.048 0.752
28 0.8 0.048 0.752
40 0.8 0.048 0.752
51 0.8 0.048 0.752
69 0.8 0.048 0.752
76 0.8 0.048 0.752
78 0.8 0.048 0.752
82 0.8 0.048 0.752
95 0.8 0.048 0.752
84 0.8 0.048 0.752
1 0.8 0.048 0.752
7 0.8 0.048 0.752
11 0.8 0.048 0.752
47 0.8 0.048 0.752
87 0.8 0.048 0.752
23 0.8 0.048 0.752
41 0.8 0.048 0.752
52 0.8 0.048 0.752
57 0.8 0.048 0.752
60 0.8 0.048 0.752
63 0.8 0.048 0.752
83 0.8 0.048 0.752
88 0.8 0.048 0.752
68 0.8 0.048 0.752
8 0.8 0.048 0.752
16 0.8 0.048 0.752
29 0.8 0.048 0.752
49 0.8 0.048 0.752
53 0.8 0.048 0.752
68 0.752 0.048 0.704
68 0.704 0.16 0.544
68 0.544 0.016 0.528
8 0.752 0.16 0.592
16 0.752 0.16 0.592
29 0.752 0.16 0.592
49 0.752 0.16 0.592
53 0.752 0.16 0.592
71 0.8 0.048 0.752
35 0.8 0.048 0.752
55 0.8 0.048 0.752
59 0.8 0.048 0.752
72 0.8 0.048 0.752
91 0.8 0.048 0.752
77 0.8 0.048 0.752
46 0.8 0.048 0.752
58 0.8 0.048 0.752
93 0.8 0.048 0.752
98 0.8 0.048 0.752
95 0.8 0.048 0.752
22 0.8 0.048 0.752
40 0.8 0.048 0.752
43 0.8 0.048 0.752
51 0.8 0.048 0.752
69 0.8 0.048 0.752
76 0.8 0.048 0.752
78 0.8 0.048 0.752
80 0.8 0.048 0.752
82 0.8 0.048 0.752
23 0.8 0.048 0.752
87 0.8 0.048 0.752
70 0.8 0.048 0.752
85 0.8 0.048 0.752
59 0.8 0.048 0.752
35 0.8 0.048 0.752
55 0.8 0.048 0.752
71 0.8 0.048 0.752
72 0.8 0.048 0.752
91 0.8 0.048 0.752
92 0.8 0.048 0.752
12 0.8 0.048 0.752
50 0.8 0.048 0.752
90 0.8 0.048 0.752
30 0.8 0.048 0.752
56 0.8 0.048 0.752
86 0.8 0.048 0.752
74 0.8 0.048 0.752
25 0.8 0.048 0.752
37 0.8 0.048 0.752
94 0.8 0.048 0.752
100 0.8 0.048 0.752
1 0.8 0.048 0.752
7 0.8 0.048 0.752
11 0.8 0.048 0.752
17 0.8 0.048 0.752
47 0.8 0.048 0.752
84 0.8 0.048 0.752
80 0.8 0.048 0.752
13 0.8 0.048 0.752
22 0.8 0.048 0.752
28 0.8 0.048 0.752
40 0.8 0.048 0.752
51 0.8 0.048 0.752
69 0.8 0.048 0.752
76 0.8 0.048 0.752
78 0.8 0.048 0.752
82 0.8 0.048 0.752
95 0.8 0.048 0.752
84 0.8 0.048 0.752
1 0.8 0.048 0.752
7 0.8 0.048 0.752
11 0.8 0.048 0.752
47 0.8 0.048 0.752
87 0.8 0.048 0.752
23 0.8 0.048 0.752
41 0.8 0.048 0.752
52 0.8 0.048 0.752
57 0.8 0.048 0.752
60 0.8 0.048 0.752
63 0.8 0.048 0.752
83 0.8 0.048 0.752
88 0.8 0.048 0.752
71 0.8 0.048 0.752
35 0.8 0.048 0.752
55 0.8 0.048 0.752
59 0.8 0.048 0.752
72 0.8 0.048 0.752
91 0.8 0.048 0.752
77 0.8 0.048 0.752
46 0.8 0.048 0.752
58 0.8 0.048 0.752
93 0.8 0.048 0.752
98 0.8 0.048 0.752
95 0.8 0.048 0.752
13 0.8 0.048 0.752
22 0.8 0.048 0.752
40 0.8 0.048 0.752
43 0.8 0.048 0.752
51 0.8 0.048 0.752
69 0.8 0.048 0.752
76 0.8 0.048 0.752
78 0.8 0.048 0.752
80 0.8 0.048 0.752
82 0.8 0.048 0.752
23 0.8 0.048 0.752
87 0.8 0.048 0.752
70 0.8 0.048 0.752
85 0.8 0.048 0.752
59 0.8 0.048 0.752
35 0.8 0.048 0.752
55 0.8 0.048 0.752
71 0.8 0.048 0.752
72 0.8 0.048 0.752
59 0.752 0.048 0.704
59 0.704 0.16 0.544
59 0.544 0.016 0.528
35 0.752 0.16 0.592
55 0.752 0.16 0.592
71 0.752 0.16 0.592
72 0.752 0.16 0.592
92 0.8 0.048 0.752
12 0.8 0.048 0.752
50 0.8 0.048 0.752
90 0.8 0.048 0.752
30 0.8 0.048 0.752
42 0.8 0.048 0.752
56 0.8 0.048 0.752
86 0.8 0.048 0.752
74 0.8 0.048 0.752
25 0.8 0.048 0.752
37 0.8 0.048 0.752
94 0.8 0.048 0.752
100 0.8 0.048 0.752
1 0.8 0.048 0.752
7 0.8 0.048 0.752
11 0.8 0.048 0.752
17 0.8 0.048 0.752
47 0.8 0.048 0.752
84 0.8 0.048 0.752
80 0.8 0.048 0.752
13 0.8 0.048 0.752
22 0.8 0.048 0.752
28 0.8 0.048 0.752
40 0.8 0.048 0.752
51 0.8 0.048 0.752
69 0.8 0.048 0.752
76 0.8 0.048 0.752
78 0.8 0.048 0.752
82 0.8 0.048 0.752
95 0.8 0.048 0.752
84 0.8 0.048 0.752
1 0.8 0.048 0.752
7 0.8 0.048 0.752
11 0.8 0.048 0.752
47 0.8 0.048 0.752
87 0.8 0.048 0.752
23 0.8 0.048 0.752
41 0.8 0.048 0.752
52 0.8 0.048 0.752
57 0.8 0.048 0.752
60 0.8 0.048 0.752
63 0.8 0.048 0.752
83 0.8 0.048 0.752
88 0.8 0.048 0.752
91 0.8 0.048 0.752
41 0.752 0.048 0.704
41 0.704 0.16 0.544
41 0.544 0.016 0.528
52 0.752 0.16 0.592
57 0.752 0.16 0.592
60 0.752 0.16 0.592
63 0.752 0.16 0.592
83 0.752 0.16 0.592
88 0.752 0.16 0.592
91 0.752 0.16 0.592
71 0.8 0.048 0.752
35 0.8 0.048 0.752
55 0.8 0.048 0.752
59 0.756467 0.048 0.708467
60 0.592 0.048 0.544
72 0.8 0.048 0.752
91 0.592 0.048 0.544
71 0.752 0.048 0.704
71 0.704 0.16 0.544
35 0.752 0.16 0.592
55 0.752 0.16 0.592
59 0.708467 0.16 0.548467
59 0.548467 0.016 0.532467
71 0.544 0.016 0.528
59 0.532467 0.048 0.484467
35 0.592 0.048 0.544
55 0.592 0.048 0.544
65 0.8 0.048 0.752
71 0.528 0.048 0.48
72 0.752 0.048 0.704
91 0.544 0.048 0.496
59 0.484467 0.048 0.436467
59 0.436467 0.16 0.276467
60 0.544 0.16 0.384
72 0.704 0.16 0.544
91 0.496 0.16 0.336
35 0.544 0.16 0.384
55 0.544 0.16 0.384
65 0.752 0.16 0.592
65 0.592 0.016 0.576
59 0.276467 0.016 0.260467
65 0.576 0.048 0.528
4 0.8 0.048 0.752
55 0.384 0.048 0.336
59 0.260467 0.048 0.212467
72 0.544 0.048 0.496
71 0.48 0.16 0.32
72 0.496 0.16 0.336
91 0.336 0.16 0.176
77 0.8 0.048 0.752
46 0.8 0.048 0.752
58 0.8 0.048 0.752
93 0.8 0.048 0.752
98 0.8 0.048 0.752
95 0.8 0.048 0.752
13 0.8 0.048 0.752
22 0.8 0.048 0.752
40 0.8 0.048 0.752
43 0.8 0.048 0.752
51 0.8 0.048 0.752
69 0.8 0.048 0.752
76 0.8 0.048 0.752
78 0.8 0.048 0.752
80 0.8 0.048 0.752
82 0.8 0.048 0.752
23 0.8 0.048 0.752
87 0.8 0.048 0.752
70 0.8 0.048 0.752
14 0.8 0.048 0.752
85 0.8 0.048 0.752
92 0.8 0.048 0.752
12 0.8 0.048 0.752
50 0.8 0.048 0.752
90 0.8 0.048 0.752
30 0.8 0.048 0.752
42 0.8 0.048 0.752
56 0.8 0.048 0.752
86 0.8 0.048 0.752
74 0.8 0.048 0.752
25 0.8 0.048 0.752
37 0.8 0.048 0.752
94 0.8 0.048 0.752
100 0.8 0.048 0.752
1 0.8 0.048 0.752
7 0.8 0.048 0.752
17 0.8 0.048 0.752
47 0.8 0.048 0.752
84 0.8 0.048 0.752
99 0.8 0.048 0.752
1 0.752 0.048 0.704
1 0.704 0.16 0.544
1 0.544 0.016 0.528
7 0.752 0.16 0.592
17 0.752 0.16 0.592
47 0.752 0.16 0.592
84 0.752 0.16 0.592
99 0.752 0.16 0.592
80 0.8 0.048 0.752
13 0.8 0.048 0.752
22 0.8 0.048 0.752
28 0.8 0.048 0.752
40 0.8 0.048 0.752
51 0.8 0.048 0.752
69 0.8 0.048 0.752
76 0.8 0.048 0.752
78 0.8 0.048 0.752
82 0.8 0.048 0.752
95 0.8 0.048 0.752
84 0.665719 0.048 0.617719
1 0.604899 0.048 0.556899
7 0.67132 0.048 0.62332
11 0.8 0.048 0.752
84 0.617719 0.048 0.569719
84 0.569719 0.16 0.409719
84 0.409719 0.016 0.393719
1 0.556899 0.16 0.396899
7 0.62332 0.16 0.46332
11 0.752 0.16 0.592
87 0.8 0.048 0.752
23 0.8 0.048 0.752
65 0.8 0.048 0.752
4 0.8 0.048 0.752
55 0.72293 0.048 0.67493
72 0.710514 0.048 0.662514
77 0.8 0.048 0.752
46 0.8 0.048 0.752
58 0.8 0.048 0.752
93 0.8 0.048 0.752
98 0.8 0.048 0.752
95 0.8 0.048 0.752
13 0.8 0.048 0.752
22 0.8 0.048 0.752
40 0.8 0.048 0.752
43 0.8 0.048 0.752
51 0.8 0.048 0.752
69 0.8 0.048 0.752
76 0.8 0.048 0.752
78 0.8 0.048 0.752
80 0.8 0.048 0.752
82 0.8 0.048 0.752
23 0.8 0.048 0.752
87 0.8 0.048 0.752
70 0.8 0.048 0.752
85 0.8 0.048 0.752
70 0.752 0.048 0.704
70 0.704 0.16 0.544
70 0.544 0.016 0.528
85 0.752 0.16 0.592
92 0.8 0.048 0.752
12 0.8 0.048 0.752
50 0.8 0.048 0.752
90 0.8 0.048 0.752
30 0.8 0.048 0.752
42 0.8 0.048 0.752
56 0.8 0.048 0.752
86 0.8 0.048 0.752
74 0.8 0.048 0.752
25 0.8 0.048 0.752
37 0.8 0.048 0.752
94 0.8 0.048 0.752
100 0.8 0.048 0.752
80 0.8 0.048 0.752
13 0.8 0.048 0.752
22 0.8 0.048 0.752
28 0.8 0.048 0.752
40 0.8 0.048 0.752
51 0.8 0.048 0.752
69 0.8 0.048 0.752
76 0.8 0.048 0.752
78 0.8 0.048 0.752
82 0.8 0.048 0.752
95 0.8 0.048 0.752
87 0.8 0.048 0.752
23 0.8 0.048 0.752
65 0.8 0.048 0.752
4 0.8 0.048 0.752
55 0.8 0.048 0.752
72 0.8 0.048 0.752
77 0.8 0.048 0.752
46 0.8 0.048 0.752
58 0.8 0.048 0.752
98 0.8 0.048 0.752
95 0.8 0.048 0.752
13 0.8 0.048 0.752
22 0.8 0.048 0.752
40 0.8 0.048 0.752
43 0.8 0.048 0.752
51 0.8 0.048 0.752
69 0.8 0.048 0.752
76 0.8 0.048 0.752
78 0.8 0.048 0.752
80 0.8 0.048 0.752
82 0.8 0.048 0.752
23 0.8 0.048 0.752
87 0.8 0.048 0.752
92 0.8 0.048 0.752
12 0.8 0.048 0.752
50 0.8 0.048 0.752
90 0.8 0.048 0.752
30 0.8 0.048 0.752
42 0.8 0.048 0.752
56 0.8 0.048 0.752
86 0.8 0.048 0.752
90 0.752 0.048 0.704
90 0.704 0.16 0.544
90 0.544 0.016 0.528
30 0.752 0.16 0.592
42 0.752 0.16 0.592
56 0.752 0.16 0.592
86 0.752 0.16 0.592
74 0.8 0.048 0.752
25 0.8 0.048 0.752
37 0.8 0.048 0.752
94 0.8 0.048 0.752
100 0.8 0.048 0.752
100 0.752 0.048 0.704
100 0.704 0.16 0.544
100 0.544 0.016 0.528
80 0.8 0.048 0.752
13 0.8 0.048 0.752
22 0.8 0.048 0.752
28 0.8 0.048 0.752
40 0.8 0.048 0.752
51 0.8 0.048 0.752
69 0.8 0.048 0.752
76 0.8 0.048 0.752
78 0.8 0.048 0.752
82 0.8 0.048 0.752
95 0.8 0.048 0.752
