32 0.8 0.048 0.752
21 0.8 0.048 0.752
32 0.752 0.048 0.704
32 0.704 0.16 0.544
21 0.752 0.16 0.592
21 0.592 0.016 0.576
32 0.544 0.016 0.528
21 0.576 0.048 0.528
32 0.528 0.048 0.48
11 0.8 0.048 0.752
2 0.8 0.048 0.752
28 0.8 0.048 0.752
11 0.752 0.096 0.656
11 0.656 0.16 0.496
2 0.752 0.16 0.592
28 0.752 0.16 0.592
28 0.592 0.016 0.576
11 0.496 0.016 0.48
28 0.576 0.048 0.528
11 0.48 0.048 0.432
35 0.8 0.048 0.752
23 0.8 0.048 0.752
26 0.8 0.048 0.752
35 0.752 0.096 0.656
35 0.656 0.16 0.496
23 0.752 0.16 0.592
26 0.752 0.16 0.592
26 0.592 0.016 0.576
35 0.496 0.016 0.48
26 0.576 0.048 0.528
35 0.48 0.048 0.432
40 0.8 0.048 0.752
25 0.8 0.048 0.752
34 0.8 0.048 0.752
37 0.8 0.048 0.752
40 0.752 0.144 0.608
40 0.608 0.16 0.448
25 0.752 0.16 0.592
25 0.592 0.016 0.576
40 0.448 0.016 0.432
25 0.576 0.048 0.528
34 0.752 0.048 0.704
37 0.752 0.048 0.704
40 0.432 0.048 0.384
25 0.528 0.096 0.432
25 0.432 0.16 0.272
34 0.704 0.16 0.544
37 0.704 0.16 0.544
34 0.544 0.16 0.384
37 0.544 0.16 0.384
40 0.384 0.16 0.224
5 0.8 0.048 0.752
3 0.8 0.048 0.752
6 0.8 0.048 0.752
27 0.8 0.048 0.752
29 0.8 0.048 0.752
5 0.752 0.192 0.56
5 0.56 0.16 0.4
3 0.752 0.16 0.592
6 0.752 0.16 0.592
27 0.752 0.16 0.592
29 0.752 0.16 0.592
29 0.592 0.016 0.576
5 0.4 0.016 0.384
29 0.576 0.048 0.528
3 0.592 0.048 0.544
5 0.384 0.048 0.336
6 0.592 0.048 0.544
27 0.592 0.048 0.544
29 0.528 0.144 0.384
29 0.384 0.16 0.224
3 0.544 0.16 0.384
5 0.336 0.16 0.176
6 0.544 0.16 0.384
27 0.544 0.16 0.384
21 0.8 0.048 0.752
32 0.8 0.048 0.752
28 0.8 0.048 0.752
11 0.8 0.048 0.752
18 0.8 0.048 0.752
26 0.8 0.048 0.752
35 0.8 0.048 0.752
16 0.8 0.048 0.752
17 0.8 0.048 0.752
16 0.752 0.048 0.704
16 0.704 0.16 0.544
17 0.752 0.16 0.592
17 0.592 0.016 0.576
16 0.544 0.016 0.528
17 0.576 0.048 0.528
16 0.528 0.048 0.48
15 0.8 0.048 0.752
30 0.8 0.048 0.752
15 0.752 0.048 0.704
15 0.704 0.16 0.544
30 0.752 0.16 0.592
30 0.592 0.016 0.576
15 0.544 0.016 0.528
30 0.576 0.048 0.528
15 0.528 0.048 0.48
39 0.8 0.048 0.752
10 0.8 0.048 0.752
39 0.752 0.048 0.704
39 0.704 0.16 0.544
10 0.752 0.16 0.592
10 0.592 0.016 0.576
39 0.544 0.016 0.528
10 0.576 0.048 0.528
39 0.528 0.048 0.48
21 0.8 0.048 0.752
32 0.8 0.048 0.752
28 0.8 0.048 0.752
11 0.8 0.048 0.752
18 0.8 0.048 0.752
26 0.8 0.048 0.752
35 0.8 0.048 0.752
17 0.8 0.048 0.752
16 0.8 0.048 0.752
30 0.8 0.048 0.752
15 0.8 0.048 0.752
10 0.8 0.048 0.752
39 0.8 0.048 0.752
31 0.8 0.048 0.752
1 0.8 0.048 0.752
31 0.752 0.048 0.704
31 0.704 0.16 0.544
1 0.752 0.16 0.592
1 0.592 0.016 0.576
31 0.544 0.016 0.528
1 0.576 0.048 0.528
31 0.528 0.048 0.48
9 0.8 0.048 0.752
7 0.8 0.048 0.752
8 0.8 0.048 0.752
20 0.8 0.048 0.752
7 0.752 0.096 0.656
7 0.656 0.16 0.496
8 0.752 0.16 0.592
20 0.752 0.16 0.592
20 0.592 0.016 0.576
7 0.496 0.016 0.48
20 0.576 0.048 0.528
7 0.48 0.048 0.432
8 0.592 0.048 0.544
20 0.528 0.048 0.48
20 0.48 0.16 0.32
7 0.432 0.16 0.272
8 0.544 0.16 0.384
21 0.8 0.048 0.752
32 0.8 0.048 0.752
6 0.8 0.048 0.752
3 0.8 0.048 0.752
5 0.8 0.048 0.752
27 0.8 0.048 0.752
29 0.8 0.048 0.752
36 0.8 0.048 0.752
6 0.752 0.192 0.56
6 0.56 0.16 0.4
3 0.752 0.16 0.592
5 0.752 0.16 0.592
27 0.752 0.16 0.592
29 0.752 0.16 0.592
36 0.752 0.16 0.592
36 0.592 0.016 0.576
6 0.4 0.016 0.384
36 0.576 0.048 0.528
6 0.384 0.048 0.336
28 0.8 0.048 0.752
11 0.8 0.048 0.752
18 0.8 0.048 0.752
26 0.8 0.048 0.752
35 0.8 0.048 0.752
17 0.8 0.048 0.752
16 0.8 0.048 0.752
30 0.8 0.048 0.752
15 0.8 0.048 0.752
10 0.8 0.048 0.752
39 0.8 0.048 0.752
8 0.600196 0.048 0.552196
7 0.497172 0.048 0.449172
20 0.555542 0.048 0.507542
1 0.8 0.048 0.752
31 0.8 0.048 0.752
14 0.8 0.048 0.752
9 0.8 0.048 0.752
23 0.8 0.048 0.752
33 0.8 0.048 0.752
35 0.8 0.048 0.752
23 0.752 0.096 0.656
23 0.656 0.16 0.496
33 0.752 0.16 0.592
35 0.752 0.16 0.592
35 0.592 0.016 0.576
23 0.496 0.016 0.48
35 0.576 0.048 0.528
23 0.48 0.048 0.432
26 0.8 0.048 0.752
21 0.8 0.048 0.752
32 0.8 0.048 0.752
36 0.8 0.048 0.752
28 0.8 0.048 0.752
2 0.8 0.048 0.752
11 0.8 0.048 0.752
28 0.752 0.048 0.704
28 0.704 0.16 0.544
2 0.752 0.16 0.592
2 0.592 0.016 0.576
28 0.544 0.016 0.528
2 0.576 0.048 0.528
11 0.752 0.048 0.704
28 0.528 0.048 0.48
11 0.704 0.16 0.544
18 0.8 0.048 0.752
26 0.8 0.048 0.752
35 0.67642 0.048 0.62842
26 0.752 0.048 0.704
26 0.704 0.16 0.544
26 0.544 0.016 0.528
35 0.62842 0.16 0.46842
22 0.8 0.048 0.752
17 0.8 0.048 0.752
16 0.8 0.048 0.752
30 0.8 0.048 0.752
4 0.8 0.048 0.752
24 0.8 0.048 0.752
38 0.8 0.048 0.752
4 0.752 0.096 0.656
4 0.656 0.16 0.496
24 0.752 0.16 0.592
38 0.752 0.16 0.592
38 0.592 0.016 0.576
4 0.496 0.016 0.48
38 0.576 0.048 0.528
4 0.48 0.048 0.432
24 0.592 0.048 0.544
38 0.528 0.048 0.48
38 0.48 0.16 0.32
4 0.432 0.16 0.272
24 0.544 0.16 0.384
10 0.8 0.048 0.752
39 0.8 0.048 0.752
24 0.454149 0.048 0.406149
4 0.272 0.048 0.224
38 0.32 0.048 0.272
8 0.8 0.048 0.752
7 0.8 0.048 0.752
20 0.8 0.048 0.752
8 0.752 0.048 0.704
8 0.704 0.16 0.544
7 0.752 0.16 0.592
7 0.592 0.016 0.576
8 0.544 0.016 0.528
7 0.576 0.048 0.528
8 0.528 0.048 0.48
20 0.752 0.048 0.704
20 0.704 0.16 0.544
1 0.8 0.048 0.752
31 0.8 0.048 0.752
14 0.8 0.048 0.752
9 0.8 0.048 0.752
34 0.8 0.048 0.752
25 0.8 0.048 0.752
37 0.8 0.048 0.752
40 0.8 0.048 0.752
34 0.752 0.096 0.656
34 0.656 0.16 0.496
25 0.752 0.16 0.592
37 0.752 0.16 0.592
40 0.752 0.16 0.592
40 0.592 0.016 0.576
34 0.496 0.016 0.48
40 0.576 0.048 0.528
25 0.592 0.048 0.544
34 0.48 0.048 0.432
37 0.592 0.048 0.544
40 0.528 0.048 0.48
40 0.48 0.16 0.32
25 0.544 0.16 0.384
34 0.432 0.16 0.272
37 0.544 0.16 0.384
35 0.698172 0.048 0.650172
23 0.8 0.048 0.752
26 0.749886 0.048 0.701886
35 0.650172 0.048 0.602172
35 0.602172 0.16 0.442172
23 0.752 0.16 0.592
26 0.701886 0.16 0.541886
26 0.541886 0.016 0.525886
35 0.442172 0.016 0.426172
26 0.525886 0.048 0.477886
35 0.426172 0.048 0.378172
21 0.8 0.048 0.752
32 0.8 0.048 0.752
36 0.8 0.048 0.752
37 0.457681 0.048 0.409681
25 0.459531 0.048 0.411531
34 0.346087 0.048 0.298087
40 0.399898 0.048 0.351898
37 0.409681 0.048 0.361681
37 0.361681 0.16 0.201681
37 0.201681 0.016 0.185681
25 0.411531 0.16 0.251531
34 0.298087 0.16 0.138087
40 0.351898 0.16 0.191898
2 0.8 0.048 0.752
11 0.8 0.048 0.752
18 0.8 0.048 0.752
22 0.8 0.048 0.752
17 0.8 0.048 0.752
16 0.8 0.048 0.752
12 0.8 0.048 0.752
13 0.8 0.048 0.752
12 0.752 0.048 0.704
12 0.704 0.16 0.544
13 0.752 0.16 0.592
13 0.592 0.016 0.576
12 0.544 0.016 0.528
13 0.576 0.048 0.528
12 0.528 0.048 0.48
30 0.8 0.048 0.752
15 0.8 0.048 0.752
28 0.8 0.048 0.752
11 0.8 0.048 0.752
28 0.752 0.048 0.704
28 0.704 0.16 0.544
11 0.752 0.16 0.592
11 0.592 0.016 0.576
28 0.544 0.016 0.528
11 0.576 0.048 0.528
2 0.8 0.048 0.752
28 0.528 0.048 0.48
35 0.607512 0.048 0.559512
23 0.735226 0.048 0.687226
35 0.559512 0.048 0.511512
35 0.511512 0.16 0.351512
23 0.687226 0.16 0.527226
23 0.527226 0.016 0.511226
35 0.351512 0.016 0.335512
23 0.511226 0.048 0.463226
33 0.8 0.048 0.752
35 0.335512 0.048 0.287512
23 0.463226 0.048 0.415226
23 0.415226 0.16 0.255226
33 0.752 0.16 0.592
33 0.592 0.016 0.576
23 0.255226 0.016 0.239226
33 0.576 0.048 0.528
23 0.239226 0.048 0.191226
35 0.287512 0.16 0.127512
32 0.8 0.048 0.752
21 0.8 0.048 0.752
10 0.8 0.048 0.752
39 0.8 0.048 0.752
24 0.782345 0.048 0.734345
4 0.597402 0.048 0.549402
38 0.651473 0.048 0.603473
24 0.734345 0.048 0.686345
24 0.686345 0.16 0.526345
4 0.549402 0.16 0.389402
38 0.603473 0.16 0.443473
7 0.8 0.048 0.752
8 0.8 0.048 0.752
20 0.8 0.048 0.752
1 0.8 0.048 0.752
31 0.8 0.048 0.752
14 0.8 0.048 0.752
9 0.8 0.048 0.752
26 0.8 0.048 0.752
19 0.8 0.048 0.752
35 0.278754 0.048 0.230754
26 0.752 0.048 0.704
26 0.704 0.16 0.544
19 0.752 0.16 0.592
19 0.592 0.016 0.576
26 0.544 0.016 0.528
19 0.576 0.048 0.528
26 0.528 0.048 0.48
35 0.230754 0.16 0.0707544
21 0.8 0.048 0.752
32 0.8 0.048 0.752
36 0.8 0.048 0.752
6 0.8 0.048 0.752
5 0.8 0.048 0.752
3 0.8 0.048 0.752
6 0.8 0.048 0.752
27 0.8 0.048 0.752
29 0.8 0.048 0.752
5 0.752 0.144 0.608
5 0.608 0.16 0.448
3 0.752 0.16 0.592
3 0.592 0.016 0.576
5 0.448 0.016 0.432
3 0.576 0.048 0.528
5 0.432 0.048 0.384
6 0.752 0.048 0.704
27 0.752 0.048 0.704
29 0.752 0.048 0.704
3 0.528 0.096 0.432
3 0.432 0.16 0.272
6 0.704 0.16 0.544
27 0.704 0.16 0.544
29 0.704 0.16 0.544
5 0.384 0.16 0.224
6 0.544 0.16 0.384
27 0.544 0.16 0.384
29 0.544 0.16 0.384
2 0.8 0.048 0.752
11 0.8 0.048 0.752
18 0.8 0.048 0.752
22 0.8 0.048 0.752
17 0.8 0.048 0.752
16 0.8 0.048 0.752
13 0.8 0.048 0.752
12 0.8 0.048 0.752
30 0.8 0.048 0.752
15 0.8 0.048 0.752
11 0.8 0.048 0.752
2 0.8 0.048 0.752
28 0.8 0.048 0.752
33 0.8 0.048 0.752
23 0.570225 0.048 0.522225
32 0.8 0.048 0.752
21 0.8 0.048 0.752
10 0.8 0.048 0.752
39 0.8 0.048 0.752
7 0.8 0.048 0.752
8 0.8 0.048 0.752
20 0.8 0.048 0.752
7 0.752 0.048 0.704
7 0.704 0.16 0.544
7 0.544 0.016 0.528
8 0.752 0.16 0.592
20 0.752 0.16 0.592
1 0.8 0.048 0.752
31 0.8 0.048 0.752
26 0.790371 0.048 0.742371
19 0.762389 0.048 0.714389
35 0.373393 0.048 0.325393
14 0.8 0.048 0.752
9 0.8 0.048 0.752
19 0.8 0.048 0.752
26 0.8 0.048 0.752
21 0.8 0.048 0.752
32 0.8 0.048 0.752
36 0.8 0.048 0.752
6 0.674464 0.048 0.626464
27 0.756509 0.048 0.708509
3 0.655487 0.048 0.607487
5 0.598312 0.048 0.550312
6 0.703428 0.048 0.655428
29 0.768042 0.048 0.720042
27 0.708509 0.096 0.612509
27 0.612509 0.16 0.452509
3 0.607487 0.16 0.447487
5 0.550312 0.16 0.390312
6 0.655428 0.16 0.495428
29 0.720042 0.16 0.560042
2 0.8 0.048 0.752
11 0.8 0.048 0.752
18 0.8 0.048 0.752
22 0.8 0.048 0.752
17 0.8 0.048 0.752
16 0.8 0.048 0.752
13 0.8 0.048 0.752
12 0.8 0.048 0.752
30 0.8 0.048 0.752
15 0.8 0.048 0.752
11 0.8 0.048 0.752
2 0.8 0.048 0.752
28 0.8 0.048 0.752
33 0.8 0.048 0.752
23 0.8 0.048 0.752
32 0.8 0.048 0.752
21 0.8 0.048 0.752
7 0.8 0.048 0.752
8 0.8 0.048 0.752
20 0.8 0.048 0.752
7 0.752 0.048 0.704
7 0.704 0.16 0.544
8 0.752 0.16 0.592
8 0.592 0.016 0.576
7 0.544 0.016 0.528
8 0.576 0.048 0.528
7 0.528 0.048 0.48
20 0.752 0.048 0.704
20 0.704 0.16 0.544
10 0.8 0.048 0.752
39 0.8 0.048 0.752
1 0.8 0.048 0.752
31 0.8 0.048 0.752
26 0.8 0.048 0.752
19 0.8 0.048 0.752
35 0.691012 0.048 0.643012
26 0.752 0.048 0.704
26 0.704 0.16 0.544
19 0.752 0.16 0.592
35 0.643012 0.16 0.483012
14 0.8 0.048 0.752
9 0.8 0.048 0.752
15 0.8 0.048 0.752
19 0.739823 0.048 0.691823
26 0.61665 0.048 0.56865
21 0.8 0.048 0.752
32 0.8 0.048 0.752
36 0.8 0.048 0.752
6 0.8 0.048 0.752
23 0.8 0.048 0.752
33 0.8 0.048 0.752
35 0.63286 0.048 0.58486
23 0.752 0.048 0.704
23 0.704 0.16 0.544
33 0.752 0.16 0.592
35 0.58486 0.16 0.42486
2 0.8 0.048 0.752
11 0.8 0.048 0.752
18 0.8 0.048 0.752
18 0.752 0.048 0.704
18 0.704 0.16 0.544
18 0.544 0.016 0.528
22 0.8 0.048 0.752
17 0.8 0.048 0.752
16 0.8 0.048 0.752
13 0.8 0.048 0.752
12 0.8 0.048 0.752
30 0.8 0.048 0.752
11 0.8 0.048 0.752
2 0.8 0.048 0.752
28 0.8 0.048 0.752
33 0.749503 0.048 0.701503
23 0.695131 0.048 0.647131
32 0.8 0.048 0.752
21 0.8 0.048 0.752
32 0.752 0.048 0.704
32 0.704 0.16 0.544
32 0.544 0.016 0.528
21 0.752 0.16 0.592
8 0.8 0.048 0.752
7 0.8 0.048 0.752
20 0.8 0.048 0.752
10 0.8 0.048 0.752
39 0.8 0.048 0.752
16 0.8 0.048 0.752
17 0.8 0.048 0.752
1 0.8 0.048 0.752
31 0.8 0.048 0.752
39 0.752 0.048 0.704
10 0.8 0.048 0.752
14 0.8 0.048 0.752
14 0.752 0.048 0.704
14 0.704 0.16 0.544
14 0.544 0.016 0.528
9 0.8 0.048 0.752
15 0.8 0.048 0.752
19 0.8 0.048 0.752
26 0.8 0.048 0.752
21 0.8 0.048 0.752
32 0.755834 0.048 0.707834
36 0.8 0.048 0.752
6 0.8 0.048 0.752
2 0.8 0.048 0.752
11 0.8 0.048 0.752
22 0.8 0.048 0.752
17 0.8 0.048 0.752
16 0.8 0.048 0.752
13 0.8 0.048 0.752
12 0.8 0.048 0.752
28 0.8 0.048 0.752
13 0.752 0.048 0.704
13 0.704 0.16 0.544
12 0.752 0.16 0.592
28 0.752 0.16 0.592
28 0.592 0.016 0.576
13 0.544 0.016 0.528
28 0.576 0.048 0.528
11 0.8 0.048 0.752
12 0.592 0.048 0.544
13 0.528 0.048 0.48
30 0.8 0.048 0.752
11 0.752 0.048 0.704
2 0.8 0.048 0.752
28 0.528 0.048 0.48
33 0.8 0.048 0.752
23 0.8 0.048 0.752
35 0.8 0.048 0.752
23 0.8 0.048 0.752
26 0.8 0.048 0.752
8 0.8 0.048 0.752
7 0.8 0.048 0.752
20 0.8 0.048 0.752
10 0.8 0.048 0.752
39 0.8 0.048 0.752
16 0.8 0.048 0.752
17 0.8 0.048 0.752
1 0.8 0.048 0.752
31 0.8 0.048 0.752
39 0.752 0.048 0.704
10 0.8 0.048 0.752
9 0.8 0.048 0.752
15 0.8 0.048 0.752
19 0.8 0.048 0.752
26 0.8 0.048 0.752
21 0.8 0.048 0.752
32 0.8 0.048 0.752
36 0.8 0.048 0.752
6 0.8 0.048 0.752
2 0.8 0.048 0.752
11 0.8 0.048 0.752
22 0.8 0.048 0.752
17 0.8 0.048 0.752
16 0.8 0.048 0.752
17 0.752 0.048 0.704
17 0.704 0.16 0.544
17 0.544 0.016 0.528
16 0.752 0.16 0.592
31 0.8 0.048 0.752
1 0.8 0.048 0.752
28 0.8 0.048 0.752
11 0.8 0.048 0.752
30 0.8 0.048 0.752
11 0.752 0.048 0.704
2 0.8 0.048 0.752
28 0.752 0.048 0.704
33 0.8 0.048 0.752
23 0.8 0.048 0.752
35 0.8 0.048 0.752
23 0.8 0.048 0.752
8 0.8 0.048 0.752
7 0.8 0.048 0.752
20 0.8 0.048 0.752
10 0.8 0.048 0.752
39 0.8 0.048 0.752
10 0.752 0.048 0.704
10 0.704 0.16 0.544
10 0.544 0.016 0.528
39 0.752 0.16 0.592
16 0.667417 0.048 0.619417
17 0.682768 0.048 0.634768
16 0.619417 0.048 0.571417
16 0.571417 0.16 0.411417
17 0.634768 0.16 0.474768
1 0.8 0.048 0.752
31 0.8 0.048 0.752
39 0.592 0.048 0.544
10 0.605666 0.048 0.557666
39 0.544 0.096 0.448
39 0.448 0.16 0.288
39 0.288 0.016 0.272
10 0.557666 0.16 0.397666
9 0.8 0.048 0.752
15 0.8 0.048 0.752
30 0.8 0.048 0.752
19 0.8 0.048 0.752
26 0.8 0.048 0.752
21 0.8 0.048 0.752
32 0.8 0.048 0.752
36 0.8 0.048 0.752
6 0.8 0.048 0.752
2 0.8 0.048 0.752
11 0.8 0.048 0.752
22 0.8 0.048 0.752
22 0.752 0.048 0.704
22 0.704 0.16 0.544
22 0.544 0.016 0.528
31 0.8 0.048 0.752
1 0.8 0.048 0.752
28 0.8 0.048 0.752
11 0.8 0.048 0.752
30 0.8 0.048 0.752
15 0.8 0.048 0.752
11 0.752 0.048 0.704
2 0.8 0.048 0.752
28 0.752 0.048 0.704
33 0.8 0.048 0.752
23 0.8 0.048 0.752
35 0.8 0.048 0.752
23 0.8 0.048 0.752
26 0.8 0.048 0.752
8 0.8 0.048 0.752
7 0.8 0.048 0.752
20 0.8 0.048 0.752
1 0.8 0.048 0.752
31 0.8 0.048 0.752
6 0.8 0.048 0.752
3 0.8 0.048 0.752
27 0.8 0.048 0.752
29 0.8 0.048 0.752
36 0.8 0.048 0.752
6 0.752 0.048 0.704
6 0.704 0.16 0.544
6 0.544 0.016 0.528
3 0.752 0.16 0.592
27 0.752 0.16 0.592
29 0.752 0.16 0.592
36 0.752 0.16 0.592
9 0.8 0.048 0.752
15 0.8 0.048 0.752
30 0.8 0.048 0.752
19 0.8 0.048 0.752
26 0.8 0.048 0.752
34 0.8 0.048 0.752
25 0.8 0.048 0.752
37 0.8 0.048 0.752
40 0.8 0.048 0.752
34 0.752 0.048 0.704
34 0.704 0.16 0.544
25 0.752 0.16 0.592
37 0.752 0.16 0.592
37 0.592 0.016 0.576
34 0.544 0.016 0.528
37 0.576 0.048 0.528
25 0.592 0.048 0.544
34 0.528 0.048 0.48
40 0.752 0.048 0.704
40 0.704 0.16 0.544
21 0.8 0.048 0.752
32 0.8 0.048 0.752
36 0.735616 0.048 0.687616
6 0.683949 0.048 0.635949
2 0.8 0.048 0.752
7 0.8 0.048 0.752
8 0.8 0.048 0.752
20 0.8 0.048 0.752
31 0.8 0.048 0.752
1 0.8 0.048 0.752
28 0.8 0.048 0.752
11 0.8 0.048 0.752
30 0.8 0.048 0.752
15 0.8 0.048 0.752
11 0.752 0.048 0.704
2 0.8 0.048 0.752
28 0.752 0.048 0.704
33 0.8 0.048 0.752
23 0.8 0.048 0.752
18 0.8 0.048 0.752
35 0.8 0.048 0.752
23 0.8 0.048 0.752
8 0.8 0.048 0.752
7 0.8 0.048 0.752
20 0.8 0.048 0.752
1 0.8 0.048 0.752
31 0.8 0.048 0.752
9 0.8 0.048 0.752
15 0.8 0.048 0.752
30 0.8 0.048 0.752
19 0.8 0.048 0.752
26 0.8 0.048 0.752
37 0.8 0.048 0.752
25 0.8 0.048 0.752
34 0.8 0.048 0.752
40 0.8 0.048 0.752
21 0.8 0.048 0.752
18 0.8 0.048 0.752
32 0.8 0.048 0.752
36 0.8 0.048 0.752
2 0.8 0.048 0.752
11 0.8 0.048 0.752
7 0.8 0.048 0.752
8 0.8 0.048 0.752
20 0.8 0.048 0.752
31 0.8 0.048 0.752
1 0.8 0.048 0.752
28 0.8 0.048 0.752
11 0.8 0.048 0.752
30 0.8 0.048 0.752
15 0.8 0.048 0.752
11 0.752 0.048 0.704
2 0.8 0.048 0.752
28 0.752 0.048 0.704
33 0.8 0.048 0.752
23 0.8 0.048 0.752
18 0.8 0.048 0.752
21 0.8 0.048 0.752
35 0.8 0.048 0.752
23 0.8 0.048 0.752
26 0.8 0.048 0.752
8 0.8 0.048 0.752
7 0.8 0.048 0.752
20 0.8 0.048 0.752
4 0.8 0.048 0.752
24 0.8 0.048 0.752
38 0.8 0.048 0.752
1 0.8 0.048 0.752
31 0.8 0.048 0.752
12 0.8 0.048 0.752
13 0.8 0.048 0.752
12 0.752 0.048 0.704
12 0.704 0.16 0.544
13 0.752 0.16 0.592
13 0.592 0.016 0.576
12 0.544 0.016 0.528
13 0.576 0.048 0.528
12 0.528 0.048 0.48
9 0.8 0.048 0.752
15 0.8 0.048 0.752
30 0.8 0.048 0.752
19 0.8 0.048 0.752
26 0.8 0.048 0.752
37 0.8 0.048 0.752
25 0.8 0.048 0.752
34 0.8 0.048 0.752
40 0.8 0.048 0.752
21 0.8 0.048 0.752
32 0.8 0.048 0.752
36 0.8 0.048 0.752
6 0.8 0.048 0.752
2 0.8 0.048 0.752
11 0.8 0.048 0.752
7 0.8 0.048 0.752
8 0.8 0.048 0.752
20 0.8 0.048 0.752
31 0.8 0.048 0.752
1 0.8 0.048 0.752
28 0.8 0.048 0.752
11 0.8 0.048 0.752
30 0.8 0.048 0.752
15 0.8 0.048 0.752
11 0.752 0.048 0.704
2 0.8 0.048 0.752
28 0.752 0.048 0.704
33 0.8 0.048 0.752
23 0.8 0.048 0.752
18 0.8 0.048 0.752
35 0.8 0.048 0.752
23 0.8 0.048 0.752
26 0.8 0.048 0.752
8 0.8 0.048 0.752
7 0.8 0.048 0.752
20 0.8 0.048 0.752
4 0.8 0.048 0.752
24 0.8 0.048 0.752
38 0.8 0.048 0.752
1 0.8 0.048 0.752
31 0.8 0.048 0.752
13 0.8 0.048 0.752
12 0.8 0.048 0.752
9 0.8 0.048 0.752
15 0.8 0.048 0.752
30 0.8 0.048 0.752
5 0.8 0.048 0.752
3 0.8 0.048 0.752
27 0.8 0.048 0.752
29 0.8 0.048 0.752
19 0.8 0.048 0.752
26 0.8 0.048 0.752
37 0.8 0.048 0.752
25 0.8 0.048 0.752
34 0.8 0.048 0.752
40 0.8 0.048 0.752
21 0.8 0.048 0.752
32 0.8 0.048 0.752
36 0.8 0.048 0.752
6 0.8 0.048 0.752
2 0.8 0.048 0.752
11 0.8 0.048 0.752
7 0.8 0.048 0.752
8 0.8 0.048 0.752
20 0.8 0.048 0.752
31 0.8 0.048 0.752
1 0.8 0.048 0.752
28 0.8 0.048 0.752
11 0.8 0.048 0.752
30 0.8 0.048 0.752
15 0.8 0.048 0.752
11 0.752 0.048 0.704
2 0.8 0.048 0.752
28 0.752 0.048 0.704
33 0.8 0.048 0.752
23 0.8 0.048 0.752
18 0.8 0.048 0.752
35 0.8 0.048 0.752
23 0.8 0.048 0.752
26 0.8 0.048 0.752
8 0.8 0.048 0.752
7 0.8 0.048 0.752
20 0.8 0.048 0.752
4 0.8 0.048 0.752
24 0.8 0.048 0.752
38 0.8 0.048 0.752
1 0.8 0.048 0.752
31 0.8 0.048 0.752
13 0.8 0.048 0.752
12 0.8 0.048 0.752
28 0.8 0.048 0.752
9 0.8 0.048 0.752
15 0.8 0.048 0.752
30 0.8 0.048 0.752
5 0.8 0.048 0.752
3 0.8 0.048 0.752
27 0.8 0.048 0.752
29 0.8 0.048 0.752
19 0.8 0.048 0.752
26 0.8 0.048 0.752
37 0.8 0.048 0.752
25 0.8 0.048 0.752
34 0.8 0.048 0.752
40 0.8 0.048 0.752
37 0.752 0.048 0.704
37 0.704 0.16 0.544
37 0.544 0.016 0.528
25 0.752 0.16 0.592
34 0.752 0.16 0.592
40 0.752 0.16 0.592
21 0.8 0.048 0.752
32 0.8 0.048 0.752
36 0.8 0.048 0.752
6 0.8 0.048 0.752
22 0.8 0.048 0.752
2 0.8 0.048 0.752
11 0.8 0.048 0.752
7 0.8 0.048 0.752
8 0.8 0.048 0.752
20 0.8 0.048 0.752
31 0.8 0.048 0.752
1 0.8 0.048 0.752
31 0.752 0.048 0.704
31 0.704 0.16 0.544
31 0.544 0.016 0.528
1 0.752 0.16 0.592
28 0.8 0.048 0.752
11 0.8 0.048 0.752
30 0.8 0.048 0.752
15 0.8 0.048 0.752
11 0.752 0.048 0.704
2 0.8 0.048 0.752
28 0.752 0.048 0.704
33 0.8 0.048 0.752
23 0.8 0.048 0.752
18 0.8 0.048 0.752
21 0.8 0.048 0.752
35 0.8 0.048 0.752
23 0.8 0.048 0.752
26 0.8 0.048 0.752
8 0.8 0.048 0.752
7 0.8 0.048 0.752
20 0.8 0.048 0.752
4 0.8 0.048 0.752
24 0.8 0.048 0.752
38 0.8 0.048 0.752
1 0.665387 0.048 0.617387
31 0.599853 0.048 0.551853
1 0.617387 0.048 0.569387
1 0.569387 0.16 0.409387
1 0.409387 0.016 0.393387
31 0.551853 0.16 0.391853
13 0.8 0.048 0.752
12 0.8 0.048 0.752
9 0.8 0.048 0.752
15 0.8 0.048 0.752
30 0.8 0.048 0.752
5 0.8 0.048 0.752
3 0.8 0.048 0.752
27 0.8 0.048 0.752
29 0.8 0.048 0.752
19 0.8 0.048 0.752
26 0.8 0.048 0.752
21 0.8 0.048 0.752
32 0.8 0.048 0.752
36 0.8 0.048 0.752
6 0.8 0.048 0.752
17 0.8 0.048 0.752
16 0.8 0.048 0.752
22 0.8 0.048 0.752
2 0.8 0.048 0.752
11 0.8 0.048 0.752
7 0.8 0.048 0.752
8 0.8 0.048 0.752
20 0.8 0.048 0.752
28 0.8 0.048 0.752
11 0.8 0.048 0.752
13 0.8 0.048 0.752
30 0.8 0.048 0.752
15 0.8 0.048 0.752
30 0.752 0.048 0.704
30 0.704 0.16 0.544
30 0.544 0.016 0.528
15 0.752 0.16 0.592
11 0.752 0.048 0.704
2 0.8 0.048 0.752
28 0.752 0.048 0.704
33 0.8 0.048 0.752
23 0.8 0.048 0.752
18 0.8 0.048 0.752
35 0.8 0.048 0.752
23 0.8 0.048 0.752
26 0.8 0.048 0.752
8 0.8 0.048 0.752
7 0.8 0.048 0.752
20 0.8 0.048 0.752
4 0.8 0.048 0.752
24 0.8 0.048 0.752
38 0.8 0.048 0.752
13 0.8 0.048 0.752
12 0.8 0.048 0.752
9 0.8 0.048 0.752
2 0.8 0.048 0.752
15 0.749281 0.048 0.701281
30 0.675616 0.048 0.627616
15 0.701281 0.096 0.605281
15 0.605281 0.16 0.445281
15 0.445281 0.016 0.429281
30 0.627616 0.16 0.467616
5 0.8 0.048 0.752
3 0.8 0.048 0.752
6 0.8 0.048 0.752
27 0.8 0.048 0.752
29 0.8 0.048 0.752
5 0.752 0.048 0.704
5 0.704 0.16 0.544
3 0.752 0.16 0.592
6 0.752 0.16 0.592
6 0.592 0.016 0.576
5 0.544 0.016 0.528
6 0.576 0.048 0.528
3 0.592 0.048 0.544
5 0.528 0.048 0.48
27 0.752 0.048 0.704
29 0.752 0.048 0.704
36 0.8 0.048 0.752
27 0.704 0.16 0.544
29 0.704 0.16 0.544
19 0.8 0.048 0.752
26 0.8 0.048 0.752
21 0.8 0.048 0.752
32 0.8 0.048 0.752
36 0.8 0.048 0.752
17 0.8 0.048 0.752
16 0.8 0.048 0.752
22 0.8 0.048 0.752
2 0.8 0.048 0.752
9 0.8 0.048 0.752
11 0.8 0.048 0.752
7 0.8 0.048 0.752
8 0.8 0.048 0.752
20 0.8 0.048 0.752
28 0.8 0.048 0.752
11 0.8 0.048 0.752
12 0.8 0.048 0.752
11 0.752 0.048 0.704
2 0.8 0.048 0.752
28 0.752 0.048 0.704
33 0.8 0.048 0.752
23 0.8 0.048 0.752
18 0.8 0.048 0.752
18 0.752 0.048 0.704
18 0.704 0.16 0.544
18 0.544 0.016 0.528
35 0.8 0.048 0.752
23 0.8 0.048 0.752
26 0.8 0.048 0.752
8 0.8 0.048 0.752
7 0.8 0.048 0.752
20 0.8 0.048 0.752
4 0.8 0.048 0.752
24 0.8 0.048 0.752
38 0.8 0.048 0.752
13 0.8 0.048 0.752
12 0.8 0.048 0.752
9 0.8 0.048 0.752
2 0.8 0.048 0.752
6 0.8 0.048 0.752
3 0.8 0.048 0.752
5 0.8 0.048 0.752
27 0.8 0.048 0.752
29 0.8 0.048 0.752
36 0.8 0.048 0.752
19 0.8 0.048 0.752
26 0.8 0.048 0.752
21 0.8 0.048 0.752
32 0.8 0.048 0.752
21 0.752 0.048 0.704
21 0.704 0.16 0.544
21 0.544 0.016 0.528
32 0.752 0.16 0.592
36 0.8 0.048 0.752
6 0.752 0.048 0.704
17 0.8 0.048 0.752
16 0.8 0.048 0.752
22 0.8 0.048 0.752
2 0.8 0.048 0.752
9 0.8 0.048 0.752
11 0.8 0.048 0.752
7 0.8 0.048 0.752
8 0.8 0.048 0.752
20 0.8 0.048 0.752
28 0.8 0.048 0.752
11 0.8 0.048 0.752
11 0.752 0.048 0.704
2 0.8 0.048 0.752
28 0.752 0.048 0.704
33 0.8 0.048 0.752
23 0.8 0.048 0.752
35 0.8 0.048 0.752
23 0.8 0.048 0.752
26 0.8 0.048 0.752
8 0.8 0.048 0.752
7 0.8 0.048 0.752
20 0.8 0.048 0.752
4 0.8 0.048 0.752
24 0.8 0.048 0.752
38 0.8 0.048 0.752
13 0.8 0.048 0.752
12 0.8 0.048 0.752
9 0.8 0.048 0.752
2 0.8 0.048 0.752
6 0.8 0.048 0.752
3 0.8 0.048 0.752
5 0.8 0.048 0.752
27 0.8 0.048 0.752
29 0.8 0.048 0.752
19 0.8 0.048 0.752
26 0.8 0.048 0.752
36 0.8 0.048 0.752
17 0.8 0.048 0.752
16 0.8 0.048 0.752
22 0.8 0.048 0.752
2 0.8 0.048 0.752
9 0.8 0.048 0.752
11 0.8 0.048 0.752
7 0.8 0.048 0.752
8 0.8 0.048 0.752
20 0.8 0.048 0.752
28 0.8 0.048 0.752
11 0.8 0.048 0.752
11 0.752 0.048 0.704
2 0.8 0.048 0.752
28 0.752 0.048 0.704
33 0.8 0.048 0.752
23 0.8 0.048 0.752
35 0.8 0.048 0.752
23 0.8 0.048 0.752
26 0.8 0.048 0.752
8 0.8 0.048 0.752
7 0.8 0.048 0.752
20 0.8 0.048 0.752
4 0.8 0.048 0.752
24 0.8 0.048 0.752
38 0.8 0.048 0.752
13 0.8 0.048 0.752
12 0.8 0.048 0.752
9 0.8 0.048 0.752
2 0.8 0.048 0.752
6 0.8 0.048 0.752
5 0.8 0.048 0.752
27 0.8 0.048 0.752
29 0.8 0.048 0.752
36 0.8 0.048 0.752
19 0.8 0.048 0.752
26 0.8 0.048 0.752
36 0.8 0.048 0.752
6 0.752 0.048 0.704
17 0.8 0.048 0.752
16 0.8 0.048 0.752
22 0.8 0.048 0.752
2 0.8 0.048 0.752
9 0.8 0.048 0.752
11 0.8 0.048 0.752
7 0.8 0.048 0.752
8 0.8 0.048 0.752
20 0.8 0.048 0.752
28 0.8 0.048 0.752
11 0.8 0.048 0.752
11 0.752 0.048 0.704
2 0.8 0.048 0.752
28 0.752 0.048 0.704
33 0.8 0.048 0.752
23 0.8 0.048 0.752
35 0.8 0.048 0.752
23 0.8 0.048 0.752
26 0.8 0.048 0.752
8 0.8 0.048 0.752
7 0.8 0.048 0.752
20 0.8 0.048 0.752
4 0.8 0.048 0.752
24 0.8 0.048 0.752
38 0.8 0.048 0.752
13 0.8 0.048 0.752
12 0.8 0.048 0.752
9 0.8 0.048 0.752
2 0.8 0.048 0.752
6 0.8 0.048 0.752
3 0.8 0.048 0.752
5 0.8 0.048 0.752
27 0.8 0.048 0.752
29 0.8 0.048 0.752
36 0.8 0.048 0.752
19 0.8 0.048 0.752
26 0.8 0.048 0.752
36 0.8 0.048 0.752
36 0.752 0.048 0.704
36 0.704 0.16 0.544
36 0.544 0.016 0.528
17 0.8 0.048 0.752
16 0.8 0.048 0.752
22 0.8 0.048 0.752
2 0.8 0.048 0.752
9 0.8 0.048 0.752
11 0.8 0.048 0.752
7 0.8 0.048 0.752
8 0.8 0.048 0.752
20 0.8 0.048 0.752
28 0.8 0.048 0.752
11 0.8 0.048 0.752
11 0.752 0.048 0.704
2 0.8 0.048 0.752
28 0.752 0.048 0.704
33 0.8 0.048 0.752
23 0.8 0.048 0.752
35 0.8 0.048 0.752
23 0.8 0.048 0.752
26 0.8 0.048 0.752
8 0.8 0.048 0.752
7 0.8 0.048 0.752
20 0.8 0.048 0.752
4 0.8 0.048 0.752
24 0.8 0.048 0.752
38 0.8 0.048 0.752
13 0.8 0.048 0.752
12 0.8 0.048 0.752
9 0.8 0.048 0.752
2 0.8 0.048 0.752
9 0.752 0.048 0.704
9 0.704 0.16 0.544
9 0.544 0.016 0.528
2 0.752 0.16 0.592
6 0.8 0.048 0.752
3 0.8 0.048 0.752
5 0.8 0.048 0.752
27 0.8 0.048 0.752
29 0.8 0.048 0.752
19 0.8 0.048 0.752
26 0.8 0.048 0.752
17 0.8 0.048 0.752
16 0.8 0.048 0.752
22 0.8 0.048 0.752
2 0.666747 0.048 0.618747
9 0.598435 0.048 0.550435
11 0.8 0.048 0.752
2 0.618747 0.096 0.522747
2 0.522747 0.16 0.362747
2 0.362747 0.016 0.346747
9 0.550435 0.16 0.390435
11 0.752 0.16 0.592
7 0.8 0.048 0.752
8 0.8 0.048 0.752
20 0.8 0.048 0.752
28 0.8 0.048 0.752
11 0.668427 0.048 0.620427
28 0.752 0.048 0.704
28 0.704 0.16 0.544
28 0.544 0.016 0.528
11 0.620427 0.16 0.460427
11 0.460427 0.048 0.412427
2 0.424409 0.048 0.376409
28 0.528 0.048 0.48
11 0.412427 0.048 0.364427
11 0.364427 0.16 0.204427
11 0.204427 0.016 0.188427
2 0.376409 0.16 0.216409
28 0.48 0.16 0.32
33 0.8 0.048 0.752
23 0.8 0.048 0.752
35 0.8 0.048 0.752
23 0.8 0.048 0.752
26 0.8 0.048 0.752
8 0.8 0.048 0.752
7 0.8 0.048 0.752
20 0.8 0.048 0.752
4 0.8 0.048 0.752
24 0.8 0.048 0.752
38 0.8 0.048 0.752
13 0.8 0.048 0.752
12 0.8 0.048 0.752
13 0.752 0.048 0.704
13 0.704 0.16 0.544
13 0.544 0.016 0.528
12 0.752 0.16 0.592
6 0.8 0.048 0.752
3 0.8 0.048 0.752
5 0.8 0.048 0.752
27 0.8 0.048 0.752
29 0.8 0.048 0.752
19 0.8 0.048 0.752
26 0.8 0.048 0.752
17 0.8 0.048 0.752
16 0.8 0.048 0.752
22 0.8 0.048 0.752
7 0.8 0.048 0.752
8 0.8 0.048 0.752
20 0.8 0.048 0.752
33 0.8 0.048 0.752
23 0.8 0.048 0.752
35 0.8 0.048 0.752
23 0.8 0.048 0.752
26 0.8 0.048 0.752
8 0.8 0.048 0.752
7 0.8 0.048 0.752
20 0.8 0.048 0.752
4 0.8 0.048 0.752
24 0.8 0.048 0.752
38 0.8 0.048 0.752
4 0.752 0.048 0.704
4 0.704 0.16 0.544
4 0.544 0.016 0.528
24 0.752 0.16 0.592
38 0.752 0.16 0.592
6 0.8 0.048 0.752
3 0.8 0.048 0.752
5 0.8 0.048 0.752
27 0.8 0.048 0.752
29 0.8 0.048 0.752
19 0.8 0.048 0.752
26 0.8 0.048 0.752
19 0.752 0.048 0.704
19 0.704 0.16 0.544
19 0.544 0.016 0.528
26 0.752 0.16 0.592
17 0.8 0.048 0.752
16 0.8 0.048 0.752
22 0.8 0.048 0.752
7 0.8 0.048 0.752
8 0.8 0.048 0.752
20 0.8 0.048 0.752
33 0.8 0.048 0.752
23 0.8 0.048 0.752
33 0.752 0.048 0.704
33 0.704 0.16 0.544
33 0.544 0.016 0.528
23 0.752 0.16 0.592
35 0.8 0.048 0.752
23 0.663626 0.048 0.615626
26 0.8 0.048 0.752
35 0.752 0.048 0.704
35 0.704 0.16 0.544
35 0.544 0.016 0.528
23 0.615626 0.16 0.455626
26 0.752 0.16 0.592
8 0.8 0.048 0.752
7 0.8 0.048 0.752
20 0.8 0.048 0.752
6 0.8 0.048 0.752
3 0.8 0.048 0.752
5 0.8 0.048 0.752
27 0.8 0.048 0.752
29 0.8 0.048 0.752
17 0.8 0.048 0.752
16 0.8 0.048 0.752
22 0.8 0.048 0.752
7 0.8 0.048 0.752
8 0.8 0.048 0.752
20 0.8 0.048 0.752
8 0.8 0.048 0.752
7 0.8 0.048 0.752
20 0.8 0.048 0.752
6 0.8 0.048 0.752
3 0.8 0.048 0.752
5 0.8 0.048 0.752
27 0.8 0.048 0.752
29 0.8 0.048 0.752
17 0.8 0.048 0.752
16 0.8 0.048 0.752
22 0.8 0.048 0.752
