62 941 1.03258
45 942 1.03707
56 943 1.05269
88 944 1.06139
21 945 1.17754
96 946 1.18383
2 947 1.24561
69 948 1.25641
80 949 1.27664
11 950 1.3102
63 951 1.31841
57 952 1.32752
8 953 1.38865
83 954 1.43676
59 955 1.46103
52 956 1.49097
34 957 1.57138
48 958 1.81665
70 959 1.84521
40 960 1.95538
86 961 2.08636
1 962 2.20809
51 963 2.21612
82 964 2.24135
54 965 2.25597
85 966 2.30031
73 967 2.33343
55 968 2.38646
46 969 2.40593
9 970 2.4075
49 971 2.41139
15 972 2.48072
10 973 2.52516
12 974 2.67023
95 975 2.6879
20 976 2.72004
84 977 2.72805
67 978 2.75865
61 979 2.7698
24 980 2.79339
90 981 2.81379
68 982 2.84305
6 983 2.87131
98 984 2.8849
27 985 2.93039
65 986 2.9737
87 987 3.09238
77 988 3.09716
28 989 3.18668
62 990 3.19351
100 991 3.20296
25 992 3.26053
33 993 3.40352
17 994 3.46832
43 995 3.57023
19 996 3.71669
97 997 3.73612
41 998 3.85052
53 999 3.91905
79 1000 4.01445
34 1001 4.08018
94 1002 4.14084
93 1003 4.38185
46 1004 4.40858
44 1005 4.42604
76 1006 4.42606
39 1007 4.42914
89 1008 4.51229
99 1009 4.51843
60 1010 4.54827
92 1011 4.63583
14 1012 4.70738
71 1013 4.75412
64 1014 4.78124
86 1015 4.83084
67 1016 4.88313
81 1017 4.97601
95 1018 5.12179
88 1019 5.38674
24 1020 5.76946
2 1021 5.93231
80 1022 5.98398
19 1023 6.28543
41 1024 6.44399
53 1025 6.69285
54 1026 6.81683
10 1027 6.86479
17 1028 6.91979
86 1029 7.08287
87 1030 7.10814
93 1031 7.18498
65 1032 7.81601
14 1033 7.92607
28 1034 7.98088
39 1035 8.00513
94 1036 8.35743
33 1037 8.36336
24 1038 8.42435
79 1039 8.54604
89 1040 9.11686
71 1041 9.13954
100 1042 9.40222
64 1043 9.74661
