70 2962 1.03897
46 2963 1.08255
77 2965 1.14959
47 2966 1.1659
93 2968 1.21468
61 2969 1.23619
28 2970 1.3089
85 2972 1.31503
55 2973 1.32699
95 2974 1.33939
21 2975 1.36358
49 2976 1.37052
81 2978 1.41691
32 2979 1.4438
35 2980 1.47872
87 2981 1.49212
16 2982 1.51221
27 2985 1.6241
75 2986 1.65177
7 2987 1.67549
67 2989 1.79198
23 2991 1.82434
40 2992 1.83922
52 2993 1.90004
74 2994 1.90227
42 2996 1.98415
57 2997 1.99067
82 2999 2.08605
89 3001 2.12692
73 3002 2.18706
29 3004 2.25604
98 3006 2.32586
84 3007 2.33971
90 3008 2.34284
56 3009 2.34485
48 3010 2.38738
10 3011 2.40533
66 3013 2.41737
4 3014 2.50029
68 3016 2.59719
12 3018 2.63106
62 3019 2.63178
83 3020 2.6531
41 3021 2.68942
38 3024 2.84494
1 3025 2.85869
30 3026 2.86072
3 3027 2.89303
19 3029 2.92412
94 3030 2.99186
17 3031 2.99998
79 3033 3.04894
88 3034 3.07004
6 3036 3.13613
24 3037 3.13861
69 3039 3.27107
55 3041 3.35311
58 3042 3.37527
22 3043 3.38221
26 3044 3.40055
70 3046 3.43443
34 3047 3.47387
78 3048 3.48729
76 3049 3.50345
36 3051 3.52213
95 3052 3.57267
64 3054 3.678
14 3055 3.71159
39 3058 3.87566
15 3059 3.88286
37 3060 3.89027
99 3062 3.92226
33 3063 3.96794
96 3066 4.1211
71 3067 4.14231
51 3068 4.14759
45 3069 4.15277
44 3071 4.21739
8 3073 4.36353
31 3074 4.3907
67 3076 4.44303
16 3077 4.50097
43 3078 4.50827
63 3080 4.55478
65 3082 4.63341
18 3084 4.73041
80 3085 4.74026
97 3086 4.78174
50 3087 4.80404
72 3089 4.82289
2 3090 4.90017
53 3092 4.97494
89 3098 5.42972
62 3099 5.46797
29 3105 5.92508
34 3111 6.45332
22 3112 6.48489
19 3114 6.56158
23 3117 6.73495
17 3120 6.91514
73 3121 6.99189
12 3123 7.04343
80 3126 7.21971
38 3127 7.2626
7 3128 7.27664
14 3131 7.43858
97 3132 7.51157
20 3134 7.54495
81 3135 7.56411
48 3137 7.64754
39 3140 7.84099
51 3141 7.88134
30 3143 7.99979
18 3146 8.16054
26 3148 8.26268
35 3150 8.35039
86 3152 8.4273
16 3155 8.69257
77 3160 9.02169
8 3164 9.36825
21 3166 9.43311
49 3170 9.75417
50 3172 9.88
53 3173 9.88324
67 3175 9.95199
