0 2211
0 2212
0 2213
0 2214
0 2215
0 2216
0 2217
0 2218
0 2219
0 2220
0 2221
0 2222
0 2225
0 2226
0 2227
35 2228
0 2230
60 2232
54 2233
0 2235
8 2237
0 2238
3 2240
44 2240
0 2241
0 2245
2 2247
42 2249
0 2250
37 2233
0 2252
45 2223
48 2224
0 2253
34 2239
0 2255
0 2257
40 2259
0 2260
28 2234
54 2234
0 2264
0 2268
30 2239
0 2270
0 2272
39 2246
0 2273
43 2263
52 2275
36 2275
53 2275
26 2275
0 2276
47 2266
0 2278
32 2269
0 2282
70 2283
62 2242
0 2286
65 2288
1 2289
66 2291
0 2292
0 2293
53 2294
6 2295
0 2296
0 2297
23 2283
16 2298
0 2300
67 2291
0 2303
41 2274
0 2305
67 2306
68 2307
38 2267
0 2308
37 2281
0 2309
55 2285
21 2285
0 2311
9 2312
42 2288
0 2313
0 2314
17 2265
0 2316
0 2321
61 2284
0 2322
10 2323
0 2324
29 2251
15 2261
19 2262
0 2325
30 2326
0 2328
23 2310
16 2310
57 2244
0 2329
40 2323
24 2259
0 2330
0 2331
50 2277
0 2332
0 2334
0 2336
51 2228
35 2290
0 2338
31 2274
66 2339
23 2339
0 2340
64 2237
0 2341
0 2343
4 2271
0 2345
0 2346
7 2304
0 2347
0 2348
3 2320
44 2280
0 2350
0 2351
48 2289
13 2247
14 2248
0 2352
59 2231
0 2354
41 2356
35 2356
0 2357
0 2359
0 2360
2 2301
0 2361
0 2362
0 2364
56 2317
63 2254
0 2366
0 2368
0 2369
0 2371
60 2326
0 2372
43 2333
28 2319
0 2373
0 2375
0 2377
0 2378
0 2380
30 2358
0 2381
0 2383
0 2384
0 2385
0 2386
70 2342
0 2387
11 2285
0 2389
12 2302
49 2249
0 2391
0 2392
38 2363
35 2379
0 2393
0 2395
65 2344
57 2374
0 2396
0 2397
61 2353
0 2398
0 2399
0 2400
29 2388
46 2229
17 2376
0 2402
0 2403
21 2315
11 2315
24 2237
0 2404
10 2365
8 2318
40 2394
0 2405
0 2406
0 2407
0 2408
51 2356
0 2409
0 2410
0 2411
0 2412
0 2413
22 2236
0 2414
18 2240
0 2415
0 2416
0 2417
0 2418
69 2224
0 2419
0 2420
0 2421
0 2422
0 2423
0 2424
0 2425
25 2256
0 2426
0 2427
33 2232
0 2428
0 2429
0 2430
52 2367
5 2299
0 2431
58 2258
0 2432
47 2370
0 2433
39 2355
0 2434
55 2349
11 2349
0 2435
20 2243
42 2244
0 2436
62 2337
57 2376
0 2437
0 2438
0 2439
0 2440
16 2382
6 2310
0 2441
0 2442
0 2443
70 2315
0 2444
0 2445
49 2244
0 2446
