21 1410 1.77347
25 1412 1.82077
15 1415 2.02815
11 1419 2.3162
22 1422 2.59115
16 1425 2.71514
4 1428 2.97473
6 1430 3.03204
27 1432 3.13431
3 1433 3.1476
18 1434 3.19296
8 1438 3.45857
9 1439 3.50795
13 1441 3.55671
28 1444 3.80556
1 1446 3.88634
5 1447 3.89567
10 1449 3.93437
7 1453 4.29178
30 1454 4.29482
20 1456 4.35716
24 1458 4.41276
12 1460 4.56352
23 1462 4.61996
14 1465 4.82439
19 1467 4.94596
2 1468 4.95159
17 1469 4.95518
29 1470 4.98781
3 1479 5.73057
25 1488 6.55591
11 1490 6.64714
15 1496 7.16631
4 1517 9.20401
14 1523 9.63229
24 1527 9.92117
