29 0.8 0.048 0.752
6 0.8 0.048 0.752
20 0.8 0.048 0.752
29 0.752 0.096 0.656
29 0.656 0.16 0.496
6 0.752 0.16 0.592
20 0.752 0.16 0.592
20 0.592 0.016 0.576
29 0.496 0.016 0.48
20 0.576 0.048 0.528
6 0.592 0.048 0.544
29 0.48 0.048 0.432
20 0.528 0.048 0.48
20 0.48 0.16 0.32
6 0.544 0.16 0.384
29 0.432 0.16 0.272
3 0.8 0.048 0.752
12 0.8 0.048 0.752
14 0.8 0.048 0.752
19 0.8 0.048 0.752
28 0.8 0.048 0.752
3 0.752 0.192 0.56
3 0.56 0.16 0.4
12 0.752 0.16 0.592
14 0.752 0.16 0.592
19 0.752 0.16 0.592
28 0.752 0.16 0.592
28 0.592 0.016 0.576
3 0.4 0.016 0.384
28 0.576 0.048 0.528
3 0.384 0.048 0.336
12 0.592 0.048 0.544
14 0.592 0.048 0.544
19 0.592 0.048 0.544
27 0.8 0.048 0.752
28 0.528 0.192 0.336
28 0.336 0.16 0.176
3 0.336 0.16 0.176
12 0.544 0.16 0.384
14 0.544 0.16 0.384
19 0.544 0.16 0.384
27 0.752 0.16 0.592
27 0.592 0.016 0.576
28 0.176 0.016 0.16
27 0.576 0.048 0.528
8 0.8 0.048 0.752
12 0.384 0.048 0.336
14 0.384 0.048 0.336
15 0.8 0.048 0.752
19 0.384 0.048 0.336
28 0.16 0.048 0.112
27 0.528 0.096 0.432
27 0.432 0.16 0.272
8 0.752 0.16 0.592
12 0.336 0.16 0.176
14 0.336 0.16 0.176
15 0.752 0.16 0.592
15 0.592 0.016 0.576
27 0.272 0.016 0.256
15 0.576 0.048 0.528
8 0.592 0.048 0.544
19 0.336 0.048 0.288
27 0.256 0.048 0.208
15 0.528 0.048 0.48
15 0.48 0.16 0.32
19 0.288 0.16 0.128
28 0.112 0.16 -0.048
8 0.544 0.16 0.384
19 0.128 0.16 -0.032
27 0.208 0.16 0.048
4 0.8 0.048 0.752
26 0.8 0.048 0.752
7 0.8 0.048 0.752
17 0.8 0.048 0.752
26 0.752 0.096 0.656
26 0.656 0.16 0.496
7 0.752 0.16 0.592
17 0.752 0.16 0.592
17 0.592 0.016 0.576
26 0.496 0.016 0.48
17 0.576 0.048 0.528
7 0.592 0.048 0.544
26 0.48 0.048 0.432
17 0.528 0.048 0.48
17 0.48 0.16 0.32
7 0.544 0.16 0.384
26 0.432 0.16 0.272
1 0.8 0.048 0.752
9 0.8 0.048 0.752
22 0.8 0.048 0.752
1 0.752 0.096 0.656
1 0.656 0.16 0.496
9 0.752 0.16 0.592
22 0.752 0.16 0.592
22 0.592 0.016 0.576
1 0.496 0.016 0.48
22 0.576 0.048 0.528
1 0.48 0.048 0.432
9 0.592 0.048 0.544
22 0.528 0.048 0.48
22 0.48 0.16 0.32
1 0.432 0.16 0.272
9 0.544 0.16 0.384
8 0.755961 0.048 0.707961
15 0.777001 0.048 0.729001
19 0.452597 0.048 0.404597
27 0.493073 0.048 0.445073
5 0.8 0.048 0.752
6 0.8 0.048 0.752
21 0.8 0.048 0.752
5 0.752 0.144 0.608
5 0.608 0.16 0.448
5 0.448 0.016 0.432
6 0.752 0.16 0.592
21 0.752 0.16 0.592
23 0.8 0.048 0.752
13 0.8 0.048 0.752
23 0.752 0.048 0.704
23 0.704 0.16 0.544
13 0.752 0.16 0.592
13 0.592 0.016 0.576
23 0.544 0.016 0.528
13 0.576 0.048 0.528
23 0.528 0.048 0.48
19 0.556066 0.048 0.508066
8 0.8 0.048 0.752
12 0.78889 0.048 0.74089
14 0.771742 0.048 0.723742
15 0.8 0.048 0.752
27 0.597612 0.048 0.549612
19 0.508066 0.144 0.364066
19 0.364066 0.16 0.204066
8 0.752 0.16 0.592
12 0.74089 0.16 0.58089
14 0.723742 0.16 0.563742
15 0.752 0.16 0.592
27 0.549612 0.16 0.389612
4 0.8 0.048 0.752
16 0.8 0.048 0.752
16 0.752 0.048 0.704
16 0.704 0.16 0.544
16 0.544 0.016 0.528
30 0.8 0.048 0.752
11 0.8 0.048 0.752
30 0.752 0.048 0.704
30 0.704 0.16 0.544
11 0.752 0.16 0.592
11 0.592 0.016 0.576
30 0.544 0.016 0.528
11 0.576 0.048 0.528
30 0.528 0.048 0.48
8 0.747179 0.048 0.699179
15 0.8 0.048 0.752
19 0.423953 0.048 0.375953
27 0.616382 0.048 0.568382
8 0.699179 0.048 0.651179
8 0.651179 0.16 0.491179
15 0.752 0.16 0.592
19 0.375953 0.16 0.215953
27 0.568382 0.16 0.408382
18 0.8 0.048 0.752
10 0.8 0.048 0.752
18 0.752 0.048 0.704
18 0.704 0.16 0.544
10 0.752 0.16 0.592
10 0.592 0.016 0.576
18 0.544 0.016 0.528
10 0.576 0.048 0.528
18 0.528 0.048 0.48
24 0.8 0.048 0.752
11 0.748621 0.048 0.700621
13 0.8 0.048 0.752
23 0.8 0.048 0.752
4 0.8 0.048 0.752
11 0.8 0.048 0.752
30 0.8 0.048 0.752
10 0.8 0.048 0.752
18 0.8 0.048 0.752
24 0.8 0.048 0.752
13 0.8 0.048 0.752
23 0.8 0.048 0.752
13 0.752 0.048 0.704
13 0.704 0.16 0.544
13 0.544 0.016 0.528
23 0.752 0.16 0.592
2 0.8 0.048 0.752
9 0.8 0.048 0.752
2 0.752 0.048 0.704
2 0.704 0.16 0.544
9 0.752 0.16 0.592
9 0.592 0.016 0.576
2 0.544 0.016 0.528
9 0.576 0.048 0.528
1 0.8 0.048 0.752
2 0.528 0.048 0.48
22 0.8 0.048 0.752
9 0.528 0.048 0.48
9 0.48 0.16 0.32
1 0.752 0.16 0.592
1 0.592 0.016 0.576
9 0.32 0.016 0.304
1 0.576 0.048 0.528
9 0.304 0.048 0.256
22 0.752 0.048 0.704
2 0.48 0.16 0.32
22 0.704 0.16 0.544
4 0.8 0.048 0.752
4 0.752 0.048 0.704
4 0.704 0.16 0.544
4 0.544 0.016 0.528
11 0.8 0.048 0.752
24 0.8 0.048 0.752
30 0.8 0.048 0.752
10 0.8 0.048 0.752
18 0.8 0.048 0.752
24 0.8 0.048 0.752
11 0.8 0.048 0.752
1 0.8 0.048 0.752
9 0.632509 0.048 0.584509
22 0.8 0.048 0.752
28 0.8 0.048 0.752
3 0.8 0.048 0.752
12 0.8 0.048 0.752
14 0.8 0.048 0.752
19 0.8 0.048 0.752
28 0.752 0.144 0.608
28 0.608 0.16 0.448
3 0.752 0.16 0.592
12 0.752 0.16 0.592
14 0.752 0.16 0.592
14 0.592 0.016 0.576
28 0.448 0.016 0.432
14 0.576 0.048 0.528
3 0.592 0.048 0.544
8 0.8 0.048 0.752
12 0.592 0.048 0.544
15 0.8 0.048 0.752
19 0.752 0.048 0.704
27 0.8 0.048 0.752
28 0.432 0.048 0.384
14 0.528 0.144 0.384
14 0.384 0.16 0.224
19 0.704 0.16 0.544
3 0.544 0.16 0.384
8 0.752 0.16 0.592
12 0.544 0.16 0.384
15 0.752 0.16 0.592
19 0.544 0.16 0.384
27 0.752 0.16 0.592
27 0.592 0.016 0.576
14 0.224 0.016 0.208
27 0.576 0.048 0.528
8 0.592 0.048 0.544
12 0.384 0.048 0.336
14 0.208 0.048 0.16
15 0.592 0.048 0.544
19 0.384 0.048 0.336
28 0.384 0.16 0.224
25 0.8 0.048 0.752
25 0.752 0.048 0.704
25 0.704 0.16 0.544
25 0.544 0.016 0.528
11 0.8 0.048 0.752
24 0.8 0.048 0.752
30 0.8 0.048 0.752
10 0.8 0.048 0.752
18 0.8 0.048 0.752
21 0.8 0.048 0.752
24 0.8 0.048 0.752
11 0.8 0.048 0.752
1 0.8 0.048 0.752
9 0.8 0.048 0.752
22 0.8 0.048 0.752
27 0.8 0.048 0.752
8 0.8 0.048 0.752
12 0.711102 0.048 0.663102
14 0.530948 0.048 0.482948
15 0.8 0.048 0.752
19 0.69413 0.048 0.64613
27 0.752 0.048 0.704
27 0.704 0.16 0.544
8 0.752 0.16 0.592
12 0.663102 0.16 0.503102
12 0.503102 0.016 0.487102
27 0.544 0.016 0.528
12 0.487102 0.048 0.439102
3 0.757569 0.048 0.709569
14 0.482948 0.048 0.434948
19 0.64613 0.048 0.59813
27 0.528 0.048 0.48
28 0.611949 0.048 0.563949
12 0.439102 0.048 0.391102
12 0.391102 0.16 0.231102
14 0.434948 0.16 0.274948
15 0.752 0.16 0.592
19 0.59813 0.16 0.43813
3 0.709569 0.16 0.549569
3 0.549569 0.016 0.533569
12 0.231102 0.016 0.215102
3 0.533569 0.048 0.485569
12 0.215102 0.048 0.167102
14 0.274948 0.048 0.226948
19 0.43813 0.048 0.39013
28 0.563949 0.048 0.515949
3 0.485569 0.048 0.437569
3 0.437569 0.16 0.277569
14 0.226948 0.16 0.0669478
19 0.39013 0.16 0.23013
27 0.48 0.16 0.32
28 0.515949 0.16 0.355949
3 0.277569 0.016 0.261569
12 0.167102 0.16 0.00710166
14 0.0669478 0.16 -0.0930522
19 0.23013 0.16 0.0701298
28 0.355949 0.16 0.195949
11 0.8 0.048 0.752
24 0.8 0.048 0.752
30 0.8 0.048 0.752
7 0.8 0.048 0.752
17 0.8 0.048 0.752
26 0.8 0.048 0.752
7 0.752 0.048 0.704
7 0.704 0.16 0.544
17 0.752 0.16 0.592
26 0.752 0.16 0.592
26 0.592 0.016 0.576
7 0.544 0.016 0.528
26 0.576 0.048 0.528
7 0.528 0.048 0.48
17 0.592 0.048 0.544
10 0.8 0.048 0.752
18 0.8 0.048 0.752
21 0.8 0.048 0.752
29 0.8 0.048 0.752
5 0.8 0.048 0.752
6 0.8 0.048 0.752
20 0.8 0.048 0.752
29 0.752 0.096 0.656
29 0.656 0.16 0.496
5 0.752 0.16 0.592
6 0.752 0.16 0.592
6 0.592 0.016 0.576
29 0.496 0.016 0.48
6 0.576 0.048 0.528
5 0.592 0.048 0.544
20 0.752 0.048 0.704
29 0.48 0.048 0.432
6 0.528 0.048 0.48
6 0.48 0.16 0.32
20 0.704 0.16 0.544
5 0.544 0.16 0.384
20 0.544 0.16 0.384
29 0.432 0.16 0.272
24 0.8 0.048 0.752
11 0.8 0.048 0.752
24 0.752 0.048 0.704
24 0.704 0.16 0.544
24 0.544 0.016 0.528
11 0.752 0.16 0.592
1 0.8 0.048 0.752
9 0.8 0.048 0.752
22 0.8 0.048 0.752
3 0.642733 0.048 0.594733
12 0.389766 0.048 0.341766
14 0.301021 0.048 0.253021
19 0.444294 0.048 0.396294
28 0.579747 0.048 0.531747
3 0.594733 0.048 0.546733
3 0.546733 0.16 0.386733
12 0.341766 0.16 0.181766
14 0.253021 0.16 0.0930206
19 0.396294 0.16 0.236294
28 0.531747 0.16 0.371747
27 0.696253 0.048 0.648253
8 0.8 0.048 0.752
12 0.181766 0.048 0.133766
14 0.170657 0.048 0.122657
15 0.8 0.048 0.752
19 0.236294 0.048 0.188294
5 0.537725 0.048 0.489725
6 0.472129 0.048 0.424129
29 0.345411 0.048 0.297411
11 0.741564 0.048 0.693564
24 0.676944 0.048 0.628944
30 0.8 0.048 0.752
11 0.693564 0.048 0.645564
11 0.645564 0.16 0.485564
24 0.628944 0.16 0.468944
30 0.752 0.16 0.592
26 0.8 0.048 0.752
7 0.8 0.048 0.752
17 0.8 0.048 0.752
12 0.347655 0.048 0.299655
3 0.612618 0.048 0.564618
14 0.347337 0.048 0.299337
19 0.406601 0.048 0.358601
27 0.8 0.048 0.752
28 0.592897 0.048 0.544897
12 0.299655 0.048 0.251655
12 0.251655 0.16 0.0916547
3 0.564618 0.16 0.404618
14 0.299337 0.16 0.139337
19 0.358601 0.16 0.198601
27 0.752 0.16 0.592
28 0.544897 0.16 0.384897
10 0.8 0.048 0.752
18 0.8 0.048 0.752
10 0.752 0.048 0.704
10 0.704 0.16 0.544
10 0.544 0.016 0.528
18 0.752 0.16 0.592
21 0.8 0.048 0.752
1 0.8 0.048 0.752
9 0.8 0.048 0.752
22 0.8 0.048 0.752
9 0.752 0.048 0.704
1 0.752 0.048 0.704
22 0.752 0.048 0.704
27 0.738279 0.048 0.690279
8 0.8 0.048 0.752
12 0.241254 0.048 0.193254
14 0.291193 0.048 0.243193
15 0.8 0.048 0.752
19 0.351569 0.048 0.303569
5 0.8 0.048 0.752
6 0.8 0.048 0.752
29 0.668041 0.048 0.620041
5 0.752 0.048 0.704
5 0.704 0.16 0.544
6 0.752 0.16 0.592
29 0.620041 0.16 0.460041
26 0.8 0.048 0.752
7 0.8 0.048 0.752
17 0.8 0.048 0.752
14 0.456878 0.048 0.408878
3 0.76822 0.048 0.72022
8 0.8 0.048 0.752
12 0.422321 0.048 0.374321
15 0.8 0.048 0.752
19 0.524412 0.048 0.476412
27 0.8 0.048 0.752
28 0.750872 0.048 0.702872
14 0.408878 0.048 0.360878
14 0.360878 0.16 0.200878
3 0.72022 0.16 0.56022
8 0.752 0.16 0.592
12 0.374321 0.16 0.214321
15 0.752 0.16 0.592
19 0.476412 0.16 0.316412
27 0.752 0.16 0.592
28 0.702872 0.16 0.542872
28 0.542872 0.016 0.526872
14 0.200878 0.016 0.184878
28 0.526872 0.048 0.478872
3 0.56022 0.048 0.51222
12 0.214321 0.048 0.166321
14 0.184878 0.048 0.136878
19 0.316412 0.048 0.268412
21 0.8 0.048 0.752
13 0.8 0.048 0.752
23 0.8 0.048 0.752
13 0.752 0.048 0.704
13 0.704 0.16 0.544
23 0.752 0.16 0.592
23 0.592 0.016 0.576
13 0.544 0.016 0.528
23 0.576 0.048 0.528
13 0.528 0.048 0.48
1 0.8 0.048 0.752
9 0.8 0.048 0.752
22 0.8 0.048 0.752
1 0.752 0.048 0.704
1 0.704 0.16 0.544
1 0.544 0.016 0.528
9 0.752 0.16 0.592
22 0.752 0.16 0.592
9 0.592 0.048 0.544
1 0.528 0.048 0.48
22 0.592 0.048 0.544
2 0.8 0.048 0.752
22 0.620308 0.048 0.572308
27 0.736624 0.048 0.688624
8 0.747901 0.048 0.699901
12 0.319852 0.048 0.271852
14 0.289316 0.048 0.241316
15 0.737644 0.048 0.689644
19 0.41792 0.048 0.36992
18 0.8 0.048 0.752
10 0.8 0.048 0.752
18 0.752 0.048 0.704
18 0.704 0.16 0.544
10 0.752 0.16 0.592
10 0.592 0.016 0.576
18 0.544 0.016 0.528
10 0.576 0.048 0.528
18 0.528 0.048 0.48
16 0.8 0.048 0.752
26 0.8 0.048 0.752
7 0.8 0.048 0.752
17 0.8 0.048 0.752
28 0.8 0.048 0.752
3 0.8 0.048 0.752
12 0.498641 0.048 0.450641
14 0.467207 0.048 0.419207
19 0.601216 0.048 0.553216
21 0.8 0.048 0.752
23 0.8 0.048 0.752
13 0.8 0.048 0.752
9 0.8 0.048 0.752
1 0.8 0.048 0.752
22 0.8 0.048 0.752
9 0.752 0.048 0.704
9 0.704 0.16 0.544
1 0.752 0.16 0.592
1 0.592 0.016 0.576
9 0.544 0.016 0.528
1 0.576 0.048 0.528
9 0.528 0.048 0.48
22 0.752 0.048 0.704
22 0.704 0.16 0.544
2 0.8 0.048 0.752
22 0.622338 0.048 0.574338
30 0.8 0.048 0.752
11 0.8 0.048 0.752
24 0.8 0.048 0.752
30 0.752 0.048 0.704
30 0.704 0.16 0.544
11 0.752 0.16 0.592
24 0.752 0.16 0.592
24 0.592 0.016 0.576
30 0.544 0.016 0.528
24 0.576 0.048 0.528
11 0.592 0.048 0.544
30 0.528 0.048 0.48
27 0.8 0.048 0.752
8 0.8 0.048 0.752
12 0.599166 0.048 0.551166
14 0.569542 0.048 0.521542
15 0.8 0.048 0.752
19 0.699431 0.048 0.651431
27 0.752 0.048 0.704
27 0.704 0.16 0.544
8 0.752 0.16 0.592
12 0.551166 0.16 0.391166
14 0.521542 0.16 0.361542
15 0.752 0.16 0.592
19 0.651431 0.16 0.491431
10 0.8 0.048 0.752
18 0.8 0.048 0.752
16 0.8 0.048 0.752
26 0.8 0.048 0.752
7 0.8 0.048 0.752
17 0.8 0.048 0.752
28 0.8 0.048 0.752
3 0.8 0.048 0.752
12 0.619355 0.048 0.571355
14 0.572365 0.048 0.524365
19 0.711407 0.048 0.663407
21 0.8 0.048 0.752
23 0.8 0.048 0.752
13 0.8 0.048 0.752
25 0.8 0.048 0.752
1 0.8 0.048 0.752
9 0.8 0.048 0.752
22 0.8 0.048 0.752
2 0.8 0.048 0.752
22 0.8 0.048 0.752
24 0.8 0.048 0.752
11 0.8 0.048 0.752
30 0.8 0.048 0.752
10 0.8 0.048 0.752
18 0.8 0.048 0.752
16 0.8 0.048 0.752
26 0.8 0.048 0.752
7 0.8 0.048 0.752
17 0.8 0.048 0.752
28 0.8 0.048 0.752
3 0.8 0.048 0.752
12 0.8 0.048 0.752
14 0.8 0.048 0.752
19 0.8 0.048 0.752
21 0.8 0.048 0.752
23 0.8 0.048 0.752
13 0.8 0.048 0.752
25 0.8 0.048 0.752
1 0.8 0.048 0.752
9 0.8 0.048 0.752
22 0.8 0.048 0.752
2 0.8 0.048 0.752
22 0.8 0.048 0.752
24 0.8 0.048 0.752
11 0.8 0.048 0.752
10 0.8 0.048 0.752
18 0.8 0.048 0.752
16 0.8 0.048 0.752
26 0.8 0.048 0.752
7 0.8 0.048 0.752
17 0.8 0.048 0.752
28 0.8 0.048 0.752
3 0.8 0.048 0.752
12 0.8 0.048 0.752
14 0.8 0.048 0.752
19 0.8 0.048 0.752
4 0.8 0.048 0.752
21 0.8 0.048 0.752
21 0.752 0.048 0.704
21 0.704 0.16 0.544
21 0.544 0.016 0.528
23 0.8 0.048 0.752
13 0.8 0.048 0.752
25 0.8 0.048 0.752
1 0.8 0.048 0.752
9 0.8 0.048 0.752
22 0.8 0.048 0.752
2 0.8 0.048 0.752
24 0.8 0.048 0.752
11 0.8 0.048 0.752
30 0.8 0.048 0.752
10 0.8 0.048 0.752
18 0.8 0.048 0.752
16 0.8 0.048 0.752
26 0.8 0.048 0.752
7 0.8 0.048 0.752
17 0.8 0.048 0.752
28 0.8 0.048 0.752
3 0.8 0.048 0.752
12 0.8 0.048 0.752
14 0.8 0.048 0.752
19 0.8 0.048 0.752
4 0.8 0.048 0.752
23 0.8 0.048 0.752
13 0.8 0.048 0.752
25 0.8 0.048 0.752
1 0.8 0.048 0.752
9 0.8 0.048 0.752
22 0.8 0.048 0.752
2 0.8 0.048 0.752
24 0.8 0.048 0.752
11 0.8 0.048 0.752
10 0.8 0.048 0.752
18 0.8 0.048 0.752
16 0.8 0.048 0.752
9 0.8 0.048 0.752
1 0.8 0.048 0.752
22 0.8 0.048 0.752
13 0.8 0.048 0.752
23 0.8 0.048 0.752
13 0.752 0.048 0.704
13 0.704 0.16 0.544
13 0.544 0.016 0.528
23 0.752 0.16 0.592
14 0.8 0.048 0.752
3 0.8 0.048 0.752
12 0.8 0.048 0.752
15 0.8 0.048 0.752
19 0.8 0.048 0.752
27 0.8 0.048 0.752
28 0.8 0.048 0.752
7 0.8 0.048 0.752
17 0.8 0.048 0.752
26 0.8 0.048 0.752
26 0.8 0.048 0.752
7 0.8 0.048 0.752
17 0.8 0.048 0.752
28 0.8 0.048 0.752
3 0.8 0.048 0.752
12 0.8 0.048 0.752
14 0.8 0.048 0.752
4 0.8 0.048 0.752
4 0.752 0.048 0.704
4 0.704 0.16 0.544
4 0.544 0.016 0.528
23 0.749719 0.048 0.701719
13 0.745071 0.048 0.697071
25 0.8 0.048 0.752
1 0.8 0.048 0.752
9 0.8 0.048 0.752
22 0.8 0.048 0.752
2 0.8 0.048 0.752
24 0.8 0.048 0.752
11 0.8 0.048 0.752
10 0.8 0.048 0.752
18 0.8 0.048 0.752
16 0.8 0.048 0.752
9 0.8 0.048 0.752
1 0.8 0.048 0.752
22 0.8 0.048 0.752
14 0.8 0.048 0.752
3 0.8 0.048 0.752
12 0.8 0.048 0.752
15 0.8 0.048 0.752
19 0.8 0.048 0.752
27 0.8 0.048 0.752
28 0.8 0.048 0.752
7 0.8 0.048 0.752
17 0.8 0.048 0.752
26 0.8 0.048 0.752
18 0.8 0.048 0.752
10 0.8 0.048 0.752
26 0.8 0.048 0.752
7 0.8 0.048 0.752
17 0.8 0.048 0.752
28 0.8 0.048 0.752
3 0.8 0.048 0.752
12 0.8 0.048 0.752
14 0.8 0.048 0.752
19 0.8 0.048 0.752
23 0.8 0.048 0.752
13 0.8 0.048 0.752
25 0.8 0.048 0.752
1 0.8 0.048 0.752
9 0.8 0.048 0.752
22 0.8 0.048 0.752
2 0.8 0.048 0.752
22 0.8 0.048 0.752
24 0.8 0.048 0.752
11 0.8 0.048 0.752
30 0.8 0.048 0.752
10 0.8 0.048 0.752
18 0.8 0.048 0.752
16 0.8 0.048 0.752
9 0.8 0.048 0.752
1 0.8 0.048 0.752
22 0.8 0.048 0.752
14 0.8 0.048 0.752
3 0.8 0.048 0.752
12 0.8 0.048 0.752
19 0.8 0.048 0.752
27 0.8 0.048 0.752
28 0.8 0.048 0.752
14 0.752 0.048 0.704
14 0.704 0.16 0.544
14 0.544 0.016 0.528
3 0.752 0.16 0.592
12 0.752 0.16 0.592
19 0.752 0.16 0.592
27 0.752 0.16 0.592
28 0.752 0.16 0.592
7 0.8 0.048 0.752
17 0.8 0.048 0.752
26 0.8 0.048 0.752
18 0.8 0.048 0.752
10 0.8 0.048 0.752
26 0.8 0.048 0.752
7 0.8 0.048 0.752
17 0.8 0.048 0.752
29 0.8 0.048 0.752
5 0.8 0.048 0.752
6 0.8 0.048 0.752
20 0.8 0.048 0.752
28 0.66368 0.048 0.61568
3 0.668376 0.048 0.620376
12 0.744879 0.048 0.696879
14 0.684841 0.048 0.636841
19 0.740247 0.048 0.692247
23 0.8 0.048 0.752
13 0.8 0.048 0.752
25 0.8 0.048 0.752
1 0.8 0.048 0.752
9 0.8 0.048 0.752
22 0.8 0.048 0.752
2 0.8 0.048 0.752
24 0.8 0.048 0.752
11 0.8 0.048 0.752
30 0.8 0.048 0.752
10 0.8 0.048 0.752
18 0.8 0.048 0.752
16 0.8 0.048 0.752
9 0.8 0.048 0.752
1 0.8 0.048 0.752
22 0.8 0.048 0.752
21 0.8 0.048 0.752
7 0.8 0.048 0.752
17 0.8 0.048 0.752
26 0.8 0.048 0.752
18 0.8 0.048 0.752
10 0.8 0.048 0.752
26 0.8 0.048 0.752
7 0.8 0.048 0.752
17 0.8 0.048 0.752
29 0.8 0.048 0.752
5 0.8 0.048 0.752
6 0.8 0.048 0.752
20 0.8 0.048 0.752
28 0.8 0.048 0.752
3 0.8 0.048 0.752
12 0.8 0.048 0.752
14 0.8 0.048 0.752
19 0.8 0.048 0.752
30 0.8 0.048 0.752
11 0.8 0.048 0.752
24 0.8 0.048 0.752
30 0.752 0.048 0.704
30 0.704 0.16 0.544
30 0.544 0.016 0.528
11 0.752 0.16 0.592
24 0.752 0.16 0.592
23 0.8 0.048 0.752
13 0.8 0.048 0.752
25 0.8 0.048 0.752
1 0.8 0.048 0.752
9 0.8 0.048 0.752
22 0.8 0.048 0.752
2 0.8 0.048 0.752
24 0.734043 0.048 0.686043
11 0.664362 0.048 0.616362
30 0.607926 0.048 0.559926
10 0.8 0.048 0.752
18 0.8 0.048 0.752
10 0.752 0.048 0.704
10 0.704 0.16 0.544
10 0.544 0.016 0.528
18 0.752 0.16 0.592
16 0.8 0.048 0.752
9 0.8 0.048 0.752
1 0.8 0.048 0.752
22 0.8 0.048 0.752
21 0.8 0.048 0.752
7 0.8 0.048 0.752
17 0.8 0.048 0.752
26 0.8 0.048 0.752
18 0.745512 0.048 0.697512
10 0.677932 0.048 0.629932
18 0.697512 0.048 0.649512
18 0.649512 0.16 0.489512
10 0.629932 0.16 0.469932
26 0.8 0.048 0.752
7 0.8 0.048 0.752
17 0.8 0.048 0.752
29 0.8 0.048 0.752
5 0.8 0.048 0.752
6 0.8 0.048 0.752
20 0.8 0.048 0.752
28 0.8 0.048 0.752
3 0.8 0.048 0.752
12 0.8 0.048 0.752
14 0.8 0.048 0.752
19 0.8 0.048 0.752
23 0.8 0.048 0.752
13 0.8 0.048 0.752
25 0.8 0.048 0.752
1 0.8 0.048 0.752
9 0.8 0.048 0.752
22 0.8 0.048 0.752
2 0.8 0.048 0.752
24 0.8 0.048 0.752
11 0.8 0.048 0.752
30 0.8 0.048 0.752
16 0.8 0.048 0.752
9 0.8 0.048 0.752
1 0.8 0.048 0.752
22 0.8 0.048 0.752
21 0.8 0.048 0.752
7 0.8 0.048 0.752
17 0.8 0.048 0.752
26 0.8 0.048 0.752
26 0.8 0.048 0.752
7 0.8 0.048 0.752
17 0.8 0.048 0.752
29 0.8 0.048 0.752
5 0.8 0.048 0.752
6 0.8 0.048 0.752
20 0.8 0.048 0.752
28 0.8 0.048 0.752
3 0.8 0.048 0.752
12 0.8 0.048 0.752
14 0.8 0.048 0.752
19 0.8 0.048 0.752
23 0.8 0.048 0.752
13 0.8 0.048 0.752
25 0.8 0.048 0.752
1 0.8 0.048 0.752
9 0.8 0.048 0.752
22 0.8 0.048 0.752
1 0.752 0.048 0.704
1 0.704 0.16 0.544
1 0.544 0.016 0.528
9 0.752 0.16 0.592
22 0.752 0.16 0.592
2 0.8 0.048 0.752
9 0.592 0.048 0.544
2 0.752 0.048 0.704
2 0.704 0.16 0.544
2 0.544 0.016 0.528
9 0.544 0.16 0.384
24 0.8 0.048 0.752
11 0.8 0.048 0.752
30 0.8 0.048 0.752
16 0.8 0.048 0.752
9 0.458035 0.048 0.410035
1 0.679833 0.048 0.631833
22 0.746043 0.048 0.698043
9 0.410035 0.048 0.362035
9 0.362035 0.16 0.202035
1 0.631833 0.16 0.471833
22 0.698043 0.16 0.538043
21 0.8 0.048 0.752
7 0.8 0.048 0.752
17 0.8 0.048 0.752
26 0.8 0.048 0.752
7 0.752 0.048 0.704
7 0.704 0.16 0.544
7 0.544 0.016 0.528
17 0.752 0.16 0.592
26 0.752 0.16 0.592
26 0.665057 0.048 0.617057
7 0.603707 0.048 0.555707
17 0.663567 0.048 0.615567
26 0.617057 0.048 0.569057
26 0.569057 0.16 0.409057
26 0.409057 0.016 0.393057
7 0.555707 0.16 0.395707
17 0.615567 0.16 0.455567
29 0.8 0.048 0.752
5 0.8 0.048 0.752
6 0.8 0.048 0.752
20 0.8 0.048 0.752
28 0.8 0.048 0.752
3 0.8 0.048 0.752
12 0.8 0.048 0.752
14 0.8 0.048 0.752
19 0.8 0.048 0.752
23 0.8 0.048 0.752
13 0.8 0.048 0.752
25 0.8 0.048 0.752
24 0.8 0.048 0.752
11 0.8 0.048 0.752
16 0.8 0.048 0.752
21 0.8 0.048 0.752
29 0.8 0.048 0.752
5 0.8 0.048 0.752
6 0.8 0.048 0.752
20 0.8 0.048 0.752
28 0.8 0.048 0.752
3 0.8 0.048 0.752
12 0.8 0.048 0.752
14 0.8 0.048 0.752
19 0.8 0.048 0.752
27 0.8 0.048 0.752
23 0.8 0.048 0.752
13 0.8 0.048 0.752
25 0.8 0.048 0.752
24 0.8 0.048 0.752
11 0.8 0.048 0.752
30 0.8 0.048 0.752
16 0.8 0.048 0.752
21 0.8 0.048 0.752
29 0.8 0.048 0.752
5 0.8 0.048 0.752
6 0.8 0.048 0.752
20 0.8 0.048 0.752
29 0.752 0.048 0.704
29 0.704 0.16 0.544
29 0.544 0.016 0.528
5 0.752 0.16 0.592
6 0.752 0.16 0.592
20 0.752 0.16 0.592
28 0.8 0.048 0.752
3 0.8 0.048 0.752
12 0.8 0.048 0.752
14 0.8 0.048 0.752
19 0.8 0.048 0.752
27 0.8 0.048 0.752
23 0.8 0.048 0.752
13 0.8 0.048 0.752
25 0.8 0.048 0.752
24 0.8 0.048 0.752
11 0.8 0.048 0.752
30 0.8 0.048 0.752
16 0.8 0.048 0.752
16 0.752 0.048 0.704
16 0.704 0.16 0.544
16 0.544 0.016 0.528
21 0.8 0.048 0.752
28 0.8 0.048 0.752
3 0.8 0.048 0.752
12 0.8 0.048 0.752
14 0.8 0.048 0.752
19 0.8 0.048 0.752
27 0.8 0.048 0.752
23 0.8 0.048 0.752
13 0.8 0.048 0.752
25 0.8 0.048 0.752
24 0.8 0.048 0.752
11 0.8 0.048 0.752
30 0.8 0.048 0.752
21 0.8 0.048 0.752
28 0.8 0.048 0.752
3 0.8 0.048 0.752
12 0.8 0.048 0.752
14 0.8 0.048 0.752
19 0.8 0.048 0.752
23 0.8 0.048 0.752
13 0.8 0.048 0.752
23 0.752 0.048 0.704
23 0.704 0.16 0.544
23 0.544 0.016 0.528
13 0.752 0.16 0.592
25 0.8 0.048 0.752
24 0.8 0.048 0.752
11 0.8 0.048 0.752
30 0.8 0.048 0.752
21 0.8 0.048 0.752
28 0.8 0.048 0.752
3 0.8 0.048 0.752
12 0.8 0.048 0.752
14 0.8 0.048 0.752
19 0.8 0.048 0.752
25 0.8 0.048 0.752
24 0.8 0.048 0.752
11 0.8 0.048 0.752
30 0.8 0.048 0.752
21 0.8 0.048 0.752
28 0.8 0.048 0.752
3 0.8 0.048 0.752
12 0.8 0.048 0.752
14 0.8 0.048 0.752
19 0.8 0.048 0.752
28 0.752 0.048 0.704
28 0.704 0.16 0.544
28 0.544 0.016 0.528
3 0.752 0.16 0.592
12 0.752 0.16 0.592
14 0.752 0.16 0.592
19 0.752 0.16 0.592
25 0.8 0.048 0.752
24 0.8 0.048 0.752
11 0.8 0.048 0.752
30 0.8 0.048 0.752
21 0.8 0.048 0.752
25 0.8 0.048 0.752
