69 0.8 0.048 0.752
25 0.8 0.048 0.752
54 0.8 0.048 0.752
57 0.8 0.048 0.752
69 0.752 0.144 0.608
69 0.608 0.16 0.448
25 0.752 0.16 0.592
25 0.592 0.016 0.576
69 0.448 0.016 0.432
25 0.576 0.048 0.528
54 0.752 0.048 0.704
57 0.752 0.048 0.704
69 0.432 0.048 0.384
25 0.528 0.096 0.432
25 0.432 0.16 0.272
54 0.704 0.16 0.544
54 0.544 0.016 0.528
69 0.384 0.016 0.368
54 0.528 0.048 0.48
25 0.272 0.048 0.224
57 0.704 0.048 0.656
69 0.368 0.048 0.32
54 0.48 0.048 0.432
54 0.432 0.16 0.272
57 0.656 0.16 0.496
54 0.272 0.16 0.112
25 0.224 0.16 0.064
57 0.496 0.16 0.336
69 0.32 0.16 0.16
44 0.8 0.048 0.752
18 0.8 0.048 0.752
28 0.8 0.048 0.752
44 0.752 0.096 0.656
44 0.656 0.16 0.496
18 0.752 0.16 0.592
18 0.592 0.016 0.576
44 0.496 0.016 0.48
18 0.576 0.048 0.528
28 0.752 0.048 0.704
44 0.48 0.048 0.432
18 0.528 0.048 0.48
18 0.48 0.16 0.32
28 0.704 0.16 0.544
28 0.544 0.016 0.528
44 0.432 0.016 0.416
28 0.528 0.048 0.48
18 0.32 0.048 0.272
44 0.416 0.048 0.368
28 0.48 0.16 0.32
44 0.368 0.16 0.208
16 0.8 0.048 0.752
24 0.8 0.048 0.752
41 0.8 0.048 0.752
59 0.8 0.048 0.752
16 0.752 0.144 0.608
16 0.608 0.16 0.448
24 0.752 0.16 0.592
24 0.592 0.016 0.576
16 0.448 0.016 0.432
24 0.576 0.048 0.528
16 0.432 0.048 0.384
31 0.8 0.048 0.752
42 0.8 0.048 0.752
59 0.752 0.048 0.704
24 0.528 0.144 0.384
24 0.384 0.16 0.224
41 0.752 0.16 0.592
41 0.592 0.016 0.576
16 0.384 0.016 0.368
41 0.576 0.048 0.528
5 0.8 0.048 0.752
16 0.368 0.048 0.32
19 0.8 0.048 0.752
41 0.528 0.096 0.432
41 0.432 0.16 0.272
59 0.704 0.16 0.544
59 0.544 0.016 0.528
16 0.32 0.016 0.304
59 0.528 0.048 0.48
16 0.304 0.048 0.256
24 0.224 0.048 0.176
31 0.752 0.048 0.704
42 0.752 0.048 0.704
59 0.48 0.096 0.384
59 0.384 0.16 0.224
59 0.224 0.16 0.064
5 0.752 0.16 0.592
5 0.592 0.016 0.576
41 0.272 0.016 0.256
5 0.576 0.048 0.528
19 0.752 0.048 0.704
33 0.8 0.048 0.752
41 0.256 0.048 0.208
5 0.528 0.096 0.432
5 0.432 0.16 0.272
19 0.704 0.16 0.544
19 0.544 0.016 0.528
41 0.208 0.016 0.192
19 0.528 0.048 0.48
5 0.272 0.048 0.224
33 0.752 0.048 0.704
41 0.192 0.048 0.144
19 0.48 0.048 0.432
19 0.432 0.16 0.272
16 0.256 0.16 0.096
24 0.176 0.16 0.016
31 0.704 0.16 0.544
31 0.544 0.016 0.528
59 0.064 0.016 0.048
31 0.528 0.048 0.48
1 0.8 0.048 0.752
24 0.016 0.048 -0.032
42 0.704 0.048 0.656
59 0.048 0.048 -1.11022e-16
31 0.48 0.096 0.384
31 0.384 0.16 0.224
42 0.656 0.16 0.496
19 0.272 0.16 0.112
5 0.224 0.16 0.064
33 0.704 0.16 0.544
33 0.544 0.016 0.528
19 0.112 0.016 0.096
33 0.528 0.048 0.48
5 0.064 0.048 0.016
19 0.096 0.048 0.048
41 0.144 0.16 -0.016
1 0.752 0.16 0.592
1 0.592 0.016 0.576
31 0.224 0.016 0.208
1 0.576 0.048 0.528
31 0.208 0.048 0.16
42 0.496 0.048 0.448
55 0.8 0.048 0.752
65 0.8 0.048 0.752
1 0.528 0.096 0.432
1 0.432 0.16 0.272
24 0 0.16 -0.16
42 0.448 0.16 0.288
59 0 0.16 -0.16
31 0.16 0.16 -8.32667e-17
42 0.288 0.16 0.128
55 0.752 0.16 0.592
55 0.592 0.016 0.576
1 0.272 0.016 0.256
55 0.576 0.048 0.528
1 0.256 0.048 0.208
65 0.752 0.048 0.704
55 0.528 0.048 0.48
55 0.48 0.16 0.32
65 0.704 0.16 0.544
65 0.544 0.016 0.528
1 0.208 0.016 0.192
65 0.528 0.048 0.48
1 0.192 0.048 0.144
55 0.32 0.048 0.272
1 0.144 0.16 -0.016
65 0.48 0.16 0.32
26 0.8 0.048 0.752
3 0.8 0.048 0.752
9 0.8 0.048 0.752
11 0.8 0.048 0.752
15 0.8 0.048 0.752
46 0.8 0.048 0.752
48 0.8 0.048 0.752
64 0.8 0.048 0.752
26 0.752 0.336 0.416
26 0.416 0.16 0.256
3 0.752 0.16 0.592
3 0.592 0.016 0.576
26 0.256 0.016 0.24
3 0.576 0.048 0.528
26 0.24 0.048 0.192
48 0.752 0.048 0.704
3 0.528 0.048 0.48
3 0.48 0.16 0.32
9 0.752 0.16 0.592
9 0.592 0.016 0.576
26 0.192 0.016 0.176
9 0.576 0.048 0.528
11 0.752 0.048 0.704
15 0.752 0.048 0.704
26 0.176 0.048 0.128
32 0.8 0.048 0.752
46 0.752 0.048 0.704
64 0.752 0.048 0.704
9 0.528 0.288 0.24
9 0.24 0.16 0.08
11 0.704 0.16 0.544
11 0.544 0.016 0.528
26 0.128 0.016 0.112
11 0.528 0.048 0.48
9 0.08 0.048 0.032
15 0.704 0.048 0.656
26 0.112 0.048 0.064
32 0.752 0.048 0.704
46 0.704 0.048 0.656
64 0.704 0.048 0.656
11 0.48 0.192 0.288
11 0.288 0.16 0.128
15 0.656 0.16 0.496
46 0.656 0.16 0.496
48 0.704 0.16 0.544
48 0.544 0.016 0.528
26 0.064 0.016 0.048
48 0.528 0.048 0.48
3 0.32 0.048 0.272
26 0.048 0.048 0
64 0.656 0.16 0.496
48 0.48 0.16 0.32
9 0.032 0.016 0.016
11 0.128 0.16 -0.032
9 0.016 0.16 -0.144
15 0.496 0.16 0.336
26 0 0.16 -0.16
32 0.704 0.16 0.544
32 0.544 0.016 0.528
11 0 0.016 -0.016
32 0.528 0.048 0.48
9 0 0.048 -0.048
11 0 0.048 -0.048
40 0.8 0.048 0.752
64 0.496 0.048 0.448
32 0.48 0.096 0.384
32 0.384 0.16 0.224
46 0.496 0.16 0.336
64 0.448 0.16 0.288
9 0 0.16 -0.16
11 0 0.16 -0.16
40 0.752 0.16 0.592
40 0.592 0.016 0.576
32 0.224 0.016 0.208
40 0.576 0.048 0.528
32 0.208 0.048 0.16
45 0.8 0.048 0.752
47 0.8 0.048 0.752
40 0.528 0.144 0.384
40 0.384 0.16 0.224
64 0.288 0.16 0.128
32 0.16 0.16 -8.32667e-17
45 0.752 0.16 0.592
45 0.592 0.016 0.576
40 0.224 0.016 0.208
45 0.576 0.048 0.528
6 0.8 0.048 0.752
39 0.8 0.048 0.752
40 0.208 0.048 0.16
47 0.752 0.048 0.704
45 0.528 0.144 0.384
45 0.384 0.16 0.224
47 0.704 0.16 0.544
47 0.544 0.016 0.528
40 0.16 0.016 0.144
47 0.528 0.048 0.48
6 0.752 0.048 0.704
39 0.752 0.048 0.704
40 0.144 0.048 0.096
45 0.224 0.048 0.176
47 0.48 0.096 0.384
47 0.384 0.16 0.224
47 0.224 0.16 0.064
6 0.704 0.16 0.544
6 0.544 0.016 0.528
47 0.064 0.016 0.048
6 0.528 0.048 0.48
37 0.8 0.048 0.752
39 0.704 0.048 0.656
45 0.176 0.048 0.128
47 0.048 0.048 -1.11022e-16
6 0.48 0.096 0.384
6 0.384 0.16 0.224
39 0.656 0.16 0.496
40 0.096 0.16 -0.064
45 0.128 0.16 -0.032
37 0.752 0.16 0.592
37 0.592 0.016 0.576
6 0.224 0.016 0.208
37 0.576 0.048 0.528
6 0.208 0.048 0.16
39 0.496 0.16 0.336
45 0 0.16 -0.16
47 0 0.16 -0.16
56 0.8 0.048 0.752
17 0.8 0.048 0.752
20 0.8 0.048 0.752
29 0.8 0.048 0.752
56 0.752 0.144 0.608
56 0.608 0.16 0.448
17 0.752 0.16 0.592
17 0.592 0.016 0.576
56 0.448 0.016 0.432
17 0.576 0.048 0.528
20 0.752 0.048 0.704
29 0.752 0.048 0.704
56 0.432 0.048 0.384
17 0.528 0.096 0.432
17 0.432 0.16 0.272
20 0.704 0.16 0.544
20 0.544 0.016 0.528
56 0.384 0.016 0.368
20 0.528 0.048 0.48
17 0.272 0.048 0.224
29 0.704 0.048 0.656
43 0.8 0.048 0.752
56 0.368 0.048 0.32
20 0.48 0.096 0.384
20 0.384 0.16 0.224
29 0.656 0.16 0.496
20 0.224 0.16 0.064
17 0.224 0.16 0.064
29 0.496 0.16 0.336
43 0.752 0.16 0.592
43 0.592 0.016 0.576
20 0.064 0.016 0.048
43 0.576 0.048 0.528
20 0.048 0.048 -1.11022e-16
56 0.32 0.16 0.16
60 0.8 0.048 0.752
49 0.8 0.048 0.752
13 0.8 0.048 0.752
53 0.8 0.048 0.752
49 0.752 0.096 0.656
49 0.656 0.16 0.496
13 0.752 0.16 0.592
13 0.592 0.016 0.576
49 0.496 0.016 0.48
13 0.576 0.048 0.528
49 0.48 0.048 0.432
53 0.752 0.048 0.704
66 0.8 0.048 0.752
13 0.528 0.096 0.432
13 0.432 0.16 0.272
53 0.704 0.16 0.544
53 0.544 0.016 0.528
49 0.432 0.016 0.416
53 0.528 0.048 0.48
13 0.272 0.048 0.224
49 0.416 0.048 0.368
49 0.368 0.16 0.208
53 0.48 0.16 0.32
66 0.752 0.16 0.592
66 0.592 0.016 0.576
13 0.224 0.016 0.208
66 0.576 0.048 0.528
13 0.208 0.048 0.16
68 0.8 0.048 0.752
8 0.8 0.048 0.752
38 0.8 0.048 0.752
68 0.752 0.096 0.656
68 0.656 0.16 0.496
8 0.752 0.16 0.592
8 0.592 0.016 0.576
68 0.496 0.016 0.48
8 0.576 0.048 0.528
38 0.752 0.048 0.704
68 0.48 0.048 0.432
8 0.528 0.048 0.48
8 0.48 0.16 0.32
38 0.704 0.16 0.544
38 0.544 0.016 0.528
68 0.432 0.016 0.416
38 0.528 0.048 0.48
8 0.32 0.048 0.272
68 0.416 0.048 0.368
38 0.48 0.16 0.32
68 0.368 0.16 0.208
46 0.641778 0.048 0.593778
9 0.307736 0.048 0.259736
11 0.302577 0.048 0.254577
15 0.569207 0.048 0.521207
26 0.229839 0.048 0.181839
32 0.2196 0.048 0.1716
64 0.426939 0.048 0.378939
46 0.593778 0.048 0.545778
46 0.545778 0.16 0.385778
9 0.259736 0.16 0.0997357
11 0.254577 0.16 0.094577
15 0.521207 0.16 0.361207
26 0.181839 0.16 0.0218387
32 0.1716 0.16 0.0115999
64 0.378939 0.16 0.218939
41 0.3786 0.048 0.3306
16 0.485194 0.048 0.437194
19 0.42209 0.048 0.37409
28 0.703101 0.048 0.655101
18 0.64966 0.048 0.60166
44 0.573117 0.048 0.525117
33 0.8 0.048 0.752
5 0.387232 0.048 0.339232
65 0.685853 0.048 0.637853
1 0.366387 0.048 0.318387
55 0.651418 0.048 0.603418
48 0.691086 0.048 0.643086
3 0.643462 0.048 0.595462
26 0.170666 0.048 0.122666
37 0.8 0.048 0.752
6 0.535909 0.048 0.487909
37 0.752 0.048 0.704
37 0.704 0.16 0.544
6 0.487909 0.16 0.327909
7 0.8 0.048 0.752
70 0.8 0.048 0.752
7 0.752 0.048 0.704
7 0.704 0.16 0.544
70 0.752 0.16 0.592
70 0.592 0.016 0.576
7 0.544 0.016 0.528
70 0.576 0.048 0.528
7 0.528 0.048 0.48
50 0.8 0.048 0.752
70 0.528 0.048 0.48
70 0.48 0.16 0.32
7 0.48 0.16 0.32
50 0.752 0.16 0.592
50 0.592 0.016 0.576
70 0.32 0.016 0.304
50 0.576 0.048 0.528
70 0.304 0.048 0.256
43 0.8 0.048 0.752
20 0.37722 0.048 0.32922
60 0.8 0.048 0.752
53 0.683966 0.048 0.635966
13 0.540289 0.048 0.492289
33 0.8 0.048 0.752
49 0.580824 0.048 0.532824
66 0.8 0.048 0.752
13 0.492289 0.048 0.444289
63 0.8 0.048 0.752
2 0.8 0.048 0.752
4 0.8 0.048 0.752
12 0.8 0.048 0.752
14 0.8 0.048 0.752
35 0.8 0.048 0.752
51 0.8 0.048 0.752
63 0.752 0.288 0.464
63 0.464 0.16 0.304
2 0.752 0.16 0.592
2 0.592 0.016 0.576
63 0.304 0.016 0.288
2 0.576 0.048 0.528
12 0.752 0.048 0.704
22 0.8 0.048 0.752
51 0.752 0.048 0.704
58 0.8 0.048 0.752
63 0.288 0.048 0.24
2 0.528 0.192 0.336
2 0.336 0.16 0.176
4 0.752 0.16 0.592
4 0.592 0.016 0.576
63 0.24 0.016 0.224
4 0.576 0.048 0.528
14 0.752 0.048 0.704
35 0.752 0.048 0.704
51 0.704 0.048 0.656
63 0.224 0.048 0.176
4 0.528 0.144 0.384
4 0.384 0.16 0.224
12 0.704 0.16 0.544
12 0.544 0.016 0.528
63 0.176 0.016 0.16
12 0.528 0.048 0.48
2 0.176 0.048 0.128
22 0.752 0.048 0.704
34 0.8 0.048 0.752
58 0.752 0.048 0.704
63 0.16 0.048 0.112
12 0.48 0.144 0.336
12 0.336 0.16 0.176
14 0.704 0.16 0.544
14 0.544 0.016 0.528
63 0.112 0.016 0.096
14 0.528 0.048 0.48
4 0.224 0.048 0.176
35 0.704 0.048 0.656
51 0.656 0.048 0.608
63 0.096 0.048 0.048
14 0.48 0.096 0.384
14 0.384 0.16 0.224
35 0.656 0.16 0.496
51 0.608 0.16 0.448
12 0.176 0.16 0.016
14 0.224 0.16 0.064
2 0.128 0.16 -0.032
22 0.704 0.16 0.544
22 0.544 0.016 0.528
12 0.016 0.016 -9.71445e-17
22 0.528 0.048 0.48
2 0 0.048 -0.048
12 0 0.048 -0.048
34 0.752 0.048 0.704
58 0.704 0.048 0.656
22 0.48 0.096 0.384
22 0.384 0.16 0.224
34 0.704 0.16 0.544
34 0.544 0.016 0.528
12 0 0.016 -0.016
34 0.528 0.048 0.48
12 0 0.048 -0.048
22 0.224 0.048 0.176
58 0.656 0.048 0.608
34 0.48 0.048 0.432
34 0.432 0.16 0.272
58 0.608 0.16 0.448
4 0.176 0.16 0.016
35 0.496 0.16 0.336
51 0.448 0.16 0.288
63 0.048 0.16 -0.112
2 0 0.16 -0.16
34 0.272 0.16 0.112
12 0 0.16 -0.16
22 0.176 0.16 0.016
58 0.448 0.16 0.288
20 0.549466 0.048 0.501466
17 0.58331 0.048 0.53531
29 0.8 0.048 0.752
43 0.8 0.048 0.752
56 0.698813 0.048 0.650813
20 0.501466 0.096 0.405466
20 0.405466 0.16 0.245466
17 0.53531 0.16 0.37531
29 0.752 0.16 0.592
29 0.592 0.016 0.576
20 0.245466 0.016 0.229466
29 0.576 0.048 0.528
17 0.37531 0.048 0.32731
20 0.229466 0.048 0.181466
56 0.650813 0.048 0.602813
29 0.528 0.048 0.48
29 0.48 0.16 0.32
43 0.752 0.16 0.592
56 0.602813 0.16 0.442813
17 0.32731 0.16 0.16731
20 0.181466 0.16 0.0214662
56 0.442813 0.16 0.282813
38 0.700294 0.048 0.652294
8 0.638779 0.048 0.590779
68 0.585992 0.048 0.537992
11 0.470158 0.048 0.422158
9 0.552418 0.048 0.504418
15 0.8 0.048 0.752
26 0.413322 0.048 0.365322
32 0.452967 0.048 0.404967
46 0.8 0.048 0.752
64 0.660884 0.048 0.612884
11 0.422158 0.144 0.278158
11 0.278158 0.16 0.118158
9 0.504418 0.16 0.344418
15 0.752 0.16 0.592
15 0.592 0.016 0.576
11 0.118158 0.016 0.102158
15 0.576 0.048 0.528
9 0.344418 0.048 0.296418
11 0.102158 0.048 0.0541576
26 0.365322 0.048 0.317322
46 0.752 0.048 0.704
64 0.612884 0.048 0.564884
15 0.528 0.048 0.48
15 0.48 0.16 0.32
26 0.317322 0.16 0.157322
32 0.404967 0.16 0.244967
46 0.704 0.16 0.544
64 0.564884 0.16 0.404884
9 0.296418 0.16 0.136418
11 0.0541576 0.16 -0.105842
26 0.157322 0.16 -0.00267769
46 0.544 0.16 0.384
64 0.404884 0.16 0.244884
41 0.708083 0.048 0.660083
16 0.8 0.048 0.752
19 0.745725 0.048 0.697725
41 0.660083 0.096 0.564083
41 0.564083 0.16 0.404083
16 0.752 0.16 0.592
16 0.592 0.016 0.576
41 0.404083 0.016 0.388083
16 0.576 0.048 0.528
24 0.747388 0.048 0.699388
41 0.388083 0.048 0.340083
42 0.8 0.048 0.752
59 0.749775 0.048 0.701775
16 0.528 0.096 0.432
16 0.432 0.16 0.272
19 0.697725 0.16 0.537725
19 0.537725 0.016 0.521725
41 0.340083 0.016 0.324083
19 0.521725 0.048 0.473725
5 0.715084 0.048 0.667084
41 0.324083 0.048 0.276083
24 0.699388 0.16 0.539388
41 0.276083 0.16 0.116083
42 0.752 0.16 0.592
42 0.592 0.016 0.576
16 0.272 0.016 0.256
42 0.576 0.048 0.528
16 0.256 0.048 0.208
24 0.539388 0.048 0.491388
31 0.745356 0.048 0.697356
59 0.701775 0.048 0.653775
42 0.528 0.096 0.432
42 0.432 0.16 0.272
59 0.653775 0.16 0.493775
16 0.208 0.16 0.048
24 0.491388 0.16 0.331388
31 0.697356 0.16 0.537356
31 0.537356 0.016 0.521356
42 0.272 0.016 0.256
31 0.521356 0.048 0.473356
1 0.698283 0.048 0.650283
24 0.331388 0.048 0.283388
42 0.256 0.048 0.208
59 0.493775 0.048 0.445775
31 0.473356 0.048 0.425356
31 0.425356 0.16 0.265356
59 0.445775 0.16 0.285775
1 0.650283 0.16 0.490283
24 0.283388 0.16 0.123388
42 0.208 0.16 0.048
59 0.285775 0.16 0.125775
28 0.8 0.048 0.752
18 0.8 0.048 0.752
44 0.8 0.048 0.752
33 0.8 0.048 0.752
5 0.667084 0.048 0.619084
65 0.8 0.048 0.752
1 0.490283 0.048 0.442283
55 0.8 0.048 0.752
48 0.8 0.048 0.752
3 0.8 0.048 0.752
26 0.0769069 0.048 0.0289069
6 0.699666 0.048 0.651666
37 0.8 0.048 0.752
39 0.8 0.048 0.752
47 0.8 0.048 0.752
6 0.651666 0.144 0.507666
6 0.507666 0.16 0.347666
37 0.752 0.16 0.592
37 0.592 0.016 0.576
6 0.347666 0.016 0.331666
37 0.576 0.048 0.528
6 0.331666 0.048 0.283666
39 0.752 0.16 0.592
39 0.592 0.016 0.576
6 0.283666 0.016 0.267666
39 0.576 0.048 0.528
6 0.267666 0.048 0.219666
45 0.746981 0.048 0.698981
47 0.752 0.048 0.704
39 0.528 0.048 0.48
39 0.48 0.16 0.32
47 0.704 0.16 0.544
47 0.544 0.016 0.528
6 0.219666 0.016 0.203666
47 0.528 0.048 0.48
6 0.203666 0.048 0.155666
39 0.32 0.048 0.272
45 0.698981 0.048 0.650981
6 0.155666 0.16 -0.0043344
45 0.650981 0.16 0.490981
47 0.48 0.16 0.32
50 0.8 0.048 0.752
70 0.624975 0.048 0.576975
36 0.8 0.048 0.752
52 0.8 0.048 0.752
61 0.8 0.048 0.752
62 0.8 0.048 0.752
36 0.752 0.144 0.608
36 0.608 0.16 0.448
52 0.752 0.16 0.592
52 0.592 0.016 0.576
36 0.448 0.016 0.432
52 0.576 0.048 0.528
36 0.432 0.048 0.384
61 0.752 0.048 0.704
62 0.752 0.048 0.704
52 0.528 0.096 0.432
52 0.432 0.16 0.272
61 0.704 0.16 0.544
61 0.544 0.016 0.528
36 0.384 0.016 0.368
61 0.528 0.048 0.48
36 0.368 0.048 0.32
52 0.272 0.048 0.224
62 0.704 0.048 0.656
61 0.48 0.048 0.432
61 0.432 0.16 0.272
62 0.656 0.16 0.496
61 0.272 0.16 0.112
36 0.32 0.16 0.16
52 0.224 0.16 0.064
62 0.496 0.16 0.336
43 0.8 0.048 0.752
17 0.385408 0.048 0.337408
20 0.180232 0.048 0.132232
56 0.511012 0.048 0.463012
60 0.8 0.048 0.752
53 0.8 0.048 0.752
13 0.8 0.048 0.752
49 0.8 0.048 0.752
66 0.8 0.048 0.752
13 0.752 0.048 0.704
38 0.8 0.048 0.752
8 0.8 0.048 0.752
68 0.8 0.048 0.752
19 0.8 0.048 0.752
5 0.8 0.048 0.752
41 0.489336 0.048 0.441336
28 0.8 0.048 0.752
18 0.8 0.048 0.752
44 0.8 0.048 0.752
33 0.8 0.048 0.752
5 0.752 0.048 0.704
65 0.8 0.048 0.752
1 0.8 0.048 0.752
55 0.8 0.048 0.752
48 0.8 0.048 0.752
3 0.8 0.048 0.752
26 0.407023 0.048 0.359023
37 0.8 0.048 0.752
6 0.36822 0.048 0.32022
47 0.68518 0.048 0.63718
6 0.32022 0.048 0.27222
39 0.644837 0.048 0.596837
45 0.8 0.048 0.752
50 0.8 0.048 0.752
70 0.8 0.048 0.752
43 0.8 0.048 0.752
17 0.711196 0.048 0.663196
20 0.510693 0.048 0.462693
56 0.8 0.048 0.752
60 0.8 0.048 0.752
32 0.763071 0.048 0.715071
9 0.653881 0.048 0.605881
11 0.516272 0.048 0.468272
40 0.8 0.048 0.752
46 0.8 0.048 0.752
64 0.777494 0.048 0.729494
32 0.715071 0.144 0.571071
32 0.571071 0.16 0.411071
9 0.605881 0.16 0.445881
11 0.468272 0.16 0.308272
40 0.752 0.16 0.592
40 0.592 0.016 0.576
32 0.411071 0.016 0.395071
40 0.576 0.048 0.528
32 0.395071 0.048 0.347071
39 0.670826 0.048 0.622826
45 0.8 0.048 0.752
46 0.752 0.16 0.592
64 0.729494 0.16 0.569494
64 0.569494 0.016 0.553494
32 0.347071 0.016 0.331071
64 0.553494 0.048 0.505494
9 0.445881 0.048 0.397881
11 0.308272 0.048 0.260272
15 0.8 0.048 0.752
26 0.436715 0.048 0.388715
32 0.331071 0.048 0.283071
46 0.592 0.048 0.544
53 0.8 0.048 0.752
13 0.8 0.048 0.752
49 0.8 0.048 0.752
66 0.8 0.048 0.752
13 0.752 0.048 0.704
66 0.752 0.048 0.704
66 0.704 0.16 0.544
66 0.544 0.016 0.528
13 0.704 0.16 0.544
38 0.8 0.048 0.752
8 0.8 0.048 0.752
68 0.8 0.048 0.752
35 0.8 0.048 0.752
4 0.772417 0.048 0.724417
14 0.8 0.048 0.752
27 0.8 0.048 0.752
51 0.8 0.048 0.752
63 0.758763 0.048 0.710763
35 0.752 0.144 0.608
35 0.608 0.16 0.448
4 0.724417 0.16 0.564417
14 0.752 0.16 0.592
27 0.752 0.16 0.592
27 0.592 0.016 0.576
35 0.448 0.016 0.432
27 0.576 0.048 0.528
35 0.432 0.048 0.384
51 0.752 0.16 0.592
51 0.592 0.016 0.576
35 0.384 0.016 0.368
51 0.576 0.048 0.528
2 0.8 0.048 0.752
4 0.564417 0.048 0.516417
12 0.8 0.048 0.752
14 0.592 0.048 0.544
35 0.368 0.048 0.32
63 0.710763 0.048 0.662763
51 0.528 0.096 0.432
51 0.432 0.16 0.272
63 0.662763 0.16 0.502763
63 0.502763 0.016 0.486763
35 0.32 0.016 0.304
63 0.486763 0.048 0.438763
2 0.752 0.048 0.704
4 0.516417 0.048 0.468417
14 0.544 0.048 0.496
35 0.304 0.048 0.256
51 0.272 0.048 0.224
2 0.704 0.16 0.544
4 0.468417 0.16 0.308417
12 0.752 0.16 0.592
12 0.592 0.016 0.576
51 0.224 0.016 0.208
12 0.576 0.048 0.528
2 0.544 0.048 0.496
22 0.8 0.048 0.752
34 0.8 0.048 0.752
51 0.208 0.048 0.16
58 0.8 0.048 0.752
12 0.528 0.048 0.48
12 0.48 0.16 0.32
14 0.496 0.16 0.336
35 0.256 0.16 0.096
63 0.438763 0.16 0.278763
2 0.496 0.16 0.336
22 0.752 0.16 0.592
34 0.752 0.16 0.592
51 0.16 0.16 -8.32667e-17
58 0.752 0.16 0.592
58 0.592 0.016 0.576
12 0.32 0.016 0.304
58 0.576 0.048 0.528
12 0.304 0.048 0.256
22 0.592 0.048 0.544
34 0.592 0.048 0.544
67 0.8 0.048 0.752
19 0.8 0.048 0.752
5 0.8 0.048 0.752
33 0.8 0.048 0.752
41 0.8 0.048 0.752
28 0.8 0.048 0.752
18 0.8 0.048 0.752
44 0.8 0.048 0.752
33 0.752 0.048 0.704
5 0.752 0.048 0.704
19 0.752 0.048 0.704
33 0.704 0.048 0.656
33 0.656 0.16 0.496
65 0.8 0.048 0.752
1 0.8 0.048 0.752
55 0.8 0.048 0.752
33 0.496 0.016 0.48
5 0.704 0.16 0.544
19 0.704 0.16 0.544
59 0.8 0.048 0.752
16 0.8 0.048 0.752
24 0.8 0.048 0.752
31 0.8 0.048 0.752
42 0.8 0.048 0.752
59 0.752 0.096 0.656
59 0.656 0.16 0.496
16 0.752 0.16 0.592
16 0.592 0.016 0.576
59 0.496 0.016 0.48
16 0.576 0.048 0.528
24 0.752 0.048 0.704
41 0.752 0.048 0.704
42 0.752 0.048 0.704
59 0.48 0.048 0.432
16 0.528 0.096 0.432
16 0.432 0.16 0.272
24 0.704 0.16 0.544
31 0.752 0.16 0.592
42 0.704 0.16 0.544
42 0.544 0.016 0.528
59 0.432 0.016 0.416
42 0.528 0.048 0.48
16 0.272 0.048 0.224
24 0.544 0.048 0.496
31 0.592 0.048 0.544
59 0.416 0.048 0.368
24 0.496 0.16 0.336
41 0.704 0.16 0.544
41 0.544 0.016 0.528
16 0.224 0.016 0.208
41 0.528 0.048 0.48
16 0.208 0.048 0.16
19 0.544 0.048 0.496
42 0.48 0.16 0.32
59 0.368 0.16 0.208
48 0.8 0.048 0.752
3 0.8 0.048 0.752
26 0.693107 0.048 0.645107
37 0.8 0.048 0.752
6 0.657963 0.048 0.609963
47 0.8 0.048 0.752
39 0.8 0.048 0.752
45 0.8 0.048 0.752
50 0.8 0.048 0.752
43 0.8 0.048 0.752
17 0.8 0.048 0.752
20 0.8 0.048 0.752
56 0.8 0.048 0.752
60 0.8 0.048 0.752
40 0.8 0.048 0.752
32 0.659227 0.048 0.611227
39 0.8 0.048 0.752
45 0.8 0.048 0.752
64 0.8 0.048 0.752
9 0.767737 0.048 0.719737
11 0.646091 0.048 0.598091
15 0.8 0.048 0.752
26 0.725092 0.048 0.677092
32 0.611227 0.048 0.563227
46 0.8 0.048 0.752
64 0.752 0.144 0.608
64 0.608 0.16 0.448
9 0.719737 0.16 0.559737
9 0.559737 0.016 0.543737
64 0.448 0.016 0.432
9 0.543737 0.048 0.495737
11 0.598091 0.048 0.550091
15 0.752 0.048 0.704
32 0.563227 0.048 0.515227
46 0.752 0.048 0.704
64 0.432 0.048 0.384
9 0.495737 0.048 0.447737
9 0.447737 0.16 0.287737
11 0.550091 0.16 0.390091
15 0.704 0.16 0.544
26 0.677092 0.16 0.517092
26 0.517092 0.016 0.501092
64 0.384 0.016 0.368
26 0.501092 0.048 0.453092
3 0.8 0.048 0.752
15 0.544 0.048 0.496
48 0.8 0.048 0.752
64 0.368 0.048 0.32
32 0.515227 0.16 0.355227
46 0.704 0.16 0.544
11 0.390091 0.16 0.230091
15 0.496 0.16 0.336
32 0.355227 0.16 0.195227
46 0.544 0.16 0.384
64 0.32 0.16 0.16
70 0.8 0.048 0.752
7 0.8 0.048 0.752
50 0.8 0.048 0.752
70 0.752 0.048 0.704
70 0.704 0.16 0.544
7 0.752 0.16 0.592
7 0.592 0.016 0.576
70 0.544 0.016 0.528
7 0.576 0.048 0.528
70 0.528 0.048 0.48
50 0.752 0.16 0.592
53 0.8 0.048 0.752
13 0.8 0.048 0.752
49 0.8 0.048 0.752
1 0.8 0.048 0.752
31 0.691844 0.048 0.643844
42 0.463907 0.048 0.415907
55 0.8 0.048 0.752
65 0.8 0.048 0.752
12 0.559214 0.048 0.511214
2 0.633864 0.048 0.585864
22 0.8 0.048 0.752
34 0.8 0.048 0.752
58 0.8 0.048 0.752
63 0.57196 0.048 0.52396
38 0.8 0.048 0.752
8 0.8 0.048 0.752
68 0.8 0.048 0.752
27 0.8 0.048 0.752
14 0.722361 0.048 0.674361
35 0.467356 0.048 0.419356
63 0.596663 0.048 0.548663
2 0.664952 0.048 0.616952
4 0.685312 0.048 0.637312
12 0.585219 0.048 0.537219
14 0.674361 0.048 0.626361
35 0.419356 0.048 0.371356
51 0.386124 0.048 0.338124
58 0.8 0.048 0.752
2 0.616952 0.048 0.568952
12 0.537219 0.048 0.489219
22 0.8 0.048 0.752
34 0.8 0.048 0.752
33 0.780655 0.048 0.732655
5 0.8 0.048 0.752
19 0.790273 0.048 0.742273
67 0.8 0.048 0.752
23 0.8 0.048 0.752
10 0.8 0.048 0.752
21 0.8 0.048 0.752
30 0.8 0.048 0.752
23 0.752 0.144 0.608
23 0.608 0.16 0.448
10 0.752 0.16 0.592
10 0.592 0.016 0.576
23 0.448 0.016 0.432
10 0.576 0.048 0.528
21 0.752 0.048 0.704
23 0.432 0.048 0.384
30 0.752 0.048 0.704
10 0.528 0.096 0.432
10 0.432 0.16 0.272
21 0.704 0.16 0.544
21 0.544 0.016 0.528
23 0.384 0.016 0.368
21 0.528 0.048 0.48
10 0.272 0.048 0.224
23 0.368 0.048 0.32
30 0.704 0.048 0.656
21 0.48 0.048 0.432
21 0.432 0.16 0.272
30 0.656 0.16 0.496
21 0.272 0.16 0.112
10 0.224 0.16 0.064
23 0.32 0.16 0.16
30 0.496 0.16 0.336
19 0.8 0.048 0.752
5 0.8 0.048 0.752
33 0.8 0.048 0.752
41 0.8 0.048 0.752
28 0.8 0.048 0.752
18 0.8 0.048 0.752
44 0.8 0.048 0.752
65 0.8 0.048 0.752
1 0.8 0.048 0.752
31 0.8 0.048 0.752
55 0.8 0.048 0.752
65 0.752 0.048 0.704
65 0.704 0.16 0.544
1 0.752 0.16 0.592
31 0.752 0.16 0.592
55 0.752 0.16 0.592
42 0.63479 0.048 0.58679
1 0.592 0.048 0.544
16 0.540143 0.048 0.492143
24 0.704206 0.048 0.656206
31 0.592 0.048 0.544
59 0.578805 0.048 0.530805
41 0.752 0.048 0.704
16 0.492143 0.048 0.444143
19 0.752 0.048 0.704
48 0.8 0.048 0.752
3 0.8 0.048 0.752
26 0.745485 0.048 0.697485
37 0.8 0.048 0.752
6 0.8 0.048 0.752
47 0.8 0.048 0.752
6 0.752 0.048 0.704
39 0.8 0.048 0.752
45 0.8 0.048 0.752
50 0.8 0.048 0.752
70 0.786081 0.048 0.738081
51 0.562139 0.048 0.514139
2 0.784001 0.048 0.736001
4 0.8 0.048 0.752
14 0.770771 0.048 0.722771
35 0.592875 0.048 0.544875
63 0.770259 0.048 0.722259
51 0.514139 0.048 0.466139
51 0.466139 0.16 0.306139
2 0.736001 0.16 0.576001
4 0.752 0.16 0.592
14 0.722771 0.16 0.562771
35 0.544875 0.16 0.384875
63 0.722259 0.16 0.562259
43 0.8 0.048 0.752
17 0.8 0.048 0.752
20 0.8 0.048 0.752
56 0.8 0.048 0.752
60 0.8 0.048 0.752
40 0.8 0.048 0.752
32 0.573927 0.048 0.525927
39 0.8 0.048 0.752
45 0.8 0.048 0.752
26 0.776099 0.048 0.728099
3 0.8 0.048 0.752
15 0.715209 0.048 0.667209
46 0.751065 0.048 0.703065
48 0.8 0.048 0.752
64 0.526529 0.048 0.478529
7 0.8 0.048 0.752
70 0.8 0.048 0.752
53 0.8 0.048 0.752
13 0.8 0.048 0.752
49 0.8 0.048 0.752
1 0.693869 0.048 0.645869
31 0.692975 0.048 0.644975
55 0.738267 0.048 0.690267
65 0.700666 0.048 0.652666
1 0.645869 0.048 0.597869
1 0.597869 0.16 0.437869
31 0.644975 0.16 0.484975
55 0.690267 0.16 0.530267
65 0.652666 0.16 0.492666
12 0.788714 0.048 0.740714
2 0.652253 0.048 0.604253
22 0.8 0.048 0.752
34 0.8 0.048 0.752
58 0.8 0.048 0.752
63 0.632657 0.048 0.584657
38 0.8 0.048 0.752
8 0.8 0.048 0.752
68 0.8 0.048 0.752
27 0.8 0.048 0.752
14 0.794509 0.048 0.746509
35 0.538151 0.048 0.490151
63 0.660383 0.048 0.612383
2 0.675581 0.048 0.627581
4 0.745149 0.048 0.697149
12 0.8 0.048 0.752
14 0.746509 0.048 0.698509
35 0.490151 0.048 0.442151
51 0.464428 0.048 0.416428
58 0.8 0.048 0.752
2 0.627581 0.048 0.579581
12 0.752 0.048 0.704
22 0.8 0.048 0.752
34 0.8 0.048 0.752
33 0.8 0.048 0.752
5 0.8 0.048 0.752
19 0.8 0.048 0.752
67 0.8 0.048 0.752
44 0.8 0.048 0.752
18 0.8 0.048 0.752
28 0.8 0.048 0.752
19 0.8 0.048 0.752
5 0.8 0.048 0.752
33 0.8 0.048 0.752
41 0.8 0.048 0.752
28 0.752 0.048 0.704
18 0.752 0.048 0.704
44 0.8 0.048 0.752
42 0.8 0.048 0.752
1 0.654055 0.048 0.606055
16 0.8 0.048 0.752
24 0.8 0.048 0.752
31 0.703794 0.048 0.655794
59 0.8 0.048 0.752
41 0.752 0.048 0.704
16 0.752 0.048 0.704
19 0.752 0.048 0.704
48 0.8 0.048 0.752
3 0.8 0.048 0.752
26 0.8 0.048 0.752
37 0.8 0.048 0.752
6 0.8 0.048 0.752
47 0.8 0.048 0.752
6 0.752 0.048 0.704
39 0.8 0.048 0.752
45 0.8 0.048 0.752
50 0.8 0.048 0.752
70 0.8 0.048 0.752
43 0.8 0.048 0.752
17 0.8 0.048 0.752
20 0.8 0.048 0.752
56 0.8 0.048 0.752
20 0.8 0.048 0.752
17 0.752 0.048 0.704
29 0.8 0.048 0.752
43 0.752 0.048 0.704
56 0.752 0.048 0.704
20 0.752 0.048 0.704
20 0.704 0.16 0.544
17 0.704 0.16 0.544
29 0.752 0.16 0.592
43 0.704 0.16 0.544
56 0.704 0.16 0.544
56 0.544 0.016 0.528
20 0.544 0.016 0.528
56 0.528 0.048 0.48
17 0.544 0.048 0.496
20 0.528 0.048 0.48
29 0.592 0.048 0.544
43 0.544 0.048 0.496
60 0.8 0.048 0.752
40 0.8 0.048 0.752
32 0.8 0.048 0.752
45 0.8 0.048 0.752
26 0.8 0.048 0.752
3 0.8 0.048 0.752
15 0.8 0.048 0.752
48 0.8 0.048 0.752
64 0.8 0.048 0.752
7 0.8 0.048 0.752
70 0.8 0.048 0.752
53 0.8 0.048 0.752
13 0.8 0.048 0.752
49 0.8 0.048 0.752
30 0.8 0.048 0.752
10 0.590711 0.048 0.542711
21 0.641321 0.048 0.593321
23 0.683383 0.048 0.635383
30 0.752 0.048 0.704
30 0.704 0.16 0.544
10 0.542711 0.16 0.382711
21 0.593321 0.16 0.433321
23 0.635383 0.16 0.475383
12 0.8 0.048 0.752
2 0.8 0.048 0.752
22 0.8 0.048 0.752
34 0.8 0.048 0.752
58 0.8 0.048 0.752
63 0.8 0.048 0.752
62 0.8 0.048 0.752
36 0.8 0.048 0.752
52 0.8 0.048 0.752
61 0.8 0.048 0.752
62 0.752 0.048 0.704
62 0.704 0.16 0.544
36 0.752 0.16 0.592
36 0.592 0.016 0.576
62 0.544 0.016 0.528
36 0.576 0.048 0.528
52 0.752 0.048 0.704
61 0.752 0.048 0.704
62 0.528 0.048 0.48
52 0.704 0.16 0.544
61 0.704 0.16 0.544
38 0.8 0.048 0.752
8 0.8 0.048 0.752
68 0.8 0.048 0.752
27 0.8 0.048 0.752
14 0.8 0.048 0.752
35 0.8 0.048 0.752
27 0.752 0.048 0.704
27 0.704 0.16 0.544
63 0.8 0.048 0.752
2 0.8 0.048 0.752
4 0.8 0.048 0.752
12 0.8 0.048 0.752
14 0.752 0.048 0.704
35 0.752 0.048 0.704
51 0.789508 0.048 0.741508
27 0.544 0.016 0.528
14 0.704 0.16 0.544
35 0.704 0.16 0.544
58 0.8 0.048 0.752
2 0.752 0.048 0.704
12 0.752 0.048 0.704
22 0.8 0.048 0.752
34 0.8 0.048 0.752
11 0.8 0.048 0.752
9 0.8 0.048 0.752
15 0.8 0.048 0.752
26 0.8 0.048 0.752
32 0.8 0.048 0.752
46 0.8 0.048 0.752
64 0.8 0.048 0.752
11 0.752 0.096 0.656
11 0.656 0.16 0.496
9 0.752 0.16 0.592
15 0.752 0.16 0.592
26 0.752 0.16 0.592
32 0.752 0.16 0.592
32 0.592 0.016 0.576
11 0.496 0.016 0.48
32 0.576 0.048 0.528
9 0.592 0.048 0.544
11 0.48 0.048 0.432
40 0.8 0.048 0.752
46 0.752 0.048 0.704
46 0.704 0.16 0.544
64 0.752 0.16 0.592
64 0.592 0.016 0.576
11 0.432 0.016 0.416
64 0.576 0.048 0.528
9 0.544 0.048 0.496
11 0.416 0.048 0.368
15 0.592 0.048 0.544
26 0.592 0.048 0.544
46 0.544 0.048 0.496
33 0.8 0.048 0.752
5 0.8 0.048 0.752
19 0.8 0.048 0.752
67 0.8 0.048 0.752
44 0.8 0.048 0.752
18 0.8 0.048 0.752
28 0.8 0.048 0.752
19 0.8 0.048 0.752
5 0.8 0.048 0.752
33 0.8 0.048 0.752
41 0.8 0.048 0.752
28 0.752 0.048 0.704
18 0.752 0.048 0.704
44 0.8 0.048 0.752
68 0.8 0.048 0.752
8 0.8 0.048 0.752
38 0.8 0.048 0.752
42 0.8 0.048 0.752
1 0.8 0.048 0.752
24 0.8 0.048 0.752
31 0.8 0.048 0.752
59 0.8 0.048 0.752
41 0.752 0.048 0.704
5 0.752 0.048 0.704
16 0.8 0.048 0.752
19 0.752 0.048 0.704
48 0.8 0.048 0.752
3 0.8 0.048 0.752
26 0.695256 0.048 0.647256
37 0.8 0.048 0.752
6 0.8 0.048 0.752
47 0.8 0.048 0.752
6 0.752 0.048 0.704
39 0.8 0.048 0.752
45 0.8 0.048 0.752
50 0.8 0.048 0.752
70 0.8 0.048 0.752
13 0.8 0.048 0.752
49 0.8 0.048 0.752
53 0.8 0.048 0.752
13 0.752 0.048 0.704
13 0.704 0.16 0.544
49 0.752 0.16 0.592
49 0.592 0.016 0.576
13 0.544 0.016 0.528
49 0.576 0.048 0.528
13 0.528 0.048 0.48
53 0.752 0.048 0.704
53 0.704 0.16 0.544
43 0.8 0.048 0.752
20 0.789775 0.048 0.741775
56 0.8 0.048 0.752
56 0.752 0.048 0.704
17 0.8 0.048 0.752
20 0.8 0.048 0.752
29 0.8 0.048 0.752
43 0.752 0.048 0.704
27 0.748586 0.048 0.700586
35 0.771863 0.048 0.723863
27 0.700586 0.048 0.652586
27 0.652586 0.16 0.492586
35 0.723863 0.16 0.563863
35 0.563863 0.016 0.547863
27 0.492586 0.016 0.476586
35 0.547863 0.048 0.499863
4 0.8 0.048 0.752
14 0.767953 0.048 0.719953
27 0.476586 0.048 0.428586
51 0.8 0.048 0.752
60 0.8 0.048 0.752
40 0.8 0.048 0.752
32 0.762715 0.048 0.714715
39 0.8 0.048 0.752
45 0.8 0.048 0.752
26 0.718462 0.048 0.670462
3 0.8 0.048 0.752
11 0.515394 0.048 0.467394
15 0.768211 0.048 0.720211
48 0.8 0.048 0.752
64 0.753605 0.048 0.705605
7 0.8 0.048 0.752
50 0.8 0.048 0.752
70 0.8 0.048 0.752
7 0.752 0.048 0.704
7 0.704 0.16 0.544
7 0.544 0.016 0.528
50 0.752 0.16 0.592
70 0.752 0.16 0.592
53 0.620244 0.048 0.572244
13 0.551223 0.048 0.503223
49 0.602811 0.048 0.554811
6 0.8 0.048 0.752
37 0.8 0.048 0.752
39 0.8 0.048 0.752
47 0.8 0.048 0.752
12 0.8 0.048 0.752
2 0.8 0.048 0.752
22 0.8 0.048 0.752
34 0.8 0.048 0.752
51 0.8 0.048 0.752
58 0.8 0.048 0.752
63 0.8 0.048 0.752
36 0.8 0.048 0.752
52 0.8 0.048 0.752
61 0.8 0.048 0.752
62 0.8 0.048 0.752
57 0.8 0.048 0.752
25 0.8 0.048 0.752
54 0.8 0.048 0.752
66 0.8 0.048 0.752
69 0.8 0.048 0.752
57 0.752 0.096 0.656
57 0.656 0.16 0.496
25 0.752 0.16 0.592
54 0.752 0.16 0.592
66 0.752 0.16 0.592
66 0.592 0.016 0.576
57 0.496 0.016 0.48
66 0.576 0.048 0.528
57 0.48 0.048 0.432
69 0.752 0.048 0.704
66 0.528 0.048 0.48
66 0.48 0.16 0.32
69 0.704 0.16 0.544
69 0.544 0.016 0.528
57 0.432 0.016 0.416
69 0.528 0.048 0.48
25 0.592 0.048 0.544
54 0.592 0.048 0.544
57 0.416 0.048 0.368
66 0.32 0.048 0.272
57 0.368 0.16 0.208
69 0.48 0.16 0.32
16 0.8 0.048 0.752
24 0.8 0.048 0.752
41 0.8 0.048 0.752
42 0.8 0.048 0.752
59 0.8 0.048 0.752
16 0.752 0.048 0.704
16 0.704 0.16 0.544
24 0.752 0.16 0.592
41 0.752 0.16 0.592
42 0.752 0.16 0.592
59 0.752 0.16 0.592
59 0.592 0.016 0.576
16 0.544 0.016 0.528
59 0.576 0.048 0.528
16 0.528 0.048 0.48
24 0.592 0.048 0.544
31 0.8 0.048 0.752
42 0.592 0.048 0.544
38 0.8 0.048 0.752
8 0.8 0.048 0.752
68 0.8 0.048 0.752
63 0.8 0.048 0.752
2 0.8 0.048 0.752
4 0.8 0.048 0.752
12 0.8 0.048 0.752
14 0.8 0.048 0.752
51 0.8 0.048 0.752
58 0.8 0.048 0.752
2 0.752 0.048 0.704
12 0.752 0.048 0.704
22 0.8 0.048 0.752
34 0.8 0.048 0.752
32 0.8 0.048 0.752
9 0.8 0.048 0.752
11 0.692967 0.048 0.644967
40 0.8 0.048 0.752
64 0.8 0.048 0.752
9 0.752 0.048 0.704
11 0.644967 0.048 0.596967
15 0.8 0.048 0.752
26 0.8 0.048 0.752
46 0.8 0.048 0.752
33 0.8 0.048 0.752
5 0.8 0.048 0.752
19 0.8 0.048 0.752
67 0.8 0.048 0.752
44 0.8 0.048 0.752
18 0.8 0.048 0.752
28 0.8 0.048 0.752
19 0.8 0.048 0.752
5 0.8 0.048 0.752
33 0.8 0.048 0.752
41 0.750425 0.048 0.702425
28 0.752 0.048 0.704
18 0.752 0.048 0.704
44 0.8 0.048 0.752
68 0.8 0.048 0.752
8 0.8 0.048 0.752
38 0.8 0.048 0.752
42 0.691247 0.048 0.643247
16 0.629587 0.048 0.581587
24 0.695981 0.048 0.647981
31 0.8 0.048 0.752
59 0.675658 0.048 0.627658
41 0.702425 0.048 0.654425
16 0.581587 0.048 0.533587
19 0.752 0.048 0.704
48 0.8 0.048 0.752
3 0.8 0.048 0.752
26 0.8 0.048 0.752
37 0.8 0.048 0.752
6 0.8 0.048 0.752
47 0.8 0.048 0.752
6 0.752 0.048 0.704
39 0.8 0.048 0.752
45 0.8 0.048 0.752
50 0.8 0.048 0.752
70 0.8 0.048 0.752
49 0.8 0.048 0.752
13 0.8 0.048 0.752
53 0.8 0.048 0.752
43 0.8 0.048 0.752
17 0.8 0.048 0.752
20 0.8 0.048 0.752
56 0.8 0.048 0.752
56 0.752 0.048 0.704
17 0.752 0.048 0.704
20 0.8 0.048 0.752
29 0.8 0.048 0.752
43 0.752 0.048 0.704
35 0.8 0.048 0.752
4 0.8 0.048 0.752
14 0.8 0.048 0.752
27 0.8 0.048 0.752
51 0.8 0.048 0.752
60 0.8 0.048 0.752
40 0.8 0.048 0.752
32 0.8 0.048 0.752
45 0.8 0.048 0.752
26 0.8 0.048 0.752
3 0.8 0.048 0.752
11 0.74971 0.048 0.70171
15 0.8 0.048 0.752
46 0.8 0.048 0.752
48 0.8 0.048 0.752
64 0.8 0.048 0.752
26 0.752 0.048 0.704
26 0.704 0.16 0.544
3 0.752 0.16 0.592
11 0.70171 0.16 0.54171
11 0.54171 0.016 0.52571
26 0.544 0.016 0.528
11 0.52571 0.048 0.47771
9 0.8 0.048 0.752
15 0.752 0.048 0.704
26 0.528 0.048 0.48
32 0.752 0.048 0.704
46 0.752 0.048 0.704
64 0.752 0.048 0.704
15 0.704 0.16 0.544
46 0.704 0.16 0.544
48 0.752 0.16 0.592
64 0.704 0.16 0.544
53 0.8 0.048 0.752
13 0.8 0.048 0.752
49 0.8 0.048 0.752
6 0.8 0.048 0.752
37 0.8 0.048 0.752
39 0.8 0.048 0.752
47 0.8 0.048 0.752
12 0.8 0.048 0.752
2 0.8 0.048 0.752
22 0.8 0.048 0.752
34 0.8 0.048 0.752
58 0.8 0.048 0.752
63 0.8 0.048 0.752
36 0.8 0.048 0.752
52 0.8 0.048 0.752
61 0.8 0.048 0.752
62 0.8 0.048 0.752
69 0.697311 0.048 0.649311
25 0.8 0.048 0.752
54 0.8 0.048 0.752
57 0.582837 0.048 0.534837
66 0.647952 0.048 0.599952
59 0.8 0.048 0.752
24 0.8 0.048 0.752
31 0.8 0.048 0.752
42 0.8 0.048 0.752
38 0.8 0.048 0.752
8 0.8 0.048 0.752
68 0.8 0.048 0.752
63 0.8 0.048 0.752
2 0.8 0.048 0.752
4 0.8 0.048 0.752
12 0.8 0.048 0.752
14 0.8 0.048 0.752
51 0.8 0.048 0.752
58 0.8 0.048 0.752
2 0.752 0.048 0.704
12 0.752 0.048 0.704
22 0.8 0.048 0.752
34 0.8 0.048 0.752
32 0.8 0.048 0.752
9 0.8 0.048 0.752
11 0.697368 0.048 0.649368
40 0.8 0.048 0.752
64 0.695449 0.048 0.647449
9 0.752 0.048 0.704
11 0.649368 0.048 0.601368
15 0.694136 0.048 0.646136
26 0.632076 0.048 0.584076
46 0.697636 0.048 0.649636
64 0.647449 0.048 0.599449
64 0.599449 0.16 0.439449
9 0.704 0.16 0.544
11 0.601368 0.16 0.441368
15 0.646136 0.16 0.486136
26 0.584076 0.16 0.424076
46 0.649636 0.16 0.489636
33 0.8 0.048 0.752
5 0.8 0.048 0.752
19 0.8 0.048 0.752
67 0.8 0.048 0.752
44 0.8 0.048 0.752
18 0.8 0.048 0.752
28 0.8 0.048 0.752
19 0.8 0.048 0.752
5 0.8 0.048 0.752
33 0.8 0.048 0.752
41 0.8 0.048 0.752
28 0.752 0.048 0.704
44 0.8 0.048 0.752
68 0.8 0.048 0.752
8 0.8 0.048 0.752
38 0.8 0.048 0.752
42 0.8 0.048 0.752
16 0.8 0.048 0.752
24 0.8 0.048 0.752
31 0.8 0.048 0.752
59 0.8 0.048 0.752
41 0.752 0.048 0.704
16 0.752 0.048 0.704
19 0.752 0.048 0.704
48 0.8 0.048 0.752
3 0.8 0.048 0.752
26 0.566598 0.048 0.518598
37 0.8 0.048 0.752
6 0.8 0.048 0.752
47 0.8 0.048 0.752
6 0.752 0.048 0.704
39 0.8 0.048 0.752
45 0.8 0.048 0.752
50 0.8 0.048 0.752
70 0.8 0.048 0.752
23 0.8 0.048 0.752
10 0.8 0.048 0.752
21 0.8 0.048 0.752
30 0.8 0.048 0.752
49 0.8 0.048 0.752
13 0.8 0.048 0.752
53 0.8 0.048 0.752
43 0.8 0.048 0.752
17 0.8 0.048 0.752
20 0.8 0.048 0.752
56 0.8 0.048 0.752
56 0.752 0.048 0.704
17 0.752 0.048 0.704
20 0.8 0.048 0.752
29 0.8 0.048 0.752
43 0.752 0.048 0.704
35 0.8 0.048 0.752
4 0.8 0.048 0.752
14 0.8 0.048 0.752
27 0.8 0.048 0.752
60 0.8 0.048 0.752
40 0.8 0.048 0.752
32 0.8 0.048 0.752
39 0.8 0.048 0.752
11 0.595126 0.048 0.547126
9 0.763224 0.048 0.715224
15 0.722905 0.048 0.674905
26 0.594267 0.048 0.546267
32 0.752 0.048 0.704
46 0.705059 0.048 0.657059
64 0.669045 0.048 0.621045
53 0.8 0.048 0.752
13 0.8 0.048 0.752
49 0.8 0.048 0.752
6 0.8 0.048 0.752
37 0.8 0.048 0.752
47 0.8 0.048 0.752
12 0.8 0.048 0.752
2 0.8 0.048 0.752
22 0.8 0.048 0.752
58 0.8 0.048 0.752
36 0.8 0.048 0.752
52 0.8 0.048 0.752
61 0.8 0.048 0.752
62 0.8 0.048 0.752
69 0.8 0.048 0.752
25 0.8 0.048 0.752
54 0.8 0.048 0.752
57 0.8 0.048 0.752
66 0.8 0.048 0.752
59 0.8 0.048 0.752
16 0.8 0.048 0.752
24 0.8 0.048 0.752
31 0.8 0.048 0.752
42 0.8 0.048 0.752
38 0.8 0.048 0.752
8 0.8 0.048 0.752
68 0.8 0.048 0.752
63 0.8 0.048 0.752
2 0.8 0.048 0.752
4 0.8 0.048 0.752
14 0.8 0.048 0.752
51 0.8 0.048 0.752
58 0.8 0.048 0.752
12 0.8 0.048 0.752
22 0.8 0.048 0.752
34 0.8 0.048 0.752
26 0.694969 0.048 0.646969
3 0.8 0.048 0.752
9 0.8 0.048 0.752
11 0.692671 0.048 0.644671
15 0.8 0.048 0.752
46 0.8 0.048 0.752
48 0.8 0.048 0.752
64 0.764813 0.048 0.716813
32 0.8 0.048 0.752
9 0.752 0.048 0.704
11 0.722261 0.048 0.674261
40 0.8 0.048 0.752
33 0.8 0.048 0.752
5 0.8 0.048 0.752
67 0.8 0.048 0.752
44 0.8 0.048 0.752
18 0.8 0.048 0.752
28 0.8 0.048 0.752
19 0.8 0.048 0.752
5 0.8 0.048 0.752
16 0.8 0.048 0.752
33 0.8 0.048 0.752
41 0.8 0.048 0.752
28 0.752 0.048 0.704
18 0.752 0.048 0.704
44 0.8 0.048 0.752
68 0.8 0.048 0.752
8 0.8 0.048 0.752
38 0.8 0.048 0.752
42 0.8 0.048 0.752
16 0.752 0.048 0.704
24 0.8 0.048 0.752
31 0.8 0.048 0.752
59 0.8 0.048 0.752
41 0.752 0.048 0.704
5 0.752 0.048 0.704
16 0.704 0.048 0.656
19 0.752 0.048 0.704
48 0.8 0.048 0.752
3 0.8 0.048 0.752
26 0.793479 0.048 0.745479
48 0.752 0.048 0.704
48 0.704 0.16 0.544
3 0.752 0.16 0.592
26 0.745479 0.16 0.585479
37 0.8 0.048 0.752
6 0.8 0.048 0.752
47 0.8 0.048 0.752
6 0.752 0.048 0.704
39 0.8 0.048 0.752
45 0.8 0.048 0.752
50 0.8 0.048 0.752
7 0.8 0.048 0.752
70 0.8 0.048 0.752
23 0.8 0.048 0.752
10 0.8 0.048 0.752
21 0.8 0.048 0.752
30 0.8 0.048 0.752
49 0.8 0.048 0.752
13 0.8 0.048 0.752
53 0.8 0.048 0.752
43 0.8 0.048 0.752
17 0.8 0.048 0.752
20 0.8 0.048 0.752
29 0.8 0.048 0.752
56 0.8 0.048 0.752
56 0.752 0.048 0.704
17 0.752 0.048 0.704
20 0.8 0.048 0.752
29 0.752 0.048 0.704
43 0.752 0.048 0.704
35 0.8 0.048 0.752
4 0.8 0.048 0.752
14 0.8 0.048 0.752
27 0.8 0.048 0.752
60 0.8 0.048 0.752
40 0.8 0.048 0.752
32 0.8 0.048 0.752
39 0.8 0.048 0.752
45 0.8 0.048 0.752
11 0.8 0.048 0.752
9 0.8 0.048 0.752
15 0.8 0.048 0.752
32 0.752 0.048 0.704
46 0.8 0.048 0.752
64 0.8 0.048 0.752
11 0.752 0.048 0.704
11 0.704 0.16 0.544
11 0.544 0.016 0.528
9 0.752 0.16 0.592
15 0.752 0.16 0.592
32 0.704 0.16 0.544
46 0.752 0.16 0.592
64 0.752 0.16 0.592
53 0.8 0.048 0.752
13 0.8 0.048 0.752
49 0.8 0.048 0.752
65 0.8 0.048 0.752
1 0.8 0.048 0.752
31 0.8 0.048 0.752
55 0.8 0.048 0.752
6 0.8 0.048 0.752
37 0.8 0.048 0.752
39 0.8 0.048 0.752
45 0.8 0.048 0.752
47 0.8 0.048 0.752
12 0.8 0.048 0.752
2 0.8 0.048 0.752
22 0.8 0.048 0.752
34 0.8 0.048 0.752
51 0.8 0.048 0.752
58 0.8 0.048 0.752
63 0.8 0.048 0.752
36 0.8 0.048 0.752
52 0.8 0.048 0.752
61 0.8 0.048 0.752
62 0.8 0.048 0.752
69 0.8 0.048 0.752
25 0.8 0.048 0.752
54 0.8 0.048 0.752
57 0.8 0.048 0.752
66 0.8 0.048 0.752
59 0.8 0.048 0.752
24 0.8 0.048 0.752
31 0.8 0.048 0.752
42 0.8 0.048 0.752
38 0.8 0.048 0.752
8 0.8 0.048 0.752
68 0.8 0.048 0.752
63 0.8 0.048 0.752
2 0.8 0.048 0.752
4 0.8 0.048 0.752
12 0.8 0.048 0.752
14 0.8 0.048 0.752
51 0.8 0.048 0.752
58 0.8 0.048 0.752
2 0.752 0.048 0.704
12 0.752 0.048 0.704
22 0.8 0.048 0.752
34 0.8 0.048 0.752
26 0.8 0.048 0.752
3 0.8 0.048 0.752
9 0.733418 0.048 0.685418
11 0.675695 0.048 0.627695
15 0.734287 0.048 0.686287
46 0.744832 0.048 0.696832
64 0.73511 0.048 0.68711
26 0.752 0.048 0.704
26 0.704 0.16 0.544
3 0.752 0.16 0.592
9 0.685418 0.16 0.525418
11 0.627695 0.16 0.467695
15 0.686287 0.16 0.526287
46 0.696832 0.16 0.536832
64 0.68711 0.16 0.52711
32 0.686573 0.048 0.638573
9 0.525418 0.048 0.477418
11 0.545637 0.048 0.497637
40 0.8 0.048 0.752
32 0.638573 0.048 0.590573
32 0.590573 0.16 0.430573
32 0.430573 0.016 0.414573
9 0.477418 0.16 0.317418
11 0.497637 0.16 0.337637
40 0.752 0.16 0.592
33 0.8 0.048 0.752
5 0.8 0.048 0.752
19 0.8 0.048 0.752
67 0.8 0.048 0.752
44 0.8 0.048 0.752
18 0.8 0.048 0.752
28 0.8 0.048 0.752
19 0.8 0.048 0.752
5 0.8 0.048 0.752
16 0.8 0.048 0.752
33 0.8 0.048 0.752
41 0.8 0.048 0.752
28 0.752 0.048 0.704
18 0.752 0.048 0.704
44 0.8 0.048 0.752
68 0.8 0.048 0.752
8 0.8 0.048 0.752
38 0.8 0.048 0.752
42 0.8 0.048 0.752
16 0.752 0.048 0.704
24 0.8 0.048 0.752
31 0.8 0.048 0.752
59 0.8 0.048 0.752
41 0.752 0.048 0.704
5 0.752 0.048 0.704
16 0.704 0.048 0.656
19 0.752 0.048 0.704
37 0.8 0.048 0.752
6 0.8 0.048 0.752
37 0.752 0.048 0.704
37 0.704 0.16 0.544
47 0.8 0.048 0.752
6 0.752 0.048 0.704
39 0.8 0.048 0.752
40 0.747936 0.048 0.699936
45 0.8 0.048 0.752
47 0.752 0.048 0.704
47 0.704 0.16 0.544
47 0.544 0.016 0.528
6 0.704 0.16 0.544
39 0.752 0.16 0.592
40 0.699936 0.16 0.539936
45 0.752 0.16 0.592
50 0.8 0.048 0.752
70 0.8 0.048 0.752
23 0.8 0.048 0.752
10 0.8 0.048 0.752
21 0.8 0.048 0.752
30 0.8 0.048 0.752
49 0.8 0.048 0.752
13 0.8 0.048 0.752
53 0.8 0.048 0.752
43 0.8 0.048 0.752
17 0.8 0.048 0.752
20 0.8 0.048 0.752
56 0.8 0.048 0.752
56 0.752 0.048 0.704
17 0.752 0.048 0.704
20 0.8 0.048 0.752
29 0.8 0.048 0.752
43 0.752 0.048 0.704
35 0.8 0.048 0.752
14 0.8 0.048 0.752
27 0.8 0.048 0.752
60 0.8 0.048 0.752
40 0.618384 0.048 0.570384
32 0.638295 0.048 0.590295
45 0.663914 0.048 0.615914
53 0.8 0.048 0.752
13 0.8 0.048 0.752
49 0.8 0.048 0.752
65 0.8 0.048 0.752
1 0.8 0.048 0.752
55 0.8 0.048 0.752
6 0.700572 0.048 0.652572
37 0.701291 0.048 0.653291
39 0.742843 0.048 0.694843
47 0.607049 0.048 0.559049
6 0.652572 0.048 0.604572
6 0.604572 0.16 0.444572
37 0.653291 0.16 0.493291
39 0.694843 0.16 0.534843
47 0.559049 0.16 0.399049
12 0.8 0.048 0.752
2 0.8 0.048 0.752
22 0.8 0.048 0.752
34 0.8 0.048 0.752
58 0.8 0.048 0.752
63 0.8 0.048 0.752
36 0.8 0.048 0.752
52 0.8 0.048 0.752
61 0.8 0.048 0.752
62 0.8 0.048 0.752
69 0.8 0.048 0.752
25 0.8 0.048 0.752
54 0.8 0.048 0.752
57 0.8 0.048 0.752
66 0.8 0.048 0.752
59 0.8 0.048 0.752
24 0.8 0.048 0.752
31 0.8 0.048 0.752
42 0.8 0.048 0.752
38 0.8 0.048 0.752
8 0.8 0.048 0.752
68 0.8 0.048 0.752
63 0.8 0.048 0.752
2 0.8 0.048 0.752
4 0.8 0.048 0.752
12 0.8 0.048 0.752
14 0.8 0.048 0.752
51 0.8 0.048 0.752
58 0.8 0.048 0.752
2 0.752 0.048 0.704
12 0.752 0.048 0.704
22 0.8 0.048 0.752
34 0.8 0.048 0.752
33 0.8 0.048 0.752
5 0.8 0.048 0.752
67 0.8 0.048 0.752
44 0.8 0.048 0.752
18 0.8 0.048 0.752
28 0.8 0.048 0.752
19 0.8 0.048 0.752
5 0.8 0.048 0.752
16 0.8 0.048 0.752
41 0.8 0.048 0.752
28 0.752 0.048 0.704
18 0.752 0.048 0.704
44 0.8 0.048 0.752
68 0.8 0.048 0.752
8 0.8 0.048 0.752
38 0.8 0.048 0.752
42 0.8 0.048 0.752
16 0.752 0.048 0.704
24 0.8 0.048 0.752
31 0.8 0.048 0.752
59 0.8 0.048 0.752
41 0.752 0.048 0.704
5 0.752 0.048 0.704
16 0.704 0.048 0.656
19 0.752 0.048 0.704
50 0.8 0.048 0.752
7 0.8 0.048 0.752
70 0.8 0.048 0.752
23 0.8 0.048 0.752
10 0.8 0.048 0.752
21 0.8 0.048 0.752
30 0.8 0.048 0.752
49 0.8 0.048 0.752
13 0.8 0.048 0.752
53 0.8 0.048 0.752
43 0.8 0.048 0.752
17 0.8 0.048 0.752
20 0.8 0.048 0.752
56 0.8 0.048 0.752
32 0.8 0.048 0.752
9 0.8 0.048 0.752
11 0.8 0.048 0.752
40 0.8 0.048 0.752
32 0.752 0.048 0.704
32 0.704 0.16 0.544
9 0.752 0.16 0.592
11 0.752 0.16 0.592
11 0.592 0.016 0.576
32 0.544 0.016 0.528
11 0.576 0.048 0.528
9 0.592 0.048 0.544
15 0.8 0.048 0.752
26 0.8 0.048 0.752
32 0.528 0.048 0.48
46 0.8 0.048 0.752
64 0.8 0.048 0.752
40 0.752 0.16 0.592
56 0.752 0.048 0.704
17 0.752 0.048 0.704
20 0.8 0.048 0.752
29 0.8 0.048 0.752
43 0.752 0.048 0.704
35 0.8 0.048 0.752
4 0.8 0.048 0.752
14 0.8 0.048 0.752
27 0.8 0.048 0.752
60 0.8 0.048 0.752
60 0.752 0.048 0.704
60 0.704 0.16 0.544
60 0.544 0.016 0.528
40 0.670333 0.048 0.622333
32 0.48 0.048 0.432
45 0.8 0.048 0.752
47 0.76799 0.048 0.71999
40 0.622333 0.048 0.574333
40 0.574333 0.16 0.414333
32 0.432 0.16 0.272
45 0.752 0.16 0.592
47 0.71999 0.16 0.55999
47 0.55999 0.016 0.54399
40 0.414333 0.016 0.398333
47 0.54399 0.048 0.49599
6 0.744302 0.048 0.696302
39 0.8 0.048 0.752
40 0.398333 0.048 0.350333
45 0.592 0.048 0.544
53 0.8 0.048 0.752
13 0.8 0.048 0.752
49 0.8 0.048 0.752
13 0.752 0.048 0.704
49 0.752 0.048 0.704
53 0.752 0.048 0.704
65 0.8 0.048 0.752
1 0.8 0.048 0.752
55 0.8 0.048 0.752
12 0.8 0.048 0.752
2 0.8 0.048 0.752
22 0.8 0.048 0.752
34 0.8 0.048 0.752
58 0.8 0.048 0.752
63 0.8 0.048 0.752
36 0.8 0.048 0.752
52 0.8 0.048 0.752
61 0.8 0.048 0.752
62 0.8 0.048 0.752
69 0.8 0.048 0.752
25 0.8 0.048 0.752
54 0.8 0.048 0.752
57 0.8 0.048 0.752
66 0.8 0.048 0.752
59 0.8 0.048 0.752
16 0.8 0.048 0.752
24 0.8 0.048 0.752
31 0.8 0.048 0.752
42 0.8 0.048 0.752
38 0.8 0.048 0.752
8 0.8 0.048 0.752
68 0.8 0.048 0.752
20 0.8 0.048 0.752
17 0.8 0.048 0.752
43 0.8 0.048 0.752
56 0.8 0.048 0.752
63 0.8 0.048 0.752
2 0.8 0.048 0.752
4 0.8 0.048 0.752
12 0.8 0.048 0.752
51 0.8 0.048 0.752
58 0.8 0.048 0.752
2 0.752 0.048 0.704
12 0.752 0.048 0.704
22 0.8 0.048 0.752
34 0.8 0.048 0.752
57 0.8 0.048 0.752
25 0.8 0.048 0.752
54 0.752 0.048 0.704
69 0.8 0.048 0.752
33 0.8 0.048 0.752
5 0.8 0.048 0.752
19 0.8 0.048 0.752
67 0.8 0.048 0.752
70 0.8 0.048 0.752
7 0.8 0.048 0.752
50 0.8 0.048 0.752
70 0.752 0.048 0.704
70 0.704 0.16 0.544
7 0.752 0.16 0.592
7 0.592 0.016 0.576
70 0.544 0.016 0.528
7 0.576 0.048 0.528
70 0.528 0.048 0.48
50 0.752 0.16 0.592
44 0.8 0.048 0.752
18 0.8 0.048 0.752
28 0.8 0.048 0.752
19 0.8 0.048 0.752
5 0.8 0.048 0.752
16 0.8 0.048 0.752
33 0.8 0.048 0.752
41 0.8 0.048 0.752
28 0.752 0.048 0.704
44 0.8 0.048 0.752
68 0.8 0.048 0.752
8 0.8 0.048 0.752
38 0.8 0.048 0.752
42 0.8 0.048 0.752
16 0.752 0.048 0.704
24 0.8 0.048 0.752
59 0.8 0.048 0.752
41 0.752 0.048 0.704
16 0.704 0.048 0.656
19 0.752 0.048 0.704
50 0.665911 0.048 0.617911
70 0.629785 0.048 0.581785
23 0.8 0.048 0.752
10 0.8 0.048 0.752
21 0.8 0.048 0.752
30 0.8 0.048 0.752
49 0.8 0.048 0.752
13 0.8 0.048 0.752
53 0.8 0.048 0.752
43 0.8 0.048 0.752
17 0.8 0.048 0.752
20 0.8 0.048 0.752
29 0.8 0.048 0.752
56 0.8 0.048 0.752
11 0.8 0.048 0.752
9 0.8 0.048 0.752
15 0.8 0.048 0.752
26 0.8 0.048 0.752
32 0.646656 0.048 0.598656
46 0.8 0.048 0.752
64 0.8 0.048 0.752
56 0.752 0.048 0.704
17 0.752 0.048 0.704
20 0.8 0.048 0.752
29 0.752 0.048 0.704
43 0.752 0.048 0.704
35 0.8 0.048 0.752
4 0.8 0.048 0.752
14 0.8 0.048 0.752
27 0.8 0.048 0.752
47 0.8 0.048 0.752
6 0.8 0.048 0.752
39 0.8 0.048 0.752
45 0.8 0.048 0.752
62 0.8 0.048 0.752
36 0.8 0.048 0.752
52 0.8 0.048 0.752
61 0.8 0.048 0.752
53 0.8 0.048 0.752
13 0.8 0.048 0.752
49 0.8 0.048 0.752
13 0.752 0.048 0.704
49 0.752 0.048 0.704
53 0.752 0.048 0.704
65 0.8 0.048 0.752
1 0.8 0.048 0.752
55 0.8 0.048 0.752
12 0.8 0.048 0.752
2 0.8 0.048 0.752
22 0.8 0.048 0.752
34 0.8 0.048 0.752
58 0.8 0.048 0.752
63 0.8 0.048 0.752
36 0.8 0.048 0.752
52 0.8 0.048 0.752
61 0.8 0.048 0.752
62 0.8 0.048 0.752
69 0.8 0.048 0.752
25 0.8 0.048 0.752
54 0.8 0.048 0.752
57 0.8 0.048 0.752
66 0.8 0.048 0.752
69 0.752 0.048 0.704
69 0.704 0.16 0.544
69 0.544 0.016 0.528
25 0.752 0.16 0.592
54 0.752 0.16 0.592
57 0.752 0.16 0.592
66 0.752 0.16 0.592
59 0.8 0.048 0.752
16 0.8 0.048 0.752
24 0.8 0.048 0.752
31 0.8 0.048 0.752
42 0.8 0.048 0.752
38 0.8 0.048 0.752
8 0.8 0.048 0.752
68 0.8 0.048 0.752
20 0.8 0.048 0.752
17 0.8 0.048 0.752
43 0.8 0.048 0.752
56 0.8 0.048 0.752
63 0.8 0.048 0.752
2 0.8 0.048 0.752
4 0.8 0.048 0.752
12 0.8 0.048 0.752
14 0.8 0.048 0.752
51 0.8 0.048 0.752
58 0.8 0.048 0.752
2 0.752 0.048 0.704
12 0.752 0.048 0.704
22 0.8 0.048 0.752
34 0.8 0.048 0.752
57 0.667959 0.048 0.619959
25 0.66379 0.048 0.61579
54 0.592 0.048 0.544
66 0.668353 0.048 0.620353
69 0.599396 0.048 0.551396
57 0.619959 0.096 0.523959
57 0.523959 0.16 0.363959
57 0.363959 0.016 0.347959
25 0.61579 0.16 0.45579
54 0.544 0.16 0.384
66 0.620353 0.16 0.460353
69 0.551396 0.16 0.391396
33 0.8 0.048 0.752
5 0.8 0.048 0.752
19 0.8 0.048 0.752
67 0.8 0.048 0.752
7 0.8 0.048 0.752
70 0.8 0.048 0.752
44 0.8 0.048 0.752
18 0.8 0.048 0.752
28 0.8 0.048 0.752
19 0.8 0.048 0.752
5 0.8 0.048 0.752
16 0.8 0.048 0.752
33 0.8 0.048 0.752
41 0.8 0.048 0.752
28 0.752 0.048 0.704
44 0.8 0.048 0.752
68 0.8 0.048 0.752
8 0.8 0.048 0.752
38 0.8 0.048 0.752
42 0.8 0.048 0.752
16 0.752 0.048 0.704
24 0.8 0.048 0.752
31 0.8 0.048 0.752
59 0.8 0.048 0.752
41 0.752 0.048 0.704
16 0.704 0.048 0.656
19 0.752 0.048 0.704
50 0.8 0.048 0.752
70 0.8 0.048 0.752
23 0.8 0.048 0.752
10 0.8 0.048 0.752
21 0.8 0.048 0.752
30 0.8 0.048 0.752
49 0.8 0.048 0.752
13 0.8 0.048 0.752
53 0.8 0.048 0.752
49 0.752 0.048 0.704
49 0.704 0.16 0.544
49 0.544 0.016 0.528
13 0.752 0.16 0.592
53 0.752 0.16 0.592
43 0.8 0.048 0.752
17 0.8 0.048 0.752
20 0.8 0.048 0.752
56 0.8 0.048 0.752
11 0.8 0.048 0.752
9 0.8 0.048 0.752
15 0.8 0.048 0.752
26 0.8 0.048 0.752
32 0.8 0.048 0.752
46 0.8 0.048 0.752
64 0.8 0.048 0.752
56 0.752 0.048 0.704
17 0.752 0.048 0.704
20 0.8 0.048 0.752
29 0.8 0.048 0.752
43 0.752 0.048 0.704
35 0.8 0.048 0.752
4 0.8 0.048 0.752
14 0.8 0.048 0.752
27 0.8 0.048 0.752
47 0.8 0.048 0.752
6 0.8 0.048 0.752
39 0.8 0.048 0.752
40 0.8 0.048 0.752
45 0.8 0.048 0.752
62 0.8 0.048 0.752
36 0.8 0.048 0.752
52 0.8 0.048 0.752
61 0.8 0.048 0.752
53 0.671378 0.048 0.623378
13 0.665619 0.048 0.617619
49 0.606987 0.048 0.558987
53 0.623378 0.048 0.575378
53 0.575378 0.16 0.415378
13 0.617619 0.16 0.457619
49 0.558987 0.16 0.398987
13 0.457619 0.048 0.409619
49 0.398987 0.048 0.350987
53 0.415378 0.048 0.367378
65 0.8 0.048 0.752
1 0.8 0.048 0.752
31 0.8 0.048 0.752
55 0.8 0.048 0.752
12 0.8 0.048 0.752
2 0.8 0.048 0.752
22 0.8 0.048 0.752
34 0.8 0.048 0.752
58 0.8 0.048 0.752
63 0.8 0.048 0.752
36 0.8 0.048 0.752
52 0.8 0.048 0.752
61 0.8 0.048 0.752
62 0.8 0.048 0.752
59 0.8 0.048 0.752
16 0.8 0.048 0.752
24 0.8 0.048 0.752
31 0.8 0.048 0.752
42 0.8 0.048 0.752
38 0.8 0.048 0.752
8 0.8 0.048 0.752
68 0.8 0.048 0.752
20 0.8 0.048 0.752
17 0.8 0.048 0.752
43 0.8 0.048 0.752
56 0.8 0.048 0.752
63 0.8 0.048 0.752
2 0.8 0.048 0.752
4 0.8 0.048 0.752
12 0.8 0.048 0.752
51 0.8 0.048 0.752
58 0.8 0.048 0.752
2 0.752 0.048 0.704
12 0.752 0.048 0.704
22 0.8 0.048 0.752
34 0.8 0.048 0.752
33 0.8 0.048 0.752
5 0.8 0.048 0.752
19 0.8 0.048 0.752
67 0.8 0.048 0.752
7 0.8 0.048 0.752
70 0.8 0.048 0.752
44 0.8 0.048 0.752
18 0.8 0.048 0.752
28 0.8 0.048 0.752
19 0.8 0.048 0.752
5 0.8 0.048 0.752
16 0.8 0.048 0.752
33 0.8 0.048 0.752
41 0.8 0.048 0.752
28 0.752 0.048 0.704
18 0.752 0.048 0.704
44 0.8 0.048 0.752
68 0.8 0.048 0.752
8 0.8 0.048 0.752
38 0.8 0.048 0.752
42 0.8 0.048 0.752
16 0.752 0.048 0.704
24 0.8 0.048 0.752
31 0.8 0.048 0.752
59 0.8 0.048 0.752
42 0.752 0.048 0.704
42 0.704 0.16 0.544
41 0.752 0.048 0.704
16 0.704 0.048 0.656
19 0.752 0.048 0.704
41 0.704 0.048 0.656
41 0.656 0.16 0.496
42 0.544 0.016 0.528
16 0.656 0.16 0.496
24 0.752 0.16 0.592
31 0.752 0.16 0.592
59 0.752 0.16 0.592
16 0.496 0.16 0.336
19 0.704 0.16 0.544
50 0.8 0.048 0.752
70 0.8 0.048 0.752
23 0.8 0.048 0.752
10 0.8 0.048 0.752
21 0.8 0.048 0.752
30 0.8 0.048 0.752
48 0.8 0.048 0.752
3 0.8 0.048 0.752
26 0.8 0.048 0.752
43 0.8 0.048 0.752
17 0.8 0.048 0.752
20 0.8 0.048 0.752
56 0.8 0.048 0.752
11 0.8 0.048 0.752
9 0.8 0.048 0.752
15 0.8 0.048 0.752
26 0.8 0.048 0.752
32 0.8 0.048 0.752
46 0.8 0.048 0.752
64 0.8 0.048 0.752
56 0.752 0.048 0.704
17 0.752 0.048 0.704
20 0.8 0.048 0.752
29 0.8 0.048 0.752
43 0.752 0.048 0.704
35 0.8 0.048 0.752
4 0.8 0.048 0.752
14 0.8 0.048 0.752
27 0.8 0.048 0.752
47 0.8 0.048 0.752
6 0.8 0.048 0.752
39 0.8 0.048 0.752
45 0.8 0.048 0.752
62 0.8 0.048 0.752
36 0.8 0.048 0.752
52 0.8 0.048 0.752
61 0.8 0.048 0.752
13 0.785298 0.048 0.737298
49 0.722377 0.048 0.674377
53 0.735893 0.048 0.687893
13 0.737298 0.096 0.641298
13 0.641298 0.16 0.481298
49 0.674377 0.16 0.514377
49 0.514377 0.016 0.498377
13 0.481298 0.016 0.465298
49 0.498377 0.048 0.450377
13 0.465298 0.048 0.417298
53 0.687893 0.048 0.639893
49 0.450377 0.048 0.402377
49 0.402377 0.16 0.242377
53 0.639893 0.16 0.479893
13 0.417298 0.16 0.257298
53 0.479893 0.16 0.319893
65 0.8 0.048 0.752
1 0.8 0.048 0.752
31 0.743039 0.048 0.695039
55 0.8 0.048 0.752
65 0.752 0.048 0.704
65 0.704 0.16 0.544
65 0.544 0.016 0.528
1 0.752 0.16 0.592
31 0.695039 0.16 0.535039
55 0.752 0.16 0.592
12 0.8 0.048 0.752
2 0.8 0.048 0.752
22 0.8 0.048 0.752
34 0.8 0.048 0.752
58 0.8 0.048 0.752
63 0.8 0.048 0.752
36 0.8 0.048 0.752
52 0.8 0.048 0.752
61 0.8 0.048 0.752
62 0.8 0.048 0.752
59 0.8 0.048 0.752
16 0.565725 0.048 0.517725
24 0.8 0.048 0.752
31 0.605935 0.048 0.557935
42 0.751976 0.048 0.703976
59 0.752 0.048 0.704
59 0.704 0.16 0.544
16 0.517725 0.16 0.357725
24 0.752 0.16 0.592
31 0.557935 0.16 0.397935
42 0.703976 0.16 0.543976
42 0.543976 0.016 0.527976
59 0.544 0.016 0.528
42 0.527976 0.048 0.479976
24 0.592 0.048 0.544
31 0.397935 0.048 0.349935
59 0.528 0.048 0.48
38 0.8 0.048 0.752
8 0.8 0.048 0.752
68 0.8 0.048 0.752
20 0.8 0.048 0.752
17 0.8 0.048 0.752
43 0.8 0.048 0.752
56 0.8 0.048 0.752
63 0.8 0.048 0.752
2 0.8 0.048 0.752
4 0.8 0.048 0.752
12 0.8 0.048 0.752
14 0.8 0.048 0.752
22 0.8 0.048 0.752
51 0.8 0.048 0.752
58 0.8 0.048 0.752
2 0.752 0.048 0.704
12 0.752 0.048 0.704
22 0.752 0.048 0.704
34 0.8 0.048 0.752
16 0.357725 0.048 0.309725
41 0.799812 0.048 0.751812
59 0.48 0.048 0.432
16 0.309725 0.048 0.261725
16 0.261725 0.16 0.101725
41 0.751812 0.16 0.591812
41 0.591812 0.016 0.575812
16 0.101725 0.016 0.0857249
41 0.575812 0.048 0.527812
16 0.0857249 0.048 0.0377249
19 0.8 0.048 0.752
59 0.432 0.16 0.272
33 0.8 0.048 0.752
5 0.8 0.048 0.752
19 0.752 0.048 0.704
53 0.473666 0.048 0.425666
67 0.8 0.048 0.752
7 0.8 0.048 0.752
50 0.8 0.048 0.752
70 0.8 0.048 0.752
44 0.8 0.048 0.752
18 0.8 0.048 0.752
28 0.8 0.048 0.752
19 0.776473 0.048 0.728473
5 0.8 0.048 0.752
16 0.184575 0.048 0.136575
33 0.8 0.048 0.752
41 0.598232 0.048 0.550232
28 0.752 0.048 0.704
18 0.752 0.048 0.704
44 0.8 0.048 0.752
68 0.8 0.048 0.752
8 0.8 0.048 0.752
38 0.8 0.048 0.752
68 0.752 0.048 0.704
68 0.704 0.16 0.544
68 0.544 0.016 0.528
8 0.752 0.16 0.592
38 0.752 0.16 0.592
50 0.8 0.048 0.752
7 0.8 0.048 0.752
70 0.8 0.048 0.752
23 0.8 0.048 0.752
10 0.8 0.048 0.752
21 0.8 0.048 0.752
30 0.8 0.048 0.752
48 0.8 0.048 0.752
3 0.8 0.048 0.752
26 0.8 0.048 0.752
43 0.8 0.048 0.752
17 0.8 0.048 0.752
20 0.8 0.048 0.752
56 0.8 0.048 0.752
11 0.8 0.048 0.752
9 0.8 0.048 0.752
15 0.8 0.048 0.752
26 0.8 0.048 0.752
32 0.8 0.048 0.752
46 0.8 0.048 0.752
64 0.8 0.048 0.752
56 0.752 0.048 0.704
17 0.752 0.048 0.704
20 0.8 0.048 0.752
29 0.8 0.048 0.752
43 0.752 0.048 0.704
35 0.8 0.048 0.752
4 0.8 0.048 0.752
14 0.8 0.048 0.752
27 0.8 0.048 0.752
47 0.8 0.048 0.752
6 0.8 0.048 0.752
39 0.8 0.048 0.752
45 0.8 0.048 0.752
62 0.8 0.048 0.752
36 0.8 0.048 0.752
52 0.8 0.048 0.752
61 0.8 0.048 0.752
32 0.8 0.048 0.752
9 0.8 0.048 0.752
11 0.8 0.048 0.752
40 0.8 0.048 0.752
46 0.8 0.048 0.752
32 0.752 0.048 0.704
32 0.704 0.16 0.544
9 0.752 0.16 0.592
11 0.752 0.16 0.592
40 0.752 0.16 0.592
40 0.592 0.016 0.576
32 0.544 0.016 0.528
40 0.576 0.048 0.528
32 0.528 0.048 0.48
45 0.8 0.048 0.752
46 0.752 0.16 0.592
12 0.8 0.048 0.752
2 0.8 0.048 0.752
22 0.8 0.048 0.752
34 0.8 0.048 0.752
58 0.8 0.048 0.752
63 0.8 0.048 0.752
12 0.752 0.048 0.704
12 0.704 0.16 0.544
12 0.544 0.016 0.528
2 0.752 0.16 0.592
22 0.752 0.16 0.592
34 0.752 0.16 0.592
58 0.752 0.16 0.592
63 0.752 0.16 0.592
27 0.8 0.048 0.752
35 0.8 0.048 0.752
36 0.8 0.048 0.752
52 0.8 0.048 0.752
61 0.8 0.048 0.752
62 0.8 0.048 0.752
42 0.8 0.048 0.752
16 0.353958 0.048 0.305958
24 0.8 0.048 0.752
31 0.73847 0.048 0.69047
59 0.658068 0.048 0.610068
38 0.8 0.048 0.752
8 0.8 0.048 0.752
68 0.754327 0.048 0.706327
20 0.8 0.048 0.752
17 0.8 0.048 0.752
43 0.8 0.048 0.752
56 0.8 0.048 0.752
63 0.66851 0.048 0.62051
2 0.663704 0.048 0.615704
4 0.8 0.048 0.752
12 0.604351 0.048 0.556351
14 0.8 0.048 0.752
51 0.8 0.048 0.752
63 0.62051 0.048 0.57251
63 0.57251 0.16 0.41251
2 0.615704 0.16 0.455704
4 0.752 0.16 0.592
12 0.556351 0.16 0.396351
14 0.752 0.16 0.592
51 0.752 0.16 0.592
58 0.671151 0.048 0.623151
2 0.455704 0.048 0.407704
12 0.396351 0.048 0.348351
22 0.666489 0.048 0.618489
34 0.663504 0.048 0.615504
58 0.623151 0.048 0.575151
58 0.575151 0.16 0.415151
2 0.407704 0.16 0.247704
12 0.348351 0.16 0.188351
22 0.618489 0.16 0.458489
34 0.615504 0.16 0.455504
41 0.8 0.048 0.752
16 0.305958 0.048 0.257958
19 0.8 0.048 0.752
33 0.8 0.048 0.752
5 0.8 0.048 0.752
19 0.752 0.048 0.704
67 0.8 0.048 0.752
7 0.8 0.048 0.752
70 0.8 0.048 0.752
44 0.8 0.048 0.752
18 0.8 0.048 0.752
28 0.8 0.048 0.752
19 0.777376 0.048 0.729376
5 0.8 0.048 0.752
16 0.410523 0.048 0.362523
41 0.8 0.048 0.752
28 0.752 0.048 0.704
18 0.752 0.048 0.704
44 0.8 0.048 0.752
70 0.8 0.048 0.752
7 0.8 0.048 0.752
50 0.8 0.048 0.752
50 0.752 0.048 0.704
7 0.752 0.048 0.704
70 0.752 0.048 0.704
23 0.8 0.048 0.752
10 0.8 0.048 0.752
21 0.8 0.048 0.752
30 0.8 0.048 0.752
48 0.8 0.048 0.752
3 0.8 0.048 0.752
26 0.8 0.048 0.752
43 0.8 0.048 0.752
17 0.8 0.048 0.752
20 0.8 0.048 0.752
56 0.8 0.048 0.752
11 0.8 0.048 0.752
9 0.8 0.048 0.752
15 0.8 0.048 0.752
26 0.8 0.048 0.752
32 0.783511 0.048 0.735511
46 0.8 0.048 0.752
64 0.8 0.048 0.752
56 0.752 0.048 0.704
17 0.752 0.048 0.704
20 0.8 0.048 0.752
29 0.8 0.048 0.752
43 0.752 0.048 0.704
35 0.8 0.048 0.752
4 0.8 0.048 0.752
14 0.8 0.048 0.752
27 0.8 0.048 0.752
35 0.752 0.048 0.704
35 0.704 0.16 0.544
35 0.544 0.016 0.528
4 0.752 0.16 0.592
14 0.752 0.16 0.592
27 0.752 0.16 0.592
47 0.8 0.048 0.752
6 0.8 0.048 0.752
39 0.8 0.048 0.752
45 0.8 0.048 0.752
62 0.8 0.048 0.752
36 0.8 0.048 0.752
52 0.8 0.048 0.752
61 0.8 0.048 0.752
40 0.8 0.048 0.752
32 0.8 0.048 0.752
45 0.8 0.048 0.752
27 0.66689 0.048 0.61889
35 0.683001 0.048 0.635001
27 0.61889 0.048 0.57089
27 0.57089 0.16 0.41089
35 0.635001 0.16 0.475001
36 0.8 0.048 0.752
52 0.8 0.048 0.752
61 0.8 0.048 0.752
62 0.8 0.048 0.752
42 0.8 0.048 0.752
16 0.591627 0.048 0.543627
24 0.8 0.048 0.752
31 0.8 0.048 0.752
59 0.8 0.048 0.752
38 0.8 0.048 0.752
8 0.8 0.048 0.752
68 0.8 0.048 0.752
20 0.8 0.048 0.752
17 0.8 0.048 0.752
43 0.8 0.048 0.752
56 0.8 0.048 0.752
41 0.8 0.048 0.752
5 0.8 0.048 0.752
16 0.543627 0.048 0.495627
19 0.8 0.048 0.752
33 0.8 0.048 0.752
5 0.752 0.048 0.704
19 0.752 0.048 0.704
67 0.8 0.048 0.752
7 0.8 0.048 0.752
50 0.8 0.048 0.752
70 0.8 0.048 0.752
7 0.752 0.048 0.704
7 0.704 0.16 0.544
7 0.544 0.016 0.528
50 0.752 0.16 0.592
70 0.752 0.16 0.592
44 0.8 0.048 0.752
18 0.8 0.048 0.752
28 0.8 0.048 0.752
19 0.779302 0.048 0.731302
5 0.777303 0.048 0.729303
16 0.643793 0.048 0.595793
33 0.8 0.048 0.752
41 0.8 0.048 0.752
28 0.752 0.048 0.704
18 0.752 0.048 0.704
44 0.8 0.048 0.752
70 0.742599 0.048 0.694599
7 0.675282 0.048 0.627282
50 0.671942 0.048 0.623942
70 0.694599 0.096 0.598599
70 0.598599 0.16 0.438599
70 0.438599 0.016 0.422599
7 0.627282 0.16 0.467282
50 0.623942 0.16 0.463942
50 0.463942 0.048 0.415942
7 0.467282 0.048 0.419282
70 0.422599 0.048 0.374599
50 0.415942 0.048 0.367942
50 0.367942 0.16 0.207942
50 0.207942 0.016 0.191942
7 0.419282 0.16 0.259282
70 0.374599 0.16 0.214599
23 0.8 0.048 0.752
10 0.8 0.048 0.752
21 0.8 0.048 0.752
30 0.8 0.048 0.752
48 0.8 0.048 0.752
3 0.8 0.048 0.752
15 0.8 0.048 0.752
26 0.8 0.048 0.752
43 0.8 0.048 0.752
17 0.8 0.048 0.752
20 0.8 0.048 0.752
56 0.8 0.048 0.752
11 0.8 0.048 0.752
9 0.8 0.048 0.752
15 0.752 0.048 0.704
26 0.8 0.048 0.752
46 0.8 0.048 0.752
64 0.8 0.048 0.752
56 0.752 0.048 0.704
17 0.752 0.048 0.704
29 0.8 0.048 0.752
43 0.752 0.048 0.704
47 0.8 0.048 0.752
6 0.8 0.048 0.752
37 0.8 0.048 0.752
39 0.8 0.048 0.752
45 0.8 0.048 0.752
62 0.8 0.048 0.752
36 0.8 0.048 0.752
52 0.8 0.048 0.752
61 0.8 0.048 0.752
40 0.8 0.048 0.752
32 0.8 0.048 0.752
45 0.8 0.048 0.752
36 0.8 0.048 0.752
52 0.8 0.048 0.752
61 0.8 0.048 0.752
62 0.8 0.048 0.752
42 0.8 0.048 0.752
16 0.8 0.048 0.752
24 0.8 0.048 0.752
31 0.8 0.048 0.752
59 0.8 0.048 0.752
38 0.8 0.048 0.752
8 0.8 0.048 0.752
68 0.8 0.048 0.752
20 0.8 0.048 0.752
17 0.8 0.048 0.752
43 0.8 0.048 0.752
56 0.8 0.048 0.752
41 0.8 0.048 0.752
5 0.8 0.048 0.752
16 0.752 0.048 0.704
19 0.8 0.048 0.752
33 0.8 0.048 0.752
5 0.752 0.048 0.704
19 0.752 0.048 0.704
67 0.8 0.048 0.752
44 0.8 0.048 0.752
18 0.8 0.048 0.752
28 0.8 0.048 0.752
19 0.774802 0.048 0.726802
5 0.776061 0.048 0.728061
33 0.8 0.048 0.752
41 0.8 0.048 0.752
28 0.752 0.048 0.704
18 0.752 0.048 0.704
44 0.8 0.048 0.752
23 0.8 0.048 0.752
10 0.8 0.048 0.752
21 0.8 0.048 0.752
30 0.8 0.048 0.752
48 0.8 0.048 0.752
3 0.8 0.048 0.752
15 0.8 0.048 0.752
26 0.8 0.048 0.752
43 0.8 0.048 0.752
17 0.8 0.048 0.752
20 0.8 0.048 0.752
29 0.8 0.048 0.752
56 0.8 0.048 0.752
11 0.8 0.048 0.752
9 0.8 0.048 0.752
15 0.752 0.048 0.704
26 0.8 0.048 0.752
32 0.8 0.048 0.752
46 0.8 0.048 0.752
64 0.8 0.048 0.752
56 0.752 0.048 0.704
17 0.752 0.048 0.704
20 0.8 0.048 0.752
29 0.752 0.048 0.704
43 0.752 0.048 0.704
56 0.704 0.048 0.656
56 0.656 0.16 0.496
56 0.496 0.016 0.48
17 0.704 0.16 0.544
20 0.752 0.16 0.592
29 0.704 0.16 0.544
43 0.704 0.16 0.544
47 0.8 0.048 0.752
6 0.8 0.048 0.752
39 0.8 0.048 0.752
45 0.8 0.048 0.752
62 0.8 0.048 0.752
36 0.8 0.048 0.752
52 0.8 0.048 0.752
61 0.8 0.048 0.752
40 0.8 0.048 0.752
32 0.8 0.048 0.752
45 0.8 0.048 0.752
36 0.8 0.048 0.752
52 0.8 0.048 0.752
61 0.8 0.048 0.752
62 0.8 0.048 0.752
42 0.8 0.048 0.752
24 0.8 0.048 0.752
31 0.8 0.048 0.752
59 0.8 0.048 0.752
38 0.8 0.048 0.752
8 0.8 0.048 0.752
68 0.8 0.048 0.752
20 0.744897 0.048 0.696897
17 0.765261 0.048 0.717261
43 0.700899 0.048 0.652899
56 0.633938 0.048 0.585938
20 0.696897 0.096 0.600897
20 0.600897 0.16 0.440897
20 0.440897 0.016 0.424897
17 0.717261 0.16 0.557261
43 0.652899 0.16 0.492899
56 0.585938 0.16 0.425938
41 0.8 0.048 0.752
5 0.8 0.048 0.752
16 0.8 0.048 0.752
19 0.8 0.048 0.752
33 0.8 0.048 0.752
5 0.752 0.048 0.704
19 0.752 0.048 0.704
67 0.8 0.048 0.752
67 0.752 0.048 0.704
67 0.704 0.16 0.544
67 0.544 0.016 0.528
44 0.8 0.048 0.752
18 0.8 0.048 0.752
28 0.8 0.048 0.752
19 0.779233 0.048 0.731233
5 0.783905 0.048 0.735905
16 0.8 0.048 0.752
33 0.8 0.048 0.752
41 0.8 0.048 0.752
28 0.752 0.048 0.704
44 0.8 0.048 0.752
23 0.8 0.048 0.752
10 0.8 0.048 0.752
21 0.8 0.048 0.752
30 0.8 0.048 0.752
48 0.8 0.048 0.752
3 0.8 0.048 0.752
26 0.8 0.048 0.752
43 0.726224 0.048 0.678224
17 0.706835 0.048 0.658835
20 0.576554 0.048 0.528554
56 0.652977 0.048 0.604977
11 0.8 0.048 0.752
9 0.8 0.048 0.752
15 0.8 0.048 0.752
26 0.8 0.048 0.752
32 0.8 0.048 0.752
46 0.8 0.048 0.752
64 0.8 0.048 0.752
47 0.8 0.048 0.752
6 0.8 0.048 0.752
37 0.8 0.048 0.752
39 0.8 0.048 0.752
45 0.8 0.048 0.752
62 0.8 0.048 0.752
36 0.8 0.048 0.752
52 0.8 0.048 0.752
61 0.8 0.048 0.752
40 0.8 0.048 0.752
32 0.8 0.048 0.752
45 0.8 0.048 0.752
36 0.8 0.048 0.752
52 0.8 0.048 0.752
61 0.8 0.048 0.752
62 0.8 0.048 0.752
42 0.8 0.048 0.752
24 0.8 0.048 0.752
31 0.8 0.048 0.752
59 0.8 0.048 0.752
38 0.8 0.048 0.752
8 0.8 0.048 0.752
68 0.8 0.048 0.752
41 0.8 0.048 0.752
5 0.8 0.048 0.752
16 0.8 0.048 0.752
19 0.8 0.048 0.752
33 0.8 0.048 0.752
5 0.752 0.048 0.704
19 0.752 0.048 0.704
44 0.8 0.048 0.752
18 0.8 0.048 0.752
28 0.8 0.048 0.752
19 0.779928 0.048 0.731928
5 0.778476 0.048 0.730476
33 0.8 0.048 0.752
41 0.8 0.048 0.752
28 0.752 0.048 0.704
44 0.8 0.048 0.752
23 0.8 0.048 0.752
10 0.8 0.048 0.752
21 0.8 0.048 0.752
30 0.8 0.048 0.752
48 0.8 0.048 0.752
3 0.8 0.048 0.752
43 0.8 0.048 0.752
17 0.8 0.048 0.752
20 0.8 0.048 0.752
56 0.8 0.048 0.752
11 0.8 0.048 0.752
9 0.8 0.048 0.752
15 0.8 0.048 0.752
26 0.8 0.048 0.752
32 0.8 0.048 0.752
46 0.8 0.048 0.752
64 0.8 0.048 0.752
47 0.8 0.048 0.752
6 0.8 0.048 0.752
37 0.8 0.048 0.752
39 0.8 0.048 0.752
45 0.8 0.048 0.752
62 0.8 0.048 0.752
36 0.8 0.048 0.752
52 0.8 0.048 0.752
61 0.8 0.048 0.752
40 0.8 0.048 0.752
32 0.8 0.048 0.752
36 0.8 0.048 0.752
52 0.8 0.048 0.752
61 0.8 0.048 0.752
62 0.8 0.048 0.752
42 0.8 0.048 0.752
1 0.8 0.048 0.752
24 0.8 0.048 0.752
31 0.8 0.048 0.752
59 0.8 0.048 0.752
38 0.8 0.048 0.752
8 0.8 0.048 0.752
68 0.8 0.048 0.752
41 0.8 0.048 0.752
5 0.8 0.048 0.752
16 0.8 0.048 0.752
19 0.8 0.048 0.752
33 0.8 0.048 0.752
5 0.752 0.048 0.704
19 0.752 0.048 0.704
44 0.8 0.048 0.752
18 0.8 0.048 0.752
28 0.8 0.048 0.752
19 0.777761 0.048 0.729761
5 0.778782 0.048 0.730782
33 0.8 0.048 0.752
41 0.8 0.048 0.752
28 0.752 0.048 0.704
44 0.8 0.048 0.752
23 0.8 0.048 0.752
10 0.8 0.048 0.752
21 0.8 0.048 0.752
30 0.8 0.048 0.752
48 0.8 0.048 0.752
3 0.8 0.048 0.752
26 0.8 0.048 0.752
43 0.8 0.048 0.752
17 0.8 0.048 0.752
20 0.8 0.048 0.752
29 0.8 0.048 0.752
56 0.8 0.048 0.752
11 0.8 0.048 0.752
9 0.8 0.048 0.752
15 0.8 0.048 0.752
26 0.8 0.048 0.752
46 0.8 0.048 0.752
64 0.8 0.048 0.752
47 0.8 0.048 0.752
6 0.8 0.048 0.752
37 0.8 0.048 0.752
39 0.8 0.048 0.752
45 0.8 0.048 0.752
62 0.8 0.048 0.752
36 0.8 0.048 0.752
52 0.8 0.048 0.752
61 0.8 0.048 0.752
40 0.8 0.048 0.752
32 0.8 0.048 0.752
45 0.8 0.048 0.752
36 0.8 0.048 0.752
52 0.8 0.048 0.752
61 0.8 0.048 0.752
62 0.8 0.048 0.752
42 0.8 0.048 0.752
1 0.8 0.048 0.752
16 0.8 0.048 0.752
24 0.8 0.048 0.752
31 0.8 0.048 0.752
59 0.8 0.048 0.752
38 0.8 0.048 0.752
8 0.8 0.048 0.752
68 0.8 0.048 0.752
41 0.8 0.048 0.752
5 0.8 0.048 0.752
16 0.752 0.048 0.704
19 0.8 0.048 0.752
33 0.8 0.048 0.752
5 0.752 0.048 0.704
19 0.752 0.048 0.704
44 0.8 0.048 0.752
18 0.8 0.048 0.752
28 0.8 0.048 0.752
19 0.776738 0.048 0.728738
5 0.780664 0.048 0.732664
33 0.8 0.048 0.752
41 0.8 0.048 0.752
28 0.752 0.048 0.704
18 0.752 0.048 0.704
44 0.8 0.048 0.752
23 0.8 0.048 0.752
10 0.8 0.048 0.752
21 0.8 0.048 0.752
30 0.8 0.048 0.752
48 0.8 0.048 0.752
3 0.8 0.048 0.752
15 0.8 0.048 0.752
26 0.8 0.048 0.752
46 0.8 0.048 0.752
43 0.8 0.048 0.752
17 0.8 0.048 0.752
20 0.8 0.048 0.752
29 0.8 0.048 0.752
56 0.8 0.048 0.752
11 0.8 0.048 0.752
9 0.8 0.048 0.752
15 0.752 0.048 0.704
26 0.8 0.048 0.752
46 0.752 0.048 0.704
64 0.8 0.048 0.752
47 0.8 0.048 0.752
6 0.8 0.048 0.752
37 0.8 0.048 0.752
39 0.8 0.048 0.752
45 0.8 0.048 0.752
62 0.8 0.048 0.752
36 0.8 0.048 0.752
52 0.8 0.048 0.752
61 0.8 0.048 0.752
62 0.752 0.048 0.704
62 0.704 0.16 0.544
62 0.544 0.016 0.528
36 0.752 0.16 0.592
52 0.752 0.16 0.592
61 0.752 0.16 0.592
40 0.8 0.048 0.752
32 0.8 0.048 0.752
36 0.662308 0.048 0.614308
52 0.669726 0.048 0.621726
61 0.662917 0.048 0.614917
62 0.607427 0.048 0.559427
36 0.614308 0.048 0.566308
36 0.566308 0.16 0.406308
36 0.406308 0.016 0.390308
52 0.621726 0.16 0.461726
61 0.614917 0.16 0.454917
62 0.559427 0.16 0.399427
42 0.8 0.048 0.752
1 0.8 0.048 0.752
16 0.8 0.048 0.752
24 0.8 0.048 0.752
31 0.8 0.048 0.752
59 0.8 0.048 0.752
38 0.8 0.048 0.752
8 0.8 0.048 0.752
68 0.8 0.048 0.752
41 0.8 0.048 0.752
5 0.8 0.048 0.752
16 0.752 0.048 0.704
19 0.8 0.048 0.752
33 0.8 0.048 0.752
5 0.752 0.048 0.704
19 0.752 0.048 0.704
44 0.8 0.048 0.752
18 0.8 0.048 0.752
28 0.8 0.048 0.752
19 0.781222 0.048 0.733222
5 0.774478 0.048 0.726478
16 0.8 0.048 0.752
33 0.8 0.048 0.752
41 0.8 0.048 0.752
28 0.752 0.048 0.704
44 0.8 0.048 0.752
23 0.8 0.048 0.752
10 0.8 0.048 0.752
21 0.8 0.048 0.752
30 0.8 0.048 0.752
48 0.8 0.048 0.752
3 0.8 0.048 0.752
26 0.8 0.048 0.752
46 0.8 0.048 0.752
43 0.8 0.048 0.752
17 0.8 0.048 0.752
20 0.8 0.048 0.752
56 0.8 0.048 0.752
11 0.8 0.048 0.752
9 0.8 0.048 0.752
15 0.8 0.048 0.752
26 0.8 0.048 0.752
46 0.752 0.048 0.704
64 0.8 0.048 0.752
47 0.8 0.048 0.752
6 0.8 0.048 0.752
37 0.8 0.048 0.752
39 0.8 0.048 0.752
45 0.8 0.048 0.752
40 0.8 0.048 0.752
32 0.8 0.048 0.752
42 0.8 0.048 0.752
16 0.8 0.048 0.752
24 0.8 0.048 0.752
31 0.8 0.048 0.752
59 0.8 0.048 0.752
38 0.8 0.048 0.752
8 0.8 0.048 0.752
68 0.8 0.048 0.752
41 0.8 0.048 0.752
5 0.8 0.048 0.752
16 0.752 0.048 0.704
19 0.8 0.048 0.752
33 0.8 0.048 0.752
5 0.752 0.048 0.704
19 0.752 0.048 0.704
44 0.8 0.048 0.752
18 0.8 0.048 0.752
28 0.8 0.048 0.752
19 0.779086 0.048 0.731086
5 0.774905 0.048 0.726905
33 0.8 0.048 0.752
41 0.8 0.048 0.752
28 0.752 0.048 0.704
44 0.8 0.048 0.752
23 0.8 0.048 0.752
10 0.8 0.048 0.752
21 0.8 0.048 0.752
30 0.8 0.048 0.752
48 0.8 0.048 0.752
3 0.8 0.048 0.752
15 0.8 0.048 0.752
26 0.8 0.048 0.752
43 0.8 0.048 0.752
17 0.8 0.048 0.752
20 0.8 0.048 0.752
29 0.8 0.048 0.752
56 0.8 0.048 0.752
11 0.8 0.048 0.752
9 0.8 0.048 0.752
15 0.752 0.048 0.704
26 0.8 0.048 0.752
46 0.8 0.048 0.752
64 0.8 0.048 0.752
47 0.8 0.048 0.752
6 0.8 0.048 0.752
37 0.8 0.048 0.752
39 0.8 0.048 0.752
45 0.8 0.048 0.752
40 0.8 0.048 0.752
32 0.8 0.048 0.752
45 0.8 0.048 0.752
42 0.8 0.048 0.752
16 0.8 0.048 0.752
24 0.8 0.048 0.752
31 0.8 0.048 0.752
59 0.8 0.048 0.752
42 0.752 0.048 0.704
42 0.704 0.16 0.544
42 0.544 0.016 0.528
16 0.752 0.16 0.592
24 0.752 0.16 0.592
31 0.752 0.16 0.592
59 0.752 0.16 0.592
38 0.8 0.048 0.752
8 0.8 0.048 0.752
68 0.8 0.048 0.752
41 0.8 0.048 0.752
5 0.8 0.048 0.752
16 0.592 0.048 0.544
19 0.8 0.048 0.752
33 0.8 0.048 0.752
5 0.752 0.048 0.704
44 0.8 0.048 0.752
18 0.8 0.048 0.752
28 0.8 0.048 0.752
19 0.8 0.048 0.752
5 0.781503 0.048 0.733503
41 0.8 0.048 0.752
28 0.752 0.048 0.704
44 0.8 0.048 0.752
23 0.8 0.048 0.752
10 0.8 0.048 0.752
21 0.8 0.048 0.752
30 0.8 0.048 0.752
48 0.8 0.048 0.752
3 0.8 0.048 0.752
15 0.8 0.048 0.752
26 0.8 0.048 0.752
46 0.8 0.048 0.752
43 0.8 0.048 0.752
17 0.8 0.048 0.752
20 0.8 0.048 0.752
29 0.8 0.048 0.752
56 0.8 0.048 0.752
11 0.8 0.048 0.752
9 0.8 0.048 0.752
15 0.752 0.048 0.704
26 0.8 0.048 0.752
32 0.8 0.048 0.752
46 0.752 0.048 0.704
64 0.8 0.048 0.752
47 0.8 0.048 0.752
6 0.8 0.048 0.752
37 0.8 0.048 0.752
39 0.8 0.048 0.752
45 0.8 0.048 0.752
40 0.8 0.048 0.752
32 0.8 0.048 0.752
45 0.8 0.048 0.752
38 0.8 0.048 0.752
8 0.8 0.048 0.752
68 0.8 0.048 0.752
41 0.8 0.048 0.752
5 0.8 0.048 0.752
16 0.8 0.048 0.752
19 0.8 0.048 0.752
33 0.8 0.048 0.752
5 0.752 0.048 0.704
44 0.8 0.048 0.752
18 0.8 0.048 0.752
28 0.8 0.048 0.752
19 0.8 0.048 0.752
5 0.7823 0.048 0.7343
16 0.8 0.048 0.752
41 0.8 0.048 0.752
28 0.752 0.048 0.704
23 0.8 0.048 0.752
10 0.8 0.048 0.752
21 0.8 0.048 0.752
30 0.8 0.048 0.752
48 0.8 0.048 0.752
3 0.8 0.048 0.752
15 0.8 0.048 0.752
26 0.8 0.048 0.752
46 0.8 0.048 0.752
43 0.8 0.048 0.752
17 0.8 0.048 0.752
20 0.8 0.048 0.752
29 0.8 0.048 0.752
56 0.8 0.048 0.752
11 0.8 0.048 0.752
9 0.8 0.048 0.752
15 0.752 0.048 0.704
26 0.8 0.048 0.752
46 0.752 0.048 0.704
64 0.8 0.048 0.752
47 0.8 0.048 0.752
6 0.8 0.048 0.752
37 0.8 0.048 0.752
39 0.8 0.048 0.752
45 0.8 0.048 0.752
40 0.8 0.048 0.752
32 0.8 0.048 0.752
45 0.8 0.048 0.752
38 0.8 0.048 0.752
8 0.8 0.048 0.752
68 0.8 0.048 0.752
41 0.8 0.048 0.752
5 0.8 0.048 0.752
16 0.8 0.048 0.752
19 0.8 0.048 0.752
33 0.8 0.048 0.752
5 0.752 0.048 0.704
44 0.8 0.048 0.752
18 0.8 0.048 0.752
28 0.8 0.048 0.752
