39 372
52 372
80 372
83 372
90 372
95 372
11 372
23 372
47 372
6 373
45 373
54 373
58 373
71 373
81 373
87 373
58 373
81 373
53 373
62 373
79 373
91 373
6 373
54 373
71 373
86 373
87 373
49 373
61 373
74 373
100 373
7 373
16 373
18 373
24 373
61 373
96 373
37 374
89 374
27 383
35 383
48 383
35 383
48 383
76 383
55 387
77 387
55 387
77 387
19 387
69 387
80 389
95 389
98 389
21 389
39 389
47 389
52 389
90 389
95 389
3 391
59 391
82 391
97 391
3 391
5 391
8 391
40 391
43 391
63 391
82 391
97 391
72 393
22 397
31 397
32 397
7 401
13 401
16 401
96 401
30 409
43 409
60 409
63 409
82 409
97 409
6 415
17 415
45 415
54 415
