35 0.8 0.048 0.752
35 0.752 0.048 0.704
53 0.8 0.048 0.752
35 0.778948 0.048 0.730948
41 0.8 0.048 0.752
53 0.8 0.048 0.752
4 0.8 0.048 0.752
22 0.8 0.048 0.752
32 0.8 0.048 0.752
41 0.8 0.048 0.752
53 0.8 0.048 0.752
4 0.8 0.048 0.752
10 0.8 0.048 0.752
22 0.8 0.048 0.752
32 0.8 0.048 0.752
41 0.8 0.048 0.752
4 0.8 0.048 0.752
10 0.8 0.048 0.752
22 0.8 0.048 0.752
23 0.8 0.048 0.752
32 0.8 0.048 0.752
10 0.8 0.048 0.752
23 0.8 0.048 0.752
42 0.8 0.048 0.752
51 0.8 0.048 0.752
42 0.8 0.048 0.752
51 0.8 0.048 0.752
9 0.8 0.048 0.752
8 0.8 0.048 0.752
18 0.8 0.048 0.752
21 0.8 0.048 0.752
42 0.8 0.048 0.752
51 0.8 0.048 0.752
2 0.8 0.048 0.752
1 0.8 0.048 0.752
1 0.752 0.048 0.704
24 0.8 0.048 0.752
2 0.752 0.048 0.704
2 0.704 0.16 0.544
1 0.704 0.16 0.544
1 0.544 0.016 0.528
2 0.544 0.016 0.528
1 0.528 0.048 0.48
2 0.528 0.048 0.48
24 0.752 0.048 0.704
24 0.704 0.16 0.544
56 0.8 0.048 0.752
46 0.8 0.048 0.752
49 0.8 0.048 0.752
55 0.8 0.048 0.752
20 0.8 0.048 0.752
54 0.8 0.048 0.752
47 0.8 0.048 0.752
40 0.8 0.048 0.752
43 0.8 0.048 0.752
35 0.8 0.048 0.752
53 0.8 0.048 0.752
40 0.8 0.048 0.752
43 0.8 0.048 0.752
45 0.8 0.048 0.752
26 0.8 0.048 0.752
30 0.8 0.048 0.752
31 0.8 0.048 0.752
33 0.8 0.048 0.752
50 0.8 0.048 0.752
59 0.8 0.048 0.752
1 0.698087 0.048 0.650087
24 0.763666 0.048 0.715666
40 0.8 0.048 0.752
43 0.8 0.048 0.752
1 0.720426 0.048 0.672426
2 0.779961 0.048 0.731961
24 0.792497 0.048 0.744497
14 0.8 0.048 0.752
5 0.8 0.048 0.752
11 0.8 0.048 0.752
28 0.8 0.048 0.752
38 0.8 0.048 0.752
27 0.8 0.048 0.752
29 0.8 0.048 0.752
37 0.8 0.048 0.752
59 0.8 0.048 0.752
20 0.8 0.048 0.752
30 0.8 0.048 0.752
30 0.752 0.048 0.704
31 0.8 0.048 0.752
31 0.752 0.048 0.704
33 0.8 0.048 0.752
33 0.752 0.048 0.704
45 0.8 0.048 0.752
50 0.8 0.048 0.752
50 0.752 0.048 0.704
55 0.8 0.048 0.752
20 0.752 0.192 0.56
20 0.56 0.16 0.4
30 0.704 0.16 0.544
31 0.704 0.16 0.544
33 0.704 0.16 0.544
45 0.752 0.16 0.592
50 0.704 0.16 0.544
50 0.544 0.016 0.528
20 0.4 0.016 0.384
50 0.528 0.048 0.48
20 0.384 0.048 0.336
26 0.8 0.048 0.752
30 0.544 0.048 0.496
31 0.544 0.048 0.496
33 0.544 0.048 0.496
45 0.592 0.048 0.544
55 0.752 0.16 0.592
9 0.8 0.048 0.752
8 0.8 0.048 0.752
18 0.8 0.048 0.752
1 0.751853 0.048 0.703853
2 0.8 0.048 0.752
24 0.8 0.048 0.752
58 0.8 0.048 0.752
1 0.703853 0.048 0.655853
2 0.752 0.048 0.704
24 0.752 0.048 0.704
1 0.655853 0.048 0.607853
1 0.607853 0.16 0.447853
1 0.447853 0.016 0.431853
56 0.8 0.048 0.752
46 0.8 0.048 0.752
49 0.8 0.048 0.752
16 0.8 0.048 0.752
15 0.8 0.048 0.752
15 0.752 0.048 0.704
60 0.8 0.048 0.752
60 0.752 0.048 0.704
16 0.752 0.096 0.656
16 0.656 0.16 0.496
15 0.704 0.16 0.544
60 0.704 0.16 0.544
60 0.544 0.016 0.528
16 0.496 0.016 0.48
60 0.528 0.048 0.48
15 0.544 0.048 0.496
16 0.48 0.048 0.432
55 0.671103 0.048 0.623103
20 0.411802 0.048 0.363802
54 0.8 0.048 0.752
47 0.8 0.048 0.752
2 0.77515 0.048 0.72715
58 0.8 0.048 0.752
35 0.8 0.048 0.752
53 0.8 0.048 0.752
41 0.8 0.048 0.752
4 0.8 0.048 0.752
22 0.8 0.048 0.752
32 0.8 0.048 0.752
43 0.8 0.048 0.752
40 0.8 0.048 0.752
3 0.8 0.048 0.752
48 0.8 0.048 0.752
58 0.8 0.048 0.752
45 0.762873 0.048 0.714873
20 0.51094 0.048 0.46294
26 0.8 0.048 0.752
30 0.641791 0.048 0.593791
31 0.726534 0.048 0.678534
33 0.643927 0.048 0.595927
50 0.633462 0.048 0.585462
59 0.8 0.048 0.752
52 0.8 0.048 0.752
39 0.8 0.048 0.752
57 0.8 0.048 0.752
26 0.752 0.048 0.704
30 0.672547 0.048 0.624547
31 0.678534 0.048 0.630534
33 0.666706 0.048 0.618706
45 0.714873 0.048 0.666873
50 0.66489 0.048 0.61689
59 0.752 0.048 0.704
3 0.8 0.048 0.752
48 0.8 0.048 0.752
36 0.8 0.048 0.752
19 0.8 0.048 0.752
25 0.8 0.048 0.752
25 0.752 0.048 0.704
36 0.752 0.048 0.704
36 0.704 0.16 0.544
19 0.752 0.16 0.592
25 0.704 0.16 0.544
25 0.544 0.016 0.528
36 0.544 0.016 0.528
25 0.528 0.048 0.48
19 0.592 0.048 0.544
36 0.528 0.048 0.48
40 0.8 0.048 0.752
43 0.8 0.048 0.752
3 0.8 0.048 0.752
15 0.725188 0.048 0.677188
48 0.8 0.048 0.752
60 0.782532 0.048 0.734532
14 0.8 0.048 0.752
5 0.8 0.048 0.752
11 0.8 0.048 0.752
28 0.8 0.048 0.752
38 0.8 0.048 0.752
27 0.8 0.048 0.752
29 0.8 0.048 0.752
37 0.8 0.048 0.752
59 0.8 0.048 0.752
50 0.768244 0.048 0.720244
20 0.606197 0.048 0.558197
26 0.8 0.048 0.752
30 0.777703 0.048 0.729703
31 0.782574 0.048 0.734574
33 0.761023 0.048 0.713023
45 0.8 0.048 0.752
9 0.8 0.048 0.752
8 0.8 0.048 0.752
18 0.8 0.048 0.752
15 0.756904 0.048 0.708904
16 0.7352 0.048 0.6872
60 0.8 0.048 0.752
56 0.8 0.048 0.752
46 0.8 0.048 0.752
49 0.8 0.048 0.752
60 0.752 0.048 0.704
15 0.782853 0.048 0.734853
16 0.760624 0.048 0.712624
60 0.704 0.048 0.656
60 0.656 0.16 0.496
60 0.496 0.016 0.48
55 0.8 0.048 0.752
20 0.635084 0.048 0.587084
54 0.8 0.048 0.752
37 0.8 0.048 0.752
6 0.8 0.048 0.752
27 0.8 0.048 0.752
29 0.8 0.048 0.752
47 0.8 0.048 0.752
9 0.8 0.048 0.752
15 0.734853 0.048 0.686853
16 0.712624 0.048 0.664624
60 0.558106 0.048 0.510106
35 0.8 0.048 0.752
53 0.8 0.048 0.752
53 0.752 0.048 0.704
35 0.752 0.048 0.704
41 0.8 0.048 0.752
4 0.8 0.048 0.752
22 0.8 0.048 0.752
32 0.8 0.048 0.752
44 0.8 0.048 0.752
7 0.8 0.048 0.752
7 0.752 0.048 0.704
44 0.752 0.048 0.704
44 0.704 0.16 0.544
7 0.704 0.16 0.544
7 0.544 0.016 0.528
44 0.544 0.016 0.528
7 0.528 0.048 0.48
44 0.528 0.048 0.48
43 0.8 0.048 0.752
40 0.8 0.048 0.752
16 0.73498 0.048 0.68698
49 0.8 0.048 0.752
56 0.8 0.048 0.752
45 0.8 0.048 0.752
26 0.8 0.048 0.752
30 0.8 0.048 0.752
31 0.8 0.048 0.752
33 0.8 0.048 0.752
50 0.8 0.048 0.752
59 0.8 0.048 0.752
52 0.8 0.048 0.752
39 0.8 0.048 0.752
57 0.8 0.048 0.752
26 0.752 0.048 0.704
30 0.8 0.048 0.752
31 0.752 0.048 0.704
33 0.8 0.048 0.752
45 0.752 0.048 0.704
50 0.8 0.048 0.752
59 0.752 0.048 0.704
30 0.752 0.048 0.704
26 0.704 0.048 0.656
31 0.704 0.048 0.656
33 0.752 0.048 0.704
45 0.704 0.048 0.656
50 0.752 0.048 0.704
38 0.8 0.048 0.752
5 0.8 0.048 0.752
11 0.8 0.048 0.752
14 0.8 0.048 0.752
28 0.8 0.048 0.752
46 0.8 0.048 0.752
49 0.8 0.048 0.752
56 0.8 0.048 0.752
25 0.8 0.048 0.752
19 0.8 0.048 0.752
36 0.8 0.048 0.752
60 0.65244 0.048 0.60444
15 0.8 0.048 0.752
16 0.8 0.048 0.752
40 0.8 0.048 0.752
43 0.8 0.048 0.752
7 0.631734 0.048 0.583734
44 0.702952 0.048 0.654952
46 0.8 0.048 0.752
49 0.8 0.048 0.752
14 0.8 0.048 0.752
5 0.8 0.048 0.752
11 0.8 0.048 0.752
28 0.8 0.048 0.752
38 0.8 0.048 0.752
27 0.8 0.048 0.752
29 0.8 0.048 0.752
37 0.8 0.048 0.752
59 0.8 0.048 0.752
31 0.8 0.048 0.752
20 0.8 0.048 0.752
26 0.8 0.048 0.752
30 0.8 0.048 0.752
33 0.8 0.048 0.752
45 0.8 0.048 0.752
50 0.8 0.048 0.752
1 0.8 0.048 0.752
2 0.8 0.048 0.752
24 0.8 0.048 0.752
10 0.8 0.048 0.752
22 0.8 0.048 0.752
22 0.752 0.048 0.704
23 0.8 0.048 0.752
10 0.752 0.048 0.704
10 0.704 0.16 0.544
22 0.704 0.16 0.544
22 0.544 0.016 0.528
10 0.544 0.016 0.528
22 0.528 0.048 0.48
4 0.8 0.048 0.752
10 0.528 0.048 0.48
32 0.8 0.048 0.752
41 0.8 0.048 0.752
23 0.752 0.16 0.592
50 0.752 0.048 0.704
20 0.752 0.048 0.704
26 0.752 0.048 0.704
30 0.752 0.048 0.704
31 0.752 0.048 0.704
33 0.752 0.048 0.704
45 0.752 0.048 0.704
9 0.8 0.048 0.752
8 0.8 0.048 0.752
18 0.8 0.048 0.752
47 0.8 0.048 0.752
7 0.65992 0.048 0.61192
44 0.731191 0.048 0.683191
56 0.8 0.048 0.752
46 0.8 0.048 0.752
49 0.8 0.048 0.752
55 0.8 0.048 0.752
20 0.780038 0.048 0.732038
54 0.8 0.048 0.752
37 0.8 0.048 0.752
6 0.8 0.048 0.752
27 0.8 0.048 0.752
29 0.8 0.048 0.752
47 0.8 0.048 0.752
9 0.8 0.048 0.752
18 0.8 0.048 0.752
11 0.8 0.048 0.752
44 0.762281 0.048 0.714281
39 0.8 0.048 0.752
52 0.8 0.048 0.752
54 0.752 0.048 0.704
54 0.704 0.048 0.656
39 0.752 0.048 0.704
39 0.704 0.16 0.544
52 0.752 0.16 0.592
54 0.656 0.16 0.496
35 0.8 0.048 0.752
53 0.8 0.048 0.752
53 0.752 0.048 0.704
35 0.752 0.048 0.704
41 0.8 0.048 0.752
4 0.8 0.048 0.752
22 0.626649 0.048 0.578649
32 0.8 0.048 0.752
7 0.759774 0.048 0.711774
44 0.714281 0.048 0.666281
43 0.8 0.048 0.752
40 0.8 0.048 0.752
5 0.8 0.048 0.752
11 0.8 0.048 0.752
14 0.8 0.048 0.752
28 0.8 0.048 0.752
38 0.8 0.048 0.752
45 0.8 0.048 0.752
26 0.8 0.048 0.752
30 0.8 0.048 0.752
31 0.8 0.048 0.752
33 0.8 0.048 0.752
50 0.8 0.048 0.752
59 0.8 0.048 0.752
52 0.739278 0.048 0.691278
39 0.617116 0.048 0.569116
57 0.8 0.048 0.752
54 0.648805 0.048 0.600805
20 0.8 0.048 0.752
39 0.569116 0.048 0.521116
55 0.8 0.048 0.752
26 0.752 0.048 0.704
30 0.8 0.048 0.752
31 0.752 0.048 0.704
33 0.8 0.048 0.752
45 0.752 0.048 0.704
50 0.8 0.048 0.752
59 0.752 0.048 0.704
30 0.752 0.048 0.704
26 0.704 0.048 0.656
31 0.704 0.048 0.656
33 0.752 0.048 0.704
45 0.704 0.048 0.656
50 0.752 0.048 0.704
38 0.752 0.048 0.704
5 0.8 0.048 0.752
11 0.8 0.048 0.752
14 0.8 0.048 0.752
28 0.752 0.048 0.704
38 0.704 0.048 0.656
38 0.656 0.16 0.496
38 0.496 0.016 0.48
57 0.752 0.048 0.704
52 0.691278 0.048 0.643278
5 0.752 0.048 0.704
11 0.752 0.048 0.704
14 0.752 0.048 0.704
28 0.774725 0.048 0.726725
38 0.557481 0.048 0.509481
18 0.8 0.048 0.752
8 0.8 0.048 0.752
9 0.8 0.048 0.752
21 0.8 0.048 0.752
46 0.8 0.048 0.752
49 0.8 0.048 0.752
56 0.8 0.048 0.752
25 0.8 0.048 0.752
19 0.8 0.048 0.752
36 0.8 0.048 0.752
60 0.8 0.048 0.752
15 0.8 0.048 0.752
16 0.8 0.048 0.752
40 0.8 0.048 0.752
43 0.8 0.048 0.752
5 0.776308 0.048 0.728308
14 0.781997 0.048 0.733997
28 0.8 0.048 0.752
38 0.589233 0.048 0.541233
47 0.8 0.048 0.752
14 0.733997 0.048 0.685997
5 0.728308 0.048 0.680308
11 0.77658 0.048 0.72858
11 0.72858 0.048 0.68058
28 0.752 0.048 0.704
38 0.541233 0.048 0.493233
14 0.685997 0.096 0.589997
14 0.589997 0.16 0.429997
14 0.429997 0.016 0.413997
27 0.8 0.048 0.752
29 0.8 0.048 0.752
37 0.8 0.048 0.752
59 0.8 0.048 0.752
5 0.757326 0.048 0.709326
11 0.68058 0.048 0.63258
11 0.63258 0.048 0.58458
14 0.413997 0.048 0.365997
28 0.704 0.048 0.656
38 0.493233 0.048 0.445233
5 0.709326 0.048 0.661326
5 0.661326 0.16 0.501326
11 0.58458 0.16 0.42458
14 0.365997 0.16 0.205997
28 0.656 0.16 0.496
38 0.445233 0.16 0.285233
31 0.8 0.048 0.752
20 0.8 0.048 0.752
26 0.8 0.048 0.752
30 0.8 0.048 0.752
33 0.8 0.048 0.752
45 0.8 0.048 0.752
50 0.8 0.048 0.752
1 0.8 0.048 0.752
2 0.8 0.048 0.752
24 0.8 0.048 0.752
22 0.8 0.048 0.752
4 0.8 0.048 0.752
32 0.8 0.048 0.752
41 0.8 0.048 0.752
23 0.8 0.048 0.752
10 0.8 0.048 0.752
50 0.752 0.048 0.704
20 0.752 0.048 0.704
26 0.752 0.048 0.704
30 0.752 0.048 0.704
31 0.752 0.048 0.704
33 0.752 0.048 0.704
45 0.752 0.048 0.704
9 0.8 0.048 0.752
18 0.8 0.048 0.752
47 0.8 0.048 0.752
47 0.752 0.048 0.704
56 0.8 0.048 0.752
46 0.8 0.048 0.752
49 0.8 0.048 0.752
55 0.8 0.048 0.752
20 0.777817 0.048 0.729817
39 0.744651 0.048 0.696651
54 0.8 0.048 0.752
37 0.8 0.048 0.752
6 0.8 0.048 0.752
12 0.8 0.048 0.752
12 0.752 0.048 0.704
27 0.8 0.048 0.752
29 0.8 0.048 0.752
37 0.752 0.048 0.704
37 0.704 0.16 0.544
6 0.752 0.16 0.592
12 0.704 0.16 0.544
12 0.544 0.016 0.528
37 0.544 0.016 0.528
12 0.528 0.048 0.48
6 0.592 0.048 0.544
34 0.8 0.048 0.752
37 0.528 0.048 0.48
27 0.752 0.16 0.592
29 0.752 0.16 0.592
47 0.776533 0.048 0.728533
9 0.8 0.048 0.752
47 0.728533 0.048 0.680533
47 0.680533 0.16 0.520533
47 0.520533 0.016 0.504533
9 0.752 0.048 0.704
18 0.8 0.048 0.752
47 0.504533 0.048 0.456533
35 0.8 0.048 0.752
53 0.8 0.048 0.752
53 0.752 0.048 0.704
35 0.752 0.048 0.704
41 0.8 0.048 0.752
4 0.8 0.048 0.752
22 0.8 0.048 0.752
32 0.8 0.048 0.752
7 0.8 0.048 0.752
44 0.8 0.048 0.752
43 0.8 0.048 0.752
40 0.8 0.048 0.752
8 0.8 0.048 0.752
9 0.781754 0.048 0.733754
18 0.8 0.048 0.752
21 0.8 0.048 0.752
45 0.8 0.048 0.752
26 0.8 0.048 0.752
30 0.8 0.048 0.752
31 0.8 0.048 0.752
33 0.8 0.048 0.752
50 0.8 0.048 0.752
52 0.8 0.048 0.752
39 0.8 0.048 0.752
57 0.8 0.048 0.752
54 0.8 0.048 0.752
20 0.8 0.048 0.752
39 0.752 0.048 0.704
55 0.8 0.048 0.752
26 0.752 0.048 0.704
30 0.8 0.048 0.752
31 0.752 0.048 0.704
33 0.8 0.048 0.752
45 0.752 0.048 0.704
50 0.8 0.048 0.752
59 0.8 0.048 0.752
30 0.752 0.048 0.704
26 0.704 0.048 0.656
31 0.704 0.048 0.656
33 0.752 0.048 0.704
45 0.704 0.048 0.656
50 0.752 0.048 0.704
57 0.752 0.048 0.704
52 0.752 0.048 0.704
8 0.8 0.048 0.752
17 0.8 0.048 0.752
18 0.8 0.048 0.752
21 0.8 0.048 0.752
4 0.8 0.048 0.752
22 0.8 0.048 0.752
32 0.8 0.048 0.752
41 0.8 0.048 0.752
18 0.752 0.048 0.704
8 0.752 0.048 0.704
9 0.8 0.048 0.752
21 0.752 0.048 0.704
46 0.8 0.048 0.752
49 0.8 0.048 0.752
56 0.8 0.048 0.752
25 0.8 0.048 0.752
19 0.8 0.048 0.752
36 0.8 0.048 0.752
34 0.8 0.048 0.752
6 0.693826 0.048 0.645826
12 0.703553 0.048 0.655553
60 0.8 0.048 0.752
15 0.8 0.048 0.752
16 0.8 0.048 0.752
40 0.8 0.048 0.752
43 0.8 0.048 0.752
15 0.752 0.048 0.704
60 0.8 0.048 0.752
8 0.781625 0.048 0.733625
13 0.8 0.048 0.752
17 0.8 0.048 0.752
21 0.778672 0.048 0.730672
27 0.8 0.048 0.752
29 0.8 0.048 0.752
37 0.700649 0.048 0.652649
59 0.8 0.048 0.752
19 0.8 0.048 0.752
25 0.8 0.048 0.752
36 0.8 0.048 0.752
31 0.8 0.048 0.752
26 0.8 0.048 0.752
30 0.8 0.048 0.752
33 0.8 0.048 0.752
45 0.8 0.048 0.752
50 0.8 0.048 0.752
1 0.8 0.048 0.752
2 0.8 0.048 0.752
24 0.8 0.048 0.752
22 0.8 0.048 0.752
4 0.8 0.048 0.752
32 0.8 0.048 0.752
41 0.8 0.048 0.752
23 0.8 0.048 0.752
10 0.8 0.048 0.752
59 0.752 0.048 0.704
26 0.752 0.048 0.704
27 0.8 0.048 0.752
29 0.752 0.048 0.704
29 0.704 0.048 0.656
33 0.752 0.048 0.704
59 0.704 0.048 0.656
59 0.656 0.16 0.496
26 0.704 0.16 0.544
27 0.752 0.16 0.592
29 0.656 0.16 0.496
33 0.704 0.16 0.544
50 0.752 0.048 0.704
20 0.8 0.048 0.752
26 0.544 0.048 0.496
30 0.752 0.048 0.704
31 0.752 0.048 0.704
33 0.544 0.048 0.496
45 0.752 0.048 0.704
9 0.8 0.048 0.752
8 0.733625 0.048 0.685625
18 0.8 0.048 0.752
47 0.759052 0.048 0.711052
47 0.711052 0.048 0.663052
9 0.752 0.048 0.704
9 0.704 0.16 0.544
8 0.685625 0.16 0.525625
18 0.752 0.16 0.592
47 0.663052 0.16 0.503052
47 0.503052 0.016 0.487052
9 0.544 0.016 0.528
47 0.487052 0.048 0.439052
9 0.528 0.048 0.48
13 0.8 0.048 0.752
17 0.8 0.048 0.752
56 0.8 0.048 0.752
46 0.8 0.048 0.752
49 0.8 0.048 0.752
3 0.8 0.048 0.752
48 0.8 0.048 0.752
8 0.597003 0.048 0.549003
18 0.592 0.048 0.544
21 0.8 0.048 0.752
55 0.8 0.048 0.752
20 0.8 0.048 0.752
54 0.8 0.048 0.752
12 0.8 0.048 0.752
6 0.8 0.048 0.752
34 0.8 0.048 0.752
37 0.794549 0.048 0.746549
33 0.57013 0.048 0.52213
26 0.574915 0.048 0.526915
30 0.780452 0.048 0.732452
31 0.8 0.048 0.752
45 0.779535 0.048 0.731535
50 0.78115 0.048 0.73315
13 0.8 0.048 0.752
36 0.8 0.048 0.752
35 0.8 0.048 0.752
53 0.8 0.048 0.752
53 0.752 0.048 0.704
35 0.752 0.048 0.704
13 0.752 0.048 0.704
17 0.8 0.048 0.752
17 0.752 0.048 0.704
13 0.704 0.048 0.656
13 0.656 0.16 0.496
17 0.704 0.16 0.544
17 0.544 0.016 0.528
13 0.496 0.016 0.48
17 0.528 0.048 0.48
13 0.48 0.048 0.432
21 0.8 0.048 0.752
21 0.752 0.048 0.704
17 0.48 0.048 0.432
17 0.432 0.16 0.272
21 0.704 0.16 0.544
21 0.544 0.016 0.528
17 0.272 0.016 0.256
21 0.528 0.048 0.48
8 0.619975 0.048 0.571975
17 0.256 0.048 0.208
18 0.615584 0.048 0.567584
41 0.8 0.048 0.752
4 0.8 0.048 0.752
22 0.8 0.048 0.752
32 0.8 0.048 0.752
7 0.8 0.048 0.752
44 0.8 0.048 0.752
43 0.8 0.048 0.752
40 0.8 0.048 0.752
19 0.8 0.048 0.752
25 0.8 0.048 0.752
36 0.8 0.048 0.752
45 0.8 0.048 0.752
20 0.8 0.048 0.752
26 0.678313 0.048 0.630313
30 0.8 0.048 0.752
31 0.8 0.048 0.752
33 0.595654 0.048 0.547654
50 0.8 0.048 0.752
6 0.8 0.048 0.752
12 0.8 0.048 0.752
29 0.712619 0.048 0.664619
34 0.8 0.048 0.752
37 0.8 0.048 0.752
52 0.8 0.048 0.752
39 0.8 0.048 0.752
57 0.8 0.048 0.752
54 0.8 0.048 0.752
20 0.752 0.048 0.704
39 0.752 0.048 0.704
55 0.8 0.048 0.752
26 0.630313 0.048 0.582313
30 0.8 0.048 0.752
31 0.752 0.048 0.704
33 0.62699 0.048 0.57899
45 0.752 0.048 0.704
50 0.8 0.048 0.752
59 0.725909 0.048 0.677909
16 0.8 0.048 0.752
15 0.8 0.048 0.752
60 0.8 0.048 0.752
30 0.752 0.048 0.704
26 0.582313 0.048 0.534313
31 0.704 0.048 0.656
33 0.57899 0.048 0.53099
45 0.704 0.048 0.656
50 0.752 0.048 0.704
57 0.752 0.048 0.704
52 0.752 0.048 0.704
19 0.8 0.048 0.752
25 0.8 0.048 0.752
36 0.8 0.048 0.752
4 0.8 0.048 0.752
22 0.8 0.048 0.752
32 0.8 0.048 0.752
41 0.8 0.048 0.752
18 0.720352 0.048 0.672352
8 0.718222 0.048 0.670222
9 0.778086 0.048 0.730086
9 0.730086 0.048 0.682086
21 0.635156 0.048 0.587156
18 0.672352 0.048 0.624352
18 0.624352 0.16 0.464352
8 0.670222 0.16 0.510222
9 0.682086 0.16 0.522086
9 0.522086 0.016 0.506086
18 0.464352 0.016 0.448352
9 0.506086 0.048 0.458086
8 0.510222 0.048 0.462222
18 0.448352 0.048 0.400352
47 0.748298 0.048 0.700298
21 0.587156 0.16 0.427156
46 0.8 0.048 0.752
49 0.8 0.048 0.752
56 0.8 0.048 0.752
25 0.752 0.048 0.704
19 0.8 0.048 0.752
36 0.752 0.048 0.704
25 0.704 0.048 0.656
25 0.656 0.16 0.496
25 0.496 0.016 0.48
58 0.8 0.048 0.752
34 0.8 0.048 0.752
12 0.8 0.048 0.752
60 0.8 0.048 0.752
15 0.8 0.048 0.752
16 0.8 0.048 0.752
40 0.8 0.048 0.752
43 0.8 0.048 0.752
15 0.752 0.048 0.704
16 0.752 0.048 0.704
60 0.8 0.048 0.752
19 0.752 0.048 0.704
27 0.8 0.048 0.752
29 0.8 0.048 0.752
37 0.8 0.048 0.752
59 0.8 0.048 0.752
19 0.780423 0.048 0.732423
25 0.550762 0.048 0.502762
25 0.502762 0.048 0.454762
36 0.781265 0.048 0.733265
36 0.733265 0.048 0.685265
19 0.732423 0.096 0.636423
19 0.636423 0.16 0.476423
25 0.454762 0.16 0.294762
36 0.685265 0.16 0.525265
36 0.525265 0.016 0.509265
19 0.476423 0.016 0.460423
36 0.509265 0.048 0.461265
19 0.460423 0.048 0.412423
25 0.294762 0.048 0.246762
31 0.8 0.048 0.752
20 0.8 0.048 0.752
26 0.686523 0.048 0.638523
30 0.8 0.048 0.752
33 0.675492 0.048 0.627492
45 0.8 0.048 0.752
50 0.8 0.048 0.752
1 0.8 0.048 0.752
2 0.8 0.048 0.752
24 0.8 0.048 0.752
22 0.8 0.048 0.752
4 0.8 0.048 0.752
10 0.8 0.048 0.752
32 0.8 0.048 0.752
41 0.8 0.048 0.752
23 0.8 0.048 0.752
10 0.752 0.048 0.704
50 0.752 0.048 0.704
20 0.752 0.048 0.704
26 0.638523 0.048 0.590523
30 0.752 0.048 0.704
31 0.752 0.048 0.704
33 0.627492 0.048 0.579492
45 0.752 0.048 0.704
47 0.775473 0.048 0.727473
9 0.529425 0.048 0.481425
34 0.8 0.048 0.752
56 0.8 0.048 0.752
46 0.8 0.048 0.752
49 0.8 0.048 0.752
3 0.8 0.048 0.752
48 0.8 0.048 0.752
8 0.613406 0.048 0.565406
18 0.559489 0.048 0.511489
18 0.511489 0.048 0.463489
21 0.580736 0.048 0.532736
8 0.565406 0.048 0.517406
8 0.517406 0.16 0.357406
18 0.463489 0.16 0.303489
21 0.532736 0.16 0.372736
55 0.8 0.048 0.752
20 0.783322 0.048 0.735322
54 0.8 0.048 0.752
12 0.8 0.048 0.752
6 0.8 0.048 0.752
34 0.752 0.048 0.704
37 0.8 0.048 0.752
12 0.752 0.048 0.704
12 0.704 0.16 0.544
12 0.544 0.016 0.528
20 0.735322 0.048 0.687322
31 0.777217 0.048 0.729217
45 0.777526 0.048 0.729526
54 0.752 0.048 0.704
55 0.752 0.048 0.704
33 0.656223 0.048 0.608223
26 0.664833 0.048 0.616833
30 0.783054 0.048 0.735054
31 0.8 0.048 0.752
45 0.729526 0.048 0.681526
50 0.781509 0.048 0.733509
6 0.752 0.048 0.704
12 0.528 0.048 0.48
34 0.77455 0.048 0.72655
37 0.752 0.048 0.704
35 0.8 0.048 0.752
53 0.8 0.048 0.752
53 0.752 0.048 0.704
35 0.752 0.048 0.704
21 0.444483 0.048 0.396483
8 0.430464 0.048 0.382464
18 0.383084 0.048 0.335084
32 0.8 0.048 0.752
4 0.8 0.048 0.752
22 0.8 0.048 0.752
41 0.8 0.048 0.752
41 0.752 0.048 0.704
4 0.8 0.048 0.752
22 0.752 0.048 0.704
32 0.752 0.048 0.704
7 0.8 0.048 0.752
44 0.8 0.048 0.752
43 0.8 0.048 0.752
40 0.8 0.048 0.752
6 0.783578 0.048 0.735578
12 0.556453 0.048 0.508453
27 0.8 0.048 0.752
29 0.8 0.048 0.752
34 0.796686 0.048 0.748686
37 0.777376 0.048 0.729376
45 0.8 0.048 0.752
20 0.8 0.048 0.752
26 0.764948 0.048 0.716948
30 0.8 0.048 0.752
31 0.8 0.048 0.752
33 0.680317 0.048 0.632317
50 0.8 0.048 0.752
6 0.735578 0.048 0.687578
12 0.508453 0.048 0.460453
29 0.752 0.048 0.704
34 0.748686 0.048 0.700686
37 0.729376 0.048 0.681376
6 0.687578 0.048 0.639578
6 0.639578 0.16 0.479578
6 0.479578 0.016 0.463578
52 0.8 0.048 0.752
39 0.8 0.048 0.752
57 0.8 0.048 0.752
54 0.8 0.048 0.752
20 0.752 0.048 0.704
39 0.752 0.048 0.704
55 0.77736 0.048 0.72936
26 0.716948 0.048 0.668948
30 0.8 0.048 0.752
31 0.752 0.048 0.704
33 0.70658 0.048 0.65858
45 0.752 0.048 0.704
50 0.8 0.048 0.752
59 0.8 0.048 0.752
16 0.8 0.048 0.752
15 0.8 0.048 0.752
60 0.8 0.048 0.752
30 0.752 0.048 0.704
26 0.668948 0.048 0.620948
31 0.704 0.048 0.656
33 0.65858 0.048 0.61058
45 0.704 0.048 0.656
50 0.752 0.048 0.704
57 0.752 0.048 0.704
52 0.752 0.048 0.704
42 0.8 0.048 0.752
51 0.8 0.048 0.752
6 0.542662 0.048 0.494662
27 0.8 0.048 0.752
29 0.781481 0.048 0.733481
37 0.754754 0.048 0.706754
59 0.8 0.048 0.752
4 0.8 0.048 0.752
22 0.8 0.048 0.752
32 0.77596 0.048 0.72796
41 0.78297 0.048 0.73497
9 0.780297 0.048 0.732297
18 0.485495 0.048 0.437495
47 0.8 0.048 0.752
46 0.8 0.048 0.752
49 0.8 0.048 0.752
56 0.8 0.048 0.752
58 0.8 0.048 0.752
34 0.772207 0.048 0.724207
6 0.494662 0.048 0.446662
12 0.614044 0.048 0.566044
60 0.8 0.048 0.752
15 0.8 0.048 0.752
16 0.8 0.048 0.752
40 0.8 0.048 0.752
43 0.8 0.048 0.752
15 0.752 0.048 0.704
16 0.752 0.048 0.704
60 0.8 0.048 0.752
26 0.691368 0.048 0.643368
27 0.8 0.048 0.752
29 0.8 0.048 0.752
30 0.777354 0.048 0.729354
33 0.685986 0.048 0.637986
59 0.8 0.048 0.752
27 0.752 0.048 0.704
29 0.752 0.048 0.704
37 0.783818 0.048 0.735818
37 0.735818 0.048 0.687818
59 0.752 0.048 0.704
27 0.704 0.096 0.608
27 0.608 0.16 0.448
27 0.448 0.016 0.432
36 0.8 0.048 0.752
19 0.784986 0.048 0.736986
25 0.6258 0.048 0.5778
31 0.8 0.048 0.752
20 0.8 0.048 0.752
26 0.723024 0.048 0.675024
30 0.8 0.048 0.752
33 0.71422 0.048 0.66622
45 0.8 0.048 0.752
50 0.8 0.048 0.752
1 0.8 0.048 0.752
2 0.8 0.048 0.752
24 0.8 0.048 0.752
22 0.8 0.048 0.752
4 0.8 0.048 0.752
10 0.8 0.048 0.752
32 0.8 0.048 0.752
41 0.8 0.048 0.752
23 0.8 0.048 0.752
10 0.752 0.048 0.704
50 0.752 0.048 0.704
20 0.752 0.048 0.704
26 0.675024 0.048 0.627024
30 0.752 0.048 0.704
31 0.752 0.048 0.704
33 0.66622 0.048 0.61822
45 0.752 0.048 0.704
50 0.704 0.048 0.656
50 0.656 0.16 0.496
50 0.496 0.016 0.48
47 0.8 0.048 0.752
9 0.8 0.048 0.752
26 0.627024 0.048 0.579024
30 0.704 0.048 0.656
31 0.778847 0.048 0.730847
33 0.61822 0.048 0.57022
45 0.782945 0.048 0.734945
50 0.48 0.048 0.432
59 0.774543 0.048 0.726543
56 0.8 0.048 0.752
46 0.8 0.048 0.752
49 0.8 0.048 0.752
28 0.8 0.048 0.752
5 0.8 0.048 0.752
14 0.8 0.048 0.752
38 0.8 0.048 0.752
3 0.8 0.048 0.752
48 0.8 0.048 0.752
12 0.715177 0.048 0.667177
6 0.599001 0.048 0.551001
34 0.8 0.048 0.752
37 0.766964 0.048 0.718964
55 0.8 0.048 0.752
20 0.777995 0.048 0.729995
54 0.8 0.048 0.752
20 0.729995 0.048 0.681995
31 0.730847 0.048 0.682847
45 0.734945 0.048 0.686945
50 0.504749 0.048 0.456749
54 0.752 0.048 0.704
55 0.752 0.048 0.704
20 0.681995 0.048 0.633995
20 0.633995 0.16 0.473995
20 0.473995 0.016 0.457995
33 0.641184 0.048 0.593184
26 0.655694 0.048 0.607694
30 0.733261 0.048 0.685261
31 0.754498 0.048 0.706498
45 0.686945 0.048 0.638945
50 0.456749 0.048 0.408749
33 0.593184 0.048 0.545184
33 0.545184 0.16 0.385184
33 0.385184 0.016 0.369184
48 0.8 0.048 0.752
3 0.8 0.048 0.752
20 0.529716 0.048 0.481716
26 0.607694 0.048 0.559694
30 0.685261 0.048 0.637261
31 0.706498 0.048 0.658498
33 0.369184 0.048 0.321184
45 0.71012 0.048 0.66212
50 0.408749 0.048 0.360749
55 0.704 0.048 0.656
17 0.8 0.048 0.752
13 0.8 0.048 0.752
35 0.8 0.048 0.752
53 0.8 0.048 0.752
53 0.752 0.048 0.704
35 0.752 0.048 0.704
21 0.76215 0.048 0.71415
8 0.764973 0.048 0.716973
18 0.66037 0.048 0.61237
18 0.61237 0.048 0.56437
21 0.71415 0.048 0.66615
21 0.66615 0.16 0.50615
8 0.716973 0.16 0.556973
18 0.56437 0.16 0.40437
32 0.8 0.048 0.752
4 0.8 0.048 0.752
22 0.8 0.048 0.752
41 0.8 0.048 0.752
41 0.752 0.048 0.704
4 0.8 0.048 0.752
22 0.752 0.048 0.704
32 0.752 0.048 0.704
7 0.8 0.048 0.752
44 0.8 0.048 0.752
43 0.8 0.048 0.752
40 0.8 0.048 0.752
20 0.556217 0.048 0.508217
31 0.735862 0.048 0.687862
39 0.8 0.048 0.752
45 0.736412 0.048 0.688412
50 0.431544 0.048 0.383544
54 0.776579 0.048 0.728579
55 0.729819 0.048 0.681819
45 0.688412 0.048 0.640412
20 0.508217 0.048 0.460217
26 0.715621 0.048 0.667621
30 0.709703 0.048 0.661703
31 0.687862 0.048 0.639862
33 0.394781 0.048 0.346781
50 0.383544 0.048 0.335544
11 0.8 0.048 0.752
5 0.8 0.048 0.752
14 0.8 0.048 0.752
38 0.8 0.048 0.752
52 0.8 0.048 0.752
39 0.752 0.048 0.704
57 0.8 0.048 0.752
54 0.8 0.048 0.752
20 0.460217 0.048 0.412217
39 0.704 0.048 0.656
55 0.681819 0.048 0.633819
54 0.752 0.048 0.704
54 0.704 0.16 0.544
54 0.544 0.016 0.528
26 0.667621 0.048 0.619621
30 0.740678 0.048 0.692678
31 0.639862 0.048 0.591862
33 0.420263 0.048 0.372263
45 0.640412 0.048 0.592412
50 0.414063 0.048 0.366063
59 0.8 0.048 0.752
16 0.8 0.048 0.752
15 0.8 0.048 0.752
60 0.8 0.048 0.752
2 0.8 0.048 0.752
1 0.8 0.048 0.752
24 0.8 0.048 0.752
24 0.752 0.048 0.704
2 0.752 0.048 0.704
2 0.704 0.16 0.544
1 0.752 0.16 0.592
24 0.704 0.16 0.544
24 0.544 0.016 0.528
2 0.544 0.016 0.528
24 0.528 0.048 0.48
1 0.592 0.048 0.544
2 0.528 0.048 0.48
30 0.692678 0.048 0.644678
26 0.619621 0.048 0.571621
31 0.591862 0.048 0.543862
33 0.372263 0.048 0.324263
45 0.592412 0.048 0.544412
50 0.366063 0.048 0.318063
57 0.752 0.048 0.704
52 0.752 0.048 0.704
42 0.8 0.048 0.752
51 0.8 0.048 0.752
20 0.488154 0.048 0.440154
39 0.731662 0.048 0.683662
52 0.704 0.048 0.656
54 0.528 0.048 0.48
55 0.705999 0.048 0.657999
4 0.8 0.048 0.752
22 0.8 0.048 0.752
32 0.779004 0.048 0.731004
41 0.779327 0.048 0.731327
49 0.8 0.048 0.752
46 0.8 0.048 0.752
56 0.8 0.048 0.752
9 0.8 0.048 0.752
18 0.559062 0.048 0.511062
47 0.8 0.048 0.752
46 0.752 0.048 0.704
49 0.752 0.048 0.704
56 0.752 0.048 0.704
58 0.8 0.048 0.752
34 0.8 0.048 0.752
6 0.765827 0.048 0.717827
12 0.8 0.048 0.752
60 0.8 0.048 0.752
15 0.8 0.048 0.752
16 0.8 0.048 0.752
29 0.8 0.048 0.752
6 0.717827 0.048 0.669827
6 0.669827 0.048 0.621827
12 0.752 0.048 0.704
27 0.795443 0.048 0.747443
37 0.8 0.048 0.752
37 0.752 0.048 0.704
29 0.752 0.096 0.656
29 0.656 0.16 0.496
6 0.621827 0.16 0.461827
12 0.704 0.16 0.544
27 0.747443 0.16 0.587443
37 0.704 0.16 0.544
37 0.544 0.016 0.528
29 0.496 0.016 0.48
37 0.528 0.048 0.48
6 0.461827 0.048 0.413827
12 0.544 0.048 0.496
29 0.48 0.048 0.432
40 0.8 0.048 0.752
43 0.8 0.048 0.752
15 0.752 0.048 0.704
16 0.752 0.048 0.704
60 0.8 0.048 0.752
39 0.761653 0.048 0.713653
52 0.735984 0.048 0.687984
57 0.776549 0.048 0.728549
36 0.8 0.048 0.752
19 0.8 0.048 0.752
25 0.8 0.048 0.752
51 0.8 0.048 0.752
42 0.8 0.048 0.752
31 0.688211 0.048 0.640211
20 0.516807 0.048 0.468807
26 0.720008 0.048 0.672008
30 0.797235 0.048 0.749235
33 0.465737 0.048 0.417737
45 0.694784 0.048 0.646784
50 0.470731 0.048 0.422731
1 0.699012 0.048 0.651012
2 0.624862 0.048 0.576862
24 0.630503 0.048 0.582503
22 0.8 0.048 0.752
4 0.8 0.048 0.752
10 0.8 0.048 0.752
32 0.8 0.048 0.752
41 0.8 0.048 0.752
23 0.8 0.048 0.752
10 0.752 0.048 0.704
47 0.8 0.048 0.752
9 0.8 0.048 0.752
39 0.791833 0.048 0.743833
52 0.758061 0.048 0.710061
57 0.8 0.048 0.752
56 0.8 0.048 0.752
46 0.8 0.048 0.752
49 0.8 0.048 0.752
28 0.8 0.048 0.752
5 0.8 0.048 0.752
14 0.8 0.048 0.752
38 0.8 0.048 0.752
3 0.8 0.048 0.752
48 0.8 0.048 0.752
12 0.651144 0.048 0.603144
6 0.562831 0.048 0.514831
34 0.8 0.048 0.752
37 0.554392 0.048 0.506392
55 0.8 0.048 0.752
20 0.541736 0.048 0.493736
54 0.693224 0.048 0.645224
48 0.8 0.048 0.752
3 0.8 0.048 0.752
57 0.8 0.048 0.752
17 0.8 0.048 0.752
13 0.8 0.048 0.752
35 0.8 0.048 0.752
53 0.8 0.048 0.752
53 0.752 0.048 0.704
35 0.752 0.048 0.704
38 0.8 0.048 0.752
5 0.8 0.048 0.752
11 0.8 0.048 0.752
14 0.8 0.048 0.752
28 0.8 0.048 0.752
32 0.8 0.048 0.752
4 0.8 0.048 0.752
22 0.8 0.048 0.752
41 0.8 0.048 0.752
41 0.752 0.048 0.704
4 0.8 0.048 0.752
22 0.752 0.048 0.704
32 0.752 0.048 0.704
7 0.8 0.048 0.752
44 0.8 0.048 0.752
43 0.8 0.048 0.752
40 0.8 0.048 0.752
45 0.8 0.048 0.752
20 0.645078 0.048 0.597078
26 0.8 0.048 0.752
30 0.8 0.048 0.752
31 0.8 0.048 0.752
33 0.561741 0.048 0.513741
33 0.513741 0.048 0.465741
50 0.570832 0.048 0.522832
45 0.752 0.048 0.704
45 0.704 0.16 0.544
20 0.597078 0.16 0.437078
26 0.752 0.16 0.592
30 0.752 0.16 0.592
31 0.752 0.16 0.592
33 0.465741 0.16 0.305741
50 0.522832 0.16 0.362832
11 0.8 0.048 0.752
14 0.8 0.048 0.752
38 0.8 0.048 0.752
52 0.8 0.048 0.752
39 0.8 0.048 0.752
26 0.592 0.048 0.544
30 0.662572 0.048 0.614572
31 0.592 0.048 0.544
33 0.380709 0.048 0.332709
45 0.544 0.048 0.496
50 0.437517 0.048 0.389517
59 0.8 0.048 0.752
16 0.8 0.048 0.752
15 0.8 0.048 0.752
60 0.8 0.048 0.752
24 0.8 0.048 0.752
1 0.8 0.048 0.752
2 0.8 0.048 0.752
30 0.614572 0.048 0.566572
20 0.437078 0.048 0.389078
26 0.544 0.048 0.496
31 0.544 0.048 0.496
33 0.332709 0.048 0.284709
45 0.496 0.048 0.448
50 0.389517 0.048 0.341517
57 0.8 0.048 0.752
42 0.8 0.048 0.752
51 0.8 0.048 0.752
4 0.8 0.048 0.752
22 0.8 0.048 0.752
32 0.780395 0.048 0.732395
41 0.774498 0.048 0.726498
10 0.8 0.048 0.752
22 0.752 0.048 0.704
23 0.8 0.048 0.752
49 0.8 0.048 0.752
46 0.8 0.048 0.752
56 0.8 0.048 0.752
9 0.8 0.048 0.752
18 0.8 0.048 0.752
47 0.8 0.048 0.752
46 0.752 0.048 0.704
49 0.752 0.048 0.704
56 0.752 0.048 0.704
58 0.8 0.048 0.752
34 0.8 0.048 0.752
12 0.8 0.048 0.752
60 0.8 0.048 0.752
15 0.8 0.048 0.752
16 0.8 0.048 0.752
37 0.8 0.048 0.752
6 0.743739 0.048 0.695739
27 0.8 0.048 0.752
29 0.8 0.048 0.752
40 0.8 0.048 0.752
43 0.8 0.048 0.752
15 0.752 0.048 0.704
16 0.752 0.048 0.704
60 0.8 0.048 0.752
35 0.8 0.048 0.752
53 0.8 0.048 0.752
36 0.8 0.048 0.752
19 0.8 0.048 0.752
25 0.8 0.048 0.752
51 0.8 0.048 0.752
42 0.8 0.048 0.752
31 0.65074 0.048 0.60274
20 0.544631 0.048 0.496631
26 0.639868 0.048 0.591868
30 0.715491 0.048 0.667491
33 0.43039 0.048 0.38239
45 0.596601 0.048 0.548601
50 0.489695 0.048 0.441695
1 0.8 0.048 0.752
2 0.8 0.048 0.752
24 0.8 0.048 0.752
22 0.780812 0.048 0.732812
4 0.8 0.048 0.752
10 0.8 0.048 0.752
32 0.8 0.048 0.752
41 0.8 0.048 0.752
23 0.8 0.048 0.752
10 0.752 0.048 0.704
47 0.8 0.048 0.752
9 0.8 0.048 0.752
35 0.8 0.048 0.752
53 0.8 0.048 0.752
56 0.8 0.048 0.752
46 0.8 0.048 0.752
49 0.8 0.048 0.752
28 0.8 0.048 0.752
5 0.8 0.048 0.752
14 0.8 0.048 0.752
38 0.8 0.048 0.752
3 0.8 0.048 0.752
48 0.8 0.048 0.752
12 0.8 0.048 0.752
6 0.8 0.048 0.752
29 0.8 0.048 0.752
34 0.8 0.048 0.752
55 0.8 0.048 0.752
20 0.571032 0.048 0.523032
54 0.8 0.048 0.752
48 0.8 0.048 0.752
3 0.8 0.048 0.752
4 0.8 0.048 0.752
22 0.8 0.048 0.752
32 0.8 0.048 0.752
35 0.8 0.048 0.752
41 0.8 0.048 0.752
53 0.8 0.048 0.752
17 0.8 0.048 0.752
13 0.8 0.048 0.752
35 0.752 0.048 0.704
53 0.752 0.048 0.704
53 0.704 0.048 0.656
35 0.704 0.048 0.656
38 0.8 0.048 0.752
5 0.8 0.048 0.752
11 0.8 0.048 0.752
14 0.8 0.048 0.752
28 0.8 0.048 0.752
32 0.8 0.048 0.752
4 0.752 0.048 0.704
22 0.752 0.048 0.704
41 0.8 0.048 0.752
32 0.752 0.048 0.704
32 0.704 0.16 0.544
32 0.544 0.016 0.528
41 0.752 0.048 0.704
4 0.781935 0.048 0.733935
22 0.704 0.048 0.656
32 0.528 0.048 0.48
41 0.704 0.048 0.656
41 0.656 0.16 0.496
41 0.496 0.016 0.48
7 0.8 0.048 0.752
44 0.8 0.048 0.752
43 0.8 0.048 0.752
40 0.8 0.048 0.752
4 0.733935 0.048 0.685935
22 0.728566 0.048 0.680566
32 0.48 0.048 0.432
41 0.48 0.048 0.432
11 0.8 0.048 0.752
14 0.8 0.048 0.752
38 0.8 0.048 0.752
52 0.8 0.048 0.752
39 0.8 0.048 0.752
54 0.8 0.048 0.752
54 0.752 0.048 0.704
52 0.752 0.048 0.704
52 0.704 0.16 0.544
39 0.752 0.16 0.592
54 0.704 0.16 0.544
54 0.544 0.016 0.528
52 0.544 0.016 0.528
54 0.528 0.048 0.48
39 0.592 0.048 0.544
52 0.528 0.048 0.48
55 0.8 0.048 0.752
26 0.8 0.048 0.752
30 0.8 0.048 0.752
33 0.611436 0.048 0.563436
45 0.779997 0.048 0.731997
59 0.8 0.048 0.752
16 0.8 0.048 0.752
15 0.8 0.048 0.752
60 0.8 0.048 0.752
24 0.8 0.048 0.752
1 0.8 0.048 0.752
2 0.8 0.048 0.752
30 0.752 0.048 0.704
20 0.667485 0.048 0.619485
26 0.752 0.048 0.704
31 0.8 0.048 0.752
33 0.563436 0.048 0.515436
45 0.731997 0.048 0.683997
50 0.663109 0.048 0.615109
57 0.8 0.048 0.752
42 0.8 0.048 0.752
51 0.8 0.048 0.752
4 0.763685 0.048 0.715685
10 0.8 0.048 0.752
22 0.757982 0.048 0.709982
23 0.8 0.048 0.752
32 0.502595 0.048 0.454595
41 0.506559 0.048 0.458559
4 0.715685 0.048 0.667685
22 0.709982 0.048 0.661982
32 0.454595 0.048 0.406595
41 0.458559 0.048 0.410559
4 0.667685 0.048 0.619685
4 0.619685 0.16 0.459685
4 0.459685 0.016 0.443685
10 0.752 0.048 0.704
23 0.8 0.048 0.752
10 0.704 0.048 0.656
10 0.656 0.16 0.496
10 0.496 0.016 0.48
49 0.8 0.048 0.752
46 0.8 0.048 0.752
56 0.8 0.048 0.752
9 0.8 0.048 0.752
18 0.8 0.048 0.752
47 0.8 0.048 0.752
46 0.752 0.048 0.704
49 0.752 0.048 0.704
56 0.752 0.048 0.704
58 0.8 0.048 0.752
34 0.8 0.048 0.752
6 0.8 0.048 0.752
12 0.8 0.048 0.752
60 0.8 0.048 0.752
15 0.8 0.048 0.752
16 0.8 0.048 0.752
37 0.8 0.048 0.752
6 0.752 0.048 0.704
27 0.8 0.048 0.752
29 0.8 0.048 0.752
40 0.8 0.048 0.752
43 0.8 0.048 0.752
15 0.752 0.048 0.704
16 0.752 0.048 0.704
60 0.8 0.048 0.752
10 0.553935 0.048 0.505935
23 0.752 0.048 0.704
36 0.8 0.048 0.752
19 0.8 0.048 0.752
25 0.8 0.048 0.752
51 0.8 0.048 0.752
42 0.8 0.048 0.752
31 0.8 0.048 0.752
20 0.773317 0.048 0.725317
26 0.8 0.048 0.752
30 0.8 0.048 0.752
33 0.664143 0.048 0.616143
33 0.616143 0.048 0.568143
45 0.8 0.048 0.752
50 0.765346 0.048 0.717346
31 0.752 0.048 0.704
31 0.704 0.16 0.544
20 0.725317 0.16 0.565317
26 0.752 0.16 0.592
30 0.752 0.16 0.592
33 0.568143 0.16 0.408143
45 0.752 0.16 0.592
50 0.717346 0.16 0.557346
1 0.8 0.048 0.752
2 0.8 0.048 0.752
24 0.8 0.048 0.752
22 0.740597 0.048 0.692597
4 0.519457 0.048 0.471457
10 0.505935 0.048 0.457935
32 0.555443 0.048 0.507443
41 0.559549 0.048 0.511549
23 0.778121 0.048 0.730121
10 0.457935 0.048 0.409935
23 0.730121 0.048 0.682121
23 0.682121 0.16 0.522121
23 0.522121 0.016 0.506121
47 0.8 0.048 0.752
9 0.8 0.048 0.752
23 0.506121 0.048 0.458121
51 0.8 0.048 0.752
56 0.8 0.048 0.752
46 0.8 0.048 0.752
49 0.8 0.048 0.752
28 0.8 0.048 0.752
5 0.8 0.048 0.752
14 0.8 0.048 0.752
38 0.8 0.048 0.752
3 0.8 0.048 0.752
48 0.8 0.048 0.752
12 0.8 0.048 0.752
6 0.8 0.048 0.752
29 0.8 0.048 0.752
34 0.8 0.048 0.752
37 0.8 0.048 0.752
55 0.8 0.048 0.752
20 0.638357 0.048 0.590357
54 0.697808 0.048 0.649808
48 0.8 0.048 0.752
3 0.8 0.048 0.752
42 0.8 0.048 0.752
51 0.8 0.048 0.752
17 0.8 0.048 0.752
13 0.8 0.048 0.752
35 0.8 0.048 0.752
53 0.8 0.048 0.752
53 0.752 0.048 0.704
35 0.752 0.048 0.704
38 0.8 0.048 0.752
5 0.8 0.048 0.752
11 0.8 0.048 0.752
14 0.8 0.048 0.752
28 0.8 0.048 0.752
7 0.8 0.048 0.752
44 0.8 0.048 0.752
46 0.8 0.048 0.752
43 0.8 0.048 0.752
40 0.8 0.048 0.752
42 0.8 0.048 0.752
51 0.8 0.048 0.752
11 0.8 0.048 0.752
38 0.8 0.048 0.752
54 0.8 0.048 0.752
20 0.738833 0.048 0.690833
39 0.8 0.048 0.752
55 0.8 0.048 0.752
26 0.8 0.048 0.752
30 0.8 0.048 0.752
31 0.759675 0.048 0.711675
33 0.636399 0.048 0.588399
45 0.8 0.048 0.752
50 0.779353 0.048 0.731353
59 0.8 0.048 0.752
16 0.8 0.048 0.752
15 0.8 0.048 0.752
60 0.8 0.048 0.752
24 0.8 0.048 0.752
1 0.8 0.048 0.752
2 0.8 0.048 0.752
30 0.752 0.048 0.704
26 0.752 0.048 0.704
31 0.711675 0.048 0.663675
33 0.588399 0.048 0.540399
45 0.752 0.048 0.704
50 0.731353 0.048 0.683353
57 0.8 0.048 0.752
42 0.8 0.048 0.752
51 0.8 0.048 0.752
42 0.752 0.048 0.704
42 0.704 0.16 0.544
42 0.544 0.016 0.528
42 0.528 0.048 0.48
49 0.8 0.048 0.752
46 0.8 0.048 0.752
56 0.8 0.048 0.752
9 0.8 0.048 0.752
8 0.8 0.048 0.752
18 0.8 0.048 0.752
21 0.8 0.048 0.752
46 0.752 0.048 0.704
7 0.8 0.048 0.752
49 0.752 0.048 0.704
44 0.8 0.048 0.752
7 0.752 0.048 0.704
58 0.8 0.048 0.752
34 0.8 0.048 0.752
6 0.8 0.048 0.752
12 0.8 0.048 0.752
60 0.8 0.048 0.752
15 0.8 0.048 0.752
16 0.8 0.048 0.752
37 0.8 0.048 0.752
6 0.752 0.048 0.704
12 0.752 0.048 0.704
27 0.8 0.048 0.752
29 0.8 0.048 0.752
59 0.8 0.048 0.752
40 0.8 0.048 0.752
43 0.8 0.048 0.752
40 0.752 0.048 0.704
40 0.704 0.16 0.544
40 0.544 0.016 0.528
15 0.752 0.048 0.704
16 0.752 0.048 0.704
60 0.8 0.048 0.752
40 0.602777 0.048 0.554777
43 0.8 0.048 0.752
36 0.8 0.048 0.752
19 0.8 0.048 0.752
25 0.8 0.048 0.752
51 0.8 0.048 0.752
42 0.631747 0.048 0.583747
1 0.8 0.048 0.752
2 0.8 0.048 0.752
24 0.8 0.048 0.752
22 0.8 0.048 0.752
4 0.8 0.048 0.752
32 0.8 0.048 0.752
41 0.8 0.048 0.752
47 0.8 0.048 0.752
40 0.628228 0.048 0.580228
43 0.8 0.048 0.752
56 0.8 0.048 0.752
46 0.8 0.048 0.752
49 0.8 0.048 0.752
28 0.8 0.048 0.752
5 0.8 0.048 0.752
14 0.8 0.048 0.752
38 0.8 0.048 0.752
3 0.8 0.048 0.752
48 0.8 0.048 0.752
12 0.8 0.048 0.752
6 0.8 0.048 0.752
29 0.8 0.048 0.752
34 0.8 0.048 0.752
55 0.8 0.048 0.752
20 0.8 0.048 0.752
54 0.8 0.048 0.752
48 0.8 0.048 0.752
3 0.8 0.048 0.752
1 0.8 0.048 0.752
2 0.8 0.048 0.752
24 0.8 0.048 0.752
43 0.8 0.048 0.752
17 0.8 0.048 0.752
13 0.8 0.048 0.752
35 0.8 0.048 0.752
53 0.8 0.048 0.752
53 0.752 0.048 0.704
35 0.752 0.048 0.704
38 0.8 0.048 0.752
5 0.8 0.048 0.752
11 0.8 0.048 0.752
14 0.8 0.048 0.752
28 0.8 0.048 0.752
7 0.8 0.048 0.752
44 0.8 0.048 0.752
43 0.752 0.048 0.704
40 0.651218 0.048 0.603218
40 0.603218 0.048 0.555218
43 0.704 0.048 0.656
43 0.656 0.16 0.496
40 0.555218 0.16 0.395218
1 0.8 0.048 0.752
2 0.8 0.048 0.752
24 0.8 0.048 0.752
11 0.8 0.048 0.752
38 0.8 0.048 0.752
54 0.8 0.048 0.752
20 0.8 0.048 0.752
39 0.8 0.048 0.752
52 0.8 0.048 0.752
55 0.8 0.048 0.752
26 0.8 0.048 0.752
30 0.8 0.048 0.752
31 0.8 0.048 0.752
33 0.8 0.048 0.752
50 0.8 0.048 0.752
16 0.8 0.048 0.752
15 0.8 0.048 0.752
60 0.8 0.048 0.752
24 0.752 0.048 0.704
1 0.752 0.048 0.704
2 0.8 0.048 0.752
24 0.704 0.048 0.656
24 0.656 0.16 0.496
24 0.496 0.016 0.48
30 0.752 0.048 0.704
20 0.752 0.048 0.704
26 0.752 0.048 0.704
31 0.752 0.048 0.704
33 0.752 0.048 0.704
45 0.8 0.048 0.752
50 0.752 0.048 0.704
57 0.8 0.048 0.752
52 0.752 0.048 0.704
52 0.704 0.048 0.656
57 0.752 0.048 0.704
57 0.704 0.16 0.544
52 0.656 0.16 0.496
1 0.774187 0.048 0.726187
2 0.752 0.048 0.704
24 0.558378 0.048 0.510378
58 0.8 0.048 0.752
49 0.8 0.048 0.752
46 0.8 0.048 0.752
56 0.8 0.048 0.752
9 0.8 0.048 0.752
8 0.8 0.048 0.752
18 0.8 0.048 0.752
21 0.8 0.048 0.752
46 0.752 0.048 0.704
49 0.752 0.048 0.704
56 0.752 0.048 0.704
44 0.8 0.048 0.752
7 0.8 0.048 0.752
58 0.752 0.048 0.704
58 0.704 0.048 0.656
58 0.656 0.16 0.496
58 0.496 0.016 0.48
34 0.8 0.048 0.752
6 0.8 0.048 0.752
12 0.8 0.048 0.752
60 0.8 0.048 0.752
15 0.8 0.048 0.752
16 0.8 0.048 0.752
37 0.8 0.048 0.752
6 0.752 0.048 0.704
12 0.752 0.048 0.704
27 0.8 0.048 0.752
29 0.8 0.048 0.752
59 0.8 0.048 0.752
15 0.752 0.048 0.704
16 0.752 0.048 0.704
60 0.8 0.048 0.752
58 0.559534 0.048 0.511534
36 0.8 0.048 0.752
19 0.8 0.048 0.752
25 0.8 0.048 0.752
51 0.8 0.048 0.752
42 0.8 0.048 0.752
1 0.797403 0.048 0.749403
2 0.8 0.048 0.752
24 0.58924 0.048 0.54124
22 0.8 0.048 0.752
4 0.8 0.048 0.752
10 0.8 0.048 0.752
32 0.8 0.048 0.752
41 0.8 0.048 0.752
47 0.8 0.048 0.752
3 0.8 0.048 0.752
48 0.8 0.048 0.752
58 0.590959 0.048 0.542959
20 0.8 0.048 0.752
30 0.8 0.048 0.752
31 0.8 0.048 0.752
33 0.8 0.048 0.752
33 0.752 0.048 0.704
45 0.8 0.048 0.752
50 0.8 0.048 0.752
50 0.752 0.048 0.704
55 0.8 0.048 0.752
20 0.752 0.096 0.656
20 0.656 0.16 0.496
30 0.752 0.16 0.592
31 0.752 0.16 0.592
33 0.704 0.16 0.544
33 0.544 0.016 0.528
20 0.496 0.016 0.48
33 0.528 0.048 0.48
20 0.48 0.048 0.432
26 0.8 0.048 0.752
30 0.592 0.048 0.544
31 0.592 0.048 0.544
45 0.752 0.048 0.704
50 0.704 0.048 0.656
45 0.704 0.16 0.544
50 0.656 0.16 0.496
55 0.752 0.16 0.592
56 0.8 0.048 0.752
46 0.8 0.048 0.752
49 0.8 0.048 0.752
28 0.8 0.048 0.752
5 0.8 0.048 0.752
14 0.8 0.048 0.752
38 0.8 0.048 0.752
3 0.752 0.048 0.704
48 0.752 0.048 0.704
3 0.704 0.048 0.656
3 0.656 0.16 0.496
3 0.496 0.016 0.48
12 0.8 0.048 0.752
6 0.8 0.048 0.752
29 0.8 0.048 0.752
34 0.8 0.048 0.752
37 0.8 0.048 0.752
55 0.670634 0.048 0.622634
20 0.432 0.048 0.384
54 0.8 0.048 0.752
48 0.779344 0.048 0.731344
3 0.559799 0.048 0.511799
48 0.731344 0.048 0.683344
48 0.683344 0.16 0.523344
48 0.523344 0.016 0.507344
3 0.511799 0.048 0.463799
15 0.8 0.048 0.752
48 0.507344 0.048 0.459344
17 0.8 0.048 0.752
13 0.8 0.048 0.752
35 0.8 0.048 0.752
53 0.8 0.048 0.752
53 0.752 0.048 0.704
35 0.752 0.048 0.704
38 0.8 0.048 0.752
5 0.8 0.048 0.752
11 0.8 0.048 0.752
14 0.8 0.048 0.752
28 0.8 0.048 0.752
7 0.8 0.048 0.752
44 0.8 0.048 0.752
46 0.8 0.048 0.752
3 0.540072 0.048 0.492072
15 0.8 0.048 0.752
16 0.8 0.048 0.752
48 0.537538 0.048 0.489538
60 0.8 0.048 0.752
11 0.8 0.048 0.752
38 0.8 0.048 0.752
54 0.8 0.048 0.752
39 0.8 0.048 0.752
52 0.8 0.048 0.752
55 0.693902 0.048 0.645902
26 0.8 0.048 0.752
30 0.760547 0.048 0.712547
31 0.687147 0.048 0.639147
33 0.697049 0.048 0.649049
50 0.726594 0.048 0.678594
59 0.8 0.048 0.752
16 0.8 0.048 0.752
15 0.8 0.048 0.752
60 0.752 0.048 0.704
16 0.752 0.048 0.704
16 0.704 0.16 0.544
16 0.544 0.016 0.528
30 0.712547 0.048 0.664547
20 0.537953 0.048 0.489953
26 0.752 0.048 0.704
31 0.639147 0.048 0.591147
33 0.649049 0.048 0.601049
45 0.688552 0.048 0.640552
50 0.678594 0.048 0.630594
15 0.752 0.048 0.704
16 0.528 0.048 0.48
60 0.783135 0.048 0.735135
49 0.8 0.048 0.752
46 0.8 0.048 0.752
56 0.8 0.048 0.752
9 0.8 0.048 0.752
8 0.8 0.048 0.752
18 0.8 0.048 0.752
21 0.8 0.048 0.752
47 0.8 0.048 0.752
46 0.752 0.048 0.704
7 0.8 0.048 0.752
49 0.752 0.048 0.704
44 0.8 0.048 0.752
7 0.752 0.048 0.704
34 0.8 0.048 0.752
6 0.8 0.048 0.752
12 0.8 0.048 0.752
60 0.735135 0.048 0.687135
15 0.776402 0.048 0.728402
16 0.551773 0.048 0.503773
60 0.687135 0.048 0.639135
60 0.639135 0.16 0.479135
60 0.479135 0.016 0.463135
37 0.8 0.048 0.752
6 0.752 0.048 0.704
12 0.752 0.048 0.704
27 0.8 0.048 0.752
29 0.8 0.048 0.752
59 0.8 0.048 0.752
15 0.728402 0.048 0.680402
16 0.503773 0.048 0.455773
60 0.539645 0.048 0.491645
16 0.455773 0.048 0.407773
56 0.752 0.048 0.704
60 0.491645 0.048 0.443645
36 0.8 0.048 0.752
25 0.8 0.048 0.752
51 0.8 0.048 0.752
42 0.8 0.048 0.752
1 0.8 0.048 0.752
2 0.8 0.048 0.752
24 0.8 0.048 0.752
22 0.8 0.048 0.752
4 0.8 0.048 0.752
10 0.8 0.048 0.752
23 0.8 0.048 0.752
32 0.8 0.048 0.752
41 0.8 0.048 0.752
47 0.8 0.048 0.752
46 0.8 0.048 0.752
49 0.8 0.048 0.752
56 0.779012 0.048 0.731012
33 0.750198 0.048 0.702198
20 0.722526 0.048 0.674526
26 0.8 0.048 0.752
30 0.8 0.048 0.752
31 0.8 0.048 0.752
45 0.8 0.048 0.752
50 0.780737 0.048 0.732737
56 0.8 0.048 0.752
46 0.752 0.048 0.704
49 0.752 0.048 0.704
56 0.752 0.048 0.704
56 0.704 0.16 0.544
56 0.544 0.016 0.528
28 0.8 0.048 0.752
5 0.8 0.048 0.752
14 0.8 0.048 0.752
38 0.8 0.048 0.752
12 0.8 0.048 0.752
6 0.8 0.048 0.752
29 0.8 0.048 0.752
34 0.8 0.048 0.752
37 0.8 0.048 0.752
55 0.8 0.048 0.752
20 0.674526 0.048 0.626526
54 0.8 0.048 0.752
27 0.8 0.048 0.752
29 0.752 0.048 0.704
37 0.8 0.048 0.752
59 0.8 0.048 0.752
7 0.8 0.048 0.752
44 0.8 0.048 0.752
46 0.774164 0.048 0.726164
49 0.77408 0.048 0.72608
56 0.528 0.048 0.48
17 0.8 0.048 0.752
13 0.8 0.048 0.752
35 0.8 0.048 0.752
53 0.8 0.048 0.752
14 0.8 0.048 0.752
5 0.8 0.048 0.752
28 0.8 0.048 0.752
38 0.8 0.048 0.752
53 0.752 0.048 0.704
35 0.752 0.048 0.704
38 0.752 0.048 0.704
5 0.752 0.048 0.704
11 0.8 0.048 0.752
14 0.752 0.048 0.704
28 0.752 0.048 0.704
7 0.8 0.048 0.752
44 0.752 0.048 0.704
46 0.8 0.048 0.752
7 0.752 0.048 0.704
7 0.704 0.16 0.544
7 0.544 0.016 0.528
7 0.528 0.048 0.48
44 0.783632 0.048 0.735632
46 0.752 0.048 0.704
11 0.8 0.048 0.752
38 0.782837 0.048 0.734837
13 0.8 0.048 0.752
17 0.8 0.048 0.752
54 0.8 0.048 0.752
39 0.8 0.048 0.752
52 0.8 0.048 0.752
55 0.8 0.048 0.752
26 0.8 0.048 0.752
30 0.8 0.048 0.752
31 0.8 0.048 0.752
33 0.8 0.048 0.752
45 0.8 0.048 0.752
50 0.8 0.048 0.752
59 0.8 0.048 0.752
30 0.752 0.048 0.704
20 0.775089 0.048 0.727089
26 0.752 0.048 0.704
31 0.752 0.048 0.704
33 0.752 0.048 0.704
45 0.752 0.048 0.704
50 0.752 0.048 0.704
7 0.559549 0.048 0.511549
44 0.8 0.048 0.752
49 0.8 0.048 0.752
46 0.77618 0.048 0.72818
56 0.713512 0.048 0.665512
9 0.8 0.048 0.752
8 0.8 0.048 0.752
18 0.8 0.048 0.752
21 0.8 0.048 0.752
46 0.72818 0.048 0.68018
7 0.586365 0.048 0.538365
49 0.752 0.048 0.704
56 0.665512 0.048 0.617512
56 0.617512 0.048 0.569512
46 0.68018 0.048 0.63218
46 0.63218 0.16 0.47218
7 0.538365 0.16 0.378365
49 0.704 0.16 0.544
56 0.569512 0.16 0.409512
50 0.782753 0.048 0.734753
20 0.8 0.048 0.752
26 0.778077 0.048 0.730077
30 0.704 0.048 0.656
31 0.777639 0.048 0.729639
33 0.704 0.048 0.656
45 0.77741 0.048 0.72941
44 0.752 0.048 0.704
7 0.378365 0.048 0.330365
44 0.704 0.048 0.656
44 0.656 0.16 0.496
44 0.496 0.016 0.48
34 0.8 0.048 0.752
6 0.8 0.048 0.752
12 0.8 0.048 0.752
37 0.8 0.048 0.752
6 0.752 0.048 0.704
27 0.8 0.048 0.752
29 0.8 0.048 0.752
15 0.8 0.048 0.752
16 0.774854 0.048 0.726854
60 0.8 0.048 0.752
11 0.8 0.048 0.752
38 0.8 0.048 0.752
36 0.8 0.048 0.752
25 0.8 0.048 0.752
51 0.8 0.048 0.752
42 0.8 0.048 0.752
1 0.8 0.048 0.752
2 0.8 0.048 0.752
24 0.8 0.048 0.752
22 0.8 0.048 0.752
4 0.8 0.048 0.752
23 0.8 0.048 0.752
41 0.8 0.048 0.752
47 0.8 0.048 0.752
4 0.8 0.048 0.752
22 0.8 0.048 0.752
32 0.8 0.048 0.752
41 0.752 0.048 0.704
5 0.8 0.048 0.752
11 0.8 0.048 0.752
14 0.8 0.048 0.752
28 0.8 0.048 0.752
38 0.8 0.048 0.752
33 0.8 0.048 0.752
20 0.8 0.048 0.752
26 0.8 0.048 0.752
30 0.8 0.048 0.752
31 0.8 0.048 0.752
45 0.8 0.048 0.752
50 0.8 0.048 0.752
28 0.752 0.048 0.704
5 0.8 0.048 0.752
14 0.752 0.048 0.704
38 0.752 0.048 0.704
28 0.704 0.048 0.656
28 0.656 0.16 0.496
28 0.496 0.016 0.48
12 0.8 0.048 0.752
6 0.8 0.048 0.752
29 0.8 0.048 0.752
34 0.8 0.048 0.752
37 0.8 0.048 0.752
55 0.8 0.048 0.752
20 0.752 0.048 0.704
54 0.8 0.048 0.752
27 0.8 0.048 0.752
29 0.752 0.048 0.704
37 0.8 0.048 0.752
59 0.8 0.048 0.752
5 0.752 0.048 0.704
14 0.780504 0.048 0.732504
28 0.559611 0.048 0.511611
38 0.783636 0.048 0.735636
17 0.8 0.048 0.752
13 0.8 0.048 0.752
35 0.8 0.048 0.752
53 0.8 0.048 0.752
14 0.732504 0.048 0.684504
5 0.779181 0.048 0.731181
28 0.511611 0.048 0.463611
38 0.735636 0.048 0.687636
14 0.684504 0.048 0.636504
14 0.636504 0.16 0.476504
14 0.476504 0.016 0.460504
53 0.752 0.048 0.704
35 0.752 0.048 0.704
38 0.687636 0.048 0.639636
5 0.731181 0.048 0.683181
11 0.8 0.048 0.752
14 0.460504 0.048 0.412504
28 0.463611 0.048 0.415611
19 0.8 0.048 0.752
25 0.8 0.048 0.752
25 0.752 0.048 0.704
36 0.8 0.048 0.752
19 0.752 0.048 0.704
19 0.704 0.16 0.544
25 0.704 0.16 0.544
25 0.544 0.016 0.528
19 0.544 0.016 0.528
25 0.528 0.048 0.48
19 0.528 0.048 0.48
36 0.752 0.048 0.704
36 0.704 0.16 0.544
5 0.683181 0.048 0.635181
14 0.482594 0.048 0.434594
28 0.492473 0.048 0.444473
47 0.8 0.048 0.752
11 0.8 0.048 0.752
38 0.715997 0.048 0.667997
13 0.8 0.048 0.752
17 0.8 0.048 0.752
6 0.8 0.048 0.752
12 0.8 0.048 0.752
29 0.8 0.048 0.752
34 0.8 0.048 0.752
29 0.752 0.048 0.704
6 0.752 0.048 0.704
12 0.8 0.048 0.752
27 0.8 0.048 0.752
37 0.8 0.048 0.752
54 0.8 0.048 0.752
52 0.8 0.048 0.752
55 0.8 0.048 0.752
26 0.8 0.048 0.752
30 0.8 0.048 0.752
31 0.8 0.048 0.752
33 0.8 0.048 0.752
45 0.8 0.048 0.752
50 0.8 0.048 0.752
59 0.8 0.048 0.752
30 0.752 0.048 0.704
20 0.8 0.048 0.752
26 0.752 0.048 0.704
31 0.752 0.048 0.704
33 0.752 0.048 0.704
45 0.752 0.048 0.704
50 0.752 0.048 0.704
9 0.8 0.048 0.752
18 0.8 0.048 0.752
47 0.8 0.048 0.752
49 0.8 0.048 0.752
46 0.8 0.048 0.752
56 0.794121 0.048 0.746121
9 0.8 0.048 0.752
8 0.8 0.048 0.752
18 0.752 0.048 0.704
21 0.8 0.048 0.752
50 0.78323 0.048 0.73523
20 0.8 0.048 0.752
26 0.775758 0.048 0.727758
30 0.704 0.048 0.656
31 0.780153 0.048 0.732153
33 0.704 0.048 0.656
45 0.775979 0.048 0.727979
34 0.8 0.048 0.752
6 0.777743 0.048 0.729743
12 0.8 0.048 0.752
37 0.8 0.048 0.752
27 0.8 0.048 0.752
29 0.778269 0.048 0.730269
59 0.8 0.048 0.752
18 0.774844 0.048 0.726844
8 0.8 0.048 0.752
9 0.752 0.048 0.704
21 0.8 0.048 0.752
18 0.726844 0.048 0.678844
18 0.678844 0.16 0.518844
18 0.518844 0.016 0.502844
15 0.8 0.048 0.752
16 0.8 0.048 0.752
60 0.8 0.048 0.752
8 0.752 0.048 0.704
9 0.704 0.048 0.656
18 0.502844 0.048 0.454844
21 0.752 0.048 0.704
47 0.8 0.048 0.752
41 0.8 0.048 0.752
4 0.8 0.048 0.752
22 0.8 0.048 0.752
32 0.8 0.048 0.752
36 0.696392 0.048 0.648392
19 0.707472 0.048 0.659472
25 0.62941 0.048 0.58141
51 0.8 0.048 0.752
42 0.8 0.048 0.752
1 0.8 0.048 0.752
2 0.8 0.048 0.752
24 0.8 0.048 0.752
22 0.752 0.048 0.704
4 0.752 0.048 0.704
10 0.8 0.048 0.752
23 0.8 0.048 0.752
32 0.8 0.048 0.752
41 0.752 0.048 0.704
10 0.8 0.048 0.752
22 0.704 0.048 0.656
23 0.752 0.048 0.704
47 0.8 0.048 0.752
4 0.777649 0.048 0.729649
22 0.733072 0.048 0.685072
32 0.752 0.048 0.704
41 0.704 0.048 0.656
8 0.780649 0.048 0.732649
9 0.735324 0.048 0.687324
18 0.52834 0.048 0.48034
21 0.778983 0.048 0.730983
33 0.798496 0.048 0.750496
20 0.8 0.048 0.752
26 0.8 0.048 0.752
30 0.8 0.048 0.752
31 0.8 0.048 0.752
45 0.8 0.048 0.752
50 0.8 0.048 0.752
42 0.752 0.048 0.704
51 0.8 0.048 0.752
12 0.8 0.048 0.752
6 0.8 0.048 0.752
29 0.8 0.048 0.752
34 0.8 0.048 0.752
37 0.8 0.048 0.752
55 0.8 0.048 0.752
20 0.752 0.048 0.704
54 0.8 0.048 0.752
27 0.8 0.048 0.752
29 0.752 0.048 0.704
37 0.8 0.048 0.752
59 0.8 0.048 0.752
8 0.8 0.048 0.752
17 0.8 0.048 0.752
21 0.8 0.048 0.752
17 0.752 0.048 0.704
13 0.8 0.048 0.752
17 0.704 0.048 0.656
17 0.656 0.16 0.496
17 0.496 0.016 0.48
35 0.8 0.048 0.752
53 0.8 0.048 0.752
53 0.752 0.048 0.704
35 0.752 0.048 0.704
52 0.8 0.048 0.752
39 0.8 0.048 0.752
54 0.8 0.048 0.752
38 0.8 0.048 0.752
5 0.8 0.048 0.752
11 0.8 0.048 0.752
14 0.742175 0.048 0.694175
28 0.741721 0.048 0.693721
2 0.8 0.048 0.752
1 0.8 0.048 0.752
24 0.8 0.048 0.752
25 0.8 0.048 0.752
19 0.8 0.048 0.752
36 0.8 0.048 0.752
13 0.8 0.048 0.752
17 0.559805 0.048 0.511805
11 0.8 0.048 0.752
38 0.8 0.048 0.752
13 0.752 0.048 0.704
17 0.511805 0.048 0.463805
13 0.704 0.048 0.656
13 0.656 0.16 0.496
13 0.496 0.016 0.48
6 0.8 0.048 0.752
12 0.8 0.048 0.752
29 0.8 0.048 0.752
34 0.8 0.048 0.752
29 0.752 0.048 0.704
6 0.752 0.048 0.704
12 0.8 0.048 0.752
27 0.8 0.048 0.752
37 0.8 0.048 0.752
59 0.8 0.048 0.752
54 0.8 0.048 0.752
39 0.8 0.048 0.752
52 0.8 0.048 0.752
55 0.8 0.048 0.752
26 0.8 0.048 0.752
30 0.8 0.048 0.752
31 0.8 0.048 0.752
33 0.8 0.048 0.752
50 0.8 0.048 0.752
59 0.752 0.048 0.704
30 0.752 0.048 0.704
20 0.8 0.048 0.752
26 0.752 0.048 0.704
31 0.752 0.048 0.704
33 0.752 0.048 0.704
45 0.8 0.048 0.752
50 0.752 0.048 0.704
13 0.55571 0.048 0.50771
17 0.542275 0.048 0.494275
36 0.8 0.048 0.752
49 0.8 0.048 0.752
46 0.8 0.048 0.752
56 0.8 0.048 0.752
9 0.8 0.048 0.752
8 0.8 0.048 0.752
18 0.708972 0.048 0.660972
21 0.8 0.048 0.752
50 0.778272 0.048 0.730272
20 0.8 0.048 0.752
26 0.783045 0.048 0.735045
30 0.704 0.048 0.656
31 0.774988 0.048 0.726988
33 0.704 0.048 0.656
45 0.8 0.048 0.752
34 0.8 0.048 0.752
37 0.8 0.048 0.752
6 0.775876 0.048 0.727876
27 0.8 0.048 0.752
29 0.783057 0.048 0.735057
59 0.775425 0.048 0.727425
15 0.8 0.048 0.752
16 0.8 0.048 0.752
60 0.8 0.048 0.752
19 0.8 0.048 0.752
25 0.8 0.048 0.752
36 0.8 0.048 0.752
41 0.8 0.048 0.752
4 0.8 0.048 0.752
32 0.8 0.048 0.752
36 0.752 0.048 0.704
19 0.8 0.048 0.752
25 0.752 0.048 0.704
36 0.704 0.048 0.656
36 0.656 0.16 0.496
36 0.496 0.016 0.48
51 0.8 0.048 0.752
42 0.8 0.048 0.752
1 0.8 0.048 0.752
2 0.8 0.048 0.752
24 0.8 0.048 0.752
22 0.8 0.048 0.752
4 0.752 0.048 0.704
10 0.8 0.048 0.752
23 0.8 0.048 0.752
10 0.8 0.048 0.752
22 0.752 0.048 0.704
23 0.752 0.048 0.704
47 0.8 0.048 0.752
4 0.774259 0.048 0.726259
22 0.779831 0.048 0.731831
32 0.8 0.048 0.752
41 0.752 0.048 0.704
19 0.752 0.048 0.704
25 0.78203 0.048 0.73403
36 0.557785 0.048 0.509785
33 0.8 0.048 0.752
20 0.8 0.048 0.752
26 0.8 0.048 0.752
30 0.8 0.048 0.752
31 0.8 0.048 0.752
45 0.8 0.048 0.752
50 0.8 0.048 0.752
42 0.752 0.048 0.704
51 0.8 0.048 0.752
12 0.8 0.048 0.752
6 0.8 0.048 0.752
29 0.8 0.048 0.752
34 0.8 0.048 0.752
37 0.8 0.048 0.752
55 0.8 0.048 0.752
20 0.752 0.048 0.704
54 0.8 0.048 0.752
27 0.8 0.048 0.752
29 0.752 0.048 0.704
37 0.8 0.048 0.752
59 0.8 0.048 0.752
19 0.781303 0.048 0.733303
25 0.8 0.048 0.752
35 0.8 0.048 0.752
53 0.8 0.048 0.752
53 0.752 0.048 0.704
35 0.752 0.048 0.704
52 0.8 0.048 0.752
39 0.8 0.048 0.752
54 0.8 0.048 0.752
38 0.8 0.048 0.752
5 0.8 0.048 0.752
11 0.8 0.048 0.752
14 0.8 0.048 0.752
28 0.8 0.048 0.752
2 0.8 0.048 0.752
1 0.8 0.048 0.752
24 0.8 0.048 0.752
25 0.8 0.048 0.752
19 0.8 0.048 0.752
36 0.665499 0.048 0.617499
36 0.617499 0.048 0.569499
25 0.752 0.048 0.704
25 0.704 0.16 0.544
36 0.569499 0.16 0.409499
34 0.8 0.048 0.752
11 0.8 0.048 0.752
38 0.8 0.048 0.752
24 0.8 0.048 0.752
1 0.8 0.048 0.752
2 0.752 0.048 0.704
6 0.8 0.048 0.752
12 0.8 0.048 0.752
29 0.8 0.048 0.752
37 0.8 0.048 0.752
29 0.752 0.048 0.704
6 0.752 0.048 0.704
12 0.8 0.048 0.752
27 0.8 0.048 0.752
37 0.752 0.048 0.704
59 0.8 0.048 0.752
54 0.8 0.048 0.752
39 0.8 0.048 0.752
52 0.8 0.048 0.752
55 0.8 0.048 0.752
26 0.8 0.048 0.752
30 0.8 0.048 0.752
31 0.8 0.048 0.752
33 0.8 0.048 0.752
45 0.8 0.048 0.752
50 0.8 0.048 0.752
59 0.752 0.048 0.704
30 0.752 0.048 0.704
20 0.8 0.048 0.752
26 0.752 0.048 0.704
31 0.752 0.048 0.704
33 0.752 0.048 0.704
45 0.752 0.048 0.704
50 0.752 0.048 0.704
12 0.752 0.048 0.704
34 0.8 0.048 0.752
49 0.8 0.048 0.752
46 0.8 0.048 0.752
56 0.8 0.048 0.752
9 0.8 0.048 0.752
8 0.8 0.048 0.752
18 0.8 0.048 0.752
21 0.8 0.048 0.752
50 0.774082 0.048 0.726082
20 0.8 0.048 0.752
26 0.781135 0.048 0.733135
30 0.704 0.048 0.656
31 0.778193 0.048 0.730193
33 0.704 0.048 0.656
45 0.778853 0.048 0.730853
34 0.752 0.048 0.704
12 0.777606 0.048 0.729606
34 0.704 0.048 0.656
34 0.656 0.16 0.496
34 0.496 0.016 0.48
37 0.8 0.048 0.752
6 0.77744 0.048 0.72944
27 0.8 0.048 0.752
29 0.777285 0.048 0.729285
59 0.778156 0.048 0.730156
15 0.8 0.048 0.752
16 0.8 0.048 0.752
60 0.8 0.048 0.752
6 0.8 0.048 0.752
12 0.729606 0.048 0.681606
29 0.799801 0.048 0.751801
34 0.55669 0.048 0.50869
41 0.8 0.048 0.752
4 0.8 0.048 0.752
22 0.8 0.048 0.752
32 0.8 0.048 0.752
51 0.8 0.048 0.752
42 0.8 0.048 0.752
1 0.8 0.048 0.752
2 0.8 0.048 0.752
24 0.8 0.048 0.752
22 0.752 0.048 0.704
4 0.752 0.048 0.704
10 0.8 0.048 0.752
23 0.8 0.048 0.752
41 0.752 0.048 0.704
10 0.8 0.048 0.752
22 0.704 0.048 0.656
23 0.752 0.048 0.704
47 0.8 0.048 0.752
9 0.8 0.048 0.752
4 0.777471 0.048 0.729471
22 0.732323 0.048 0.684323
32 0.8 0.048 0.752
41 0.704 0.048 0.656
6 0.8 0.048 0.752
12 0.752038 0.048 0.704038
27 0.8 0.048 0.752
29 0.8 0.048 0.752
37 0.8 0.048 0.752
33 0.799785 0.048 0.751785
20 0.8 0.048 0.752
26 0.8 0.048 0.752
30 0.8 0.048 0.752
31 0.8 0.048 0.752
45 0.8 0.048 0.752
50 0.8 0.048 0.752
42 0.752 0.048 0.704
51 0.8 0.048 0.752
12 0.7807 0.048 0.7327
6 0.752 0.048 0.704
29 0.752 0.048 0.704
37 0.752 0.048 0.704
55 0.8 0.048 0.752
20 0.752 0.048 0.704
54 0.8 0.048 0.752
27 0.8 0.048 0.752
29 0.704 0.048 0.656
37 0.77869 0.048 0.73069
59 0.8 0.048 0.752
27 0.752 0.048 0.704
27 0.704 0.16 0.544
27 0.544 0.016 0.528
26 0.752 0.048 0.704
27 0.528 0.048 0.48
29 0.730084 0.048 0.682084
37 0.73069 0.048 0.68269
59 0.752 0.048 0.704
35 0.8 0.048 0.752
53 0.8 0.048 0.752
53 0.752 0.048 0.704
32 0.8 0.048 0.752
35 0.752 0.048 0.704
52 0.8 0.048 0.752
39 0.8 0.048 0.752
54 0.8 0.048 0.752
38 0.8 0.048 0.752
5 0.8 0.048 0.752
11 0.8 0.048 0.752
14 0.8 0.048 0.752
28 0.8 0.048 0.752
2 0.8 0.048 0.752
1 0.8 0.048 0.752
24 0.8 0.048 0.752
60 0.8 0.048 0.752
15 0.8 0.048 0.752
16 0.8 0.048 0.752
26 0.780517 0.048 0.732517
27 0.559274 0.048 0.511274
30 0.8 0.048 0.752
31 0.8 0.048 0.752
33 0.8 0.048 0.752
45 0.8 0.048 0.752
50 0.8 0.048 0.752
59 0.777012 0.048 0.729012
11 0.8 0.048 0.752
38 0.8 0.048 0.752
24 0.8 0.048 0.752
1 0.8 0.048 0.752
2 0.752 0.048 0.704
6 0.8 0.048 0.752
12 0.8 0.048 0.752
29 0.760828 0.048 0.712828
37 0.760248 0.048 0.712248
29 0.712828 0.048 0.664828
6 0.752 0.048 0.704
12 0.8 0.048 0.752
27 0.511274 0.048 0.463274
37 0.712248 0.048 0.664248
20 0.8 0.048 0.752
30 0.752 0.048 0.704
31 0.752 0.048 0.704
33 0.752 0.048 0.704
45 0.752 0.048 0.704
50 0.8 0.048 0.752
55 0.8 0.048 0.752
54 0.8 0.048 0.752
52 0.8 0.048 0.752
55 0.752 0.048 0.704
26 0.8 0.048 0.752
30 0.778398 0.048 0.730398
31 0.704 0.048 0.656
33 0.776403 0.048 0.728403
50 0.752 0.048 0.704
59 0.729012 0.048 0.681012
26 0.752 0.048 0.704
26 0.704 0.16 0.544
26 0.544 0.016 0.528
30 0.730398 0.048 0.682398
20 0.752 0.048 0.704
26 0.528 0.048 0.48
31 0.656 0.048 0.608
33 0.728403 0.048 0.680403
45 0.704 0.048 0.656
50 0.704 0.048 0.656
30 0.682398 0.048 0.634398
30 0.634398 0.16 0.474398
30 0.474398 0.016 0.458398
20 0.777621 0.048 0.729621
26 0.48 0.048 0.432
30 0.458398 0.048 0.410398
31 0.685409 0.048 0.637409
33 0.680403 0.048 0.632403
45 0.727953 0.048 0.679953
50 0.656 0.048 0.608
59 0.756263 0.048 0.708263
49 0.8 0.048 0.752
46 0.8 0.048 0.752
56 0.8 0.048 0.752
9 0.8 0.048 0.752
8 0.8 0.048 0.752
18 0.8 0.048 0.752
21 0.8 0.048 0.752
47 0.8 0.048 0.752
50 0.679938 0.048 0.631938
20 0.729621 0.048 0.681621
26 0.503299 0.048 0.455299
30 0.410398 0.048 0.362398
31 0.637409 0.048 0.589409
33 0.632403 0.048 0.584403
45 0.679953 0.048 0.631953
50 0.631938 0.048 0.583938
50 0.583938 0.16 0.423938
50 0.423938 0.016 0.407938
37 0.8 0.048 0.752
6 0.777368 0.048 0.729368
12 0.8 0.048 0.752
27 0.609642 0.048 0.561642
29 0.739431 0.048 0.691431
59 0.708263 0.048 0.660263
15 0.8 0.048 0.752
16 0.8 0.048 0.752
60 0.8 0.048 0.752
20 0.758227 0.048 0.710227
30 0.435216 0.048 0.387216
31 0.66638 0.048 0.61838
33 0.657187 0.048 0.609187
45 0.711685 0.048 0.663685
50 0.407938 0.048 0.359938
54 0.8 0.048 0.752
55 0.8 0.048 0.752
41 0.8 0.048 0.752
4 0.8 0.048 0.752
32 0.8 0.048 0.752
51 0.8 0.048 0.752
42 0.8 0.048 0.752
1 0.8 0.048 0.752
2 0.8 0.048 0.752
24 0.8 0.048 0.752
22 0.8 0.048 0.752
4 0.752 0.048 0.704
10 0.8 0.048 0.752
23 0.8 0.048 0.752
10 0.8 0.048 0.752
22 0.752 0.048 0.704
23 0.752 0.048 0.704
47 0.8 0.048 0.752
4 0.777981 0.048 0.729981
22 0.781293 0.048 0.733293
32 0.8 0.048 0.752
41 0.752 0.048 0.704
20 0.780505 0.048 0.732505
39 0.8 0.048 0.752
52 0.8 0.048 0.752
54 0.8 0.048 0.752
55 0.8 0.048 0.752
33 0.688717 0.048 0.640717
20 0.732505 0.048 0.684505
26 0.610224 0.048 0.562224
26 0.562224 0.048 0.514224
30 0.458564 0.048 0.410564
31 0.69282 0.048 0.64482
45 0.742363 0.048 0.694363
50 0.439608 0.048 0.391608
33 0.640717 0.048 0.592717
33 0.592717 0.16 0.432717
26 0.514224 0.16 0.354224
30 0.410564 0.16 0.250564
31 0.64482 0.16 0.48482
45 0.694363 0.16 0.534363
50 0.391608 0.16 0.231608
42 0.752 0.048 0.704
51 0.8 0.048 0.752
12 0.8 0.048 0.752
6 0.8 0.048 0.752
29 0.8 0.048 0.752
34 0.8 0.048 0.752
34 0.752 0.048 0.704
37 0.8 0.048 0.752
12 0.752 0.048 0.704
12 0.704 0.16 0.544
6 0.752 0.16 0.592
29 0.752 0.16 0.592
34 0.704 0.16 0.544
34 0.544 0.016 0.528
12 0.544 0.016 0.528
34 0.528 0.048 0.48
12 0.528 0.048 0.48
37 0.752 0.16 0.592
55 0.8 0.048 0.752
20 0.684505 0.048 0.636505
52 0.8 0.048 0.752
54 0.8 0.048 0.752
55 0.752 0.048 0.704
55 0.704 0.16 0.544
55 0.544 0.016 0.528
39 0.8 0.048 0.752
52 0.752 0.048 0.704
54 0.752 0.048 0.704
55 0.528 0.048 0.48
35 0.8 0.048 0.752
53 0.8 0.048 0.752
53 0.752 0.048 0.704
35 0.752 0.048 0.704
52 0.778617 0.048 0.730617
39 0.752 0.048 0.704
54 0.781272 0.048 0.733272
52 0.730617 0.048 0.682617
52 0.682617 0.16 0.522617
52 0.522617 0.016 0.506617
38 0.8 0.048 0.752
5 0.8 0.048 0.752
11 0.8 0.048 0.752
14 0.8 0.048 0.752
28 0.8 0.048 0.752
2 0.8 0.048 0.752
1 0.8 0.048 0.752
24 0.8 0.048 0.752
60 0.8 0.048 0.752
15 0.8 0.048 0.752
16 0.8 0.048 0.752
39 0.776121 0.048 0.728121
52 0.506617 0.048 0.458617
57 0.8 0.048 0.752
11 0.8 0.048 0.752
38 0.8 0.048 0.752
24 0.8 0.048 0.752
1 0.8 0.048 0.752
2 0.752 0.048 0.704
6 0.748149 0.048 0.700149
12 0.554171 0.048 0.506171
29 0.740618 0.048 0.692618
37 0.743232 0.048 0.695232
29 0.692618 0.048 0.644618
6 0.700149 0.048 0.652149
12 0.585987 0.048 0.537987
12 0.537987 0.048 0.489987
27 0.786476 0.048 0.738476
37 0.695232 0.048 0.647232
59 0.8 0.048 0.752
29 0.644618 0.048 0.596618
29 0.596618 0.16 0.436618
6 0.652149 0.16 0.492149
12 0.489987 0.16 0.329987
27 0.738476 0.16 0.578476
37 0.647232 0.16 0.487232
59 0.752 0.16 0.592
20 0.786282 0.048 0.738282
30 0.398545 0.048 0.350545
31 0.632172 0.048 0.584172
33 0.5861 0.048 0.5381
45 0.683738 0.048 0.635738
50 0.467935 0.048 0.419935
55 0.556919 0.048 0.508919
54 0.8 0.048 0.752
39 0.728121 0.048 0.680121
52 0.532318 0.048 0.484318
55 0.508919 0.048 0.460919
57 0.8 0.048 0.752
49 0.8 0.048 0.752
46 0.8 0.048 0.752
56 0.8 0.048 0.752
9 0.8 0.048 0.752
8 0.8 0.048 0.752
18 0.8 0.048 0.752
21 0.8 0.048 0.752
47 0.8 0.048 0.752
37 0.64092 0.048 0.59292
6 0.571188 0.048 0.523188
12 0.405964 0.048 0.357964
27 0.72976 0.048 0.68176
29 0.510753 0.048 0.462753
59 0.6673 0.048 0.6193
15 0.8 0.048 0.752
16 0.8 0.048 0.752
60 0.8 0.048 0.752
57 0.8 0.048 0.752
41 0.8 0.048 0.752
4 0.8 0.048 0.752
32 0.8 0.048 0.752
51 0.8 0.048 0.752
42 0.8 0.048 0.752
1 0.8 0.048 0.752
2 0.8 0.048 0.752
24 0.8 0.048 0.752
22 0.8 0.048 0.752
4 0.752 0.048 0.704
10 0.8 0.048 0.752
23 0.8 0.048 0.752
10 0.8 0.048 0.752
22 0.752 0.048 0.704
23 0.752 0.048 0.704
47 0.8 0.048 0.752
9 0.8 0.048 0.752
4 0.774088 0.048 0.726088
22 0.778924 0.048 0.730924
32 0.8 0.048 0.752
41 0.752 0.048 0.704
42 0.752 0.048 0.704
51 0.8 0.048 0.752
34 0.8 0.048 0.752
12 0.511273 0.048 0.463273
35 0.8 0.048 0.752
35 0.752 0.048 0.704
53 0.8 0.048 0.752
53 0.752 0.048 0.704
32 0.8 0.048 0.752
35 0.704 0.048 0.656
38 0.8 0.048 0.752
5 0.8 0.048 0.752
11 0.8 0.048 0.752
14 0.8 0.048 0.752
28 0.8 0.048 0.752
2 0.8 0.048 0.752
1 0.8 0.048 0.752
24 0.8 0.048 0.752
60 0.8 0.048 0.752
15 0.8 0.048 0.752
16 0.8 0.048 0.752
35 0.729754 0.048 0.681754
53 0.780155 0.048 0.732155
11 0.8 0.048 0.752
38 0.8 0.048 0.752
24 0.8 0.048 0.752
1 0.8 0.048 0.752
2 0.752 0.048 0.704
6 0.8 0.048 0.752
12 0.537175 0.048 0.489175
29 0.770744 0.048 0.722744
37 0.8 0.048 0.752
20 0.8 0.048 0.752
30 0.723638 0.048 0.675638
30 0.675638 0.048 0.627638
31 0.8 0.048 0.752
33 0.8 0.048 0.752
45 0.8 0.048 0.752
50 0.7992 0.048 0.7512
50 0.7512 0.048 0.7032
55 0.8 0.048 0.752
20 0.752 0.096 0.656
20 0.656 0.16 0.496
30 0.627638 0.16 0.467638
31 0.752 0.16 0.592
33 0.752 0.16 0.592
45 0.752 0.16 0.592
50 0.7032 0.16 0.5432
50 0.5432 0.016 0.5272
20 0.496 0.016 0.48
50 0.5272 0.048 0.4792
20 0.48 0.048 0.432
26 0.8 0.048 0.752
26 0.752 0.048 0.704
30 0.467638 0.048 0.419638
31 0.592 0.048 0.544
33 0.592 0.048 0.544
45 0.592 0.048 0.544
50 0.4792 0.048 0.4312
50 0.4312 0.16 0.2712
55 0.752 0.16 0.592
26 0.704 0.16 0.544
26 0.544 0.016 0.528
50 0.2712 0.016 0.2552
26 0.528 0.048 0.48
30 0.419638 0.048 0.371638
33 0.544 0.048 0.496
45 0.544 0.048 0.496
50 0.2552 0.048 0.2072
59 0.8 0.048 0.752
30 0.371638 0.16 0.211638
31 0.544 0.16 0.384
33 0.496 0.16 0.336
45 0.496 0.16 0.336
54 0.8 0.048 0.752
39 0.8 0.048 0.752
52 0.8 0.048 0.752
55 0.592 0.048 0.544
32 0.8 0.048 0.752
35 0.753525 0.048 0.705525
41 0.8 0.048 0.752
53 0.8 0.048 0.752
49 0.8 0.048 0.752
46 0.8 0.048 0.752
56 0.8 0.048 0.752
9 0.8 0.048 0.752
8 0.8 0.048 0.752
18 0.8 0.048 0.752
21 0.8 0.048 0.752
47 0.8 0.048 0.752
37 0.8 0.048 0.752
6 0.8 0.048 0.752
12 0.64059 0.048 0.59259
12 0.59259 0.048 0.54459
27 0.8 0.048 0.752
29 0.796083 0.048 0.748083
59 0.8 0.048 0.752
37 0.752 0.048 0.704
37 0.704 0.16 0.544
6 0.752 0.16 0.592
12 0.54459 0.16 0.38459
27 0.752 0.16 0.592
59 0.752 0.16 0.592
15 0.8 0.048 0.752
16 0.8 0.048 0.752
60 0.8 0.048 0.752
4 0.8 0.048 0.752
32 0.8 0.048 0.752
41 0.8 0.048 0.752
53 0.8 0.048 0.752
41 0.8 0.048 0.752
4 0.752 0.048 0.704
32 0.752 0.048 0.704
41 0.752 0.048 0.704
41 0.704 0.16 0.544
41 0.544 0.016 0.528
51 0.8 0.048 0.752
42 0.8 0.048 0.752
1 0.8 0.048 0.752
2 0.8 0.048 0.752
24 0.8 0.048 0.752
22 0.8 0.048 0.752
4 0.704 0.048 0.656
10 0.8 0.048 0.752
23 0.8 0.048 0.752
10 0.8 0.048 0.752
22 0.752 0.048 0.704
23 0.752 0.048 0.704
47 0.8 0.048 0.752
9 0.8 0.048 0.752
4 0.732775 0.048 0.684775
22 0.774375 0.048 0.726375
32 0.778317 0.048 0.730317
41 0.528 0.048 0.48
4 0.684775 0.048 0.636775
4 0.636775 0.16 0.476775
4 0.476775 0.016 0.460775
4 0.460775 0.048 0.412775
10 0.752 0.048 0.704
22 0.726375 0.048 0.678375
23 0.704 0.048 0.656
32 0.730317 0.048 0.682317
41 0.48 0.048 0.432
42 0.752 0.048 0.704
51 0.8 0.048 0.752
34 0.8 0.048 0.752
6 0.744158 0.048 0.696158
12 0.536705 0.048 0.488705
10 0.777055 0.048 0.729055
22 0.756653 0.048 0.708653
23 0.730053 0.048 0.682053
35 0.8 0.048 0.752
53 0.8 0.048 0.752
53 0.752 0.048 0.704
32 0.754323 0.048 0.706323
35 0.752 0.048 0.704
38 0.8 0.048 0.752
5 0.8 0.048 0.752
11 0.8 0.048 0.752
14 0.8 0.048 0.752
28 0.8 0.048 0.752
2 0.8 0.048 0.752
1 0.8 0.048 0.752
24 0.8 0.048 0.752
60 0.8 0.048 0.752
15 0.8 0.048 0.752
16 0.8 0.048 0.752
10 0.8 0.048 0.752
23 0.75846 0.048 0.71046
11 0.8 0.048 0.752
38 0.8 0.048 0.752
24 0.8 0.048 0.752
1 0.8 0.048 0.752
2 0.752 0.048 0.704
6 0.8 0.048 0.752
12 0.563949 0.048 0.515949
29 0.8 0.048 0.752
34 0.8 0.048 0.752
26 0.8 0.048 0.752
30 0.585432 0.048 0.537432
33 0.701003 0.048 0.653003
45 0.710721 0.048 0.662721
50 0.576722 0.048 0.528722
59 0.8 0.048 0.752
54 0.8 0.048 0.752
39 0.8 0.048 0.752
52 0.8 0.048 0.752
55 0.8 0.048 0.752
51 0.8 0.048 0.752
49 0.8 0.048 0.752
46 0.8 0.048 0.752
56 0.8 0.048 0.752
9 0.8 0.048 0.752
8 0.8 0.048 0.752
18 0.8 0.048 0.752
21 0.8 0.048 0.752
47 0.8 0.048 0.752
15 0.8 0.048 0.752
16 0.8 0.048 0.752
60 0.8 0.048 0.752
42 0.8 0.048 0.752
51 0.8 0.048 0.752
51 0.752 0.048 0.704
42 0.8 0.048 0.752
51 0.704 0.048 0.656
51 0.656 0.16 0.496
51 0.496 0.016 0.48
1 0.8 0.048 0.752
2 0.8 0.048 0.752
24 0.8 0.048 0.752
22 0.8 0.048 0.752
4 0.720933 0.048 0.672933
4 0.672933 0.048 0.624933
10 0.8 0.048 0.752
23 0.8 0.048 0.752
22 0.752 0.048 0.704
22 0.704 0.16 0.544
4 0.624933 0.16 0.464933
23 0.752 0.16 0.592
10 0.8 0.048 0.752
22 0.544 0.048 0.496
23 0.592 0.048 0.544
47 0.8 0.048 0.752
9 0.8 0.048 0.752
21 0.8 0.048 0.752
42 0.752 0.048 0.704
51 0.557189 0.048 0.509189
42 0.704 0.048 0.656
51 0.509189 0.048 0.461189
42 0.656 0.048 0.608
42 0.608 0.16 0.448
42 0.448 0.016 0.432
34 0.8 0.048 0.752
6 0.8 0.048 0.752
12 0.8 0.048 0.752
40 0.8 0.048 0.752
42 0.503607 0.048 0.455607
43 0.8 0.048 0.752
35 0.8 0.048 0.752
53 0.8 0.048 0.752
53 0.752 0.048 0.704
35 0.752 0.048 0.704
38 0.8 0.048 0.752
5 0.8 0.048 0.752
11 0.8 0.048 0.752
14 0.8 0.048 0.752
28 0.8 0.048 0.752
2 0.8 0.048 0.752
1 0.8 0.048 0.752
24 0.8 0.048 0.752
60 0.8 0.048 0.752
15 0.8 0.048 0.752
16 0.8 0.048 0.752
40 0.8 0.048 0.752
43 0.8 0.048 0.752
11 0.8 0.048 0.752
38 0.8 0.048 0.752
24 0.8 0.048 0.752
1 0.8 0.048 0.752
2 0.752 0.048 0.704
6 0.8 0.048 0.752
12 0.8 0.048 0.752
29 0.8 0.048 0.752
34 0.8 0.048 0.752
26 0.8 0.048 0.752
30 0.8 0.048 0.752
33 0.8 0.048 0.752
50 0.8 0.048 0.752
59 0.8 0.048 0.752
54 0.8 0.048 0.752
39 0.8 0.048 0.752
52 0.8 0.048 0.752
55 0.8 0.048 0.752
1 0.8 0.048 0.752
43 0.8 0.048 0.752
49 0.8 0.048 0.752
46 0.8 0.048 0.752
56 0.8 0.048 0.752
9 0.8 0.048 0.752
8 0.8 0.048 0.752
18 0.8 0.048 0.752
21 0.8 0.048 0.752
47 0.8 0.048 0.752
15 0.8 0.048 0.752
16 0.8 0.048 0.752
60 0.8 0.048 0.752
1 0.8 0.048 0.752
2 0.8 0.048 0.752
24 0.8 0.048 0.752
1 0.752 0.048 0.704
2 0.8 0.048 0.752
24 0.752 0.048 0.704
1 0.704 0.048 0.656
1 0.656 0.16 0.496
1 0.496 0.016 0.48
10 0.8 0.048 0.752
22 0.8 0.048 0.752
23 0.8 0.048 0.752
47 0.8 0.048 0.752
9 0.8 0.048 0.752
21 0.8 0.048 0.752
1 0.553651 0.048 0.505651
2 0.752 0.048 0.704
24 0.779773 0.048 0.731773
34 0.8 0.048 0.752
6 0.8 0.048 0.752
12 0.8 0.048 0.752
2 0.780533 0.048 0.732533
58 0.8 0.048 0.752
35 0.8 0.048 0.752
53 0.8 0.048 0.752
53 0.752 0.048 0.704
32 0.8 0.048 0.752
35 0.752 0.048 0.704
38 0.8 0.048 0.752
5 0.8 0.048 0.752
11 0.8 0.048 0.752
14 0.8 0.048 0.752
28 0.8 0.048 0.752
2 0.8 0.048 0.752
1 0.578771 0.048 0.530771
1 0.530771 0.048 0.482771
24 0.8 0.048 0.752
2 0.752 0.048 0.704
2 0.704 0.16 0.544
1 0.482771 0.16 0.322771
24 0.752 0.16 0.592
60 0.8 0.048 0.752
15 0.8 0.048 0.752
16 0.8 0.048 0.752
3 0.8 0.048 0.752
48 0.8 0.048 0.752
58 0.8 0.048 0.752
11 0.8 0.048 0.752
38 0.8 0.048 0.752
24 0.666103 0.048 0.618103
1 0.393405 0.048 0.345405
2 0.544 0.048 0.496
6 0.8 0.048 0.752
12 0.8 0.048 0.752
29 0.8 0.048 0.752
34 0.8 0.048 0.752
37 0.8 0.048 0.752
26 0.8 0.048 0.752
30 0.8 0.048 0.752
45 0.8 0.048 0.752
50 0.8 0.048 0.752
59 0.8 0.048 0.752
54 0.8 0.048 0.752
39 0.8 0.048 0.752
52 0.8 0.048 0.752
3 0.8 0.048 0.752
48 0.8 0.048 0.752
58 0.8 0.048 0.752
49 0.8 0.048 0.752
46 0.8 0.048 0.752
56 0.8 0.048 0.752
9 0.8 0.048 0.752
8 0.8 0.048 0.752
18 0.8 0.048 0.752
21 0.8 0.048 0.752
47 0.8 0.048 0.752
15 0.8 0.048 0.752
16 0.8 0.048 0.752
60 0.8 0.048 0.752
15 0.752 0.048 0.704
15 0.704 0.16 0.544
15 0.544 0.016 0.528
3 0.8 0.048 0.752
15 0.528 0.048 0.48
16 0.752 0.048 0.704
48 0.8 0.048 0.752
60 0.752 0.048 0.704
10 0.8 0.048 0.752
22 0.8 0.048 0.752
23 0.8 0.048 0.752
47 0.8 0.048 0.752
21 0.8 0.048 0.752
15 0.559633 0.048 0.511633
16 0.774064 0.048 0.726064
60 0.779636 0.048 0.731636
34 0.8 0.048 0.752
6 0.8 0.048 0.752
12 0.8 0.048 0.752
15 0.589224 0.048 0.541224
16 0.8 0.048 0.752
60 0.8 0.048 0.752
35 0.8 0.048 0.752
53 0.8 0.048 0.752
53 0.752 0.048 0.704
35 0.752 0.048 0.704
38 0.8 0.048 0.752
5 0.8 0.048 0.752
11 0.8 0.048 0.752
14 0.8 0.048 0.752
28 0.8 0.048 0.752
60 0.752 0.048 0.704
15 0.618969 0.048 0.570969
16 0.8 0.048 0.752
49 0.8 0.048 0.752
56 0.8 0.048 0.752
11 0.8 0.048 0.752
38 0.8 0.048 0.752
24 0.8 0.048 0.752
1 0.719474 0.048 0.671474
2 0.8 0.048 0.752
6 0.8 0.048 0.752
12 0.8 0.048 0.752
29 0.8 0.048 0.752
34 0.8 0.048 0.752
37 0.8 0.048 0.752
26 0.8 0.048 0.752
30 0.8 0.048 0.752
33 0.8 0.048 0.752
45 0.8 0.048 0.752
50 0.8 0.048 0.752
59 0.8 0.048 0.752
54 0.8 0.048 0.752
39 0.8 0.048 0.752
52 0.8 0.048 0.752
55 0.8 0.048 0.752
46 0.8 0.048 0.752
49 0.8 0.048 0.752
56 0.8 0.048 0.752
49 0.752 0.048 0.704
46 0.752 0.048 0.704
56 0.8 0.048 0.752
49 0.704 0.048 0.656
49 0.656 0.16 0.496
49 0.496 0.016 0.48
9 0.8 0.048 0.752
8 0.8 0.048 0.752
18 0.8 0.048 0.752
21 0.8 0.048 0.752
47 0.8 0.048 0.752
7 0.8 0.048 0.752
44 0.8 0.048 0.752
46 0.782342 0.048 0.734342
49 0.555436 0.048 0.507436
10 0.8 0.048 0.752
22 0.8 0.048 0.752
23 0.8 0.048 0.752
47 0.8 0.048 0.752
9 0.8 0.048 0.752
21 0.8 0.048 0.752
7 0.8 0.048 0.752
44 0.8 0.048 0.752
34 0.8 0.048 0.752
12 0.8 0.048 0.752
7 0.8 0.048 0.752
11 0.8 0.048 0.752
35 0.8 0.048 0.752
53 0.8 0.048 0.752
53 0.752 0.048 0.704
32 0.8 0.048 0.752
35 0.752 0.048 0.704
38 0.8 0.048 0.752
5 0.8 0.048 0.752
11 0.752 0.048 0.704
14 0.8 0.048 0.752
28 0.8 0.048 0.752
60 0.8 0.048 0.752
15 0.8 0.048 0.752
16 0.8 0.048 0.752
5 0.752 0.048 0.704
11 0.777236 0.048 0.729236
38 0.8 0.048 0.752
11 0.729236 0.048 0.681236
38 0.752 0.048 0.704
11 0.681236 0.048 0.633236
11 0.633236 0.16 0.473236
11 0.473236 0.016 0.457236
24 0.8 0.048 0.752
1 0.8 0.048 0.752
2 0.8 0.048 0.752
6 0.8 0.048 0.752
12 0.8 0.048 0.752
29 0.8 0.048 0.752
37 0.8 0.048 0.752
26 0.8 0.048 0.752
30 0.8 0.048 0.752
33 0.8 0.048 0.752
45 0.8 0.048 0.752
50 0.8 0.048 0.752
59 0.8 0.048 0.752
54 0.8 0.048 0.752
39 0.8 0.048 0.752
52 0.8 0.048 0.752
55 0.8 0.048 0.752
5 0.780162 0.048 0.732162
11 0.53202 0.048 0.48402
14 0.8 0.048 0.752
28 0.8 0.048 0.752
38 0.777397 0.048 0.729397
9 0.8 0.048 0.752
8 0.8 0.048 0.752
18 0.8 0.048 0.752
21 0.8 0.048 0.752
47 0.8 0.048 0.752
5 0.8 0.048 0.752
14 0.8 0.048 0.752
28 0.8 0.048 0.752
38 0.8 0.048 0.752
10 0.8 0.048 0.752
22 0.8 0.048 0.752
23 0.8 0.048 0.752
47 0.8 0.048 0.752
9 0.8 0.048 0.752
18 0.8 0.048 0.752
21 0.8 0.048 0.752
47 0.752 0.048 0.704
47 0.704 0.16 0.544
47 0.544 0.016 0.528
9 0.752 0.048 0.704
14 0.8 0.048 0.752
47 0.528 0.048 0.48
34 0.8 0.048 0.752
6 0.8 0.048 0.752
12 0.8 0.048 0.752
8 0.8 0.048 0.752
9 0.774119 0.048 0.726119
18 0.8 0.048 0.752
21 0.8 0.048 0.752
47 0.553047 0.048 0.505047
35 0.8 0.048 0.752
53 0.8 0.048 0.752
53 0.752 0.048 0.704
32 0.8 0.048 0.752
35 0.752 0.048 0.704
38 0.8 0.048 0.752
5 0.8 0.048 0.752
11 0.702282 0.048 0.654282
11 0.654282 0.048 0.606282
14 0.8 0.048 0.752
28 0.8 0.048 0.752
38 0.752 0.048 0.704
38 0.704 0.16 0.544
5 0.752 0.16 0.592
11 0.606282 0.16 0.446282
14 0.752 0.16 0.592
28 0.752 0.16 0.592
60 0.8 0.048 0.752
15 0.8 0.048 0.752
16 0.8 0.048 0.752
8 0.8 0.048 0.752
9 0.8 0.048 0.752
18 0.8 0.048 0.752
21 0.8 0.048 0.752
47 0.584598 0.048 0.536598
24 0.8 0.048 0.752
1 0.8 0.048 0.752
2 0.8 0.048 0.752
6 0.8 0.048 0.752
12 0.8 0.048 0.752
29 0.8 0.048 0.752
34 0.8 0.048 0.752
37 0.8 0.048 0.752
26 0.8 0.048 0.752
30 0.8 0.048 0.752
33 0.8 0.048 0.752
45 0.8 0.048 0.752
50 0.8 0.048 0.752
59 0.8 0.048 0.752
54 0.8 0.048 0.752
39 0.8 0.048 0.752
52 0.8 0.048 0.752
55 0.8 0.048 0.752
8 0.8 0.048 0.752
18 0.8 0.048 0.752
21 0.8 0.048 0.752
9 0.8 0.048 0.752
8 0.752 0.048 0.704
18 0.752 0.048 0.704
21 0.752 0.048 0.704
47 0.690791 0.048 0.642791
13 0.8 0.048 0.752
17 0.8 0.048 0.752
10 0.8 0.048 0.752
22 0.8 0.048 0.752
23 0.8 0.048 0.752
13 0.8 0.048 0.752
17 0.8 0.048 0.752
34 0.8 0.048 0.752
6 0.8 0.048 0.752
12 0.8 0.048 0.752
13 0.8 0.048 0.752
17 0.8 0.048 0.752
25 0.8 0.048 0.752
36 0.8 0.048 0.752
35 0.8 0.048 0.752
53 0.8 0.048 0.752
53 0.752 0.048 0.704
32 0.8 0.048 0.752
35 0.752 0.048 0.704
60 0.8 0.048 0.752
15 0.8 0.048 0.752
16 0.8 0.048 0.752
19 0.8 0.048 0.752
25 0.8 0.048 0.752
36 0.8 0.048 0.752
24 0.8 0.048 0.752
1 0.8 0.048 0.752
2 0.8 0.048 0.752
6 0.8 0.048 0.752
12 0.8 0.048 0.752
29 0.8 0.048 0.752
37 0.8 0.048 0.752
26 0.8 0.048 0.752
30 0.8 0.048 0.752
45 0.8 0.048 0.752
50 0.8 0.048 0.752
59 0.8 0.048 0.752
54 0.8 0.048 0.752
39 0.8 0.048 0.752
52 0.8 0.048 0.752
55 0.8 0.048 0.752
19 0.8 0.048 0.752
25 0.8 0.048 0.752
36 0.8 0.048 0.752
9 0.8 0.048 0.752
8 0.8 0.048 0.752
18 0.8 0.048 0.752
21 0.8 0.048 0.752
47 0.8 0.048 0.752
19 0.8 0.048 0.752
10 0.8 0.048 0.752
22 0.8 0.048 0.752
23 0.8 0.048 0.752
34 0.8 0.048 0.752
34 0.752 0.048 0.704
6 0.8 0.048 0.752
12 0.8 0.048 0.752
34 0.704 0.048 0.656
34 0.656 0.16 0.496
34 0.496 0.016 0.48
6 0.8 0.048 0.752
12 0.752 0.048 0.704
34 0.553828 0.048 0.505828
35 0.8 0.048 0.752
53 0.8 0.048 0.752
53 0.752 0.048 0.704
32 0.8 0.048 0.752
35 0.752 0.048 0.704
60 0.8 0.048 0.752
15 0.8 0.048 0.752
16 0.8 0.048 0.752
6 0.8 0.048 0.752
12 0.782903 0.048 0.734903
27 0.8 0.048 0.752
29 0.8 0.048 0.752
34 0.580777 0.048 0.532777
37 0.8 0.048 0.752
24 0.8 0.048 0.752
1 0.8 0.048 0.752
2 0.8 0.048 0.752
6 0.752 0.048 0.704
12 0.734903 0.048 0.686903
27 0.752 0.048 0.704
29 0.752 0.048 0.704
34 0.532777 0.048 0.484777
37 0.752 0.048 0.704
6 0.704 0.048 0.656
6 0.656 0.16 0.496
6 0.496 0.016 0.48
26 0.8 0.048 0.752
30 0.8 0.048 0.752
50 0.8 0.048 0.752
59 0.8 0.048 0.752
54 0.8 0.048 0.752
39 0.8 0.048 0.752
52 0.8 0.048 0.752
55 0.8 0.048 0.752
6 0.550951 0.048 0.502951
12 0.760721 0.048 0.712721
27 0.778756 0.048 0.730756
29 0.776052 0.048 0.728052
37 0.775906 0.048 0.727906
59 0.8 0.048 0.752
9 0.8 0.048 0.752
8 0.8 0.048 0.752
18 0.8 0.048 0.752
21 0.8 0.048 0.752
47 0.8 0.048 0.752
26 0.8 0.048 0.752
27 0.8 0.048 0.752
29 0.8 0.048 0.752
30 0.8 0.048 0.752
37 0.8 0.048 0.752
50 0.8 0.048 0.752
59 0.8 0.048 0.752
