8 1584 1.08712
31 1589 1.47044
23 1590 1.47066
30 1591 1.49499
29 1592 1.5023
18 1595 1.69111
15 1599 1.92711
5 1601 2.01373
7 1602 2.02573
2 1604 2.15647
36 1605 2.18161
33 1607 2.22546
16 1610 2.49712
19 1612 2.51812
26 1614 2.6335
4 1615 2.66088
20 1616 2.69729
25 1618 2.79278
9 1623 3.11795
34 1624 3.16222
6 1627 3.3335
32 1630 3.55729
28 1631 3.56467
14 1633 3.611
35 1634 3.65694
37 1638 3.96628
13 1640 4.04618
27 1642 4.13689
17 1643 4.16224
38 1645 4.24411
10 1649 4.52612
15 1650 4.53582
39 1651 4.60149
3 1654 4.71598
16 1657 4.98791
36 1663 5.49766
26 1667 5.76867
7 1671 6.02623
38 1674 6.30726
20 1683 7.06014
39 1690 7.65637
21 1697 8.29394
35 1709 9.37533
2 1710 9.38789
23 1712 9.47922
33 1714 9.55145
17 1717 9.72943
