33 77 0 100 2.33402e-08 2.36633 2.36633
39 84 0 100 1.16701e-08 2.90221 2.90221
25 76 0 100 0.7 2.26249 2.96249
28 74 0 100 1.6 2.06598 3.66598
34 78 0 100 1.4 2.42733 3.82733
40 79 0 100 1.9 2.4456 4.3456
17 80 0 100 1.9 2.63621 4.53621
30 75 0 100 2.7 2.23931 4.93931
35 83 0 100 2.3 2.76932 5.06932
12 87 0 100 1.8 3.4038 5.2038
11 81 0 100 3.1 2.69151 5.79151
9 88 0 100 2.7 3.43562 6.13562
36 86 0 100 2.9 3.2658 6.1658
13 82 0 100 3.7 2.73011 6.43011
16 89 0 100 3.2 3.53062 6.73062
10 90 0 100 3.7 3.57153 7.27153
21 103 0 100 0.2 7.34208 7.54208
21 94 0 100 2.9 4.64605 7.54605
1 85 0 100 4.7 3.01361 7.71361
39 100 0 100 1.6 6.51516 8.11516
25 101 0 100 1.3 6.91243 8.21243
37 91 0 100 4.7 3.71491 8.41491
2 92 0 100 4.8 3.84213 8.64213
4 93 0 100 4.5 4.36634 8.86634
28 98 0 100 3.2 5.68163 8.88163
34 97 0 100 3.9 5.35821 9.25821
3 96 0 100 4.6 4.96199 9.56199
14 95 0 100 4.8 4.88365 9.68365
14 102 0 100 2.6 7.13276 9.73276
12 99 0 100 4.3 5.90099 10.201
31 105 0 100 2.6 7.70203 10.302
11 110 0 100 1.4 9.64366 11.0437
36 104 0 100 3.6 7.67448 11.2745
23 111 0 100 1.6 9.74809 11.3481
16 108 0 100 3.1 8.88112 11.9811
10 106 0 100 4.4 8.12926 12.5293
37 107 0 100 5 8.61943 13.6194
28 109 0 100 4.7 9.44484 14.1448
3 112 0 100 5 9.80654 14.8065
