6 157
8 157
10 157
40 157
27 157
31 157
38 157
4 158
9 159
11 159
23 159
36 159
58 159
16 159
17 159
48 159
18 159
37 161
2 161
19 161
45 161
7 161
13 161
32 161
24 161
33 158
46 162
42 161
50 164
43 161
13 165
32 165
42 165
45 165
24 165
43 165
36 166
23 166
16 166
48 166
48 167
16 167
23 167
42 168
24 168
43 168
26 169
30 169
49 169
47 169
14 169
39 169
41 169
49 170
15 163
9 166
36 167
59 159
58 166
59 166
9 167
21 159
10 172
6 172
1 173
28 173
33 174
34 171
18 166
3 159
16 176
21 176
23 176
48 176
9 176
18 176
58 176
3 176
45 177
13 177
42 177
24 177
20 171
24 179
22 181
23 182
16 182
48 182
18 182
56 157
40 172
56 172
18 183
48 183
16 183
20 184
44 157
42 179
13 179
29 164
48 188
53 173
35 175
54 186
5 181
57 169
47 170
57 170
42 190
26 170
49 192
47 192
52 158
4 174
52 174
13 189
51 160
22 193
60 180
40 194
56 194
55 178
25 162
46 195
25 195
1 197
10 198
37 165
45 179
50 199
42 189
24 190
56 200
40 200
33 201
4 201
43 177
15 191
42 204
24 204
12 185
59 176
58 187
9 182
58 182
36 176
23 183
36 183
9 183
16 188
23 188
9 188
36 188
48 202
16 202
23 202
36 202
58 183
26 196
3 182
18 188
3 188
34 184
20 194
34 194
10 200
44 198
29 199
50 207
29 207
53 197
35 203
54 205
5 193
57 192
49 196
57 196
52 201
55 206
43 204
59 183
