0 1992
0 1993
0 1994
0 1995
0 1996
0 1997
0 1998
0 1999
0 2000
0 2001
0 2002
0 2003
0 2004
0 2005
0 2006
0 2007
0 2008
0 2009
0 2010
0 2011
0 2012
34 2014
35 2015
5 2016
0 2017
0 2018
15 2019
0 2020
0 2024
20 2025
32 2019
21 2028
0 2030
10 2031
0 2032
6 2033
21 2033
22 2022
43 2023
0 2036
0 2038
0 2040
0 2043
0 2047
0 2051
36 2034
0 2053
0 2055
0 2056
17 2057
48 2029
0 2063
33 2035
13 2046
0 2065
16 2031
0 2067
0 2068
0 2072
1 2074
25 2041
12 2045
0 2075
44 2013
0 2077
39 2039
23 2048
0 2078
50 2057
0 2079
0 2081
0 2085
2 2044
0 2086
0 2087
46 2014
0 2088
34 2080
0 2090
30 2050
0 2091
14 2062
0 2092
22 2094
0 2095
0 2096
3 2066
26 2026
0 2098
0 2099
31 2021
45 2076
0 2101
10 2100
16 2100
33 2100
0 2102
0 2103
18 2042
0 2105
8 2069
0 2106
7 2064
0 2107
5 2108
47 2027
0 2110
35 2108
40 2015
0 2111
37 2073
24 2025
11 2016
0 2112
20 2093
4 2037
0 2113
41 2028
21 2097
41 2097
0 2114
38 2033
19 2061
0 2117
0 2118
6 2115
0 2119
44 2116
29 2059
0 2122
42 2071
0 2123
32 2054
0 2125
15 2094
0 2126
43 2089
0 2127
27 2052
0 2128
0 2130
9 2070
0 2133
0 2134
0 2136
0 2138
36 2074
1 2129
0 2140
0 2142
49 2082
22 2143
0 2145
0 2148
48 2100
0 2150
33 2109
13 2104
0 2151
16 2132
10 2152
0 2154
15 2143
32 2143
42 2143
0 2157
39 2139
25 2144
50 2147
0 2158
12 2116
28 2083
11 2160
0 2161
44 2139
39 2147
0 2162
23 2155
0 2164
17 2121
0 2165
0 2166
0 2168
2 2124
0 2169
0 2170
34 2163
46 2149
0 2171
0 2172
30 2131
0 2173
14 2137
0 2174
0 2175
0 2176
0 2177
31 2135
0 2178
0 2179
0 2180
18 2156
0 2181
0 2182
0 2183
0 2184
0 2185
35 2141
40 2159
37 2160
0 2186
0 2187
0 2188
21 2153
0 2189
0 2190
0 2191
0 2193
29 2143
0 2194
0 2195
0 2196
0 2197
0 2198
0 2199
0 2200
0 2201
0 2203
0 2204
0 2205
0 2206
0 2207
0 2208
0 2209
0 2210
0 2211
0 2212
0 2213
0 2214
