27 577 0 100 1.16701e-08 2.1266 2.1266
30 575 0 100 0.5 2.05336 2.55336
16 584 0 100 0.2 2.5148 2.7148
44 580 0 100 0.5 2.26496 2.76496
11 589 0 100 1.16701e-08 2.78891 2.78891
23 579 0 100 0.6 2.25033 2.85033
24 583 0 100 0.6 2.46464 3.06464
9 574 0 100 1.2 2.00782 3.20782
28 596 0 100 4.66804e-08 3.38016 3.38016
38 578 0 100 1.5 2.18596 3.68596
45 591 0 100 0.6 3.10833 3.70833
20 595 0 100 0.5 3.36498 3.86498
43 599 0 100 0.3 3.6366 3.9366
15 605 0 100 0.1 4.33504 4.43504
3 590 0 100 1.5 3.04701 4.54701
29 600 0 100 1.5 3.71255 5.21255
37 581 0 100 2.9 2.37061 5.27061
32 588 0 100 2.7 2.6373 5.3373
18 602 0 100 1.4 4.15788 5.55788
18 576 0 100 3.5 2.09564 5.59564
35 592 0 100 2.6 3.18993 5.78993
34 598 0 100 2.4 3.48993 5.88993
13 608 0 100 1.5 4.55705 6.05705
33 582 0 100 3.7 2.45461 6.15461
21 594 0 100 3.1 3.34771 6.44771
48 603 0 100 2.4 4.24769 6.64769
14 604 0 100 2.4 4.30029 6.70029
36 586 0 100 4.1 2.60115 6.70115
48 624 0 100 2.33402e-08 6.85023 6.85023
8 601 0 100 2.8 4.15258 6.95258
8 620 0 100 0.6 6.35547 6.95547
39 587 0 100 4.4 2.6176 7.0176
39 625 0 100 0.1 6.93149 7.03149
12 627 0 100 1.16701e-08 7.06898 7.06898
10 611 0 100 2.5 4.80781 7.30781
4 597 0 100 3.9 3.48857 7.38857
41 610 0 100 3 4.62622 7.62622
12 585 0 100 5.1 2.57903 7.67903
7 593 0 100 4.5 3.2896 7.7896
16 612 0 100 3 4.87437 7.87437
11 617 0 100 2.2 5.74534 7.94534
49 609 0 100 3.5 4.56079 8.06079
23 615 0 100 2.7 5.44476 8.14476
9 607 0 100 3.9 4.44207 8.34207
19 623 0 100 1.5 6.8454 8.3454
24 614 0 100 3.4 5.01779 8.41779
1 613 0 100 4 4.9493 8.9493
20 618 0 100 2.8 6.1739 8.9739
38 621 0 100 2.6 6.39464 8.99464
38 636 0 100 0.2 8.81048 9.01048
46 606 0 100 5 4.37215 9.37215
46 626 0 100 2.4 6.99075 9.39075
3 616 0 100 4.1 5.59089 9.69089
3 628 0 100 2 7.70028 9.70028
29 647 0 100 0.5 9.92482 10.4248
37 619 0 100 4.4 6.19329 10.5933
32 622 0 100 4 6.68397 10.684
18 635 0 100 2.1 8.7903 10.8903
35 632 0 100 2.5 8.57569 11.0757
34 646 0 100 1.6 9.58831 11.1883
13 629 0 100 3.2 8.15656 11.3566
26 641 0 100 2 9.40935 11.4093
21 633 0 100 3 8.69467 11.6947
14 630 0 100 3.7 8.19308 11.8931
10 634 0 100 3.4 8.77188 12.1719
25 645 0 100 2.9 9.58402 12.484
12 643 0 100 3 9.50515 12.5052
41 644 0 100 3 9.53128 12.5313
11 631 0 100 4.4 8.26544 12.6654
16 637 0 100 4.1 9.19357 13.2936
23 640 0 100 4.1 9.31941 13.4194
19 642 0 100 4.2 9.42104 13.621
9 638 0 100 4.5 9.21403 13.714
1 639 0 100 5.2 9.30252 14.5025
