48 208
41 208
45 208
65 208
66 208
51 208
24 208
64 208
39 208
14 208
30 208
53 209
3 209
10 209
57 209
15 209
28 209
38 209
63 209
37 210
43 210
8 211
58 211
51 212
39 212
64 212
14 212
41 212
65 212
48 212
66 212
47 213
12 213
16 213
6 213
50 214
27 214
34 214
52 214
65 215
64 215
51 215
39 215
18 216
17 216
1 217
49 210
16 218
26 219
29 220
9 220
20 220
25 220
31 220
46 220
63 221
15 221
57 221
5 222
11 222
36 222
44 222
60 222
70 222
42 222
67 222
2 223
32 223
55 214
35 213
55 213
70 224
5 224
11 224
13 213
47 218
13 218
6 218
35 218
33 213
17 225
35 226
6 226
13 226
16 226
47 226
33 226
52 227
4 228
19 228
6 229
23 228
39 230
51 230
64 230
67 224
19 231
4 231
21 232
56 222
15 233
7 209
28 221
7 221
63 233
7 233
28 233
64 234
49 235
57 233
16 236
47 236
53 221
69 211
62 217
18 225
61 216
53 239
57 239
15 239
28 239
4 241
1 242
29 240
8 243
54 220
47 244
22 232
17 245
68 219
59 208
30 212
59 212
14 215
30 215
59 215
39 234
14 234
30 234
59 234
26 247
21 248
70 246
67 246
66 215
65 230
66 230
16 244
40 223
2 237
37 235
49 249
37 249
15 251
57 251
50 227
52 238
50 238
55 218
35 229
55 229
6 244
35 244
55 244
64 250
65 250
6 252
35 252
55 252
54 254
33 236
67 256
39 257
14 257
64 257
30 257
47 258
16 258
6 258
35 258
19 241
57 259
23 231
70 256
16 260
6 260
56 246
63 239
15 259
63 259
53 251
69 243
8 255
69 255
62 242
1 253
62 253
18 245
61 245
29 254
22 248
68 247
59 257
65 257
66 250
40 261
55 258
35 260
55 260
47 260
33 258
