26 113 2.07693
7 114 2.15884
28 115 2.36469
38 116 2.5375
23 117 2.55561
41 118 2.6058
32 119 2.7071
8 120 2.72149
27 121 2.84826
48 122 2.97514
37 123 2.97516
17 124 2.98839
34 125 3.15263
4 126 3.28291
47 127 3.60897
50 128 3.95473
31 129 3.99766
40 130 4.01477
19 131 4.10166
36 132 4.10913
5 133 4.16512
9 134 4.46923
6 135 4.47253
8 136 4.88271
7 137 5.08961
23 138 5.22501
34 139 5.86475
47 140 6.05937
40 141 6.83379
38 142 6.83716
36 143 7.11112
41 144 7.20302
4 145 7.45049
8 146 7.79446
7 147 7.83576
35 148 7.99356
33 149 8.15361
27 150 8.57453
17 151 8.60205
31 152 8.62881
47 153 8.84954
42 154 8.89221
6 155 9.02506
32 156 9.37639
