0 2697
0 2698
0 2699
0 2700
0 2703
0 2704
0 2705
0 2706
0 2707
0 2708
0 2709
0 2710
0 2711
0 2712
0 2713
0 2715
0 2716
0 2718
1 2719
0 2720
73 2724
5 2725
0 2726
35 2727
8 2728
10 2728
34 2729
6 2732
0 2733
2 2734
0 2735
39 2717
11 2737
0 2739
37 2717
0 2743
27 2744
0 2745
18 2749
76 2749
0 2751
75 2753
0 2754
70 2755
23 2756
13 2752
66 2752
4 2752
0 2758
0 2759
25 2760
0 2763
48 2765
0 2768
67 2748
79 2757
0 2769
58 2770
77 2771
0 2772
9 2773
0 2774
28 2775
75 2775
0 2776
20 2778
57 2732
0 2779
68 2746
3 2780
65 2780
66 2780
4 2780
52 2741
50 2750
0 2783
43 2784
3 2784
13 2784
45 2784
0 2785
17 2786
51 2778
51 2787
0 2788
14 2766
62 2790
0 2791
22 2765
0 2792
60 2742
49 2725
65 2794
0 2795
6 2796
72 2737
21 2801
0 2802
0 2804
31 2722
0 2806
80 2721
53 2723
12 2803
0 2808
72 2810
48 2810
49 2810
14 2810
20 2810
54 2799
28 2799
49 2812
14 2812
74 2730
55 2731
0 2813
47 2736
0 2814
38 2761
0 2815
59 2764
1 2793
24 2719
0 2816
26 2744
0 2817
0 2819
36 2809
27 2818
5 2821
0 2822
0 2823
8 2825
0 2826
29 2770
71 2767
0 2828
32 2781
0 2829
41 2734
0 2831
2 2820
0 2832
46 2789
17 2789
56 2782
42 2771
0 2833
69 2807
46 2807
40 2728
48 2835
22 2835
10 2800
0 2836
77 2825
0 2837
0 2838
50 2839
7 2797
0 2840
70 2841
18 2841
44 2747
0 2842
0 2844
0 2848
11 2849
43 2850
3 2850
78 2773
9 2834
60 2851
48 2851
0 2852
54 2853
28 2853
43 2853
3 2853
0 2854
73 2760
76 2811
34 2830
30 2762
33 2749
35 2827
64 2738
0 2855
25 2841
0 2856
6 2857
15 2740
63 2755
18 2843
0 2858
0 2859
39 2780
77 2860
37 2805
19 2752
45 2790
37 2790
4 2784
62 2853
45 2853
37 2853
0 2862
65 2850
66 2794
0 2863
45 2850
25 2864
13 2845
0 2866
58 2867
0 2868
23 2775
55 2870
8 2871
77 2871
75 2799
28 2861
75 2861
0 2872
36 2873
0 2875
3 2876
62 2876
45 2876
0 2878
16 2798
0 2881
0 2882
61 2777
67 2789
79 2786
0 2885
17 2807
47 2888
0 2890
0 2891
0 2892
68 2839
57 2847
0 2893
52 2796
50 2857
0 2896
51 2810
0 2897
14 2835
20 2812
0 2898
22 2851
0 2901
5 2886
49 2821
48 2889
0 2902
11 2895
0 2904
21 2849
72 2883
54 2905
28 2905
43 2905
3 2905
65 2905
0 2906
9 2907
0 2909
53 2865
80 2879
31 2874
0 2911
74 2899
0 2912
12 2870
55 2888
0 2913
38 2880
0 2914
24 2884
59 2903
0 2915
1 2910
0 2916
26 2869
0 2917
0 2918
27 2873
0 2919
0 2922
29 2867
0 2923
32 2887
0 2924
0 2925
56 2877
0 2926
40 2871
42 2860
0 2927
0 2928
0 2929
7 2900
0 2930
44 2894
0 2931
0 2932
0 2933
0 2934
78 2907
0 2935
0 2936
73 2864
0 2937
0 2938
0 2939
0 2940
0 2941
37 2876
0 2942
45 2905
0 2943
0 2944
0 2945
0 2946
0 2947
0 2948
0 2949
0 2950
0 2951
69 2908
0 2952
0 2953
0 2954
0 2955
0 2956
0 2957
0 2958
0 2959
0 2960
