75 378 1.04548
15 379 1.08463
32 380 1.09965
20 381 1.11037
4 382 1.11502
58 383 1.21298
87 384 1.22353
19 385 1.23749
44 386 1.25417
3 387 1.2929
59 388 1.30387
62 389 1.3129
98 390 1.33376
1 391 1.3421
49 392 1.41206
42 393 1.48666
45 394 1.55746
97 395 1.64309
17 396 1.71929
27 397 1.74665
88 398 1.7801
72 399 1.78221
82 400 1.82405
95 401 1.83987
41 402 1.90617
46 403 1.98883
85 404 2.33156
60 405 2.45644
83 406 2.47966
86 407 2.5883
63 408 2.65339
73 409 2.78053
26 410 2.93411
100 411 3.04151
90 412 3.04997
75 413 3.19535
53 414 3.22864
54 415 3.37931
94 416 3.42835
31 417 3.50229
76 418 3.79981
22 419 3.8993
98 420 3.9198
91 421 3.94106
32 422 4.17322
64 423 4.20159
10 424 4.35765
92 425 4.75376
44 426 4.79293
20 427 4.90485
42 428 5.22268
95 429 5.46809
86 430 5.68685
75 431 5.73144
65 432 6.13903
59 433 6.25228
73 434 6.29389
64 435 6.34103
17 436 6.50865
31 437 6.91888
71 438 7.2186
32 439 7.63764
22 440 7.6637
39 441 8.78925
20 442 9.19377
92 443 9.19487
95 444 9.31889
73 445 9.36753
44 446 9.43138
65 447 9.86149
