0 1571
0 1572
0 1573
0 1574
0 1575
0 1576
0 1577
0 1578
0 1579
0 1580
0 1582
35 1583
0 1584
0 1585
2 1586
0 1587
32 1588
0 1591
0 1592
33 1593
39 1594
0 1596
0 1601
12 1603
0 1604
0 1605
36 1606
20 1609
0 1614
5 1615
0 1616
0 1617
0 1618
0 1622
31 1600
0 1623
40 1624
0 1625
30 1626
0 1627
0 1629
0 1630
16 1612
0 1631
0 1634
0 1635
15 1598
0 1636
0 1637
0 1638
0 1640
0 1641
0 1642
7 1613
21 1644
0 1645
29 1646
0 1647
0 1649
0 1652
0 1654
0 1656
0 1657
0 1660
28 1620
25 1621
0 1662
0 1663
0 1666
6 1595
0 1667
0 1668
0 1669
40 1644
0 1670
0 1671
0 1673
0 1674
13 1619
0 1676
0 1677
2 1664
0 1678
0 1679
36 1680
14 1606
0 1681
0 1683
0 1687
0 1689
0 1690
0 1692
5 1651
0 1693
0 1694
0 1695
31 1665
0 1696
0 1697
0 1698
1 1609
0 1699
0 1700
2 1701
0 1702
30 1672
0 1704
23 1628
0 1706
0 1708
0 1709
17 1602
18 1603
0 1710
11 1593
0 1712
0 1714
20 1682
0 1715
0 1717
0 1719
32 1658
0 1720
0 1721
0 1722
29 1716
12 1613
0 1723
38 1581
0 1724
22 1633
0 1725
0 1726
0 1727
4 1590
19 1655
35 1624
0 1729
25 1703
0 1730
7 1713
0 1731
34 1608
0 1732
0 1733
6 1624
0 1734
9 1583
0 1735
21 1705
0 1736
40 1675
0 1737
0 1739
0 1740
0 1741
0 1742
39 1643
0 1743
0 1744
0 1745
0 1748
0 1749
0 1750
16 1688
0 1753
0 1754
8 1648
37 1639
0 1755
0 1756
3 1653
0 1757
0 1758
0 1759
0 1760
0 1761
20 1688
0 1762
0 1763
0 1765
0 1766
15 1707
0 1767
17 1613
0 1768
0 1769
0 1770
0 1771
0 1772
