0 1046
0 1047
0 1048
0 1049
0 1051
0 1052
0 1059
0 1060
0 1061
0 1064
0 1066
9 1054
0 1067
0 1070
7 1065
0 1071
0 1072
0 1073
0 1074
0 1096
0 1097
0 1098
0 1101
0 1102
0 1103
0 1104
0 1108
6 1086
0 1109
4 1079
0 1110
0 1112
0 1114
0 1115
0 1116
0 1123
3 1063
0 1124
0 1125
0 1126
0 1127
0 1128
0 1132
7 1111
0 1133
0 1134
0 1135
0 1152
0 1153
1 1083
0 1156
0 1157
0 1158
8 1088
0 1159
0 1160
0 1161
0 1164
0 1165
6 1154
0 1166
0 1167
0 1168
0 1169
0 1170
4 1155
0 1171
2 1076
0 1177
0 1178
0 1179
0 1181
9 1119
0 1182
0 1183
0 1186
0 1187
0 1188
10 1080
0 1189
0 1190
0 1207
