27 569 1.05206
37 570 1.15626
28 571 1.22892
3 572 1.26991
17 573 1.2883
24 574 1.41571
30 575 1.45986
45 576 1.47412
23 577 1.59351
48 578 1.75472
22 579 1.90582
13 580 1.95167
16 581 2.00608
32 582 2.10038
31 583 2.12364
47 584 2.17012
9 585 2.17493
1 586 2.18413
46 587 2.26552
26 588 2.32219
15 589 2.42094
35 590 2.44429
7 591 2.54871
43 592 2.62997
20 593 2.85925
36 594 3.02873
18 595 3.11145
10 596 3.29894
12 597 3.3075
34 598 3.48517
28 599 3.51222
45 600 3.79163
11 601 3.88243
41 602 4.46099
9 603 4.58755
5 604 4.6196
6 605 4.72149
26 606 4.72659
30 607 4.91115
17 608 5.16125
18 609 5.84807
31 610 5.88084
37 611 6.12114
35 612 6.18105
13 613 6.57953
11 614 7.15039
26 615 7.27293
28 616 7.59212
36 617 7.95574
14 618 7.96872
17 619 8.2398
48 620 8.63611
37 621 8.65602
5 622 8.66776
12 623 8.78925
27 624 9.41238
26 625 9.92088
