67 690
21 690
26 690
61 690
64 691
63 691
2 692
38 692
37 693
3 694
53 694
39 694
32 694
66 694
4 696
57 697
52 697
27 697
44 697
69 697
49 698
68 698
70 699
54 699
53 695
30 701
35 702
41 702
59 703
25 703
9 704
22 705
19 705
40 706
60 706
55 706
33 707
36 707
10 708
14 708
47 709
69 710
27 700
45 711
50 711
38 712
2 712
34 713
18 713
17 715
32 715
39 715
58 718
51 719
31 720
29 722
59 722
24 697
43 714
5 716
62 723
57 723
32 721
6 724
11 724
12 714
38 714
67 725
21 725
46 726
7 728
40 728
49 731
16 732
26 733
60 734
52 729
56 730
48 737
28 738
70 739
15 701
34 701
17 741
32 741
38 742
12 742
30 744
65 736
45 731
42 717
29 737
34 746
22 733
48 717
67 730
67 748
1 727
38 751
49 752
42 737
29 749
26 753
3 695
53 721
56 756
62 757
24 755
8 692
64 743
6 701
7 750
70 754
33 719
12 751
51 747
23 740
4 745
13 696
42 759
28 758
65 760
67 756
26 756
17 757
43 742
