2 521 1.06874
19 522 1.31287
9 523 1.33747
31 524 1.44745
14 525 1.46058
13 526 1.46072
17 527 1.46671
29 528 1.61891
8 529 1.69598
16 530 1.7058
1 531 1.83359
4 532 1.84995
38 533 1.87235
35 534 1.93913
34 535 2.43256
27 536 2.70795
18 537 2.9066
3 538 2.98027
15 539 3.03677
7 540 3.05242
30 541 3.43067
31 542 3.47787
32 543 3.56003
40 544 4.03444
2 545 4.28349
19 546 4.491
37 547 4.513
28 548 4.55484
21 549 4.57013
9 550 4.6228
11 551 4.72919
17 552 4.75554
22 553 4.81711
27 554 5.23698
15 555 5.47604
38 556 5.54382
16 557 5.70822
32 558 6.36235
12 559 7.13883
40 560 7.29334
11 561 7.543
28 562 8.06911
19 563 8.74134
21 564 9.10795
12 565 9.19705
33 566 9.20139
22 567 9.37259
7 568 9.76206
