12 111 0 100 0.5 2.19332 2.69332
2 101 0 100 3 1.02611 4.02611
2 119 0 100 1 3.14303 4.14303
43 109 0 100 3 1.88695 4.88695
38 122 0 100 2.5 3.42028 5.92028
14 102 0 100 5 1.08778 6.08778
4 117 0 100 4 3.09237 7.09237
33 126 0 100 2.5 4.63127 7.13127
37 120 0 100 4.5 3.27688 7.77688
41 131 0 100 1.5 6.44893 7.94893
46 136 0 100 1.16701e-08 7.98294 7.98294
41 110 0 100 6 2.06383 8.06383
49 104 0 100 7 1.12483 8.12483
36 118 0 100 5.5 3.09762 8.59762
36 129 0 100 2.5 6.1904 8.6904
19 127 0 100 4.5 4.76148 9.26148
19 140 0 100 1.16701e-08 9.30385 9.30385
32 112 0 100 7 2.45238 9.45238
23 141 0 100 1.16701e-08 9.84504 9.84504
23 130 0 100 3.5 6.34858 9.84858
43 128 0 100 4 6.12008 10.1201
27 132 0 100 3.5 7.17471 10.6747
27 123 0 100 7 3.7804 10.7804
14 137 0 100 3 8.25993 11.2599
5 124 0 100 7.5 4.15075 11.6508
5 108 0 100 10 1.73909 11.7391
47 115 0 100 11 2.95664 13.9566
32 133 0 100 7.5 7.29094 14.7909
