3 254 1.01215
61 255 1.05533
44 256 1.09348
80 257 1.10871
66 258 1.12594
2 259 1.12818
74 260 1.16675
12 261 1.17054
60 262 1.23798
7 263 1.2716
33 264 1.34318
38 265 1.7161
69 266 1.76285
17 267 1.78837
35 268 1.83823
50 269 2.06234
27 270 2.12524
75 271 2.18453
42 272 2.26414
72 273 2.53874
79 274 2.62927
73 275 2.76966
77 276 2.79463
68 277 2.84054
21 278 2.9172
78 279 3.07216
55 280 3.29466
54 281 3.32171
11 282 3.33561
71 283 3.51306
19 284 3.60993
46 285 3.66582
31 286 3.81068
7 287 4.01393
80 288 4.20191
12 289 4.22777
74 290 4.2306
41 291 4.30273
14 292 4.4805
73 293 5.16993
78 294 5.2623
33 295 5.34335
21 296 5.57102
54 297 6.01761
35 298 6.17556
7 299 6.50855
50 300 6.81593
72 301 7.01402
34 302 7.02977
73 303 7.48378
71 304 7.89563
74 305 7.89759
33 306 7.92368
80 307 8.3125
14 308 8.97919
62 309 9.28107
65 310 9.36548
7 311 9.59233
54 312 9.79217
35 313 9.9649
