7 2016 0 100 1.16701e-08 1.16209 1.16209
42 2019 0 100 0.5 1.29017 1.79017
37 2024 0 100 0.5 1.5148 2.0148
59 2035 0 100 0.5 1.8871 2.3871
52 2037 0 100 0.5 1.99501 2.49501
46 2055 0 100 1.16701e-08 3.00009 3.00009
27 2061 0 100 1.16701e-08 3.18756 3.18756
4 2087 0 100 1.16701e-08 4.18694 4.18694
2 2048 0 100 2 2.42285 4.42285
55 2064 0 100 1.5 3.30722 4.80722
24 2026 0 100 3.5 1.55771 5.05771
39 2043 0 100 3.5 2.25739 5.75739
39 2114 0 100 1.16701e-08 5.77881 5.77881
33 2091 0 100 1.5 4.45493 5.95493
9 2123 0 100 1.16701e-08 6.20725 6.20725
56 2044 0 100 4 2.29518 6.29518
54 2022 0 100 5 1.41569 6.41569
51 2128 0 100 1.16701e-08 6.49758 6.49758
45 2047 0 100 4.5 2.40164 6.90164
42 2127 0 100 0.5 6.45902 6.95902
29 2014 0 100 6 1.04147 7.04147
26 2085 0 100 3.5 4.16385 7.66385
38 2144 0 100 0.5 7.52644 8.02644
38 2058 0 100 5 3.05426 8.05426
43 2030 0 100 6.5 1.69224 8.19224
6 2075 0 100 4.5 3.765 8.265
46 2118 0 100 2.5 5.87803 8.37803
50 2078 0 100 4.5 3.92008 8.42008
17 2076 0 100 5 3.78687 8.78688
60 2080 0 100 5 3.93826 8.93826
40 2063 0 100 6 3.30131 9.30131
4 2140 0 100 2 7.33118 9.33118
14 2038 0 100 7.5 2.02098 9.52098
44 2059 0 100 7 3.09531 10.0953
34 2040 0 100 8 2.09656 10.0966
58 2071 0 100 6.5 3.59831 10.0983
16 2017 0 100 9 1.18691 10.1869
34 2116 0 100 4.5 5.83329 10.3333
8 2034 0 100 8.5 1.87453 10.3745
47 2154 0 100 2.5 8.39226 10.8923
30 2069 0 100 7.5 3.56512 11.0651
51 2070 0 100 8 3.57943 11.5794
54 2159 0 100 3 8.72049 11.7205
28 2046 0 100 10 2.39176 12.3918
28 2110 0 100 7 5.48947 12.4895
20 2092 0 100 8 4.5094 12.5094
10 2096 0 100 8 4.61007 12.6101
57 2083 0 100 8.5 4.12961 12.6296
36 2086 0 100 8.5 4.18512 12.6851
59 2175 0 100 3 9.8487 12.8487
26 2143 0 100 5.5 7.47505 12.975
3 2100 0 100 8.5 4.86326 13.3633
6 2120 0 100 7.5 5.94216 13.4422
1 2103 0 100 8.5 4.98093 13.4809
27 2131 0 100 7 6.64025 13.6403
2 2109 0 100 9.5 5.44173 14.9417
