13 1234 0 100 2.5 1.10838 3.60838
15 1269 0 100 0.5 3.324 3.824
2 1238 0 100 2.5 1.40502 3.90502
11 1241 0 100 2.5 1.56052 4.06052
4 1243 0 100 4.5 1.67372 6.17372
8 1279 0 100 2.5 4.03064 6.53064
6 1260 0 100 4 2.75501 6.75501
10 1276 0 100 3.5 4.00278 7.50278
17 1281 0 100 4 4.20255 8.20255
14 1256 0 100 6 2.53511 8.53511
12 1264 0 100 5.5 3.08311 8.58311
13 1324 0 100 1 7.86641 8.86641
2 1308 0 100 2.5 6.5613 9.0613
15 1310 0 100 2.5 6.6702 9.1702
3 1252 0 100 7 2.26605 9.26605
3 1305 0 100 3 6.36445 9.36445
20 1245 0 100 8 1.71887 9.71887
1 1247 0 100 8 1.87722 9.87722
7 1277 0 100 6 4.0065 10.0065
4 1342 0 100 2 9.53504 11.535
9 1266 0 100 8.5 3.1971 11.6971
19 1347 0 100 2 9.99777 11.9978
6 1320 0 100 4.5 7.53877 12.0388
5 1289 0 100 8.5 4.90798 13.408
