29 2014 1.04147
7 2016 1.16209
16 2017 1.18691
42 2019 1.29017
32 2020 1.29875
54 2022 1.41569
37 2024 1.5148
24 2026 1.55771
9 2027 1.58987
50 2029 1.6387
43 2030 1.69224
12 2033 1.86098
8 2034 1.87453
59 2035 1.8871
52 2037 1.99501
14 2038 2.02098
34 2040 2.09656
39 2043 2.25739
56 2044 2.29518
28 2046 2.39176
45 2047 2.40164
2 2048 2.42285
46 2055 3.00009
48 2056 3.01636
38 2058 3.05426
44 2059 3.09531
27 2061 3.18756
40 2063 3.30131
55 2064 3.30722
11 2067 3.50141
30 2069 3.56512
51 2070 3.57943
58 2071 3.59831
23 2073 3.65468
6 2075 3.765
17 2076 3.78687
50 2078 3.92008
60 2080 3.93826
21 2081 3.98146
57 2083 4.12961
26 2085 4.16385
36 2086 4.18512
4 2087 4.18694
33 2091 4.45493
20 2092 4.5094
49 2094 4.57233
15 2095 4.58659
10 2096 4.61007
3 2100 4.86326
13 2101 4.86724
1 2103 4.98093
2 2109 5.44173
28 2110 5.48947
39 2114 5.77881
34 2116 5.83329
24 2117 5.87187
46 2118 5.87803
6 2120 5.94216
9 2123 6.20725
42 2127 6.45902
51 2128 6.49758
27 2131 6.64025
31 2136 7.0383
30 2137 7.11159
4 2140 7.33118
26 2143 7.47505
38 2144 7.52644
47 2154 8.39226
22 2155 8.43216
54 2159 8.72049
35 2162 8.8834
55 2166 9.22927
51 2171 9.54912
59 2175 9.8487
9 2176 9.85514
56 2178 9.98431
