0 2716
0 2717
0 2718
0 2719
0 2720
0 2721
0 2722
0 2723
0 2724
0 2725
0 2726
0 2728
49 2731
0 2732
0 2734
24 2735
0 2737
0 2740
0 2742
7 2744
0 2745
63 2746
73 2733
0 2747
0 2751
32 2752
0 2754
81 2727
2 2741
57 2755
80 2755
0 2756
70 2757
43 2759
54 2759
86 2759
0 2760
41 2764
0 2765
55 2766
88 2749
0 2767
27 2738
3 2769
0 2771
0 2775
31 2729
28 2777
0 2778
87 2779
15 2780
0 2782
38 2736
17 2750
89 2750
0 2784
21 2768
0 2787
42 2788
0 2790
34 2791
0 2792
26 2764
0 2794
76 2795
5 2766
0 2797
54 2785
79 2786
22 2739
0 2801
5 2802
0 2804
16 2758
74 2805
80 2806
53 2806
0 2807
0 2809
0 2811
39 2770
61 2770
70 2770
0 2812
29 2813
59 2789
83 2814
8 2774
0 2816
0 2820
89 2821
62 2823
0 2824
0 2825
46 2753
25 2828
0 2829
88 2831
17 2831
0 2833
0 2835
58 2761
27 2821
0 2838
61 2841
0 2842
0 2844
6 2814
56 2815
0 2845
10 2834
0 2848
30 2748
0 2850
0 2852
0 2855
0 2856
21 2857
0 2858
0 2859
50 2799
63 2843
0 2861
0 2862
0 2864
66 2779
0 2865
74 2866
60 2839
0 2867
18 2770
0 2869
0 2870
23 2757
55 2873
70 2863
0 2874
0 2875
12 2810
0 2877
0 2879
20 2772
35 2803
2 2853
82 2741
41 2881
87 2854
66 2854
0 2882
13 2743
33 2819
0 2883
0 2884
29 2876
0 2886
1 2752
0 2887
73 2813
85 2830
79 2880
0 2889
0 2891
32 2821
0 2894
9 2749
71 2750
0 2895
40 2800
0 2896
0 2897
81 2846
0 2899
78 2781
0 2900
48 2783
44 2796
0 2901
11 2798
38 2851
0 2903
34 2881
0 2904
42 2871
31 2758
65 2776
0 2905
75 2837
90 2822
0 2906
70 2907
0 2908
0 2909
89 2888
0 2910
69 2817
67 2730
22 2872
47 2777
0 2911
16 2857
0 2912
88 2913
0 2914
77 2826
0 2915
0 2916
0 2918
51 2836
4 2763
0 2919
29 2921
0 2922
0 2923
0 2924
83 2890
14 2818
0 2925
0 2926
56 2885
0 2927
0 2928
0 2929
84 2731
0 2930
30 2892
0 2931
64 2735
24 2849
49 2840
0 2932
43 2878
0 2933
72 2755
0 2934
68 2806
0 2935
53 2808
0 2936
80 2839
0 2937
0 2938
36 2832
60 2854
0 2939
0 2940
58 2893
4 2893
0 2941
23 2907
0 2942
0 2943
37 2773
0 2944
0 2945
0 2946
13 2921
0 2947
0 2948
0 2949
0 2950
0 2951
82 2920
0 2952
0 2953
0 2954
0 2955
40 2857
0 2956
9 2913
0 2957
0 2958
0 2959
0 2960
19 2762
0 2961
0 2962
0 2963
0 2964
0 2965
0 2966
0 2967
28 2753
0 2968
0 2969
59 2898
0 2970
0 2971
0 2972
