2 0.8 0.048 0.752
14 0.8 0.048 0.752
10 0.8 0.048 0.752
15 0.8 0.048 0.752
14 0.752 0.096 0.656
14 0.656 0.16 0.496
10 0.752 0.16 0.592
10 0.592 0.016 0.576
14 0.496 0.016 0.48
10 0.576 0.048 0.528
14 0.48 0.048 0.432
15 0.752 0.048 0.704
10 0.528 0.048 0.48
10 0.48 0.16 0.32
15 0.704 0.16 0.544
14 0.432 0.16 0.272
15 0.544 0.16 0.384
8 0.8 0.048 0.752
12 0.8 0.048 0.752
16 0.8 0.048 0.752
18 0.8 0.048 0.752
12 0.752 0.096 0.656
12 0.656 0.16 0.496
16 0.752 0.16 0.592
16 0.592 0.016 0.576
12 0.496 0.016 0.48
16 0.576 0.048 0.528
12 0.48 0.048 0.432
18 0.752 0.048 0.704
16 0.528 0.096 0.432
16 0.432 0.16 0.272
18 0.704 0.16 0.544
16 0.272 0.016 0.256
12 0.432 0.16 0.272
18 0.544 0.16 0.384
11 0.8 0.048 0.752
1 0.8 0.048 0.752
11 0.752 0.048 0.704
11 0.704 0.16 0.544
1 0.752 0.16 0.592
1 0.592 0.016 0.576
11 0.544 0.016 0.528
1 0.576 0.048 0.528
7 0.8 0.048 0.752
11 0.528 0.048 0.48
1 0.528 0.048 0.48
1 0.48 0.16 0.32
7 0.752 0.16 0.592
7 0.592 0.016 0.576
1 0.32 0.016 0.304
7 0.576 0.048 0.528
1 0.304 0.048 0.256
11 0.48 0.16 0.32
13 0.8 0.048 0.752
9 0.8 0.048 0.752
13 0.752 0.048 0.704
13 0.704 0.16 0.544
9 0.752 0.16 0.592
9 0.592 0.016 0.576
13 0.544 0.016 0.528
9 0.576 0.048 0.528
13 0.528 0.048 0.48
2 0.8 0.048 0.752
20 0.8 0.048 0.752
8 0.8 0.048 0.752
7 0.8 0.048 0.752
1 0.624273 0.048 0.576273
9 0.8 0.048 0.752
13 0.8 0.048 0.752
2 0.8 0.048 0.752
20 0.8 0.048 0.752
15 0.8 0.048 0.752
10 0.8 0.048 0.752
14 0.8 0.048 0.752
15 0.752 0.048 0.704
15 0.704 0.16 0.544
10 0.752 0.16 0.592
14 0.752 0.16 0.592
14 0.592 0.016 0.576
15 0.544 0.016 0.528
14 0.576 0.048 0.528
10 0.592 0.048 0.544
15 0.528 0.048 0.48
1 0.725971 0.048 0.677971
7 0.8 0.048 0.752
11 0.8 0.048 0.752
1 0.677971 0.048 0.629971
1 0.629971 0.16 0.469971
7 0.752 0.16 0.592
11 0.752 0.16 0.592
11 0.592 0.016 0.576
1 0.469971 0.016 0.453971
11 0.576 0.048 0.528
1 0.453971 0.048 0.405971
7 0.592 0.048 0.544
8 0.8 0.048 0.752
7 0.694202 0.048 0.646202
1 0.637287 0.048 0.589287
9 0.8 0.048 0.752
13 0.8 0.048 0.752
2 0.8 0.048 0.752
2 0.752 0.048 0.704
2 0.704 0.16 0.544
2 0.544 0.016 0.528
20 0.8 0.048 0.752
14 0.8 0.048 0.752
10 0.8 0.048 0.752
15 0.8 0.048 0.752
11 0.8 0.048 0.752
1 0.736131 0.048 0.688131
8 0.8 0.048 0.752
5 0.8 0.048 0.752
5 0.752 0.048 0.704
5 0.704 0.16 0.544
5 0.544 0.016 0.528
4 0.8 0.048 0.752
3 0.8 0.048 0.752
19 0.8 0.048 0.752
4 0.752 0.096 0.656
4 0.656 0.16 0.496
3 0.752 0.16 0.592
3 0.592 0.016 0.576
4 0.496 0.016 0.48
3 0.576 0.048 0.528
4 0.48 0.048 0.432
19 0.752 0.048 0.704
3 0.528 0.048 0.48
3 0.48 0.16 0.32
19 0.704 0.16 0.544
4 0.432 0.16 0.272
19 0.544 0.16 0.384
7 0.8 0.048 0.752
9 0.8 0.048 0.752
13 0.8 0.048 0.752
20 0.8 0.048 0.752
14 0.8 0.048 0.752
10 0.8 0.048 0.752
15 0.8 0.048 0.752
11 0.8 0.048 0.752
1 0.8 0.048 0.752
8 0.8 0.048 0.752
7 0.8 0.048 0.752
1 0.8 0.048 0.752
9 0.8 0.048 0.752
13 0.8 0.048 0.752
20 0.8 0.048 0.752
20 0.752 0.048 0.704
20 0.704 0.16 0.544
20 0.544 0.016 0.528
14 0.8 0.048 0.752
10 0.8 0.048 0.752
15 0.8 0.048 0.752
11 0.8 0.048 0.752
1 0.8 0.048 0.752
8 0.8 0.048 0.752
17 0.8 0.048 0.752
7 0.8 0.048 0.752
1 0.8 0.048 0.752
9 0.8 0.048 0.752
13 0.8 0.048 0.752
14 0.8 0.048 0.752
10 0.8 0.048 0.752
15 0.8 0.048 0.752
11 0.8 0.048 0.752
1 0.8 0.048 0.752
6 0.8 0.048 0.752
8 0.8 0.048 0.752
17 0.8 0.048 0.752
19 0.8 0.048 0.752
3 0.8 0.048 0.752
7 0.8 0.048 0.752
1 0.8 0.048 0.752
9 0.8 0.048 0.752
13 0.8 0.048 0.752
18 0.8 0.048 0.752
12 0.8 0.048 0.752
16 0.8 0.048 0.752
18 0.752 0.096 0.656
18 0.656 0.16 0.496
12 0.752 0.16 0.592
12 0.592 0.016 0.576
18 0.496 0.016 0.48
12 0.576 0.048 0.528
16 0.752 0.048 0.704
18 0.48 0.048 0.432
12 0.528 0.048 0.48
12 0.48 0.16 0.32
16 0.704 0.16 0.544
16 0.544 0.16 0.384
18 0.432 0.16 0.272
16 0.461321 0.048 0.413321
12 0.32 0.048 0.272
18 0.272 0.048 0.224
14 0.8 0.048 0.752
10 0.8 0.048 0.752
15 0.8 0.048 0.752
14 0.752 0.048 0.704
14 0.704 0.16 0.544
14 0.544 0.016 0.528
10 0.752 0.16 0.592
15 0.752 0.16 0.592
11 0.8 0.048 0.752
1 0.8 0.048 0.752
6 0.8 0.048 0.752
8 0.8 0.048 0.752
13 0.8 0.048 0.752
9 0.8 0.048 0.752
17 0.8 0.048 0.752
19 0.8 0.048 0.752
3 0.8 0.048 0.752
7 0.8 0.048 0.752
1 0.8 0.048 0.752
9 0.8 0.048 0.752
13 0.8 0.048 0.752
1 0.8 0.048 0.752
7 0.8 0.048 0.752
11 0.8 0.048 0.752
5 0.8 0.048 0.752
16 0.792593 0.048 0.744593
12 0.647215 0.048 0.599215
18 0.600735 0.048 0.552735
16 0.744593 0.048 0.696593
16 0.696593 0.16 0.536593
12 0.599215 0.16 0.439215
18 0.552735 0.16 0.392735
15 0.8 0.048 0.752
10 0.8 0.048 0.752
14 0.8 0.048 0.752
15 0.752 0.048 0.704
15 0.704 0.16 0.544
10 0.752 0.16 0.592
14 0.752 0.16 0.592
14 0.592 0.016 0.576
15 0.544 0.016 0.528
14 0.576 0.048 0.528
10 0.592 0.048 0.544
15 0.528 0.048 0.48
11 0.8 0.048 0.752
1 0.8 0.048 0.752
6 0.8 0.048 0.752
8 0.8 0.048 0.752
13 0.8 0.048 0.752
9 0.8 0.048 0.752
17 0.8 0.048 0.752
19 0.8 0.048 0.752
3 0.8 0.048 0.752
7 0.8 0.048 0.752
1 0.8 0.048 0.752
11 0.8 0.048 0.752
9 0.8 0.048 0.752
13 0.8 0.048 0.752
1 0.8 0.048 0.752
7 0.8 0.048 0.752
11 0.8 0.048 0.752
5 0.8 0.048 0.752
14 0.8 0.048 0.752
10 0.8 0.048 0.752
15 0.8 0.048 0.752
11 0.8 0.048 0.752
1 0.8 0.048 0.752
6 0.8 0.048 0.752
8 0.8 0.048 0.752
20 0.8 0.048 0.752
13 0.8 0.048 0.752
9 0.8 0.048 0.752
17 0.8 0.048 0.752
19 0.8 0.048 0.752
3 0.8 0.048 0.752
7 0.8 0.048 0.752
1 0.8 0.048 0.752
9 0.8 0.048 0.752
13 0.8 0.048 0.752
1 0.8 0.048 0.752
7 0.8 0.048 0.752
11 0.8 0.048 0.752
1 0.752 0.048 0.704
1 0.704 0.16 0.544
1 0.544 0.016 0.528
7 0.752 0.16 0.592
11 0.752 0.16 0.592
5 0.8 0.048 0.752
2 0.8 0.048 0.752
14 0.8 0.048 0.752
10 0.8 0.048 0.752
15 0.8 0.048 0.752
11 0.665721 0.048 0.617721
1 0.600225 0.048 0.552225
7 0.67055 0.048 0.62255
11 0.617721 0.048 0.569721
11 0.569721 0.16 0.409721
11 0.409721 0.016 0.393721
1 0.552225 0.16 0.392225
7 0.62255 0.16 0.46255
6 0.8 0.048 0.752
11 0.393721 0.048 0.345721
1 0.392225 0.048 0.344225
7 0.46255 0.048 0.41455
11 0.345721 0.048 0.297721
11 0.297721 0.16 0.137721
11 0.137721 0.016 0.121721
1 0.344225 0.16 0.184225
7 0.41455 0.16 0.25455
8 0.8 0.048 0.752
20 0.8 0.048 0.752
13 0.8 0.048 0.752
9 0.8 0.048 0.752
17 0.8 0.048 0.752
19 0.8 0.048 0.752
3 0.8 0.048 0.752
4 0.8 0.048 0.752
19 0.752 0.048 0.704
19 0.704 0.16 0.544
3 0.752 0.16 0.592
4 0.752 0.16 0.592
4 0.592 0.016 0.576
19 0.544 0.016 0.528
4 0.576 0.048 0.528
3 0.592 0.048 0.544
19 0.528 0.048 0.48
7 0.40569 0.048 0.35769
1 0.420079 0.048 0.372079
11 0.272619 0.048 0.224619
9 0.8 0.048 0.752
13 0.8 0.048 0.752
5 0.8 0.048 0.752
2 0.8 0.048 0.752
14 0.8 0.048 0.752
10 0.8 0.048 0.752
15 0.8 0.048 0.752
6 0.8 0.048 0.752
8 0.8 0.048 0.752
20 0.8 0.048 0.752
13 0.8 0.048 0.752
9 0.8 0.048 0.752
17 0.8 0.048 0.752
4 0.8 0.048 0.752
3 0.8 0.048 0.752
19 0.8 0.048 0.752
7 0.731557 0.048 0.683557
1 0.739848 0.048 0.691848
11 0.596877 0.048 0.548877
9 0.8 0.048 0.752
13 0.8 0.048 0.752
5 0.8 0.048 0.752
2 0.8 0.048 0.752
14 0.8 0.048 0.752
10 0.8 0.048 0.752
15 0.8 0.048 0.752
18 0.8 0.048 0.752
12 0.8 0.048 0.752
16 0.8 0.048 0.752
6 0.8 0.048 0.752
8 0.8 0.048 0.752
8 0.752 0.048 0.704
8 0.704 0.16 0.544
8 0.544 0.016 0.528
20 0.8 0.048 0.752
13 0.8 0.048 0.752
9 0.8 0.048 0.752
17 0.8 0.048 0.752
4 0.8 0.048 0.752
3 0.8 0.048 0.752
19 0.8 0.048 0.752
7 0.8 0.048 0.752
1 0.8 0.048 0.752
9 0.8 0.048 0.752
13 0.8 0.048 0.752
5 0.8 0.048 0.752
2 0.8 0.048 0.752
2 0.752 0.048 0.704
2 0.704 0.16 0.544
2 0.544 0.016 0.528
14 0.8 0.048 0.752
10 0.8 0.048 0.752
15 0.8 0.048 0.752
18 0.8 0.048 0.752
12 0.8 0.048 0.752
16 0.8 0.048 0.752
6 0.8 0.048 0.752
20 0.8 0.048 0.752
13 0.8 0.048 0.752
9 0.8 0.048 0.752
17 0.8 0.048 0.752
4 0.8 0.048 0.752
3 0.8 0.048 0.752
7 0.8 0.048 0.752
1 0.8 0.048 0.752
9 0.8 0.048 0.752
13 0.8 0.048 0.752
5 0.8 0.048 0.752
5 0.752 0.048 0.704
5 0.704 0.16 0.544
5 0.544 0.016 0.528
14 0.8 0.048 0.752
10 0.8 0.048 0.752
15 0.8 0.048 0.752
18 0.8 0.048 0.752
12 0.8 0.048 0.752
16 0.8 0.048 0.752
6 0.8 0.048 0.752
11 0.8 0.048 0.752
1 0.8 0.048 0.752
11 0.752 0.048 0.704
11 0.704 0.16 0.544
1 0.752 0.16 0.592
1 0.592 0.016 0.576
11 0.544 0.016 0.528
1 0.576 0.048 0.528
7 0.8 0.048 0.752
11 0.528 0.048 0.48
20 0.8 0.048 0.752
13 0.8 0.048 0.752
9 0.8 0.048 0.752
17 0.8 0.048 0.752
4 0.8 0.048 0.752
3 0.8 0.048 0.752
7 0.8 0.048 0.752
1 0.676119 0.048 0.628119
11 0.559382 0.048 0.511382
9 0.8 0.048 0.752
13 0.8 0.048 0.752
19 0.8 0.048 0.752
3 0.8 0.048 0.752
4 0.8 0.048 0.752
14 0.8 0.048 0.752
10 0.8 0.048 0.752
15 0.8 0.048 0.752
18 0.8 0.048 0.752
12 0.8 0.048 0.752
16 0.8 0.048 0.752
6 0.8 0.048 0.752
1 0.8 0.048 0.752
7 0.8 0.048 0.752
11 0.8 0.048 0.752
20 0.8 0.048 0.752
20 0.752 0.048 0.704
20 0.704 0.16 0.544
20 0.544 0.016 0.528
13 0.8 0.048 0.752
9 0.8 0.048 0.752
17 0.8 0.048 0.752
4 0.8 0.048 0.752
3 0.8 0.048 0.752
7 0.8 0.048 0.752
1 0.8 0.048 0.752
9 0.8 0.048 0.752
13 0.8 0.048 0.752
19 0.8 0.048 0.752
3 0.8 0.048 0.752
19 0.752 0.048 0.704
19 0.704 0.16 0.544
19 0.544 0.016 0.528
3 0.752 0.16 0.592
14 0.8 0.048 0.752
10 0.8 0.048 0.752
15 0.8 0.048 0.752
18 0.8 0.048 0.752
12 0.8 0.048 0.752
16 0.8 0.048 0.752
6 0.8 0.048 0.752
15 0.8 0.048 0.752
10 0.8 0.048 0.752
14 0.8 0.048 0.752
1 0.8 0.048 0.752
7 0.8 0.048 0.752
11 0.8 0.048 0.752
13 0.8 0.048 0.752
9 0.8 0.048 0.752
13 0.752 0.048 0.704
13 0.704 0.16 0.544
13 0.544 0.016 0.528
9 0.752 0.16 0.592
17 0.8 0.048 0.752
4 0.8 0.048 0.752
3 0.8 0.048 0.752
7 0.8 0.048 0.752
1 0.8 0.048 0.752
9 0.667157 0.048 0.619157
13 0.601085 0.048 0.553085
9 0.619157 0.048 0.571157
9 0.571157 0.16 0.411157
9 0.411157 0.016 0.395157
13 0.553085 0.16 0.393085
14 0.8 0.048 0.752
10 0.8 0.048 0.752
15 0.8 0.048 0.752
18 0.8 0.048 0.752
12 0.8 0.048 0.752
16 0.8 0.048 0.752
6 0.8 0.048 0.752
15 0.8 0.048 0.752
10 0.8 0.048 0.752
14 0.8 0.048 0.752
1 0.8 0.048 0.752
7 0.8 0.048 0.752
11 0.8 0.048 0.752
17 0.8 0.048 0.752
4 0.8 0.048 0.752
3 0.8 0.048 0.752
7 0.8 0.048 0.752
1 0.8 0.048 0.752
14 0.8 0.048 0.752
10 0.8 0.048 0.752
15 0.8 0.048 0.752
18 0.8 0.048 0.752
12 0.8 0.048 0.752
16 0.8 0.048 0.752
6 0.8 0.048 0.752
15 0.8 0.048 0.752
10 0.8 0.048 0.752
14 0.8 0.048 0.752
1 0.8 0.048 0.752
7 0.8 0.048 0.752
11 0.8 0.048 0.752
17 0.8 0.048 0.752
4 0.8 0.048 0.752
3 0.8 0.048 0.752
7 0.8 0.048 0.752
1 0.8 0.048 0.752
14 0.8 0.048 0.752
10 0.8 0.048 0.752
15 0.8 0.048 0.752
18 0.8 0.048 0.752
12 0.8 0.048 0.752
16 0.8 0.048 0.752
6 0.8 0.048 0.752
6 0.752 0.048 0.704
6 0.704 0.16 0.544
6 0.544 0.016 0.528
15 0.8 0.048 0.752
10 0.8 0.048 0.752
14 0.8 0.048 0.752
1 0.8 0.048 0.752
7 0.8 0.048 0.752
11 0.8 0.048 0.752
17 0.8 0.048 0.752
4 0.8 0.048 0.752
3 0.8 0.048 0.752
7 0.8 0.048 0.752
1 0.8 0.048 0.752
14 0.8 0.048 0.752
10 0.8 0.048 0.752
15 0.8 0.048 0.752
18 0.8 0.048 0.752
12 0.8 0.048 0.752
16 0.8 0.048 0.752
15 0.8 0.048 0.752
10 0.8 0.048 0.752
14 0.8 0.048 0.752
1 0.8 0.048 0.752
7 0.8 0.048 0.752
11 0.8 0.048 0.752
1 0.752 0.048 0.704
1 0.704 0.16 0.544
1 0.544 0.016 0.528
7 0.752 0.16 0.592
11 0.752 0.16 0.592
17 0.8 0.048 0.752
4 0.8 0.048 0.752
3 0.8 0.048 0.752
7 0.669288 0.048 0.621288
1 0.683546 0.048 0.635546
14 0.8 0.048 0.752
10 0.8 0.048 0.752
15 0.8 0.048 0.752
18 0.8 0.048 0.752
12 0.8 0.048 0.752
16 0.8 0.048 0.752
15 0.8 0.048 0.752
10 0.8 0.048 0.752
14 0.8 0.048 0.752
17 0.8 0.048 0.752
4 0.8 0.048 0.752
3 0.8 0.048 0.752
7 0.8 0.048 0.752
1 0.8 0.048 0.752
14 0.8 0.048 0.752
10 0.8 0.048 0.752
15 0.8 0.048 0.752
18 0.8 0.048 0.752
12 0.8 0.048 0.752
16 0.8 0.048 0.752
15 0.8 0.048 0.752
10 0.8 0.048 0.752
14 0.8 0.048 0.752
17 0.8 0.048 0.752
4 0.8 0.048 0.752
3 0.8 0.048 0.752
7 0.8 0.048 0.752
1 0.8 0.048 0.752
14 0.8 0.048 0.752
10 0.8 0.048 0.752
15 0.8 0.048 0.752
18 0.8 0.048 0.752
12 0.8 0.048 0.752
16 0.8 0.048 0.752
15 0.8 0.048 0.752
10 0.8 0.048 0.752
14 0.8 0.048 0.752
17 0.8 0.048 0.752
4 0.8 0.048 0.752
3 0.8 0.048 0.752
19 0.8 0.048 0.752
7 0.8 0.048 0.752
1 0.8 0.048 0.752
14 0.8 0.048 0.752
10 0.8 0.048 0.752
15 0.8 0.048 0.752
18 0.8 0.048 0.752
12 0.8 0.048 0.752
16 0.8 0.048 0.752
15 0.8 0.048 0.752
10 0.8 0.048 0.752
14 0.8 0.048 0.752
17 0.8 0.048 0.752
17 0.752 0.048 0.704
17 0.704 0.16 0.544
17 0.544 0.016 0.528
4 0.8 0.048 0.752
3 0.8 0.048 0.752
19 0.8 0.048 0.752
7 0.8 0.048 0.752
1 0.8 0.048 0.752
14 0.8 0.048 0.752
10 0.8 0.048 0.752
15 0.8 0.048 0.752
18 0.8 0.048 0.752
12 0.8 0.048 0.752
16 0.8 0.048 0.752
15 0.8 0.048 0.752
10 0.8 0.048 0.752
14 0.8 0.048 0.752
4 0.8 0.048 0.752
7 0.8 0.048 0.752
1 0.8 0.048 0.752
11 0.8 0.048 0.752
14 0.8 0.048 0.752
10 0.8 0.048 0.752
15 0.8 0.048 0.752
18 0.8 0.048 0.752
12 0.8 0.048 0.752
16 0.8 0.048 0.752
15 0.8 0.048 0.752
10 0.8 0.048 0.752
14 0.8 0.048 0.752
4 0.8 0.048 0.752
4 0.752 0.048 0.704
4 0.704 0.16 0.544
4 0.544 0.016 0.528
7 0.8 0.048 0.752
1 0.8 0.048 0.752
11 0.8 0.048 0.752
14 0.8 0.048 0.752
10 0.8 0.048 0.752
15 0.8 0.048 0.752
18 0.8 0.048 0.752
12 0.8 0.048 0.752
16 0.8 0.048 0.752
15 0.8 0.048 0.752
10 0.8 0.048 0.752
14 0.8 0.048 0.752
