7 535 0 100 1.2 2.67078 3.17078
25 540 0 100 1.2 3.23977 3.73977
35 549 0 100 0.7 3.85471 3.85471
9 541 0 100 1.7 3.24597 4.24597
26 554 0 100 2.7 4.30749 6.30749
33 552 0 100 3.2 4.08872 6.58872
15 560 0 100 0.7 6.66823 6.66823
24 558 0 100 2.7 4.85867 6.85867
24 561 0 100 0.7 6.86726 6.86726
15 532 0 100 5.7 2.04262 7.04262
27 563 0 100 0.7 7.26131 7.26131
27 550 0 100 4.2 3.85772 7.35772
4 543 0 100 5.2 3.32173 7.82173
10 539 0 100 6.2 3.17055 8.67055
8 556 0 100 5.7 4.66195 9.66195
19 569 0 100 1.7 8.86844 9.86844
2 555 0 100 7.2 4.32509 10.8251
37 546 0 100 8.2 3.60938 11.1094
21 536 0 100 9.7 2.80851 11.8085
11 551 0 100 9.7 3.87689 12.8769
30 530 0 100 12.2 1.83028 13.3303
7 566 0 100 6.2 8.02533 13.5253
35 562 0 100 8.2 6.93611 14.4361
