54 259
3 259
16 259
56 259
6 259
17 259
14 260
35 260
41 260
37 261
49 261
80 261
11 261
72 262
27 262
59 262
36 262
18 262
4 262
46 262
66 263
9 263
19 263
79 263
28 263
73 263
25 263
33 263
22 263
44 263
16 263
58 265
69 265
34 266
8 266
12 266
21 266
67 266
40 266
64 266
1 266
70 266
7 266
29 266
47 266
61 266
2 266
13 266
5 266
68 266
53 266
57 266
56 272
3 272
24 273
78 264
52 265
33 280
18 268
36 268
49 269
32 269
73 270
51 281
2 282
48 259
13 274
64 275
42 267
69 279
72 268
10 286
23 286
8 283
30 283
3 287
56 287
17 287
9 288
66 288
31 284
29 284
62 284
70 284
15 289
26 289
45 289
59 285
58 279
57 291
53 291
17 294
3 294
29 296
67 297
60 268
58 268
77 290
74 271
66 301
61 295
58 302
72 285
74 285
53 303
59 271
56 299
14 279
18 279
69 268
37 269
72 305
40 267
67 267
71 277
49 306
74 305
75 278
42 297
50 296
67 308
25 292
36 293
72 293
9 301
66 309
29 312
59 305
34 283
39 288
15 311
8 267
60 279
76 273
9 309
24 310
9 316
18 307
55 286
10 313
43 276
20 268
74 293
60 307
36 279
38 269
48 287
65 259
17 299
48 299
44 300
79 288
53 315
57 303
68 291
56 314
17 314
50 312
61 296
49 317
34 267
74 279
