9 145
2 145
14 145
17 146
4 146
29 146
43 146
48 146
49 146
34 146
39 146
60 146
36 147
24 149
10 149
32 149
47 149
1 150
3 150
37 153
7 147
16 147
13 147
31 147
45 155
8 155
46 156
6 156
22 156
54 156
35 156
56 151
51 151
57 158
9 158
18 158
26 158
38 162
50 162
1 162
11 163
27 163
47 165
5 167
43 154
34 154
31 164
15 168
50 169
49 151
52 152
51 161
34 170
6 171
22 171
54 171
44 172
7 166
33 149
27 173
29 151
1 174
16 164
7 164
36 166
50 174
30 148
33 148
23 150
54 175
3 162
55 155
17 180
43 180
45 176
50 177
1 177
35 171
7 182
16 182
20 153
37 167
5 181
53 157
27 185
15 186
16 187
40 146
17 189
56 180
20 190
59 159
54 193
30 191
31 182
7 187
16 195
33 184
38 169
50 192
23 177
55 176
1 194
58 155
41 156
35 193
46 171
24 165
45 188
55 188
6 175
12 167
47 148
28 163
44 179
19 168
49 178
24 148
33 165
25 147
