9 0.8 0.048 0.752
9 0.752 0.048 0.704
9 0.704 0.048 0.656
3 0.8 0.048 0.752
3 0.8 0.048 0.752
3 0.8 0.048 0.752
2 0.8 0.048 0.752
2 0.8 0.048 0.752
6 0.8 0.048 0.752
2 0.8 0.048 0.752
5 0.8 0.048 0.752
5 0.8 0.048 0.752
4 0.8 0.048 0.752
8 0.8 0.048 0.752
6 0.8 0.048 0.752
4 0.8 0.048 0.752
8 0.8 0.048 0.752
10 0.8 0.048 0.752
3 0.8 0.048 0.752
6 0.8 0.048 0.752
4 0.8 0.048 0.752
8 0.8 0.048 0.752
10 0.8 0.048 0.752
6 0.8 0.048 0.752
6 0.8 0.048 0.752
3 0.8 0.048 0.752
2 0.8 0.048 0.752
5 0.8 0.048 0.752
4 0.8 0.048 0.752
6 0.8 0.048 0.752
7 0.8 0.048 0.752
6 0.8 0.048 0.752
9 0.8 0.048 0.752
4 0.8 0.048 0.752
8 0.8 0.048 0.752
4 0.8 0.048 0.752
8 0.8 0.048 0.752
4 0.752 0.048 0.704
8 0.8 0.048 0.752
10 0.8 0.048 0.752
8 0.752 0.048 0.704
3 0.8 0.048 0.752
2 0.8 0.048 0.752
7 0.8 0.048 0.752
6 0.8 0.048 0.752
9 0.8 0.048 0.752
1 0.8 0.048 0.752
4 0.8 0.048 0.752
8 0.8 0.048 0.752
10 0.8 0.048 0.752
7 0.8 0.048 0.752
7 0.8 0.048 0.752
3 0.8 0.048 0.752
2 0.8 0.048 0.752
7 0.8 0.048 0.752
7 0.8 0.048 0.752
7 0.752 0.048 0.704
7 0.704 0.16 0.544
7 0.544 0.016 0.528
6 0.8 0.048 0.752
9 0.8 0.048 0.752
1 0.8 0.048 0.752
4 0.8 0.048 0.752
8 0.8 0.048 0.752
10 0.8 0.048 0.752
10 0.752 0.048 0.704
10 0.704 0.16 0.544
10 0.544 0.016 0.528
10 0.528 0.048 0.48
10 0.558227 0.048 0.510227
3 0.8 0.048 0.752
2 0.8 0.048 0.752
6 0.8 0.048 0.752
9 0.8 0.048 0.752
5 0.8 0.048 0.752
2 0.8 0.048 0.752
1 0.8 0.048 0.752
8 0.8 0.048 0.752
4 0.8 0.048 0.752
4 0.752 0.048 0.704
8 0.752 0.048 0.704
3 0.8 0.048 0.752
2 0.8 0.048 0.752
6 0.8 0.048 0.752
9 0.8 0.048 0.752
5 0.8 0.048 0.752
1 0.8 0.048 0.752
8 0.8 0.048 0.752
4 0.8 0.048 0.752
4 0.752 0.048 0.704
8 0.752 0.048 0.704
3 0.8 0.048 0.752
2 0.8 0.048 0.752
1 0.8 0.048 0.752
6 0.8 0.048 0.752
9 0.8 0.048 0.752
1 0.8 0.048 0.752
5 0.8 0.048 0.752
1 0.8 0.048 0.752
1 0.752 0.048 0.704
8 0.8 0.048 0.752
4 0.8 0.048 0.752
4 0.752 0.048 0.704
8 0.752 0.048 0.704
9 0.8 0.048 0.752
3 0.8 0.048 0.752
2 0.8 0.048 0.752
9 0.8 0.048 0.752
6 0.8 0.048 0.752
9 0.8 0.048 0.752
5 0.8 0.048 0.752
1 0.8 0.048 0.752
3 0.8 0.048 0.752
8 0.8 0.048 0.752
4 0.8 0.048 0.752
4 0.752 0.048 0.704
8 0.752 0.048 0.704
3 0.8 0.048 0.752
3 0.8 0.048 0.752
3 0.752 0.048 0.704
2 0.8 0.048 0.752
6 0.8 0.048 0.752
9 0.8 0.048 0.752
5 0.8 0.048 0.752
1 0.8 0.048 0.752
2 0.8 0.048 0.752
8 0.8 0.048 0.752
4 0.8 0.048 0.752
4 0.752 0.048 0.704
8 0.752 0.048 0.704
2 0.8 0.048 0.752
5 0.8 0.048 0.752
2 0.8 0.048 0.752
5 0.8 0.048 0.752
3 0.8 0.048 0.752
2 0.8 0.048 0.752
5 0.8 0.048 0.752
6 0.8 0.048 0.752
9 0.8 0.048 0.752
5 0.8 0.048 0.752
1 0.8 0.048 0.752
8 0.8 0.048 0.752
4 0.8 0.048 0.752
4 0.752 0.048 0.704
8 0.752 0.048 0.704
3 0.8 0.048 0.752
2 0.8 0.048 0.752
6 0.8 0.048 0.752
9 0.8 0.048 0.752
5 0.8 0.048 0.752
1 0.8 0.048 0.752
8 0.8 0.048 0.752
4 0.8 0.048 0.752
4 0.752 0.048 0.704
8 0.752 0.048 0.704
3 0.8 0.048 0.752
2 0.8 0.048 0.752
5 0.8 0.048 0.752
6 0.8 0.048 0.752
9 0.8 0.048 0.752
6 0.752 0.048 0.704
10 0.8 0.048 0.752
5 0.8 0.048 0.752
2 0.8 0.048 0.752
1 0.8 0.048 0.752
6 0.775646 0.048 0.727646
8 0.8 0.048 0.752
4 0.8 0.048 0.752
4 0.752 0.048 0.704
8 0.752 0.048 0.704
4 0.783972 0.048 0.735972
6 0.799416 0.048 0.751416
4 0.8 0.048 0.752
8 0.779018 0.048 0.731018
3 0.8 0.048 0.752
2 0.8 0.048 0.752
4 0.8 0.048 0.752
8 0.8 0.048 0.752
6 0.8 0.048 0.752
7 0.8 0.048 0.752
9 0.8 0.048 0.752
8 0.8 0.048 0.752
10 0.8 0.048 0.752
5 0.8 0.048 0.752
2 0.8 0.048 0.752
1 0.8 0.048 0.752
8 0.8 0.048 0.752
4 0.8 0.048 0.752
4 0.752 0.048 0.704
8 0.752 0.048 0.704
3 0.8 0.048 0.752
2 0.8 0.048 0.752
5 0.8 0.048 0.752
6 0.8 0.048 0.752
7 0.8 0.048 0.752
7 0.752 0.048 0.704
7 0.704 0.16 0.544
7 0.544 0.016 0.528
9 0.8 0.048 0.752
7 0.528 0.048 0.48
10 0.8 0.048 0.752
5 0.8 0.048 0.752
2 0.8 0.048 0.752
1 0.8 0.048 0.752
7 0.557551 0.048 0.509551
8 0.8 0.048 0.752
4 0.8 0.048 0.752
4 0.752 0.048 0.704
8 0.752 0.048 0.704
7 0.582836 0.048 0.534836
3 0.8 0.048 0.752
2 0.8 0.048 0.752
5 0.8 0.048 0.752
10 0.8 0.048 0.752
6 0.8 0.048 0.752
9 0.8 0.048 0.752
10 0.8 0.048 0.752
10 0.752 0.048 0.704
10 0.704 0.048 0.656
10 0.656 0.16 0.496
10 0.496 0.016 0.48
5 0.8 0.048 0.752
1 0.8 0.048 0.752
10 0.558075 0.048 0.510075
8 0.8 0.048 0.752
4 0.8 0.048 0.752
4 0.752 0.048 0.704
8 0.752 0.048 0.704
3 0.8 0.048 0.752
2 0.8 0.048 0.752
6 0.8 0.048 0.752
9 0.8 0.048 0.752
5 0.8 0.048 0.752
1 0.8 0.048 0.752
8 0.8 0.048 0.752
4 0.8 0.048 0.752
4 0.752 0.048 0.704
8 0.752 0.048 0.704
3 0.8 0.048 0.752
2 0.8 0.048 0.752
6 0.8 0.048 0.752
9 0.8 0.048 0.752
5 0.8 0.048 0.752
2 0.8 0.048 0.752
1 0.8 0.048 0.752
1 0.752 0.048 0.704
8 0.8 0.048 0.752
4 0.8 0.048 0.752
4 0.752 0.048 0.704
8 0.752 0.048 0.704
1 0.783386 0.048 0.735386
1 0.8 0.048 0.752
3 0.8 0.048 0.752
2 0.8 0.048 0.752
5 0.8 0.048 0.752
6 0.8 0.048 0.752
9 0.8 0.048 0.752
9 0.752 0.048 0.704
9 0.704 0.16 0.544
9 0.544 0.016 0.528
9 0.528 0.048 0.48
5 0.8 0.048 0.752
2 0.8 0.048 0.752
1 0.8 0.048 0.752
9 0.559949 0.048 0.511949
8 0.8 0.048 0.752
4 0.8 0.048 0.752
4 0.752 0.048 0.704
8 0.752 0.048 0.704
9 0.586958 0.048 0.538958
3 0.8 0.048 0.752
2 0.8 0.048 0.752
3 0.8 0.048 0.752
6 0.8 0.048 0.752
3 0.8 0.048 0.752
5 0.8 0.048 0.752
2 0.8 0.048 0.752
1 0.8 0.048 0.752
8 0.8 0.048 0.752
4 0.8 0.048 0.752
4 0.752 0.048 0.704
8 0.752 0.048 0.704
2 0.8 0.048 0.752
3 0.8 0.048 0.752
2 0.8 0.048 0.752
5 0.8 0.048 0.752
2 0.752 0.048 0.704
2 0.704 0.16 0.544
2 0.544 0.016 0.528
2 0.528 0.048 0.48
5 0.752 0.048 0.704
6 0.8 0.048 0.752
2 0.550586 0.048 0.502586
5 0.774841 0.048 0.726841
5 0.797396 0.048 0.749396
2 0.576855 0.048 0.528855
5 0.749396 0.048 0.701396
5 0.701396 0.16 0.541396
5 0.541396 0.016 0.525396
1 0.8 0.048 0.752
5 0.525396 0.048 0.477396
8 0.8 0.048 0.752
4 0.8 0.048 0.752
4 0.752 0.048 0.704
8 0.752 0.048 0.704
3 0.8 0.048 0.752
6 0.8 0.048 0.752
1 0.8 0.048 0.752
8 0.8 0.048 0.752
4 0.8 0.048 0.752
4 0.752 0.048 0.704
8 0.752 0.048 0.704
3 0.8 0.048 0.752
6 0.8 0.048 0.752
1 0.8 0.048 0.752
8 0.8 0.048 0.752
4 0.8 0.048 0.752
4 0.752 0.048 0.704
8 0.752 0.048 0.704
6 0.8 0.048 0.752
3 0.8 0.048 0.752
6 0.8 0.048 0.752
6 0.8 0.048 0.752
6 0.752 0.048 0.704
6 0.704 0.16 0.544
6 0.544 0.016 0.528
4 0.8 0.048 0.752
6 0.528 0.048 0.48
8 0.8 0.048 0.752
1 0.8 0.048 0.752
4 0.8 0.048 0.752
8 0.8 0.048 0.752
8 0.8 0.048 0.752
4 0.752 0.048 0.704
8 0.752 0.048 0.704
8 0.704 0.16 0.544
8 0.544 0.016 0.528
4 0.704 0.048 0.656
8 0.528 0.048 0.48
4 0.656 0.048 0.608
4 0.608 0.16 0.448
4 0.448 0.016 0.432
4 0.509965 0.048 0.461965
8 0.48 0.048 0.432
3 0.8 0.048 0.752
1 0.8 0.048 0.752
7 0.8 0.048 0.752
7 0.8 0.048 0.752
3 0.8 0.048 0.752
7 0.8 0.048 0.752
1 0.8 0.048 0.752
10 0.8 0.048 0.752
10 0.8 0.048 0.752
3 0.8 0.048 0.752
10 0.8 0.048 0.752
1 0.8 0.048 0.752
3 0.8 0.048 0.752
