18 0.8 0.048 0.752
20 0.8 0.048 0.752
5 0.8 0.048 0.752
18 0.752 0.048 0.704
20 0.752 0.048 0.704
5 0.8 0.048 0.752
6 0.8 0.048 0.752
20 0.704 0.048 0.656
5 0.8 0.048 0.752
6 0.8 0.048 0.752
8 0.8 0.048 0.752
4 0.8 0.048 0.752
6 0.8 0.048 0.752
8 0.8 0.048 0.752
4 0.8 0.048 0.752
8 0.8 0.048 0.752
15 0.8 0.048 0.752
15 0.8 0.048 0.752
17 0.8 0.048 0.752
17 0.8 0.048 0.752
17 0.8 0.048 0.752
5 0.8 0.048 0.752
6 0.8 0.048 0.752
20 0.8 0.048 0.752
20 0.752 0.048 0.704
5 0.752 0.048 0.704
5 0.704 0.16 0.544
6 0.752 0.16 0.592
20 0.704 0.16 0.544
20 0.544 0.016 0.528
5 0.544 0.016 0.528
20 0.528 0.048 0.48
5 0.528 0.048 0.48
18 0.8 0.048 0.752
18 0.752 0.048 0.704
20 0.48 0.048 0.432
20 0.432 0.16 0.272
18 0.704 0.16 0.544
18 0.544 0.016 0.528
20 0.272 0.016 0.256
18 0.528 0.048 0.48
20 0.256 0.048 0.208
11 0.8 0.048 0.752
13 0.8 0.048 0.752
9 0.8 0.048 0.752
16 0.8 0.048 0.752
2 0.8 0.048 0.752
3 0.8 0.048 0.752
3 0.752 0.048 0.704
2 0.752 0.048 0.704
2 0.704 0.16 0.544
3 0.704 0.16 0.544
3 0.544 0.016 0.528
2 0.544 0.016 0.528
3 0.528 0.048 0.48
2 0.528 0.048 0.48
18 0.8 0.048 0.752
20 0.584012 0.048 0.536012
19 0.8 0.048 0.752
11 0.8 0.048 0.752
19 0.8 0.048 0.752
9 0.8 0.048 0.752
13 0.8 0.048 0.752
13 0.752 0.048 0.704
9 0.752 0.048 0.704
14 0.8 0.048 0.752
16 0.8 0.048 0.752
19 0.8 0.048 0.752
19 0.752 0.048 0.704
17 0.8 0.048 0.752
16 0.8 0.048 0.752
16 0.752 0.048 0.704
16 0.704 0.16 0.544
16 0.544 0.016 0.528
16 0.528 0.048 0.48
15 0.8 0.048 0.752
10 0.8 0.048 0.752
16 0.554527 0.048 0.506527
3 0.8 0.048 0.752
2 0.8 0.048 0.752
14 0.8 0.048 0.752
18 0.8 0.048 0.752
20 0.8 0.048 0.752
10 0.8 0.048 0.752
11 0.8 0.048 0.752
9 0.8 0.048 0.752
13 0.8 0.048 0.752
13 0.752 0.048 0.704
9 0.752 0.048 0.704
14 0.8 0.048 0.752
19 0.8 0.048 0.752
17 0.8 0.048 0.752
15 0.8 0.048 0.752
3 0.8 0.048 0.752
2 0.8 0.048 0.752
18 0.8 0.048 0.752
20 0.8 0.048 0.752
11 0.8 0.048 0.752
9 0.8 0.048 0.752
13 0.8 0.048 0.752
13 0.752 0.048 0.704
9 0.752 0.048 0.704
14 0.8 0.048 0.752
1 0.8 0.048 0.752
19 0.8 0.048 0.752
17 0.8 0.048 0.752
1 0.8 0.048 0.752
8 0.8 0.048 0.752
4 0.8 0.048 0.752
15 0.8 0.048 0.752
1 0.8 0.048 0.752
3 0.8 0.048 0.752
2 0.8 0.048 0.752
18 0.8 0.048 0.752
20 0.8 0.048 0.752
1 0.8 0.048 0.752
11 0.8 0.048 0.752
9 0.8 0.048 0.752
13 0.8 0.048 0.752
13 0.752 0.048 0.704
9 0.752 0.048 0.704
14 0.8 0.048 0.752
1 0.8 0.048 0.752
19 0.8 0.048 0.752
4 0.8 0.048 0.752
8 0.8 0.048 0.752
17 0.8 0.048 0.752
14 0.8 0.048 0.752
8 0.8 0.048 0.752
4 0.752 0.048 0.704
15 0.8 0.048 0.752
12 0.8 0.048 0.752
2 0.8 0.048 0.752
3 0.8 0.048 0.752
14 0.8 0.048 0.752
3 0.752 0.048 0.704
2 0.8 0.048 0.752
3 0.704 0.048 0.656
3 0.656 0.16 0.496
3 0.496 0.016 0.48
18 0.8 0.048 0.752
20 0.8 0.048 0.752
2 0.8 0.048 0.752
3 0.550515 0.048 0.502515
14 0.8 0.048 0.752
11 0.8 0.048 0.752
2 0.8 0.048 0.752
3 0.575699 0.048 0.527699
12 0.8 0.048 0.752
9 0.8 0.048 0.752
13 0.8 0.048 0.752
13 0.752 0.048 0.704
9 0.752 0.048 0.704
14 0.8 0.048 0.752
1 0.8 0.048 0.752
2 0.8 0.048 0.752
12 0.8 0.048 0.752
19 0.8 0.048 0.752
4 0.8 0.048 0.752
8 0.8 0.048 0.752
17 0.8 0.048 0.752
12 0.8 0.048 0.752
8 0.8 0.048 0.752
4 0.752 0.048 0.704
15 0.8 0.048 0.752
12 0.8 0.048 0.752
2 0.8 0.048 0.752
2 0.752 0.048 0.704
12 0.752 0.048 0.704
12 0.704 0.16 0.544
2 0.704 0.16 0.544
2 0.544 0.016 0.528
12 0.544 0.016 0.528
2 0.528 0.048 0.48
12 0.528 0.048 0.48
6 0.8 0.048 0.752
5 0.8 0.048 0.752
5 0.752 0.048 0.704
6 0.752 0.048 0.704
6 0.704 0.16 0.544
5 0.704 0.16 0.544
5 0.544 0.016 0.528
6 0.544 0.016 0.528
5 0.528 0.048 0.48
6 0.528 0.048 0.48
20 0.8 0.048 0.752
20 0.752 0.048 0.704
5 0.48 0.048 0.432
5 0.432 0.16 0.272
20 0.704 0.16 0.544
20 0.544 0.016 0.528
5 0.272 0.016 0.256
20 0.528 0.048 0.48
5 0.256 0.048 0.208
18 0.8 0.048 0.752
18 0.8 0.048 0.752
20 0.554725 0.048 0.506725
11 0.8 0.048 0.752
5 0.361179 0.048 0.313179
6 0.622959 0.048 0.574959
20 0.654486 0.048 0.606486
9 0.8 0.048 0.752
13 0.8 0.048 0.752
13 0.752 0.048 0.704
9 0.752 0.048 0.704
14 0.8 0.048 0.752
1 0.8 0.048 0.752
11 0.8 0.048 0.752
19 0.8 0.048 0.752
4 0.8 0.048 0.752
8 0.8 0.048 0.752
17 0.8 0.048 0.752
11 0.8 0.048 0.752
8 0.8 0.048 0.752
4 0.752 0.048 0.704
15 0.8 0.048 0.752
2 0.8 0.048 0.752
3 0.8 0.048 0.752
3 0.752 0.048 0.704
2 0.752 0.048 0.704
2 0.704 0.16 0.544
3 0.704 0.16 0.544
3 0.544 0.016 0.528
2 0.544 0.016 0.528
3 0.528 0.048 0.48
2 0.528 0.048 0.48
11 0.8 0.048 0.752
20 0.748411 0.048 0.700411
5 0.543231 0.048 0.495231
18 0.8 0.048 0.752
18 0.8 0.048 0.752
20 0.778289 0.048 0.730289
7 0.8 0.048 0.752
11 0.8 0.048 0.752
10 0.8 0.048 0.752
7 0.8 0.048 0.752
7 0.752 0.048 0.704
7 0.704 0.16 0.544
7 0.544 0.016 0.528
7 0.528 0.048 0.48
5 0.643848 0.048 0.595848
6 0.8 0.048 0.752
20 0.8 0.048 0.752
9 0.8 0.048 0.752
13 0.8 0.048 0.752
13 0.752 0.048 0.704
9 0.752 0.048 0.704
14 0.8 0.048 0.752
1 0.8 0.048 0.752
7 0.557892 0.048 0.509892
19 0.8 0.048 0.752
4 0.8 0.048 0.752
8 0.8 0.048 0.752
17 0.8 0.048 0.752
7 0.586127 0.048 0.538127
9 0.783156 0.048 0.735156
13 0.8 0.048 0.752
8 0.8 0.048 0.752
4 0.752 0.048 0.704
15 0.8 0.048 0.752
3 0.8 0.048 0.752
9 0.8 0.048 0.752
13 0.8 0.048 0.752
20 0.8 0.048 0.752
5 0.8 0.048 0.752
18 0.8 0.048 0.752
18 0.8 0.048 0.752
20 0.8 0.048 0.752
16 0.8 0.048 0.752
9 0.8 0.048 0.752
13 0.8 0.048 0.752
11 0.8 0.048 0.752
10 0.8 0.048 0.752
18 0.8 0.048 0.752
5 0.8 0.048 0.752
6 0.8 0.048 0.752
20 0.8 0.048 0.752
9 0.8 0.048 0.752
13 0.8 0.048 0.752
13 0.752 0.048 0.704
9 0.752 0.048 0.704
14 0.8 0.048 0.752
1 0.8 0.048 0.752
18 0.8 0.048 0.752
20 0.752 0.048 0.704
19 0.8 0.048 0.752
4 0.8 0.048 0.752
8 0.8 0.048 0.752
17 0.8 0.048 0.752
5 0.8 0.048 0.752
6 0.8 0.048 0.752
18 0.8 0.048 0.752
20 0.783855 0.048 0.735855
8 0.8 0.048 0.752
4 0.752 0.048 0.704
6 0.752 0.048 0.704
15 0.8 0.048 0.752
3 0.8 0.048 0.752
14 0.8 0.048 0.752
5 0.8 0.048 0.752
6 0.77671 0.048 0.72871
20 0.8 0.048 0.752
20 0.752 0.048 0.704
5 0.752 0.048 0.704
18 0.8 0.048 0.752
18 0.8 0.048 0.752
20 0.77585 0.048 0.72785
16 0.8 0.048 0.752
6 0.8 0.048 0.752
8 0.8 0.048 0.752
11 0.8 0.048 0.752
10 0.8 0.048 0.752
4 0.8 0.048 0.752
8 0.8 0.048 0.752
5 0.8 0.048 0.752
6 0.8 0.048 0.752
20 0.8 0.048 0.752
9 0.8 0.048 0.752
13 0.8 0.048 0.752
13 0.752 0.048 0.704
9 0.752 0.048 0.704
14 0.8 0.048 0.752
3 0.8 0.048 0.752
1 0.8 0.048 0.752
4 0.8 0.048 0.752
19 0.8 0.048 0.752
4 0.8 0.048 0.752
8 0.8 0.048 0.752
17 0.8 0.048 0.752
15 0.8 0.048 0.752
8 0.8 0.048 0.752
4 0.752 0.048 0.704
6 0.8 0.048 0.752
6 0.752 0.048 0.704
8 0.752 0.048 0.704
8 0.704 0.16 0.544
4 0.704 0.16 0.544
6 0.704 0.16 0.544
6 0.544 0.016 0.528
8 0.544 0.016 0.528
6 0.528 0.048 0.48
5 0.8 0.048 0.752
8 0.528 0.048 0.48
15 0.752 0.048 0.704
15 0.704 0.048 0.656
15 0.656 0.16 0.496
15 0.496 0.016 0.48
3 0.8 0.048 0.752
14 0.8 0.048 0.752
15 0.553235 0.048 0.505235
20 0.8 0.048 0.752
5 0.8 0.048 0.752
18 0.8 0.048 0.752
18 0.8 0.048 0.752
20 0.8 0.048 0.752
16 0.8 0.048 0.752
15 0.582871 0.048 0.534871
17 0.8 0.048 0.752
11 0.8 0.048 0.752
10 0.8 0.048 0.752
17 0.8 0.048 0.752
5 0.8 0.048 0.752
6 0.78152 0.048 0.73352
20 0.8 0.048 0.752
9 0.8 0.048 0.752
13 0.8 0.048 0.752
13 0.752 0.048 0.704
9 0.752 0.048 0.704
14 0.8 0.048 0.752
1 0.8 0.048 0.752
17 0.8 0.048 0.752
19 0.8 0.048 0.752
4 0.8 0.048 0.752
8 0.784783 0.048 0.736783
8 0.736783 0.048 0.688783
4 0.752 0.048 0.704
4 0.704 0.16 0.544
8 0.688783 0.16 0.528783
8 0.528783 0.016 0.512783
4 0.544 0.016 0.528
8 0.512783 0.048 0.464783
4 0.528 0.048 0.48
6 0.8 0.048 0.752
17 0.8 0.048 0.752
6 0.752 0.048 0.704
5 0.8 0.048 0.752
8 0.538092 0.048 0.490092
2 0.8 0.048 0.752
12 0.8 0.048 0.752
3 0.8 0.048 0.752
14 0.8 0.048 0.752
20 0.8 0.048 0.752
5 0.8 0.048 0.752
18 0.8 0.048 0.752
18 0.8 0.048 0.752
20 0.8 0.048 0.752
16 0.8 0.048 0.752
11 0.8 0.048 0.752
10 0.8 0.048 0.752
7 0.8 0.048 0.752
5 0.8 0.048 0.752
6 0.8 0.048 0.752
20 0.8 0.048 0.752
9 0.8 0.048 0.752
13 0.8 0.048 0.752
13 0.752 0.048 0.704
9 0.752 0.048 0.704
14 0.8 0.048 0.752
1 0.8 0.048 0.752
19 0.8 0.048 0.752
8 0.787961 0.048 0.739961
4 0.8 0.048 0.752
6 0.8 0.048 0.752
17 0.8 0.048 0.752
19 0.8 0.048 0.752
6 0.752 0.048 0.704
8 0.8 0.048 0.752
2 0.8 0.048 0.752
3 0.8 0.048 0.752
12 0.8 0.048 0.752
3 0.752 0.048 0.704
2 0.752 0.048 0.704
19 0.8 0.048 0.752
20 0.8 0.048 0.752
5 0.8 0.048 0.752
18 0.8 0.048 0.752
18 0.8 0.048 0.752
20 0.8 0.048 0.752
16 0.8 0.048 0.752
16 0.752 0.048 0.704
16 0.704 0.16 0.544
16 0.544 0.016 0.528
16 0.600931 0.048 0.552931
19 0.8 0.048 0.752
11 0.8 0.048 0.752
10 0.8 0.048 0.752
10 0.8 0.048 0.752
16 0.623603 0.048 0.575603
7 0.8 0.048 0.752
5 0.8 0.048 0.752
6 0.8 0.048 0.752
20 0.8 0.048 0.752
9 0.8 0.048 0.752
13 0.8 0.048 0.752
13 0.752 0.048 0.704
9 0.752 0.048 0.704
14 0.8 0.048 0.752
3 0.8 0.048 0.752
1 0.8 0.048 0.752
10 0.8 0.048 0.752
16 0.646237 0.048 0.598237
19 0.8 0.048 0.752
8 0.8 0.048 0.752
4 0.8 0.048 0.752
6 0.8 0.048 0.752
17 0.8 0.048 0.752
10 0.8 0.048 0.752
6 0.752 0.048 0.704
5 0.8 0.048 0.752
8 0.8 0.048 0.752
2 0.8 0.048 0.752
3 0.8 0.048 0.752
12 0.8 0.048 0.752
3 0.752 0.048 0.704
2 0.752 0.048 0.704
14 0.8 0.048 0.752
20 0.8 0.048 0.752
5 0.8 0.048 0.752
18 0.8 0.048 0.752
18 0.8 0.048 0.752
20 0.8 0.048 0.752
11 0.8 0.048 0.752
10 0.8 0.048 0.752
7 0.8 0.048 0.752
5 0.8 0.048 0.752
6 0.8 0.048 0.752
20 0.8 0.048 0.752
9 0.8 0.048 0.752
13 0.8 0.048 0.752
13 0.752 0.048 0.704
9 0.752 0.048 0.704
14 0.8 0.048 0.752
1 0.8 0.048 0.752
19 0.8 0.048 0.752
8 0.8 0.048 0.752
4 0.8 0.048 0.752
6 0.8 0.048 0.752
17 0.8 0.048 0.752
6 0.752 0.048 0.704
5 0.8 0.048 0.752
8 0.8 0.048 0.752
2 0.8 0.048 0.752
3 0.8 0.048 0.752
12 0.8 0.048 0.752
3 0.752 0.048 0.704
2 0.752 0.048 0.704
20 0.8 0.048 0.752
18 0.8 0.048 0.752
18 0.8 0.048 0.752
20 0.8 0.048 0.752
1 0.8 0.048 0.752
11 0.8 0.048 0.752
10 0.8 0.048 0.752
1 0.8 0.048 0.752
7 0.8 0.048 0.752
5 0.8 0.048 0.752
6 0.8 0.048 0.752
20 0.8 0.048 0.752
9 0.8 0.048 0.752
13 0.8 0.048 0.752
13 0.752 0.048 0.704
9 0.752 0.048 0.704
14 0.8 0.048 0.752
1 0.8 0.048 0.752
1 0.752 0.048 0.704
1 0.704 0.16 0.544
1 0.544 0.016 0.528
1 0.528 0.048 0.48
19 0.8 0.048 0.752
15 0.8 0.048 0.752
12 0.8 0.048 0.752
2 0.8 0.048 0.752
8 0.8 0.048 0.752
6 0.8 0.048 0.752
17 0.8 0.048 0.752
1 0.55354 0.048 0.50554
6 0.752 0.048 0.704
5 0.8 0.048 0.752
8 0.8 0.048 0.752
2 0.8 0.048 0.752
3 0.8 0.048 0.752
12 0.8 0.048 0.752
3 0.752 0.048 0.704
2 0.752 0.048 0.704
20 0.8 0.048 0.752
18 0.8 0.048 0.752
18 0.8 0.048 0.752
20 0.8 0.048 0.752
11 0.8 0.048 0.752
10 0.8 0.048 0.752
14 0.8 0.048 0.752
7 0.8 0.048 0.752
5 0.8 0.048 0.752
6 0.8 0.048 0.752
9 0.8 0.048 0.752
13 0.8 0.048 0.752
13 0.752 0.048 0.704
9 0.752 0.048 0.704
14 0.8 0.048 0.752
14 0.752 0.048 0.704
14 0.704 0.16 0.544
14 0.544 0.016 0.528
3 0.8 0.048 0.752
14 0.528 0.048 0.48
19 0.8 0.048 0.752
15 0.8 0.048 0.752
12 0.8 0.048 0.752
2 0.8 0.048 0.752
8 0.8 0.048 0.752
4 0.8 0.048 0.752
6 0.8 0.048 0.752
17 0.8 0.048 0.752
2 0.8 0.048 0.752
3 0.8 0.048 0.752
14 0.550013 0.048 0.502013
6 0.752 0.048 0.704
5 0.8 0.048 0.752
8 0.8 0.048 0.752
2 0.752 0.048 0.704
3 0.8 0.048 0.752
12 0.8 0.048 0.752
2 0.704 0.048 0.656
2 0.656 0.16 0.496
2 0.496 0.016 0.48
3 0.752 0.048 0.704
2 0.48 0.048 0.432
3 0.704 0.048 0.656
3 0.656 0.16 0.496
3 0.496 0.016 0.48
2 0.507983 0.048 0.459983
3 0.48 0.048 0.432
12 0.752 0.048 0.704
20 0.8 0.048 0.752
18 0.8 0.048 0.752
18 0.8 0.048 0.752
20 0.8 0.048 0.752
2 0.53372 0.048 0.48572
12 0.774992 0.048 0.726992
11 0.8 0.048 0.752
10 0.8 0.048 0.752
12 0.798425 0.048 0.750425
7 0.8 0.048 0.752
5 0.8 0.048 0.752
6 0.8 0.048 0.752
9 0.8 0.048 0.752
13 0.8 0.048 0.752
13 0.752 0.048 0.704
9 0.752 0.048 0.704
19 0.8 0.048 0.752
15 0.8 0.048 0.752
12 0.8 0.048 0.752
2 0.636619 0.048 0.588619
2 0.588619 0.048 0.540619
12 0.752 0.048 0.704
12 0.704 0.16 0.544
2 0.540619 0.16 0.380619
8 0.8 0.048 0.752
4 0.8 0.048 0.752
6 0.8 0.048 0.752
17 0.8 0.048 0.752
6 0.752 0.048 0.704
5 0.8 0.048 0.752
8 0.8 0.048 0.752
20 0.8 0.048 0.752
18 0.8 0.048 0.752
18 0.8 0.048 0.752
20 0.8 0.048 0.752
11 0.8 0.048 0.752
11 0.752 0.048 0.704
11 0.704 0.048 0.656
11 0.656 0.16 0.496
11 0.496 0.016 0.48
10 0.8 0.048 0.752
11 0.558999 0.048 0.510999
7 0.8 0.048 0.752
5 0.8 0.048 0.752
6 0.8 0.048 0.752
20 0.8 0.048 0.752
9 0.8 0.048 0.752
13 0.8 0.048 0.752
13 0.752 0.048 0.704
9 0.752 0.048 0.704
4 0.8 0.048 0.752
8 0.8 0.048 0.752
19 0.8 0.048 0.752
15 0.8 0.048 0.752
8 0.752 0.048 0.704
4 0.8 0.048 0.752
6 0.8 0.048 0.752
17 0.8 0.048 0.752
7 0.8 0.048 0.752
6 0.752 0.048 0.704
5 0.8 0.048 0.752
8 0.775229 0.048 0.727229
7 0.8 0.048 0.752
20 0.8 0.048 0.752
5 0.8 0.048 0.752
18 0.8 0.048 0.752
18 0.8 0.048 0.752
20 0.8 0.048 0.752
7 0.8 0.048 0.752
9 0.8 0.048 0.752
13 0.8 0.048 0.752
10 0.8 0.048 0.752
9 0.8 0.048 0.752
13 0.8 0.048 0.752
7 0.8 0.048 0.752
5 0.8 0.048 0.752
20 0.8 0.048 0.752
9 0.8 0.048 0.752
13 0.752 0.048 0.704
9 0.752 0.048 0.704
9 0.704 0.16 0.544
9 0.544 0.016 0.528
13 0.704 0.048 0.656
9 0.528 0.048 0.48
13 0.656 0.048 0.608
13 0.608 0.16 0.448
13 0.448 0.016 0.432
9 0.48 0.048 0.432
13 0.502643 0.048 0.454643
4 0.8 0.048 0.752
8 0.8 0.048 0.752
19 0.8 0.048 0.752
15 0.8 0.048 0.752
8 0.752 0.048 0.704
4 0.8 0.048 0.752
17 0.8 0.048 0.752
18 0.8 0.048 0.752
6 0.8 0.048 0.752
18 0.8 0.048 0.752
20 0.8 0.048 0.752
20 0.752 0.048 0.704
5 0.8 0.048 0.752
18 0.752 0.048 0.704
20 0.704 0.048 0.656
20 0.656 0.16 0.496
20 0.496 0.016 0.48
18 0.780723 0.048 0.732723
20 0.55851 0.048 0.51051
18 0.732723 0.048 0.684723
18 0.684723 0.16 0.524723
18 0.524723 0.016 0.508723
5 0.8 0.048 0.752
18 0.508723 0.048 0.460723
20 0.51051 0.048 0.46251
10 0.8 0.048 0.752
5 0.8 0.048 0.752
6 0.8 0.048 0.752
20 0.539178 0.048 0.491178
7 0.8 0.048 0.752
5 0.752 0.048 0.704
6 0.8 0.048 0.752
20 0.566113 0.048 0.518113
5 0.704 0.048 0.656
5 0.656 0.16 0.496
5 0.496 0.016 0.48
5 0.554361 0.048 0.506361
6 0.752 0.048 0.704
8 0.8 0.048 0.752
4 0.8 0.048 0.752
8 0.752 0.048 0.704
19 0.8 0.048 0.752
15 0.8 0.048 0.752
8 0.704 0.048 0.656
4 0.8 0.048 0.752
6 0.774861 0.048 0.726861
8 0.656 0.048 0.608
8 0.608 0.16 0.448
8 0.448 0.016 0.432
17 0.8 0.048 0.752
4 0.752 0.048 0.704
6 0.726861 0.048 0.678861
8 0.508746 0.048 0.460746
6 0.678861 0.048 0.630861
5 0.582531 0.048 0.534531
5 0.534531 0.048 0.486531
8 0.460746 0.048 0.412746
6 0.630861 0.096 0.534861
6 0.534861 0.16 0.374861
6 0.374861 0.016 0.358861
4 0.780868 0.048 0.732868
8 0.487312 0.048 0.439312
4 0.8 0.048 0.752
15 0.8 0.048 0.752
10 0.8 0.048 0.752
15 0.8 0.048 0.752
7 0.8 0.048 0.752
15 0.8 0.048 0.752
17 0.8 0.048 0.752
4 0.8 0.048 0.752
8 0.663844 0.048 0.615844
8 0.615844 0.048 0.567844
4 0.752 0.048 0.704
4 0.704 0.16 0.544
8 0.567844 0.16 0.407844
19 0.8 0.048 0.752
15 0.752 0.048 0.704
17 0.8 0.048 0.752
17 0.752 0.048 0.704
17 0.704 0.16 0.544
17 0.544 0.016 0.528
17 0.528 0.048 0.48
17 0.559797 0.048 0.511797
10 0.8 0.048 0.752
7 0.8 0.048 0.752
19 0.8 0.048 0.752
15 0.8 0.048 0.752
19 0.8 0.048 0.752
10 0.8 0.048 0.752
19 0.8 0.048 0.752
7 0.8 0.048 0.752
16 0.8 0.048 0.752
19 0.8 0.048 0.752
19 0.752 0.048 0.704
15 0.8 0.048 0.752
16 0.8 0.048 0.752
10 0.8 0.048 0.752
16 0.8 0.048 0.752
10 0.8 0.048 0.752
10 0.752 0.048 0.704
10 0.704 0.048 0.656
10 0.656 0.16 0.496
10 0.496 0.016 0.48
10 0.553618 0.048 0.505618
7 0.8 0.048 0.752
19 0.8 0.048 0.752
15 0.8 0.048 0.752
7 0.8 0.048 0.752
1 0.8 0.048 0.752
19 0.8 0.048 0.752
15 0.8 0.048 0.752
1 0.8 0.048 0.752
1 0.8 0.048 0.752
7 0.8 0.048 0.752
19 0.8 0.048 0.752
15 0.8 0.048 0.752
14 0.8 0.048 0.752
3 0.8 0.048 0.752
14 0.8 0.048 0.752
2 0.8 0.048 0.752
3 0.8 0.048 0.752
14 0.8 0.048 0.752
2 0.8 0.048 0.752
3 0.8 0.048 0.752
7 0.8 0.048 0.752
2 0.8 0.048 0.752
12 0.8 0.048 0.752
19 0.8 0.048 0.752
15 0.8 0.048 0.752
12 0.8 0.048 0.752
7 0.8 0.048 0.752
11 0.8 0.048 0.752
19 0.8 0.048 0.752
15 0.8 0.048 0.752
