0 1378
0 1379
0 1380
0 1381
0 1382
0 1383
0 1384
0 1385
0 1386
0 1387
0 1388
0 1389
0 1390
0 1394
0 1397
0 1398
0 1399
0 1401
0 1402
27 1395
0 1407
0 1408
0 1409
0 1411
0 1412
0 1414
0 1421
0 1422
25 1423
0 1424
12 1396
0 1426
0 1427
0 1428
0 1429
0 1430
0 1432
0 1433
14 1418
5 1419
0 1435
0 1436
18 1437
0 1438
9 1406
0 1439
28 1416
0 1440
19 1420
0 1441
26 1410
24 1410
3 1442
0 1443
0 1444
13 1431
0 1446
0 1457
0 1458
0 1459
16 1425
0 1460
4 1415
0 1462
0 1463
0 1464
0 1465
0 1466
0 1467
10 1434
0 1468
0 1469
1 1393
0 1470
0 1471
0 1472
0 1473
8 1400
0 1474
0 1476
27 1445
15 1395
0 1477
0 1478
0 1479
0 1480
0 1481
0 1482
29 1447
0 1483
0 1485
0 1487
2 1403
0 1488
25 1461
0 1489
0 1491
0 1493
7 1437
0 1494
0 1495
12 1455
0 1499
14 1484
0 1500
0 1501
0 1504
0 1505
9 1496
5 1497
25 1455
0 1506
0 1508
6 1442
0 1509
28 1502
0 1510
0 1511
19 1498
0 1512
13 1490
0 1513
0 1514
30 1405
0 1521
0 1522
0 1523
0 1524
0 1525
21 1404
0 1526
0 1527
0 1528
0 1529
11 1392
0 1530
0 1531
0 1532
0 1533
0 1535
0 1536
0 1537
0 1538
0 1539
17 1452
0 1540
23 1413
0 1541
0 1542
0 1543
29 1442
0 1544
0 1545
0 1546
3 1507
0 1548
0 1549
0 1550
0 1551
0 1552
0 1553
18 1492
0 1554
0 1555
20 1406
0 1556
0 1557
22 1449
0 1558
0 1559
26 1475
0 1560
0 1561
0 1562
0 1563
0 1564
