57 0.8 0.048 0.752
2 0.8 0.048 0.752
12 0.8 0.048 0.752
38 0.8 0.048 0.752
56 0.8 0.048 0.752
67 0.8 0.048 0.752
57 0.752 0.24 0.512
57 0.512 0.16 0.352
2 0.752 0.16 0.592
2 0.592 0.016 0.576
57 0.352 0.016 0.336
2 0.576 0.048 0.528
6 0.8 0.048 0.752
11 0.8 0.048 0.752
38 0.752 0.048 0.704
56 0.752 0.048 0.704
57 0.336 0.048 0.288
67 0.752 0.048 0.704
2 0.528 0.24 0.288
2 0.288 0.16 0.128
12 0.752 0.16 0.592
38 0.704 0.16 0.544
56 0.704 0.16 0.544
67 0.704 0.16 0.544
6 0.752 0.16 0.592
6 0.592 0.016 0.576
2 0.128 0.016 0.112
6 0.576 0.048 0.528
2 0.112 0.048 0.064
11 0.752 0.048 0.704
38 0.544 0.048 0.496
56 0.544 0.048 0.496
67 0.544 0.048 0.496
6 0.528 0.048 0.48
6 0.48 0.16 0.32
11 0.704 0.16 0.544
38 0.496 0.16 0.336
56 0.496 0.16 0.336
57 0.288 0.16 0.128
67 0.496 0.16 0.336
2 0.064 0.16 -0.096
11 0.544 0.16 0.384
38 0.336 0.16 0.176
56 0.336 0.16 0.176
67 0.336 0.16 0.176
19 0.8 0.048 0.752
4 0.8 0.048 0.752
19 0.752 0.048 0.704
19 0.704 0.16 0.544
4 0.752 0.16 0.592
4 0.592 0.016 0.576
19 0.544 0.016 0.528
4 0.576 0.048 0.528
19 0.528 0.048 0.48
42 0.8 0.048 0.752
17 0.8 0.048 0.752
42 0.752 0.048 0.704
42 0.704 0.16 0.544
17 0.752 0.16 0.592
17 0.592 0.016 0.576
42 0.544 0.016 0.528
17 0.576 0.048 0.528
42 0.528 0.048 0.48
68 0.8 0.048 0.752
8 0.8 0.048 0.752
14 0.8 0.048 0.752
18 0.8 0.048 0.752
31 0.8 0.048 0.752
49 0.8 0.048 0.752
53 0.8 0.048 0.752
63 0.8 0.048 0.752
68 0.752 0.336 0.416
68 0.416 0.16 0.256
8 0.752 0.16 0.592
14 0.752 0.16 0.592
18 0.752 0.16 0.592
31 0.752 0.16 0.592
49 0.752 0.16 0.592
53 0.752 0.16 0.592
63 0.752 0.16 0.592
63 0.592 0.016 0.576
68 0.256 0.016 0.24
63 0.576 0.048 0.528
8 0.592 0.048 0.544
14 0.592 0.048 0.544
18 0.592 0.048 0.544
31 0.592 0.048 0.544
49 0.592 0.048 0.544
53 0.592 0.048 0.544
68 0.24 0.048 0.192
63 0.528 0.288 0.24
63 0.24 0.16 0.08
8 0.544 0.16 0.384
14 0.544 0.16 0.384
18 0.544 0.16 0.384
31 0.544 0.16 0.384
49 0.544 0.16 0.384
53 0.544 0.16 0.384
68 0.192 0.16 0.032
36 0.8 0.048 0.752
52 0.8 0.048 0.752
15 0.8 0.048 0.752
52 0.752 0.048 0.704
52 0.704 0.16 0.544
15 0.752 0.16 0.592
15 0.592 0.016 0.576
52 0.544 0.016 0.528
15 0.576 0.048 0.528
52 0.528 0.048 0.48
9 0.8 0.048 0.752
39 0.8 0.048 0.752
9 0.752 0.048 0.704
9 0.704 0.16 0.544
39 0.752 0.16 0.592
39 0.592 0.016 0.576
9 0.544 0.016 0.528
39 0.576 0.048 0.528
9 0.528 0.048 0.48
8 0.534998 0.048 0.486998
5 0.8 0.048 0.752
14 0.613059 0.048 0.565059
18 0.610696 0.048 0.562696
21 0.8 0.048 0.752
24 0.8 0.048 0.752
49 0.604175 0.048 0.556175
63 0.229728 0.048 0.181728
68 0.18201 0.048 0.13401
8 0.486998 0.288 0.198998
8 0.198998 0.16 0.038998
5 0.752 0.16 0.592
14 0.565059 0.16 0.405059
18 0.562696 0.16 0.402696
21 0.752 0.16 0.592
24 0.752 0.16 0.592
49 0.556175 0.16 0.396175
63 0.181728 0.16 0.0217278
68 0.13401 0.16 -0.02599
25 0.8 0.048 0.752
47 0.8 0.048 0.752
54 0.8 0.048 0.752
25 0.752 0.096 0.656
25 0.656 0.16 0.496
47 0.752 0.16 0.592
54 0.752 0.16 0.592
54 0.592 0.016 0.576
25 0.496 0.016 0.48
54 0.576 0.048 0.528
25 0.48 0.048 0.432
47 0.592 0.048 0.544
54 0.528 0.048 0.48
54 0.48 0.16 0.32
25 0.432 0.16 0.272
47 0.544 0.16 0.384
4 0.8 0.048 0.752
19 0.8 0.048 0.752
17 0.8 0.048 0.752
42 0.8 0.048 0.752
5 0.8 0.048 0.752
8 0.184842 0.048 0.136842
14 0.552409 0.048 0.504409
21 0.749784 0.048 0.701784
24 0.743786 0.048 0.695786
49 0.53963 0.048 0.49163
68 0.232319 0.048 0.184319
5 0.752 0.144 0.608
5 0.608 0.16 0.448
8 0.136842 0.16 -0.0231584
14 0.504409 0.16 0.344409
21 0.701784 0.16 0.541784
24 0.695786 0.16 0.535786
24 0.535786 0.016 0.519786
5 0.448 0.016 0.432
24 0.519786 0.048 0.471786
5 0.432 0.048 0.384
8 0 0.048 -0.048
14 0.344409 0.048 0.296409
21 0.541784 0.048 0.493784
49 0.49163 0.048 0.44363
49 0.44363 0.16 0.28363
68 0.184319 0.16 0.0243195
64 0.8 0.048 0.752
10 0.8 0.048 0.752
64 0.752 0.048 0.704
64 0.704 0.16 0.544
10 0.752 0.16 0.592
10 0.592 0.016 0.576
64 0.544 0.016 0.528
10 0.576 0.048 0.528
64 0.528 0.048 0.48
36 0.8 0.048 0.752
15 0.8 0.048 0.752
52 0.8 0.048 0.752
39 0.8 0.048 0.752
9 0.8 0.048 0.752
26 0.8 0.048 0.752
12 0.8 0.048 0.752
22 0.8 0.048 0.752
35 0.8 0.048 0.752
55 0.8 0.048 0.752
26 0.752 0.192 0.56
26 0.56 0.16 0.4
12 0.752 0.16 0.592
22 0.752 0.16 0.592
22 0.592 0.016 0.576
26 0.4 0.016 0.384
22 0.576 0.048 0.528
12 0.592 0.048 0.544
26 0.384 0.048 0.336
35 0.752 0.048 0.704
57 0.8 0.048 0.752
22 0.528 0.144 0.384
22 0.384 0.16 0.224
35 0.704 0.16 0.544
55 0.752 0.16 0.592
12 0.544 0.16 0.384
26 0.336 0.16 0.176
35 0.544 0.16 0.384
57 0.752 0.16 0.592
57 0.592 0.016 0.576
22 0.224 0.016 0.208
57 0.576 0.048 0.528
12 0.384 0.048 0.336
22 0.208 0.048 0.16
38 0.8 0.048 0.752
56 0.8 0.048 0.752
57 0.528 0.096 0.432
57 0.432 0.16 0.272
12 0.336 0.16 0.176
22 0.16 0.16 -8.32667e-17
38 0.752 0.16 0.592
56 0.752 0.16 0.592
56 0.592 0.016 0.576
57 0.272 0.016 0.256
56 0.576 0.048 0.528
2 0.8 0.048 0.752
6 0.8 0.048 0.752
38 0.592 0.048 0.544
57 0.256 0.048 0.208
67 0.8 0.048 0.752
56 0.528 0.144 0.384
56 0.384 0.16 0.224
2 0.752 0.16 0.592
6 0.752 0.16 0.592
38 0.544 0.16 0.384
57 0.208 0.16 0.048
67 0.752 0.16 0.592
67 0.592 0.016 0.576
56 0.224 0.016 0.208
67 0.576 0.048 0.528
2 0.592 0.048 0.544
6 0.592 0.048 0.544
11 0.8 0.048 0.752
38 0.384 0.048 0.336
56 0.208 0.048 0.16
67 0.528 0.096 0.432
67 0.432 0.16 0.272
2 0.544 0.16 0.384
6 0.544 0.16 0.384
11 0.752 0.16 0.592
11 0.592 0.016 0.576
67 0.272 0.016 0.256
11 0.576 0.048 0.528
2 0.384 0.048 0.336
6 0.384 0.048 0.336
38 0.336 0.048 0.288
62 0.8 0.048 0.752
67 0.256 0.048 0.208
11 0.528 0.048 0.48
11 0.48 0.16 0.32
38 0.288 0.16 0.128
56 0.16 0.16 -8.32667e-17
2 0.336 0.16 0.176
6 0.336 0.16 0.176
38 0.128 0.16 -0.032
62 0.752 0.16 0.592
62 0.592 0.016 0.576
11 0.32 0.016 0.304
62 0.576 0.048 0.528
11 0.304 0.048 0.256
16 0.8 0.048 0.752
62 0.528 0.048 0.48
62 0.48 0.16 0.32
67 0.208 0.16 0.048
11 0.256 0.16 0.096
16 0.752 0.16 0.592
16 0.592 0.016 0.576
62 0.32 0.016 0.304
16 0.576 0.048 0.528
33 0.8 0.048 0.752
51 0.8 0.048 0.752
62 0.304 0.048 0.256
69 0.8 0.048 0.752
16 0.528 0.144 0.384
16 0.384 0.16 0.224
33 0.752 0.16 0.592
51 0.752 0.16 0.592
62 0.256 0.16 0.096
69 0.752 0.16 0.592
69 0.592 0.016 0.576
16 0.224 0.016 0.208
69 0.576 0.048 0.528
1 0.8 0.048 0.752
16 0.208 0.048 0.16
33 0.592 0.048 0.544
51 0.592 0.048 0.544
69 0.528 0.144 0.384
69 0.384 0.16 0.224
1 0.752 0.16 0.592
16 0.16 0.16 -8.32667e-17
33 0.544 0.16 0.384
51 0.544 0.16 0.384
45 0.8 0.048 0.752
45 0.752 0.048 0.704
45 0.704 0.16 0.544
45 0.544 0.016 0.528
31 0.8 0.048 0.752
18 0.778143 0.048 0.730143
53 0.8 0.048 0.752
63 0.468838 0.048 0.420838
64 0.703832 0.048 0.655832
68 0.251128 0.048 0.203128
31 0.752 0.144 0.608
31 0.608 0.16 0.448
18 0.730143 0.16 0.570143
53 0.752 0.16 0.592
63 0.420838 0.16 0.260838
64 0.655832 0.16 0.495832
68 0.203128 0.16 0.0431278
4 0.8 0.048 0.752
19 0.8 0.048 0.752
17 0.8 0.048 0.752
42 0.8 0.048 0.752
24 0.8 0.048 0.752
5 0.759198 0.048 0.711198
8 0.366148 0.048 0.318148
14 0.667968 0.048 0.619968
21 0.8 0.048 0.752
49 0.649793 0.048 0.601793
68 0.194605 0.048 0.146605
24 0.752 0.144 0.608
24 0.608 0.16 0.448
5 0.711198 0.16 0.551198
8 0.318148 0.16 0.158148
14 0.619968 0.16 0.459968
21 0.752 0.16 0.592
21 0.592 0.016 0.576
24 0.448 0.016 0.432
21 0.576 0.048 0.528
5 0.551198 0.048 0.503198
8 0.158148 0.048 0.110148
14 0.459968 0.048 0.411968
24 0.432 0.048 0.384
52 0.8 0.048 0.752
21 0.528 0.048 0.48
21 0.48 0.16 0.32
49 0.601793 0.16 0.441793
68 0.146605 0.16 -0.013395
5 0.503198 0.16 0.343198
8 0.110148 0.16 -0.0498523
14 0.411968 0.16 0.251968
24 0.384 0.16 0.224
52 0.752 0.16 0.592
52 0.592 0.016 0.576
21 0.32 0.016 0.304
52 0.576 0.048 0.528
15 0.8 0.048 0.752
21 0.304 0.048 0.256
10 0.8 0.048 0.752
64 0.640236 0.048 0.592236
36 0.8 0.048 0.752
65 0.8 0.048 0.752
32 0.8 0.048 0.752
46 0.8 0.048 0.752
65 0.752 0.096 0.656
65 0.656 0.16 0.496
32 0.752 0.16 0.592
32 0.592 0.016 0.576
65 0.496 0.016 0.48
32 0.576 0.048 0.528
7 0.8 0.048 0.752
34 0.8 0.048 0.752
37 0.8 0.048 0.752
46 0.752 0.048 0.704
65 0.48 0.048 0.432
32 0.528 0.192 0.336
32 0.336 0.16 0.176
46 0.704 0.16 0.544
7 0.752 0.16 0.592
34 0.752 0.16 0.592
37 0.752 0.16 0.592
37 0.592 0.016 0.576
32 0.176 0.016 0.16
37 0.576 0.048 0.528
7 0.592 0.048 0.544
32 0.16 0.048 0.112
34 0.592 0.048 0.544
37 0.528 0.096 0.432
37 0.432 0.16 0.272
46 0.544 0.16 0.384
65 0.432 0.16 0.272
7 0.544 0.16 0.384
32 0.112 0.16 -0.048
34 0.544 0.16 0.384
15 0.8 0.048 0.752
52 0.752216 0.048 0.704216
39 0.8 0.048 0.752
9 0.8 0.048 0.752
39 0.752 0.048 0.704
39 0.704 0.16 0.544
39 0.544 0.016 0.528
9 0.752 0.16 0.592
41 0.8 0.048 0.752
20 0.8 0.048 0.752
27 0.8 0.048 0.752
29 0.8 0.048 0.752
44 0.8 0.048 0.752
48 0.8 0.048 0.752
61 0.8 0.048 0.752
20 0.752 0.24 0.512
20 0.512 0.16 0.352
27 0.752 0.16 0.592
29 0.752 0.16 0.592
44 0.752 0.16 0.592
48 0.752 0.16 0.592
61 0.752 0.16 0.592
61 0.592 0.016 0.576
20 0.352 0.016 0.336
61 0.576 0.048 0.528
20 0.336 0.048 0.288
27 0.592 0.048 0.544
29 0.592 0.048 0.544
44 0.592 0.048 0.544
61 0.528 0.144 0.384
61 0.384 0.16 0.224
20 0.288 0.16 0.128
27 0.544 0.16 0.384
29 0.544 0.16 0.384
44 0.544 0.16 0.384
44 0.384 0.048 0.336
20 0.128 0.048 0.08
27 0.384 0.048 0.336
29 0.384 0.048 0.336
48 0.592 0.048 0.544
61 0.224 0.048 0.176
44 0.336 0.048 0.288
44 0.288 0.16 0.128
20 0.08 0.16 -0.08
27 0.336 0.16 0.176
29 0.336 0.16 0.176
48 0.544 0.16 0.384
61 0.176 0.16 0.016
4 0.8 0.048 0.752
19 0.8 0.048 0.752
17 0.8 0.048 0.752
42 0.8 0.048 0.752
52 0.8 0.048 0.752
15 0.8 0.048 0.752
21 0.622588 0.048 0.574588
30 0.8 0.048 0.752
58 0.8 0.048 0.752
30 0.752 0.048 0.704
30 0.704 0.16 0.544
58 0.752 0.16 0.592
58 0.592 0.016 0.576
30 0.544 0.016 0.528
58 0.576 0.048 0.528
30 0.528 0.048 0.48
10 0.8 0.048 0.752
64 0.8 0.048 0.752
23 0.8 0.048 0.752
50 0.8 0.048 0.752
23 0.752 0.048 0.704
23 0.704 0.16 0.544
50 0.752 0.16 0.592
50 0.592 0.016 0.576
23 0.544 0.016 0.528
50 0.576 0.048 0.528
23 0.528 0.048 0.48
36 0.8 0.048 0.752
60 0.8 0.048 0.752
36 0.752 0.048 0.704
36 0.704 0.16 0.544
60 0.752 0.16 0.592
60 0.592 0.016 0.576
36 0.544 0.016 0.528
60 0.576 0.048 0.528
20 0.149305 0.048 0.101305
27 0.403147 0.048 0.355147
36 0.528 0.048 0.48
48 0.610498 0.048 0.562498
60 0.528 0.048 0.48
60 0.48 0.16 0.32
20 0.101305 0.16 -0.0586954
27 0.355147 0.16 0.195147
36 0.48 0.16 0.32
48 0.562498 0.16 0.402498
59 0.8 0.048 0.752
59 0.752 0.048 0.704
59 0.704 0.16 0.544
59 0.544 0.016 0.528
1 0.8 0.048 0.752
13 0.8 0.048 0.752
40 0.8 0.048 0.752
51 0.8 0.048 0.752
69 0.8 0.048 0.752
1 0.752 0.144 0.608
1 0.608 0.16 0.448
13 0.752 0.16 0.592
40 0.752 0.16 0.592
40 0.592 0.016 0.576
1 0.448 0.016 0.432
40 0.576 0.048 0.528
1 0.432 0.048 0.384
13 0.592 0.048 0.544
40 0.528 0.048 0.48
40 0.48 0.16 0.32
51 0.752 0.16 0.592
69 0.752 0.16 0.592
1 0.384 0.16 0.224
13 0.544 0.16 0.384
15 0.8 0.048 0.752
52 0.8 0.048 0.752
41 0.8 0.048 0.752
53 0.8 0.048 0.752
18 0.8 0.048 0.752
31 0.8 0.048 0.752
63 0.8 0.048 0.752
64 0.8 0.048 0.752
68 0.531986 0.048 0.483986
53 0.752 0.096 0.656
53 0.656 0.16 0.496
18 0.752 0.16 0.592
18 0.592 0.016 0.576
53 0.496 0.016 0.48
18 0.576 0.048 0.528
14 0.8 0.048 0.752
31 0.752 0.048 0.704
49 0.8 0.048 0.752
53 0.48 0.048 0.432
63 0.752 0.048 0.704
68 0.483986 0.048 0.435986
18 0.528 0.096 0.432
18 0.432 0.16 0.272
31 0.704 0.16 0.544
63 0.704 0.16 0.544
64 0.752 0.16 0.592
68 0.435986 0.16 0.275986
14 0.752 0.16 0.592
14 0.592 0.016 0.576
18 0.272 0.016 0.256
14 0.576 0.048 0.528
5 0.8 0.048 0.752
8 0.608827 0.048 0.560827
18 0.256 0.048 0.208
21 0.798984 0.048 0.750984
24 0.8 0.048 0.752
49 0.752 0.048 0.704
63 0.544 0.048 0.496
68 0.275986 0.048 0.227986
14 0.528 0.192 0.336
14 0.336 0.16 0.176
31 0.544 0.16 0.384
49 0.704 0.16 0.544
53 0.432 0.16 0.272
63 0.496 0.16 0.336
68 0.227986 0.16 0.0679859
5 0.752 0.16 0.592
8 0.560827 0.16 0.400827
18 0.208 0.16 0.048
21 0.750984 0.16 0.590984
24 0.752 0.16 0.592
24 0.592 0.016 0.576
14 0.176 0.016 0.16
24 0.576 0.048 0.528
5 0.592 0.048 0.544
8 0.400827 0.048 0.352827
14 0.16 0.048 0.112
21 0.590984 0.048 0.542984
49 0.544 0.048 0.496
63 0.336 0.048 0.288
68 0.0679859 0.048 0.0199859
24 0.528 0.096 0.432
24 0.432 0.16 0.272
49 0.496 0.16 0.336
63 0.288 0.16 0.128
68 0.0199859 0.16 -0.140014
5 0.544 0.16 0.384
8 0.352827 0.16 0.192827
14 0.112 0.16 -0.048
21 0.542984 0.16 0.382984
49 0.336 0.16 0.176
63 0.128 0.16 -0.032
68 0 0.16 -0.16
11 0.8 0.048 0.752
2 0.8 0.048 0.752
6 0.8 0.048 0.752
38 0.75194 0.048 0.70394
67 0.714 0.048 0.666
11 0.752 0.144 0.608
11 0.608 0.16 0.448
2 0.752 0.16 0.592
6 0.752 0.16 0.592
38 0.70394 0.16 0.54394
38 0.54394 0.016 0.52794
11 0.448 0.016 0.432
38 0.52794 0.048 0.47994
2 0.592 0.048 0.544
6 0.592 0.048 0.544
11 0.432 0.048 0.384
56 0.757276 0.048 0.709276
57 0.8 0.048 0.752
67 0.666 0.048 0.618
38 0.47994 0.192 0.28794
38 0.28794 0.16 0.12794
67 0.618 0.16 0.458
2 0.544 0.16 0.384
6 0.544 0.16 0.384
11 0.384 0.16 0.224
56 0.709276 0.16 0.549276
57 0.752 0.16 0.592
57 0.592 0.016 0.576
38 0.12794 0.016 0.11194
57 0.576 0.048 0.528
2 0.384 0.048 0.336
12 0.8 0.048 0.752
22 0.753483 0.048 0.705483
38 0.11194 0.048 0.0639396
56 0.549276 0.048 0.501276
67 0.458 0.048 0.41
57 0.528 0.144 0.384
57 0.384 0.16 0.224
67 0.41 0.16 0.25
2 0.336 0.16 0.176
12 0.752 0.16 0.592
22 0.705483 0.16 0.545483
22 0.545483 0.016 0.529483
57 0.224 0.016 0.208
22 0.529483 0.048 0.481483
12 0.592 0.048 0.544
26 0.8 0.048 0.752
35 0.8 0.048 0.752
57 0.208 0.048 0.16
22 0.481483 0.144 0.337483
22 0.337483 0.16 0.177483
38 0.0639396 0.16 -0.0960604
56 0.501276 0.16 0.341276
67 0.25 0.16 0.0899995
12 0.544 0.16 0.384
26 0.752 0.16 0.592
26 0.592 0.016 0.576
22 0.177483 0.016 0.161483
26 0.576 0.048 0.528
12 0.384 0.048 0.336
22 0.161483 0.048 0.113483
35 0.752 0.048 0.704
26 0.528 0.048 0.48
26 0.48 0.16 0.32
35 0.704 0.16 0.544
57 0.16 0.16 -8.32667e-17
12 0.336 0.16 0.176
22 0.113483 0.16 -0.0465166
35 0.544 0.16 0.384
33 0.8 0.048 0.752
1 0.371861 0.048 0.323861
16 0.8 0.048 0.752
51 0.664797 0.048 0.616797
69 0.73742 0.048 0.68942
33 0.752 0.096 0.656
33 0.656 0.16 0.496
1 0.323861 0.16 0.163861
16 0.752 0.16 0.592
16 0.592 0.016 0.576
33 0.496 0.016 0.48
16 0.576 0.048 0.528
33 0.48 0.048 0.432
51 0.616797 0.048 0.568797
62 0.8 0.048 0.752
69 0.68942 0.048 0.64142
16 0.528 0.096 0.432
16 0.432 0.16 0.272
51 0.568797 0.16 0.408797
69 0.64142 0.16 0.48142
33 0.432 0.16 0.272
51 0.408797 0.16 0.248797
62 0.752 0.16 0.592
69 0.48142 0.16 0.32142
34 0.8 0.048 0.752
7 0.8 0.048 0.752
32 0.509215 0.048 0.461215
37 0.8 0.048 0.752
70 0.8 0.048 0.752
34 0.752 0.096 0.656
34 0.656 0.16 0.496
7 0.752 0.16 0.592
7 0.592 0.016 0.576
34 0.496 0.016 0.48
7 0.576 0.048 0.528
32 0.461215 0.048 0.413215
34 0.48 0.048 0.432
37 0.752 0.048 0.704
46 0.8 0.048 0.752
7 0.528 0.048 0.48
7 0.48 0.16 0.32
32 0.413215 0.16 0.253215
37 0.704 0.16 0.544
70 0.752 0.16 0.592
32 0.253215 0.16 0.0932147
34 0.432 0.16 0.272
37 0.544 0.16 0.384
46 0.752 0.16 0.592
46 0.592 0.016 0.576
7 0.32 0.016 0.304
46 0.576 0.048 0.528
7 0.304 0.048 0.256
32 0.0932147 0.048 0.0452147
37 0.384 0.048 0.336
65 0.789752 0.048 0.741752
46 0.528 0.048 0.48
46 0.48 0.16 0.32
7 0.256 0.16 0.096
32 0.0452147 0.16 -0.114785
37 0.336 0.16 0.176
65 0.741752 0.16 0.581752
65 0.581752 0.016 0.565752
46 0.32 0.016 0.304
65 0.565752 0.048 0.517752
32 0 0.048 -0.048
37 0.176 0.048 0.128
46 0.304 0.048 0.256
4 0.8 0.048 0.752
19 0.8 0.048 0.752
55 0.8 0.048 0.752
4 0.752 0.048 0.704
4 0.704 0.16 0.544
19 0.752 0.16 0.592
55 0.752 0.16 0.592
55 0.592 0.016 0.576
4 0.544 0.016 0.528
55 0.576 0.048 0.528
4 0.528 0.048 0.48
19 0.592 0.048 0.544
17 0.8 0.048 0.752
42 0.8 0.048 0.752
52 0.8 0.048 0.752
15 0.8 0.048 0.752
21 0.532424 0.048 0.484424
58 0.8 0.048 0.752
30 0.8 0.048 0.752
10 0.8 0.048 0.752
64 0.742273 0.048 0.694273
50 0.8 0.048 0.752
23 0.8 0.048 0.752
3 0.8 0.048 0.752
28 0.8 0.048 0.752
43 0.8 0.048 0.752
66 0.8 0.048 0.752
3 0.752 0.144 0.608
3 0.608 0.16 0.448
28 0.752 0.16 0.592
43 0.752 0.16 0.592
43 0.592 0.016 0.576
3 0.448 0.016 0.432
43 0.576 0.048 0.528
3 0.432 0.048 0.384
28 0.592 0.048 0.544
54 0.8 0.048 0.752
66 0.752 0.048 0.704
43 0.528 0.096 0.432
43 0.432 0.16 0.272
66 0.704 0.16 0.544
3 0.384 0.16 0.224
28 0.544 0.16 0.384
54 0.752 0.16 0.592
66 0.544 0.16 0.384
4 0.623578 0.048 0.575578
19 0.620676 0.048 0.572676
4 0.575578 0.048 0.527578
4 0.527578 0.16 0.367578
19 0.572676 0.16 0.412676
15 0.8 0.048 0.752
52 0.8 0.048 0.752
41 0.8 0.048 0.752
7 0.401115 0.048 0.353115
32 0.29748 0.048 0.24948
34 0.578084 0.048 0.530084
37 0.41734 0.048 0.36934
46 0.554594 0.048 0.506594
7 0.353115 0.096 0.257115
7 0.257115 0.16 0.0971152
32 0.24948 0.16 0.0894801
34 0.530084 0.16 0.370084
37 0.36934 0.16 0.20934
46 0.506594 0.16 0.346594
51 0.622793 0.048 0.574793
1 0.542984 0.048 0.494984
16 0.582756 0.048 0.534756
33 0.653719 0.048 0.605719
69 0.69478 0.048 0.64678
51 0.574793 0.048 0.526793
51 0.526793 0.16 0.366793
1 0.494984 0.16 0.334984
16 0.534756 0.16 0.374756
33 0.605719 0.16 0.445719
69 0.64678 0.16 0.48678
39 0.8 0.048 0.752
9 0.8 0.048 0.752
39 0.752 0.048 0.704
39 0.704 0.16 0.544
9 0.752 0.16 0.592
9 0.592 0.016 0.576
39 0.544 0.016 0.528
9 0.576 0.048 0.528
39 0.528 0.048 0.48
65 0.8 0.048 0.752
7 0.176874 0.048 0.128874
32 0.168874 0.048 0.120874
37 0.283977 0.048 0.235977
46 0.422433 0.048 0.374433
66 0.611339 0.048 0.563339
3 0.511696 0.048 0.463696
28 0.686913 0.048 0.638913
43 0.568446 0.048 0.520446
54 0.8 0.048 0.752
66 0.563339 0.048 0.515339
66 0.515339 0.16 0.355339
3 0.463696 0.16 0.303696
28 0.638913 0.16 0.478913
43 0.520446 0.16 0.360446
54 0.752 0.16 0.592
67 0.632234 0.048 0.584234
2 0.62013 0.048 0.57213
6 0.8 0.048 0.752
11 0.677465 0.048 0.629465
38 0.446786 0.048 0.398786
56 0.796014 0.048 0.748014
67 0.584234 0.144 0.440234
67 0.440234 0.16 0.280234
2 0.57213 0.16 0.41213
6 0.752 0.16 0.592
11 0.629465 0.16 0.469465
38 0.398786 0.16 0.238786
56 0.748014 0.16 0.588014
55 0.8 0.048 0.752
35 0.8 0.048 0.752
55 0.752 0.048 0.704
55 0.704 0.16 0.544
35 0.752 0.16 0.592
35 0.592 0.016 0.576
55 0.544 0.016 0.528
35 0.576 0.048 0.528
12 0.623392 0.048 0.575392
22 0.44317 0.048 0.39517
26 0.8 0.048 0.752
55 0.528 0.048 0.48
35 0.528 0.048 0.48
35 0.48 0.16 0.32
12 0.575392 0.16 0.415392
22 0.39517 0.16 0.23517
26 0.752 0.16 0.592
55 0.48 0.16 0.32
28 0.478913 0.048 0.430913
3 0.303696 0.048 0.255696
43 0.360446 0.048 0.312446
66 0.434138 0.048 0.386138
17 0.8 0.048 0.752
42 0.8 0.048 0.752
52 0.8 0.048 0.752
15 0.8 0.048 0.752
21 0.8 0.048 0.752
68 0.609413 0.048 0.561413
5 0.8 0.048 0.752
8 0.8 0.048 0.752
14 0.52064 0.048 0.47264
18 0.58072 0.048 0.53272
24 0.8 0.048 0.752
31 0.8 0.048 0.752
49 0.694148 0.048 0.646148
53 0.8 0.048 0.752
63 0.598341 0.048 0.550341
68 0.561413 0.192 0.369413
68 0.369413 0.16 0.209413
5 0.752 0.16 0.592
8 0.752 0.16 0.592
14 0.47264 0.16 0.31264
18 0.53272 0.16 0.37272
24 0.752 0.16 0.592
31 0.752 0.16 0.592
49 0.646148 0.16 0.486148
53 0.752 0.16 0.592
63 0.550341 0.16 0.390341
58 0.8 0.048 0.752
30 0.8 0.048 0.752
27 0.8 0.048 0.752
20 0.739795 0.048 0.691795
29 0.8 0.048 0.752
44 0.8 0.048 0.752
48 0.8 0.048 0.752
60 0.8 0.048 0.752
61 0.8 0.048 0.752
27 0.752 0.144 0.608
27 0.608 0.16 0.448
20 0.691795 0.16 0.531795
29 0.752 0.16 0.592
29 0.592 0.016 0.576
27 0.448 0.016 0.432
29 0.576 0.048 0.528
20 0.531795 0.048 0.483795
27 0.432 0.048 0.384
44 0.752 0.048 0.704
48 0.752 0.048 0.704
61 0.752 0.048 0.704
29 0.528 0.048 0.48
29 0.48 0.16 0.32
44 0.704 0.16 0.544
48 0.704 0.16 0.544
60 0.752 0.16 0.592
61 0.704 0.16 0.544
20 0.483795 0.16 0.323795
27 0.384 0.16 0.224
44 0.544 0.16 0.384
48 0.544 0.16 0.384
61 0.544 0.16 0.384
10 0.8 0.048 0.752
64 0.8 0.048 0.752
50 0.8 0.048 0.752
23 0.8 0.048 0.752
70 0.8 0.048 0.752
34 0.528671 0.048 0.480671
48 0.530781 0.048 0.482781
20 0.403025 0.048 0.355025
27 0.295397 0.048 0.247397
44 0.457058 0.048 0.409058
60 0.670926 0.048 0.622926
61 0.537827 0.048 0.489827
2 0.645083 0.048 0.597083
6 0.8 0.048 0.752
11 0.684851 0.048 0.636851
38 0.45749 0.048 0.40949
56 0.8 0.048 0.752
57 0.661176 0.048 0.613176
67 0.43326 0.048 0.38526
2 0.597083 0.144 0.453083
2 0.453083 0.16 0.293083
6 0.752 0.16 0.592
11 0.636851 0.16 0.476851
38 0.40949 0.16 0.24949
56 0.752 0.16 0.592
56 0.592 0.016 0.576
2 0.293083 0.016 0.277083
56 0.576 0.048 0.528
2 0.277083 0.048 0.229083
6 0.592 0.048 0.544
38 0.24949 0.048 0.20149
57 0.613176 0.048 0.565176
67 0.38526 0.048 0.33726
56 0.528 0.048 0.48
56 0.48 0.16 0.32
57 0.565176 0.16 0.405176
67 0.33726 0.16 0.17726
2 0.229083 0.16 0.0690834
6 0.544 0.16 0.384
38 0.20149 0.16 0.0414895
57 0.405176 0.16 0.245176
67 0.17726 0.16 0.0172603
49 0.637589 0.048 0.589589
5 0.73975 0.048 0.69175
8 0.66273 0.048 0.61473
14 0.461137 0.048 0.413137
21 0.8 0.048 0.752
24 0.73923 0.048 0.69123
31 0.741123 0.048 0.693123
63 0.541392 0.048 0.493392
68 0.352904 0.048 0.304904
49 0.589589 0.096 0.493589
49 0.493589 0.16 0.333589
5 0.69175 0.16 0.53175
5 0.53175 0.016 0.51575
49 0.333589 0.016 0.317589
5 0.51575 0.048 0.46775
8 0.61473 0.048 0.56673
14 0.413137 0.048 0.365137
21 0.752 0.048 0.704
24 0.69123 0.048 0.64323
49 0.317589 0.048 0.269589
63 0.493392 0.048 0.445392
68 0.304904 0.048 0.256904
5 0.46775 0.048 0.41975
5 0.41975 0.16 0.25975
8 0.56673 0.16 0.40673
14 0.365137 0.16 0.205137
21 0.704 0.16 0.544
24 0.64323 0.16 0.48323
31 0.693123 0.16 0.533123
63 0.445392 0.16 0.285392
68 0.256904 0.16 0.096904
8 0.40673 0.16 0.24673
14 0.205137 0.16 0.0451367
21 0.544 0.16 0.384
24 0.48323 0.16 0.32323
49 0.269589 0.16 0.109589
63 0.285392 0.16 0.125392
68 0.096904 0.16 -0.063096
62 0.8 0.048 0.752
16 0.671558 0.048 0.623558
15 0.8 0.048 0.752
52 0.8 0.048 0.752
41 0.8 0.048 0.752
9 0.8 0.048 0.752
39 0.8 0.048 0.752
46 0.680987 0.048 0.632987
32 0.501339 0.048 0.453339
37 0.541371 0.048 0.493371
65 0.8 0.048 0.752
18 0.608342 0.048 0.560342
31 0.608095 0.048 0.560095
53 0.8 0.048 0.752
63 0.204873 0.048 0.156873
68 0.0793454 0.048 0.0313454
18 0.560342 0.048 0.512342
18 0.512342 0.16 0.352342
31 0.560095 0.16 0.400095
53 0.752 0.16 0.592
53 0.592 0.016 0.576
18 0.352342 0.016 0.336342
53 0.576 0.048 0.528
18 0.336342 0.048 0.288342
31 0.400095 0.048 0.352095
63 0.156873 0.048 0.108873
64 0.8 0.048 0.752
68 0.0313454 0.048 -0.0166546
53 0.528 0.048 0.48
53 0.48 0.16 0.32
63 0.108873 0.16 -0.0511274
68 0 0.16 -0.16
18 0.288342 0.16 0.128342
31 0.352095 0.16 0.192095
63 0 0.16 -0.16
64 0.752 0.16 0.592
64 0.592 0.016 0.576
53 0.32 0.016 0.304
64 0.576 0.048 0.528
10 0.8 0.048 0.752
31 0.192095 0.048 0.144095
53 0.304 0.048 0.256
68 0 0.16 -0.16
19 0.8 0.048 0.752
4 0.8 0.048 0.752
65 0.752 0.048 0.704
7 0.506614 0.048 0.458614
32 0.453339 0.048 0.405339
37 0.569217 0.048 0.521217
46 0.703446 0.048 0.655446
28 0.799411 0.048 0.751411
3 0.631734 0.048 0.583734
43 0.691941 0.048 0.643941
66 0.752884 0.048 0.704884
28 0.751411 0.048 0.703411
28 0.703411 0.16 0.543411
3 0.583734 0.16 0.423734
43 0.643941 0.16 0.483941
66 0.704884 0.16 0.544884
12 0.8 0.048 0.752
22 0.685318 0.048 0.637318
26 0.8 0.048 0.752
35 0.705832 0.048 0.657832
57 0.474174 0.048 0.426174
12 0.752 0.048 0.704
12 0.704 0.16 0.544
22 0.637318 0.16 0.477318
26 0.752 0.16 0.592
35 0.657832 0.16 0.497832
57 0.426174 0.16 0.266174
17 0.8 0.048 0.752
42 0.8 0.048 0.752
52 0.8 0.048 0.752
15 0.8 0.048 0.752
21 0.609582 0.048 0.561582
58 0.8 0.048 0.752
30 0.8 0.048 0.752
10 0.8 0.048 0.752
64 0.678905 0.048 0.630905
50 0.8 0.048 0.752
23 0.8 0.048 0.752
70 0.8 0.048 0.752
34 0.8 0.048 0.752
70 0.752 0.048 0.704
70 0.704 0.16 0.544
34 0.752 0.16 0.592
34 0.592 0.016 0.576
70 0.544 0.016 0.528
34 0.576 0.048 0.528
7 0.606823 0.048 0.558823
32 0.554392 0.048 0.506392
37 0.672468 0.048 0.624468
70 0.528 0.048 0.48
32 0.506392 0.048 0.458392
7 0.558823 0.048 0.510823
34 0.601257 0.048 0.553257
37 0.624468 0.048 0.576468
46 0.8 0.048 0.752
65 0.8 0.048 0.752
13 0.8 0.048 0.752
40 0.8 0.048 0.752
21 0.634486 0.048 0.586486
5 0.568879 0.048 0.520879
8 0.543733 0.048 0.495733
14 0.347845 0.048 0.299845
24 0.633781 0.048 0.585781
49 0.405906 0.048 0.357906
52 0.8 0.048 0.752
25 0.8 0.048 0.752
47 0.8 0.048 0.752
54 0.8 0.048 0.752
25 0.752 0.048 0.704
25 0.704 0.16 0.544
47 0.752 0.16 0.592
47 0.592 0.016 0.576
25 0.544 0.016 0.528
47 0.576 0.048 0.528
25 0.528 0.048 0.48
54 0.752 0.048 0.704
54 0.704 0.16 0.544
48 0.8 0.048 0.752
20 0.736546 0.048 0.688546
27 0.61918 0.048 0.57118
44 0.774826 0.048 0.726826
60 0.8 0.048 0.752
48 0.752 0.096 0.656
48 0.656 0.16 0.496
20 0.688546 0.16 0.528546
20 0.528546 0.016 0.512546
48 0.496 0.016 0.48
20 0.512546 0.048 0.464546
27 0.57118 0.048 0.52318
29 0.768813 0.048 0.720813
44 0.726826 0.048 0.678826
48 0.48 0.048 0.432
61 0.8 0.048 0.752
20 0.464546 0.048 0.416546
20 0.416546 0.16 0.256546
27 0.52318 0.16 0.36318
44 0.678826 0.16 0.518826
60 0.752 0.16 0.592
27 0.36318 0.16 0.20318
29 0.720813 0.16 0.560813
44 0.518826 0.16 0.358826
48 0.432 0.16 0.272
61 0.752 0.16 0.592
62 0.8 0.048 0.752
16 0.8 0.048 0.752
15 0.8 0.048 0.752
52 0.8 0.048 0.752
14 0.379234 0.048 0.331234
5 0.594831 0.048 0.546831
8 0.652405 0.048 0.604405
21 0.730518 0.048 0.682518
24 0.737056 0.048 0.689056
49 0.435447 0.048 0.387447
63 0.310153 0.048 0.262153
68 0.303031 0.048 0.255031
41 0.8 0.048 0.752
9 0.8 0.048 0.752
39 0.8 0.048 0.752
46 0.8 0.048 0.752
7 0.655848 0.048 0.607848
32 0.684744 0.048 0.636744
37 0.727407 0.048 0.679407
65 0.8 0.048 0.752
64 0.8 0.048 0.752
10 0.8 0.048 0.752
18 0.49011 0.048 0.44211
53 0.634403 0.048 0.586403
19 0.8 0.048 0.752
4 0.8 0.048 0.752
22 0.78417 0.048 0.73617
12 0.8 0.048 0.752
26 0.8 0.048 0.752
35 0.797633 0.048 0.749633
57 0.567981 0.048 0.519981
22 0.73617 0.096 0.64017
22 0.64017 0.16 0.48017
22 0.48017 0.016 0.46417
12 0.752 0.16 0.592
26 0.752 0.16 0.592
35 0.749633 0.16 0.589633
57 0.519981 0.16 0.359981
65 0.752 0.048 0.704
32 0.636744 0.048 0.588744
46 0.8 0.048 0.752
42 0.8 0.048 0.752
17 0.8 0.048 0.752
17 0.8 0.048 0.752
42 0.752 0.048 0.704
38 0.637164 0.048 0.589164
2 0.678742 0.048 0.630742
6 0.8 0.048 0.752
11 0.8 0.048 0.752
56 0.8 0.048 0.752
57 0.432713 0.048 0.384713
67 0.62211 0.048 0.57411
38 0.589164 0.096 0.493164
38 0.493164 0.16 0.333164
2 0.630742 0.16 0.470742
6 0.752 0.16 0.592
11 0.752 0.16 0.592
56 0.752 0.16 0.592
57 0.384713 0.16 0.224713
67 0.57411 0.16 0.41411
52 0.8 0.048 0.752
15 0.8 0.048 0.752
21 0.8 0.048 0.752
58 0.8 0.048 0.752
30 0.8 0.048 0.752
10 0.8 0.048 0.752
64 0.8 0.048 0.752
50 0.8 0.048 0.752
23 0.8 0.048 0.752
34 0.8 0.048 0.752
7 0.8 0.048 0.752
32 0.741323 0.048 0.693323
37 0.8 0.048 0.752
70 0.8 0.048 0.752
32 0.693323 0.048 0.645323
7 0.752 0.048 0.704
34 0.8 0.048 0.752
37 0.752 0.048 0.704
46 0.8 0.048 0.752
65 0.8 0.048 0.752
13 0.8 0.048 0.752
1 0.8 0.048 0.752
40 0.8 0.048 0.752
13 0.752 0.048 0.704
13 0.704 0.16 0.544
1 0.752 0.16 0.592
1 0.592 0.016 0.576
13 0.544 0.016 0.528
1 0.576 0.048 0.528
13 0.528 0.048 0.48
33 0.8 0.048 0.752
40 0.752 0.048 0.704
51 0.8 0.048 0.752
69 0.8 0.048 0.752
1 0.528 0.048 0.48
1 0.48 0.16 0.32
40 0.704 0.16 0.544
13 0.48 0.16 0.32
33 0.752 0.16 0.592
33 0.592 0.016 0.576
1 0.32 0.016 0.304
33 0.576 0.048 0.528
1 0.304 0.048 0.256
16 0.8 0.048 0.752
51 0.752 0.048 0.704
69 0.752 0.048 0.704
40 0.544 0.16 0.384
51 0.704 0.16 0.544
69 0.704 0.16 0.544
21 0.8 0.048 0.752
5 0.8 0.048 0.752
8 0.8 0.048 0.752
14 0.635633 0.048 0.587633
24 0.8 0.048 0.752
49 0.681572 0.048 0.633572
52 0.8 0.048 0.752
21 0.752 0.048 0.704
21 0.704 0.16 0.544
5 0.752 0.16 0.592
8 0.752 0.16 0.592
14 0.587633 0.16 0.427633
24 0.752 0.16 0.592
49 0.633572 0.16 0.473572
52 0.752 0.16 0.592
47 0.8 0.048 0.752
25 0.8 0.048 0.752
54 0.8 0.048 0.752
55 0.8 0.048 0.752
35 0.731498 0.048 0.683498
55 0.752 0.048 0.704
55 0.704 0.16 0.544
55 0.544 0.016 0.528
35 0.683498 0.16 0.523498
62 0.8 0.048 0.752
16 0.8 0.048 0.752
15 0.8 0.048 0.752
52 0.742595 0.048 0.694595
14 0.497926 0.048 0.449926
5 0.667716 0.048 0.619716
8 0.748582 0.048 0.700582
21 0.688998 0.048 0.640998
24 0.740421 0.048 0.692421
49 0.546124 0.048 0.498124
68 0.631419 0.048 0.583419
14 0.449926 0.048 0.401926
14 0.401926 0.16 0.241926
5 0.619716 0.16 0.459716
8 0.700582 0.16 0.540582
21 0.640998 0.16 0.480998
24 0.692421 0.16 0.532421
49 0.498124 0.16 0.338124
68 0.583419 0.16 0.423419
41 0.8 0.048 0.752
9 0.8 0.048 0.752
39 0.8 0.048 0.752
46 0.8 0.048 0.752
7 0.8 0.048 0.752
32 0.8 0.048 0.752
37 0.8 0.048 0.752
65 0.8 0.048 0.752
64 0.8 0.048 0.752
10 0.8 0.048 0.752
18 0.8 0.048 0.752
53 0.8 0.048 0.752
19 0.8 0.048 0.752
4 0.8 0.048 0.752
55 0.675411 0.048 0.627411
19 0.752 0.048 0.704
19 0.704 0.16 0.544
4 0.752 0.16 0.592
55 0.627411 0.16 0.467411
65 0.752 0.048 0.704
32 0.752 0.048 0.704
37 0.8 0.048 0.752
46 0.8 0.048 0.752
42 0.8 0.048 0.752
17 0.8 0.048 0.752
17 0.8 0.048 0.752
42 0.752 0.048 0.704
52 0.8 0.048 0.752
15 0.8 0.048 0.752
58 0.8 0.048 0.752
30 0.8 0.048 0.752
10 0.8 0.048 0.752
64 0.8 0.048 0.752
50 0.8 0.048 0.752
23 0.8 0.048 0.752
34 0.8 0.048 0.752
7 0.8 0.048 0.752
32 0.8 0.048 0.752
37 0.8 0.048 0.752
70 0.8 0.048 0.752
32 0.752 0.048 0.704
7 0.752 0.048 0.704
34 0.8 0.048 0.752
37 0.752 0.048 0.704
46 0.8 0.048 0.752
65 0.8 0.048 0.752
33 0.8 0.048 0.752
1 0.627911 0.048 0.579911
16 0.8 0.048 0.752
51 0.8 0.048 0.752
69 0.8 0.048 0.752
47 0.8 0.048 0.752
25 0.8 0.048 0.752
54 0.8 0.048 0.752
53 0.8 0.048 0.752
18 0.8 0.048 0.752
31 0.8 0.048 0.752
63 0.8 0.048 0.752
64 0.8 0.048 0.752
68 0.727426 0.048 0.679426
53 0.752 0.048 0.704
53 0.704 0.16 0.544
18 0.752 0.16 0.592
18 0.592 0.016 0.576
53 0.544 0.016 0.528
18 0.576 0.048 0.528
8 0.8 0.048 0.752
31 0.752 0.048 0.704
53 0.528 0.048 0.48
63 0.752 0.048 0.704
64 0.752 0.048 0.704
68 0.679426 0.048 0.631426
31 0.704 0.16 0.544
63 0.704 0.16 0.544
64 0.704 0.16 0.544
68 0.631426 0.16 0.471426
62 0.8 0.048 0.752
16 0.8 0.048 0.752
3 0.8 0.048 0.752
28 0.8 0.048 0.752
43 0.8 0.048 0.752
54 0.8 0.048 0.752
66 0.8 0.048 0.752
15 0.8 0.048 0.752
52 0.8 0.048 0.752
15 0.752 0.048 0.704
15 0.704 0.16 0.544
15 0.544 0.016 0.528
52 0.752 0.16 0.592
1 0.725083 0.048 0.677083
13 0.76552 0.048 0.71752
40 0.8 0.048 0.752
51 0.8 0.048 0.752
69 0.8 0.048 0.752
1 0.677083 0.048 0.629083
1 0.629083 0.16 0.469083
13 0.71752 0.16 0.55752
13 0.55752 0.016 0.54152
1 0.469083 0.016 0.453083
13 0.54152 0.048 0.49352
1 0.453083 0.048 0.405083
40 0.752 0.048 0.704
40 0.704 0.16 0.544
51 0.752 0.16 0.592
69 0.752 0.16 0.592
41 0.8 0.048 0.752
9 0.8 0.048 0.752
39 0.8 0.048 0.752
46 0.8 0.048 0.752
7 0.8 0.048 0.752
32 0.8 0.048 0.752
37 0.8 0.048 0.752
65 0.8 0.048 0.752
64 0.619359 0.048 0.571359
10 0.8 0.048 0.752
18 0.599798 0.048 0.551798
53 0.558943 0.048 0.510943
57 0.8 0.048 0.752
2 0.8 0.048 0.752
6 0.8 0.048 0.752
12 0.8 0.048 0.752
22 0.8 0.048 0.752
38 0.8 0.048 0.752
56 0.8 0.048 0.752
67 0.8 0.048 0.752
57 0.752 0.096 0.656
57 0.656 0.16 0.496
2 0.752 0.16 0.592
2 0.592 0.016 0.576
57 0.496 0.016 0.48
2 0.576 0.048 0.528
6 0.752 0.048 0.704
38 0.752 0.048 0.704
56 0.752 0.048 0.704
57 0.48 0.048 0.432
67 0.752 0.048 0.704
6 0.704 0.16 0.544
12 0.752 0.16 0.592
22 0.752 0.16 0.592
38 0.704 0.16 0.544
56 0.704 0.16 0.544
67 0.704 0.16 0.544
11 0.8 0.048 0.752
6 0.544 0.048 0.496
38 0.614188 0.048 0.566188
62 0.8 0.048 0.752
65 0.752 0.048 0.704
32 0.752 0.048 0.704
46 0.8 0.048 0.752
42 0.8 0.048 0.752
17 0.8 0.048 0.752
59 0.8 0.048 0.752
17 0.8 0.048 0.752
42 0.752 0.048 0.704
52 0.744868 0.048 0.696868
15 0.750834 0.048 0.702834
21 0.8 0.048 0.752
52 0.696868 0.048 0.648868
52 0.648868 0.16 0.488868
15 0.702834 0.16 0.542834
15 0.542834 0.016 0.526834
52 0.488868 0.016 0.472868
15 0.526834 0.048 0.478834
52 0.472868 0.048 0.424868
21 0.752 0.16 0.592
58 0.8 0.048 0.752
30 0.8 0.048 0.752
10 0.8 0.048 0.752
64 0.721881 0.048 0.673881
50 0.8 0.048 0.752
23 0.8 0.048 0.752
34 0.8 0.048 0.752
7 0.8 0.048 0.752
32 0.8 0.048 0.752
37 0.8 0.048 0.752
70 0.8 0.048 0.752
32 0.752 0.048 0.704
7 0.752 0.048 0.704
34 0.8 0.048 0.752
37 0.752 0.048 0.704
46 0.8 0.048 0.752
33 0.8 0.048 0.752
1 0.636981 0.048 0.588981
16 0.8 0.048 0.752
51 0.8 0.048 0.752
69 0.8 0.048 0.752
47 0.8 0.048 0.752
25 0.8 0.048 0.752
54 0.8 0.048 0.752
18 0.8 0.048 0.752
31 0.8 0.048 0.752
53 0.8 0.048 0.752
63 0.8 0.048 0.752
64 0.8 0.048 0.752
68 0.8 0.048 0.752
18 0.752 0.048 0.704
18 0.704 0.16 0.544
18 0.544 0.016 0.528
31 0.752 0.16 0.592
53 0.752 0.16 0.592
63 0.752 0.16 0.592
64 0.752 0.16 0.592
68 0.752 0.16 0.592
62 0.8 0.048 0.752
16 0.8 0.048 0.752
3 0.8 0.048 0.752
28 0.8 0.048 0.752
43 0.8 0.048 0.752
54 0.8 0.048 0.752
66 0.8 0.048 0.752
13 0.8 0.048 0.752
1 0.74122 0.048 0.69322
40 0.8 0.048 0.752
41 0.8 0.048 0.752
9 0.8 0.048 0.752
39 0.8 0.048 0.752
46 0.8 0.048 0.752
32 0.8 0.048 0.752
37 0.8 0.048 0.752
65 0.8 0.048 0.752
64 0.669352 0.048 0.621352
10 0.8 0.048 0.752
18 0.607071 0.048 0.559071
53 0.665024 0.048 0.617024
64 0.621352 0.048 0.573352
64 0.573352 0.16 0.413352
64 0.413352 0.016 0.397352
10 0.752 0.16 0.592
18 0.559071 0.16 0.399071
53 0.617024 0.16 0.457024
2 0.8 0.048 0.752
6 0.8 0.048 0.752
38 0.8 0.048 0.752
56 0.8 0.048 0.752
67 0.8 0.048 0.752
11 0.8 0.048 0.752
6 0.752 0.048 0.704
38 0.8 0.048 0.752
67 0.752 0.048 0.704
65 0.752 0.048 0.704
46 0.8 0.048 0.752
42 0.8 0.048 0.752
17 0.8 0.048 0.752
59 0.8 0.048 0.752
17 0.8 0.048 0.752
42 0.752 0.048 0.704
52 0.795632 0.048 0.747632
15 0.8 0.048 0.752
21 0.8 0.048 0.752
15 0.752 0.048 0.704
52 0.747632 0.048 0.699632
58 0.8 0.048 0.752
30 0.8 0.048 0.752
10 0.740496 0.048 0.692496
64 0.543807 0.048 0.495807
50 0.8 0.048 0.752
23 0.8 0.048 0.752
34 0.8 0.048 0.752
7 0.8 0.048 0.752
32 0.8 0.048 0.752
37 0.8 0.048 0.752
32 0.752 0.048 0.704
7 0.752 0.048 0.704
34 0.8 0.048 0.752
37 0.752 0.048 0.704
46 0.8 0.048 0.752
65 0.8 0.048 0.752
33 0.8 0.048 0.752
1 0.8 0.048 0.752
16 0.8 0.048 0.752
51 0.8 0.048 0.752
69 0.8 0.048 0.752
45 0.8 0.048 0.752
47 0.8 0.048 0.752
25 0.8 0.048 0.752
54 0.8 0.048 0.752
47 0.752 0.048 0.704
47 0.704 0.16 0.544
47 0.544 0.016 0.528
25 0.752 0.16 0.592
54 0.752 0.16 0.592
30 0.8 0.048 0.752
58 0.8 0.048 0.752
62 0.8 0.048 0.752
11 0.8 0.048 0.752
16 0.8 0.048 0.752
3 0.8 0.048 0.752
28 0.8 0.048 0.752
43 0.8 0.048 0.752
54 0.662331 0.048 0.614331
66 0.8 0.048 0.752
3 0.752 0.048 0.704
3 0.704 0.16 0.544
3 0.544 0.016 0.528
28 0.752 0.16 0.592
43 0.752 0.16 0.592
54 0.614331 0.16 0.454331
66 0.752 0.16 0.592
13 0.8 0.048 0.752
40 0.8 0.048 0.752
41 0.8 0.048 0.752
9 0.8 0.048 0.752
39 0.8 0.048 0.752
46 0.8 0.048 0.752
7 0.8 0.048 0.752
32 0.8 0.048 0.752
37 0.8 0.048 0.752
65 0.8 0.048 0.752
2 0.8 0.048 0.752
6 0.8 0.048 0.752
38 0.8 0.048 0.752
56 0.8 0.048 0.752
57 0.8 0.048 0.752
67 0.8 0.048 0.752
11 0.8 0.048 0.752
6 0.752 0.048 0.704
38 0.8 0.048 0.752
62 0.8 0.048 0.752
67 0.752 0.048 0.704
65 0.752 0.048 0.704
32 0.752 0.048 0.704
46 0.8 0.048 0.752
65 0.704 0.048 0.656
65 0.656 0.16 0.496
65 0.496 0.016 0.48
32 0.704 0.16 0.544
46 0.752 0.16 0.592
42 0.8 0.048 0.752
17 0.8 0.048 0.752
59 0.8 0.048 0.752
36 0.8 0.048 0.752
60 0.8 0.048 0.752
17 0.8 0.048 0.752
42 0.752 0.048 0.704
52 0.8 0.048 0.752
15 0.8 0.048 0.752
15 0.752 0.048 0.704
52 0.752 0.048 0.704
58 0.8 0.048 0.752
30 0.8 0.048 0.752
10 0.8 0.048 0.752
64 0.8 0.048 0.752
50 0.8 0.048 0.752
23 0.8 0.048 0.752
34 0.8 0.048 0.752
7 0.8 0.048 0.752
32 0.697331 0.048 0.649331
37 0.8 0.048 0.752
70 0.8 0.048 0.752
65 0.632623 0.048 0.584623
7 0.752 0.048 0.704
32 0.649331 0.048 0.601331
46 0.745753 0.048 0.697753
65 0.584623 0.048 0.536623
65 0.536623 0.16 0.376623
65 0.376623 0.016 0.360623
7 0.704 0.16 0.544
32 0.601331 0.16 0.441331
46 0.697753 0.16 0.537753
32 0.441331 0.048 0.393331
7 0.544 0.048 0.496
34 0.8 0.048 0.752
37 0.752 0.048 0.704
46 0.537753 0.048 0.489753
65 0.360623 0.048 0.312623
32 0.393331 0.048 0.345331
32 0.345331 0.16 0.185331
32 0.185331 0.016 0.169331
7 0.496 0.16 0.336
34 0.752 0.16 0.592
37 0.704 0.16 0.544
46 0.489753 0.16 0.329753
65 0.312623 0.16 0.152623
33 0.8 0.048 0.752
1 0.8 0.048 0.752
16 0.8 0.048 0.752
51 0.8 0.048 0.752
69 0.8 0.048 0.752
45 0.8 0.048 0.752
30 0.8 0.048 0.752
58 0.8 0.048 0.752
62 0.8 0.048 0.752
11 0.8 0.048 0.752
16 0.8 0.048 0.752
13 0.8 0.048 0.752
1 0.8 0.048 0.752
40 0.8 0.048 0.752
41 0.8 0.048 0.752
9 0.8 0.048 0.752
39 0.8 0.048 0.752
46 0.485686 0.048 0.437686
7 0.483189 0.048 0.435189
65 0.388749 0.048 0.340749
2 0.8 0.048 0.752
6 0.8 0.048 0.752
38 0.8 0.048 0.752
56 0.8 0.048 0.752
57 0.8 0.048 0.752
67 0.8 0.048 0.752
11 0.8 0.048 0.752
6 0.752 0.048 0.704
62 0.8 0.048 0.752
42 0.8 0.048 0.752
17 0.8 0.048 0.752
59 0.8 0.048 0.752
36 0.8 0.048 0.752
60 0.8 0.048 0.752
23 0.8 0.048 0.752
50 0.8 0.048 0.752
17 0.8 0.048 0.752
42 0.752 0.048 0.704
52 0.8 0.048 0.752
15 0.8 0.048 0.752
15 0.752 0.048 0.704
52 0.752 0.048 0.704
58 0.8 0.048 0.752
30 0.8 0.048 0.752
10 0.8 0.048 0.752
64 0.8 0.048 0.752
50 0.752 0.048 0.704
23 0.8 0.048 0.752
18 0.8 0.048 0.752
8 0.8 0.048 0.752
31 0.8 0.048 0.752
49 0.8 0.048 0.752
53 0.8 0.048 0.752
63 0.8 0.048 0.752
64 0.752 0.048 0.704
68 0.8 0.048 0.752
18 0.752 0.144 0.608
18 0.608 0.16 0.448
8 0.752 0.16 0.592
31 0.752 0.16 0.592
49 0.752 0.16 0.592
53 0.752 0.16 0.592
53 0.592 0.016 0.576
18 0.448 0.016 0.432
53 0.576 0.048 0.528
18 0.432 0.048 0.384
31 0.592 0.048 0.544
63 0.752 0.048 0.704
64 0.704 0.048 0.656
68 0.752 0.048 0.704
53 0.528 0.048 0.48
53 0.48 0.16 0.32
63 0.704 0.16 0.544
64 0.656 0.16 0.496
68 0.704 0.16 0.544
18 0.384 0.16 0.224
31 0.544 0.16 0.384
63 0.544 0.16 0.384
64 0.496 0.16 0.336
68 0.544 0.16 0.384
34 0.8 0.048 0.752
7 0.664982 0.048 0.616982
32 0.552441 0.048 0.504441
37 0.8 0.048 0.752
70 0.8 0.048 0.752
34 0.752 0.048 0.704
34 0.704 0.16 0.544
7 0.616982 0.16 0.456982
32 0.504441 0.16 0.344441
37 0.752 0.16 0.592
70 0.752 0.16 0.592
33 0.8 0.048 0.752
16 0.8 0.048 0.752
51 0.8 0.048 0.752
69 0.8 0.048 0.752
45 0.8 0.048 0.752
45 0.752 0.048 0.704
45 0.704 0.16 0.544
45 0.544 0.016 0.528
30 0.8 0.048 0.752
58 0.8 0.048 0.752
62 0.8 0.048 0.752
11 0.8 0.048 0.752
16 0.8 0.048 0.752
70 0.744616 0.048 0.696616
34 0.694825 0.048 0.646825
37 0.665063 0.048 0.617063
13 0.8 0.048 0.752
1 0.8 0.048 0.752
40 0.8 0.048 0.752
41 0.8 0.048 0.752
41 0.752 0.048 0.704
41 0.704 0.16 0.544
41 0.544 0.016 0.528
9 0.8 0.048 0.752
39 0.8 0.048 0.752
9 0.752 0.048 0.704
9 0.704 0.16 0.544
9 0.544 0.016 0.528
39 0.752 0.16 0.592
46 0.8 0.048 0.752
32 0.563845 0.048 0.515845
65 0.717191 0.048 0.669191
46 0.752 0.096 0.656
46 0.656 0.16 0.496
32 0.515845 0.16 0.355845
65 0.669191 0.16 0.509191
2 0.8 0.048 0.752
6 0.8 0.048 0.752
38 0.8 0.048 0.752
56 0.8 0.048 0.752
67 0.8 0.048 0.752
11 0.8 0.048 0.752
6 0.752 0.048 0.704
38 0.8 0.048 0.752
62 0.8 0.048 0.752
42 0.8 0.048 0.752
17 0.8 0.048 0.752
59 0.8 0.048 0.752
36 0.8 0.048 0.752
48 0.8 0.048 0.752
60 0.8 0.048 0.752
36 0.752 0.048 0.704
36 0.704 0.16 0.544
48 0.752 0.16 0.592
48 0.592 0.016 0.576
36 0.544 0.016 0.528
48 0.576 0.048 0.528
20 0.8 0.048 0.752
27 0.8 0.048 0.752
29 0.8 0.048 0.752
36 0.528 0.048 0.48
44 0.8 0.048 0.752
60 0.752 0.048 0.704
48 0.528 0.048 0.48
48 0.48 0.16 0.32
60 0.704 0.16 0.544
20 0.752 0.16 0.592
27 0.752 0.16 0.592
27 0.592 0.016 0.576
48 0.32 0.016 0.304
27 0.576 0.048 0.528
20 0.592 0.048 0.544
29 0.752 0.048 0.704
44 0.752 0.048 0.704
48 0.304 0.048 0.256
60 0.544 0.048 0.496
61 0.8 0.048 0.752
29 0.704 0.16 0.544
36 0.48 0.16 0.32
44 0.704 0.16 0.544
60 0.496 0.16 0.336
23 0.8 0.048 0.752
50 0.8 0.048 0.752
17 0.8 0.048 0.752
42 0.752 0.048 0.704
52 0.8 0.048 0.752
15 0.8 0.048 0.752
15 0.752 0.048 0.704
52 0.752 0.048 0.704
55 0.8 0.048 0.752
19 0.8 0.048 0.752
35 0.8 0.048 0.752
58 0.8 0.048 0.752
30 0.8 0.048 0.752
58 0.752 0.048 0.704
58 0.704 0.16 0.544
58 0.544 0.016 0.528
30 0.752 0.16 0.592
10 0.8 0.048 0.752
50 0.752 0.048 0.704
23 0.8 0.048 0.752
33 0.8 0.048 0.752
16 0.8 0.048 0.752
51 0.8 0.048 0.752
69 0.8 0.048 0.752
30 0.666754 0.048 0.618754
58 0.604785 0.048 0.556785
30 0.618754 0.096 0.522754
30 0.522754 0.16 0.362754
30 0.362754 0.016 0.346754
58 0.556785 0.16 0.396785
62 0.8 0.048 0.752
11 0.8 0.048 0.752
16 0.8 0.048 0.752
70 0.8 0.048 0.752
34 0.8 0.048 0.752
37 0.8 0.048 0.752
13 0.8 0.048 0.752
1 0.8 0.048 0.752
40 0.8 0.048 0.752
48 0.481123 0.048 0.433123
20 0.8 0.048 0.752
27 0.748461 0.048 0.700461
29 0.8 0.048 0.752
44 0.755712 0.048 0.707712
60 0.634212 0.048 0.586212
39 0.8 0.048 0.752
9 0.8 0.048 0.752
41 0.8 0.048 0.752
39 0.752 0.096 0.656
39 0.656 0.16 0.496
9 0.752 0.16 0.592
9 0.592 0.016 0.576
39 0.496 0.016 0.48
9 0.576 0.048 0.528
39 0.48 0.048 0.432
41 0.752 0.16 0.592
2 0.8 0.048 0.752
6 0.8 0.048 0.752
38 0.8 0.048 0.752
56 0.8 0.048 0.752
57 0.8 0.048 0.752
67 0.8 0.048 0.752
11 0.8 0.048 0.752
6 0.752 0.048 0.704
42 0.8 0.048 0.752
17 0.8 0.048 0.752
42 0.752 0.048 0.704
42 0.704 0.16 0.544
42 0.544 0.016 0.528
17 0.752 0.16 0.592
59 0.8 0.048 0.752
27 0.8 0.048 0.752
20 0.8 0.048 0.752
29 0.8 0.048 0.752
44 0.8 0.048 0.752
48 0.585481 0.048 0.537481
60 0.656715 0.048 0.608715
61 0.8 0.048 0.752
23 0.8 0.048 0.752
50 0.8 0.048 0.752
17 0.664215 0.048 0.616215
42 0.528 0.048 0.48
17 0.616215 0.048 0.568215
17 0.568215 0.16 0.408215
17 0.408215 0.016 0.392215
42 0.48 0.16 0.32
52 0.8 0.048 0.752
15 0.8 0.048 0.752
15 0.752 0.048 0.704
52 0.752 0.048 0.704
55 0.8 0.048 0.752
19 0.8 0.048 0.752
35 0.8 0.048 0.752
10 0.8 0.048 0.752
64 0.8 0.048 0.752
50 0.752 0.048 0.704
23 0.8 0.048 0.752
33 0.8 0.048 0.752
16 0.8 0.048 0.752
51 0.8 0.048 0.752
69 0.8 0.048 0.752
62 0.8 0.048 0.752
11 0.8 0.048 0.752
16 0.8 0.048 0.752
70 0.8 0.048 0.752
7 0.8 0.048 0.752
34 0.8 0.048 0.752
13 0.8 0.048 0.752
1 0.8 0.048 0.752
40 0.8 0.048 0.752
49 0.8 0.048 0.752
5 0.8 0.048 0.752
8 0.8 0.048 0.752
14 0.8 0.048 0.752
18 0.8 0.048 0.752
24 0.8 0.048 0.752
31 0.8 0.048 0.752
53 0.8 0.048 0.752
63 0.8 0.048 0.752
68 0.8 0.048 0.752
49 0.752 0.048 0.704
49 0.704 0.16 0.544
5 0.752 0.16 0.592
8 0.752 0.16 0.592
14 0.752 0.16 0.592
18 0.752 0.16 0.592
18 0.592 0.016 0.576
49 0.544 0.016 0.528
18 0.576 0.048 0.528
31 0.752 0.048 0.704
49 0.528 0.048 0.48
53 0.752 0.048 0.704
63 0.752 0.048 0.704
64 0.8 0.048 0.752
68 0.752 0.048 0.704
18 0.528 0.048 0.48
18 0.48 0.16 0.32
24 0.752 0.16 0.592
31 0.704 0.16 0.544
53 0.704 0.16 0.544
63 0.704 0.16 0.544
68 0.704 0.16 0.544
31 0.544 0.16 0.384
49 0.48 0.16 0.32
53 0.544 0.16 0.384
63 0.544 0.16 0.384
64 0.752 0.16 0.592
64 0.592 0.016 0.576
18 0.32 0.016 0.304
64 0.576 0.048 0.528
10 0.8 0.048 0.752
18 0.304 0.048 0.256
31 0.384 0.048 0.336
53 0.384 0.048 0.336
68 0.544 0.16 0.384
48 0.757934 0.048 0.709934
20 0.8 0.048 0.752
27 0.8 0.048 0.752
29 0.8 0.048 0.752
44 0.8 0.048 0.752
60 0.8 0.048 0.752
61 0.8 0.048 0.752
48 0.709934 0.048 0.661934
48 0.661934 0.16 0.501934
48 0.501934 0.016 0.485934
20 0.752 0.16 0.592
27 0.752 0.16 0.592
29 0.752 0.16 0.592
44 0.752 0.16 0.592
60 0.752 0.16 0.592
61 0.752 0.16 0.592
9 0.8 0.048 0.752
39 0.8 0.048 0.752
2 0.8 0.048 0.752
6 0.8 0.048 0.752
38 0.8 0.048 0.752
56 0.8 0.048 0.752
57 0.8 0.048 0.752
67 0.8 0.048 0.752
25 0.8 0.048 0.752
47 0.8 0.048 0.752
54 0.8 0.048 0.752
25 0.752 0.048 0.704
25 0.704 0.16 0.544
47 0.752 0.16 0.592
47 0.592 0.016 0.576
25 0.544 0.016 0.528
47 0.576 0.048 0.528
25 0.528 0.048 0.48
43 0.8 0.048 0.752
54 0.752 0.048 0.704
54 0.704 0.16 0.544
11 0.8 0.048 0.752
6 0.752 0.048 0.704
62 0.8 0.048 0.752
59 0.8 0.048 0.752
1 0.8 0.048 0.752
13 0.8 0.048 0.752
40 0.8 0.048 0.752
51 0.8 0.048 0.752
69 0.8 0.048 0.752
27 0.735968 0.048 0.687968
20 0.667553 0.048 0.619553
29 0.668981 0.048 0.620981
44 0.739271 0.048 0.691271
48 0.636294 0.048 0.588294
60 0.663502 0.048 0.615502
61 0.742776 0.048 0.694776
23 0.8 0.048 0.752
50 0.8 0.048 0.752
57 0.8 0.048 0.752
12 0.8 0.048 0.752
22 0.8 0.048 0.752
56 0.8 0.048 0.752
57 0.752 0.048 0.704
57 0.704 0.16 0.544
12 0.752 0.16 0.592
22 0.752 0.16 0.592
22 0.592 0.016 0.576
57 0.544 0.016 0.528
22 0.576 0.048 0.528
12 0.592 0.048 0.544
26 0.8 0.048 0.752
35 0.8 0.048 0.752
57 0.528 0.048 0.48
56 0.752 0.16 0.592
52 0.8 0.048 0.752
15 0.8 0.048 0.752
15 0.752 0.048 0.704
52 0.752 0.048 0.704
55 0.8 0.048 0.752
19 0.8 0.048 0.752
10 0.8 0.048 0.752
50 0.752 0.048 0.704
23 0.8 0.048 0.752
33 0.8 0.048 0.752
16 0.8 0.048 0.752
51 0.8 0.048 0.752
69 0.8 0.048 0.752
62 0.8 0.048 0.752
11 0.8 0.048 0.752
16 0.8 0.048 0.752
70 0.8 0.048 0.752
34 0.8 0.048 0.752
37 0.8 0.048 0.752
13 0.8 0.048 0.752
1 0.8 0.048 0.752
40 0.8 0.048 0.752
13 0.752 0.048 0.704
13 0.704 0.16 0.544
13 0.544 0.016 0.528
1 0.752 0.16 0.592
40 0.752 0.16 0.592
64 0.8 0.048 0.752
10 0.8 0.048 0.752
18 0.644401 0.048 0.596401
31 0.704763 0.048 0.656763
53 0.708895 0.048 0.660895
9 0.8 0.048 0.752
39 0.8 0.048 0.752
2 0.8 0.048 0.752
6 0.8 0.048 0.752
38 0.8 0.048 0.752
56 0.8 0.048 0.752
67 0.8 0.048 0.752
47 0.8 0.048 0.752
25 0.8 0.048 0.752
54 0.8 0.048 0.752
11 0.8 0.048 0.752
62 0.8 0.048 0.752
59 0.8 0.048 0.752
1 0.732971 0.048 0.684971
13 0.678315 0.048 0.630315
40 0.742897 0.048 0.694897
51 0.8 0.048 0.752
69 0.8 0.048 0.752
1 0.684971 0.096 0.588971
1 0.588971 0.16 0.428971
1 0.428971 0.016 0.412971
13 0.630315 0.16 0.470315
40 0.694897 0.16 0.534897
51 0.752 0.16 0.592
69 0.752 0.16 0.592
27 0.8 0.048 0.752
20 0.8 0.048 0.752
29 0.8 0.048 0.752
44 0.8 0.048 0.752
48 0.8 0.048 0.752
60 0.8 0.048 0.752
61 0.8 0.048 0.752
23 0.8 0.048 0.752
50 0.8 0.048 0.752
22 0.8 0.048 0.752
12 0.8 0.048 0.752
26 0.8 0.048 0.752
35 0.8 0.048 0.752
57 0.8 0.048 0.752
52 0.8 0.048 0.752
15 0.8 0.048 0.752
15 0.752 0.048 0.704
52 0.752 0.048 0.704
55 0.8 0.048 0.752
19 0.8 0.048 0.752
10 0.8 0.048 0.752
64 0.8 0.048 0.752
50 0.752 0.048 0.704
23 0.8 0.048 0.752
33 0.8 0.048 0.752
16 0.8 0.048 0.752
51 0.742006 0.048 0.694006
69 0.662777 0.048 0.614777
33 0.752 0.048 0.704
33 0.704 0.16 0.544
33 0.544 0.016 0.528
16 0.752 0.16 0.592
51 0.694006 0.16 0.534006
69 0.614777 0.16 0.454777
62 0.8 0.048 0.752
11 0.8 0.048 0.752
16 0.664791 0.048 0.616791
62 0.752 0.048 0.704
62 0.704 0.16 0.544
62 0.544 0.016 0.528
11 0.752 0.16 0.592
16 0.616791 0.16 0.456791
3 0.8 0.048 0.752
28 0.8 0.048 0.752
43 0.8 0.048 0.752
54 0.8 0.048 0.752
66 0.8 0.048 0.752
70 0.8 0.048 0.752
7 0.8 0.048 0.752
34 0.8 0.048 0.752
37 0.8 0.048 0.752
64 0.8 0.048 0.752
10 0.8 0.048 0.752
18 0.8 0.048 0.752
31 0.8 0.048 0.752
53 0.8 0.048 0.752
9 0.8 0.048 0.752
39 0.8 0.048 0.752
2 0.8 0.048 0.752
6 0.8 0.048 0.752
38 0.8 0.048 0.752
56 0.8 0.048 0.752
67 0.8 0.048 0.752
2 0.752 0.048 0.704
2 0.704 0.16 0.544
2 0.544 0.016 0.528
6 0.752 0.16 0.592
38 0.752 0.16 0.592
56 0.752 0.16 0.592
67 0.752 0.16 0.592
47 0.8 0.048 0.752
25 0.8 0.048 0.752
54 0.8 0.048 0.752
11 0.662952 0.048 0.614952
62 0.671106 0.048 0.623106
11 0.614952 0.048 0.566952
11 0.566952 0.16 0.406952
62 0.623106 0.16 0.463106
18 0.8 0.048 0.752
31 0.8 0.048 0.752
49 0.8 0.048 0.752
53 0.8 0.048 0.752
63 0.8 0.048 0.752
64 0.8 0.048 0.752
68 0.8 0.048 0.752
18 0.752 0.048 0.704
18 0.704 0.16 0.544
31 0.752 0.16 0.592
49 0.752 0.16 0.592
49 0.592 0.016 0.576
18 0.544 0.016 0.528
49 0.576 0.048 0.528
5 0.8 0.048 0.752
8 0.8 0.048 0.752
14 0.8 0.048 0.752
18 0.528 0.048 0.48
24 0.8 0.048 0.752
31 0.592 0.048 0.544
53 0.752 0.048 0.704
63 0.752 0.048 0.704
68 0.752 0.048 0.704
53 0.704 0.16 0.544
63 0.704 0.16 0.544
64 0.752 0.16 0.592
68 0.704 0.16 0.544
45 0.8 0.048 0.752
59 0.8 0.048 0.752
27 0.8 0.048 0.752
20 0.8 0.048 0.752
29 0.8 0.048 0.752
44 0.8 0.048 0.752
48 0.8 0.048 0.752
60 0.8 0.048 0.752
61 0.8 0.048 0.752
23 0.8 0.048 0.752
50 0.8 0.048 0.752
22 0.8 0.048 0.752
12 0.8 0.048 0.752
26 0.8 0.048 0.752
35 0.8 0.048 0.752
57 0.8 0.048 0.752
52 0.8 0.048 0.752
15 0.8 0.048 0.752
15 0.752 0.048 0.704
52 0.752 0.048 0.704
55 0.8 0.048 0.752
19 0.8 0.048 0.752
35 0.752 0.048 0.704
10 0.8 0.048 0.752
64 0.666067 0.048 0.618067
50 0.752 0.048 0.704
23 0.8 0.048 0.752
65 0.8 0.048 0.752
32 0.8 0.048 0.752
46 0.8 0.048 0.752
65 0.752 0.048 0.704
65 0.704 0.16 0.544
32 0.752 0.16 0.592
32 0.592 0.016 0.576
65 0.544 0.016 0.528
32 0.576 0.048 0.528
7 0.8 0.048 0.752
34 0.8 0.048 0.752
37 0.8 0.048 0.752
46 0.752 0.048 0.704
65 0.528 0.048 0.48
46 0.704 0.16 0.544
36 0.8 0.048 0.752
60 0.8 0.048 0.752
3 0.8 0.048 0.752
28 0.8 0.048 0.752
43 0.8 0.048 0.752
54 0.8 0.048 0.752
66 0.8 0.048 0.752
70 0.8 0.048 0.752
34 0.8 0.048 0.752
37 0.8 0.048 0.752
64 0.8 0.048 0.752
10 0.8 0.048 0.752
18 0.775661 0.048 0.727661
31 0.8 0.048 0.752
53 0.8 0.048 0.752
9 0.8 0.048 0.752
39 0.8 0.048 0.752
47 0.8 0.048 0.752
25 0.8 0.048 0.752
43 0.8 0.048 0.752
54 0.8 0.048 0.752
49 0.8 0.048 0.752
5 0.8 0.048 0.752
8 0.8 0.048 0.752
14 0.8 0.048 0.752
18 0.8 0.048 0.752
24 0.8 0.048 0.752
31 0.8 0.048 0.752
53 0.8 0.048 0.752
63 0.8 0.048 0.752
68 0.8 0.048 0.752
45 0.8 0.048 0.752
59 0.8 0.048 0.752
27 0.8 0.048 0.752
20 0.8 0.048 0.752
29 0.8 0.048 0.752
44 0.8 0.048 0.752
48 0.8 0.048 0.752
61 0.8 0.048 0.752
23 0.8 0.048 0.752
50 0.8 0.048 0.752
22 0.8 0.048 0.752
12 0.8 0.048 0.752
26 0.8 0.048 0.752
35 0.8 0.048 0.752
57 0.8 0.048 0.752
52 0.8 0.048 0.752
15 0.8 0.048 0.752
21 0.8 0.048 0.752
15 0.752 0.048 0.704
52 0.752 0.048 0.704
55 0.8 0.048 0.752
19 0.8 0.048 0.752
35 0.752 0.048 0.704
10 0.8 0.048 0.752
50 0.752 0.048 0.704
23 0.8 0.048 0.752
50 0.704 0.048 0.656
50 0.656 0.16 0.496
50 0.496 0.016 0.48
23 0.752 0.16 0.592
32 0.8 0.048 0.752
7 0.8 0.048 0.752
34 0.8 0.048 0.752
37 0.8 0.048 0.752
46 0.8 0.048 0.752
65 0.8 0.048 0.752
36 0.8 0.048 0.752
60 0.8 0.048 0.752
3 0.8 0.048 0.752
28 0.8 0.048 0.752
43 0.8 0.048 0.752
54 0.8 0.048 0.752
66 0.8 0.048 0.752
70 0.8 0.048 0.752
34 0.8 0.048 0.752
37 0.8 0.048 0.752
64 0.8 0.048 0.752
10 0.8 0.048 0.752
18 0.8 0.048 0.752
31 0.8 0.048 0.752
53 0.8 0.048 0.752
9 0.8 0.048 0.752
39 0.8 0.048 0.752
47 0.8 0.048 0.752
25 0.8 0.048 0.752
43 0.8 0.048 0.752
54 0.8 0.048 0.752
49 0.8 0.048 0.752
5 0.8 0.048 0.752
8 0.8 0.048 0.752
14 0.8 0.048 0.752
18 0.8 0.048 0.752
24 0.8 0.048 0.752
31 0.8 0.048 0.752
53 0.8 0.048 0.752
63 0.8 0.048 0.752
68 0.8 0.048 0.752
45 0.8 0.048 0.752
59 0.8 0.048 0.752
27 0.8 0.048 0.752
20 0.8 0.048 0.752
29 0.8 0.048 0.752
44 0.8 0.048 0.752
48 0.8 0.048 0.752
61 0.8 0.048 0.752
23 0.8 0.048 0.752
50 0.8 0.048 0.752
23 0.752 0.048 0.704
23 0.704 0.16 0.544
50 0.752 0.16 0.592
50 0.592 0.016 0.576
23 0.544 0.016 0.528
50 0.576 0.048 0.528
23 0.528 0.048 0.48
22 0.8 0.048 0.752
12 0.8 0.048 0.752
26 0.8 0.048 0.752
35 0.8 0.048 0.752
57 0.8 0.048 0.752
52 0.8 0.048 0.752
15 0.8 0.048 0.752
52 0.752 0.048 0.704
52 0.704 0.16 0.544
52 0.544 0.016 0.528
15 0.752 0.16 0.592
15 0.592 0.048 0.544
52 0.528 0.048 0.48
15 0.544 0.048 0.496
15 0.496 0.16 0.336
15 0.336 0.016 0.32
52 0.48 0.16 0.32
55 0.8 0.048 0.752
19 0.8 0.048 0.752
35 0.752 0.048 0.704
10 0.8 0.048 0.752
32 0.8 0.048 0.752
7 0.8 0.048 0.752
34 0.8 0.048 0.752
37 0.8 0.048 0.752
46 0.8 0.048 0.752
65 0.8 0.048 0.752
36 0.8 0.048 0.752
60 0.8 0.048 0.752
3 0.8 0.048 0.752
28 0.8 0.048 0.752
43 0.8 0.048 0.752
54 0.8 0.048 0.752
66 0.8 0.048 0.752
70 0.8 0.048 0.752
34 0.8 0.048 0.752
37 0.8 0.048 0.752
64 0.8 0.048 0.752
10 0.8 0.048 0.752
18 0.8 0.048 0.752
31 0.8 0.048 0.752
53 0.8 0.048 0.752
9 0.8 0.048 0.752
39 0.8 0.048 0.752
47 0.8 0.048 0.752
25 0.8 0.048 0.752
43 0.8 0.048 0.752
54 0.8 0.048 0.752
49 0.8 0.048 0.752
5 0.8 0.048 0.752
8 0.8 0.048 0.752
14 0.8 0.048 0.752
24 0.8 0.048 0.752
31 0.8 0.048 0.752
53 0.8 0.048 0.752
63 0.8 0.048 0.752
68 0.8 0.048 0.752
49 0.752 0.048 0.704
49 0.704 0.16 0.544
49 0.544 0.016 0.528
5 0.752 0.16 0.592
8 0.752 0.16 0.592
14 0.752 0.16 0.592
24 0.752 0.16 0.592
31 0.752 0.16 0.592
53 0.752 0.16 0.592
63 0.752 0.16 0.592
68 0.752 0.16 0.592
45 0.8 0.048 0.752
59 0.8 0.048 0.752
27 0.8 0.048 0.752
20 0.8 0.048 0.752
29 0.8 0.048 0.752
44 0.8 0.048 0.752
48 0.8 0.048 0.752
61 0.8 0.048 0.752
50 0.8 0.048 0.752
23 0.8 0.048 0.752
22 0.8 0.048 0.752
12 0.8 0.048 0.752
26 0.8 0.048 0.752
35 0.8 0.048 0.752
57 0.8 0.048 0.752
55 0.8 0.048 0.752
19 0.8 0.048 0.752
35 0.752 0.048 0.704
10 0.8 0.048 0.752
64 0.8 0.048 0.752
10 0.752 0.048 0.704
10 0.704 0.16 0.544
10 0.544 0.016 0.528
64 0.752 0.16 0.592
32 0.8 0.048 0.752
7 0.8 0.048 0.752
34 0.8 0.048 0.752
37 0.8 0.048 0.752
46 0.8 0.048 0.752
65 0.8 0.048 0.752
36 0.8 0.048 0.752
60 0.8 0.048 0.752
3 0.8 0.048 0.752
28 0.8 0.048 0.752
43 0.8 0.048 0.752
54 0.8 0.048 0.752
66 0.8 0.048 0.752
70 0.8 0.048 0.752
34 0.8 0.048 0.752
37 0.8 0.048 0.752
64 0.8 0.048 0.752
10 0.685245 0.048 0.637245
18 0.8 0.048 0.752
31 0.8 0.048 0.752
53 0.8 0.048 0.752
64 0.752 0.048 0.704
64 0.704 0.16 0.544
10 0.637245 0.16 0.477245
18 0.752 0.16 0.592
31 0.752 0.16 0.592
53 0.752 0.16 0.592
9 0.8 0.048 0.752
39 0.8 0.048 0.752
47 0.8 0.048 0.752
25 0.8 0.048 0.752
43 0.8 0.048 0.752
54 0.8 0.048 0.752
47 0.752 0.048 0.704
47 0.704 0.16 0.544
47 0.544 0.016 0.528
25 0.752 0.16 0.592
43 0.752 0.16 0.592
54 0.752 0.16 0.592
45 0.8 0.048 0.752
59 0.8 0.048 0.752
27 0.8 0.048 0.752
20 0.8 0.048 0.752
29 0.8 0.048 0.752
44 0.8 0.048 0.752
48 0.8 0.048 0.752
61 0.8 0.048 0.752
50 0.8 0.048 0.752
23 0.8 0.048 0.752
22 0.8 0.048 0.752
12 0.8 0.048 0.752
26 0.8 0.048 0.752
35 0.8 0.048 0.752
57 0.8 0.048 0.752
55 0.8 0.048 0.752
19 0.8 0.048 0.752
35 0.752 0.048 0.704
32 0.8 0.048 0.752
7 0.8 0.048 0.752
34 0.8 0.048 0.752
37 0.8 0.048 0.752
46 0.8 0.048 0.752
65 0.8 0.048 0.752
36 0.8 0.048 0.752
60 0.8 0.048 0.752
3 0.8 0.048 0.752
28 0.8 0.048 0.752
43 0.8 0.048 0.752
54 0.8 0.048 0.752
66 0.8 0.048 0.752
70 0.8 0.048 0.752
34 0.8 0.048 0.752
37 0.8 0.048 0.752
9 0.8 0.048 0.752
39 0.8 0.048 0.752
45 0.8 0.048 0.752
59 0.8 0.048 0.752
27 0.8 0.048 0.752
20 0.8 0.048 0.752
29 0.8 0.048 0.752
44 0.8 0.048 0.752
48 0.8 0.048 0.752
61 0.8 0.048 0.752
50 0.8 0.048 0.752
23 0.8 0.048 0.752
22 0.8 0.048 0.752
12 0.8 0.048 0.752
26 0.8 0.048 0.752
35 0.8 0.048 0.752
57 0.8 0.048 0.752
55 0.8 0.048 0.752
19 0.8 0.048 0.752
35 0.752 0.048 0.704
32 0.8 0.048 0.752
7 0.8 0.048 0.752
34 0.8 0.048 0.752
46 0.8 0.048 0.752
65 0.8 0.048 0.752
36 0.8 0.048 0.752
60 0.8 0.048 0.752
3 0.8 0.048 0.752
28 0.8 0.048 0.752
43 0.8 0.048 0.752
54 0.8 0.048 0.752
66 0.8 0.048 0.752
70 0.8 0.048 0.752
34 0.8 0.048 0.752
37 0.8 0.048 0.752
9 0.8 0.048 0.752
39 0.8 0.048 0.752
41 0.8 0.048 0.752
9 0.752 0.048 0.704
9 0.704 0.16 0.544
39 0.752 0.16 0.592
41 0.752 0.16 0.592
41 0.592 0.016 0.576
9 0.544 0.016 0.528
41 0.576 0.048 0.528
9 0.528 0.048 0.48
39 0.592 0.048 0.544
45 0.8 0.048 0.752
59 0.8 0.048 0.752
27 0.8 0.048 0.752
20 0.8 0.048 0.752
29 0.8 0.048 0.752
44 0.8 0.048 0.752
48 0.8 0.048 0.752
61 0.8 0.048 0.752
50 0.8 0.048 0.752
23 0.8 0.048 0.752
22 0.8 0.048 0.752
12 0.8 0.048 0.752
26 0.8 0.048 0.752
35 0.8 0.048 0.752
57 0.8 0.048 0.752
55 0.8 0.048 0.752
19 0.8 0.048 0.752
35 0.752 0.048 0.704
32 0.8 0.048 0.752
7 0.8 0.048 0.752
37 0.8 0.048 0.752
46 0.8 0.048 0.752
65 0.8 0.048 0.752
36 0.8 0.048 0.752
60 0.8 0.048 0.752
3 0.8 0.048 0.752
28 0.8 0.048 0.752
43 0.8 0.048 0.752
54 0.8 0.048 0.752
66 0.8 0.048 0.752
70 0.8 0.048 0.752
41 0.8 0.048 0.752
39 0.8 0.048 0.752
45 0.8 0.048 0.752
59 0.8 0.048 0.752
27 0.8 0.048 0.752
20 0.8 0.048 0.752
29 0.8 0.048 0.752
44 0.8 0.048 0.752
48 0.8 0.048 0.752
61 0.8 0.048 0.752
50 0.8 0.048 0.752
23 0.8 0.048 0.752
22 0.8 0.048 0.752
12 0.8 0.048 0.752
26 0.8 0.048 0.752
35 0.8 0.048 0.752
57 0.8 0.048 0.752
55 0.8 0.048 0.752
19 0.8 0.048 0.752
35 0.752 0.048 0.704
32 0.8 0.048 0.752
7 0.8 0.048 0.752
37 0.8 0.048 0.752
46 0.8 0.048 0.752
65 0.8 0.048 0.752
36 0.8 0.048 0.752
60 0.8 0.048 0.752
3 0.8 0.048 0.752
28 0.8 0.048 0.752
43 0.8 0.048 0.752
54 0.8 0.048 0.752
66 0.8 0.048 0.752
70 0.8 0.048 0.752
7 0.8 0.048 0.752
34 0.8 0.048 0.752
37 0.8 0.048 0.752
41 0.8 0.048 0.752
9 0.8 0.048 0.752
39 0.8 0.048 0.752
45 0.8 0.048 0.752
59 0.8 0.048 0.752
27 0.8 0.048 0.752
20 0.8 0.048 0.752
29 0.8 0.048 0.752
44 0.8 0.048 0.752
48 0.8 0.048 0.752
61 0.8 0.048 0.752
27 0.752 0.048 0.704
27 0.704 0.16 0.544
27 0.544 0.016 0.528
20 0.752 0.16 0.592
29 0.752 0.16 0.592
44 0.752 0.16 0.592
48 0.752 0.16 0.592
61 0.752 0.16 0.592
50 0.8 0.048 0.752
23 0.8 0.048 0.752
22 0.8 0.048 0.752
12 0.8 0.048 0.752
26 0.8 0.048 0.752
35 0.8 0.048 0.752
57 0.8 0.048 0.752
55 0.8 0.048 0.752
19 0.8 0.048 0.752
35 0.752 0.048 0.704
32 0.8 0.048 0.752
7 0.8 0.048 0.752
46 0.8 0.048 0.752
65 0.8 0.048 0.752
36 0.8 0.048 0.752
60 0.8 0.048 0.752
36 0.752 0.048 0.704
36 0.704 0.16 0.544
36 0.544 0.016 0.528
60 0.752 0.16 0.592
3 0.8 0.048 0.752
28 0.8 0.048 0.752
43 0.8 0.048 0.752
54 0.8 0.048 0.752
66 0.8 0.048 0.752
70 0.8 0.048 0.752
34 0.8 0.048 0.752
37 0.8 0.048 0.752
41 0.8 0.048 0.752
39 0.8 0.048 0.752
45 0.8 0.048 0.752
59 0.8 0.048 0.752
50 0.8 0.048 0.752
23 0.8 0.048 0.752
22 0.8 0.048 0.752
12 0.8 0.048 0.752
26 0.8 0.048 0.752
35 0.8 0.048 0.752
57 0.8 0.048 0.752
55 0.8 0.048 0.752
19 0.8 0.048 0.752
26 0.8 0.048 0.752
35 0.752 0.048 0.704
32 0.8 0.048 0.752
7 0.8 0.048 0.752
46 0.8 0.048 0.752
65 0.8 0.048 0.752
3 0.8 0.048 0.752
28 0.8 0.048 0.752
43 0.8 0.048 0.752
54 0.8 0.048 0.752
66 0.8 0.048 0.752
70 0.8 0.048 0.752
34 0.8 0.048 0.752
37 0.8 0.048 0.752
41 0.8 0.048 0.752
39 0.8 0.048 0.752
45 0.8 0.048 0.752
59 0.8 0.048 0.752
50 0.8 0.048 0.752
23 0.8 0.048 0.752
22 0.8 0.048 0.752
12 0.8 0.048 0.752
26 0.8 0.048 0.752
35 0.8 0.048 0.752
57 0.8 0.048 0.752
55 0.8 0.048 0.752
19 0.8 0.048 0.752
26 0.8 0.048 0.752
35 0.752 0.048 0.704
32 0.8 0.048 0.752
7 0.8 0.048 0.752
46 0.8 0.048 0.752
65 0.8 0.048 0.752
3 0.8 0.048 0.752
28 0.8 0.048 0.752
43 0.8 0.048 0.752
54 0.8 0.048 0.752
66 0.8 0.048 0.752
70 0.8 0.048 0.752
34 0.8 0.048 0.752
37 0.8 0.048 0.752
