58 284
10 284
43 284
60 284
12 285
2 285
33 285
48 285
3 285
15 285
69 285
73 285
76 285
19 285
38 285
36 285
22 285
65 286
16 286
17 286
47 286
62 286
31 287
5 287
8 287
11 287
37 287
49 287
50 287
51 287
61 287
59 287
75 288
7 288
23 288
56 288
74 288
36 289
38 289
73 289
48 289
12 289
79 285
44 285
13 285
70 287
51 290
31 290
70 290
22 289
77 291
14 291
46 292
45 292
66 292
63 292
29 292
6 292
64 293
9 293
35 294
42 294
21 292
79 289
41 295
1 295
74 296
27 298
20 298
53 298
55 298
26 298
39 298
72 292
45 300
46 300
63 300
66 300
63 301
45 301
46 301
66 301
54 292
60 302
9 299
4 297
70 303
51 303
64 299
70 299
67 285
27 285
28 294
33 289
67 289
24 294
79 304
22 304
36 304
32 291
38 304
73 304
48 304
12 304
33 304
25 285
32 305
44 289
25 289
62 306
17 306
22 307
36 307
79 307
44 307
25 307
54 308
66 308
46 308
45 308
80 288
62 288
73 309
48 309
78 285
34 286
66 310
46 310
38 307
25 311
42 312
35 312
18 285
76 289
18 289
48 314
73 314
76 314
18 314
38 314
36 314
22 314
12 309
33 315
67 304
35 316
27 289
57 298
55 285
57 285
12 319
33 319
48 319
67 319
76 319
27 319
18 319
55 319
38 319
36 319
41 317
71 295
70 320
64 320
30 284
58 302
30 302
36 321
38 321
18 321
76 321
48 321
12 321
33 321
52 284
68 286
52 286
60 286
60 322
52 322
67 321
27 321
65 306
68 322
65 322
17 288
65 288
68 288
52 288
27 323
67 323
33 323
12 323
48 323
76 323
18 323
38 323
80 286
75 296
64 324
74 313
75 313
40 288
46 325
60 288
58 288
48 326
12 326
76 326
33 326
67 326
61 290
31 303
61 303
51 299
31 299
61 299
70 324
51 324
31 324
76 329
48 329
12 329
33 329
9 320
21 300
63 308
45 310
63 310
80 331
34 331
41 332
72 300
66 325
72 325
45 325
54 310
62 331
17 331
65 331
68 331
52 331
60 331
4 318
52 333
68 333
28 312
42 316
28 316
17 333
33 334
12 334
48 334
24 312
32 328
77 305
62 333
80 333
75 333
40 333
25 330
70 335
51 335
64 335
35 336
42 336
44 311
66 337
79 314
44 314
22 319
79 319
44 319
42 338
78 314
36 323
78 323
22 323
38 327
79 323
68 339
18 326
38 326
76 334
18 334
38 334
67 329
27 326
55 321
57 319
71 332
30 288
58 331
30 331
60 333
58 333
30 333
63 325
52 339
60 339
58 339
30 339
74 333
31 335
61 324
9 335
21 325
54 337
28 336
35 338
24 336
25 314
44 323
25 323
