7 50 0.048 49.952
5 50 0.048 49.952
22 50 0.048 49.952
7 49.952 0.16 49.792
5 49.952 0.16 49.792
5 49.792 0.048 49.744
7 49.792 0.048 49.744
22 49.952 0.048 49.904
5 49.744 0.16 49.584
22 49.904 0.16 49.744
22 49.744 0.048 49.696
5 49.584 0.048 49.536
7 49.744 0.048 49.696
7 49.696 0.16 49.536
22 49.696 0.16 49.536
34 50 0.048 49.952
28 50 0.048 49.952
34 49.952 0.16 49.792
28 49.952 0.16 49.792
28 49.792 0.048 49.744
34 49.792 0.048 49.744
40 50 0.048 49.952
28 49.744 0.16 49.584
34 49.744 0.16 49.584
40 49.952 0.16 49.792
40 49.792 0.048 49.744
3 50 0.048 49.952
28 49.584 0.048 49.536
33 50 0.048 49.952
40 49.744 0.16 49.584
3 49.952 0.16 49.792
3 49.792 0.048 49.744
33 49.952 0.048 49.904
40 49.584 0.048 49.536
3 49.744 0.16 49.584
28 49.536 0.16 49.376
33 49.904 0.16 49.744
33 49.744 0.048 49.696
3 49.584 0.048 49.536
40 49.536 0.048 49.488
33 49.696 0.16 49.536
40 49.488 0.16 49.328
17 50 0.048 49.952
35 50 0.048 49.952
17 49.952 0.16 49.792
35 49.952 0.16 49.792
35 49.792 0.048 49.744
17 49.792 0.048 49.744
31 50 0.048 49.952
35 49.744 0.16 49.584
17 49.744 0.16 49.584
31 49.952 0.16 49.792
31 49.792 0.048 49.744
35 49.584 0.048 49.536
22 49.8982 0.048 49.8502
5 49.8217 0.048 49.7737
7 49.8266 0.048 49.7786
1 50 0.048 49.952
39 50 0.048 49.952
1 49.952 0.16 49.792
39 49.952 0.16 49.792
39 49.792 0.048 49.744
1 49.792 0.048 49.744
4 50 0.048 49.952
39 49.744 0.16 49.584
1 49.744 0.16 49.584
4 49.952 0.16 49.792
4 49.792 0.048 49.744
2 50 0.048 49.952
39 49.584 0.048 49.536
4 49.744 0.16 49.584
2 49.952 0.16 49.792
2 49.792 0.048 49.744
4 49.584 0.048 49.536
27 50 0.048 49.952
2 49.744 0.16 49.584
39 49.536 0.16 49.376
4 49.536 0.16 49.376
27 49.952 0.16 49.792
27 49.792 0.048 49.744
2 49.584 0.048 49.536
33 49.8291 0.048 49.7811
3 49.7699 0.048 49.7219
40 49.6715 0.048 49.6235
31 50 0.048 49.952
35 49.7171 0.048 49.6691
18 50 0.048 49.952
22 49.9902 0.048 49.9422
5 50 0.048 49.952
7 50 0.048 49.952
27 49.9632 0.048 49.9152
2 49.7972 0.048 49.7492
28 49.992 0.048 49.944
34 49.7889 0.048 49.7409
40 49.9829 0.048 49.9349
28 49.944 0.16 49.784
34 49.7409 0.16 49.5809
34 49.5809 0.048 49.5329
28 49.784 0.048 49.736
34 49.5329 0.16 49.3729
40 49.9349 0.16 49.7749
40 49.7749 0.048 49.7269
3 49.8456 0.048 49.7976
28 49.736 0.048 49.688
33 50 0.048 49.952
28 49.688 0.16 49.528
33 49.952 0.048 49.904
3 49.7976 0.048 49.7496
40 49.7269 0.048 49.6789
31 50 0.048 49.952
35 49.8128 0.048 49.7648
18 50 0.048 49.952
22 50 0.048 49.952
5 50 0.048 49.952
7 50 0.048 49.952
30 50 0.048 49.952
27 50 0.048 49.952
2 50 0.048 49.952
40 49.943 0.048 49.895
3 50 0.048 49.952
28 49.6882 0.048 49.6402
33 50 0.048 49.952
33 49.952 0.048 49.904
3 49.952 0.048 49.904
40 49.895 0.048 49.847
31 50 0.048 49.952
35 49.8716 0.048 49.8236
18 50 0.048 49.952
22 50 0.048 49.952
5 50 0.048 49.952
7 50 0.048 49.952
30 50 0.048 49.952
27 50 0.048 49.952
2 50 0.048 49.952
40 50 0.048 49.952
3 50 0.048 49.952
28 49.9874 0.048 49.9394
33 50 0.048 49.952
40 49.952 0.16 49.792
3 49.952 0.16 49.792
28 49.9394 0.16 49.7794
33 49.952 0.16 49.792
33 49.792 0.048 49.744
3 49.792 0.048 49.744
40 49.792 0.048 49.744
33 49.744 0.16 49.584
3 49.744 0.16 49.584
40 49.744 0.16 49.584
31 50 0.048 49.952
35 49.971 0.048 49.923
18 50 0.048 49.952
19 50 0.048 49.952
11 50 0.048 49.952
13 50 0.048 49.952
19 49.952 0.16 49.792
11 49.952 0.16 49.792
11 49.792 0.048 49.744
19 49.792 0.048 49.744
13 49.952 0.16 49.792
13 49.792 0.048 49.744
12 50 0.048 49.952
19 49.744 0.048 49.696
13 49.744 0.16 49.584
12 49.952 0.16 49.792
12 49.792 0.048 49.744
13 49.584 0.048 49.536
19 49.696 0.16 49.536
22 50 0.048 49.952
5 50 0.048 49.952
7 50 0.048 49.952
30 50 0.048 49.952
27 50 0.048 49.952
2 50 0.048 49.952
31 50 0.048 49.952
35 50 0.048 49.952
18 50 0.048 49.952
11 49.9466 0.048 49.8986
19 49.9199 0.048 49.8719
12 49.9298 0.048 49.8818
13 49.7126 0.048 49.6646
22 50 0.048 49.952
5 50 0.048 49.952
7 50 0.048 49.952
30 50 0.048 49.952
27 50 0.048 49.952
2 50 0.048 49.952
31 50 0.048 49.952
35 50 0.048 49.952
18 50 0.048 49.952
4 50 0.048 49.952
2 49.952 0.048 49.904
39 50 0.048 49.952
4 49.952 0.16 49.792
2 49.904 0.16 49.744
2 49.744 0.048 49.696
4 49.792 0.048 49.744
27 49.952 0.048 49.904
39 49.952 0.16 49.792
39 49.792 0.048 49.744
1 50 0.048 49.952
4 49.744 0.048 49.696
39 49.744 0.16 49.584
1 49.952 0.16 49.792
1 49.792 0.048 49.744
39 49.584 0.048 49.536
4 49.696 0.16 49.536
11 50 0.048 49.952
12 50 0.048 49.952
13 50 0.048 49.952
22 50 0.048 49.952
5 50 0.048 49.952
7 50 0.048 49.952
30 50 0.048 49.952
27 50 0.048 49.952
2 49.8028 0.048 49.7548
31 50 0.048 49.952
35 50 0.048 49.952
18 50 0.048 49.952
2 49.7548 0.048 49.7068
4 49.6803 0.048 49.6323
27 49.952 0.048 49.904
1 49.8539 0.048 49.8059
39 49.7203 0.048 49.6723
11 50 0.048 49.952
12 50 0.048 49.952
13 50 0.048 49.952
22 50 0.048 49.952
5 50 0.048 49.952
7 50 0.048 49.952
30 50 0.048 49.952
27 50 0.048 49.952
2 49.8184 0.048 49.7704
31 50 0.048 49.952
35 50 0.048 49.952
18 50 0.048 49.952
2 49.7704 0.048 49.7224
4 49.8533 0.048 49.8053
27 49.952 0.048 49.904
1 50 0.048 49.952
39 49.9541 0.048 49.9061
11 50 0.048 49.952
12 50 0.048 49.952
13 50 0.048 49.952
22 50 0.048 49.952
5 50 0.048 49.952
7 50 0.048 49.952
30 50 0.048 49.952
27 50 0.048 49.952
2 50 0.048 49.952
9 50 0.048 49.952
36 50 0.048 49.952
9 49.952 0.16 49.792
36 49.952 0.16 49.792
36 49.792 0.048 49.744
9 49.792 0.048 49.744
31 50 0.048 49.952
35 50 0.048 49.952
18 50 0.048 49.952
2 49.952 0.048 49.904
4 50 0.048 49.952
27 49.952 0.048 49.904
1 50 0.048 49.952
39 50 0.048 49.952
38 50 0.048 49.952
14 50 0.048 49.952
25 50 0.048 49.952
38 49.952 0.16 49.792
14 49.952 0.16 49.792
14 49.792 0.048 49.744
6 50 0.048 49.952
25 49.952 0.048 49.904
38 49.792 0.048 49.744
14 49.744 0.16 49.584
25 49.904 0.16 49.744
25 49.744 0.048 49.696
14 49.584 0.048 49.536
38 49.744 0.048 49.696
6 49.952 0.16 49.792
6 49.792 0.048 49.744
14 49.536 0.048 49.488
25 49.696 0.16 49.536
38 49.696 0.16 49.536
11 50 0.048 49.952
19 50 0.048 49.952
12 50 0.048 49.952
13 50 0.048 49.952
22 50 0.048 49.952
5 50 0.048 49.952
7 50 0.048 49.952
30 50 0.048 49.952
27 50 0.048 49.952
2 50 0.048 49.952
36 50 0.048 49.952
9 49.8546 0.048 49.8066
13 50 0.048 49.952
12 50 0.048 49.952
19 49.952 0.048 49.904
13 49.952 0.16 49.792
12 49.952 0.16 49.792
19 49.904 0.16 49.744
19 49.744 0.048 49.696
11 50 0.048 49.952
13 49.792 0.048 49.744
31 50 0.048 49.952
35 50 0.048 49.952
18 50 0.048 49.952
2 49.952 0.048 49.904
4 50 0.048 49.952
27 49.952 0.048 49.904
1 50 0.048 49.952
39 50 0.048 49.952
25 49.7107 0.048 49.6627
14 49.772 0.048 49.724
38 49.7203 0.048 49.6723
6 50 0.048 49.952
14 49.724 0.048 49.676
11 49.952 0.048 49.904
19 49.9995 0.048 49.9515
12 49.792 0.048 49.744
13 49.744 0.048 49.696
22 50 0.048 49.952
5 50 0.048 49.952
7 50 0.048 49.952
30 50 0.048 49.952
26 50 0.048 49.952
30 49.952 0.16 49.792
26 49.952 0.16 49.792
26 49.792 0.048 49.744
29 50 0.048 49.952
30 49.792 0.048 49.744
26 49.744 0.16 49.584
29 49.952 0.16 49.792
29 49.792 0.048 49.744
26 49.584 0.048 49.536
30 49.744 0.16 49.584
8 50 0.048 49.952
10 50 0.048 49.952
8 49.952 0.16 49.792
10 49.952 0.16 49.792
10 49.792 0.048 49.744
8 49.792 0.048 49.744
27 50 0.048 49.952
2 50 0.048 49.952
36 50 0.048 49.952
9 50 0.048 49.952
19 49.9515 0.048 49.9035
11 50 0.048 49.952
13 49.9495 0.048 49.9015
31 50 0.048 49.952
35 50 0.048 49.952
18 50 0.048 49.952
2 49.952 0.048 49.904
4 50 0.048 49.952
27 49.952 0.048 49.904
1 50 0.048 49.952
39 50 0.048 49.952
25 49.7701 0.048 49.7221
14 49.9557 0.048 49.9077
38 49.8583 0.048 49.8103
6 50 0.048 49.952
14 49.9077 0.048 49.8597
11 49.952 0.048 49.904
19 50 0.048 49.952
12 50 0.048 49.952
13 49.9015 0.048 49.8535
22 50 0.048 49.952
5 50 0.048 49.952
7 50 0.048 49.952
37 50 0.048 49.952
29 49.8672 0.048 49.8192
26 49.9008 0.048 49.8528
10 50 0.048 49.952
8 50 0.048 49.952
27 50 0.048 49.952
2 50 0.048 49.952
36 50 0.048 49.952
14 49.8597 0.048 49.8117
6 50 0.048 49.952
25 49.7221 0.048 49.6741
38 49.8103 0.048 49.7623
14 49.8117 0.16 49.6517
6 49.952 0.16 49.792
25 49.6741 0.16 49.5141
38 49.7623 0.16 49.6023
38 49.6023 0.048 49.5543
14 49.6517 0.048 49.6037
25 49.5141 0.048 49.4661
19 49.952 0.048 49.904
11 50 0.048 49.952
13 49.9991 0.048 49.9511
32 50 0.048 49.952
24 50 0.048 49.952
32 49.952 0.16 49.792
24 49.952 0.16 49.792
24 49.792 0.048 49.744
32 49.792 0.048 49.744
31 50 0.048 49.952
35 50 0.048 49.952
31 49.952 0.16 49.792
35 49.952 0.16 49.792
18 50 0.048 49.952
2 49.952 0.048 49.904
4 50 0.048 49.952
27 49.952 0.048 49.904
1 50 0.048 49.952
39 50 0.048 49.952
25 49.6492 0.048 49.6012
14 49.8183 0.048 49.7703
38 49.8522 0.048 49.8042
6 49.792 0.048 49.744
14 49.7703 0.048 49.7223
11 49.952 0.048 49.904
19 50 0.048 49.952
12 50 0.048 49.952
13 49.9511 0.048 49.9031
22 50 0.048 49.952
5 50 0.048 49.952
7 50 0.048 49.952
37 50 0.048 49.952
29 49.9201 0.048 49.8721
26 50 0.048 49.952
10 50 0.048 49.952
8 50 0.048 49.952
27 50 0.048 49.952
2 50 0.048 49.952
36 50 0.048 49.952
9 50 0.048 49.952
38 49.8042 0.048 49.7562
14 49.7223 0.048 49.6743
25 49.6012 0.048 49.5532
19 49.952 0.048 49.904
11 50 0.048 49.952
13 50 0.048 49.952
24 49.904 0.048 49.856
18 50 0.048 49.952
2 49.952 0.048 49.904
4 50 0.048 49.952
27 49.952 0.048 49.904
1 50 0.048 49.952
39 50 0.048 49.952
25 49.9343 0.048 49.8863
14 49.9144 0.048 49.8664
38 50 0.048 49.952
6 50 0.048 49.952
14 49.8664 0.048 49.8184
11 49.952 0.048 49.904
19 50 0.048 49.952
12 50 0.048 49.952
13 49.952 0.048 49.904
22 50 0.048 49.952
5 50 0.048 49.952
7 50 0.048 49.952
37 50 0.048 49.952
29 50 0.048 49.952
26 50 0.048 49.952
10 50 0.048 49.952
8 50 0.048 49.952
27 50 0.048 49.952
2 50 0.048 49.952
21 50 0.048 49.952
15 50 0.048 49.952
16 50 0.048 49.952
21 49.952 0.16 49.792
15 49.952 0.16 49.792
15 49.792 0.048 49.744
16 49.952 0.048 49.904
21 49.792 0.048 49.744
15 49.744 0.16 49.584
16 49.904 0.16 49.744
16 49.744 0.048 49.696
15 49.584 0.048 49.536
21 49.744 0.048 49.696
16 49.696 0.16 49.536
21 49.696 0.16 49.536
36 50 0.048 49.952
9 50 0.048 49.952
38 49.952 0.048 49.904
14 49.8184 0.048 49.7704
25 49.8863 0.048 49.8383
19 49.952 0.048 49.904
11 50 0.048 49.952
13 50 0.048 49.952
24 50 0.048 49.952
18 50 0.048 49.952
2 49.952 0.048 49.904
4 50 0.048 49.952
27 49.952 0.048 49.904
1 50 0.048 49.952
39 50 0.048 49.952
23 50 0.048 49.952
25 50 0.048 49.952
14 49.8897 0.048 49.8417
38 50 0.048 49.952
6 50 0.048 49.952
14 49.8417 0.048 49.7937
11 49.952 0.048 49.904
19 50 0.048 49.952
12 50 0.048 49.952
13 49.952 0.048 49.904
22 50 0.048 49.952
5 50 0.048 49.952
37 50 0.048 49.952
29 50 0.048 49.952
26 50 0.048 49.952
10 50 0.048 49.952
8 50 0.048 49.952
27 50 0.048 49.952
2 50 0.048 49.952
16 49.7117 0.048 49.6637
15 49.8216 0.048 49.7736
21 49.9197 0.048 49.8717
36 50 0.048 49.952
9 50 0.048 49.952
38 49.952 0.048 49.904
14 49.7937 0.048 49.7457
25 49.952 0.048 49.904
19 49.952 0.048 49.904
11 50 0.048 49.952
13 50 0.048 49.952
24 50 0.048 49.952
18 50 0.048 49.952
2 49.952 0.048 49.904
4 50 0.048 49.952
27 49.952 0.048 49.904
1 50 0.048 49.952
39 50 0.048 49.952
23 50 0.048 49.952
25 50 0.048 49.952
14 50 0.048 49.952
38 50 0.048 49.952
6 50 0.048 49.952
14 49.952 0.048 49.904
11 49.952 0.048 49.904
19 50 0.048 49.952
12 50 0.048 49.952
13 49.952 0.048 49.904
22 50 0.048 49.952
5 50 0.048 49.952
37 50 0.048 49.952
29 50 0.048 49.952
26 50 0.048 49.952
10 50 0.048 49.952
8 50 0.048 49.952
27 50 0.048 49.952
2 50 0.048 49.952
16 49.8527 0.048 49.8047
15 50 0.048 49.952
21 50 0.048 49.952
36 50 0.048 49.952
9 50 0.048 49.952
38 49.952 0.048 49.904
14 49.904 0.048 49.856
25 49.952 0.048 49.904
19 49.952 0.048 49.904
11 50 0.048 49.952
13 50 0.048 49.952
24 50 0.048 49.952
18 50 0.048 49.952
2 49.952 0.048 49.904
4 50 0.048 49.952
27 49.952 0.048 49.904
1 50 0.048 49.952
39 50 0.048 49.952
23 50 0.048 49.952
25 50 0.048 49.952
14 50 0.048 49.952
38 50 0.048 49.952
6 50 0.048 49.952
14 49.952 0.048 49.904
11 49.952 0.048 49.904
19 50 0.048 49.952
12 50 0.048 49.952
13 49.952 0.048 49.904
22 50 0.048 49.952
5 50 0.048 49.952
37 50 0.048 49.952
29 50 0.048 49.952
26 50 0.048 49.952
10 50 0.048 49.952
8 50 0.048 49.952
27 50 0.048 49.952
2 50 0.048 49.952
16 50 0.048 49.952
15 50 0.048 49.952
21 50 0.048 49.952
36 50 0.048 49.952
9 50 0.048 49.952
38 49.952 0.048 49.904
14 49.904 0.048 49.856
25 49.952 0.048 49.904
19 49.952 0.048 49.904
11 50 0.048 49.952
13 50 0.048 49.952
24 50 0.048 49.952
35 50 0.048 49.952
17 50 0.048 49.952
31 50 0.048 49.952
35 49.952 0.16 49.792
17 49.952 0.16 49.792
17 49.792 0.048 49.744
35 49.792 0.048 49.744
31 49.952 0.16 49.792
31 49.792 0.048 49.744
35 49.744 0.048 49.696
18 50 0.048 49.952
2 49.952 0.048 49.904
4 50 0.048 49.952
27 49.952 0.048 49.904
1 50 0.048 49.952
39 50 0.048 49.952
23 50 0.048 49.952
25 50 0.048 49.952
14 50 0.048 49.952
38 50 0.048 49.952
6 50 0.048 49.952
14 49.952 0.048 49.904
11 49.952 0.048 49.904
19 50 0.048 49.952
12 50 0.048 49.952
22 50 0.048 49.952
5 50 0.048 49.952
7 50 0.048 49.952
37 50 0.048 49.952
29 50 0.048 49.952
26 50 0.048 49.952
10 50 0.048 49.952
8 50 0.048 49.952
27 50 0.048 49.952
2 50 0.048 49.952
16 50 0.048 49.952
15 50 0.048 49.952
21 50 0.048 49.952
16 49.952 0.16 49.792
15 49.952 0.16 49.792
21 49.952 0.16 49.792
36 50 0.048 49.952
9 50 0.048 49.952
38 49.952 0.048 49.904
14 49.904 0.048 49.856
25 49.952 0.048 49.904
19 49.952 0.048 49.904
11 50 0.048 49.952
13 50 0.048 49.952
24 50 0.048 49.952
17 50 0.048 49.952
35 49.9397 0.048 49.8917
31 50 0.048 49.952
35 49.8917 0.048 49.8437
18 50 0.048 49.952
2 49.952 0.048 49.904
4 50 0.048 49.952
27 49.952 0.048 49.904
1 50 0.048 49.952
39 50 0.048 49.952
23 50 0.048 49.952
16 50 0.048 49.952
15 49.792 0.048 49.744
21 49.792 0.048 49.744
16 49.952 0.16 49.792
15 49.744 0.16 49.584
21 49.744 0.16 49.584
21 49.584 0.048 49.536
15 49.584 0.048 49.536
16 49.792 0.048 49.744
21 49.536 0.16 49.376
15 49.536 0.16 49.376
16 49.744 0.16 49.584
25 50 0.048 49.952
14 49.967 0.048 49.919
38 50 0.048 49.952
6 50 0.048 49.952
14 49.919 0.048 49.871
11 49.952 0.048 49.904
19 50 0.048 49.952
12 50 0.048 49.952
22 50 0.048 49.952
5 50 0.048 49.952
7 50 0.048 49.952
37 50 0.048 49.952
29 50 0.048 49.952
26 50 0.048 49.952
10 50 0.048 49.952
8 50 0.048 49.952
27 50 0.048 49.952
2 50 0.048 49.952
36 50 0.048 49.952
9 50 0.048 49.952
38 49.952 0.048 49.904
14 49.871 0.048 49.823
25 49.952 0.048 49.904
19 49.952 0.048 49.904
11 50 0.048 49.952
13 50 0.048 49.952
24 50 0.048 49.952
17 50 0.048 49.952
31 50 0.048 49.952
35 50 0.048 49.952
18 50 0.048 49.952
2 49.952 0.048 49.904
4 50 0.048 49.952
27 49.952 0.048 49.904
1 50 0.048 49.952
23 50 0.048 49.952
25 50 0.048 49.952
14 50 0.048 49.952
38 50 0.048 49.952
6 50 0.048 49.952
14 49.952 0.048 49.904
11 49.952 0.048 49.904
19 50 0.048 49.952
12 50 0.048 49.952
22 50 0.048 49.952
5 50 0.048 49.952
7 50 0.048 49.952
37 50 0.048 49.952
29 50 0.048 49.952
26 50 0.048 49.952
10 50 0.048 49.952
8 50 0.048 49.952
27 50 0.048 49.952
2 50 0.048 49.952
36 50 0.048 49.952
9 50 0.048 49.952
38 49.952 0.048 49.904
14 49.904 0.048 49.856
25 49.952 0.048 49.904
19 49.952 0.048 49.904
11 50 0.048 49.952
13 50 0.048 49.952
24 50 0.048 49.952
17 50 0.048 49.952
31 50 0.048 49.952
35 50 0.048 49.952
18 50 0.048 49.952
2 49.952 0.048 49.904
27 49.952 0.048 49.904
1 50 0.048 49.952
23 50 0.048 49.952
25 50 0.048 49.952
14 50 0.048 49.952
38 50 0.048 49.952
6 50 0.048 49.952
14 49.952 0.048 49.904
11 49.952 0.048 49.904
19 50 0.048 49.952
12 50 0.048 49.952
39 50 0.048 49.952
4 50 0.048 49.952
39 49.952 0.16 49.792
4 49.952 0.16 49.792
4 49.792 0.048 49.744
39 49.792 0.048 49.744
22 50 0.048 49.952
5 50 0.048 49.952
7 50 0.048 49.952
37 50 0.048 49.952
29 50 0.048 49.952
26 50 0.048 49.952
10 50 0.048 49.952
8 50 0.048 49.952
27 50 0.048 49.952
2 50 0.048 49.952
36 50 0.048 49.952
9 50 0.048 49.952
36 49.952 0.16 49.792
9 49.952 0.16 49.792
38 49.952 0.048 49.904
14 49.904 0.048 49.856
25 49.952 0.048 49.904
19 49.952 0.048 49.904
11 50 0.048 49.952
13 50 0.048 49.952
24 50 0.048 49.952
17 50 0.048 49.952
31 50 0.048 49.952
35 50 0.048 49.952
18 50 0.048 49.952
2 49.952 0.048 49.904
27 49.952 0.048 49.904
1 50 0.048 49.952
23 50 0.048 49.952
25 50 0.048 49.952
14 50 0.048 49.952
38 50 0.048 49.952
6 50 0.048 49.952
14 49.952 0.048 49.904
11 49.952 0.048 49.904
19 50 0.048 49.952
12 50 0.048 49.952
4 50 0.048 49.952
39 49.8872 0.048 49.8392
22 50 0.048 49.952
5 50 0.048 49.952
7 50 0.048 49.952
37 50 0.048 49.952
29 50 0.048 49.952
26 50 0.048 49.952
10 50 0.048 49.952
8 50 0.048 49.952
27 50 0.048 49.952
2 50 0.048 49.952
27 49.952 0.16 49.792
2 49.952 0.16 49.792
38 49.952 0.048 49.904
14 49.904 0.048 49.856
25 49.952 0.048 49.904
19 49.952 0.048 49.904
11 50 0.048 49.952
13 50 0.048 49.952
24 50 0.048 49.952
17 50 0.048 49.952
31 50 0.048 49.952
35 50 0.048 49.952
18 50 0.048 49.952
2 49.792 0.048 49.744
27 49.792 0.048 49.744
2 49.744 0.16 49.584
1 50 0.048 49.952
27 49.744 0.16 49.584
27 49.584 0.048 49.536
2 49.584 0.048 49.536
27 49.536 0.16 49.376
2 49.536 0.16 49.376
23 50 0.048 49.952
25 50 0.048 49.952
14 49.9955 0.048 49.9475
38 50 0.048 49.952
6 50 0.048 49.952
14 49.9475 0.048 49.8995
11 49.952 0.048 49.904
19 50 0.048 49.952
12 50 0.048 49.952
4 50 0.048 49.952
39 50 0.048 49.952
22 50 0.048 49.952
5 50 0.048 49.952
7 50 0.048 49.952
37 50 0.048 49.952
29 50 0.048 49.952
26 50 0.048 49.952
10 50 0.048 49.952
8 50 0.048 49.952
34 50 0.048 49.952
28 50 0.048 49.952
34 49.952 0.16 49.792
28 49.952 0.16 49.792
28 49.792 0.048 49.744
34 49.792 0.048 49.744
40 50 0.048 49.952
28 49.744 0.16 49.584
34 49.744 0.16 49.584
40 49.952 0.16 49.792
40 49.792 0.048 49.744
3 50 0.048 49.952
28 49.584 0.048 49.536
33 50 0.048 49.952
40 49.744 0.16 49.584
3 49.952 0.16 49.792
28 49.536 0.16 49.376
33 49.952 0.16 49.792
33 49.792 0.048 49.744
3 49.792 0.048 49.744
40 49.584 0.048 49.536
38 49.952 0.048 49.904
14 49.8995 0.048 49.8515
25 49.952 0.048 49.904
19 49.952 0.048 49.904
11 50 0.048 49.952
13 50 0.048 49.952
24 50 0.048 49.952
17 50 0.048 49.952
31 50 0.048 49.952
35 50 0.048 49.952
18 50 0.048 49.952
1 50 0.048 49.952
23 50 0.048 49.952
25 50 0.048 49.952
14 50 0.048 49.952
38 50 0.048 49.952
6 50 0.048 49.952
14 49.952 0.048 49.904
11 49.952 0.048 49.904
19 50 0.048 49.952
12 50 0.048 49.952
4 50 0.048 49.952
39 50 0.048 49.952
22 50 0.048 49.952
5 50 0.048 49.952
7 50 0.048 49.952
37 50 0.048 49.952
29 50 0.048 49.952
26 50 0.048 49.952
10 50 0.048 49.952
8 50 0.048 49.952
33 49.8999 0.048 49.8519
3 49.8827 0.048 49.8347
40 49.7255 0.048 49.6775
38 49.952 0.048 49.904
14 49.904 0.048 49.856
25 49.952 0.048 49.904
19 49.952 0.048 49.904
11 50 0.048 49.952
13 50 0.048 49.952
24 50 0.048 49.952
32 50 0.048 49.952
17 50 0.048 49.952
31 50 0.048 49.952
35 50 0.048 49.952
18 50 0.048 49.952
1 50 0.048 49.952
23 50 0.048 49.952
25 50 0.048 49.952
14 49.9734 0.048 49.9254
38 50 0.048 49.952
6 50 0.048 49.952
14 49.9254 0.048 49.8774
11 49.952 0.048 49.904
19 50 0.048 49.952
12 50 0.048 49.952
4 50 0.048 49.952
2 49.9803 0.048 49.9323
39 50 0.048 49.952
4 49.952 0.16 49.792
2 49.9323 0.16 49.7723
2 49.7723 0.048 49.7243
4 49.792 0.048 49.744
27 50 0.048 49.952
2 49.7243 0.16 49.5643
39 49.952 0.16 49.792
4 49.744 0.16 49.584
27 49.952 0.16 49.792
27 49.792 0.048 49.744
2 49.5643 0.048 49.5163
22 50 0.048 49.952
5 50 0.048 49.952
7 50 0.048 49.952
37 50 0.048 49.952
29 50 0.048 49.952
26 50 0.048 49.952
10 50 0.048 49.952
8 50 0.048 49.952
33 50 0.048 49.952
3 50 0.048 49.952
40 49.7843 0.048 49.7363
40 49.7363 0.048 49.6883
3 49.952 0.048 49.904
28 49.8415 0.048 49.7935
33 49.952 0.048 49.904
40 49.6883 0.16 49.5283
3 49.904 0.16 49.744
28 49.7935 0.16 49.6335
28 49.6335 0.048 49.5855
34 50 0.048 49.952
40 49.5283 0.048 49.4803
28 49.5855 0.16 49.4255
33 49.904 0.16 49.744
34 49.952 0.16 49.792
34 49.792 0.048 49.744
28 49.4255 0.048 49.3775
40 49.4803 0.16 49.3203
26 49.952 0.048 49.904
29 49.952 0.048 49.904
30 50 0.048 49.952
26 49.904 0.16 49.744
29 49.904 0.16 49.744
30 49.952 0.16 49.792
30 49.792 0.048 49.744
26 49.744 0.048 49.696
38 49.952 0.048 49.904
14 49.8774 0.048 49.8294
25 49.952 0.048 49.904
19 49.952 0.048 49.904
11 50 0.048 49.952
13 50 0.048 49.952
24 50 0.048 49.952
32 50 0.048 49.952
17 50 0.048 49.952
31 50 0.048 49.952
35 50 0.048 49.952
18 50 0.048 49.952
1 50 0.048 49.952
23 50 0.048 49.952
25 50 0.048 49.952
14 50 0.048 49.952
38 50 0.048 49.952
6 50 0.048 49.952
14 49.952 0.048 49.904
11 49.952 0.048 49.904
19 50 0.048 49.952
12 50 0.048 49.952
27 50 0.048 49.952
2 49.7256 0.048 49.6776
22 50 0.048 49.952
5 50 0.048 49.952
7 50 0.048 49.952
37 50 0.048 49.952
29 50 0.048 49.952
26 49.997 0.048 49.949
10 50 0.048 49.952
8 50 0.048 49.952
33 50 0.048 49.952
3 49.9725 0.048 49.9245
40 49.5641 0.048 49.5161
34 49.9378 0.048 49.8898
28 49.7391 0.048 49.6911
30 50 0.048 49.952
26 49.949 0.048 49.901
38 49.952 0.048 49.904
14 49.904 0.048 49.856
25 49.952 0.048 49.904
19 49.952 0.048 49.904
11 50 0.048 49.952
13 50 0.048 49.952
24 50 0.048 49.952
32 50 0.048 49.952
17 50 0.048 49.952
31 50 0.048 49.952
35 50 0.048 49.952
18 50 0.048 49.952
1 50 0.048 49.952
39 50 0.048 49.952
1 49.952 0.16 49.792
39 49.952 0.16 49.792
20 50 0.048 49.952
23 50 0.048 49.952
25 50 0.048 49.952
14 50 0.048 49.952
38 50 0.048 49.952
6 50 0.048 49.952
14 49.952 0.048 49.904
11 49.952 0.048 49.904
19 50 0.048 49.952
12 50 0.048 49.952
27 50 0.048 49.952
2 49.8575 0.048 49.8095
22 50 0.048 49.952
5 50 0.048 49.952
7 50 0.048 49.952
37 50 0.048 49.952
29 50 0.048 49.952
26 50 0.048 49.952
10 50 0.048 49.952
8 50 0.048 49.952
33 50 0.048 49.952
3 50 0.048 49.952
40 49.8932 0.048 49.8452
34 50 0.048 49.952
28 49.9627 0.048 49.9147
30 50 0.048 49.952
26 49.952 0.048 49.904
38 49.952 0.048 49.904
14 49.904 0.048 49.856
25 49.952 0.048 49.904
19 49.952 0.048 49.904
11 50 0.048 49.952
13 50 0.048 49.952
24 50 0.048 49.952
32 50 0.048 49.952
17 50 0.048 49.952
31 50 0.048 49.952
35 50 0.048 49.952
18 50 0.048 49.952
20 50 0.048 49.952
23 50 0.048 49.952
25 50 0.048 49.952
14 50 0.048 49.952
38 50 0.048 49.952
6 50 0.048 49.952
14 49.952 0.048 49.904
11 49.952 0.048 49.904
19 50 0.048 49.952
12 50 0.048 49.952
27 50 0.048 49.952
2 49.992 0.048 49.944
22 50 0.048 49.952
5 50 0.048 49.952
37 50 0.048 49.952
29 50 0.048 49.952
26 50 0.048 49.952
29 49.952 0.16 49.792
26 49.952 0.16 49.792
10 50 0.048 49.952
8 50 0.048 49.952
33 50 0.048 49.952
3 50 0.048 49.952
40 50 0.048 49.952
34 50 0.048 49.952
28 50 0.048 49.952
30 50 0.048 49.952
26 49.792 0.048 49.744
38 49.952 0.048 49.904
14 49.904 0.048 49.856
25 49.952 0.048 49.904
19 49.952 0.048 49.904
11 50 0.048 49.952
13 50 0.048 49.952
24 50 0.048 49.952
32 50 0.048 49.952
17 50 0.048 49.952
31 50 0.048 49.952
35 50 0.048 49.952
18 50 0.048 49.952
20 50 0.048 49.952
23 50 0.048 49.952
25 50 0.048 49.952
14 49.9851 0.048 49.9371
38 50 0.048 49.952
6 50 0.048 49.952
14 49.9371 0.048 49.8891
11 49.952 0.048 49.904
19 50 0.048 49.952
12 50 0.048 49.952
13 49.952 0.048 49.904
27 50 0.048 49.952
2 50 0.048 49.952
22 50 0.048 49.952
5 50 0.048 49.952
37 50 0.048 49.952
10 50 0.048 49.952
8 50 0.048 49.952
33 50 0.048 49.952
3 50 0.048 49.952
40 50 0.048 49.952
34 50 0.048 49.952
28 50 0.048 49.952
30 50 0.048 49.952
26 49.9961 0.048 49.9481
38 49.952 0.048 49.904
14 49.8891 0.048 49.8411
25 49.952 0.048 49.904
19 49.952 0.048 49.904
11 50 0.048 49.952
13 50 0.048 49.952
24 50 0.048 49.952
32 50 0.048 49.952
17 50 0.048 49.952
31 50 0.048 49.952
35 50 0.048 49.952
18 50 0.048 49.952
20 50 0.048 49.952
23 50 0.048 49.952
25 50 0.048 49.952
14 49.9683 0.048 49.9203
38 50 0.048 49.952
6 50 0.048 49.952
14 49.9203 0.048 49.8723
11 49.952 0.048 49.904
19 50 0.048 49.952
12 50 0.048 49.952
27 50 0.048 49.952
2 50 0.048 49.952
22 50 0.048 49.952
5 50 0.048 49.952
37 50 0.048 49.952
10 50 0.048 49.952
8 50 0.048 49.952
33 50 0.048 49.952
3 50 0.048 49.952
40 50 0.048 49.952
34 50 0.048 49.952
28 50 0.048 49.952
30 50 0.048 49.952
26 50 0.048 49.952
30 49.952 0.16 49.792
26 49.952 0.16 49.792
38 49.952 0.048 49.904
14 49.8723 0.048 49.8243
25 49.952 0.048 49.904
19 49.952 0.048 49.904
11 50 0.048 49.952
13 50 0.048 49.952
24 50 0.048 49.952
32 50 0.048 49.952
17 50 0.048 49.952
31 50 0.048 49.952
35 50 0.048 49.952
18 50 0.048 49.952
20 50 0.048 49.952
23 50 0.048 49.952
25 50 0.048 49.952
14 49.9448 0.048 49.8968
38 50 0.048 49.952
6 50 0.048 49.952
14 49.8968 0.048 49.8488
11 49.952 0.048 49.904
19 50 0.048 49.952
12 50 0.048 49.952
13 49.952 0.048 49.904
27 50 0.048 49.952
2 50 0.048 49.952
22 50 0.048 49.952
5 50 0.048 49.952
37 50 0.048 49.952
10 50 0.048 49.952
8 50 0.048 49.952
33 50 0.048 49.952
3 50 0.048 49.952
40 50 0.048 49.952
34 50 0.048 49.952
28 50 0.048 49.952
38 49.952 0.048 49.904
14 49.8488 0.048 49.8008
25 49.952 0.048 49.904
19 49.952 0.048 49.904
11 50 0.048 49.952
13 50 0.048 49.952
24 50 0.048 49.952
32 50 0.048 49.952
17 50 0.048 49.952
31 50 0.048 49.952
35 50 0.048 49.952
18 50 0.048 49.952
20 50 0.048 49.952
23 50 0.048 49.952
23 49.952 0.16 49.792
25 50 0.048 49.952
14 50 0.048 49.952
38 50 0.048 49.952
6 50 0.048 49.952
14 49.952 0.048 49.904
11 49.952 0.048 49.904
19 50 0.048 49.952
12 50 0.048 49.952
13 49.952 0.048 49.904
27 50 0.048 49.952
2 50 0.048 49.952
22 50 0.048 49.952
5 50 0.048 49.952
37 50 0.048 49.952
10 50 0.048 49.952
8 50 0.048 49.952
33 50 0.048 49.952
3 50 0.048 49.952
40 50 0.048 49.952
34 50 0.048 49.952
28 50 0.048 49.952
38 49.952 0.048 49.904
14 49.904 0.048 49.856
25 49.952 0.048 49.904
19 49.952 0.048 49.904
11 50 0.048 49.952
13 50 0.048 49.952
24 50 0.048 49.952
17 50 0.048 49.952
31 50 0.048 49.952
35 50 0.048 49.952
18 50 0.048 49.952
20 50 0.048 49.952
25 50 0.048 49.952
14 50 0.048 49.952
38 50 0.048 49.952
6 50 0.048 49.952
14 49.952 0.048 49.904
11 49.952 0.048 49.904
19 50 0.048 49.952
12 50 0.048 49.952
13 49.952 0.048 49.904
27 50 0.048 49.952
2 50 0.048 49.952
22 50 0.048 49.952
5 50 0.048 49.952
37 50 0.048 49.952
10 50 0.048 49.952
8 50 0.048 49.952
33 50 0.048 49.952
3 50 0.048 49.952
40 50 0.048 49.952
34 50 0.048 49.952
28 50 0.048 49.952
38 49.952 0.048 49.904
14 49.904 0.048 49.856
25 49.952 0.048 49.904
19 49.952 0.048 49.904
11 50 0.048 49.952
13 50 0.048 49.952
24 50 0.048 49.952
32 50 0.048 49.952
17 50 0.048 49.952
31 50 0.048 49.952
35 50 0.048 49.952
18 50 0.048 49.952
20 50 0.048 49.952
25 50 0.048 49.952
14 49.9904 0.048 49.9424
38 50 0.048 49.952
6 50 0.048 49.952
14 49.9424 0.048 49.8944
11 49.952 0.048 49.904
19 50 0.048 49.952
12 50 0.048 49.952
13 49.952 0.048 49.904
27 50 0.048 49.952
2 50 0.048 49.952
22 50 0.048 49.952
5 50 0.048 49.952
7 50 0.048 49.952
37 50 0.048 49.952
10 50 0.048 49.952
8 50 0.048 49.952
33 50 0.048 49.952
3 50 0.048 49.952
40 50 0.048 49.952
34 50 0.048 49.952
28 50 0.048 49.952
38 49.952 0.048 49.904
14 49.8944 0.048 49.8464
25 49.952 0.048 49.904
19 49.952 0.048 49.904
13 50 0.048 49.952
24 50 0.048 49.952
17 50 0.048 49.952
31 50 0.048 49.952
35 50 0.048 49.952
18 50 0.048 49.952
20 50 0.048 49.952
25 50 0.048 49.952
14 49.9954 0.048 49.9474
38 50 0.048 49.952
6 50 0.048 49.952
14 49.9474 0.048 49.8994
11 50 0.048 49.952
19 50 0.048 49.952
12 50 0.048 49.952
13 49.952 0.048 49.904
27 50 0.048 49.952
2 50 0.048 49.952
22 50 0.048 49.952
5 50 0.048 49.952
7 50 0.048 49.952
22 49.952 0.16 49.792
5 49.952 0.16 49.792
7 49.952 0.16 49.792
37 50 0.048 49.952
10 50 0.048 49.952
8 50 0.048 49.952
33 50 0.048 49.952
3 50 0.048 49.952
40 50 0.048 49.952
34 50 0.048 49.952
28 50 0.048 49.952
38 49.952 0.048 49.904
14 49.8994 0.048 49.8514
25 49.952 0.048 49.904
19 49.952 0.048 49.904
11 50 0.048 49.952
13 50 0.048 49.952
24 50 0.048 49.952
32 50 0.048 49.952
17 50 0.048 49.952
31 50 0.048 49.952
35 50 0.048 49.952
18 50 0.048 49.952
20 50 0.048 49.952
25 50 0.048 49.952
14 49.9636 0.048 49.9156
38 50 0.048 49.952
6 50 0.048 49.952
14 49.9156 0.048 49.8676
11 49.952 0.048 49.904
19 50 0.048 49.952
12 50 0.048 49.952
13 49.952 0.048 49.904
27 50 0.048 49.952
2 50 0.048 49.952
37 50 0.048 49.952
10 50 0.048 49.952
8 50 0.048 49.952
33 50 0.048 49.952
3 50 0.048 49.952
40 50 0.048 49.952
34 50 0.048 49.952
28 50 0.048 49.952
38 49.952 0.048 49.904
14 49.8676 0.048 49.8196
25 49.952 0.048 49.904
19 49.952 0.048 49.904
11 50 0.048 49.952
13 50 0.048 49.952
24 50 0.048 49.952
17 50 0.048 49.952
31 50 0.048 49.952
35 50 0.048 49.952
18 50 0.048 49.952
20 50 0.048 49.952
25 50 0.048 49.952
14 50 0.048 49.952
38 50 0.048 49.952
6 50 0.048 49.952
11 49.952 0.048 49.904
19 50 0.048 49.952
12 50 0.048 49.952
13 49.952 0.048 49.904
27 50 0.048 49.952
2 50 0.048 49.952
37 50 0.048 49.952
10 50 0.048 49.952
8 50 0.048 49.952
33 50 0.048 49.952
3 50 0.048 49.952
40 50 0.048 49.952
34 50 0.048 49.952
28 50 0.048 49.952
38 49.952 0.048 49.904
14 49.952 0.048 49.904
25 49.952 0.048 49.904
19 49.952 0.048 49.904
11 50 0.048 49.952
13 50 0.048 49.952
24 50 0.048 49.952
17 50 0.048 49.952
31 50 0.048 49.952
35 50 0.048 49.952
18 50 0.048 49.952
20 50 0.048 49.952
25 50 0.048 49.952
14 50 0.048 49.952
38 50 0.048 49.952
6 50 0.048 49.952
11 49.952 0.048 49.904
19 50 0.048 49.952
12 50 0.048 49.952
13 49.952 0.048 49.904
27 50 0.048 49.952
2 50 0.048 49.952
37 50 0.048 49.952
10 50 0.048 49.952
8 50 0.048 49.952
33 50 0.048 49.952
3 50 0.048 49.952
40 50 0.048 49.952
35 50 0.048 49.952
31 50 0.048 49.952
34 50 0.048 49.952
28 50 0.048 49.952
38 49.952 0.048 49.904
14 49.952 0.048 49.904
25 49.952 0.048 49.904
19 49.952 0.048 49.904
11 50 0.048 49.952
13 50 0.048 49.952
24 50 0.048 49.952
24 49.952 0.16 49.792
17 50 0.048 49.952
31 49.952 0.048 49.904
35 49.952 0.048 49.904
18 50 0.048 49.952
20 50 0.048 49.952
14 49.904 0.048 49.856
25 50 0.048 49.952
38 50 0.048 49.952
25 49.952 0.048 49.904
14 49.9584 0.048 49.9104
38 49.952 0.048 49.904
6 50 0.048 49.952
14 49.9104 0.048 49.8624
11 49.952 0.048 49.904
19 50 0.048 49.952
12 50 0.048 49.952
13 49.952 0.048 49.904
27 50 0.048 49.952
2 50 0.048 49.952
37 50 0.048 49.952
10 50 0.048 49.952
8 50 0.048 49.952
33 50 0.048 49.952
3 50 0.048 49.952
40 50 0.048 49.952
35 50 0.048 49.952
31 50 0.048 49.952
34 50 0.048 49.952
28 50 0.048 49.952
38 49.904 0.048 49.856
14 49.8624 0.048 49.8144
25 49.904 0.048 49.856
19 49.952 0.048 49.904
11 50 0.048 49.952
13 50 0.048 49.952
17 50 0.048 49.952
31 49.952 0.048 49.904
35 49.952 0.048 49.904
18 50 0.048 49.952
20 50 0.048 49.952
14 49.8144 0.048 49.7664
25 50 0.048 49.952
38 50 0.048 49.952
25 49.952 0.048 49.904
14 49.9141 0.048 49.8661
38 49.952 0.048 49.904
6 50 0.048 49.952
11 49.952 0.048 49.904
19 50 0.048 49.952
12 50 0.048 49.952
13 49.952 0.048 49.904
27 50 0.048 49.952
2 50 0.048 49.952
37 50 0.048 49.952
10 50 0.048 49.952
8 50 0.048 49.952
33 50 0.048 49.952
3 50 0.048 49.952
40 50 0.048 49.952
35 50 0.048 49.952
31 50 0.048 49.952
34 50 0.048 49.952
28 50 0.048 49.952
38 49.904 0.048 49.856
14 49.8661 0.048 49.8181
25 49.904 0.048 49.856
19 49.952 0.048 49.904
11 50 0.048 49.952
13 50 0.048 49.952
17 50 0.048 49.952
31 49.952 0.048 49.904
35 49.952 0.048 49.904
18 50 0.048 49.952
20 50 0.048 49.952
14 49.8181 0.048 49.7701
6 50 0.048 49.952
25 50 0.048 49.952
38 50 0.048 49.952
25 49.952 0.048 49.904
14 49.9661 0.048 49.9181
38 49.952 0.048 49.904
6 49.952 0.048 49.904
11 49.952 0.048 49.904
19 50 0.048 49.952
12 50 0.048 49.952
13 49.952 0.048 49.904
27 50 0.048 49.952
2 50 0.048 49.952
37 50 0.048 49.952
10 50 0.048 49.952
8 50 0.048 49.952
33 50 0.048 49.952
3 50 0.048 49.952
40 50 0.048 49.952
35 50 0.048 49.952
31 50 0.048 49.952
34 50 0.048 49.952
28 50 0.048 49.952
38 49.904 0.048 49.856
14 49.9181 0.048 49.8701
25 49.904 0.048 49.856
19 49.952 0.048 49.904
11 50 0.048 49.952
13 50 0.048 49.952
17 50 0.048 49.952
31 49.952 0.048 49.904
35 49.952 0.048 49.904
18 50 0.048 49.952
20 50 0.048 49.952
20 49.952 0.16 49.792
14 49.8701 0.048 49.8221
6 50 0.048 49.952
25 50 0.048 49.952
38 49.9956 0.048 49.9476
25 49.952 0.048 49.904
14 50 0.048 49.952
38 49.9476 0.048 49.8996
6 49.952 0.048 49.904
14 49.952 0.048 49.904
11 49.952 0.048 49.904
19 50 0.048 49.952
12 50 0.048 49.952
13 49.952 0.048 49.904
27 50 0.048 49.952
2 50 0.048 49.952
37 50 0.048 49.952
10 50 0.048 49.952
8 50 0.048 49.952
33 50 0.048 49.952
3 50 0.048 49.952
40 50 0.048 49.952
35 50 0.048 49.952
31 50 0.048 49.952
34 50 0.048 49.952
28 50 0.048 49.952
38 49.8996 0.048 49.8516
14 49.904 0.048 49.856
25 49.904 0.048 49.856
19 49.952 0.048 49.904
11 50 0.048 49.952
13 50 0.048 49.952
17 50 0.048 49.952
31 49.952 0.048 49.904
35 49.952 0.048 49.904
18 50 0.048 49.952
14 49.856 0.048 49.808
6 50 0.048 49.952
25 50 0.048 49.952
38 50 0.048 49.952
25 49.952 0.048 49.904
14 50 0.048 49.952
38 49.952 0.048 49.904
6 49.952 0.048 49.904
14 49.952 0.048 49.904
6 49.904 0.16 49.744
14 49.904 0.16 49.744
11 49.952 0.048 49.904
19 50 0.048 49.952
12 50 0.048 49.952
13 49.952 0.048 49.904
27 50 0.048 49.952
2 50 0.048 49.952
37 50 0.048 49.952
10 50 0.048 49.952
8 50 0.048 49.952
33 50 0.048 49.952
3 50 0.048 49.952
40 50 0.048 49.952
35 50 0.048 49.952
31 50 0.048 49.952
34 50 0.048 49.952
28 50 0.048 49.952
38 49.904 0.048 49.856
14 49.744 0.048 49.696
25 49.904 0.048 49.856
19 49.952 0.048 49.904
11 50 0.048 49.952
13 50 0.048 49.952
17 50 0.048 49.952
31 49.952 0.048 49.904
35 49.952 0.048 49.904
18 50 0.048 49.952
7 50 0.048 49.952
5 50 0.048 49.952
22 50 0.048 49.952
7 49.952 0.16 49.792
5 49.952 0.16 49.792
22 49.952 0.16 49.792
22 49.792 0.048 49.744
5 49.792 0.048 49.744
7 49.792 0.048 49.744
14 49.696 0.048 49.648
6 50 0.048 49.952
25 50 0.048 49.952
38 49.9567 0.048 49.9087
14 49.648 0.16 49.488
6 49.952 0.16 49.792
6 49.792 0.048 49.744
14 49.488 0.048 49.44
6 49.744 0.16 49.584
25 49.952 0.16 49.792
38 49.9087 0.16 49.7487
14 49.44 0.16 49.28
25 49.792 0.048 49.744
14 49.402 0.048 49.354
38 49.7487 0.048 49.7007
11 49.952 0.048 49.904
19 50 0.048 49.952
12 50 0.048 49.952
13 49.952 0.048 49.904
27 50 0.048 49.952
2 50 0.048 49.952
37 50 0.048 49.952
10 50 0.048 49.952
8 50 0.048 49.952
16 50 0.048 49.952
15 50 0.048 49.952
21 50 0.048 49.952
16 49.952 0.16 49.792
15 49.952 0.16 49.792
21 49.952 0.16 49.792
21 49.792 0.048 49.744
15 49.792 0.048 49.744
16 49.792 0.048 49.744
33 50 0.048 49.952
3 50 0.048 49.952
40 50 0.048 49.952
1 50 0.048 49.952
39 50 0.048 49.952
1 49.952 0.16 49.792
39 49.952 0.16 49.792
39 49.792 0.048 49.744
1 49.792 0.048 49.744
4 50 0.048 49.952
39 49.744 0.16 49.584
1 49.744 0.16 49.584
4 49.952 0.16 49.792
4 49.792 0.048 49.744
2 49.952 0.048 49.904
39 49.584 0.048 49.536
4 49.744 0.16 49.584
2 49.904 0.16 49.744
2 49.744 0.048 49.696
4 49.584 0.048 49.536
27 50 0.048 49.952
39 49.536 0.16 49.376
35 50 0.048 49.952
31 50 0.048 49.952
34 50 0.048 49.952
28 50 0.048 49.952
38 49.7007 0.048 49.6527
14 49.354 0.048 49.306
25 49.744 0.048 49.696
38 49.6527 0.16 49.4927
14 49.306 0.16 49.146
25 49.696 0.16 49.536
19 49.952 0.048 49.904
11 50 0.048 49.952
13 50 0.048 49.952
17 50 0.048 49.952
31 49.952 0.048 49.904
35 49.952 0.048 49.904
18 50 0.048 49.952
22 49.8705 0.048 49.8225
5 49.9693 0.048 49.9213
7 49.995 0.048 49.947
25 49.8832 0.048 49.8352
14 49.5365 0.048 49.4885
38 49.6803 0.048 49.6323
25 49.8352 0.16 49.6752
14 49.4885 0.16 49.3285
38 49.6323 0.16 49.4723
11 49.952 0.048 49.904
19 50 0.048 49.952
12 50 0.048 49.952
13 49.952 0.048 49.904
27 49.952 0.048 49.904
2 50 0.048 49.952
37 50 0.048 49.952
10 50 0.048 49.952
8 50 0.048 49.952
21 49.9975 0.048 49.9495
15 49.9124 0.048 49.8644
16 50 0.048 49.952
33 50 0.048 49.952
3 50 0.048 49.952
40 50 0.048 49.952
2 49.952 0.048 49.904
4 49.6684 0.048 49.6204
27 50 0.048 49.952
35 50 0.048 49.952
31 50 0.048 49.952
34 50 0.048 49.952
28 50 0.048 49.952
19 49.952 0.048 49.904
11 50 0.048 49.952
13 50 0.048 49.952
17 50 0.048 49.952
31 49.952 0.048 49.904
35 49.952 0.048 49.904
18 50 0.048 49.952
22 49.9257 0.048 49.8777
5 50 0.048 49.952
7 50 0.048 49.952
8 50 0.048 49.952
10 50 0.048 49.952
11 49.952 0.048 49.904
19 50 0.048 49.952
12 50 0.048 49.952
27 49.952 0.048 49.904
2 50 0.048 49.952
37 50 0.048 49.952
10 49.952 0.048 49.904
8 49.952 0.048 49.904
21 50 0.048 49.952
15 50 0.048 49.952
16 50 0.048 49.952
33 50 0.048 49.952
3 50 0.048 49.952
40 50 0.048 49.952
2 49.952 0.048 49.904
4 49.8648 0.048 49.8168
27 50 0.048 49.952
35 50 0.048 49.952
31 50 0.048 49.952
34 50 0.048 49.952
28 50 0.048 49.952
19 49.952 0.048 49.904
11 50 0.048 49.952
13 50 0.048 49.952
17 50 0.048 49.952
31 49.952 0.048 49.904
35 49.952 0.048 49.904
18 50 0.048 49.952
18 49.952 0.16 49.792
22 50 0.048 49.952
5 50 0.048 49.952
7 50 0.048 49.952
8 50 0.048 49.952
10 50 0.048 49.952
11 49.952 0.048 49.904
19 50 0.048 49.952
12 50 0.048 49.952
27 49.952 0.048 49.904
2 50 0.048 49.952
37 50 0.048 49.952
10 49.952 0.048 49.904
8 49.952 0.048 49.904
21 50 0.048 49.952
15 50 0.048 49.952
16 50 0.048 49.952
33 50 0.048 49.952
3 50 0.048 49.952
40 50 0.048 49.952
2 49.952 0.048 49.904
4 50 0.048 49.952
27 50 0.048 49.952
35 50 0.048 49.952
31 50 0.048 49.952
34 50 0.048 49.952
19 49.952 0.048 49.904
11 50 0.048 49.952
13 50 0.048 49.952
17 50 0.048 49.952
31 49.952 0.048 49.904
35 49.952 0.048 49.904
22 50 0.048 49.952
5 50 0.048 49.952
7 50 0.048 49.952
8 50 0.048 49.952
10 50 0.048 49.952
11 49.952 0.048 49.904
19 50 0.048 49.952
12 50 0.048 49.952
13 49.952 0.048 49.904
27 49.952 0.048 49.904
2 50 0.048 49.952
37 50 0.048 49.952
10 49.952 0.048 49.904
8 49.952 0.048 49.904
21 50 0.048 49.952
15 50 0.048 49.952
16 50 0.048 49.952
33 50 0.048 49.952
3 50 0.048 49.952
40 50 0.048 49.952
2 49.952 0.048 49.904
4 50 0.048 49.952
27 50 0.048 49.952
35 50 0.048 49.952
31 50 0.048 49.952
34 50 0.048 49.952
28 50 0.048 49.952
19 49.952 0.048 49.904
11 50 0.048 49.952
13 50 0.048 49.952
17 50 0.048 49.952
31 49.952 0.048 49.904
35 49.952 0.048 49.904
22 50 0.048 49.952
5 50 0.048 49.952
7 50 0.048 49.952
8 50 0.048 49.952
10 50 0.048 49.952
11 49.952 0.048 49.904
19 50 0.048 49.952
12 50 0.048 49.952
13 49.952 0.048 49.904
27 49.952 0.048 49.904
2 50 0.048 49.952
37 50 0.048 49.952
37 49.952 0.16 49.792
10 49.952 0.048 49.904
8 49.952 0.048 49.904
21 50 0.048 49.952
15 50 0.048 49.952
16 50 0.048 49.952
33 50 0.048 49.952
3 50 0.048 49.952
40 50 0.048 49.952
2 49.952 0.048 49.904
4 50 0.048 49.952
27 50 0.048 49.952
35 50 0.048 49.952
31 50 0.048 49.952
34 50 0.048 49.952
28 50 0.048 49.952
19 49.952 0.048 49.904
11 50 0.048 49.952
13 50 0.048 49.952
29 50 0.048 49.952
17 50 0.048 49.952
31 49.952 0.048 49.904
35 49.952 0.048 49.904
22 50 0.048 49.952
5 50 0.048 49.952
8 50 0.048 49.952
10 50 0.048 49.952
30 50 0.048 49.952
23 50 0.048 49.952
26 50 0.048 49.952
30 49.952 0.16 49.792
23 49.952 0.16 49.792
23 49.792 0.048 49.744
30 49.792 0.048 49.744
26 49.952 0.16 49.792
26 49.792 0.048 49.744
30 49.744 0.048 49.696
11 49.952 0.048 49.904
19 50 0.048 49.952
12 50 0.048 49.952
13 49.952 0.048 49.904
27 49.952 0.048 49.904
2 50 0.048 49.952
38 50 0.048 49.952
14 50 0.048 49.952
25 50 0.048 49.952
38 49.952 0.16 49.792
14 49.952 0.16 49.792
14 49.792 0.048 49.744
25 49.952 0.048 49.904
38 49.792 0.048 49.744
14 49.744 0.16 49.584
25 49.904 0.16 49.744
25 49.744 0.048 49.696
14 49.584 0.048 49.536
38 49.744 0.048 49.696
25 49.696 0.16 49.536
38 49.696 0.16 49.536
10 49.952 0.048 49.904
8 49.952 0.048 49.904
21 50 0.048 49.952
15 50 0.048 49.952
16 50 0.048 49.952
33 50 0.048 49.952
3 50 0.048 49.952
40 50 0.048 49.952
2 49.952 0.048 49.904
4 50 0.048 49.952
27 50 0.048 49.952
35 50 0.048 49.952
31 50 0.048 49.952
34 50 0.048 49.952
28 50 0.048 49.952
19 49.952 0.048 49.904
11 50 0.048 49.952
13 50 0.048 49.952
29 50 0.048 49.952
26 49.744 0.048 49.696
17 50 0.048 49.952
31 49.952 0.048 49.904
35 49.952 0.048 49.904
22 50 0.048 49.952
5 50 0.048 49.952
8 50 0.048 49.952
10 50 0.048 49.952
23 50 0.048 49.952
30 50 0.048 49.952
26 49.8624 0.048 49.8144
29 50 0.048 49.952
30 49.952 0.048 49.904
4 49.952 0.048 49.904
2 50 0.048 49.952
39 50 0.048 49.952
4 49.904 0.16 49.744
2 49.952 0.16 49.792
39 49.952 0.16 49.792
39 49.792 0.048 49.744
1 50 0.048 49.952
4 49.744 0.048 49.696
39 49.744 0.16 49.584
1 49.952 0.16 49.792
1 49.792 0.048 49.744
39 49.584 0.048 49.536
4 49.696 0.16 49.536
11 49.952 0.048 49.904
19 50 0.048 49.952
12 50 0.048 49.952
13 49.952 0.048 49.904
12 49.952 0.16 49.792
13 49.904 0.16 49.744
27 49.952 0.048 49.904
2 49.792 0.048 49.744
25 49.8444 0.048 49.7964
14 49.8586 0.048 49.8106
38 49.9071 0.048 49.8591
10 49.952 0.048 49.904
8 49.952 0.048 49.904
21 50 0.048 49.952
15 50 0.048 49.952
16 50 0.048 49.952
33 50 0.048 49.952
3 50 0.048 49.952
40 50 0.048 49.952
2 49.744 0.048 49.696
4 49.7112 0.048 49.6632
27 50 0.048 49.952
35 50 0.048 49.952
31 50 0.048 49.952
34 50 0.048 49.952
28 50 0.048 49.952
19 49.952 0.048 49.904
11 50 0.048 49.952
13 49.9978 0.048 49.9498
29 49.952 0.048 49.904
26 49.8144 0.048 49.7664
17 50 0.048 49.952
31 49.952 0.048 49.904
35 49.952 0.048 49.904
28 50 0.048 49.952
34 50 0.048 49.952
40 49.952 0.048 49.904
28 49.952 0.16 49.792
34 49.952 0.16 49.792
40 49.904 0.16 49.744
40 49.744 0.048 49.696
3 49.952 0.048 49.904
28 49.792 0.048 49.744
33 49.952 0.048 49.904
22 50 0.048 49.952
5 50 0.048 49.952
8 50 0.048 49.952
10 50 0.048 49.952
23 50 0.048 49.952
30 50 0.048 49.952
26 49.977 0.048 49.929
29 50 0.048 49.952
30 49.952 0.048 49.904
1 50 0.048 49.952
39 49.7097 0.048 49.6617
11 49.952 0.048 49.904
19 50 0.048 49.952
27 49.952 0.048 49.904
2 49.9092 0.048 49.8612
25 50 0.048 49.952
14 49.9663 0.048 49.9183
38 50 0.048 49.952
10 49.952 0.048 49.904
8 49.952 0.048 49.904
21 50 0.048 49.952
15 50 0.048 49.952
16 50 0.048 49.952
33 50 0.048 49.952
3 50 0.048 49.952
40 49.8969 0.048 49.8489
2 49.8612 0.048 49.8132
4 49.8154 0.048 49.7674
27 50 0.048 49.952
35 50 0.048 49.952
31 50 0.048 49.952
34 49.792 0.048 49.744
28 49.744 0.048 49.696
19 49.952 0.048 49.904
11 50 0.048 49.952
13 50 0.048 49.952
19 49.904 0.16 49.744
11 49.952 0.16 49.792
13 49.952 0.16 49.792
29 49.952 0.048 49.904
26 49.929 0.048 49.881
17 50 0.048 49.952
31 49.952 0.048 49.904
35 49.952 0.048 49.904
40 49.8489 0.048 49.8009
3 49.952 0.048 49.904
28 49.9255 0.048 49.8775
33 49.952 0.048 49.904
22 50 0.048 49.952
5 50 0.048 49.952
8 50 0.048 49.952
10 50 0.048 49.952
23 50 0.048 49.952
30 50 0.048 49.952
26 50 0.048 49.952
29 50 0.048 49.952
30 49.952 0.048 49.904
1 50 0.048 49.952
11 49.792 0.048 49.744
19 50 0.048 49.952
11 49.744 0.16 49.584
19 49.952 0.16 49.792
27 49.952 0.048 49.904
2 49.9693 0.048 49.9213
25 50 0.048 49.952
14 50 0.048 49.952
38 50 0.048 49.952
10 49.952 0.048 49.904
8 49.952 0.048 49.904
21 50 0.048 49.952
15 50 0.048 49.952
16 50 0.048 49.952
33 50 0.048 49.952
3 50 0.048 49.952
40 49.9386 0.048 49.8906
2 49.9213 0.048 49.8733
4 50 0.048 49.952
27 50 0.048 49.952
35 50 0.048 49.952
31 50 0.048 49.952
34 49.9504 0.048 49.9024
28 49.8775 0.048 49.8295
29 49.952 0.048 49.904
26 49.952 0.048 49.904
17 50 0.048 49.952
31 49.952 0.048 49.904
35 49.952 0.048 49.904
40 49.8906 0.048 49.8426
3 49.952 0.048 49.904
28 50 0.048 49.952
33 49.952 0.048 49.904
22 50 0.048 49.952
5 50 0.048 49.952
8 50 0.048 49.952
10 50 0.048 49.952
23 50 0.048 49.952
30 50 0.048 49.952
26 50 0.048 49.952
29 50 0.048 49.952
30 49.952 0.048 49.904
1 50 0.048 49.952
27 49.952 0.048 49.904
2 50 0.048 49.952
25 50 0.048 49.952
14 50 0.048 49.952
38 50 0.048 49.952
10 49.952 0.048 49.904
8 49.952 0.048 49.904
21 50 0.048 49.952
15 50 0.048 49.952
16 50 0.048 49.952
33 50 0.048 49.952
3 50 0.048 49.952
40 50 0.048 49.952
2 49.952 0.048 49.904
27 50 0.048 49.952
35 50 0.048 49.952
31 50 0.048 49.952
34 50 0.048 49.952
28 49.952 0.048 49.904
13 50 0.048 49.952
12 50 0.048 49.952
19 49.9843 0.048 49.9363
13 49.952 0.16 49.792
12 49.952 0.16 49.792
12 49.792 0.048 49.744
13 49.792 0.048 49.744
19 49.9363 0.16 49.7763
19 49.7763 0.048 49.7283
11 50 0.048 49.952
13 49.744 0.048 49.696
19 49.7283 0.16 49.5683
11 49.952 0.16 49.792
11 49.792 0.048 49.744
19 49.5683 0.048 49.5203
11 49.744 0.16 49.584
13 49.696 0.16 49.536
19 49.5203 0.16 49.3603
29 49.952 0.048 49.904
26 49.952 0.048 49.904
17 50 0.048 49.952
31 49.952 0.048 49.904
35 49.952 0.048 49.904
40 49.952 0.048 49.904
3 49.952 0.048 49.904
28 50 0.048 49.952
33 49.952 0.048 49.904
22 50 0.048 49.952
5 50 0.048 49.952
8 50 0.048 49.952
10 50 0.048 49.952
23 50 0.048 49.952
30 50 0.048 49.952
26 50 0.048 49.952
29 50 0.048 49.952
30 49.952 0.048 49.904
1 50 0.048 49.952
39 50 0.048 49.952
9 50 0.048 49.952
36 50 0.048 49.952
9 49.952 0.16 49.792
36 49.952 0.16 49.792
36 49.792 0.048 49.744
9 49.792 0.048 49.744
27 49.952 0.048 49.904
2 50 0.048 49.952
25 50 0.048 49.952
14 50 0.048 49.952
38 50 0.048 49.952
10 49.952 0.048 49.904
8 49.952 0.048 49.904
21 50 0.048 49.952
15 50 0.048 49.952
16 50 0.048 49.952
33 50 0.048 49.952
3 50 0.048 49.952
40 50 0.048 49.952
2 49.952 0.048 49.904
27 50 0.048 49.952
35 50 0.048 49.952
31 50 0.048 49.952
34 50 0.048 49.952
28 49.952 0.048 49.904
34 49.952 0.16 49.792
28 49.904 0.16 49.744
12 49.9118 0.048 49.8638
13 49.7637 0.048 49.7157
29 49.952 0.048 49.904
26 49.952 0.048 49.904
17 50 0.048 49.952
31 49.952 0.048 49.904
35 49.952 0.048 49.904
40 49.952 0.048 49.904
3 49.952 0.048 49.904
28 50 0.048 49.952
33 49.952 0.048 49.904
22 50 0.048 49.952
5 50 0.048 49.952
8 50 0.048 49.952
10 50 0.048 49.952
23 50 0.048 49.952
30 50 0.048 49.952
26 50 0.048 49.952
29 50 0.048 49.952
30 49.952 0.048 49.904
1 50 0.048 49.952
36 49.9376 0.048 49.8896
9 49.9875 0.048 49.9395
27 49.952 0.048 49.904
2 50 0.048 49.952
25 50 0.048 49.952
14 50 0.048 49.952
38 50 0.048 49.952
10 49.952 0.048 49.904
8 49.952 0.048 49.904
21 50 0.048 49.952
15 50 0.048 49.952
16 50 0.048 49.952
33 50 0.048 49.952
3 50 0.048 49.952
40 50 0.048 49.952
2 49.952 0.048 49.904
27 50 0.048 49.952
35 50 0.048 49.952
31 50 0.048 49.952
12 50 0.048 49.952
13 50 0.048 49.952
29 49.952 0.048 49.904
26 49.952 0.048 49.904
17 50 0.048 49.952
31 49.952 0.048 49.904
35 49.952 0.048 49.904
40 49.952 0.048 49.904
3 49.952 0.048 49.904
28 50 0.048 49.952
33 49.952 0.048 49.904
40 49.904 0.16 49.744
3 49.904 0.16 49.744
28 49.952 0.16 49.792
33 49.904 0.16 49.744
22 50 0.048 49.952
5 50 0.048 49.952
8 50 0.048 49.952
10 50 0.048 49.952
23 50 0.048 49.952
30 50 0.048 49.952
26 50 0.048 49.952
29 50 0.048 49.952
30 49.952 0.048 49.904
1 50 0.048 49.952
36 50 0.048 49.952
9 50 0.048 49.952
27 49.952 0.048 49.904
2 50 0.048 49.952
25 50 0.048 49.952
14 50 0.048 49.952
38 50 0.048 49.952
10 49.952 0.048 49.904
8 49.952 0.048 49.904
21 50 0.048 49.952
15 50 0.048 49.952
16 50 0.048 49.952
33 49.9062 0.048 49.8582
3 49.8526 0.048 49.8046
40 50 0.048 49.952
33 49.8582 0.16 49.6982
3 49.8046 0.16 49.6446
40 49.952 0.16 49.792
2 49.952 0.048 49.904
27 50 0.048 49.952
35 50 0.048 49.952
31 50 0.048 49.952
40 49.792 0.048 49.744
3 49.6446 0.048 49.5966
28 49.792 0.048 49.744
33 49.6982 0.048 49.6502
40 49.744 0.16 49.584
3 49.5966 0.16 49.4366
28 49.744 0.16 49.584
28 49.584 0.048 49.536
34 50 0.048 49.952
40 49.584 0.048 49.536
28 49.536 0.16 49.376
33 49.6502 0.16 49.4902
33 49.4902 0.048 49.4422
3 49.4366 0.048 49.3886
40 49.536 0.048 49.488
33 49.4422 0.16 49.2822
34 49.952 0.16 49.792
34 49.792 0.048 49.744
28 49.376 0.048 49.328
3 49.3886 0.16 49.2286
40 49.488 0.16 49.328
12 50 0.048 49.952
13 50 0.048 49.952
29 49.952 0.048 49.904
26 49.952 0.048 49.904
17 50 0.048 49.952
31 49.952 0.048 49.904
35 49.952 0.048 49.904
22 50 0.048 49.952
5 50 0.048 49.952
8 50 0.048 49.952
10 50 0.048 49.952
23 50 0.048 49.952
30 50 0.048 49.952
26 50 0.048 49.952
29 50 0.048 49.952
30 49.952 0.048 49.904
1 50 0.048 49.952
39 50 0.048 49.952
36 50 0.048 49.952
9 50 0.048 49.952
27 49.952 0.048 49.904
2 50 0.048 49.952
25 50 0.048 49.952
14 50 0.048 49.952
38 50 0.048 49.952
10 49.952 0.048 49.904
8 49.952 0.048 49.904
21 50 0.048 49.952
15 50 0.048 49.952
16 50 0.048 49.952
2 49.952 0.048 49.904
27 50 0.048 49.952
35 50 0.048 49.952
31 50 0.048 49.952
34 49.8837 0.048 49.8357
28 49.7192 0.048 49.6712
12 50 0.048 49.952
13 50 0.048 49.952
29 49.952 0.048 49.904
26 49.952 0.048 49.904
17 50 0.048 49.952
31 49.952 0.048 49.904
35 49.952 0.048 49.904
22 50 0.048 49.952
5 50 0.048 49.952
8 50 0.048 49.952
10 50 0.048 49.952
23 50 0.048 49.952
30 50 0.048 49.952
26 50 0.048 49.952
29 50 0.048 49.952
30 49.952 0.048 49.904
1 50 0.048 49.952
39 50 0.048 49.952
32 50 0.048 49.952
24 50 0.048 49.952
32 49.952 0.16 49.792
24 49.952 0.16 49.792
24 49.792 0.048 49.744
32 49.792 0.048 49.744
36 50 0.048 49.952
9 50 0.048 49.952
27 49.952 0.048 49.904
2 50 0.048 49.952
25 50 0.048 49.952
14 50 0.048 49.952
38 50 0.048 49.952
10 49.952 0.048 49.904
8 49.952 0.048 49.904
21 50 0.048 49.952
15 50 0.048 49.952
16 50 0.048 49.952
2 49.952 0.048 49.904
27 50 0.048 49.952
35 50 0.048 49.952
31 50 0.048 49.952
34 50 0.048 49.952
28 49.7919 0.048 49.7439
12 50 0.048 49.952
13 50 0.048 49.952
29 49.952 0.048 49.904
26 49.952 0.048 49.904
17 50 0.048 49.952
31 49.952 0.048 49.904
35 49.952 0.048 49.904
22 50 0.048 49.952
5 50 0.048 49.952
8 50 0.048 49.952
10 50 0.048 49.952
8 49.952 0.16 49.792
10 49.952 0.16 49.792
23 50 0.048 49.952
30 50 0.048 49.952
26 50 0.048 49.952
29 50 0.048 49.952
30 49.952 0.048 49.904
1 50 0.048 49.952
39 50 0.048 49.952
24 49.98 0.048 49.932
32 49.9726 0.048 49.9246
36 50 0.048 49.952
9 50 0.048 49.952
27 49.952 0.048 49.904
2 50 0.048 49.952
25 50 0.048 49.952
14 50 0.048 49.952
38 50 0.048 49.952
10 49.792 0.048 49.744
8 49.792 0.048 49.744
10 49.744 0.16 49.584
8 49.744 0.16 49.584
21 50 0.048 49.952
15 50 0.048 49.952
16 50 0.048 49.952
2 49.952 0.048 49.904
27 50 0.048 49.952
35 50 0.048 49.952
31 50 0.048 49.952
34 50 0.048 49.952
28 49.8535 0.048 49.8055
12 50 0.048 49.952
13 50 0.048 49.952
29 49.952 0.048 49.904
26 49.952 0.048 49.904
17 50 0.048 49.952
31 49.952 0.048 49.904
35 49.952 0.048 49.904
22 50 0.048 49.952
5 50 0.048 49.952
23 50 0.048 49.952
26 50 0.048 49.952
29 50 0.048 49.952
30 50 0.048 49.952
1 50 0.048 49.952
39 50 0.048 49.952
24 50 0.048 49.952
32 50 0.048 49.952
36 50 0.048 49.952
9 50 0.048 49.952
27 49.952 0.048 49.904
2 50 0.048 49.952
25 50 0.048 49.952
14 50 0.048 49.952
38 50 0.048 49.952
21 50 0.048 49.952
15 50 0.048 49.952
16 50 0.048 49.952
2 49.952 0.048 49.904
27 50 0.048 49.952
35 50 0.048 49.952
31 50 0.048 49.952
34 50 0.048 49.952
28 50 0.048 49.952
12 50 0.048 49.952
13 50 0.048 49.952
29 49.952 0.048 49.904
26 49.952 0.048 49.904
17 50 0.048 49.952
31 49.952 0.048 49.904
35 49.952 0.048 49.904
22 50 0.048 49.952
5 50 0.048 49.952
23 50 0.048 49.952
26 50 0.048 49.952
29 50 0.048 49.952
30 50 0.048 49.952
1 50 0.048 49.952
39 50 0.048 49.952
24 50 0.048 49.952
32 50 0.048 49.952
36 50 0.048 49.952
9 50 0.048 49.952
27 49.952 0.048 49.904
2 50 0.048 49.952
25 50 0.048 49.952
14 50 0.048 49.952
38 50 0.048 49.952
21 50 0.048 49.952
15 50 0.048 49.952
16 50 0.048 49.952
2 49.952 0.048 49.904
27 50 0.048 49.952
35 50 0.048 49.952
31 50 0.048 49.952
34 50 0.048 49.952
28 50 0.048 49.952
12 50 0.048 49.952
13 50 0.048 49.952
29 49.952 0.048 49.904
26 49.952 0.048 49.904
17 50 0.048 49.952
31 49.952 0.048 49.904
35 49.952 0.048 49.904
22 50 0.048 49.952
5 50 0.048 49.952
23 50 0.048 49.952
26 50 0.048 49.952
29 50 0.048 49.952
30 50 0.048 49.952
1 50 0.048 49.952
39 50 0.048 49.952
24 50 0.048 49.952
32 50 0.048 49.952
36 50 0.048 49.952
9 50 0.048 49.952
27 49.952 0.048 49.904
2 50 0.048 49.952
25 50 0.048 49.952
14 50 0.048 49.952
38 50 0.048 49.952
21 50 0.048 49.952
15 50 0.048 49.952
16 50 0.048 49.952
2 49.952 0.048 49.904
27 50 0.048 49.952
35 50 0.048 49.952
31 50 0.048 49.952
34 50 0.048 49.952
28 50 0.048 49.952
12 50 0.048 49.952
13 50 0.048 49.952
29 49.952 0.048 49.904
26 49.952 0.048 49.904
17 50 0.048 49.952
17 49.952 0.16 49.792
31 49.952 0.048 49.904
35 49.952 0.048 49.904
22 50 0.048 49.952
5 50 0.048 49.952
23 50 0.048 49.952
26 50 0.048 49.952
29 50 0.048 49.952
30 50 0.048 49.952
1 50 0.048 49.952
39 50 0.048 49.952
24 50 0.048 49.952
36 50 0.048 49.952
9 50 0.048 49.952
27 49.952 0.048 49.904
2 50 0.048 49.952
25 50 0.048 49.952
14 50 0.048 49.952
38 50 0.048 49.952
21 50 0.048 49.952
15 50 0.048 49.952
16 50 0.048 49.952
2 49.952 0.048 49.904
27 50 0.048 49.952
35 50 0.048 49.952
31 50 0.048 49.952
35 49.952 0.16 49.792
31 49.952 0.16 49.792
34 50 0.048 49.952
28 50 0.048 49.952
12 50 0.048 49.952
13 50 0.048 49.952
29 49.952 0.048 49.904
26 49.952 0.048 49.904
31 49.792 0.048 49.744
35 49.792 0.048 49.744
31 49.744 0.16 49.584
35 49.744 0.16 49.584
22 50 0.048 49.952
5 50 0.048 49.952
23 50 0.048 49.952
26 50 0.048 49.952
29 50 0.048 49.952
30 50 0.048 49.952
1 50 0.048 49.952
39 50 0.048 49.952
24 50 0.048 49.952
36 50 0.048 49.952
9 50 0.048 49.952
27 49.952 0.048 49.904
2 50 0.048 49.952
25 50 0.048 49.952
14 50 0.048 49.952
38 50 0.048 49.952
21 50 0.048 49.952
15 50 0.048 49.952
16 50 0.048 49.952
2 49.952 0.048 49.904
27 50 0.048 49.952
7 50 0.048 49.952
5 49.952 0.048 49.904
34 50 0.048 49.952
28 50 0.048 49.952
12 50 0.048 49.952
13 50 0.048 49.952
29 49.952 0.048 49.904
26 49.952 0.048 49.904
22 50 0.048 49.952
5 50 0.048 49.952
23 50 0.048 49.952
26 50 0.048 49.952
29 50 0.048 49.952
30 50 0.048 49.952
1 50 0.048 49.952
39 50 0.048 49.952
24 50 0.048 49.952
36 50 0.048 49.952
9 50 0.048 49.952
27 49.952 0.048 49.904
2 50 0.048 49.952
25 50 0.048 49.952
14 50 0.048 49.952
38 50 0.048 49.952
21 50 0.048 49.952
15 50 0.048 49.952
16 50 0.048 49.952
2 49.952 0.048 49.904
4 50 0.048 49.952
27 50 0.048 49.952
7 50 0.048 49.952
5 49.952 0.048 49.904
34 50 0.048 49.952
28 50 0.048 49.952
12 50 0.048 49.952
13 50 0.048 49.952
29 49.952 0.048 49.904
26 49.952 0.048 49.904
22 50 0.048 49.952
5 50 0.048 49.952
6 50 0.048 49.952
14 49.952 0.048 49.904
23 50 0.048 49.952
26 50 0.048 49.952
29 50 0.048 49.952
30 50 0.048 49.952
1 50 0.048 49.952
39 50 0.048 49.952
4 49.952 0.048 49.904
39 49.952 0.16 49.792
4 49.904 0.16 49.744
4 49.744 0.048 49.696
2 50 0.048 49.952
39 49.792 0.048 49.744
24 50 0.048 49.952
36 50 0.048 49.952
9 50 0.048 49.952
27 49.952 0.048 49.904
2 49.952 0.048 49.904
25 50 0.048 49.952
14 50 0.048 49.952
38 50 0.048 49.952
21 50 0.048 49.952
15 50 0.048 49.952
16 50 0.048 49.952
2 49.904 0.048 49.856
4 50 0.048 49.952
27 50 0.048 49.952
7 50 0.048 49.952
5 49.952 0.048 49.904
34 50 0.048 49.952
28 50 0.048 49.952
12 50 0.048 49.952
13 50 0.048 49.952
29 49.952 0.048 49.904
26 49.952 0.048 49.904
22 50 0.048 49.952
5 50 0.048 49.952
6 50 0.048 49.952
14 49.952 0.048 49.904
23 50 0.048 49.952
26 50 0.048 49.952
29 50 0.048 49.952
30 50 0.048 49.952
1 50 0.048 49.952
39 49.8973 0.048 49.8493
4 49.952 0.048 49.904
2 50 0.048 49.952
39 49.8493 0.048 49.8013
24 50 0.048 49.952
36 50 0.048 49.952
9 50 0.048 49.952
27 49.952 0.048 49.904
2 49.952 0.048 49.904
25 50 0.048 49.952
14 50 0.048 49.952
38 50 0.048 49.952
21 50 0.048 49.952
15 50 0.048 49.952
16 50 0.048 49.952
2 49.904 0.048 49.856
4 50 0.048 49.952
27 50 0.048 49.952
7 50 0.048 49.952
5 49.952 0.048 49.904
34 50 0.048 49.952
28 50 0.048 49.952
12 50 0.048 49.952
13 50 0.048 49.952
29 49.952 0.048 49.904
26 49.952 0.048 49.904
22 50 0.048 49.952
5 50 0.048 49.952
6 50 0.048 49.952
14 49.952 0.048 49.904
23 50 0.048 49.952
26 50 0.048 49.952
29 50 0.048 49.952
30 50 0.048 49.952
1 50 0.048 49.952
39 49.9973 0.048 49.9493
4 49.952 0.048 49.904
2 50 0.048 49.952
39 49.9493 0.048 49.9013
24 50 0.048 49.952
36 50 0.048 49.952
9 50 0.048 49.952
27 49.952 0.048 49.904
2 49.952 0.048 49.904
25 50 0.048 49.952
14 50 0.048 49.952
38 50 0.048 49.952
21 50 0.048 49.952
15 50 0.048 49.952
16 50 0.048 49.952
2 49.904 0.048 49.856
4 50 0.048 49.952
27 50 0.048 49.952
7 50 0.048 49.952
5 49.952 0.048 49.904
34 50 0.048 49.952
28 50 0.048 49.952
12 50 0.048 49.952
13 50 0.048 49.952
29 49.952 0.048 49.904
26 49.952 0.048 49.904
22 50 0.048 49.952
6 50 0.048 49.952
14 49.952 0.048 49.904
23 50 0.048 49.952
26 50 0.048 49.952
29 50 0.048 49.952
30 50 0.048 49.952
1 50 0.048 49.952
39 50 0.048 49.952
4 49.952 0.048 49.904
2 50 0.048 49.952
39 49.952 0.048 49.904
24 50 0.048 49.952
36 50 0.048 49.952
9 50 0.048 49.952
27 49.952 0.048 49.904
2 49.952 0.048 49.904
25 50 0.048 49.952
14 50 0.048 49.952
38 50 0.048 49.952
21 50 0.048 49.952
15 50 0.048 49.952
16 50 0.048 49.952
21 49.952 0.16 49.792
15 49.952 0.16 49.792
16 49.952 0.16 49.792
2 49.904 0.048 49.856
4 50 0.048 49.952
27 50 0.048 49.952
7 50 0.048 49.952
5 50 0.048 49.952
34 50 0.048 49.952
28 50 0.048 49.952
12 50 0.048 49.952
13 50 0.048 49.952
29 49.952 0.048 49.904
26 49.952 0.048 49.904
22 50 0.048 49.952
6 50 0.048 49.952
14 49.952 0.048 49.904
23 50 0.048 49.952
26 50 0.048 49.952
29 50 0.048 49.952
30 50 0.048 49.952
1 50 0.048 49.952
39 50 0.048 49.952
4 49.952 0.048 49.904
2 50 0.048 49.952
39 49.952 0.048 49.904
24 50 0.048 49.952
36 50 0.048 49.952
9 50 0.048 49.952
27 49.952 0.048 49.904
2 49.952 0.048 49.904
25 50 0.048 49.952
14 50 0.048 49.952
38 50 0.048 49.952
2 49.904 0.048 49.856
4 50 0.048 49.952
27 50 0.048 49.952
7 50 0.048 49.952
5 50 0.048 49.952
34 50 0.048 49.952
28 50 0.048 49.952
12 50 0.048 49.952
13 50 0.048 49.952
29 49.952 0.048 49.904
26 49.952 0.048 49.904
22 50 0.048 49.952
6 50 0.048 49.952
14 49.952 0.048 49.904
23 50 0.048 49.952
26 50 0.048 49.952
29 50 0.048 49.952
30 50 0.048 49.952
1 50 0.048 49.952
39 50 0.048 49.952
4 49.952 0.048 49.904
2 49.9669 0.048 49.9189
39 49.952 0.048 49.904
24 50 0.048 49.952
36 50 0.048 49.952
9 50 0.048 49.952
27 49.952 0.048 49.904
2 49.9189 0.048 49.8709
25 50 0.048 49.952
14 50 0.048 49.952
38 50 0.048 49.952
2 49.8709 0.048 49.8229
4 50 0.048 49.952
27 50 0.048 49.952
7 50 0.048 49.952
5 50 0.048 49.952
34 50 0.048 49.952
28 50 0.048 49.952
12 50 0.048 49.952
13 50 0.048 49.952
29 49.952 0.048 49.904
26 49.952 0.048 49.904
22 50 0.048 49.952
6 50 0.048 49.952
14 49.952 0.048 49.904
23 50 0.048 49.952
26 50 0.048 49.952
29 50 0.048 49.952
30 50 0.048 49.952
1 50 0.048 49.952
39 50 0.048 49.952
4 49.952 0.048 49.904
2 50 0.048 49.952
39 49.952 0.048 49.904
24 50 0.048 49.952
36 50 0.048 49.952
9 50 0.048 49.952
27 49.952 0.048 49.904
2 49.952 0.048 49.904
18 50 0.048 49.952
25 50 0.048 49.952
14 50 0.048 49.952
38 50 0.048 49.952
2 49.904 0.048 49.856
4 50 0.048 49.952
27 50 0.048 49.952
7 50 0.048 49.952
5 50 0.048 49.952
34 50 0.048 49.952
28 50 0.048 49.952
30 49.952 0.048 49.904
26 49.952 0.048 49.904
12 50 0.048 49.952
13 50 0.048 49.952
29 49.952 0.048 49.904
26 49.904 0.048 49.856
22 50 0.048 49.952
5 50 0.048 49.952
6 50 0.048 49.952
14 49.952 0.048 49.904
23 50 0.048 49.952
30 50 0.048 49.952
26 49.9822 0.048 49.9342
29 50 0.048 49.952
30 49.952 0.048 49.904
1 50 0.048 49.952
39 50 0.048 49.952
4 49.952 0.048 49.904
2 50 0.048 49.952
39 49.952 0.048 49.904
24 50 0.048 49.952
36 50 0.048 49.952
9 50 0.048 49.952
36 49.952 0.16 49.792
9 49.952 0.16 49.792
27 49.952 0.048 49.904
2 49.952 0.048 49.904
18 50 0.048 49.952
25 50 0.048 49.952
14 50 0.048 49.952
38 50 0.048 49.952
2 49.904 0.048 49.856
4 50 0.048 49.952
27 50 0.048 49.952
7 50 0.048 49.952
5 49.952 0.048 49.904
22 50 0.048 49.952
34 50 0.048 49.952
28 50 0.048 49.952
30 49.904 0.048 49.856
26 49.9342 0.048 49.8862
12 50 0.048 49.952
13 50 0.048 49.952
29 49.952 0.048 49.904
26 49.8862 0.048 49.8382
22 49.952 0.048 49.904
5 50 0.048 49.952
6 50 0.048 49.952
14 49.952 0.048 49.904
23 50 0.048 49.952
26 50 0.048 49.952
29 50 0.048 49.952
30 50 0.048 49.952
1 50 0.048 49.952
39 50 0.048 49.952
4 49.952 0.048 49.904
2 50 0.048 49.952
39 49.952 0.048 49.904
24 50 0.048 49.952
32 50 0.048 49.952
27 49.952 0.048 49.904
2 49.952 0.048 49.904
27 49.904 0.16 49.744
2 49.904 0.16 49.744
18 50 0.048 49.952
25 50 0.048 49.952
14 50 0.048 49.952
38 50 0.048 49.952
2 49.744 0.048 49.696
4 50 0.048 49.952
27 50 0.048 49.952
2 49.696 0.16 49.536
4 49.952 0.16 49.792
27 49.952 0.16 49.792
27 49.792 0.048 49.744
2 49.536 0.048 49.488
27 49.744 0.16 49.584
2 49.488 0.16 49.328
7 50 0.048 49.952
5 49.952 0.048 49.904
22 50 0.048 49.952
34 50 0.048 49.952
28 50 0.048 49.952
30 49.952 0.048 49.904
26 49.952 0.048 49.904
12 50 0.048 49.952
13 50 0.048 49.952
29 49.952 0.048 49.904
26 49.904 0.048 49.856
22 49.952 0.048 49.904
5 50 0.048 49.952
7 49.952 0.048 49.904
6 50 0.048 49.952
14 49.952 0.048 49.904
23 50 0.048 49.952
26 50 0.048 49.952
29 50 0.048 49.952
30 50 0.048 49.952
1 50 0.048 49.952
39 50 0.048 49.952
4 49.792 0.048 49.744
2 49.5897 0.048 49.5417
39 49.952 0.048 49.904
4 49.744 0.16 49.584
2 49.5417 0.16 49.3817
2 49.3817 0.048 49.3337
4 49.584 0.048 49.536
27 49.584 0.048 49.536
2 49.3337 0.16 49.1737
39 49.904 0.16 49.744
4 49.536 0.16 49.376
27 49.536 0.16 49.376
27 49.376 0.048 49.328
2 49.1737 0.048 49.1257
27 49.328 0.16 49.168
2 49.1257 0.16 48.9657
24 50 0.048 49.952
18 50 0.048 49.952
25 50 0.048 49.952
14 50 0.048 49.952
38 50 0.048 49.952
7 50 0.048 49.952
5 49.952 0.048 49.904
22 50 0.048 49.952
34 50 0.048 49.952
28 50 0.048 49.952
30 49.952 0.048 49.904
26 49.952 0.048 49.904
9 50 0.048 49.952
36 50 0.048 49.952
9 49.952 0.16 49.792
36 49.952 0.16 49.792
36 49.792 0.048 49.744
9 49.792 0.048 49.744
12 50 0.048 49.952
13 50 0.048 49.952
29 49.952 0.048 49.904
26 49.904 0.048 49.856
4 49.7198 0.048 49.6718
2 48.9657 0.048 48.9177
39 49.86 0.048 49.812
4 49.6718 0.16 49.5118
2 48.9177 0.16 48.7577
2 48.7577 0.048 48.7097
4 49.5118 0.048 49.4638
27 49.4886 0.048 49.4406
2 48.7097 0.16 48.5497
39 49.812 0.16 49.652
39 49.652 0.048 49.604
1 49.952 0.048 49.904
4 49.4638 0.048 49.4158
4 49.4158 0.16 49.2558
27 49.4406 0.16 49.2806
27 49.2806 0.048 49.2326
2 48.5497 0.048 48.5017
27 49.2326 0.16 49.0726
2 48.5017 0.16 48.3417
20 50 0.048 49.952
22 49.952 0.048 49.904
5 50 0.048 49.952
7 49.952 0.048 49.904
6 50 0.048 49.952
23 50 0.048 49.952
26 50 0.048 49.952
29 50 0.048 49.952
30 50 0.048 49.952
1 50 0.048 49.952
39 49.604 0.048 49.556
24 50 0.048 49.952
18 50 0.048 49.952
25 50 0.048 49.952
14 50 0.048 49.952
38 50 0.048 49.952
7 50 0.048 49.952
5 49.952 0.048 49.904
22 50 0.048 49.952
34 50 0.048 49.952
28 50 0.048 49.952
30 49.952 0.048 49.904
26 49.952 0.048 49.904
36 50 0.048 49.952
9 49.9434 0.048 49.8954
12 50 0.048 49.952
13 50 0.048 49.952
29 49.952 0.048 49.904
26 49.904 0.048 49.856
39 49.8469 0.048 49.7989
1 49.952 0.048 49.904
4 49.4976 0.048 49.4496
39 49.7989 0.16 49.6389
1 49.904 0.16 49.744
4 49.4496 0.16 49.2896
20 50 0.048 49.952
22 49.952 0.048 49.904
5 50 0.048 49.952
7 49.952 0.048 49.904
6 50 0.048 49.952
23 50 0.048 49.952
26 50 0.048 49.952
29 50 0.048 49.952
30 50 0.048 49.952
1 49.8454 0.048 49.7974
39 49.6389 0.048 49.5909
24 50 0.048 49.952
32 50 0.048 49.952
18 50 0.048 49.952
25 50 0.048 49.952
14 50 0.048 49.952
38 50 0.048 49.952
7 50 0.048 49.952
5 49.952 0.048 49.904
22 50 0.048 49.952
34 50 0.048 49.952
28 50 0.048 49.952
30 49.952 0.048 49.904
26 49.952 0.048 49.904
36 50 0.048 49.952
9 50 0.048 49.952
12 50 0.048 49.952
13 50 0.048 49.952
29 49.952 0.048 49.904
26 49.904 0.048 49.856
20 50 0.048 49.952
22 49.952 0.048 49.904
5 50 0.048 49.952
7 49.952 0.048 49.904
6 50 0.048 49.952
23 50 0.048 49.952
26 50 0.048 49.952
29 50 0.048 49.952
30 50 0.048 49.952
1 50 0.048 49.952
39 49.8698 0.048 49.8218
1 49.952 0.16 49.792
39 49.8218 0.16 49.6618
24 50 0.048 49.952
18 50 0.048 49.952
25 50 0.048 49.952
14 50 0.048 49.952
38 50 0.048 49.952
7 50 0.048 49.952
5 49.952 0.048 49.904
22 50 0.048 49.952
34 50 0.048 49.952
28 50 0.048 49.952
30 49.952 0.048 49.904
26 49.952 0.048 49.904
36 50 0.048 49.952
9 50 0.048 49.952
12 50 0.048 49.952
13 50 0.048 49.952
29 49.952 0.048 49.904
26 49.904 0.048 49.856
20 50 0.048 49.952
22 49.952 0.048 49.904
5 50 0.048 49.952
7 49.952 0.048 49.904
6 50 0.048 49.952
23 50 0.048 49.952
26 50 0.048 49.952
29 50 0.048 49.952
30 50 0.048 49.952
24 50 0.048 49.952
18 50 0.048 49.952
25 50 0.048 49.952
14 50 0.048 49.952
38 50 0.048 49.952
7 50 0.048 49.952
5 49.952 0.048 49.904
22 50 0.048 49.952
34 50 0.048 49.952
28 50 0.048 49.952
30 49.952 0.048 49.904
26 49.952 0.048 49.904
36 50 0.048 49.952
9 50 0.048 49.952
12 50 0.048 49.952
13 50 0.048 49.952
29 49.952 0.048 49.904
26 49.904 0.048 49.856
29 49.904 0.16 49.744
26 49.856 0.16 49.696
20 50 0.048 49.952
22 49.952 0.048 49.904
5 50 0.048 49.952
7 49.952 0.048 49.904
6 50 0.048 49.952
23 50 0.048 49.952
26 49.9068 0.048 49.8588
29 49.8751 0.048 49.8271
30 50 0.048 49.952
26 49.8588 0.16 49.6988
29 49.8271 0.16 49.6671
29 49.6671 0.048 49.6191
26 49.6988 0.048 49.6508
29 49.6191 0.16 49.4591
30 49.952 0.16 49.792
26 49.6508 0.16 49.4908
24 50 0.048 49.952
18 50 0.048 49.952
25 50 0.048 49.952
14 50 0.048 49.952
38 50 0.048 49.952
7 50 0.048 49.952
5 49.952 0.048 49.904
22 50 0.048 49.952
34 50 0.048 49.952
28 50 0.048 49.952
30 49.792 0.048 49.744
26 49.4908 0.048 49.4428
30 49.744 0.16 49.584
26 49.4428 0.16 49.2828
26 49.2828 0.048 49.2348
29 49.4591 0.048 49.4111
30 49.584 0.048 49.536
26 49.2348 0.16 49.0748
29 49.4111 0.16 49.2511
29 49.2511 0.048 49.2031
26 49.0748 0.048 49.0268
29 49.2031 0.16 49.0431
30 49.536 0.16 49.376
26 49.0268 0.16 48.8668
36 50 0.048 49.952
9 50 0.048 49.952
12 50 0.048 49.952
13 50 0.048 49.952
20 50 0.048 49.952
22 49.952 0.048 49.904
5 50 0.048 49.952
7 49.952 0.048 49.904
6 50 0.048 49.952
23 50 0.048 49.952
24 50 0.048 49.952
18 50 0.048 49.952
25 50 0.048 49.952
14 50 0.048 49.952
38 50 0.048 49.952
7 50 0.048 49.952
5 49.952 0.048 49.904
22 50 0.048 49.952
34 50 0.048 49.952
28 50 0.048 49.952
36 50 0.048 49.952
9 50 0.048 49.952
12 50 0.048 49.952
13 50 0.048 49.952
20 50 0.048 49.952
22 49.952 0.048 49.904
7 49.952 0.048 49.904
6 50 0.048 49.952
14 49.952 0.048 49.904
23 50 0.048 49.952
24 50 0.048 49.952
18 50 0.048 49.952
25 50 0.048 49.952
14 50 0.048 49.952
38 50 0.048 49.952
7 50 0.048 49.952
5 50 0.048 49.952
22 50 0.048 49.952
34 50 0.048 49.952
28 50 0.048 49.952
36 50 0.048 49.952
9 50 0.048 49.952
12 50 0.048 49.952
13 50 0.048 49.952
20 50 0.048 49.952
22 49.952 0.048 49.904
7 49.952 0.048 49.904
6 50 0.048 49.952
14 49.952 0.048 49.904
23 50 0.048 49.952
23 49.952 0.16 49.792
24 50 0.048 49.952
32 50 0.048 49.952
18 50 0.048 49.952
25 50 0.048 49.952
14 50 0.048 49.952
38 50 0.048 49.952
7 50 0.048 49.952
5 50 0.048 49.952
22 50 0.048 49.952
34 50 0.048 49.952
28 50 0.048 49.952
36 50 0.048 49.952
9 50 0.048 49.952
12 50 0.048 49.952
13 50 0.048 49.952
20 50 0.048 49.952
22 49.952 0.048 49.904
6 50 0.048 49.952
14 49.952 0.048 49.904
24 50 0.048 49.952
32 50 0.048 49.952
18 50 0.048 49.952
25 50 0.048 49.952
14 50 0.048 49.952
38 50 0.048 49.952
7 50 0.048 49.952
5 50 0.048 49.952
34 50 0.048 49.952
28 50 0.048 49.952
36 50 0.048 49.952
9 50 0.048 49.952
12 50 0.048 49.952
13 50 0.048 49.952
20 50 0.048 49.952
22 50 0.048 49.952
6 50 0.048 49.952
14 49.952 0.048 49.904
24 50 0.048 49.952
18 50 0.048 49.952
25 50 0.048 49.952
14 50 0.048 49.952
38 50 0.048 49.952
7 50 0.048 49.952
5 50 0.048 49.952
7 49.952 0.16 49.792
5 49.952 0.16 49.792
34 50 0.048 49.952
28 50 0.048 49.952
36 50 0.048 49.952
9 50 0.048 49.952
12 50 0.048 49.952
13 50 0.048 49.952
20 50 0.048 49.952
22 50 0.048 49.952
6 50 0.048 49.952
14 49.952 0.048 49.904
24 50 0.048 49.952
32 50 0.048 49.952
18 50 0.048 49.952
25 50 0.048 49.952
14 50 0.048 49.952
38 50 0.048 49.952
34 50 0.048 49.952
28 50 0.048 49.952
36 50 0.048 49.952
9 50 0.048 49.952
12 50 0.048 49.952
13 50 0.048 49.952
20 50 0.048 49.952
22 50 0.048 49.952
5 50 0.048 49.952
22 49.952 0.16 49.792
5 49.952 0.16 49.792
6 50 0.048 49.952
14 49.952 0.048 49.904
24 50 0.048 49.952
32 50 0.048 49.952
18 50 0.048 49.952
25 50 0.048 49.952
14 50 0.048 49.952
38 50 0.048 49.952
34 50 0.048 49.952
28 50 0.048 49.952
36 50 0.048 49.952
9 50 0.048 49.952
12 50 0.048 49.952
13 50 0.048 49.952
20 50 0.048 49.952
6 50 0.048 49.952
14 49.952 0.048 49.904
24 50 0.048 49.952
32 50 0.048 49.952
18 50 0.048 49.952
25 50 0.048 49.952
14 50 0.048 49.952
38 50 0.048 49.952
34 50 0.048 49.952
28 50 0.048 49.952
36 50 0.048 49.952
9 50 0.048 49.952
12 50 0.048 49.952
13 50 0.048 49.952
20 50 0.048 49.952
6 50 0.048 49.952
14 49.952 0.048 49.904
24 50 0.048 49.952
32 50 0.048 49.952
18 50 0.048 49.952
25 50 0.048 49.952
14 50 0.048 49.952
38 50 0.048 49.952
34 50 0.048 49.952
28 50 0.048 49.952
36 50 0.048 49.952
9 50 0.048 49.952
12 50 0.048 49.952
13 50 0.048 49.952
20 50 0.048 49.952
6 50 0.048 49.952
14 49.952 0.048 49.904
24 50 0.048 49.952
32 50 0.048 49.952
24 49.952 0.16 49.792
32 49.952 0.16 49.792
18 50 0.048 49.952
25 50 0.048 49.952
14 50 0.048 49.952
38 50 0.048 49.952
34 50 0.048 49.952
28 50 0.048 49.952
36 50 0.048 49.952
9 50 0.048 49.952
12 50 0.048 49.952
13 50 0.048 49.952
20 50 0.048 49.952
6 50 0.048 49.952
18 50 0.048 49.952
25 50 0.048 49.952
14 50 0.048 49.952
38 50 0.048 49.952
34 50 0.048 49.952
28 50 0.048 49.952
36 50 0.048 49.952
9 50 0.048 49.952
12 50 0.048 49.952
13 50 0.048 49.952
20 50 0.048 49.952
6 50 0.048 49.952
18 50 0.048 49.952
25 50 0.048 49.952
14 50 0.048 49.952
38 50 0.048 49.952
34 50 0.048 49.952
28 50 0.048 49.952
36 50 0.048 49.952
9 50 0.048 49.952
12 50 0.048 49.952
13 50 0.048 49.952
20 50 0.048 49.952
20 49.952 0.16 49.792
6 50 0.048 49.952
18 50 0.048 49.952
25 50 0.048 49.952
14 50 0.048 49.952
38 50 0.048 49.952
34 50 0.048 49.952
28 50 0.048 49.952
36 50 0.048 49.952
9 50 0.048 49.952
12 50 0.048 49.952
13 50 0.048 49.952
6 50 0.048 49.952
18 50 0.048 49.952
25 50 0.048 49.952
14 50 0.048 49.952
38 50 0.048 49.952
34 50 0.048 49.952
28 50 0.048 49.952
36 50 0.048 49.952
9 50 0.048 49.952
12 50 0.048 49.952
13 50 0.048 49.952
6 50 0.048 49.952
6 49.952 0.16 49.792
18 50 0.048 49.952
25 50 0.048 49.952
14 50 0.048 49.952
38 50 0.048 49.952
34 50 0.048 49.952
28 50 0.048 49.952
36 50 0.048 49.952
9 50 0.048 49.952
12 50 0.048 49.952
13 50 0.048 49.952
18 50 0.048 49.952
25 50 0.048 49.952
14 50 0.048 49.952
38 50 0.048 49.952
25 49.952 0.16 49.792
14 49.952 0.16 49.792
38 49.952 0.16 49.792
34 50 0.048 49.952
28 50 0.048 49.952
36 50 0.048 49.952
9 50 0.048 49.952
12 50 0.048 49.952
13 50 0.048 49.952
18 50 0.048 49.952
34 50 0.048 49.952
28 50 0.048 49.952
36 50 0.048 49.952
9 50 0.048 49.952
12 50 0.048 49.952
13 50 0.048 49.952
18 50 0.048 49.952
34 50 0.048 49.952
28 50 0.048 49.952
36 50 0.048 49.952
9 50 0.048 49.952
12 50 0.048 49.952
13 50 0.048 49.952
18 50 0.048 49.952
18 49.952 0.16 49.792
34 50 0.048 49.952
28 50 0.048 49.952
36 50 0.048 49.952
9 50 0.048 49.952
12 50 0.048 49.952
13 50 0.048 49.952
34 50 0.048 49.952
28 50 0.048 49.952
36 50 0.048 49.952
9 50 0.048 49.952
12 50 0.048 49.952
13 50 0.048 49.952
34 50 0.048 49.952
28 50 0.048 49.952
36 50 0.048 49.952
9 50 0.048 49.952
12 50 0.048 49.952
13 50 0.048 49.952
34 50 0.048 49.952
36 50 0.048 49.952
9 50 0.048 49.952
12 50 0.048 49.952
13 50 0.048 49.952
12 49.952 0.16 49.792
13 49.952 0.16 49.792
34 50 0.048 49.952
36 50 0.048 49.952
9 50 0.048 49.952
34 50 0.048 49.952
28 50 0.048 49.952
36 50 0.048 49.952
9 50 0.048 49.952
34 50 0.048 49.952
28 50 0.048 49.952
36 50 0.048 49.952
9 50 0.048 49.952
34 50 0.048 49.952
28 50 0.048 49.952
34 49.952 0.16 49.792
28 49.952 0.16 49.792
36 50 0.048 49.952
9 50 0.048 49.952
36 50 0.048 49.952
9 50 0.048 49.952
36 50 0.048 49.952
9 50 0.048 49.952
36 50 0.048 49.952
9 50 0.048 49.952
36 50 0.048 49.952
9 50 0.048 49.952
36 50 0.048 49.952
9 50 0.048 49.952
36 50 0.048 49.952
9 50 0.048 49.952
36 50 0.048 49.952
9 50 0.048 49.952
36 50 0.048 49.952
9 50 0.048 49.952
36 50 0.048 49.952
9 50 0.048 49.952
36 50 0.048 49.952
9 50 0.048 49.952
36 50 0.048 49.952
9 50 0.048 49.952
36 50 0.048 49.952
9 50 0.048 49.952
36 50 0.048 49.952
9 50 0.048 49.952
36 50 0.048 49.952
9 50 0.048 49.952
36 50 0.048 49.952
9 50 0.048 49.952
36 50 0.048 49.952
9 50 0.048 49.952
36 50 0.048 49.952
9 50 0.048 49.952
36 50 0.048 49.952
9 50 0.048 49.952
36 50 0.048 49.952
9 50 0.048 49.952
36 49.952 0.16 49.792
9 49.952 0.16 49.792
