70 3286 0 100 0.2 2.75932 2.95932
74 3259 0 100 0.8 2.1837 2.9837
69 3292 0 100 0.2 2.84673 3.04673
76 3287 0 100 0.3 2.76132 3.06132
97 3303 0 100 2.33402e-08 3.08092 3.08092
54 3311 0 100 1.16701e-08 3.34149 3.34149
35 3275 0 100 0.9 2.5443 3.4443
57 3255 0 100 1.6 2.00037 3.60037
48 3282 0 100 1 2.69611 3.69611
83 3291 0 100 0.9 2.84022 3.74022
100 3265 0 100 1.6 2.2782 3.8782
31 3325 0 100 0.2 3.7088 3.9088
47 3264 0 100 1.7 2.24955 3.94955
39 3309 0 100 0.9 3.21877 4.11877
87 3271 0 100 1.7 2.44363 4.14363
79 3326 0 100 0.5 3.74233 4.24233
15 3281 0 100 1.6 2.69532 4.29532
90 3330 0 100 0.7 3.87067 4.57067
29 3306 0 100 1.5 3.14398 4.64398
6 3305 0 100 1.6 3.09584 4.69584
42 3270 0 100 2.3 2.42095 4.72095
89 3284 0 100 2 2.72207 4.72207
2 3324 0 100 1.1 3.69427 4.79427
46 3341 0 100 0.7 4.12672 4.82672
9 3322 0 100 1.2 3.63453 4.83454
20 3269 0 100 2.5 2.41358 4.91358
49 3298 0 100 2 3.00583 5.00583
59 3302 0 100 2 3.0783 5.0783
91 3350 0 100 0.7 4.41454 5.11454
92 3289 0 100 2.3 2.81504 5.11504
43 3332 0 100 1.3 3.9126 5.2126
21 3268 0 100 3 2.39032 5.39032
86 3278 0 100 2.8 2.61719 5.41719
24 3283 0 100 2.8 2.69955 5.49955
80 3355 0 100 1 4.52704 5.52704
18 3327 0 100 1.8 3.7578 5.55781
60 3290 0 100 2.8 2.83186 5.63186
21 3373 0 100 0.2 5.44781 5.64781
55 3279 0 100 3.1 2.64516 5.74516
52 3274 0 100 3.5 2.48989 5.98989
33 3262 0 100 3.8 2.22922 6.02922
73 3299 0 100 3 3.02935 6.02935
28 3263 0 100 3.8 2.23327 6.03327
84 3344 0 100 1.8 4.25596 6.05596
67 3294 0 100 3.2 2.90607 6.10607
61 3334 0 100 2.1 4.01413 6.11413
81 3272 0 100 3.9 2.45666 6.35666
82 3256 0 100 4.4 2.00967 6.40967
95 3318 0 100 2.9 3.51899 6.41899
68 3329 0 100 2.6 3.82783 6.42783
65 3258 0 100 4.4 2.11876 6.51876
62 3261 0 100 4.3 2.22221 6.52221
51 3316 0 100 3.1 3.44514 6.54514
23 3356 0 100 2.1 4.57021 6.67021
26 3295 0 100 3.8 2.90657 6.70657
25 3319 0 100 3.2 3.56489 6.76489
26 3371 0 100 1.4 5.36617 6.76617
56 3301 0 100 3.8 3.05113 6.85113
75 3307 0 100 3.7 3.17281 6.87281
99 3314 0 100 3.5 3.41451 6.91451
56 3385 0 100 0.8 6.14624 6.94624
44 3300 0 100 4.1 3.04613 7.14613
40 3348 0 100 2.8 4.3725 7.1725
5 3352 0 100 2.7 4.49538 7.19538
44 3376 0 100 1.7 5.50693 7.20693
78 3285 0 100 4.5 2.73675 7.23675
19 3276 0 100 4.8 2.55111 7.35111
36 3359 0 100 2.8 4.62276 7.42276
78 3417 0 100 1.16701e-08 7.488 7.488
37 3313 0 100 4.1 3.39918 7.49918
3 3336 0 100 3.5 4.07739 7.57739
58 3345 0 100 3.3 4.28338 7.58338
77 3296 0 100 4.9 2.971 7.871
77 3407 0 100 0.8 7.16709 7.96709
8 3339 0 100 3.9 4.09017 7.99017
8 3418 0 100 0.5 7.55484 8.05484
70 3402 0 100 1.3 6.89777 8.19777
93 3315 0 100 4.8 3.41523 8.21523
22 3340 0 100 4.2 4.10091 8.30091
30 3320 0 100 4.8 3.57711 8.37711
66 3365 0 100 3.4 4.97907 8.37907
69 3420 0 100 0.8 7.58984 8.38984
4 3347 0 100 4.2 4.3305 8.5305
83 3374 0 100 3.1 5.45077 8.55077
54 3427 0 100 0.5 8.07086 8.57086
16 3338 0 100 4.6 4.08564 8.68564
35 3392 0 100 2.2 6.49288 8.69288
16 3428 0 100 0.7 8.07431 8.77431
14 3364 0 100 3.9 4.93188 8.83188
72 3342 0 100 4.7 4.16194 8.86194
11 3415 0 100 1.4 7.47867 8.87867
11 3362 0 100 4.1 4.84506 8.94506
83 3438 0 100 0.5 8.57712 9.07712
94 3354 0 100 4.6 4.52167 9.12167
34 3335 0 100 5.1 4.05026 9.15026
98 3357 0 100 4.6 4.58172 9.18172
47 3409 0 100 2 7.19956 9.19956
31 3400 0 100 2.4 6.84227 9.24227
15 3395 0 100 2.8 6.58577 9.38577
87 3353 0 100 4.9 4.51796 9.41796
87 3421 0 100 1.8 7.67004 9.47004
79 3398 0 100 2.8 6.73079 9.53079
15 3442 0 100 0.9 8.63895 9.53895
2 3387 0 100 3.5 6.23564 9.73564
1 3404 0 100 2.9 6.99139 9.89139
89 3414 0 100 2.5 7.46702 9.96702
50 3366 0 100 5 4.97919 9.97919
46 3429 0 100 1.9 8.08517 9.98517
50 3411 0 100 2.7 7.3045 10.0045
6 3397 0 100 3.3 6.71688 10.0169
91 3412 0 100 2.7 7.34481 10.0448
9 3436 0 100 1.6 8.56548 10.1655
49 3448 0 100 1.3 8.90823 10.2082
59 3472 0 100 0.3 9.97851 10.2785
64 3435 0 100 2.1 8.53398 10.634
86 3384 0 100 4.6 6.08593 10.6859
24 3437 0 100 2.2 8.56885 10.7688
60 3381 0 100 4.9 5.91958 10.8196
21 3449 0 100 1.9 8.93064 10.8306
71 3468 0 100 1 9.90372 10.9037
55 3393 0 100 4.4 6.53726 10.9373
18 3390 0 100 4.6 6.3986 10.9986
13 3470 0 100 1.1 9.93129 11.0313
28 3405 0 100 4.1 7.06312 11.1631
33 3440 0 100 2.7 8.59919 11.2992
10 3456 0 100 2 9.3096 11.3096
61 3441 0 100 2.7 8.63393 11.3339
84 3426 0 100 3.3 8.04484 11.3448
51 3445 0 100 2.9 8.76537 11.6654
53 3471 0 100 2 9.97242 11.9724
25 3452 0 100 2.9 9.1014 12.0014
12 3469 0 100 2.4 9.91416 12.3142
40 3465 0 100 2.7 9.77608 12.4761
37 3461 0 100 3.2 9.58104 12.781
66 3443 0 100 4.9 8.66917 13.5692
22 3454 0 100 4.4 9.21771 13.6177
35 3463 0 100 4.1 9.67935 13.7794
98 3458 0 100 4.4 9.39938 13.7994
14 3459 0 100 4.7 9.40219 14.1022
