20 1420 0 100 0.4 2.07502 2.47502
12 1430 0 100 1.16701e-08 2.69624 2.69624
15 1433 0 100 1.16701e-08 2.70213 2.70213
5 1431 0 100 0.9 2.69834 3.59834
2 1423 0 100 2 2.21108 4.21108
19 1468 0 100 0.2 4.97428 5.17428
6 1443 0 100 2.3 3.29168 5.59168
17 1452 0 100 1.7 3.89316 5.59316
18 1434 0 100 3.3 2.70951 6.00951
14 1424 0 100 3.8 2.23463 6.03463
8 1426 0 100 3.7 2.35783 6.05783
16 1461 0 100 1.8 4.54046 6.34046
11 1439 0 100 3.3 3.05946 6.35946
1 1436 0 100 3.6 2.84723 6.44723
3 1441 0 100 4 3.10213 7.10213
7 1447 0 100 4.2 3.56411 7.76411
9 1466 0 100 2.9 4.86781 7.76781
15 1478 0 100 2.1 5.70231 7.80231
7 1498 0 100 0.3 7.53649 7.83649
12 1488 0 100 1.2 6.639 7.839
13 1449 0 100 4.4 3.64795 8.04795
5 1476 0 100 3.2 5.62395 8.82395
4 1457 0 100 4.9 4.20845 9.10845
10 1464 0 100 4.8 4.70525 9.50525
2 1519 0 100 0.5 9.00607 9.50607
19 1503 0 100 2.6 7.79607 10.3961
6 1501 0 100 3.1 7.7098 10.8098
17 1502 0 100 3.1 7.7402 10.8402
8 1517 0 100 2.3 8.9017 11.2017
14 1524 0 100 1.8 9.49547 11.2955
11 1514 0 100 2.9 8.7068 11.6068
16 1526 0 100 2.1 9.52309 11.6231
