41 1102
52 1102
69 1102
50 1102
8 1102
39 1102
27 1102
99 1103
42 1103
87 1103
1 1103
20 1103
16 1103
89 1103
65 1103
47 1104
98 1104
31 1104
33 1104
40 1104
5 1104
10 1104
48 1104
37 1104
30 1104
82 1104
24 1104
21 1104
9 1104
25 1104
9 1105
30 1105
82 1105
24 1105
21 1105
10 1105
5 1105
31 1105
33 1105
40 1105
47 1105
93 1105
48 1106
25 1106
30 1106
82 1106
24 1106
21 1106
10 1106
9 1106
11 1107
95 1107
19 1107
62 1107
51 1107
78 1108
90 1108
42 1108
87 1108
20 1108
1 1108
65 1108
89 1108
16 1108
6 1108
66 1108
28 1108
24 1109
48 1109
9 1109
10 1109
21 1109
25 1109
30 1109
30 1110
9 1110
48 1110
10 1110
21 1110
24 1110
94 1107
56 1111
38 1111
44 1111
77 1111
68 1111
83 1111
27 1112
8 1112
39 1112
50 1112
41 1112
52 1112
69 1112
54 1113
45 1113
74 1113
92 1113
97 1113
4 1113
7 1113
13 1113
12 1113
35 1114
49 1114
26 1114
61 1115
32 1115
67 1115
46 1115
23 1115
28 1116
90 1116
66 1116
16 1116
89 1116
65 1116
1 1116
42 1116
20 1116
32 1117
46 1117
23 1117
17 1118
59 1118
88 1118
15 1119
91 1119
71 1119
82 1109
90 1120
42 1120
65 1120
20 1120
16 1120
89 1120
57 1121
20 1122
89 1122
90 1122
66 1122
28 1122
78 1122
6 1122
16 1122
42 1122
46 1123
40 1124
33 1124
93 1124
47 1124
31 1124
5 1124
10 1124
48 1124
24 1124
37 1106
6 1125
28 1125
78 1125
90 1125
20 1125
42 1125
16 1125
25 1110
21 1126
51 1127
94 1127
19 1127
55 1128
19 1129
51 1129
69 1130
50 1130
27 1130
41 1130
52 1130
8 1130
26 1131
35 1131
45 1132
7 1132
12 1132
4 1132
54 1132
92 1132
97 1132
13 1132
98 1105
38 1133
77 1133
68 1133
44 1133
56 1133
29 1134
84 1134
22 1134
93 1135
77 1136
56 1136
38 1136
44 1136
2 1137
53 1137
85 1137
18 1137
82 1138
24 1138
30 1138
37 1138
10 1138
21 1138
48 1138
9 1138
25 1138
75 1138
5 1138
31 1138
47 1138
93 1138
33 1138
81 1103
85 1103
18 1103
2 1103
87 1116
81 1116
85 1116
18 1116
1 1120
81 1120
85 1120
65 1122
87 1122
1 1122
81 1122
13 1139
45 1139
7 1139
12 1139
4 1139
97 1139
54 1139
22 1140
29 1140
33 1141
40 1141
31 1141
75 1141
25 1141
10 1141
9 1141
24 1141
37 1141
67 1117
80 1117
97 1142
7 1142
12 1142
4 1142
54 1142
13 1142
23 1123
67 1123
32 1123
48 1141
21 1141
30 1141
42 1143
16 1143
28 1143
78 1143
6 1143
90 1143
20 1143
87 1143
81 1143
65 1143
1 1143
86 1144
49 1131
5 1145
40 1145
33 1145
93 1145
47 1145
31 1145
37 1146
10 1146
21 1146
24 1146
30 1146
9 1146
25 1146
70 1114
34 1147
48 1146
75 1146
5 1146
31 1146
47 1146
93 1146
33 1146
4 1148
12 1148
54 1148
97 1148
7 1148
45 1142
70 1149
49 1149
26 1149
13 1148
92 1139
12 1150
13 1150
67 1151
46 1151
59 1152
74 1132
64 1113
71 1153
96 1153
91 1153
8 1154
50 1154
52 1154
24 1155
25 1155
10 1155
21 1155
37 1155
48 1155
9 1155
100 1128
25 1156
10 1156
21 1156
37 1156
48 1156
75 1156
5 1156
31 1156
33 1156
47 1156
88 1157
15 1153
10 1158
9 1158
24 1158
37 1158
48 1158
75 1158
5 1158
31 1158
33 1158
3 1119
16 1159
28 1159
90 1159
42 1159
6 1159
20 1159
87 1159
81 1159
65 1159
95 1160
3 1161
32 1162
46 1162
49 1163
26 1163
44 1164
77 1164
38 1164
7 1165
13 1165
45 1165
64 1165
54 1165
12 1165
4 1165
92 1165
74 1165
2 1116
31 1166
5 1166
10 1166
25 1166
24 1166
37 1166
48 1166
52 1168
41 1168
50 1168
8 1168
18 1120
85 1122
18 1122
43 1137
91 1169
96 1169
71 1169
53 1103
96 1170
71 1170
15 1170
50 1171
52 1171
8 1171
1 1159
45 1172
7 1172
12 1172
54 1172
13 1172
74 1172
92 1172
4 1172
89 1143
99 1108
66 1125
21 1173
24 1173
37 1173
25 1173
48 1173
9 1173
10 1173
5 1173
31 1173
38 1174
44 1174
29 1175
9 1176
24 1176
37 1176
25 1176
48 1176
10 1176
5 1176
99 1177
16 1177
28 1177
78 1177
90 1177
20 1177
42 1177
65 1177
87 1177
89 1177
19 1178
51 1178
36 1118
87 1179
81 1179
65 1179
20 1179
42 1179
16 1179
28 1179
78 1179
90 1179
89 1179
6 1179
78 1180
16 1180
20 1180
42 1180
65 1180
81 1180
85 1180
53 1180
43 1180
2 1180
59 1157
35 1149
81 1181
85 1181
53 1181
43 1181
70 1163
66 1179
17 1152
15 1182
96 1182
28 1183
6 1183
16 1183
42 1183
65 1183
81 1183
87 1183
20 1183
90 1183
78 1183
61 1117
80 1123
67 1162
13 1184
4 1184
12 1184
54 1184
45 1184
74 1184
92 1184
76 1115
90 1185
6 1185
20 1185
16 1185
42 1185
23 1151
26 1186
70 1186
65 1187
42 1187
6 1187
16 1187
28 1187
90 1187
89 1185
65 1185
87 1185
8 1188
52 1188
24 1189
9 1189
10 1189
57 1167
73 1121
92 1190
4 1190
12 1190
54 1190
45 1190
74 1190
68 1136
77 1174
60 1111
81 1185
85 1185
53 1185
56 1164
83 1133
46 1191
32 1191
67 1191
76 1191
4 1192
54 1192
45 1192
92 1192
54 1193
69 1154
44 1194
50 1188
16 1195
20 1195
42 1195
89 1195
90 1195
28 1195
72 1112
12 1193
4 1193
92 1193
25 1196
10 1196
21 1196
24 1196
37 1196
48 1196
41 1171
12 1197
54 1197
92 1197
100 1198
55 1198
96 1198
27 1168
59 1199
36 1199
39 1130
58 1102
48 1200
10 1200
37 1200
24 1200
25 1200
70 1202
20 1203
42 1203
65 1203
87 1203
81 1203
85 1203
84 1140
79 1134
22 1175
32 1204
61 1204
94 1129
89 1205
16 1205
28 1205
90 1205
42 1205
65 1205
81 1205
62 1127
42 1206
16 1206
28 1206
90 1206
89 1206
65 1206
10 1207
37 1207
25 1207
48 1207
95 1178
11 1160
51 1208
62 1208
94 1208
19 1208
87 1205
29 1209
79 1209
84 1209
55 1210
81 1206
80 1204
67 1204
76 1204
82 1141
50 1211
8 1211
27 1211
41 1211
52 1211
69 1211
52 1212
27 1212
8 1212
41 1212
50 1212
30 1155
9 1196
24 1207
38 1213
56 1213
60 1213
68 1213
77 1213
83 1213
21 1200
5 1189
75 1166
31 1176
78 1187
31 1214
6 1195
47 1158
20 1205
98 1145
40 1146
33 1173
89 1187
93 1156
85 1215
14 1144
92 1216
54 1216
86 1201
37 1217
25 1217
48 1217
75 1217
5 1217
10 1217
21 1217
9 1217
30 1217
82 1217
65 1218
89 1218
16 1218
73 1219
68 1220
60 1220
56 1220
38 1220
83 1220
63 1147
28 1218
90 1218
67 1221
34 1149
35 1163
49 1186
35 1186
26 1202
41 1222
50 1222
27 1222
39 1222
8 1222
21 1223
48 1223
75 1223
40 1223
47 1223
33 1223
31 1223
5 1223
10 1223
9 1223
25 1223
37 1223
30 1223
45 1193
4 1197
45 1197
97 1165
12 1216
4 1216
74 1192
17 1224
59 1224
13 1190
7 1184
81 1215
65 1215
89 1215
90 1215
28 1215
64 1172
96 1225
76 1221
45 1226
7 1226
100 1210
55 1225
80 1227
19 1228
62 1228
94 1228
51 1228
95 1228
15 1198
49 1229
26 1229
70 1229
91 1170
71 1182
83 1230
56 1230
60 1230
27 1231
39 1231
41 1231
8 1231
52 1231
90 1232
89 1232
3 1169
4 1233
74 1233
64 1233
54 1233
45 1233
13 1233
12 1233
7 1233
97 1233
2 1181
43 1185
53 1203
61 1227
32 1227
67 1227
18 1180
87 1206
65 1232
1 1177
20 1187
1 1187
16 1215
20 1215
1 1215
42 1218
6 1205
99 1179
66 1183
99 1183
78 1195
36 1224
88 1199
46 1204
23 1191
76 1227
46 1227
73 1221
57 1219
68 1230
57 1230
77 1220
44 1213
72 1211
69 1212
50 1231
58 1222
22 1209
11 1228
82 1223
24 1217
35 1229
92 1233
