15 37 0 100 3 1.15296 4.15296
4 53 0 100 0.5 3.87816 4.37816
21 54 0 100 1.16701e-08 4.50429 4.50429
30 47 0 100 2 2.66744 4.66744
25 49 0 100 2 3.10527 5.10527
1 42 0 100 5 1.69838 6.69838
16 43 0 100 5.5 1.85775 7.35775
14 51 0 100 4 3.71128 7.71128
27 48 0 100 5 2.97923 7.97923
10 39 0 100 7 1.265 8.265
24 60 0 100 2 6.6179 8.6179
22 46 0 100 6.5 2.52897 9.02897
22 59 0 100 3 6.14392 9.14392
15 56 0 100 4.5 4.69424 9.19424
19 68 0 100 1.16701e-08 9.95449 9.95449
11 50 0 100 8 3.15734 11.1573
18 64 0 100 3.5 8.02708 11.5271
3 52 0 100 8.5 3.80624 12.3062
12 44 0 100 11.5 1.99141 13.4914
24 55 0 100 9.5 4.52851 14.0285
29 62 0 100 7.5 7.04918 14.5492
