27 2016 0 100 0.5 1.69304 2.19304
23 2025 0 100 0.5 1.8537 2.3537
38 2027 0 100 0.5 1.97685 2.47685
60 2053 0 100 1.16701e-08 3.05092 3.05092
34 2020 0 100 1.5 1.74854 3.24854
20 2035 0 100 2 2.3169 4.3169
51 2017 0 100 3 1.69337 4.69337
57 2073 0 100 1 4.06231 5.06231
7 2046 0 100 3 2.67225 5.67225
9 2105 0 100 1.16701e-08 5.78004 5.78004
39 2081 0 100 1.5 4.36387 5.86387
4 2003 0 100 5 1.02892 6.02892
5 2041 0 100 3.5 2.58823 6.08823
41 2036 0 100 4 2.39341 6.39341
35 2045 0 100 4 2.64763 6.64763
48 2005 0 100 5.5 1.14949 6.64949
49 2019 0 100 5 1.71304 6.71304
1 2010 0 100 5.5 1.37037 6.87037
3 2051 0 100 4 2.97968 6.97968
21 2024 0 100 5.5 1.83313 7.33313
19 2049 0 100 4.5 2.84305 7.34305
14 2075 0 100 3.5 4.11954 7.61954
18 2015 0 100 6 1.65647 7.65647
36 2057 0 100 5 3.30083 8.30083
36 2138 0 100 1.16701e-08 8.34017 8.34017
34 2086 0 100 4 4.53892 8.53892
26 2063 0 100 5 3.57349 8.57349
59 2006 0 100 7.5 1.17137 8.67137
40 2008 0 100 8 1.28654 9.28654
20 2150 0 100 0.5 9.26407 9.76407
13 2038 0 100 7.5 2.41756 9.91756
44 2061 0 100 6.5 3.54422 10.0442
44 2135 0 100 2 8.15227 10.1523
32 2033 0 100 8 2.23772 10.2377
57 2131 0 100 2.5 7.927 10.427
16 2040 0 100 8 2.58361 10.5836
55 2023 0 100 9 1.80493 10.8049
55 2083 0 100 6.5 4.43811 10.9381
22 2094 0 100 6.5 4.84334 11.3433
5 2145 0 100 2.5 8.88264 11.3826
49 2151 0 100 2.5 9.2659 11.7659
12 2056 0 100 8.5 3.26712 11.7671
25 2079 0 100 7.5 4.27889 11.7789
47 2029 0 100 10 2.09499 12.095
43 2021 0 100 10.5 1.77851 12.2785
6 2011 0 100 11 1.39525 12.3952
19 2159 0 100 2.5 9.93548 12.4355
28 2088 0 100 8.5 4.66747 13.1675
2 2093 0 100 9.5 4.80837 14.3084
