15 1800 0 100 2 1.3289 3.3289
12 1815 0 100 1.5 2.13727 3.63727
28 1797 0 100 3 1.2586 4.2586
6 1829 0 100 1.5 2.97354 4.47354
41 1830 0 100 1.5 2.99041 4.49041
17 1818 0 100 2.5 2.20218 4.70218
47 1826 0 100 2 2.76244 4.76244
42 1813 0 100 3 2.02521 5.02521
49 1849 0 100 2 3.72274 5.72274
36 1808 0 100 4.5 1.74302 6.24302
23 1855 0 100 2.5 3.98654 6.48654
31 1863 0 100 2.5 4.35281 6.85281
11 1792 0 100 6 1.07711 7.07711
4 1823 0 100 4.5 2.64391 7.14391
39 1850 0 100 3.5 3.75262 7.25262
3 1859 0 100 3.5 4.11231 7.61231
38 1795 0 100 7 1.21741 8.21741
26 1824 0 100 6 2.67969 8.67969
14 1839 0 100 5.5 3.33136 8.83136
10 1872 0 100 4 4.8869 8.8869
37 1816 0 100 7 2.17813 9.17813
2 1810 0 100 7.5 1.8598 9.3598
45 1854 0 100 5.5 3.98194 9.48194
40 1805 0 100 8 1.55808 9.55808
6 1885 0 100 4 5.84136 9.84136
6 1940 0 100 1.16701e-08 9.89327 9.89327
17 1934 0 100 0.5 9.40521 9.90521
5 1838 0 100 7.5 3.32225 10.8223
9 1856 0 100 7 3.99528 10.9953
50 1887 0 100 5.5 5.97346 11.4735
25 1836 0 100 9 3.27035 12.2703
4 1931 0 100 3 9.34088 12.3409
13 1851 0 100 9 3.75437 12.7544
16 1799 0 100 11.5 1.3199 12.8199
3 1926 0 100 4 8.98274 12.9827
15 1862 0 100 9.5 4.30747 13.8075
43 1804 0 100 13 1.55439 14.5544
28 1911 0 100 7 7.68866 14.6887
18 1796 0 100 13.5 1.22505 14.7251
