10 954
64 954
30 955
51 955
20 956
43 956
59 957
82 957
18 958
81 958
83 959
98 959
34 959
3 960
17 960
14 962
63 962
27 964
29 964
76 965
2 965
70 966
87 967
8 967
60 967
97 967
91 968
6 968
45 968
80 969
7 970
21 971
72 972
12 973
26 974
99 961
61 961
89 961
13 963
34 976
23 976
24 977
50 979
20 979
94 980
41 980
93 981
65 981
59 981
48 982
38 982
58 983
40 983
95 975
69 984
79 984
1 985
19 986
52 986
66 986
85 987
77 988
96 978
32 989
67 991
22 991
62 992
54 993
49 994
88 994
56 995
83 995
84 987
5 978
90 997
15 990
86 990
77 990
55 998
24 998
46 999
91 992
61 1000
92 993
37 993
74 996
18 1001
33 969
30 1002
94 1002
8 1003
52 1004
73 1005
86 1006
6 992
96 992
34 992
14 1007
85 1007
68 1009
69 1009
71 1009
78 1010
31 1011
53 1011
44 1015
6 1016
91 1016
62 1016
75 1017
4 1019
28 1020
57 1021
22 1012
47 1022
25 972
3 1013
96 1023
35 1014
60 1024
55 1024
100 1025
87 1025
11 1026
39 1027
68 1027
72 1007
54 1028
58 1028
19 1031
65 1021
93 1021
27 1032
16 1030
92 1029
50 1034
91 1035
6 1035
85 1036
49 1037
76 1038
31 1038
93 1039
65 1039
15 1040
34 1023
31 1042
30 1043
56 1019
96 1035
9 1015
93 1015
44 1021
14 1046
96 1047
6 1047
67 1012
80 991
33 1045
4 1049
6 1050
7 1018
42 970
22 1053
36 1008
80 1053
91 1047
96 1050
25 1036
16 1051
99 1041
85 1046
15 1052
50 1040
39 1034
69 1033
28 1044
10 1020
54 1029
75 1043
