77 0.8 0.048 0.752
63 0.8 0.048 0.752
66 0.8 0.048 0.752
77 0.752 0.096 0.656
77 0.656 0.16 0.496
63 0.752 0.16 0.592
63 0.592 0.016 0.576
77 0.496 0.016 0.48
63 0.576 0.048 0.528
66 0.752 0.048 0.704
77 0.48 0.048 0.432
63 0.528 0.048 0.48
63 0.48 0.16 0.32
66 0.704 0.16 0.544
66 0.544 0.016 0.528
77 0.432 0.016 0.416
66 0.528 0.048 0.48
23 0.8 0.048 0.752
63 0.32 0.048 0.272
77 0.416 0.048 0.368
66 0.48 0.048 0.432
66 0.432 0.16 0.272
66 0.272 0.16 0.112
23 0.752 0.16 0.592
23 0.592 0.016 0.576
66 0.112 0.016 0.096
23 0.576 0.048 0.528
1 0.8 0.048 0.752
44 0.8 0.048 0.752
48 0.8 0.048 0.752
60 0.8 0.048 0.752
66 0.096 0.048 0.048
23 0.528 0.192 0.336
23 0.336 0.16 0.176
63 0.272 0.16 0.112
77 0.368 0.16 0.208
1 0.752 0.16 0.592
1 0.592 0.016 0.576
23 0.176 0.016 0.16
1 0.576 0.048 0.528
23 0.16 0.048 0.112
44 0.752 0.048 0.704
48 0.752 0.048 0.704
60 0.752 0.048 0.704
1 0.528 0.144 0.384
1 0.384 0.16 0.224
44 0.704 0.16 0.544
44 0.544 0.016 0.528
23 0.112 0.016 0.096
44 0.528 0.048 0.48
1 0.224 0.048 0.176
23 0.096 0.048 0.048
48 0.704 0.048 0.656
60 0.704 0.048 0.656
44 0.48 0.096 0.384
44 0.384 0.16 0.224
48 0.656 0.16 0.496
60 0.656 0.16 0.496
66 0.048 0.16 -0.112
44 0.224 0.16 0.064
1 0.176 0.16 0.016
23 0.048 0.16 -0.112
48 0.496 0.16 0.336
60 0.496 0.16 0.336
70 0.8 0.048 0.752
18 0.8 0.048 0.752
28 0.8 0.048 0.752
39 0.8 0.048 0.752
69 0.8 0.048 0.752
72 0.8 0.048 0.752
70 0.752 0.24 0.512
70 0.512 0.16 0.352
18 0.752 0.16 0.592
18 0.592 0.016 0.576
70 0.352 0.016 0.336
18 0.576 0.048 0.528
2 0.8 0.048 0.752
5 0.8 0.048 0.752
39 0.752 0.048 0.704
70 0.336 0.048 0.288
18 0.528 0.144 0.384
18 0.384 0.16 0.224
28 0.752 0.16 0.592
28 0.592 0.016 0.576
70 0.288 0.016 0.272
28 0.576 0.048 0.528
69 0.752 0.048 0.704
70 0.272 0.048 0.224
72 0.752 0.048 0.704
28 0.528 0.096 0.432
28 0.432 0.16 0.272
39 0.704 0.16 0.544
39 0.544 0.016 0.528
70 0.224 0.016 0.208
39 0.528 0.048 0.48
2 0.752 0.048 0.704
5 0.752 0.048 0.704
18 0.224 0.048 0.176
70 0.208 0.048 0.16
39 0.48 0.096 0.384
39 0.384 0.16 0.224
69 0.704 0.16 0.544
69 0.544 0.016 0.528
70 0.16 0.016 0.144
69 0.528 0.048 0.48
4 0.8 0.048 0.752
13 0.8 0.048 0.752
28 0.272 0.048 0.224
70 0.144 0.048 0.096
72 0.704 0.048 0.656
79 0.8 0.048 0.752
69 0.48 0.192 0.288
69 0.288 0.16 0.128
72 0.656 0.16 0.496
39 0.224 0.16 0.064
69 0.128 0.16 -0.032
2 0.704 0.16 0.544
2 0.544 0.016 0.528
39 0.064 0.016 0.048
2 0.528 0.048 0.48
5 0.704 0.048 0.656
18 0.176 0.048 0.128
39 0.048 0.048 -1.11022e-16
2 0.48 0.048 0.432
2 0.432 0.16 0.272
5 0.656 0.16 0.496
18 0.128 0.16 -0.032
4 0.752 0.16 0.592
4 0.592 0.016 0.576
69 0 0.016 -0.016
4 0.576 0.048 0.528
13 0.752 0.048 0.704
25 0.8 0.048 0.752
69 0 0.048 -0.048
72 0.496 0.048 0.448
79 0.752 0.048 0.704
4 0.528 0.144 0.384
4 0.384 0.16 0.224
13 0.704 0.16 0.544
13 0.544 0.016 0.528
69 0 0.016 -0.016
13 0.528 0.048 0.48
4 0.224 0.048 0.176
25 0.752 0.048 0.704
69 0 0.048 -0.048
72 0.448 0.048 0.4
79 0.704 0.048 0.656
13 0.48 0.096 0.384
13 0.384 0.16 0.224
28 0.224 0.16 0.064
70 0.096 0.16 -0.064
72 0.4 0.16 0.24
79 0.656 0.16 0.496
5 0.496 0.16 0.336
18 0 0.16 -0.16
39 0 0.16 -0.16
13 0.224 0.16 0.064
4 0.176 0.16 0.016
25 0.704 0.16 0.544
25 0.544 0.016 0.528
13 0.064 0.016 0.048
25 0.528 0.048 0.48
4 0.016 0.048 -0.032
13 0.048 0.048 -1.11022e-16
79 0.496 0.048 0.448
69 0 0.16 -0.16
72 0.24 0.16 0.08
79 0.448 0.16 0.288
42 0.8 0.048 0.752
16 0.8 0.048 0.752
33 0.8 0.048 0.752
62 0.8 0.048 0.752
68 0.8 0.048 0.752
74 0.8 0.048 0.752
42 0.752 0.24 0.512
42 0.512 0.16 0.352
16 0.752 0.16 0.592
16 0.592 0.016 0.576
42 0.352 0.016 0.336
16 0.576 0.048 0.528
33 0.752 0.048 0.704
42 0.336 0.048 0.288
62 0.752 0.048 0.704
74 0.752 0.048 0.704
16 0.528 0.144 0.384
16 0.384 0.16 0.224
33 0.704 0.16 0.544
33 0.544 0.016 0.528
42 0.288 0.016 0.272
33 0.528 0.048 0.48
16 0.224 0.048 0.176
42 0.272 0.048 0.224
62 0.704 0.048 0.656
74 0.704 0.048 0.656
33 0.48 0.096 0.384
33 0.384 0.16 0.224
62 0.656 0.16 0.496
68 0.752 0.16 0.592
68 0.592 0.016 0.576
42 0.224 0.016 0.208
68 0.576 0.048 0.528
3 0.8 0.048 0.752
14 0.8 0.048 0.752
19 0.8 0.048 0.752
42 0.208 0.048 0.16
43 0.8 0.048 0.752
68 0.528 0.192 0.336
68 0.336 0.16 0.176
74 0.656 0.16 0.496
33 0.224 0.16 0.064
16 0.176 0.16 0.016
62 0.496 0.16 0.336
74 0.496 0.16 0.336
3 0.752 0.16 0.592
3 0.592 0.016 0.576
68 0.176 0.016 0.16
3 0.576 0.048 0.528
14 0.752 0.048 0.704
19 0.752 0.048 0.704
43 0.752 0.048 0.704
68 0.16 0.048 0.112
3 0.528 0.144 0.384
3 0.384 0.16 0.224
14 0.704 0.16 0.544
14 0.544 0.016 0.528
68 0.112 0.016 0.096
14 0.528 0.048 0.48
3 0.224 0.048 0.176
19 0.704 0.048 0.656
43 0.704 0.048 0.656
68 0.096 0.048 0.048
14 0.48 0.096 0.384
14 0.384 0.16 0.224
19 0.656 0.16 0.496
42 0.16 0.16 -2.77556e-17
43 0.656 0.16 0.496
14 0.224 0.16 0.064
3 0.176 0.16 0.016
19 0.496 0.16 0.336
43 0.496 0.16 0.336
68 0.048 0.16 -0.112
17 0.8 0.048 0.752
7 0.8 0.048 0.752
17 0.752 0.048 0.704
17 0.704 0.16 0.544
7 0.752 0.16 0.592
7 0.592 0.016 0.576
17 0.544 0.016 0.528
7 0.576 0.048 0.528
17 0.528 0.048 0.48
48 0.629623 0.048 0.581623
1 0.309551 0.048 0.261551
23 0.295195 0.048 0.247195
44 0.353232 0.048 0.305232
60 0.563117 0.048 0.515117
48 0.581623 0.048 0.533623
48 0.533623 0.16 0.373623
1 0.261551 0.16 0.101551
23 0.247195 0.16 0.0871946
44 0.305232 0.16 0.145232
60 0.515117 0.16 0.355117
36 0.8 0.048 0.752
27 0.8 0.048 0.752
53 0.8 0.048 0.752
71 0.8 0.048 0.752
36 0.752 0.144 0.608
36 0.608 0.16 0.448
27 0.752 0.16 0.592
27 0.592 0.016 0.576
36 0.448 0.016 0.432
27 0.576 0.048 0.528
36 0.432 0.048 0.384
71 0.752 0.048 0.704
27 0.528 0.048 0.48
27 0.48 0.16 0.32
53 0.752 0.16 0.592
53 0.592 0.016 0.576
36 0.384 0.016 0.368
53 0.576 0.048 0.528
36 0.368 0.048 0.32
52 0.8 0.048 0.752
55 0.8 0.048 0.752
57 0.8 0.048 0.752
53 0.528 0.144 0.384
53 0.384 0.16 0.224
71 0.704 0.16 0.544
71 0.544 0.016 0.528
36 0.32 0.016 0.304
71 0.528 0.048 0.48
12 0.8 0.048 0.752
27 0.32 0.048 0.272
36 0.304 0.048 0.256
54 0.8 0.048 0.752
71 0.48 0.096 0.384
71 0.384 0.16 0.224
71 0.224 0.16 0.064
52 0.752 0.16 0.592
52 0.592 0.016 0.576
53 0.224 0.016 0.208
52 0.576 0.048 0.528
53 0.208 0.048 0.16
55 0.752 0.048 0.704
57 0.752 0.048 0.704
61 0.8 0.048 0.752
52 0.528 0.144 0.384
52 0.384 0.16 0.224
55 0.704 0.16 0.544
55 0.544 0.016 0.528
53 0.16 0.016 0.144
55 0.528 0.048 0.48
32 0.8 0.048 0.752
52 0.224 0.048 0.176
53 0.144 0.048 0.096
57 0.704 0.048 0.656
61 0.752 0.048 0.704
55 0.48 0.144 0.336
55 0.336 0.16 0.176
57 0.656 0.16 0.496
12 0.752 0.16 0.592
12 0.592 0.016 0.576
71 0.064 0.016 0.048
12 0.576 0.048 0.528
54 0.752 0.048 0.704
71 0.048 0.048 -1.11022e-16
12 0.528 0.048 0.48
12 0.48 0.16 0.32
27 0.272 0.16 0.112
36 0.256 0.16 0.096
54 0.704 0.16 0.544
54 0.544 0.016 0.528
71 0 0.016 -0.016
54 0.528 0.048 0.48
12 0.32 0.048 0.272
71 0 0.048 -0.048
55 0.176 0.16 0.016
32 0.752 0.16 0.592
32 0.592 0.016 0.576
55 0.016 0.016 -9.71445e-17
32 0.576 0.048 0.528
55 0 0.048 -0.048
57 0.496 0.048 0.448
61 0.704 0.048 0.656
32 0.528 0.048 0.48
32 0.48 0.16 0.32
52 0.176 0.16 0.016
53 0.096 0.16 -0.064
57 0.448 0.16 0.288
61 0.656 0.16 0.496
54 0.48 0.16 0.32
71 0 0.16 -0.16
55 0 0.16 -0.16
57 0.288 0.16 0.128
61 0.496 0.16 0.336
19 0.558909 0.048 0.510909
3 0.233465 0.048 0.185465
14 0.212849 0.048 0.164849
43 0.561006 0.048 0.513006
68 0.151722 0.048 0.103722
19 0.510909 0.096 0.414909
19 0.414909 0.16 0.254909
19 0.254909 0.016 0.238909
3 0.185465 0.16 0.0254647
14 0.164849 0.16 0.00484898
43 0.513006 0.16 0.353006
68 0.103722 0.16 -0.0562783
76 0.8 0.048 0.752
15 0.8 0.048 0.752
40 0.8 0.048 0.752
76 0.752 0.096 0.656
76 0.656 0.16 0.496
15 0.752 0.16 0.592
15 0.592 0.016 0.576
76 0.496 0.016 0.48
15 0.576 0.048 0.528
34 0.8 0.048 0.752
40 0.752 0.048 0.704
76 0.48 0.048 0.432
15 0.528 0.096 0.432
15 0.432 0.16 0.272
40 0.704 0.16 0.544
40 0.544 0.016 0.528
76 0.432 0.016 0.416
40 0.528 0.048 0.48
15 0.272 0.048 0.224
34 0.752 0.048 0.704
76 0.416 0.048 0.368
40 0.48 0.048 0.432
40 0.432 0.16 0.272
40 0.272 0.16 0.112
15 0.224 0.16 0.064
34 0.704 0.16 0.544
34 0.544 0.016 0.528
40 0.112 0.016 0.096
34 0.528 0.048 0.48
15 0.064 0.048 0.016
40 0.096 0.048 0.048
59 0.8 0.048 0.752
34 0.48 0.048 0.432
34 0.432 0.16 0.272
76 0.368 0.16 0.208
15 0.016 0.16 -0.144
40 0.048 0.16 -0.112
59 0.752 0.16 0.592
59 0.592 0.016 0.576
34 0.272 0.016 0.256
59 0.576 0.048 0.528
34 0.256 0.048 0.208
64 0.8 0.048 0.752
59 0.528 0.048 0.48
59 0.48 0.16 0.32
34 0.208 0.16 0.048
64 0.752 0.16 0.592
64 0.592 0.016 0.576
59 0.32 0.016 0.304
64 0.576 0.048 0.528
10 0.8 0.048 0.752
59 0.304 0.048 0.256
64 0.528 0.048 0.48
64 0.48 0.16 0.32
10 0.752 0.16 0.592
10 0.592 0.016 0.576
64 0.32 0.016 0.304
10 0.576 0.048 0.528
8 0.8 0.048 0.752
64 0.304 0.048 0.256
10 0.528 0.048 0.48
10 0.48 0.16 0.32
59 0.256 0.16 0.096
8 0.752 0.16 0.592
8 0.592 0.016 0.576
10 0.32 0.016 0.304
8 0.576 0.048 0.528
10 0.304 0.048 0.256
14 0.0770629 0.048 0.0290629
64 0.256 0.16 0.096
65 0.8 0.048 0.752
21 0.8 0.048 0.752
24 0.8 0.048 0.752
75 0.8 0.048 0.752
65 0.752 0.144 0.608
65 0.608 0.16 0.448
21 0.752 0.16 0.592
21 0.592 0.016 0.576
65 0.448 0.016 0.432
21 0.576 0.048 0.528
24 0.752 0.048 0.704
65 0.432 0.048 0.384
75 0.752 0.048 0.704
21 0.528 0.096 0.432
21 0.432 0.16 0.272
24 0.704 0.16 0.544
24 0.544 0.016 0.528
65 0.384 0.016 0.368
24 0.528 0.048 0.48
21 0.272 0.048 0.224
65 0.368 0.048 0.32
75 0.704 0.048 0.656
24 0.48 0.048 0.432
24 0.432 0.16 0.272
75 0.656 0.16 0.496
24 0.272 0.16 0.112
21 0.224 0.16 0.064
65 0.32 0.16 0.16
75 0.496 0.16 0.336
22 0.8 0.048 0.752
31 0.8 0.048 0.752
22 0.752 0.048 0.704
22 0.704 0.16 0.544
31 0.752 0.16 0.592
31 0.592 0.016 0.576
22 0.544 0.016 0.528
31 0.576 0.048 0.528
22 0.528 0.048 0.48
25 0.8 0.048 0.752
4 0.378814 0.048 0.330814
13 0.385655 0.048 0.337655
79 0.667201 0.048 0.619201
25 0.752 0.048 0.704
25 0.704 0.16 0.544
4 0.330814 0.16 0.170814
13 0.337655 0.16 0.177655
79 0.619201 0.16 0.459201
7 0.8 0.048 0.752
17 0.8 0.048 0.752
54 0.693437 0.048 0.645437
12 0.646121 0.048 0.598121
71 0.375262 0.048 0.327262
57 0.507804 0.048 0.459804
32 0.760915 0.048 0.712915
52 0.381696 0.048 0.333696
53 0.371827 0.048 0.323827
55 0.379334 0.048 0.331334
61 0.70168 0.048 0.65368
57 0.459804 0.048 0.411804
57 0.411804 0.16 0.251804
32 0.712915 0.16 0.552915
52 0.333696 0.16 0.173696
53 0.323827 0.16 0.163827
55 0.331334 0.16 0.171334
61 0.65368 0.16 0.49368
30 0.8 0.048 0.752
45 0.8 0.048 0.752
67 0.8 0.048 0.752
80 0.8 0.048 0.752
30 0.752 0.144 0.608
30 0.608 0.16 0.448
45 0.752 0.16 0.592
45 0.592 0.016 0.576
30 0.448 0.016 0.432
45 0.576 0.048 0.528
30 0.432 0.048 0.384
80 0.752 0.048 0.704
45 0.528 0.048 0.48
45 0.48 0.16 0.32
67 0.752 0.16 0.592
67 0.592 0.016 0.576
30 0.384 0.016 0.368
67 0.576 0.048 0.528
9 0.8 0.048 0.752
30 0.368 0.048 0.32
80 0.704 0.048 0.656
67 0.528 0.096 0.432
67 0.432 0.16 0.272
80 0.656 0.16 0.496
9 0.752 0.16 0.592
9 0.592 0.016 0.576
67 0.272 0.016 0.256
9 0.576 0.048 0.528
11 0.8 0.048 0.752
50 0.8 0.048 0.752
51 0.8 0.048 0.752
67 0.256 0.048 0.208
80 0.496 0.048 0.448
9 0.528 0.192 0.336
9 0.336 0.16 0.176
30 0.32 0.16 0.16
80 0.448 0.16 0.288
9 0.176 0.016 0.16
11 0.752 0.16 0.592
11 0.592 0.016 0.576
9 0.16 0.016 0.144
11 0.576 0.048 0.528
9 0.144 0.048 0.096
35 0.8 0.048 0.752
50 0.752 0.048 0.704
51 0.752 0.048 0.704
11 0.528 0.192 0.336
11 0.336 0.16 0.176
50 0.704 0.16 0.544
50 0.544 0.016 0.528
9 0.096 0.016 0.08
50 0.528 0.048 0.48
9 0.08 0.048 0.032
11 0.176 0.048 0.128
51 0.704 0.048 0.656
50 0.48 0.096 0.384
50 0.384 0.16 0.224
51 0.656 0.16 0.496
67 0.208 0.16 0.048
80 0.288 0.16 0.128
35 0.752 0.16 0.592
35 0.592 0.016 0.576
11 0.128 0.016 0.112
35 0.576 0.048 0.528
11 0.112 0.048 0.064
51 0.496 0.048 0.448
62 0.8 0.048 0.752
35 0.528 0.096 0.432
35 0.432 0.16 0.272
50 0.224 0.16 0.064
9 0.032 0.16 -0.128
11 0.064 0.16 -0.096
51 0.448 0.16 0.288
11 0 0.16 -0.16
51 0.288 0.16 0.128
62 0.752 0.16 0.592
62 0.592 0.016 0.576
35 0.272 0.016 0.256
62 0.576 0.048 0.528
16 0.527896 0.048 0.479896
33 0.577655 0.048 0.529655
35 0.256 0.048 0.208
51 0.128 0.048 0.08
74 0.8 0.048 0.752
62 0.528 0.048 0.48
62 0.48 0.16 0.32
16 0.479896 0.16 0.319896
33 0.529655 0.16 0.369655
35 0.208 0.16 0.048
51 0.08 0.16 -0.08
74 0.752 0.16 0.592
74 0.592 0.016 0.576
62 0.32 0.016 0.304
74 0.576 0.048 0.528
16 0.319896 0.048 0.271896
33 0.369655 0.048 0.321655
42 0.599587 0.048 0.551587
62 0.304 0.048 0.256
74 0.528 0.048 0.48
74 0.48 0.16 0.32
16 0.271896 0.16 0.111896
33 0.321655 0.16 0.161655
42 0.551587 0.16 0.391587
62 0.256 0.16 0.096
8 0.8 0.048 0.752
10 0.630764 0.048 0.582764
31 0.8 0.048 0.752
22 0.8 0.048 0.752
23 0.607364 0.048 0.559364
1 0.638627 0.048 0.590627
44 0.735908 0.048 0.687908
48 0.8 0.048 0.752
60 0.8 0.048 0.752
23 0.559364 0.048 0.511364
23 0.511364 0.16 0.351364
1 0.590627 0.16 0.430627
44 0.687908 0.16 0.527908
48 0.752 0.16 0.592
60 0.752 0.16 0.592
60 0.592 0.016 0.576
23 0.351364 0.016 0.335364
60 0.576 0.048 0.528
1 0.430627 0.048 0.382627
23 0.335364 0.048 0.287364
44 0.527908 0.048 0.479908
48 0.592 0.048 0.544
66 0.8 0.048 0.752
60 0.528 0.048 0.48
60 0.48 0.16 0.32
1 0.382627 0.16 0.222627
23 0.287364 0.16 0.127364
44 0.479908 0.16 0.319908
48 0.544 0.16 0.384
66 0.752 0.16 0.592
66 0.592 0.016 0.576
60 0.32 0.016 0.304
66 0.576 0.048 0.528
60 0.304 0.048 0.256
77 0.8 0.048 0.752
66 0.528 0.048 0.48
66 0.48 0.16 0.32
60 0.256 0.16 0.096
77 0.752 0.16 0.592
77 0.592 0.016 0.576
66 0.32 0.016 0.304
77 0.576 0.048 0.528
63 0.8 0.048 0.752
66 0.304 0.048 0.256
26 0.8 0.048 0.752
37 0.8 0.048 0.752
38 0.8 0.048 0.752
41 0.8 0.048 0.752
56 0.8 0.048 0.752
58 0.8 0.048 0.752
26 0.752 0.24 0.512
26 0.512 0.16 0.352
37 0.752 0.16 0.592
37 0.592 0.016 0.576
26 0.352 0.016 0.336
37 0.576 0.048 0.528
20 0.8 0.048 0.752
26 0.336 0.048 0.288
38 0.752 0.048 0.704
58 0.752 0.048 0.704
37 0.528 0.144 0.384
37 0.384 0.16 0.224
38 0.704 0.16 0.544
38 0.544 0.016 0.528
26 0.288 0.016 0.272
38 0.528 0.048 0.48
20 0.752 0.048 0.704
26 0.272 0.048 0.224
37 0.224 0.048 0.176
58 0.704 0.048 0.656
73 0.8 0.048 0.752
38 0.48 0.144 0.336
38 0.336 0.16 0.176
41 0.752 0.16 0.592
41 0.592 0.016 0.576
26 0.224 0.016 0.208
41 0.576 0.048 0.528
6 0.8 0.048 0.752
26 0.208 0.048 0.16
56 0.752 0.048 0.704
41 0.528 0.096 0.432
41 0.432 0.16 0.272
56 0.704 0.16 0.544
56 0.544 0.016 0.528
26 0.16 0.016 0.144
56 0.528 0.048 0.48
6 0.752 0.048 0.704
26 0.144 0.048 0.096
41 0.272 0.048 0.224
56 0.48 0.048 0.432
56 0.432 0.16 0.272
58 0.656 0.16 0.496
38 0.176 0.16 0.016
20 0.704 0.16 0.544
20 0.544 0.016 0.528
38 0.016 0.016 -9.71445e-17
20 0.528 0.048 0.48
37 0.176 0.048 0.128
38 0 0.048 -0.048
58 0.496 0.048 0.448
73 0.752 0.048 0.704
20 0.48 0.048 0.432
20 0.432 0.16 0.272
37 0.128 0.16 -0.032
58 0.448 0.16 0.288
73 0.704 0.16 0.544
73 0.544 0.016 0.528
38 0 0.016 -0.016
73 0.528 0.048 0.48
20 0.272 0.048 0.224
38 0 0.048 -0.048
58 0.288 0.048 0.24
56 0.272 0.16 0.112
6 0.704 0.16 0.544
6 0.544 0.016 0.528
56 0.112 0.016 0.096
6 0.528 0.048 0.48
41 0.224 0.048 0.176
56 0.096 0.048 0.048
26 0.096 0.16 -0.064
41 0.176 0.16 0.016
37 0 0.16 -0.16
38 0 0.16 -0.16
58 0.24 0.16 0.08
73 0.48 0.16 0.32
53 0.391633 0.048 0.343633
52 0.39508 0.048 0.34708
55 0.39401 0.048 0.34601
57 0.477991 0.048 0.429991
29 0.8 0.048 0.752
78 0.8 0.048 0.752
29 0.752 0.048 0.704
29 0.704 0.16 0.544
78 0.752 0.16 0.592
78 0.592 0.016 0.576
29 0.544 0.016 0.528
78 0.576 0.048 0.528
29 0.528 0.048 0.48
49 0.8 0.048 0.752
78 0.528 0.048 0.48
78 0.48 0.16 0.32
29 0.48 0.16 0.32
49 0.752 0.16 0.592
49 0.592 0.016 0.576
78 0.32 0.016 0.304
49 0.576 0.048 0.528
78 0.304 0.048 0.256
40 0.530551 0.048 0.482551
15 0.522034 0.048 0.474034
76 0.741123 0.048 0.693123
40 0.482551 0.048 0.434551
40 0.434551 0.16 0.274551
15 0.474034 0.16 0.314034
76 0.693123 0.16 0.533123
76 0.533123 0.016 0.517123
40 0.274551 0.016 0.258551
76 0.517123 0.048 0.469123
15 0.314034 0.048 0.266034
40 0.258551 0.048 0.210551
64 0.696746 0.048 0.648746
10 0.737394 0.048 0.689394
59 0.685886 0.048 0.637886
64 0.648746 0.096 0.552746
64 0.552746 0.16 0.392746
10 0.689394 0.16 0.529394
10 0.529394 0.016 0.513394
64 0.392746 0.016 0.376746
10 0.513394 0.048 0.465394
8 0.8 0.048 0.752
64 0.376746 0.048 0.328746
59 0.637886 0.16 0.477886
7 0.8 0.048 0.752
17 0.8 0.048 0.752
61 0.798764 0.048 0.750764
32 0.772179 0.048 0.724179
55 0.34601 0.048 0.29801
57 0.429991 0.048 0.381991
79 0.8 0.048 0.752
4 0.698198 0.048 0.650198
13 0.703022 0.048 0.655022
25 0.8 0.048 0.752
28 0.8 0.048 0.752
69 0.8 0.048 0.752
70 0.8 0.048 0.752
72 0.8 0.048 0.752
79 0.752 0.192 0.56
79 0.56 0.16 0.4
4 0.650198 0.16 0.490198
13 0.655022 0.16 0.495022
25 0.752 0.16 0.592
28 0.752 0.16 0.592
69 0.752 0.16 0.592
69 0.592 0.016 0.576
79 0.4 0.016 0.384
69 0.576 0.048 0.528
4 0.490198 0.048 0.442198
13 0.495022 0.048 0.447022
28 0.592 0.048 0.544
70 0.752 0.048 0.704
72 0.752 0.048 0.704
79 0.384 0.048 0.336
69 0.528 0.096 0.432
69 0.432 0.16 0.272
70 0.704 0.16 0.544
70 0.544 0.016 0.528
79 0.336 0.016 0.32
70 0.528 0.048 0.48
18 0.8 0.048 0.752
28 0.544 0.048 0.496
39 0.8 0.048 0.752
69 0.272 0.048 0.224
72 0.704 0.048 0.656
79 0.32 0.048 0.272
70 0.48 0.096 0.384
70 0.384 0.16 0.224
72 0.656 0.16 0.496
4 0.442198 0.16 0.282198
13 0.447022 0.16 0.287022
70 0.224 0.16 0.064
18 0.752 0.16 0.592
28 0.496 0.16 0.336
39 0.752 0.16 0.592
39 0.592 0.016 0.576
70 0.064 0.016 0.048
39 0.576 0.048 0.528
2 0.8 0.048 0.752
5 0.8 0.048 0.752
18 0.592 0.048 0.544
70 0.048 0.048 -1.11022e-16
39 0.528 0.048 0.48
39 0.48 0.16 0.32
69 0.224 0.16 0.064
72 0.496 0.16 0.336
79 0.272 0.16 0.112
2 0.752 0.16 0.592
5 0.752 0.16 0.592
5 0.592 0.016 0.576
39 0.32 0.016 0.304
5 0.576 0.048 0.528
2 0.592 0.048 0.544
18 0.544 0.048 0.496
39 0.304 0.048 0.256
18 0.496 0.16 0.336
70 0 0.16 -0.16
54 0.8 0.048 0.752
12 0.8 0.048 0.752
27 0.8 0.048 0.752
71 0.693285 0.048 0.645285
8 0.8 0.048 0.752
10 0.680768 0.048 0.632768
14 0.781975 0.048 0.733975
80 0.594671 0.048 0.546671
30 0.612086 0.048 0.564086
45 0.764128 0.048 0.716128
67 0.496942 0.048 0.448942
80 0.546671 0.048 0.498671
80 0.498671 0.16 0.338671
30 0.564086 0.16 0.404086
45 0.716128 0.16 0.556128
67 0.448942 0.16 0.288942
34 0.8 0.048 0.752
59 0.706741 0.048 0.658741
34 0.752 0.048 0.704
34 0.704 0.16 0.544
59 0.658741 0.16 0.498741
59 0.498741 0.016 0.482741
34 0.544 0.016 0.528
59 0.482741 0.048 0.434741
34 0.528 0.048 0.48
64 0.564567 0.048 0.516567
59 0.434741 0.048 0.386741
59 0.386741 0.16 0.226741
34 0.48 0.16 0.32
64 0.516567 0.16 0.356567
35 0.573716 0.048 0.525716
11 0.511733 0.048 0.463733
50 0.508624 0.048 0.460624
51 0.528571 0.048 0.480571
62 0.616391 0.048 0.568391
35 0.525716 0.048 0.477716
35 0.477716 0.16 0.317716
11 0.463733 0.16 0.303733
50 0.460624 0.16 0.300624
51 0.480571 0.16 0.320571
62 0.568391 0.16 0.408391
31 0.8 0.048 0.752
22 0.8 0.048 0.752
77 0.8 0.048 0.752
63 0.8 0.048 0.752
66 0.630968 0.048 0.582968
73 0.69206 0.048 0.64406
20 0.6104 0.048 0.5624
38 0.373994 0.048 0.325994
6 0.8 0.048 0.752
41 0.396413 0.048 0.348413
56 0.424945 0.048 0.376945
53 0.726135 0.048 0.678135
32 0.8 0.048 0.752
52 0.723269 0.048 0.675269
55 0.665158 0.048 0.617158
57 0.763672 0.048 0.715672
53 0.678135 0.048 0.630135
53 0.630135 0.16 0.470135
32 0.752 0.16 0.592
52 0.675269 0.16 0.515269
55 0.617158 0.16 0.457158
57 0.715672 0.16 0.555672
49 0.8 0.048 0.752
78 0.62791 0.048 0.57991
11 0.383426 0.048 0.335426
9 0.59871 0.048 0.55071
35 0.39719 0.048 0.34919
50 0.375771 0.048 0.327771
51 0.320571 0.048 0.272571
11 0.335426 0.048 0.287426
11 0.287426 0.16 0.127426
9 0.55071 0.16 0.39071
35 0.34919 0.16 0.18919
50 0.327771 0.16 0.167771
51 0.272571 0.16 0.112571
76 0.8 0.048 0.752
15 0.649975 0.048 0.601975
40 0.590816 0.048 0.542816
10 0.779357 0.048 0.731357
8 0.8 0.048 0.752
64 0.505914 0.048 0.457914
7 0.8 0.048 0.752
17 0.8 0.048 0.752
7 0.752 0.048 0.704
7 0.704 0.16 0.544
7 0.544 0.016 0.528
17 0.752 0.16 0.592
61 0.8 0.048 0.752
32 0.592 0.048 0.544
52 0.515269 0.048 0.467269
55 0.457158 0.048 0.409158
57 0.555672 0.048 0.507672
55 0.482824 0.048 0.434824
32 0.616083 0.048 0.568083
52 0.543874 0.048 0.495874
53 0.544472 0.048 0.496472
57 0.583387 0.048 0.535387
61 0.752 0.048 0.704
68 0.8 0.048 0.752
19 0.8 0.048 0.752
42 0.8 0.048 0.752
43 0.8 0.048 0.752
74 0.8 0.048 0.752
68 0.752 0.144 0.608
68 0.608 0.16 0.448
19 0.752 0.16 0.592
19 0.592 0.016 0.576
68 0.448 0.016 0.432
19 0.576 0.048 0.528
3 0.8 0.048 0.752
14 0.8 0.048 0.752
43 0.752 0.048 0.704
68 0.432 0.048 0.384
19 0.528 0.048 0.48
19 0.48 0.16 0.32
42 0.752 0.16 0.592
42 0.592 0.016 0.576
68 0.384 0.016 0.368
42 0.576 0.048 0.528
16 0.789467 0.048 0.741467
33 0.8 0.048 0.752
68 0.368 0.048 0.32
74 0.752 0.048 0.704
43 0.704 0.16 0.544
43 0.544 0.016 0.528
68 0.32 0.016 0.304
43 0.528 0.048 0.48
3 0.752 0.048 0.704
14 0.752 0.048 0.704
19 0.32 0.048 0.272
68 0.304 0.048 0.256
74 0.704 0.16 0.544
3 0.704 0.16 0.544
14 0.704 0.16 0.544
43 0.48 0.16 0.32
68 0.256 0.16 0.096
5 0.8 0.048 0.752
2 0.8 0.048 0.752
18 0.71125 0.048 0.66325
39 0.643199 0.048 0.595199
54 0.8 0.048 0.752
12 0.8 0.048 0.752
71 0.8 0.048 0.752
8 0.8 0.048 0.752
10 0.8 0.048 0.752
14 0.695494 0.048 0.647494
38 0.63352 0.048 0.58552
20 0.8 0.048 0.752
26 0.685837 0.048 0.637837
37 0.672925 0.048 0.624925
58 0.764653 0.048 0.716653
73 0.8 0.048 0.752
38 0.58552 0.096 0.48952
38 0.48952 0.16 0.32952
20 0.752 0.16 0.592
26 0.637837 0.16 0.477837
37 0.624925 0.16 0.464925
58 0.716653 0.16 0.556653
58 0.556653 0.016 0.540653
38 0.32952 0.016 0.31352
58 0.540653 0.048 0.492653
20 0.592 0.048 0.544
26 0.477837 0.048 0.429837
37 0.464925 0.048 0.416925
38 0.31352 0.048 0.26552
73 0.752 0.16 0.592
31 0.8 0.048 0.752
22 0.8 0.048 0.752
67 0.734164 0.048 0.686164
9 0.691222 0.048 0.643222
30 0.8 0.048 0.752
80 0.78826 0.048 0.74026
67 0.686164 0.096 0.590164
67 0.590164 0.16 0.430164
9 0.643222 0.16 0.483222
30 0.752 0.16 0.592
30 0.592 0.016 0.576
67 0.430164 0.016 0.414164
30 0.576 0.048 0.528
45 0.8 0.048 0.752
67 0.414164 0.048 0.366164
80 0.74026 0.048 0.69226
80 0.69226 0.16 0.53226
77 0.8 0.048 0.752
63 0.8 0.048 0.752
66 0.8 0.048 0.752
73 0.670334 0.048 0.622334
20 0.620788 0.048 0.572788
37 0.489949 0.048 0.441949
38 0.339371 0.048 0.291371
58 0.563811 0.048 0.515811
6 0.8 0.048 0.752
26 0.500273 0.048 0.452273
41 0.727725 0.048 0.679725
56 0.753563 0.048 0.705563
51 0.492043 0.048 0.444043
9 0.557119 0.048 0.509119
11 0.428453 0.048 0.380453
35 0.570569 0.048 0.522569
50 0.542811 0.048 0.494811
62 0.780413 0.048 0.732413
51 0.444043 0.096 0.348043
51 0.348043 0.16 0.188043
9 0.509119 0.16 0.349119
11 0.380453 0.16 0.220453
35 0.522569 0.16 0.362569
50 0.494811 0.16 0.334811
62 0.732413 0.16 0.572413
62 0.572413 0.016 0.556413
51 0.188043 0.016 0.172043
62 0.556413 0.048 0.508413
16 0.8 0.048 0.752
33 0.8 0.048 0.752
35 0.362569 0.048 0.314569
51 0.172043 0.048 0.124043
74 0.764121 0.048 0.716121
49 0.8 0.048 0.752
78 0.8 0.048 0.752
56 0.78303 0.048 0.73503
6 0.752 0.048 0.704
26 0.452273 0.048 0.404273
41 0.679725 0.048 0.631725
76 0.8 0.048 0.752
15 0.8 0.048 0.752
40 0.8 0.048 0.752
10 0.8 0.048 0.752
8 0.8 0.048 0.752
64 0.8 0.048 0.752
61 0.8 0.048 0.752
32 0.8 0.048 0.752
55 0.739113 0.048 0.691113
57 0.8 0.048 0.752
55 0.763308 0.048 0.715308
32 0.8 0.048 0.752
52 0.8 0.048 0.752
53 0.8 0.048 0.752
57 0.8 0.048 0.752
61 0.752 0.048 0.704
42 0.8 0.048 0.752
16 0.8 0.048 0.752
33 0.8 0.048 0.752
62 0.578737 0.048 0.530737
68 0.478909 0.048 0.430909
74 0.8 0.048 0.752
43 0.691213 0.048 0.643213
3 0.8 0.048 0.752
14 0.8 0.048 0.752
19 0.635657 0.048 0.587657
68 0.430909 0.048 0.382909
5 0.8 0.048 0.752
2 0.8 0.048 0.752
18 0.8 0.048 0.752
39 0.8 0.048 0.752
54 0.8 0.048 0.752
12 0.8 0.048 0.752
71 0.8 0.048 0.752
70 0.8 0.048 0.752
18 0.8 0.048 0.752
28 0.8 0.048 0.752
39 0.8 0.048 0.752
69 0.8 0.048 0.752
72 0.8 0.048 0.752
70 0.752 0.096 0.656
70 0.656 0.16 0.496
18 0.752 0.16 0.592
28 0.752 0.16 0.592
39 0.752 0.16 0.592
39 0.592 0.016 0.576
70 0.496 0.016 0.48
39 0.576 0.048 0.528
2 0.8 0.048 0.752
5 0.8 0.048 0.752
18 0.592 0.048 0.544
28 0.592 0.048 0.544
70 0.48 0.048 0.432
69 0.752 0.16 0.592
72 0.752 0.16 0.592
72 0.592 0.016 0.576
70 0.432 0.016 0.416
72 0.576 0.048 0.528
4 0.8 0.048 0.752
13 0.8 0.048 0.752
28 0.544 0.048 0.496
69 0.592 0.048 0.544
70 0.416 0.048 0.368
79 0.8 0.048 0.752
72 0.528 0.096 0.432
72 0.432 0.16 0.272
4 0.752 0.16 0.592
13 0.752 0.16 0.592
13 0.592 0.016 0.576
72 0.272 0.016 0.256
13 0.576 0.048 0.528
4 0.592 0.048 0.544
25 0.8 0.048 0.752
28 0.496 0.048 0.448
69 0.544 0.048 0.496
72 0.256 0.048 0.208
79 0.752 0.048 0.704
13 0.528 0.048 0.48
13 0.48 0.16 0.32
28 0.448 0.16 0.288
69 0.496 0.16 0.336
70 0.368 0.16 0.208
79 0.704 0.16 0.544
79 0.544 0.016 0.528
72 0.208 0.016 0.192
79 0.528 0.048 0.48
4 0.544 0.048 0.496
13 0.32 0.048 0.272
25 0.752 0.048 0.704
28 0.288 0.048 0.24
69 0.336 0.048 0.288
72 0.192 0.048 0.144
4 0.496 0.16 0.336
25 0.704 0.16 0.544
28 0.24 0.16 0.08
69 0.288 0.16 0.128
72 0.144 0.16 -0.016
79 0.48 0.16 0.32
8 0.8 0.048 0.752
3 0.8 0.048 0.752
10 0.8 0.048 0.752
14 0.8 0.048 0.752
58 0.8 0.048 0.752
20 0.8 0.048 0.752
26 0.70313 0.048 0.65513
37 0.741489 0.048 0.693489
38 0.590774 0.048 0.542774
58 0.752 0.048 0.704
58 0.704 0.16 0.544
20 0.752 0.16 0.592
26 0.65513 0.16 0.49513
37 0.693489 0.16 0.533489
38 0.542774 0.16 0.382774
31 0.8 0.048 0.752
22 0.8 0.048 0.752
30 0.8 0.048 0.752
45 0.8 0.048 0.752
67 0.745076 0.048 0.697076
80 0.8 0.048 0.752
77 0.8 0.048 0.752
63 0.8 0.048 0.752
66 0.8 0.048 0.752
73 0.8 0.048 0.752
20 0.671035 0.048 0.623035
38 0.458466 0.048 0.410466
6 0.8 0.048 0.752
41 0.8 0.048 0.752
56 0.8 0.048 0.752
62 0.8 0.048 0.752
16 0.8 0.048 0.752
33 0.8 0.048 0.752
51 0.510485 0.048 0.462485
74 0.8 0.048 0.752
50 0.705059 0.048 0.657059
9 0.71693 0.048 0.66893
11 0.593962 0.048 0.545962
35 0.700098 0.048 0.652098
51 0.462485 0.048 0.414485
50 0.657059 0.048 0.609059
50 0.609059 0.16 0.449059
9 0.66893 0.16 0.50893
9 0.50893 0.016 0.49293
50 0.449059 0.016 0.433059
9 0.49293 0.048 0.44493
11 0.545962 0.048 0.497962
35 0.652098 0.048 0.604098
50 0.433059 0.048 0.385059
51 0.414485 0.048 0.366485
67 0.697076 0.048 0.649076
9 0.44493 0.048 0.39693
9 0.39693 0.16 0.23693
11 0.497962 0.16 0.337962
35 0.604098 0.16 0.444098
51 0.366485 0.16 0.206485
11 0.337962 0.16 0.177962
35 0.444098 0.16 0.284098
50 0.385059 0.16 0.225059
51 0.206485 0.16 0.0464849
67 0.649076 0.16 0.489076
49 0.8 0.048 0.752
78 0.8 0.048 0.752
56 0.8 0.048 0.752
6 0.752 0.048 0.704
26 0.567883 0.048 0.519883
41 0.752 0.048 0.704
56 0.752 0.048 0.704
56 0.704 0.16 0.544
6 0.704 0.16 0.544
26 0.519883 0.16 0.359883
41 0.704 0.16 0.544
76 0.8 0.048 0.752
15 0.8 0.048 0.752
40 0.8 0.048 0.752
10 0.8 0.048 0.752
8 0.8 0.048 0.752
64 0.8 0.048 0.752
61 0.8 0.048 0.752
32 0.8 0.048 0.752
55 0.8 0.048 0.752
57 0.8 0.048 0.752
61 0.752 0.048 0.704
61 0.704 0.16 0.544
61 0.544 0.016 0.528
32 0.752 0.16 0.592
55 0.752 0.16 0.592
57 0.752 0.16 0.592
55 0.663974 0.048 0.615974
32 0.663556 0.048 0.615556
52 0.8 0.048 0.752
53 0.8 0.048 0.752
57 0.66834 0.048 0.62034
61 0.528 0.048 0.48
55 0.615974 0.048 0.567974
55 0.567974 0.16 0.407974
55 0.407974 0.016 0.391974
32 0.615556 0.16 0.455556
52 0.752 0.16 0.592
53 0.752 0.16 0.592
57 0.62034 0.16 0.46034
61 0.48 0.16 0.32
42 0.8 0.048 0.752
16 0.8 0.048 0.752
19 0.8 0.048 0.752
33 0.8 0.048 0.752
68 0.749945 0.048 0.701945
74 0.8 0.048 0.752
43 0.8 0.048 0.752
3 0.8 0.048 0.752
14 0.8 0.048 0.752
19 0.752 0.048 0.704
68 0.701945 0.048 0.653945
5 0.8 0.048 0.752
2 0.8 0.048 0.752
18 0.8 0.048 0.752
39 0.8 0.048 0.752
54 0.8 0.048 0.752
12 0.8 0.048 0.752
71 0.8 0.048 0.752
39 0.8 0.048 0.752
2 0.8 0.048 0.752
5 0.8 0.048 0.752
18 0.8 0.048 0.752
70 0.574006 0.048 0.526006
79 0.683798 0.048 0.635798
4 0.711449 0.048 0.663449
13 0.643959 0.048 0.595959
25 0.8 0.048 0.752
28 0.458216 0.048 0.410216
69 0.505436 0.048 0.457436
72 0.37439 0.048 0.32639
8 0.8 0.048 0.752
3 0.8 0.048 0.752
10 0.8 0.048 0.752
14 0.8 0.048 0.752
31 0.8 0.048 0.752
22 0.8 0.048 0.752
30 0.8 0.048 0.752
45 0.8 0.048 0.752
80 0.8 0.048 0.752
77 0.8 0.048 0.752
63 0.8 0.048 0.752
66 0.8 0.048 0.752
73 0.8 0.048 0.752
20 0.8 0.048 0.752
38 0.791586 0.048 0.743586
58 0.8 0.048 0.752
6 0.8 0.048 0.752
41 0.8 0.048 0.752
56 0.8 0.048 0.752
36 0.8 0.048 0.752
27 0.8 0.048 0.752
71 0.8 0.048 0.752
36 0.752 0.048 0.704
36 0.704 0.16 0.544
27 0.752 0.16 0.592
71 0.752 0.16 0.592
71 0.592 0.016 0.576
36 0.544 0.016 0.528
71 0.576 0.048 0.528
12 0.8 0.048 0.752
27 0.592 0.048 0.544
36 0.528 0.048 0.48
54 0.8 0.048 0.752
71 0.528 0.048 0.48
71 0.48 0.16 0.32
71 0.32 0.016 0.304
12 0.752 0.16 0.592
27 0.544 0.16 0.384
36 0.48 0.16 0.32
54 0.752 0.16 0.592
62 0.8 0.048 0.752
16 0.8 0.048 0.752
33 0.8 0.048 0.752
51 0.425494 0.048 0.377494
74 0.8 0.048 0.752
49 0.8 0.048 0.752
78 0.8 0.048 0.752
76 0.8 0.048 0.752
15 0.8 0.048 0.752
40 0.8 0.048 0.752
10 0.8 0.048 0.752
8 0.8 0.048 0.752
64 0.8 0.048 0.752
42 0.8 0.048 0.752
16 0.8 0.048 0.752
19 0.8 0.048 0.752
33 0.8 0.048 0.752
68 0.8 0.048 0.752
74 0.8 0.048 0.752
43 0.8 0.048 0.752
3 0.8 0.048 0.752
14 0.8 0.048 0.752
19 0.752 0.048 0.704
68 0.752 0.048 0.704
72 0.629676 0.048 0.581676
13 0.8 0.048 0.752
28 0.716228 0.048 0.668228
69 0.760765 0.048 0.712765
70 0.8 0.048 0.752
79 0.8 0.048 0.752
72 0.581676 0.048 0.533676
72 0.533676 0.16 0.373676
13 0.752 0.16 0.592
28 0.668228 0.16 0.508228
69 0.712765 0.16 0.552765
70 0.752 0.16 0.592
70 0.592 0.016 0.576
72 0.373676 0.016 0.357676
70 0.576 0.048 0.528
18 0.8 0.048 0.752
28 0.508228 0.048 0.460228
39 0.8 0.048 0.752
69 0.552765 0.048 0.504765
72 0.357676 0.048 0.309676
79 0.752 0.16 0.592
71 0.383704 0.048 0.335704
12 0.74486 0.048 0.69686
27 0.538216 0.048 0.490216
36 0.47532 0.048 0.42732
54 0.669172 0.048 0.621172
5 0.8 0.048 0.752
2 0.8 0.048 0.752
18 0.8 0.048 0.752
39 0.752 0.048 0.704
60 0.8 0.048 0.752
1 0.8 0.048 0.752
23 0.8 0.048 0.752
44 0.8 0.048 0.752
48 0.8 0.048 0.752
66 0.8 0.048 0.752
60 0.752 0.096 0.656
60 0.656 0.16 0.496
1 0.752 0.16 0.592
23 0.752 0.16 0.592
23 0.592 0.016 0.576
60 0.496 0.016 0.48
23 0.576 0.048 0.528
1 0.592 0.048 0.544
44 0.752 0.048 0.704
48 0.752 0.048 0.704
60 0.48 0.048 0.432
44 0.704 0.16 0.544
48 0.704 0.16 0.544
66 0.752 0.16 0.592
66 0.592 0.016 0.576
60 0.432 0.016 0.416
66 0.576 0.048 0.528
60 0.416 0.048 0.368
63 0.8 0.048 0.752
77 0.8 0.048 0.752
54 0.693969 0.048 0.645969
12 0.69686 0.048 0.64886
71 0.412058 0.048 0.364058
46 0.8 0.048 0.752
47 0.8 0.048 0.752
46 0.752 0.096 0.656
46 0.656 0.16 0.496
46 0.496 0.016 0.48
47 0.752 0.16 0.592
47 0.592 0.016 0.576
46 0.48 0.016 0.464
47 0.576 0.048 0.528
46 0.464 0.048 0.416
47 0.528 0.048 0.48
47 0.48 0.16 0.32
46 0.416 0.16 0.256
39 0.779356 0.048 0.731356
2 0.8 0.048 0.752
5 0.8 0.048 0.752
18 0.8 0.048 0.752
28 0.534357 0.048 0.486357
70 0.599673 0.048 0.551673
79 0.664195 0.048 0.616195
4 0.8 0.048 0.752
13 0.671121 0.048 0.623121
25 0.8 0.048 0.752
28 0.486357 0.048 0.438357
69 0.582943 0.048 0.534943
72 0.383893 0.048 0.335893
8 0.8 0.048 0.752
3 0.8 0.048 0.752
10 0.8 0.048 0.752
14 0.8 0.048 0.752
75 0.8 0.048 0.752
21 0.8 0.048 0.752
24 0.8 0.048 0.752
65 0.8 0.048 0.752
75 0.752 0.048 0.704
75 0.704 0.16 0.544
21 0.752 0.16 0.592
24 0.752 0.16 0.592
65 0.752 0.16 0.592
65 0.592 0.016 0.576
75 0.544 0.016 0.528
65 0.576 0.048 0.528
21 0.592 0.048 0.544
24 0.592 0.048 0.544
75 0.528 0.048 0.48
31 0.8 0.048 0.752
22 0.8 0.048 0.752
30 0.8 0.048 0.752
45 0.8 0.048 0.752
80 0.8 0.048 0.752
77 0.8 0.048 0.752
63 0.8 0.048 0.752
66 0.765392 0.048 0.717392
73 0.8 0.048 0.752
20 0.8 0.048 0.752
38 0.8 0.048 0.752
6 0.8 0.048 0.752
41 0.8 0.048 0.752
56 0.8 0.048 0.752
6 0.752 0.048 0.704
6 0.704 0.16 0.544
6 0.544 0.016 0.528
41 0.752 0.16 0.592
56 0.752 0.16 0.592
62 0.8 0.048 0.752
16 0.8 0.048 0.752
33 0.8 0.048 0.752
35 0.8 0.048 0.752
51 0.759627 0.048 0.711627
74 0.8 0.048 0.752
49 0.8 0.048 0.752
78 0.8 0.048 0.752
76 0.8 0.048 0.752
15 0.8 0.048 0.752
40 0.8 0.048 0.752
10 0.8 0.048 0.752
8 0.8 0.048 0.752
64 0.8 0.048 0.752
42 0.8 0.048 0.752
16 0.8 0.048 0.752
19 0.8 0.048 0.752
33 0.8 0.048 0.752
68 0.8 0.048 0.752
74 0.8 0.048 0.752
43 0.8 0.048 0.752
3 0.8 0.048 0.752
14 0.8 0.048 0.752
19 0.752 0.048 0.704
68 0.752 0.048 0.704
78 0.8 0.048 0.752
29 0.8 0.048 0.752
49 0.8 0.048 0.752
78 0.752 0.048 0.704
78 0.704 0.16 0.544
29 0.752 0.16 0.592
29 0.592 0.016 0.576
78 0.544 0.016 0.528
29 0.576 0.048 0.528
78 0.528 0.048 0.48
49 0.752 0.16 0.592
7 0.8 0.048 0.752
17 0.8 0.048 0.752
7 0.752 0.048 0.704
7 0.704 0.16 0.544
17 0.752 0.16 0.592
17 0.592 0.016 0.576
7 0.544 0.016 0.528
17 0.576 0.048 0.528
7 0.528 0.048 0.48
70 0.8 0.048 0.752
18 0.8 0.048 0.752
28 0.737989 0.048 0.689989
39 0.8 0.048 0.752
69 0.8 0.048 0.752
72 0.640013 0.048 0.592013
71 0.658835 0.048 0.610835
12 0.8 0.048 0.752
27 0.8 0.048 0.752
36 0.8 0.048 0.752
54 0.8 0.048 0.752
71 0.610835 0.048 0.562835
71 0.562835 0.16 0.402835
12 0.752 0.16 0.592
27 0.752 0.16 0.592
36 0.752 0.16 0.592
36 0.592 0.016 0.576
71 0.402835 0.016 0.386835
36 0.576 0.048 0.528
27 0.592 0.048 0.544
71 0.386835 0.048 0.338835
54 0.752 0.16 0.592
5 0.8 0.048 0.752
2 0.8 0.048 0.752
18 0.8 0.048 0.752
39 0.752 0.048 0.704
23 0.8 0.048 0.752
1 0.8 0.048 0.752
44 0.8 0.048 0.752
48 0.8 0.048 0.752
60 0.738555 0.048 0.690555
66 0.8 0.048 0.752
60 0.690555 0.048 0.642555
63 0.8 0.048 0.752
77 0.8 0.048 0.752
54 0.667534 0.048 0.619534
12 0.592 0.048 0.544
71 0.414745 0.048 0.366745
47 0.681241 0.048 0.633241
46 0.713205 0.048 0.665205
47 0.633241 0.048 0.585241
47 0.585241 0.16 0.425241
46 0.665205 0.16 0.505205
46 0.505205 0.016 0.489205
47 0.425241 0.016 0.409241
46 0.489205 0.048 0.441205
47 0.409241 0.048 0.361241
39 0.781114 0.048 0.733114
2 0.8 0.048 0.752
5 0.8 0.048 0.752
18 0.8 0.048 0.752
70 0.8 0.048 0.752
79 0.8 0.048 0.752
4 0.8 0.048 0.752
13 0.8 0.048 0.752
25 0.8 0.048 0.752
28 0.766481 0.048 0.718481
69 0.8 0.048 0.752
72 0.670139 0.048 0.622139
8 0.8 0.048 0.752
3 0.8 0.048 0.752
10 0.8 0.048 0.752
65 0.8 0.048 0.752
21 0.8 0.048 0.752
24 0.8 0.048 0.752
61 0.8 0.048 0.752
75 0.8 0.048 0.752
65 0.752 0.048 0.704
65 0.704 0.16 0.544
21 0.752 0.16 0.592
24 0.752 0.16 0.592
61 0.752 0.16 0.592
61 0.592 0.016 0.576
65 0.544 0.016 0.528
61 0.576 0.048 0.528
32 0.8 0.048 0.752
55 0.8 0.048 0.752
57 0.8 0.048 0.752
65 0.528 0.048 0.48
75 0.752 0.048 0.704
61 0.528 0.048 0.48
61 0.48 0.16 0.32
75 0.704 0.16 0.544
32 0.752 0.16 0.592
55 0.752 0.16 0.592
55 0.592 0.016 0.576
61 0.32 0.016 0.304
55 0.576 0.048 0.528
32 0.592 0.048 0.544
52 0.8 0.048 0.752
53 0.8 0.048 0.752
57 0.752 0.048 0.704
61 0.304 0.048 0.256
57 0.704 0.16 0.544
65 0.48 0.16 0.32
75 0.544 0.16 0.384
65 0.394958 0.048 0.346958
21 0.670036 0.048 0.622036
24 0.592 0.048 0.544
75 0.455421 0.048 0.407421
31 0.8 0.048 0.752
22 0.8 0.048 0.752
30 0.8 0.048 0.752
45 0.8 0.048 0.752
80 0.8 0.048 0.752
77 0.8 0.048 0.752
63 0.8 0.048 0.752
66 0.8 0.048 0.752
73 0.8 0.048 0.752
20 0.8 0.048 0.752
38 0.8 0.048 0.752
58 0.8 0.048 0.752
62 0.8 0.048 0.752
16 0.8 0.048 0.752
33 0.8 0.048 0.752
51 0.8 0.048 0.752
74 0.8 0.048 0.752
49 0.8 0.048 0.752
78 0.785441 0.048 0.737441
76 0.8 0.048 0.752
15 0.8 0.048 0.752
40 0.8 0.048 0.752
10 0.8 0.048 0.752
8 0.8 0.048 0.752
64 0.8 0.048 0.752
42 0.8 0.048 0.752
16 0.8 0.048 0.752
19 0.8 0.048 0.752
33 0.8 0.048 0.752
68 0.8 0.048 0.752
74 0.8 0.048 0.752
43 0.8 0.048 0.752
3 0.8 0.048 0.752
14 0.8 0.048 0.752
19 0.752 0.048 0.704
68 0.752 0.048 0.704
29 0.8 0.048 0.752
78 0.8 0.048 0.752
17 0.8 0.048 0.752
7 0.8 0.048 0.752
70 0.8 0.048 0.752
18 0.8 0.048 0.752
28 0.8 0.048 0.752
39 0.8 0.048 0.752
69 0.8 0.048 0.752
72 0.8 0.048 0.752
36 0.8 0.048 0.752
27 0.8 0.048 0.752
71 0.658565 0.048 0.610565
5 0.8 0.048 0.752
2 0.8 0.048 0.752
18 0.8 0.048 0.752
39 0.752 0.048 0.704
23 0.8 0.048 0.752
1 0.8 0.048 0.752
44 0.8 0.048 0.752
48 0.8 0.048 0.752
60 0.8 0.048 0.752
66 0.8 0.048 0.752
66 0.752 0.048 0.704
23 0.752 0.048 0.704
60 0.752 0.048 0.704
77 0.8 0.048 0.752
54 0.8 0.048 0.752
12 0.8 0.048 0.752
71 0.685822 0.048 0.637822
26 0.8 0.048 0.752
37 0.8 0.048 0.752
38 0.8 0.048 0.752
41 0.8 0.048 0.752
56 0.8 0.048 0.752
58 0.8 0.048 0.752
26 0.752 0.048 0.704
26 0.704 0.16 0.544
37 0.752 0.16 0.592
38 0.752 0.16 0.592
38 0.592 0.016 0.576
26 0.544 0.016 0.528
38 0.576 0.048 0.528
20 0.8 0.048 0.752
26 0.528 0.048 0.48
37 0.592 0.048 0.544
58 0.752 0.048 0.704
73 0.8 0.048 0.752
41 0.752 0.16 0.592
56 0.752 0.16 0.592
58 0.704 0.16 0.544
46 0.8 0.048 0.752
47 0.732544 0.048 0.684544
39 0.781735 0.048 0.733735
2 0.8 0.048 0.752
5 0.8 0.048 0.752
18 0.8 0.048 0.752
69 0.8 0.048 0.752
70 0.8 0.048 0.752
79 0.8 0.048 0.752
4 0.8 0.048 0.752
13 0.8 0.048 0.752
25 0.8 0.048 0.752
28 0.8 0.048 0.752
69 0.752 0.048 0.704
72 0.8 0.048 0.752
79 0.752 0.048 0.704
79 0.704 0.16 0.544
79 0.544 0.016 0.528
4 0.752 0.16 0.592
13 0.752 0.16 0.592
25 0.752 0.16 0.592
28 0.752 0.16 0.592
69 0.704 0.16 0.544
72 0.752 0.16 0.592
8 0.8 0.048 0.752
3 0.8 0.048 0.752
10 0.8 0.048 0.752
14 0.8 0.048 0.752
43 0.8 0.048 0.752
55 0.8 0.048 0.752
32 0.8 0.048 0.752
52 0.8 0.048 0.752
53 0.8 0.048 0.752
57 0.8 0.048 0.752
61 0.617518 0.048 0.569518
22 0.8 0.048 0.752
31 0.8 0.048 0.752
65 0.728163 0.048 0.680163
21 0.8 0.048 0.752
24 0.8 0.048 0.752
61 0.569518 0.048 0.521518
75 0.775941 0.048 0.727941
65 0.680163 0.096 0.584163
65 0.584163 0.16 0.424163
21 0.752 0.16 0.592
24 0.752 0.16 0.592
61 0.521518 0.16 0.361518
75 0.727941 0.16 0.567941
75 0.567941 0.016 0.551941
65 0.424163 0.016 0.408163
75 0.551941 0.048 0.503941
21 0.592 0.048 0.544
24 0.592 0.048 0.544
61 0.361518 0.048 0.313518
65 0.408163 0.048 0.360163
31 0.8 0.048 0.752
22 0.8 0.048 0.752
30 0.8 0.048 0.752
45 0.8 0.048 0.752
67 0.8 0.048 0.752
80 0.8 0.048 0.752
77 0.8 0.048 0.752
63 0.8 0.048 0.752
66 0.8 0.048 0.752
73 0.8 0.048 0.752
20 0.8 0.048 0.752
37 0.696679 0.048 0.648679
38 0.74796 0.048 0.69996
58 0.690508 0.048 0.642508
62 0.8 0.048 0.752
16 0.8 0.048 0.752
33 0.8 0.048 0.752
51 0.8 0.048 0.752
74 0.8 0.048 0.752
49 0.8 0.048 0.752
78 0.8 0.048 0.752
76 0.8 0.048 0.752
15 0.8 0.048 0.752
40 0.8 0.048 0.752
10 0.8 0.048 0.752
8 0.8 0.048 0.752
64 0.8 0.048 0.752
42 0.8 0.048 0.752
16 0.8 0.048 0.752
33 0.8 0.048 0.752
62 0.8 0.048 0.752
68 0.8 0.048 0.752
74 0.8 0.048 0.752
43 0.8 0.048 0.752
3 0.8 0.048 0.752
8 0.8 0.048 0.752
14 0.8 0.048 0.752
19 0.8 0.048 0.752
68 0.752 0.048 0.704
29 0.8 0.048 0.752
78 0.8 0.048 0.752
17 0.8 0.048 0.752
70 0.8 0.048 0.752
18 0.8 0.048 0.752
28 0.8 0.048 0.752
39 0.8 0.048 0.752
69 0.8 0.048 0.752
72 0.8 0.048 0.752
36 0.8 0.048 0.752
27 0.8 0.048 0.752
71 0.8 0.048 0.752
5 0.8 0.048 0.752
2 0.8 0.048 0.752
18 0.8 0.048 0.752
39 0.752 0.048 0.704
5 0.752 0.048 0.704
5 0.704 0.16 0.544
5 0.544 0.016 0.528
2 0.752 0.16 0.592
18 0.752 0.16 0.592
39 0.704 0.16 0.544
23 0.8 0.048 0.752
1 0.8 0.048 0.752
44 0.8 0.048 0.752
48 0.8 0.048 0.752
60 0.8 0.048 0.752
66 0.8 0.048 0.752
66 0.752 0.048 0.704
23 0.752 0.048 0.704
60 0.752 0.048 0.704
63 0.8 0.048 0.752
77 0.8 0.048 0.752
54 0.8 0.048 0.752
12 0.8 0.048 0.752
27 0.752 0.048 0.704
36 0.752 0.048 0.704
71 0.8 0.048 0.752
38 0.8 0.048 0.752
20 0.8 0.048 0.752
26 0.8 0.048 0.752
37 0.8 0.048 0.752
58 0.8 0.048 0.752
73 0.8 0.048 0.752
46 0.8 0.048 0.752
47 0.8 0.048 0.752
39 0.616874 0.048 0.568874
2 0.67126 0.048 0.62326
18 0.670658 0.048 0.622658
28 0.8 0.048 0.752
69 0.8 0.048 0.752
70 0.8 0.048 0.752
8 0.8 0.048 0.752
3 0.8 0.048 0.752
10 0.8 0.048 0.752
43 0.8 0.048 0.752
40 0.8 0.048 0.752
15 0.8 0.048 0.752
76 0.8 0.048 0.752
55 0.8 0.048 0.752
32 0.8 0.048 0.752
52 0.8 0.048 0.752
53 0.8 0.048 0.752
57 0.8 0.048 0.752
61 0.688542 0.048 0.640542
22 0.8 0.048 0.752
31 0.8 0.048 0.752
22 0.752 0.048 0.704
22 0.704 0.16 0.544
22 0.544 0.016 0.528
31 0.752 0.16 0.592
75 0.8 0.048 0.752
21 0.8 0.048 0.752
24 0.8 0.048 0.752
61 0.640542 0.048 0.592542
65 0.735449 0.048 0.687449
75 0.752 0.048 0.704
75 0.704 0.16 0.544
21 0.752 0.16 0.592
24 0.752 0.16 0.592
61 0.592542 0.16 0.432542
65 0.687449 0.16 0.527449
31 0.667421 0.048 0.619421
22 0.602088 0.048 0.554088
30 0.8 0.048 0.752
45 0.8 0.048 0.752
67 0.8 0.048 0.752
80 0.8 0.048 0.752
77 0.8 0.048 0.752
63 0.8 0.048 0.752
66 0.8 0.048 0.752
73 0.8 0.048 0.752
20 0.8 0.048 0.752
37 0.8 0.048 0.752
38 0.8 0.048 0.752
58 0.8 0.048 0.752
62 0.8 0.048 0.752
16 0.8 0.048 0.752
33 0.8 0.048 0.752
35 0.8 0.048 0.752
51 0.8 0.048 0.752
74 0.8 0.048 0.752
49 0.8 0.048 0.752
78 0.8 0.048 0.752
76 0.8 0.048 0.752
15 0.8 0.048 0.752
40 0.8 0.048 0.752
76 0.752 0.048 0.704
76 0.704 0.16 0.544
76 0.544 0.016 0.528
15 0.752 0.16 0.592
40 0.752 0.16 0.592
10 0.8 0.048 0.752
8 0.8 0.048 0.752
64 0.8 0.048 0.752
42 0.8 0.048 0.752
16 0.8 0.048 0.752
19 0.8 0.048 0.752
33 0.8 0.048 0.752
68 0.8 0.048 0.752
74 0.8 0.048 0.752
43 0.8 0.048 0.752
3 0.8 0.048 0.752
8 0.8 0.048 0.752
14 0.8 0.048 0.752
19 0.752 0.048 0.704
68 0.752 0.048 0.704
29 0.8 0.048 0.752
78 0.8 0.048 0.752
17 0.8 0.048 0.752
7 0.8 0.048 0.752
70 0.8 0.048 0.752
18 0.8 0.048 0.752
28 0.8 0.048 0.752
39 0.8 0.048 0.752
69 0.8 0.048 0.752
72 0.8 0.048 0.752
36 0.8 0.048 0.752
27 0.8 0.048 0.752
54 0.8 0.048 0.752
71 0.8 0.048 0.752
23 0.8 0.048 0.752
1 0.8 0.048 0.752
44 0.8 0.048 0.752
48 0.8 0.048 0.752
60 0.8 0.048 0.752
66 0.8 0.048 0.752
66 0.752 0.048 0.704
23 0.752 0.048 0.704
77 0.8 0.048 0.752
54 0.8 0.048 0.752
12 0.8 0.048 0.752
27 0.752 0.048 0.704
36 0.752 0.048 0.704
71 0.8 0.048 0.752
38 0.8 0.048 0.752
20 0.8 0.048 0.752
26 0.8 0.048 0.752
37 0.8 0.048 0.752
58 0.8 0.048 0.752
73 0.8 0.048 0.752
46 0.8 0.048 0.752
47 0.8 0.048 0.752
39 0.8 0.048 0.752
2 0.8 0.048 0.752
5 0.8 0.048 0.752
18 0.8 0.048 0.752
28 0.8 0.048 0.752
69 0.8 0.048 0.752
70 0.8 0.048 0.752
39 0.752 0.048 0.704
39 0.704 0.16 0.544
2 0.752 0.16 0.592
5 0.752 0.16 0.592
5 0.592 0.016 0.576
39 0.544 0.016 0.528
5 0.576 0.048 0.528
2 0.592 0.048 0.544
18 0.752 0.048 0.704
39 0.528 0.048 0.48
18 0.704 0.16 0.544
28 0.752 0.16 0.592
69 0.752 0.16 0.592
70 0.752 0.16 0.592
8 0.8 0.048 0.752
3 0.8 0.048 0.752
10 0.8 0.048 0.752
14 0.8 0.048 0.752
43 0.8 0.048 0.752
64 0.8 0.048 0.752
10 0.752 0.048 0.704
64 0.752 0.048 0.704
64 0.704 0.16 0.544
64 0.544 0.016 0.528
10 0.704 0.16 0.544
40 0.8 0.048 0.752
15 0.8 0.048 0.752
76 0.762929 0.048 0.714929
40 0.752 0.048 0.704
40 0.704 0.16 0.544
15 0.752 0.16 0.592
76 0.714929 0.16 0.554929
76 0.554929 0.016 0.538929
40 0.544 0.016 0.528
76 0.538929 0.048 0.490929
15 0.592 0.048 0.544
40 0.528 0.048 0.48
55 0.8 0.048 0.752
32 0.8 0.048 0.752
52 0.8 0.048 0.752
53 0.8 0.048 0.752
57 0.8 0.048 0.752
61 0.8 0.048 0.752
31 0.8 0.048 0.752
22 0.8 0.048 0.752
30 0.8 0.048 0.752
45 0.8 0.048 0.752
67 0.8 0.048 0.752
80 0.8 0.048 0.752
77 0.8 0.048 0.752
63 0.8 0.048 0.752
66 0.8 0.048 0.752
73 0.8 0.048 0.752
20 0.8 0.048 0.752
26 0.8 0.048 0.752
37 0.8 0.048 0.752
38 0.8 0.048 0.752
58 0.8 0.048 0.752
67 0.752 0.048 0.704
30 0.8 0.048 0.752
80 0.752 0.048 0.704
62 0.8 0.048 0.752
16 0.8 0.048 0.752
33 0.8 0.048 0.752
35 0.8 0.048 0.752
51 0.8 0.048 0.752
74 0.8 0.048 0.752
49 0.8 0.048 0.752
78 0.8 0.048 0.752
10 0.687951 0.048 0.639951
8 0.8 0.048 0.752
64 0.758087 0.048 0.710087
50 0.8 0.048 0.752
9 0.8 0.048 0.752
11 0.8 0.048 0.752
35 0.8 0.048 0.752
42 0.8 0.048 0.752
16 0.8 0.048 0.752
33 0.8 0.048 0.752
68 0.8 0.048 0.752
74 0.8 0.048 0.752
42 0.752 0.048 0.704
42 0.704 0.16 0.544
43 0.8 0.048 0.752
3 0.8 0.048 0.752
14 0.8 0.048 0.752
19 0.8 0.048 0.752
68 0.752 0.048 0.704
43 0.752 0.048 0.704
43 0.704 0.16 0.544
16 0.752 0.16 0.592
33 0.752 0.16 0.592
74 0.752 0.16 0.592
43 0.544 0.016 0.528
3 0.752 0.16 0.592
14 0.752 0.16 0.592
19 0.752 0.16 0.592
68 0.704 0.16 0.544
29 0.8 0.048 0.752
78 0.8 0.048 0.752
17 0.8 0.048 0.752
49 0.8 0.048 0.752
70 0.8 0.048 0.752
18 0.773649 0.048 0.725649
28 0.8 0.048 0.752
39 0.781214 0.048 0.733214
69 0.8 0.048 0.752
72 0.8 0.048 0.752
70 0.752 0.048 0.704
70 0.704 0.16 0.544
18 0.725649 0.16 0.565649
28 0.752 0.16 0.592
39 0.733214 0.16 0.573214
39 0.573214 0.016 0.557214
70 0.544 0.016 0.528
39 0.557214 0.048 0.509214
2 0.8 0.048 0.752
5 0.8 0.048 0.752
18 0.565649 0.048 0.517649
28 0.592 0.048 0.544
69 0.752 0.048 0.704
70 0.528 0.048 0.48
69 0.704 0.16 0.544
72 0.752 0.16 0.592
36 0.8 0.048 0.752
12 0.8 0.048 0.752
27 0.8 0.048 0.752
54 0.8 0.048 0.752
71 0.8 0.048 0.752
51 0.8 0.048 0.752
11 0.8 0.048 0.752
35 0.752 0.048 0.704
62 0.8 0.048 0.752
23 0.8 0.048 0.752
1 0.8 0.048 0.752
44 0.8 0.048 0.752
48 0.8 0.048 0.752
60 0.8 0.048 0.752
66 0.8 0.048 0.752
66 0.752 0.048 0.704
23 0.752 0.048 0.704
44 0.752 0.048 0.704
63 0.8 0.048 0.752
77 0.8 0.048 0.752
54 0.8 0.048 0.752
12 0.752 0.048 0.704
27 0.752 0.048 0.704
36 0.752 0.048 0.704
71 0.8 0.048 0.752
60 0.752 0.048 0.704
1 0.752 0.048 0.704
23 0.704 0.048 0.656
44 0.704 0.048 0.656
48 0.752 0.048 0.704
38 0.8 0.048 0.752
20 0.8 0.048 0.752
26 0.8 0.048 0.752
37 0.8 0.048 0.752
58 0.8 0.048 0.752
73 0.8 0.048 0.752
46 0.8 0.048 0.752
47 0.8 0.048 0.752
5 0.8 0.048 0.752
2 0.8 0.048 0.752
18 0.663805 0.048 0.615805
39 0.584997 0.048 0.536997
47 0.752 0.048 0.704
46 0.752 0.048 0.704
8 0.8 0.048 0.752
3 0.736731 0.048 0.688731
10 0.8 0.048 0.752
34 0.8 0.048 0.752
59 0.8 0.048 0.752
76 0.8 0.048 0.752
15 0.8 0.048 0.752
40 0.8 0.048 0.752
61 0.8 0.048 0.752
24 0.8 0.048 0.752
32 0.8 0.048 0.752
52 0.8 0.048 0.752
55 0.8 0.048 0.752
57 0.8 0.048 0.752
65 0.8 0.048 0.752
75 0.8 0.048 0.752
61 0.752 0.048 0.704
61 0.704 0.16 0.544
24 0.752 0.16 0.592
32 0.752 0.16 0.592
52 0.752 0.16 0.592
55 0.752 0.16 0.592
57 0.752 0.16 0.592
65 0.752 0.16 0.592
65 0.592 0.016 0.576
61 0.544 0.016 0.528
65 0.576 0.048 0.528
21 0.8 0.048 0.752
24 0.592 0.048 0.544
61 0.528 0.048 0.48
75 0.752 0.048 0.704
75 0.704 0.16 0.544
68 0.694297 0.048 0.646297
14 0.734095 0.048 0.686095
16 0.745649 0.048 0.697649
19 0.738885 0.048 0.690885
33 0.742066 0.048 0.694066
42 0.684892 0.048 0.636892
43 0.676859 0.048 0.628859
74 0.748147 0.048 0.700147
68 0.646297 0.048 0.598297
68 0.598297 0.16 0.438297
14 0.686095 0.16 0.526095
16 0.697649 0.16 0.537649
19 0.690885 0.16 0.530885
33 0.694066 0.16 0.534066
42 0.636892 0.16 0.476892
43 0.628859 0.16 0.468859
74 0.700147 0.16 0.540147
55 0.592 0.048 0.544
32 0.592 0.048 0.544
52 0.592 0.048 0.544
53 0.8 0.048 0.752
57 0.592 0.048 0.544
61 0.555053 0.048 0.507053
70 0.709593 0.048 0.661593
18 0.692236 0.048 0.644236
28 0.692679 0.048 0.644679
39 0.615101 0.048 0.567101
69 0.702851 0.048 0.654851
72 0.738447 0.048 0.690447
70 0.661593 0.048 0.613593
70 0.613593 0.16 0.453593
18 0.644236 0.16 0.484236
28 0.644679 0.16 0.484679
39 0.567101 0.16 0.407101
69 0.654851 0.16 0.494851
72 0.690447 0.16 0.530447
72 0.530447 0.016 0.514447
70 0.453593 0.016 0.437593
72 0.514447 0.048 0.466447
13 0.8 0.048 0.752
28 0.484679 0.048 0.436679
69 0.494851 0.048 0.446851
70 0.437593 0.048 0.389593
79 0.8 0.048 0.752
72 0.466447 0.048 0.418447
72 0.418447 0.16 0.258447
13 0.752 0.16 0.592
28 0.436679 0.16 0.276679
69 0.446851 0.16 0.286851
70 0.389593 0.16 0.229593
79 0.752 0.16 0.592
79 0.592 0.016 0.576
72 0.258447 0.016 0.242447
79 0.576 0.048 0.528
4 0.8 0.048 0.752
13 0.592 0.048 0.544
25 0.8 0.048 0.752
72 0.242447 0.048 0.194447
31 0.8 0.048 0.752
22 0.8 0.048 0.752
30 0.8 0.048 0.752
45 0.8 0.048 0.752
80 0.8 0.048 0.752
77 0.8 0.048 0.752
63 0.8 0.048 0.752
66 0.8 0.048 0.752
73 0.8 0.048 0.752
20 0.8 0.048 0.752
37 0.8 0.048 0.752
38 0.8 0.048 0.752
58 0.8 0.048 0.752
67 0.8 0.048 0.752
80 0.752 0.048 0.704
62 0.8 0.048 0.752
16 0.690953 0.048 0.642953
33 0.69012 0.048 0.64212
42 0.63623 0.048 0.58823
51 0.8 0.048 0.752
74 0.614374 0.048 0.566374
49 0.8 0.048 0.752
17 0.8 0.048 0.752
78 0.8 0.048 0.752
10 0.8 0.048 0.752
8 0.8 0.048 0.752
64 0.8 0.048 0.752
50 0.8 0.048 0.752
9 0.8 0.048 0.752
11 0.8 0.048 0.752
35 0.8 0.048 0.752
50 0.752 0.048 0.704
50 0.704 0.16 0.544
50 0.544 0.016 0.528
9 0.752 0.16 0.592
11 0.752 0.16 0.592
35 0.752 0.16 0.592
29 0.8 0.048 0.752
78 0.8 0.048 0.752
17 0.8 0.048 0.752
39 0.627017 0.048 0.579017
2 0.8 0.048 0.752
5 0.8 0.048 0.752
18 0.628822 0.048 0.580822
28 0.508191 0.048 0.460191
69 0.524263 0.048 0.476263
70 0.386393 0.048 0.338393
36 0.8 0.048 0.752
12 0.8 0.048 0.752
27 0.8 0.048 0.752
71 0.8 0.048 0.752
51 0.8 0.048 0.752
11 0.670441 0.048 0.622441
35 0.592 0.048 0.544
62 0.8 0.048 0.752
23 0.8 0.048 0.752
1 0.8 0.048 0.752
44 0.8 0.048 0.752
48 0.8 0.048 0.752
60 0.8 0.048 0.752
66 0.8 0.048 0.752
66 0.752 0.048 0.704
23 0.752 0.048 0.704
44 0.752 0.048 0.704
77 0.8 0.048 0.752
54 0.8 0.048 0.752
12 0.752 0.048 0.704
71 0.8 0.048 0.752
60 0.752 0.048 0.704
1 0.752 0.048 0.704
23 0.704 0.048 0.656
44 0.704 0.048 0.656
48 0.752 0.048 0.704
38 0.8 0.048 0.752
20 0.8 0.048 0.752
26 0.8 0.048 0.752
37 0.8 0.048 0.752
58 0.8 0.048 0.752
73 0.8 0.048 0.752
46 0.8 0.048 0.752
47 0.8 0.048 0.752
5 0.8 0.048 0.752
2 0.8 0.048 0.752
18 0.735753 0.048 0.687753
39 0.654325 0.048 0.606325
47 0.752 0.048 0.704
46 0.752 0.048 0.704
8 0.8 0.048 0.752
3 0.8 0.048 0.752
10 0.8 0.048 0.752
14 0.8 0.048 0.752
43 0.785223 0.048 0.737223
8 0.752 0.048 0.704
8 0.704 0.16 0.544
3 0.752 0.16 0.592
10 0.752 0.16 0.592
14 0.752 0.16 0.592
43 0.737223 0.16 0.577223
43 0.577223 0.016 0.561223
8 0.544 0.016 0.528
43 0.561223 0.048 0.513223
3 0.592 0.048 0.544
8 0.528 0.048 0.48
14 0.592 0.048 0.544
19 0.8 0.048 0.752
68 0.8 0.048 0.752
34 0.8 0.048 0.752
59 0.8 0.048 0.752
76 0.8 0.048 0.752
15 0.8 0.048 0.752
40 0.8 0.048 0.752
65 0.8 0.048 0.752
21 0.8 0.048 0.752
24 0.8 0.048 0.752
61 0.8 0.048 0.752
75 0.8 0.048 0.752
55 0.8 0.048 0.752
32 0.8 0.048 0.752
52 0.8 0.048 0.752
53 0.8 0.048 0.752
57 0.8 0.048 0.752
61 0.8 0.048 0.752
79 0.8 0.048 0.752
4 0.8 0.048 0.752
13 0.8 0.048 0.752
25 0.8 0.048 0.752
31 0.8 0.048 0.752
22 0.8 0.048 0.752
30 0.8 0.048 0.752
45 0.8 0.048 0.752
77 0.8 0.048 0.752
63 0.8 0.048 0.752
66 0.8 0.048 0.752
73 0.8 0.048 0.752
20 0.8 0.048 0.752
26 0.8 0.048 0.752
37 0.8 0.048 0.752
38 0.8 0.048 0.752
58 0.8 0.048 0.752
67 0.8 0.048 0.752
80 0.8 0.048 0.752
62 0.8 0.048 0.752
16 0.8 0.048 0.752
33 0.8 0.048 0.752
51 0.8 0.048 0.752
74 0.8 0.048 0.752
6 0.8 0.048 0.752
41 0.8 0.048 0.752
56 0.8 0.048 0.752
49 0.8 0.048 0.752
49 0.752 0.048 0.704
49 0.704 0.16 0.544
49 0.544 0.016 0.528
10 0.73713 0.048 0.68913
8 0.63141 0.048 0.58341
64 0.8 0.048 0.752
10 0.68913 0.048 0.64113
10 0.64113 0.16 0.48113
8 0.58341 0.16 0.42341
64 0.752 0.16 0.592
29 0.8 0.048 0.752
78 0.8 0.048 0.752
17 0.8 0.048 0.752
17 0.752 0.048 0.704
17 0.704 0.16 0.544
17 0.544 0.016 0.528
39 0.8 0.048 0.752
2 0.8 0.048 0.752
18 0.8 0.048 0.752
28 0.8 0.048 0.752
69 0.8 0.048 0.752
70 0.702971 0.048 0.654971
36 0.8 0.048 0.752
12 0.8 0.048 0.752
27 0.8 0.048 0.752
54 0.8 0.048 0.752
71 0.8 0.048 0.752
51 0.8 0.048 0.752
11 0.8 0.048 0.752
35 0.8 0.048 0.752
62 0.8 0.048 0.752
23 0.8 0.048 0.752
1 0.8 0.048 0.752
44 0.8 0.048 0.752
48 0.8 0.048 0.752
60 0.8 0.048 0.752
66 0.8 0.048 0.752
44 0.752 0.048 0.704
77 0.8 0.048 0.752
54 0.8 0.048 0.752
12 0.752 0.048 0.704
36 0.752 0.048 0.704
71 0.8 0.048 0.752
60 0.752 0.048 0.704
1 0.752 0.048 0.704
23 0.752 0.048 0.704
44 0.704 0.048 0.656
48 0.752 0.048 0.704
38 0.8 0.048 0.752
20 0.8 0.048 0.752
26 0.8 0.048 0.752
37 0.8 0.048 0.752
41 0.8 0.048 0.752
58 0.8 0.048 0.752
73 0.8 0.048 0.752
46 0.8 0.048 0.752
47 0.8 0.048 0.752
5 0.8 0.048 0.752
2 0.8 0.048 0.752
18 0.8 0.048 0.752
47 0.752 0.048 0.704
46 0.752 0.048 0.704
43 0.8 0.048 0.752
3 0.8 0.048 0.752
8 0.652974 0.048 0.604974
14 0.8 0.048 0.752
19 0.8 0.048 0.752
68 0.8 0.048 0.752
34 0.8 0.048 0.752
59 0.8 0.048 0.752
76 0.8 0.048 0.752
15 0.8 0.048 0.752
40 0.8 0.048 0.752
65 0.8 0.048 0.752
21 0.8 0.048 0.752
24 0.8 0.048 0.752
61 0.8 0.048 0.752
75 0.8 0.048 0.752
55 0.8 0.048 0.752
32 0.8 0.048 0.752
52 0.8 0.048 0.752
53 0.8 0.048 0.752
57 0.8 0.048 0.752
61 0.8 0.048 0.752
79 0.8 0.048 0.752
4 0.8 0.048 0.752
13 0.8 0.048 0.752
25 0.8 0.048 0.752
72 0.8 0.048 0.752
31 0.8 0.048 0.752
22 0.8 0.048 0.752
30 0.8 0.048 0.752
45 0.8 0.048 0.752
77 0.8 0.048 0.752
63 0.8 0.048 0.752
66 0.8 0.048 0.752
73 0.8 0.048 0.752
20 0.8 0.048 0.752
37 0.8 0.048 0.752
38 0.8 0.048 0.752
58 0.8 0.048 0.752
67 0.8 0.048 0.752
80 0.8 0.048 0.752
62 0.8 0.048 0.752
16 0.8 0.048 0.752
33 0.8 0.048 0.752
35 0.8 0.048 0.752
51 0.8 0.048 0.752
74 0.8 0.048 0.752
6 0.8 0.048 0.752
26 0.8 0.048 0.752
41 0.8 0.048 0.752
56 0.8 0.048 0.752
6 0.752 0.048 0.704
6 0.704 0.16 0.544
26 0.752 0.16 0.592
26 0.592 0.016 0.576
6 0.544 0.016 0.528
26 0.576 0.048 0.528
6 0.528 0.048 0.48
20 0.752 0.048 0.704
37 0.8 0.048 0.752
38 0.752 0.048 0.704
41 0.752 0.048 0.704
56 0.752 0.048 0.704
58 0.752 0.048 0.704
73 0.752 0.048 0.704
41 0.704 0.16 0.544
56 0.704 0.16 0.544
78 0.8 0.048 0.752
29 0.8 0.048 0.752
49 0.8 0.048 0.752
78 0.752 0.048 0.704
78 0.704 0.16 0.544
29 0.752 0.16 0.592
49 0.752 0.16 0.592
49 0.592 0.016 0.576
78 0.544 0.016 0.528
49 0.576 0.048 0.528
17 0.8 0.048 0.752
78 0.528 0.048 0.48
49 0.528 0.048 0.48
49 0.48 0.16 0.32
17 0.752 0.16 0.592
17 0.592 0.016 0.576
49 0.32 0.016 0.304
17 0.576 0.048 0.528
49 0.304 0.048 0.256
78 0.48 0.16 0.32
29 0.592 0.048 0.544
78 0.399862 0.048 0.351862
39 0.8 0.048 0.752
2 0.8 0.048 0.752
18 0.8 0.048 0.752
28 0.8 0.048 0.752
69 0.8 0.048 0.752
70 0.8 0.048 0.752
36 0.8 0.048 0.752
12 0.8 0.048 0.752
27 0.8 0.048 0.752
71 0.8 0.048 0.752
22 0.8 0.048 0.752
31 0.8 0.048 0.752
51 0.8 0.048 0.752
11 0.8 0.048 0.752
35 0.8 0.048 0.752
62 0.8 0.048 0.752
23 0.8 0.048 0.752
1 0.8 0.048 0.752
44 0.8 0.048 0.752
48 0.8 0.048 0.752
60 0.8 0.048 0.752
66 0.8 0.048 0.752
23 0.752 0.048 0.704
23 0.704 0.16 0.544
66 0.752 0.048 0.704
23 0.544 0.048 0.496
44 0.752 0.048 0.704
77 0.8 0.048 0.752
66 0.704 0.048 0.656
66 0.656 0.16 0.496
1 0.752 0.16 0.592
48 0.752 0.16 0.592
60 0.752 0.16 0.592
66 0.496 0.16 0.336
66 0.336 0.016 0.32
23 0.496 0.16 0.336
44 0.704 0.16 0.544
77 0.752 0.16 0.592
54 0.8 0.048 0.752
12 0.752 0.048 0.704
71 0.8 0.048 0.752
60 0.592 0.048 0.544
1 0.592 0.048 0.544
23 0.336 0.048 0.288
44 0.544 0.048 0.496
48 0.592 0.048 0.544
60 0.544 0.048 0.496
60 0.496 0.16 0.336
60 0.336 0.016 0.32
1 0.544 0.16 0.384
23 0.288 0.16 0.128
44 0.496 0.16 0.336
48 0.544 0.16 0.384
38 0.8 0.048 0.752
20 0.8 0.048 0.752
26 0.678035 0.048 0.630035
37 0.8 0.048 0.752
58 0.8 0.048 0.752
73 0.8 0.048 0.752
72 0.8 0.048 0.752
4 0.8 0.048 0.752
13 0.8 0.048 0.752
28 0.8 0.048 0.752
69 0.8 0.048 0.752
70 0.8 0.048 0.752
79 0.8 0.048 0.752
72 0.752 0.048 0.704
72 0.704 0.16 0.544
4 0.752 0.16 0.592
13 0.752 0.16 0.592
28 0.752 0.16 0.592
69 0.752 0.16 0.592
70 0.752 0.16 0.592
70 0.592 0.016 0.576
72 0.544 0.016 0.528
70 0.576 0.048 0.528
18 0.8 0.048 0.752
28 0.592 0.048 0.544
39 0.8 0.048 0.752
69 0.592 0.048 0.544
72 0.528 0.048 0.48
79 0.752 0.16 0.592
46 0.8 0.048 0.752
47 0.8 0.048 0.752
5 0.8 0.048 0.752
2 0.8 0.048 0.752
39 0.752 0.048 0.704
71 0.8 0.048 0.752
12 0.774081 0.048 0.726081
27 0.8 0.048 0.752
36 0.8 0.048 0.752
54 0.8 0.048 0.752
47 0.752 0.048 0.704
46 0.752 0.048 0.704
43 0.8 0.048 0.752
3 0.8 0.048 0.752
8 0.8 0.048 0.752
14 0.8 0.048 0.752
19 0.8 0.048 0.752
68 0.8 0.048 0.752
34 0.8 0.048 0.752
59 0.8 0.048 0.752
76 0.8 0.048 0.752
15 0.8 0.048 0.752
40 0.8 0.048 0.752
65 0.8 0.048 0.752
21 0.8 0.048 0.752
24 0.8 0.048 0.752
75 0.8 0.048 0.752
55 0.8 0.048 0.752
32 0.8 0.048 0.752
52 0.8 0.048 0.752
53 0.8 0.048 0.752
57 0.8 0.048 0.752
61 0.8 0.048 0.752
79 0.74241 0.048 0.69441
4 0.670923 0.048 0.622923
13 0.666601 0.048 0.618601
25 0.8 0.048 0.752
72 0.622275 0.048 0.574275
31 0.8 0.048 0.752
22 0.8 0.048 0.752
30 0.8 0.048 0.752
29 0.761101 0.048 0.713101
45 0.8 0.048 0.752
77 0.8 0.048 0.752
63 0.8 0.048 0.752
66 0.545908 0.048 0.497908
73 0.8 0.048 0.752
20 0.8 0.048 0.752
37 0.8 0.048 0.752
38 0.8 0.048 0.752
58 0.8 0.048 0.752
67 0.8 0.048 0.752
80 0.8 0.048 0.752
62 0.8 0.048 0.752
16 0.8 0.048 0.752
33 0.8 0.048 0.752
35 0.8 0.048 0.752
42 0.8 0.048 0.752
51 0.8 0.048 0.752
74 0.8 0.048 0.752
26 0.8 0.048 0.752
37 0.8 0.048 0.752
38 0.752 0.048 0.704
41 0.8 0.048 0.752
56 0.8 0.048 0.752
58 0.752 0.048 0.704
17 0.8 0.048 0.752
49 0.630009 0.048 0.582009
29 0.8 0.048 0.752
78 0.728322 0.048 0.680322
39 0.8 0.048 0.752
2 0.8 0.048 0.752
18 0.8 0.048 0.752
28 0.8 0.048 0.752
69 0.8 0.048 0.752
70 0.8 0.048 0.752
36 0.8 0.048 0.752
12 0.8 0.048 0.752
27 0.8 0.048 0.752
54 0.8 0.048 0.752
71 0.8 0.048 0.752
22 0.8 0.048 0.752
31 0.8 0.048 0.752
51 0.8 0.048 0.752
11 0.8 0.048 0.752
35 0.8 0.048 0.752
62 0.8 0.048 0.752
54 0.8 0.048 0.752
12 0.752 0.048 0.704
36 0.752 0.048 0.704
38 0.8 0.048 0.752
20 0.8 0.048 0.752
26 0.8 0.048 0.752
37 0.8 0.048 0.752
58 0.8 0.048 0.752
73 0.8 0.048 0.752
70 0.8 0.048 0.752
18 0.8 0.048 0.752
28 0.8 0.048 0.752
39 0.8 0.048 0.752
69 0.8 0.048 0.752
72 0.8 0.048 0.752
46 0.8 0.048 0.752
47 0.8 0.048 0.752
5 0.8 0.048 0.752
2 0.8 0.048 0.752
18 0.8 0.048 0.752
71 0.8 0.048 0.752
12 0.780739 0.048 0.732739
27 0.8 0.048 0.752
36 0.774585 0.048 0.726585
47 0.752 0.048 0.704
46 0.752 0.048 0.704
43 0.8 0.048 0.752
3 0.8 0.048 0.752
14 0.8 0.048 0.752
19 0.8 0.048 0.752
68 0.8 0.048 0.752
34 0.8 0.048 0.752
59 0.8 0.048 0.752
76 0.8 0.048 0.752
15 0.8 0.048 0.752
40 0.8 0.048 0.752
65 0.8 0.048 0.752
21 0.8 0.048 0.752
24 0.8 0.048 0.752
61 0.8 0.048 0.752
75 0.8 0.048 0.752
55 0.8 0.048 0.752
32 0.8 0.048 0.752
52 0.8 0.048 0.752
53 0.8 0.048 0.752
57 0.8 0.048 0.752
61 0.8 0.048 0.752
55 0.752 0.048 0.704
55 0.704 0.16 0.544
55 0.544 0.016 0.528
32 0.752 0.16 0.592
52 0.752 0.16 0.592
53 0.752 0.16 0.592
57 0.752 0.16 0.592
61 0.752 0.16 0.592
79 0.8 0.048 0.752
4 0.8 0.048 0.752
13 0.8 0.048 0.752
25 0.8 0.048 0.752
72 0.8 0.048 0.752
31 0.8 0.048 0.752
22 0.8 0.048 0.752
30 0.8 0.048 0.752
45 0.8 0.048 0.752
77 0.8 0.048 0.752
44 0.8 0.048 0.752
63 0.8 0.048 0.752
66 0.8 0.048 0.752
73 0.8 0.048 0.752
20 0.8 0.048 0.752
26 0.8 0.048 0.752
37 0.8 0.048 0.752
38 0.8 0.048 0.752
58 0.8 0.048 0.752
67 0.8 0.048 0.752
9 0.8 0.048 0.752
80 0.8 0.048 0.752
62 0.8 0.048 0.752
16 0.8 0.048 0.752
33 0.8 0.048 0.752
42 0.8 0.048 0.752
74 0.8 0.048 0.752
26 0.752 0.048 0.704
6 0.8 0.048 0.752
37 0.8 0.048 0.752
38 0.752 0.048 0.704
41 0.8 0.048 0.752
56 0.8 0.048 0.752
58 0.752 0.048 0.704
73 0.752 0.048 0.704
17 0.8 0.048 0.752
49 0.8 0.048 0.752
29 0.8 0.048 0.752
30 0.8 0.048 0.752
78 0.8 0.048 0.752
39 0.8 0.048 0.752
2 0.8 0.048 0.752
18 0.8 0.048 0.752
69 0.8 0.048 0.752
70 0.8 0.048 0.752
36 0.8 0.048 0.752
12 0.8 0.048 0.752
27 0.8 0.048 0.752
54 0.8 0.048 0.752
71 0.8 0.048 0.752
36 0.752 0.048 0.704
36 0.704 0.16 0.544
36 0.544 0.016 0.528
12 0.752 0.16 0.592
27 0.752 0.16 0.592
54 0.752 0.16 0.592
71 0.752 0.16 0.592
22 0.8 0.048 0.752
31 0.8 0.048 0.752
51 0.8 0.048 0.752
11 0.8 0.048 0.752
35 0.8 0.048 0.752
62 0.8 0.048 0.752
54 0.668398 0.048 0.620398
12 0.592 0.048 0.544
27 0.592 0.048 0.544
36 0.528 0.048 0.48
71 0.668449 0.048 0.620449
54 0.620398 0.048 0.572398
54 0.572398 0.16 0.412398
54 0.412398 0.016 0.396398
12 0.544 0.16 0.384
27 0.544 0.16 0.384
36 0.48 0.16 0.32
71 0.620449 0.16 0.460449
38 0.8 0.048 0.752
20 0.8 0.048 0.752
26 0.8 0.048 0.752
37 0.8 0.048 0.752
58 0.8 0.048 0.752
73 0.8 0.048 0.752
70 0.8 0.048 0.752
18 0.8 0.048 0.752
28 0.8 0.048 0.752
39 0.8 0.048 0.752
69 0.8 0.048 0.752
72 0.8 0.048 0.752
46 0.8 0.048 0.752
47 0.8 0.048 0.752
5 0.8 0.048 0.752
2 0.8 0.048 0.752
18 0.8 0.048 0.752
39 0.752 0.048 0.704
71 0.531175 0.048 0.483175
12 0.457861 0.048 0.409861
27 0.455116 0.048 0.407116
36 0.396212 0.048 0.348212
54 0.466862 0.048 0.418862
47 0.752 0.048 0.704
46 0.752 0.048 0.704
43 0.8 0.048 0.752
3 0.8 0.048 0.752
14 0.8 0.048 0.752
19 0.8 0.048 0.752
68 0.8 0.048 0.752
34 0.8 0.048 0.752
59 0.8 0.048 0.752
76 0.8 0.048 0.752
15 0.8 0.048 0.752
40 0.8 0.048 0.752
65 0.8 0.048 0.752
21 0.8 0.048 0.752
24 0.8 0.048 0.752
61 0.8 0.048 0.752
75 0.8 0.048 0.752
79 0.8 0.048 0.752
4 0.8 0.048 0.752
13 0.8 0.048 0.752
25 0.8 0.048 0.752
72 0.8 0.048 0.752
7 0.8 0.048 0.752
31 0.8 0.048 0.752
22 0.8 0.048 0.752
30 0.8 0.048 0.752
29 0.8 0.048 0.752
45 0.8 0.048 0.752
77 0.8 0.048 0.752
63 0.8 0.048 0.752
66 0.8 0.048 0.752
73 0.8 0.048 0.752
20 0.8 0.048 0.752
26 0.8 0.048 0.752
37 0.8 0.048 0.752
38 0.8 0.048 0.752
58 0.8 0.048 0.752
67 0.8 0.048 0.752
80 0.8 0.048 0.752
62 0.8 0.048 0.752
16 0.8 0.048 0.752
33 0.8 0.048 0.752
35 0.8 0.048 0.752
42 0.8 0.048 0.752
51 0.8 0.048 0.752
74 0.8 0.048 0.752
26 0.752 0.048 0.704
6 0.8 0.048 0.752
37 0.8 0.048 0.752
38 0.752 0.048 0.704
41 0.8 0.048 0.752
56 0.8 0.048 0.752
58 0.752 0.048 0.704
73 0.752 0.048 0.704
17 0.8 0.048 0.752
29 0.8 0.048 0.752
78 0.8 0.048 0.752
39 0.8 0.048 0.752
2 0.8 0.048 0.752
5 0.8 0.048 0.752
18 0.8 0.048 0.752
70 0.8 0.048 0.752
22 0.8 0.048 0.752
31 0.8 0.048 0.752
51 0.8 0.048 0.752
11 0.8 0.048 0.752
35 0.8 0.048 0.752
62 0.8 0.048 0.752
38 0.8 0.048 0.752
20 0.8 0.048 0.752
26 0.8 0.048 0.752
37 0.8 0.048 0.752
58 0.8 0.048 0.752
73 0.8 0.048 0.752
70 0.8 0.048 0.752
18 0.8 0.048 0.752
28 0.8 0.048 0.752
39 0.8 0.048 0.752
69 0.8 0.048 0.752
46 0.8 0.048 0.752
47 0.8 0.048 0.752
5 0.8 0.048 0.752
2 0.8 0.048 0.752
18 0.8 0.048 0.752
71 0.8 0.048 0.752
12 0.773095 0.048 0.725095
27 0.782245 0.048 0.734245
36 0.726586 0.048 0.678586
54 0.8 0.048 0.752
71 0.752 0.096 0.656
71 0.656 0.16 0.496
12 0.725095 0.16 0.565095
27 0.734245 0.16 0.574245
36 0.678586 0.16 0.518586
36 0.518586 0.016 0.502586
71 0.496 0.016 0.48
36 0.502586 0.048 0.454586
12 0.565095 0.048 0.517095
27 0.574245 0.048 0.526245
54 0.752 0.048 0.704
71 0.48 0.048 0.432
36 0.454586 0.048 0.406586
36 0.406586 0.16 0.246586
54 0.704 0.16 0.544
54 0.544 0.016 0.528
71 0.432 0.016 0.416
54 0.528 0.048 0.48
12 0.517095 0.048 0.469095
36 0.246586 0.048 0.198586
71 0.416 0.048 0.368
12 0.469095 0.16 0.309095
27 0.526245 0.16 0.366245
54 0.48 0.16 0.32
71 0.368 0.16 0.208
47 0.752 0.048 0.704
46 0.752 0.048 0.704
43 0.8 0.048 0.752
3 0.8 0.048 0.752
14 0.8 0.048 0.752
19 0.8 0.048 0.752
68 0.8 0.048 0.752
34 0.8 0.048 0.752
59 0.8 0.048 0.752
76 0.8 0.048 0.752
15 0.8 0.048 0.752
40 0.8 0.048 0.752
65 0.8 0.048 0.752
21 0.8 0.048 0.752
24 0.8 0.048 0.752
61 0.8 0.048 0.752
75 0.8 0.048 0.752
79 0.8 0.048 0.752
4 0.8 0.048 0.752
13 0.8 0.048 0.752
25 0.8 0.048 0.752
28 0.8 0.048 0.752
72 0.8 0.048 0.752
7 0.8 0.048 0.752
31 0.8 0.048 0.752
22 0.8 0.048 0.752
30 0.8 0.048 0.752
29 0.8 0.048 0.752
45 0.8 0.048 0.752
77 0.8 0.048 0.752
63 0.8 0.048 0.752
66 0.8 0.048 0.752
73 0.8 0.048 0.752
20 0.8 0.048 0.752
26 0.8 0.048 0.752
37 0.8 0.048 0.752
38 0.8 0.048 0.752
58 0.8 0.048 0.752
73 0.752 0.048 0.704
73 0.704 0.16 0.544
20 0.752 0.16 0.592
26 0.752 0.16 0.592
37 0.752 0.16 0.592
38 0.752 0.16 0.592
58 0.752 0.16 0.592
67 0.8 0.048 0.752
80 0.8 0.048 0.752
62 0.8 0.048 0.752
16 0.8 0.048 0.752
33 0.8 0.048 0.752
35 0.8 0.048 0.752
51 0.8 0.048 0.752
74 0.8 0.048 0.752
26 0.592 0.048 0.544
6 0.8 0.048 0.752
37 0.669563 0.048 0.621563
38 0.592 0.048 0.544
41 0.8 0.048 0.752
56 0.8 0.048 0.752
58 0.592 0.048 0.544
73 0.544 0.048 0.496
26 0.544 0.048 0.496
26 0.496 0.16 0.336
26 0.336 0.016 0.32
6 0.752 0.16 0.592
37 0.621563 0.16 0.461563
38 0.544 0.16 0.384
41 0.752 0.16 0.592
56 0.752 0.16 0.592
58 0.544 0.16 0.384
73 0.496 0.16 0.336
17 0.8 0.048 0.752
29 0.8 0.048 0.752
45 0.8 0.048 0.752
78 0.8 0.048 0.752
39 0.8 0.048 0.752
2 0.8 0.048 0.752
18 0.8 0.048 0.752
69 0.8 0.048 0.752
70 0.8 0.048 0.752
22 0.8 0.048 0.752
31 0.8 0.048 0.752
51 0.8 0.048 0.752
11 0.8 0.048 0.752
35 0.8 0.048 0.752
62 0.8 0.048 0.752
38 0.539151 0.048 0.491151
20 0.735425 0.048 0.687425
26 0.475064 0.048 0.427064
37 0.610447 0.048 0.562447
41 0.74352 0.048 0.69552
58 0.605488 0.048 0.557488
73 0.560397 0.048 0.512397
38 0.491151 0.048 0.443151
38 0.443151 0.16 0.283151
20 0.687425 0.16 0.527425
26 0.427064 0.16 0.267064
37 0.562447 0.16 0.402447
41 0.69552 0.16 0.53552
58 0.557488 0.16 0.397488
73 0.512397 0.16 0.352397
70 0.8 0.048 0.752
18 0.8 0.048 0.752
28 0.8 0.048 0.752
39 0.8 0.048 0.752
69 0.8 0.048 0.752
72 0.8 0.048 0.752
46 0.8 0.048 0.752
47 0.8 0.048 0.752
5 0.8 0.048 0.752
2 0.8 0.048 0.752
18 0.8 0.048 0.752
54 0.690858 0.048 0.642858
12 0.679277 0.048 0.631277
36 0.561837 0.048 0.513837
71 0.591599 0.048 0.543599
47 0.752 0.048 0.704
46 0.752 0.048 0.704
43 0.8 0.048 0.752
3 0.8 0.048 0.752
14 0.8 0.048 0.752
19 0.8 0.048 0.752
68 0.8 0.048 0.752
34 0.8 0.048 0.752
59 0.8 0.048 0.752
76 0.8 0.048 0.752
15 0.8 0.048 0.752
40 0.8 0.048 0.752
65 0.8 0.048 0.752
21 0.8 0.048 0.752
24 0.8 0.048 0.752
61 0.8 0.048 0.752
75 0.8 0.048 0.752
79 0.8 0.048 0.752
4 0.8 0.048 0.752
13 0.8 0.048 0.752
25 0.8 0.048 0.752
28 0.8 0.048 0.752
72 0.8 0.048 0.752
7 0.8 0.048 0.752
31 0.8 0.048 0.752
22 0.8 0.048 0.752
30 0.8 0.048 0.752
45 0.8 0.048 0.752
77 0.8 0.048 0.752
63 0.8 0.048 0.752
66 0.8 0.048 0.752
67 0.8 0.048 0.752
80 0.8 0.048 0.752
62 0.8 0.048 0.752
16 0.8 0.048 0.752
33 0.8 0.048 0.752
35 0.8 0.048 0.752
51 0.8 0.048 0.752
74 0.8 0.048 0.752
17 0.8 0.048 0.752
49 0.8 0.048 0.752
29 0.8 0.048 0.752
45 0.8 0.048 0.752
78 0.8 0.048 0.752
39 0.8 0.048 0.752
2 0.8 0.048 0.752
18 0.8 0.048 0.752
69 0.8 0.048 0.752
70 0.8 0.048 0.752
39 0.752 0.048 0.704
39 0.704 0.16 0.544
39 0.544 0.016 0.528
2 0.752 0.16 0.592
18 0.752 0.16 0.592
69 0.752 0.16 0.592
70 0.752 0.16 0.592
22 0.8 0.048 0.752
31 0.8 0.048 0.752
51 0.8 0.048 0.752
11 0.8 0.048 0.752
35 0.8 0.048 0.752
62 0.8 0.048 0.752
70 0.667927 0.048 0.619927
18 0.662437 0.048 0.614437
39 0.598476 0.048 0.550476
69 0.662303 0.048 0.614303
70 0.619927 0.096 0.523927
70 0.523927 0.16 0.363927
70 0.363927 0.016 0.347927
18 0.614437 0.16 0.454437
39 0.550476 0.16 0.390476
69 0.614303 0.16 0.454303
46 0.8 0.048 0.752
47 0.8 0.048 0.752
5 0.8 0.048 0.752
2 0.671838 0.048 0.623838
18 0.532431 0.048 0.484431
54 0.8 0.048 0.752
12 0.8 0.048 0.752
36 0.8 0.048 0.752
71 0.8 0.048 0.752
47 0.752 0.048 0.704
46 0.752 0.048 0.704
43 0.8 0.048 0.752
3 0.8 0.048 0.752
14 0.8 0.048 0.752
19 0.8 0.048 0.752
68 0.8 0.048 0.752
34 0.8 0.048 0.752
59 0.8 0.048 0.752
76 0.8 0.048 0.752
15 0.8 0.048 0.752
40 0.8 0.048 0.752
65 0.8 0.048 0.752
21 0.8 0.048 0.752
24 0.8 0.048 0.752
32 0.8 0.048 0.752
75 0.8 0.048 0.752
79 0.8 0.048 0.752
4 0.8 0.048 0.752
13 0.8 0.048 0.752
25 0.8 0.048 0.752
28 0.8 0.048 0.752
72 0.8 0.048 0.752
7 0.8 0.048 0.752
31 0.8 0.048 0.752
22 0.8 0.048 0.752
31 0.752 0.048 0.704
31 0.704 0.16 0.544
31 0.544 0.016 0.528
22 0.752 0.16 0.592
30 0.8 0.048 0.752
29 0.8 0.048 0.752
45 0.8 0.048 0.752
77 0.8 0.048 0.752
63 0.8 0.048 0.752
66 0.8 0.048 0.752
67 0.8 0.048 0.752
80 0.8 0.048 0.752
62 0.8 0.048 0.752
16 0.8 0.048 0.752
35 0.8 0.048 0.752
51 0.8 0.048 0.752
74 0.8 0.048 0.752
17 0.8 0.048 0.752
49 0.8 0.048 0.752
29 0.8 0.048 0.752
78 0.8 0.048 0.752
22 0.736512 0.048 0.688512
31 0.673924 0.048 0.625924
22 0.688512 0.096 0.592512
22 0.592512 0.16 0.432512
22 0.432512 0.016 0.416512
31 0.625924 0.16 0.465924
51 0.8 0.048 0.752
11 0.8 0.048 0.752
16 0.8 0.048 0.752
35 0.8 0.048 0.752
62 0.8 0.048 0.752
46 0.8 0.048 0.752
47 0.8 0.048 0.752
5 0.8 0.048 0.752
2 0.8 0.048 0.752
18 0.8 0.048 0.752
54 0.8 0.048 0.752
12 0.8 0.048 0.752
36 0.8 0.048 0.752
71 0.8 0.048 0.752
47 0.752 0.048 0.704
46 0.752 0.048 0.704
43 0.8 0.048 0.752
3 0.8 0.048 0.752
14 0.8 0.048 0.752
19 0.8 0.048 0.752
42 0.8 0.048 0.752
68 0.8 0.048 0.752
34 0.8 0.048 0.752
59 0.8 0.048 0.752
34 0.752 0.048 0.704
34 0.704 0.16 0.544
34 0.544 0.016 0.528
59 0.752 0.16 0.592
76 0.8 0.048 0.752
15 0.8 0.048 0.752
40 0.8 0.048 0.752
65 0.8 0.048 0.752
21 0.8 0.048 0.752
24 0.8 0.048 0.752
32 0.8 0.048 0.752
61 0.8 0.048 0.752
75 0.8 0.048 0.752
79 0.8 0.048 0.752
4 0.8 0.048 0.752
13 0.8 0.048 0.752
25 0.8 0.048 0.752
28 0.8 0.048 0.752
72 0.8 0.048 0.752
7 0.8 0.048 0.752
30 0.8 0.048 0.752
45 0.8 0.048 0.752
77 0.8 0.048 0.752
63 0.8 0.048 0.752
66 0.8 0.048 0.752
67 0.8 0.048 0.752
9 0.8 0.048 0.752
50 0.8 0.048 0.752
80 0.8 0.048 0.752
67 0.752 0.048 0.704
67 0.704 0.16 0.544
9 0.752 0.16 0.592
50 0.752 0.16 0.592
50 0.592 0.016 0.576
67 0.544 0.016 0.528
50 0.576 0.048 0.528
9 0.592 0.048 0.544
11 0.8 0.048 0.752
67 0.528 0.048 0.48
80 0.752 0.16 0.592
62 0.8 0.048 0.752
16 0.8 0.048 0.752
33 0.8 0.048 0.752
35 0.8 0.048 0.752
51 0.8 0.048 0.752
74 0.8 0.048 0.752
17 0.8 0.048 0.752
49 0.8 0.048 0.752
29 0.8 0.048 0.752
78 0.8 0.048 0.752
51 0.8 0.048 0.752
11 0.8 0.048 0.752
16 0.8 0.048 0.752
35 0.8 0.048 0.752
62 0.8 0.048 0.752
46 0.8 0.048 0.752
47 0.8 0.048 0.752
5 0.8 0.048 0.752
2 0.8 0.048 0.752
18 0.8 0.048 0.752
54 0.8 0.048 0.752
12 0.8 0.048 0.752
27 0.8 0.048 0.752
36 0.8 0.048 0.752
71 0.8 0.048 0.752
47 0.752 0.048 0.704
46 0.752 0.048 0.704
43 0.8 0.048 0.752
3 0.8 0.048 0.752
14 0.8 0.048 0.752
19 0.8 0.048 0.752
68 0.8 0.048 0.752
43 0.752 0.048 0.704
43 0.704 0.16 0.544
43 0.544 0.016 0.528
3 0.752 0.16 0.592
14 0.752 0.16 0.592
19 0.752 0.16 0.592
68 0.752 0.16 0.592
76 0.8 0.048 0.752
15 0.8 0.048 0.752
40 0.8 0.048 0.752
65 0.8 0.048 0.752
21 0.8 0.048 0.752
24 0.8 0.048 0.752
32 0.8 0.048 0.752
61 0.8 0.048 0.752
75 0.8 0.048 0.752
79 0.8 0.048 0.752
4 0.8 0.048 0.752
13 0.8 0.048 0.752
25 0.8 0.048 0.752
28 0.8 0.048 0.752
72 0.8 0.048 0.752
7 0.8 0.048 0.752
30 0.8 0.048 0.752
45 0.8 0.048 0.752
77 0.8 0.048 0.752
63 0.8 0.048 0.752
66 0.8 0.048 0.752
50 0.8 0.048 0.752
9 0.8 0.048 0.752
11 0.8 0.048 0.752
67 0.8 0.048 0.752
62 0.8 0.048 0.752
16 0.8 0.048 0.752
33 0.8 0.048 0.752
35 0.8 0.048 0.752
51 0.8 0.048 0.752
74 0.8 0.048 0.752
62 0.752 0.048 0.704
62 0.704 0.16 0.544
62 0.544 0.016 0.528
16 0.752 0.16 0.592
33 0.752 0.16 0.592
35 0.752 0.16 0.592
51 0.752 0.16 0.592
74 0.752 0.16 0.592
17 0.8 0.048 0.752
49 0.8 0.048 0.752
29 0.8 0.048 0.752
45 0.8 0.048 0.752
78 0.8 0.048 0.752
51 0.746264 0.048 0.698264
11 0.8 0.048 0.752
16 0.662594 0.048 0.614594
35 0.665674 0.048 0.617674
62 0.673206 0.048 0.625206
74 0.7439 0.048 0.6959
51 0.698264 0.096 0.602264
51 0.602264 0.16 0.442264
51 0.442264 0.016 0.426264
11 0.752 0.16 0.592
16 0.614594 0.16 0.454594
35 0.617674 0.16 0.457674
62 0.625206 0.16 0.465206
74 0.6959 0.16 0.5359
46 0.8 0.048 0.752
47 0.8 0.048 0.752
5 0.8 0.048 0.752
2 0.8 0.048 0.752
18 0.8 0.048 0.752
54 0.8 0.048 0.752
12 0.8 0.048 0.752
27 0.8 0.048 0.752
36 0.8 0.048 0.752
71 0.8 0.048 0.752
47 0.752 0.048 0.704
46 0.752 0.048 0.704
76 0.8 0.048 0.752
15 0.8 0.048 0.752
40 0.8 0.048 0.752
65 0.8 0.048 0.752
21 0.8 0.048 0.752
24 0.8 0.048 0.752
61 0.8 0.048 0.752
75 0.8 0.048 0.752
79 0.8 0.048 0.752
4 0.8 0.048 0.752
13 0.8 0.048 0.752
25 0.8 0.048 0.752
28 0.8 0.048 0.752
72 0.8 0.048 0.752
7 0.8 0.048 0.752
30 0.8 0.048 0.752
45 0.8 0.048 0.752
80 0.8 0.048 0.752
77 0.8 0.048 0.752
63 0.8 0.048 0.752
66 0.8 0.048 0.752
50 0.8 0.048 0.752
9 0.8 0.048 0.752
11 0.8 0.048 0.752
17 0.8 0.048 0.752
49 0.8 0.048 0.752
29 0.8 0.048 0.752
45 0.8 0.048 0.752
78 0.8 0.048 0.752
29 0.752 0.048 0.704
29 0.704 0.16 0.544
29 0.544 0.016 0.528
45 0.752 0.16 0.592
78 0.752 0.16 0.592
46 0.8 0.048 0.752
47 0.8 0.048 0.752
5 0.8 0.048 0.752
2 0.8 0.048 0.752
18 0.8 0.048 0.752
54 0.8 0.048 0.752
12 0.8 0.048 0.752
36 0.8 0.048 0.752
71 0.8 0.048 0.752
47 0.752 0.048 0.704
46 0.752 0.048 0.704
76 0.8 0.048 0.752
15 0.8 0.048 0.752
40 0.8 0.048 0.752
65 0.8 0.048 0.752
24 0.8 0.048 0.752
61 0.8 0.048 0.752
75 0.8 0.048 0.752
79 0.8 0.048 0.752
4 0.8 0.048 0.752
13 0.8 0.048 0.752
25 0.8 0.048 0.752
28 0.8 0.048 0.752
69 0.8 0.048 0.752
72 0.8 0.048 0.752
7 0.8 0.048 0.752
30 0.8 0.048 0.752
45 0.8 0.048 0.752
80 0.8 0.048 0.752
77 0.8 0.048 0.752
63 0.8 0.048 0.752
66 0.8 0.048 0.752
50 0.8 0.048 0.752
9 0.8 0.048 0.752
11 0.8 0.048 0.752
17 0.8 0.048 0.752
49 0.8 0.048 0.752
17 0.752 0.048 0.704
17 0.704 0.16 0.544
17 0.544 0.016 0.528
49 0.752 0.16 0.592
46 0.8 0.048 0.752
47 0.8 0.048 0.752
5 0.8 0.048 0.752
2 0.8 0.048 0.752
54 0.8 0.048 0.752
12 0.8 0.048 0.752
36 0.8 0.048 0.752
71 0.8 0.048 0.752
47 0.752 0.048 0.704
46 0.752 0.048 0.704
76 0.8 0.048 0.752
15 0.8 0.048 0.752
40 0.8 0.048 0.752
65 0.8 0.048 0.752
21 0.8 0.048 0.752
24 0.8 0.048 0.752
32 0.8 0.048 0.752
61 0.8 0.048 0.752
75 0.8 0.048 0.752
79 0.8 0.048 0.752
4 0.8 0.048 0.752
13 0.8 0.048 0.752
25 0.8 0.048 0.752
28 0.8 0.048 0.752
69 0.8 0.048 0.752
72 0.8 0.048 0.752
7 0.8 0.048 0.752
30 0.8 0.048 0.752
45 0.8 0.048 0.752
80 0.8 0.048 0.752
77 0.8 0.048 0.752
66 0.8 0.048 0.752
50 0.8 0.048 0.752
9 0.8 0.048 0.752
11 0.8 0.048 0.752
46 0.8 0.048 0.752
47 0.8 0.048 0.752
5 0.8 0.048 0.752
2 0.8 0.048 0.752
54 0.8 0.048 0.752
12 0.8 0.048 0.752
27 0.8 0.048 0.752
36 0.8 0.048 0.752
71 0.8 0.048 0.752
47 0.752 0.048 0.704
46 0.752 0.048 0.704
76 0.8 0.048 0.752
15 0.8 0.048 0.752
40 0.8 0.048 0.752
65 0.8 0.048 0.752
21 0.8 0.048 0.752
24 0.8 0.048 0.752
61 0.8 0.048 0.752
75 0.8 0.048 0.752
79 0.8 0.048 0.752
4 0.8 0.048 0.752
13 0.8 0.048 0.752
25 0.8 0.048 0.752
28 0.8 0.048 0.752
69 0.8 0.048 0.752
72 0.8 0.048 0.752
7 0.8 0.048 0.752
30 0.8 0.048 0.752
45 0.8 0.048 0.752
80 0.8 0.048 0.752
77 0.8 0.048 0.752
66 0.8 0.048 0.752
50 0.8 0.048 0.752
9 0.8 0.048 0.752
11 0.8 0.048 0.752
46 0.8 0.048 0.752
47 0.8 0.048 0.752
5 0.8 0.048 0.752
2 0.8 0.048 0.752
54 0.8 0.048 0.752
12 0.8 0.048 0.752
27 0.8 0.048 0.752
36 0.8 0.048 0.752
71 0.8 0.048 0.752
47 0.752 0.048 0.704
46 0.752 0.048 0.704
76 0.8 0.048 0.752
15 0.8 0.048 0.752
40 0.8 0.048 0.752
65 0.8 0.048 0.752
21 0.8 0.048 0.752
24 0.8 0.048 0.752
32 0.8 0.048 0.752
61 0.8 0.048 0.752
75 0.8 0.048 0.752
79 0.8 0.048 0.752
4 0.8 0.048 0.752
13 0.8 0.048 0.752
25 0.8 0.048 0.752
28 0.8 0.048 0.752
72 0.8 0.048 0.752
7 0.8 0.048 0.752
30 0.8 0.048 0.752
45 0.8 0.048 0.752
80 0.8 0.048 0.752
77 0.8 0.048 0.752
66 0.8 0.048 0.752
50 0.8 0.048 0.752
9 0.8 0.048 0.752
11 0.8 0.048 0.752
67 0.8 0.048 0.752
46 0.8 0.048 0.752
47 0.8 0.048 0.752
46 0.752 0.048 0.704
46 0.704 0.16 0.544
46 0.544 0.016 0.528
47 0.752 0.16 0.592
5 0.8 0.048 0.752
2 0.8 0.048 0.752
54 0.8 0.048 0.752
12 0.8 0.048 0.752
27 0.8 0.048 0.752
36 0.8 0.048 0.752
71 0.8 0.048 0.752
47 0.592 0.048 0.544
46 0.528 0.048 0.48
47 0.544 0.048 0.496
47 0.496 0.16 0.336
47 0.336 0.016 0.32
46 0.48 0.16 0.32
