77 256
63 256
66 256
23 256
1 256
44 256
70 257
18 257
28 257
39 257
69 257
2 257
4 257
13 257
42 258
16 258
33 258
68 258
3 258
14 258
17 259
48 260
36 261
27 261
53 261
71 261
52 261
55 261
12 261
32 261
19 263
76 264
15 264
40 264
34 264
59 264
64 264
10 264
65 265
21 265
24 265
22 266
25 257
57 262
30 269
45 269
67 269
9 269
11 269
50 269
35 269
62 269
74 269
23 271
60 271
66 271
26 272
37 272
38 272
41 272
56 272
20 272
29 274
78 274
40 267
64 268
79 277
69 277
70 277
39 277
80 278
34 279
59 279
35 270
53 273
11 275
7 259
68 281
19 281
38 282
67 283
51 284
70 286
72 286
13 286
58 282
50 287
9 287
56 285
61 276
55 280
36 288
71 288
72 289
60 291
46 292
47 292
75 294
6 272
78 295
7 296
71 290
47 293
65 294
61 294
26 298
79 286
65 297
5 277
22 299
75 297
76 267
39 286
64 301
40 300
42 281
43 281
70 289
61 308
68 309
70 310
72 310
50 303
8 264
49 274
10 268
17 296
6 311
78 312
49 312
23 291
66 291
60 305
72 314
55 294
36 290
54 261
71 315
36 315
73 272
26 311
38 298
39 289
70 314
31 266
22 313
34 307
67 302
43 264
62 284
51 304
29 295
17 312
46 293
47 306
