50 0.8 0.048 0.752
4 0.8 0.048 0.752
13 0.8 0.048 0.752
25 0.8 0.048 0.752
27 0.8 0.048 0.752
45 0.8 0.048 0.752
49 0.8 0.048 0.752
50 0.752 0.288 0.464
50 0.464 0.16 0.304
4 0.752 0.16 0.592
4 0.592 0.016 0.576
50 0.304 0.016 0.288
4 0.576 0.048 0.528
13 0.752 0.048 0.704
27 0.752 0.048 0.704
45 0.752 0.048 0.704
50 0.288 0.048 0.24
4 0.528 0.144 0.384
4 0.384 0.16 0.224
13 0.704 0.16 0.544
13 0.544 0.016 0.528
50 0.24 0.016 0.224
13 0.528 0.048 0.48
4 0.224 0.048 0.176
27 0.704 0.048 0.656
50 0.224 0.048 0.176
13 0.48 0.048 0.432
13 0.432 0.16 0.272
25 0.752 0.16 0.592
25 0.592 0.016 0.576
50 0.176 0.016 0.16
25 0.576 0.048 0.528
27 0.656 0.048 0.608
45 0.704 0.048 0.656
49 0.752 0.048 0.704
50 0.16 0.048 0.112
25 0.528 0.144 0.384
25 0.384 0.16 0.224
27 0.608 0.16 0.448
45 0.656 0.16 0.496
49 0.704 0.16 0.544
49 0.544 0.016 0.528
50 0.112 0.016 0.096
49 0.528 0.048 0.48
25 0.224 0.048 0.176
45 0.496 0.048 0.448
50 0.096 0.048 0.048
13 0.272 0.16 0.112
4 0.176 0.16 0.016
27 0.448 0.16 0.288
45 0.448 0.16 0.288
49 0.48 0.16 0.32
50 0.048 0.16 -0.112
9 0.8 0.048 0.752
46 0.8 0.048 0.752
56 0.8 0.048 0.752
9 0.752 0.096 0.656
9 0.656 0.16 0.496
46 0.752 0.16 0.592
46 0.592 0.016 0.576
9 0.496 0.016 0.48
46 0.576 0.048 0.528
9 0.48 0.048 0.432
56 0.752 0.048 0.704
46 0.528 0.048 0.48
46 0.48 0.16 0.32
56 0.704 0.16 0.544
56 0.544 0.016 0.528
9 0.432 0.016 0.416
56 0.528 0.048 0.48
9 0.416 0.048 0.368
46 0.32 0.048 0.272
9 0.368 0.16 0.208
56 0.48 0.16 0.32
57 0.8 0.048 0.752
14 0.8 0.048 0.752
44 0.8 0.048 0.752
57 0.752 0.096 0.656
57 0.656 0.16 0.496
14 0.752 0.16 0.592
14 0.592 0.016 0.576
57 0.496 0.016 0.48
14 0.576 0.048 0.528
33 0.8 0.048 0.752
44 0.752 0.048 0.704
57 0.48 0.048 0.432
14 0.528 0.096 0.432
14 0.432 0.16 0.272
44 0.704 0.16 0.544
44 0.544 0.016 0.528
57 0.432 0.016 0.416
44 0.528 0.048 0.48
14 0.272 0.048 0.224
33 0.752 0.048 0.704
57 0.416 0.048 0.368
44 0.48 0.048 0.432
44 0.432 0.16 0.272
44 0.272 0.16 0.112
14 0.224 0.16 0.064
33 0.704 0.16 0.544
33 0.544 0.016 0.528
44 0.112 0.016 0.096
33 0.528 0.048 0.48
14 0.064 0.048 0.016
16 0.8 0.048 0.752
44 0.096 0.048 0.048
33 0.48 0.048 0.432
33 0.432 0.16 0.272
57 0.368 0.16 0.208
14 0.016 0.16 -0.144
16 0.752 0.16 0.592
16 0.592 0.016 0.576
33 0.272 0.016 0.256
16 0.576 0.048 0.528
19 0.8 0.048 0.752
33 0.256 0.048 0.208
54 0.8 0.048 0.752
16 0.528 0.096 0.432
16 0.432 0.16 0.272
44 0.048 0.16 -0.112
19 0.752 0.16 0.592
19 0.592 0.016 0.576
16 0.272 0.016 0.256
19 0.576 0.048 0.528
16 0.256 0.048 0.208
54 0.752 0.048 0.704
19 0.528 0.048 0.48
19 0.48 0.16 0.32
33 0.208 0.16 0.048
54 0.704 0.16 0.544
54 0.544 0.016 0.528
16 0.208 0.016 0.192
54 0.528 0.048 0.48
16 0.192 0.048 0.144
19 0.32 0.048 0.272
16 0.144 0.16 -0.016
54 0.48 0.16 0.32
2 0.8 0.048 0.752
42 0.8 0.048 0.752
2 0.752 0.048 0.704
2 0.704 0.16 0.544
42 0.752 0.16 0.592
42 0.592 0.016 0.576
2 0.544 0.016 0.528
42 0.576 0.048 0.528
2 0.528 0.048 0.48
23 0.8 0.048 0.752
5 0.8 0.048 0.752
21 0.8 0.048 0.752
24 0.8 0.048 0.752
35 0.8 0.048 0.752
23 0.752 0.192 0.56
23 0.56 0.16 0.4
5 0.752 0.16 0.592
5 0.592 0.016 0.576
23 0.4 0.016 0.384
5 0.576 0.048 0.528
23 0.384 0.048 0.336
24 0.752 0.048 0.704
35 0.752 0.048 0.704
5 0.528 0.096 0.432
5 0.432 0.16 0.272
21 0.752 0.16 0.592
21 0.592 0.016 0.576
23 0.336 0.016 0.32
21 0.576 0.048 0.528
23 0.32 0.048 0.272
35 0.704 0.048 0.656
21 0.528 0.048 0.48
21 0.48 0.16 0.32
24 0.704 0.16 0.544
24 0.544 0.016 0.528
23 0.272 0.016 0.256
24 0.528 0.048 0.48
5 0.272 0.048 0.224
23 0.256 0.048 0.208
35 0.656 0.048 0.608
24 0.48 0.048 0.432
24 0.432 0.16 0.272
35 0.608 0.16 0.448
24 0.272 0.16 0.112
5 0.224 0.16 0.064
23 0.208 0.16 0.048
35 0.448 0.16 0.288
55 0.8 0.048 0.752
29 0.8 0.048 0.752
55 0.752 0.048 0.704
55 0.704 0.16 0.544
29 0.752 0.16 0.592
29 0.592 0.016 0.576
55 0.544 0.016 0.528
29 0.576 0.048 0.528
55 0.528 0.048 0.48
49 0.69402 0.048 0.64602
25 0.54984 0.048 0.50184
45 0.670386 0.048 0.622386
50 0.389647 0.048 0.341647
49 0.64602 0.048 0.59802
49 0.59802 0.16 0.43802
25 0.50184 0.16 0.34184
45 0.622386 0.16 0.462386
50 0.341647 0.16 0.181647
56 0.702254 0.048 0.654254
9 0.586777 0.048 0.538777
46 0.637933 0.048 0.589933
27 0.722878 0.048 0.674878
4 0.399342 0.048 0.351342
13 0.486895 0.048 0.438895
25 0.417289 0.048 0.369289
50 0.181647 0.048 0.133647
54 0.686575 0.048 0.638575
16 0.369025 0.048 0.321025
19 0.652602 0.048 0.604602
28 0.8 0.048 0.752
54 0.638575 0.048 0.590575
54 0.590575 0.16 0.430575
16 0.321025 0.16 0.161025
19 0.604602 0.16 0.444602
28 0.752 0.16 0.592
28 0.592 0.016 0.576
54 0.430575 0.016 0.414575
28 0.576 0.048 0.528
3 0.8 0.048 0.752
26 0.8 0.048 0.752
31 0.8 0.048 0.752
39 0.8 0.048 0.752
54 0.414575 0.048 0.366575
28 0.528 0.192 0.336
28 0.336 0.16 0.176
3 0.752 0.16 0.592
3 0.592 0.016 0.576
28 0.176 0.016 0.16
3 0.576 0.048 0.528
12 0.8 0.048 0.752
26 0.752 0.048 0.704
28 0.16 0.048 0.112
31 0.752 0.048 0.704
39 0.752 0.048 0.704
53 0.8 0.048 0.752
3 0.528 0.24 0.288
3 0.288 0.16 0.128
26 0.704 0.16 0.544
26 0.544 0.016 0.528
28 0.112 0.016 0.096
26 0.528 0.048 0.48
3 0.128 0.048 0.08
12 0.752 0.048 0.704
28 0.096 0.048 0.048
31 0.704 0.048 0.656
39 0.704 0.048 0.656
53 0.752 0.048 0.704
26 0.48 0.192 0.288
26 0.288 0.16 0.128
31 0.656 0.16 0.496
39 0.656 0.16 0.496
54 0.366575 0.16 0.206575
26 0.128 0.16 -0.032
3 0.08 0.16 -0.08
12 0.704 0.16 0.544
12 0.544 0.016 0.528
26 0 0.016 -0.016
12 0.528 0.048 0.48
3 0 0.048 -0.048
26 0 0.048 -0.048
39 0.496 0.048 0.448
53 0.704 0.048 0.656
12 0.48 0.048 0.432
12 0.432 0.16 0.272
28 0.048 0.16 -0.112
31 0.496 0.16 0.336
39 0.448 0.16 0.288
53 0.656 0.16 0.496
3 0 0.16 -0.16
26 0 0.16 -0.16
39 0.288 0.16 0.128
53 0.496 0.16 0.336
42 0.8 0.048 0.752
2 0.8 0.048 0.752
37 0.8 0.048 0.752
7 0.8 0.048 0.752
37 0.752 0.048 0.704
37 0.704 0.16 0.544
7 0.752 0.16 0.592
7 0.592 0.016 0.576
37 0.544 0.016 0.528
7 0.576 0.048 0.528
32 0.8 0.048 0.752
37 0.528 0.048 0.48
7 0.528 0.048 0.48
7 0.48 0.16 0.32
32 0.752 0.16 0.592
32 0.592 0.016 0.576
7 0.32 0.016 0.304
32 0.576 0.048 0.528
7 0.304 0.048 0.256
38 0.8 0.048 0.752
52 0.8 0.048 0.752
32 0.528 0.096 0.432
32 0.432 0.16 0.272
37 0.48 0.16 0.32
7 0.256 0.16 0.096
38 0.752 0.16 0.592
38 0.592 0.016 0.576
32 0.272 0.016 0.256
38 0.576 0.048 0.528
32 0.256 0.048 0.208
52 0.752 0.048 0.704
38 0.528 0.048 0.48
38 0.48 0.16 0.32
52 0.704 0.16 0.544
52 0.544 0.016 0.528
32 0.208 0.016 0.192
52 0.528 0.048 0.48
32 0.192 0.048 0.144
38 0.32 0.048 0.272
48 0.8 0.048 0.752
52 0.48 0.048 0.432
52 0.432 0.16 0.272
52 0.272 0.16 0.112
32 0.144 0.16 -0.016
38 0.272 0.16 0.112
48 0.752 0.16 0.592
48 0.592 0.016 0.576
52 0.112 0.016 0.096
48 0.576 0.048 0.528
52 0.096 0.048 0.048
29 0.8 0.048 0.752
55 0.8 0.048 0.752
34 0.8 0.048 0.752
40 0.8 0.048 0.752
60 0.8 0.048 0.752
34 0.752 0.096 0.656
34 0.656 0.16 0.496
40 0.752 0.16 0.592
40 0.592 0.016 0.576
34 0.496 0.016 0.48
40 0.576 0.048 0.528
8 0.8 0.048 0.752
34 0.48 0.048 0.432
60 0.752 0.048 0.704
40 0.528 0.096 0.432
40 0.432 0.16 0.272
60 0.704 0.16 0.544
60 0.544 0.016 0.528
34 0.432 0.016 0.416
60 0.528 0.048 0.48
8 0.752 0.048 0.704
34 0.416 0.048 0.368
40 0.272 0.048 0.224
60 0.48 0.048 0.432
60 0.432 0.16 0.272
60 0.272 0.16 0.112
8 0.704 0.16 0.544
8 0.544 0.016 0.528
60 0.112 0.016 0.096
8 0.528 0.048 0.48
40 0.224 0.048 0.176
45 0.8 0.048 0.752
49 0.8 0.048 0.752
60 0.096 0.048 0.048
8 0.48 0.048 0.432
8 0.432 0.16 0.272
34 0.368 0.16 0.208
40 0.176 0.16 0.016
40 0.016 0.16 -0.144
45 0.752 0.16 0.592
45 0.592 0.016 0.576
8 0.272 0.016 0.256
45 0.576 0.048 0.528
8 0.256 0.048 0.208
25 0.669514 0.048 0.621514
49 0.752 0.048 0.704
50 0.511151 0.048 0.463151
49 0.704 0.16 0.544
60 0.048 0.16 -0.112
56 0.8 0.048 0.752
9 0.8 0.048 0.752
46 0.8 0.048 0.752
27 0.8 0.048 0.752
4 0.722126 0.048 0.674126
13 0.8 0.048 0.752
50 0.463151 0.048 0.415151
54 0.659889 0.048 0.611889
16 0.534445 0.048 0.486445
19 0.8 0.048 0.752
42 0.8 0.048 0.752
2 0.8 0.048 0.752
48 0.8 0.048 0.752
52 0.421287 0.048 0.373287
29 0.8 0.048 0.752
55 0.8 0.048 0.752
16 0.633286 0.048 0.585286
19 0.8 0.048 0.752
33 0.8 0.048 0.752
54 0.755727 0.048 0.707727
16 0.585286 0.048 0.537286
16 0.537286 0.16 0.377286
19 0.752 0.16 0.592
33 0.752 0.16 0.592
33 0.592 0.016 0.576
16 0.377286 0.016 0.361286
33 0.576 0.048 0.528
14 0.8 0.048 0.752
16 0.361286 0.048 0.313286
44 0.8 0.048 0.752
33 0.528 0.048 0.48
33 0.48 0.16 0.32
54 0.707727 0.16 0.547727
14 0.752 0.16 0.592
16 0.313286 0.16 0.153286
44 0.752 0.16 0.592
44 0.592 0.016 0.576
33 0.32 0.016 0.304
44 0.576 0.048 0.528
14 0.592 0.048 0.544
33 0.304 0.048 0.256
57 0.8 0.048 0.752
44 0.528 0.048 0.48
44 0.48 0.16 0.32
14 0.544 0.16 0.384
33 0.256 0.16 0.096
57 0.752 0.16 0.592
57 0.592 0.016 0.576
44 0.32 0.016 0.304
57 0.576 0.048 0.528
14 0.384 0.048 0.336
44 0.304 0.048 0.256
45 0.8 0.048 0.752
8 0.581174 0.048 0.533174
25 0.8 0.048 0.752
49 0.8 0.048 0.752
56 0.8 0.048 0.752
9 0.8 0.048 0.752
46 0.8 0.048 0.752
27 0.8 0.048 0.752
4 0.8 0.048 0.752
13 0.8 0.048 0.752
50 0.794492 0.048 0.746492
27 0.752 0.048 0.704
27 0.704 0.16 0.544
4 0.752 0.16 0.592
13 0.752 0.16 0.592
50 0.746492 0.16 0.586492
50 0.586492 0.016 0.570492
27 0.544 0.016 0.528
50 0.570492 0.048 0.522492
4 0.592 0.048 0.544
25 0.8 0.048 0.752
27 0.528 0.048 0.48
49 0.752 0.048 0.704
58 0.8 0.048 0.752
51 0.8 0.048 0.752
30 0.8 0.048 0.752
51 0.752 0.048 0.704
51 0.704 0.16 0.544
30 0.752 0.16 0.592
30 0.592 0.016 0.576
51 0.544 0.016 0.528
30 0.576 0.048 0.528
51 0.528 0.048 0.48
8 0.688324 0.048 0.640324
40 0.59849 0.048 0.55049
45 0.8 0.048 0.752
60 0.601456 0.048 0.553456
8 0.640324 0.048 0.592324
8 0.592324 0.16 0.432324
40 0.55049 0.16 0.39049
45 0.752 0.16 0.592
60 0.553456 0.16 0.393456
54 0.767667 0.048 0.719667
16 0.373524 0.048 0.325524
19 0.8 0.048 0.752
42 0.8 0.048 0.752
2 0.8 0.048 0.752
18 0.8 0.048 0.752
42 0.752 0.048 0.704
42 0.704 0.16 0.544
2 0.752 0.16 0.592
18 0.752 0.16 0.592
18 0.592 0.016 0.576
42 0.544 0.016 0.528
18 0.576 0.048 0.528
36 0.8 0.048 0.752
42 0.528 0.048 0.48
59 0.8 0.048 0.752
18 0.528 0.096 0.432
18 0.432 0.16 0.272
36 0.752 0.16 0.592
36 0.592 0.016 0.576
18 0.272 0.016 0.256
36 0.576 0.048 0.528
18 0.256 0.048 0.208
59 0.752 0.048 0.704
36 0.528 0.048 0.48
36 0.48 0.16 0.32
42 0.48 0.16 0.32
59 0.704 0.16 0.544
59 0.544 0.016 0.528
18 0.208 0.016 0.192
59 0.528 0.048 0.48
18 0.192 0.048 0.144
36 0.32 0.048 0.272
18 0.144 0.16 -0.016
59 0.48 0.16 0.32
48 0.8 0.048 0.752
38 0.8 0.048 0.752
52 0.746912 0.048 0.698912
29 0.8 0.048 0.752
55 0.8 0.048 0.752
41 0.8 0.048 0.752
10 0.8 0.048 0.752
17 0.8 0.048 0.752
41 0.752 0.096 0.656
41 0.656 0.16 0.496
10 0.752 0.16 0.592
10 0.592 0.016 0.576
41 0.496 0.016 0.48
10 0.576 0.048 0.528
41 0.48 0.048 0.432
17 0.752 0.16 0.592
17 0.592 0.016 0.576
41 0.432 0.016 0.416
17 0.576 0.048 0.528
41 0.416 0.048 0.368
57 0.8 0.048 0.752
14 0.70218 0.048 0.65418
45 0.74409 0.048 0.69609
8 0.661964 0.048 0.613964
25 0.8 0.048 0.752
49 0.8 0.048 0.752
50 0.8 0.048 0.752
56 0.8 0.048 0.752
9 0.8 0.048 0.752
46 0.8 0.048 0.752
50 0.752 0.048 0.704
4 0.8 0.048 0.752
13 0.8 0.048 0.752
25 0.8 0.048 0.752
27 0.8 0.048 0.752
45 0.775298 0.048 0.727298
49 0.752 0.048 0.704
33 0.607363 0.048 0.559363
14 0.8 0.048 0.752
44 0.797655 0.048 0.749655
33 0.559363 0.048 0.511363
33 0.511363 0.16 0.351363
14 0.752 0.16 0.592
44 0.749655 0.16 0.589655
44 0.589655 0.016 0.573655
33 0.351363 0.016 0.335363
44 0.573655 0.048 0.525655
14 0.592 0.048 0.544
33 0.335363 0.048 0.287363
57 0.8 0.048 0.752
58 0.8 0.048 0.752
60 0.689866 0.048 0.641866
8 0.693605 0.048 0.645605
34 0.8 0.048 0.752
40 0.692317 0.048 0.644317
60 0.641866 0.096 0.545866
60 0.545866 0.16 0.385866
60 0.385866 0.016 0.369866
8 0.645605 0.16 0.485605
34 0.752 0.16 0.592
34 0.592 0.016 0.576
60 0.369866 0.016 0.353866
34 0.576 0.048 0.528
40 0.644317 0.048 0.596317
60 0.353866 0.048 0.305866
34 0.528 0.048 0.48
34 0.48 0.16 0.32
40 0.596317 0.16 0.436317
40 0.436317 0.16 0.276317
60 0.305866 0.16 0.145866
30 0.8 0.048 0.752
51 0.8 0.048 0.752
54 0.8 0.048 0.752
16 0.698892 0.048 0.650892
19 0.8 0.048 0.752
54 0.752 0.048 0.704
54 0.704 0.16 0.544
16 0.650892 0.16 0.490892
19 0.752 0.16 0.592
59 0.697374 0.048 0.649374
18 0.385643 0.048 0.337643
36 0.652949 0.048 0.604949
48 0.8 0.048 0.752
29 0.8 0.048 0.752
55 0.8 0.048 0.752
10 0.8 0.048 0.752
17 0.8 0.048 0.752
41 0.744283 0.048 0.696283
17 0.752 0.048 0.704
10 0.752 0.048 0.704
41 0.696283 0.048 0.648283
57 0.8 0.048 0.752
14 0.768319 0.048 0.720319
44 0.741998 0.048 0.693998
32 0.8 0.048 0.752
7 0.8 0.048 0.752
38 0.8 0.048 0.752
52 0.8 0.048 0.752
32 0.752 0.096 0.656
32 0.656 0.16 0.496
7 0.752 0.16 0.592
7 0.592 0.016 0.576
32 0.496 0.016 0.48
7 0.576 0.048 0.528
32 0.48 0.048 0.432
38 0.752 0.16 0.592
52 0.752 0.16 0.592
52 0.592 0.016 0.576
32 0.432 0.016 0.416
52 0.576 0.048 0.528
32 0.416 0.048 0.368
38 0.592 0.048 0.544
45 0.8 0.048 0.752
8 0.781654 0.048 0.733654
25 0.8 0.048 0.752
49 0.8 0.048 0.752
50 0.8 0.048 0.752
45 0.752 0.048 0.704
45 0.704 0.16 0.544
45 0.544 0.016 0.528
8 0.733654 0.16 0.573654
25 0.752 0.16 0.592
49 0.752 0.16 0.592
50 0.752 0.16 0.592
56 0.8 0.048 0.752
9 0.8 0.048 0.752
46 0.8 0.048 0.752
50 0.592 0.048 0.544
4 0.8 0.048 0.752
13 0.8 0.048 0.752
25 0.668947 0.048 0.620947
27 0.8 0.048 0.752
45 0.605445 0.048 0.557445
49 0.592 0.048 0.544
50 0.544 0.096 0.448
50 0.448 0.16 0.288
50 0.288 0.016 0.272
4 0.752 0.16 0.592
13 0.752 0.16 0.592
25 0.620947 0.16 0.460947
27 0.752 0.16 0.592
45 0.557445 0.16 0.397445
49 0.544 0.16 0.384
44 0.8 0.048 0.752
14 0.8 0.048 0.752
33 0.672269 0.048 0.624269
57 0.8 0.048 0.752
58 0.8 0.048 0.752
30 0.8 0.048 0.752
51 0.8 0.048 0.752
6 0.8 0.048 0.752
6 0.752 0.048 0.704
6 0.704 0.16 0.544
6 0.544 0.016 0.528
15 0.8 0.048 0.752
11 0.8 0.048 0.752
20 0.8 0.048 0.752
22 0.8 0.048 0.752
15 0.752 0.144 0.608
15 0.608 0.16 0.448
11 0.752 0.16 0.592
11 0.592 0.016 0.576
15 0.448 0.016 0.432
11 0.576 0.048 0.528
15 0.432 0.048 0.384
20 0.752 0.048 0.704
22 0.752 0.048 0.704
11 0.528 0.096 0.432
11 0.432 0.16 0.272
20 0.704 0.16 0.544
20 0.544 0.016 0.528
15 0.384 0.016 0.368
20 0.528 0.048 0.48
11 0.272 0.048 0.224
15 0.368 0.048 0.32
22 0.704 0.048 0.656
20 0.48 0.048 0.432
20 0.432 0.16 0.272
22 0.656 0.16 0.496
20 0.272 0.16 0.112
11 0.224 0.16 0.064
15 0.32 0.16 0.16
22 0.496 0.16 0.336
55 0.8 0.048 0.752
29 0.8 0.048 0.752
59 0.8 0.048 0.752
18 0.712107 0.048 0.664107
36 0.8 0.048 0.752
47 0.8 0.048 0.752
48 0.8 0.048 0.752
29 0.8 0.048 0.752
55 0.8 0.048 0.752
35 0.8 0.048 0.752
5 0.8 0.048 0.752
21 0.8 0.048 0.752
23 0.8 0.048 0.752
24 0.8 0.048 0.752
35 0.752 0.048 0.704
35 0.704 0.16 0.544
5 0.752 0.16 0.592
21 0.752 0.16 0.592
23 0.752 0.16 0.592
23 0.592 0.016 0.576
35 0.544 0.016 0.528
23 0.576 0.048 0.528
5 0.592 0.048 0.544
21 0.592 0.048 0.544
24 0.752 0.048 0.704
35 0.528 0.048 0.48
24 0.704 0.16 0.544
10 0.8 0.048 0.752
41 0.8 0.048 0.752
17 0.8 0.048 0.752
41 0.752 0.048 0.704
57 0.8 0.048 0.752
14 0.8 0.048 0.752
44 0.8 0.048 0.752
7 0.8 0.048 0.752
32 0.742669 0.048 0.694669
52 0.8 0.048 0.752
32 0.694669 0.048 0.646669
38 0.8 0.048 0.752
18 0.8 0.048 0.752
36 0.8 0.048 0.752
42 0.8 0.048 0.752
59 0.8 0.048 0.752
18 0.752 0.096 0.656
18 0.656 0.16 0.496
18 0.496 0.016 0.48
36 0.752 0.16 0.592
42 0.752 0.16 0.592
42 0.592 0.016 0.576
18 0.48 0.016 0.464
42 0.576 0.048 0.528
2 0.8 0.048 0.752
18 0.464 0.048 0.416
42 0.528 0.048 0.48
42 0.48 0.16 0.32
59 0.752 0.16 0.592
2 0.752 0.16 0.592
2 0.592 0.016 0.576
42 0.32 0.016 0.304
2 0.576 0.048 0.528
42 0.304 0.048 0.256
18 0.416 0.16 0.256
31 0.8 0.048 0.752
3 0.8 0.048 0.752
26 0.8 0.048 0.752
28 0.8 0.048 0.752
39 0.8 0.048 0.752
54 0.8 0.048 0.752
31 0.752 0.144 0.608
31 0.608 0.16 0.448
3 0.752 0.16 0.592
26 0.752 0.16 0.592
26 0.592 0.016 0.576
31 0.448 0.016 0.432
26 0.576 0.048 0.528
3 0.592 0.048 0.544
12 0.8 0.048 0.752
28 0.752 0.048 0.704
31 0.432 0.048 0.384
39 0.752 0.048 0.704
53 0.8 0.048 0.752
26 0.528 0.144 0.384
26 0.384 0.16 0.224
28 0.704 0.16 0.544
28 0.544 0.016 0.528
31 0.384 0.016 0.368
28 0.528 0.048 0.48
3 0.544 0.048 0.496
26 0.224 0.048 0.176
31 0.368 0.048 0.32
39 0.704 0.048 0.656
54 0.752 0.048 0.704
28 0.48 0.048 0.432
28 0.432 0.16 0.272
39 0.656 0.16 0.496
54 0.704 0.16 0.544
12 0.752 0.16 0.592
28 0.272 0.16 0.112
53 0.752 0.16 0.592
53 0.592 0.016 0.576
26 0.176 0.016 0.16
53 0.576 0.048 0.528
3 0.496 0.048 0.448
12 0.592 0.048 0.544
26 0.16 0.048 0.112
39 0.496 0.048 0.448
3 0.448 0.16 0.288
26 0.112 0.16 -0.048
31 0.32 0.16 0.16
39 0.448 0.16 0.288
54 0.544 0.16 0.384
56 0.8 0.048 0.752
9 0.8 0.048 0.752
46 0.8 0.048 0.752
44 0.8 0.048 0.752
14 0.8 0.048 0.752
33 0.8 0.048 0.752
57 0.8 0.048 0.752
58 0.8 0.048 0.752
58 0.752 0.048 0.704
58 0.704 0.16 0.544
58 0.544 0.016 0.528
30 0.8 0.048 0.752
51 0.8 0.048 0.752
55 0.8 0.048 0.752
29 0.8 0.048 0.752
42 0.484932 0.048 0.436932
2 0.744291 0.048 0.696291
18 0.485435 0.048 0.437435
59 0.8 0.048 0.752
18 0.437435 0.048 0.389435
36 0.8 0.048 0.752
47 0.8 0.048 0.752
48 0.8 0.048 0.752
29 0.8 0.048 0.752
55 0.8 0.048 0.752
23 0.8 0.048 0.752
5 0.8 0.048 0.752
21 0.8 0.048 0.752
24 0.8 0.048 0.752
35 0.8 0.048 0.752
10 0.8 0.048 0.752
41 0.8 0.048 0.752
17 0.8 0.048 0.752
41 0.752 0.048 0.704
1 0.8 0.048 0.752
57 0.8 0.048 0.752
14 0.8 0.048 0.752
44 0.8 0.048 0.752
7 0.8 0.048 0.752
32 0.8 0.048 0.752
52 0.8 0.048 0.752
32 0.752 0.048 0.704
38 0.8 0.048 0.752
22 0.8 0.048 0.752
11 0.671489 0.048 0.623489
15 0.753187 0.048 0.705187
20 0.649187 0.048 0.601187
22 0.752 0.048 0.704
22 0.704 0.16 0.544
11 0.623489 0.16 0.463489
15 0.705187 0.16 0.545187
15 0.545187 0.016 0.529187
22 0.544 0.016 0.528
15 0.529187 0.048 0.481187
11 0.463489 0.048 0.415489
20 0.601187 0.048 0.553187
22 0.528 0.048 0.48
15 0.481187 0.048 0.433187
15 0.433187 0.16 0.273187
20 0.553187 0.16 0.393187
15 0.273187 0.016 0.257187
11 0.415489 0.16 0.255489
20 0.393187 0.16 0.233187
22 0.48 0.16 0.32
2 0.8 0.048 0.752
42 0.591112 0.048 0.543112
53 0.8 0.048 0.752
3 0.672463 0.048 0.624463
12 0.8 0.048 0.752
26 0.370902 0.048 0.322902
39 0.665604 0.048 0.617604
53 0.752 0.048 0.704
53 0.704 0.16 0.544
3 0.624463 0.16 0.464463
12 0.752 0.16 0.592
26 0.322902 0.16 0.162902
39 0.617604 0.16 0.457604
56 0.8 0.048 0.752
9 0.8 0.048 0.752
46 0.8 0.048 0.752
43 0.8 0.048 0.752
44 0.8 0.048 0.752
14 0.8 0.048 0.752
33 0.8 0.048 0.752
57 0.8 0.048 0.752
30 0.8 0.048 0.752
51 0.8 0.048 0.752
39 0.610197 0.048 0.562197
3 0.614952 0.048 0.566952
26 0.312482 0.048 0.264482
28 0.632007 0.048 0.584007
31 0.67058 0.048 0.62258
53 0.69491 0.048 0.64691
39 0.562197 0.048 0.514197
39 0.514197 0.16 0.354197
3 0.566952 0.16 0.406952
26 0.264482 0.16 0.104482
28 0.584007 0.16 0.424007
31 0.62258 0.16 0.46258
53 0.64691 0.16 0.48691
55 0.8 0.048 0.752
29 0.8 0.048 0.752
55 0.752 0.048 0.704
55 0.704 0.16 0.544
55 0.544 0.016 0.528
29 0.752 0.16 0.592
51 0.752 0.048 0.704
30 0.8 0.048 0.752
42 0.769131 0.048 0.721131
2 0.8 0.048 0.752
18 0.767878 0.048 0.719878
42 0.721131 0.048 0.673131
42 0.673131 0.16 0.513131
2 0.752 0.16 0.592
18 0.719878 0.16 0.559878
18 0.559878 0.016 0.543878
42 0.513131 0.016 0.497131
18 0.543878 0.048 0.495878
36 0.8 0.048 0.752
42 0.497131 0.048 0.449131
59 0.8 0.048 0.752
59 0.752 0.048 0.704
18 0.495878 0.048 0.447878
36 0.8 0.048 0.752
47 0.8 0.048 0.752
48 0.8 0.048 0.752
29 0.662366 0.048 0.614366
55 0.598093 0.048 0.550093
29 0.614366 0.048 0.566366
29 0.566366 0.16 0.406366
29 0.406366 0.016 0.390366
55 0.550093 0.16 0.390093
16 0.8 0.048 0.752
19 0.8 0.048 0.752
54 0.8 0.048 0.752
23 0.8 0.048 0.752
5 0.8 0.048 0.752
21 0.8 0.048 0.752
24 0.8 0.048 0.752
35 0.8 0.048 0.752
10 0.8 0.048 0.752
41 0.8 0.048 0.752
17 0.8 0.048 0.752
41 0.752 0.048 0.704
1 0.8 0.048 0.752
51 0.8 0.048 0.752
57 0.8 0.048 0.752
14 0.8 0.048 0.752
44 0.8 0.048 0.752
7 0.8 0.048 0.752
32 0.8 0.048 0.752
37 0.8 0.048 0.752
7 0.752 0.048 0.704
7 0.704 0.16 0.544
52 0.8 0.048 0.752
32 0.752 0.048 0.704
38 0.8 0.048 0.752
32 0.704 0.16 0.544
37 0.752 0.16 0.592
37 0.592 0.016 0.576
7 0.544 0.016 0.528
37 0.576 0.048 0.528
7 0.528 0.048 0.48
43 0.8 0.048 0.752
2 0.738563 0.048 0.690563
6 0.8 0.048 0.752
42 0.594191 0.048 0.546191
2 0.690563 0.048 0.642563
2 0.642563 0.16 0.482563
6 0.752 0.16 0.592
6 0.592 0.016 0.576
2 0.482563 0.016 0.466563
6 0.576 0.048 0.528
2 0.466563 0.048 0.418563
42 0.546191 0.16 0.386191
56 0.8 0.048 0.752
9 0.8 0.048 0.752
46 0.8 0.048 0.752
43 0.8 0.048 0.752
37 0.600393 0.048 0.552393
44 0.8 0.048 0.752
14 0.8 0.048 0.752
33 0.8 0.048 0.752
57 0.8 0.048 0.752
26 0.483634 0.048 0.435634
3 0.706193 0.048 0.658193
12 0.8 0.048 0.752
31 0.773355 0.048 0.725355
39 0.643155 0.048 0.595155
53 0.8 0.048 0.752
26 0.435634 0.048 0.387634
26 0.387634 0.16 0.227634
3 0.658193 0.16 0.498193
12 0.752 0.16 0.592
31 0.725355 0.16 0.565355
31 0.565355 0.016 0.549355
26 0.227634 0.016 0.211634
31 0.549355 0.048 0.501355
3 0.498193 0.048 0.450193
26 0.211634 0.048 0.163634
28 0.721669 0.048 0.673669
39 0.595155 0.048 0.547155
39 0.547155 0.16 0.387155
53 0.752 0.16 0.592
30 0.8 0.048 0.752
51 0.8 0.048 0.752
51 0.752 0.048 0.704
30 0.8 0.048 0.752
18 0.8 0.048 0.752
36 0.8 0.048 0.752
42 0.61065 0.048 0.56265
59 0.8 0.048 0.752
59 0.752 0.048 0.704
18 0.752 0.048 0.704
36 0.8 0.048 0.752
47 0.8 0.048 0.752
48 0.8 0.048 0.752
48 0.752 0.048 0.704
48 0.704 0.16 0.544
48 0.544 0.016 0.528
16 0.8 0.048 0.752
19 0.8 0.048 0.752
33 0.8 0.048 0.752
54 0.8 0.048 0.752
16 0.752 0.048 0.704
16 0.704 0.16 0.544
19 0.752 0.16 0.592
33 0.752 0.16 0.592
33 0.592 0.016 0.576
16 0.544 0.016 0.528
33 0.576 0.048 0.528
14 0.8 0.048 0.752
16 0.528 0.048 0.48
44 0.8 0.048 0.752
57 0.8 0.048 0.752
54 0.752 0.16 0.592
23 0.8 0.048 0.752
21 0.8 0.048 0.752
24 0.8 0.048 0.752
35 0.8 0.048 0.752
10 0.8 0.048 0.752
41 0.8 0.048 0.752
17 0.8 0.048 0.752
41 0.752 0.048 0.704
1 0.8 0.048 0.752
51 0.8 0.048 0.752
57 0.752 0.048 0.704
14 0.752 0.048 0.704
33 0.528 0.048 0.48
44 0.752 0.048 0.704
34 0.8 0.048 0.752
40 0.8 0.048 0.752
60 0.8 0.048 0.752
34 0.752 0.048 0.704
34 0.704 0.16 0.544
40 0.752 0.16 0.592
60 0.752 0.16 0.592
60 0.592 0.016 0.576
34 0.544 0.016 0.528
60 0.576 0.048 0.528
8 0.8 0.048 0.752
34 0.528 0.048 0.48
40 0.592 0.048 0.544
52 0.8 0.048 0.752
32 0.8 0.048 0.752
38 0.8 0.048 0.752
37 0.8 0.048 0.752
7 0.8 0.048 0.752
9 0.8 0.048 0.752
46 0.8 0.048 0.752
56 0.8 0.048 0.752
6 0.8 0.048 0.752
2 0.795091 0.048 0.747091
56 0.752 0.048 0.704
9 0.752 0.048 0.704
46 0.8 0.048 0.752
43 0.8 0.048 0.752
44 0.8 0.048 0.752
14 0.8 0.048 0.752
33 0.629435 0.048 0.581435
57 0.8 0.048 0.752
31 0.8 0.048 0.752
3 0.8 0.048 0.752
26 0.533052 0.048 0.485052
28 0.8 0.048 0.752
39 0.765608 0.048 0.717608
30 0.8 0.048 0.752
51 0.8 0.048 0.752
51 0.752 0.048 0.704
1 0.8 0.048 0.752
30 0.8 0.048 0.752
18 0.8 0.048 0.752
36 0.8 0.048 0.752
42 0.8 0.048 0.752
59 0.8 0.048 0.752
59 0.752 0.048 0.704
18 0.752 0.048 0.704
36 0.8 0.048 0.752
47 0.8 0.048 0.752
32 0.8 0.048 0.752
7 0.8 0.048 0.752
38 0.8 0.048 0.752
52 0.8 0.048 0.752
32 0.752 0.048 0.704
32 0.704 0.16 0.544
7 0.752 0.16 0.592
7 0.592 0.016 0.576
32 0.544 0.016 0.528
7 0.576 0.048 0.528
32 0.528 0.048 0.48
37 0.8 0.048 0.752
38 0.752 0.16 0.592
52 0.752 0.16 0.592
33 0.8 0.048 0.752
14 0.8 0.048 0.752
16 0.8 0.048 0.752
44 0.8 0.048 0.752
57 0.8 0.048 0.752
23 0.8 0.048 0.752
21 0.8 0.048 0.752
24 0.8 0.048 0.752
35 0.8 0.048 0.752
10 0.8 0.048 0.752
41 0.8 0.048 0.752
17 0.8 0.048 0.752
41 0.752 0.048 0.704
1 0.8 0.048 0.752
51 0.8 0.048 0.752
57 0.752 0.048 0.704
14 0.752 0.048 0.704
33 0.752 0.048 0.704
44 0.752 0.048 0.704
60 0.8 0.048 0.752
8 0.8 0.048 0.752
34 0.8 0.048 0.752
40 0.8 0.048 0.752
52 0.592 0.048 0.544
32 0.48 0.048 0.432
38 0.666955 0.048 0.618955
37 0.8 0.048 0.752
50 0.8 0.048 0.752
25 0.8 0.048 0.752
27 0.8 0.048 0.752
45 0.8 0.048 0.752
49 0.8 0.048 0.752
50 0.752 0.096 0.656
50 0.656 0.16 0.496
25 0.752 0.16 0.592
27 0.752 0.16 0.592
27 0.592 0.016 0.576
50 0.496 0.016 0.48
27 0.576 0.048 0.528
4 0.8 0.048 0.752
13 0.8 0.048 0.752
25 0.592 0.048 0.544
50 0.48 0.048 0.432
45 0.752 0.16 0.592
45 0.592 0.016 0.576
50 0.432 0.016 0.416
45 0.576 0.048 0.528
8 0.8 0.048 0.752
25 0.544 0.048 0.496
49 0.752 0.048 0.704
50 0.416 0.048 0.368
49 0.704 0.16 0.544
9 0.8 0.048 0.752
46 0.8 0.048 0.752
56 0.8 0.048 0.752
6 0.8 0.048 0.752
2 0.8 0.048 0.752
56 0.752 0.048 0.704
9 0.752 0.048 0.704
46 0.8 0.048 0.752
43 0.8 0.048 0.752
44 0.8 0.048 0.752
14 0.8 0.048 0.752
33 0.8 0.048 0.752
57 0.8 0.048 0.752
31 0.8 0.048 0.752
3 0.8 0.048 0.752
26 0.8 0.048 0.752
28 0.8 0.048 0.752
39 0.8 0.048 0.752
54 0.8 0.048 0.752
30 0.8 0.048 0.752
51 0.8 0.048 0.752
51 0.752 0.048 0.704
1 0.8 0.048 0.752
30 0.8 0.048 0.752
18 0.8 0.048 0.752
36 0.8 0.048 0.752
59 0.8 0.048 0.752
59 0.752 0.048 0.704
18 0.752 0.048 0.704
36 0.8 0.048 0.752
47 0.8 0.048 0.752
7 0.8 0.048 0.752
32 0.8 0.048 0.752
52 0.8 0.048 0.752
33 0.8 0.048 0.752
14 0.8 0.048 0.752
16 0.8 0.048 0.752
44 0.8 0.048 0.752
23 0.8 0.048 0.752
21 0.8 0.048 0.752
24 0.8 0.048 0.752
35 0.8 0.048 0.752
10 0.8 0.048 0.752
41 0.8 0.048 0.752
17 0.8 0.048 0.752
41 0.752 0.048 0.704
1 0.8 0.048 0.752
51 0.8 0.048 0.752
57 0.8 0.048 0.752
14 0.752 0.048 0.704
44 0.752 0.048 0.704
60 0.8 0.048 0.752
8 0.8 0.048 0.752
34 0.8 0.048 0.752
40 0.8 0.048 0.752
52 0.752 0.048 0.704
7 0.8 0.048 0.752
32 0.752 0.048 0.704
38 0.8 0.048 0.752
37 0.8 0.048 0.752
27 0.8 0.048 0.752
4 0.8 0.048 0.752
13 0.8 0.048 0.752
50 0.746118 0.048 0.698118
45 0.8 0.048 0.752
8 0.8 0.048 0.752
25 0.8 0.048 0.752
40 0.752 0.048 0.704
49 0.8 0.048 0.752
50 0.698118 0.048 0.650118
9 0.8 0.048 0.752
46 0.8 0.048 0.752
56 0.8 0.048 0.752
6 0.8 0.048 0.752
56 0.752 0.048 0.704
9 0.752 0.048 0.704
46 0.8 0.048 0.752
43 0.8 0.048 0.752
44 0.8 0.048 0.752
14 0.8 0.048 0.752
33 0.8 0.048 0.752
57 0.8 0.048 0.752
31 0.8 0.048 0.752
3 0.8 0.048 0.752
26 0.8 0.048 0.752
28 0.8 0.048 0.752
39 0.8 0.048 0.752
54 0.8 0.048 0.752
31 0.752 0.048 0.704
31 0.704 0.16 0.544
31 0.544 0.016 0.528
3 0.752 0.16 0.592
26 0.752 0.16 0.592
28 0.752 0.16 0.592
39 0.752 0.16 0.592
54 0.752 0.16 0.592
30 0.8 0.048 0.752
51 0.8 0.048 0.752
31 0.600807 0.048 0.552807
3 0.670288 0.048 0.622288
26 0.592 0.048 0.544
28 0.667282 0.048 0.619282
39 0.668947 0.048 0.620947
54 0.592 0.048 0.544
31 0.552807 0.048 0.504807
31 0.504807 0.16 0.344807
3 0.622288 0.16 0.462288
26 0.544 0.16 0.384
28 0.619282 0.16 0.459282
39 0.620947 0.16 0.460947
54 0.544 0.16 0.384
51 0.752 0.048 0.704
30 0.8 0.048 0.752
18 0.8 0.048 0.752
36 0.8 0.048 0.752
59 0.8 0.048 0.752
59 0.752 0.048 0.704
18 0.752 0.048 0.704
36 0.8 0.048 0.752
47 0.8 0.048 0.752
7 0.8 0.048 0.752
32 0.8 0.048 0.752
37 0.8 0.048 0.752
52 0.8 0.048 0.752
33 0.8 0.048 0.752
14 0.8 0.048 0.752
16 0.8 0.048 0.752
44 0.8 0.048 0.752
57 0.8 0.048 0.752
33 0.752 0.048 0.704
33 0.704 0.16 0.544
33 0.544 0.016 0.528
14 0.752 0.16 0.592
16 0.752 0.16 0.592
44 0.752 0.16 0.592
57 0.752 0.16 0.592
23 0.8 0.048 0.752
5 0.8 0.048 0.752
21 0.8 0.048 0.752
24 0.8 0.048 0.752
35 0.8 0.048 0.752
10 0.8 0.048 0.752
41 0.8 0.048 0.752
17 0.8 0.048 0.752
41 0.752 0.048 0.704
1 0.8 0.048 0.752
41 0.776599 0.048 0.728599
10 0.752 0.048 0.704
17 0.8 0.048 0.752
57 0.592 0.048 0.544
14 0.592 0.048 0.544
33 0.528 0.048 0.48
44 0.592 0.048 0.544
57 0.544 0.048 0.496
57 0.496 0.16 0.336
57 0.336 0.016 0.32
14 0.544 0.16 0.384
33 0.48 0.16 0.32
44 0.544 0.16 0.384
60 0.8 0.048 0.752
8 0.8 0.048 0.752
34 0.8 0.048 0.752
40 0.8 0.048 0.752
52 0.752 0.048 0.704
32 0.752 0.048 0.704
38 0.8 0.048 0.752
37 0.8 0.048 0.752
7 0.8 0.048 0.752
27 0.8 0.048 0.752
4 0.8 0.048 0.752
13 0.8 0.048 0.752
50 0.8 0.048 0.752
45 0.8 0.048 0.752
8 0.8 0.048 0.752
25 0.8 0.048 0.752
49 0.8 0.048 0.752
50 0.752 0.048 0.704
9 0.8 0.048 0.752
46 0.8 0.048 0.752
56 0.8 0.048 0.752
6 0.8 0.048 0.752
56 0.752 0.048 0.704
9 0.752 0.048 0.704
46 0.8 0.048 0.752
43 0.8 0.048 0.752
44 0.540278 0.048 0.492278
14 0.52989 0.048 0.48189
33 0.469036 0.048 0.421036
57 0.47574 0.048 0.42774
30 0.8 0.048 0.752
51 0.8 0.048 0.752
51 0.752 0.048 0.704
1 0.8 0.048 0.752
30 0.8 0.048 0.752
18 0.8 0.048 0.752
36 0.8 0.048 0.752
59 0.8 0.048 0.752
59 0.752 0.048 0.704
18 0.752 0.048 0.704
36 0.8 0.048 0.752
47 0.8 0.048 0.752
55 0.8 0.048 0.752
29 0.8 0.048 0.752
55 0.752 0.048 0.704
55 0.704 0.16 0.544
29 0.752 0.16 0.592
29 0.592 0.016 0.576
55 0.544 0.016 0.528
29 0.576 0.048 0.528
55 0.528 0.048 0.48
7 0.8 0.048 0.752
32 0.8 0.048 0.752
23 0.8 0.048 0.752
5 0.8 0.048 0.752
21 0.8 0.048 0.752
24 0.8 0.048 0.752
35 0.8 0.048 0.752
10 0.8 0.048 0.752
41 0.8 0.048 0.752
17 0.8 0.048 0.752
41 0.752 0.048 0.704
17 0.752 0.048 0.704
17 0.704 0.16 0.544
17 0.544 0.016 0.528
41 0.704 0.16 0.544
1 0.8 0.048 0.752
51 0.8 0.048 0.752
41 0.614191 0.048 0.566191
10 0.752 0.048 0.704
17 0.600014 0.048 0.552014
41 0.566191 0.048 0.518191
41 0.518191 0.16 0.358191
10 0.704 0.16 0.544
17 0.552014 0.16 0.392014
60 0.8 0.048 0.752
8 0.8 0.048 0.752
34 0.8 0.048 0.752
40 0.8 0.048 0.752
52 0.8 0.048 0.752
7 0.8 0.048 0.752
32 0.752 0.048 0.704
38 0.8 0.048 0.752
37 0.8 0.048 0.752
27 0.8 0.048 0.752
4 0.8 0.048 0.752
13 0.8 0.048 0.752
50 0.8 0.048 0.752
45 0.8 0.048 0.752
8 0.8 0.048 0.752
25 0.8 0.048 0.752
40 0.752 0.048 0.704
49 0.8 0.048 0.752
50 0.752 0.048 0.704
9 0.8 0.048 0.752
46 0.8 0.048 0.752
56 0.8 0.048 0.752
58 0.8 0.048 0.752
6 0.8 0.048 0.752
2 0.8 0.048 0.752
56 0.752 0.048 0.704
9 0.752 0.048 0.704
46 0.8 0.048 0.752
43 0.8 0.048 0.752
44 0.8 0.048 0.752
14 0.8 0.048 0.752
33 0.785727 0.048 0.737727
57 0.8 0.048 0.752
44 0.752 0.048 0.704
44 0.704 0.16 0.544
14 0.752 0.16 0.592
33 0.737727 0.16 0.577727
57 0.752 0.16 0.592
57 0.592 0.016 0.576
44 0.544 0.016 0.528
57 0.576 0.048 0.528
14 0.592 0.048 0.544
33 0.577727 0.048 0.529727
44 0.528 0.048 0.48
42 0.8 0.048 0.752
2 0.8 0.048 0.752
42 0.752 0.048 0.704
42 0.704 0.16 0.544
2 0.752 0.16 0.592
2 0.592 0.016 0.576
42 0.544 0.016 0.528
2 0.576 0.048 0.528
42 0.528 0.048 0.48
30 0.8 0.048 0.752
51 0.8 0.048 0.752
30 0.752 0.048 0.704
30 0.704 0.16 0.544
30 0.544 0.016 0.528
51 0.752 0.16 0.592
51 0.592 0.048 0.544
1 0.8 0.048 0.752
30 0.605648 0.048 0.557648
51 0.544 0.096 0.448
51 0.448 0.16 0.288
51 0.288 0.016 0.272
1 0.752 0.16 0.592
30 0.557648 0.16 0.397648
34 0.8 0.048 0.752
40 0.8 0.048 0.752
60 0.8 0.048 0.752
18 0.8 0.048 0.752
36 0.8 0.048 0.752
59 0.8 0.048 0.752
59 0.752 0.048 0.704
18 0.752 0.048 0.704
36 0.8 0.048 0.752
47 0.8 0.048 0.752
16 0.8 0.048 0.752
19 0.8 0.048 0.752
54 0.8 0.048 0.752
29 0.8 0.048 0.752
55 0.8 0.048 0.752
7 0.8 0.048 0.752
32 0.8 0.048 0.752
37 0.8 0.048 0.752
52 0.8 0.048 0.752
23 0.8 0.048 0.752
21 0.8 0.048 0.752
24 0.8 0.048 0.752
35 0.8 0.048 0.752
10 0.8 0.048 0.752
41 0.656555 0.048 0.608555
1 0.664981 0.048 0.616981
51 0.421918 0.048 0.373918
1 0.616981 0.048 0.568981
1 0.568981 0.16 0.408981
1 0.408981 0.016 0.392981
51 0.373918 0.16 0.213918
60 0.8 0.048 0.752
8 0.8 0.048 0.752
34 0.8 0.048 0.752
40 0.8 0.048 0.752
52 0.752 0.048 0.704
7 0.8 0.048 0.752
32 0.752 0.048 0.704
38 0.8 0.048 0.752
37 0.8 0.048 0.752
7 0.752 0.048 0.704
27 0.8 0.048 0.752
4 0.8 0.048 0.752
13 0.8 0.048 0.752
50 0.8 0.048 0.752
45 0.8 0.048 0.752
8 0.8 0.048 0.752
25 0.8 0.048 0.752
40 0.752 0.048 0.704
49 0.8 0.048 0.752
50 0.752 0.048 0.704
9 0.8 0.048 0.752
46 0.8 0.048 0.752
56 0.8 0.048 0.752
9 0.752 0.048 0.704
9 0.704 0.16 0.544
9 0.544 0.016 0.528
46 0.752 0.16 0.592
56 0.752 0.16 0.592
58 0.8 0.048 0.752
6 0.8 0.048 0.752
2 0.8 0.048 0.752
56 0.592 0.048 0.544
9 0.528 0.048 0.48
46 0.666796 0.048 0.618796
56 0.544 0.048 0.496
56 0.496 0.16 0.336
56 0.336 0.016 0.32
9 0.48 0.16 0.32
46 0.618796 0.16 0.458796
43 0.8 0.048 0.752
57 0.8 0.048 0.752
14 0.8 0.048 0.752
33 0.8 0.048 0.752
44 0.8 0.048 0.752
35 0.8 0.048 0.752
21 0.8 0.048 0.752
23 0.8 0.048 0.752
24 0.8 0.048 0.752
2 0.8 0.048 0.752
6 0.8 0.048 0.752
42 0.8 0.048 0.752
34 0.8 0.048 0.752
40 0.8 0.048 0.752
60 0.8 0.048 0.752
18 0.8 0.048 0.752
36 0.8 0.048 0.752
59 0.8 0.048 0.752
59 0.752 0.048 0.704
18 0.752 0.048 0.704
36 0.8 0.048 0.752
47 0.8 0.048 0.752
16 0.8 0.048 0.752
19 0.8 0.048 0.752
54 0.8 0.048 0.752
29 0.8 0.048 0.752
55 0.8 0.048 0.752
7 0.8 0.048 0.752
32 0.8 0.048 0.752
37 0.8 0.048 0.752
23 0.8 0.048 0.752
21 0.8 0.048 0.752
24 0.8 0.048 0.752
35 0.8 0.048 0.752
10 0.8 0.048 0.752
17 0.8 0.048 0.752
41 0.8 0.048 0.752
60 0.8 0.048 0.752
8 0.8 0.048 0.752
34 0.8 0.048 0.752
40 0.8 0.048 0.752
60 0.752 0.048 0.704
60 0.704 0.16 0.544
60 0.544 0.016 0.528
8 0.752 0.16 0.592
34 0.752 0.16 0.592
40 0.752 0.16 0.592
52 0.8 0.048 0.752
32 0.752 0.048 0.704
38 0.8 0.048 0.752
37 0.8 0.048 0.752
7 0.8 0.048 0.752
27 0.8 0.048 0.752
4 0.8 0.048 0.752
13 0.8 0.048 0.752
25 0.8 0.048 0.752
50 0.8 0.048 0.752
45 0.8 0.048 0.752
8 0.670965 0.048 0.622965
25 0.752 0.048 0.704
40 0.592 0.048 0.544
49 0.8 0.048 0.752
50 0.752 0.048 0.704
60 0.528 0.048 0.48
58 0.8 0.048 0.752
6 0.8 0.048 0.752
43 0.8 0.048 0.752
15 0.8 0.048 0.752
11 0.8 0.048 0.752
20 0.8 0.048 0.752
22 0.8 0.048 0.752
15 0.752 0.048 0.704
15 0.704 0.16 0.544
11 0.752 0.16 0.592
20 0.752 0.16 0.592
22 0.752 0.16 0.592
22 0.592 0.016 0.576
15 0.544 0.016 0.528
22 0.576 0.048 0.528
11 0.592 0.048 0.544
15 0.528 0.048 0.48
20 0.592 0.048 0.544
57 0.8 0.048 0.752
14 0.8 0.048 0.752
44 0.8 0.048 0.752
35 0.8 0.048 0.752
21 0.8 0.048 0.752
23 0.8 0.048 0.752
24 0.8 0.048 0.752
2 0.8 0.048 0.752
6 0.8 0.048 0.752
42 0.8 0.048 0.752
34 0.8 0.048 0.752
40 0.77591 0.048 0.72791
60 0.694486 0.048 0.646486
34 0.752 0.048 0.704
34 0.704 0.16 0.544
40 0.72791 0.16 0.56791
60 0.646486 0.16 0.486486
18 0.8 0.048 0.752
36 0.8 0.048 0.752
59 0.8 0.048 0.752
59 0.752 0.048 0.704
18 0.752 0.048 0.704
36 0.8 0.048 0.752
47 0.8 0.048 0.752
16 0.8 0.048 0.752
19 0.8 0.048 0.752
54 0.8 0.048 0.752
29 0.8 0.048 0.752
55 0.8 0.048 0.752
7 0.8 0.048 0.752
32 0.8 0.048 0.752
52 0.8 0.048 0.752
23 0.8 0.048 0.752
24 0.8 0.048 0.752
35 0.8 0.048 0.752
10 0.8 0.048 0.752
41 0.8 0.048 0.752
52 0.752 0.048 0.704
32 0.752 0.048 0.704
38 0.8 0.048 0.752
37 0.8 0.048 0.752
27 0.8 0.048 0.752
4 0.8 0.048 0.752
13 0.8 0.048 0.752
50 0.8 0.048 0.752
45 0.8 0.048 0.752
8 0.8 0.048 0.752
25 0.8 0.048 0.752
40 0.713693 0.048 0.665693
49 0.8 0.048 0.752
50 0.752 0.048 0.704
58 0.8 0.048 0.752
6 0.8 0.048 0.752
2 0.8 0.048 0.752
6 0.752 0.048 0.704
6 0.704 0.16 0.544
2 0.752 0.16 0.592
26 0.8 0.048 0.752
3 0.8 0.048 0.752
12 0.8 0.048 0.752
28 0.8 0.048 0.752
31 0.8 0.048 0.752
39 0.8 0.048 0.752
53 0.8 0.048 0.752
43 0.8 0.048 0.752
22 0.8 0.048 0.752
11 0.8 0.048 0.752
15 0.8 0.048 0.752
20 0.8 0.048 0.752
57 0.8 0.048 0.752
14 0.8 0.048 0.752
33 0.8 0.048 0.752
44 0.8 0.048 0.752
35 0.8 0.048 0.752
21 0.8 0.048 0.752
23 0.8 0.048 0.752
24 0.8 0.048 0.752
2 0.663303 0.048 0.615303
6 0.689179 0.048 0.641179
42 0.8 0.048 0.752
2 0.615303 0.096 0.519303
2 0.519303 0.16 0.359303
2 0.359303 0.016 0.343303
6 0.641179 0.16 0.481179
42 0.752 0.16 0.592
48 0.8 0.048 0.752
18 0.8 0.048 0.752
36 0.8 0.048 0.752
59 0.8 0.048 0.752
18 0.752 0.048 0.704
18 0.704 0.16 0.544
18 0.544 0.016 0.528
36 0.752 0.16 0.592
59 0.752 0.16 0.592
59 0.592 0.048 0.544
18 0.528 0.048 0.48
36 0.671986 0.048 0.623986
59 0.544 0.048 0.496
59 0.496 0.16 0.336
59 0.336 0.016 0.32
18 0.48 0.16 0.32
36 0.623986 0.16 0.463986
47 0.8 0.048 0.752
16 0.8 0.048 0.752
19 0.8 0.048 0.752
33 0.8 0.048 0.752
44 0.8 0.048 0.752
54 0.8 0.048 0.752
16 0.752 0.096 0.656
16 0.656 0.16 0.496
19 0.752 0.16 0.592
33 0.752 0.16 0.592
33 0.592 0.016 0.576
16 0.496 0.016 0.48
33 0.576 0.048 0.528
14 0.8 0.048 0.752
16 0.48 0.048 0.432
44 0.752 0.048 0.704
57 0.8 0.048 0.752
33 0.528 0.048 0.48
33 0.48 0.16 0.32
44 0.704 0.16 0.544
44 0.544 0.016 0.528
16 0.432 0.016 0.416
44 0.528 0.048 0.48
14 0.752 0.048 0.704
16 0.416 0.048 0.368
33 0.32 0.048 0.272
57 0.752 0.048 0.704
54 0.752 0.16 0.592
14 0.704 0.16 0.544
16 0.368 0.16 0.208
44 0.48 0.16 0.32
57 0.704 0.16 0.544
29 0.8 0.048 0.752
55 0.8 0.048 0.752
7 0.8 0.048 0.752
32 0.8 0.048 0.752
23 0.8 0.048 0.752
21 0.8 0.048 0.752
24 0.8 0.048 0.752
35 0.8 0.048 0.752
10 0.8 0.048 0.752
17 0.8 0.048 0.752
41 0.8 0.048 0.752
52 0.8 0.048 0.752
32 0.752 0.048 0.704
38 0.8 0.048 0.752
37 0.8 0.048 0.752
27 0.8 0.048 0.752
4 0.8 0.048 0.752
13 0.8 0.048 0.752
50 0.8 0.048 0.752
45 0.8 0.048 0.752
8 0.8 0.048 0.752
25 0.8 0.048 0.752
40 0.8 0.048 0.752
49 0.8 0.048 0.752
50 0.752 0.048 0.704
60 0.8 0.048 0.752
45 0.752 0.048 0.704
45 0.704 0.16 0.544
8 0.752 0.16 0.592
25 0.752 0.16 0.592
40 0.752 0.16 0.592
49 0.752 0.16 0.592
50 0.704 0.16 0.544
60 0.752 0.16 0.592
60 0.592 0.016 0.576
45 0.544 0.016 0.528
60 0.576 0.048 0.528
8 0.592 0.048 0.544
25 0.592 0.048 0.544
34 0.8 0.048 0.752
40 0.592 0.048 0.544
45 0.528 0.048 0.48
58 0.8 0.048 0.752
58 0.752 0.048 0.704
58 0.704 0.16 0.544
58 0.544 0.016 0.528
26 0.8 0.048 0.752
3 0.8 0.048 0.752
12 0.8 0.048 0.752
28 0.8 0.048 0.752
31 0.8 0.048 0.752
39 0.8 0.048 0.752
53 0.8 0.048 0.752
43 0.8 0.048 0.752
22 0.8 0.048 0.752
11 0.8 0.048 0.752
15 0.8 0.048 0.752
20 0.8 0.048 0.752
57 0.777595 0.048 0.729595
14 0.760172 0.048 0.712172
33 0.496073 0.048 0.448073
35 0.8 0.048 0.752
5 0.8 0.048 0.752
23 0.8 0.048 0.752
24 0.8 0.048 0.752
48 0.8 0.048 0.752
47 0.8 0.048 0.752
44 0.689744 0.048 0.641744
33 0.599829 0.048 0.551829
57 0.8 0.048 0.752
29 0.8 0.048 0.752
55 0.8 0.048 0.752
7 0.8 0.048 0.752
32 0.8 0.048 0.752
37 0.8 0.048 0.752
23 0.8 0.048 0.752
5 0.8 0.048 0.752
21 0.8 0.048 0.752
24 0.8 0.048 0.752
35 0.8 0.048 0.752
10 0.8 0.048 0.752
17 0.8 0.048 0.752
41 0.8 0.048 0.752
52 0.8 0.048 0.752
32 0.752 0.048 0.704
38 0.8 0.048 0.752
37 0.8 0.048 0.752
7 0.8 0.048 0.752
27 0.8 0.048 0.752
4 0.8 0.048 0.752
13 0.8 0.048 0.752
50 0.8 0.048 0.752
60 0.8 0.048 0.752
8 0.8 0.048 0.752
34 0.8 0.048 0.752
40 0.8 0.048 0.752
26 0.8 0.048 0.752
3 0.8 0.048 0.752
12 0.8 0.048 0.752
28 0.8 0.048 0.752
31 0.8 0.048 0.752
39 0.8 0.048 0.752
53 0.8 0.048 0.752
43 0.8 0.048 0.752
22 0.8 0.048 0.752
11 0.8 0.048 0.752
15 0.8 0.048 0.752
20 0.8 0.048 0.752
57 0.8 0.048 0.752
14 0.8 0.048 0.752
44 0.8 0.048 0.752
35 0.8 0.048 0.752
5 0.8 0.048 0.752
21 0.8 0.048 0.752
23 0.8 0.048 0.752
24 0.8 0.048 0.752
48 0.8 0.048 0.752
47 0.8 0.048 0.752
47 0.752 0.048 0.704
47 0.704 0.16 0.544
47 0.544 0.016 0.528
44 0.8 0.048 0.752
14 0.8 0.048 0.752
16 0.8 0.048 0.752
33 0.8 0.048 0.752
29 0.8 0.048 0.752
55 0.8 0.048 0.752
7 0.8 0.048 0.752
32 0.8 0.048 0.752
23 0.8 0.048 0.752
21 0.8 0.048 0.752
24 0.8 0.048 0.752
35 0.8 0.048 0.752
10 0.8 0.048 0.752
41 0.8 0.048 0.752
52 0.8 0.048 0.752
32 0.752 0.048 0.704
38 0.8 0.048 0.752
37 0.8 0.048 0.752
27 0.8 0.048 0.752
4 0.8 0.048 0.752
13 0.8 0.048 0.752
50 0.8 0.048 0.752
60 0.8 0.048 0.752
8 0.8 0.048 0.752
34 0.8 0.048 0.752
40 0.8 0.048 0.752
26 0.8 0.048 0.752
3 0.8 0.048 0.752
12 0.8 0.048 0.752
28 0.8 0.048 0.752
31 0.8 0.048 0.752
39 0.8 0.048 0.752
43 0.8 0.048 0.752
22 0.8 0.048 0.752
11 0.8 0.048 0.752
15 0.8 0.048 0.752
20 0.8 0.048 0.752
57 0.8 0.048 0.752
14 0.8 0.048 0.752
33 0.8 0.048 0.752
35 0.8 0.048 0.752
5 0.8 0.048 0.752
21 0.8 0.048 0.752
23 0.8 0.048 0.752
24 0.8 0.048 0.752
48 0.8 0.048 0.752
48 0.752 0.048 0.704
48 0.704 0.16 0.544
48 0.544 0.016 0.528
44 0.8 0.048 0.752
14 0.8 0.048 0.752
33 0.8 0.048 0.752
29 0.8 0.048 0.752
55 0.8 0.048 0.752
7 0.8 0.048 0.752
32 0.8 0.048 0.752
37 0.8 0.048 0.752
7 0.752 0.048 0.704
7 0.704 0.16 0.544
7 0.544 0.016 0.528
32 0.752 0.16 0.592
37 0.752 0.16 0.592
23 0.8 0.048 0.752
5 0.8 0.048 0.752
21 0.8 0.048 0.752
24 0.8 0.048 0.752
35 0.8 0.048 0.752
10 0.8 0.048 0.752
41 0.8 0.048 0.752
52 0.8 0.048 0.752
32 0.592 0.048 0.544
38 0.8 0.048 0.752
52 0.752 0.048 0.704
52 0.704 0.16 0.544
37 0.669859 0.048 0.621859
7 0.606913 0.048 0.558913
52 0.544 0.016 0.528
32 0.544 0.16 0.384
38 0.752 0.16 0.592
27 0.8 0.048 0.752
4 0.8 0.048 0.752
13 0.8 0.048 0.752
50 0.8 0.048 0.752
60 0.8 0.048 0.752
8 0.8 0.048 0.752
34 0.8 0.048 0.752
40 0.8 0.048 0.752
26 0.8 0.048 0.752
3 0.8 0.048 0.752
12 0.8 0.048 0.752
28 0.8 0.048 0.752
31 0.8 0.048 0.752
39 0.8 0.048 0.752
43 0.8 0.048 0.752
22 0.8 0.048 0.752
11 0.8 0.048 0.752
15 0.8 0.048 0.752
20 0.8 0.048 0.752
57 0.8 0.048 0.752
14 0.8 0.048 0.752
35 0.8 0.048 0.752
5 0.8 0.048 0.752
23 0.8 0.048 0.752
24 0.8 0.048 0.752
44 0.8 0.048 0.752
14 0.8 0.048 0.752
33 0.8 0.048 0.752
57 0.8 0.048 0.752
29 0.8 0.048 0.752
55 0.8 0.048 0.752
23 0.8 0.048 0.752
5 0.8 0.048 0.752
21 0.8 0.048 0.752
24 0.8 0.048 0.752
35 0.8 0.048 0.752
23 0.752 0.048 0.704
23 0.704 0.16 0.544
23 0.544 0.016 0.528
5 0.752 0.16 0.592
21 0.752 0.16 0.592
24 0.752 0.16 0.592
35 0.752 0.16 0.592
10 0.8 0.048 0.752
41 0.8 0.048 0.752
37 0.8 0.048 0.752
7 0.8 0.048 0.752
27 0.8 0.048 0.752
4 0.8 0.048 0.752
13 0.8 0.048 0.752
50 0.8 0.048 0.752
60 0.8 0.048 0.752
8 0.8 0.048 0.752
34 0.8 0.048 0.752
40 0.8 0.048 0.752
45 0.8 0.048 0.752
26 0.8 0.048 0.752
3 0.8 0.048 0.752
12 0.8 0.048 0.752
28 0.8 0.048 0.752
31 0.8 0.048 0.752
39 0.8 0.048 0.752
43 0.8 0.048 0.752
22 0.8 0.048 0.752
11 0.8 0.048 0.752
15 0.8 0.048 0.752
20 0.8 0.048 0.752
57 0.8 0.048 0.752
14 0.8 0.048 0.752
33 0.8 0.048 0.752
44 0.8 0.048 0.752
35 0.747648 0.048 0.699648
5 0.740432 0.048 0.692432
21 0.741952 0.048 0.693952
23 0.679777 0.048 0.631777
24 0.737687 0.048 0.689687
35 0.699648 0.048 0.651648
35 0.651648 0.16 0.491648
5 0.692432 0.16 0.532432
21 0.693952 0.16 0.533952
23 0.631777 0.16 0.471777
24 0.689687 0.16 0.529687
44 0.8 0.048 0.752
14 0.8 0.048 0.752
16 0.8 0.048 0.752
33 0.8 0.048 0.752
29 0.8 0.048 0.752
55 0.8 0.048 0.752
10 0.8 0.048 0.752
17 0.8 0.048 0.752
41 0.8 0.048 0.752
37 0.8 0.048 0.752
27 0.8 0.048 0.752
4 0.8 0.048 0.752
13 0.8 0.048 0.752
50 0.8 0.048 0.752
60 0.8 0.048 0.752
8 0.8 0.048 0.752
25 0.8 0.048 0.752
34 0.8 0.048 0.752
40 0.8 0.048 0.752
45 0.8 0.048 0.752
26 0.8 0.048 0.752
3 0.8 0.048 0.752
12 0.8 0.048 0.752
28 0.8 0.048 0.752
31 0.8 0.048 0.752
39 0.8 0.048 0.752
43 0.8 0.048 0.752
22 0.8 0.048 0.752
11 0.8 0.048 0.752
15 0.8 0.048 0.752
20 0.8 0.048 0.752
57 0.8 0.048 0.752
14 0.8 0.048 0.752
44 0.8 0.048 0.752
14 0.8 0.048 0.752
16 0.8 0.048 0.752
33 0.8 0.048 0.752
29 0.8 0.048 0.752
55 0.8 0.048 0.752
10 0.8 0.048 0.752
41 0.8 0.048 0.752
10 0.752 0.048 0.704
10 0.704 0.16 0.544
41 0.752 0.16 0.592
37 0.8 0.048 0.752
7 0.8 0.048 0.752
27 0.8 0.048 0.752
4 0.8 0.048 0.752
13 0.8 0.048 0.752
50 0.8 0.048 0.752
60 0.8 0.048 0.752
8 0.8 0.048 0.752
25 0.8 0.048 0.752
34 0.8 0.048 0.752
40 0.8 0.048 0.752
45 0.8 0.048 0.752
26 0.8 0.048 0.752
3 0.8 0.048 0.752
12 0.8 0.048 0.752
28 0.8 0.048 0.752
31 0.8 0.048 0.752
39 0.8 0.048 0.752
43 0.8 0.048 0.752
22 0.8 0.048 0.752
11 0.8 0.048 0.752
15 0.8 0.048 0.752
20 0.8 0.048 0.752
57 0.8 0.048 0.752
14 0.8 0.048 0.752
44 0.8 0.048 0.752
14 0.8 0.048 0.752
16 0.8 0.048 0.752
33 0.8 0.048 0.752
29 0.8 0.048 0.752
55 0.8 0.048 0.752
37 0.8 0.048 0.752
7 0.8 0.048 0.752
27 0.8 0.048 0.752
4 0.8 0.048 0.752
50 0.8 0.048 0.752
60 0.8 0.048 0.752
8 0.8 0.048 0.752
25 0.8 0.048 0.752
34 0.8 0.048 0.752
40 0.8 0.048 0.752
26 0.8 0.048 0.752
3 0.8 0.048 0.752
12 0.8 0.048 0.752
28 0.8 0.048 0.752
31 0.8 0.048 0.752
39 0.8 0.048 0.752
43 0.8 0.048 0.752
22 0.8 0.048 0.752
11 0.8 0.048 0.752
15 0.8 0.048 0.752
20 0.8 0.048 0.752
57 0.8 0.048 0.752
14 0.8 0.048 0.752
44 0.8 0.048 0.752
16 0.8 0.048 0.752
33 0.8 0.048 0.752
54 0.8 0.048 0.752
29 0.8 0.048 0.752
55 0.8 0.048 0.752
37 0.8 0.048 0.752
27 0.8 0.048 0.752
4 0.8 0.048 0.752
13 0.8 0.048 0.752
50 0.8 0.048 0.752
60 0.8 0.048 0.752
8 0.8 0.048 0.752
25 0.8 0.048 0.752
34 0.8 0.048 0.752
40 0.8 0.048 0.752
26 0.8 0.048 0.752
3 0.8 0.048 0.752
12 0.8 0.048 0.752
28 0.8 0.048 0.752
31 0.8 0.048 0.752
39 0.8 0.048 0.752
43 0.8 0.048 0.752
22 0.8 0.048 0.752
11 0.8 0.048 0.752
15 0.8 0.048 0.752
20 0.8 0.048 0.752
57 0.8 0.048 0.752
14 0.8 0.048 0.752
44 0.8 0.048 0.752
16 0.8 0.048 0.752
33 0.8 0.048 0.752
54 0.8 0.048 0.752
29 0.8 0.048 0.752
55 0.8 0.048 0.752
37 0.8 0.048 0.752
7 0.8 0.048 0.752
43 0.8 0.048 0.752
27 0.8 0.048 0.752
4 0.8 0.048 0.752
13 0.8 0.048 0.752
50 0.8 0.048 0.752
27 0.752 0.048 0.704
27 0.704 0.16 0.544
60 0.8 0.048 0.752
8 0.8 0.048 0.752
34 0.8 0.048 0.752
40 0.8 0.048 0.752
27 0.544 0.016 0.528
4 0.752 0.16 0.592
13 0.752 0.16 0.592
50 0.752 0.16 0.592
26 0.8 0.048 0.752
3 0.8 0.048 0.752
12 0.8 0.048 0.752
28 0.8 0.048 0.752
31 0.8 0.048 0.752
39 0.8 0.048 0.752
43 0.8 0.048 0.752
22 0.8 0.048 0.752
11 0.8 0.048 0.752
15 0.8 0.048 0.752
20 0.8 0.048 0.752
57 0.8 0.048 0.752
14 0.8 0.048 0.752
44 0.8 0.048 0.752
16 0.8 0.048 0.752
33 0.8 0.048 0.752
54 0.8 0.048 0.752
29 0.8 0.048 0.752
55 0.8 0.048 0.752
37 0.8 0.048 0.752
7 0.8 0.048 0.752
60 0.8 0.048 0.752
8 0.8 0.048 0.752
34 0.8 0.048 0.752
40 0.8 0.048 0.752
26 0.8 0.048 0.752
3 0.8 0.048 0.752
12 0.8 0.048 0.752
28 0.8 0.048 0.752
31 0.8 0.048 0.752
39 0.8 0.048 0.752
43 0.8 0.048 0.752
22 0.8 0.048 0.752
11 0.8 0.048 0.752
15 0.8 0.048 0.752
20 0.8 0.048 0.752
57 0.8 0.048 0.752
14 0.8 0.048 0.752
44 0.8 0.048 0.752
16 0.8 0.048 0.752
33 0.8 0.048 0.752
54 0.8 0.048 0.752
29 0.8 0.048 0.752
55 0.8 0.048 0.752
37 0.8 0.048 0.752
7 0.8 0.048 0.752
60 0.8 0.048 0.752
8 0.8 0.048 0.752
34 0.8 0.048 0.752
40 0.8 0.048 0.752
45 0.8 0.048 0.752
