30 39 0 100 1 1.15582 2.15582
24 46 0 100 1.16701e-08 2.38381 2.38381
16 52 0 100 0.5 3.20249 3.70249
27 42 0 100 2.5 1.7347 4.2347
1 40 0 100 3 1.2496 4.2496
27 58 0 100 1.16701e-08 4.36483 4.36483
28 45 0 100 2.5 2.14956 4.64956
11 38 0 100 4 1.03132 5.03132
11 50 0 100 2 3.12949 5.12949
7 41 0 100 4 1.27054 5.27054
7 53 0 100 2 3.43208 5.43208
9 44 0 100 4 1.76955 5.76955
19 54 0 100 2 4.08941 6.08941
26 43 0 100 5 1.75706 6.75706
26 57 0 100 2.5 4.35704 6.85704
24 62 0 100 1 6.5824 7.5824
10 70 0 100 1.16701e-08 9.13504 9.13504
10 55 0 100 5 4.1739 9.1739
1 64 0 100 2.5 6.8803 9.3803
20 72 0 100 1 9.37729 10.3773
14 71 0 100 1.5 9.36601 10.866
9 61 0 100 6 5.15519 11.1552
19 66 0 100 3 8.24012 11.2401
12 49 0 100 9 2.52273 11.5227
5 56 0 100 7.5 4.26609 11.7661
30 60 0 100 8 4.69715 12.6972
8 51 0 100 10 3.17023 13.1702
16 63 0 100 7.5 6.68306 14.1831
27 67 0 100 6.5 8.36636 14.8664
