1 0.8 0.048 0.752
13 0.8 0.048 0.752
43 0.8 0.048 0.752
47 0.8 0.048 0.752
65 0.8 0.048 0.752
1 0.752 0.192 0.56
1 0.56 0.16 0.4
13 0.752 0.16 0.592
43 0.752 0.16 0.592
47 0.752 0.16 0.592
65 0.752 0.16 0.592
65 0.592 0.016 0.576
1 0.4 0.016 0.384
65 0.576 0.048 0.528
1 0.384 0.048 0.336
13 0.592 0.048 0.544
43 0.592 0.048 0.544
47 0.592 0.048 0.544
65 0.528 0.144 0.384
65 0.384 0.16 0.224
1 0.336 0.16 0.176
13 0.544 0.16 0.384
43 0.544 0.16 0.384
47 0.544 0.16 0.384
38 0.8 0.048 0.752
10 0.8 0.048 0.752
38 0.752 0.048 0.704
38 0.704 0.16 0.544
10 0.752 0.16 0.592
10 0.592 0.016 0.576
38 0.544 0.016 0.528
10 0.576 0.048 0.528
38 0.528 0.048 0.48
30 0.8 0.048 0.752
9 0.8 0.048 0.752
22 0.8 0.048 0.752
44 0.8 0.048 0.752
30 0.752 0.144 0.608
30 0.608 0.16 0.448
9 0.752 0.16 0.592
9 0.592 0.016 0.576
30 0.448 0.016 0.432
9 0.576 0.048 0.528
30 0.432 0.048 0.384
44 0.752 0.048 0.704
9 0.528 0.048 0.48
9 0.48 0.16 0.32
22 0.752 0.16 0.592
44 0.704 0.16 0.544
30 0.384 0.16 0.224
44 0.544 0.16 0.384
2 0.8 0.048 0.752
11 0.8 0.048 0.752
41 0.8 0.048 0.752
54 0.8 0.048 0.752
2 0.752 0.144 0.608
2 0.608 0.16 0.448
11 0.752 0.16 0.592
11 0.592 0.016 0.576
2 0.448 0.016 0.432
11 0.576 0.048 0.528
2 0.432 0.048 0.384
41 0.752 0.048 0.704
54 0.752 0.048 0.704
11 0.528 0.096 0.432
11 0.432 0.16 0.272
41 0.704 0.16 0.544
54 0.704 0.16 0.544
2 0.384 0.16 0.224
41 0.544 0.16 0.384
54 0.544 0.16 0.384
14 0.8 0.048 0.752
24 0.8 0.048 0.752
35 0.8 0.048 0.752
36 0.8 0.048 0.752
42 0.8 0.048 0.752
14 0.752 0.192 0.56
14 0.56 0.16 0.4
24 0.752 0.16 0.592
35 0.752 0.16 0.592
36 0.752 0.16 0.592
42 0.752 0.16 0.592
42 0.592 0.016 0.576
14 0.4 0.016 0.384
42 0.576 0.048 0.528
14 0.384 0.048 0.336
24 0.592 0.048 0.544
35 0.592 0.048 0.544
36 0.592 0.048 0.544
42 0.528 0.144 0.384
42 0.384 0.16 0.224
14 0.336 0.16 0.176
24 0.544 0.16 0.384
35 0.544 0.16 0.384
36 0.544 0.16 0.384
53 0.8 0.048 0.752
4 0.8 0.048 0.752
58 0.8 0.048 0.752
67 0.8 0.048 0.752
68 0.8 0.048 0.752
53 0.752 0.24 0.512
53 0.512 0.16 0.352
53 0.352 0.016 0.336
4 0.752 0.16 0.592
58 0.752 0.16 0.592
67 0.752 0.16 0.592
68 0.752 0.16 0.592
21 0.8 0.048 0.752
70 0.8 0.048 0.752
21 0.752 0.048 0.704
21 0.704 0.16 0.544
70 0.752 0.16 0.592
70 0.592 0.016 0.576
21 0.544 0.016 0.528
70 0.576 0.048 0.528
21 0.528 0.048 0.48
18 0.8 0.048 0.752
19 0.8 0.048 0.752
28 0.8 0.048 0.752
69 0.8 0.048 0.752
18 0.752 0.144 0.608
18 0.608 0.16 0.448
19 0.752 0.16 0.592
19 0.592 0.016 0.576
18 0.448 0.016 0.432
19 0.576 0.048 0.528
18 0.432 0.048 0.384
28 0.752 0.048 0.704
44 0.679898 0.048 0.631898
19 0.528 0.096 0.432
19 0.432 0.16 0.272
28 0.704 0.16 0.544
69 0.752 0.16 0.592
18 0.384 0.16 0.224
28 0.544 0.16 0.384
44 0.631898 0.16 0.471898
28 0.458752 0.048 0.410752
18 0.224 0.048 0.176
19 0.272 0.048 0.224
63 0.8 0.048 0.752
6 0.8 0.048 0.752
17 0.8 0.048 0.752
23 0.8 0.048 0.752
63 0.752 0.144 0.608
63 0.608 0.16 0.448
6 0.752 0.16 0.592
6 0.592 0.016 0.576
63 0.448 0.016 0.432
6 0.576 0.048 0.528
17 0.752 0.048 0.704
23 0.752 0.048 0.704
63 0.432 0.048 0.384
6 0.528 0.096 0.432
6 0.432 0.16 0.272
17 0.704 0.16 0.544
23 0.704 0.16 0.544
17 0.544 0.16 0.384
23 0.544 0.16 0.384
63 0.384 0.16 0.224
10 0.8 0.048 0.752
38 0.8 0.048 0.752
29 0.8 0.048 0.752
8 0.8 0.048 0.752
12 0.8 0.048 0.752
34 0.8 0.048 0.752
48 0.8 0.048 0.752
29 0.752 0.24 0.512
29 0.512 0.16 0.352
29 0.352 0.016 0.336
8 0.752 0.16 0.592
12 0.752 0.16 0.592
34 0.752 0.16 0.592
48 0.752 0.16 0.592
37 0.8 0.048 0.752
3 0.8 0.048 0.752
15 0.8 0.048 0.752
31 0.8 0.048 0.752
50 0.8 0.048 0.752
52 0.8 0.048 0.752
37 0.752 0.24 0.512
37 0.512 0.16 0.352
3 0.752 0.16 0.592
15 0.752 0.16 0.592
15 0.592 0.016 0.576
37 0.352 0.016 0.336
15 0.576 0.048 0.528
3 0.592 0.048 0.544
31 0.752 0.048 0.704
37 0.336 0.048 0.288
50 0.752 0.048 0.704
52 0.752 0.048 0.704
15 0.528 0.192 0.336
15 0.336 0.16 0.176
31 0.704 0.16 0.544
50 0.704 0.16 0.544
52 0.704 0.16 0.544
3 0.544 0.16 0.384
31 0.544 0.16 0.384
37 0.288 0.16 0.128
50 0.544 0.16 0.384
52 0.544 0.16 0.384
22 0.8 0.048 0.752
9 0.8 0.048 0.752
30 0.8 0.048 0.752
62 0.8 0.048 0.752
22 0.752 0.096 0.656
22 0.656 0.16 0.496
9 0.752 0.16 0.592
30 0.752 0.16 0.592
62 0.752 0.16 0.592
62 0.592 0.016 0.576
22 0.496 0.016 0.48
62 0.576 0.048 0.528
22 0.48 0.048 0.432
40 0.8 0.048 0.752
64 0.8 0.048 0.752
62 0.528 0.096 0.432
62 0.432 0.16 0.272
22 0.432 0.16 0.272
40 0.752 0.16 0.592
64 0.752 0.16 0.592
64 0.592 0.016 0.576
62 0.272 0.016 0.256
64 0.576 0.048 0.528
25 0.8 0.048 0.752
40 0.592 0.048 0.544
45 0.8 0.048 0.752
51 0.8 0.048 0.752
62 0.256 0.048 0.208
64 0.528 0.192 0.336
64 0.336 0.16 0.176
25 0.752 0.16 0.592
40 0.544 0.16 0.384
45 0.752 0.16 0.592
51 0.752 0.16 0.592
51 0.592 0.016 0.576
64 0.176 0.016 0.16
51 0.576 0.048 0.528
25 0.592 0.048 0.544
40 0.384 0.048 0.336
45 0.592 0.048 0.544
64 0.16 0.048 0.112
51 0.528 0.096 0.432
51 0.432 0.16 0.272
62 0.208 0.16 0.048
25 0.544 0.16 0.384
40 0.336 0.16 0.176
45 0.544 0.16 0.384
64 0.112 0.16 -0.048
4 0.8 0.048 0.752
53 0.8 0.048 0.752
58 0.8 0.048 0.752
61 0.8 0.048 0.752
67 0.8 0.048 0.752
68 0.8 0.048 0.752
4 0.752 0.24 0.512
4 0.512 0.16 0.352
53 0.752 0.16 0.592
58 0.752 0.16 0.592
58 0.592 0.016 0.576
4 0.352 0.016 0.336
58 0.576 0.048 0.528
4 0.336 0.048 0.288
53 0.592 0.048 0.544
67 0.752 0.048 0.704
68 0.752 0.048 0.704
58 0.528 0.144 0.384
58 0.384 0.16 0.224
61 0.752 0.16 0.592
67 0.704 0.16 0.544
68 0.704 0.16 0.544
4 0.288 0.16 0.128
53 0.544 0.16 0.384
67 0.544 0.16 0.384
68 0.544 0.16 0.384
70 0.8 0.048 0.752
21 0.8 0.048 0.752
23 0.759679 0.048 0.711679
6 0.643359 0.048 0.595359
63 0.52559 0.048 0.47759
28 0.788041 0.048 0.740041
18 0.548858 0.048 0.500858
19 0.592305 0.048 0.544305
28 0.740041 0.048 0.692041
28 0.692041 0.16 0.532041
18 0.500858 0.16 0.340858
19 0.544305 0.16 0.384305
10 0.8 0.048 0.752
38 0.8 0.048 0.752
66 0.8 0.048 0.752
17 0.8 0.048 0.752
39 0.8 0.048 0.752
49 0.8 0.048 0.752
56 0.8 0.048 0.752
66 0.752 0.192 0.56
66 0.56 0.16 0.4
17 0.752 0.16 0.592
39 0.752 0.16 0.592
49 0.752 0.16 0.592
56 0.752 0.16 0.592
56 0.592 0.016 0.576
66 0.4 0.016 0.384
56 0.576 0.048 0.528
39 0.592 0.048 0.544
49 0.592 0.048 0.544
66 0.384 0.048 0.336
56 0.528 0.096 0.432
56 0.432 0.16 0.272
39 0.544 0.16 0.384
49 0.544 0.16 0.384
66 0.336 0.16 0.176
25 0.688692 0.048 0.640692
40 0.554586 0.048 0.506586
45 0.689508 0.048 0.641508
51 0.571085 0.048 0.523085
64 0.31045 0.048 0.26245
25 0.640692 0.096 0.544692
25 0.544692 0.16 0.384692
40 0.506586 0.16 0.346586
45 0.641508 0.16 0.481508
51 0.523085 0.16 0.363085
64 0.26245 0.16 0.10245
45 0.481508 0.048 0.433508
3 0.8 0.048 0.752
25 0.384692 0.048 0.336692
31 0.8 0.048 0.752
51 0.363085 0.048 0.315085
52 0.8 0.048 0.752
64 0.10245 0.048 0.0544501
45 0.433508 0.144 0.289508
45 0.289508 0.16 0.129508
3 0.752 0.16 0.592
3 0.592 0.016 0.576
45 0.129508 0.016 0.113508
3 0.576 0.048 0.528
15 0.783631 0.048 0.735631
31 0.752 0.048 0.704
37 0.657143 0.048 0.609143
45 0.113508 0.048 0.0655077
52 0.752 0.048 0.704
3 0.528 0.144 0.384
3 0.384 0.16 0.224
25 0.336692 0.16 0.176692
31 0.704 0.16 0.544
51 0.315085 0.16 0.155085
52 0.704 0.16 0.544
64 0.0544501 0.16 -0.10555
15 0.735631 0.16 0.575631
31 0.544 0.16 0.384
37 0.609143 0.16 0.449143
45 0.0655077 0.16 -0.0944923
52 0.544 0.16 0.384
41 0.8 0.048 0.752
2 0.8 0.048 0.752
11 0.8 0.048 0.752
54 0.8 0.048 0.752
41 0.752 0.096 0.656
41 0.656 0.16 0.496
2 0.752 0.16 0.592
11 0.752 0.16 0.592
54 0.752 0.16 0.592
54 0.592 0.016 0.576
41 0.496 0.016 0.48
54 0.576 0.048 0.528
2 0.592 0.048 0.544
11 0.592 0.048 0.544
41 0.48 0.048 0.432
54 0.528 0.048 0.48
54 0.48 0.16 0.32
2 0.544 0.16 0.384
11 0.544 0.16 0.384
41 0.432 0.16 0.272
46 0.8 0.048 0.752
8 0.8 0.048 0.752
12 0.8 0.048 0.752
16 0.8 0.048 0.752
20 0.8 0.048 0.752
29 0.8 0.048 0.752
34 0.8 0.048 0.752
59 0.8 0.048 0.752
46 0.752 0.336 0.416
46 0.416 0.16 0.256
8 0.752 0.16 0.592
12 0.752 0.16 0.592
16 0.752 0.16 0.592
20 0.752 0.16 0.592
29 0.752 0.16 0.592
34 0.752 0.16 0.592
59 0.752 0.16 0.592
59 0.592 0.016 0.576
46 0.256 0.016 0.24
59 0.576 0.048 0.528
8 0.592 0.048 0.544
16 0.592 0.048 0.544
20 0.592 0.048 0.544
46 0.24 0.048 0.192
59 0.528 0.144 0.384
59 0.384 0.16 0.224
8 0.544 0.16 0.384
16 0.544 0.16 0.384
20 0.544 0.16 0.384
46 0.192 0.16 0.032
70 0.8 0.048 0.752
21 0.8 0.048 0.752
70 0.752 0.048 0.704
70 0.704 0.16 0.544
70 0.544 0.016 0.528
21 0.752 0.16 0.592
23 0.8 0.048 0.752
6 0.8 0.048 0.752
63 0.8 0.048 0.752
23 0.752 0.048 0.704
23 0.704 0.16 0.544
6 0.752 0.16 0.592
63 0.752 0.16 0.592
63 0.592 0.016 0.576
23 0.544 0.016 0.528
63 0.576 0.048 0.528
6 0.592 0.048 0.544
17 0.738814 0.048 0.690814
23 0.528 0.048 0.48
63 0.528 0.048 0.48
63 0.48 0.16 0.32
6 0.544 0.16 0.384
17 0.690814 0.16 0.530814
17 0.530814 0.016 0.514814
63 0.32 0.016 0.304
17 0.514814 0.048 0.466814
6 0.384 0.048 0.336
39 0.541197 0.048 0.493197
49 0.537237 0.048 0.489237
63 0.304 0.048 0.256
66 0.327214 0.048 0.279214
23 0.48 0.16 0.32
69 0.8 0.048 0.752
60 0.8 0.048 0.752
69 0.752 0.048 0.704
69 0.704 0.16 0.544
60 0.752 0.16 0.592
60 0.592 0.016 0.576
69 0.544 0.016 0.528
60 0.576 0.048 0.528
69 0.528 0.048 0.48
49 0.564786 0.048 0.516786
6 0.408384 0.048 0.360384
17 0.541876 0.048 0.493876
39 0.567623 0.048 0.519623
66 0.351169 0.048 0.303169
49 0.516786 0.048 0.468786
49 0.468786 0.16 0.308786
6 0.360384 0.16 0.200384
17 0.493876 0.16 0.333876
39 0.519623 0.16 0.359623
66 0.303169 0.16 0.143169
10 0.8 0.048 0.752
38 0.8 0.048 0.752
7 0.8 0.048 0.752
13 0.8 0.048 0.752
35 0.8 0.048 0.752
7 0.752 0.096 0.656
7 0.656 0.16 0.496
13 0.752 0.16 0.592
35 0.752 0.16 0.592
35 0.592 0.016 0.576
7 0.496 0.016 0.48
35 0.576 0.048 0.528
7 0.48 0.048 0.432
14 0.8 0.048 0.752
24 0.8 0.048 0.752
36 0.8 0.048 0.752
42 0.8 0.048 0.752
35 0.528 0.144 0.384
35 0.384 0.16 0.224
7 0.432 0.16 0.272
14 0.752 0.16 0.592
14 0.592 0.016 0.576
35 0.224 0.016 0.208
14 0.576 0.048 0.528
24 0.752 0.048 0.704
35 0.208 0.048 0.16
36 0.752 0.048 0.704
42 0.752 0.048 0.704
14 0.528 0.096 0.432
14 0.432 0.16 0.272
24 0.704 0.16 0.544
36 0.704 0.16 0.544
42 0.704 0.16 0.544
24 0.544 0.16 0.384
35 0.16 0.16 -8.32667e-17
36 0.544 0.16 0.384
42 0.544 0.16 0.384
62 0.651108 0.048 0.603108
22 0.8 0.048 0.752
40 0.577878 0.048 0.529878
64 0.231921 0.048 0.183921
62 0.603108 0.096 0.507108
62 0.507108 0.16 0.347108
22 0.752 0.16 0.592
40 0.529878 0.16 0.369878
64 0.183921 0.16 0.0239209
47 0.8 0.048 0.752
1 0.8 0.048 0.752
13 0.592 0.048 0.544
43 0.8 0.048 0.752
65 0.8 0.048 0.752
47 0.752 0.144 0.608
47 0.608 0.16 0.448
1 0.752 0.16 0.592
1 0.592 0.016 0.576
47 0.448 0.016 0.432
1 0.576 0.048 0.528
13 0.544 0.048 0.496
43 0.752 0.048 0.704
47 0.432 0.048 0.384
65 0.752 0.048 0.704
1 0.528 0.048 0.48
1 0.48 0.16 0.32
13 0.496 0.16 0.336
43 0.704 0.16 0.544
65 0.704 0.16 0.544
13 0.336 0.16 0.176
43 0.544 0.16 0.384
47 0.384 0.16 0.224
65 0.544 0.16 0.384
39 0.429663 0.048 0.381663
17 0.487479 0.048 0.439479
49 0.456901 0.048 0.408901
56 0.64553 0.048 0.59753
66 0.219705 0.048 0.171705
24 0.530794 0.048 0.482794
14 0.420838 0.048 0.372838
35 0.149036 0.048 0.101036
36 0.537765 0.048 0.489765
42 0.458176 0.048 0.410176
17 0.591198 0.048 0.543198
6 0.497399 0.048 0.449399
39 0.603612 0.048 0.555612
49 0.554027 0.048 0.506027
66 0.391497 0.048 0.343497
60 0.8 0.048 0.752
69 0.8 0.048 0.752
10 0.8 0.048 0.752
38 0.8 0.048 0.752
39 0.705415 0.048 0.657415
49 0.731278 0.048 0.683278
56 0.8 0.048 0.752
66 0.501168 0.048 0.453168
43 0.8 0.048 0.752
1 0.773682 0.048 0.725682
47 0.67666 0.048 0.62866
65 0.8 0.048 0.752
43 0.752 0.048 0.704
43 0.704 0.16 0.544
1 0.725682 0.16 0.565682
47 0.62866 0.16 0.46866
65 0.752 0.16 0.592
8 0.8 0.048 0.752
12 0.8 0.048 0.752
16 0.8 0.048 0.752
29 0.8 0.048 0.752
34 0.8 0.048 0.752
46 0.721102 0.048 0.673102
8 0.752 0.24 0.512
8 0.512 0.16 0.352
12 0.752 0.16 0.592
16 0.752 0.16 0.592
16 0.592 0.016 0.576
8 0.352 0.016 0.336
16 0.576 0.048 0.528
8 0.336 0.048 0.288
20 0.8 0.048 0.752
46 0.673102 0.048 0.625102
59 0.8 0.048 0.752
16 0.528 0.096 0.432
16 0.432 0.16 0.272
29 0.752 0.16 0.592
34 0.752 0.16 0.592
46 0.625102 0.16 0.465102
8 0.288 0.16 0.128
20 0.752 0.16 0.592
46 0.465102 0.16 0.305102
59 0.752 0.16 0.592
26 0.8 0.048 0.752
24 0.8 0.048 0.752
14 0.741004 0.048 0.693004
35 0.479604 0.048 0.431604
36 0.8 0.048 0.752
42 0.788565 0.048 0.740565
24 0.752 0.096 0.656
24 0.656 0.16 0.496
24 0.496 0.016 0.48
14 0.693004 0.16 0.533004
35 0.431604 0.16 0.271604
36 0.752 0.16 0.592
42 0.740565 0.16 0.580565
55 0.8 0.048 0.752
27 0.8 0.048 0.752
55 0.752 0.048 0.704
55 0.704 0.16 0.544
27 0.752 0.16 0.592
27 0.592 0.016 0.576
55 0.544 0.016 0.528
27 0.576 0.048 0.528
32 0.8 0.048 0.752
55 0.528 0.048 0.48
27 0.528 0.048 0.48
27 0.48 0.16 0.32
32 0.752 0.16 0.592
32 0.592 0.016 0.576
27 0.32 0.016 0.304
32 0.576 0.048 0.528
27 0.304 0.048 0.256
55 0.48 0.16 0.32
17 0.8 0.048 0.752
6 0.8 0.048 0.752
49 0.8 0.048 0.752
63 0.8 0.048 0.752
66 0.673966 0.048 0.625966
17 0.752 0.048 0.704
17 0.704 0.16 0.544
6 0.752 0.16 0.592
49 0.752 0.16 0.592
63 0.752 0.16 0.592
66 0.625966 0.16 0.465966
60 0.8 0.048 0.752
10 0.8 0.048 0.752
38 0.8 0.048 0.752
10 0.752 0.048 0.704
10 0.704 0.16 0.544
10 0.544 0.016 0.528
38 0.752 0.16 0.592
36 0.8 0.048 0.752
14 0.684401 0.048 0.636401
24 0.627919 0.048 0.579919
42 0.8 0.048 0.752
36 0.752 0.048 0.704
36 0.704 0.16 0.544
14 0.636401 0.16 0.476401
24 0.579919 0.16 0.419919
42 0.752 0.16 0.592
18 0.8 0.048 0.752
19 0.8 0.048 0.752
28 0.8 0.048 0.752
52 0.8 0.048 0.752
3 0.8 0.048 0.752
15 0.8 0.048 0.752
31 0.8 0.048 0.752
37 0.8 0.048 0.752
45 0.8 0.048 0.752
50 0.8 0.048 0.752
52 0.752 0.192 0.56
52 0.56 0.16 0.4
3 0.752 0.16 0.592
15 0.752 0.16 0.592
31 0.752 0.16 0.592
37 0.752 0.16 0.592
45 0.752 0.16 0.592
50 0.752 0.16 0.592
50 0.592 0.016 0.576
52 0.4 0.016 0.384
50 0.576 0.048 0.528
3 0.592 0.048 0.544
15 0.592 0.048 0.544
31 0.592 0.048 0.544
37 0.592 0.048 0.544
52 0.384 0.048 0.336
50 0.528 0.096 0.432
50 0.432 0.16 0.272
3 0.544 0.16 0.384
15 0.544 0.16 0.384
31 0.544 0.16 0.384
37 0.544 0.16 0.384
52 0.336 0.16 0.176
35 0.498595 0.048 0.450595
14 0.630227 0.048 0.582227
24 0.574365 0.048 0.526365
42 0.667313 0.048 0.619313
35 0.450595 0.048 0.402595
35 0.402595 0.16 0.242595
14 0.582227 0.16 0.422227
24 0.526365 0.16 0.366365
42 0.619313 0.16 0.459313
39 0.8 0.048 0.752
49 0.8 0.048 0.752
56 0.8 0.048 0.752
66 0.618394 0.048 0.570394
39 0.752 0.048 0.704
39 0.704 0.16 0.544
49 0.752 0.16 0.592
56 0.752 0.16 0.592
66 0.570394 0.16 0.410394
12 0.8 0.048 0.752
8 0.510871 0.048 0.462871
29 0.8 0.048 0.752
34 0.8 0.048 0.752
46 0.679023 0.048 0.631023
48 0.8 0.048 0.752
12 0.752 0.192 0.56
12 0.56 0.16 0.4
8 0.462871 0.16 0.302871
29 0.752 0.16 0.592
34 0.752 0.16 0.592
46 0.631023 0.16 0.471023
48 0.752 0.16 0.592
48 0.592 0.016 0.576
12 0.4 0.016 0.384
48 0.576 0.048 0.528
12 0.384 0.048 0.336
29 0.592 0.048 0.544
34 0.592 0.048 0.544
48 0.528 0.096 0.432
48 0.432 0.16 0.272
12 0.336 0.16 0.176
29 0.544 0.16 0.384
34 0.544 0.16 0.384
26 0.8 0.048 0.752
44 0.8 0.048 0.752
9 0.8 0.048 0.752
19 0.8 0.048 0.752
30 0.8 0.048 0.752
44 0.752 0.048 0.704
44 0.704 0.16 0.544
9 0.752 0.16 0.592
19 0.752 0.16 0.592
30 0.752 0.16 0.592
30 0.592 0.016 0.576
44 0.544 0.016 0.528
30 0.576 0.048 0.528
9 0.592 0.048 0.544
22 0.8 0.048 0.752
44 0.528 0.048 0.48
30 0.528 0.048 0.48
30 0.48 0.16 0.32
9 0.544 0.16 0.384
22 0.752 0.16 0.592
22 0.592 0.016 0.576
30 0.32 0.016 0.304
22 0.576 0.048 0.528
30 0.304 0.048 0.256
62 0.8 0.048 0.752
44 0.48 0.16 0.32
10 0.68108 0.048 0.63308
38 0.8 0.048 0.752
10 0.63308 0.048 0.58508
10 0.58508 0.16 0.42508
38 0.752 0.16 0.592
38 0.592 0.016 0.576
10 0.42508 0.016 0.40908
38 0.576 0.048 0.528
10 0.40908 0.048 0.36108
53 0.8 0.048 0.752
4 0.8 0.048 0.752
58 0.8 0.048 0.752
61 0.8 0.048 0.752
67 0.8 0.048 0.752
68 0.8 0.048 0.752
53 0.752 0.192 0.56
53 0.56 0.16 0.4
4 0.752 0.16 0.592
58 0.752 0.16 0.592
61 0.752 0.16 0.592
67 0.752 0.16 0.592
68 0.752 0.16 0.592
68 0.592 0.016 0.576
53 0.4 0.016 0.384
68 0.576 0.048 0.528
4 0.592 0.048 0.544
53 0.384 0.048 0.336
58 0.592 0.048 0.544
67 0.592 0.048 0.544
68 0.528 0.096 0.432
68 0.432 0.16 0.272
4 0.544 0.16 0.384
53 0.336 0.16 0.176
58 0.544 0.16 0.384
67 0.544 0.16 0.384
57 0.8 0.048 0.752
32 0.8 0.048 0.752
27 0.638304 0.048 0.590304
60 0.8 0.048 0.752
29 0.615727 0.048 0.567727
8 0.531849 0.048 0.483849
12 0.398607 0.048 0.350607
34 0.609881 0.048 0.561881
46 0.691834 0.048 0.643834
48 0.496179 0.048 0.448179
29 0.567727 0.096 0.471727
29 0.471727 0.16 0.311727
8 0.483849 0.16 0.323849
12 0.350607 0.16 0.190607
34 0.561881 0.16 0.401881
46 0.643834 0.16 0.483834
48 0.448179 0.16 0.288179
18 0.8 0.048 0.752
19 0.8 0.048 0.752
28 0.8 0.048 0.752
18 0.752 0.048 0.704
18 0.704 0.16 0.544
18 0.544 0.016 0.528
19 0.752 0.16 0.592
28 0.752 0.16 0.592
31 0.76712 0.048 0.71912
3 0.758669 0.048 0.710669
15 0.745523 0.048 0.697523
37 0.750944 0.048 0.702944
45 0.8 0.048 0.752
50 0.574484 0.048 0.526484
52 0.556804 0.048 0.508804
31 0.71912 0.144 0.57512
31 0.57512 0.16 0.41512
3 0.710669 0.16 0.550669
15 0.697523 0.16 0.537523
37 0.702944 0.16 0.542944
37 0.542944 0.016 0.526944
31 0.41512 0.016 0.39912
37 0.526944 0.048 0.478944
3 0.550669 0.048 0.502669
15 0.537523 0.048 0.489523
31 0.39912 0.048 0.35112
50 0.526484 0.048 0.478484
52 0.508804 0.048 0.460804
45 0.752 0.16 0.592
50 0.478484 0.16 0.318484
52 0.460804 0.16 0.300804
20 0.8 0.048 0.752
16 0.8 0.048 0.752
59 0.8 0.048 0.752
61 0.8 0.048 0.752
20 0.752 0.048 0.704
20 0.704 0.16 0.544
16 0.752 0.16 0.592
59 0.752 0.16 0.592
61 0.752 0.16 0.592
61 0.592 0.016 0.576
20 0.544 0.016 0.528
61 0.576 0.048 0.528
4 0.681758 0.048 0.633758
20 0.528 0.048 0.48
67 0.682013 0.048 0.634013
61 0.528 0.096 0.432
61 0.432 0.16 0.272
4 0.633758 0.16 0.473758
20 0.48 0.16 0.32
67 0.634013 0.16 0.474013
26 0.8 0.048 0.752
34 0.550991 0.048 0.502991
8 0.551992 0.048 0.503992
12 0.343911 0.048 0.295911
29 0.461421 0.048 0.413421
46 0.638125 0.048 0.590125
48 0.517561 0.048 0.469561
34 0.502991 0.096 0.406991
34 0.406991 0.16 0.246991
8 0.503992 0.16 0.343992
12 0.295911 0.16 0.135911
29 0.413421 0.16 0.253421
46 0.590125 0.16 0.430125
48 0.469561 0.16 0.309561
22 0.8 0.048 0.752
9 0.765702 0.048 0.717702
30 0.63232 0.048 0.58432
62 0.8 0.048 0.752
38 0.8 0.048 0.752
10 0.738089 0.048 0.690089
33 0.8 0.048 0.752
5 0.8 0.048 0.752
33 0.752 0.048 0.704
33 0.704 0.16 0.544
5 0.752 0.16 0.592
5 0.592 0.016 0.576
33 0.544 0.016 0.528
5 0.576 0.048 0.528
33 0.528 0.048 0.48
57 0.8 0.048 0.752
32 0.8 0.048 0.752
27 0.8 0.048 0.752
66 0.8 0.048 0.752
17 0.8 0.048 0.752
39 0.8 0.048 0.752
49 0.8 0.048 0.752
56 0.8 0.048 0.752
60 0.8 0.048 0.752
13 0.8 0.048 0.752
7 0.8 0.048 0.752
47 0.8 0.048 0.752
65 0.8 0.048 0.752
13 0.752 0.096 0.656
13 0.656 0.16 0.496
7 0.752 0.16 0.592
47 0.752 0.16 0.592
47 0.592 0.016 0.576
13 0.496 0.016 0.48
47 0.576 0.048 0.528
1 0.8 0.048 0.752
13 0.48 0.048 0.432
43 0.8 0.048 0.752
65 0.752 0.048 0.704
65 0.704 0.16 0.544
37 0.8 0.048 0.752
3 0.8 0.048 0.752
15 0.8 0.048 0.752
31 0.735129 0.048 0.687129
50 0.689298 0.048 0.641298
52 0.675973 0.048 0.627973
37 0.752 0.048 0.704
37 0.704 0.16 0.544
3 0.752 0.16 0.592
15 0.752 0.16 0.592
31 0.687129 0.16 0.527129
50 0.641298 0.16 0.481298
52 0.627973 0.16 0.467973
67 0.8 0.048 0.752
4 0.761568 0.048 0.713568
53 0.76144 0.048 0.71344
58 0.8 0.048 0.752
68 0.8 0.048 0.752
67 0.752 0.096 0.656
67 0.656 0.16 0.496
4 0.713568 0.16 0.553568
53 0.71344 0.16 0.55344
53 0.55344 0.016 0.53744
67 0.496 0.016 0.48
53 0.53744 0.048 0.48944
4 0.553568 0.048 0.505568
58 0.752 0.048 0.704
67 0.48 0.048 0.432
68 0.752 0.048 0.704
53 0.48944 0.048 0.44144
53 0.44144 0.16 0.28144
58 0.704 0.16 0.544
68 0.704 0.16 0.544
4 0.505568 0.16 0.345568
58 0.544 0.16 0.384
67 0.432 0.16 0.272
68 0.544 0.16 0.384
26 0.8 0.048 0.752
22 0.8 0.048 0.752
9 0.8 0.048 0.752
30 0.8 0.048 0.752
62 0.8 0.048 0.752
38 0.8 0.048 0.752
10 0.8 0.048 0.752
5 0.8 0.048 0.752
33 0.8 0.048 0.752
27 0.8 0.048 0.752
32 0.8 0.048 0.752
55 0.8 0.048 0.752
27 0.752 0.048 0.704
27 0.704 0.16 0.544
32 0.752 0.16 0.592
55 0.752 0.16 0.592
55 0.592 0.016 0.576
27 0.544 0.016 0.528
55 0.576 0.048 0.528
27 0.528 0.048 0.48
40 0.8 0.048 0.752
25 0.8 0.048 0.752
51 0.8 0.048 0.752
62 0.752 0.048 0.704
64 0.8 0.048 0.752
40 0.752 0.048 0.704
40 0.704 0.16 0.544
25 0.752 0.16 0.592
51 0.752 0.16 0.592
62 0.704 0.16 0.544
64 0.752 0.16 0.592
64 0.592 0.016 0.576
40 0.544 0.016 0.528
64 0.576 0.048 0.528
25 0.592 0.048 0.544
40 0.528 0.048 0.48
45 0.8 0.048 0.752
51 0.592 0.048 0.544
62 0.544 0.048 0.496
64 0.528 0.048 0.48
64 0.48 0.16 0.32
25 0.544 0.16 0.384
40 0.48 0.16 0.32
45 0.752 0.16 0.592
45 0.592 0.016 0.576
64 0.32 0.016 0.304
45 0.576 0.048 0.528
3 0.738719 0.048 0.690719
25 0.384 0.048 0.336
31 0.676501 0.048 0.628501
51 0.544 0.048 0.496
52 0.619669 0.048 0.571669
64 0.304 0.048 0.256
45 0.528 0.144 0.384
45 0.384 0.16 0.224
51 0.496 0.16 0.336
62 0.496 0.16 0.336
45 0.224 0.016 0.208
3 0.690719 0.16 0.530719
25 0.336 0.16 0.176
31 0.628501 0.16 0.468501
51 0.336 0.16 0.176
52 0.571669 0.16 0.411669
64 0.256 0.16 0.096
57 0.8 0.048 0.752
70 0.8 0.048 0.752
21 0.8 0.048 0.752
70 0.752 0.048 0.704
70 0.704 0.16 0.544
21 0.752 0.16 0.592
21 0.592 0.016 0.576
70 0.544 0.016 0.528
21 0.576 0.048 0.528
70 0.528 0.048 0.48
32 0.669069 0.048 0.621069
27 0.553129 0.048 0.505129
66 0.8 0.048 0.752
17 0.8 0.048 0.752
39 0.8 0.048 0.752
49 0.8 0.048 0.752
56 0.8 0.048 0.752
60 0.8 0.048 0.752
47 0.8 0.048 0.752
1 0.8 0.048 0.752
13 0.8 0.048 0.752
43 0.8 0.048 0.752
65 0.8 0.048 0.752
45 0.511704 0.048 0.463704
3 0.764646 0.048 0.716646
25 0.400939 0.048 0.352939
31 0.691682 0.048 0.643682
51 0.468001 0.048 0.420001
52 0.632982 0.048 0.584982
64 0.310333 0.048 0.262333
45 0.463704 0.096 0.367704
45 0.367704 0.16 0.207704
3 0.716646 0.16 0.556646
25 0.352939 0.16 0.192939
31 0.643682 0.16 0.483682
51 0.420001 0.16 0.260001
52 0.584982 0.16 0.424982
64 0.262333 0.16 0.102333
30 0.8 0.048 0.752
9 0.8 0.048 0.752
22 0.8 0.048 0.752
44 0.8 0.048 0.752
30 0.752 0.048 0.704
30 0.704 0.16 0.544
9 0.752 0.16 0.592
22 0.752 0.16 0.592
44 0.752 0.16 0.592
44 0.592 0.016 0.576
30 0.544 0.016 0.528
44 0.576 0.048 0.528
9 0.592 0.048 0.544
30 0.528 0.048 0.48
26 0.8 0.048 0.752
22 0.668022 0.048 0.620022
9 0.615385 0.048 0.567385
30 0.553726 0.048 0.505726
44 0.60594 0.048 0.55794
38 0.8 0.048 0.752
10 0.8 0.048 0.752
5 0.8 0.048 0.752
33 0.8 0.048 0.752
55 0.8 0.048 0.752
27 0.799268 0.048 0.751268
57 0.8 0.048 0.752
21 0.8 0.048 0.752
70 0.8 0.048 0.752
32 0.8 0.048 0.752
27 0.8 0.048 0.752
46 0.8 0.048 0.752
8 0.8 0.048 0.752
12 0.8 0.048 0.752
29 0.8 0.048 0.752
46 0.752 0.096 0.656
46 0.656 0.16 0.496
8 0.752 0.16 0.592
12 0.752 0.16 0.592
12 0.592 0.016 0.576
46 0.496 0.016 0.48
12 0.576 0.048 0.528
8 0.592 0.048 0.544
29 0.752 0.048 0.704
34 0.8 0.048 0.752
46 0.48 0.048 0.432
48 0.8 0.048 0.752
12 0.528 0.048 0.48
12 0.48 0.16 0.32
29 0.704 0.16 0.544
8 0.544 0.16 0.384
29 0.544 0.16 0.384
34 0.752 0.16 0.592
46 0.432 0.16 0.272
48 0.752 0.16 0.592
66 0.8 0.048 0.752
39 0.8 0.048 0.752
49 0.8 0.048 0.752
56 0.8 0.048 0.752
60 0.8 0.048 0.752
4 0.8 0.048 0.752
53 0.8 0.048 0.752
58 0.8 0.048 0.752
61 0.8 0.048 0.752
67 0.8 0.048 0.752
68 0.8 0.048 0.752
4 0.752 0.048 0.704
4 0.704 0.16 0.544
53 0.752 0.16 0.592
58 0.752 0.16 0.592
61 0.752 0.16 0.592
67 0.752 0.16 0.592
67 0.592 0.016 0.576
4 0.544 0.016 0.528
67 0.576 0.048 0.528
4 0.528 0.048 0.48
53 0.592 0.048 0.544
58 0.592 0.048 0.544
61 0.592 0.048 0.544
68 0.752 0.048 0.704
68 0.704 0.16 0.544
47 0.8 0.048 0.752
1 0.8 0.048 0.752
13 0.8 0.048 0.752
43 0.8 0.048 0.752
65 0.8 0.048 0.752
2 0.8 0.048 0.752
11 0.8 0.048 0.752
41 0.8 0.048 0.752
54 0.8 0.048 0.752
2 0.752 0.048 0.704
2 0.704 0.16 0.544
11 0.752 0.16 0.592
41 0.752 0.16 0.592
41 0.592 0.016 0.576
2 0.544 0.016 0.528
41 0.576 0.048 0.528
2 0.528 0.048 0.48
11 0.592 0.048 0.544
54 0.752 0.048 0.704
54 0.704 0.16 0.544
44 0.8 0.048 0.752
9 0.8 0.048 0.752
22 0.8 0.048 0.752
30 0.8 0.048 0.752
63 0.8 0.048 0.752
6 0.8 0.048 0.752
17 0.8 0.048 0.752
23 0.8 0.048 0.752
63 0.752 0.048 0.704
63 0.704 0.16 0.544
6 0.752 0.16 0.592
17 0.752 0.16 0.592
23 0.752 0.16 0.592
23 0.592 0.016 0.576
63 0.544 0.016 0.528
23 0.576 0.048 0.528
6 0.592 0.048 0.544
17 0.592 0.048 0.544
63 0.528 0.048 0.48
26 0.8 0.048 0.752
22 0.8 0.048 0.752
9 0.8 0.048 0.752
30 0.8 0.048 0.752
38 0.8 0.048 0.752
10 0.8 0.048 0.752
5 0.8 0.048 0.752
33 0.8 0.048 0.752
55 0.8 0.048 0.752
27 0.8 0.048 0.752
64 0.702965 0.048 0.654965
25 0.793341 0.048 0.745341
40 0.8 0.048 0.752
45 0.745604 0.048 0.697604
51 0.781675 0.048 0.733675
62 0.8 0.048 0.752
64 0.654965 0.048 0.606965
64 0.606965 0.16 0.446965
25 0.745341 0.16 0.585341
40 0.752 0.16 0.592
40 0.592 0.016 0.576
64 0.446965 0.016 0.430965
40 0.576 0.048 0.528
25 0.585341 0.048 0.537341
51 0.733675 0.048 0.685675
62 0.752 0.048 0.704
64 0.430965 0.048 0.382965
45 0.697604 0.16 0.537604
51 0.685675 0.16 0.525675
62 0.704 0.16 0.544
57 0.8 0.048 0.752
21 0.8 0.048 0.752
70 0.8 0.048 0.752
32 0.8 0.048 0.752
27 0.8 0.048 0.752
66 0.8 0.048 0.752
17 0.692659 0.048 0.644659
39 0.8 0.048 0.752
49 0.8 0.048 0.752
56 0.8 0.048 0.752
60 0.8 0.048 0.752
67 0.8 0.048 0.752
4 0.8 0.048 0.752
53 0.8 0.048 0.752
58 0.8 0.048 0.752
61 0.8 0.048 0.752
68 0.8 0.048 0.752
47 0.8 0.048 0.752
1 0.8 0.048 0.752
13 0.8 0.048 0.752
43 0.8 0.048 0.752
65 0.8 0.048 0.752
41 0.8 0.048 0.752
2 0.8 0.048 0.752
11 0.8 0.048 0.752
54 0.8 0.048 0.752
44 0.8 0.048 0.752
9 0.8 0.048 0.752
22 0.8 0.048 0.752
30 0.8 0.048 0.752
23 0.8 0.048 0.752
6 0.8 0.048 0.752
63 0.8 0.048 0.752
26 0.8 0.048 0.752
22 0.8 0.048 0.752
9 0.8 0.048 0.752
30 0.8 0.048 0.752
44 0.8 0.048 0.752
38 0.8 0.048 0.752
10 0.8 0.048 0.752
5 0.8 0.048 0.752
33 0.8 0.048 0.752
55 0.8 0.048 0.752
27 0.8 0.048 0.752
40 0.8 0.048 0.752
25 0.8 0.048 0.752
62 0.8 0.048 0.752
64 0.758552 0.048 0.710552
57 0.8 0.048 0.752
21 0.8 0.048 0.752
70 0.8 0.048 0.752
24 0.8 0.048 0.752
14 0.8 0.048 0.752
35 0.8 0.048 0.752
36 0.8 0.048 0.752
42 0.8 0.048 0.752
32 0.8 0.048 0.752
27 0.8 0.048 0.752
66 0.8 0.048 0.752
39 0.8 0.048 0.752
49 0.8 0.048 0.752
56 0.8 0.048 0.752
60 0.8 0.048 0.752
67 0.8 0.048 0.752
4 0.8 0.048 0.752
53 0.8 0.048 0.752
58 0.8 0.048 0.752
61 0.8 0.048 0.752
68 0.8 0.048 0.752
47 0.8 0.048 0.752
1 0.8 0.048 0.752
13 0.8 0.048 0.752
43 0.8 0.048 0.752
65 0.8 0.048 0.752
41 0.8 0.048 0.752
2 0.8 0.048 0.752
11 0.8 0.048 0.752
54 0.8 0.048 0.752
44 0.8 0.048 0.752
9 0.8 0.048 0.752
22 0.8 0.048 0.752
30 0.8 0.048 0.752
23 0.8 0.048 0.752
6 0.8 0.048 0.752
17 0.8 0.048 0.752
63 0.8 0.048 0.752
26 0.8 0.048 0.752
22 0.8 0.048 0.752
9 0.8 0.048 0.752
30 0.8 0.048 0.752
44 0.8 0.048 0.752
62 0.8 0.048 0.752
38 0.8 0.048 0.752
10 0.8 0.048 0.752
5 0.8 0.048 0.752
33 0.8 0.048 0.752
55 0.8 0.048 0.752
27 0.8 0.048 0.752
13 0.8 0.048 0.752
7 0.8 0.048 0.752
47 0.8 0.048 0.752
13 0.752 0.048 0.704
13 0.704 0.16 0.544
7 0.752 0.16 0.592
7 0.592 0.016 0.576
13 0.544 0.016 0.528
7 0.576 0.048 0.528
13 0.528 0.048 0.48
47 0.752 0.16 0.592
40 0.8 0.048 0.752
25 0.8 0.048 0.752
51 0.8 0.048 0.752
62 0.752 0.048 0.704
64 0.8 0.048 0.752
57 0.8 0.048 0.752
21 0.8 0.048 0.752
70 0.8 0.048 0.752
24 0.8 0.048 0.752
14 0.8 0.048 0.752
35 0.8 0.048 0.752
36 0.8 0.048 0.752
42 0.8 0.048 0.752
32 0.8 0.048 0.752
27 0.8 0.048 0.752
66 0.8 0.048 0.752
39 0.8 0.048 0.752
49 0.8 0.048 0.752
56 0.8 0.048 0.752
60 0.8 0.048 0.752
67 0.8 0.048 0.752
4 0.8 0.048 0.752
53 0.8 0.048 0.752
58 0.8 0.048 0.752
61 0.8 0.048 0.752
68 0.8 0.048 0.752
47 0.8 0.048 0.752
1 0.8 0.048 0.752
13 0.627939 0.048 0.579939
43 0.8 0.048 0.752
65 0.8 0.048 0.752
41 0.8 0.048 0.752
2 0.8 0.048 0.752
11 0.8 0.048 0.752
54 0.8 0.048 0.752
44 0.8 0.048 0.752
9 0.8 0.048 0.752
30 0.8 0.048 0.752
23 0.8 0.048 0.752
6 0.8 0.048 0.752
63 0.8 0.048 0.752
26 0.8 0.048 0.752
22 0.8 0.048 0.752
9 0.8 0.048 0.752
30 0.8 0.048 0.752
62 0.8 0.048 0.752
38 0.8 0.048 0.752
10 0.8 0.048 0.752
5 0.8 0.048 0.752
33 0.8 0.048 0.752
55 0.8 0.048 0.752
27 0.8 0.048 0.752
7 0.8 0.048 0.752
13 0.797301 0.048 0.749301
35 0.8 0.048 0.752
20 0.8 0.048 0.752
16 0.8 0.048 0.752
59 0.8 0.048 0.752
61 0.8 0.048 0.752
69 0.8 0.048 0.752
18 0.8 0.048 0.752
69 0.752 0.048 0.704
69 0.704 0.16 0.544
18 0.752 0.16 0.592
18 0.592 0.016 0.576
69 0.544 0.016 0.528
18 0.576 0.048 0.528
19 0.8 0.048 0.752
28 0.8 0.048 0.752
69 0.528 0.048 0.48
40 0.8 0.048 0.752
25 0.8 0.048 0.752
51 0.8 0.048 0.752
62 0.752 0.048 0.704
64 0.8 0.048 0.752
57 0.8 0.048 0.752
10 0.8 0.048 0.752
38 0.8 0.048 0.752
21 0.8 0.048 0.752
70 0.8 0.048 0.752
33 0.8 0.048 0.752
5 0.8 0.048 0.752
24 0.8 0.048 0.752
14 0.8 0.048 0.752
35 0.8 0.048 0.752
36 0.8 0.048 0.752
42 0.8 0.048 0.752
32 0.8 0.048 0.752
27 0.8 0.048 0.752
66 0.8 0.048 0.752
39 0.8 0.048 0.752
49 0.8 0.048 0.752
56 0.8 0.048 0.752
60 0.8 0.048 0.752
67 0.8 0.048 0.752
4 0.8 0.048 0.752
53 0.8 0.048 0.752
58 0.8 0.048 0.752
68 0.8 0.048 0.752
30 0.8 0.048 0.752
9 0.8 0.048 0.752
22 0.8 0.048 0.752
44 0.8 0.048 0.752
46 0.8 0.048 0.752
8 0.8 0.048 0.752
12 0.8 0.048 0.752
20 0.8 0.048 0.752
29 0.8 0.048 0.752
34 0.8 0.048 0.752
46 0.752 0.048 0.704
46 0.704 0.16 0.544
8 0.752 0.16 0.592
8 0.592 0.016 0.576
46 0.544 0.016 0.528
8 0.576 0.048 0.528
12 0.752 0.048 0.704
29 0.752 0.048 0.704
34 0.752 0.048 0.704
46 0.528 0.048 0.48
48 0.8 0.048 0.752
12 0.704 0.16 0.544
20 0.752 0.16 0.592
29 0.704 0.16 0.544
34 0.704 0.16 0.544
47 0.8 0.048 0.752
1 0.8 0.048 0.752
13 0.8 0.048 0.752
43 0.8 0.048 0.752
65 0.8 0.048 0.752
52 0.8 0.048 0.752
3 0.8 0.048 0.752
15 0.8 0.048 0.752
31 0.8 0.048 0.752
37 0.8 0.048 0.752
45 0.8 0.048 0.752
50 0.8 0.048 0.752
51 0.8 0.048 0.752
52 0.752 0.048 0.704
52 0.704 0.16 0.544
3 0.752 0.16 0.592
15 0.752 0.16 0.592
31 0.752 0.16 0.592
31 0.592 0.016 0.576
52 0.544 0.016 0.528
31 0.576 0.048 0.528
3 0.592 0.048 0.544
15 0.592 0.048 0.544
37 0.752 0.048 0.704
45 0.752 0.048 0.704
50 0.752 0.048 0.704
52 0.528 0.048 0.48
37 0.704 0.16 0.544
45 0.704 0.16 0.544
50 0.704 0.16 0.544
51 0.752 0.16 0.592
41 0.8 0.048 0.752
2 0.8 0.048 0.752
11 0.8 0.048 0.752
54 0.8 0.048 0.752
44 0.8 0.048 0.752
9 0.8 0.048 0.752
30 0.8 0.048 0.752
23 0.8 0.048 0.752
6 0.8 0.048 0.752
63 0.8 0.048 0.752
27 0.8 0.048 0.752
32 0.8 0.048 0.752
55 0.8 0.048 0.752
26 0.8 0.048 0.752
22 0.8 0.048 0.752
30 0.8 0.048 0.752
62 0.8 0.048 0.752
38 0.8 0.048 0.752
10 0.8 0.048 0.752
5 0.8 0.048 0.752
33 0.8 0.048 0.752
55 0.8 0.048 0.752
27 0.8 0.048 0.752
7 0.8 0.048 0.752
13 0.8 0.048 0.752
20 0.8 0.048 0.752
16 0.8 0.048 0.752
59 0.8 0.048 0.752
61 0.8 0.048 0.752
18 0.8 0.048 0.752
19 0.8 0.048 0.752
28 0.8 0.048 0.752
40 0.8 0.048 0.752
25 0.8 0.048 0.752
45 0.773141 0.048 0.725141
51 0.8 0.048 0.752
62 0.752 0.048 0.704
64 0.8 0.048 0.752
57 0.8 0.048 0.752
57 0.752 0.048 0.704
57 0.704 0.16 0.544
57 0.544 0.016 0.528
10 0.8 0.048 0.752
38 0.8 0.048 0.752
21 0.8 0.048 0.752
70 0.8 0.048 0.752
33 0.8 0.048 0.752
5 0.8 0.048 0.752
24 0.8 0.048 0.752
14 0.8 0.048 0.752
36 0.8 0.048 0.752
42 0.8 0.048 0.752
32 0.8 0.048 0.752
27 0.8 0.048 0.752
66 0.8 0.048 0.752
39 0.8 0.048 0.752
49 0.8 0.048 0.752
56 0.8 0.048 0.752
60 0.8 0.048 0.752
67 0.8 0.048 0.752
4 0.8 0.048 0.752
53 0.8 0.048 0.752
58 0.8 0.048 0.752
68 0.8 0.048 0.752
30 0.8 0.048 0.752
9 0.8 0.048 0.752
22 0.8 0.048 0.752
44 0.8 0.048 0.752
8 0.8 0.048 0.752
12 0.8 0.048 0.752
29 0.8 0.048 0.752
34 0.8 0.048 0.752
46 0.8 0.048 0.752
47 0.8 0.048 0.752
1 0.8 0.048 0.752
13 0.8 0.048 0.752
43 0.8 0.048 0.752
65 0.8 0.048 0.752
47 0.752 0.048 0.704
47 0.704 0.16 0.544
47 0.544 0.016 0.528
1 0.752 0.16 0.592
13 0.752 0.16 0.592
43 0.752 0.16 0.592
65 0.752 0.16 0.592
31 0.8 0.048 0.752
3 0.8 0.048 0.752
15 0.8 0.048 0.752
37 0.8 0.048 0.752
45 0.8 0.048 0.752
50 0.8 0.048 0.752
52 0.8 0.048 0.752
41 0.8 0.048 0.752
2 0.8 0.048 0.752
11 0.8 0.048 0.752
54 0.8 0.048 0.752
44 0.8 0.048 0.752
9 0.8 0.048 0.752
22 0.8 0.048 0.752
30 0.8 0.048 0.752
23 0.8 0.048 0.752
6 0.8 0.048 0.752
17 0.8 0.048 0.752
63 0.8 0.048 0.752
27 0.8 0.048 0.752
32 0.8 0.048 0.752
55 0.8 0.048 0.752
26 0.8 0.048 0.752
22 0.8 0.048 0.752
30 0.8 0.048 0.752
44 0.8 0.048 0.752
62 0.8 0.048 0.752
38 0.8 0.048 0.752
10 0.8 0.048 0.752
5 0.8 0.048 0.752
33 0.8 0.048 0.752
55 0.8 0.048 0.752
27 0.8 0.048 0.752
7 0.8 0.048 0.752
13 0.8 0.048 0.752
7 0.752 0.048 0.704
7 0.704 0.16 0.544
7 0.544 0.016 0.528
13 0.752 0.16 0.592
20 0.8 0.048 0.752
16 0.8 0.048 0.752
46 0.8 0.048 0.752
59 0.8 0.048 0.752
20 0.752 0.048 0.704
20 0.704 0.16 0.544
16 0.752 0.16 0.592
46 0.752 0.16 0.592
46 0.592 0.016 0.576
20 0.544 0.016 0.528
46 0.576 0.048 0.528
8 0.8 0.048 0.752
12 0.8 0.048 0.752
20 0.528 0.048 0.48
29 0.8 0.048 0.752
34 0.8 0.048 0.752
59 0.752 0.16 0.592
18 0.8 0.048 0.752
19 0.8 0.048 0.752
28 0.8 0.048 0.752
40 0.8 0.048 0.752
25 0.8 0.048 0.752
51 0.8 0.048 0.752
62 0.752 0.048 0.704
64 0.8 0.048 0.752
10 0.8 0.048 0.752
38 0.8 0.048 0.752
21 0.8 0.048 0.752
70 0.8 0.048 0.752
33 0.8 0.048 0.752
5 0.8 0.048 0.752
24 0.8 0.048 0.752
14 0.8 0.048 0.752
36 0.8 0.048 0.752
42 0.8 0.048 0.752
24 0.752 0.048 0.704
24 0.704 0.16 0.544
24 0.544 0.016 0.528
14 0.752 0.16 0.592
36 0.752 0.16 0.592
42 0.752 0.16 0.592
32 0.8 0.048 0.752
27 0.8 0.048 0.752
66 0.8 0.048 0.752
39 0.8 0.048 0.752
49 0.8 0.048 0.752
56 0.8 0.048 0.752
60 0.8 0.048 0.752
67 0.8 0.048 0.752
4 0.8 0.048 0.752
53 0.8 0.048 0.752
58 0.8 0.048 0.752
68 0.8 0.048 0.752
30 0.8 0.048 0.752
9 0.8 0.048 0.752
22 0.8 0.048 0.752
44 0.8 0.048 0.752
8 0.8 0.048 0.752
12 0.8 0.048 0.752
29 0.8 0.048 0.752
34 0.8 0.048 0.752
46 0.685864 0.048 0.637864
48 0.8 0.048 0.752
31 0.8 0.048 0.752
3 0.8 0.048 0.752
15 0.8 0.048 0.752
37 0.8 0.048 0.752
45 0.8 0.048 0.752
52 0.8 0.048 0.752
41 0.8 0.048 0.752
2 0.8 0.048 0.752
11 0.8 0.048 0.752
54 0.8 0.048 0.752
44 0.8 0.048 0.752
9 0.8 0.048 0.752
22 0.8 0.048 0.752
30 0.8 0.048 0.752
23 0.8 0.048 0.752
6 0.8 0.048 0.752
17 0.8 0.048 0.752
63 0.8 0.048 0.752
27 0.8 0.048 0.752
32 0.8 0.048 0.752
55 0.8 0.048 0.752
26 0.8 0.048 0.752
70 0.8 0.048 0.752
26 0.752 0.048 0.704
26 0.704 0.16 0.544
70 0.752 0.16 0.592
70 0.592 0.016 0.576
26 0.544 0.016 0.528
70 0.576 0.048 0.528
21 0.8 0.048 0.752
26 0.528 0.048 0.48
22 0.8 0.048 0.752
9 0.8 0.048 0.752
30 0.8 0.048 0.752
44 0.8 0.048 0.752
62 0.8 0.048 0.752
38 0.8 0.048 0.752
10 0.8 0.048 0.752
38 0.752 0.048 0.704
38 0.704 0.16 0.544
38 0.544 0.016 0.528
10 0.752 0.16 0.592
5 0.8 0.048 0.752
33 0.8 0.048 0.752
55 0.8 0.048 0.752
27 0.8 0.048 0.752
32 0.752 0.048 0.704
46 0.8 0.048 0.752
8 0.8 0.048 0.752
12 0.8 0.048 0.752
20 0.8 0.048 0.752
29 0.8 0.048 0.752
34 0.8 0.048 0.752
18 0.8 0.048 0.752
19 0.8 0.048 0.752
28 0.8 0.048 0.752
40 0.8 0.048 0.752
25 0.8 0.048 0.752
45 0.8 0.048 0.752
51 0.8 0.048 0.752
62 0.752 0.048 0.704
64 0.8 0.048 0.752
10 0.662827 0.048 0.614827
38 0.603901 0.048 0.555901
10 0.614827 0.096 0.518827
10 0.518827 0.16 0.358827
10 0.358827 0.016 0.342827
38 0.555901 0.16 0.395901
21 0.8 0.048 0.752
70 0.603406 0.048 0.555406
33 0.8 0.048 0.752
5 0.8 0.048 0.752
32 0.776451 0.048 0.728451
27 0.8 0.048 0.752
55 0.8 0.048 0.752
66 0.8 0.048 0.752
39 0.8 0.048 0.752
49 0.8 0.048 0.752
56 0.8 0.048 0.752
60 0.8 0.048 0.752
67 0.8 0.048 0.752
4 0.8 0.048 0.752
53 0.8 0.048 0.752
58 0.8 0.048 0.752
68 0.8 0.048 0.752
30 0.8 0.048 0.752
9 0.8 0.048 0.752
22 0.8 0.048 0.752
44 0.8 0.048 0.752
8 0.8 0.048 0.752
12 0.8 0.048 0.752
29 0.8 0.048 0.752
34 0.8 0.048 0.752
46 0.8 0.048 0.752
63 0.8 0.048 0.752
6 0.8 0.048 0.752
17 0.8 0.048 0.752
23 0.8 0.048 0.752
31 0.8 0.048 0.752
3 0.8 0.048 0.752
15 0.8 0.048 0.752
37 0.8 0.048 0.752
45 0.8 0.048 0.752
50 0.8 0.048 0.752
52 0.8 0.048 0.752
41 0.8 0.048 0.752
2 0.8 0.048 0.752
11 0.8 0.048 0.752
54 0.8 0.048 0.752
44 0.8 0.048 0.752
9 0.8 0.048 0.752
22 0.8 0.048 0.752
30 0.8 0.048 0.752
23 0.8 0.048 0.752
6 0.8 0.048 0.752
63 0.8 0.048 0.752
27 0.8 0.048 0.752
32 0.8 0.048 0.752
55 0.8 0.048 0.752
70 0.8 0.048 0.752
21 0.8 0.048 0.752
22 0.8 0.048 0.752
9 0.8 0.048 0.752
30 0.8 0.048 0.752
44 0.8 0.048 0.752
5 0.8 0.048 0.752
33 0.8 0.048 0.752
55 0.8 0.048 0.752
27 0.8 0.048 0.752
46 0.8 0.048 0.752
8 0.8 0.048 0.752
12 0.8 0.048 0.752
20 0.8 0.048 0.752
29 0.8 0.048 0.752
18 0.8 0.048 0.752
19 0.8 0.048 0.752
28 0.8 0.048 0.752
18 0.752 0.048 0.704
18 0.704 0.16 0.544
18 0.544 0.016 0.528
19 0.752 0.16 0.592
28 0.752 0.16 0.592
40 0.8 0.048 0.752
25 0.8 0.048 0.752
45 0.8 0.048 0.752
51 0.8 0.048 0.752
62 0.8 0.048 0.752
64 0.8 0.048 0.752
64 0.752 0.048 0.704
25 0.752 0.048 0.704
40 0.752 0.048 0.704
45 0.752 0.048 0.704
51 0.752 0.048 0.704
62 0.752 0.048 0.704
21 0.8 0.048 0.752
70 0.8 0.048 0.752
33 0.8 0.048 0.752
5 0.8 0.048 0.752
32 0.8 0.048 0.752
27 0.8 0.048 0.752
66 0.8 0.048 0.752
39 0.8 0.048 0.752
49 0.8 0.048 0.752
56 0.8 0.048 0.752
60 0.8 0.048 0.752
67 0.8 0.048 0.752
4 0.8 0.048 0.752
53 0.8 0.048 0.752
58 0.8 0.048 0.752
68 0.8 0.048 0.752
30 0.8 0.048 0.752
9 0.8 0.048 0.752
22 0.8 0.048 0.752
44 0.8 0.048 0.752
30 0.752 0.048 0.704
30 0.704 0.16 0.544
30 0.544 0.016 0.528
9 0.752 0.16 0.592
22 0.752 0.16 0.592
44 0.752 0.16 0.592
8 0.8 0.048 0.752
12 0.8 0.048 0.752
20 0.8 0.048 0.752
29 0.8 0.048 0.752
46 0.8 0.048 0.752
8 0.752 0.048 0.704
8 0.704 0.16 0.544
12 0.752 0.16 0.592
20 0.752 0.16 0.592
20 0.592 0.016 0.576
8 0.544 0.016 0.528
20 0.576 0.048 0.528
8 0.528 0.048 0.48
16 0.8 0.048 0.752
46 0.752 0.048 0.704
59 0.8 0.048 0.752
29 0.752 0.16 0.592
46 0.704 0.16 0.544
63 0.8 0.048 0.752
6 0.8 0.048 0.752
17 0.8 0.048 0.752
23 0.8 0.048 0.752
31 0.8 0.048 0.752
3 0.8 0.048 0.752
15 0.8 0.048 0.752
37 0.8 0.048 0.752
45 0.8 0.048 0.752
50 0.8 0.048 0.752
52 0.8 0.048 0.752
41 0.8 0.048 0.752
2 0.8 0.048 0.752
11 0.8 0.048 0.752
54 0.8 0.048 0.752
44 0.744191 0.048 0.696191
9 0.733745 0.048 0.685745
30 0.676369 0.048 0.628369
23 0.8 0.048 0.752
6 0.8 0.048 0.752
63 0.8 0.048 0.752
27 0.8 0.048 0.752
32 0.8 0.048 0.752
55 0.8 0.048 0.752
70 0.8 0.048 0.752
21 0.8 0.048 0.752
22 0.8 0.048 0.752
9 0.759273 0.048 0.711273
30 0.705597 0.048 0.657597
22 0.752 0.048 0.704
22 0.704 0.16 0.544
22 0.544 0.016 0.528
9 0.711273 0.16 0.551273
30 0.657597 0.16 0.497597
5 0.8 0.048 0.752
33 0.8 0.048 0.752
2 0.8 0.048 0.752
11 0.8 0.048 0.752
41 0.8 0.048 0.752
54 0.8 0.048 0.752
55 0.8 0.048 0.752
27 0.8 0.048 0.752
32 0.752 0.048 0.704
46 0.771948 0.048 0.723948
8 0.707369 0.048 0.659369
12 0.8 0.048 0.752
20 0.754133 0.048 0.706133
29 0.8 0.048 0.752
34 0.8 0.048 0.752
46 0.723948 0.048 0.675948
46 0.675948 0.16 0.515948
8 0.659369 0.16 0.499369
8 0.499369 0.016 0.483369
46 0.515948 0.016 0.499948
8 0.483369 0.048 0.435369
12 0.752 0.048 0.704
20 0.706133 0.048 0.658133
29 0.752 0.048 0.704
34 0.752 0.048 0.704
46 0.499948 0.048 0.451948
12 0.704 0.16 0.544
20 0.658133 0.16 0.498133
29 0.704 0.16 0.544
34 0.704 0.16 0.544
40 0.8 0.048 0.752
25 0.8 0.048 0.752
45 0.8 0.048 0.752
51 0.8 0.048 0.752
62 0.8 0.048 0.752
64 0.8 0.048 0.752
40 0.752 0.048 0.704
40 0.704 0.16 0.544
40 0.544 0.016 0.528
25 0.752 0.16 0.592
45 0.752 0.16 0.592
51 0.752 0.16 0.592
62 0.752 0.16 0.592
64 0.752 0.16 0.592
64 0.592 0.048 0.544
25 0.592 0.048 0.544
40 0.528 0.048 0.48
45 0.592 0.048 0.544
51 0.592 0.048 0.544
62 0.592 0.048 0.544
64 0.544 0.048 0.496
64 0.496 0.16 0.336
64 0.336 0.016 0.32
25 0.544 0.16 0.384
40 0.48 0.16 0.32
45 0.544 0.16 0.384
51 0.544 0.16 0.384
62 0.544 0.16 0.384
21 0.8 0.048 0.752
70 0.8 0.048 0.752
33 0.8 0.048 0.752
5 0.8 0.048 0.752
32 0.775461 0.048 0.727461
27 0.8 0.048 0.752
55 0.8 0.048 0.752
66 0.8 0.048 0.752
39 0.8 0.048 0.752
49 0.8 0.048 0.752
56 0.8 0.048 0.752
60 0.8 0.048 0.752
67 0.8 0.048 0.752
4 0.8 0.048 0.752
53 0.8 0.048 0.752
58 0.8 0.048 0.752
68 0.8 0.048 0.752
20 0.64824 0.048 0.60024
8 0.585481 0.048 0.537481
16 0.8 0.048 0.752
46 0.602165 0.048 0.554165
59 0.8 0.048 0.752
63 0.8 0.048 0.752
6 0.8 0.048 0.752
17 0.8 0.048 0.752
23 0.8 0.048 0.752
31 0.8 0.048 0.752
3 0.8 0.048 0.752
15 0.8 0.048 0.752
37 0.8 0.048 0.752
45 0.530126 0.048 0.482126
50 0.8 0.048 0.752
52 0.8 0.048 0.752
31 0.752 0.048 0.704
31 0.704 0.16 0.544
31 0.544 0.016 0.528
3 0.752 0.16 0.592
15 0.752 0.16 0.592
37 0.752 0.16 0.592
45 0.482126 0.16 0.322126
50 0.752 0.16 0.592
52 0.752 0.16 0.592
41 0.8 0.048 0.752
2 0.8 0.048 0.752
11 0.8 0.048 0.752
54 0.8 0.048 0.752
44 0.8 0.048 0.752
9 0.8 0.048 0.752
22 0.8 0.048 0.752
30 0.792003 0.048 0.744003
44 0.752 0.048 0.704
44 0.704 0.16 0.544
9 0.752 0.16 0.592
22 0.752 0.16 0.592
22 0.592 0.016 0.576
44 0.544 0.016 0.528
22 0.576 0.048 0.528
9 0.592 0.048 0.544
30 0.744003 0.048 0.696003
44 0.528 0.048 0.48
30 0.696003 0.16 0.536003
23 0.8 0.048 0.752
6 0.8 0.048 0.752
63 0.8 0.048 0.752
27 0.8 0.048 0.752
32 0.8 0.048 0.752
70 0.8 0.048 0.752
21 0.8 0.048 0.752
5 0.8 0.048 0.752
33 0.8 0.048 0.752
2 0.8 0.048 0.752
11 0.8 0.048 0.752
41 0.8 0.048 0.752
54 0.8 0.048 0.752
55 0.8 0.048 0.752
8 0.753024 0.048 0.705024
12 0.8 0.048 0.752
29 0.8 0.048 0.752
34 0.8 0.048 0.752
46 0.77426 0.048 0.72626
21 0.8 0.048 0.752
70 0.8 0.048 0.752
33 0.8 0.048 0.752
5 0.8 0.048 0.752
32 0.8 0.048 0.752
27 0.8 0.048 0.752
66 0.8 0.048 0.752
39 0.8 0.048 0.752
56 0.8 0.048 0.752
60 0.8 0.048 0.752
67 0.8 0.048 0.752
4 0.8 0.048 0.752
53 0.8 0.048 0.752
58 0.8 0.048 0.752
68 0.8 0.048 0.752
20 0.8 0.048 0.752
16 0.8 0.048 0.752
59 0.8 0.048 0.752
63 0.8 0.048 0.752
6 0.8 0.048 0.752
17 0.8 0.048 0.752
23 0.8 0.048 0.752
49 0.8 0.048 0.752
41 0.8 0.048 0.752
2 0.8 0.048 0.752
11 0.8 0.048 0.752
54 0.8 0.048 0.752
41 0.752 0.048 0.704
41 0.704 0.16 0.544
41 0.544 0.016 0.528
2 0.752 0.16 0.592
11 0.752 0.16 0.592
54 0.752 0.16 0.592
22 0.8 0.048 0.752
9 0.8 0.048 0.752
30 0.8 0.048 0.752
23 0.8 0.048 0.752
6 0.8 0.048 0.752
63 0.8 0.048 0.752
27 0.8 0.048 0.752
32 0.8 0.048 0.752
55 0.8 0.048 0.752
70 0.8 0.048 0.752
21 0.8 0.048 0.752
5 0.8 0.048 0.752
33 0.8 0.048 0.752
2 0.664055 0.048 0.616055
11 0.662563 0.048 0.614563
41 0.669357 0.048 0.621357
54 0.669376 0.048 0.621376
2 0.616055 0.048 0.568055
2 0.568055 0.16 0.408055
11 0.614563 0.16 0.454563
41 0.621357 0.16 0.461357
54 0.621376 0.16 0.461376
55 0.8 0.048 0.752
27 0.8 0.048 0.752
32 0.752 0.048 0.704
8 0.8 0.048 0.752
12 0.8 0.048 0.752
29 0.8 0.048 0.752
34 0.8 0.048 0.752
46 0.8 0.048 0.752
21 0.8 0.048 0.752
70 0.8 0.048 0.752
33 0.8 0.048 0.752
5 0.8 0.048 0.752
33 0.752 0.048 0.704
33 0.704 0.16 0.544
33 0.544 0.016 0.528
5 0.752 0.16 0.592
32 0.777176 0.048 0.729176
27 0.8 0.048 0.752
55 0.8 0.048 0.752
66 0.8 0.048 0.752
39 0.8 0.048 0.752
49 0.8 0.048 0.752
56 0.8 0.048 0.752
60 0.8 0.048 0.752
67 0.8 0.048 0.752
4 0.8 0.048 0.752
53 0.8 0.048 0.752
58 0.8 0.048 0.752
68 0.8 0.048 0.752
20 0.8 0.048 0.752
8 0.8 0.048 0.752
16 0.8 0.048 0.752
46 0.8 0.048 0.752
59 0.8 0.048 0.752
63 0.8 0.048 0.752
6 0.8 0.048 0.752
17 0.8 0.048 0.752
23 0.8 0.048 0.752
49 0.8 0.048 0.752
22 0.8 0.048 0.752
9 0.8 0.048 0.752
30 0.8 0.048 0.752
23 0.8 0.048 0.752
6 0.8 0.048 0.752
63 0.8 0.048 0.752
27 0.8 0.048 0.752
32 0.8 0.048 0.752
55 0.8 0.048 0.752
70 0.8 0.048 0.752
21 0.8 0.048 0.752
5 0.8 0.048 0.752
33 0.8 0.048 0.752
55 0.8 0.048 0.752
27 0.8 0.048 0.752
55 0.752 0.048 0.704
55 0.704 0.16 0.544
55 0.544 0.016 0.528
27 0.752 0.16 0.592
8 0.8 0.048 0.752
12 0.8 0.048 0.752
20 0.8 0.048 0.752
29 0.8 0.048 0.752
34 0.8 0.048 0.752
46 0.8 0.048 0.752
21 0.8 0.048 0.752
70 0.8 0.048 0.752
32 0.8 0.048 0.752
27 0.666704 0.048 0.618704
32 0.752 0.048 0.704
32 0.704 0.16 0.544
32 0.544 0.016 0.528
27 0.618704 0.16 0.458704
66 0.8 0.048 0.752
39 0.8 0.048 0.752
56 0.8 0.048 0.752
60 0.8 0.048 0.752
69 0.8 0.048 0.752
67 0.8 0.048 0.752
4 0.8 0.048 0.752
53 0.8 0.048 0.752
58 0.8 0.048 0.752
68 0.8 0.048 0.752
67 0.752 0.048 0.704
67 0.704 0.16 0.544
67 0.544 0.016 0.528
4 0.752 0.16 0.592
53 0.752 0.16 0.592
58 0.752 0.16 0.592
68 0.752 0.16 0.592
20 0.8 0.048 0.752
8 0.8 0.048 0.752
16 0.8 0.048 0.752
46 0.8 0.048 0.752
59 0.8 0.048 0.752
63 0.8 0.048 0.752
6 0.8 0.048 0.752
17 0.8 0.048 0.752
23 0.8 0.048 0.752
22 0.8 0.048 0.752
9 0.8 0.048 0.752
30 0.8 0.048 0.752
44 0.8 0.048 0.752
23 0.8 0.048 0.752
6 0.8 0.048 0.752
63 0.8 0.048 0.752
27 0.679211 0.048 0.631211
32 0.8 0.048 0.752
55 0.8 0.048 0.752
27 0.631211 0.096 0.535211
27 0.535211 0.16 0.375211
32 0.752 0.16 0.592
55 0.752 0.16 0.592
55 0.592 0.016 0.576
27 0.375211 0.016 0.359211
55 0.576 0.048 0.528
27 0.359211 0.048 0.311211
32 0.592 0.048 0.544
55 0.528 0.048 0.48
55 0.48 0.16 0.32
27 0.311211 0.16 0.151211
32 0.544 0.16 0.384
70 0.8 0.048 0.752
21 0.8 0.048 0.752
5 0.8 0.048 0.752
33 0.8 0.048 0.752
8 0.8 0.048 0.752
12 0.8 0.048 0.752
29 0.8 0.048 0.752
34 0.8 0.048 0.752
46 0.8 0.048 0.752
21 0.8 0.048 0.752
70 0.8 0.048 0.752
66 0.8 0.048 0.752
39 0.8 0.048 0.752
49 0.8 0.048 0.752
56 0.8 0.048 0.752
60 0.8 0.048 0.752
69 0.8 0.048 0.752
20 0.8 0.048 0.752
16 0.8 0.048 0.752
46 0.8 0.048 0.752
63 0.8 0.048 0.752
6 0.8 0.048 0.752
17 0.8 0.048 0.752
23 0.8 0.048 0.752
22 0.8 0.048 0.752
9 0.8 0.048 0.752
30 0.8 0.048 0.752
44 0.8 0.048 0.752
62 0.8 0.048 0.752
23 0.8 0.048 0.752
6 0.8 0.048 0.752
63 0.8 0.048 0.752
70 0.8 0.048 0.752
21 0.8 0.048 0.752
5 0.8 0.048 0.752
33 0.8 0.048 0.752
8 0.8 0.048 0.752
12 0.8 0.048 0.752
29 0.8 0.048 0.752
34 0.8 0.048 0.752
46 0.8 0.048 0.752
48 0.8 0.048 0.752
21 0.8 0.048 0.752
70 0.8 0.048 0.752
66 0.8 0.048 0.752
39 0.8 0.048 0.752
49 0.8 0.048 0.752
56 0.8 0.048 0.752
60 0.8 0.048 0.752
69 0.8 0.048 0.752
20 0.8 0.048 0.752
16 0.8 0.048 0.752
46 0.8 0.048 0.752
59 0.8 0.048 0.752
63 0.8 0.048 0.752
6 0.8 0.048 0.752
17 0.8 0.048 0.752
23 0.8 0.048 0.752
63 0.752 0.048 0.704
63 0.704 0.16 0.544
63 0.544 0.016 0.528
6 0.752 0.16 0.592
17 0.752 0.16 0.592
23 0.752 0.16 0.592
22 0.8 0.048 0.752
9 0.8 0.048 0.752
30 0.8 0.048 0.752
62 0.8 0.048 0.752
23 0.737795 0.048 0.689795
6 0.742712 0.048 0.694712
17 0.745185 0.048 0.697185
63 0.677032 0.048 0.629032
70 0.8 0.048 0.752
21 0.8 0.048 0.752
5 0.8 0.048 0.752
33 0.8 0.048 0.752
8 0.8 0.048 0.752
12 0.8 0.048 0.752
29 0.8 0.048 0.752
34 0.8 0.048 0.752
46 0.8 0.048 0.752
48 0.8 0.048 0.752
21 0.8 0.048 0.752
26 0.8 0.048 0.752
70 0.8 0.048 0.752
21 0.752 0.096 0.656
21 0.656 0.16 0.496
21 0.496 0.016 0.48
26 0.752 0.16 0.592
70 0.752 0.16 0.592
66 0.8 0.048 0.752
39 0.8 0.048 0.752
49 0.8 0.048 0.752
56 0.8 0.048 0.752
60 0.8 0.048 0.752
69 0.8 0.048 0.752
20 0.8 0.048 0.752
8 0.8 0.048 0.752
16 0.8 0.048 0.752
46 0.8 0.048 0.752
59 0.8 0.048 0.752
22 0.8 0.048 0.752
9 0.8 0.048 0.752
30 0.8 0.048 0.752
62 0.8 0.048 0.752
23 0.8 0.048 0.752
6 0.8 0.048 0.752
63 0.8 0.048 0.752
70 0.8 0.048 0.752
21 0.777174 0.048 0.729174
70 0.752 0.048 0.704
70 0.704 0.16 0.544
21 0.729174 0.16 0.569174
21 0.569174 0.016 0.553174
70 0.544 0.016 0.528
21 0.553174 0.048 0.505174
26 0.8 0.048 0.752
70 0.528 0.048 0.48
5 0.8 0.048 0.752
33 0.8 0.048 0.752
8 0.8 0.048 0.752
12 0.8 0.048 0.752
20 0.8 0.048 0.752
29 0.8 0.048 0.752
34 0.8 0.048 0.752
46 0.8 0.048 0.752
48 0.8 0.048 0.752
66 0.8 0.048 0.752
39 0.8 0.048 0.752
49 0.8 0.048 0.752
56 0.8 0.048 0.752
60 0.8 0.048 0.752
69 0.8 0.048 0.752
20 0.8 0.048 0.752
12 0.8 0.048 0.752
16 0.8 0.048 0.752
46 0.8 0.048 0.752
22 0.8 0.048 0.752
9 0.8 0.048 0.752
62 0.8 0.048 0.752
23 0.8 0.048 0.752
6 0.8 0.048 0.752
17 0.8 0.048 0.752
63 0.8 0.048 0.752
21 0.8 0.048 0.752
26 0.8 0.048 0.752
70 0.8 0.048 0.752
5 0.8 0.048 0.752
33 0.8 0.048 0.752
8 0.8 0.048 0.752
12 0.8 0.048 0.752
20 0.8 0.048 0.752
29 0.8 0.048 0.752
34 0.8 0.048 0.752
46 0.8 0.048 0.752
48 0.8 0.048 0.752
66 0.8 0.048 0.752
39 0.8 0.048 0.752
49 0.8 0.048 0.752
56 0.8 0.048 0.752
60 0.8 0.048 0.752
69 0.8 0.048 0.752
20 0.8 0.048 0.752
8 0.8 0.048 0.752
16 0.8 0.048 0.752
46 0.8 0.048 0.752
22 0.8 0.048 0.752
9 0.8 0.048 0.752
30 0.8 0.048 0.752
62 0.8 0.048 0.752
23 0.8 0.048 0.752
6 0.8 0.048 0.752
17 0.8 0.048 0.752
63 0.8 0.048 0.752
21 0.8 0.048 0.752
26 0.8 0.048 0.752
70 0.8 0.048 0.752
5 0.8 0.048 0.752
33 0.8 0.048 0.752
8 0.8 0.048 0.752
12 0.8 0.048 0.752
20 0.8 0.048 0.752
29 0.8 0.048 0.752
34 0.8 0.048 0.752
46 0.8 0.048 0.752
48 0.8 0.048 0.752
66 0.8 0.048 0.752
39 0.8 0.048 0.752
49 0.8 0.048 0.752
56 0.8 0.048 0.752
60 0.8 0.048 0.752
69 0.8 0.048 0.752
20 0.8 0.048 0.752
8 0.8 0.048 0.752
12 0.8 0.048 0.752
16 0.8 0.048 0.752
46 0.8 0.048 0.752
22 0.8 0.048 0.752
9 0.8 0.048 0.752
62 0.8 0.048 0.752
23 0.8 0.048 0.752
6 0.8 0.048 0.752
17 0.8 0.048 0.752
63 0.8 0.048 0.752
21 0.8 0.048 0.752
26 0.8 0.048 0.752
70 0.8 0.048 0.752
5 0.8 0.048 0.752
33 0.8 0.048 0.752
8 0.8 0.048 0.752
12 0.8 0.048 0.752
20 0.8 0.048 0.752
29 0.8 0.048 0.752
34 0.8 0.048 0.752
46 0.8 0.048 0.752
