41 787 1.01289
28 788 1.03249
6 789 1.04379
77 790 1.06569
11 791 1.12122
55 792 1.15221
33 793 1.15304
51 794 1.28027
60 795 1.34641
64 796 1.51392
73 797 1.51536
8 798 1.577
4 799 1.66289
24 800 1.75459
21 801 1.88871
69 802 1.8982
46 803 1.96848
45 804 2.05783
19 805 2.07986
63 806 2.09959
38 807 2.23875
39 808 2.24362
13 809 2.263
80 810 2.27721
3 811 2.40888
54 812 2.42423
7 813 2.57226
71 814 2.57862
65 815 2.64484
44 816 2.93416
2 817 3.03832
34 818 3.04028
58 819 3.05804
33 820 3.18012
29 821 3.23322
11 822 3.23913
1 823 3.23916
41 824 3.31827
14 825 3.36605
25 826 3.46451
62 827 3.51147
23 828 3.52689
6 829 3.59625
55 830 3.60985
12 831 3.79607
48 832 3.82771
26 833 3.99699
18 834 4.04121
17 835 4.0419
51 836 4.05796
28 837 4.10613
42 838 4.12483
52 839 4.1956
40 840 4.20791
57 841 4.22725
22 842 4.25395
74 843 4.25756
72 844 4.2768
20 845 4.29019
76 846 4.44406
69 847 4.48762
53 848 4.70251
30 849 4.72789
32 850 4.79993
66 851 4.83398
39 852 4.84893
2 853 5.97594
48 854 6.14776
7 855 6.31185
74 856 6.33109
14 857 6.61175
71 858 6.63962
27 859 6.91619
30 860 7.0006
46 861 7.44048
58 862 7.4835
23 863 7.6138
25 864 8.22314
65 865 8.56997
18 866 8.62254
53 867 9.24835
14 868 9.36874
66 869 9.48914
34 870 9.65863
71 871 9.73685
