24 374 1.00895
13 375 1.02316
79 376 1.16605
31 377 1.34787
90 378 1.38796
71 379 1.49484
80 380 1.5211
87 381 1.55892
98 382 1.57166
10 383 1.57227
27 384 1.62931
5 385 1.67684
51 386 1.77222
8 387 1.78292
33 388 1.79184
28 389 1.84545
50 390 1.84636
100 391 1.85368
43 392 1.87257
40 393 2.00372
59 394 2.10081
74 395 2.20335
19 396 2.23586
37 397 2.26454
81 398 2.33502
62 399 2.40814
41 400 2.43979
16 401 2.4651
20 402 2.48979
96 403 2.55042
56 404 2.70163
77 405 2.91704
93 406 2.93765
66 407 3.03776
60 408 3.09254
53 409 3.18735
54 410 3.48965
99 411 3.57071
70 412 3.67468
69 413 3.6926
47 414 3.77786
95 415 3.92615
94 416 4.11868
49 417 4.13174
82 418 4.31781
67 419 4.68702
72 420 4.79832
88 421 4.82999
63 422 4.93604
50 423 4.95626
74 424 5.00417
71 425 5.07037
80 426 5.45709
79 427 5.80859
33 428 5.97249
99 429 6.16508
53 430 6.18952
87 431 6.23035
78 432 6.27831
10 433 6.33566
28 434 6.759
27 435 7.15483
47 436 7.53054
54 437 7.56941
93 438 7.81199
67 439 7.94556
95 440 8.05446
73 441 8.76207
84 442 9.04526
71 443 9.47088
97 444 9.59198
63 445 9.75823
83 446 9.8477
