16 0.8 0.048 0.752
2 0.8 0.048 0.752
16 0.8 0.048 0.752
2 0.8 0.048 0.752
14 0.8 0.048 0.752
16 0.8 0.048 0.752
39 0.8 0.048 0.752
2 0.8 0.048 0.752
14 0.8 0.048 0.752
34 0.8 0.048 0.752
39 0.8 0.048 0.752
14 0.8 0.048 0.752
34 0.8 0.048 0.752
39 0.8 0.048 0.752
34 0.8 0.048 0.752
27 0.8 0.048 0.752
24 0.8 0.048 0.752
3 0.8 0.048 0.752
9 0.8 0.048 0.752
27 0.8 0.048 0.752
9 0.8 0.048 0.752
19 0.8 0.048 0.752
19 0.752 0.048 0.704
27 0.8 0.048 0.752
9 0.752 0.096 0.656
9 0.656 0.16 0.496
9 0.496 0.016 0.48
9 0.48 0.048 0.432
19 0.704 0.048 0.656
27 0.752 0.048 0.704
19 0.735124 0.048 0.687124
9 0.505765 0.048 0.457765
19 0.687124 0.048 0.639124
19 0.639124 0.16 0.479124
19 0.479124 0.016 0.463124
9 0.457765 0.048 0.409765
15 0.8 0.048 0.752
19 0.463124 0.048 0.415124
40 0.8 0.048 0.752
15 0.752 0.048 0.704
15 0.779288 0.048 0.731288
19 0.487108 0.048 0.439108
40 0.752 0.048 0.704
27 0.8 0.048 0.752
9 0.489263 0.048 0.441263
20 0.8 0.048 0.752
4 0.8 0.048 0.752
29 0.8 0.048 0.752
29 0.752 0.048 0.704
20 0.752 0.048 0.704
20 0.704 0.16 0.544
4 0.752 0.16 0.592
29 0.704 0.16 0.544
29 0.544 0.016 0.528
20 0.544 0.016 0.528
29 0.528 0.048 0.48
4 0.592 0.048 0.544
20 0.528 0.048 0.48
26 0.8 0.048 0.752
35 0.8 0.048 0.752
10 0.8 0.048 0.752
12 0.8 0.048 0.752
15 0.8 0.048 0.752
18 0.8 0.048 0.752
25 0.8 0.048 0.752
40 0.778975 0.048 0.730975
24 0.8 0.048 0.752
3 0.8 0.048 0.752
15 0.8 0.048 0.752
40 0.8 0.048 0.752
6 0.8 0.048 0.752
18 0.8 0.048 0.752
25 0.8 0.048 0.752
34 0.8 0.048 0.752
14 0.8 0.048 0.752
14 0.752 0.048 0.704
39 0.8 0.048 0.752
39 0.752 0.048 0.704
34 0.752 0.096 0.656
34 0.656 0.16 0.496
14 0.704 0.16 0.544
39 0.704 0.16 0.544
39 0.544 0.016 0.528
34 0.496 0.016 0.48
39 0.528 0.048 0.48
2 0.8 0.048 0.752
2 0.752 0.048 0.704
14 0.544 0.048 0.496
34 0.48 0.048 0.432
39 0.48 0.048 0.432
39 0.432 0.16 0.272
2 0.704 0.16 0.544
2 0.544 0.016 0.528
39 0.272 0.016 0.256
2 0.528 0.048 0.48
16 0.8 0.048 0.752
16 0.752 0.048 0.704
39 0.256 0.048 0.208
2 0.48 0.048 0.432
2 0.432 0.16 0.272
14 0.496 0.16 0.336
16 0.704 0.16 0.544
16 0.544 0.016 0.528
2 0.272 0.016 0.256
16 0.528 0.048 0.48
2 0.256 0.048 0.208
21 0.8 0.048 0.752
5 0.8 0.048 0.752
32 0.8 0.048 0.752
37 0.8 0.048 0.752
8 0.8 0.048 0.752
22 0.8 0.048 0.752
26 0.8 0.048 0.752
6 0.8 0.048 0.752
18 0.8 0.048 0.752
25 0.8 0.048 0.752
1 0.8 0.048 0.752
6 0.8 0.048 0.752
40 0.8 0.048 0.752
15 0.8 0.048 0.752
1 0.8 0.048 0.752
23 0.8 0.048 0.752
33 0.8 0.048 0.752
27 0.8 0.048 0.752
9 0.8 0.048 0.752
19 0.8 0.048 0.752
29 0.8 0.048 0.752
4 0.8 0.048 0.752
20 0.8 0.048 0.752
26 0.8 0.048 0.752
35 0.8 0.048 0.752
10 0.8 0.048 0.752
12 0.8 0.048 0.752
1 0.8 0.048 0.752
23 0.8 0.048 0.752
33 0.8 0.048 0.752
36 0.8 0.048 0.752
24 0.8 0.048 0.752
3 0.8 0.048 0.752
3 0.8 0.048 0.752
24 0.752 0.048 0.704
6 0.8 0.048 0.752
18 0.8 0.048 0.752
18 0.752 0.048 0.704
25 0.8 0.048 0.752
25 0.752 0.048 0.704
6 0.752 0.096 0.656
6 0.656 0.16 0.496
18 0.704 0.16 0.544
25 0.704 0.16 0.544
25 0.544 0.016 0.528
6 0.496 0.016 0.48
25 0.528 0.048 0.48
6 0.48 0.048 0.432
18 0.544 0.048 0.496
1 0.8 0.048 0.752
23 0.752 0.048 0.704
33 0.8 0.048 0.752
37 0.8 0.048 0.752
5 0.8 0.048 0.752
21 0.8 0.048 0.752
32 0.8 0.048 0.752
30 0.8 0.048 0.752
7 0.8 0.048 0.752
15 0.8 0.048 0.752
40 0.8 0.048 0.752
23 0.782112 0.048 0.734112
28 0.8 0.048 0.752
33 0.752 0.048 0.704
36 0.8 0.048 0.752
16 0.8 0.048 0.752
2 0.580102 0.048 0.532102
21 0.8 0.048 0.752
5 0.8 0.048 0.752
32 0.8 0.048 0.752
37 0.8 0.048 0.752
8 0.8 0.048 0.752
22 0.8 0.048 0.752
26 0.8 0.048 0.752
29 0.8 0.048 0.752
28 0.8 0.048 0.752
36 0.8 0.048 0.752
14 0.785645 0.048 0.737645
34 0.8 0.048 0.752
39 0.670706 0.048 0.622706
5 0.8 0.048 0.752
21 0.8 0.048 0.752
32 0.8 0.048 0.752
37 0.8 0.048 0.752
28 0.8 0.048 0.752
11 0.8 0.048 0.752
40 0.8 0.048 0.752
15 0.8 0.048 0.752
11 0.8 0.048 0.752
27 0.8 0.048 0.752
9 0.8 0.048 0.752
29 0.8 0.048 0.752
4 0.8 0.048 0.752
20 0.8 0.048 0.752
26 0.8 0.048 0.752
35 0.8 0.048 0.752
10 0.8 0.048 0.752
12 0.8 0.048 0.752
11 0.8 0.048 0.752
7 0.8 0.048 0.752
30 0.8 0.048 0.752
24 0.8 0.048 0.752
3 0.8 0.048 0.752
3 0.8 0.048 0.752
24 0.752 0.048 0.704
25 0.8 0.048 0.752
6 0.8 0.048 0.752
18 0.8 0.048 0.752
10 0.8 0.048 0.752
12 0.752 0.048 0.704
35 0.8 0.048 0.752
1 0.8 0.048 0.752
23 0.8 0.048 0.752
33 0.8 0.048 0.752
37 0.8 0.048 0.752
5 0.8 0.048 0.752
21 0.8 0.048 0.752
32 0.8 0.048 0.752
30 0.752 0.048 0.704
7 0.8 0.048 0.752
15 0.8 0.048 0.752
19 0.8 0.048 0.752
19 0.752 0.048 0.704
40 0.8 0.048 0.752
15 0.752 0.048 0.704
15 0.704 0.16 0.544
19 0.704 0.16 0.544
19 0.544 0.016 0.528
15 0.544 0.016 0.528
19 0.528 0.048 0.48
9 0.8 0.048 0.752
9 0.752 0.048 0.704
15 0.528 0.048 0.48
19 0.48 0.048 0.432
19 0.432 0.16 0.272
40 0.752 0.16 0.592
9 0.704 0.16 0.544
9 0.544 0.016 0.528
19 0.272 0.016 0.256
9 0.528 0.048 0.48
19 0.256 0.048 0.208
27 0.8 0.048 0.752
21 0.752 0.048 0.704
16 0.8 0.048 0.752
2 0.8 0.048 0.752
21 0.775751 0.048 0.727751
5 0.8 0.048 0.752
32 0.8 0.048 0.752
32 0.752 0.048 0.704
37 0.8 0.048 0.752
21 0.727751 0.096 0.631751
21 0.631751 0.16 0.471751
21 0.471751 0.016 0.455751
8 0.8 0.048 0.752
22 0.8 0.048 0.752
26 0.8 0.048 0.752
29 0.8 0.048 0.752
5 0.8 0.048 0.752
21 0.455751 0.048 0.407751
32 0.704 0.048 0.656
37 0.752 0.048 0.704
14 0.8 0.048 0.752
34 0.8 0.048 0.752
39 0.8 0.048 0.752
5 0.752 0.048 0.704
21 0.485836 0.048 0.437836
32 0.727587 0.048 0.679587
37 0.782081 0.048 0.734081
5 0.704 0.048 0.656
5 0.656 0.16 0.496
5 0.496 0.016 0.48
5 0.551532 0.048 0.503532
21 0.437836 0.048 0.389836
32 0.679587 0.048 0.631587
37 0.734081 0.048 0.686081
11 0.8 0.048 0.752
40 0.8 0.048 0.752
15 0.630062 0.048 0.582062
32 0.710548 0.048 0.662548
37 0.760404 0.048 0.712404
27 0.8 0.048 0.752
9 0.693633 0.048 0.645633
29 0.8 0.048 0.752
4 0.8 0.048 0.752
20 0.8 0.048 0.752
26 0.8 0.048 0.752
35 0.8 0.048 0.752
10 0.8 0.048 0.752
12 0.8 0.048 0.752
8 0.8 0.048 0.752
22 0.8 0.048 0.752
7 0.8 0.048 0.752
30 0.8 0.048 0.752
24 0.8 0.048 0.752
3 0.8 0.048 0.752
3 0.8 0.048 0.752
24 0.752 0.048 0.704
25 0.8 0.048 0.752
6 0.8 0.048 0.752
18 0.8 0.048 0.752
10 0.8 0.048 0.752
12 0.752 0.048 0.704
35 0.8 0.048 0.752
1 0.8 0.048 0.752
23 0.8 0.048 0.752
33 0.8 0.048 0.752
37 0.8 0.048 0.752
5 0.648574 0.048 0.600574
5 0.600574 0.048 0.552574
21 0.623541 0.048 0.575541
21 0.575541 0.048 0.527541
32 0.8 0.048 0.752
37 0.752 0.096 0.656
37 0.656 0.16 0.496
5 0.552574 0.16 0.392574
21 0.527541 0.16 0.367541
32 0.752 0.16 0.592
30 0.752 0.048 0.704
7 0.8 0.048 0.752
9 0.8 0.048 0.752
19 0.586544 0.048 0.538544
27 0.8 0.048 0.752
8 0.8 0.048 0.752
22 0.8 0.048 0.752
16 0.8 0.048 0.752
2 0.8 0.048 0.752
8 0.8 0.048 0.752
22 0.752 0.048 0.704
8 0.752 0.048 0.704
8 0.704 0.16 0.544
8 0.544 0.016 0.528
26 0.8 0.048 0.752
29 0.8 0.048 0.752
8 0.528 0.048 0.48
22 0.775989 0.048 0.727989
14 0.8 0.048 0.752
34 0.8 0.048 0.752
39 0.8 0.048 0.752
3 0.8 0.048 0.752
24 0.8 0.048 0.752
4 0.8 0.048 0.752
20 0.8 0.048 0.752
29 0.8 0.048 0.752
11 0.8 0.048 0.752
40 0.8 0.048 0.752
15 0.8 0.048 0.752
22 0.8 0.048 0.752
8 0.62343 0.048 0.57543
3 0.8 0.048 0.752
24 0.8 0.048 0.752
18 0.8 0.048 0.752
6 0.8 0.048 0.752
25 0.8 0.048 0.752
27 0.8 0.048 0.752
9 0.8 0.048 0.752
29 0.8 0.048 0.752
4 0.8 0.048 0.752
20 0.8 0.048 0.752
17 0.8 0.048 0.752
35 0.8 0.048 0.752
10 0.8 0.048 0.752
12 0.8 0.048 0.752
3 0.8 0.048 0.752
24 0.8 0.048 0.752
26 0.8 0.048 0.752
7 0.8 0.048 0.752
30 0.8 0.048 0.752
24 0.752 0.048 0.704
3 0.752 0.048 0.704
24 0.704 0.048 0.656
24 0.656 0.16 0.496
24 0.496 0.016 0.48
3 0.779282 0.048 0.731282
24 0.48 0.048 0.432
25 0.8 0.048 0.752
6 0.8 0.048 0.752
18 0.8 0.048 0.752
10 0.8 0.048 0.752
35 0.8 0.048 0.752
23 0.8 0.048 0.752
1 0.8 0.048 0.752
33 0.8 0.048 0.752
36 0.8 0.048 0.752
1 0.752 0.048 0.704
23 0.752 0.048 0.704
33 0.752 0.048 0.704
30 0.752 0.048 0.704
7 0.8 0.048 0.752
9 0.8 0.048 0.752
19 0.8 0.048 0.752
27 0.8 0.048 0.752
26 0.8 0.048 0.752
29 0.8 0.048 0.752
16 0.8 0.048 0.752
2 0.8 0.048 0.752
26 0.8 0.048 0.752
29 0.752 0.048 0.704
26 0.752 0.048 0.704
26 0.704 0.16 0.544
26 0.544 0.016 0.528
4 0.8 0.048 0.752
20 0.8 0.048 0.752
26 0.528 0.048 0.48
29 0.774525 0.048 0.726525
14 0.8 0.048 0.752
34 0.8 0.048 0.752
39 0.8 0.048 0.752
12 0.8 0.048 0.752
10 0.8 0.048 0.752
31 0.8 0.048 0.752
31 0.752 0.048 0.704
35 0.8 0.048 0.752
12 0.752 0.048 0.704
12 0.704 0.16 0.544
10 0.752 0.16 0.592
31 0.704 0.16 0.544
31 0.544 0.016 0.528
12 0.544 0.016 0.528
31 0.528 0.048 0.48
12 0.528 0.048 0.48
35 0.752 0.16 0.592
4 0.8 0.048 0.752
20 0.8 0.048 0.752
29 0.8 0.048 0.752
4 0.752 0.048 0.704
20 0.8 0.048 0.752
29 0.752 0.048 0.704
4 0.704 0.048 0.656
4 0.656 0.16 0.496
4 0.496 0.016 0.48
2 0.8 0.048 0.752
16 0.8 0.048 0.752
39 0.752 0.048 0.704
11 0.8 0.048 0.752
40 0.8 0.048 0.752
15 0.8 0.048 0.752
22 0.8 0.048 0.752
8 0.8 0.048 0.752
4 0.550647 0.048 0.502647
13 0.8 0.048 0.752
20 0.752 0.048 0.704
18 0.8 0.048 0.752
6 0.8 0.048 0.752
25 0.8 0.048 0.752
27 0.8 0.048 0.752
9 0.8 0.048 0.752
29 0.783056 0.048 0.735056
4 0.579835 0.048 0.531835
20 0.77443 0.048 0.72643
26 0.713289 0.048 0.665289
26 0.665289 0.048 0.617289
29 0.735056 0.048 0.687056
29 0.687056 0.16 0.527056
4 0.531835 0.16 0.371835
26 0.617289 0.16 0.457289
17 0.8 0.048 0.752
35 0.739394 0.048 0.691394
10 0.736731 0.048 0.688731
12 0.630234 0.048 0.582234
13 0.8 0.048 0.752
38 0.8 0.048 0.752
7 0.8 0.048 0.752
30 0.8 0.048 0.752
3 0.8 0.048 0.752
24 0.8 0.048 0.752
25 0.8 0.048 0.752
6 0.8 0.048 0.752
18 0.8 0.048 0.752
10 0.759717 0.048 0.711717
12 0.582234 0.048 0.534234
35 0.76637 0.048 0.71837
23 0.8 0.048 0.752
1 0.8 0.048 0.752
33 0.8 0.048 0.752
36 0.8 0.048 0.752
1 0.752 0.048 0.704
23 0.752 0.048 0.704
33 0.752 0.048 0.704
13 0.752 0.048 0.704
38 0.752 0.048 0.704
13 0.704 0.048 0.656
13 0.656 0.16 0.496
13 0.496 0.016 0.48
30 0.752 0.048 0.704
7 0.8 0.048 0.752
9 0.8 0.048 0.752
19 0.8 0.048 0.752
27 0.8 0.048 0.752
13 0.557521 0.048 0.509521
30 0.78047 0.048 0.73247
38 0.77488 0.048 0.72688
16 0.8 0.048 0.752
2 0.8 0.048 0.752
7 0.8 0.048 0.752
30 0.8 0.048 0.752
38 0.8 0.048 0.752
14 0.8 0.048 0.752
34 0.8 0.048 0.752
39 0.8 0.048 0.752
33 0.8 0.048 0.752
23 0.8 0.048 0.752
31 0.8 0.048 0.752
12 0.766886 0.048 0.718886
35 0.8 0.048 0.752
7 0.8 0.048 0.752
30 0.8 0.048 0.752
28 0.8 0.048 0.752
36 0.8 0.048 0.752
36 0.752 0.048 0.704
28 0.752 0.048 0.704
28 0.704 0.16 0.544
36 0.704 0.16 0.544
36 0.544 0.016 0.528
28 0.544 0.016 0.528
36 0.528 0.048 0.48
23 0.752 0.048 0.704
28 0.528 0.048 0.48
2 0.8 0.048 0.752
16 0.8 0.048 0.752
39 0.752 0.048 0.704
11 0.8 0.048 0.752
40 0.8 0.048 0.752
15 0.8 0.048 0.752
19 0.8 0.048 0.752
9 0.8 0.048 0.752
15 0.8 0.048 0.752
22 0.8 0.048 0.752
8 0.8 0.048 0.752
7 0.8 0.048 0.752
18 0.8 0.048 0.752
6 0.8 0.048 0.752
25 0.8 0.048 0.752
27 0.8 0.048 0.752
9 0.752 0.048 0.704
32 0.8 0.048 0.752
5 0.8 0.048 0.752
5 0.752 0.048 0.704
21 0.8 0.048 0.752
21 0.752 0.048 0.704
37 0.8 0.048 0.752
32 0.752 0.096 0.656
32 0.656 0.16 0.496
5 0.704 0.16 0.544
21 0.704 0.16 0.544
21 0.544 0.016 0.528
32 0.496 0.016 0.48
21 0.528 0.048 0.48
5 0.544 0.048 0.496
32 0.48 0.048 0.432
37 0.752 0.048 0.704
37 0.704 0.16 0.544
17 0.8 0.048 0.752
35 0.8 0.048 0.752
10 0.8 0.048 0.752
12 0.8 0.048 0.752
17 0.752 0.048 0.704
7 0.8 0.048 0.752
30 0.8 0.048 0.752
3 0.8 0.048 0.752
24 0.8 0.048 0.752
25 0.8 0.048 0.752
6 0.8 0.048 0.752
18 0.8 0.048 0.752
10 0.8 0.048 0.752
12 0.752 0.048 0.704
35 0.8 0.048 0.752
23 0.8 0.048 0.752
33 0.8 0.048 0.752
36 0.636988 0.048 0.588988
1 0.8 0.048 0.752
33 0.752 0.048 0.704
30 0.752 0.048 0.704
7 0.8 0.048 0.752
9 0.8 0.048 0.752
19 0.8 0.048 0.752
27 0.8 0.048 0.752
17 0.77505 0.048 0.72705
16 0.8 0.048 0.752
2 0.8 0.048 0.752
39 0.8 0.048 0.752
2 0.752 0.048 0.704
14 0.8 0.048 0.752
34 0.8 0.048 0.752
20 0.8 0.048 0.752
4 0.8 0.048 0.752
29 0.8 0.048 0.752
12 0.8 0.048 0.752
17 0.8 0.048 0.752
31 0.8 0.048 0.752
14 0.8 0.048 0.752
34 0.8 0.048 0.752
39 0.8 0.048 0.752
33 0.8 0.048 0.752
23 0.8 0.048 0.752
36 0.8 0.048 0.752
31 0.8 0.048 0.752
12 0.8 0.048 0.752
31 0.752 0.048 0.704
31 0.704 0.16 0.544
31 0.544 0.016 0.528
10 0.8 0.048 0.752
12 0.752 0.048 0.704
31 0.528 0.048 0.48
35 0.8 0.048 0.752
36 0.752 0.048 0.704
23 0.752 0.048 0.704
28 0.8 0.048 0.752
33 0.752 0.048 0.704
2 0.8 0.048 0.752
16 0.8 0.048 0.752
39 0.752 0.048 0.704
11 0.8 0.048 0.752
40 0.8 0.048 0.752
15 0.8 0.048 0.752
19 0.8 0.048 0.752
9 0.8 0.048 0.752
38 0.8 0.048 0.752
13 0.8 0.048 0.752
13 0.752 0.048 0.704
38 0.752 0.048 0.704
38 0.704 0.16 0.544
13 0.704 0.16 0.544
13 0.544 0.016 0.528
38 0.544 0.016 0.528
13 0.528 0.048 0.48
38 0.528 0.048 0.48
22 0.8 0.048 0.752
8 0.8 0.048 0.752
10 0.8 0.048 0.752
12 0.774881 0.048 0.726881
31 0.556352 0.048 0.508352
35 0.8 0.048 0.752
18 0.8 0.048 0.752
6 0.8 0.048 0.752
25 0.8 0.048 0.752
27 0.8 0.048 0.752
9 0.752 0.048 0.704
21 0.8 0.048 0.752
5 0.8 0.048 0.752
32 0.8 0.048 0.752
37 0.8 0.048 0.752
17 0.8 0.048 0.752
35 0.8 0.048 0.752
10 0.8 0.048 0.752
12 0.8 0.048 0.752
35 0.752 0.048 0.704
35 0.704 0.16 0.544
35 0.544 0.016 0.528
10 0.752 0.048 0.704
35 0.528 0.048 0.48
7 0.8 0.048 0.752
30 0.8 0.048 0.752
3 0.8 0.048 0.752
24 0.8 0.048 0.752
25 0.8 0.048 0.752
6 0.8 0.048 0.752
18 0.8 0.048 0.752
10 0.774981 0.048 0.726981
12 0.752 0.048 0.704
12 0.704 0.048 0.656
35 0.557086 0.048 0.509086
10 0.726981 0.048 0.678981
10 0.678981 0.16 0.518981
12 0.656 0.16 0.496
35 0.509086 0.16 0.349086
23 0.8 0.048 0.752
33 0.8 0.048 0.752
36 0.8 0.048 0.752
1 0.8 0.048 0.752
30 0.752 0.048 0.704
7 0.8 0.048 0.752
9 0.8 0.048 0.752
19 0.8 0.048 0.752
27 0.8 0.048 0.752
16 0.8 0.048 0.752
2 0.8 0.048 0.752
39 0.8 0.048 0.752
2 0.752 0.048 0.704
14 0.8 0.048 0.752
34 0.8 0.048 0.752
20 0.8 0.048 0.752
4 0.8 0.048 0.752
29 0.8 0.048 0.752
14 0.8 0.048 0.752
34 0.8 0.048 0.752
39 0.8 0.048 0.752
33 0.8 0.048 0.752
23 0.8 0.048 0.752
36 0.8 0.048 0.752
36 0.752 0.048 0.704
23 0.752 0.048 0.704
33 0.752 0.048 0.704
2 0.8 0.048 0.752
16 0.8 0.048 0.752
39 0.752 0.048 0.704
11 0.8 0.048 0.752
40 0.8 0.048 0.752
15 0.8 0.048 0.752
19 0.8 0.048 0.752
9 0.8 0.048 0.752
13 0.8 0.048 0.752
38 0.8 0.048 0.752
22 0.8 0.048 0.752
8 0.8 0.048 0.752
18 0.8 0.048 0.752
6 0.8 0.048 0.752
25 0.8 0.048 0.752
27 0.8 0.048 0.752
21 0.8 0.048 0.752
5 0.8 0.048 0.752
32 0.8 0.048 0.752
37 0.8 0.048 0.752
34 0.8 0.048 0.752
14 0.8 0.048 0.752
39 0.8 0.048 0.752
17 0.8 0.048 0.752
7 0.8 0.048 0.752
30 0.8 0.048 0.752
3 0.8 0.048 0.752
24 0.8 0.048 0.752
25 0.8 0.048 0.752
6 0.8 0.048 0.752
18 0.8 0.048 0.752
23 0.8 0.048 0.752
33 0.8 0.048 0.752
36 0.8 0.048 0.752
1 0.8 0.048 0.752
30 0.752 0.048 0.704
7 0.8 0.048 0.752
9 0.8 0.048 0.752
19 0.8 0.048 0.752
27 0.8 0.048 0.752
2 0.8 0.048 0.752
16 0.8 0.048 0.752
16 0.752 0.048 0.704
2 0.752 0.048 0.704
16 0.704 0.048 0.656
16 0.656 0.16 0.496
16 0.496 0.016 0.48
39 0.8 0.048 0.752
14 0.8 0.048 0.752
34 0.8 0.048 0.752
20 0.8 0.048 0.752
4 0.8 0.048 0.752
29 0.8 0.048 0.752
2 0.77484 0.048 0.72684
16 0.557799 0.048 0.509799
39 0.752 0.048 0.704
14 0.8 0.048 0.752
34 0.8 0.048 0.752
39 0.774564 0.048 0.726564
33 0.8 0.048 0.752
23 0.8 0.048 0.752
2 0.8 0.048 0.752
14 0.752 0.048 0.704
16 0.58517 0.048 0.53717
34 0.752 0.048 0.704
39 0.726564 0.048 0.678564
36 0.8 0.048 0.752
23 0.752 0.048 0.704
28 0.8 0.048 0.752
2 0.752 0.048 0.704
16 0.53717 0.048 0.48917
2 0.704 0.048 0.656
2 0.656 0.16 0.496
2 0.496 0.016 0.48
11 0.8 0.048 0.752
40 0.8 0.048 0.752
15 0.8 0.048 0.752
19 0.8 0.048 0.752
9 0.8 0.048 0.752
13 0.8 0.048 0.752
38 0.8 0.048 0.752
22 0.8 0.048 0.752
8 0.8 0.048 0.752
14 0.776927 0.048 0.728927
34 0.783269 0.048 0.735269
39 0.755891 0.048 0.707891
18 0.8 0.048 0.752
6 0.8 0.048 0.752
25 0.8 0.048 0.752
27 0.8 0.048 0.752
9 0.752 0.048 0.704
21 0.8 0.048 0.752
5 0.8 0.048 0.752
32 0.8 0.048 0.752
37 0.8 0.048 0.752
34 0.8 0.048 0.752
14 0.8 0.048 0.752
39 0.7859 0.048 0.7379
34 0.752 0.048 0.704
34 0.704 0.16 0.544
34 0.544 0.016 0.528
17 0.8 0.048 0.752
14 0.752 0.048 0.704
34 0.528 0.048 0.48
7 0.8 0.048 0.752
30 0.8 0.048 0.752
3 0.8 0.048 0.752
24 0.8 0.048 0.752
25 0.8 0.048 0.752
6 0.8 0.048 0.752
18 0.8 0.048 0.752
23 0.8 0.048 0.752
33 0.8 0.048 0.752
36 0.8 0.048 0.752
1 0.8 0.048 0.752
30 0.752 0.048 0.704
7 0.8 0.048 0.752
9 0.8 0.048 0.752
19 0.8 0.048 0.752
27 0.8 0.048 0.752
39 0.8 0.048 0.752
14 0.8 0.048 0.752
34 0.622635 0.048 0.574635
20 0.8 0.048 0.752
4 0.8 0.048 0.752
29 0.8 0.048 0.752
14 0.8 0.048 0.752
34 0.648812 0.048 0.600812
39 0.8 0.048 0.752
33 0.8 0.048 0.752
1 0.8 0.048 0.752
23 0.8 0.048 0.752
27 0.8 0.048 0.752
36 0.8 0.048 0.752
23 0.752 0.048 0.704
28 0.8 0.048 0.752
11 0.8 0.048 0.752
40 0.8 0.048 0.752
15 0.8 0.048 0.752
5 0.8 0.048 0.752
21 0.8 0.048 0.752
32 0.8 0.048 0.752
37 0.8 0.048 0.752
19 0.8 0.048 0.752
9 0.8 0.048 0.752
13 0.8 0.048 0.752
38 0.8 0.048 0.752
22 0.8 0.048 0.752
8 0.8 0.048 0.752
9 0.752 0.048 0.704
19 0.752 0.048 0.704
27 0.8 0.048 0.752
18 0.8 0.048 0.752
6 0.8 0.048 0.752
25 0.8 0.048 0.752
27 0.752 0.048 0.704
9 0.704 0.048 0.656
27 0.704 0.048 0.656
27 0.656 0.16 0.496
27 0.496 0.016 0.48
21 0.8 0.048 0.752
5 0.8 0.048 0.752
32 0.8 0.048 0.752
37 0.8 0.048 0.752
17 0.8 0.048 0.752
6 0.8 0.048 0.752
18 0.8 0.048 0.752
25 0.8 0.048 0.752
9 0.735575 0.048 0.687575
19 0.783196 0.048 0.735196
27 0.554065 0.048 0.506065
7 0.8 0.048 0.752
30 0.8 0.048 0.752
3 0.8 0.048 0.752
24 0.8 0.048 0.752
25 0.752 0.048 0.704
6 0.752 0.048 0.704
18 0.8 0.048 0.752
23 0.8 0.048 0.752
33 0.8 0.048 0.752
36 0.8 0.048 0.752
1 0.8 0.048 0.752
33 0.752 0.048 0.704
30 0.752 0.048 0.704
7 0.8 0.048 0.752
9 0.759895 0.048 0.711895
19 0.8 0.048 0.752
27 0.581877 0.048 0.533877
15 0.8 0.048 0.752
19 0.752 0.048 0.704
40 0.8 0.048 0.752
39 0.8 0.048 0.752
14 0.8 0.048 0.752
34 0.8 0.048 0.752
20 0.8 0.048 0.752
4 0.8 0.048 0.752
29 0.8 0.048 0.752
15 0.8 0.048 0.752
25 0.8 0.048 0.752
40 0.8 0.048 0.752
14 0.8 0.048 0.752
34 0.8 0.048 0.752
39 0.8 0.048 0.752
33 0.8 0.048 0.752
1 0.8 0.048 0.752
23 0.8 0.048 0.752
36 0.8 0.048 0.752
6 0.8 0.048 0.752
15 0.8 0.048 0.752
18 0.8 0.048 0.752
25 0.8 0.048 0.752
40 0.8 0.048 0.752
36 0.752 0.048 0.704
23 0.752 0.048 0.704
28 0.8 0.048 0.752
33 0.752 0.048 0.704
11 0.8 0.048 0.752
40 0.8 0.048 0.752
15 0.752 0.048 0.704
5 0.8 0.048 0.752
21 0.8 0.048 0.752
32 0.8 0.048 0.752
37 0.8 0.048 0.752
19 0.8 0.048 0.752
9 0.8 0.048 0.752
13 0.8 0.048 0.752
38 0.8 0.048 0.752
22 0.8 0.048 0.752
8 0.8 0.048 0.752
6 0.8 0.048 0.752
18 0.8 0.048 0.752
25 0.8 0.048 0.752
18 0.752 0.048 0.704
6 0.752 0.048 0.704
25 0.752 0.048 0.704
18 0.704 0.048 0.656
18 0.656 0.16 0.496
18 0.496 0.016 0.48
21 0.8 0.048 0.752
5 0.8 0.048 0.752
32 0.8 0.048 0.752
37 0.8 0.048 0.752
17 0.8 0.048 0.752
6 0.782407 0.048 0.734407
18 0.553788 0.048 0.505788
25 0.782393 0.048 0.734393
6 0.734407 0.048 0.686407
6 0.686407 0.16 0.526407
6 0.526407 0.016 0.510407
1 0.8 0.048 0.752
6 0.510407 0.048 0.462407
7 0.8 0.048 0.752
30 0.8 0.048 0.752
3 0.8 0.048 0.752
24 0.8 0.048 0.752
12 0.8 0.048 0.752
10 0.8 0.048 0.752
31 0.8 0.048 0.752
35 0.8 0.048 0.752
25 0.734393 0.048 0.686393
6 0.462407 0.048 0.414407
18 0.577359 0.048 0.529359
23 0.8 0.048 0.752
33 0.8 0.048 0.752
36 0.8 0.048 0.752
1 0.8 0.048 0.752
33 0.752 0.048 0.704
1 0.752 0.048 0.704
1 0.704 0.16 0.544
1 0.544 0.016 0.528
30 0.752 0.048 0.704
7 0.8 0.048 0.752
9 0.8 0.048 0.752
19 0.8 0.048 0.752
27 0.8 0.048 0.752
1 0.528 0.048 0.48
33 0.704 0.048 0.656
8 0.8 0.048 0.752
22 0.8 0.048 0.752
26 0.8 0.048 0.752
29 0.8 0.048 0.752
39 0.8 0.048 0.752
14 0.8 0.048 0.752
34 0.8 0.048 0.752
20 0.8 0.048 0.752
4 0.8 0.048 0.752
29 0.752 0.048 0.704
24 0.8 0.048 0.752
3 0.8 0.048 0.752
1 0.559938 0.048 0.511938
23 0.8 0.048 0.752
33 0.730425 0.048 0.682425
36 0.8 0.048 0.752
14 0.8 0.048 0.752
34 0.8 0.048 0.752
39 0.8 0.048 0.752
33 0.755343 0.048 0.707343
1 0.587056 0.048 0.539056
23 0.8 0.048 0.752
36 0.8 0.048 0.752
33 0.707343 0.048 0.659343
33 0.659343 0.16 0.499343
33 0.499343 0.016 0.483343
23 0.752 0.048 0.704
28 0.8 0.048 0.752
33 0.483343 0.048 0.435343
36 0.752 0.048 0.704
36 0.704 0.048 0.656
23 0.704 0.048 0.656
28 0.752 0.048 0.704
33 0.435343 0.048 0.387343
36 0.656 0.048 0.608
36 0.608 0.16 0.448
36 0.448 0.016 0.432
11 0.8 0.048 0.752
40 0.8 0.048 0.752
15 0.8 0.048 0.752
5 0.8 0.048 0.752
21 0.8 0.048 0.752
32 0.8 0.048 0.752
37 0.8 0.048 0.752
19 0.8 0.048 0.752
9 0.8 0.048 0.752
27 0.8 0.048 0.752
27 0.752 0.048 0.704
19 0.752 0.048 0.704
19 0.704 0.16 0.544
9 0.752 0.16 0.592
27 0.704 0.16 0.544
27 0.544 0.016 0.528
19 0.544 0.016 0.528
27 0.528 0.048 0.48
9 0.592 0.048 0.544
19 0.528 0.048 0.48
13 0.8 0.048 0.752
38 0.8 0.048 0.752
22 0.8 0.048 0.752
8 0.8 0.048 0.752
28 0.781579 0.048 0.733579
36 0.503678 0.048 0.455678
15 0.8 0.048 0.752
40 0.752 0.048 0.704
38 0.8 0.048 0.752
13 0.8 0.048 0.752
21 0.8 0.048 0.752
5 0.8 0.048 0.752
32 0.8 0.048 0.752
37 0.8 0.048 0.752
17 0.8 0.048 0.752
28 0.8 0.048 0.752
7 0.8 0.048 0.752
3 0.8 0.048 0.752
24 0.8 0.048 0.752
12 0.8 0.048 0.752
10 0.8 0.048 0.752
31 0.8 0.048 0.752
35 0.8 0.048 0.752
25 0.8 0.048 0.752
6 0.790676 0.048 0.742676
18 0.8 0.048 0.752
23 0.8 0.048 0.752
33 0.615514 0.048 0.567514
36 0.532245 0.048 0.484245
30 0.8 0.048 0.752
9 0.693413 0.048 0.645413
19 0.631176 0.048 0.583176
27 0.630512 0.048 0.582512
11 0.8 0.048 0.752
8 0.8 0.048 0.752
22 0.8 0.048 0.752
26 0.8 0.048 0.752
29 0.8 0.048 0.752
39 0.8 0.048 0.752
14 0.8 0.048 0.752
34 0.8 0.048 0.752
20 0.8 0.048 0.752
4 0.8 0.048 0.752
29 0.752 0.048 0.704
24 0.8 0.048 0.752
3 0.8 0.048 0.752
11 0.8 0.048 0.752
14 0.8 0.048 0.752
34 0.8 0.048 0.752
39 0.8 0.048 0.752
5 0.8 0.048 0.752
11 0.8 0.048 0.752
11 0.752 0.048 0.704
40 0.8 0.048 0.752
15 0.8 0.048 0.752
5 0.752 0.048 0.704
21 0.8 0.048 0.752
32 0.8 0.048 0.752
32 0.752 0.048 0.704
37 0.8 0.048 0.752
5 0.704 0.096 0.608
5 0.608 0.16 0.448
5 0.448 0.016 0.432
27 0.8 0.048 0.752
9 0.8 0.048 0.752
13 0.8 0.048 0.752
38 0.8 0.048 0.752
22 0.8 0.048 0.752
8 0.8 0.048 0.752
5 0.504892 0.048 0.456892
21 0.752 0.048 0.704
32 0.704 0.048 0.656
15 0.8 0.048 0.752
40 0.752 0.048 0.704
38 0.8 0.048 0.752
13 0.8 0.048 0.752
30 0.8 0.048 0.752
21 0.777823 0.048 0.729823
5 0.456892 0.048 0.408892
32 0.727556 0.048 0.679556
37 0.8 0.048 0.752
21 0.729823 0.048 0.681823
21 0.681823 0.16 0.521823
21 0.521823 0.016 0.505823
17 0.8 0.048 0.752
32 0.679556 0.048 0.631556
5 0.408892 0.048 0.360892
21 0.505823 0.048 0.457823
37 0.752 0.048 0.704
32 0.631556 0.048 0.583556
32 0.583556 0.16 0.423556
32 0.423556 0.016 0.407556
5 0.433005 0.048 0.385005
21 0.457823 0.048 0.409823
32 0.407556 0.048 0.359556
37 0.704 0.048 0.656
7 0.8 0.048 0.752
3 0.8 0.048 0.752
24 0.8 0.048 0.752
12 0.8 0.048 0.752
10 0.8 0.048 0.752
31 0.8 0.048 0.752
35 0.8 0.048 0.752
25 0.8 0.048 0.752
6 0.8 0.048 0.752
18 0.8 0.048 0.752
23 0.8 0.048 0.752
1 0.8 0.048 0.752
1 0.752 0.048 0.704
33 0.8 0.048 0.752
36 0.8 0.048 0.752
23 0.752 0.048 0.704
23 0.704 0.16 0.544
1 0.704 0.16 0.544
1 0.544 0.016 0.528
23 0.544 0.016 0.528
1 0.528 0.048 0.48
23 0.528 0.048 0.48
33 0.752 0.048 0.704
33 0.704 0.16 0.544
36 0.752 0.16 0.592
30 0.8 0.048 0.752
38 0.8 0.048 0.752
9 0.8 0.048 0.752
19 0.8 0.048 0.752
27 0.8 0.048 0.752
21 0.481513 0.048 0.433513
32 0.431995 0.048 0.383995
37 0.730353 0.048 0.682353
8 0.8 0.048 0.752
22 0.8 0.048 0.752
26 0.8 0.048 0.752
29 0.8 0.048 0.752
39 0.8 0.048 0.752
14 0.8 0.048 0.752
34 0.8 0.048 0.752
20 0.8 0.048 0.752
4 0.8 0.048 0.752
29 0.752 0.048 0.704
24 0.8 0.048 0.752
3 0.8 0.048 0.752
37 0.761953 0.048 0.713953
14 0.8 0.048 0.752
34 0.8 0.048 0.752
39 0.8 0.048 0.752
8 0.8 0.048 0.752
22 0.8 0.048 0.752
11 0.8 0.048 0.752
40 0.8 0.048 0.752
15 0.8 0.048 0.752
27 0.8 0.048 0.752
9 0.8 0.048 0.752
13 0.8 0.048 0.752
38 0.8 0.048 0.752
22 0.8 0.048 0.752
8 0.8 0.048 0.752
22 0.752 0.048 0.704
22 0.704 0.16 0.544
22 0.544 0.016 0.528
8 0.752 0.048 0.704
22 0.528 0.048 0.48
15 0.8 0.048 0.752
40 0.752 0.048 0.704
38 0.8 0.048 0.752
13 0.8 0.048 0.752
30 0.8 0.048 0.752
17 0.8 0.048 0.752
8 0.780183 0.048 0.732183
22 0.558616 0.048 0.510616
7 0.8 0.048 0.752
3 0.8 0.048 0.752
24 0.8 0.048 0.752
12 0.8 0.048 0.752
10 0.8 0.048 0.752
31 0.8 0.048 0.752
35 0.8 0.048 0.752
25 0.8 0.048 0.752
6 0.8 0.048 0.752
18 0.8 0.048 0.752
1 0.8 0.048 0.752
23 0.8 0.048 0.752
33 0.8 0.048 0.752
30 0.8 0.048 0.752
38 0.8 0.048 0.752
9 0.8 0.048 0.752
19 0.8 0.048 0.752
27 0.8 0.048 0.752
3 0.752 0.048 0.704
24 0.8 0.048 0.752
8 0.8 0.048 0.752
22 0.582562 0.048 0.534562
26 0.8 0.048 0.752
29 0.8 0.048 0.752
39 0.8 0.048 0.752
14 0.8 0.048 0.752
34 0.8 0.048 0.752
20 0.8 0.048 0.752
4 0.8 0.048 0.752
24 0.8 0.048 0.752
3 0.775831 0.048 0.727831
24 0.752 0.048 0.704
24 0.704 0.16 0.544
24 0.544 0.016 0.528
3 0.727831 0.048 0.679831
24 0.528 0.048 0.48
26 0.8 0.048 0.752
28 0.8 0.048 0.752
14 0.8 0.048 0.752
34 0.8 0.048 0.752
39 0.8 0.048 0.752
4 0.8 0.048 0.752
20 0.8 0.048 0.752
29 0.8 0.048 0.752
3 0.751704 0.048 0.703704
24 0.558505 0.048 0.510505
26 0.8 0.048 0.752
29 0.8 0.048 0.752
11 0.8 0.048 0.752
40 0.8 0.048 0.752
15 0.8 0.048 0.752
27 0.8 0.048 0.752
9 0.8 0.048 0.752
13 0.8 0.048 0.752
38 0.8 0.048 0.752
4 0.8 0.048 0.752
26 0.8 0.048 0.752
29 0.8 0.048 0.752
15 0.8 0.048 0.752
40 0.752 0.048 0.704
38 0.8 0.048 0.752
13 0.8 0.048 0.752
30 0.8 0.048 0.752
17 0.8 0.048 0.752
31 0.8 0.048 0.752
12 0.8 0.048 0.752
4 0.8 0.048 0.752
20 0.8 0.048 0.752
29 0.8 0.048 0.752
6 0.8 0.048 0.752
18 0.8 0.048 0.752
18 0.752 0.048 0.704
25 0.8 0.048 0.752
6 0.752 0.048 0.704
6 0.704 0.16 0.544
18 0.704 0.16 0.544
18 0.544 0.016 0.528
6 0.544 0.016 0.528
18 0.528 0.048 0.48
6 0.528 0.048 0.48
25 0.752 0.048 0.704
25 0.704 0.16 0.544
7 0.8 0.048 0.752
3 0.8 0.048 0.752
24 0.660313 0.048 0.612313
12 0.752 0.048 0.704
10 0.8 0.048 0.752
31 0.8 0.048 0.752
35 0.8 0.048 0.752
25 0.544 0.048 0.496
6 0.48 0.048 0.432
18 0.55962 0.048 0.51162
1 0.8 0.048 0.752
23 0.8 0.048 0.752
33 0.8 0.048 0.752
30 0.8 0.048 0.752
38 0.8 0.048 0.752
9 0.8 0.048 0.752
19 0.8 0.048 0.752
27 0.8 0.048 0.752
4 0.8 0.048 0.752
20 0.8 0.048 0.752
8 0.8 0.048 0.752
22 0.8 0.048 0.752
26 0.8 0.048 0.752
29 0.8 0.048 0.752
39 0.8 0.048 0.752
14 0.8 0.048 0.752
34 0.8 0.048 0.752
20 0.8 0.048 0.752
4 0.8 0.048 0.752
29 0.752 0.048 0.704
13 0.8 0.048 0.752
28 0.8 0.048 0.752
36 0.8 0.048 0.752
36 0.752 0.048 0.704
28 0.752 0.048 0.704
28 0.704 0.16 0.544
36 0.704 0.16 0.544
36 0.544 0.016 0.528
28 0.544 0.016 0.528
36 0.528 0.048 0.48
23 0.8 0.048 0.752
23 0.752 0.048 0.704
28 0.528 0.048 0.48
33 0.8 0.048 0.752
33 0.752 0.048 0.704
36 0.48 0.096 0.384
36 0.384 0.16 0.224
23 0.704 0.16 0.544
33 0.704 0.16 0.544
33 0.544 0.016 0.528
36 0.224 0.016 0.208
33 0.528 0.048 0.48
1 0.8 0.048 0.752
23 0.544 0.048 0.496
36 0.208 0.048 0.16
14 0.8 0.048 0.752
34 0.8 0.048 0.752
39 0.8 0.048 0.752
4 0.8 0.048 0.752
20 0.8 0.048 0.752
13 0.8 0.048 0.752
38 0.8 0.048 0.752
35 0.8 0.048 0.752
10 0.8 0.048 0.752
12 0.8 0.048 0.752
11 0.8 0.048 0.752
40 0.8 0.048 0.752
15 0.8 0.048 0.752
27 0.8 0.048 0.752
9 0.8 0.048 0.752
13 0.752 0.048 0.704
38 0.752 0.048 0.704
13 0.780134 0.048 0.732134
30 0.8 0.048 0.752
38 0.775346 0.048 0.727346
15 0.8 0.048 0.752
40 0.752 0.048 0.704
38 0.727346 0.048 0.679346
13 0.732134 0.048 0.684134
30 0.752 0.048 0.704
38 0.679346 0.048 0.631346
38 0.631346 0.16 0.471346
38 0.471346 0.016 0.455346
17 0.8 0.048 0.752
31 0.8 0.048 0.752
12 0.8 0.048 0.752
7 0.8 0.048 0.752
30 0.778218 0.048 0.730218
18 0.8 0.048 0.752
6 0.796693 0.048 0.748693
25 0.8 0.048 0.752
7 0.752 0.048 0.704
7 0.704 0.048 0.656
7 0.656 0.16 0.496
7 0.496 0.016 0.48
2 0.8 0.048 0.752
16 0.8 0.048 0.752
3 0.8 0.048 0.752
24 0.8 0.048 0.752
12 0.752 0.048 0.704
10 0.8 0.048 0.752
31 0.8 0.048 0.752
35 0.8 0.048 0.752
25 0.752 0.048 0.704
6 0.748693 0.048 0.700693
18 0.8 0.048 0.752
1 0.8 0.048 0.752
33 0.76772 0.048 0.71972
30 0.730218 0.048 0.682218
38 0.52585 0.048 0.47785
9 0.8 0.048 0.752
19 0.8 0.048 0.752
27 0.8 0.048 0.752
7 0.551561 0.048 0.503561
8 0.8 0.048 0.752
22 0.8 0.048 0.752
26 0.8 0.048 0.752
29 0.8 0.048 0.752
39 0.8 0.048 0.752
14 0.8 0.048 0.752
34 0.8 0.048 0.752
20 0.8 0.048 0.752
4 0.8 0.048 0.752
7 0.574476 0.048 0.526476
33 0.799108 0.048 0.751108
1 0.8 0.048 0.752
23 0.8 0.048 0.752
36 0.53322 0.048 0.48522
14 0.8 0.048 0.752
34 0.8 0.048 0.752
39 0.8 0.048 0.752
4 0.8 0.048 0.752
20 0.8 0.048 0.752
17 0.8 0.048 0.752
35 0.8 0.048 0.752
10 0.8 0.048 0.752
12 0.8 0.048 0.752
11 0.8 0.048 0.752
40 0.8 0.048 0.752
15 0.8 0.048 0.752
27 0.8 0.048 0.752
9 0.8 0.048 0.752
13 0.8 0.048 0.752
38 0.694204 0.048 0.646204
17 0.8 0.048 0.752
15 0.8 0.048 0.752
19 0.8 0.048 0.752
19 0.752 0.048 0.704
40 0.752 0.048 0.704
15 0.752 0.048 0.704
15 0.704 0.16 0.544
19 0.704 0.16 0.544
19 0.544 0.016 0.528
15 0.544 0.016 0.528
19 0.528 0.048 0.48
9 0.752 0.048 0.704
15 0.528 0.048 0.48
40 0.704 0.048 0.656
40 0.656 0.16 0.496
17 0.8 0.048 0.752
17 0.752 0.048 0.704
17 0.704 0.16 0.544
17 0.544 0.016 0.528
31 0.8 0.048 0.752
12 0.8 0.048 0.752
12 0.752 0.048 0.704
17 0.528 0.048 0.48
31 0.8 0.048 0.752
18 0.8 0.048 0.752
6 0.8 0.048 0.752
25 0.8 0.048 0.752
2 0.8 0.048 0.752
16 0.8 0.048 0.752
39 0.8 0.048 0.752
3 0.8 0.048 0.752
24 0.8 0.048 0.752
12 0.704 0.048 0.656
10 0.8 0.048 0.752
31 0.752 0.048 0.704
35 0.8 0.048 0.752
12 0.656 0.048 0.608
12 0.608 0.16 0.448
12 0.448 0.016 0.432
25 0.752 0.048 0.704
6 0.752 0.048 0.704
18 0.8 0.048 0.752
1 0.8 0.048 0.752
30 0.8 0.048 0.752
38 0.786731 0.048 0.738731
38 0.738731 0.048 0.690731
30 0.752 0.048 0.704
30 0.704 0.16 0.544
38 0.690731 0.16 0.530731
38 0.530731 0.016 0.514731
30 0.544 0.016 0.528
38 0.514731 0.048 0.466731
13 0.8 0.048 0.752
30 0.528 0.048 0.48
9 0.8 0.048 0.752
19 0.622952 0.048 0.574952
27 0.8 0.048 0.752
10 0.752 0.048 0.704
12 0.51177 0.048 0.46377
31 0.777442 0.048 0.729442
35 0.752 0.048 0.704
8 0.8 0.048 0.752
22 0.8 0.048 0.752
26 0.8 0.048 0.752
29 0.8 0.048 0.752
39 0.8 0.048 0.752
2 0.8 0.048 0.752
14 0.8 0.048 0.752
34 0.8 0.048 0.752
20 0.8 0.048 0.752
4 0.8 0.048 0.752
29 0.752 0.048 0.704
10 0.775695 0.048 0.727695
12 0.543634 0.048 0.495634
35 0.774709 0.048 0.726709
33 0.8 0.048 0.752
1 0.8 0.048 0.752
23 0.8 0.048 0.752
36 0.8 0.048 0.752
14 0.8 0.048 0.752
34 0.8 0.048 0.752
39 0.8 0.048 0.752
4 0.8 0.048 0.752
20 0.8 0.048 0.752
10 0.8 0.048 0.752
35 0.8 0.048 0.752
35 0.752 0.048 0.704
10 0.752 0.048 0.704
12 0.572012 0.048 0.524012
12 0.524012 0.048 0.476012
35 0.704 0.048 0.656
35 0.656 0.16 0.496
10 0.704 0.16 0.544
12 0.476012 0.16 0.316012
11 0.8 0.048 0.752
40 0.8 0.048 0.752
15 0.773879 0.048 0.725879
27 0.8 0.048 0.752
9 0.8 0.048 0.752
13 0.8 0.048 0.752
38 0.690164 0.048 0.642164
19 0.796511 0.048 0.748511
9 0.752 0.048 0.704
15 0.8 0.048 0.752
31 0.8 0.048 0.752
12 0.460752 0.048 0.412752
18 0.8 0.048 0.752
6 0.8 0.048 0.752
25 0.8 0.048 0.752
2 0.8 0.048 0.752
16 0.8 0.048 0.752
39 0.8 0.048 0.752
3 0.8 0.048 0.752
24 0.8 0.048 0.752
25 0.752 0.048 0.704
6 0.752 0.048 0.704
18 0.8 0.048 0.752
1 0.8 0.048 0.752
23 0.8 0.048 0.752
38 0.791765 0.048 0.743765
13 0.8 0.048 0.752
30 0.8 0.048 0.752
9 0.8 0.048 0.752
19 0.8 0.048 0.752
27 0.8 0.048 0.752
8 0.8 0.048 0.752
22 0.8 0.048 0.752
26 0.8 0.048 0.752
24 0.8 0.048 0.752
24 0.752 0.048 0.704
29 0.8 0.048 0.752
26 0.752 0.048 0.704
26 0.704 0.16 0.544
24 0.704 0.16 0.544
24 0.544 0.016 0.528
26 0.544 0.016 0.528
24 0.528 0.048 0.48
3 0.752 0.048 0.704
26 0.528 0.048 0.48
29 0.752 0.16 0.592
39 0.8 0.048 0.752
2 0.8 0.048 0.752
14 0.8 0.048 0.752
34 0.8 0.048 0.752
20 0.8 0.048 0.752
4 0.8 0.048 0.752
33 0.8 0.048 0.752
23 0.8 0.048 0.752
36 0.8 0.048 0.752
14 0.8 0.048 0.752
34 0.8 0.048 0.752
39 0.8 0.048 0.752
4 0.8 0.048 0.752
20 0.8 0.048 0.752
16 0.8 0.048 0.752
11 0.8 0.048 0.752
40 0.8 0.048 0.752
15 0.8 0.048 0.752
19 0.8 0.048 0.752
27 0.8 0.048 0.752
13 0.8 0.048 0.752
38 0.8 0.048 0.752
2 0.8 0.048 0.752
16 0.8 0.048 0.752
19 0.8 0.048 0.752
9 0.8 0.048 0.752
15 0.8 0.048 0.752
40 0.752 0.048 0.704
31 0.8 0.048 0.752
12 0.78889 0.048 0.74089
35 0.8 0.048 0.752
2 0.8 0.048 0.752
16 0.8 0.048 0.752
34 0.8 0.048 0.752
39 0.8 0.048 0.752
18 0.8 0.048 0.752
6 0.8 0.048 0.752
25 0.8 0.048 0.752
2 0.752 0.048 0.704
16 0.752 0.048 0.704
39 0.8 0.048 0.752
2 0.704 0.048 0.656
2 0.656 0.16 0.496
2 0.496 0.016 0.48
3 0.8 0.048 0.752
24 0.778154 0.048 0.730154
25 0.752 0.048 0.704
18 0.8 0.048 0.752
1 0.8 0.048 0.752
23 0.8 0.048 0.752
33 0.8 0.048 0.752
38 0.8 0.048 0.752
30 0.8 0.048 0.752
9 0.8 0.048 0.752
19 0.8 0.048 0.752
27 0.8 0.048 0.752
2 0.555407 0.048 0.507407
14 0.8 0.048 0.752
34 0.8 0.048 0.752
39 0.752 0.048 0.704
8 0.8 0.048 0.752
22 0.8 0.048 0.752
24 0.8 0.048 0.752
3 0.752 0.048 0.704
26 0.8 0.048 0.752
39 0.782999 0.048 0.734999
2 0.507407 0.048 0.459407
14 0.8 0.048 0.752
34 0.8 0.048 0.752
39 0.734999 0.048 0.686999
39 0.686999 0.16 0.526999
39 0.526999 0.016 0.510999
20 0.8 0.048 0.752
4 0.8 0.048 0.752
29 0.8 0.048 0.752
14 0.752 0.048 0.704
34 0.752 0.048 0.704
33 0.8 0.048 0.752
1 0.8 0.048 0.752
23 0.8 0.048 0.752
36 0.8 0.048 0.752
14 0.780625 0.048 0.732625
34 0.777377 0.048 0.729377
39 0.583993 0.048 0.535993
39 0.535993 0.048 0.487993
14 0.732625 0.096 0.636625
14 0.636625 0.16 0.476625
14 0.476625 0.016 0.460625
4 0.8 0.048 0.752
20 0.8 0.048 0.752
14 0.460625 0.048 0.412625
11 0.8 0.048 0.752
40 0.8 0.048 0.752
15 0.8 0.048 0.752
27 0.8 0.048 0.752
9 0.8 0.048 0.752
13 0.8 0.048 0.752
38 0.8 0.048 0.752
19 0.8 0.048 0.752
9 0.752 0.048 0.704
15 0.8 0.048 0.752
31 0.8 0.048 0.752
12 0.8 0.048 0.752
35 0.8 0.048 0.752
27 0.8 0.048 0.752
18 0.8 0.048 0.752
6 0.8 0.048 0.752
25 0.8 0.048 0.752
3 0.8 0.048 0.752
24 0.8 0.048 0.752
25 0.752 0.048 0.704
6 0.752 0.048 0.704
18 0.8 0.048 0.752
1 0.8 0.048 0.752
23 0.8 0.048 0.752
33 0.8 0.048 0.752
38 0.8 0.048 0.752
13 0.8 0.048 0.752
30 0.8 0.048 0.752
9 0.8 0.048 0.752
19 0.8 0.048 0.752
27 0.8 0.048 0.752
9 0.752 0.048 0.704
27 0.752 0.048 0.704
8 0.8 0.048 0.752
22 0.8 0.048 0.752
24 0.8 0.048 0.752
3 0.752 0.048 0.704
26 0.8 0.048 0.752
20 0.8 0.048 0.752
4 0.8 0.048 0.752
29 0.8 0.048 0.752
9 0.776026 0.048 0.728026
19 0.8 0.048 0.752
27 0.776862 0.048 0.728862
33 0.8 0.048 0.752
1 0.8 0.048 0.752
23 0.8 0.048 0.752
36 0.8 0.048 0.752
4 0.8 0.048 0.752
20 0.8 0.048 0.752
9 0.8 0.048 0.752
15 0.8 0.048 0.752
19 0.8 0.048 0.752
40 0.8 0.048 0.752
11 0.8 0.048 0.752
40 0.8 0.048 0.752
15 0.752 0.048 0.704
40 0.752 0.048 0.704
40 0.704 0.16 0.544
40 0.544 0.016 0.528
27 0.8 0.048 0.752
9 0.8 0.048 0.752
13 0.8 0.048 0.752
38 0.8 0.048 0.752
15 0.782027 0.048 0.734027
19 0.8 0.048 0.752
40 0.528 0.048 0.48
19 0.752 0.048 0.704
9 0.752 0.048 0.704
15 0.734027 0.048 0.686027
40 0.48 0.048 0.432
31 0.8 0.048 0.752
12 0.8 0.048 0.752
35 0.8 0.048 0.752
15 0.765944 0.048 0.717944
18 0.8 0.048 0.752
25 0.8 0.048 0.752
40 0.511722 0.048 0.463722
18 0.752 0.048 0.704
6 0.8 0.048 0.752
25 0.752 0.048 0.704
18 0.704 0.048 0.656
18 0.656 0.16 0.496
18 0.496 0.016 0.48
3 0.8 0.048 0.752
24 0.8 0.048 0.752
25 0.704 0.048 0.656
6 0.752 0.048 0.704
18 0.555425 0.048 0.507425
25 0.656 0.048 0.608
25 0.608 0.16 0.448
25 0.448 0.016 0.432
1 0.8 0.048 0.752
23 0.8 0.048 0.752
33 0.8 0.048 0.752
38 0.8 0.048 0.752
13 0.8 0.048 0.752
30 0.8 0.048 0.752
9 0.8 0.048 0.752
19 0.8 0.048 0.752
27 0.8 0.048 0.752
6 0.774485 0.048 0.726485
18 0.507425 0.048 0.459425
25 0.503148 0.048 0.455148
8 0.8 0.048 0.752
22 0.8 0.048 0.752
24 0.8 0.048 0.752
3 0.752 0.048 0.704
26 0.8 0.048 0.752
20 0.8 0.048 0.752
4 0.8 0.048 0.752
29 0.8 0.048 0.752
6 0.8 0.048 0.752
18 0.536592 0.048 0.488592
25 0.532834 0.048 0.484834
33 0.8 0.048 0.752
23 0.8 0.048 0.752
36 0.8 0.048 0.752
4 0.8 0.048 0.752
20 0.8 0.048 0.752
1 0.8 0.048 0.752
6 0.8 0.048 0.752
11 0.8 0.048 0.752
27 0.8 0.048 0.752
9 0.8 0.048 0.752
13 0.8 0.048 0.752
38 0.8 0.048 0.752
1 0.8 0.048 0.752
23 0.8 0.048 0.752
33 0.8 0.048 0.752
19 0.8 0.048 0.752
9 0.752 0.048 0.704
15 0.8 0.048 0.752
40 0.756124 0.048 0.708124
31 0.8 0.048 0.752
12 0.8 0.048 0.752
35 0.8 0.048 0.752
1 0.8 0.048 0.752
23 0.8 0.048 0.752
33 0.8 0.048 0.752
36 0.8 0.048 0.752
3 0.8 0.048 0.752
24 0.8 0.048 0.752
1 0.8 0.048 0.752
23 0.752 0.048 0.704
33 0.8 0.048 0.752
38 0.8 0.048 0.752
13 0.8 0.048 0.752
30 0.8 0.048 0.752
9 0.8 0.048 0.752
19 0.8 0.048 0.752
27 0.8 0.048 0.752
23 0.774771 0.048 0.726771
28 0.8 0.048 0.752
33 0.752 0.048 0.704
36 0.8 0.048 0.752
8 0.8 0.048 0.752
22 0.8 0.048 0.752
24 0.8 0.048 0.752
3 0.752 0.048 0.704
20 0.8 0.048 0.752
4 0.8 0.048 0.752
28 0.8 0.048 0.752
36 0.8 0.048 0.752
33 0.778 0.048 0.73
1 0.8 0.048 0.752
23 0.798791 0.048 0.750791
36 0.752 0.048 0.704
4 0.8 0.048 0.752
20 0.8 0.048 0.752
28 0.8 0.048 0.752
11 0.8 0.048 0.752
27 0.8 0.048 0.752
9 0.8 0.048 0.752
13 0.8 0.048 0.752
38 0.8 0.048 0.752
11 0.8 0.048 0.752
19 0.8 0.048 0.752
9 0.752 0.048 0.704
15 0.8 0.048 0.752
40 0.8 0.048 0.752
31 0.8 0.048 0.752
12 0.8 0.048 0.752
11 0.8 0.048 0.752
3 0.8 0.048 0.752
24 0.8 0.048 0.752
1 0.8 0.048 0.752
23 0.8 0.048 0.752
33 0.8 0.048 0.752
38 0.8 0.048 0.752
13 0.8 0.048 0.752
30 0.8 0.048 0.752
9 0.8 0.048 0.752
19 0.8 0.048 0.752
27 0.8 0.048 0.752
5 0.8 0.048 0.752
11 0.8 0.048 0.752
32 0.8 0.048 0.752
8 0.8 0.048 0.752
22 0.8 0.048 0.752
24 0.8 0.048 0.752
3 0.752 0.048 0.704
26 0.8 0.048 0.752
20 0.8 0.048 0.752
4 0.8 0.048 0.752
29 0.8 0.048 0.752
5 0.8 0.048 0.752
21 0.8 0.048 0.752
32 0.8 0.048 0.752
37 0.8 0.048 0.752
33 0.8 0.048 0.752
1 0.8 0.048 0.752
23 0.8 0.048 0.752
36 0.8 0.048 0.752
4 0.8 0.048 0.752
20 0.8 0.048 0.752
21 0.8 0.048 0.752
32 0.8 0.048 0.752
37 0.8 0.048 0.752
11 0.8 0.048 0.752
27 0.8 0.048 0.752
9 0.8 0.048 0.752
13 0.8 0.048 0.752
38 0.8 0.048 0.752
37 0.8 0.048 0.752
19 0.8 0.048 0.752
9 0.752 0.048 0.704
15 0.8 0.048 0.752
40 0.8 0.048 0.752
31 0.8 0.048 0.752
12 0.8 0.048 0.752
35 0.8 0.048 0.752
8 0.8 0.048 0.752
22 0.8 0.048 0.752
3 0.8 0.048 0.752
24 0.8 0.048 0.752
1 0.8 0.048 0.752
23 0.8 0.048 0.752
33 0.8 0.048 0.752
38 0.8 0.048 0.752
13 0.8 0.048 0.752
9 0.8 0.048 0.752
19 0.8 0.048 0.752
27 0.8 0.048 0.752
8 0.8 0.048 0.752
22 0.8 0.048 0.752
8 0.752 0.048 0.704
22 0.752 0.048 0.704
8 0.704 0.048 0.656
8 0.656 0.16 0.496
8 0.496 0.016 0.48
24 0.8 0.048 0.752
3 0.752 0.048 0.704
26 0.8 0.048 0.752
20 0.8 0.048 0.752
4 0.8 0.048 0.752
8 0.551867 0.048 0.503867
22 0.781172 0.048 0.733172
33 0.8 0.048 0.752
1 0.8 0.048 0.752
23 0.8 0.048 0.752
36 0.8 0.048 0.752
4 0.8 0.048 0.752
20 0.8 0.048 0.752
3 0.8 0.048 0.752
11 0.8 0.048 0.752
27 0.8 0.048 0.752
9 0.8 0.048 0.752
13 0.8 0.048 0.752
38 0.8 0.048 0.752
3 0.8 0.048 0.752
24 0.8 0.048 0.752
19 0.8 0.048 0.752
9 0.752 0.048 0.704
15 0.8 0.048 0.752
40 0.8 0.048 0.752
31 0.8 0.048 0.752
12 0.8 0.048 0.752
3 0.8 0.048 0.752
24 0.8 0.048 0.752
26 0.8 0.048 0.752
3 0.8 0.048 0.752
24 0.752 0.048 0.704
3 0.752 0.048 0.704
3 0.704 0.16 0.544
3 0.544 0.016 0.528
1 0.8 0.048 0.752
23 0.8 0.048 0.752
38 0.8 0.048 0.752
13 0.8 0.048 0.752
30 0.8 0.048 0.752
9 0.8 0.048 0.752
19 0.8 0.048 0.752
27 0.8 0.048 0.752
24 0.781522 0.048 0.733522
26 0.8 0.048 0.752
29 0.8 0.048 0.752
24 0.733522 0.048 0.685522
3 0.528 0.048 0.48
26 0.752 0.048 0.704
20 0.8 0.048 0.752
4 0.8 0.048 0.752
4 0.752 0.048 0.704
20 0.752 0.048 0.704
26 0.778567 0.048 0.730567
29 0.8 0.048 0.752
33 0.8 0.048 0.752
23 0.8 0.048 0.752
36 0.8 0.048 0.752
4 0.775509 0.048 0.727509
20 0.775651 0.048 0.727651
4 0.727509 0.048 0.679509
4 0.679509 0.16 0.519509
4 0.519509 0.016 0.503509
4 0.503509 0.048 0.455509
20 0.727651 0.048 0.679651
29 0.8 0.048 0.752
11 0.8 0.048 0.752
27 0.8 0.048 0.752
9 0.8 0.048 0.752
13 0.8 0.048 0.752
38 0.8 0.048 0.752
4 0.531323 0.048 0.483323
13 0.8 0.048 0.752
20 0.750557 0.048 0.702557
19 0.8 0.048 0.752
9 0.752 0.048 0.704
15 0.8 0.048 0.752
40 0.8 0.048 0.752
31 0.8 0.048 0.752
12 0.8 0.048 0.752
13 0.8 0.048 0.752
38 0.8 0.048 0.752
1 0.8 0.048 0.752
33 0.8 0.048 0.752
38 0.752 0.048 0.704
13 0.752 0.048 0.704
30 0.8 0.048 0.752
38 0.704 0.048 0.656
38 0.656 0.16 0.496
38 0.496 0.016 0.48
9 0.8 0.048 0.752
19 0.8 0.048 0.752
27 0.8 0.048 0.752
13 0.7782 0.048 0.7302
30 0.8 0.048 0.752
38 0.558202 0.048 0.510202
24 0.8 0.048 0.752
3 0.8 0.048 0.752
3 0.752 0.048 0.704
24 0.752 0.048 0.704
24 0.704 0.16 0.544
3 0.704 0.16 0.544
3 0.544 0.016 0.528
24 0.544 0.016 0.528
3 0.528 0.048 0.48
24 0.528 0.048 0.48
20 0.8 0.048 0.752
4 0.707258 0.048 0.659258
7 0.8 0.048 0.752
30 0.8 0.048 0.752
38 0.590034 0.048 0.542034
33 0.8 0.048 0.752
23 0.8 0.048 0.752
36 0.8 0.048 0.752
7 0.8 0.048 0.752
30 0.8 0.048 0.752
11 0.8 0.048 0.752
27 0.8 0.048 0.752
9 0.8 0.048 0.752
13 0.8 0.048 0.752
38 0.616426 0.048 0.568426
7 0.8 0.048 0.752
19 0.8 0.048 0.752
9 0.752 0.048 0.704
15 0.8 0.048 0.752
40 0.8 0.048 0.752
