0 2973
0 2974
0 2975
0 2976
0 2977
0 2978
0 2979
0 2980
0 2981
0 2982
43 2983
0 2984
53 2986
0 2987
30 2988
42 2991
0 2992
0 2997
86 3001
13 3002
0 3003
0 3008
65 2985
3 3010
0 3012
9 3014
0 3015
51 2996
0 3018
58 3000
0 3020
93 3005
0 3024
96 3030
71 3011
0 3031
10 3032
0 3033
85 3016
69 3034
8 3035
0 3037
0 3038
0 3040
54 3029
20 3043
2 3044
0 3045
84 3032
84 3046
59 3047
0 3048
0 3050
0 3053
23 3054
4 3055
92 3055
27 3022
0 3056
94 3057
0 3058
0 3059
16 2994
0 3060
63 2999
15 2999
0 3064
98 3004
22 3066
0 3067
57 3068
79 3057
96 3057
0 3073
34 3013
0 3075
0 3079
0 3082
36 3054
46 3007
75 3066
0 3083
53 3084
0 3086
75 3087
0 3088
89 2993
4 2993
60 3091
66 3017
0 3092
82 3095
36 3096
0 3098
37 3039
0 3100
25 3068
45 3042
19 3026
76 3010
13 3071
0 3103
0 3106
41 3090
67 3036
0 3107
52 3109
68 3001
85 3096
0 3111
0 3112
44 3102
0 3115
0 3116
74 2995
0 3117
1 2998
0 3118
3 3120
0 3121
77 3057
96 3113
30 3122
78 3030
81 2986
0 3123
72 2988
12 3104
86 3124
0 3125
0 3127
7 3093
90 3062
73 3002
0 3128
0 3130
17 3028
0 3131
4 3134
0 3135
21 3089
33 3091
36 3091
0 3136
64 3051
59 3137
88 3081
0 3138
99 3006
0 3139
22 3141
0 3143
0 3144
0 3145
56 3061
0 3147
35 3055
0 3148
95 3027
51 3085
0 3150
0 3151
0 3152
0 3153
43 3119
49 2983
0 3154
18 3041
97 3025
30 3155
96 3155
0 3157
0 3158
92 2993
0 3159
38 3019
75 3160
48 3095
98 3137
0 3162
0 3163
0 3164
27 3132
20 3133
0 3165
10 3126
0 3167
29 2999
25 3108
40 3000
15 3063
58 3097
0 3169
83 3004
8 3129
63 3120
0 3173
76 3027
72 3175
16 3010
60 3177
84 3114
0 3178
47 3105
0 3180
0 3181
0 3184
62 3099
95 3099
3 3099
0 3185
34 3042
36 3176
0 3186
0 3187
45 3091
0 3189
23 3146
0 3190
0 3191
95 3192
76 3192
63 3192
40 3192
71 3142
0 3194
5 2990
0 3195
0 3198
13 3182
57 3161
91 3080
0 3199
59 3171
0 3200
67 3149
0 3201
68 3124
0 3202
44 3196
100 3049
95 3049
0 3203
0 3205
41 3193
1 3156
0 3206
70 2989
0 3207
66 3188
0 3208
0 3209
78 3170
0 3210
94 3140
79 3101
0 3211
7 3179
0 3212
17 2993
0 3213
0 3214
61 3065
0 3215
87 3043
0 3216
0 3217
28 3016
0 3218
0 3219
55 3021
0 3220
65 3069
0 3221
31 2991
50 3074
0 3222
42 3078
0 3223
32 3052
0 3224
82 3172
0 3225
77 3175
0 3226
0 3227
26 3076
18 3197
0 3228
11 3110
69 3094
0 3229
0 3230
80 3070
0 3231
0 3232
6 3077
0 3233
0 3234
0 3235
90 3174
94 3174
27 3192
0 3236
0 3237
0 3238
0 3239
100 3065
0 3240
0 3241
0 3242
0 3243
0 3244
0 3245
33 3177
0 3246
0 3247
37 2995
0 3248
19 3002
74 3168
0 3249
