29 487 1.04277
20 488 1.06019
8 489 1.36976
5 490 1.52915
16 491 1.7058
23 492 1.71423
15 493 1.86683
9 494 2.00852
18 495 2.05483
25 496 2.3469
6 497 2.36373
27 498 2.36609
3 499 2.3782
30 500 2.57792
19 501 2.79304
22 502 3.20255
29 503 3.39269
12 504 3.48584
7 505 3.49673
13 506 3.77749
24 507 4.22248
11 508 4.35505
4 509 4.48858
27 510 4.53609
14 511 4.55291
18 512 5.00743
22 513 5.84891
9 514 6.2342
13 515 6.32424
23 516 6.33295
7 517 6.44883
5 518 6.66958
24 519 6.77801
20 520 7.14807
4 521 7.58152
12 522 8.00299
18 523 8.11229
3 524 8.56313
30 525 8.8094
4 526 9.74423
