8 0.8 0.048 0.752
7 0.8 0.048 0.752
8 0.752 0.048 0.704
8 0.704 0.16 0.544
7 0.752 0.16 0.592
7 0.592 0.016 0.576
8 0.544 0.016 0.528
7 0.576 0.048 0.528
8 0.528 0.048 0.48
7 0.8 0.048 0.752
8 0.8 0.048 0.752
7 0.8 0.048 0.752
8 0.8 0.048 0.752
1 0.8 0.048 0.752
9 0.8 0.048 0.752
7 0.8 0.048 0.752
8 0.8 0.048 0.752
1 0.8 0.048 0.752
9 0.8 0.048 0.752
7 0.8 0.048 0.752
8 0.8 0.048 0.752
1 0.8 0.048 0.752
10 0.8 0.048 0.752
9 0.8 0.048 0.752
7 0.8 0.048 0.752
8 0.8 0.048 0.752
3 0.8 0.048 0.752
5 0.8 0.048 0.752
1 0.8 0.048 0.752
4 0.8 0.048 0.752
10 0.8 0.048 0.752
6 0.8 0.048 0.752
9 0.8 0.048 0.752
7 0.8 0.048 0.752
8 0.8 0.048 0.752
3 0.8 0.048 0.752
5 0.8 0.048 0.752
1 0.8 0.048 0.752
4 0.8 0.048 0.752
2 0.8 0.048 0.752
10 0.8 0.048 0.752
10 0.752 0.048 0.704
10 0.704 0.16 0.544
10 0.544 0.016 0.528
6 0.8 0.048 0.752
9 0.8 0.048 0.752
7 0.8 0.048 0.752
8 0.8 0.048 0.752
3 0.8 0.048 0.752
5 0.8 0.048 0.752
1 0.8 0.048 0.752
4 0.8 0.048 0.752
2 0.8 0.048 0.752
6 0.8 0.048 0.752
9 0.8 0.048 0.752
7 0.8 0.048 0.752
8 0.8 0.048 0.752
3 0.8 0.048 0.752
5 0.8 0.048 0.752
1 0.8 0.048 0.752
4 0.8 0.048 0.752
2 0.8 0.048 0.752
6 0.8 0.048 0.752
9 0.8 0.048 0.752
9 0.752 0.048 0.704
9 0.704 0.16 0.544
9 0.544 0.016 0.528
7 0.8 0.048 0.752
8 0.8 0.048 0.752
3 0.8 0.048 0.752
5 0.8 0.048 0.752
8 0.8 0.048 0.752
7 0.8 0.048 0.752
8 0.752 0.048 0.704
8 0.704 0.16 0.544
8 0.544 0.016 0.528
7 0.752 0.16 0.592
1 0.8 0.048 0.752
4 0.8 0.048 0.752
4 0.752 0.048 0.704
1 0.752 0.048 0.704
2 0.8 0.048 0.752
6 0.8 0.048 0.752
7 0.8 0.048 0.752
8 0.758202 0.048 0.710202
3 0.8 0.048 0.752
5 0.8 0.048 0.752
1 0.8 0.048 0.752
4 0.8 0.048 0.752
2 0.8 0.048 0.752
6 0.8 0.048 0.752
7 0.8 0.048 0.752
8 0.8 0.048 0.752
3 0.8 0.048 0.752
5 0.8 0.048 0.752
1 0.8 0.048 0.752
4 0.8 0.048 0.752
4 0.752 0.048 0.704
1 0.752 0.048 0.704
2 0.8 0.048 0.752
6 0.8 0.048 0.752
7 0.8 0.048 0.752
8 0.8 0.048 0.752
3 0.8 0.048 0.752
5 0.8 0.048 0.752
1 0.8 0.048 0.752
4 0.8 0.048 0.752
2 0.8 0.048 0.752
6 0.8 0.048 0.752
7 0.8 0.048 0.752
8 0.8 0.048 0.752
3 0.8 0.048 0.752
9 0.8 0.048 0.752
5 0.8 0.048 0.752
1 0.8 0.048 0.752
4 0.8 0.048 0.752
2 0.8 0.048 0.752
6 0.8 0.048 0.752
7 0.8 0.048 0.752
8 0.8 0.048 0.752
3 0.8 0.048 0.752
9 0.8 0.048 0.752
5 0.8 0.048 0.752
10 0.8 0.048 0.752
1 0.8 0.048 0.752
1 0.752 0.048 0.704
1 0.704 0.16 0.544
1 0.544 0.016 0.528
4 0.8 0.048 0.752
4 0.752 0.048 0.704
4 0.704 0.16 0.544
4 0.544 0.016 0.528
2 0.8 0.048 0.752
6 0.8 0.048 0.752
7 0.8 0.048 0.752
8 0.8 0.048 0.752
3 0.8 0.048 0.752
9 0.8 0.048 0.752
5 0.8 0.048 0.752
10 0.8 0.048 0.752
2 0.8 0.048 0.752
6 0.8 0.048 0.752
7 0.8 0.048 0.752
8 0.8 0.048 0.752
3 0.8 0.048 0.752
3 0.752 0.048 0.704
3 0.704 0.16 0.544
3 0.544 0.016 0.528
9 0.8 0.048 0.752
5 0.8 0.048 0.752
8 0.8 0.048 0.752
7 0.8 0.048 0.752
10 0.8 0.048 0.752
2 0.8 0.048 0.752
6 0.8 0.048 0.752
7 0.8 0.048 0.752
8 0.8 0.048 0.752
9 0.8 0.048 0.752
5 0.8 0.048 0.752
8 0.8 0.048 0.752
7 0.8 0.048 0.752
10 0.8 0.048 0.752
2 0.8 0.048 0.752
6 0.8 0.048 0.752
7 0.8 0.048 0.752
8 0.8 0.048 0.752
9 0.8 0.048 0.752
5 0.8 0.048 0.752
8 0.8 0.048 0.752
7 0.8 0.048 0.752
10 0.8 0.048 0.752
2 0.8 0.048 0.752
6 0.8 0.048 0.752
7 0.8 0.048 0.752
8 0.8 0.048 0.752
9 0.8 0.048 0.752
5 0.8 0.048 0.752
8 0.8 0.048 0.752
7 0.8 0.048 0.752
10 0.8 0.048 0.752
2 0.8 0.048 0.752
6 0.8 0.048 0.752
7 0.8 0.048 0.752
8 0.8 0.048 0.752
7 0.752 0.048 0.704
7 0.704 0.16 0.544
7 0.544 0.016 0.528
8 0.752 0.16 0.592
9 0.8 0.048 0.752
5 0.8 0.048 0.752
8 0.736166 0.048 0.688166
7 0.757379 0.048 0.709379
8 0.688166 0.048 0.640166
8 0.640166 0.16 0.480166
7 0.709379 0.16 0.549379
7 0.549379 0.016 0.533379
8 0.480166 0.016 0.464166
7 0.533379 0.048 0.485379
8 0.464166 0.048 0.416166
10 0.8 0.048 0.752
2 0.8 0.048 0.752
6 0.8 0.048 0.752
9 0.8 0.048 0.752
5 0.8 0.048 0.752
7 0.8 0.048 0.752
8 0.8 0.048 0.752
10 0.8 0.048 0.752
2 0.8 0.048 0.752
6 0.8 0.048 0.752
9 0.8 0.048 0.752
5 0.8 0.048 0.752
7 0.8 0.048 0.752
8 0.8 0.048 0.752
10 0.8 0.048 0.752
2 0.8 0.048 0.752
6 0.8 0.048 0.752
9 0.8 0.048 0.752
5 0.8 0.048 0.752
7 0.8 0.048 0.752
8 0.8 0.048 0.752
10 0.8 0.048 0.752
2 0.8 0.048 0.752
6 0.8 0.048 0.752
9 0.8 0.048 0.752
5 0.8 0.048 0.752
7 0.8 0.048 0.752
8 0.8 0.048 0.752
10 0.8 0.048 0.752
2 0.8 0.048 0.752
6 0.8 0.048 0.752
9 0.8 0.048 0.752
5 0.8 0.048 0.752
7 0.8 0.048 0.752
8 0.8 0.048 0.752
10 0.8 0.048 0.752
2 0.8 0.048 0.752
2 0.752 0.048 0.704
2 0.704 0.16 0.544
2 0.544 0.016 0.528
6 0.8 0.048 0.752
9 0.8 0.048 0.752
5 0.8 0.048 0.752
7 0.8 0.048 0.752
8 0.8 0.048 0.752
10 0.8 0.048 0.752
6 0.8 0.048 0.752
