29 190 1.01476
41 191 1.07531
63 192 1.11324
64 193 1.13962
42 194 1.16366
58 195 1.19905
35 196 1.21029
53 197 1.26402
5 198 1.41616
27 199 1.51094
62 200 1.90123
18 201 1.92511
28 202 1.9947
9 203 1.99917
40 204 2.0057
11 205 2.18721
39 206 2.18775
13 207 2.31371
57 208 2.33515
26 209 2.43259
47 210 2.5134
49 211 2.76472
59 212 3.05587
24 213 3.07615
65 214 3.40401
66 215 3.52651
2 216 3.58517
23 217 3.59583
58 218 3.67147
16 219 4.00754
42 220 4.17204
69 221 4.38949
61 222 4.4621
45 223 4.71598
12 224 4.71839
51 225 4.77668
13 226 4.83002
63 227 4.93102
62 228 5.22939
41 229 5.54928
5 230 5.68834
24 231 5.69637
49 232 6.32421
28 233 6.907
45 234 7.20156
63 235 7.75163
18 236 7.75892
58 237 7.84247
69 238 8.13735
51 239 8.7043
60 240 8.77524
49 241 9.16044
61 242 9.16073
