78 2462 0 100 1.16701e-08 1.92293 1.92293
39 2455 0 100 0.5 1.54853 2.04853
46 2466 0 100 1.16701e-08 2.07975 2.07975
50 2445 0 100 1 1.11431 2.11431
76 2456 0 100 0.5 1.63316 2.13316
23 2447 0 100 1 1.19721 2.19721
26 2442 0 100 1.5 1.01619 2.51619
53 2470 0 100 1 2.13199 3.13199
40 2468 0 100 1.5 2.11497 3.61497
17 2448 0 100 2.5 1.21002 3.71002
73 2476 0 100 2 2.25234 4.25234
80 2493 0 100 1.5 3.08521 4.58521
2 2521 0 100 0.5 4.10983 4.60983
43 2523 0 100 0.5 4.17281 4.67281
36 2542 0 100 1.16701e-08 4.75475 4.75475
10 2549 0 100 1.16701e-08 4.86711 4.86711
29 2441 0 100 4 1.01444 5.01444
7 2538 0 100 0.5 4.70184 5.20184
34 2452 0 100 4 1.36573 5.36573
48 2554 0 100 0.5 5.1063 5.6063
62 2566 0 100 1.16701e-08 5.68086 5.68086
20 2450 0 100 4.5 1.32527 5.82527
9 2518 0 100 2.5 3.9895 6.4895
50 2580 0 100 0.5 6.75621 7.25621
68 2587 0 100 1.16701e-08 7.31727 7.31727
23 2546 0 100 2.5 4.84591 7.34591
70 2531 0 100 3.5 4.41379 7.91379
38 2499 0 100 5 3.16904 8.16904
33 2513 0 100 4.5 3.7707 8.2707
67 2490 0 100 5.5 2.87563 8.37563
53 2602 0 100 0.5 8.01854 8.51854
1 2472 0 100 6.5 2.17364 8.67364
6 2524 0 100 4.5 4.191 8.691
57 2543 0 100 4 4.81421 8.81421
4 2529 0 100 4.5 4.35127 8.85127
12 2552 0 100 4 4.93453 8.93453
27 2469 0 100 7 2.12838 9.12838
28 2502 0 100 6 3.30494 9.30494
11 2481 0 100 7 2.4655 9.4655
11 2624 0 100 1.16701e-08 9.54114 9.54114
14 2444 0 100 8.5 1.09256 9.59256
43 2585 0 100 2.5 7.20215 9.70215
3 2500 0 100 6.5 3.20484 9.70484
10 2612 0 100 1 8.8005 9.8005
36 2600 0 100 2 7.86413 9.86413
29 2593 0 100 2.5 7.65455 10.1546
24 2504 0 100 7 3.3371 10.3371
48 2467 0 100 8.5 2.10184 10.6018
74 2473 0 100 8.5 2.19406 10.6941
51 2478 0 100 8.5 2.2941 10.7941
19 2517 0 100 7 3.9656 10.9656
47 2484 0 100 8.5 2.59367 11.0937
55 2496 0 100 8 3.13231 11.1323
65 2547 0 100 6.5 4.85183 11.3518
65 2621 0 100 2 9.41022 11.4102
44 2495 0 100 8.5 3.11885 11.6188
42 2458 0 100 10 1.7277 11.7277
44 2557 0 100 6.5 5.24598 11.746
13 2508 0 100 8.5 3.55775 12.0577
60 2544 0 100 7.5 4.82864 12.3286
18 2548 0 100 7.5 4.85547 12.3555
68 2506 0 100 9 3.48319 12.4832
76 2534 0 100 8 4.61917 12.6192
39 2564 0 100 7 5.63156 12.6316
78 2572 0 100 6.5 6.14646 12.6465
26 2559 0 100 7.5 5.38473 12.8847
41 2510 0 100 9.5 3.67959 13.1796
63 2539 0 100 8.5 4.72133 13.2213
71 2520 0 100 9.5 4.04917 13.5492
17 2598 0 100 6.5 7.78821 14.2882
11 2578 0 100 8 6.73382 14.7338
