7 0.8 0.048 0.752
2 0.8 0.048 0.752
76 0.8 0.048 0.752
7 0.752 0.096 0.656
7 0.656 0.16 0.496
2 0.752 0.16 0.592
76 0.752 0.16 0.592
76 0.592 0.016 0.576
7 0.496 0.016 0.48
76 0.576 0.048 0.528
2 0.592 0.048 0.544
7 0.48 0.048 0.432
76 0.528 0.048 0.48
76 0.48 0.16 0.32
2 0.544 0.16 0.384
7 0.432 0.16 0.272
54 0.8 0.048 0.752
17 0.8 0.048 0.752
33 0.8 0.048 0.752
54 0.752 0.096 0.656
54 0.656 0.16 0.496
17 0.752 0.16 0.592
33 0.752 0.16 0.592
33 0.592 0.016 0.576
54 0.496 0.016 0.48
33 0.576 0.048 0.528
12 0.8 0.048 0.752
17 0.592 0.048 0.544
54 0.48 0.048 0.432
33 0.528 0.096 0.432
33 0.432 0.16 0.272
12 0.752 0.16 0.592
17 0.544 0.16 0.384
54 0.432 0.16 0.272
14 0.8 0.048 0.752
25 0.8 0.048 0.752
29 0.8 0.048 0.752
38 0.8 0.048 0.752
72 0.8 0.048 0.752
75 0.8 0.048 0.752
14 0.752 0.24 0.512
14 0.512 0.16 0.352
25 0.752 0.16 0.592
25 0.592 0.016 0.576
14 0.352 0.016 0.336
25 0.576 0.048 0.528
14 0.336 0.048 0.288
29 0.752 0.048 0.704
38 0.752 0.048 0.704
64 0.8 0.048 0.752
75 0.752 0.048 0.704
25 0.528 0.192 0.336
25 0.336 0.16 0.176
29 0.704 0.16 0.544
38 0.704 0.16 0.544
72 0.752 0.16 0.592
75 0.704 0.16 0.544
14 0.288 0.16 0.128
29 0.544 0.16 0.384
38 0.544 0.16 0.384
64 0.752 0.16 0.592
75 0.544 0.16 0.384
2 0.533428 0.048 0.485428
7 0.42254 0.048 0.37454
76 0.464912 0.048 0.416912
11 0.8 0.048 0.752
4 0.8 0.048 0.752
26 0.8 0.048 0.752
41 0.8 0.048 0.752
11 0.752 0.144 0.608
11 0.608 0.16 0.448
4 0.752 0.16 0.592
26 0.752 0.16 0.592
26 0.592 0.016 0.576
11 0.448 0.016 0.432
26 0.576 0.048 0.528
4 0.592 0.048 0.544
11 0.432 0.048 0.384
41 0.752 0.048 0.704
26 0.528 0.096 0.432
26 0.432 0.16 0.272
41 0.704 0.16 0.544
4 0.544 0.16 0.384
11 0.384 0.16 0.224
41 0.544 0.16 0.384
8 0.8 0.048 0.752
63 0.8 0.048 0.752
79 0.8 0.048 0.752
8 0.752 0.096 0.656
8 0.656 0.16 0.496
63 0.752 0.16 0.592
79 0.752 0.16 0.592
79 0.592 0.016 0.576
8 0.496 0.016 0.48
79 0.576 0.048 0.528
8 0.48 0.048 0.432
63 0.592 0.048 0.544
79 0.528 0.048 0.48
79 0.48 0.16 0.32
8 0.432 0.16 0.272
63 0.544 0.16 0.384
57 0.8 0.048 0.752
1 0.8 0.048 0.752
13 0.8 0.048 0.752
43 0.8 0.048 0.752
47 0.8 0.048 0.752
57 0.752 0.192 0.56
57 0.56 0.16 0.4
1 0.752 0.16 0.592
13 0.752 0.16 0.592
13 0.592 0.016 0.576
57 0.4 0.016 0.384
13 0.576 0.048 0.528
1 0.592 0.048 0.544
43 0.752 0.048 0.704
47 0.752 0.048 0.704
57 0.384 0.048 0.336
13 0.528 0.144 0.384
13 0.384 0.16 0.224
43 0.704 0.16 0.544
47 0.704 0.16 0.544
1 0.544 0.16 0.384
43 0.544 0.16 0.384
47 0.544 0.16 0.384
57 0.336 0.16 0.176
5 0.8 0.048 0.752
23 0.8 0.048 0.752
1 0.458977 0.048 0.410977
34 0.8 0.048 0.752
23 0.752 0.048 0.704
23 0.704 0.16 0.544
1 0.410977 0.16 0.250977
34 0.752 0.16 0.592
34 0.592 0.016 0.576
23 0.544 0.016 0.528
34 0.576 0.048 0.528
23 0.528 0.048 0.48
75 0.613379 0.048 0.565379
14 0.42872 0.048 0.38072
25 0.395416 0.048 0.347416
29 0.617308 0.048 0.569308
38 0.691457 0.048 0.643457
64 0.8 0.048 0.752
75 0.565379 0.144 0.421379
75 0.421379 0.16 0.261379
14 0.38072 0.16 0.22072
25 0.347416 0.16 0.187416
29 0.569308 0.16 0.409308
38 0.643457 0.16 0.483457
64 0.752 0.16 0.592
20 0.8 0.048 0.752
22 0.8 0.048 0.752
60 0.8 0.048 0.752
70 0.8 0.048 0.752
20 0.752 0.144 0.608
20 0.608 0.16 0.448
22 0.752 0.16 0.592
60 0.752 0.16 0.592
60 0.592 0.016 0.576
20 0.448 0.016 0.432
60 0.576 0.048 0.528
20 0.432 0.048 0.384
22 0.592 0.048 0.544
70 0.752 0.048 0.704
72 0.8 0.048 0.752
60 0.528 0.144 0.384
60 0.384 0.16 0.224
70 0.704 0.16 0.544
20 0.384 0.16 0.224
22 0.544 0.16 0.384
70 0.544 0.16 0.384
72 0.752 0.16 0.592
19 0.8 0.048 0.752
53 0.8 0.048 0.752
77 0.8 0.048 0.752
19 0.752 0.096 0.656
19 0.656 0.16 0.496
53 0.752 0.16 0.592
77 0.752 0.16 0.592
77 0.592 0.016 0.576
19 0.496 0.016 0.48
77 0.576 0.048 0.528
19 0.48 0.048 0.432
53 0.592 0.048 0.544
56 0.8 0.048 0.752
77 0.528 0.096 0.432
77 0.432 0.16 0.272
19 0.432 0.16 0.272
53 0.544 0.16 0.384
56 0.752 0.16 0.592
56 0.592 0.016 0.576
77 0.272 0.016 0.256
56 0.576 0.048 0.528
31 0.8 0.048 0.752
36 0.8 0.048 0.752
42 0.8 0.048 0.752
46 0.8 0.048 0.752
55 0.8 0.048 0.752
77 0.256 0.048 0.208
56 0.528 0.24 0.288
56 0.288 0.16 0.128
31 0.752 0.16 0.592
31 0.592 0.016 0.576
56 0.128 0.016 0.112
31 0.576 0.048 0.528
18 0.8 0.048 0.752
36 0.752 0.048 0.704
42 0.752 0.048 0.704
46 0.752 0.048 0.704
55 0.752 0.048 0.704
56 0.112 0.048 0.064
58 0.8 0.048 0.752
31 0.528 0.288 0.24
31 0.24 0.16 0.08
36 0.704 0.16 0.544
42 0.704 0.16 0.544
46 0.704 0.16 0.544
55 0.704 0.16 0.544
77 0.208 0.16 0.048
18 0.752 0.16 0.592
36 0.544 0.16 0.384
42 0.544 0.16 0.384
46 0.544 0.16 0.384
55 0.544 0.16 0.384
56 0.064 0.16 -0.096
58 0.752 0.16 0.592
2 0.8 0.048 0.752
7 0.752516 0.048 0.704516
76 0.8 0.048 0.752
2 0.752 0.048 0.704
2 0.704 0.16 0.544
7 0.704516 0.16 0.544516
7 0.544516 0.016 0.528516
2 0.544 0.016 0.528
7 0.528516 0.048 0.480516
2 0.528 0.048 0.48
76 0.752 0.048 0.704
76 0.704 0.16 0.544
59 0.8 0.048 0.752
71 0.8 0.048 0.752
59 0.752 0.048 0.704
59 0.704 0.16 0.544
71 0.752 0.16 0.592
71 0.592 0.016 0.576
59 0.544 0.016 0.528
71 0.576 0.048 0.528
44 0.8 0.048 0.752
45 0.8 0.048 0.752
48 0.8 0.048 0.752
59 0.528 0.048 0.48
71 0.528 0.144 0.384
71 0.384 0.16 0.224
44 0.752 0.16 0.592
45 0.752 0.16 0.592
45 0.592 0.016 0.576
71 0.224 0.016 0.208
45 0.576 0.048 0.528
44 0.592 0.048 0.544
48 0.752 0.048 0.704
71 0.208 0.048 0.16
45 0.528 0.096 0.432
45 0.432 0.16 0.272
48 0.704 0.16 0.544
59 0.48 0.16 0.32
44 0.544 0.16 0.384
48 0.544 0.16 0.384
71 0.16 0.16 -8.32667e-17
16 0.8 0.048 0.752
30 0.8 0.048 0.752
35 0.8 0.048 0.752
44 0.462319 0.048 0.414319
48 0.454132 0.048 0.406132
16 0.752 0.096 0.656
16 0.656 0.16 0.496
30 0.752 0.16 0.592
35 0.752 0.16 0.592
35 0.592 0.016 0.576
16 0.496 0.016 0.48
35 0.576 0.048 0.528
16 0.48 0.048 0.432
30 0.592 0.048 0.544
44 0.414319 0.048 0.366319
48 0.406132 0.048 0.358132
35 0.528 0.048 0.48
35 0.48 0.16 0.32
44 0.366319 0.16 0.206319
48 0.358132 0.16 0.198132
16 0.432 0.16 0.272
30 0.544 0.16 0.384
44 0.206319 0.16 0.0463187
48 0.198132 0.16 0.0381319
10 0.8 0.048 0.752
52 0.8 0.048 0.752
73 0.8 0.048 0.752
74 0.8 0.048 0.752
10 0.752 0.144 0.608
10 0.608 0.16 0.448
52 0.752 0.16 0.592
73 0.752 0.16 0.592
73 0.592 0.016 0.576
10 0.448 0.016 0.432
73 0.576 0.048 0.528
10 0.432 0.048 0.384
28 0.8 0.048 0.752
52 0.592 0.048 0.544
74 0.752 0.048 0.704
73 0.528 0.144 0.384
73 0.384 0.16 0.224
74 0.704 0.16 0.544
10 0.384 0.16 0.224
28 0.752 0.16 0.592
52 0.544 0.16 0.384
74 0.544 0.16 0.384
5 0.8 0.048 0.752
23 0.775914 0.048 0.727914
5 0.752 0.048 0.704
5 0.704 0.16 0.544
23 0.727914 0.16 0.567914
23 0.567914 0.016 0.551914
5 0.544 0.016 0.528
23 0.551914 0.048 0.503914
1 0.557101 0.048 0.509101
5 0.528 0.048 0.48
34 0.8 0.048 0.752
23 0.503914 0.048 0.455914
23 0.455914 0.16 0.295914
1 0.509101 0.16 0.349101
5 0.48 0.16 0.32
34 0.752 0.16 0.592
37 0.8 0.048 0.752
30 0.454446 0.048 0.406446
35 0.397759 0.048 0.349759
40 0.8 0.048 0.752
80 0.8 0.048 0.752
37 0.752 0.096 0.656
37 0.656 0.16 0.496
30 0.406446 0.16 0.246446
35 0.349759 0.16 0.189759
40 0.752 0.16 0.592
40 0.592 0.016 0.576
37 0.496 0.016 0.48
40 0.576 0.048 0.528
37 0.48 0.048 0.432
80 0.752 0.048 0.704
40 0.528 0.048 0.48
40 0.48 0.16 0.32
80 0.704 0.16 0.544
37 0.432 0.16 0.272
80 0.544 0.16 0.384
50 0.8 0.048 0.752
6 0.8 0.048 0.752
15 0.8 0.048 0.752
32 0.8 0.048 0.752
50 0.752 0.144 0.608
50 0.608 0.16 0.448
6 0.752 0.16 0.592
15 0.752 0.16 0.592
32 0.752 0.16 0.592
32 0.592 0.016 0.576
50 0.448 0.016 0.432
32 0.576 0.048 0.528
6 0.592 0.048 0.544
15 0.592 0.048 0.544
50 0.432 0.048 0.384
32 0.528 0.096 0.432
32 0.432 0.16 0.272
6 0.544 0.16 0.384
15 0.544 0.16 0.384
50 0.384 0.16 0.224
34 0.666401 0.048 0.618401
23 0.375048 0.048 0.327048
61 0.8 0.048 0.752
24 0.8 0.048 0.752
66 0.8 0.048 0.752
61 0.752 0.096 0.656
61 0.656 0.16 0.496
24 0.752 0.16 0.592
24 0.592 0.016 0.576
61 0.496 0.016 0.48
24 0.576 0.048 0.528
61 0.48 0.048 0.432
66 0.752 0.048 0.704
67 0.8 0.048 0.752
68 0.8 0.048 0.752
24 0.528 0.144 0.384
24 0.384 0.16 0.224
66 0.704 0.16 0.544
61 0.432 0.16 0.272
66 0.544 0.16 0.384
67 0.752 0.16 0.592
68 0.752 0.16 0.592
68 0.592 0.016 0.576
24 0.224 0.016 0.208
68 0.576 0.048 0.528
24 0.208 0.048 0.16
66 0.384 0.048 0.336
67 0.592 0.048 0.544
80 0.462117 0.048 0.414117
68 0.528 0.048 0.48
68 0.48 0.16 0.32
24 0.16 0.16 -8.32667e-17
66 0.336 0.16 0.176
67 0.544 0.16 0.384
80 0.414117 0.16 0.254117
39 0.8 0.048 0.752
3 0.8 0.048 0.752
18 0.8 0.048 0.752
58 0.8 0.048 0.752
39 0.752 0.144 0.608
39 0.608 0.16 0.448
3 0.752 0.16 0.592
18 0.752 0.16 0.592
58 0.752 0.16 0.592
58 0.592 0.016 0.576
39 0.448 0.016 0.432
58 0.576 0.048 0.528
3 0.592 0.048 0.544
18 0.592 0.048 0.544
31 0.452519 0.048 0.404519
36 0.8 0.048 0.752
39 0.432 0.048 0.384
42 0.757495 0.048 0.709495
46 0.761974 0.048 0.713974
55 0.8 0.048 0.752
58 0.528 0.288 0.24
58 0.24 0.16 0.08
3 0.544 0.16 0.384
18 0.544 0.16 0.384
31 0.404519 0.16 0.244519
36 0.752 0.16 0.592
36 0.592 0.016 0.576
58 0.08 0.016 0.064
36 0.576 0.048 0.528
3 0.384 0.048 0.336
18 0.384 0.048 0.336
31 0.244519 0.048 0.196519
42 0.709495 0.048 0.661495
46 0.713974 0.048 0.665974
55 0.752 0.048 0.704
56 0.374947 0.048 0.326947
58 0.064 0.048 0.016
36 0.528 0.144 0.384
36 0.384 0.16 0.224
39 0.384 0.16 0.224
42 0.661495 0.16 0.501495
46 0.665974 0.16 0.505974
55 0.704 0.16 0.544
3 0.336 0.16 0.176
18 0.336 0.16 0.176
31 0.196519 0.16 0.0365193
42 0.501495 0.16 0.341495
46 0.505974 0.16 0.345974
55 0.544 0.16 0.384
56 0.326947 0.16 0.166947
58 0.016 0.16 -0.144
7 0.8 0.048 0.752
2 0.8 0.048 0.752
76 0.8 0.048 0.752
38 0.8 0.048 0.752
14 0.8 0.048 0.752
25 0.785284 0.048 0.737284
29 0.8 0.048 0.752
64 0.8 0.048 0.752
72 0.8 0.048 0.752
75 0.8 0.048 0.752
38 0.752 0.192 0.56
38 0.56 0.16 0.4
14 0.752 0.16 0.592
25 0.737284 0.16 0.577284
29 0.752 0.16 0.592
64 0.752 0.16 0.592
64 0.592 0.016 0.576
38 0.4 0.016 0.384
64 0.576 0.048 0.528
14 0.592 0.048 0.544
25 0.577284 0.048 0.529284
29 0.592 0.048 0.544
38 0.384 0.048 0.336
75 0.752 0.048 0.704
64 0.528 0.096 0.432
64 0.432 0.16 0.272
72 0.752 0.16 0.592
75 0.704 0.16 0.544
14 0.544 0.16 0.384
25 0.529284 0.16 0.369284
29 0.544 0.16 0.384
38 0.336 0.16 0.176
75 0.544 0.16 0.384
27 0.8 0.048 0.752
69 0.8 0.048 0.752
78 0.8 0.048 0.752
27 0.752 0.096 0.656
27 0.656 0.16 0.496
69 0.752 0.16 0.592
69 0.592 0.016 0.576
27 0.496 0.016 0.48
69 0.576 0.048 0.528
27 0.48 0.048 0.432
28 0.8 0.048 0.752
78 0.752 0.048 0.704
69 0.528 0.096 0.432
69 0.432 0.16 0.272
78 0.704 0.16 0.544
27 0.432 0.16 0.272
28 0.752 0.16 0.592
28 0.592 0.016 0.576
69 0.272 0.016 0.256
28 0.576 0.048 0.528
52 0.678269 0.048 0.630269
69 0.256 0.048 0.208
73 0.593948 0.048 0.545948
74 0.680889 0.048 0.632889
28 0.528 0.096 0.432
28 0.432 0.16 0.272
78 0.544 0.16 0.384
52 0.630269 0.16 0.470269
69 0.208 0.16 0.048
73 0.545948 0.16 0.385948
74 0.632889 0.16 0.472889
46 0.490913 0.048 0.442913
3 0.2555 0.048 0.2075
18 0.325923 0.048 0.277923
31 0.185961 0.048 0.137961
36 0.298452 0.048 0.250452
42 0.491981 0.048 0.443981
55 0.537391 0.048 0.489391
56 0.310274 0.048 0.262274
58 0.150221 0.048 0.102221
15 0.761461 0.048 0.713461
6 0.772832 0.048 0.724832
50 0.59928 0.048 0.55128
15 0.713461 0.096 0.617461
15 0.617461 0.16 0.457461
6 0.724832 0.16 0.564832
6 0.564832 0.016 0.548832
15 0.457461 0.016 0.441461
6 0.548832 0.048 0.500832
15 0.441461 0.048 0.393461
32 0.656726 0.048 0.608726
50 0.55128 0.048 0.50328
6 0.500832 0.048 0.452832
6 0.452832 0.16 0.292832
50 0.50328 0.16 0.34328
15 0.393461 0.16 0.233461
32 0.608726 0.16 0.448726
50 0.34328 0.16 0.18328
22 0.8 0.048 0.752
20 0.8 0.048 0.752
60 0.8 0.048 0.752
70 0.8 0.048 0.752
22 0.752 0.096 0.656
22 0.656 0.16 0.496
20 0.752 0.16 0.592
20 0.592 0.016 0.576
22 0.496 0.016 0.48
20 0.576 0.048 0.528
22 0.48 0.048 0.432
60 0.752 0.048 0.704
70 0.752 0.048 0.704
20 0.528 0.048 0.48
20 0.48 0.16 0.32
60 0.704 0.16 0.544
70 0.704 0.16 0.544
22 0.432 0.16 0.272
60 0.544 0.16 0.384
70 0.544 0.16 0.384
48 0.569367 0.048 0.521367
35 0.562299 0.048 0.514299
44 0.564148 0.048 0.516148
45 0.8 0.048 0.752
71 0.516379 0.048 0.468379
48 0.521367 0.048 0.473367
48 0.473367 0.16 0.313367
35 0.514299 0.16 0.354299
44 0.516148 0.16 0.356148
45 0.752 0.16 0.592
71 0.468379 0.16 0.308379
34 0.8 0.048 0.752
23 0.708982 0.048 0.660982
65 0.8 0.048 0.752
49 0.8 0.048 0.752
65 0.752 0.048 0.704
65 0.704 0.16 0.544
49 0.752 0.16 0.592
49 0.592 0.016 0.576
65 0.544 0.016 0.528
49 0.576 0.048 0.528
65 0.528 0.048 0.48
72 0.8 0.048 0.752
38 0.484219 0.048 0.436219
60 0.528483 0.048 0.480483
42 0.737867 0.048 0.689867
18 0.583995 0.048 0.535995
31 0.439632 0.048 0.391632
36 0.551519 0.048 0.503519
46 0.753364 0.048 0.705364
55 0.72106 0.048 0.67306
56 0.5587 0.048 0.5107
58 0.398863 0.048 0.350863
42 0.689867 0.144 0.545867
42 0.545867 0.16 0.385867
18 0.535995 0.16 0.375995
31 0.391632 0.16 0.231632
36 0.503519 0.16 0.343519
46 0.705364 0.16 0.545364
55 0.67306 0.16 0.51306
56 0.5107 0.16 0.3507
58 0.350863 0.16 0.190863
7 0.8 0.048 0.752
2 0.8 0.048 0.752
76 0.8 0.048 0.752
7 0.752 0.048 0.704
7 0.704 0.16 0.544
7 0.544 0.016 0.528
2 0.752 0.16 0.592
76 0.752 0.16 0.592
9 0.8 0.048 0.752
46 0.622759 0.048 0.574759
18 0.454153 0.048 0.406153
31 0.303568 0.048 0.255568
36 0.423387 0.048 0.375387
42 0.463428 0.048 0.415428
55 0.66164 0.048 0.61364
56 0.424415 0.048 0.376415
58 0.265367 0.048 0.217367
46 0.574759 0.048 0.526759
46 0.526759 0.16 0.366759
18 0.406153 0.16 0.246153
31 0.255568 0.16 0.0955684
36 0.375387 0.16 0.215387
42 0.415428 0.16 0.255428
55 0.61364 0.16 0.45364
56 0.376415 0.16 0.216415
58 0.217367 0.16 0.0573674
71 0.609442 0.048 0.561442
45 0.8 0.048 0.752
48 0.534255 0.048 0.486255
78 0.8 0.048 0.752
27 0.725649 0.048 0.677649
69 0.495386 0.048 0.447386
78 0.752 0.048 0.704
78 0.704 0.16 0.544
27 0.677649 0.16 0.517649
27 0.517649 0.016 0.501649
78 0.544 0.016 0.528
27 0.501649 0.048 0.453649
69 0.447386 0.048 0.399386
78 0.528 0.048 0.48
69 0.399386 0.16 0.239386
24 0.678683 0.048 0.630683
61 0.8 0.048 0.752
66 0.8 0.048 0.752
67 0.8 0.048 0.752
68 0.8 0.048 0.752
24 0.630683 0.144 0.486683
24 0.486683 0.16 0.326683
61 0.752 0.16 0.592
66 0.752 0.16 0.592
67 0.752 0.16 0.592
67 0.592 0.016 0.576
24 0.326683 0.016 0.310683
67 0.576 0.048 0.528
24 0.310683 0.048 0.262683
61 0.592 0.048 0.544
66 0.592 0.048 0.544
68 0.752 0.048 0.704
67 0.528 0.096 0.432
67 0.432 0.16 0.272
68 0.704 0.16 0.544
24 0.262683 0.16 0.102683
61 0.544 0.16 0.384
66 0.544 0.16 0.384
68 0.544 0.16 0.384
34 0.8 0.048 0.752
23 0.8 0.048 0.752
29 0.8 0.048 0.752
14 0.8 0.048 0.752
25 0.8 0.048 0.752
38 0.74057 0.048 0.69257
64 0.8 0.048 0.752
75 0.8 0.048 0.752
29 0.752 0.096 0.656
29 0.656 0.16 0.496
14 0.752 0.16 0.592
14 0.592 0.016 0.576
29 0.496 0.016 0.48
14 0.576 0.048 0.528
25 0.752 0.048 0.704
29 0.48 0.048 0.432
38 0.69257 0.048 0.64457
64 0.752 0.048 0.704
75 0.752 0.048 0.704
14 0.528 0.048 0.48
14 0.48 0.16 0.32
25 0.704 0.16 0.544
38 0.64457 0.16 0.48457
64 0.704 0.16 0.544
75 0.704 0.16 0.544
25 0.544 0.16 0.384
29 0.432 0.16 0.272
38 0.48457 0.16 0.32457
64 0.544 0.16 0.384
75 0.544 0.16 0.384
53 0.8 0.048 0.752
19 0.8 0.048 0.752
77 0.8 0.048 0.752
53 0.752 0.096 0.656
53 0.656 0.16 0.496
19 0.752 0.16 0.592
19 0.592 0.016 0.576
53 0.496 0.016 0.48
19 0.576 0.048 0.528
53 0.48 0.048 0.432
77 0.752 0.048 0.704
19 0.528 0.048 0.48
19 0.48 0.16 0.32
77 0.704 0.16 0.544
53 0.432 0.16 0.272
77 0.544 0.16 0.384
1 0.8 0.048 0.752
13 0.8 0.048 0.752
23 0.752 0.048 0.704
43 0.8 0.048 0.752
47 0.8 0.048 0.752
57 0.8 0.048 0.752
1 0.752 0.144 0.608
1 0.608 0.16 0.448
13 0.752 0.16 0.592
23 0.704 0.16 0.544
43 0.752 0.16 0.592
47 0.752 0.16 0.592
57 0.752 0.16 0.592
57 0.592 0.016 0.576
1 0.448 0.016 0.432
57 0.576 0.048 0.528
1 0.432 0.048 0.384
13 0.592 0.048 0.544
43 0.592 0.048 0.544
47 0.592 0.048 0.544
57 0.528 0.096 0.432
57 0.432 0.16 0.272
1 0.384 0.16 0.224
13 0.544 0.16 0.384
43 0.544 0.16 0.384
47 0.544 0.16 0.384
49 0.8 0.048 0.752
65 0.8 0.048 0.752
7 0.8 0.048 0.752
2 0.8 0.048 0.752
76 0.8 0.048 0.752
7 0.752 0.048 0.704
7 0.704 0.16 0.544
2 0.752 0.16 0.592
2 0.592 0.016 0.576
7 0.544 0.016 0.528
2 0.576 0.048 0.528
7 0.528 0.048 0.48
76 0.752 0.048 0.704
76 0.704 0.16 0.544
52 0.8 0.048 0.752
10 0.8 0.048 0.752
28 0.8 0.048 0.752
73 0.8 0.048 0.752
74 0.8 0.048 0.752
52 0.752 0.096 0.656
52 0.656 0.16 0.496
10 0.752 0.16 0.592
10 0.592 0.016 0.576
52 0.496 0.016 0.48
10 0.576 0.048 0.528
52 0.48 0.048 0.432
73 0.752 0.048 0.704
74 0.752 0.048 0.704
10 0.528 0.048 0.48
10 0.48 0.16 0.32
28 0.752 0.16 0.592
73 0.704 0.16 0.544
74 0.704 0.16 0.544
52 0.432 0.16 0.272
73 0.544 0.16 0.384
74 0.544 0.16 0.384
72 0.8 0.048 0.752
22 0.793456 0.048 0.745456
60 0.8 0.048 0.752
72 0.752 0.096 0.656
72 0.656 0.16 0.496
72 0.496 0.016 0.48
22 0.745456 0.16 0.585456
60 0.752 0.16 0.592
9 0.8 0.048 0.752
41 0.8 0.048 0.752
4 0.8 0.048 0.752
11 0.8 0.048 0.752
26 0.8 0.048 0.752
41 0.752 0.096 0.656
41 0.656 0.16 0.496
4 0.752 0.16 0.592
4 0.592 0.016 0.576
41 0.496 0.016 0.48
4 0.576 0.048 0.528
11 0.752 0.048 0.704
26 0.752 0.048 0.704
41 0.48 0.048 0.432
4 0.528 0.048 0.48
4 0.48 0.16 0.32
11 0.704 0.16 0.544
26 0.704 0.16 0.544
11 0.544 0.16 0.384
26 0.544 0.16 0.384
41 0.432 0.16 0.272
71 0.8 0.048 0.752
45 0.8 0.048 0.752
48 0.8 0.048 0.752
27 0.8 0.048 0.752
28 0.8 0.048 0.752
69 0.609241 0.048 0.561241
78 0.8 0.048 0.752
27 0.752 0.048 0.704
27 0.704 0.16 0.544
28 0.752 0.16 0.592
69 0.561241 0.16 0.401241
78 0.752 0.16 0.592
66 0.760514 0.048 0.712514
24 0.475809 0.048 0.427809
61 0.679406 0.048 0.631406
67 0.642476 0.048 0.594476
68 0.751176 0.048 0.703176
66 0.712514 0.048 0.664514
66 0.664514 0.16 0.504514
24 0.427809 0.16 0.267809
61 0.631406 0.16 0.471406
67 0.594476 0.16 0.434476
68 0.703176 0.16 0.543176
18 0.696882 0.048 0.648882
3 0.8 0.048 0.752
31 0.607581 0.048 0.559581
36 0.745132 0.048 0.697132
39 0.8 0.048 0.752
46 0.8 0.048 0.752
55 0.8 0.048 0.752
58 0.575162 0.048 0.527162
18 0.648882 0.192 0.456882
18 0.456882 0.16 0.296882
3 0.752 0.16 0.592
31 0.559581 0.16 0.399581
36 0.697132 0.16 0.537132
39 0.752 0.16 0.592
46 0.752 0.16 0.592
55 0.752 0.16 0.592
55 0.592 0.016 0.576
18 0.296882 0.016 0.280882
55 0.576 0.048 0.528
3 0.592 0.048 0.544
18 0.280882 0.048 0.232882
31 0.399581 0.048 0.351581
36 0.537132 0.048 0.489132
42 0.763911 0.048 0.715911
46 0.592 0.048 0.544
56 0.73812 0.048 0.69012
58 0.527162 0.048 0.479162
55 0.528 0.096 0.432
55 0.432 0.16 0.272
58 0.479162 0.16 0.319162
3 0.544 0.16 0.384
18 0.232882 0.16 0.0728818
31 0.351581 0.16 0.191581
36 0.489132 0.16 0.329132
42 0.715911 0.16 0.555911
46 0.544 0.16 0.384
56 0.69012 0.16 0.53012
58 0.319162 0.16 0.159162
34 0.8 0.048 0.752
23 0.8 0.048 0.752
49 0.8 0.048 0.752
65 0.8 0.048 0.752
2 0.8 0.048 0.752
7 0.8 0.048 0.752
76 0.8 0.048 0.752
43 0.8 0.048 0.752
1 0.674286 0.048 0.626286
13 0.8 0.048 0.752
47 0.8 0.048 0.752
57 0.729488 0.048 0.681488
43 0.752 0.096 0.656
43 0.656 0.16 0.496
1 0.626286 0.16 0.466286
13 0.752 0.16 0.592
47 0.752 0.16 0.592
57 0.681488 0.16 0.521488
47 0.592 0.048 0.544
1 0.466286 0.048 0.418286
13 0.592 0.048 0.544
43 0.496 0.048 0.448
57 0.521488 0.048 0.473488
9 0.8 0.048 0.752
71 0.8 0.048 0.752
44 0.8 0.048 0.752
45 0.8 0.048 0.752
48 0.8 0.048 0.752
71 0.752 0.048 0.704
71 0.704 0.16 0.544
44 0.752 0.16 0.592
44 0.592 0.016 0.576
71 0.544 0.016 0.528
44 0.576 0.048 0.528
16 0.8 0.048 0.752
30 0.8 0.048 0.752
35 0.8 0.048 0.752
45 0.752 0.048 0.704
48 0.752 0.048 0.704
71 0.528 0.048 0.48
44 0.528 0.096 0.432
44 0.432 0.16 0.272
45 0.704 0.16 0.544
48 0.704 0.16 0.544
16 0.752 0.16 0.592
16 0.592 0.016 0.576
44 0.272 0.016 0.256
16 0.576 0.048 0.528
30 0.752 0.048 0.704
35 0.752 0.048 0.704
37 0.8 0.048 0.752
44 0.256 0.048 0.208
16 0.528 0.096 0.432
16 0.432 0.16 0.272
30 0.704 0.16 0.544
35 0.704 0.16 0.544
45 0.544 0.16 0.384
48 0.544 0.16 0.384
71 0.48 0.16 0.32
30 0.544 0.16 0.384
35 0.544 0.16 0.384
37 0.752 0.16 0.592
44 0.208 0.16 0.048
17 0.8 0.048 0.752
12 0.8 0.048 0.752
33 0.8 0.048 0.752
54 0.8 0.048 0.752
17 0.752 0.096 0.656
17 0.656 0.16 0.496
12 0.752 0.16 0.592
12 0.592 0.016 0.576
17 0.496 0.016 0.48
12 0.576 0.048 0.528
17 0.48 0.048 0.432
33 0.752 0.16 0.592
54 0.752 0.16 0.592
34 0.8 0.048 0.752
23 0.8 0.048 0.752
51 0.8 0.048 0.752
21 0.8 0.048 0.752
59 0.8 0.048 0.752
21 0.752 0.048 0.704
21 0.704 0.16 0.544
59 0.752 0.16 0.592
59 0.592 0.016 0.576
21 0.544 0.016 0.528
59 0.576 0.048 0.528
21 0.528 0.048 0.48
70 0.8 0.048 0.752
20 0.8 0.048 0.752
22 0.8 0.048 0.752
60 0.8 0.048 0.752
70 0.752 0.048 0.704
70 0.704 0.16 0.544
20 0.752 0.16 0.592
22 0.752 0.16 0.592
22 0.592 0.016 0.576
70 0.544 0.016 0.528
22 0.576 0.048 0.528
20 0.592 0.048 0.544
60 0.752 0.048 0.704
70 0.528 0.048 0.48
60 0.704 0.16 0.544
49 0.8 0.048 0.752
65 0.8 0.048 0.752
2 0.8 0.048 0.752
7 0.8 0.048 0.752
76 0.8 0.048 0.752
62 0.8 0.048 0.752
5 0.8 0.048 0.752
62 0.752 0.048 0.704
62 0.704 0.16 0.544
5 0.752 0.16 0.592
5 0.592 0.016 0.576
62 0.544 0.016 0.528
5 0.576 0.048 0.528
62 0.528 0.048 0.48
69 0.8 0.048 0.752
27 0.8 0.048 0.752
28 0.8 0.048 0.752
78 0.8 0.048 0.752
69 0.752 0.096 0.656
69 0.656 0.16 0.496
69 0.496 0.016 0.48
27 0.752 0.16 0.592
28 0.752 0.16 0.592
78 0.752 0.16 0.592
47 0.8 0.048 0.752
1 0.791838 0.048 0.743838
13 0.8 0.048 0.752
43 0.8 0.048 0.752
57 0.8 0.048 0.752
47 0.752 0.048 0.704
47 0.704 0.16 0.544
1 0.743838 0.16 0.583838
1 0.583838 0.016 0.567838
47 0.544 0.016 0.528
1 0.567838 0.048 0.519838
13 0.752 0.048 0.704
43 0.752 0.048 0.704
47 0.528 0.048 0.48
57 0.752 0.048 0.704
13 0.704 0.16 0.544
43 0.704 0.16 0.544
57 0.704 0.16 0.544
54 0.740073 0.048 0.692073
12 0.681996 0.048 0.633996
17 0.576227 0.048 0.528227
33 0.8 0.048 0.752
54 0.692073 0.048 0.644073
54 0.644073 0.16 0.484073
12 0.633996 0.16 0.473996
17 0.528227 0.16 0.368227
33 0.752 0.16 0.592
9 0.8 0.048 0.752
3 0.8 0.048 0.752
18 0.664007 0.048 0.616007
36 0.8 0.048 0.752
39 0.8 0.048 0.752
46 0.8 0.048 0.752
58 0.749164 0.048 0.701164
3 0.752 0.144 0.608
3 0.608 0.16 0.448
18 0.616007 0.16 0.456007
36 0.752 0.16 0.592
39 0.752 0.16 0.592
46 0.752 0.16 0.592
58 0.701164 0.16 0.541164
58 0.541164 0.016 0.525164
3 0.448 0.016 0.432
58 0.525164 0.048 0.477164
3 0.432 0.048 0.384
18 0.456007 0.048 0.408007
31 0.782256 0.048 0.734256
36 0.592 0.048 0.544
39 0.592 0.048 0.544
46 0.592 0.048 0.544
55 0.8 0.048 0.752
58 0.477164 0.048 0.429164
58 0.429164 0.16 0.269164
3 0.384 0.16 0.224
18 0.408007 0.16 0.248007
31 0.734256 0.16 0.574256
36 0.544 0.16 0.384
39 0.544 0.16 0.384
46 0.544 0.16 0.384
55 0.752 0.16 0.592
37 0.8 0.048 0.752
16 0.725724 0.048 0.677724
30 0.754684 0.048 0.706684
40 0.8 0.048 0.752
80 0.8 0.048 0.752
37 0.752 0.096 0.656
37 0.656 0.16 0.496
16 0.677724 0.16 0.517724
30 0.706684 0.16 0.546684
30 0.546684 0.016 0.530684
37 0.496 0.016 0.48
30 0.530684 0.048 0.482684
16 0.517724 0.048 0.469724
35 0.760008 0.048 0.712008
37 0.48 0.048 0.432
40 0.752 0.048 0.704
44 0.413371 0.048 0.365371
40 0.704 0.16 0.544
80 0.752 0.16 0.592
56 0.8 0.048 0.752
31 0.645302 0.048 0.597302
36 0.537539 0.048 0.489539
42 0.8 0.048 0.752
46 0.45813 0.048 0.41013
55 0.741379 0.048 0.693379
80 0.668246 0.048 0.620246
37 0.432 0.048 0.384
40 0.544 0.048 0.496
12 0.701409 0.048 0.653409
17 0.593657 0.048 0.545657
34 0.8 0.048 0.752
23 0.8 0.048 0.752
51 0.8 0.048 0.752
59 0.8 0.048 0.752
21 0.8 0.048 0.752
22 0.8 0.048 0.752
20 0.8 0.048 0.752
60 0.8 0.048 0.752
70 0.8 0.048 0.752
44 0.441165 0.048 0.393165
16 0.541774 0.048 0.493774
30 0.552726 0.048 0.504726
35 0.8 0.048 0.752
45 0.8 0.048 0.752
48 0.8 0.048 0.752
71 0.8 0.048 0.752
44 0.393165 0.048 0.345165
44 0.345165 0.16 0.185165
16 0.493774 0.16 0.333774
30 0.504726 0.16 0.344726
35 0.752 0.16 0.592
45 0.752 0.16 0.592
48 0.752 0.16 0.592
71 0.752 0.16 0.592
71 0.592 0.016 0.576
44 0.185165 0.016 0.169165
71 0.576 0.048 0.528
44 0.169165 0.048 0.121165
45 0.592 0.048 0.544
48 0.592 0.048 0.544
74 0.8 0.048 0.752
10 0.8 0.048 0.752
28 0.8 0.048 0.752
52 0.8 0.048 0.752
73 0.8 0.048 0.752
74 0.752 0.048 0.704
74 0.704 0.16 0.544
10 0.752 0.16 0.592
28 0.752 0.16 0.592
52 0.752 0.16 0.592
52 0.592 0.016 0.576
74 0.544 0.016 0.528
52 0.576 0.048 0.528
10 0.592 0.048 0.544
28 0.592 0.048 0.544
73 0.752 0.048 0.704
74 0.528 0.048 0.48
73 0.704 0.16 0.544
49 0.8 0.048 0.752
65 0.8 0.048 0.752
2 0.8 0.048 0.752
7 0.8 0.048 0.752
76 0.8 0.048 0.752
5 0.8 0.048 0.752
62 0.8 0.048 0.752
77 0.8 0.048 0.752
19 0.8 0.048 0.752
53 0.8 0.048 0.752
77 0.752 0.048 0.704
77 0.704 0.16 0.544
19 0.752 0.16 0.592
53 0.752 0.16 0.592
53 0.592 0.016 0.576
77 0.544 0.016 0.528
53 0.576 0.048 0.528
19 0.592 0.048 0.544
77 0.528 0.048 0.48
1 0.8 0.048 0.752
13 0.8 0.048 0.752
43 0.8 0.048 0.752
47 0.8 0.048 0.752
57 0.8 0.048 0.752
9 0.8 0.048 0.752
63 0.8 0.048 0.752
8 0.8 0.048 0.752
79 0.8 0.048 0.752
63 0.752 0.048 0.704
63 0.704 0.16 0.544
8 0.752 0.16 0.592
8 0.592 0.016 0.576
63 0.544 0.016 0.528
8 0.576 0.048 0.528
63 0.528 0.048 0.48
79 0.752 0.048 0.704
79 0.704 0.16 0.544
30 0.644613 0.048 0.596613
16 0.63327 0.048 0.58527
35 0.8 0.048 0.752
37 0.754921 0.048 0.706921
40 0.8 0.048 0.752
44 0.42895 0.048 0.38095
56 0.8 0.048 0.752
31 0.8 0.048 0.752
36 0.8 0.048 0.752
42 0.8 0.048 0.752
46 0.777682 0.048 0.729682
55 0.8 0.048 0.752
56 0.752 0.048 0.704
56 0.704 0.16 0.544
56 0.544 0.016 0.528
31 0.752 0.16 0.592
36 0.752 0.16 0.592
42 0.752 0.16 0.592
46 0.729682 0.16 0.569682
55 0.752 0.16 0.592
80 0.8 0.048 0.752
37 0.706921 0.048 0.658921
40 0.752 0.048 0.704
80 0.752 0.048 0.704
80 0.704 0.16 0.544
37 0.658921 0.16 0.498921
37 0.498921 0.016 0.482921
80 0.544 0.016 0.528
37 0.482921 0.048 0.434921
16 0.58527 0.048 0.53727
30 0.596613 0.048 0.548613
40 0.704 0.048 0.656
80 0.528 0.048 0.48
40 0.656 0.16 0.496
12 0.8 0.048 0.752
54 0.8 0.048 0.752
34 0.8 0.048 0.752
23 0.8 0.048 0.752
51 0.8 0.048 0.752
59 0.8 0.048 0.752
71 0.8 0.048 0.752
22 0.8 0.048 0.752
20 0.8 0.048 0.752
60 0.8 0.048 0.752
70 0.8 0.048 0.752
71 0.752 0.048 0.704
44 0.458251 0.048 0.410251
45 0.8 0.048 0.752
48 0.8 0.048 0.752
59 0.752 0.048 0.704
52 0.8 0.048 0.752
10 0.8 0.048 0.752
28 0.8 0.048 0.752
73 0.8 0.048 0.752
74 0.8 0.048 0.752
49 0.8 0.048 0.752
65 0.8 0.048 0.752
2 0.8 0.048 0.752
7 0.8 0.048 0.752
76 0.8 0.048 0.752
5 0.8 0.048 0.752
23 0.8 0.048 0.752
62 0.8 0.048 0.752
53 0.8 0.048 0.752
19 0.8 0.048 0.752
77 0.8 0.048 0.752
53 0.752 0.048 0.704
53 0.704 0.16 0.544
53 0.544 0.016 0.528
19 0.752 0.16 0.592
77 0.752 0.16 0.592
1 0.8 0.048 0.752
13 0.8 0.048 0.752
43 0.8 0.048 0.752
47 0.8 0.048 0.752
57 0.8 0.048 0.752
9 0.8 0.048 0.752
9 0.752 0.048 0.704
9 0.704 0.16 0.544
9 0.544 0.016 0.528
8 0.8 0.048 0.752
63 0.8 0.048 0.752
79 0.8 0.048 0.752
7 0.8 0.048 0.752
2 0.8 0.048 0.752
76 0.8 0.048 0.752
30 0.8 0.048 0.752
16 0.8 0.048 0.752
35 0.8 0.048 0.752
37 0.8 0.048 0.752
40 0.8 0.048 0.752
44 0.715682 0.048 0.667682
30 0.752 0.048 0.704
30 0.704 0.16 0.544
16 0.752 0.16 0.592
35 0.752 0.16 0.592
37 0.752 0.16 0.592
40 0.752 0.16 0.592
44 0.667682 0.16 0.507682
44 0.507682 0.016 0.491682
30 0.544 0.016 0.528
44 0.491682 0.048 0.443682
16 0.592 0.048 0.544
30 0.528 0.048 0.48
35 0.592 0.048 0.544
45 0.8 0.048 0.752
48 0.8 0.048 0.752
71 0.8 0.048 0.752
37 0.592 0.048 0.544
16 0.544 0.048 0.496
30 0.48 0.048 0.432
40 0.592 0.048 0.544
80 0.8 0.048 0.752
12 0.8 0.048 0.752
34 0.8 0.048 0.752
1 0.8 0.048 0.752
23 0.8 0.048 0.752
51 0.8 0.048 0.752
59 0.8 0.048 0.752
21 0.8 0.048 0.752
22 0.8 0.048 0.752
20 0.8 0.048 0.752
60 0.8 0.048 0.752
70 0.8 0.048 0.752
71 0.8 0.048 0.752
44 0.521535 0.048 0.473535
45 0.8 0.048 0.752
48 0.8 0.048 0.752
52 0.8 0.048 0.752
10 0.8 0.048 0.752
28 0.8 0.048 0.752
73 0.8 0.048 0.752
74 0.8 0.048 0.752
49 0.8 0.048 0.752
65 0.8 0.048 0.752
2 0.8 0.048 0.752
7 0.8 0.048 0.752
76 0.8 0.048 0.752
5 0.8 0.048 0.752
62 0.8 0.048 0.752
61 0.8 0.048 0.752
24 0.8 0.048 0.752
66 0.8 0.048 0.752
67 0.8 0.048 0.752
68 0.8 0.048 0.752
61 0.752 0.048 0.704
61 0.704 0.16 0.544
24 0.752 0.16 0.592
24 0.592 0.016 0.576
61 0.544 0.016 0.528
24 0.576 0.048 0.528
61 0.528 0.048 0.48
66 0.752 0.048 0.704
67 0.752 0.048 0.704
68 0.752 0.048 0.704
66 0.704 0.16 0.544
67 0.704 0.16 0.544
68 0.704 0.16 0.544
1 0.8 0.048 0.752
13 0.8 0.048 0.752
43 0.8 0.048 0.752
47 0.8 0.048 0.752
57 0.8 0.048 0.752
15 0.8 0.048 0.752
6 0.8 0.048 0.752
8 0.8 0.048 0.752
63 0.8 0.048 0.752
79 0.8 0.048 0.752
7 0.8 0.048 0.752
2 0.8 0.048 0.752
76 0.8 0.048 0.752
44 0.774672 0.048 0.726672
16 0.8 0.048 0.752
30 0.8 0.048 0.752
35 0.8 0.048 0.752
48 0.8 0.048 0.752
71 0.8 0.048 0.752
44 0.726672 0.048 0.678672
44 0.678672 0.16 0.518672
44 0.518672 0.016 0.502672
16 0.752 0.16 0.592
30 0.752 0.16 0.592
35 0.752 0.16 0.592
48 0.752 0.16 0.592
71 0.752 0.16 0.592
11 0.8 0.048 0.752
4 0.8 0.048 0.752
26 0.8 0.048 0.752
41 0.8 0.048 0.752
11 0.752 0.048 0.704
11 0.704 0.16 0.544
4 0.752 0.16 0.592
26 0.752 0.16 0.592
41 0.752 0.16 0.592
41 0.592 0.016 0.576
11 0.544 0.016 0.528
41 0.576 0.048 0.528
4 0.592 0.048 0.544
11 0.528 0.048 0.48
26 0.592 0.048 0.544
37 0.8 0.048 0.752
16 0.592 0.048 0.544
30 0.592 0.048 0.544
40 0.8 0.048 0.752
80 0.8 0.048 0.752
37 0.752 0.048 0.704
37 0.704 0.16 0.544
16 0.544 0.16 0.384
30 0.544 0.16 0.384
40 0.752 0.16 0.592
80 0.752 0.16 0.592
12 0.8 0.048 0.752
34 0.8 0.048 0.752
23 0.8 0.048 0.752
51 0.8 0.048 0.752
59 0.8 0.048 0.752
22 0.8 0.048 0.752
20 0.8 0.048 0.752
60 0.8 0.048 0.752
70 0.8 0.048 0.752
71 0.737324 0.048 0.689324
44 0.579065 0.048 0.531065
45 0.8 0.048 0.752
48 0.663719 0.048 0.615719
52 0.8 0.048 0.752
10 0.8 0.048 0.752
28 0.8 0.048 0.752
73 0.8 0.048 0.752
74 0.8 0.048 0.752
49 0.8 0.048 0.752
65 0.8 0.048 0.752
2 0.8 0.048 0.752
7 0.8 0.048 0.752
76 0.8 0.048 0.752
5 0.8 0.048 0.752
62 0.8 0.048 0.752
24 0.8 0.048 0.752
61 0.8 0.048 0.752
66 0.8 0.048 0.752
67 0.8 0.048 0.752
68 0.8 0.048 0.752
1 0.8 0.048 0.752
13 0.8 0.048 0.752
43 0.8 0.048 0.752
47 0.8 0.048 0.752
57 0.8 0.048 0.752
15 0.8 0.048 0.752
8 0.8 0.048 0.752
63 0.8 0.048 0.752
79 0.8 0.048 0.752
7 0.8 0.048 0.752
2 0.8 0.048 0.752
76 0.8 0.048 0.752
50 0.8 0.048 0.752
6 0.8 0.048 0.752
32 0.8 0.048 0.752
65 0.8 0.048 0.752
49 0.8 0.048 0.752
47 0.8 0.048 0.752
1 0.8 0.048 0.752
13 0.8 0.048 0.752
43 0.8 0.048 0.752
57 0.8 0.048 0.752
41 0.8 0.048 0.752
4 0.8 0.048 0.752
11 0.8 0.048 0.752
26 0.8 0.048 0.752
39 0.8 0.048 0.752
3 0.8 0.048 0.752
18 0.8 0.048 0.752
58 0.8 0.048 0.752
39 0.752 0.096 0.656
39 0.656 0.16 0.496
3 0.752 0.16 0.592
3 0.592 0.016 0.576
39 0.496 0.016 0.48
3 0.576 0.048 0.528
18 0.752 0.048 0.704
31 0.8 0.048 0.752
36 0.8 0.048 0.752
39 0.48 0.048 0.432
46 0.8 0.048 0.752
55 0.8 0.048 0.752
58 0.752 0.048 0.704
3 0.528 0.048 0.48
3 0.48 0.16 0.32
18 0.704 0.16 0.544
58 0.704 0.16 0.544
18 0.544 0.16 0.384
31 0.752 0.16 0.592
36 0.752 0.16 0.592
39 0.432 0.16 0.272
46 0.752 0.16 0.592
55 0.752 0.16 0.592
58 0.544 0.16 0.384
12 0.8 0.048 0.752
54 0.8 0.048 0.752
34 0.8 0.048 0.752
1 0.8 0.048 0.752
23 0.8 0.048 0.752
51 0.8 0.048 0.752
59 0.8 0.048 0.752
21 0.8 0.048 0.752
22 0.8 0.048 0.752
20 0.8 0.048 0.752
60 0.8 0.048 0.752
70 0.8 0.048 0.752
71 0.8 0.048 0.752
45 0.8 0.048 0.752
48 0.8 0.048 0.752
52 0.8 0.048 0.752
10 0.8 0.048 0.752
28 0.8 0.048 0.752
73 0.8 0.048 0.752
74 0.8 0.048 0.752
49 0.8 0.048 0.752
65 0.8 0.048 0.752
2 0.8 0.048 0.752
7 0.8 0.048 0.752
76 0.8 0.048 0.752
5 0.8 0.048 0.752
24 0.8 0.048 0.752
61 0.8 0.048 0.752
66 0.8 0.048 0.752
67 0.8 0.048 0.752
68 0.8 0.048 0.752
1 0.8 0.048 0.752
13 0.8 0.048 0.752
34 0.8 0.048 0.752
43 0.8 0.048 0.752
47 0.8 0.048 0.752
57 0.8 0.048 0.752
15 0.8 0.048 0.752
6 0.8 0.048 0.752
8 0.8 0.048 0.752
63 0.8 0.048 0.752
79 0.8 0.048 0.752
62 0.8 0.048 0.752
5 0.8 0.048 0.752
7 0.8 0.048 0.752
2 0.8 0.048 0.752
76 0.8 0.048 0.752
50 0.8 0.048 0.752
6 0.8 0.048 0.752
32 0.8 0.048 0.752
65 0.8 0.048 0.752
49 0.8 0.048 0.752
65 0.752 0.048 0.704
65 0.704 0.16 0.544
65 0.544 0.016 0.528
49 0.752 0.16 0.592
47 0.8 0.048 0.752
1 0.8 0.048 0.752
13 0.8 0.048 0.752
43 0.8 0.048 0.752
57 0.8 0.048 0.752
41 0.8 0.048 0.752
4 0.8 0.048 0.752
11 0.8 0.048 0.752
26 0.8 0.048 0.752
77 0.8 0.048 0.752
19 0.8 0.048 0.752
53 0.8 0.048 0.752
77 0.752 0.048 0.704
77 0.704 0.16 0.544
19 0.752 0.16 0.592
53 0.752 0.16 0.592
53 0.592 0.016 0.576
77 0.544 0.016 0.528
53 0.576 0.048 0.528
19 0.592 0.048 0.544
77 0.528 0.048 0.48
12 0.8 0.048 0.752
38 0.8 0.048 0.752
14 0.8 0.048 0.752
25 0.8 0.048 0.752
29 0.8 0.048 0.752
64 0.8 0.048 0.752
75 0.8 0.048 0.752
38 0.752 0.048 0.704
38 0.704 0.16 0.544
14 0.752 0.16 0.592
25 0.752 0.16 0.592
29 0.752 0.16 0.592
29 0.592 0.016 0.576
38 0.544 0.016 0.528
29 0.576 0.048 0.528
14 0.592 0.048 0.544
25 0.592 0.048 0.544
38 0.528 0.048 0.48
64 0.752 0.048 0.704
75 0.752 0.048 0.704
64 0.704 0.16 0.544
75 0.704 0.16 0.544
34 0.8 0.048 0.752
23 0.8 0.048 0.752
51 0.8 0.048 0.752
59 0.8 0.048 0.752
21 0.8 0.048 0.752
22 0.8 0.048 0.752
20 0.8 0.048 0.752
60 0.8 0.048 0.752
70 0.8 0.048 0.752
71 0.8 0.048 0.752
44 0.8 0.048 0.752
45 0.8 0.048 0.752
48 0.8 0.048 0.752
52 0.8 0.048 0.752
10 0.8 0.048 0.752
28 0.8 0.048 0.752
73 0.8 0.048 0.752
74 0.8 0.048 0.752
49 0.73339 0.048 0.68539
65 0.678854 0.048 0.630854
2 0.8 0.048 0.752
7 0.8 0.048 0.752
76 0.8 0.048 0.752
5 0.8 0.048 0.752
23 0.8 0.048 0.752
62 0.8 0.048 0.752
24 0.8 0.048 0.752
61 0.8 0.048 0.752
66 0.8 0.048 0.752
67 0.8 0.048 0.752
68 0.8 0.048 0.752
56 0.8 0.048 0.752
31 0.8 0.048 0.752
36 0.8 0.048 0.752
42 0.8 0.048 0.752
46 0.8 0.048 0.752
55 0.8 0.048 0.752
1 0.8 0.048 0.752
13 0.8 0.048 0.752
43 0.8 0.048 0.752
47 0.8 0.048 0.752
57 0.8 0.048 0.752
15 0.8 0.048 0.752
6 0.8 0.048 0.752
8 0.8 0.048 0.752
63 0.8 0.048 0.752
79 0.8 0.048 0.752
62 0.8 0.048 0.752
5 0.8 0.048 0.752
7 0.8 0.048 0.752
2 0.8 0.048 0.752
76 0.8 0.048 0.752
18 0.8 0.048 0.752
3 0.8 0.048 0.752
31 0.8 0.048 0.752
36 0.8 0.048 0.752
39 0.8 0.048 0.752
46 0.8 0.048 0.752
55 0.8 0.048 0.752
58 0.8 0.048 0.752
18 0.752 0.048 0.704
18 0.704 0.16 0.544
3 0.752 0.16 0.592
31 0.752 0.16 0.592
36 0.752 0.16 0.592
39 0.752 0.16 0.592
39 0.592 0.016 0.576
18 0.544 0.016 0.528
39 0.576 0.048 0.528
3 0.592 0.048 0.544
18 0.528 0.048 0.48
31 0.592 0.048 0.544
58 0.752 0.048 0.704
46 0.752 0.16 0.592
55 0.752 0.16 0.592
58 0.704 0.16 0.544
72 0.8 0.048 0.752
38 0.785732 0.048 0.737732
60 0.8 0.048 0.752
72 0.752 0.048 0.704
72 0.704 0.16 0.544
38 0.737732 0.16 0.577732
38 0.577732 0.016 0.561732
72 0.544 0.016 0.528
38 0.561732 0.048 0.513732
14 0.763565 0.048 0.715565
25 0.8 0.048 0.752
29 0.8 0.048 0.752
64 0.8 0.048 0.752
72 0.528 0.048 0.48
75 0.8 0.048 0.752
60 0.752 0.16 0.592
50 0.8 0.048 0.752
6 0.8 0.048 0.752
15 0.8 0.048 0.752
32 0.8 0.048 0.752
47 0.8 0.048 0.752
1 0.8 0.048 0.752
13 0.8 0.048 0.752
43 0.8 0.048 0.752
57 0.8 0.048 0.752
41 0.8 0.048 0.752
4 0.8 0.048 0.752
11 0.8 0.048 0.752
26 0.8 0.048 0.752
53 0.8 0.048 0.752
19 0.8 0.048 0.752
77 0.8 0.048 0.752
12 0.8 0.048 0.752
54 0.8 0.048 0.752
63 0.8 0.048 0.752
8 0.8 0.048 0.752
79 0.8 0.048 0.752
29 0.8 0.048 0.752
14 0.8 0.048 0.752
25 0.8 0.048 0.752
38 0.590325 0.048 0.542325
64 0.8 0.048 0.752
75 0.8 0.048 0.752
34 0.8 0.048 0.752
23 0.8 0.048 0.752
34 0.752 0.048 0.704
34 0.704 0.16 0.544
34 0.544 0.016 0.528
23 0.752 0.16 0.592
51 0.8 0.048 0.752
59 0.8 0.048 0.752
21 0.8 0.048 0.752
22 0.8 0.048 0.752
20 0.8 0.048 0.752
60 0.74276 0.048 0.69476
70 0.8 0.048 0.752
71 0.8 0.048 0.752
44 0.8 0.048 0.752
45 0.8 0.048 0.752
48 0.8 0.048 0.752
52 0.8 0.048 0.752
10 0.8 0.048 0.752
28 0.8 0.048 0.752
73 0.8 0.048 0.752
74 0.8 0.048 0.752
49 0.8 0.048 0.752
65 0.8 0.048 0.752
2 0.8 0.048 0.752
7 0.8 0.048 0.752
76 0.8 0.048 0.752
69 0.8 0.048 0.752
27 0.8 0.048 0.752
78 0.8 0.048 0.752
69 0.752 0.048 0.704
69 0.704 0.16 0.544
27 0.752 0.16 0.592
78 0.752 0.16 0.592
78 0.592 0.016 0.576
69 0.544 0.016 0.528
78 0.576 0.048 0.528
27 0.592 0.048 0.544
69 0.528 0.048 0.48
5 0.8 0.048 0.752
62 0.8 0.048 0.752
24 0.8 0.048 0.752
61 0.8 0.048 0.752
66 0.8 0.048 0.752
67 0.8 0.048 0.752
68 0.8 0.048 0.752
56 0.8 0.048 0.752
31 0.763614 0.048 0.715614
36 0.8 0.048 0.752
42 0.8 0.048 0.752
46 0.8 0.048 0.752
55 0.8 0.048 0.752
1 0.8 0.048 0.752
13 0.8 0.048 0.752
34 0.682262 0.048 0.634262
43 0.8 0.048 0.752
47 0.8 0.048 0.752
57 0.8 0.048 0.752
1 0.752 0.048 0.704
1 0.704 0.16 0.544
13 0.752 0.16 0.592
34 0.634262 0.16 0.474262
43 0.752 0.16 0.592
47 0.752 0.16 0.592
57 0.752 0.16 0.592
15 0.8 0.048 0.752
6 0.8 0.048 0.752
50 0.8 0.048 0.752
70 0.8 0.048 0.752
20 0.8 0.048 0.752
22 0.8 0.048 0.752
60 0.8 0.048 0.752
8 0.8 0.048 0.752
63 0.8 0.048 0.752
79 0.8 0.048 0.752
62 0.8 0.048 0.752
5 0.8 0.048 0.752
7 0.8 0.048 0.752
2 0.8 0.048 0.752
76 0.8 0.048 0.752
7 0.752 0.048 0.704
7 0.704 0.16 0.544
7 0.544 0.016 0.528
2 0.752 0.16 0.592
76 0.752 0.16 0.592
39 0.8 0.048 0.752
3 0.8 0.048 0.752
18 0.8 0.048 0.752
58 0.8 0.048 0.752
38 0.8 0.048 0.752
14 0.8 0.048 0.752
25 0.8 0.048 0.752
29 0.8 0.048 0.752
72 0.8 0.048 0.752
75 0.8 0.048 0.752
17 0.8 0.048 0.752
12 0.8 0.048 0.752
33 0.8 0.048 0.752
54 0.8 0.048 0.752
50 0.8 0.048 0.752
6 0.8 0.048 0.752
15 0.8 0.048 0.752
32 0.8 0.048 0.752
47 0.748325 0.048 0.700325
1 0.694002 0.048 0.646002
13 0.735272 0.048 0.687272
43 0.740805 0.048 0.692805
57 0.743509 0.048 0.695509
41 0.8 0.048 0.752
4 0.8 0.048 0.752
11 0.8 0.048 0.752
26 0.8 0.048 0.752
53 0.8 0.048 0.752
19 0.8 0.048 0.752
77 0.8 0.048 0.752
12 0.8 0.048 0.752
17 0.8 0.048 0.752
54 0.8 0.048 0.752
63 0.8 0.048 0.752
8 0.8 0.048 0.752
79 0.8 0.048 0.752
29 0.8 0.048 0.752
14 0.8 0.048 0.752
25 0.8 0.048 0.752
38 0.8 0.048 0.752
64 0.8 0.048 0.752
75 0.8 0.048 0.752
51 0.8 0.048 0.752
59 0.8 0.048 0.752
21 0.8 0.048 0.752
22 0.8 0.048 0.752
20 0.8 0.048 0.752
60 0.8 0.048 0.752
70 0.8 0.048 0.752
71 0.8 0.048 0.752
35 0.8 0.048 0.752
45 0.8 0.048 0.752
48 0.8 0.048 0.752
52 0.8 0.048 0.752
10 0.8 0.048 0.752
28 0.8 0.048 0.752
73 0.8 0.048 0.752
74 0.8 0.048 0.752
49 0.8 0.048 0.752
65 0.8 0.048 0.752
2 0.8 0.048 0.752
7 0.752366 0.048 0.704366
76 0.74821 0.048 0.70021
78 0.8 0.048 0.752
27 0.8 0.048 0.752
69 0.8 0.048 0.752
5 0.8 0.048 0.752
62 0.8 0.048 0.752
24 0.8 0.048 0.752
61 0.8 0.048 0.752
66 0.8 0.048 0.752
67 0.8 0.048 0.752
68 0.8 0.048 0.752
56 0.8 0.048 0.752
31 0.8 0.048 0.752
36 0.8 0.048 0.752
42 0.8 0.048 0.752
46 0.8 0.048 0.752
55 0.8 0.048 0.752
15 0.8 0.048 0.752
70 0.8 0.048 0.752
20 0.8 0.048 0.752
22 0.8 0.048 0.752
60 0.8 0.048 0.752
70 0.752 0.048 0.704
70 0.704 0.16 0.544
70 0.544 0.016 0.528
20 0.752 0.16 0.592
22 0.752 0.16 0.592
60 0.752 0.16 0.592
8 0.8 0.048 0.752
63 0.8 0.048 0.752
79 0.8 0.048 0.752
62 0.8 0.048 0.752
5 0.8 0.048 0.752
39 0.8 0.048 0.752
3 0.8 0.048 0.752
18 0.8 0.048 0.752
31 0.8 0.048 0.752
58 0.8 0.048 0.752
38 0.8 0.048 0.752
14 0.8 0.048 0.752
25 0.8 0.048 0.752
29 0.8 0.048 0.752
64 0.8 0.048 0.752
72 0.8 0.048 0.752
75 0.8 0.048 0.752
17 0.8 0.048 0.752
12 0.8 0.048 0.752
33 0.8 0.048 0.752
54 0.8 0.048 0.752
50 0.8 0.048 0.752
6 0.8 0.048 0.752
15 0.8 0.048 0.752
32 0.8 0.048 0.752
47 0.8 0.048 0.752
1 0.8 0.048 0.752
13 0.8 0.048 0.752
43 0.8 0.048 0.752
57 0.8 0.048 0.752
41 0.8 0.048 0.752
4 0.8 0.048 0.752
11 0.8 0.048 0.752
26 0.8 0.048 0.752
53 0.8 0.048 0.752
19 0.8 0.048 0.752
77 0.8 0.048 0.752
12 0.8 0.048 0.752
17 0.8 0.048 0.752
54 0.8 0.048 0.752
63 0.8 0.048 0.752
8 0.8 0.048 0.752
79 0.8 0.048 0.752
29 0.8 0.048 0.752
14 0.8 0.048 0.752
25 0.8 0.048 0.752
38 0.8 0.048 0.752
64 0.8 0.048 0.752
75 0.8 0.048 0.752
80 0.8 0.048 0.752
37 0.8 0.048 0.752
40 0.8 0.048 0.752
68 0.8 0.048 0.752
51 0.8 0.048 0.752
59 0.8 0.048 0.752
21 0.8 0.048 0.752
22 0.8 0.048 0.752
20 0.8 0.048 0.752
60 0.8 0.048 0.752
70 0.746012 0.048 0.698012
71 0.8 0.048 0.752
45 0.8 0.048 0.752
48 0.8 0.048 0.752
52 0.8 0.048 0.752
10 0.8 0.048 0.752
28 0.8 0.048 0.752
73 0.8 0.048 0.752
74 0.8 0.048 0.752
49 0.8 0.048 0.752
65 0.8 0.048 0.752
2 0.8 0.048 0.752
7 0.8 0.048 0.752
76 0.8 0.048 0.752
78 0.8 0.048 0.752
27 0.8 0.048 0.752
69 0.8 0.048 0.752
5 0.8 0.048 0.752
62 0.8 0.048 0.752
11 0.8 0.048 0.752
4 0.8 0.048 0.752
26 0.8 0.048 0.752
41 0.8 0.048 0.752
24 0.8 0.048 0.752
61 0.8 0.048 0.752
66 0.8 0.048 0.752
67 0.8 0.048 0.752
68 0.8 0.048 0.752
56 0.8 0.048 0.752
31 0.8 0.048 0.752
36 0.8 0.048 0.752
42 0.8 0.048 0.752
46 0.8 0.048 0.752
55 0.8 0.048 0.752
15 0.8 0.048 0.752
6 0.8 0.048 0.752
50 0.8 0.048 0.752
21 0.8 0.048 0.752
59 0.8 0.048 0.752
8 0.8 0.048 0.752
63 0.8 0.048 0.752
79 0.8 0.048 0.752
61 0.8 0.048 0.752
24 0.8 0.048 0.752
66 0.8 0.048 0.752
67 0.8 0.048 0.752
62 0.8 0.048 0.752
5 0.8 0.048 0.752
39 0.8 0.048 0.752
3 0.8 0.048 0.752
18 0.8 0.048 0.752
31 0.8 0.048 0.752
58 0.8 0.048 0.752
38 0.8 0.048 0.752
14 0.8 0.048 0.752
25 0.8 0.048 0.752
64 0.8 0.048 0.752
72 0.8 0.048 0.752
17 0.8 0.048 0.752
12 0.8 0.048 0.752
33 0.8 0.048 0.752
54 0.8 0.048 0.752
50 0.8 0.048 0.752
6 0.8 0.048 0.752
15 0.8 0.048 0.752
32 0.8 0.048 0.752
47 0.8 0.048 0.752
1 0.8 0.048 0.752
13 0.8 0.048 0.752
43 0.8 0.048 0.752
57 0.8 0.048 0.752
41 0.8 0.048 0.752
4 0.8 0.048 0.752
11 0.8 0.048 0.752
26 0.8 0.048 0.752
53 0.8 0.048 0.752
19 0.8 0.048 0.752
77 0.8 0.048 0.752
12 0.8 0.048 0.752
17 0.8 0.048 0.752
33 0.8 0.048 0.752
54 0.8 0.048 0.752
63 0.8 0.048 0.752
8 0.8 0.048 0.752
79 0.8 0.048 0.752
29 0.8 0.048 0.752
14 0.8 0.048 0.752
25 0.8 0.048 0.752
38 0.8 0.048 0.752
64 0.8 0.048 0.752
75 0.8 0.048 0.752
80 0.8 0.048 0.752
37 0.8 0.048 0.752
40 0.8 0.048 0.752
51 0.8 0.048 0.752
59 0.8 0.048 0.752
21 0.8 0.048 0.752
22 0.8 0.048 0.752
20 0.8 0.048 0.752
60 0.8 0.048 0.752
70 0.8 0.048 0.752
71 0.8 0.048 0.752
35 0.8 0.048 0.752
44 0.8 0.048 0.752
45 0.8 0.048 0.752
48 0.8 0.048 0.752
52 0.8 0.048 0.752
10 0.8 0.048 0.752
28 0.8 0.048 0.752
73 0.8 0.048 0.752
74 0.8 0.048 0.752
49 0.8 0.048 0.752
65 0.8 0.048 0.752
2 0.8 0.048 0.752
7 0.8 0.048 0.752
76 0.8 0.048 0.752
78 0.8 0.048 0.752
27 0.8 0.048 0.752
69 0.8 0.048 0.752
5 0.8 0.048 0.752
23 0.8 0.048 0.752
11 0.8 0.048 0.752
4 0.8 0.048 0.752
26 0.8 0.048 0.752
41 0.8 0.048 0.752
24 0.8 0.048 0.752
61 0.8 0.048 0.752
66 0.8 0.048 0.752
67 0.8 0.048 0.752
68 0.8 0.048 0.752
56 0.8 0.048 0.752
31 0.8 0.048 0.752
36 0.8 0.048 0.752
42 0.8 0.048 0.752
46 0.8 0.048 0.752
55 0.8 0.048 0.752
15 0.8 0.048 0.752
6 0.8 0.048 0.752
50 0.8 0.048 0.752
21 0.8 0.048 0.752
59 0.8 0.048 0.752
8 0.8 0.048 0.752
63 0.8 0.048 0.752
79 0.8 0.048 0.752
61 0.8 0.048 0.752
24 0.8 0.048 0.752
66 0.8 0.048 0.752
67 0.8 0.048 0.752
68 0.8 0.048 0.752
44 0.8 0.048 0.752
16 0.8 0.048 0.752
30 0.8 0.048 0.752
35 0.8 0.048 0.752
48 0.8 0.048 0.752
44 0.752 0.048 0.704
44 0.704 0.16 0.544
16 0.752 0.16 0.592
30 0.752 0.16 0.592
30 0.592 0.016 0.576
44 0.544 0.016 0.528
30 0.576 0.048 0.528
16 0.592 0.048 0.544
35 0.752 0.048 0.704
44 0.528 0.048 0.48
35 0.704 0.16 0.544
48 0.752 0.16 0.592
62 0.8 0.048 0.752
5 0.8 0.048 0.752
39 0.8 0.048 0.752
3 0.8 0.048 0.752
18 0.8 0.048 0.752
58 0.8 0.048 0.752
38 0.8 0.048 0.752
14 0.8 0.048 0.752
25 0.8 0.048 0.752
29 0.8 0.048 0.752
64 0.8 0.048 0.752
72 0.8 0.048 0.752
17 0.8 0.048 0.752
12 0.8 0.048 0.752
33 0.8 0.048 0.752
54 0.8 0.048 0.752
50 0.8 0.048 0.752
6 0.8 0.048 0.752
15 0.8 0.048 0.752
32 0.8 0.048 0.752
47 0.8 0.048 0.752
1 0.8 0.048 0.752
13 0.8 0.048 0.752
43 0.8 0.048 0.752
57 0.8 0.048 0.752
41 0.8 0.048 0.752
4 0.8 0.048 0.752
11 0.8 0.048 0.752
26 0.8 0.048 0.752
53 0.8 0.048 0.752
19 0.8 0.048 0.752
77 0.8 0.048 0.752
12 0.8 0.048 0.752
17 0.8 0.048 0.752
33 0.8 0.048 0.752
54 0.8 0.048 0.752
63 0.8 0.048 0.752
8 0.8 0.048 0.752
79 0.8 0.048 0.752
74 0.8 0.048 0.752
10 0.8 0.048 0.752
28 0.8 0.048 0.752
52 0.8 0.048 0.752
73 0.8 0.048 0.752
29 0.8 0.048 0.752
14 0.8 0.048 0.752
25 0.8 0.048 0.752
38 0.8 0.048 0.752
64 0.8 0.048 0.752
75 0.8 0.048 0.752
80 0.8 0.048 0.752
37 0.8 0.048 0.752
40 0.8 0.048 0.752
68 0.8 0.048 0.752
51 0.8 0.048 0.752
59 0.8 0.048 0.752
21 0.8 0.048 0.752
22 0.8 0.048 0.752
20 0.8 0.048 0.752
60 0.8 0.048 0.752
70 0.8 0.048 0.752
71 0.8 0.048 0.752
35 0.759826 0.048 0.711826
45 0.8 0.048 0.752
48 0.736029 0.048 0.688029
52 0.8 0.048 0.752
10 0.752 0.048 0.704
28 0.8 0.048 0.752
73 0.8 0.048 0.752
74 0.8 0.048 0.752
49 0.8 0.048 0.752
65 0.8 0.048 0.752
2 0.8 0.048 0.752
7 0.8 0.048 0.752
76 0.8 0.048 0.752
78 0.8 0.048 0.752
27 0.8 0.048 0.752
69 0.8 0.048 0.752
78 0.752 0.048 0.704
78 0.704 0.16 0.544
78 0.544 0.016 0.528
27 0.752 0.16 0.592
69 0.752 0.16 0.592
5 0.8 0.048 0.752
23 0.8 0.048 0.752
62 0.8 0.048 0.752
11 0.8 0.048 0.752
4 0.8 0.048 0.752
26 0.8 0.048 0.752
41 0.8 0.048 0.752
24 0.8 0.048 0.752
61 0.8 0.048 0.752
66 0.8 0.048 0.752
67 0.8 0.048 0.752
68 0.8 0.048 0.752
56 0.8 0.048 0.752
31 0.8 0.048 0.752
36 0.8 0.048 0.752
42 0.8 0.048 0.752
46 0.8 0.048 0.752
55 0.8 0.048 0.752
15 0.8 0.048 0.752
50 0.8 0.048 0.752
21 0.8 0.048 0.752
59 0.8 0.048 0.752
18 0.8 0.048 0.752
3 0.8 0.048 0.752
31 0.8 0.048 0.752
36 0.8 0.048 0.752
39 0.8 0.048 0.752
46 0.8 0.048 0.752
55 0.8 0.048 0.752
58 0.8 0.048 0.752
8 0.8 0.048 0.752
63 0.8 0.048 0.752
79 0.8 0.048 0.752
61 0.8 0.048 0.752
24 0.8 0.048 0.752
66 0.8 0.048 0.752
67 0.8 0.048 0.752
68 0.8 0.048 0.752
30 0.8 0.048 0.752
16 0.8 0.048 0.752
35 0.8 0.048 0.752
44 0.8 0.048 0.752
62 0.8 0.048 0.752
39 0.8 0.048 0.752
3 0.8 0.048 0.752
18 0.8 0.048 0.752
58 0.8 0.048 0.752
39 0.752 0.048 0.704
39 0.704 0.16 0.544
39 0.544 0.016 0.528
3 0.752 0.16 0.592
18 0.752 0.16 0.592
58 0.752 0.16 0.592
38 0.8 0.048 0.752
14 0.8 0.048 0.752
25 0.8 0.048 0.752
29 0.8 0.048 0.752
64 0.8 0.048 0.752
72 0.8 0.048 0.752
17 0.8 0.048 0.752
12 0.8 0.048 0.752
33 0.8 0.048 0.752
54 0.8 0.048 0.752
50 0.8 0.048 0.752
6 0.8 0.048 0.752
15 0.8 0.048 0.752
32 0.8 0.048 0.752
47 0.8 0.048 0.752
1 0.8 0.048 0.752
13 0.8 0.048 0.752
43 0.8 0.048 0.752
57 0.8 0.048 0.752
9 0.8 0.048 0.752
41 0.8 0.048 0.752
4 0.8 0.048 0.752
26 0.8 0.048 0.752
53 0.8 0.048 0.752
19 0.8 0.048 0.752
77 0.8 0.048 0.752
12 0.8 0.048 0.752
17 0.8 0.048 0.752
33 0.8 0.048 0.752
54 0.8 0.048 0.752
63 0.8 0.048 0.752
8 0.8 0.048 0.752
79 0.8 0.048 0.752
74 0.8 0.048 0.752
10 0.8 0.048 0.752
28 0.8 0.048 0.752
52 0.8 0.048 0.752
73 0.8 0.048 0.752
29 0.8 0.048 0.752
14 0.8 0.048 0.752
25 0.8 0.048 0.752
38 0.8 0.048 0.752
64 0.8 0.048 0.752
75 0.8 0.048 0.752
80 0.8 0.048 0.752
37 0.8 0.048 0.752
40 0.8 0.048 0.752
51 0.8 0.048 0.752
59 0.8 0.048 0.752
21 0.8 0.048 0.752
22 0.8 0.048 0.752
20 0.8 0.048 0.752
60 0.8 0.048 0.752
70 0.8 0.048 0.752
71 0.8 0.048 0.752
16 0.8 0.048 0.752
35 0.8 0.048 0.752
45 0.8 0.048 0.752
48 0.8 0.048 0.752
52 0.8 0.048 0.752
10 0.752 0.048 0.704
28 0.8 0.048 0.752
73 0.8 0.048 0.752
74 0.8 0.048 0.752
49 0.8 0.048 0.752
65 0.8 0.048 0.752
2 0.8 0.048 0.752
7 0.8 0.048 0.752
76 0.8 0.048 0.752
5 0.8 0.048 0.752
23 0.8 0.048 0.752
62 0.8 0.048 0.752
11 0.8 0.048 0.752
4 0.8 0.048 0.752
26 0.8 0.048 0.752
41 0.8 0.048 0.752
24 0.8 0.048 0.752
61 0.8 0.048 0.752
66 0.8 0.048 0.752
67 0.8 0.048 0.752
56 0.8 0.048 0.752
31 0.8 0.048 0.752
36 0.8 0.048 0.752
42 0.8 0.048 0.752
46 0.8 0.048 0.752
55 0.8 0.048 0.752
56 0.752 0.048 0.704
56 0.704 0.16 0.544
56 0.544 0.016 0.528
31 0.752 0.16 0.592
36 0.752 0.16 0.592
42 0.752 0.16 0.592
46 0.752 0.16 0.592
55 0.752 0.16 0.592
15 0.8 0.048 0.752
6 0.8 0.048 0.752
50 0.8 0.048 0.752
21 0.8 0.048 0.752
59 0.8 0.048 0.752
18 0.8 0.048 0.752
3 0.8 0.048 0.752
31 0.671484 0.048 0.623484
36 0.66763 0.048 0.61963
39 0.8 0.048 0.752
46 0.662415 0.048 0.614415
55 0.663807 0.048 0.615807
58 0.8 0.048 0.752
18 0.752 0.048 0.704
18 0.704 0.16 0.544
3 0.752 0.16 0.592
31 0.623484 0.16 0.463484
36 0.61963 0.16 0.45963
39 0.752 0.16 0.592
39 0.592 0.016 0.576
18 0.544 0.016 0.528
39 0.576 0.048 0.528
3 0.592 0.048 0.544
18 0.528 0.048 0.48
58 0.752 0.048 0.704
46 0.614415 0.16 0.454415
55 0.615807 0.16 0.455807
58 0.704 0.16 0.544
8 0.8 0.048 0.752
63 0.8 0.048 0.752
79 0.8 0.048 0.752
61 0.8 0.048 0.752
24 0.8 0.048 0.752
66 0.8 0.048 0.752
67 0.8 0.048 0.752
68 0.8 0.048 0.752
30 0.8 0.048 0.752
16 0.8 0.048 0.752
35 0.8 0.048 0.752
44 0.8 0.048 0.752
62 0.8 0.048 0.752
5 0.8 0.048 0.752
38 0.8 0.048 0.752
14 0.8 0.048 0.752
25 0.8 0.048 0.752
29 0.8 0.048 0.752
64 0.8 0.048 0.752
72 0.8 0.048 0.752
17 0.8 0.048 0.752
12 0.8 0.048 0.752
33 0.8 0.048 0.752
54 0.8 0.048 0.752
50 0.8 0.048 0.752
6 0.8 0.048 0.752
15 0.8 0.048 0.752
32 0.8 0.048 0.752
47 0.8 0.048 0.752
1 0.8 0.048 0.752
13 0.8 0.048 0.752
43 0.8 0.048 0.752
57 0.8 0.048 0.752
9 0.8 0.048 0.752
41 0.8 0.048 0.752
4 0.8 0.048 0.752
11 0.8 0.048 0.752
26 0.8 0.048 0.752
53 0.8 0.048 0.752
19 0.8 0.048 0.752
53 0.752 0.048 0.704
53 0.704 0.16 0.544
53 0.544 0.016 0.528
19 0.752 0.16 0.592
12 0.8 0.048 0.752
17 0.8 0.048 0.752
54 0.8 0.048 0.752
63 0.8 0.048 0.752
8 0.8 0.048 0.752
79 0.8 0.048 0.752
74 0.8 0.048 0.752
10 0.8 0.048 0.752
28 0.8 0.048 0.752
52 0.8 0.048 0.752
73 0.8 0.048 0.752
29 0.8 0.048 0.752
14 0.8 0.048 0.752
25 0.8 0.048 0.752
38 0.8 0.048 0.752
64 0.8 0.048 0.752
75 0.8 0.048 0.752
80 0.8 0.048 0.752
30 0.8 0.048 0.752
37 0.8 0.048 0.752
40 0.8 0.048 0.752
51 0.8 0.048 0.752
59 0.8 0.048 0.752
21 0.8 0.048 0.752
22 0.8 0.048 0.752
20 0.8 0.048 0.752
60 0.8 0.048 0.752
70 0.8 0.048 0.752
71 0.8 0.048 0.752
35 0.8 0.048 0.752
45 0.8 0.048 0.752
48 0.8 0.048 0.752
52 0.8 0.048 0.752
10 0.752 0.048 0.704
28 0.8 0.048 0.752
73 0.8 0.048 0.752
74 0.8 0.048 0.752
49 0.8 0.048 0.752
65 0.8 0.048 0.752
2 0.8 0.048 0.752
7 0.8 0.048 0.752
76 0.8 0.048 0.752
5 0.8 0.048 0.752
11 0.8 0.048 0.752
4 0.8 0.048 0.752
26 0.8 0.048 0.752
41 0.8 0.048 0.752
24 0.8 0.048 0.752
61 0.8 0.048 0.752
66 0.8 0.048 0.752
67 0.8 0.048 0.752
15 0.8 0.048 0.752
6 0.8 0.048 0.752
50 0.8 0.048 0.752
21 0.8 0.048 0.752
59 0.8 0.048 0.752
39 0.8 0.048 0.752
3 0.8 0.048 0.752
18 0.8 0.048 0.752
31 0.8 0.048 0.752
58 0.8 0.048 0.752
8 0.8 0.048 0.752
63 0.8 0.048 0.752
79 0.8 0.048 0.752
61 0.8 0.048 0.752
24 0.8 0.048 0.752
66 0.8 0.048 0.752
67 0.8 0.048 0.752
68 0.8 0.048 0.752
30 0.8 0.048 0.752
16 0.8 0.048 0.752
35 0.8 0.048 0.752
37 0.8 0.048 0.752
44 0.8 0.048 0.752
62 0.8 0.048 0.752
5 0.8 0.048 0.752
38 0.8 0.048 0.752
14 0.8 0.048 0.752
25 0.8 0.048 0.752
29 0.8 0.048 0.752
64 0.8 0.048 0.752
72 0.8 0.048 0.752
17 0.8 0.048 0.752
12 0.8 0.048 0.752
33 0.8 0.048 0.752
54 0.8 0.048 0.752
50 0.8 0.048 0.752
6 0.8 0.048 0.752
15 0.8 0.048 0.752
32 0.8 0.048 0.752
47 0.8 0.048 0.752
1 0.8 0.048 0.752
13 0.8 0.048 0.752
43 0.8 0.048 0.752
57 0.8 0.048 0.752
9 0.8 0.048 0.752
41 0.8 0.048 0.752
4 0.8 0.048 0.752
11 0.8 0.048 0.752
26 0.8 0.048 0.752
12 0.8 0.048 0.752
17 0.8 0.048 0.752
63 0.8 0.048 0.752
8 0.8 0.048 0.752
79 0.8 0.048 0.752
74 0.8 0.048 0.752
10 0.8 0.048 0.752
28 0.8 0.048 0.752
52 0.8 0.048 0.752
73 0.8 0.048 0.752
29 0.8 0.048 0.752
14 0.8 0.048 0.752
25 0.8 0.048 0.752
38 0.8 0.048 0.752
64 0.8 0.048 0.752
75 0.8 0.048 0.752
80 0.8 0.048 0.752
37 0.8 0.048 0.752
40 0.8 0.048 0.752
68 0.8 0.048 0.752
51 0.8 0.048 0.752
59 0.8 0.048 0.752
21 0.8 0.048 0.752
59 0.752 0.048 0.704
59 0.704 0.16 0.544
59 0.544 0.016 0.528
21 0.752 0.16 0.592
22 0.8 0.048 0.752
20 0.8 0.048 0.752
60 0.8 0.048 0.752
70 0.8 0.048 0.752
71 0.8 0.048 0.752
35 0.8 0.048 0.752
45 0.8 0.048 0.752
48 0.8 0.048 0.752
71 0.752 0.048 0.704
71 0.704 0.16 0.544
71 0.544 0.016 0.528
35 0.752 0.16 0.592
45 0.752 0.16 0.592
48 0.752 0.16 0.592
52 0.8 0.048 0.752
10 0.752 0.048 0.704
28 0.8 0.048 0.752
73 0.8 0.048 0.752
74 0.8 0.048 0.752
49 0.8 0.048 0.752
65 0.8 0.048 0.752
2 0.8 0.048 0.752
7 0.8 0.048 0.752
76 0.8 0.048 0.752
5 0.8 0.048 0.752
62 0.8 0.048 0.752
11 0.8 0.048 0.752
4 0.8 0.048 0.752
26 0.8 0.048 0.752
41 0.8 0.048 0.752
24 0.8 0.048 0.752
61 0.8 0.048 0.752
66 0.8 0.048 0.752
67 0.8 0.048 0.752
68 0.8 0.048 0.752
15 0.8 0.048 0.752
6 0.8 0.048 0.752
21 0.743185 0.048 0.695185
59 0.676365 0.048 0.628365
21 0.695185 0.048 0.647185
21 0.647185 0.16 0.487185
59 0.628365 0.16 0.468365
39 0.8 0.048 0.752
3 0.8 0.048 0.752
18 0.8 0.048 0.752
31 0.8 0.048 0.752
58 0.8 0.048 0.752
8 0.8 0.048 0.752
63 0.8 0.048 0.752
79 0.8 0.048 0.752
61 0.8 0.048 0.752
24 0.8 0.048 0.752
66 0.8 0.048 0.752
67 0.8 0.048 0.752
30 0.8 0.048 0.752
16 0.8 0.048 0.752
35 0.743892 0.048 0.695892
37 0.8 0.048 0.752
44 0.8 0.048 0.752
48 0.8 0.048 0.752
30 0.752 0.048 0.704
30 0.704 0.16 0.544
30 0.544 0.016 0.528
16 0.752 0.16 0.592
35 0.695892 0.16 0.535892
37 0.752 0.16 0.592
44 0.752 0.16 0.592
48 0.752 0.16 0.592
62 0.8 0.048 0.752
5 0.8 0.048 0.752
38 0.8 0.048 0.752
14 0.8 0.048 0.752
25 0.8 0.048 0.752
29 0.8 0.048 0.752
64 0.8 0.048 0.752
72 0.8 0.048 0.752
75 0.8 0.048 0.752
17 0.8 0.048 0.752
12 0.8 0.048 0.752
33 0.8 0.048 0.752
54 0.8 0.048 0.752
50 0.8 0.048 0.752
6 0.8 0.048 0.752
15 0.8 0.048 0.752
32 0.8 0.048 0.752
47 0.8 0.048 0.752
1 0.8 0.048 0.752
13 0.8 0.048 0.752
43 0.8 0.048 0.752
57 0.8 0.048 0.752
9 0.8 0.048 0.752
41 0.8 0.048 0.752
4 0.8 0.048 0.752
11 0.8 0.048 0.752
26 0.8 0.048 0.752
12 0.8 0.048 0.752
63 0.8 0.048 0.752
8 0.8 0.048 0.752
79 0.8 0.048 0.752
74 0.8 0.048 0.752
10 0.8 0.048 0.752
28 0.8 0.048 0.752
52 0.8 0.048 0.752
73 0.8 0.048 0.752
29 0.8 0.048 0.752
14 0.8 0.048 0.752
25 0.8 0.048 0.752
38 0.8 0.048 0.752
64 0.8 0.048 0.752
75 0.8 0.048 0.752
80 0.8 0.048 0.752
37 0.740496 0.048 0.692496
40 0.8 0.048 0.752
68 0.8 0.048 0.752
51 0.8 0.048 0.752
22 0.8 0.048 0.752
20 0.8 0.048 0.752
60 0.8 0.048 0.752
70 0.8 0.048 0.752
52 0.8 0.048 0.752
10 0.752 0.048 0.704
28 0.8 0.048 0.752
73 0.8 0.048 0.752
74 0.8 0.048 0.752
49 0.8 0.048 0.752
65 0.8 0.048 0.752
2 0.8 0.048 0.752
7 0.8 0.048 0.752
76 0.8 0.048 0.752
5 0.8 0.048 0.752
11 0.8 0.048 0.752
4 0.8 0.048 0.752
26 0.8 0.048 0.752
41 0.8 0.048 0.752
24 0.8 0.048 0.752
61 0.8 0.048 0.752
66 0.8 0.048 0.752
67 0.8 0.048 0.752
24 0.752 0.048 0.704
24 0.704 0.16 0.544
24 0.544 0.016 0.528
61 0.752 0.16 0.592
66 0.752 0.16 0.592
67 0.752 0.16 0.592
15 0.8 0.048 0.752
39 0.8 0.048 0.752
3 0.8 0.048 0.752
18 0.8 0.048 0.752
58 0.8 0.048 0.752
8 0.8 0.048 0.752
63 0.8 0.048 0.752
79 0.8 0.048 0.752
61 0.67065 0.048 0.62265
24 0.681417 0.048 0.633417
66 0.748191 0.048 0.700191
67 0.733755 0.048 0.685755
61 0.62265 0.048 0.57465
61 0.57465 0.16 0.41465
24 0.633417 0.16 0.473417
66 0.700191 0.16 0.540191
67 0.685755 0.16 0.525755
62 0.8 0.048 0.752
5 0.8 0.048 0.752
38 0.8 0.048 0.752
14 0.8 0.048 0.752
25 0.8 0.048 0.752
29 0.8 0.048 0.752
64 0.8 0.048 0.752
75 0.8 0.048 0.752
17 0.8 0.048 0.752
33 0.8 0.048 0.752
54 0.8 0.048 0.752
50 0.8 0.048 0.752
6 0.8 0.048 0.752
32 0.8 0.048 0.752
50 0.752 0.048 0.704
50 0.704 0.16 0.544
50 0.544 0.016 0.528
6 0.752 0.16 0.592
32 0.752 0.16 0.592
47 0.8 0.048 0.752
1 0.8 0.048 0.752
13 0.8 0.048 0.752
43 0.8 0.048 0.752
57 0.8 0.048 0.752
9 0.8 0.048 0.752
41 0.8 0.048 0.752
4 0.8 0.048 0.752
11 0.8 0.048 0.752
26 0.8 0.048 0.752
12 0.8 0.048 0.752
63 0.8 0.048 0.752
8 0.8 0.048 0.752
79 0.8 0.048 0.752
74 0.8 0.048 0.752
10 0.8 0.048 0.752
28 0.8 0.048 0.752
52 0.8 0.048 0.752
73 0.8 0.048 0.752
29 0.8 0.048 0.752
14 0.8 0.048 0.752
25 0.8 0.048 0.752
38 0.8 0.048 0.752
64 0.8 0.048 0.752
75 0.8 0.048 0.752
80 0.8 0.048 0.752
30 0.8 0.048 0.752
37 0.8 0.048 0.752
40 0.8 0.048 0.752
80 0.752 0.048 0.704
80 0.704 0.16 0.544
30 0.752 0.16 0.592
30 0.592 0.016 0.576
80 0.544 0.016 0.528
30 0.576 0.048 0.528
16 0.8 0.048 0.752
35 0.8 0.048 0.752
37 0.752 0.048 0.704
40 0.752 0.048 0.704
44 0.8 0.048 0.752
80 0.528 0.048 0.48
30 0.528 0.048 0.48
30 0.48 0.16 0.32
37 0.704 0.16 0.544
40 0.704 0.16 0.544
16 0.752 0.16 0.592
35 0.752 0.16 0.592
37 0.544 0.16 0.384
40 0.544 0.16 0.384
44 0.752 0.16 0.592
44 0.592 0.016 0.576
30 0.32 0.016 0.304
44 0.576 0.048 0.528
16 0.592 0.048 0.544
30 0.304 0.048 0.256
35 0.592 0.048 0.544
37 0.384 0.048 0.336
80 0.48 0.16 0.32
51 0.8 0.048 0.752
22 0.8 0.048 0.752
20 0.8 0.048 0.752
60 0.8 0.048 0.752
70 0.8 0.048 0.752
52 0.8 0.048 0.752
10 0.752 0.048 0.704
28 0.8 0.048 0.752
73 0.8 0.048 0.752
74 0.8 0.048 0.752
49 0.8 0.048 0.752
65 0.8 0.048 0.752
2 0.8 0.048 0.752
7 0.8 0.048 0.752
76 0.8 0.048 0.752
5 0.8 0.048 0.752
62 0.8 0.048 0.752
11 0.8 0.048 0.752
4 0.8 0.048 0.752
26 0.8 0.048 0.752
41 0.8 0.048 0.752
15 0.8 0.048 0.752
6 0.8 0.048 0.752
50 0.757168 0.048 0.709168
15 0.752 0.048 0.704
15 0.704 0.16 0.544
6 0.752 0.16 0.592
50 0.709168 0.16 0.549168
50 0.549168 0.016 0.533168
15 0.544 0.016 0.528
50 0.533168 0.048 0.485168
6 0.592 0.048 0.544
15 0.528 0.048 0.48
32 0.8 0.048 0.752
39 0.8 0.048 0.752
3 0.8 0.048 0.752
18 0.8 0.048 0.752
58 0.8 0.048 0.752
8 0.8 0.048 0.752
63 0.8 0.048 0.752
79 0.8 0.048 0.752
62 0.8 0.048 0.752
5 0.8 0.048 0.752
62 0.752 0.048 0.704
62 0.704 0.16 0.544
62 0.544 0.016 0.528
5 0.752 0.16 0.592
38 0.8 0.048 0.752
14 0.8 0.048 0.752
25 0.8 0.048 0.752
29 0.8 0.048 0.752
64 0.8 0.048 0.752
75 0.8 0.048 0.752
17 0.8 0.048 0.752
33 0.8 0.048 0.752
54 0.8 0.048 0.752
47 0.8 0.048 0.752
1 0.8 0.048 0.752
13 0.8 0.048 0.752
43 0.8 0.048 0.752
57 0.8 0.048 0.752
9 0.8 0.048 0.752
41 0.8 0.048 0.752
4 0.8 0.048 0.752
11 0.8 0.048 0.752
26 0.8 0.048 0.752
12 0.8 0.048 0.752
63 0.8 0.048 0.752
8 0.8 0.048 0.752
79 0.8 0.048 0.752
74 0.8 0.048 0.752
10 0.8 0.048 0.752
28 0.8 0.048 0.752
52 0.8 0.048 0.752
73 0.8 0.048 0.752
29 0.8 0.048 0.752
14 0.8 0.048 0.752
25 0.8 0.048 0.752
38 0.8 0.048 0.752
64 0.8 0.048 0.752
75 0.8 0.048 0.752
44 0.8 0.048 0.752
16 0.8 0.048 0.752
30 0.632599 0.048 0.584599
35 0.8 0.048 0.752
40 0.7574 0.048 0.7094
80 0.699924 0.048 0.651924
51 0.8 0.048 0.752
22 0.8 0.048 0.752
20 0.8 0.048 0.752
60 0.8 0.048 0.752
70 0.8 0.048 0.752
52 0.8 0.048 0.752
10 0.752 0.048 0.704
28 0.8 0.048 0.752
73 0.8 0.048 0.752
74 0.8 0.048 0.752
49 0.8 0.048 0.752
65 0.8 0.048 0.752
2 0.8 0.048 0.752
7 0.8 0.048 0.752
76 0.8 0.048 0.752
5 0.741818 0.048 0.693818
23 0.8 0.048 0.752
5 0.693818 0.048 0.645818
5 0.645818 0.16 0.485818
5 0.485818 0.016 0.469818
23 0.752 0.16 0.592
11 0.8 0.048 0.752
4 0.8 0.048 0.752
26 0.8 0.048 0.752
41 0.8 0.048 0.752
50 0.8 0.048 0.752
6 0.8 0.048 0.752
32 0.8 0.048 0.752
39 0.8 0.048 0.752
3 0.8 0.048 0.752
18 0.8 0.048 0.752
58 0.8 0.048 0.752
8 0.8 0.048 0.752
63 0.8 0.048 0.752
79 0.8 0.048 0.752
38 0.8 0.048 0.752
14 0.8 0.048 0.752
25 0.8 0.048 0.752
29 0.8 0.048 0.752
17 0.8 0.048 0.752
33 0.8 0.048 0.752
54 0.8 0.048 0.752
47 0.8 0.048 0.752
1 0.8 0.048 0.752
13 0.8 0.048 0.752
43 0.8 0.048 0.752
57 0.8 0.048 0.752
47 0.752 0.048 0.704
47 0.704 0.16 0.544
47 0.544 0.016 0.528
1 0.752 0.16 0.592
13 0.752 0.16 0.592
43 0.752 0.16 0.592
57 0.752 0.16 0.592
9 0.8 0.048 0.752
41 0.8 0.048 0.752
4 0.8 0.048 0.752
11 0.8 0.048 0.752
26 0.8 0.048 0.752
12 0.8 0.048 0.752
63 0.8 0.048 0.752
8 0.8 0.048 0.752
79 0.8 0.048 0.752
74 0.8 0.048 0.752
10 0.8 0.048 0.752
28 0.8 0.048 0.752
52 0.8 0.048 0.752
73 0.8 0.048 0.752
29 0.8 0.048 0.752
14 0.8 0.048 0.752
25 0.8 0.048 0.752
38 0.8 0.048 0.752
64 0.8 0.048 0.752
75 0.8 0.048 0.752
44 0.8 0.048 0.752
16 0.8 0.048 0.752
30 0.8 0.048 0.752
35 0.8 0.048 0.752
37 0.8 0.048 0.752
40 0.8 0.048 0.752
51 0.8 0.048 0.752
22 0.8 0.048 0.752
20 0.8 0.048 0.752
60 0.8 0.048 0.752
70 0.8 0.048 0.752
52 0.8 0.048 0.752
10 0.752 0.048 0.704
28 0.8 0.048 0.752
73 0.8 0.048 0.752
74 0.8 0.048 0.752
49 0.8 0.048 0.752
65 0.8 0.048 0.752
2 0.8 0.048 0.752
7 0.8 0.048 0.752
76 0.8 0.048 0.752
2 0.752 0.048 0.704
2 0.704 0.16 0.544
2 0.544 0.016 0.528
7 0.752 0.16 0.592
76 0.752 0.16 0.592
11 0.8 0.048 0.752
4 0.8 0.048 0.752
26 0.8 0.048 0.752
41 0.8 0.048 0.752
50 0.8 0.048 0.752
6 0.8 0.048 0.752
32 0.8 0.048 0.752
39 0.8 0.048 0.752
3 0.8 0.048 0.752
18 0.8 0.048 0.752
31 0.8 0.048 0.752
58 0.8 0.048 0.752
8 0.8 0.048 0.752
63 0.8 0.048 0.752
79 0.8 0.048 0.752
8 0.752 0.048 0.704
8 0.704 0.16 0.544
8 0.544 0.016 0.528
63 0.752 0.16 0.592
79 0.752 0.16 0.592
38 0.8 0.048 0.752
14 0.8 0.048 0.752
25 0.8 0.048 0.752
29 0.8 0.048 0.752
72 0.8 0.048 0.752
75 0.8 0.048 0.752
17 0.8 0.048 0.752
33 0.8 0.048 0.752
54 0.8 0.048 0.752
9 0.8 0.048 0.752
41 0.8 0.048 0.752
4 0.8 0.048 0.752
11 0.8 0.048 0.752
26 0.8 0.048 0.752
12 0.8 0.048 0.752
63 0.732486 0.048 0.684486
8 0.674044 0.048 0.626044
79 0.745046 0.048 0.697046
63 0.684486 0.096 0.588486
63 0.588486 0.16 0.428486
63 0.428486 0.016 0.412486
8 0.626044 0.16 0.466044
79 0.697046 0.16 0.537046
74 0.8 0.048 0.752
10 0.8 0.048 0.752
28 0.8 0.048 0.752
52 0.8 0.048 0.752
73 0.8 0.048 0.752
29 0.8 0.048 0.752
14 0.8 0.048 0.752
25 0.8 0.048 0.752
38 0.8 0.048 0.752
64 0.8 0.048 0.752
75 0.8 0.048 0.752
44 0.8 0.048 0.752
16 0.8 0.048 0.752
30 0.8 0.048 0.752
35 0.8 0.048 0.752
37 0.8 0.048 0.752
71 0.8 0.048 0.752
80 0.8 0.048 0.752
44 0.752 0.048 0.704
44 0.704 0.16 0.544
16 0.752 0.16 0.592
30 0.752 0.16 0.592
35 0.752 0.16 0.592
37 0.752 0.16 0.592
71 0.752 0.16 0.592
71 0.592 0.016 0.576
44 0.544 0.016 0.528
71 0.576 0.048 0.528
16 0.592 0.048 0.544
35 0.592 0.048 0.544
44 0.528 0.048 0.48
45 0.8 0.048 0.752
48 0.8 0.048 0.752
80 0.752 0.16 0.592
51 0.8 0.048 0.752
22 0.8 0.048 0.752
20 0.8 0.048 0.752
60 0.8 0.048 0.752
70 0.8 0.048 0.752
22 0.752 0.048 0.704
22 0.704 0.16 0.544
22 0.544 0.016 0.528
20 0.752 0.16 0.592
60 0.752 0.16 0.592
70 0.752 0.16 0.592
52 0.8 0.048 0.752
10 0.752 0.048 0.704
28 0.8 0.048 0.752
73 0.8 0.048 0.752
74 0.8 0.048 0.752
49 0.8 0.048 0.752
65 0.8 0.048 0.752
11 0.8 0.048 0.752
4 0.8 0.048 0.752
26 0.8 0.048 0.752
41 0.8 0.048 0.752
50 0.8 0.048 0.752
6 0.8 0.048 0.752
32 0.8 0.048 0.752
39 0.8 0.048 0.752
3 0.8 0.048 0.752
11 0.8 0.048 0.752
18 0.8 0.048 0.752
58 0.8 0.048 0.752
38 0.8 0.048 0.752
14 0.8 0.048 0.752
25 0.8 0.048 0.752
29 0.8 0.048 0.752
75 0.8 0.048 0.752
38 0.752 0.048 0.704
38 0.704 0.16 0.544
38 0.544 0.016 0.528
14 0.752 0.16 0.592
25 0.752 0.16 0.592
29 0.752 0.16 0.592
75 0.752 0.16 0.592
17 0.8 0.048 0.752
33 0.8 0.048 0.752
54 0.8 0.048 0.752
9 0.8 0.048 0.752
41 0.8 0.048 0.752
4 0.8 0.048 0.752
11 0.8 0.048 0.752
26 0.8 0.048 0.752
12 0.8 0.048 0.752
74 0.8 0.048 0.752
10 0.8 0.048 0.752
28 0.8 0.048 0.752
52 0.8 0.048 0.752
73 0.8 0.048 0.752
29 0.664145 0.048 0.616145
14 0.746228 0.048 0.698228
25 0.665692 0.048 0.617692
38 0.603052 0.048 0.555052
64 0.8 0.048 0.752
75 0.663337 0.048 0.615337
71 0.8 0.048 0.752
16 0.8 0.048 0.752
35 0.8 0.048 0.752
44 0.8 0.048 0.752
45 0.8 0.048 0.752
48 0.8 0.048 0.752
51 0.8 0.048 0.752
51 0.752 0.048 0.704
51 0.704 0.16 0.544
51 0.544 0.016 0.528
52 0.8 0.048 0.752
10 0.752 0.048 0.704
28 0.8 0.048 0.752
73 0.8 0.048 0.752
74 0.8 0.048 0.752
49 0.8 0.048 0.752
65 0.8 0.048 0.752
11 0.8 0.048 0.752
4 0.8 0.048 0.752
26 0.8 0.048 0.752
39 0.8 0.048 0.752
41 0.8 0.048 0.752
50 0.8 0.048 0.752
6 0.8 0.048 0.752
32 0.8 0.048 0.752
39 0.8 0.048 0.752
3 0.8 0.048 0.752
11 0.8 0.048 0.752
18 0.8 0.048 0.752
58 0.8 0.048 0.752
17 0.8 0.048 0.752
33 0.8 0.048 0.752
54 0.8 0.048 0.752
9 0.8 0.048 0.752
41 0.8 0.048 0.752
4 0.8 0.048 0.752
11 0.8 0.048 0.752
26 0.8 0.048 0.752
12 0.8 0.048 0.752
54 0.8 0.048 0.752
12 0.752 0.048 0.704
12 0.704 0.16 0.544
12 0.544 0.016 0.528
54 0.752 0.16 0.592
74 0.8 0.048 0.752
10 0.8 0.048 0.752
27 0.8 0.048 0.752
28 0.8 0.048 0.752
52 0.8 0.048 0.752
73 0.8 0.048 0.752
74 0.752 0.048 0.704
74 0.704 0.16 0.544
74 0.544 0.016 0.528
10 0.752 0.16 0.592
27 0.752 0.16 0.592
28 0.752 0.16 0.592
52 0.752 0.16 0.592
73 0.752 0.16 0.592
29 0.8 0.048 0.752
14 0.8 0.048 0.752
25 0.8 0.048 0.752
38 0.8 0.048 0.752
64 0.8 0.048 0.752
75 0.8 0.048 0.752
71 0.8 0.048 0.752
16 0.8 0.048 0.752
35 0.8 0.048 0.752
44 0.8 0.048 0.752
45 0.8 0.048 0.752
48 0.8 0.048 0.752
52 0.667516 0.048 0.619516
10 0.592 0.048 0.544
28 0.667735 0.048 0.619735
73 0.662635 0.048 0.614635
74 0.604043 0.048 0.556043
52 0.619516 0.048 0.571516
52 0.571516 0.16 0.411516
52 0.411516 0.016 0.395516
10 0.544 0.16 0.384
28 0.619735 0.16 0.459735
73 0.614635 0.16 0.454635
74 0.556043 0.16 0.396043
49 0.8 0.048 0.752
65 0.8 0.048 0.752
11 0.8 0.048 0.752
3 0.8 0.048 0.752
4 0.8 0.048 0.752
26 0.8 0.048 0.752
39 0.8 0.048 0.752
41 0.8 0.048 0.752
50 0.8 0.048 0.752
6 0.8 0.048 0.752
32 0.8 0.048 0.752
39 0.8 0.048 0.752
3 0.8 0.048 0.752
11 0.8 0.048 0.752
18 0.8 0.048 0.752
58 0.8 0.048 0.752
17 0.8 0.048 0.752
33 0.8 0.048 0.752
54 0.8 0.048 0.752
9 0.8 0.048 0.752
41 0.8 0.048 0.752
4 0.8 0.048 0.752
11 0.8 0.048 0.752
26 0.8 0.048 0.752
41 0.752 0.048 0.704
41 0.704 0.16 0.544
41 0.544 0.016 0.528
4 0.752 0.16 0.592
11 0.752 0.16 0.592
26 0.752 0.16 0.592
