1 122 2.05404
18 123 2.21657
23 124 2.24966
46 125 2.34264
2 126 2.44352
36 127 2.61276
50 128 2.6909
43 129 2.79478
34 130 2.82979
7 131 2.83364
49 132 3.04051
28 133 3.19484
41 134 3.25561
29 135 3.37375
47 136 3.39431
24 137 3.8078
27 138 3.83838
39 139 4.03702
15 140 4.32101
10 141 4.4742
35 142 4.53995
21 143 4.56153
25 144 4.754
17 145 4.77617
4 146 4.82861
38 147 4.8416
7 148 5.69805
1 149 6.31302
36 150 6.45438
34 151 6.54641
50 152 6.7793
35 153 6.8829
47 154 7.20537
43 155 7.32011
29 156 7.79231
21 157 7.854
7 158 7.87629
4 159 7.90651
38 160 8.33413
39 161 8.41566
34 162 8.62439
17 163 8.74105
25 164 9.18916
43 165 9.46859
2 166 9.93039
50 167 9.94902
