27 399
38 399
46 399
57 399
59 399
93 399
54 399
70 399
1 399
26 399
66 399
64 399
97 399
35 399
33 399
87 399
67 399
68 399
23 399
9 399
56 399
30 399
82 399
18 399
51 399
86 399
21 399
72 399
4 399
42 399
3 399
75 399
94 399
2 399
39 399
62 399
55 399
42 400
4 400
72 400
94 400
86 400
3 400
75 400
18 400
55 400
82 400
79 400
30 400
36 400
56 400
49 400
68 400
14 400
69 400
35 400
89 400
64 400
40 400
70 400
31 400
59 400
92 400
27 400
57 400
19 400
24 400
63 400
93 400
40 401
31 401
89 401
92 401
69 401
49 401
36 401
79 401
55 401
3 401
75 401
94 401
42 401
72 401
86 401
18 401
82 401
30 401
60 402
12 402
84 402
85 402
8 402
17 402
25 402
65 402
77 402
83 402
34 402
53 402
20 402
53 403
34 403
83 403
57 404
59 404
70 404
64 404
35 404
68 404
56 404
30 404
82 404
18 404
86 404
72 404
42 404
94 404
3 404
77 403
8 403
85 403
12 403
92 405
31 405
40 405
89 405
69 405
49 405
36 405
79 405
55 405
3 405
94 405
42 405
72 405
85 406
8 406
77 406
83 406
34 406
86 405
18 405
68 407
35 407
56 407
64 407
30 407
82 407
70 407
18 407
59 407
86 407
6 399
11 399
29 399
47 399
90 399
72 407
42 407
94 407
3 407
55 407
79 407
36 407
49 407
69 407
89 407
89 408
40 408
69 408
49 408
36 408
79 408
55 408
3 408
94 408
42 408
72 408
76 409
16 409
41 409
50 409
78 409
80 409
95 409
56 410
68 410
82 410
35 410
64 410
70 410
36 411
49 411
79 411
69 411
55 411
3 411
94 411
42 411
58 412
22 412
45 412
61 412
13 413
15 413
28 413
52 413
74 413
32 413
43 413
98 413
71 400
63 401
71 401
15 414
57 407
83 415
59 410
7 402
71 416
63 416
92 416
60 403
7 403
94 417
3 417
55 417
79 417
36 417
49 417
23 418
87 418
35 419
64 419
68 419
70 419
48 420
56 419
44 402
53 406
44 406
34 415
44 415
70 421
64 421
35 421
68 421
3 422
55 422
79 422
36 422
11 423
47 423
91 402
53 415
91 415
95 424
50 424
55 425
79 425
6 418
11 418
77 426
83 426
34 426
44 426
53 426
88 412
8 427
85 427
63 428
71 428
5 409
76 424
6 429
100 409
53 430
44 430
83 430
37 413
98 414
37 414
85 431
64 432
35 432
79 433
13 414
81 413
10 420
83 434
90 423
47 418
90 418
73 399
11 429
47 429
73 429
90 429
96 399
48 436
23 429
23 437
6 437
11 437
47 437
96 437
90 437
97 418
99 399
93 407
99 407
66 400
57 410
59 419
70 432
59 432
68 432
58 439
56 421
13 441
18 410
82 419
18 419
57 438
59 438
70 438
64 438
35 438
86 408
18 408
82 408
72 411
86 411
42 417
72 417
86 417
3 425
42 425
72 425
86 425
55 433
3 433
42 433
72 433
86 433
94 422
42 422
72 422
86 422
37 443
98 443
64 444
70 444
59 444
76 445
95 445
36 425
49 422
70 446
69 417
95 447
89 411
23 448
97 448
66 448
93 448
11 449
47 449
31 416
92 428
31 428
63 440
7 435
60 427
85 450
60 450
8 431
8 451
85 451
60 451
77 430
98 453
53 434
91 426
88 439
58 452
88 452
72 456
42 456
3 456
55 456
5 445
79 456
36 456
49 456
76 447
18 457
79 459
36 459
55 459
3 459
42 459
100 442
37 453
66 458
97 458
15 443
13 455
15 455
98 455
6 448
81 441
23 458
10 436
86 456
48 454
10 454
72 459
69 456
49 459
73 437
96 449
73 449
11 448
6 458
11 458
99 448
57 444
59 446
57 446
64 446
35 444
68 438
56 408
68 408
82 457
56 457
68 457
35 457
64 457
18 456
82 456
56 456
68 456
35 456
86 459
18 459
82 459
56 459
68 459
94 456
69 459
89 456
