25 1585 0 100 0.1 2.61505 2.71505
11 1574 0 100 1.6 2.0652 3.6652
10 1604 0 100 0.1 3.77646 3.87646
20 1607 0 100 1.16701e-08 3.88313 3.88313
23 1592 0 100 0.8 3.08499 3.88499
22 1606 0 100 0.5 3.81193 4.31193
5 1616 0 100 0.2 4.25971 4.45971
8 1618 0 100 0.7 4.38483 5.08483
17 1572 0 100 3.2 2.00239 5.20239
16 1627 0 100 0.3 4.91839 5.21839
7 1583 0 100 2.9 2.50671 5.40671
13 1603 0 100 1.9 3.73903 5.63903
3 1573 0 100 3.6 2.04008 5.64008
4 1601 0 100 2.2 3.59947 5.79947
26 1576 0 100 3.8 2.10805 5.90805
26 1613 0 100 1.9 4.14406 6.04406
15 1586 0 100 3.4 2.64489 6.04489
14 1614 0 100 1.9 4.15214 6.05214
9 1590 0 100 3.2 2.97885 6.17885
24 1578 0 100 4.4 2.22114 6.62114
30 1579 0 100 4.4 2.2669 6.6669
30 1644 0 100 0.3 6.41199 6.71199
2 1594 0 100 4.1 3.13709 7.23709
29 1639 0 100 1.4 6.08192 7.48192
29 1599 0 100 4 3.53418 7.53418
25 1646 0 100 1.4 6.55547 7.95547
18 1620 0 100 4 4.4864 8.4864
27 1612 0 100 4.4 4.11507 8.51507
1 1626 0 100 3.7 4.89473 8.59473
11 1610 0 100 4.8 4.08203 8.88203
11 1653 0 100 2 7.04932 9.04932
10 1672 0 100 0.9 8.28876 9.18876
20 1664 0 100 1.4 7.81338 9.21338
23 1656 0 100 2 7.23096 9.23096
5 1647 0 100 3 6.5691 9.5691
16 1691 0 100 0.8 9.57616 10.3762
17 1667 0 100 2.3 8.08106 10.3811
7 1675 0 100 2.2 8.55533 10.7553
13 1670 0 100 2.6 8.26035 10.8603
4 1690 0 100 1.6 9.53744 11.1374
14 1678 0 100 2.5 8.6554 11.1554
26 1677 0 100 2.7 8.6184 11.3184
15 1661 0 100 3.7 7.63891 11.3389
9 1686 0 100 2.2 9.29003 11.49
24 1689 0 100 2.4 9.52069 11.9207
30 1696 0 100 2 9.95191 11.9519
