71 951
38 951
46 951
18 951
4 952
24 952
12 952
68 952
25 952
23 953
84 954
45 954
70 955
52 955
58 955
15 955
45 955
31 956
57 956
73 956
56 956
77 956
80 956
54 956
86 956
63 956
29 957
19 957
39 957
38 958
46 958
18 958
13 958
44 959
32 959
47 959
5 959
86 960
57 960
56 960
63 960
77 960
80 960
54 960
31 960
73 960
36 960
66 960
11 960
19 961
29 961
39 961
2 961
75 962
74 962
89 962
6 962
40 962
21 962
27 962
67 962
81 962
59 962
79 957
12 957
68 957
25 957
24 957
4 957
21 964
27 964
59 964
67 964
14 965
60 966
89 967
74 967
75 967
6 967
40 967
21 967
27 967
59 967
77 968
63 968
86 968
56 968
57 968
73 968
54 968
36 969
73 969
80 969
57 969
54 969
86 969
77 969
56 969
79 970
29 970
39 970
42 972
43 972
78 972
34 972
23 972
83 972
17 972
66 973
11 973
36 973
73 973
80 973
57 973
54 973
86 973
56 973
40 974
74 974
89 974
6 974
84 955
64 954
31 968
43 975
42 975
78 975
34 975
23 975
17 975
52 976
58 976
72 977
65 977
3 977
22 977
48 977
28 977
34 977
78 977
42 977
43 977
17 977
11 978
36 978
64 979
84 979
46 980
38 980
13 980
32 981
47 981
88 981
3 982
65 982
50 982
45 983
64 983
51 981
48 984
28 984
22 984
3 984
65 984
78 985
42 985
43 985
17 985
34 985
48 985
28 985
22 985
3 985
82 986
8 959
25 987
68 987
12 987
79 987
39 987
19 987
74 988
89 988
6 988
40 988
21 988
58 990
52 990
55 990
70 990
16 990
73 991
57 991
56 991
54 991
16 992
70 992
52 992
58 992
15 992
45 992
90 963
28 993
48 993
34 993
78 993
43 993
56 994
86 994
54 994
57 994
73 994
36 994
62 965
34 995
48 995
28 995
22 995
13 996
38 996
1 997
87 997
60 997
24 998
25 998
12 998
31 991
88 999
87 1000
1 1000
5 1001
44 1001
47 1001
8 1001
54 1002
57 1002
73 1002
31 1002
71 958
46 996
18 980
15 1003
58 1003
55 1004
70 1004
16 1004
52 1004
15 1004
20 951
47 1005
44 1005
5 1005
17 993
66 978
11 994
33 960
6 1007
89 1007
40 1007
57 1008
73 1008
54 1008
31 1008
12 1009
25 1009
24 1009
39 1010
19 1010
17 1011
43 1011
78 1011
34 1011
28 1011
48 1011
33 1012
36 1012
66 1012
85 1013
5 1013
47 1013
86 991
80 968
32 1001
77 973
56 1002
63 969
79 1010
12 1010
25 1010
44 1013
7 956
68 998
79 998
39 998
61 986
44 1014
47 1014
36 1015
66 1015
30 971
77 1016
56 1016
54 1016
73 1016
36 1016
81 964
38 1017
18 1017
46 1017
67 967
59 989
27 988
21 1007
74 1018
40 1018
21 1018
53 962
78 1019
34 1019
28 1019
75 974
2 970
29 987
2 987
10 961
19 998
29 998
2 998
46 1021
18 1021
38 1021
71 1021
71 1022
38 1022
46 1022
56 1023
54 1023
57 1023
77 1023
63 1023
80 1023
41 952
24 1010
31 1024
57 1024
73 1024
54 1024
80 1024
77 1024
56 1024
63 1024
7 1024
82 1024
52 1025
16 1025
70 1025
4 1009
35 957
28 1026
34 1026
78 1026
43 1026
19 1027
39 1027
10 1027
29 1027
49 950
65 985
50 984
72 982
24 1028
25 1028
41 1028
68 1028
3 995
22 1011
3 1011
89 1029
40 1029
21 1029
53 1029
59 1029
81 1029
67 1029
79 1027
68 1027
41 1027
25 1027
24 1027
4 1027
48 1019
22 1019
3 1019
25 1030
41 1030
68 1030
79 1030
29 1030
10 1030
39 1030
54 1032
56 1032
63 1032
77 1032
80 1032
57 1032
73 1032
12 1028
79 1028
39 1028
10 1028
29 1028
70 1033
52 1033
14 1034
17 1026
69 972
23 977
42 993
69 993
82 1035
7 1035
77 1035
56 1035
57 1035
54 1035
73 1035
31 1035
83 975
40 1036
74 1036
75 1036
89 1036
79 1037
29 1037
39 1037
43 1038
26 1006
15 1039
52 1039
68 1040
25 1040
24 1040
41 1040
12 1040
79 1040
39 1040
34 1041
17 1041
42 1041
43 1041
69 1041
78 1041
83 1041
60 1000
76 997
12 1042
41 1042
25 1042
1 1043
60 1043
87 1043
80 1035
74 1044
75 1044
89 1044
40 1044
21 1044
53 1044
67 1044
81 1044
9 979
84 983
87 1045
76 1045
60 1045
45 1003
84 1003
64 992
58 1004
45 1004
84 1004
53 1046
67 1046
1 1045
73 1047
54 1047
57 1047
56 1047
77 1047
57 1048
54 1048
56 1048
77 1048
7 1048
68 1042
79 1042
77 1049
54 1049
56 1049
57 1049
73 1049
70 1039
16 1033
48 1050
22 1050
28 1050
34 1050
69 1050
42 1050
43 1050
78 1050
83 1050
55 1025
37 990
88 1020
51 999
38 1051
71 1051
8 1005
5 1014
32 1013
75 1052
40 1052
21 1052
53 1052
85 1001
47 1053
44 1053
5 1053
90 1031
7 1054
77 1054
56 1054
54 1054
57 1054
44 1055
47 1055
5 1055
32 1055
72 1056
3 1056
48 1056
22 1056
34 1056
69 1056
78 1056
42 1056
83 1056
55 1057
70 1057
16 1057
52 1057
58 1057
45 1057
62 1034
71 1059
18 1022
46 1051
18 1051
38 1059
13 1021
54 1060
56 1060
77 1060
50 1061
3 1061
22 1061
28 1061
48 1061
34 1061
78 1061
42 1061
83 1061
20 1017
11 1012
66 1016
36 1032
33 1015
4 1062
24 1062
41 1062
12 1062
25 1062
28 1063
22 1063
48 1063
34 1063
78 1063
83 1063
73 1054
36 1054
31 1049
56 1064
57 1064
86 1023
80 1047
63 1035
7 1060
63 1060
68 1062
82 1048
61 1024
81 1046
67 1052
81 1052
59 1044
27 1029
6 1036
10 1037
39 1042
10 1042
29 1040
10 1040
2 1028
79 1062
39 1062
19 1030
12 1030
35 1027
49 1058
17 1050
42 1063
17 1063
69 1061
43 1056
17 1056
23 1041
26 1045
15 1057
8 1055
