8 345 0 100 2.33402e-08 2.00094 2.00094
3 351 0 100 1.16701e-08 2.52897 2.52897
68 350 0 100 0.5 2.38595 2.88595
66 353 0 100 0.3 2.6024 2.9024
84 362 0 100 3.50103e-08 3.39845 3.39845
22 363 0 100 5.83505e-08 3.41041 3.41041
86 359 0 100 0.7 3.0007 3.7007
27 347 0 100 1.6 2.10083 3.70083
78 355 0 100 1.5 2.70539 4.20539
19 348 0 100 2.1 2.24321 4.34321
64 361 0 100 1.1 3.3282 4.4282
72 346 0 100 2.6 2.04476 4.64476
72 367 0 100 0.6 4.07346 4.67346
89 358 0 100 2 2.98554 4.98554
18 376 0 100 0.5 4.58313 5.08313
52 365 0 100 1.6 3.77529 5.37529
79 364 0 100 1.8 3.65416 5.45416
38 354 0 100 3 2.6677 5.6677
45 373 0 100 1.4 4.4182 5.8182
87 375 0 100 1.4 4.57518 5.97518
41 370 0 100 1.9 4.20779 6.10779
25 356 0 100 3.6 2.85811 6.45811
33 349 0 100 4.3 2.29035 6.59035
33 377 0 100 1.9 4.69953 6.59953
48 360 0 100 3.8 3.22815 7.02815
65 352 0 100 4.5 2.53737 7.03737
74 368 0 100 3 4.14477 7.14477
74 386 0 100 0.1 7.11329 7.21329
49 383 0 100 0.9 6.64338 7.54338
49 371 0 100 3.4 4.27008 7.67008
56 357 0 100 4.9 2.94744 7.84744
56 380 0 100 2.1 5.78886 7.88886
61 366 0 100 4.1 4.05117 8.15117
43 374 0 100 3.7 4.46942 8.16942
84 391 0 100 0.2 8.16663 8.36663
61 390 0 100 0.8 7.56693 8.36693
17 372 0 100 4.3 4.38713 8.68713
30 378 0 100 4 4.96191 8.96191
12 381 0 100 2.6 6.50806 9.10806
77 369 0 100 5.1 4.20717 9.30717
78 389 0 100 2 7.43962 9.43962
64 379 0 100 4.3 5.35999 9.65999
64 392 0 100 1.5 8.25686 9.75686
72 385 0 100 2.8 7.08053 9.88053
89 388 0 100 2.6 7.43905 10.039
18 384 0 100 3.5 6.79033 10.2903
79 387 0 100 2.9 7.42017 10.3202
14 402 0 100 0.7 9.9594 10.6594
45 401 0 100 1.3 9.61531 10.9153
11 393 0 100 2.7 8.45996 11.16
87 394 0 100 2.7 8.4796 11.1796
41 395 0 100 2.8 8.61429 11.4143
25 396 0 100 2.9 8.71196 11.612
25 382 0 100 5.1 6.62208 11.7221
33 399 0 100 2.5 9.41887 11.9189
54 400 0 100 2.9 9.47898 12.379
65 398 0 100 3.1 9.36459 12.4646
49 403 0 100 2.8 9.96738 12.7674
17 397 0 100 4.2 9.154 13.354
