1 81 0 100 2.33402e-08 2.04911 2.04911
18 82 0 100 0.3 2.10628 2.40628
35 87 0 100 1.16701e-08 2.50377 2.50377
7 88 0 100 0.2 2.52399 2.72399
13 89 0 100 0.3 2.60236 2.90236
17 93 0 100 0.2 2.90381 3.10381
8 97 0 100 0.3 3.19356 3.49356
2 84 0 100 1.7 2.24514 3.94514
21 103 0 100 0.2 3.90259 4.10259
37 80 0 100 2.5 2.048 4.548
26 100 0 100 1.2 3.57817 4.77817
14 96 0 100 1.8 3.16741 4.96741
20 91 0 100 2.3 2.84883 5.14883
25 94 0 100 2.3 3.04058 5.34058
9 86 0 100 3.1 2.41359 5.51359
23 85 0 100 3.3 2.29316 5.59316
29 92 0 100 2.9 2.8614 5.7614
19 83 0 100 4.3 2.15038 6.45038
19 113 0 100 0.3 6.20472 6.50472
15 105 0 100 2 4.62163 6.62163
12 90 0 100 4.1 2.6466 6.7466
34 102 0 100 3 3.80431 6.80431
38 98 0 100 3.9 3.25346 7.15346
5 106 0 100 2.6 4.73518 7.33518
40 115 0 100 0.9 6.7275 7.6275
40 95 0 100 4.6 3.04682 7.64682
35 109 0 100 2.4 5.41152 7.81152
7 110 0 100 2.2 5.78402 7.98402
28 101 0 100 4.5 3.65823 8.15823
28 116 0 100 1.1 7.11034 8.21034
6 99 0 100 4.9 3.49387 8.39387
17 112 0 100 2.4 6.12707 8.52707
16 123 0 100 0.3 8.47543 8.77543
16 104 0 100 4.5 4.41769 8.91769
11 108 0 100 4.1 4.94053 9.04053
2 122 0 100 0.8 8.37754 9.17754
21 125 0 100 0.3 9.04335 9.34335
37 107 0 100 4.9 4.89041 9.79041
37 126 0 100 0.7 9.1165 9.8165
26 120 0 100 2 8.0558 10.0558
14 128 0 100 0.8 9.44282 10.2428
20 119 0 100 2.5 7.8865 10.3865
20 111 0 100 4.6 5.84623 10.4462
25 114 0 100 4.1 6.46984 10.5698
27 121 0 100 2.6 8.24822 10.8482
29 117 0 100 3.3 7.71037 11.0104
31 129 0 100 2.2 9.49251 11.6925
19 124 0 100 2.8 9.02319 11.8232
34 127 0 100 2.8 9.41845 12.2184
38 118 0 100 4.6 7.76956 12.3696
