79 992 0 100 1.16701e-08 2.16375 2.16375
55 993 0 100 7.00206e-08 2.17215 2.17215
20 990 0 100 0.5 2.14672 2.64672
87 989 0 100 0.7 2.11995 2.81995
16 997 0 100 0.6 2.41997 3.01997
11 1012 0 100 1.16701e-08 3.21387 3.21387
64 1015 0 100 3.50103e-08 3.36003 3.36003
17 1017 0 100 3.50103e-08 3.43246 3.43246
41 1011 0 100 0.4 3.157 3.557
61 994 0 100 1.5 2.20636 3.70636
51 998 0 100 1.2 2.51406 3.71406
39 1004 0 100 1 2.82195 3.82195
73 1024 0 100 0.4 3.63907 4.03907
83 1036 0 100 0.1 4.38034 4.48034
71 1016 0 100 1.1 3.3904 4.4904
34 1037 0 100 0.1 4.39226 4.49226
10 1032 0 100 0.4 4.11257 4.51257
19 1008 0 100 1.5 3.03381 4.53381
40 1040 0 100 1.16701e-08 4.56461 4.56461
83 995 0 100 2.3 2.29447 4.59448
7 1044 0 100 1.16701e-08 4.63357 4.63357
1 987 0 100 2.8 2.06676 4.86676
48 988 0 100 2.8 2.08891 4.88891
69 1048 0 100 9.33608e-08 4.89577 4.89577
90 1005 0 100 2.1 2.87304 4.97304
89 1049 0 100 1.16701e-07 4.98929 4.98929
18 1038 0 100 0.5 4.51922 5.01922
48 1051 0 100 4.66804e-08 5.05613 5.05613
40 996 0 100 2.7 2.41612 5.11612
72 1026 0 100 1.4 3.7295 5.1295
29 1031 0 100 1.1 4.04522 5.14522
19 1052 0 100 7.00206e-08 5.35861 5.35861
8 1021 0 100 1.9 3.51305 5.41305
75 999 0 100 2.9 2.56328 5.46328
22 1000 0 100 2.9 2.57658 5.47658
76 1041 0 100 1.1 4.57699 5.67699
35 991 0 100 3.6 2.14714 5.74714
50 1029 0 100 2.1 3.87386 5.97386
9 1030 0 100 2.3 3.89501 6.19501
45 1027 0 100 2.7 3.743 6.443
42 1002 0 100 3.8 2.69938 6.49938
47 985 0 100 4.5 2.00216 6.50216
45 1064 0 100 2.33402e-08 6.56357 6.56357
65 986 0 100 4.6 2.01102 6.61102
86 1009 0 100 3.6 3.05594 6.65594
66 1003 0 100 3.9 2.75686 6.65686
49 1014 0 100 3.3 3.3586 6.6586
43 1019 0 100 3.2 3.47697 6.67697
12 1022 0 100 3.2 3.53868 6.73868
84 1050 0 100 1.8 4.99522 6.79522
79 1053 0 100 1.4 5.54202 6.94202
54 1071 0 100 4.66804e-08 6.94492 6.94492
49 1072 0 100 4.66804e-08 6.97205 6.97205
86 1074 0 100 4.66804e-08 7.08116 7.08116
43 1076 0 100 5.83505e-08 7.12381 7.12381
57 1035 0 100 2.8 4.33136 7.13136
88 1061 0 100 1 6.33835 7.33835
15 1045 0 100 2.7 4.73837 7.43837
67 1013 0 100 4.2 3.246 7.446
54 1042 0 100 2.9 4.59794 7.49794
4 1018 0 100 4.3 3.43556 7.73556
6 1083 0 100 1.16701e-08 7.76082 7.76082
23 1058 0 100 1.8 5.97029 7.77029
23 1007 0 100 4.8 3.01769 7.81769
20 1060 0 100 1.5 6.31927 7.81927
6 1006 0 100 4.9 2.98184 7.88184
30 1020 0 100 4.5 3.48035 7.98035
30 1057 0 100 2.1 5.89721 7.99721
87 1063 0 100 1.5 6.55466 8.05466
3 1023 0 100 4.7 3.58812 8.28812
44 1033 0 100 4.1 4.25091 8.35091
24 1034 0 100 4.1 4.2672 8.3672
26 1025 0 100 4.7 3.68819 8.38819
64 1081 0 100 0.8 7.62329 8.42329
51 1059 0 100 2.4 6.05196 8.45196
77 1068 0 100 1.7 6.7789 8.4789
38 1028 0 100 5 3.84188 8.84188
61 1047 0 100 4 4.8818 8.8818
61 1086 0 100 1 7.90003 8.90003
44 1088 0 100 0.9 8.01441 8.91441
28 1046 0 100 4.3 4.80073 9.10073
81 1099 0 100 3.50103e-08 9.27616 9.27616
39 1082 0 100 1.6 7.688 9.288
81 1039 0 100 4.8 4.54244 9.34244
28 1102 0 100 1.16701e-08 9.36226 9.36226
27 1043 0 100 4.9 4.62697 9.52697
27 1107 0 100 1.16701e-08 9.60937 9.60937
10 1078 0 100 2.4 7.255 9.655
36 1080 0 100 2.2 7.52397 9.72397
29 1065 0 100 3.2 6.57001 9.77001
19 1085 0 100 1.9 7.8766 9.7766
7 1075 0 100 2.7 7.08913 9.78913
83 1094 0 100 0.9 8.9112 9.8112
34 1103 0 100 0.5 9.40146 9.90146
18 1100 0 100 0.8 9.29181 10.0918
48 1097 0 100 1 9.12779 10.1278
90 1055 0 100 4.4 5.75889 10.1589
21 1096 0 100 1.1 9.0809 10.1809
85 1079 0 100 2.7 7.48118 10.1812
89 1084 0 100 2.4 7.83193 10.2319
48 1077 0 100 3.2 7.12777 10.3278
34 1067 0 100 3.8 6.61821 10.4182
72 1056 0 100 4.6 5.83631 10.4363
75 1069 0 100 3.9 6.80413 10.7041
22 1090 0 100 1.9 8.81635 10.7163
22 1054 0 100 5.1 5.65376 10.7538
8 1062 0 100 4.3 6.48904 10.789
76 1087 0 100 3 7.93148 10.9315
35 1110 0 100 1.2 9.87171 11.0717
65 1070 0 100 4.6 6.85004 11.45
45 1106 0 100 1.9 9.55789 11.4579
33 1093 0 100 2.6 8.90337 11.5034
67 1109 0 100 1.8 9.81988 11.6199
60 1112 0 100 1.7 9.95002 11.65
52 1108 0 100 2.6 9.79278 12.3928
5 1113 0 100 2.5 9.98291 12.4829
84 1095 0 100 3.5 9.06634 12.5663
66 1092 0 100 3.8 8.85435 12.6543
79 1089 0 100 4.5 8.19057 12.6906
80 1111 0 100 3.1 9.93745 13.0375
30 1101 0 100 4 9.3117 13.3117
51 1104 0 100 4.5 9.40995 13.9099
24 1098 0 100 4.9 9.18525 14.0852
