5 336
69 336
73 336
52 336
30 336
6 336
67 336
70 336
81 336
15 336
68 337
37 337
53 337
54 337
55 337
66 337
9 337
13 337
44 337
2 337
11 337
35 337
71 337
8 337
84 337
63 337
41 337
22 338
10 338
57 338
33 338
83 338
47 338
60 338
43 339
24 339
65 339
34 339
51 340
1 340
12 340
40 340
56 340
75 340
79 340
74 340
45 340
40 341
51 341
79 341
74 341
29 342
49 342
18 342
27 343
19 343
90 343
20 343
25 343
26 343
31 343
78 343
81 344
30 344
52 344
69 344
73 344
73 345
30 345
82 340
50 340
14 338
77 346
62 346
48 346
50 347
82 347
40 347
51 347
79 347
5 344
64 348
7 348
32 348
16 348
86 336
90 349
20 349
7 350
44 351
2 351
11 351
13 351
84 351
66 351
63 351
68 351
30 352
73 352
5 352
89 353
67 344
81 345
67 345
17 336
14 354
22 354
57 354
83 354
88 342
11 355
44 355
84 355
13 355
66 355
46 342
4 353
24 356
38 340
83 358
57 358
22 358
49 359
29 359
13 360
44 360
11 360
17 362
67 362
82 363
40 363
50 363
51 363
4 364
79 363
74 347
45 341
36 340
81 362
30 362
73 362
45 365
36 365
74 365
79 365
51 365
40 365
82 365
23 343
51 366
40 366
79 366
74 366
45 366
27 349
23 349
79 367
51 367
74 367
57 368
20 369
90 369
23 369
27 369
90 370
20 370
78 349
39 343
62 372
21 346
77 372
21 372
72 346
76 348
64 350
76 350
7 371
64 371
76 371
28 348
73 373
30 373
81 373
3 361
81 374
30 374
85 339
65 356
85 356
43 356
77 375
11 376
44 376
58 337
43 377
24 377
65 377
54 351
58 351
68 355
66 360
68 360
80 337
24 378
13 376
66 376
80 376
68 376
87 337
42 337
84 360
68 379
80 379
87 379
13 379
44 379
11 379
59 337
63 355
21 375
39 375
78 375
20 375
41 351
59 351
39 380
21 380
78 380
21 381
39 381
61 357
44 382
62 383
60 354
83 368
60 368
57 384
83 384
60 384
30 385
22 368
14 358
86 352
5 362
86 362
11 382
84 382
63 382
41 382
73 374
5 374
86 374
79 386
81 385
17 373
58 387
88 359
46 359
76 388
7 388
11 389
84 389
63 389
73 390
5 390
30 390
81 390
89 364
49 391
4 393
89 393
38 363
50 365
38 365
82 366
50 366
38 366
40 367
82 367
50 367
51 386
40 386
82 386
50 386
80 394
77 380
74 386
45 367
57 396
22 396
60 396
36 366
27 370
7 398
90 375
42 379
20 380
90 380
78 381
20 381
90 381
44 389
87 394
44 394
84 379
11 394
62 380
72 383
76 398
28 388
3 395
85 377
65 378
85 378
24 392
65 392
85 392
43 378
54 387
68 394
42 389
84 394
63 379
41 389
59 382
61 397
83 396
14 396
86 390
14 390
22 390
57 390
17 390
88 391
46 391
38 367
