24 168
55 169
3 169
25 169
41 169
46 169
59 169
7 169
21 169
28 169
5 169
22 169
23 169
21 170
7 170
59 170
41 170
3 170
13 171
18 171
29 171
49 171
49 172
43 173
15 173
42 173
48 173
30 173
45 173
31 173
38 173
6 174
9 174
14 174
48 175
42 175
45 175
19 176
2 176
17 177
58 177
10 178
26 178
47 178
4 180
20 180
45 181
34 174
14 182
6 182
34 182
56 183
27 183
32 183
51 184
40 184
59 185
41 185
35 179
54 186
16 186
32 187
47 188
33 176
41 190
57 184
1 184
58 191
37 180
33 192
1 193
51 193
44 173
30 175
44 175
48 181
16 194
43 175
43 197
48 197
45 197
30 197
60 177
4 198
17 191
14 199
48 200
53 189
51 195
55 170
3 185
55 185
50 169
46 170
11 169
21 185
11 185
46 185
59 190
11 190
21 190
46 190
52 169
24 201
12 168
36 186
54 194
36 194
59 204
41 204
8 183
3 190
55 190
32 202
8 202
46 204
3 204
16 205
36 205
56 187
49 206
13 172
17 207
58 207
10 188
47 208
10 208
58 210
14 209
34 199
46 212
35 203
19 192
33 211
19 211
39 196
57 193
1 195
8 216
32 216
12 217
37 198
4 213
37 213
51 219
10 220
44 197
45 200
44 200
48 214
45 214
44 214
43 200
60 207
17 210
53 215
50 190
55 204
50 204
3 212
55 212
50 212
59 212
24 217
16 218
54 205
56 216
47 220
57 219
