5 336
30 336
69 336
70 336
81 336
15 336
17 336
52 336
67 336
70 336
81 336
6 336
17 336
52 336
70 336
81 336
6 336
30 336
52 336
67 336
53 337
54 337
58 337
68 337
80 337
37 337
58 337
68 337
68 337
13 337
68 337
80 337
87 337
8 337
42 337
44 337
84 337
2 337
8 337
63 337
71 337
84 337
2 337
8 337
35 337
63 337
84 337
2 337
11 337
35 337
63 337
71 337
22 338
33 338
83 338
10 338
57 338
60 338
0 338
83 338
12 340
51 340
74 340
75 340
79 340
1 340
51 340
74 340
75 340
79 340
51 340
56 340
51 340
75 340
1 340
12 340
51 340
74 340
27 343
20 343
26 343
31 343
39 343
78 343
20 343
25 343
31 343
39 343
78 343
20 343
25 343
26 343
39 343
70 344
81 344
5 344
30 344
64 348
76 348
8 351
42 351
44 351
84 351
42 351
44 351
2 355
11 355
82 363
45 365
51 366
1 367
12 367
75 367
79 367
19 369
90 369
7 371
32 371
0 376
13 376
55 376
68 376
87 376
87 379
39 380
69 390
73 390
57 396
