0 2186
0 2187
0 2188
0 2189
0 2190
0 2191
0 2193
0 2194
0 2195
0 2196
0 2197
0 2198
0 2199
0 2200
0 2201
0 2202
0 2203
0 2204
0 2205
25 2206
16 2207
0 2209
4 2210
0 2213
0 2215
0 2217
58 2206
60 2219
0 2220
12 2218
6 2221
22 2221
0 2222
10 2214
0 2223
43 2226
23 2227
0 2228
8 2207
0 2230
0 2232
14 2233
36 2234
0 2235
0 2238
44 2239
55 2234
0 2240
0 2243
32 2211
42 2244
0 2245
7 2249
13 2249
0 2250
28 2242
0 2252
0 2255
49 2257
0 2258
18 2210
0 2260
0 2262
54 2246
45 2224
9 2236
30 2263
0 2265
38 2229
21 2267
0 2268
0 2271
40 2272
30 2272
47 2251
13 2275
0 2276
2 2212
0 2280
31 2281
57 2274
17 2208
29 2282
0 2283
37 2279
27 2259
0 2284
34 2254
0 2285
0 2286
52 2270
53 2264
0 2287
3 2247
20 2253
0 2288
5 2248
0 2289
39 2261
0 2290
11 2221
0 2291
22 2231
6 2236
0 2294
0 2295
0 2297
0 2298
0 2300
26 2269
0 2302
51 2216
41 2267
0 2304
0 2305
12 2306
0 2307
0 2308
56 2239
0 2310
24 2256
44 2292
55 2312
0 2313
0 2314
19 2237
0 2315
0 2317
0 2318
50 2225
47 2320
23 2254
46 2227
0 2321
6 2322
22 2322
0 2323
0 2324
60 2233
0 2325
15 2241
33 2226
11 2322
39 2322
5 2322
53 2322
14 2306
0 2326
35 2277
5 2327
58 2278
25 2272
43 2263
0 2329
10 2301
0 2331
0 2332
17 2333
0 2334
8 2244
42 2257
0 2335
16 2293
49 2319
0 2338
9 2336
6 2336
22 2336
1 2275
0 2341
27 2342
59 2249
0 2343
7 2340
13 2312
36 2316
30 2344
43 2344
0 2345
13 2346
0 2347
48 2266
21 2348
32 2296
0 2349
0 2350
28 2309
0 2352
18 2273
0 2354
4 2303
40 2355
12 2355
0 2356
11 2336
39 2336
22 2339
11 2339
54 2282
0 2357
31 2358
45 2311
0 2359
29 2358
38 2281
24 2360
0 2361
0 2364
2 2320
0 2365
57 2333
0 2366
37 2342
0 2368
0 2369
0 2370
52 2322
0 2371
3 2351
53 2337
0 2372
20 2327
0 2373
5 2336
39 2339
0 2374
0 2375
0 2376
0 2377
0 2378
0 2379
0 2381
0 2382
0 2383
51 2367
41 2348
0 2384
0 2385
0 2386
56 2360
0 2387
44 2362
0 2388
0 2389
0 2390
0 2391
0 2392
50 2363
0 2393
23 2328
0 2394
34 2330
0 2395
0 2396
33 2344
0 2397
14 2355
0 2398
0 2399
0 2400
0 2401
0 2402
0 2403
0 2404
0 2405
0 2406
0 2407
0 2408
0 2409
0 2410
0 2411
0 2412
0 2413
0 2414
0 2415
0 2416
0 2417
0 2418
