21 603
29 603
19 603
4 604
26 604
15 604
34 603
35 603
27 607
23 607
28 607
1 607
12 607
33 608
37 609
16 609
34 610
29 610
19 610
9 611
22 611
10 611
1 612
27 612
23 612
13 613
45 614
6 614
14 613
47 615
44 615
32 615
6 616
18 617
44 618
32 618
47 618
9 618
22 618
25 619
35 620
19 620
29 620
15 621
19 622
16 623
5 624
11 624
49 626
11 626
5 626
32 627
44 627
47 627
9 627
36 628
26 621
11 629
12 630
1 630
27 630
38 628
4 621
14 632
38 634
30 604
8 603
34 620
29 622
21 610
4 637
26 637
15 637
42 609
37 623
34 638
21 638
19 638
35 640
19 640
21 640
44 641
32 641
47 641
41 636
39 614
45 616
31 607
28 612
31 612
23 630
28 630
45 642
39 642
49 643
24 625
20 611
10 618
22 627
9 641
1 644
31 644
28 644
27 644
50 615
40 606
26 646
43 617
27 648
28 648
12 648
31 648
9 649
22 649
20 649
4 650
2 605
32 651
47 651
50 651
34 640
21 652
34 652
35 652
7 633
18 653
47 654
50 654
33 645
16 655
42 655
25 639
17 619
13 632
14 657
5 629
11 643
48 626
22 659
3 635
28 660
31 660
45 661
29 638
42 638
19 652
29 652
46 631
31 662
28 662
36 634
38 647
49 664
48 664
29 666
21 666
34 666
35 666
50 667
47 667
9 667
26 650
15 646
30 637
35 668
34 668
29 668
11 664
8 640
19 666
21 668
42 652
16 638
37 655
41 656
6 642
39 661
12 660
1 648
27 662
23 644
24 658
10 649
22 667
10 667
20 659
44 651
32 654
40 665
43 653
2 663
5 664
