85 401
88 401
92 401
31 401
40 401
52 401
92 401
27 401
40 401
92 401
32 401
40 401
69 401
91 401
95 401
12 401
32 401
40 401
2 401
12 401
21 401
60 401
83 401
95 401
21 401
32 401
35 401
60 401
66 401
83 401
91 401
98 401
2 401
32 401
35 401
36 401
60 401
66 401
83 401
91 401
98 401
2 401
21 401
36 401
60 401
66 401
83 401
91 401
98 401
2 401
21 401
32 401
35 401
36 401
66 401
83 401
91 401
98 401
2 401
21 401
35 401
60 401
91 401
98 401
11 401
21 401
23 401
35 401
60 401
66 401
79 401
23 401
36 401
79 401
98 401
11 401
36 401
98 401
16 403
18 403
61 403
8 403
49 403
61 403
61 403
74 403
84 403
17 403
51 403
90 403
94 403
100 403
17 403
34 403
90 403
94 403
100 403
17 403
34 403
51 403
94 403
100 403
17 403
34 403
51 403
63 403
90 403
5 404
24 404
25 404
50 404
70 404
72 404
77 404
97 404
4 404
6 404
10 404
24 404
29 404
72 404
77 404
97 404
4 404
5 404
29 404
72 404
77 404
97 404
4 404
70 404
77 404
4 404
77 404
4 404
5 404
24 404
29 404
77 404
5 404
10 404
24 404
29 404
30 404
57 404
71 404
93 404
5 404
6 404
24 404
57 404
6 404
10 404
57 404
71 404
93 404
6 404
10 404
30 404
57 404
2 405
21 405
35 405
36 405
60 405
91 405
98 405
98 405
15 406
45 406
48 406
89 406
15 406
19 406
89 406
7 407
67 407
44 407
55 407
82 407
20 407
28 407
96 407
47 407
82 407
17 408
27 410
31 410
40 410
40 410
1 411
68 411
87 411
1 411
33 411
86 411
37 411
43 411
0 410
73 410
43 412
87 412
2 413
21 413
35 413
60 413
66 413
83 413
73 413
5 414
6 414
24 414
5 414
24 414
72 414
97 414
38 415
2 417
12 417
32 417
91 417
0 419
39 419
81 419
84 431
18 435
38 435
42 438
3 442
54 442
26 446
73 446
43 462
