78 853
62 853
28 853
21 853
4 853
79 853
48 853
58 854
31 854
37 854
52 854
66 854
25 854
56 855
67 856
13 856
59 856
3 856
47 857
75 858
62 858
28 858
21 858
48 858
4 858
16 859
50 859
22 859
73 859
68 859
70 860
10 860
43 860
23 860
36 860
9 861
34 862
11 862
8 862
12 862
61 862
49 862
71 862
9 862
19 862
44 862
25 863
52 863
37 863
31 863
41 863
54 864
17 864
31 865
37 865
25 865
68 866
16 866
50 866
22 866
73 866
66 866
25 866
37 866
31 866
30 867
6 867
26 867
59 868
3 868
13 868
64 868
67 868
63 869
1 869
69 869
35 869
6 870
21 871
4 871
48 871
36 871
65 872
24 872
46 872
39 872
2 873
52 865
66 865
73 865
16 865
50 865
68 865
28 874
21 874
48 874
17 875
73 876
16 876
50 876
29 855
79 858
4 874
33 877
4 878
21 878
52 879
37 879
25 879
66 879
73 879
16 879
77 859
8 880
12 880
34 880
61 880
49 880
19 880
44 880
9 880
68 876
22 865
77 881
62 882
75 882
28 882
21 882
1 883
63 883
34 883
12 883
8 883
49 883
19 883
9 883
66 884
29 885
72 854
40 886
19 887
49 888
58 863
41 866
58 866
43 889
55 889
35 890
69 890
63 890
11 890
12 890
5 868
69 891
55 892
3 893
59 893
13 893
27 894
39 895
30 895
34 890
61 890
49 890
10 889
43 892
51 856
9 887
49 887
61 887
12 887
34 887
63 887
19 888
61 896
49 896
46 897
39 897
64 898
67 898
13 898
59 898
50 899
77 899
22 899
68 899
73 899
11 887
1 887
42 900
37 901
72 901
52 901
66 901
73 901
50 901
68 901
77 901
45 867
11 902
63 902
34 902
12 902
61 902
26 870
32 903
6 895
26 895
30 897
6 897
26 897
13 904
64 904
67 904
75 905
62 905
28 905
12 907
34 907
11 907
63 907
57 872
24 908
65 908
7 857
72 909
52 909
37 909
31 909
58 909
47 906
73 910
68 910
77 910
15 886
3 898
78 905
79 874
66 911
73 911
77 911
4 882
53 860
79 860
80 853
23 871
53 871
79 871
36 858
53 858
48 878
28 912
62 912
75 912
78 912
21 912
48 912
23 858
65 914
39 914
30 914
24 914
57 914
77 915
73 915
67 916
64 916
13 916
59 916
66 915
52 915
37 915
31 915
58 915
72 915
10 892
70 889
34 917
12 917
61 917
11 917
59 918
13 918
67 918
38 900
79 919
21 919
28 919
75 919
78 919
17 913
74 864
54 875
58 920
37 920
52 920
45 921
26 921
6 921
30 921
39 921
57 921
65 921
14 873
31 922
58 922
37 922
52 922
66 922
73 922
43 923
55 923
10 923
35 891
69 887
35 887
57 924
65 924
39 924
30 924
6 924
26 924
63 917
69 917
35 917
76 869
1 907
26 925
6 925
30 925
39 925
65 925
30 926
39 926
42 927
12 928
8 890
49 902
11 929
34 929
37 930
52 930
66 930
71 880
9 888
71 888
19 896
71 896
21 932
80 932
48 932
79 932
36 932
53 932
13 933
44 883
52 934
2 935
75 936
78 936
28 936
21 936
48 936
36 936
79 936
80 936
6 937
30 937
18 877
33 931
60 903
40 938
20 894
27 940
56 885
34 941
12 941
11 941
63 941
69 941
35 941
76 941
29 939
48 942
36 942
16 899
73 930
16 930
68 911
16 911
65 926
7 926
77 922
68 922
16 922
35 943
76 943
69 943
63 943
34 943
12 943
11 943
61 943
71 943
9 943
44 943
19 943
49 943
78 944
75 944
28 944
21 944
80 944
79 944
48 944
22 901
50 910
39 937
65 937
66 934
73 934
25 915
72 920
65 945
32 946
53 942
79 942
80 942
21 942
28 942
78 942
36 944
55 947
43 947
41 909
59 948
50 949
68 949
77 949
22 949
73 949
66 949
25 949
52 949
72 949
58 949
37 949
31 949
41 949
5 904
36 950
48 950
79 950
80 950
21 950
67 933
5 933
64 918
61 951
71 951
19 951
44 951
9 951
80 952
48 952
39 945
30 945
6 945
13 948
28 950
73 953
22 953
77 953
50 953
68 953
54 954
74 954
76 955
69 955
63 955
34 955
12 955
61 955
71 955
19 955
44 955
66 956
52 956
37 956
72 956
58 956
31 956
36 952
51 898
3 916
12 957
34 957
61 957
71 957
19 957
45 924
26 945
45 945
69 958
63 958
34 958
12 958
61 958
74 959
46 914
57 925
24 921
71 958
7 937
47 926
15 938
78 950
75 942
62 919
4 936
79 952
4 952
53 944
23 932
10 947
70 923
38 927
17 954
54 959
17 959
14 935
2 960
1 941
8 943
49 951
8 951
9 955
49 955
19 958
49 958
44 957
9 957
60 946
16 953
41 956
