4 0.8 0.048 0.752
2 0.8 0.048 0.752
29 0.8 0.048 0.752
4 0.752 0.144 0.608
4 0.608 0.16 0.448
4 0.448 0.016 0.432
2 0.752 0.16 0.592
29 0.752 0.16 0.592
24 0.8 0.048 0.752
48 0.8 0.048 0.752
24 0.752 0.048 0.704
24 0.704 0.16 0.544
48 0.752 0.16 0.592
48 0.592 0.016 0.576
24 0.544 0.016 0.528
48 0.576 0.048 0.528
24 0.528 0.048 0.48
46 0.8 0.048 0.752
48 0.528 0.048 0.48
48 0.48 0.16 0.32
24 0.48 0.16 0.32
46 0.752 0.16 0.592
46 0.592 0.016 0.576
48 0.32 0.016 0.304
46 0.576 0.048 0.528
48 0.304 0.048 0.256
19 0.8 0.048 0.752
5 0.8 0.048 0.752
8 0.8 0.048 0.752
19 0.752 0.096 0.656
19 0.656 0.16 0.496
5 0.752 0.16 0.592
5 0.592 0.016 0.576
19 0.496 0.016 0.48
5 0.576 0.048 0.528
8 0.752 0.048 0.704
10 0.8 0.048 0.752
19 0.48 0.048 0.432
5 0.528 0.096 0.432
5 0.432 0.16 0.272
8 0.704 0.16 0.544
8 0.544 0.16 0.384
10 0.752 0.16 0.592
19 0.432 0.16 0.272
14 0.8 0.048 0.752
39 0.8 0.048 0.752
14 0.752 0.048 0.704
14 0.704 0.16 0.544
39 0.752 0.16 0.592
39 0.592 0.016 0.576
14 0.544 0.016 0.528
39 0.576 0.048 0.528
14 0.528 0.048 0.48
31 0.8 0.048 0.752
40 0.8 0.048 0.752
43 0.8 0.048 0.752
31 0.752 0.096 0.656
31 0.656 0.16 0.496
40 0.752 0.16 0.592
40 0.592 0.016 0.576
31 0.496 0.016 0.48
40 0.576 0.048 0.528
31 0.48 0.048 0.432
43 0.752 0.048 0.704
40 0.528 0.048 0.48
40 0.48 0.16 0.32
43 0.704 0.16 0.544
31 0.432 0.16 0.272
43 0.544 0.16 0.384
20 0.8 0.048 0.752
13 0.8 0.048 0.752
20 0.752 0.048 0.704
20 0.704 0.16 0.544
13 0.752 0.16 0.592
13 0.592 0.016 0.576
20 0.544 0.016 0.528
13 0.576 0.048 0.528
6 0.8 0.048 0.752
20 0.528 0.048 0.48
13 0.528 0.048 0.48
13 0.48 0.16 0.32
6 0.752 0.16 0.592
6 0.592 0.016 0.576
13 0.32 0.016 0.304
6 0.576 0.048 0.528
13 0.304 0.048 0.256
17 0.8 0.048 0.752
32 0.8 0.048 0.752
49 0.8 0.048 0.752
6 0.528 0.144 0.384
6 0.384 0.16 0.224
20 0.48 0.16 0.32
13 0.256 0.16 0.096
17 0.752 0.16 0.592
17 0.592 0.016 0.576
6 0.224 0.016 0.208
17 0.576 0.048 0.528
6 0.208 0.048 0.16
15 0.8 0.048 0.752
32 0.752 0.048 0.704
49 0.752 0.048 0.704
17 0.528 0.144 0.384
17 0.384 0.16 0.224
32 0.704 0.16 0.544
49 0.704 0.16 0.544
6 0.16 0.16 -8.32667e-17
15 0.752 0.16 0.592
15 0.592 0.016 0.576
17 0.224 0.016 0.208
15 0.576 0.048 0.528
17 0.208 0.048 0.16
32 0.544 0.048 0.496
49 0.544 0.048 0.496
32 0.496 0.16 0.336
49 0.496 0.16 0.336
45 0.8 0.048 0.752
28 0.8 0.048 0.752
34 0.8 0.048 0.752
45 0.752 0.096 0.656
45 0.656 0.16 0.496
28 0.752 0.16 0.592
28 0.592 0.016 0.576
45 0.496 0.016 0.48
28 0.576 0.048 0.528
45 0.48 0.048 0.432
34 0.752 0.16 0.592
46 0.8 0.048 0.752
48 0.635461 0.048 0.587461
29 0.8 0.048 0.752
4 0.8 0.048 0.752
29 0.752 0.048 0.704
29 0.704 0.16 0.544
4 0.752 0.16 0.592
4 0.592 0.016 0.576
29 0.544 0.016 0.528
4 0.576 0.048 0.528
2 0.8 0.048 0.752
29 0.528 0.048 0.48
4 0.528 0.048 0.48
4 0.48 0.16 0.32
2 0.752 0.16 0.592
2 0.592 0.016 0.576
4 0.32 0.016 0.304
2 0.576 0.048 0.528
4 0.304 0.048 0.256
29 0.48 0.16 0.32
39 0.8 0.048 0.752
14 0.8 0.048 0.752
15 0.8 0.048 0.752
17 0.539269 0.048 0.491269
32 0.710488 0.048 0.662488
49 0.708531 0.048 0.660531
15 0.752 0.096 0.656
15 0.656 0.16 0.496
17 0.491269 0.16 0.331269
32 0.662488 0.16 0.502488
32 0.502488 0.016 0.486488
15 0.496 0.016 0.48
32 0.486488 0.048 0.438488
6 0.382491 0.048 0.334491
15 0.48 0.048 0.432
17 0.331269 0.048 0.283269
49 0.660531 0.048 0.612531
32 0.438488 0.048 0.390488
32 0.390488 0.16 0.230488
49 0.612531 0.16 0.452531
6 0.334491 0.16 0.174491
15 0.432 0.16 0.272
17 0.283269 0.16 0.123269
49 0.452531 0.16 0.292531
28 0.8 0.048 0.752
12 0.8 0.048 0.752
45 0.8 0.048 0.752
28 0.752 0.048 0.704
28 0.704 0.16 0.544
12 0.752 0.16 0.592
12 0.592 0.016 0.576
28 0.544 0.016 0.528
12 0.576 0.048 0.528
28 0.528 0.048 0.48
38 0.8 0.048 0.752
12 0.528 0.048 0.48
12 0.48 0.16 0.32
45 0.752 0.16 0.592
28 0.48 0.16 0.32
38 0.752 0.16 0.592
38 0.592 0.016 0.576
12 0.32 0.016 0.304
38 0.576 0.048 0.528
12 0.304 0.048 0.256
46 0.8 0.048 0.752
48 0.8 0.048 0.752
23 0.8 0.048 0.752
25 0.8 0.048 0.752
35 0.8 0.048 0.752
23 0.752 0.096 0.656
23 0.656 0.16 0.496
25 0.752 0.16 0.592
25 0.592 0.016 0.576
23 0.496 0.016 0.48
25 0.576 0.048 0.528
23 0.48 0.048 0.432
35 0.752 0.048 0.704
25 0.528 0.048 0.48
25 0.48 0.16 0.32
35 0.704 0.16 0.544
23 0.432 0.16 0.272
35 0.544 0.16 0.384
2 0.8 0.048 0.752
4 0.631417 0.048 0.583417
7 0.8 0.048 0.752
9 0.8 0.048 0.752
37 0.8 0.048 0.752
44 0.8 0.048 0.752
7 0.752 0.192 0.56
7 0.56 0.16 0.4
7 0.4 0.016 0.384
9 0.752 0.16 0.592
37 0.752 0.16 0.592
44 0.752 0.16 0.592
44 0.667911 0.048 0.619911
7 0.455031 0.048 0.407031
9 0.671138 0.048 0.623138
37 0.740493 0.048 0.692493
44 0.619911 0.144 0.475911
44 0.475911 0.16 0.315911
44 0.315911 0.016 0.299911
7 0.407031 0.16 0.247031
9 0.623138 0.16 0.463138
37 0.692493 0.16 0.532493
39 0.8 0.048 0.752
14 0.8 0.048 0.752
12 0.48211 0.048 0.43411
28 0.544882 0.048 0.496882
38 0.744079 0.048 0.696079
12 0.43411 0.048 0.38611
12 0.38611 0.16 0.22611
28 0.496882 0.16 0.336882
38 0.696079 0.16 0.536079
38 0.684185 0.048 0.636185
12 0.379289 0.048 0.331289
46 0.8 0.048 0.752
48 0.8 0.048 0.752
9 0.694036 0.048 0.646036
7 0.474095 0.048 0.426095
37 0.759734 0.048 0.711734
44 0.52368 0.048 0.47568
9 0.646036 0.048 0.598036
9 0.598036 0.16 0.438036
7 0.426095 0.16 0.266095
37 0.711734 0.16 0.551734
37 0.551734 0.016 0.535734
9 0.438036 0.016 0.422036
37 0.535734 0.048 0.487734
7 0.266095 0.048 0.218095
9 0.422036 0.048 0.374036
44 0.47568 0.048 0.42768
44 0.42768 0.16 0.26768
2 0.8 0.048 0.752
4 0.8 0.048 0.752
26 0.8 0.048 0.752
21 0.8 0.048 0.752
42 0.8 0.048 0.752
47 0.8 0.048 0.752
26 0.752 0.144 0.608
26 0.608 0.16 0.448
21 0.752 0.16 0.592
21 0.592 0.016 0.576
26 0.448 0.016 0.432
21 0.576 0.048 0.528
26 0.432 0.048 0.384
27 0.8 0.048 0.752
47 0.752 0.048 0.704
21 0.528 0.096 0.432
21 0.432 0.16 0.272
42 0.752 0.16 0.592
47 0.704 0.16 0.544
26 0.384 0.16 0.224
27 0.752 0.16 0.592
27 0.592 0.016 0.576
21 0.272 0.016 0.256
27 0.576 0.048 0.528
21 0.256 0.048 0.208
47 0.544 0.16 0.384
36 0.8 0.048 0.752
1 0.8 0.048 0.752
18 0.8 0.048 0.752
22 0.8 0.048 0.752
36 0.752 0.144 0.608
36 0.608 0.16 0.448
1 0.752 0.16 0.592
1 0.592 0.016 0.576
36 0.448 0.016 0.432
1 0.576 0.048 0.528
18 0.752 0.048 0.704
22 0.752 0.048 0.704
36 0.432 0.048 0.384
1 0.528 0.096 0.432
1 0.432 0.16 0.272
18 0.704 0.16 0.544
22 0.704 0.16 0.544
18 0.544 0.16 0.384
22 0.544 0.16 0.384
36 0.384 0.16 0.224
39 0.8 0.048 0.752
14 0.8 0.048 0.752
33 0.8 0.048 0.752
34 0.8 0.048 0.752
45 0.8 0.048 0.752
33 0.752 0.096 0.656
33 0.656 0.16 0.496
34 0.752 0.16 0.592
34 0.592 0.016 0.576
33 0.496 0.016 0.48
34 0.576 0.048 0.528
28 0.71941 0.048 0.67141
33 0.48 0.048 0.432
45 0.752 0.048 0.704
34 0.528 0.096 0.432
34 0.432 0.16 0.272
45 0.704 0.16 0.544
28 0.67141 0.16 0.51141
28 0.51141 0.016 0.49541
34 0.272 0.016 0.256
28 0.49541 0.048 0.44741
12 0.556014 0.048 0.508014
34 0.256 0.048 0.208
45 0.544 0.048 0.496
33 0.432 0.16 0.272
45 0.496 0.16 0.336
30 0.8 0.048 0.752
38 0.8 0.048 0.752
12 0.654574 0.048 0.606574
46 0.8 0.048 0.752
48 0.8 0.048 0.752
37 0.8 0.048 0.752
7 0.595016 0.048 0.547016
9 0.754857 0.048 0.706857
44 0.629959 0.048 0.581959
37 0.752 0.096 0.656
37 0.656 0.16 0.496
7 0.547016 0.16 0.387016
9 0.706857 0.16 0.546857
44 0.581959 0.16 0.421959
2 0.8 0.048 0.752
4 0.8 0.048 0.752
19 0.8 0.048 0.752
5 0.8 0.048 0.752
8 0.8 0.048 0.752
50 0.8 0.048 0.752
19 0.752 0.096 0.656
19 0.656 0.16 0.496
5 0.752 0.16 0.592
8 0.752 0.16 0.592
8 0.592 0.016 0.576
19 0.496 0.016 0.48
8 0.576 0.048 0.528
19 0.48 0.048 0.432
50 0.752 0.048 0.704
8 0.528 0.048 0.48
8 0.48 0.16 0.32
50 0.704 0.16 0.544
19 0.432 0.16 0.272
50 0.544 0.16 0.384
27 0.8 0.048 0.752
21 0.579475 0.048 0.531475
27 0.752 0.048 0.704
27 0.704 0.16 0.544
27 0.544 0.016 0.528
21 0.531475 0.16 0.371475
15 0.8 0.048 0.752
17 0.8 0.048 0.752
49 0.8 0.048 0.752
15 0.752 0.096 0.656
15 0.656 0.16 0.496
17 0.752 0.16 0.592
17 0.592 0.016 0.576
15 0.496 0.016 0.48
17 0.576 0.048 0.528
6 0.8 0.048 0.752
15 0.48 0.048 0.432
32 0.8 0.048 0.752
49 0.752 0.048 0.704
17 0.528 0.096 0.432
17 0.432 0.16 0.272
49 0.704 0.16 0.544
6 0.752 0.16 0.592
6 0.592 0.016 0.576
17 0.272 0.016 0.256
6 0.576 0.048 0.528
13 0.8 0.048 0.752
17 0.256 0.048 0.208
32 0.752 0.048 0.704
49 0.544 0.048 0.496
6 0.528 0.048 0.48
6 0.48 0.16 0.32
15 0.432 0.16 0.272
32 0.704 0.16 0.544
49 0.496 0.16 0.336
13 0.752 0.16 0.592
13 0.592 0.016 0.576
6 0.32 0.016 0.304
13 0.576 0.048 0.528
6 0.304 0.048 0.256
20 0.8 0.048 0.752
13 0.528 0.048 0.48
13 0.48 0.16 0.32
17 0.208 0.16 0.048
32 0.544 0.16 0.384
49 0.336 0.16 0.176
6 0.256 0.16 0.096
20 0.752 0.16 0.592
20 0.592 0.016 0.576
13 0.32 0.016 0.304
20 0.576 0.048 0.528
13 0.304 0.048 0.256
39 0.8 0.048 0.752
14 0.8 0.048 0.752
28 0.8 0.048 0.752
34 0.579349 0.048 0.531349
45 0.714124 0.048 0.666124
28 0.752 0.048 0.704
28 0.704 0.16 0.544
34 0.531349 0.16 0.371349
45 0.666124 0.16 0.506124
45 0.506124 0.016 0.490124
28 0.544 0.016 0.528
45 0.490124 0.048 0.442124
28 0.528 0.048 0.48
34 0.371349 0.048 0.323349
48 0.8 0.048 0.752
24 0.8 0.048 0.752
46 0.8 0.048 0.752
48 0.752 0.048 0.704
48 0.704 0.16 0.544
24 0.752 0.16 0.592
24 0.592 0.016 0.576
48 0.544 0.016 0.528
24 0.576 0.048 0.528
48 0.528 0.048 0.48
46 0.752 0.16 0.592
30 0.8 0.048 0.752
47 0.8 0.048 0.752
26 0.672412 0.048 0.624412
42 0.8 0.048 0.752
47 0.752 0.096 0.656
47 0.656 0.16 0.496
26 0.624412 0.16 0.464412
42 0.752 0.16 0.592
18 0.8 0.048 0.752
1 0.794536 0.048 0.746536
22 0.8 0.048 0.752
36 0.759033 0.048 0.711033
18 0.752 0.096 0.656
18 0.656 0.16 0.496
1 0.746536 0.16 0.586536
22 0.752 0.16 0.592
22 0.592 0.016 0.576
18 0.496 0.016 0.48
22 0.576 0.048 0.528
1 0.586536 0.048 0.538536
18 0.48 0.048 0.432
36 0.711033 0.048 0.663033
22 0.528 0.048 0.48
22 0.48 0.16 0.32
36 0.663033 0.16 0.503033
1 0.538536 0.16 0.378536
18 0.432 0.16 0.272
36 0.503033 0.16 0.343033
38 0.8 0.048 0.752
12 0.8 0.048 0.752
46 0.8 0.048 0.752
48 0.62946 0.048 0.58146
2 0.8 0.048 0.752
4 0.8 0.048 0.752
49 0.470422 0.048 0.422422
6 0.398038 0.048 0.350038
17 0.344302 0.048 0.296302
32 0.681605 0.048 0.633605
16 0.8 0.048 0.752
3 0.8 0.048 0.752
16 0.752 0.048 0.704
16 0.704 0.16 0.544
3 0.752 0.16 0.592
3 0.592 0.016 0.576
16 0.544 0.016 0.528
3 0.576 0.048 0.528
16 0.528 0.048 0.48
50 0.8 0.048 0.752
8 0.8 0.048 0.752
11 0.8 0.048 0.752
50 0.752 0.048 0.704
50 0.704 0.16 0.544
8 0.752 0.16 0.592
11 0.752 0.16 0.592
11 0.592 0.016 0.576
50 0.544 0.016 0.528
11 0.576 0.048 0.528
50 0.528 0.048 0.48
34 0.706821 0.048 0.658821
28 0.8 0.048 0.752
33 0.8 0.048 0.752
45 0.8 0.048 0.752
34 0.658821 0.096 0.562821
34 0.562821 0.16 0.402821
28 0.752 0.16 0.592
28 0.592 0.016 0.576
34 0.402821 0.016 0.386821
28 0.576 0.048 0.528
12 0.8 0.048 0.752
34 0.386821 0.048 0.338821
45 0.752 0.048 0.704
33 0.752 0.16 0.592
45 0.704 0.16 0.544
20 0.8 0.048 0.752
13 0.641649 0.048 0.593649
39 0.8 0.048 0.752
14 0.8 0.048 0.752
45 0.544 0.048 0.496
28 0.528 0.048 0.48
33 0.592 0.048 0.544
34 0.338821 0.048 0.290821
24 0.8 0.048 0.752
48 0.8 0.048 0.752
30 0.8 0.048 0.752
21 0.8 0.048 0.752
26 0.8 0.048 0.752
27 0.8 0.048 0.752
47 0.8 0.048 0.752
21 0.752 0.096 0.656
21 0.656 0.16 0.496
26 0.752 0.16 0.592
26 0.592 0.016 0.576
21 0.496 0.016 0.48
26 0.576 0.048 0.528
21 0.48 0.048 0.432
42 0.8 0.048 0.752
47 0.752 0.048 0.704
26 0.528 0.048 0.48
26 0.48 0.16 0.32
27 0.752 0.16 0.592
47 0.704 0.16 0.544
21 0.432 0.16 0.272
42 0.752 0.16 0.592
42 0.592 0.016 0.576
26 0.32 0.016 0.304
42 0.576 0.048 0.528
26 0.304 0.048 0.256
47 0.544 0.048 0.496
47 0.496 0.16 0.336
29 0.8 0.048 0.752
4 0.8 0.048 0.752
29 0.752 0.048 0.704
29 0.704 0.16 0.544
4 0.752 0.16 0.592
4 0.592 0.016 0.576
29 0.544 0.016 0.528
4 0.576 0.048 0.528
2 0.8 0.048 0.752
29 0.528 0.048 0.48
38 0.8 0.048 0.752
12 0.8 0.048 0.752
46 0.8 0.048 0.752
48 0.8 0.048 0.752
17 0.522897 0.048 0.474897
6 0.643103 0.048 0.595103
15 0.8 0.048 0.752
49 0.735329 0.048 0.687329
17 0.474897 0.096 0.378897
17 0.378897 0.16 0.218897
6 0.595103 0.16 0.435103
15 0.752 0.16 0.592
49 0.687329 0.16 0.527329
2 0.8 0.048 0.752
4 0.601374 0.048 0.553374
49 0.604202 0.048 0.556202
6 0.512355 0.048 0.464355
17 0.374545 0.048 0.326545
32 0.8 0.048 0.752
49 0.556202 0.048 0.508202
49 0.508202 0.16 0.348202
49 0.348202 0.016 0.332202
6 0.464355 0.16 0.304355
17 0.326545 0.16 0.166545
32 0.752 0.16 0.592
3 0.8 0.048 0.752
16 0.8 0.048 0.752
11 0.8 0.048 0.752
50 0.8 0.048 0.752
28 0.8 0.048 0.752
12 0.8 0.048 0.752
34 0.671492 0.048 0.623492
45 0.8 0.048 0.752
20 0.8 0.048 0.752
13 0.8 0.048 0.752
35 0.8 0.048 0.752
23 0.8 0.048 0.752
25 0.8 0.048 0.752
35 0.752 0.048 0.704
35 0.704 0.16 0.544
23 0.752 0.16 0.592
23 0.592 0.016 0.576
35 0.544 0.016 0.528
23 0.576 0.048 0.528
25 0.752 0.048 0.704
35 0.528 0.048 0.48
25 0.704 0.16 0.544
39 0.8 0.048 0.752
14 0.8 0.048 0.752
45 0.752 0.048 0.704
28 0.752 0.048 0.704
34 0.623492 0.048 0.575492
24 0.8 0.048 0.752
48 0.8 0.048 0.752
30 0.8 0.048 0.752
42 0.8 0.048 0.752
26 0.633198 0.048 0.585198
47 0.70167 0.048 0.65367
4 0.8 0.048 0.752
2 0.8 0.048 0.752
29 0.8 0.048 0.752
27 0.8 0.048 0.752
21 0.630352 0.048 0.582352
27 0.752 0.048 0.704
27 0.704 0.16 0.544
21 0.582352 0.16 0.422352
38 0.8 0.048 0.752
12 0.8 0.048 0.752
46 0.8 0.048 0.752
13 0.8 0.048 0.752
20 0.8 0.048 0.752
31 0.8 0.048 0.752
40 0.8 0.048 0.752
43 0.8 0.048 0.752
31 0.752 0.048 0.704
31 0.704 0.16 0.544
40 0.752 0.16 0.592
43 0.752 0.16 0.592
43 0.592 0.016 0.576
31 0.544 0.016 0.528
43 0.576 0.048 0.528
31 0.528 0.048 0.48
40 0.592 0.048 0.544
10 0.8 0.048 0.752
5 0.8 0.048 0.752
41 0.8 0.048 0.752
10 0.752 0.048 0.704
10 0.704 0.16 0.544
5 0.752 0.16 0.592
41 0.752 0.16 0.592
41 0.592 0.016 0.576
10 0.544 0.016 0.528
41 0.576 0.048 0.528
10 0.528 0.048 0.48
2 0.8 0.048 0.752
4 0.8 0.048 0.752
6 0.600588 0.048 0.552588
17 0.469645 0.048 0.421645
32 0.8 0.048 0.752
49 0.703678 0.048 0.655678
6 0.552588 0.048 0.504588
6 0.504588 0.16 0.344588
17 0.421645 0.16 0.261645
32 0.752 0.16 0.592
49 0.655678 0.16 0.495678
3 0.8 0.048 0.752
16 0.8 0.048 0.752
11 0.8 0.048 0.752
50 0.8 0.048 0.752
28 0.8 0.048 0.752
12 0.8 0.048 0.752
45 0.8 0.048 0.752
20 0.8 0.048 0.752
13 0.8 0.048 0.752
23 0.8 0.048 0.752
25 0.8 0.048 0.752
35 0.8 0.048 0.752
39 0.8 0.048 0.752
14 0.8 0.048 0.752
45 0.752 0.048 0.704
28 0.752 0.048 0.704
33 0.8 0.048 0.752
34 0.8 0.048 0.752
24 0.8 0.048 0.752
48 0.8 0.048 0.752
30 0.8 0.048 0.752
26 0.8 0.048 0.752
21 0.717565 0.048 0.669565
42 0.8 0.048 0.752
47 0.8 0.048 0.752
26 0.752 0.048 0.704
26 0.704 0.16 0.544
21 0.669565 0.16 0.509565
21 0.509565 0.016 0.493565
26 0.544 0.016 0.528
21 0.493565 0.048 0.445565
26 0.528 0.048 0.48
42 0.752 0.16 0.592
47 0.752 0.16 0.592
7 0.8 0.048 0.752
9 0.8 0.048 0.752
37 0.8 0.048 0.752
44 0.8 0.048 0.752
7 0.752 0.096 0.656
7 0.656 0.16 0.496
9 0.752 0.16 0.592
9 0.592 0.016 0.576
7 0.496 0.016 0.48
9 0.576 0.048 0.528
7 0.48 0.048 0.432
37 0.752 0.048 0.704
44 0.752 0.048 0.704
9 0.528 0.048 0.48
9 0.48 0.16 0.32
37 0.704 0.16 0.544
44 0.704 0.16 0.544
7 0.432 0.16 0.272
37 0.544 0.16 0.384
44 0.544 0.16 0.384
42 0.592 0.048 0.544
26 0.48 0.048 0.432
47 0.663164 0.048 0.615164
4 0.8 0.048 0.752
2 0.8 0.048 0.752
38 0.8 0.048 0.752
12 0.8 0.048 0.752
46 0.8 0.048 0.752
13 0.8 0.048 0.752
20 0.8 0.048 0.752
43 0.8 0.048 0.752
31 0.8 0.048 0.752
40 0.8 0.048 0.752
41 0.8 0.048 0.752
10 0.8 0.048 0.752
27 0.8 0.048 0.752
2 0.8 0.048 0.752
4 0.8 0.048 0.752
3 0.8 0.048 0.752
16 0.8 0.048 0.752
11 0.8 0.048 0.752
50 0.8 0.048 0.752
28 0.8 0.048 0.752
12 0.8 0.048 0.752
34 0.8 0.048 0.752
45 0.8 0.048 0.752
20 0.8 0.048 0.752
13 0.8 0.048 0.752
23 0.8 0.048 0.752
25 0.8 0.048 0.752
35 0.8 0.048 0.752
39 0.8 0.048 0.752
14 0.8 0.048 0.752
45 0.752 0.048 0.704
28 0.752 0.048 0.704
34 0.752 0.048 0.704
24 0.8 0.048 0.752
48 0.8 0.048 0.752
30 0.8 0.048 0.752
36 0.8 0.048 0.752
1 0.8 0.048 0.752
18 0.8 0.048 0.752
22 0.8 0.048 0.752
36 0.752 0.048 0.704
36 0.704 0.16 0.544
1 0.752 0.16 0.592
18 0.752 0.16 0.592
18 0.592 0.016 0.576
36 0.544 0.016 0.528
18 0.576 0.048 0.528
1 0.592 0.048 0.544
22 0.752 0.048 0.704
36 0.528 0.048 0.48
22 0.704 0.16 0.544
21 0.8 0.048 0.752
26 0.8 0.048 0.752
42 0.8 0.048 0.752
47 0.8 0.048 0.752
42 0.752 0.048 0.704
21 0.8 0.048 0.752
26 0.752 0.048 0.704
47 0.8 0.048 0.752
4 0.8 0.048 0.752
2 0.8 0.048 0.752
29 0.8 0.048 0.752
38 0.8 0.048 0.752
12 0.8 0.048 0.752
46 0.8 0.048 0.752
13 0.8 0.048 0.752
20 0.8 0.048 0.752
43 0.8 0.048 0.752
31 0.8 0.048 0.752
40 0.8 0.048 0.752
41 0.8 0.048 0.752
27 0.8 0.048 0.752
2 0.8 0.048 0.752
4 0.8 0.048 0.752
3 0.8 0.048 0.752
16 0.8 0.048 0.752
11 0.8 0.048 0.752
28 0.8 0.048 0.752
12 0.8 0.048 0.752
34 0.8 0.048 0.752
45 0.8 0.048 0.752
20 0.8 0.048 0.752
13 0.8 0.048 0.752
23 0.8 0.048 0.752
25 0.8 0.048 0.752
35 0.8 0.048 0.752
39 0.8 0.048 0.752
14 0.8 0.048 0.752
45 0.752 0.048 0.704
28 0.752 0.048 0.704
34 0.752 0.048 0.704
24 0.8 0.048 0.752
48 0.8 0.048 0.752
30 0.8 0.048 0.752
30 0.752 0.048 0.704
30 0.704 0.16 0.544
30 0.544 0.016 0.528
18 0.8 0.048 0.752
1 0.8 0.048 0.752
22 0.8 0.048 0.752
36 0.8 0.048 0.752
14 0.8 0.048 0.752
39 0.8 0.048 0.752
21 0.8 0.048 0.752
26 0.8 0.048 0.752
42 0.8 0.048 0.752
47 0.8 0.048 0.752
42 0.752 0.048 0.704
21 0.8 0.048 0.752
26 0.752 0.048 0.704
47 0.8 0.048 0.752
4 0.8 0.048 0.752
2 0.8 0.048 0.752
38 0.8 0.048 0.752
12 0.8 0.048 0.752
46 0.8 0.048 0.752
13 0.8 0.048 0.752
20 0.8 0.048 0.752
43 0.8 0.048 0.752
31 0.8 0.048 0.752
40 0.8 0.048 0.752
41 0.8 0.048 0.752
27 0.8 0.048 0.752
2 0.8 0.048 0.752
4 0.8 0.048 0.752
2 0.752 0.048 0.704
2 0.704 0.16 0.544
2 0.544 0.016 0.528
4 0.752 0.16 0.592
3 0.8 0.048 0.752
16 0.8 0.048 0.752
11 0.8 0.048 0.752
28 0.8 0.048 0.752
12 0.8 0.048 0.752
45 0.8 0.048 0.752
20 0.8 0.048 0.752
13 0.8 0.048 0.752
23 0.8 0.048 0.752
25 0.8 0.048 0.752
35 0.8 0.048 0.752
39 0.8 0.048 0.752
14 0.8 0.048 0.752
45 0.752 0.048 0.704
28 0.752 0.048 0.704
34 0.8 0.048 0.752
24 0.8 0.048 0.752
48 0.8 0.048 0.752
18 0.8 0.048 0.752
1 0.8 0.048 0.752
22 0.8 0.048 0.752
36 0.8 0.048 0.752
14 0.8 0.048 0.752
30 0.8 0.048 0.752
39 0.8 0.048 0.752
14 0.752 0.048 0.704
14 0.704 0.16 0.544
30 0.752 0.16 0.592
30 0.592 0.016 0.576
14 0.544 0.016 0.528
30 0.576 0.048 0.528
14 0.528 0.048 0.48
39 0.752 0.16 0.592
21 0.8 0.048 0.752
26 0.8 0.048 0.752
42 0.8 0.048 0.752
47 0.8 0.048 0.752
42 0.752 0.048 0.704
21 0.8 0.048 0.752
26 0.752 0.048 0.704
47 0.8 0.048 0.752
4 0.8 0.048 0.752
2 0.8 0.048 0.752
29 0.8 0.048 0.752
4 0.752 0.048 0.704
4 0.704 0.16 0.544
2 0.752 0.16 0.592
2 0.592 0.016 0.576
4 0.544 0.016 0.528
2 0.576 0.048 0.528
4 0.528 0.048 0.48
29 0.752 0.16 0.592
38 0.8 0.048 0.752
12 0.8 0.048 0.752
28 0.8 0.048 0.752
38 0.752 0.048 0.704
38 0.704 0.16 0.544
38 0.544 0.016 0.528
12 0.752 0.16 0.592
28 0.752 0.16 0.592
46 0.8 0.048 0.752
48 0.8 0.048 0.752
50 0.8 0.048 0.752
8 0.8 0.048 0.752
11 0.8 0.048 0.752
19 0.8 0.048 0.752
50 0.752 0.048 0.704
50 0.704 0.16 0.544
8 0.752 0.16 0.592
11 0.752 0.16 0.592
19 0.752 0.16 0.592
19 0.592 0.016 0.576
50 0.544 0.016 0.528
19 0.576 0.048 0.528
8 0.592 0.048 0.544
50 0.528 0.048 0.48
13 0.8 0.048 0.752
20 0.8 0.048 0.752
43 0.8 0.048 0.752
31 0.8 0.048 0.752
40 0.8 0.048 0.752
41 0.8 0.048 0.752
10 0.8 0.048 0.752
27 0.8 0.048 0.752
16 0.8 0.048 0.752
3 0.8 0.048 0.752
44 0.8 0.048 0.752
7 0.8 0.048 0.752
9 0.8 0.048 0.752
37 0.8 0.048 0.752
44 0.752 0.048 0.704
44 0.704 0.16 0.544
7 0.752 0.16 0.592
7 0.592 0.016 0.576
44 0.544 0.016 0.528
7 0.576 0.048 0.528
9 0.752 0.048 0.704
37 0.752 0.048 0.704
44 0.528 0.048 0.48
9 0.704 0.16 0.544
37 0.704 0.16 0.544
3 0.8 0.048 0.752
16 0.8 0.048 0.752
3 0.752 0.048 0.704
3 0.704 0.16 0.544
3 0.544 0.016 0.528
16 0.752 0.16 0.592
11 0.740043 0.048 0.692043
50 0.70001 0.048 0.65201
28 0.8 0.048 0.752
12 0.744086 0.048 0.696086
38 0.673207 0.048 0.625207
45 0.8 0.048 0.752
28 0.752 0.048 0.704
28 0.704 0.16 0.544
12 0.696086 0.16 0.536086
38 0.625207 0.16 0.465207
45 0.752 0.16 0.592
20 0.8 0.048 0.752
13 0.8 0.048 0.752
23 0.8 0.048 0.752
25 0.8 0.048 0.752
35 0.8 0.048 0.752
39 0.8 0.048 0.752
14 0.778108 0.048 0.730108
45 0.592 0.048 0.544
28 0.544 0.048 0.496
34 0.8 0.048 0.752
24 0.8 0.048 0.752
48 0.8 0.048 0.752
18 0.8 0.048 0.752
1 0.8 0.048 0.752
22 0.8 0.048 0.752
36 0.8 0.048 0.752
30 0.8 0.048 0.752
14 0.8 0.048 0.752
48 0.8 0.048 0.752
24 0.8 0.048 0.752
46 0.8 0.048 0.752
21 0.8 0.048 0.752
26 0.8 0.048 0.752
42 0.8 0.048 0.752
47 0.8 0.048 0.752
42 0.752 0.048 0.704
21 0.8 0.048 0.752
26 0.752 0.048 0.704
47 0.8 0.048 0.752
2 0.8 0.048 0.752
4 0.8 0.048 0.752
46 0.8 0.048 0.752
34 0.8 0.048 0.752
33 0.8 0.048 0.752
45 0.693901 0.048 0.645901
34 0.752 0.048 0.704
34 0.704 0.16 0.544
33 0.752 0.16 0.592
33 0.592 0.016 0.576
34 0.544 0.016 0.528
33 0.576 0.048 0.528
34 0.528 0.048 0.48
45 0.645901 0.16 0.485901
19 0.8 0.048 0.752
5 0.8 0.048 0.752
8 0.8 0.048 0.752
50 0.8 0.048 0.752
13 0.8 0.048 0.752
20 0.8 0.048 0.752
43 0.8 0.048 0.752
31 0.8 0.048 0.752
40 0.8 0.048 0.752
41 0.8 0.048 0.752
10 0.8 0.048 0.752
27 0.8 0.048 0.752
16 0.8 0.048 0.752
3 0.8 0.048 0.752
16 0.752 0.048 0.704
16 0.704 0.16 0.544
3 0.752 0.16 0.592
3 0.592 0.016 0.576
16 0.544 0.016 0.528
3 0.576 0.048 0.528
16 0.528 0.048 0.48
7 0.8 0.048 0.752
9 0.8 0.048 0.752
37 0.8 0.048 0.752
44 0.8 0.048 0.752
11 0.8 0.048 0.752
50 0.8 0.048 0.752
20 0.8 0.048 0.752
13 0.8 0.048 0.752
23 0.8 0.048 0.752
25 0.8 0.048 0.752
35 0.8 0.048 0.752
39 0.8 0.048 0.752
14 0.8 0.048 0.752
45 0.715298 0.048 0.667298
28 0.8 0.048 0.752
34 0.703615 0.048 0.655615
24 0.8 0.048 0.752
18 0.8 0.048 0.752
1 0.8 0.048 0.752
22 0.8 0.048 0.752
36 0.8 0.048 0.752
30 0.8 0.048 0.752
14 0.8 0.048 0.752
48 0.8 0.048 0.752
21 0.8 0.048 0.752
26 0.8 0.048 0.752
47 0.8 0.048 0.752
42 0.8 0.048 0.752
26 0.752 0.048 0.704
47 0.8 0.048 0.752
26 0.704 0.048 0.656
21 0.8 0.048 0.752
42 0.752 0.048 0.704
47 0.752 0.048 0.704
35 0.8 0.048 0.752
23 0.8 0.048 0.752
25 0.8 0.048 0.752
2 0.8 0.048 0.752
4 0.8 0.048 0.752
46 0.8 0.048 0.752
33 0.8 0.048 0.752
34 0.8 0.048 0.752
19 0.8 0.048 0.752
5 0.8 0.048 0.752
8 0.8 0.048 0.752
50 0.8 0.048 0.752
13 0.8 0.048 0.752
20 0.8 0.048 0.752
43 0.8 0.048 0.752
31 0.8 0.048 0.752
40 0.8 0.048 0.752
43 0.752 0.048 0.704
43 0.704 0.16 0.544
43 0.544 0.016 0.528
31 0.752 0.16 0.592
40 0.752 0.16 0.592
41 0.8 0.048 0.752
10 0.8 0.048 0.752
27 0.8 0.048 0.752
3 0.8 0.048 0.752
16 0.8 0.048 0.752
7 0.8 0.048 0.752
37 0.8 0.048 0.752
44 0.8 0.048 0.752
11 0.8 0.048 0.752
20 0.8 0.048 0.752
13 0.8 0.048 0.752
23 0.8 0.048 0.752
25 0.8 0.048 0.752
35 0.8 0.048 0.752
39 0.8 0.048 0.752
14 0.8 0.048 0.752
45 0.8 0.048 0.752
28 0.8 0.048 0.752
33 0.8 0.048 0.752
34 0.8 0.048 0.752
24 0.8 0.048 0.752
48 0.8 0.048 0.752
15 0.8 0.048 0.752
17 0.8 0.048 0.752
36 0.8 0.048 0.752
1 0.8 0.048 0.752
18 0.8 0.048 0.752
22 0.8 0.048 0.752
18 0.752 0.048 0.704
1 0.752 0.048 0.704
22 0.752 0.048 0.704
36 0.752 0.048 0.704
30 0.8 0.048 0.752
14 0.8 0.048 0.752
48 0.8 0.048 0.752
24 0.8 0.048 0.752
21 0.8 0.048 0.752
26 0.8 0.048 0.752
47 0.8 0.048 0.752
31 0.8 0.048 0.752
40 0.8 0.048 0.752
43 0.8 0.048 0.752
31 0.752 0.048 0.704
31 0.704 0.16 0.544
40 0.752 0.16 0.592
43 0.752 0.16 0.592
43 0.592 0.016 0.576
31 0.544 0.016 0.528
43 0.576 0.048 0.528
31 0.528 0.048 0.48
40 0.592 0.048 0.544
42 0.8 0.048 0.752
26 0.752 0.048 0.704
47 0.8 0.048 0.752
26 0.704 0.048 0.656
21 0.8 0.048 0.752
42 0.752 0.048 0.704
47 0.752 0.048 0.704
35 0.8 0.048 0.752
23 0.8 0.048 0.752
25 0.8 0.048 0.752
2 0.8 0.048 0.752
4 0.8 0.048 0.752
46 0.8 0.048 0.752
49 0.8 0.048 0.752
6 0.8 0.048 0.752
32 0.8 0.048 0.752
33 0.8 0.048 0.752
34 0.8 0.048 0.752
19 0.8 0.048 0.752
5 0.8 0.048 0.752
8 0.8 0.048 0.752
50 0.8 0.048 0.752
13 0.8 0.048 0.752
20 0.8 0.048 0.752
41 0.8 0.048 0.752
27 0.8 0.048 0.752
3 0.8 0.048 0.752
16 0.8 0.048 0.752
7 0.8 0.048 0.752
31 0.626843 0.048 0.578843
37 0.8 0.048 0.752
40 0.767712 0.048 0.719712
44 0.8 0.048 0.752
7 0.752 0.048 0.704
7 0.704 0.16 0.544
31 0.578843 0.16 0.418843
37 0.752 0.16 0.592
40 0.719712 0.16 0.559712
44 0.752 0.16 0.592
11 0.8 0.048 0.752
50 0.8 0.048 0.752
20 0.8 0.048 0.752
13 0.8 0.048 0.752
23 0.8 0.048 0.752
25 0.8 0.048 0.752
35 0.8 0.048 0.752
39 0.8 0.048 0.752
14 0.8 0.048 0.752
30 0.8 0.048 0.752
45 0.8 0.048 0.752
28 0.8 0.048 0.752
34 0.8 0.048 0.752
24 0.8 0.048 0.752
48 0.8 0.048 0.752
15 0.8 0.048 0.752
17 0.8 0.048 0.752
36 0.8 0.048 0.752
1 0.8 0.048 0.752
18 0.8 0.048 0.752
22 0.8 0.048 0.752
18 0.752 0.048 0.704
1 0.752 0.048 0.704
22 0.752 0.048 0.704
36 0.752 0.048 0.704
30 0.8 0.048 0.752
14 0.8 0.048 0.752
39 0.8 0.048 0.752
48 0.8 0.048 0.752
24 0.8 0.048 0.752
21 0.8 0.048 0.752
26 0.8 0.048 0.752
47 0.8 0.048 0.752
43 0.8 0.048 0.752
31 0.644437 0.048 0.596437
40 0.706641 0.048 0.658641
42 0.8 0.048 0.752
26 0.752 0.048 0.704
47 0.8 0.048 0.752
26 0.704 0.048 0.656
21 0.8 0.048 0.752
42 0.752 0.048 0.704
47 0.752 0.048 0.704
35 0.8 0.048 0.752
23 0.8 0.048 0.752
25 0.8 0.048 0.752
2 0.8 0.048 0.752
4 0.8 0.048 0.752
46 0.8 0.048 0.752
49 0.8 0.048 0.752
6 0.8 0.048 0.752
32 0.8 0.048 0.752
33 0.8 0.048 0.752
34 0.8 0.048 0.752
19 0.8 0.048 0.752
5 0.8 0.048 0.752
8 0.8 0.048 0.752
50 0.8 0.048 0.752
13 0.8 0.048 0.752
20 0.8 0.048 0.752
41 0.8 0.048 0.752
27 0.8 0.048 0.752
3 0.8 0.048 0.752
16 0.8 0.048 0.752
29 0.8 0.048 0.752
11 0.8 0.048 0.752
20 0.8 0.048 0.752
13 0.8 0.048 0.752
23 0.8 0.048 0.752
25 0.8 0.048 0.752
35 0.8 0.048 0.752
39 0.8 0.048 0.752
14 0.8 0.048 0.752
30 0.8 0.048 0.752
45 0.8 0.048 0.752
28 0.8 0.048 0.752
33 0.8 0.048 0.752
34 0.8 0.048 0.752
24 0.8 0.048 0.752
48 0.8 0.048 0.752
15 0.8 0.048 0.752
17 0.8 0.048 0.752
36 0.8 0.048 0.752
1 0.8 0.048 0.752
18 0.8 0.048 0.752
22 0.8 0.048 0.752
18 0.752 0.048 0.704
1 0.752 0.048 0.704
22 0.752 0.048 0.704
36 0.752 0.048 0.704
30 0.8 0.048 0.752
14 0.8 0.048 0.752
39 0.8 0.048 0.752
48 0.8 0.048 0.752
24 0.8 0.048 0.752
21 0.8 0.048 0.752
26 0.8 0.048 0.752
43 0.8 0.048 0.752
31 0.8 0.048 0.752
40 0.8 0.048 0.752
42 0.8 0.048 0.752
26 0.752 0.048 0.704
47 0.8 0.048 0.752
26 0.704 0.048 0.656
21 0.8 0.048 0.752
42 0.752 0.048 0.704
47 0.752 0.048 0.704
35 0.8 0.048 0.752
23 0.8 0.048 0.752
25 0.8 0.048 0.752
2 0.8 0.048 0.752
4 0.8 0.048 0.752
46 0.8 0.048 0.752
49 0.8 0.048 0.752
6 0.8 0.048 0.752
32 0.8 0.048 0.752
33 0.8 0.048 0.752
34 0.8 0.048 0.752
45 0.8 0.048 0.752
19 0.8 0.048 0.752
5 0.8 0.048 0.752
8 0.8 0.048 0.752
10 0.8 0.048 0.752
50 0.8 0.048 0.752
19 0.752 0.048 0.704
19 0.704 0.16 0.544
5 0.752 0.16 0.592
8 0.752 0.16 0.592
10 0.752 0.16 0.592
10 0.592 0.016 0.576
19 0.544 0.016 0.528
10 0.576 0.048 0.528
5 0.592 0.048 0.544
19 0.528 0.048 0.48
50 0.752 0.16 0.592
13 0.8 0.048 0.752
20 0.8 0.048 0.752
41 0.8 0.048 0.752
27 0.8 0.048 0.752
3 0.8 0.048 0.752
16 0.8 0.048 0.752
29 0.8 0.048 0.752
11 0.8 0.048 0.752
20 0.8 0.048 0.752
13 0.8 0.048 0.752
20 0.752 0.048 0.704
20 0.704 0.16 0.544
20 0.544 0.016 0.528
13 0.752 0.16 0.592
23 0.8 0.048 0.752
25 0.8 0.048 0.752
35 0.8 0.048 0.752
39 0.8 0.048 0.752
14 0.8 0.048 0.752
30 0.8 0.048 0.752
45 0.8 0.048 0.752
28 0.8 0.048 0.752
33 0.8 0.048 0.752
34 0.8 0.048 0.752
24 0.8 0.048 0.752
48 0.8 0.048 0.752
15 0.8 0.048 0.752
17 0.8 0.048 0.752
36 0.8 0.048 0.752
1 0.8 0.048 0.752
18 0.8 0.048 0.752
22 0.8 0.048 0.752
18 0.752 0.048 0.704
1 0.752 0.048 0.704
22 0.752 0.048 0.704
36 0.752 0.048 0.704
30 0.8 0.048 0.752
14 0.8 0.048 0.752
39 0.8 0.048 0.752
48 0.8 0.048 0.752
24 0.8 0.048 0.752
21 0.8 0.048 0.752
26 0.8 0.048 0.752
43 0.8 0.048 0.752
31 0.8 0.048 0.752
40 0.8 0.048 0.752
42 0.8 0.048 0.752
26 0.752 0.048 0.704
47 0.8 0.048 0.752
26 0.704 0.048 0.656
21 0.8 0.048 0.752
42 0.752 0.048 0.704
47 0.752 0.048 0.704
35 0.8 0.048 0.752
23 0.8 0.048 0.752
25 0.8 0.048 0.752
2 0.8 0.048 0.752
4 0.8 0.048 0.752
46 0.8 0.048 0.752
49 0.8 0.048 0.752
6 0.8 0.048 0.752
17 0.8 0.048 0.752
32 0.8 0.048 0.752
49 0.752 0.048 0.704
49 0.704 0.16 0.544
49 0.544 0.016 0.528
6 0.752 0.16 0.592
17 0.752 0.16 0.592
32 0.752 0.16 0.592
33 0.8 0.048 0.752
34 0.8 0.048 0.752
45 0.8 0.048 0.752
10 0.8 0.048 0.752
5 0.8 0.048 0.752
19 0.8 0.048 0.752
13 0.8 0.048 0.752
20 0.753573 0.048 0.705573
13 0.752 0.048 0.704
13 0.704 0.16 0.544
20 0.705573 0.16 0.545573
20 0.545573 0.016 0.529573
13 0.544 0.016 0.528
20 0.529573 0.048 0.481573
13 0.528 0.048 0.48
41 0.8 0.048 0.752
27 0.8 0.048 0.752
3 0.8 0.048 0.752
16 0.8 0.048 0.752
29 0.8 0.048 0.752
50 0.8 0.048 0.752
8 0.8 0.048 0.752
19 0.8 0.048 0.752
50 0.752 0.048 0.704
50 0.704 0.16 0.544
8 0.752 0.16 0.592
19 0.752 0.16 0.592
19 0.592 0.016 0.576
50 0.544 0.016 0.528
19 0.576 0.048 0.528
5 0.8 0.048 0.752
8 0.592 0.048 0.544
50 0.528 0.048 0.48
11 0.8 0.048 0.752
23 0.8 0.048 0.752
25 0.8 0.048 0.752
35 0.8 0.048 0.752
39 0.8 0.048 0.752
14 0.8 0.048 0.752
30 0.8 0.048 0.752
45 0.8 0.048 0.752
28 0.8 0.048 0.752
33 0.8 0.048 0.752
34 0.8 0.048 0.752
24 0.8 0.048 0.752
15 0.8 0.048 0.752
17 0.8 0.048 0.752
36 0.8 0.048 0.752
1 0.8 0.048 0.752
18 0.8 0.048 0.752
22 0.8 0.048 0.752
18 0.752 0.048 0.704
1 0.752 0.048 0.704
22 0.752 0.048 0.704
36 0.752 0.048 0.704
30 0.8 0.048 0.752
14 0.8 0.048 0.752
39 0.8 0.048 0.752
48 0.8 0.048 0.752
21 0.8 0.048 0.752
26 0.8 0.048 0.752
43 0.8 0.048 0.752
31 0.8 0.048 0.752
40 0.8 0.048 0.752
42 0.8 0.048 0.752
26 0.752 0.048 0.704
47 0.8 0.048 0.752
26 0.704 0.048 0.656
21 0.8 0.048 0.752
42 0.752 0.048 0.704
47 0.752 0.048 0.704
35 0.8 0.048 0.752
23 0.8 0.048 0.752
25 0.8 0.048 0.752
2 0.8 0.048 0.752
4 0.8 0.048 0.752
46 0.8 0.048 0.752
33 0.8 0.048 0.752
34 0.8 0.048 0.752
10 0.8 0.048 0.752
5 0.8 0.048 0.752
19 0.8 0.048 0.752
20 0.8 0.048 0.752
13 0.8 0.048 0.752
41 0.8 0.048 0.752
27 0.8 0.048 0.752
3 0.8 0.048 0.752
16 0.8 0.048 0.752
29 0.8 0.048 0.752
4 0.8 0.048 0.752
29 0.752 0.048 0.704
29 0.704 0.16 0.544
4 0.752 0.16 0.592
4 0.592 0.016 0.576
29 0.544 0.016 0.528
4 0.576 0.048 0.528
2 0.8 0.048 0.752
29 0.528 0.048 0.48
19 0.8 0.048 0.752
5 0.8 0.048 0.752
8 0.8 0.048 0.752
10 0.8 0.048 0.752
11 0.8 0.048 0.752
25 0.8 0.048 0.752
23 0.8 0.048 0.752
25 0.752 0.048 0.704
35 0.8 0.048 0.752
39 0.8 0.048 0.752
14 0.8 0.048 0.752
30 0.8 0.048 0.752
45 0.8 0.048 0.752
28 0.8 0.048 0.752
34 0.8 0.048 0.752
24 0.8 0.048 0.752
15 0.8 0.048 0.752
17 0.8 0.048 0.752
36 0.8 0.048 0.752
1 0.8 0.048 0.752
18 0.8 0.048 0.752
22 0.8 0.048 0.752
18 0.752 0.048 0.704
1 0.752 0.048 0.704
22 0.752 0.048 0.704
36 0.752 0.048 0.704
30 0.8 0.048 0.752
14 0.8 0.048 0.752
39 0.8 0.048 0.752
48 0.8 0.048 0.752
21 0.8 0.048 0.752
26 0.8 0.048 0.752
43 0.8 0.048 0.752
31 0.8 0.048 0.752
40 0.8 0.048 0.752
42 0.8 0.048 0.752
26 0.752 0.048 0.704
47 0.8 0.048 0.752
26 0.704 0.048 0.656
21 0.8 0.048 0.752
42 0.752 0.048 0.704
47 0.752 0.048 0.704
35 0.8 0.048 0.752
23 0.8 0.048 0.752
25 0.8 0.048 0.752
2 0.8 0.048 0.752
4 0.758236 0.048 0.710236
46 0.8 0.048 0.752
46 0.752 0.048 0.704
46 0.704 0.16 0.544
46 0.544 0.016 0.528
33 0.8 0.048 0.752
34 0.8 0.048 0.752
45 0.8 0.048 0.752
10 0.8 0.048 0.752
5 0.8 0.048 0.752
19 0.8 0.048 0.752
20 0.8 0.048 0.752
13 0.8 0.048 0.752
41 0.8 0.048 0.752
27 0.8 0.048 0.752
3 0.8 0.048 0.752
16 0.8 0.048 0.752
4 0.8 0.048 0.752
2 0.8 0.048 0.752
29 0.8 0.048 0.752
19 0.8 0.048 0.752
5 0.8 0.048 0.752
8 0.8 0.048 0.752
10 0.8 0.048 0.752
11 0.8 0.048 0.752
25 0.8 0.048 0.752
23 0.8 0.048 0.752
25 0.752 0.048 0.704
35 0.8 0.048 0.752
39 0.8 0.048 0.752
14 0.8 0.048 0.752
30 0.8 0.048 0.752
45 0.8 0.048 0.752
28 0.8 0.048 0.752
33 0.8 0.048 0.752
34 0.8 0.048 0.752
24 0.8 0.048 0.752
48 0.8 0.048 0.752
24 0.752 0.048 0.704
24 0.704 0.16 0.544
24 0.544 0.016 0.528
48 0.752 0.16 0.592
15 0.8 0.048 0.752
17 0.8 0.048 0.752
36 0.8 0.048 0.752
1 0.8 0.048 0.752
18 0.8 0.048 0.752
22 0.8 0.048 0.752
18 0.752 0.048 0.704
1 0.752 0.048 0.704
22 0.752 0.048 0.704
36 0.752 0.048 0.704
30 0.8 0.048 0.752
14 0.8 0.048 0.752
39 0.8 0.048 0.752
48 0.662096 0.048 0.614096
21 0.8 0.048 0.752
26 0.8 0.048 0.752
43 0.8 0.048 0.752
31 0.8 0.048 0.752
40 0.8 0.048 0.752
42 0.8 0.048 0.752
26 0.752 0.048 0.704
47 0.8 0.048 0.752
26 0.704 0.048 0.656
21 0.8 0.048 0.752
42 0.752 0.048 0.704
47 0.752 0.048 0.704
35 0.8 0.048 0.752
23 0.8 0.048 0.752
25 0.8 0.048 0.752
2 0.8 0.048 0.752
4 0.8 0.048 0.752
33 0.8 0.048 0.752
34 0.8 0.048 0.752
45 0.8 0.048 0.752
10 0.8 0.048 0.752
5 0.8 0.048 0.752
19 0.8 0.048 0.752
20 0.8 0.048 0.752
13 0.8 0.048 0.752
41 0.8 0.048 0.752
27 0.8 0.048 0.752
3 0.8 0.048 0.752
16 0.8 0.048 0.752
4 0.8 0.048 0.752
2 0.8 0.048 0.752
19 0.8 0.048 0.752
5 0.8 0.048 0.752
8 0.8 0.048 0.752
50 0.8 0.048 0.752
11 0.8 0.048 0.752
23 0.8 0.048 0.752
25 0.8 0.048 0.752
35 0.8 0.048 0.752
39 0.8 0.048 0.752
14 0.8 0.048 0.752
30 0.8 0.048 0.752
45 0.8 0.048 0.752
28 0.8 0.048 0.752
33 0.8 0.048 0.752
34 0.8 0.048 0.752
15 0.8 0.048 0.752
17 0.8 0.048 0.752
36 0.8 0.048 0.752
1 0.8 0.048 0.752
18 0.8 0.048 0.752
22 0.8 0.048 0.752
18 0.752 0.048 0.704
1 0.752 0.048 0.704
22 0.752 0.048 0.704
36 0.752 0.048 0.704
30 0.8 0.048 0.752
14 0.8 0.048 0.752
39 0.8 0.048 0.752
48 0.8 0.048 0.752
21 0.8 0.048 0.752
26 0.8 0.048 0.752
43 0.8 0.048 0.752
31 0.8 0.048 0.752
40 0.8 0.048 0.752
42 0.8 0.048 0.752
26 0.752 0.048 0.704
47 0.8 0.048 0.752
26 0.704 0.048 0.656
21 0.8 0.048 0.752
42 0.752 0.048 0.704
47 0.752 0.048 0.704
35 0.8 0.048 0.752
23 0.8 0.048 0.752
25 0.8 0.048 0.752
2 0.8 0.048 0.752
4 0.8 0.048 0.752
2 0.752 0.048 0.704
2 0.704 0.16 0.544
2 0.544 0.016 0.528
4 0.752 0.16 0.592
33 0.8 0.048 0.752
34 0.8 0.048 0.752
45 0.8 0.048 0.752
33 0.752 0.048 0.704
33 0.704 0.16 0.544
33 0.544 0.016 0.528
34 0.752 0.16 0.592
45 0.752 0.16 0.592
10 0.8 0.048 0.752
5 0.8 0.048 0.752
20 0.8 0.048 0.752
13 0.8 0.048 0.752
41 0.8 0.048 0.752
27 0.8 0.048 0.752
3 0.8 0.048 0.752
16 0.8 0.048 0.752
4 0.747791 0.048 0.699791
2 0.675135 0.048 0.627135
29 0.8 0.048 0.752
4 0.699791 0.048 0.651791
4 0.651791 0.16 0.491791
2 0.627135 0.16 0.467135
29 0.752 0.16 0.592
19 0.8 0.048 0.752
5 0.8 0.048 0.752
8 0.8 0.048 0.752
50 0.8 0.048 0.752
11 0.8 0.048 0.752
23 0.8 0.048 0.752
25 0.8 0.048 0.752
35 0.8 0.048 0.752
39 0.8 0.048 0.752
14 0.8 0.048 0.752
30 0.8 0.048 0.752
45 0.8 0.048 0.752
28 0.8 0.048 0.752
33 0.679407 0.048 0.631407
34 0.8 0.048 0.752
45 0.752 0.048 0.704
45 0.704 0.16 0.544
45 0.544 0.016 0.528
28 0.752 0.16 0.592
33 0.631407 0.16 0.471407
34 0.752 0.16 0.592
15 0.8 0.048 0.752
17 0.8 0.048 0.752
36 0.8 0.048 0.752
1 0.8 0.048 0.752
18 0.8 0.048 0.752
22 0.8 0.048 0.752
18 0.752 0.048 0.704
1 0.752 0.048 0.704
22 0.752 0.048 0.704
36 0.752 0.048 0.704
30 0.8 0.048 0.752
14 0.8 0.048 0.752
39 0.8 0.048 0.752
48 0.8 0.048 0.752
21 0.8 0.048 0.752
26 0.8 0.048 0.752
43 0.8 0.048 0.752
31 0.8 0.048 0.752
40 0.8 0.048 0.752
42 0.8 0.048 0.752
26 0.752 0.048 0.704
47 0.8 0.048 0.752
26 0.704 0.048 0.656
21 0.8 0.048 0.752
42 0.752 0.048 0.704
47 0.752 0.048 0.704
35 0.8 0.048 0.752
23 0.8 0.048 0.752
25 0.8 0.048 0.752
10 0.8 0.048 0.752
5 0.8 0.048 0.752
19 0.8 0.048 0.752
20 0.8 0.048 0.752
13 0.8 0.048 0.752
41 0.8 0.048 0.752
27 0.8 0.048 0.752
3 0.8 0.048 0.752
16 0.8 0.048 0.752
19 0.8 0.048 0.752
5 0.8 0.048 0.752
8 0.8 0.048 0.752
10 0.8 0.048 0.752
50 0.8 0.048 0.752
11 0.8 0.048 0.752
23 0.8 0.048 0.752
25 0.8 0.048 0.752
35 0.8 0.048 0.752
39 0.8 0.048 0.752
14 0.8 0.048 0.752
30 0.8 0.048 0.752
15 0.8 0.048 0.752
17 0.8 0.048 0.752
36 0.8 0.048 0.752
1 0.8 0.048 0.752
18 0.8 0.048 0.752
22 0.8 0.048 0.752
18 0.752 0.048 0.704
1 0.752 0.048 0.704
22 0.752 0.048 0.704
36 0.752 0.048 0.704
30 0.8 0.048 0.752
14 0.8 0.048 0.752
39 0.8 0.048 0.752
48 0.8 0.048 0.752
21 0.8 0.048 0.752
43 0.8 0.048 0.752
31 0.8 0.048 0.752
40 0.8 0.048 0.752
42 0.8 0.048 0.752
26 0.8 0.048 0.752
47 0.8 0.048 0.752
26 0.752 0.048 0.704
21 0.8 0.048 0.752
42 0.752 0.048 0.704
47 0.752 0.048 0.704
35 0.8 0.048 0.752
23 0.8 0.048 0.752
25 0.8 0.048 0.752
10 0.8 0.048 0.752
5 0.8 0.048 0.752
19 0.8 0.048 0.752
20 0.8 0.048 0.752
13 0.8 0.048 0.752
41 0.8 0.048 0.752
27 0.8 0.048 0.752
3 0.8 0.048 0.752
16 0.8 0.048 0.752
19 0.8 0.048 0.752
5 0.8 0.048 0.752
8 0.8 0.048 0.752
10 0.8 0.048 0.752
50 0.8 0.048 0.752
11 0.8 0.048 0.752
23 0.8 0.048 0.752
25 0.8 0.048 0.752
35 0.8 0.048 0.752
39 0.8 0.048 0.752
14 0.8 0.048 0.752
30 0.8 0.048 0.752
15 0.8 0.048 0.752
17 0.8 0.048 0.752
36 0.8 0.048 0.752
1 0.8 0.048 0.752
18 0.8 0.048 0.752
22 0.8 0.048 0.752
18 0.752 0.048 0.704
1 0.752 0.048 0.704
22 0.752 0.048 0.704
36 0.752 0.048 0.704
30 0.8 0.048 0.752
14 0.8 0.048 0.752
39 0.8 0.048 0.752
48 0.8 0.048 0.752
21 0.8 0.048 0.752
26 0.8 0.048 0.752
43 0.8 0.048 0.752
31 0.8 0.048 0.752
40 0.8 0.048 0.752
43 0.752 0.048 0.704
43 0.704 0.16 0.544
43 0.544 0.016 0.528
31 0.752 0.16 0.592
40 0.752 0.16 0.592
42 0.8 0.048 0.752
26 0.752 0.048 0.704
47 0.8 0.048 0.752
26 0.704 0.048 0.656
21 0.8 0.048 0.752
42 0.752 0.048 0.704
47 0.752 0.048 0.704
35 0.8 0.048 0.752
23 0.8 0.048 0.752
25 0.8 0.048 0.752
10 0.8 0.048 0.752
5 0.8 0.048 0.752
19 0.8 0.048 0.752
20 0.8 0.048 0.752
13 0.8 0.048 0.752
41 0.8 0.048 0.752
27 0.8 0.048 0.752
3 0.8 0.048 0.752
16 0.8 0.048 0.752
19 0.8 0.048 0.752
5 0.8 0.048 0.752
8 0.8 0.048 0.752
10 0.8 0.048 0.752
50 0.8 0.048 0.752
11 0.8 0.048 0.752
23 0.8 0.048 0.752
25 0.8 0.048 0.752
35 0.8 0.048 0.752
39 0.8 0.048 0.752
14 0.8 0.048 0.752
30 0.8 0.048 0.752
15 0.8 0.048 0.752
17 0.8 0.048 0.752
36 0.8 0.048 0.752
1 0.8 0.048 0.752
18 0.8 0.048 0.752
22 0.8 0.048 0.752
18 0.752 0.048 0.704
1 0.752 0.048 0.704
22 0.752 0.048 0.704
36 0.752 0.048 0.704
30 0.8 0.048 0.752
14 0.8 0.048 0.752
39 0.8 0.048 0.752
48 0.8 0.048 0.752
21 0.8 0.048 0.752
26 0.8 0.048 0.752
42 0.8 0.048 0.752
26 0.752 0.048 0.704
47 0.8 0.048 0.752
26 0.704 0.048 0.656
21 0.8 0.048 0.752
42 0.752 0.048 0.704
47 0.752 0.048 0.704
26 0.656 0.048 0.608
26 0.608 0.16 0.448
26 0.448 0.016 0.432
21 0.752 0.16 0.592
42 0.704 0.16 0.544
47 0.704 0.16 0.544
35 0.8 0.048 0.752
11 0.8 0.048 0.752
23 0.8 0.048 0.752
25 0.8 0.048 0.752
10 0.8 0.048 0.752
5 0.8 0.048 0.752
20 0.8 0.048 0.752
13 0.8 0.048 0.752
41 0.8 0.048 0.752
27 0.8 0.048 0.752
41 0.752 0.048 0.704
41 0.704 0.16 0.544
41 0.544 0.016 0.528
27 0.752 0.16 0.592
3 0.8 0.048 0.752
16 0.8 0.048 0.752
19 0.8 0.048 0.752
5 0.8 0.048 0.752
8 0.8 0.048 0.752
10 0.8 0.048 0.752
50 0.8 0.048 0.752
11 0.8 0.048 0.752
23 0.8 0.048 0.752
25 0.8 0.048 0.752
35 0.8 0.048 0.752
39 0.8 0.048 0.752
14 0.8 0.048 0.752
30 0.8 0.048 0.752
15 0.8 0.048 0.752
17 0.8 0.048 0.752
36 0.8 0.048 0.752
1 0.8 0.048 0.752
18 0.8 0.048 0.752
22 0.8 0.048 0.752
18 0.752 0.048 0.704
1 0.752 0.048 0.704
22 0.752 0.048 0.704
36 0.752 0.048 0.704
30 0.8 0.048 0.752
14 0.8 0.048 0.752
39 0.8 0.048 0.752
48 0.8 0.048 0.752
24 0.8 0.048 0.752
48 0.752 0.048 0.704
48 0.704 0.16 0.544
24 0.752 0.16 0.592
24 0.592 0.016 0.576
48 0.544 0.016 0.528
24 0.576 0.048 0.528
48 0.528 0.048 0.48
21 0.8 0.048 0.752
26 0.8 0.048 0.752
42 0.8 0.048 0.752
26 0.752 0.048 0.704
47 0.8 0.048 0.752
35 0.8 0.048 0.752
23 0.8 0.048 0.752
25 0.8 0.048 0.752
10 0.8 0.048 0.752
5 0.8 0.048 0.752
19 0.8 0.048 0.752
20 0.8 0.048 0.752
13 0.8 0.048 0.752
3 0.8 0.048 0.752
16 0.8 0.048 0.752
19 0.8 0.048 0.752
5 0.8 0.048 0.752
8 0.8 0.048 0.752
10 0.8 0.048 0.752
50 0.8 0.048 0.752
11 0.8 0.048 0.752
11 0.752 0.048 0.704
11 0.704 0.16 0.544
11 0.544 0.016 0.528
23 0.8 0.048 0.752
25 0.8 0.048 0.752
35 0.8 0.048 0.752
39 0.8 0.048 0.752
14 0.8 0.048 0.752
30 0.8 0.048 0.752
15 0.8 0.048 0.752
17 0.8 0.048 0.752
36 0.8 0.048 0.752
18 0.8 0.048 0.752
22 0.8 0.048 0.752
18 0.752 0.048 0.704
1 0.8 0.048 0.752
22 0.752 0.048 0.704
36 0.752 0.048 0.704
30 0.8 0.048 0.752
14 0.8 0.048 0.752
39 0.8 0.048 0.752
24 0.8 0.048 0.752
21 0.8 0.048 0.752
26 0.8 0.048 0.752
42 0.8 0.048 0.752
26 0.752 0.048 0.704
47 0.8 0.048 0.752
35 0.8 0.048 0.752
23 0.8 0.048 0.752
25 0.8 0.048 0.752
10 0.8 0.048 0.752
5 0.8 0.048 0.752
19 0.8 0.048 0.752
20 0.8 0.048 0.752
13 0.8 0.048 0.752
20 0.752 0.048 0.704
20 0.704 0.16 0.544
20 0.544 0.016 0.528
13 0.752 0.16 0.592
3 0.8 0.048 0.752
16 0.8 0.048 0.752
19 0.8 0.048 0.752
5 0.8 0.048 0.752
8 0.8 0.048 0.752
10 0.8 0.048 0.752
50 0.8 0.048 0.752
