67 755
33 755
35 756
54 756
56 756
26 756
77 756
75 756
5 757
59 757
22 758
27 758
19 759
31 759
24 760
38 760
16 760
50 761
64 762
8 762
57 763
10 763
69 764
23 764
9 765
66 765
44 766
30 767
11 768
38 769
24 769
13 769
21 761
40 770
39 770
36 771
80 764
4 764
25 772
53 772
54 773
56 773
26 773
47 773
78 774
29 775
32 768
6 768
42 761
22 761
43 776
70 776
20 771
61 771
14 771
45 777
65 777
62 778
79 779
71 779
76 780
48 781
38 781
24 781
41 782
7 782
37 783
2 784
64 784
58 785
80 785
23 785
69 785
28 787
61 789
77 790
51 791
68 793
45 793
72 794
43 794
74 795
19 796
11 796
55 797
23 792
1 761
34 798
21 800
56 801
26 801
12 801
3 801
80 788
15 803
57 803
40 803
32 804
5 794
17 805
35 805
9 799
68 799
24 807
38 807
48 807
42 809
21 809
26 802
20 813
1 814
36 815
12 806
46 810
63 785
43 816
40 811
57 811
69 792
38 818
58 819
50 820
57 821
67 797
49 798
68 798
24 818
72 822
29 823
48 817
34 799
73 786
23 824
24 825
38 825
79 806
54 808
56 802
18 789
26 827
12 827
68 828
61 813
44 812
43 822
60 766
2 819
20 789
55 832
34 828
9 798
43 833
1 830
34 834
50 829
40 826
69 824
63 792
23 819
19 804
32 831
67 832
52 781
48 825
25 807
17 823
29 835
74 794
41 795
5 816
72 833
5 833
49 799
22 814
42 820
