67 0.8 0.048 0.752
6 0.8 0.048 0.752
13 0.8 0.048 0.752
33 0.8 0.048 0.752
55 0.8 0.048 0.752
67 0.752 0.192 0.56
67 0.56 0.16 0.4
6 0.752 0.16 0.592
13 0.752 0.16 0.592
33 0.752 0.16 0.592
33 0.592 0.016 0.576
67 0.4 0.016 0.384
33 0.576 0.048 0.528
6 0.592 0.048 0.544
13 0.592 0.048 0.544
55 0.752 0.048 0.704
67 0.384 0.048 0.336
33 0.528 0.144 0.384
33 0.384 0.16 0.224
55 0.704 0.16 0.544
6 0.544 0.16 0.384
13 0.544 0.16 0.384
55 0.544 0.16 0.384
67 0.336 0.16 0.176
35 0.8 0.048 0.752
17 0.8 0.048 0.752
37 0.8 0.048 0.752
46 0.8 0.048 0.752
54 0.8 0.048 0.752
62 0.8 0.048 0.752
35 0.752 0.24 0.512
35 0.512 0.16 0.352
17 0.752 0.16 0.592
37 0.752 0.16 0.592
46 0.752 0.16 0.592
54 0.752 0.16 0.592
54 0.592 0.016 0.576
35 0.352 0.016 0.336
54 0.576 0.048 0.528
35 0.336 0.048 0.288
37 0.592 0.048 0.544
46 0.592 0.048 0.544
56 0.8 0.048 0.752
62 0.752 0.048 0.704
54 0.528 0.192 0.336
54 0.336 0.16 0.176
62 0.704 0.16 0.544
35 0.288 0.16 0.128
37 0.544 0.16 0.384
46 0.544 0.16 0.384
56 0.752 0.16 0.592
56 0.592 0.016 0.576
54 0.176 0.016 0.16
56 0.576 0.048 0.528
26 0.8 0.048 0.752
37 0.384 0.048 0.336
54 0.16 0.048 0.112
56 0.528 0.048 0.48
56 0.48 0.16 0.32
62 0.544 0.16 0.384
26 0.752 0.16 0.592
26 0.592 0.016 0.576
56 0.32 0.016 0.304
26 0.576 0.048 0.528
56 0.304 0.048 0.256
77 0.8 0.048 0.752
26 0.528 0.048 0.48
26 0.48 0.16 0.32
37 0.336 0.16 0.176
54 0.112 0.16 -0.048
56 0.256 0.16 0.096
77 0.752 0.16 0.592
77 0.592 0.016 0.576
26 0.32 0.016 0.304
77 0.576 0.048 0.528
3 0.8 0.048 0.752
12 0.8 0.048 0.752
26 0.304 0.048 0.256
28 0.8 0.048 0.752
47 0.8 0.048 0.752
71 0.8 0.048 0.752
75 0.8 0.048 0.752
79 0.8 0.048 0.752
77 0.528 0.336 0.192
77 0.192 0.16 0.032
3 0.752 0.16 0.592
12 0.752 0.16 0.592
26 0.256 0.16 0.096
28 0.752 0.16 0.592
47 0.752 0.16 0.592
71 0.752 0.16 0.592
75 0.752 0.16 0.592
75 0.592 0.016 0.576
77 0.032 0.016 0.016
75 0.576 0.048 0.528
3 0.592 0.048 0.544
12 0.592 0.048 0.544
28 0.592 0.048 0.544
47 0.592 0.048 0.544
71 0.592 0.048 0.544
77 0.016 0.048 -0.032
79 0.752 0.048 0.704
75 0.528 0.288 0.24
75 0.24 0.16 0.08
79 0.704 0.16 0.544
3 0.544 0.16 0.384
12 0.544 0.16 0.384
28 0.544 0.16 0.384
47 0.544 0.16 0.384
71 0.544 0.16 0.384
77 0 0.16 -0.16
79 0.544 0.16 0.384
5 0.8 0.048 0.752
43 0.8 0.048 0.752
59 0.8 0.048 0.752
74 0.8 0.048 0.752
5 0.752 0.144 0.608
5 0.608 0.16 0.448
43 0.752 0.16 0.592
59 0.752 0.16 0.592
59 0.592 0.016 0.576
5 0.448 0.016 0.432
59 0.576 0.048 0.528
5 0.432 0.048 0.384
74 0.752 0.048 0.704
59 0.528 0.048 0.48
59 0.48 0.16 0.32
74 0.704 0.16 0.544
5 0.384 0.16 0.224
74 0.544 0.16 0.384
22 0.8 0.048 0.752
1 0.8 0.048 0.752
27 0.8 0.048 0.752
42 0.8 0.048 0.752
22 0.752 0.144 0.608
22 0.608 0.16 0.448
1 0.752 0.16 0.592
27 0.752 0.16 0.592
27 0.592 0.016 0.576
22 0.448 0.016 0.432
27 0.576 0.048 0.528
1 0.592 0.048 0.544
22 0.432 0.048 0.384
42 0.752 0.048 0.704
27 0.528 0.096 0.432
27 0.432 0.16 0.272
42 0.704 0.16 0.544
1 0.544 0.16 0.384
22 0.384 0.16 0.224
42 0.544 0.16 0.384
19 0.8 0.048 0.752
11 0.8 0.048 0.752
31 0.8 0.048 0.752
32 0.8 0.048 0.752
19 0.752 0.144 0.608
19 0.608 0.16 0.448
11 0.752 0.16 0.592
31 0.752 0.16 0.592
31 0.592 0.016 0.576
19 0.448 0.016 0.432
31 0.576 0.048 0.528
6 0.539612 0.048 0.491612
11 0.592 0.048 0.544
19 0.432 0.048 0.384
32 0.752 0.048 0.704
55 0.457598 0.048 0.409598
31 0.528 0.096 0.432
31 0.432 0.16 0.272
32 0.704 0.16 0.544
6 0.491612 0.16 0.331612
11 0.544 0.16 0.384
19 0.384 0.16 0.224
32 0.544 0.16 0.384
55 0.409598 0.16 0.249598
24 0.8 0.048 0.752
13 0.461484 0.048 0.413484
38 0.8 0.048 0.752
52 0.8 0.048 0.752
24 0.752 0.096 0.656
24 0.656 0.16 0.496
13 0.413484 0.16 0.253484
38 0.752 0.16 0.592
38 0.592 0.016 0.576
24 0.496 0.016 0.48
38 0.576 0.048 0.528
16 0.8 0.048 0.752
24 0.48 0.048 0.432
48 0.8 0.048 0.752
38 0.528 0.096 0.432
38 0.432 0.16 0.272
52 0.752 0.16 0.592
16 0.752 0.16 0.592
16 0.592 0.016 0.576
38 0.272 0.016 0.256
16 0.576 0.048 0.528
25 0.8 0.048 0.752
38 0.256 0.048 0.208
48 0.752 0.048 0.704
53 0.8 0.048 0.752
16 0.528 0.144 0.384
16 0.384 0.16 0.224
24 0.432 0.16 0.272
48 0.704 0.16 0.544
25 0.752 0.16 0.592
38 0.208 0.16 0.048
48 0.544 0.16 0.384
53 0.752 0.16 0.592
50 0.8 0.048 0.752
21 0.8 0.048 0.752
39 0.8 0.048 0.752
50 0.752 0.096 0.656
50 0.656 0.16 0.496
21 0.752 0.16 0.592
21 0.592 0.016 0.576
50 0.496 0.016 0.48
21 0.576 0.048 0.528
42 0.459875 0.048 0.411875
50 0.48 0.048 0.432
39 0.752 0.16 0.592
64 0.8 0.048 0.752
2 0.8 0.048 0.752
4 0.8 0.048 0.752
8 0.8 0.048 0.752
58 0.8 0.048 0.752
64 0.752 0.192 0.56
64 0.56 0.16 0.4
2 0.752 0.16 0.592
4 0.752 0.16 0.592
8 0.752 0.16 0.592
8 0.592 0.016 0.576
64 0.4 0.016 0.384
8 0.576 0.048 0.528
2 0.592 0.048 0.544
4 0.592 0.048 0.544
58 0.752 0.048 0.704
64 0.384 0.048 0.336
8 0.528 0.144 0.384
8 0.384 0.16 0.224
58 0.704 0.16 0.544
2 0.544 0.16 0.384
4 0.544 0.16 0.384
58 0.544 0.16 0.384
64 0.336 0.16 0.176
57 0.8 0.048 0.752
10 0.8 0.048 0.752
40 0.8 0.048 0.752
57 0.752 0.096 0.656
57 0.656 0.16 0.496
10 0.752 0.16 0.592
10 0.592 0.016 0.576
57 0.496 0.016 0.48
10 0.576 0.048 0.528
39 0.67121 0.048 0.62321
40 0.752 0.048 0.704
57 0.48 0.048 0.432
10 0.528 0.096 0.432
10 0.432 0.16 0.272
40 0.704 0.16 0.544
39 0.62321 0.16 0.46321
40 0.544 0.16 0.384
57 0.432 0.16 0.272
69 0.8 0.048 0.752
23 0.8 0.048 0.752
63 0.8 0.048 0.752
69 0.752 0.096 0.656
69 0.656 0.16 0.496
23 0.752 0.16 0.592
23 0.592 0.016 0.576
69 0.496 0.016 0.48
23 0.576 0.048 0.528
69 0.48 0.048 0.432
80 0.8 0.048 0.752
23 0.528 0.048 0.48
23 0.48 0.16 0.32
63 0.752 0.16 0.592
69 0.432 0.16 0.272
80 0.752 0.16 0.592
80 0.592 0.016 0.576
23 0.32 0.016 0.304
80 0.576 0.048 0.528
2 0.384 0.048 0.336
4 0.4595 0.048 0.4115
23 0.304 0.048 0.256
58 0.454232 0.048 0.406232
9 0.8 0.048 0.752
30 0.8 0.048 0.752
66 0.8 0.048 0.752
68 0.8 0.048 0.752
9 0.752 0.144 0.608
9 0.608 0.16 0.448
30 0.752 0.16 0.592
66 0.752 0.16 0.592
66 0.592 0.016 0.576
9 0.448 0.016 0.432
66 0.576 0.048 0.528
1 0.530763 0.048 0.482763
9 0.432 0.048 0.384
30 0.592 0.048 0.544
66 0.528 0.048 0.48
66 0.48 0.16 0.32
68 0.752 0.16 0.592
1 0.482763 0.16 0.322763
9 0.384 0.16 0.224
30 0.544 0.16 0.384
44 0.8 0.048 0.752
60 0.8 0.048 0.752
44 0.752 0.048 0.704
44 0.704 0.16 0.544
60 0.752 0.16 0.592
60 0.592 0.016 0.576
44 0.544 0.016 0.528
60 0.576 0.048 0.528
44 0.528 0.048 0.48
30 0.533823 0.048 0.485823
1 0.544816 0.048 0.496816
9 0.372599 0.048 0.324599
66 0.537711 0.048 0.489711
30 0.485823 0.048 0.437823
30 0.437823 0.16 0.277823
1 0.496816 0.16 0.336816
9 0.324599 0.16 0.164599
66 0.489711 0.16 0.329711
11 0.8 0.048 0.752
6 0.723467 0.048 0.675467
19 0.683677 0.048 0.635677
31 0.636602 0.048 0.588602
32 0.759826 0.048 0.711826
55 0.68803 0.048 0.64003
11 0.752 0.192 0.56
11 0.56 0.16 0.4
6 0.675467 0.16 0.515467
19 0.635677 0.16 0.475677
31 0.588602 0.16 0.428602
32 0.711826 0.16 0.551826
32 0.551826 0.016 0.535826
11 0.4 0.016 0.384
32 0.535826 0.048 0.487826
6 0.515467 0.048 0.467467
11 0.384 0.048 0.336
19 0.475677 0.048 0.427677
31 0.428602 0.048 0.380602
55 0.64003 0.16 0.48003
38 0.431232 0.048 0.383232
16 0.595465 0.048 0.547465
24 0.726814 0.048 0.678814
48 0.761147 0.048 0.713147
38 0.383232 0.096 0.287232
38 0.287232 0.16 0.127232
16 0.547465 0.16 0.387465
24 0.678814 0.16 0.518814
24 0.518814 0.016 0.502814
38 0.127232 0.016 0.111232
24 0.502814 0.048 0.454814
13 0.714221 0.048 0.666221
38 0.111232 0.048 0.0632319
52 0.8 0.048 0.752
24 0.454814 0.096 0.358814
24 0.358814 0.16 0.198814
48 0.713147 0.16 0.553147
13 0.666221 0.16 0.506221
13 0.506221 0.016 0.490221
24 0.198814 0.016 0.182814
13 0.490221 0.048 0.442221
24 0.182814 0.048 0.134814
52 0.752 0.048 0.704
67 0.695634 0.048 0.647634
13 0.442221 0.096 0.346221
13 0.346221 0.16 0.186221
38 0.0632319 0.16 -0.0967681
52 0.704 0.16 0.544
24 0.134814 0.16 -0.0251858
52 0.544 0.16 0.384
67 0.647634 0.16 0.487634
21 0.8 0.048 0.752
42 0.789697 0.048 0.741697
50 0.793543 0.048 0.745543
21 0.752 0.048 0.704
21 0.704 0.16 0.544
42 0.741697 0.16 0.581697
42 0.581697 0.016 0.565697
21 0.544 0.016 0.528
42 0.565697 0.048 0.517697
21 0.528 0.048 0.48
27 0.715171 0.048 0.667171
50 0.745543 0.048 0.697543
50 0.697543 0.16 0.537543
40 0.684649 0.048 0.636649
10 0.650755 0.048 0.602755
39 0.758042 0.048 0.710042
57 0.561658 0.048 0.513658
40 0.636649 0.096 0.540649
40 0.540649 0.16 0.380649
10 0.602755 0.16 0.442755
39 0.710042 0.16 0.550042
39 0.550042 0.016 0.534042
40 0.380649 0.016 0.364649
39 0.534042 0.048 0.486042
10 0.442755 0.048 0.394755
40 0.364649 0.048 0.316649
50 0.611037 0.048 0.563037
39 0.486042 0.048 0.438042
39 0.438042 0.16 0.278042
57 0.513658 0.16 0.353658
10 0.394755 0.16 0.234755
40 0.316649 0.16 0.156649
50 0.563037 0.16 0.403037
36 0.8 0.048 0.752
20 0.8 0.048 0.752
36 0.752 0.048 0.704
36 0.704 0.16 0.544
20 0.752 0.16 0.592
20 0.592 0.016 0.576
36 0.544 0.016 0.528
20 0.576 0.048 0.528
36 0.528 0.048 0.48
80 0.8 0.048 0.752
2 0.704384 0.048 0.656384
4 0.779553 0.048 0.731553
23 0.629198 0.048 0.581198
58 0.784725 0.048 0.736725
80 0.752 0.144 0.608
80 0.608 0.16 0.448
2 0.656384 0.16 0.496384
4 0.731553 0.16 0.571553
4 0.571553 0.016 0.555553
80 0.448 0.016 0.432
4 0.555553 0.048 0.507553
2 0.496384 0.048 0.448384
8 0.676417 0.048 0.628417
58 0.736725 0.048 0.688725
64 0.628502 0.048 0.580502
80 0.432 0.048 0.384
4 0.507553 0.096 0.411553
4 0.411553 0.16 0.251553
23 0.581198 0.16 0.421198
58 0.688725 0.16 0.528725
2 0.448384 0.16 0.288384
8 0.628417 0.16 0.468417
58 0.528725 0.16 0.368725
64 0.580502 0.16 0.420502
80 0.384 0.16 0.224
60 0.8 0.048 0.752
44 0.8 0.048 0.752
25 0.8 0.048 0.752
16 0.611899 0.048 0.563899
48 0.782039 0.048 0.734039
51 0.8 0.048 0.752
53 0.8 0.048 0.752
76 0.8 0.048 0.752
25 0.752 0.192 0.56
25 0.56 0.16 0.4
16 0.563899 0.16 0.403899
48 0.734039 0.16 0.574039
51 0.752 0.16 0.592
53 0.752 0.16 0.592
53 0.592 0.016 0.576
25 0.4 0.016 0.384
53 0.576 0.048 0.528
25 0.384 0.048 0.336
51 0.592 0.048 0.544
76 0.752 0.048 0.704
53 0.528 0.096 0.432
53 0.432 0.16 0.272
76 0.704 0.16 0.544
25 0.336 0.16 0.176
51 0.544 0.16 0.384
76 0.544 0.16 0.384
54 0.750571 0.048 0.702571
35 0.8 0.048 0.752
37 0.8 0.048 0.752
46 0.8 0.048 0.752
56 0.8 0.048 0.752
62 0.8 0.048 0.752
54 0.702571 0.24 0.462571
54 0.462571 0.16 0.302571
35 0.752 0.16 0.592
37 0.752 0.16 0.592
46 0.752 0.16 0.592
56 0.752 0.16 0.592
56 0.592 0.016 0.576
54 0.302571 0.016 0.286571
56 0.576 0.048 0.528
26 0.8 0.048 0.752
37 0.592 0.048 0.544
54 0.286571 0.048 0.238571
56 0.528 0.096 0.432
56 0.432 0.16 0.272
62 0.752 0.16 0.592
26 0.752 0.16 0.592
26 0.592 0.016 0.576
56 0.272 0.016 0.256
26 0.576 0.048 0.528
47 0.8 0.048 0.752
56 0.256 0.048 0.208
77 0.8 0.048 0.752
26 0.528 0.096 0.432
26 0.432 0.16 0.272
37 0.544 0.16 0.384
54 0.238571 0.16 0.0785706
47 0.752 0.16 0.592
47 0.592 0.016 0.576
26 0.272 0.016 0.256
47 0.576 0.048 0.528
3 0.8 0.048 0.752
12 0.8 0.048 0.752
26 0.256 0.048 0.208
28 0.8 0.048 0.752
71 0.8 0.048 0.752
75 0.8 0.048 0.752
77 0.752 0.048 0.704
79 0.8 0.048 0.752
47 0.528 0.288 0.24
47 0.24 0.16 0.08
56 0.208 0.16 0.048
77 0.704 0.16 0.544
3 0.752 0.16 0.592
12 0.752 0.16 0.592
26 0.208 0.16 0.048
28 0.752 0.16 0.592
71 0.752 0.16 0.592
75 0.752 0.16 0.592
77 0.544 0.16 0.384
79 0.752 0.16 0.592
78 0.8 0.048 0.752
17 0.8 0.048 0.752
29 0.8 0.048 0.752
35 0.671089 0.048 0.623089
46 0.669445 0.048 0.621445
78 0.752 0.192 0.56
78 0.56 0.16 0.4
17 0.752 0.16 0.592
29 0.752 0.16 0.592
35 0.623089 0.16 0.463089
46 0.621445 0.16 0.461445
29 0.592 0.048 0.544
17 0.592 0.048 0.544
78 0.4 0.048 0.352
29 0.544 0.096 0.448
29 0.448 0.16 0.288
29 0.288 0.016 0.272
17 0.544 0.16 0.384
78 0.352 0.16 0.192
32 0.8 0.048 0.752
6 0.8 0.048 0.752
11 0.712588 0.048 0.664588
19 0.8 0.048 0.752
31 0.757494 0.048 0.709494
32 0.752 0.096 0.656
32 0.656 0.16 0.496
6 0.752 0.16 0.592
6 0.592 0.016 0.576
32 0.496 0.016 0.48
6 0.576 0.048 0.528
11 0.664588 0.048 0.616588
19 0.752 0.048 0.704
31 0.709494 0.048 0.661494
32 0.48 0.048 0.432
55 0.8 0.048 0.752
6 0.528 0.096 0.432
6 0.432 0.16 0.272
11 0.616588 0.16 0.456588
19 0.704 0.16 0.544
31 0.661494 0.16 0.501494
11 0.456588 0.16 0.296588
19 0.544 0.16 0.384
31 0.501494 0.16 0.341494
32 0.432 0.16 0.272
55 0.752 0.16 0.592
42 0.8 0.048 0.752
21 0.8 0.048 0.752
22 0.8 0.048 0.752
27 0.8 0.048 0.752
50 0.700064 0.048 0.652064
42 0.752 0.048 0.704
42 0.704 0.16 0.544
21 0.752 0.16 0.592
22 0.752 0.16 0.592
22 0.592 0.016 0.576
42 0.544 0.016 0.528
22 0.576 0.048 0.528
1 0.777244 0.048 0.729244
27 0.752 0.048 0.704
42 0.528 0.048 0.48
22 0.528 0.048 0.48
22 0.48 0.16 0.32
27 0.704 0.16 0.544
50 0.652064 0.16 0.492064
1 0.729244 0.16 0.569244
1 0.569244 0.016 0.553244
22 0.32 0.016 0.304
1 0.553244 0.048 0.505244
22 0.304 0.048 0.256
27 0.544 0.048 0.496
30 0.717762 0.048 0.669762
66 0.773499 0.048 0.725499
27 0.496 0.16 0.336
42 0.48 0.16 0.32
43 0.8 0.048 0.752
5 0.8 0.048 0.752
70 0.8 0.048 0.752
72 0.8 0.048 0.752
43 0.752 0.144 0.608
43 0.608 0.16 0.448
5 0.752 0.16 0.592
70 0.752 0.16 0.592
70 0.592 0.016 0.576
43 0.448 0.016 0.432
70 0.576 0.048 0.528
43 0.432 0.048 0.384
72 0.752 0.048 0.704
70 0.528 0.048 0.48
70 0.48 0.16 0.32
72 0.704 0.16 0.544
43 0.384 0.16 0.224
72 0.544 0.16 0.384
20 0.8 0.048 0.752
36 0.8 0.048 0.752
61 0.8 0.048 0.752
20 0.752 0.048 0.704
20 0.704 0.16 0.544
36 0.752 0.16 0.592
61 0.752 0.16 0.592
61 0.592 0.016 0.576
20 0.544 0.016 0.528
61 0.576 0.048 0.528
14 0.8 0.048 0.752
18 0.8 0.048 0.752
20 0.528 0.048 0.48
61 0.528 0.096 0.432
61 0.432 0.16 0.272
14 0.752 0.16 0.592
14 0.592 0.016 0.576
61 0.272 0.016 0.256
14 0.576 0.048 0.528
18 0.752 0.048 0.704
61 0.256 0.048 0.208
14 0.528 0.048 0.48
14 0.48 0.16 0.32
18 0.704 0.16 0.544
20 0.48 0.16 0.32
18 0.544 0.16 0.384
61 0.208 0.16 0.048
45 0.8 0.048 0.752
34 0.8 0.048 0.752
49 0.8 0.048 0.752
65 0.8 0.048 0.752
68 0.8 0.048 0.752
45 0.752 0.192 0.56
45 0.56 0.16 0.4
34 0.752 0.16 0.592
49 0.752 0.16 0.592
65 0.752 0.16 0.592
65 0.592 0.016 0.576
45 0.4 0.016 0.384
65 0.576 0.048 0.528
34 0.592 0.048 0.544
45 0.384 0.048 0.336
49 0.592 0.048 0.544
65 0.528 0.096 0.432
65 0.432 0.16 0.272
68 0.752 0.16 0.592
34 0.544 0.16 0.384
45 0.336 0.16 0.176
49 0.544 0.16 0.384
62 0.8 0.048 0.752
17 0.613443 0.048 0.565443
35 0.615438 0.048 0.567438
37 0.609742 0.048 0.561742
46 0.603947 0.048 0.555947
54 0.302427 0.048 0.254427
62 0.752 0.192 0.56
62 0.56 0.16 0.4
17 0.565443 0.16 0.405443
35 0.567438 0.16 0.407438
37 0.561742 0.16 0.401742
46 0.555947 0.16 0.395947
54 0.254427 0.16 0.0944266
60 0.8 0.048 0.752
44 0.8 0.048 0.752
79 0.8 0.048 0.752
3 0.8 0.048 0.752
12 0.8 0.048 0.752
28 0.8 0.048 0.752
47 0.304102 0.048 0.256102
71 0.8 0.048 0.752
75 0.8 0.048 0.752
77 0.675794 0.048 0.627794
79 0.752 0.24 0.512
79 0.512 0.16 0.352
3 0.752 0.16 0.592
12 0.752 0.16 0.592
28 0.752 0.16 0.592
47 0.256102 0.16 0.0961016
71 0.752 0.16 0.592
71 0.592 0.016 0.576
79 0.352 0.016 0.336
71 0.576 0.048 0.528
3 0.592 0.048 0.544
12 0.592 0.048 0.544
28 0.592 0.048 0.544
47 0.0961016 0.048 0.0481016
75 0.752 0.048 0.704
77 0.627794 0.048 0.579794
79 0.336 0.048 0.288
71 0.528 0.192 0.336
71 0.336 0.16 0.176
75 0.704 0.16 0.544
77 0.579794 0.16 0.419794
3 0.544 0.16 0.384
12 0.544 0.16 0.384
28 0.544 0.16 0.384
47 0.0481016 0.16 -0.111898
75 0.544 0.16 0.384
77 0.419794 0.16 0.259794
79 0.288 0.16 0.128
76 0.762091 0.048 0.714091
25 0.550275 0.048 0.502275
51 0.749761 0.048 0.701761
53 0.651047 0.048 0.603047
76 0.714091 0.096 0.618091
76 0.618091 0.16 0.458091
25 0.502275 0.16 0.342275
51 0.701761 0.16 0.541761
53 0.603047 0.16 0.443047
48 0.8 0.048 0.752
16 0.8 0.048 0.752
25 0.49522 0.048 0.44722
38 0.752519 0.048 0.704519
48 0.752 0.048 0.704
48 0.704 0.16 0.544
16 0.752 0.16 0.592
25 0.44722 0.16 0.28722
38 0.704519 0.16 0.544519
38 0.544519 0.016 0.528519
48 0.544 0.016 0.528
38 0.528519 0.048 0.480519
16 0.592 0.048 0.544
24 0.749174 0.048 0.701174
48 0.528 0.048 0.48
38 0.480519 0.048 0.432519
38 0.432519 0.16 0.272519
16 0.544 0.16 0.384
24 0.701174 0.16 0.541174
24 0.541174 0.016 0.525174
38 0.272519 0.016 0.256519
24 0.525174 0.048 0.477174
13 0.8 0.048 0.752
38 0.256519 0.048 0.208519
52 0.8 0.048 0.752
24 0.477174 0.048 0.429174
24 0.429174 0.16 0.269174
48 0.48 0.16 0.32
13 0.752 0.16 0.592
38 0.208519 0.16 0.0485188
52 0.752 0.16 0.592
52 0.592 0.016 0.576
24 0.269174 0.016 0.253174
52 0.576 0.048 0.528
13 0.592 0.048 0.544
24 0.253174 0.048 0.205174
41 0.8 0.048 0.752
7 0.8 0.048 0.752
74 0.8 0.048 0.752
41 0.752 0.096 0.656
41 0.656 0.16 0.496
7 0.752 0.16 0.592
7 0.592 0.016 0.576
41 0.496 0.016 0.48
7 0.576 0.048 0.528
41 0.48 0.048 0.432
74 0.752 0.048 0.704
7 0.528 0.048 0.48
7 0.48 0.16 0.32
74 0.704 0.16 0.544
41 0.432 0.16 0.272
74 0.544 0.16 0.384
1 0.8 0.048 0.752
22 0.634962 0.048 0.586962
27 0.706055 0.048 0.658055
66 0.8 0.048 0.752
37 0.693639 0.048 0.645639
35 0.703424 0.048 0.655424
54 0.387509 0.048 0.339509
56 0.568576 0.048 0.520576
62 0.700694 0.048 0.652694
37 0.645639 0.096 0.549639
37 0.549639 0.16 0.389639
35 0.655424 0.16 0.495424
54 0.339509 0.16 0.179509
56 0.520576 0.16 0.360576
62 0.652694 0.16 0.492694
2 0.8 0.048 0.752
4 0.8 0.048 0.752
8 0.8 0.048 0.752
58 0.8 0.048 0.752
64 0.8 0.048 0.752
80 0.8 0.048 0.752
2 0.752 0.144 0.608
2 0.608 0.16 0.448
4 0.752 0.16 0.592
8 0.752 0.16 0.592
58 0.752 0.16 0.592
64 0.752 0.16 0.592
64 0.592 0.016 0.576
2 0.448 0.016 0.432
64 0.576 0.048 0.528
2 0.432 0.048 0.384
4 0.592 0.048 0.544
8 0.592 0.048 0.544
58 0.592 0.048 0.544
64 0.528 0.048 0.48
64 0.48 0.16 0.32
80 0.752 0.16 0.592
2 0.384 0.16 0.224
4 0.544 0.16 0.384
8 0.544 0.16 0.384
58 0.544 0.16 0.384
60 0.8 0.048 0.752
44 0.8 0.048 0.752
58 0.536685 0.048 0.488685
2 0.373709 0.048 0.325709
4 0.533551 0.048 0.485551
8 0.533916 0.048 0.485916
64 0.471128 0.048 0.423128
80 0.748667 0.048 0.700667
58 0.488685 0.048 0.440685
58 0.440685 0.16 0.280685
2 0.325709 0.16 0.165709
4 0.485551 0.16 0.325551
8 0.485916 0.16 0.325916
64 0.423128 0.16 0.263128
80 0.700667 0.16 0.540667
80 0.540667 0.016 0.524667
58 0.280685 0.016 0.264685
80 0.524667 0.048 0.476667
2 0.165709 0.048 0.117709
23 0.8 0.048 0.752
58 0.264685 0.048 0.216685
80 0.476667 0.048 0.428667
80 0.428667 0.16 0.268667
2 0.117709 0.16 -0.0422906
23 0.752 0.16 0.592
23 0.592 0.016 0.576
80 0.268667 0.016 0.252667
23 0.576 0.048 0.528
69 0.8 0.048 0.752
80 0.252667 0.048 0.204667
23 0.528 0.048 0.48
23 0.48 0.16 0.32
58 0.216685 0.16 0.0566848
69 0.752 0.16 0.592
69 0.592 0.016 0.576
23 0.32 0.016 0.304
69 0.576 0.048 0.528
23 0.304 0.048 0.256
63 0.8 0.048 0.752
69 0.528 0.048 0.48
69 0.48 0.16 0.32
80 0.204667 0.16 0.044667
23 0.256 0.16 0.096
63 0.752 0.16 0.592
63 0.592 0.016 0.576
69 0.32 0.016 0.304
63 0.576 0.048 0.528
69 0.304 0.048 0.256
73 0.8 0.048 0.752
28 0.8 0.048 0.752
3 0.8 0.048 0.752
12 0.8 0.048 0.752
47 0.461155 0.048 0.413155
71 0.628595 0.048 0.580595
75 0.8 0.048 0.752
77 0.642839 0.048 0.594839
79 0.578271 0.048 0.530271
28 0.752 0.192 0.56
28 0.56 0.16 0.4
3 0.752 0.16 0.592
12 0.752 0.16 0.592
47 0.413155 0.16 0.253155
71 0.580595 0.16 0.420595
75 0.752 0.16 0.592
77 0.594839 0.16 0.434839
79 0.530271 0.16 0.370271
61 0.570713 0.048 0.522713
14 0.8 0.048 0.752
18 0.8 0.048 0.752
20 0.8 0.048 0.752
61 0.522713 0.096 0.426713
61 0.426713 0.16 0.266713
14 0.752 0.16 0.592
18 0.752 0.16 0.592
18 0.592 0.016 0.576
61 0.266713 0.016 0.250713
18 0.576 0.048 0.528
14 0.592 0.048 0.544
61 0.250713 0.048 0.202713
20 0.752 0.16 0.592
52 0.8 0.048 0.752
13 0.8 0.048 0.752
24 0.587599 0.048 0.539599
77 0.582535 0.048 0.534535
3 0.740518 0.048 0.692518
12 0.665862 0.048 0.617862
26 0.8 0.048 0.752
28 0.471546 0.048 0.423546
47 0.408651 0.048 0.360651
75 0.66522 0.048 0.61722
79 0.519766 0.048 0.471766
77 0.534535 0.144 0.390535
77 0.390535 0.16 0.230535
3 0.692518 0.16 0.532518
12 0.617862 0.16 0.457862
26 0.752 0.16 0.592
28 0.423546 0.16 0.263546
47 0.360651 0.16 0.200651
75 0.61722 0.16 0.45722
79 0.471766 0.16 0.311766
51 0.8 0.048 0.752
25 0.662747 0.048 0.614747
53 0.8 0.048 0.752
76 0.8 0.048 0.752
51 0.752 0.048 0.704
51 0.704 0.16 0.544
25 0.614747 0.16 0.454747
53 0.752 0.16 0.592
76 0.752 0.16 0.592
1 0.8 0.048 0.752
22 0.8 0.048 0.752
27 0.8 0.048 0.752
68 0.8 0.048 0.752
9 0.8 0.048 0.752
34 0.8 0.048 0.752
45 0.780903 0.048 0.732903
49 0.8 0.048 0.752
68 0.752 0.192 0.56
68 0.56 0.16 0.4
9 0.752 0.16 0.592
34 0.752 0.16 0.592
45 0.732903 0.16 0.572903
45 0.572903 0.016 0.556903
68 0.4 0.016 0.384
45 0.556903 0.048 0.508903
34 0.592 0.048 0.544
49 0.752 0.048 0.704
68 0.384 0.048 0.336
45 0.508903 0.096 0.412903
45 0.412903 0.16 0.252903
49 0.704 0.16 0.544
34 0.544 0.16 0.384
49 0.544 0.16 0.384
68 0.336 0.16 0.176
72 0.8 0.048 0.752
43 0.8 0.048 0.752
70 0.8 0.048 0.752
72 0.752 0.048 0.704
72 0.704 0.16 0.544
43 0.752 0.16 0.592
43 0.592 0.016 0.576
72 0.544 0.016 0.528
43 0.576 0.048 0.528
5 0.8 0.048 0.752
70 0.752 0.048 0.704
72 0.528 0.048 0.48
43 0.528 0.048 0.48
43 0.48 0.16 0.32
70 0.704 0.16 0.544
5 0.752 0.16 0.592
5 0.592 0.016 0.576
43 0.32 0.016 0.304
5 0.576 0.048 0.528
43 0.304 0.048 0.256
59 0.8 0.048 0.752
70 0.544 0.16 0.384
72 0.48 0.16 0.32
74 0.8 0.048 0.752
7 0.8 0.048 0.752
41 0.79187 0.048 0.74387
59 0.8 0.048 0.752
74 0.752 0.048 0.704
74 0.704 0.16 0.544
7 0.752 0.16 0.592
41 0.74387 0.16 0.58387
41 0.58387 0.016 0.56787
74 0.544 0.016 0.528
41 0.56787 0.048 0.51987
7 0.592 0.048 0.544
59 0.752 0.048 0.704
74 0.528 0.048 0.48
59 0.704 0.16 0.544
60 0.8 0.048 0.752
44 0.8 0.048 0.752
63 0.8 0.048 0.752
69 0.627131 0.048 0.579131
73 0.8 0.048 0.752
80 0.424292 0.048 0.376292
2 0.374271 0.048 0.326271
58 0.43585 0.048 0.38785
19 0.8 0.048 0.752
6 0.8 0.048 0.752
11 0.8 0.048 0.752
31 0.8 0.048 0.752
32 0.8 0.048 0.752
19 0.752 0.096 0.656
19 0.656 0.16 0.496
6 0.752 0.16 0.592
11 0.752 0.16 0.592
11 0.592 0.016 0.576
19 0.496 0.016 0.48
11 0.576 0.048 0.528
6 0.592 0.048 0.544
19 0.48 0.048 0.432
31 0.752 0.048 0.704
32 0.752 0.048 0.704
11 0.528 0.048 0.48
11 0.48 0.16 0.32
31 0.704 0.16 0.544
32 0.704 0.16 0.544
6 0.544 0.16 0.384
19 0.432 0.16 0.272
31 0.544 0.16 0.384
32 0.544 0.16 0.384
18 0.8 0.048 0.752
14 0.8 0.048 0.752
61 0.56503 0.048 0.51703
55 0.8 0.048 0.752
6 0.455547 0.048 0.407547
31 0.384 0.048 0.336
33 0.8 0.048 0.752
67 0.8 0.048 0.752
55 0.752 0.048 0.704
55 0.704 0.16 0.544
6 0.407547 0.16 0.247547
31 0.336 0.16 0.176
33 0.752 0.16 0.592
67 0.752 0.16 0.592
67 0.592 0.016 0.576
55 0.544 0.016 0.528
67 0.576 0.048 0.528
13 0.8 0.048 0.752
33 0.592 0.048 0.544
55 0.528 0.048 0.48
52 0.8 0.048 0.752
13 0.752 0.048 0.704
24 0.8 0.048 0.752
23 0.597837 0.048 0.549837
69 0.72996 0.048 0.68196
80 0.527208 0.048 0.479208
23 0.549837 0.048 0.501837
23 0.501837 0.16 0.341837
69 0.68196 0.16 0.52196
69 0.52196 0.016 0.50596
23 0.341837 0.016 0.325837
69 0.50596 0.048 0.45796
23 0.325837 0.048 0.277837
63 0.8 0.048 0.752
80 0.479208 0.16 0.319208
1 0.8 0.048 0.752
22 0.8 0.048 0.752
27 0.8 0.048 0.752
66 0.8 0.048 0.752
1 0.752 0.048 0.704
1 0.704 0.16 0.544
1 0.544 0.016 0.528
22 0.752 0.16 0.592
27 0.752 0.16 0.592
66 0.752 0.16 0.592
5 0.8 0.048 0.752
43 0.642155 0.048 0.594155
59 0.8 0.048 0.752
34 0.747502 0.048 0.699502
45 0.701896 0.048 0.653896
49 0.768277 0.048 0.720277
68 0.547685 0.048 0.499685
34 0.699502 0.096 0.603502
34 0.603502 0.16 0.443502
45 0.653896 0.16 0.493896
49 0.720277 0.16 0.560277
49 0.560277 0.016 0.544277
34 0.443502 0.016 0.427502
49 0.544277 0.048 0.496277
34 0.427502 0.048 0.379502
45 0.493896 0.048 0.445896
65 0.8 0.048 0.752
68 0.499685 0.16 0.339685
41 0.8 0.048 0.752
7 0.8 0.048 0.752
59 0.8 0.048 0.752
74 0.8 0.048 0.752
9 0.8 0.048 0.752
30 0.8 0.048 0.752
68 0.415325 0.048 0.367325
60 0.8 0.048 0.752
44 0.8 0.048 0.752
21 0.8 0.048 0.752
42 0.8 0.048 0.752
50 0.8 0.048 0.752
21 0.752 0.144 0.608
21 0.608 0.16 0.448
21 0.448 0.016 0.432
42 0.752 0.16 0.592
50 0.752 0.16 0.592
56 0.8 0.048 0.752
26 0.8 0.048 0.752
37 0.8 0.048 0.752
56 0.752 0.048 0.704
56 0.704 0.16 0.544
26 0.752 0.16 0.592
26 0.592 0.016 0.576
56 0.544 0.016 0.528
26 0.576 0.048 0.528
12 0.8 0.048 0.752
47 0.8 0.048 0.752
56 0.528 0.048 0.48
77 0.8 0.048 0.752
26 0.528 0.048 0.48
26 0.48 0.16 0.32
37 0.752 0.16 0.592
12 0.752 0.16 0.592
12 0.592 0.016 0.576
26 0.32 0.016 0.304
12 0.576 0.048 0.528
3 0.8 0.048 0.752
26 0.304 0.048 0.256
28 0.8 0.048 0.752
47 0.752 0.048 0.704
71 0.8 0.048 0.752
75 0.8 0.048 0.752
77 0.752 0.048 0.704
79 0.8 0.048 0.752
12 0.528 0.096 0.432
12 0.432 0.16 0.272
47 0.704 0.16 0.544
56 0.48 0.16 0.32
77 0.704 0.16 0.544
3 0.752 0.16 0.592
3 0.592 0.016 0.576
12 0.272 0.016 0.256
3 0.576 0.048 0.528
12 0.256 0.048 0.208
28 0.752 0.048 0.704
47 0.544 0.048 0.496
71 0.752 0.048 0.704
75 0.752 0.048 0.704
77 0.544 0.048 0.496
79 0.752 0.048 0.704
3 0.528 0.048 0.48
3 0.48 0.16 0.32
26 0.256 0.16 0.096
28 0.704 0.16 0.544
47 0.496 0.16 0.336
71 0.704 0.16 0.544
75 0.704 0.16 0.544
77 0.496 0.16 0.336
79 0.704 0.16 0.544
12 0.208 0.16 0.048
28 0.544 0.16 0.384
47 0.336 0.16 0.176
71 0.544 0.16 0.384
75 0.544 0.16 0.384
77 0.336 0.16 0.176
79 0.544 0.16 0.384
63 0.8 0.048 0.752
69 0.684743 0.048 0.636743
73 0.8 0.048 0.752
80 0.540816 0.048 0.492816
2 0.700465 0.048 0.652465
23 0.504924 0.048 0.456924
58 0.760969 0.048 0.712969
80 0.492816 0.096 0.396816
80 0.396816 0.16 0.236816
2 0.652465 0.16 0.492465
23 0.456924 0.16 0.296924
58 0.712969 0.16 0.552969
18 0.8 0.048 0.752
14 0.8 0.048 0.752
61 0.8 0.048 0.752
15 0.8 0.048 0.752
57 0.8 0.048 0.752
15 0.752 0.048 0.704
15 0.704 0.16 0.544
57 0.752 0.16 0.592
57 0.592 0.016 0.576
15 0.544 0.016 0.528
57 0.576 0.048 0.528
10 0.8 0.048 0.752
15 0.528 0.048 0.48
40 0.8 0.048 0.752
57 0.528 0.048 0.48
57 0.48 0.16 0.32
10 0.752 0.16 0.592
15 0.48 0.16 0.32
40 0.752 0.16 0.592
40 0.592 0.016 0.576
57 0.32 0.016 0.304
40 0.576 0.048 0.528
10 0.592 0.048 0.544
39 0.8 0.048 0.752
57 0.304 0.048 0.256
40 0.528 0.048 0.48
40 0.48 0.16 0.32
40 0.32 0.016 0.304
10 0.544 0.16 0.384
39 0.752 0.16 0.592
57 0.256 0.16 0.096
67 0.8 0.048 0.752
13 0.8 0.048 0.752
33 0.8 0.048 0.752
55 0.8 0.048 0.752
52 0.8 0.048 0.752
13 0.752 0.048 0.704
24 0.8 0.048 0.752
32 0.8 0.048 0.752
6 0.630505 0.048 0.582505
11 0.774408 0.048 0.726408
19 0.731342 0.048 0.683342
31 0.623138 0.048 0.575138
32 0.752 0.048 0.704
32 0.704 0.16 0.544
6 0.582505 0.16 0.422505
11 0.726408 0.16 0.566408
19 0.683342 0.16 0.523342
19 0.523342 0.016 0.507342
32 0.544 0.016 0.528
19 0.507342 0.048 0.459342
6 0.422505 0.048 0.374505
11 0.566408 0.048 0.518408
31 0.575138 0.048 0.527138
32 0.528 0.048 0.48
31 0.527138 0.16 0.367138
69 0.786043 0.048 0.738043
23 0.449421 0.048 0.401421
63 0.8 0.048 0.752
5 0.8 0.048 0.752
43 0.8 0.048 0.752
59 0.8 0.048 0.752
74 0.8 0.048 0.752
5 0.752 0.048 0.704
5 0.704 0.16 0.544
43 0.752 0.16 0.592
59 0.752 0.16 0.592
74 0.752 0.16 0.592
74 0.592 0.016 0.576
5 0.544 0.016 0.528
74 0.576 0.048 0.528
5 0.528 0.048 0.48
7 0.8 0.048 0.752
41 0.8 0.048 0.752
59 0.592 0.048 0.544
49 0.8 0.048 0.752
34 0.760575 0.048 0.712575
45 0.8 0.048 0.752
65 0.8 0.048 0.752
41 0.752 0.048 0.704
7 0.8 0.048 0.752
59 0.61406 0.048 0.56606
74 0.528 0.048 0.48
17 0.8 0.048 0.752
29 0.8 0.048 0.752
35 0.8 0.048 0.752
46 0.8 0.048 0.752
78 0.8 0.048 0.752
17 0.752 0.144 0.608
17 0.608 0.16 0.448
29 0.752 0.16 0.592
35 0.752 0.16 0.592
35 0.592 0.016 0.576
17 0.448 0.016 0.432
35 0.576 0.048 0.528
17 0.432 0.048 0.384
46 0.752 0.048 0.704
54 0.8 0.048 0.752
62 0.8 0.048 0.752
78 0.752 0.048 0.704
35 0.528 0.096 0.432
35 0.432 0.16 0.272
46 0.704 0.16 0.544
78 0.704 0.16 0.544
17 0.384 0.16 0.224
46 0.544 0.16 0.384
54 0.752 0.16 0.592
62 0.752 0.16 0.592
78 0.544 0.16 0.384
9 0.8 0.048 0.752
30 0.8 0.048 0.752
68 0.738815 0.048 0.690815
9 0.752 0.048 0.704
9 0.704 0.16 0.544
30 0.752 0.16 0.592
68 0.690815 0.16 0.530815
68 0.530815 0.016 0.514815
9 0.544 0.016 0.528
68 0.514815 0.048 0.466815
9 0.528 0.048 0.48
34 0.792345 0.048 0.744345
45 0.8 0.048 0.752
68 0.466815 0.048 0.418815
68 0.418815 0.16 0.258815
9 0.48 0.16 0.32
34 0.744345 0.16 0.584345
34 0.584345 0.016 0.568345
68 0.258815 0.016 0.242815
34 0.568345 0.048 0.520345
45 0.752 0.048 0.704
49 0.8 0.048 0.752
68 0.242815 0.048 0.194815
45 0.704 0.16 0.544
60 0.8 0.048 0.752
44 0.8 0.048 0.752
12 0.43299 0.048 0.38499
3 0.684607 0.048 0.636607
26 0.47271 0.048 0.42471
28 0.750402 0.048 0.702402
47 0.472205 0.048 0.424205
71 0.760313 0.048 0.712313
75 0.7506 0.048 0.7026
77 0.547357 0.048 0.499357
24 0.8 0.048 0.752
13 0.8 0.048 0.752
16 0.8 0.048 0.752
38 0.8 0.048 0.752
52 0.8 0.048 0.752
24 0.752 0.048 0.704
24 0.704 0.16 0.544
13 0.752 0.16 0.592
16 0.752 0.16 0.592
38 0.752 0.16 0.592
38 0.592 0.016 0.576
24 0.544 0.016 0.528
38 0.576 0.048 0.528
16 0.592 0.048 0.544
24 0.528 0.048 0.48
48 0.8 0.048 0.752
52 0.752 0.048 0.704
38 0.528 0.048 0.48
38 0.48 0.16 0.32
52 0.704 0.16 0.544
16 0.544 0.16 0.384
24 0.48 0.16 0.32
48 0.752 0.16 0.592
48 0.592 0.016 0.576
38 0.32 0.016 0.304
48 0.576 0.048 0.528
16 0.384 0.048 0.336
25 0.8 0.048 0.752
38 0.304 0.048 0.256
53 0.8 0.048 0.752
48 0.528 0.048 0.48
48 0.48 0.16 0.32
52 0.544 0.16 0.384
16 0.336 0.16 0.176
25 0.752 0.16 0.592
25 0.592 0.016 0.576
48 0.32 0.016 0.304
25 0.576 0.048 0.528
48 0.304 0.048 0.256
51 0.8 0.048 0.752
53 0.752 0.048 0.704
76 0.8 0.048 0.752
38 0.256 0.16 0.096
53 0.704 0.16 0.544
54 0.67091 0.048 0.62291
35 0.348814 0.048 0.300814
37 0.8 0.048 0.752
46 0.462056 0.048 0.414056
62 0.662445 0.048 0.614445
42 0.8 0.048 0.752
21 0.8 0.048 0.752
50 0.8 0.048 0.752
42 0.752 0.096 0.656
42 0.656 0.16 0.496
21 0.752 0.16 0.592
21 0.592 0.016 0.576
42 0.496 0.016 0.48
21 0.576 0.048 0.528
42 0.48 0.048 0.432
50 0.752 0.048 0.704
21 0.528 0.048 0.48
21 0.48 0.16 0.32
50 0.704 0.16 0.544
42 0.432 0.16 0.272
50 0.544 0.16 0.384
46 0.414056 0.048 0.366056
17 0.301384 0.048 0.253384
35 0.300814 0.048 0.252814
54 0.62291 0.048 0.57491
62 0.614445 0.048 0.566445
63 0.8 0.048 0.752
73 0.8 0.048 0.752
26 0.496228 0.048 0.448228
12 0.459713 0.048 0.411713
47 0.572511 0.048 0.524511
56 0.8 0.048 0.752
77 0.577489 0.048 0.529489
26 0.448228 0.048 0.400228
26 0.400228 0.16 0.240228
12 0.411713 0.16 0.251713
47 0.524511 0.16 0.364511
56 0.752 0.16 0.592
56 0.592 0.016 0.576
26 0.240228 0.016 0.224228
56 0.576 0.048 0.528
26 0.224228 0.048 0.176228
37 0.8 0.048 0.752
77 0.529489 0.16 0.369489
40 0.60581 0.048 0.55781
10 0.756544 0.048 0.708544
39 0.8 0.048 0.752
57 0.403313 0.048 0.355313
18 0.8 0.048 0.752
14 0.8 0.048 0.752
61 0.8 0.048 0.752
44 0.8 0.048 0.752
60 0.8 0.048 0.752
67 0.8 0.048 0.752
13 0.742231 0.048 0.694231
33 0.8 0.048 0.752
55 0.8 0.048 0.752
52 0.533331 0.048 0.485331
13 0.694231 0.048 0.646231
24 0.471673 0.048 0.423673
38 0.245181 0.048 0.197181
19 0.8 0.048 0.752
6 0.749256 0.048 0.701256
11 0.8 0.048 0.752
31 0.742991 0.048 0.694991
32 0.8 0.048 0.752
69 0.8 0.048 0.752
23 0.77697 0.048 0.72897
63 0.8 0.048 0.752
20 0.8 0.048 0.752
61 0.8 0.048 0.752
20 0.752 0.048 0.704
20 0.704 0.16 0.544
61 0.752 0.16 0.592
61 0.592 0.016 0.576
20 0.544 0.016 0.528
61 0.576 0.048 0.528
14 0.8 0.048 0.752
18 0.8 0.048 0.752
20 0.528 0.048 0.48
1 0.8 0.048 0.752
22 0.8 0.048 0.752
27 0.8 0.048 0.752
66 0.8 0.048 0.752
1 0.752 0.048 0.704
1 0.704 0.16 0.544
22 0.752 0.16 0.592
22 0.592 0.016 0.576
1 0.544 0.016 0.528
22 0.576 0.048 0.528
1 0.528 0.048 0.48
27 0.752 0.048 0.704
66 0.752 0.048 0.704
27 0.704 0.16 0.544
66 0.704 0.16 0.544
74 0.8 0.048 0.752
5 0.8 0.048 0.752
7 0.8 0.048 0.752
41 0.8 0.048 0.752
59 0.8 0.048 0.752
49 0.8 0.048 0.752
34 0.8 0.048 0.752
45 0.8 0.048 0.752
65 0.8 0.048 0.752
41 0.752 0.048 0.704
7 0.8 0.048 0.752
59 0.8 0.048 0.752
74 0.752 0.048 0.704
36 0.8 0.048 0.752
20 0.628366 0.048 0.580366
36 0.752 0.048 0.704
36 0.704 0.16 0.544
20 0.580366 0.16 0.420366
34 0.8 0.048 0.752
45 0.8 0.048 0.752
49 0.8 0.048 0.752
68 0.582559 0.048 0.534559
60 0.8 0.048 0.752
44 0.8 0.048 0.752
12 0.544671 0.048 0.496671
3 0.8 0.048 0.752
26 0.490247 0.048 0.442247
28 0.8 0.048 0.752
47 0.590508 0.048 0.542508
71 0.8 0.048 0.752
75 0.8 0.048 0.752
77 0.677911 0.048 0.629911
79 0.8 0.048 0.752
12 0.496671 0.048 0.448671
12 0.448671 0.16 0.288671
3 0.752 0.16 0.592
26 0.442247 0.16 0.282247
28 0.752 0.16 0.592
47 0.542508 0.16 0.382508
71 0.752 0.16 0.592
75 0.752 0.16 0.592
77 0.629911 0.16 0.469911
79 0.752 0.16 0.592
79 0.592 0.016 0.576
12 0.288671 0.016 0.272671
79 0.576 0.048 0.528
3 0.592 0.048 0.544
12 0.272671 0.048 0.224671
28 0.592 0.048 0.544
47 0.382508 0.048 0.334508
71 0.592 0.048 0.544
75 0.592 0.048 0.544
25 0.8 0.048 0.752
48 0.630182 0.048 0.582182
51 0.8 0.048 0.752
53 0.8 0.048 0.752
76 0.8 0.048 0.752
54 0.8 0.048 0.752
35 0.626169 0.048 0.578169
37 0.8 0.048 0.752
46 0.747124 0.048 0.699124
62 0.8 0.048 0.752
46 0.699124 0.048 0.651124
17 0.618649 0.048 0.570649
35 0.578169 0.048 0.530169
54 0.752 0.048 0.704
62 0.752 0.048 0.704
46 0.651124 0.048 0.603124
46 0.603124 0.16 0.443124
17 0.570649 0.16 0.410649
35 0.530169 0.16 0.370169
54 0.704 0.16 0.544
62 0.704 0.16 0.544
63 0.8 0.048 0.752
63 0.752 0.048 0.704
63 0.704 0.16 0.544
63 0.544 0.016 0.528
73 0.8 0.048 0.752
43 0.8 0.048 0.752
5 0.8 0.048 0.752
70 0.8 0.048 0.752
72 0.8 0.048 0.752
43 0.752 0.096 0.656
43 0.656 0.16 0.496
5 0.752 0.16 0.592
5 0.592 0.016 0.576
43 0.496 0.016 0.48
5 0.576 0.048 0.528
43 0.48 0.048 0.432
59 0.8 0.048 0.752
74 0.8 0.048 0.752
70 0.752 0.16 0.592
72 0.752 0.16 0.592
48 0.582182 0.048 0.534182
16 0.617348 0.048 0.569348
25 0.752 0.048 0.704
38 0.417039 0.048 0.369039
53 0.752 0.048 0.704
56 0.8 0.048 0.752
26 0.352401 0.048 0.304401
40 0.8 0.048 0.752
10 0.8 0.048 0.752
39 0.8 0.048 0.752
57 0.740098 0.048 0.692098
40 0.752 0.048 0.704
40 0.704 0.16 0.544
10 0.752 0.16 0.592
39 0.752 0.16 0.592
57 0.692098 0.16 0.532098
57 0.532098 0.016 0.516098
40 0.544 0.016 0.528
57 0.516098 0.048 0.468098
10 0.592 0.048 0.544
15 0.8 0.048 0.752
40 0.528 0.048 0.48
57 0.468098 0.048 0.420098
57 0.420098 0.16 0.260098
10 0.544 0.16 0.384
15 0.752 0.16 0.592
15 0.592 0.016 0.576
57 0.260098 0.016 0.244098
15 0.576 0.048 0.528
57 0.244098 0.048 0.196098
40 0.48 0.16 0.32
18 0.8 0.048 0.752
14 0.8 0.048 0.752
60 0.8 0.048 0.752
61 0.747822 0.048 0.699822
44 0.8 0.048 0.752
18 0.752 0.048 0.704
60 0.752 0.048 0.704
67 0.8 0.048 0.752
33 0.8 0.048 0.752
55 0.8 0.048 0.752
52 0.8 0.048 0.752
13 0.8 0.048 0.752
24 0.794633 0.048 0.746633
38 0.521671 0.048 0.473671
19 0.8 0.048 0.752
6 0.8 0.048 0.752
11 0.8 0.048 0.752
31 0.8 0.048 0.752
32 0.8 0.048 0.752
69 0.8 0.048 0.752
23 0.8 0.048 0.752
63 0.753625 0.048 0.705625
69 0.752 0.048 0.704
69 0.704 0.16 0.544
23 0.752 0.16 0.592
63 0.705625 0.16 0.545625
63 0.545625 0.016 0.529625
69 0.544 0.016 0.528
63 0.529625 0.048 0.481625
69 0.528 0.048 0.48
61 0.8 0.048 0.752
14 0.8 0.048 0.752
18 0.8 0.048 0.752
20 0.646408 0.048 0.598408
22 0.8 0.048 0.752
1 0.8 0.048 0.752
27 0.8 0.048 0.752
66 0.8 0.048 0.752
74 0.8 0.048 0.752
5 0.751798 0.048 0.703798
7 0.8 0.048 0.752
41 0.8 0.048 0.752
59 0.8 0.048 0.752
49 0.8 0.048 0.752
34 0.8 0.048 0.752
45 0.8 0.048 0.752
65 0.8 0.048 0.752
38 0.627863 0.048 0.579863
16 0.792123 0.048 0.744123
24 0.8 0.048 0.752
48 0.8 0.048 0.752
52 0.8 0.048 0.752
38 0.579863 0.048 0.531863
38 0.531863 0.16 0.371863
16 0.744123 0.16 0.584123
24 0.752 0.16 0.592
24 0.592 0.016 0.576
38 0.371863 0.016 0.355863
24 0.576 0.048 0.528
13 0.8 0.048 0.752
38 0.355863 0.048 0.307863
52 0.752 0.048 0.704
48 0.752 0.16 0.592
52 0.704 0.16 0.544
41 0.752 0.048 0.704
7 0.8 0.048 0.752
59 0.8 0.048 0.752
74 0.752 0.048 0.704
34 0.8 0.048 0.752
45 0.8 0.048 0.752
49 0.8 0.048 0.752
68 0.8 0.048 0.752
60 0.8 0.048 0.752
18 0.8 0.048 0.752
44 0.8 0.048 0.752
79 0.8 0.048 0.752
3 0.8 0.048 0.752
12 0.593532 0.048 0.545532
28 0.8 0.048 0.752
47 0.710926 0.048 0.662926
71 0.8 0.048 0.752
75 0.8 0.048 0.752
58 0.8 0.048 0.752
2 0.8 0.048 0.752
4 0.8 0.048 0.752
8 0.8 0.048 0.752
64 0.8 0.048 0.752
80 0.8 0.048 0.752
58 0.752 0.048 0.704
58 0.704 0.16 0.544
2 0.752 0.16 0.592
2 0.592 0.016 0.576
58 0.544 0.016 0.528
2 0.576 0.048 0.528
4 0.752 0.048 0.704
8 0.752 0.048 0.704
58 0.528 0.048 0.48
64 0.752 0.048 0.704
80 0.752 0.048 0.704
4 0.704 0.16 0.544
8 0.704 0.16 0.544
64 0.704 0.16 0.544
80 0.704 0.16 0.544
25 0.8 0.048 0.752
48 0.665005 0.048 0.617005
51 0.8 0.048 0.752
53 0.8 0.048 0.752
76 0.8 0.048 0.752
54 0.8 0.048 0.752
35 0.744117 0.048 0.696117
37 0.8 0.048 0.752
46 0.8 0.048 0.752
62 0.8 0.048 0.752
73 0.8 0.048 0.752
5 0.8 0.048 0.752
43 0.8 0.048 0.752
59 0.8 0.048 0.752
50 0.8 0.048 0.752
21 0.8 0.048 0.752
42 0.8 0.048 0.752
50 0.752 0.048 0.704
50 0.704 0.16 0.544
21 0.752 0.16 0.592
42 0.752 0.16 0.592
42 0.592 0.016 0.576
50 0.544 0.016 0.528
42 0.576 0.048 0.528
21 0.592 0.048 0.544
50 0.528 0.048 0.48
48 0.617005 0.048 0.569005
16 0.732296 0.048 0.684296
25 0.752 0.048 0.704
38 0.38516 0.048 0.33716
53 0.752 0.048 0.704
56 0.8 0.048 0.752
26 0.675739 0.048 0.627739
37 0.8 0.048 0.752
15 0.8 0.048 0.752
18 0.8 0.048 0.752
14 0.8 0.048 0.752
44 0.8 0.048 0.752
61 0.8 0.048 0.752
57 0.578159 0.048 0.530159
15 0.752 0.048 0.704
40 0.687032 0.048 0.639032
57 0.530159 0.048 0.482159
57 0.482159 0.16 0.322159
15 0.704 0.16 0.544
40 0.639032 0.16 0.479032
44 0.752 0.048 0.704
14 0.8 0.048 0.752
18 0.752 0.048 0.704
60 0.8 0.048 0.752
67 0.8 0.048 0.752
13 0.8 0.048 0.752
33 0.8 0.048 0.752
55 0.8 0.048 0.752
67 0.752 0.048 0.704
67 0.704 0.16 0.544
67 0.544 0.016 0.528
13 0.752 0.16 0.592
33 0.752 0.16 0.592
55 0.752 0.16 0.592
52 0.8 0.048 0.752
13 0.592 0.048 0.544
24 0.8 0.048 0.752
38 0.48449 0.048 0.43649
19 0.8 0.048 0.752
6 0.8 0.048 0.752
11 0.8 0.048 0.752
31 0.8 0.048 0.752
32 0.8 0.048 0.752
63 0.8 0.048 0.752
69 0.8 0.048 0.752
61 0.8 0.048 0.752
14 0.8 0.048 0.752
18 0.8 0.048 0.752
20 0.8 0.048 0.752
22 0.8 0.048 0.752
1 0.8 0.048 0.752
27 0.8 0.048 0.752
66 0.8 0.048 0.752
74 0.8 0.048 0.752
5 0.8 0.048 0.752
7 0.8 0.048 0.752
41 0.8 0.048 0.752
59 0.8 0.048 0.752
49 0.8 0.048 0.752
34 0.8 0.048 0.752
45 0.8 0.048 0.752
65 0.8 0.048 0.752
68 0.8 0.048 0.752
49 0.752 0.048 0.704
49 0.704 0.16 0.544
34 0.752 0.16 0.592
45 0.752 0.16 0.592
65 0.752 0.16 0.592
68 0.752 0.16 0.592
68 0.592 0.016 0.576
49 0.544 0.016 0.528
68 0.576 0.048 0.528
9 0.8 0.048 0.752
34 0.592 0.048 0.544
45 0.592 0.048 0.544
49 0.528 0.048 0.48
68 0.528 0.048 0.48
68 0.48 0.16 0.32
9 0.752 0.16 0.592
9 0.592 0.016 0.576
68 0.32 0.016 0.304
9 0.576 0.048 0.528
30 0.8 0.048 0.752
68 0.304 0.048 0.256
34 0.544 0.16 0.384
45 0.544 0.16 0.384
49 0.48 0.16 0.32
24 0.8 0.048 0.752
13 0.687855 0.048 0.639855
38 0.593044 0.048 0.545044
52 0.8 0.048 0.752
24 0.752 0.048 0.704
24 0.704 0.16 0.544
24 0.544 0.016 0.528
13 0.639855 0.16 0.479855
38 0.545044 0.16 0.385044
52 0.752 0.16 0.592
41 0.752 0.048 0.704
7 0.8 0.048 0.752
59 0.8 0.048 0.752
74 0.752 0.048 0.704
72 0.8 0.048 0.752
43 0.8 0.048 0.752
70 0.8 0.048 0.752
72 0.752 0.048 0.704
72 0.704 0.16 0.544
43 0.752 0.16 0.592
43 0.592 0.016 0.576
72 0.544 0.016 0.528
43 0.576 0.048 0.528
5 0.8 0.048 0.752
70 0.752 0.048 0.704
72 0.528 0.048 0.48
70 0.704 0.16 0.544
34 0.462045 0.048 0.414045
45 0.46026 0.048 0.41226
49 0.469406 0.048 0.421406
68 0.333938 0.048 0.285938
60 0.8 0.048 0.752
44 0.8 0.048 0.752
79 0.8 0.048 0.752
3 0.8 0.048 0.752
12 0.8 0.048 0.752
28 0.8 0.048 0.752
47 0.8 0.048 0.752
71 0.8 0.048 0.752
75 0.8 0.048 0.752
77 0.8 0.048 0.752
2 0.8 0.048 0.752
4 0.8 0.048 0.752
8 0.8 0.048 0.752
58 0.8 0.048 0.752
64 0.8 0.048 0.752
80 0.8 0.048 0.752
29 0.8 0.048 0.752
17 0.8 0.048 0.752
35 0.8 0.048 0.752
46 0.8 0.048 0.752
78 0.8 0.048 0.752
29 0.752 0.048 0.704
29 0.704 0.16 0.544
17 0.752 0.16 0.592
17 0.592 0.016 0.576
29 0.544 0.016 0.528
17 0.576 0.048 0.528
29 0.528 0.048 0.48
35 0.752 0.048 0.704
46 0.752 0.048 0.704
78 0.752 0.048 0.704
35 0.704 0.16 0.544
46 0.704 0.16 0.544
78 0.704 0.16 0.544
25 0.8 0.048 0.752
16 0.8 0.048 0.752
48 0.8 0.048 0.752
51 0.8 0.048 0.752
53 0.8 0.048 0.752
76 0.8 0.048 0.752
54 0.8 0.048 0.752
35 0.544 0.048 0.496
37 0.8 0.048 0.752
46 0.544 0.048 0.496
62 0.8 0.048 0.752
73 0.8 0.048 0.752
5 0.8 0.048 0.752
43 0.604744 0.048 0.556744
59 0.8 0.048 0.752
74 0.8 0.048 0.752
42 0.8 0.048 0.752
21 0.8 0.048 0.752
50 0.8 0.048 0.752
48 0.752 0.048 0.704
16 0.8 0.048 0.752
25 0.752 0.048 0.704
38 0.460758 0.048 0.412758
48 0.704 0.048 0.656
48 0.656 0.16 0.496
48 0.496 0.016 0.48
16 0.752 0.16 0.592
25 0.704 0.16 0.544
38 0.412758 0.16 0.252758
56 0.8 0.048 0.752
26 0.8 0.048 0.752
37 0.8 0.048 0.752
15 0.8 0.048 0.752
57 0.700737 0.048 0.652737
18 0.8 0.048 0.752
14 0.8 0.048 0.752
44 0.8 0.048 0.752
61 0.8 0.048 0.752
44 0.752 0.048 0.704
14 0.8 0.048 0.752
18 0.752 0.048 0.704
60 0.8 0.048 0.752
52 0.8 0.048 0.752
13 0.705972 0.048 0.657972
24 0.8 0.048 0.752
38 0.404501 0.048 0.356501
19 0.8 0.048 0.752
6 0.8 0.048 0.752
11 0.8 0.048 0.752
31 0.8 0.048 0.752
32 0.8 0.048 0.752
63 0.8 0.048 0.752
69 0.8 0.048 0.752
61 0.8 0.048 0.752
14 0.8 0.048 0.752
18 0.8 0.048 0.752
20 0.8 0.048 0.752
22 0.8 0.048 0.752
1 0.8 0.048 0.752
27 0.8 0.048 0.752
66 0.8 0.048 0.752
74 0.8 0.048 0.752
5 0.8 0.048 0.752
7 0.8 0.048 0.752
41 0.8 0.048 0.752
59 0.8 0.048 0.752
9 0.8 0.048 0.752
30 0.8 0.048 0.752
68 0.59323 0.048 0.54523
41 0.752 0.048 0.704
7 0.8 0.048 0.752
59 0.8 0.048 0.752
74 0.752 0.048 0.704
43 0.8 0.048 0.752
5 0.8 0.048 0.752
70 0.8 0.048 0.752
72 0.8 0.048 0.752
34 0.786328 0.048 0.738328
45 0.792904 0.048 0.744904
49 0.792995 0.048 0.744995
65 0.8 0.048 0.752
68 0.621871 0.048 0.573871
34 0.738328 0.048 0.690328
34 0.690328 0.16 0.530328
45 0.744904 0.16 0.584904
49 0.744995 0.16 0.584995
49 0.584995 0.016 0.568995
34 0.530328 0.016 0.514328
49 0.568995 0.048 0.520995
34 0.514328 0.048 0.466328
45 0.584904 0.048 0.536904
65 0.752 0.048 0.704
65 0.704 0.16 0.544
68 0.573871 0.16 0.413871
60 0.8 0.048 0.752
44 0.8 0.048 0.752
79 0.8 0.048 0.752
3 0.8 0.048 0.752
12 0.8 0.048 0.752
28 0.8 0.048 0.752
47 0.8 0.048 0.752
71 0.8 0.048 0.752
73 0.8 0.048 0.752
75 0.8 0.048 0.752
77 0.8 0.048 0.752
2 0.8 0.048 0.752
4 0.8 0.048 0.752
8 0.8 0.048 0.752
58 0.8 0.048 0.752
80 0.8 0.048 0.752
17 0.8 0.048 0.752
29 0.8 0.048 0.752
35 0.8 0.048 0.752
46 0.8 0.048 0.752
78 0.8 0.048 0.752
25 0.8 0.048 0.752
16 0.8 0.048 0.752
48 0.8 0.048 0.752
51 0.8 0.048 0.752
53 0.8 0.048 0.752
76 0.8 0.048 0.752
54 0.8 0.048 0.752
37 0.8 0.048 0.752
46 0.752 0.048 0.704
62 0.8 0.048 0.752
73 0.752 0.048 0.704
71 0.8 0.048 0.752
79 0.8 0.048 0.752
73 0.704 0.048 0.656
73 0.656 0.16 0.496
73 0.496 0.016 0.48
71 0.752 0.16 0.592
79 0.752 0.16 0.592
5 0.8 0.048 0.752
43 0.8 0.048 0.752
59 0.8 0.048 0.752
74 0.8 0.048 0.752
42 0.8 0.048 0.752
21 0.8 0.048 0.752
50 0.8 0.048 0.752
56 0.8 0.048 0.752
26 0.8 0.048 0.752
37 0.8 0.048 0.752
54 0.8 0.048 0.752
15 0.8 0.048 0.752
18 0.8 0.048 0.752
14 0.8 0.048 0.752
44 0.8 0.048 0.752
61 0.8 0.048 0.752
44 0.752 0.048 0.704
14 0.8 0.048 0.752
18 0.752 0.048 0.704
60 0.8 0.048 0.752
23 0.8 0.048 0.752
69 0.8 0.048 0.752
80 0.8 0.048 0.752
23 0.752 0.048 0.704
23 0.704 0.16 0.544
69 0.752 0.16 0.592
69 0.592 0.016 0.576
23 0.544 0.016 0.528
69 0.576 0.048 0.528
23 0.528 0.048 0.48
63 0.8 0.048 0.752
80 0.752 0.16 0.592
52 0.8 0.048 0.752
13 0.8 0.048 0.752
24 0.8 0.048 0.752
38 0.738873 0.048 0.690873
19 0.8 0.048 0.752
6 0.8 0.048 0.752
11 0.8 0.048 0.752
31 0.8 0.048 0.752
32 0.8 0.048 0.752
63 0.8 0.048 0.752
69 0.605674 0.048 0.557674
61 0.8 0.048 0.752
14 0.8 0.048 0.752
18 0.8 0.048 0.752
20 0.8 0.048 0.752
22 0.8 0.048 0.752
1 0.8 0.048 0.752
27 0.8 0.048 0.752
66 0.8 0.048 0.752
74 0.8 0.048 0.752
5 0.8 0.048 0.752
7 0.8 0.048 0.752
41 0.8 0.048 0.752
59 0.8 0.048 0.752
9 0.8 0.048 0.752
30 0.8 0.048 0.752
68 0.712312 0.048 0.664312
24 0.8 0.048 0.752
13 0.8 0.048 0.752
38 0.8 0.048 0.752
52 0.8 0.048 0.752
24 0.752 0.048 0.704
24 0.704 0.16 0.544
13 0.752 0.16 0.592
38 0.752 0.16 0.592
38 0.592 0.016 0.576
24 0.544 0.016 0.528
38 0.576 0.048 0.528
16 0.8 0.048 0.752
24 0.528 0.048 0.48
48 0.8 0.048 0.752
52 0.752 0.048 0.704
38 0.528 0.048 0.48
38 0.48 0.16 0.32
52 0.704 0.16 0.544
16 0.752 0.16 0.592
24 0.48 0.16 0.32
48 0.752 0.16 0.592
48 0.592 0.016 0.576
38 0.32 0.016 0.304
48 0.576 0.048 0.528
16 0.592 0.048 0.544
25 0.8 0.048 0.752
38 0.304 0.048 0.256
53 0.8 0.048 0.752
52 0.544 0.16 0.384
41 0.752 0.048 0.704
7 0.8 0.048 0.752
59 0.8 0.048 0.752
74 0.752 0.048 0.704
43 0.8 0.048 0.752
5 0.8 0.048 0.752
70 0.8 0.048 0.752
72 0.8 0.048 0.752
49 0.8 0.048 0.752
34 0.8 0.048 0.752
45 0.8 0.048 0.752
65 0.8 0.048 0.752
60 0.8 0.048 0.752
44 0.8 0.048 0.752
79 0.8 0.048 0.752
3 0.8 0.048 0.752
12 0.8 0.048 0.752
28 0.8 0.048 0.752
47 0.8 0.048 0.752
71 0.8 0.048 0.752
73 0.8 0.048 0.752
75 0.8 0.048 0.752
77 0.8 0.048 0.752
79 0.752 0.048 0.704
79 0.704 0.16 0.544
3 0.752 0.16 0.592
12 0.752 0.16 0.592
28 0.752 0.16 0.592
47 0.752 0.16 0.592
71 0.752 0.16 0.592
73 0.752 0.16 0.592
73 0.592 0.016 0.576
79 0.544 0.016 0.528
73 0.576 0.048 0.528
71 0.592 0.048 0.544
79 0.528 0.048 0.48
75 0.752 0.16 0.592
77 0.752 0.16 0.592
2 0.8 0.048 0.752
4 0.8 0.048 0.752
8 0.8 0.048 0.752
58 0.8 0.048 0.752
64 0.8 0.048 0.752
80 0.8 0.048 0.752
17 0.8 0.048 0.752
29 0.8 0.048 0.752
35 0.8 0.048 0.752
46 0.8 0.048 0.752
78 0.8 0.048 0.752
25 0.8 0.048 0.752
16 0.62306 0.048 0.57506
48 0.679336 0.048 0.631336
51 0.8 0.048 0.752
53 0.8 0.048 0.752
76 0.8 0.048 0.752
54 0.8 0.048 0.752
37 0.8 0.048 0.752
46 0.752 0.048 0.704
56 0.8 0.048 0.752
62 0.8 0.048 0.752
54 0.752 0.048 0.704
54 0.704 0.16 0.544
54 0.544 0.016 0.528
37 0.752 0.16 0.592
46 0.704 0.16 0.544
56 0.752 0.16 0.592
62 0.752 0.16 0.592
5 0.8 0.048 0.752
43 0.8 0.048 0.752
59 0.8 0.048 0.752
74 0.8 0.048 0.752
42 0.8 0.048 0.752
21 0.8 0.048 0.752
50 0.8 0.048 0.752
56 0.66955 0.048 0.62155
26 0.8 0.048 0.752
37 0.664953 0.048 0.616953
54 0.606153 0.048 0.558153
56 0.62155 0.048 0.57355
56 0.57355 0.16 0.41355
26 0.752 0.16 0.592
37 0.616953 0.16 0.456953
54 0.558153 0.16 0.398153
15 0.8 0.048 0.752
18 0.8 0.048 0.752
14 0.8 0.048 0.752
20 0.8 0.048 0.752
44 0.8 0.048 0.752
61 0.8 0.048 0.752
18 0.752 0.048 0.704
18 0.704 0.16 0.544
14 0.752 0.16 0.592
20 0.752 0.16 0.592
20 0.592 0.016 0.576
18 0.544 0.016 0.528
20 0.576 0.048 0.528
14 0.592 0.048 0.544
18 0.528 0.048 0.48
36 0.8 0.048 0.752
61 0.752 0.048 0.704
44 0.752 0.16 0.592
61 0.704 0.16 0.544
40 0.8 0.048 0.752
10 0.8 0.048 0.752
39 0.8 0.048 0.752
44 0.592 0.048 0.544
18 0.48 0.048 0.432
60 0.8 0.048 0.752
26 0.663864 0.048 0.615864
3 0.74698 0.048 0.69898
12 0.740496 0.048 0.692496
47 0.741411 0.048 0.693411
56 0.41355 0.048 0.36555
75 0.74622 0.048 0.69822
77 0.669392 0.048 0.621392
26 0.615864 0.048 0.567864
26 0.567864 0.16 0.407864
3 0.69898 0.16 0.53898
12 0.692496 0.16 0.532496
12 0.532496 0.016 0.516496
26 0.407864 0.016 0.391864
12 0.516496 0.048 0.468496
3 0.53898 0.048 0.49098
26 0.391864 0.048 0.343864
28 0.74365 0.048 0.69565
47 0.693411 0.048 0.645411
71 0.693953 0.048 0.645953
75 0.69822 0.048 0.65022
77 0.621392 0.048 0.573392
79 0.631365 0.048 0.583365
12 0.468496 0.048 0.420496
12 0.420496 0.16 0.260496
47 0.645411 0.16 0.485411
56 0.36555 0.16 0.20555
75 0.65022 0.16 0.49022
77 0.573392 0.16 0.413392
3 0.49098 0.16 0.33098
26 0.343864 0.16 0.183864
28 0.69565 0.16 0.53565
47 0.485411 0.16 0.325411
71 0.645953 0.16 0.485953
75 0.49022 0.16 0.33022
77 0.413392 0.16 0.253392
79 0.583365 0.16 0.423365
69 0.8 0.048 0.752
23 0.8 0.048 0.752
63 0.8 0.048 0.752
52 0.687794 0.048 0.639794
13 0.8 0.048 0.752
24 0.624925 0.048 0.576925
38 0.478311 0.048 0.430311
19 0.8 0.048 0.752
6 0.8 0.048 0.752
11 0.8 0.048 0.752
31 0.8 0.048 0.752
32 0.8 0.048 0.752
68 0.8 0.048 0.752
9 0.8 0.048 0.752
34 0.8 0.048 0.752
45 0.8 0.048 0.752
68 0.752 0.048 0.704
68 0.704 0.16 0.544
9 0.752 0.16 0.592
34 0.752 0.16 0.592
34 0.592 0.016 0.576
68 0.544 0.016 0.528
34 0.576 0.048 0.528
45 0.752 0.048 0.704
49 0.8 0.048 0.752
65 0.8 0.048 0.752
68 0.528 0.048 0.48
45 0.704 0.16 0.544
63 0.8 0.048 0.752
69 0.8 0.048 0.752
61 0.688174 0.048 0.640174
14 0.69363 0.048 0.64563
18 0.584943 0.048 0.536943
20 0.678189 0.048 0.630189
61 0.640174 0.048 0.592174
61 0.592174 0.16 0.432174
14 0.64563 0.16 0.48563
18 0.536943 0.16 0.376943
20 0.630189 0.16 0.470189
22 0.8 0.048 0.752
1 0.8 0.048 0.752
27 0.8 0.048 0.752
66 0.8 0.048 0.752
74 0.8 0.048 0.752
5 0.8 0.048 0.752
7 0.8 0.048 0.752
41 0.8 0.048 0.752
59 0.8 0.048 0.752
9 0.669281 0.048 0.621281
30 0.8 0.048 0.752
66 0.752 0.048 0.704
68 0.48 0.048 0.432
48 0.8 0.048 0.752
16 0.8 0.048 0.752
25 0.8 0.048 0.752
53 0.8 0.048 0.752
41 0.752 0.048 0.704
7 0.8 0.048 0.752
59 0.8 0.048 0.752
74 0.752 0.048 0.704
43 0.8 0.048 0.752
5 0.8 0.048 0.752
70 0.8 0.048 0.752
72 0.8 0.048 0.752
49 0.8 0.048 0.752
34 0.679014 0.048 0.631014
45 0.687388 0.048 0.639388
65 0.8 0.048 0.752
60 0.8 0.048 0.752
18 0.455881 0.048 0.407881
44 0.765986 0.048 0.717986
73 0.8 0.048 0.752
79 0.645597 0.048 0.597597
2 0.8 0.048 0.752
4 0.8 0.048 0.752
8 0.8 0.048 0.752
58 0.8 0.048 0.752
64 0.8 0.048 0.752
80 0.8 0.048 0.752
17 0.8 0.048 0.752
29 0.8 0.048 0.752
35 0.8 0.048 0.752
46 0.8 0.048 0.752
78 0.8 0.048 0.752
25 0.8 0.048 0.752
48 0.8 0.048 0.752
53 0.8 0.048 0.752
76 0.8 0.048 0.752
5 0.8 0.048 0.752
43 0.8 0.048 0.752
59 0.8 0.048 0.752
74 0.8 0.048 0.752
42 0.8 0.048 0.752
21 0.8 0.048 0.752
15 0.8 0.048 0.752
57 0.8 0.048 0.752
20 0.695635 0.048 0.647635
14 0.713117 0.048 0.665117
36 0.8 0.048 0.752
61 0.65918 0.048 0.61118
40 0.8 0.048 0.752
10 0.8 0.048 0.752
39 0.8 0.048 0.752
57 0.752 0.048 0.704
44 0.8 0.048 0.752
18 0.553481 0.048 0.505481
60 0.8 0.048 0.752
44 0.752 0.048 0.704
44 0.704 0.16 0.544
18 0.505481 0.16 0.345481
60 0.752 0.16 0.592
69 0.8 0.048 0.752
23 0.8 0.048 0.752
63 0.8 0.048 0.752
52 0.8 0.048 0.752
13 0.8 0.048 0.752
24 0.8 0.048 0.752
19 0.8 0.048 0.752
6 0.8 0.048 0.752
11 0.8 0.048 0.752
31 0.8 0.048 0.752
32 0.8 0.048 0.752
34 0.8 0.048 0.752
45 0.8 0.048 0.752
49 0.8 0.048 0.752
68 0.8 0.048 0.752
63 0.8 0.048 0.752
69 0.8 0.048 0.752
22 0.8 0.048 0.752
1 0.8 0.048 0.752
27 0.8 0.048 0.752
66 0.8 0.048 0.752
74 0.8 0.048 0.752
5 0.8 0.048 0.752
7 0.8 0.048 0.752
41 0.8 0.048 0.752
59 0.8 0.048 0.752
50 0.8 0.048 0.752
9 0.8 0.048 0.752
30 0.8 0.048 0.752
66 0.752 0.048 0.704
68 0.752 0.048 0.704
48 0.8 0.048 0.752
16 0.8 0.048 0.752
25 0.8 0.048 0.752
38 0.8 0.048 0.752
53 0.8 0.048 0.752
41 0.752 0.048 0.704
7 0.8 0.048 0.752
59 0.8 0.048 0.752
74 0.752 0.048 0.704
43 0.8 0.048 0.752
5 0.8 0.048 0.752
70 0.8 0.048 0.752
72 0.8 0.048 0.752
43 0.752 0.048 0.704
43 0.704 0.16 0.544
43 0.544 0.016 0.528
5 0.752 0.16 0.592
70 0.752 0.16 0.592
72 0.752 0.16 0.592
49 0.8 0.048 0.752
34 0.8 0.048 0.752
45 0.8 0.048 0.752
65 0.8 0.048 0.752
60 0.8 0.048 0.752
18 0.567426 0.048 0.519426
44 0.774938 0.048 0.726938
60 0.752 0.048 0.704
60 0.704 0.16 0.544
18 0.519426 0.16 0.359426
44 0.726938 0.16 0.566938
73 0.8 0.048 0.752
2 0.8 0.048 0.752
4 0.8 0.048 0.752
8 0.8 0.048 0.752
23 0.8 0.048 0.752
58 0.8 0.048 0.752
64 0.8 0.048 0.752
80 0.8 0.048 0.752
2 0.752 0.048 0.704
2 0.704 0.16 0.544
4 0.752 0.16 0.592
8 0.752 0.16 0.592
23 0.752 0.16 0.592
23 0.592 0.016 0.576
2 0.544 0.016 0.528
23 0.576 0.048 0.528
2 0.528 0.048 0.48
58 0.752 0.048 0.704
69 0.8 0.048 0.752
80 0.752 0.048 0.704
58 0.704 0.16 0.544
64 0.752 0.16 0.592
80 0.704 0.16 0.544
17 0.8 0.048 0.752
29 0.8 0.048 0.752
35 0.8 0.048 0.752
46 0.8 0.048 0.752
78 0.8 0.048 0.752
25 0.8 0.048 0.752
16 0.8 0.048 0.752
48 0.8 0.048 0.752
53 0.8 0.048 0.752
76 0.8 0.048 0.752
1 0.8 0.048 0.752
22 0.8 0.048 0.752
27 0.8 0.048 0.752
30 0.8 0.048 0.752
66 0.8 0.048 0.752
5 0.665504 0.048 0.617504
43 0.605667 0.048 0.557667
59 0.8 0.048 0.752
74 0.8 0.048 0.752
42 0.8 0.048 0.752
21 0.8 0.048 0.752
15 0.8 0.048 0.752
57 0.8 0.048 0.752
20 0.8 0.048 0.752
14 0.8 0.048 0.752
36 0.8 0.048 0.752
61 0.8 0.048 0.752
20 0.752 0.048 0.704
20 0.704 0.16 0.544
20 0.544 0.016 0.528
14 0.752 0.16 0.592
36 0.752 0.16 0.592
61 0.752 0.16 0.592
40 0.8 0.048 0.752
10 0.8 0.048 0.752
39 0.8 0.048 0.752
57 0.752 0.048 0.704
69 0.8 0.048 0.752
23 0.686181 0.048 0.638181
63 0.8 0.048 0.752
52 0.8 0.048 0.752
13 0.8 0.048 0.752
24 0.8 0.048 0.752
19 0.8 0.048 0.752
6 0.8 0.048 0.752
11 0.8 0.048 0.752
31 0.8 0.048 0.752
32 0.8 0.048 0.752
34 0.8 0.048 0.752
45 0.8 0.048 0.752
49 0.8 0.048 0.752
68 0.8 0.048 0.752
63 0.8 0.048 0.752
69 0.8 0.048 0.752
22 0.8 0.048 0.752
1 0.8 0.048 0.752
27 0.8 0.048 0.752
30 0.8 0.048 0.752
66 0.8 0.048 0.752
74 0.8 0.048 0.752
5 0.8 0.048 0.752
7 0.8 0.048 0.752
41 0.8 0.048 0.752
59 0.8 0.048 0.752
50 0.8 0.048 0.752
21 0.8 0.048 0.752
39 0.8 0.048 0.752
42 0.8 0.048 0.752
9 0.8 0.048 0.752
30 0.752 0.048 0.704
66 0.752 0.048 0.704
68 0.752 0.048 0.704
48 0.8 0.048 0.752
16 0.8 0.048 0.752
25 0.8 0.048 0.752
38 0.8 0.048 0.752
53 0.8 0.048 0.752
32 0.8 0.048 0.752
6 0.8 0.048 0.752
19 0.8 0.048 0.752
31 0.8 0.048 0.752
41 0.752 0.048 0.704
7 0.8 0.048 0.752
59 0.8 0.048 0.752
74 0.752 0.048 0.704
49 0.8 0.048 0.752
34 0.8 0.048 0.752
45 0.8 0.048 0.752
65 0.8 0.048 0.752
68 0.778473 0.048 0.730473
73 0.8 0.048 0.752
23 0.8 0.048 0.752
2 0.8 0.048 0.752
69 0.8 0.048 0.752
80 0.8 0.048 0.752
17 0.8 0.048 0.752
29 0.8 0.048 0.752
35 0.8 0.048 0.752
46 0.8 0.048 0.752
78 0.8 0.048 0.752
25 0.8 0.048 0.752
16 0.8 0.048 0.752
48 0.8 0.048 0.752
53 0.8 0.048 0.752
76 0.8 0.048 0.752
1 0.8 0.048 0.752
22 0.8 0.048 0.752
27 0.8 0.048 0.752
30 0.8 0.048 0.752
66 0.8 0.048 0.752
55 0.8 0.048 0.752
6 0.8 0.048 0.752
11 0.8 0.048 0.752
31 0.8 0.048 0.752
33 0.8 0.048 0.752
67 0.8 0.048 0.752
55 0.752 0.048 0.704
55 0.704 0.16 0.544
6 0.752 0.16 0.592
11 0.752 0.16 0.592
31 0.752 0.16 0.592
33 0.752 0.16 0.592
67 0.752 0.16 0.592
67 0.592 0.016 0.576
55 0.544 0.016 0.528
67 0.576 0.048 0.528
13 0.8 0.048 0.752
33 0.592 0.048 0.544
55 0.528 0.048 0.48
5 0.8 0.048 0.752
43 0.8 0.048 0.752
59 0.8 0.048 0.752
74 0.8 0.048 0.752
42 0.8 0.048 0.752
21 0.8 0.048 0.752
15 0.8 0.048 0.752
40 0.8 0.048 0.752
10 0.8 0.048 0.752
39 0.8 0.048 0.752
57 0.8 0.048 0.752
69 0.8 0.048 0.752
23 0.8 0.048 0.752
63 0.8 0.048 0.752
52 0.8 0.048 0.752
13 0.8 0.048 0.752
24 0.8 0.048 0.752
38 0.8 0.048 0.752
19 0.8 0.048 0.752
6 0.740192 0.048 0.692192
11 0.741547 0.048 0.693547
31 0.742726 0.048 0.694726
32 0.8 0.048 0.752
34 0.8 0.048 0.752
45 0.8 0.048 0.752
49 0.8 0.048 0.752
68 0.8 0.048 0.752
34 0.752 0.048 0.704
34 0.704 0.16 0.544
34 0.544 0.016 0.528
45 0.752 0.16 0.592
49 0.752 0.16 0.592
68 0.752 0.16 0.592
63 0.8 0.048 0.752
69 0.8 0.048 0.752
22 0.8 0.048 0.752
1 0.8 0.048 0.752
27 0.8 0.048 0.752
30 0.8 0.048 0.752
66 0.8 0.048 0.752
74 0.8 0.048 0.752
5 0.8 0.048 0.752
7 0.8 0.048 0.752
41 0.8 0.048 0.752
59 0.8 0.048 0.752
50 0.8 0.048 0.752
21 0.8 0.048 0.752
39 0.8 0.048 0.752
9 0.8 0.048 0.752
30 0.752 0.048 0.704
66 0.752 0.048 0.704
68 0.592 0.048 0.544
9 0.752 0.048 0.704
9 0.704 0.16 0.544
9 0.544 0.016 0.528
30 0.704 0.16 0.544
66 0.704 0.16 0.544
68 0.544 0.16 0.384
48 0.8 0.048 0.752
16 0.8 0.048 0.752
25 0.8 0.048 0.752
38 0.8 0.048 0.752
53 0.8 0.048 0.752
32 0.8 0.048 0.752
6 0.8 0.048 0.752
19 0.8 0.048 0.752
31 0.772227 0.048 0.724227
41 0.752 0.048 0.704
7 0.8 0.048 0.752
59 0.8 0.048 0.752
74 0.752 0.048 0.704
49 0.741743 0.048 0.693743
34 0.674549 0.048 0.626549
45 0.740845 0.048 0.692845
65 0.8 0.048 0.752
68 0.463016 0.048 0.415016
43 0.8 0.048 0.752
5 0.8 0.048 0.752
70 0.8 0.048 0.752
72 0.8 0.048 0.752
43 0.752 0.048 0.704
43 0.704 0.16 0.544
5 0.752 0.16 0.592
70 0.752 0.16 0.592
72 0.752 0.16 0.592
72 0.592 0.016 0.576
43 0.544 0.016 0.528
72 0.576 0.048 0.528
43 0.528 0.048 0.48
70 0.592 0.048 0.544
73 0.8 0.048 0.752
23 0.8 0.048 0.752
58 0.8 0.048 0.752
69 0.8 0.048 0.752
80 0.8 0.048 0.752
17 0.8 0.048 0.752
29 0.8 0.048 0.752
35 0.8 0.048 0.752
46 0.8 0.048 0.752
78 0.8 0.048 0.752
25 0.8 0.048 0.752
16 0.8 0.048 0.752
48 0.8 0.048 0.752
53 0.8 0.048 0.752
76 0.8 0.048 0.752
1 0.8 0.048 0.752
22 0.8 0.048 0.752
27 0.8 0.048 0.752
30 0.68819 0.048 0.64019
66 0.695314 0.048 0.647314
1 0.752 0.048 0.704
1 0.704 0.16 0.544
1 0.544 0.016 0.528
22 0.752 0.16 0.592
27 0.752 0.16 0.592
30 0.64019 0.16 0.48019
66 0.647314 0.16 0.487314
67 0.8 0.048 0.752
13 0.8 0.048 0.752
33 0.8 0.048 0.752
55 0.8 0.048 0.752
5 0.592 0.048 0.544
43 0.48 0.048 0.432
59 0.8 0.048 0.752
70 0.622571 0.048 0.574571
42 0.8 0.048 0.752
21 0.8 0.048 0.752
50 0.8 0.048 0.752
34 0.778048 0.048 0.730048
45 0.76549 0.048 0.71749
49 0.764043 0.048 0.716043
68 0.56574 0.048 0.51774
34 0.730048 0.048 0.682048
34 0.682048 0.16 0.522048
45 0.71749 0.16 0.55749
49 0.716043 0.16 0.556043
68 0.51774 0.16 0.35774
15 0.8 0.048 0.752
40 0.8 0.048 0.752
10 0.8 0.048 0.752
39 0.8 0.048 0.752
57 0.8 0.048 0.752
69 0.8 0.048 0.752
23 0.8 0.048 0.752
63 0.8 0.048 0.752
52 0.8 0.048 0.752
13 0.8 0.048 0.752
24 0.8 0.048 0.752
19 0.8 0.048 0.752
6 0.8 0.048 0.752
11 0.8 0.048 0.752
31 0.8 0.048 0.752
32 0.8 0.048 0.752
63 0.8 0.048 0.752
69 0.8 0.048 0.752
22 0.8 0.048 0.752
1 0.750828 0.048 0.702828
27 0.8 0.048 0.752
66 0.709582 0.048 0.661582
74 0.8 0.048 0.752
7 0.8 0.048 0.752
41 0.8 0.048 0.752
59 0.8 0.048 0.752
50 0.8 0.048 0.752
21 0.8 0.048 0.752
39 0.8 0.048 0.752
42 0.8 0.048 0.752
50 0.752 0.048 0.704
50 0.704 0.16 0.544
50 0.544 0.016 0.528
21 0.752 0.16 0.592
39 0.752 0.16 0.592
42 0.752 0.16 0.592
48 0.8 0.048 0.752
16 0.8 0.048 0.752
25 0.8 0.048 0.752
38 0.8 0.048 0.752
32 0.8 0.048 0.752
6 0.8 0.048 0.752
11 0.8 0.048 0.752
19 0.8 0.048 0.752
31 0.8 0.048 0.752
41 0.752 0.048 0.704
7 0.8 0.048 0.752
59 0.8 0.048 0.752
74 0.752 0.048 0.704
49 0.8 0.048 0.752
34 0.739609 0.048 0.691609
45 0.8 0.048 0.752
65 0.8 0.048 0.752
68 0.587696 0.048 0.539696
72 0.8 0.048 0.752
43 0.8 0.048 0.752
70 0.8 0.048 0.752
73 0.8 0.048 0.752
23 0.8 0.048 0.752
2 0.8 0.048 0.752
58 0.8 0.048 0.752
69 0.8 0.048 0.752
80 0.8 0.048 0.752
17 0.8 0.048 0.752
29 0.8 0.048 0.752
35 0.8 0.048 0.752
46 0.8 0.048 0.752
78 0.8 0.048 0.752
25 0.8 0.048 0.752
16 0.8 0.048 0.752
38 0.8 0.048 0.752
48 0.8 0.048 0.752
51 0.8 0.048 0.752
53 0.8 0.048 0.752
76 0.8 0.048 0.752
67 0.8 0.048 0.752
13 0.8 0.048 0.752
33 0.8 0.048 0.752
55 0.8 0.048 0.752
5 0.8 0.048 0.752
43 0.752 0.048 0.704
59 0.8 0.048 0.752
70 0.8 0.048 0.752
42 0.8 0.048 0.752
21 0.746308 0.048 0.698308
50 0.677648 0.048 0.629648
29 0.752 0.048 0.704
17 0.8 0.048 0.752
35 0.8 0.048 0.752
46 0.8 0.048 0.752
78 0.8 0.048 0.752
15 0.8 0.048 0.752
40 0.8 0.048 0.752
10 0.8 0.048 0.752
39 0.8 0.048 0.752
57 0.8 0.048 0.752
40 0.752 0.048 0.704
40 0.704 0.16 0.544
40 0.544 0.016 0.528
10 0.752 0.16 0.592
39 0.752 0.16 0.592
57 0.752 0.16 0.592
54 0.8 0.048 0.752
37 0.8 0.048 0.752
46 0.8 0.048 0.752
56 0.8 0.048 0.752
62 0.8 0.048 0.752
69 0.8 0.048 0.752
23 0.8 0.048 0.752
79 0.8 0.048 0.752
3 0.8 0.048 0.752
12 0.8 0.048 0.752
28 0.8 0.048 0.752
47 0.8 0.048 0.752
71 0.8 0.048 0.752
75 0.8 0.048 0.752
77 0.8 0.048 0.752
52 0.8 0.048 0.752
13 0.8 0.048 0.752
24 0.8 0.048 0.752
19 0.8 0.048 0.752
6 0.8 0.048 0.752
11 0.8 0.048 0.752
31 0.8 0.048 0.752
32 0.8 0.048 0.752
63 0.8 0.048 0.752
22 0.8 0.048 0.752
1 0.8 0.048 0.752
27 0.8 0.048 0.752
30 0.8 0.048 0.752
66 0.8 0.048 0.752
74 0.8 0.048 0.752
5 0.8 0.048 0.752
7 0.8 0.048 0.752
41 0.8 0.048 0.752
59 0.8 0.048 0.752
48 0.8 0.048 0.752
16 0.8 0.048 0.752
25 0.8 0.048 0.752
38 0.8 0.048 0.752
53 0.8 0.048 0.752
32 0.8 0.048 0.752
6 0.8 0.048 0.752
11 0.8 0.048 0.752
19 0.8 0.048 0.752
31 0.8 0.048 0.752
41 0.752 0.048 0.704
7 0.8 0.048 0.752
59 0.8 0.048 0.752
74 0.752 0.048 0.704
49 0.8 0.048 0.752
34 0.8 0.048 0.752
45 0.8 0.048 0.752
65 0.8 0.048 0.752
68 0.8 0.048 0.752
72 0.8 0.048 0.752
43 0.8 0.048 0.752
70 0.8 0.048 0.752
73 0.8 0.048 0.752
79 0.8 0.048 0.752
23 0.8 0.048 0.752
2 0.8 0.048 0.752
58 0.8 0.048 0.752
69 0.8 0.048 0.752
80 0.8 0.048 0.752
17 0.8 0.048 0.752
29 0.8 0.048 0.752
35 0.8 0.048 0.752
78 0.8 0.048 0.752
25 0.8 0.048 0.752
16 0.8 0.048 0.752
48 0.8 0.048 0.752
53 0.8 0.048 0.752
76 0.8 0.048 0.752
67 0.8 0.048 0.752
13 0.8 0.048 0.752
33 0.8 0.048 0.752
55 0.8 0.048 0.752
5 0.8 0.048 0.752
43 0.752 0.048 0.704
59 0.8 0.048 0.752
70 0.8 0.048 0.752
74 0.8 0.048 0.752
42 0.8 0.048 0.752
21 0.8 0.048 0.752
50 0.8 0.048 0.752
29 0.752 0.048 0.704
17 0.8 0.048 0.752
35 0.8 0.048 0.752
46 0.8 0.048 0.752
78 0.8 0.048 0.752
15 0.8 0.048 0.752
54 0.8 0.048 0.752
37 0.8 0.048 0.752
46 0.8 0.048 0.752
56 0.8 0.048 0.752
62 0.8 0.048 0.752
69 0.8 0.048 0.752
23 0.8 0.048 0.752
69 0.752 0.048 0.704
69 0.704 0.16 0.544
69 0.544 0.016 0.528
23 0.752 0.16 0.592
79 0.8 0.048 0.752
3 0.8 0.048 0.752
12 0.8 0.048 0.752
28 0.8 0.048 0.752
47 0.8 0.048 0.752
71 0.8 0.048 0.752
73 0.8 0.048 0.752
75 0.8 0.048 0.752
77 0.8 0.048 0.752
52 0.8 0.048 0.752
24 0.8 0.048 0.752
38 0.8 0.048 0.752
19 0.8 0.048 0.752
6 0.8 0.048 0.752
11 0.8 0.048 0.752
31 0.8 0.048 0.752
32 0.8 0.048 0.752
63 0.8 0.048 0.752
69 0.600326 0.048 0.552326
63 0.752 0.048 0.704
63 0.704 0.16 0.544
63 0.544 0.016 0.528
69 0.552326 0.16 0.392326
22 0.8 0.048 0.752
1 0.8 0.048 0.752
27 0.8 0.048 0.752
30 0.8 0.048 0.752
66 0.8 0.048 0.752
74 0.8 0.048 0.752
5 0.8 0.048 0.752
7 0.8 0.048 0.752
41 0.8 0.048 0.752
59 0.8 0.048 0.752
48 0.8 0.048 0.752
16 0.8 0.048 0.752
25 0.8 0.048 0.752
38 0.8 0.048 0.752
53 0.8 0.048 0.752
32 0.8 0.048 0.752
6 0.8 0.048 0.752
19 0.8 0.048 0.752
31 0.8 0.048 0.752
41 0.752 0.048 0.704
7 0.8 0.048 0.752
59 0.8 0.048 0.752
74 0.752 0.048 0.704
49 0.8 0.048 0.752
34 0.8 0.048 0.752
45 0.8 0.048 0.752
68 0.8 0.048 0.752
72 0.8 0.048 0.752
43 0.8 0.048 0.752
70 0.8 0.048 0.752
73 0.8 0.048 0.752
23 0.8 0.048 0.752
2 0.8 0.048 0.752
58 0.8 0.048 0.752
69 0.547615 0.048 0.499615
80 0.8 0.048 0.752
23 0.752 0.048 0.704
23 0.704 0.16 0.544
2 0.752 0.16 0.592
58 0.752 0.16 0.592
69 0.499615 0.16 0.339615
80 0.752 0.16 0.592
17 0.8 0.048 0.752
29 0.8 0.048 0.752
35 0.8 0.048 0.752
78 0.8 0.048 0.752
25 0.8 0.048 0.752
16 0.8 0.048 0.752
48 0.8 0.048 0.752
53 0.8 0.048 0.752
76 0.8 0.048 0.752
67 0.8 0.048 0.752
13 0.8 0.048 0.752
33 0.8 0.048 0.752
5 0.8 0.048 0.752
43 0.752 0.048 0.704
59 0.8 0.048 0.752
70 0.8 0.048 0.752
74 0.8 0.048 0.752
42 0.8 0.048 0.752
21 0.8 0.048 0.752
29 0.752 0.048 0.704
17 0.8 0.048 0.752
35 0.8 0.048 0.752
46 0.8 0.048 0.752
78 0.8 0.048 0.752
15 0.8 0.048 0.752
54 0.8 0.048 0.752
35 0.752 0.048 0.704
37 0.8 0.048 0.752
46 0.8 0.048 0.752
56 0.8 0.048 0.752
62 0.8 0.048 0.752
79 0.8 0.048 0.752
3 0.8 0.048 0.752
12 0.8 0.048 0.752
28 0.8 0.048 0.752
47 0.8 0.048 0.752
71 0.8 0.048 0.752
75 0.8 0.048 0.752
77 0.8 0.048 0.752
52 0.8 0.048 0.752
24 0.8 0.048 0.752
38 0.8 0.048 0.752
19 0.8 0.048 0.752
6 0.8 0.048 0.752
11 0.8 0.048 0.752
31 0.8 0.048 0.752
32 0.8 0.048 0.752
19 0.752 0.048 0.704
19 0.704 0.16 0.544
19 0.544 0.016 0.528
6 0.752 0.16 0.592
11 0.752 0.16 0.592
31 0.752 0.16 0.592
32 0.752 0.16 0.592
22 0.8 0.048 0.752
1 0.8 0.048 0.752
27 0.8 0.048 0.752
66 0.8 0.048 0.752
74 0.8 0.048 0.752
5 0.8 0.048 0.752
7 0.8 0.048 0.752
41 0.8 0.048 0.752
59 0.8 0.048 0.752
48 0.8 0.048 0.752
16 0.8 0.048 0.752
25 0.8 0.048 0.752
38 0.8 0.048 0.752
53 0.8 0.048 0.752
32 0.667396 0.048 0.619396
6 0.735936 0.048 0.687936
11 0.746232 0.048 0.698232
19 0.606268 0.048 0.558268
31 0.666569 0.048 0.618569
32 0.619396 0.048 0.571396
32 0.571396 0.16 0.411396
6 0.687936 0.16 0.527936
11 0.698232 0.16 0.538232
19 0.558268 0.16 0.398268
31 0.618569 0.16 0.458569
41 0.752 0.048 0.704
7 0.8 0.048 0.752
59 0.8 0.048 0.752
74 0.752 0.048 0.704
49 0.8 0.048 0.752
34 0.8 0.048 0.752
45 0.8 0.048 0.752
65 0.8 0.048 0.752
72 0.8 0.048 0.752
43 0.8 0.048 0.752
70 0.8 0.048 0.752
73 0.8 0.048 0.752
17 0.8 0.048 0.752
29 0.8 0.048 0.752
35 0.8 0.048 0.752
78 0.8 0.048 0.752
25 0.8 0.048 0.752
16 0.8 0.048 0.752
48 0.8 0.048 0.752
51 0.8 0.048 0.752
53 0.8 0.048 0.752
76 0.8 0.048 0.752
67 0.8 0.048 0.752
13 0.8 0.048 0.752
33 0.8 0.048 0.752
67 0.752 0.048 0.704
67 0.704 0.16 0.544
67 0.544 0.016 0.528
13 0.752 0.16 0.592
33 0.752 0.16 0.592
5 0.8 0.048 0.752
43 0.752 0.048 0.704
59 0.8 0.048 0.752
70 0.8 0.048 0.752
74 0.8 0.048 0.752
42 0.8 0.048 0.752
21 0.8 0.048 0.752
29 0.752 0.048 0.704
17 0.8 0.048 0.752
35 0.8 0.048 0.752
46 0.8 0.048 0.752
78 0.8 0.048 0.752
15 0.8 0.048 0.752
54 0.8 0.048 0.752
35 0.752 0.048 0.704
37 0.8 0.048 0.752
46 0.8 0.048 0.752
62 0.8 0.048 0.752
79 0.8 0.048 0.752
3 0.8 0.048 0.752
12 0.8 0.048 0.752
28 0.8 0.048 0.752
47 0.8 0.048 0.752
71 0.8 0.048 0.752
75 0.8 0.048 0.752
77 0.8 0.048 0.752
52 0.8 0.048 0.752
24 0.8 0.048 0.752
38 0.8 0.048 0.752
52 0.752 0.048 0.704
52 0.704 0.16 0.544
52 0.544 0.016 0.528
24 0.752 0.16 0.592
38 0.752 0.16 0.592
22 0.8 0.048 0.752
1 0.8 0.048 0.752
27 0.8 0.048 0.752
30 0.8 0.048 0.752
66 0.8 0.048 0.752
74 0.8 0.048 0.752
5 0.8 0.048 0.752
7 0.8 0.048 0.752
41 0.8 0.048 0.752
59 0.8 0.048 0.752
48 0.8 0.048 0.752
16 0.8 0.048 0.752
25 0.8 0.048 0.752
38 0.743627 0.048 0.695627
53 0.8 0.048 0.752
48 0.752 0.048 0.704
48 0.704 0.16 0.544
48 0.544 0.016 0.528
16 0.752 0.16 0.592
25 0.752 0.16 0.592
38 0.695627 0.16 0.535627
53 0.752 0.16 0.592
41 0.752 0.048 0.704
7 0.8 0.048 0.752
74 0.752 0.048 0.704
49 0.8 0.048 0.752
34 0.8 0.048 0.752
45 0.8 0.048 0.752
65 0.8 0.048 0.752
72 0.8 0.048 0.752
43 0.8 0.048 0.752
70 0.8 0.048 0.752
73 0.8 0.048 0.752
17 0.8 0.048 0.752
29 0.8 0.048 0.752
35 0.8 0.048 0.752
78 0.8 0.048 0.752
25 0.667224 0.048 0.619224
16 0.665029 0.048 0.617029
48 0.680587 0.048 0.632587
51 0.8 0.048 0.752
53 0.667166 0.048 0.619166
76 0.8 0.048 0.752
25 0.619224 0.048 0.571224
25 0.571224 0.16 0.411224
25 0.411224 0.016 0.395224
16 0.617029 0.16 0.457029
48 0.632587 0.16 0.472587
51 0.752 0.16 0.592
53 0.619166 0.16 0.459166
76 0.752 0.16 0.592
5 0.8 0.048 0.752
43 0.752 0.048 0.704
59 0.8 0.048 0.752
74 0.8 0.048 0.752
42 0.8 0.048 0.752
21 0.8 0.048 0.752
50 0.8 0.048 0.752
29 0.752 0.048 0.704
17 0.8 0.048 0.752
35 0.8 0.048 0.752
46 0.8 0.048 0.752
78 0.8 0.048 0.752
15 0.8 0.048 0.752
54 0.8 0.048 0.752
35 0.752 0.048 0.704
37 0.8 0.048 0.752
56 0.8 0.048 0.752
62 0.8 0.048 0.752
79 0.8 0.048 0.752
3 0.8 0.048 0.752
12 0.8 0.048 0.752
28 0.8 0.048 0.752
47 0.8 0.048 0.752
71 0.8 0.048 0.752
75 0.8 0.048 0.752
77 0.8 0.048 0.752
22 0.8 0.048 0.752
1 0.8 0.048 0.752
27 0.8 0.048 0.752
30 0.8 0.048 0.752
66 0.8 0.048 0.752
74 0.8 0.048 0.752
5 0.8 0.048 0.752
7 0.8 0.048 0.752
41 0.8 0.048 0.752
59 0.8 0.048 0.752
41 0.752 0.048 0.704
7 0.8 0.048 0.752
59 0.8 0.048 0.752
74 0.752 0.048 0.704
49 0.8 0.048 0.752
34 0.8 0.048 0.752
45 0.8 0.048 0.752
65 0.8 0.048 0.752
72 0.8 0.048 0.752
5 0.8 0.048 0.752
43 0.8 0.048 0.752
70 0.8 0.048 0.752
73 0.8 0.048 0.752
17 0.8 0.048 0.752
29 0.8 0.048 0.752
78 0.8 0.048 0.752
5 0.752 0.048 0.704
43 0.752 0.048 0.704
59 0.8 0.048 0.752
70 0.8 0.048 0.752
72 0.8 0.048 0.752
42 0.8 0.048 0.752
21 0.8 0.048 0.752
29 0.752 0.048 0.704
17 0.8 0.048 0.752
35 0.8 0.048 0.752
46 0.8 0.048 0.752
78 0.8 0.048 0.752
15 0.8 0.048 0.752
54 0.8 0.048 0.752
35 0.752 0.048 0.704
37 0.8 0.048 0.752
46 0.8 0.048 0.752
62 0.8 0.048 0.752
79 0.8 0.048 0.752
3 0.8 0.048 0.752
12 0.8 0.048 0.752
28 0.8 0.048 0.752
47 0.8 0.048 0.752
71 0.8 0.048 0.752
75 0.8 0.048 0.752
77 0.8 0.048 0.752
22 0.8 0.048 0.752
1 0.8 0.048 0.752
27 0.8 0.048 0.752
30 0.8 0.048 0.752
66 0.8 0.048 0.752
74 0.8 0.048 0.752
5 0.8 0.048 0.752
7 0.8 0.048 0.752
41 0.8 0.048 0.752
59 0.8 0.048 0.752
41 0.752 0.048 0.704
7 0.8 0.048 0.752
59 0.8 0.048 0.752
74 0.752 0.048 0.704
49 0.8 0.048 0.752
34 0.8 0.048 0.752
45 0.8 0.048 0.752
65 0.8 0.048 0.752
72 0.8 0.048 0.752
5 0.8 0.048 0.752
43 0.8 0.048 0.752
70 0.8 0.048 0.752
73 0.8 0.048 0.752
17 0.8 0.048 0.752
29 0.8 0.048 0.752
35 0.8 0.048 0.752
78 0.8 0.048 0.752
17 0.752 0.048 0.704
17 0.704 0.16 0.544
17 0.544 0.016 0.528
29 0.752 0.16 0.592
35 0.752 0.16 0.592
78 0.752 0.16 0.592
5 0.752 0.048 0.704
43 0.752 0.048 0.704
59 0.8 0.048 0.752
70 0.8 0.048 0.752
72 0.8 0.048 0.752
74 0.8 0.048 0.752
42 0.8 0.048 0.752
21 0.8 0.048 0.752
29 0.592 0.048 0.544
17 0.602734 0.048 0.554734
35 0.662273 0.048 0.614273
46 0.8 0.048 0.752
78 0.66393 0.048 0.61593
29 0.544 0.096 0.448
29 0.448 0.16 0.288
29 0.288 0.016 0.272
17 0.554734 0.16 0.394734
35 0.614273 0.16 0.454273
46 0.752 0.16 0.592
78 0.61593 0.16 0.45593
15 0.8 0.048 0.752
54 0.8 0.048 0.752
35 0.454273 0.048 0.406273
37 0.8 0.048 0.752
46 0.670989 0.048 0.622989
56 0.8 0.048 0.752
62 0.8 0.048 0.752
79 0.8 0.048 0.752
3 0.8 0.048 0.752
12 0.8 0.048 0.752
28 0.8 0.048 0.752
47 0.8 0.048 0.752
71 0.8 0.048 0.752
75 0.8 0.048 0.752
77 0.8 0.048 0.752
22 0.8 0.048 0.752
1 0.8 0.048 0.752
27 0.8 0.048 0.752
30 0.8 0.048 0.752
66 0.8 0.048 0.752
74 0.8 0.048 0.752
5 0.8 0.048 0.752
7 0.8 0.048 0.752
41 0.8 0.048 0.752
59 0.8 0.048 0.752
74 0.752 0.048 0.704
74 0.704 0.16 0.544
74 0.544 0.016 0.528
5 0.752 0.16 0.592
7 0.752 0.16 0.592
41 0.752 0.16 0.592
59 0.752 0.16 0.592
41 0.592 0.048 0.544
7 0.671557 0.048 0.623557
59 0.670199 0.048 0.622199
74 0.528 0.048 0.48
41 0.544 0.048 0.496
41 0.496 0.16 0.336
41 0.336 0.016 0.32
7 0.623557 0.16 0.463557
59 0.622199 0.16 0.462199
74 0.48 0.16 0.32
49 0.8 0.048 0.752
34 0.8 0.048 0.752
45 0.8 0.048 0.752
65 0.8 0.048 0.752
72 0.8 0.048 0.752
5 0.73851 0.048 0.69051
43 0.8 0.048 0.752
70 0.8 0.048 0.752
73 0.8 0.048 0.752
5 0.69051 0.048 0.64251
43 0.752 0.048 0.704
59 0.540366 0.048 0.492366
70 0.8 0.048 0.752
72 0.8 0.048 0.752
74 0.466066 0.048 0.418066
5 0.64251 0.048 0.59451
5 0.59451 0.16 0.43451
5 0.43451 0.016 0.41851
43 0.704 0.16 0.544
59 0.492366 0.16 0.332366
70 0.752 0.16 0.592
72 0.752 0.16 0.592
74 0.418066 0.16 0.258066
42 0.8 0.048 0.752
21 0.8 0.048 0.752
15 0.8 0.048 0.752
54 0.8 0.048 0.752
35 0.780607 0.048 0.732607
37 0.8 0.048 0.752
46 0.8 0.048 0.752
62 0.8 0.048 0.752
79 0.8 0.048 0.752
3 0.8 0.048 0.752
12 0.8 0.048 0.752
28 0.8 0.048 0.752
47 0.8 0.048 0.752
71 0.8 0.048 0.752
75 0.8 0.048 0.752
77 0.8 0.048 0.752
22 0.8 0.048 0.752
1 0.8 0.048 0.752
27 0.8 0.048 0.752
30 0.8 0.048 0.752
66 0.8 0.048 0.752
49 0.8 0.048 0.752
34 0.8 0.048 0.752
45 0.8 0.048 0.752
72 0.8 0.048 0.752
5 0.8 0.048 0.752
43 0.8 0.048 0.752
70 0.8 0.048 0.752
72 0.752 0.048 0.704
72 0.704 0.16 0.544
5 0.752 0.16 0.592
5 0.592 0.016 0.576
72 0.544 0.016 0.528
5 0.576 0.048 0.528
43 0.752 0.048 0.704
59 0.711737 0.048 0.663737
70 0.752 0.048 0.704
72 0.528 0.048 0.48
74 0.554943 0.048 0.506943
5 0.528 0.048 0.48
5 0.48 0.16 0.32
43 0.704 0.16 0.544
70 0.704 0.16 0.544
43 0.544 0.16 0.384
59 0.663737 0.16 0.503737
70 0.544 0.16 0.384
72 0.48 0.16 0.32
74 0.506943 0.16 0.346943
73 0.8 0.048 0.752
42 0.8 0.048 0.752
21 0.8 0.048 0.752
50 0.8 0.048 0.752
15 0.8 0.048 0.752
54 0.8 0.048 0.752
35 0.8 0.048 0.752
37 0.8 0.048 0.752
46 0.8 0.048 0.752
56 0.8 0.048 0.752
62 0.8 0.048 0.752
79 0.8 0.048 0.752
3 0.8 0.048 0.752
12 0.8 0.048 0.752
28 0.8 0.048 0.752
47 0.8 0.048 0.752
71 0.8 0.048 0.752
75 0.8 0.048 0.752
77 0.8 0.048 0.752
22 0.8 0.048 0.752
1 0.8 0.048 0.752
27 0.8 0.048 0.752
30 0.8 0.048 0.752
66 0.8 0.048 0.752
49 0.8 0.048 0.752
34 0.8 0.048 0.752
45 0.8 0.048 0.752
65 0.8 0.048 0.752
49 0.752 0.048 0.704
49 0.704 0.16 0.544
49 0.544 0.016 0.528
34 0.752 0.16 0.592
45 0.752 0.16 0.592
65 0.752 0.16 0.592
73 0.8 0.048 0.752
42 0.8 0.048 0.752
21 0.8 0.048 0.752
50 0.8 0.048 0.752
15 0.8 0.048 0.752
54 0.8 0.048 0.752
35 0.8 0.048 0.752
37 0.8 0.048 0.752
46 0.8 0.048 0.752
56 0.8 0.048 0.752
62 0.8 0.048 0.752
79 0.8 0.048 0.752
3 0.8 0.048 0.752
12 0.8 0.048 0.752
28 0.8 0.048 0.752
47 0.8 0.048 0.752
71 0.8 0.048 0.752
75 0.8 0.048 0.752
77 0.8 0.048 0.752
22 0.8 0.048 0.752
1 0.8 0.048 0.752
27 0.8 0.048 0.752
30 0.8 0.048 0.752
66 0.8 0.048 0.752
22 0.752 0.048 0.704
22 0.704 0.16 0.544
22 0.544 0.016 0.528
1 0.752 0.16 0.592
27 0.752 0.16 0.592
30 0.752 0.16 0.592
66 0.752 0.16 0.592
73 0.8 0.048 0.752
42 0.8 0.048 0.752
21 0.8 0.048 0.752
50 0.8 0.048 0.752
42 0.752 0.048 0.704
42 0.704 0.16 0.544
42 0.544 0.016 0.528
21 0.752 0.16 0.592
50 0.752 0.16 0.592
15 0.8 0.048 0.752
54 0.8 0.048 0.752
35 0.8 0.048 0.752
37 0.8 0.048 0.752
46 0.8 0.048 0.752
56 0.8 0.048 0.752
62 0.8 0.048 0.752
79 0.8 0.048 0.752
3 0.8 0.048 0.752
12 0.8 0.048 0.752
28 0.8 0.048 0.752
47 0.8 0.048 0.752
71 0.8 0.048 0.752
75 0.8 0.048 0.752
77 0.8 0.048 0.752
73 0.8 0.048 0.752
