30 214 0 100 1.16701e-08 1.18099 1.18099
7 220 0 100 0.5 2.08588 2.58588
62 229 0 100 0.5 3.23956 3.73956
52 216 0 100 3 1.25151 4.25151
1 211 0 100 3.5 1.06704 4.56704
15 231 0 100 1.5 3.44922 4.94922
10 208 0 100 4 1.01254 5.01254
19 209 0 100 5 1.01577 6.01577
56 240 0 100 2 4.32029 6.32029
30 234 0 100 2.5 3.90109 6.40109
70 232 0 100 4 3.49789 7.49789
70 246 0 100 1.5 6.10118 7.60118
8 230 0 100 4.5 3.31699 7.81699
45 252 0 100 1 7.02502 8.02502
45 221 0 100 6 2.14299 8.14299
62 254 0 100 1.5 7.40638 8.90638
31 247 0 100 3 6.15551 9.15551
11 228 0 100 7 2.89083 9.89083
41 210 0 100 9 1.03828 10.0383
10 261 0 100 1 9.36596 10.366
23 225 0 100 8.5 2.29772 10.7977
30 255 0 100 4 7.71056 11.7106
28 227 0 100 9 2.75096 11.751
18 251 0 100 5 6.96748 11.9675
18 236 0 100 8 4.02056 12.0206
8 260 0 100 4 9.15113 13.1511
14 257 0 100 5.5 8.0743 13.5743
14 238 0 100 9.5 4.08885 13.5889
36 258 0 100 5.5 8.42247 13.9225
36 241 0 100 9.5 4.42464 13.9246
31 233 0 100 11 3.5372 14.5372
