0 1217
0 1218
0 1219
0 1220
0 1221
0 1225
0 1226
0 1227
0 1228
0 1229
0 1231
0 1232
0 1234
0 1239
10 1241
16 1241
0 1242
0 1243
0 1245
17 1246
0 1250
0 1252
0 1254
14 1230
4 1247
0 1255
0 1258
0 1260
0 1267
15 1268
0 1269
11 1268
0 1281
0 1282
2 1257
0 1284
0 1287
1 1246
0 1288
0 1289
7 1240
0 1290
0 1291
0 1292
0 1297
0 1298
0 1299
0 1300
17 1301
20 1233
6 1241
0 1302
16 1251
0 1303
0 1304
0 1305
8 1244
6 1244
0 1309
0 1310
18 1256
0 1312
0 1313
0 1316
12 1238
0 1317
0 1318
0 1319
14 1268
0 1320
15 1293
0 1321
0 1328
0 1329
0 1330
5 1261
0 1339
19 1259
0 1340
0 1341
10 1257
0 1345
0 1346
0 1347
0 1348
0 1349
0 1350
0 1353
0 1354
9 1272
0 1355
0 1356
20 1244
0 1357
0 1358
0 1359
0 1360
2 1324
0 1361
0 1364
0 1365
0 1366
3 1253
0 1367
0 1370
0 1371
13 1280
0 1372
0 1373
11 1283
4 1311
0 1374
0 1375
0 1381
0 1382
0 1383
