0 1055
0 1056
0 1057
0 1058
0 1062
0 1063
0 1064
0 1068
0 1069
0 1070
0 1084
1 1065
0 1085
0 1086
2 1080
0 1097
0 1098
0 1100
0 1103
0 1104
0 1105
0 1108
0 1109
0 1110
0 1117
10 1076
0 1118
0 1119
0 1121
3 1091
0 1122
0 1123
0 1125
0 1126
0 1127
0 1130
0 1131
4 1099
0 1132
1 1080
0 1142
0 1143
0 1144
0 1153
0 1154
0 1155
0 1158
6 1101
0 1159
0 1164
7 1074
0 1165
0 1166
0 1173
0 1174
9 1094
0 1175
0 1176
0 1177
0 1179
0 1180
0 1181
0 1184
0 1185
0 1186
0 1196
0 1197
2 1120
0 1198
0 1207
0 1208
0 1209
0 1211
0 1212
0 1213
