63 951 0 100 0.7 1.07575 1.07575
38 953 0 100 0.7 1.27196 1.27196
32 967 0 100 0.7 1.70618 1.70618
79 969 0 100 0.7 1.79015 1.79015
76 980 0 100 0.7 2.19561 2.19561
41 983 0 100 0.7 2.3211 2.3211
88 1001 0 100 0.7 3.56355 3.56355
13 999 0 100 2.7 3.46931 5.46931
99 1027 0 100 0.7 5.80767 5.80767
45 1025 0 100 1.7 5.53 6.53
94 1024 0 100 2.2 5.24214 6.74214
79 1033 0 100 1.2 6.44537 6.94537
46 1009 0 100 3.7 3.99398 6.99398
25 1039 0 100 1.2 7.15041 7.65041
70 1006 0 100 4.7 3.81615 7.81615
20 1017 0 100 4.7 4.45887 8.45887
59 1044 0 100 1.7 7.60822 8.60822
5 1048 0 100 0.7 8.8265 8.8265
39 973 0 100 8.2 1.92122 9.42122
8 949 0 100 9.2 1.04912 9.54912
51 1043 0 100 3.7 7.55884 10.5588
51 1002 0 100 7.7 3.66057 10.6606
78 1034 0 100 5.2 6.54767 11.0477
48 978 0 100 9.7 2.16166 11.1617
48 1022 0 100 7.2 4.71857 11.2186
67 1038 0 100 5.7 7.00592 12.0059
100 1029 0 100 7.2 6.07108 12.5711
95 1052 0 100 4.7 9.77364 13.7736
4 1015 0 100 10.7 4.40834 14.4083
55 1049 0 100 6.7 8.9505 14.9505
