14 316 0 100 2.33402e-08 1.01687 1.01687
85 322 0 100 0.5 1.39654 1.89654
40 334 0 100 4.66804e-08 1.97063 1.97063
26 339 0 100 1.16701e-08 2.26442 2.26442
47 341 0 100 0.5 2.30535 2.80535
39 346 0 100 0.5 2.92756 3.42756
88 349 0 100 0.5 3.34535 3.84535
29 317 0 100 3 1.10827 4.10827
72 348 0 100 1 3.15611 4.15611
24 328 0 100 2.5 1.68698 4.18698
82 329 0 100 3 1.8015 4.8015
46 359 0 100 1 4.42024 5.42024
56 360 0 100 1 4.71499 5.71499
60 342 0 100 4.5 2.41778 6.91778
54 326 0 100 5.5 1.48386 6.98386
22 370 0 100 0.5 6.98567 7.48567
37 332 0 100 6 1.87809 7.87809
90 355 0 100 4 3.96904 7.96904
47 365 0 100 2.5 5.79466 8.29466
88 373 0 100 1.5 7.51423 9.01423
88 318 0 100 8 1.16028 9.16028
29 362 0 100 4 5.31703 9.31703
36 351 0 100 6 3.79974 9.79974
36 366 0 100 4 5.80855 9.80855
16 369 0 100 4 6.18159 10.1816
71 376 0 100 2.5 7.78059 10.2806
71 345 0 100 7.5 2.82038 10.3204
52 324 0 100 9.5 1.44733 10.9473
7 353 0 100 7.5 3.89745 11.3975
63 363 0 100 6 5.47638 11.4764
63 337 0 100 9.5 2.06139 11.5614
59 356 0 100 8 4.01312 12.0131
28 336 0 100 10.5 2.02475 12.5248
22 352 0 100 9 3.82764 12.8276
61 354 0 100 10 3.96653 13.9665
12 375 0 100 6.5 7.66389 14.1639
24 377 0 100 6.5 8.11288 14.6129
24 367 0 100 9 5.85281 14.8528
