33 2009 0 100 1.16701e-08 1.21991 1.21991
37 2012 0 100 1.5 1.31339 2.81339
35 2042 0 100 0.5 2.58628 3.08628
2 2039 0 100 1 2.47575 3.47575
29 2038 0 100 1.5 2.47065 3.97065
44 2018 0 100 3 1.62109 4.62109
19 2028 0 100 3 1.91861 4.91861
58 2077 0 100 1 4.11892 5.11892
10 2102 0 100 1.16701e-08 5.55942 5.55942
45 2076 0 100 1.5 4.11236 5.61236
47 2025 0 100 4 1.82538 5.82538
16 2081 0 100 1.5 4.38614 5.88614
12 2021 0 100 4.5 1.7616 6.2616
15 2024 0 100 4.5 1.79531 6.29531
23 2022 0 100 5.5 1.77186 7.27186
4 2048 0 100 4.5 2.77911 7.27911
41 2062 0 100 4 3.41309 7.41309
43 2030 0 100 5.5 2.06537 7.56537
38 2045 0 100 5.5 2.63418 8.13418
30 2087 0 100 3.5 4.68592 8.18592
30 2020 0 100 6.5 1.72185 8.22185
24 2122 0 100 1.5 6.97643 8.47643
18 2059 0 100 5.5 3.29404 8.79404
57 2013 0 100 7.5 1.36475 8.86475
22 2027 0 100 7 1.89232 8.89232
50 2015 0 100 7.5 1.42612 8.92612
57 2100 0 100 3.5 5.49459 8.99459
46 2064 0 100 5.5 3.51579 9.01579
13 2086 0 100 4.5 4.64297 9.14297
1 2008 0 100 8 1.21969 9.21969
7 2004 0 100 8.5 1.05002 9.55002
40 2051 0 100 7 2.83016 9.83016
55 2150 0 100 1 8.91077 9.91077
11 2154 0 100 1 9.09173 10.0917
6 2010 0 100 9 1.23184 10.2318
10 2047 0 100 8 2.69631 10.6963
34 2067 0 100 7 3.73126 10.7313
27 2088 0 100 6.5 4.68948 11.1895
14 2068 0 100 7.5 3.77961 11.2796
53 2006 0 100 10.5 1.11045 11.6104
20 2090 0 100 7 4.70661 11.7066
54 2050 0 100 9 2.80575 11.8058
42 2073 0 100 8 4.03491 12.0349
31 2035 0 100 10 2.34818 12.3482
5 2053 0 100 9.5 2.95811 12.4581
35 2108 0 100 7.5 6.03131 13.5313
9 2043 0 100 11 2.58713 13.5871
59 2032 0 100 12.5 2.12737 14.6274
