52 764 1.03713
40 765 1.05889
73 766 1.08299
36 767 1.14963
71 768 1.16267
22 769 1.16902
17 770 1.16928
15 771 1.41539
49 772 1.44021
72 773 1.44748
28 774 1.50924
74 775 1.55529
20 776 1.58662
30 777 1.5891
37 778 1.59084
48 779 1.88435
51 780 1.91106
54 781 1.92097
16 782 2.1206
4 783 2.23121
47 784 2.32021
39 785 2.52485
27 786 2.62256
11 787 2.64614
5 788 2.71214
14 789 2.77629
65 790 2.78966
21 791 2.83827
58 792 2.91722
62 793 2.98407
34 794 3.03943
1 795 3.05018
67 796 3.16107
23 797 3.25386
18 798 3.29636
29 799 3.32404
32 800 3.38799
61 801 3.4411
15 802 3.59387
45 803 3.61316
19 804 3.63295
40 805 3.66406
33 806 3.75704
26 807 3.78738
53 808 3.83107
28 809 3.93491
20 810 3.97259
46 811 3.9978
12 812 4.17384
2 813 4.24285
59 814 4.26772
68 815 4.31522
75 816 4.32516
25 817 4.34914
70 818 4.46747
24 819 4.51463
79 820 4.53603
7 821 4.74929
13 822 4.82093
17 823 4.95757
60 824 4.9581
10 825 4.98566
30 826 5.45577
5 827 5.47501
47 828 5.73269
49 829 5.8583
74 830 5.91616
36 831 6.06914
45 832 6.51597
53 833 7.03158
34 834 7.03322
39 835 7.17182
11 836 7.2375
68 837 7.24536
25 838 7.99208
40 839 8.09018
28 840 8.11707
33 841 8.26537
18 842 8.26952
79 843 8.27778
26 844 8.34305
75 845 8.63854
53 846 9.37975
30 847 9.40084
36 848 9.45769
39 849 9.50129
17 850 9.51919
1 851 9.66576
