44 690 1.00709
40 691 1.21436
33 692 1.21762
22 693 1.2574
8 694 1.29353
14 695 1.29806
10 696 1.36966
66 697 1.5753
54 698 1.63591
12 699 1.64478
26 700 1.71406
5 701 1.80361
27 702 1.86959
20 703 1.97061
55 704 1.97722
45 705 2.03023
57 706 2.0356
28 707 2.11916
41 708 2.26037
42 709 2.27667
15 710 2.37757
9 711 2.40004
16 712 2.45647
43 713 2.58844
49 714 2.74411
17 715 2.83641
35 716 2.99966
18 717 3.01618
62 718 3.05017
38 719 3.24599
46 720 3.27023
34 721 3.41641
61 722 3.45032
50 723 3.50926
29 724 3.5133
7 725 3.52264
44 726 3.65204
23 727 3.86092
54 728 3.91017
30 729 4.15255
8 730 4.16535
65 731 4.35065
31 732 4.45813
47 733 4.50573
14 734 4.58492
69 735 4.60664
52 736 4.88141
39 737 4.93836
10 738 5.12375
41 739 5.50004
32 740 5.78472
54 741 5.93816
55 742 6.1171
22 743 6.17587
43 744 6.40006
44 745 6.56575
27 746 6.66556
45 747 6.88568
38 748 6.96831
18 749 7.03105
34 750 7.04274
15 751 7.18062
31 752 7.32635
20 753 7.5933
61 754 7.66768
64 755 7.70233
32 756 7.79677
23 757 7.98152
7 758 8.5648
8 759 8.59696
14 760 9.01241
47 761 9.13144
69 762 9.5383
52 763 9.83911
