19 17 0 100 1.16701e-08 2.05828 2.05828
17 19 0 100 1.3 2.22516 3.52516
16 23 0 100 1 3.16876 4.16876
14 27 0 100 0.3 4.03959 4.33959
2 26 0 100 0.7 3.80091 4.50091
1 20 0 100 2.3 2.40404 4.70404
13 18 0 100 3 2.12733 5.12733
8 30 0 100 1.1 4.70929 5.80929
19 32 0 100 1.6 5.81684 7.41684
7 28 0 100 3.4 4.08818 7.48818
4 21 0 100 4.7 3.03645 7.73645
12 22 0 100 4.9 3.04094 7.94094
3 24 0 100 4.8 3.25656 8.05656
5 25 0 100 4.8 3.51774 8.31774
10 29 0 100 4.5 4.29405 8.79405
20 31 0 100 3.9 4.913 8.813
16 36 0 100 2 7.4555 9.4555
14 38 0 100 0.8 8.76516 9.56516
2 35 0 100 2.4 7.34179 9.74179
1 34 0 100 2.6 7.33639 9.93639
13 33 0 100 3.7 6.66223 10.3622
13 39 0 100 0.6 9.77573 10.3757
8 37 0 100 2.6 8.39578 10.9958
12 40 0 100 3.3 9.9986 13.2986
