22 50 0.048 49.952
37 50 0.048 49.952
37 49.952 0.16 49.792
8 50 0.048 49.952
12 50 0.048 49.952
8 49.952 0.16 49.792
12 49.952 0.16 49.792
12 49.792 0.048 49.744
8 49.792 0.048 49.744
38 50 0.048 49.952
26 50 0.048 49.952
38 49.952 0.16 49.792
26 49.952 0.16 49.792
26 49.792 0.048 49.744
38 49.792 0.048 49.744
28 50 0.048 49.952
24 50 0.048 49.952
28 49.952 0.16 49.792
24 49.952 0.16 49.792
24 49.792 0.048 49.744
28 49.792 0.048 49.744
22 50 0.048 49.952
12 50 0.048 49.952
8 49.9823 0.048 49.9343
26 49.8829 0.048 49.8349
38 50 0.048 49.952
24 49.9207 0.048 49.8727
28 50 0.048 49.952
22 50 0.048 49.952
12 50 0.048 49.952
8 50 0.048 49.952
26 50 0.048 49.952
38 50 0.048 49.952
24 50 0.048 49.952
28 50 0.048 49.952
22 50 0.048 49.952
12 50 0.048 49.952
8 50 0.048 49.952
26 50 0.048 49.952
38 50 0.048 49.952
26 49.952 0.16 49.792
38 49.952 0.16 49.792
24 50 0.048 49.952
28 50 0.048 49.952
22 50 0.048 49.952
26 50 0.048 49.952
38 50 0.048 49.952
26 49.952 0.16 49.792
38 49.952 0.16 49.792
38 49.792 0.048 49.744
26 49.792 0.048 49.744
38 49.744 0.16 49.584
26 49.744 0.16 49.584
40 50 0.048 49.952
29 50 0.048 49.952
40 49.952 0.16 49.792
29 49.952 0.16 49.792
29 49.792 0.048 49.744
40 49.792 0.048 49.744
12 50 0.048 49.952
8 50 0.048 49.952
24 50 0.048 49.952
28 50 0.048 49.952
22 50 0.048 49.952
29 50 0.048 49.952
40 49.9684 0.048 49.9204
12 50 0.048 49.952
8 50 0.048 49.952
24 50 0.048 49.952
28 50 0.048 49.952
19 50 0.048 49.952
6 50 0.048 49.952
13 50 0.048 49.952
16 50 0.048 49.952
19 49.952 0.16 49.792
6 49.952 0.16 49.792
6 49.792 0.048 49.744
13 49.952 0.048 49.904
19 49.792 0.048 49.744
6 49.744 0.16 49.584
13 49.904 0.16 49.744
13 49.744 0.048 49.696
6 49.584 0.048 49.536
11 50 0.048 49.952
16 49.952 0.048 49.904
19 49.744 0.048 49.696
13 49.696 0.16 49.536
16 49.904 0.16 49.744
16 49.744 0.048 49.696
10 50 0.048 49.952
11 49.952 0.048 49.904
13 49.536 0.048 49.488
19 49.696 0.048 49.648
16 49.696 0.16 49.536
6 49.536 0.16 49.376
16 49.536 0.16 49.376
10 49.952 0.16 49.792
10 49.792 0.048 49.744
11 49.904 0.048 49.856
15 50 0.048 49.952
16 49.376 0.048 49.328
17 50 0.048 49.952
10 49.744 0.16 49.584
11 49.856 0.16 49.696
11 49.696 0.048 49.648
10 49.584 0.048 49.536
13 49.488 0.048 49.44
16 49.328 0.048 49.28
13 49.44 0.16 49.28
19 49.648 0.16 49.488
11 49.648 0.16 49.488
15 49.952 0.16 49.792
15 49.792 0.048 49.744
10 49.536 0.048 49.488
17 49.952 0.048 49.904
15 49.744 0.16 49.584
16 49.28 0.16 49.12
17 49.904 0.16 49.744
17 49.744 0.048 49.696
10 49.488 0.048 49.44
15 49.584 0.048 49.536
10 49.44 0.16 49.28
17 49.696 0.16 49.536
22 50 0.048 49.952
29 50 0.048 49.952
40 50 0.048 49.952
12 50 0.048 49.952
8 50 0.048 49.952
24 50 0.048 49.952
28 50 0.048 49.952
11 49.6627 0.048 49.6147
10 49.4783 0.048 49.4303
16 49.2642 0.048 49.2162
17 49.8804 0.048 49.8324
10 49.4303 0.048 49.3823
15 49.9281 0.048 49.8801
22 50 0.048 49.952
30 50 0.048 49.952
31 50 0.048 49.952
9 50 0.048 49.952
31 49.952 0.16 49.792
9 49.952 0.16 49.792
9 49.792 0.048 49.744
5 50 0.048 49.952
31 49.792 0.048 49.744
9 49.744 0.16 49.584
5 49.952 0.16 49.792
5 49.792 0.048 49.744
9 49.584 0.048 49.536
31 49.744 0.16 49.584
29 50 0.048 49.952
40 50 0.048 49.952
12 50 0.048 49.952
8 50 0.048 49.952
24 50 0.048 49.952
28 50 0.048 49.952
11 49.9111 0.048 49.8631
10 49.6623 0.048 49.6143
16 49.4184 0.048 49.3704
17 50 0.048 49.952
10 49.6143 0.048 49.5663
15 50 0.048 49.952
22 50 0.048 49.952
30 50 0.048 49.952
5 49.8923 0.048 49.8443
9 49.8086 0.048 49.7606
29 50 0.048 49.952
40 50 0.048 49.952
12 50 0.048 49.952
8 50 0.048 49.952
24 50 0.048 49.952
28 50 0.048 49.952
11 50 0.048 49.952
10 49.8751 0.048 49.8271
16 49.658 0.048 49.61
17 50 0.048 49.952
10 49.8271 0.048 49.7791
15 50 0.048 49.952
22 50 0.048 49.952
30 50 0.048 49.952
5 49.9896 0.048 49.9416
9 50 0.048 49.952
29 50 0.048 49.952
40 50 0.048 49.952
12 50 0.048 49.952
8 50 0.048 49.952
24 50 0.048 49.952
28 50 0.048 49.952
11 50 0.048 49.952
10 49.9387 0.048 49.8907
16 49.8055 0.048 49.7575
17 50 0.048 49.952
10 49.8907 0.048 49.8427
15 50 0.048 49.952
22 50 0.048 49.952
30 50 0.048 49.952
5 50 0.048 49.952
9 50 0.048 49.952
29 50 0.048 49.952
40 50 0.048 49.952
12 50 0.048 49.952
8 50 0.048 49.952
10 49.8427 0.048 49.7947
11 49.952 0.048 49.904
15 50 0.048 49.952
16 49.7575 0.048 49.7095
17 50 0.048 49.952
10 49.7947 0.16 49.6347
11 49.904 0.16 49.744
15 49.952 0.16 49.792
16 49.7095 0.16 49.5495
16 49.5495 0.048 49.5015
10 49.6347 0.048 49.5867
11 49.744 0.048 49.696
13 50 0.048 49.952
17 49.952 0.16 49.792
3 50 0.048 49.952
24 50 0.048 49.952
28 50 0.048 49.952
11 50 0.048 49.952
10 49.9712 0.048 49.9232
16 49.8914 0.048 49.8434
17 49.792 0.048 49.744
10 49.9232 0.048 49.8752
15 49.792 0.048 49.744
22 50 0.048 49.952
30 50 0.048 49.952
5 50 0.048 49.952
9 50 0.048 49.952
29 50 0.048 49.952
40 50 0.048 49.952
12 50 0.048 49.952
8 50 0.048 49.952
16 49.8434 0.048 49.7954
10 49.8752 0.048 49.8272
11 49.952 0.048 49.904
13 50 0.048 49.952
19 50 0.048 49.952
16 49.7954 0.16 49.6354
10 49.8272 0.16 49.6672
11 49.904 0.16 49.744
13 49.952 0.16 49.792
19 49.952 0.16 49.792
19 49.792 0.048 49.744
6 50 0.048 49.952
13 49.792 0.048 49.744
16 49.6354 0.048 49.5874
3 50 0.048 49.952
1 50 0.048 49.952
14 50 0.048 49.952
1 49.952 0.16 49.792
14 49.952 0.16 49.792
14 49.792 0.048 49.744
1 49.792 0.048 49.744
21 50 0.048 49.952
7 50 0.048 49.952
25 50 0.048 49.952
21 49.952 0.16 49.792
7 49.952 0.16 49.792
7 49.792 0.048 49.744
21 49.792 0.048 49.744
25 49.952 0.048 49.904
7 49.744 0.16 49.584
25 49.904 0.16 49.744
25 49.744 0.048 49.696
7 49.584 0.048 49.536
21 49.744 0.048 49.696
21 49.696 0.16 49.536
25 49.696 0.16 49.536
24 50 0.048 49.952
28 50 0.048 49.952
11 50 0.048 49.952
10 49.9225 0.048 49.8745
16 49.987 0.048 49.939
17 50 0.048 49.952
10 49.8745 0.048 49.8265
15 50 0.048 49.952
22 50 0.048 49.952
30 50 0.048 49.952
5 50 0.048 49.952
9 50 0.048 49.952
29 50 0.048 49.952
40 50 0.048 49.952
12 50 0.048 49.952
8 50 0.048 49.952
19 50 0.048 49.952
6 50 0.048 49.952
13 50 0.048 49.952
3 50 0.048 49.952
14 49.9349 0.048 49.8869
1 50 0.048 49.952
25 49.6864 0.048 49.6384
7 49.8338 0.048 49.7858
21 49.719 0.048 49.671
24 50 0.048 49.952
28 50 0.048 49.952
11 50 0.048 49.952
10 50 0.048 49.952
16 50 0.048 49.952
17 50 0.048 49.952
10 49.952 0.048 49.904
15 50 0.048 49.952
22 50 0.048 49.952
30 50 0.048 49.952
5 50 0.048 49.952
9 50 0.048 49.952
29 50 0.048 49.952
40 50 0.048 49.952
12 50 0.048 49.952
8 50 0.048 49.952
19 50 0.048 49.952
6 50 0.048 49.952
13 50 0.048 49.952
3 50 0.048 49.952
14 50 0.048 49.952
1 50 0.048 49.952
25 49.998 0.048 49.95
7 50 0.048 49.952
21 49.9144 0.048 49.8664
35 50 0.048 49.952
24 50 0.048 49.952
28 50 0.048 49.952
11 50 0.048 49.952
10 50 0.048 49.952
16 50 0.048 49.952
17 50 0.048 49.952
10 49.952 0.048 49.904
15 50 0.048 49.952
22 50 0.048 49.952
30 50 0.048 49.952
27 50 0.048 49.952
2 50 0.048 49.952
4 50 0.048 49.952
27 49.952 0.16 49.792
2 49.952 0.16 49.792
2 49.792 0.048 49.744
4 49.952 0.048 49.904
27 49.792 0.048 49.744
2 49.744 0.16 49.584
4 49.904 0.16 49.744
4 49.744 0.048 49.696
2 49.584 0.048 49.536
27 49.744 0.048 49.696
4 49.696 0.16 49.536
27 49.696 0.16 49.536
5 50 0.048 49.952
9 50 0.048 49.952
29 50 0.048 49.952
40 50 0.048 49.952
12 50 0.048 49.952
8 50 0.048 49.952
19 50 0.048 49.952
6 50 0.048 49.952
13 50 0.048 49.952
3 50 0.048 49.952
14 50 0.048 49.952
1 50 0.048 49.952
14 49.952 0.16 49.792
1 49.952 0.16 49.792
25 50 0.048 49.952
7 50 0.048 49.952
21 50 0.048 49.952
35 50 0.048 49.952
24 50 0.048 49.952
28 50 0.048 49.952
14 50 0.048 49.952
1 49.792 0.048 49.744
14 49.952 0.16 49.792
1 49.744 0.16 49.584
1 49.584 0.048 49.536
14 49.792 0.048 49.744
1 49.536 0.16 49.376
14 49.744 0.16 49.584
11 50 0.048 49.952
10 50 0.048 49.952
16 50 0.048 49.952
17 50 0.048 49.952
10 49.952 0.048 49.904
15 50 0.048 49.952
22 50 0.048 49.952
30 50 0.048 49.952
4 49.8535 0.048 49.8055
2 49.8125 0.048 49.7645
27 49.7936 0.048 49.7456
5 50 0.048 49.952
9 50 0.048 49.952
29 50 0.048 49.952
40 50 0.048 49.952
12 50 0.048 49.952
8 50 0.048 49.952
19 50 0.048 49.952
6 50 0.048 49.952
13 50 0.048 49.952
3 50 0.048 49.952
25 50 0.048 49.952
7 50 0.048 49.952
21 50 0.048 49.952
35 50 0.048 49.952
24 50 0.048 49.952
28 50 0.048 49.952
11 50 0.048 49.952
10 50 0.048 49.952
16 50 0.048 49.952
17 50 0.048 49.952
10 49.952 0.048 49.904
15 50 0.048 49.952
22 50 0.048 49.952
30 50 0.048 49.952
39 50 0.048 49.952
4 50 0.048 49.952
2 50 0.048 49.952
27 49.9817 0.048 49.9337
5 50 0.048 49.952
9 50 0.048 49.952
29 50 0.048 49.952
40 50 0.048 49.952
12 50 0.048 49.952
8 50 0.048 49.952
19 50 0.048 49.952
6 50 0.048 49.952
13 50 0.048 49.952
36 50 0.048 49.952
3 50 0.048 49.952
25 50 0.048 49.952
7 50 0.048 49.952
21 50 0.048 49.952
35 50 0.048 49.952
24 50 0.048 49.952
28 50 0.048 49.952
33 50 0.048 49.952
11 50 0.048 49.952
10 50 0.048 49.952
16 50 0.048 49.952
17 50 0.048 49.952
10 49.952 0.048 49.904
15 50 0.048 49.952
22 50 0.048 49.952
30 50 0.048 49.952
39 50 0.048 49.952
4 50 0.048 49.952
2 50 0.048 49.952
27 50 0.048 49.952
5 50 0.048 49.952
9 50 0.048 49.952
29 50 0.048 49.952
40 50 0.048 49.952
12 50 0.048 49.952
8 50 0.048 49.952
19 50 0.048 49.952
6 50 0.048 49.952
13 50 0.048 49.952
36 50 0.048 49.952
3 50 0.048 49.952
25 50 0.048 49.952
7 50 0.048 49.952
21 50 0.048 49.952
35 50 0.048 49.952
24 50 0.048 49.952
28 50 0.048 49.952
33 50 0.048 49.952
33 49.952 0.16 49.792
11 50 0.048 49.952
10 50 0.048 49.952
13 50 0.048 49.952
16 50 0.048 49.952
17 50 0.048 49.952
10 49.952 0.048 49.904
15 50 0.048 49.952
22 50 0.048 49.952
30 50 0.048 49.952
39 50 0.048 49.952
4 50 0.048 49.952
2 50 0.048 49.952
27 50 0.048 49.952
5 50 0.048 49.952
9 50 0.048 49.952
29 50 0.048 49.952
40 50 0.048 49.952
12 50 0.048 49.952
8 50 0.048 49.952
19 50 0.048 49.952
6 50 0.048 49.952
13 49.952 0.048 49.904
16 49.952 0.048 49.904
36 50 0.048 49.952
3 50 0.048 49.952
25 50 0.048 49.952
7 50 0.048 49.952
21 50 0.048 49.952
35 50 0.048 49.952
24 50 0.048 49.952
28 50 0.048 49.952
11 50 0.048 49.952
10 50 0.048 49.952
13 50 0.048 49.952
16 50 0.048 49.952
17 50 0.048 49.952
10 49.952 0.048 49.904
15 50 0.048 49.952
17 49.952 0.16 49.792
10 49.904 0.16 49.744
15 49.952 0.16 49.792
22 50 0.048 49.952
30 50 0.048 49.952
39 50 0.048 49.952
4 50 0.048 49.952
2 50 0.048 49.952
27 50 0.048 49.952
5 50 0.048 49.952
9 50 0.048 49.952
29 50 0.048 49.952
40 50 0.048 49.952
16 49.952 0.048 49.904
10 49.744 0.048 49.696
11 49.952 0.048 49.904
13 49.952 0.048 49.904
16 49.904 0.16 49.744
10 49.696 0.16 49.536
10 49.536 0.048 49.488
11 49.904 0.048 49.856
15 50 0.048 49.952
16 49.744 0.048 49.696
17 50 0.048 49.952
10 49.488 0.16 49.328
11 49.856 0.16 49.696
13 49.904 0.16 49.744
11 49.696 0.16 49.536
15 49.952 0.16 49.792
16 49.696 0.16 49.536
17 49.952 0.16 49.792
17 49.792 0.048 49.744
10 49.328 0.048 49.28
15 49.792 0.048 49.744
17 49.744 0.16 49.584
10 49.28 0.16 49.12
15 49.744 0.16 49.584
12 50 0.048 49.952
8 50 0.048 49.952
19 50 0.048 49.952
6 50 0.048 49.952
13 49.744 0.048 49.696
16 49.536 0.048 49.488
36 50 0.048 49.952
3 50 0.048 49.952
25 50 0.048 49.952
7 50 0.048 49.952
21 50 0.048 49.952
35 50 0.048 49.952
24 50 0.048 49.952
28 50 0.048 49.952
11 49.8191 0.048 49.7711
10 49.3517 0.048 49.3037
16 49.7547 0.048 49.7067
22 50 0.048 49.952
30 50 0.048 49.952
39 50 0.048 49.952
4 50 0.048 49.952
2 50 0.048 49.952
27 50 0.048 49.952
5 50 0.048 49.952
9 50 0.048 49.952
29 50 0.048 49.952
40 50 0.048 49.952
12 50 0.048 49.952
8 50 0.048 49.952
19 50 0.048 49.952
6 50 0.048 49.952
13 50 0.048 49.952
16 49.7067 0.048 49.6587
36 50 0.048 49.952
3 50 0.048 49.952
25 50 0.048 49.952
7 50 0.048 49.952
21 50 0.048 49.952
35 50 0.048 49.952
24 50 0.048 49.952
28 50 0.048 49.952
11 49.9553 0.048 49.9073
10 49.5524 0.048 49.5044
16 49.9178 0.048 49.8698
11 49.9073 0.16 49.7473
10 49.5044 0.16 49.3444
16 49.8698 0.16 49.7098
22 50 0.048 49.952
9 50 0.048 49.952
5 50 0.048 49.952
31 50 0.048 49.952
9 49.952 0.16 49.792
5 49.952 0.16 49.792
31 49.952 0.16 49.792
31 49.792 0.048 49.744
9 49.792 0.048 49.744
30 50 0.048 49.952
39 50 0.048 49.952
4 50 0.048 49.952
2 50 0.048 49.952
27 50 0.048 49.952
5 49.792 0.048 49.744
9 49.744 0.048 49.696
29 50 0.048 49.952
40 50 0.048 49.952
12 50 0.048 49.952
8 50 0.048 49.952
19 50 0.048 49.952
6 50 0.048 49.952
13 50 0.048 49.952
16 49.7098 0.048 49.6618
19 49.952 0.16 49.792
6 49.952 0.16 49.792
13 49.952 0.16 49.792
16 49.6618 0.16 49.5018
36 50 0.048 49.952
3 50 0.048 49.952
25 50 0.048 49.952
7 50 0.048 49.952
21 50 0.048 49.952
35 50 0.048 49.952
24 50 0.048 49.952
28 50 0.048 49.952
22 50 0.048 49.952
31 49.9464 0.048 49.8984
9 49.9035 0.048 49.8555
30 50 0.048 49.952
39 50 0.048 49.952
4 50 0.048 49.952
2 50 0.048 49.952
27 50 0.048 49.952
5 49.9939 0.048 49.9459
9 49.8555 0.048 49.8075
20 50 0.048 49.952
23 50 0.048 49.952
20 49.952 0.16 49.792
23 49.952 0.16 49.792
23 49.792 0.048 49.744
20 49.792 0.048 49.744
29 50 0.048 49.952
40 50 0.048 49.952
12 50 0.048 49.952
8 50 0.048 49.952
36 50 0.048 49.952
3 50 0.048 49.952
25 50 0.048 49.952
7 50 0.048 49.952
21 50 0.048 49.952
35 50 0.048 49.952
24 50 0.048 49.952
28 50 0.048 49.952
22 50 0.048 49.952
31 50 0.048 49.952
9 50 0.048 49.952
30 50 0.048 49.952
39 50 0.048 49.952
4 50 0.048 49.952
2 50 0.048 49.952
27 50 0.048 49.952
5 50 0.048 49.952
9 49.952 0.048 49.904
23 50 0.048 49.952
20 50 0.048 49.952
29 50 0.048 49.952
40 50 0.048 49.952
12 50 0.048 49.952
8 50 0.048 49.952
36 50 0.048 49.952
3 50 0.048 49.952
25 50 0.048 49.952
7 50 0.048 49.952
21 50 0.048 49.952
35 50 0.048 49.952
24 50 0.048 49.952
28 50 0.048 49.952
24 49.952 0.16 49.792
28 49.952 0.16 49.792
22 50 0.048 49.952
31 50 0.048 49.952
9 50 0.048 49.952
30 50 0.048 49.952
39 50 0.048 49.952
4 50 0.048 49.952
2 50 0.048 49.952
27 50 0.048 49.952
5 50 0.048 49.952
9 49.952 0.048 49.904
23 50 0.048 49.952
20 50 0.048 49.952
29 50 0.048 49.952
40 50 0.048 49.952
12 50 0.048 49.952
8 50 0.048 49.952
34 50 0.048 49.952
36 50 0.048 49.952
3 50 0.048 49.952
25 50 0.048 49.952
7 50 0.048 49.952
21 50 0.048 49.952
35 50 0.048 49.952
22 50 0.048 49.952
31 50 0.048 49.952
9 50 0.048 49.952
30 50 0.048 49.952
29 50 0.048 49.952
39 50 0.048 49.952
4 50 0.048 49.952
2 50 0.048 49.952
27 50 0.048 49.952
5 50 0.048 49.952
9 49.952 0.048 49.904
23 50 0.048 49.952
20 50 0.048 49.952
29 49.952 0.048 49.904
30 49.952 0.048 49.904
40 50 0.048 49.952
12 50 0.048 49.952
8 50 0.048 49.952
34 50 0.048 49.952
36 50 0.048 49.952
3 50 0.048 49.952
25 50 0.048 49.952
7 50 0.048 49.952
21 50 0.048 49.952
35 50 0.048 49.952
22 50 0.048 49.952
31 50 0.048 49.952
9 50 0.048 49.952
30 50 0.048 49.952
39 50 0.048 49.952
4 50 0.048 49.952
2 50 0.048 49.952
27 50 0.048 49.952
5 50 0.048 49.952
9 49.952 0.048 49.904
23 50 0.048 49.952
20 50 0.048 49.952
29 50 0.048 49.952
40 50 0.048 49.952
12 50 0.048 49.952
8 50 0.048 49.952
34 50 0.048 49.952
17 50 0.048 49.952
10 50 0.048 49.952
15 50 0.048 49.952
17 49.952 0.16 49.792
10 49.952 0.16 49.792
10 49.792 0.048 49.744
11 50 0.048 49.952
15 49.952 0.048 49.904
16 50 0.048 49.952
17 49.792 0.048 49.744
10 49.744 0.16 49.584
15 49.904 0.16 49.744
11 49.952 0.16 49.792
11 49.792 0.048 49.744
10 49.584 0.048 49.536
13 50 0.048 49.952
16 49.952 0.048 49.904
19 50 0.048 49.952
11 49.744 0.16 49.584
15 49.744 0.16 49.584
16 49.904 0.16 49.744
16 49.744 0.048 49.696
10 49.536 0.048 49.488
11 49.584 0.048 49.536
13 49.952 0.048 49.904
19 49.952 0.048 49.904
16 49.696 0.16 49.536
17 49.744 0.16 49.584
16 49.536 0.16 49.376
10 49.488 0.16 49.328
11 49.536 0.16 49.376
13 49.904 0.16 49.744
19 49.904 0.16 49.744
19 49.744 0.048 49.696
6 50 0.048 49.952
11 49.376 0.048 49.328
13 49.744 0.048 49.696
16 49.376 0.048 49.328
36 50 0.048 49.952
3 50 0.048 49.952
25 50 0.048 49.952
7 50 0.048 49.952
21 50 0.048 49.952
35 50 0.048 49.952
22 50 0.048 49.952
31 50 0.048 49.952
9 50 0.048 49.952
30 50 0.048 49.952
39 50 0.048 49.952
4 50 0.048 49.952
2 50 0.048 49.952
27 50 0.048 49.952
5 50 0.048 49.952
9 49.952 0.048 49.904
23 50 0.048 49.952
20 50 0.048 49.952
29 50 0.048 49.952
40 50 0.048 49.952
12 50 0.048 49.952
8 50 0.048 49.952
34 50 0.048 49.952
38 50 0.048 49.952
26 50 0.048 49.952
38 49.952 0.16 49.792
26 49.952 0.16 49.792
26 49.792 0.048 49.744
38 49.792 0.048 49.744
19 49.8433 0.048 49.7953
6 50 0.048 49.952
11 49.6246 0.048 49.5766
13 49.9768 0.048 49.9288
16 49.6099 0.048 49.5619
36 50 0.048 49.952
20 50 0.048 49.952
36 49.952 0.16 49.792
20 49.952 0.16 49.792
20 49.792 0.048 49.744
23 49.952 0.048 49.904
36 49.792 0.048 49.744
3 50 0.048 49.952
25 50 0.048 49.952
7 50 0.048 49.952
21 50 0.048 49.952
35 50 0.048 49.952
22 50 0.048 49.952
31 50 0.048 49.952
9 50 0.048 49.952
30 50 0.048 49.952
39 50 0.048 49.952
4 50 0.048 49.952
2 50 0.048 49.952
27 50 0.048 49.952
5 50 0.048 49.952
9 49.952 0.048 49.904
23 50 0.048 49.952
20 49.744 0.048 49.696
29 50 0.048 49.952
40 50 0.048 49.952
12 50 0.048 49.952
8 50 0.048 49.952
34 50 0.048 49.952
26 50 0.048 49.952
38 49.8893 0.048 49.8413
19 50 0.048 49.952
6 50 0.048 49.952
11 49.6864 0.048 49.6384
13 50 0.048 49.952
20 49.9548 0.048 49.9068
23 49.952 0.048 49.904
36 50 0.048 49.952
18 50 0.048 49.952
3 50 0.048 49.952
25 50 0.048 49.952
7 50 0.048 49.952
21 50 0.048 49.952
35 50 0.048 49.952
32 50 0.048 49.952
22 50 0.048 49.952
31 50 0.048 49.952
9 50 0.048 49.952
30 50 0.048 49.952
39 50 0.048 49.952
4 50 0.048 49.952
2 50 0.048 49.952
27 50 0.048 49.952
5 50 0.048 49.952
9 49.952 0.048 49.904
23 50 0.048 49.952
20 49.9068 0.048 49.8588
29 50 0.048 49.952
40 50 0.048 49.952
12 50 0.048 49.952
8 50 0.048 49.952
34 50 0.048 49.952
26 50 0.048 49.952
38 50 0.048 49.952
19 50 0.048 49.952
6 50 0.048 49.952
11 49.884 0.048 49.836
13 50 0.048 49.952
16 49.9639 0.048 49.9159
20 50 0.048 49.952
23 49.952 0.048 49.904
18 50 0.048 49.952
3 50 0.048 49.952
25 50 0.048 49.952
7 50 0.048 49.952
21 50 0.048 49.952
35 50 0.048 49.952
32 50 0.048 49.952
22 50 0.048 49.952
31 50 0.048 49.952
9 50 0.048 49.952
30 50 0.048 49.952
39 50 0.048 49.952
4 50 0.048 49.952
2 50 0.048 49.952
27 50 0.048 49.952
5 50 0.048 49.952
9 49.952 0.048 49.904
23 50 0.048 49.952
20 49.952 0.048 49.904
29 50 0.048 49.952
40 50 0.048 49.952
12 50 0.048 49.952
8 50 0.048 49.952
12 49.952 0.16 49.792
8 49.952 0.16 49.792
34 50 0.048 49.952
26 50 0.048 49.952
38 50 0.048 49.952
19 50 0.048 49.952
6 50 0.048 49.952
11 49.9459 0.048 49.8979
13 50 0.048 49.952
16 50 0.048 49.952
20 50 0.048 49.952
23 49.952 0.048 49.904
18 50 0.048 49.952
3 50 0.048 49.952
25 50 0.048 49.952
7 50 0.048 49.952
21 50 0.048 49.952
35 50 0.048 49.952
32 50 0.048 49.952
22 50 0.048 49.952
31 50 0.048 49.952
9 50 0.048 49.952
30 50 0.048 49.952
40 50 0.048 49.952
30 49.952 0.16 49.792
40 49.952 0.16 49.792
40 49.792 0.048 49.744
29 50 0.048 49.952
30 49.792 0.048 49.744
39 50 0.048 49.952
4 50 0.048 49.952
2 50 0.048 49.952
27 50 0.048 49.952
5 50 0.048 49.952
9 49.952 0.048 49.904
23 50 0.048 49.952
20 49.952 0.048 49.904
29 49.952 0.048 49.904
40 49.744 0.048 49.696
34 50 0.048 49.952
26 50 0.048 49.952
38 50 0.048 49.952
19 50 0.048 49.952
6 50 0.048 49.952
11 50 0.048 49.952
13 50 0.048 49.952
20 50 0.048 49.952
23 49.952 0.048 49.904
36 50 0.048 49.952
18 50 0.048 49.952
3 50 0.048 49.952
25 50 0.048 49.952
7 50 0.048 49.952
21 50 0.048 49.952
35 50 0.048 49.952
32 50 0.048 49.952
22 50 0.048 49.952
22 49.952 0.16 49.792
31 50 0.048 49.952
9 50 0.048 49.952
40 49.9027 0.048 49.8547
29 50 0.048 49.952
30 49.9305 0.048 49.8825
39 50 0.048 49.952
4 50 0.048 49.952
2 50 0.048 49.952
27 50 0.048 49.952
5 50 0.048 49.952
9 49.952 0.048 49.904
23 50 0.048 49.952
20 49.952 0.048 49.904
29 49.952 0.048 49.904
30 49.8825 0.048 49.8345
40 49.8547 0.048 49.8067
29 49.904 0.16 49.744
30 49.8345 0.16 49.6745
30 49.6745 0.048 49.6265
29 49.744 0.048 49.696
40 49.8067 0.16 49.6467
34 50 0.048 49.952
26 50 0.048 49.952
38 50 0.048 49.952
19 50 0.048 49.952
6 50 0.048 49.952
11 50 0.048 49.952
13 50 0.048 49.952
20 50 0.048 49.952
23 49.952 0.048 49.904
18 50 0.048 49.952
3 50 0.048 49.952
25 50 0.048 49.952
7 50 0.048 49.952
21 50 0.048 49.952
35 50 0.048 49.952
1 50 0.048 49.952
14 50 0.048 49.952
1 49.952 0.16 49.792
14 49.952 0.16 49.792
14 49.792 0.048 49.744
1 49.792 0.048 49.744
32 50 0.048 49.952
31 50 0.048 49.952
9 50 0.048 49.952
40 49.8514 0.048 49.8034
29 49.807 0.048 49.759
40 49.8034 0.16 49.6434
29 49.759 0.16 49.599
29 49.599 0.048 49.551
30 49.9953 0.048 49.9473
40 49.6434 0.048 49.5954
39 50 0.048 49.952
4 50 0.048 49.952
2 50 0.048 49.952
27 50 0.048 49.952
5 50 0.048 49.952
9 49.952 0.048 49.904
23 50 0.048 49.952
20 49.952 0.048 49.904
30 49.9473 0.048 49.8993
29 49.551 0.048 49.503
10 50 0.048 49.952
11 49.952 0.048 49.904
15 50 0.048 49.952
16 50 0.048 49.952
17 50 0.048 49.952
10 49.952 0.16 49.792
11 49.904 0.16 49.744
15 49.952 0.16 49.792
16 49.952 0.16 49.792
16 49.792 0.048 49.744
10 49.792 0.048 49.744
11 49.744 0.048 49.696
13 50 0.048 49.952
19 50 0.048 49.952
17 49.952 0.16 49.792
17 49.792 0.048 49.744
10 49.744 0.048 49.696
15 49.792 0.048 49.744
34 50 0.048 49.952
26 50 0.048 49.952
38 50 0.048 49.952
19 49.952 0.048 49.904
6 50 0.048 49.952
11 49.894 0.048 49.846
13 49.952 0.048 49.904
16 49.744 0.048 49.696
20 50 0.048 49.952
23 49.952 0.048 49.904
18 50 0.048 49.952
18 49.952 0.16 49.792
3 50 0.048 49.952
25 50 0.048 49.952
7 50 0.048 49.952
21 50 0.048 49.952
35 50 0.048 49.952
14 50 0.048 49.952
1 49.8611 0.048 49.8131
32 50 0.048 49.952
31 50 0.048 49.952
9 50 0.048 49.952
29 49.8504 0.048 49.8024
30 50 0.048 49.952
40 49.9895 0.048 49.9415
39 50 0.048 49.952
4 50 0.048 49.952
2 50 0.048 49.952
27 50 0.048 49.952
5 50 0.048 49.952
9 49.952 0.048 49.904
23 50 0.048 49.952
20 49.952 0.048 49.904
30 49.952 0.048 49.904
29 49.8024 0.048 49.7544
16 49.9895 0.048 49.9415
10 50 0.048 49.952
11 49.846 0.048 49.798
13 50 0.048 49.952
17 50 0.048 49.952
10 49.952 0.048 49.904
15 49.9029 0.048 49.8549
34 50 0.048 49.952
26 50 0.048 49.952
38 50 0.048 49.952
19 50 0.048 49.952
6 50 0.048 49.952
13 49.952 0.048 49.904
20 50 0.048 49.952
23 49.952 0.048 49.904
3 50 0.048 49.952
3 49.952 0.16 49.792
25 50 0.048 49.952
7 50 0.048 49.952
21 50 0.048 49.952
35 50 0.048 49.952
14 50 0.048 49.952
1 50 0.048 49.952
32 50 0.048 49.952
31 50 0.048 49.952
9 50 0.048 49.952
29 49.9524 0.048 49.9044
40 50 0.048 49.952
39 50 0.048 49.952
4 50 0.048 49.952
27 50 0.048 49.952
5 50 0.048 49.952
9 49.952 0.048 49.904
23 50 0.048 49.952
20 49.952 0.048 49.904
30 50 0.048 49.952
16 50 0.048 49.952
10 50 0.048 49.952
11 49.9204 0.048 49.8724
13 50 0.048 49.952
17 50 0.048 49.952
10 49.952 0.048 49.904
15 50 0.048 49.952
34 50 0.048 49.952
26 50 0.048 49.952
38 50 0.048 49.952
19 50 0.048 49.952
6 50 0.048 49.952
13 49.952 0.048 49.904
20 50 0.048 49.952
23 49.952 0.048 49.904
25 50 0.048 49.952
7 50 0.048 49.952
21 50 0.048 49.952
35 50 0.048 49.952
14 50 0.048 49.952
1 50 0.048 49.952
32 50 0.048 49.952
31 50 0.048 49.952
9 50 0.048 49.952
29 50 0.048 49.952
30 50 0.048 49.952
40 50 0.048 49.952
39 50 0.048 49.952
4 50 0.048 49.952
2 50 0.048 49.952
27 50 0.048 49.952
5 50 0.048 49.952
9 49.952 0.048 49.904
23 50 0.048 49.952
20 49.952 0.048 49.904
30 49.952 0.048 49.904
29 49.952 0.048 49.904
16 50 0.048 49.952
10 50 0.048 49.952
11 50 0.048 49.952
13 50 0.048 49.952
17 50 0.048 49.952
10 49.952 0.048 49.904
15 50 0.048 49.952
34 50 0.048 49.952
26 50 0.048 49.952
38 50 0.048 49.952
19 50 0.048 49.952
6 50 0.048 49.952
13 49.952 0.048 49.904
20 50 0.048 49.952
23 49.952 0.048 49.904
25 50 0.048 49.952
7 50 0.048 49.952
21 50 0.048 49.952
25 49.952 0.16 49.792
7 49.952 0.16 49.792
21 49.952 0.16 49.792
35 50 0.048 49.952
14 50 0.048 49.952
1 50 0.048 49.952
32 50 0.048 49.952
31 50 0.048 49.952
9 50 0.048 49.952
29 50 0.048 49.952
30 50 0.048 49.952
40 50 0.048 49.952
39 50 0.048 49.952
4 50 0.048 49.952
2 50 0.048 49.952
27 50 0.048 49.952
5 50 0.048 49.952
9 49.952 0.048 49.904
23 50 0.048 49.952
20 49.952 0.048 49.904
30 49.952 0.048 49.904
29 49.952 0.048 49.904
16 50 0.048 49.952
10 50 0.048 49.952
11 50 0.048 49.952
13 50 0.048 49.952
17 50 0.048 49.952
10 49.952 0.048 49.904
15 50 0.048 49.952
34 50 0.048 49.952
26 50 0.048 49.952
38 50 0.048 49.952
19 50 0.048 49.952
6 50 0.048 49.952
13 49.952 0.048 49.904
20 50 0.048 49.952
23 49.952 0.048 49.904
35 50 0.048 49.952
14 50 0.048 49.952
1 50 0.048 49.952
32 50 0.048 49.952
31 50 0.048 49.952
9 50 0.048 49.952
29 50 0.048 49.952
30 50 0.048 49.952
40 50 0.048 49.952
39 50 0.048 49.952
4 50 0.048 49.952
2 50 0.048 49.952
27 50 0.048 49.952
37 50 0.048 49.952
5 50 0.048 49.952
9 49.952 0.048 49.904
23 50 0.048 49.952
20 49.952 0.048 49.904
30 49.952 0.048 49.904
29 49.952 0.048 49.904
16 50 0.048 49.952
10 50 0.048 49.952
11 50 0.048 49.952
13 50 0.048 49.952
17 50 0.048 49.952
10 49.952 0.048 49.904
15 50 0.048 49.952
34 50 0.048 49.952
26 50 0.048 49.952
38 50 0.048 49.952
19 50 0.048 49.952
6 50 0.048 49.952
13 49.952 0.048 49.904
20 50 0.048 49.952
23 49.952 0.048 49.904
35 50 0.048 49.952
14 50 0.048 49.952
1 50 0.048 49.952
32 50 0.048 49.952
31 50 0.048 49.952
9 50 0.048 49.952
29 50 0.048 49.952
30 50 0.048 49.952
40 50 0.048 49.952
29 49.952 0.16 49.792
30 49.952 0.16 49.792
40 49.952 0.16 49.792
39 50 0.048 49.952
4 50 0.048 49.952
2 50 0.048 49.952
27 50 0.048 49.952
37 50 0.048 49.952
5 50 0.048 49.952
9 49.952 0.048 49.904
23 50 0.048 49.952
20 49.952 0.048 49.904
30 49.792 0.048 49.744
29 49.792 0.048 49.744
16 50 0.048 49.952
10 50 0.048 49.952
11 50 0.048 49.952
13 50 0.048 49.952
17 50 0.048 49.952
10 49.952 0.048 49.904
15 50 0.048 49.952
34 50 0.048 49.952
26 50 0.048 49.952
38 50 0.048 49.952
19 50 0.048 49.952
6 50 0.048 49.952
13 49.952 0.048 49.904
20 50 0.048 49.952
23 49.952 0.048 49.904
35 50 0.048 49.952
14 50 0.048 49.952
1 50 0.048 49.952
32 50 0.048 49.952
31 50 0.048 49.952
9 50 0.048 49.952
39 50 0.048 49.952
4 50 0.048 49.952
2 50 0.048 49.952
27 50 0.048 49.952
37 50 0.048 49.952
5 50 0.048 49.952
9 49.952 0.048 49.904
23 50 0.048 49.952
20 49.952 0.048 49.904
33 50 0.048 49.952
30 50 0.048 49.952
29 49.947 0.048 49.899
30 49.952 0.16 49.792
29 49.899 0.16 49.739
16 50 0.048 49.952
10 50 0.048 49.952
11 50 0.048 49.952
13 50 0.048 49.952
17 50 0.048 49.952
10 49.952 0.048 49.904
15 50 0.048 49.952
34 50 0.048 49.952
26 50 0.048 49.952
38 50 0.048 49.952
19 50 0.048 49.952
6 50 0.048 49.952
13 49.952 0.048 49.904
20 50 0.048 49.952
23 49.952 0.048 49.904
35 50 0.048 49.952
14 50 0.048 49.952
1 50 0.048 49.952
32 50 0.048 49.952
31 50 0.048 49.952
9 50 0.048 49.952
39 50 0.048 49.952
4 50 0.048 49.952
2 50 0.048 49.952
27 50 0.048 49.952
37 50 0.048 49.952
5 50 0.048 49.952
9 49.952 0.048 49.904
23 50 0.048 49.952
20 49.952 0.048 49.904
33 50 0.048 49.952
16 50 0.048 49.952
10 50 0.048 49.952
11 50 0.048 49.952
13 50 0.048 49.952
17 50 0.048 49.952
10 49.952 0.048 49.904
15 50 0.048 49.952
34 50 0.048 49.952
26 50 0.048 49.952
38 50 0.048 49.952
19 50 0.048 49.952
6 50 0.048 49.952
11 50 0.048 49.952
13 49.952 0.048 49.904
20 50 0.048 49.952
23 49.952 0.048 49.904
35 50 0.048 49.952
14 50 0.048 49.952
1 50 0.048 49.952
32 50 0.048 49.952
31 50 0.048 49.952
9 50 0.048 49.952
39 50 0.048 49.952
4 50 0.048 49.952
2 50 0.048 49.952
27 50 0.048 49.952
37 50 0.048 49.952
5 50 0.048 49.952
9 49.952 0.048 49.904
23 50 0.048 49.952
20 49.952 0.048 49.904
33 50 0.048 49.952
16 50 0.048 49.952
10 50 0.048 49.952
11 49.952 0.048 49.904
13 50 0.048 49.952
17 50 0.048 49.952
10 49.952 0.048 49.904
15 50 0.048 49.952
34 50 0.048 49.952
26 50 0.048 49.952
38 50 0.048 49.952
19 50 0.048 49.952
6 50 0.048 49.952
11 50 0.048 49.952
13 49.952 0.048 49.904
20 50 0.048 49.952
23 49.952 0.048 49.904
35 50 0.048 49.952
14 50 0.048 49.952
1 50 0.048 49.952
32 50 0.048 49.952
32 49.952 0.16 49.792
31 50 0.048 49.952
9 50 0.048 49.952
39 50 0.048 49.952
4 50 0.048 49.952
2 50 0.048 49.952
27 50 0.048 49.952
37 50 0.048 49.952
5 50 0.048 49.952
9 49.952 0.048 49.904
23 50 0.048 49.952
20 49.952 0.048 49.904
33 50 0.048 49.952
16 50 0.048 49.952
10 50 0.048 49.952
11 49.952 0.048 49.904
13 50 0.048 49.952
19 50 0.048 49.952
17 50 0.048 49.952
10 49.952 0.048 49.904
15 50 0.048 49.952
34 50 0.048 49.952
26 50 0.048 49.952
38 50 0.048 49.952
19 49.952 0.048 49.904
6 50 0.048 49.952
11 50 0.048 49.952
13 49.952 0.048 49.904
16 49.952 0.048 49.904
20 50 0.048 49.952
23 49.952 0.048 49.904
35 50 0.048 49.952
14 50 0.048 49.952
1 50 0.048 49.952
31 50 0.048 49.952
9 50 0.048 49.952
39 50 0.048 49.952
4 50 0.048 49.952
2 50 0.048 49.952
27 50 0.048 49.952
37 50 0.048 49.952
5 50 0.048 49.952
9 49.952 0.048 49.904
23 50 0.048 49.952
20 49.952 0.048 49.904
33 50 0.048 49.952
16 50 0.048 49.952
10 50 0.048 49.952
11 49.952 0.048 49.904
13 50 0.048 49.952
19 50 0.048 49.952
17 50 0.048 49.952
10 49.952 0.048 49.904
15 50 0.048 49.952
34 50 0.048 49.952
26 50 0.048 49.952
38 50 0.048 49.952
19 49.952 0.048 49.904
6 50 0.048 49.952
13 49.952 0.048 49.904
16 49.952 0.048 49.904
20 50 0.048 49.952
23 49.952 0.048 49.904
35 50 0.048 49.952
40 50 0.048 49.952
29 50 0.048 49.952
30 50 0.048 49.952
40 49.952 0.16 49.792
29 49.952 0.16 49.792
29 49.792 0.048 49.744
30 49.952 0.048 49.904
40 49.792 0.048 49.744
29 49.744 0.16 49.584
30 49.904 0.16 49.744
30 49.744 0.048 49.696
29 49.584 0.048 49.536
40 49.744 0.048 49.696
30 49.696 0.16 49.536
40 49.696 0.16 49.536
14 50 0.048 49.952
1 50 0.048 49.952
31 50 0.048 49.952
9 50 0.048 49.952
31 49.952 0.16 49.792
9 49.952 0.16 49.792
8 50 0.048 49.952
12 50 0.048 49.952
8 49.952 0.16 49.792
12 49.952 0.16 49.792
12 49.792 0.048 49.744
8 49.792 0.048 49.744
39 50 0.048 49.952
4 50 0.048 49.952
2 50 0.048 49.952
27 50 0.048 49.952
37 50 0.048 49.952
5 50 0.048 49.952
9 49.792 0.048 49.744
23 50 0.048 49.952
20 49.952 0.048 49.904
33 50 0.048 49.952
16 50 0.048 49.952
10 50 0.048 49.952
11 50 0.048 49.952
13 50 0.048 49.952
19 50 0.048 49.952
17 50 0.048 49.952
10 49.952 0.048 49.904
15 50 0.048 49.952
34 50 0.048 49.952
26 50 0.048 49.952
38 50 0.048 49.952
19 49.952 0.048 49.904
6 50 0.048 49.952
13 49.952 0.048 49.904
16 49.952 0.048 49.904
20 50 0.048 49.952
23 49.952 0.048 49.904
28 50 0.048 49.952
24 50 0.048 49.952
28 49.952 0.16 49.792
24 49.952 0.16 49.792
24 49.792 0.048 49.744
28 49.792 0.048 49.744
35 50 0.048 49.952
30 49.7796 0.048 49.7316
29 49.7471 0.048 49.6991
40 49.776 0.048 49.728
14 50 0.048 49.952
1 50 0.048 49.952
12 49.9771 0.048 49.9291
8 49.9311 0.048 49.8831
39 50 0.048 49.952
4 50 0.048 49.952
2 50 0.048 49.952
27 50 0.048 49.952
37 50 0.048 49.952
5 50 0.048 49.952
9 50 0.048 49.952
5 49.952 0.16 49.792
9 49.952 0.16 49.792
23 50 0.048 49.952
20 49.952 0.048 49.904
33 50 0.048 49.952
16 50 0.048 49.952
10 50 0.048 49.952
11 50 0.048 49.952
13 50 0.048 49.952
19 50 0.048 49.952
17 50 0.048 49.952
10 49.952 0.048 49.904
15 50 0.048 49.952
34 50 0.048 49.952
26 50 0.048 49.952
38 50 0.048 49.952
19 49.952 0.048 49.904
6 50 0.048 49.952
13 49.952 0.048 49.904
16 49.952 0.048 49.904
27 49.952 0.048 49.904
2 49.952 0.048 49.904
4 50 0.048 49.952
20 50 0.048 49.952
23 49.952 0.048 49.904
24 50 0.048 49.952
28 50 0.048 49.952
35 50 0.048 49.952
30 50 0.048 49.952
29 50 0.048 49.952
40 50 0.048 49.952
14 50 0.048 49.952
1 50 0.048 49.952
12 50 0.048 49.952
8 50 0.048 49.952
39 50 0.048 49.952
4 49.952 0.048 49.904
2 50 0.048 49.952
27 50 0.048 49.952
37 50 0.048 49.952
23 50 0.048 49.952
20 49.952 0.048 49.904
33 50 0.048 49.952
16 50 0.048 49.952
10 50 0.048 49.952
11 50 0.048 49.952
13 50 0.048 49.952
19 50 0.048 49.952
17 50 0.048 49.952
10 49.952 0.048 49.904
15 50 0.048 49.952
34 50 0.048 49.952
26 50 0.048 49.952
38 50 0.048 49.952
19 49.952 0.048 49.904
6 50 0.048 49.952
11 50 0.048 49.952
13 49.952 0.048 49.904
16 49.952 0.048 49.904
21 50 0.048 49.952
7 50 0.048 49.952
25 50 0.048 49.952
21 49.952 0.16 49.792
7 49.952 0.16 49.792
25 49.952 0.16 49.792
25 49.792 0.048 49.744
7 49.792 0.048 49.744
21 49.792 0.048 49.744
27 49.952 0.048 49.904
2 49.952 0.048 49.904
4 50 0.048 49.952
20 50 0.048 49.952
23 49.952 0.048 49.904
24 50 0.048 49.952
28 50 0.048 49.952
35 50 0.048 49.952
30 50 0.048 49.952
29 50 0.048 49.952
40 50 0.048 49.952
14 50 0.048 49.952
1 50 0.048 49.952
12 50 0.048 49.952
8 50 0.048 49.952
39 50 0.048 49.952
4 49.952 0.048 49.904
2 50 0.048 49.952
27 50 0.048 49.952
37 50 0.048 49.952
23 50 0.048 49.952
20 49.952 0.048 49.904
33 50 0.048 49.952
16 50 0.048 49.952
10 50 0.048 49.952
11 49.952 0.048 49.904
13 50 0.048 49.952
19 50 0.048 49.952
17 50 0.048 49.952
10 49.952 0.048 49.904
15 50 0.048 49.952
34 50 0.048 49.952
26 50 0.048 49.952
38 50 0.048 49.952
19 49.952 0.048 49.904
6 50 0.048 49.952
13 49.952 0.048 49.904
16 49.952 0.048 49.904
25 49.9336 0.048 49.8856
7 49.9708 0.048 49.9228
21 49.9323 0.048 49.8843
27 49.952 0.048 49.904
2 49.952 0.048 49.904
4 50 0.048 49.952
20 50 0.048 49.952
23 49.952 0.048 49.904
24 50 0.048 49.952
28 50 0.048 49.952
35 50 0.048 49.952
30 50 0.048 49.952
29 50 0.048 49.952
40 50 0.048 49.952
14 50 0.048 49.952
1 50 0.048 49.952
12 50 0.048 49.952
8 50 0.048 49.952
39 50 0.048 49.952
4 49.952 0.048 49.904
2 50 0.048 49.952
27 50 0.048 49.952
37 50 0.048 49.952
23 50 0.048 49.952
20 49.952 0.048 49.904
33 50 0.048 49.952
16 50 0.048 49.952
10 50 0.048 49.952
11 50 0.048 49.952
13 50 0.048 49.952
19 50 0.048 49.952
17 50 0.048 49.952
10 49.952 0.048 49.904
15 50 0.048 49.952
34 50 0.048 49.952
26 50 0.048 49.952
38 50 0.048 49.952
19 49.952 0.048 49.904
6 50 0.048 49.952
11 50 0.048 49.952
13 49.952 0.048 49.904
16 49.952 0.048 49.904
25 50 0.048 49.952
7 50 0.048 49.952
21 50 0.048 49.952
27 49.952 0.048 49.904
2 49.952 0.048 49.904
4 50 0.048 49.952
20 50 0.048 49.952
23 49.952 0.048 49.904
20 49.952 0.16 49.792
23 49.904 0.16 49.744
24 50 0.048 49.952
28 50 0.048 49.952
35 50 0.048 49.952
30 50 0.048 49.952
29 50 0.048 49.952
40 50 0.048 49.952
14 50 0.048 49.952
1 50 0.048 49.952
12 50 0.048 49.952
8 50 0.048 49.952
39 50 0.048 49.952
4 49.952 0.048 49.904
2 50 0.048 49.952
27 50 0.048 49.952
37 50 0.048 49.952
23 50 0.048 49.952
20 49.792 0.048 49.744
23 49.952 0.16 49.792
20 49.744 0.16 49.584
33 50 0.048 49.952
16 50 0.048 49.952
11 49.952 0.048 49.904
13 50 0.048 49.952
19 50 0.048 49.952
17 50 0.048 49.952
10 50 0.048 49.952
15 50 0.048 49.952
34 50 0.048 49.952
26 50 0.048 49.952
38 50 0.048 49.952
19 49.952 0.048 49.904
6 50 0.048 49.952
13 49.952 0.048 49.904
16 49.952 0.048 49.904
25 50 0.048 49.952
7 50 0.048 49.952
21 50 0.048 49.952
27 49.952 0.048 49.904
2 49.952 0.048 49.904
4 50 0.048 49.952
24 50 0.048 49.952
28 50 0.048 49.952
35 50 0.048 49.952
30 50 0.048 49.952
29 50 0.048 49.952
40 50 0.048 49.952
14 50 0.048 49.952
1 50 0.048 49.952
12 50 0.048 49.952
8 50 0.048 49.952
39 50 0.048 49.952
4 49.952 0.048 49.904
2 50 0.048 49.952
27 50 0.048 49.952
37 50 0.048 49.952
33 50 0.048 49.952
16 50 0.048 49.952
11 50 0.048 49.952
13 50 0.048 49.952
19 50 0.048 49.952
17 50 0.048 49.952
10 50 0.048 49.952
15 50 0.048 49.952
34 50 0.048 49.952
26 50 0.048 49.952
38 50 0.048 49.952
19 49.952 0.048 49.904
6 50 0.048 49.952
13 49.952 0.048 49.904
16 49.952 0.048 49.904
25 50 0.048 49.952
7 50 0.048 49.952
21 50 0.048 49.952
27 49.952 0.048 49.904
2 49.952 0.048 49.904
4 50 0.048 49.952
24 50 0.048 49.952
28 50 0.048 49.952
35 50 0.048 49.952
30 50 0.048 49.952
29 50 0.048 49.952
40 50 0.048 49.952
14 50 0.048 49.952
1 50 0.048 49.952
12 50 0.048 49.952
8 50 0.048 49.952
39 50 0.048 49.952
4 49.952 0.048 49.904
2 50 0.048 49.952
27 50 0.048 49.952
37 50 0.048 49.952
33 50 0.048 49.952
16 50 0.048 49.952
11 50 0.048 49.952
13 50 0.048 49.952
19 50 0.048 49.952
17 50 0.048 49.952
10 50 0.048 49.952
15 50 0.048 49.952
34 50 0.048 49.952
26 50 0.048 49.952
38 50 0.048 49.952
19 49.952 0.048 49.904
6 50 0.048 49.952
13 49.952 0.048 49.904
16 49.952 0.048 49.904
25 50 0.048 49.952
7 50 0.048 49.952
21 50 0.048 49.952
27 49.952 0.048 49.904
2 49.952 0.048 49.904
4 50 0.048 49.952
24 50 0.048 49.952
28 50 0.048 49.952
35 50 0.048 49.952
30 50 0.048 49.952
29 50 0.048 49.952
40 50 0.048 49.952
14 50 0.048 49.952
1 50 0.048 49.952
12 50 0.048 49.952
8 50 0.048 49.952
39 50 0.048 49.952
4 49.952 0.048 49.904
2 50 0.048 49.952
27 50 0.048 49.952
37 50 0.048 49.952
37 49.952 0.16 49.792
33 50 0.048 49.952
17 50 0.048 49.952
16 50 0.048 49.952
11 50 0.048 49.952
13 50 0.048 49.952
19 50 0.048 49.952
17 49.952 0.048 49.904
10 50 0.048 49.952
15 50 0.048 49.952
33 49.952 0.048 49.904
34 50 0.048 49.952
26 50 0.048 49.952
38 50 0.048 49.952
19 49.952 0.048 49.904
6 50 0.048 49.952
13 49.952 0.048 49.904
16 49.952 0.048 49.904
25 50 0.048 49.952
7 50 0.048 49.952
21 50 0.048 49.952
27 49.952 0.048 49.904
2 49.952 0.048 49.904
4 50 0.048 49.952
24 50 0.048 49.952
28 50 0.048 49.952
35 50 0.048 49.952
30 50 0.048 49.952
29 50 0.048 49.952
40 50 0.048 49.952
14 50 0.048 49.952
1 50 0.048 49.952
12 50 0.048 49.952
8 50 0.048 49.952
39 50 0.048 49.952
4 49.952 0.048 49.904
2 50 0.048 49.952
27 50 0.048 49.952
33 50 0.048 49.952
16 50 0.048 49.952
11 50 0.048 49.952
13 50 0.048 49.952
19 50 0.048 49.952
17 50 0.048 49.952
10 50 0.048 49.952
15 50 0.048 49.952
33 49.952 0.048 49.904
34 50 0.048 49.952
26 50 0.048 49.952
38 50 0.048 49.952
19 49.952 0.048 49.904
6 50 0.048 49.952
13 49.952 0.048 49.904
16 49.952 0.048 49.904
25 50 0.048 49.952
7 50 0.048 49.952
21 50 0.048 49.952
27 49.952 0.048 49.904
2 49.952 0.048 49.904
4 50 0.048 49.952
24 50 0.048 49.952
28 50 0.048 49.952
35 50 0.048 49.952
30 50 0.048 49.952
29 50 0.048 49.952
40 50 0.048 49.952
14 50 0.048 49.952
1 50 0.048 49.952
12 50 0.048 49.952
8 50 0.048 49.952
39 50 0.048 49.952
4 49.952 0.048 49.904
2 50 0.048 49.952
27 50 0.048 49.952
33 50 0.048 49.952
16 50 0.048 49.952
11 50 0.048 49.952
13 50 0.048 49.952
19 50 0.048 49.952
17 50 0.048 49.952
10 50 0.048 49.952
15 50 0.048 49.952
34 50 0.048 49.952
26 50 0.048 49.952
38 50 0.048 49.952
26 49.952 0.16 49.792
38 49.952 0.16 49.792
19 49.952 0.048 49.904
6 50 0.048 49.952
13 49.952 0.048 49.904
16 49.952 0.048 49.904
25 50 0.048 49.952
7 50 0.048 49.952
21 50 0.048 49.952
27 49.952 0.048 49.904
2 49.952 0.048 49.904
4 50 0.048 49.952
24 50 0.048 49.952
28 50 0.048 49.952
35 50 0.048 49.952
30 50 0.048 49.952
29 50 0.048 49.952
40 50 0.048 49.952
14 50 0.048 49.952
1 50 0.048 49.952
12 50 0.048 49.952
8 50 0.048 49.952
39 50 0.048 49.952
4 49.952 0.048 49.904
2 50 0.048 49.952
27 50 0.048 49.952
33 50 0.048 49.952
16 50 0.048 49.952
10 50 0.048 49.952
11 50 0.048 49.952
13 50 0.048 49.952
19 50 0.048 49.952
17 50 0.048 49.952
10 49.952 0.048 49.904
15 50 0.048 49.952
34 50 0.048 49.952
19 49.952 0.048 49.904
6 50 0.048 49.952
13 49.952 0.048 49.904
16 49.952 0.048 49.904
25 50 0.048 49.952
7 50 0.048 49.952
21 50 0.048 49.952
27 49.952 0.048 49.904
2 49.952 0.048 49.904
4 50 0.048 49.952
24 50 0.048 49.952
28 50 0.048 49.952
35 50 0.048 49.952
30 50 0.048 49.952
29 50 0.048 49.952
40 50 0.048 49.952
14 50 0.048 49.952
1 50 0.048 49.952
12 50 0.048 49.952
8 50 0.048 49.952
39 50 0.048 49.952
4 49.952 0.048 49.904
2 50 0.048 49.952
27 50 0.048 49.952
33 50 0.048 49.952
16 50 0.048 49.952
10 50 0.048 49.952
11 50 0.048 49.952
13 50 0.048 49.952
19 50 0.048 49.952
17 50 0.048 49.952
10 49.952 0.048 49.904
15 50 0.048 49.952
34 50 0.048 49.952
18 50 0.048 49.952
19 49.952 0.048 49.904
6 50 0.048 49.952
13 49.952 0.048 49.904
16 49.952 0.048 49.904
25 50 0.048 49.952
7 50 0.048 49.952
21 50 0.048 49.952
27 49.952 0.048 49.904
2 49.952 0.048 49.904
4 50 0.048 49.952
24 50 0.048 49.952
28 50 0.048 49.952
35 50 0.048 49.952
30 50 0.048 49.952
29 50 0.048 49.952
40 50 0.048 49.952
14 50 0.048 49.952
1 50 0.048 49.952
12 50 0.048 49.952
8 50 0.048 49.952
39 50 0.048 49.952
4 49.952 0.048 49.904
2 50 0.048 49.952
27 50 0.048 49.952
33 50 0.048 49.952
16 50 0.048 49.952
10 50 0.048 49.952
11 50 0.048 49.952
13 50 0.048 49.952
19 50 0.048 49.952
17 50 0.048 49.952
10 49.952 0.048 49.904
15 50 0.048 49.952
34 50 0.048 49.952
18 50 0.048 49.952
22 50 0.048 49.952
19 49.952 0.048 49.904
6 50 0.048 49.952
13 49.952 0.048 49.904
16 49.952 0.048 49.904
25 50 0.048 49.952
7 50 0.048 49.952
21 50 0.048 49.952
27 49.952 0.048 49.904
2 49.952 0.048 49.904
4 50 0.048 49.952
24 50 0.048 49.952
28 50 0.048 49.952
35 50 0.048 49.952
30 50 0.048 49.952
29 50 0.048 49.952
40 50 0.048 49.952
14 50 0.048 49.952
1 50 0.048 49.952
12 50 0.048 49.952
8 50 0.048 49.952
39 50 0.048 49.952
4 49.952 0.048 49.904
2 50 0.048 49.952
27 50 0.048 49.952
33 50 0.048 49.952
16 50 0.048 49.952
10 50 0.048 49.952
11 50 0.048 49.952
13 50 0.048 49.952
19 50 0.048 49.952
17 50 0.048 49.952
10 49.952 0.048 49.904
15 50 0.048 49.952
34 50 0.048 49.952
18 50 0.048 49.952
22 50 0.048 49.952
19 49.952 0.048 49.904
6 50 0.048 49.952
13 49.952 0.048 49.904
16 49.952 0.048 49.904
25 50 0.048 49.952
7 50 0.048 49.952
21 50 0.048 49.952
27 49.952 0.048 49.904
2 49.952 0.048 49.904
4 50 0.048 49.952
27 49.904 0.16 49.744
2 49.904 0.16 49.744
4 49.952 0.16 49.792
24 50 0.048 49.952
28 50 0.048 49.952
35 50 0.048 49.952
30 50 0.048 49.952
29 50 0.048 49.952
40 50 0.048 49.952
14 50 0.048 49.952
1 50 0.048 49.952
12 50 0.048 49.952
8 50 0.048 49.952
39 50 0.048 49.952
4 49.792 0.048 49.744
2 50 0.048 49.952
27 50 0.048 49.952
4 49.744 0.16 49.584
2 49.952 0.16 49.792
27 49.952 0.16 49.792
33 50 0.048 49.952
9 50 0.048 49.952
31 50 0.048 49.952
9 49.952 0.16 49.792
31 49.952 0.16 49.792
31 49.792 0.048 49.744
9 49.792 0.048 49.744
16 50 0.048 49.952
10 50 0.048 49.952
11 50 0.048 49.952
13 50 0.048 49.952
19 50 0.048 49.952
17 50 0.048 49.952
10 49.952 0.048 49.904
15 50 0.048 49.952
34 50 0.048 49.952
18 50 0.048 49.952
22 50 0.048 49.952
19 49.952 0.048 49.904
6 50 0.048 49.952
13 49.952 0.048 49.904
16 49.952 0.048 49.904
25 50 0.048 49.952
7 50 0.048 49.952
21 50 0.048 49.952
24 50 0.048 49.952
28 50 0.048 49.952
35 50 0.048 49.952
30 50 0.048 49.952
29 50 0.048 49.952
14 50 0.048 49.952
1 50 0.048 49.952
12 50 0.048 49.952
8 50 0.048 49.952
39 50 0.048 49.952
33 50 0.048 49.952
31 49.9971 0.048 49.9491
9 49.9993 0.048 49.9513
16 50 0.048 49.952
10 50 0.048 49.952
11 50 0.048 49.952
13 50 0.048 49.952
19 50 0.048 49.952
17 50 0.048 49.952
10 49.952 0.048 49.904
15 50 0.048 49.952
34 50 0.048 49.952
18 50 0.048 49.952
22 50 0.048 49.952
19 49.952 0.048 49.904
6 50 0.048 49.952
13 49.952 0.048 49.904
16 49.952 0.048 49.904
25 50 0.048 49.952
7 50 0.048 49.952
21 50 0.048 49.952
24 50 0.048 49.952
28 50 0.048 49.952
35 50 0.048 49.952
35 49.952 0.16 49.792
30 50 0.048 49.952
29 50 0.048 49.952
14 50 0.048 49.952
1 50 0.048 49.952
38 50 0.048 49.952
26 50 0.048 49.952
38 49.952 0.16 49.792
26 49.952 0.16 49.792
26 49.792 0.048 49.744
38 49.792 0.048 49.744
12 50 0.048 49.952
8 50 0.048 49.952
39 50 0.048 49.952
33 50 0.048 49.952
31 50 0.048 49.952
9 50 0.048 49.952
16 50 0.048 49.952
10 50 0.048 49.952
11 50 0.048 49.952
13 50 0.048 49.952
19 50 0.048 49.952
17 50 0.048 49.952
10 49.952 0.048 49.904
15 50 0.048 49.952
34 50 0.048 49.952
18 50 0.048 49.952
22 50 0.048 49.952
19 49.952 0.048 49.904
6 50 0.048 49.952
13 49.952 0.048 49.904
16 49.952 0.048 49.904
25 50 0.048 49.952
7 50 0.048 49.952
21 50 0.048 49.952
24 50 0.048 49.952
28 50 0.048 49.952
30 50 0.048 49.952
29 50 0.048 49.952
14 50 0.048 49.952
1 50 0.048 49.952
26 49.9879 0.048 49.9399
38 49.9229 0.048 49.8749
12 50 0.048 49.952
8 50 0.048 49.952
39 50 0.048 49.952
33 50 0.048 49.952
31 50 0.048 49.952
9 50 0.048 49.952
16 50 0.048 49.952
10 50 0.048 49.952
11 50 0.048 49.952
13 50 0.048 49.952
19 50 0.048 49.952
17 50 0.048 49.952
10 49.952 0.048 49.904
15 50 0.048 49.952
34 50 0.048 49.952
34 49.952 0.16 49.792
18 50 0.048 49.952
22 50 0.048 49.952
19 49.952 0.048 49.904
6 50 0.048 49.952
13 49.952 0.048 49.904
16 49.952 0.048 49.904
25 50 0.048 49.952
7 50 0.048 49.952
21 50 0.048 49.952
24 50 0.048 49.952
28 50 0.048 49.952
1 50 0.048 49.952
14 49.952 0.048 49.904
30 50 0.048 49.952
29 50 0.048 49.952
14 50 0.048 49.952
1 49.952 0.048 49.904
26 50 0.048 49.952
38 50 0.048 49.952
12 50 0.048 49.952
8 50 0.048 49.952
39 50 0.048 49.952
33 50 0.048 49.952
31 50 0.048 49.952
9 50 0.048 49.952
16 50 0.048 49.952
10 50 0.048 49.952
11 50 0.048 49.952
13 50 0.048 49.952
19 50 0.048 49.952
17 50 0.048 49.952
10 49.952 0.048 49.904
15 50 0.048 49.952
18 50 0.048 49.952
22 50 0.048 49.952
19 49.952 0.048 49.904
6 50 0.048 49.952
13 49.952 0.048 49.904
16 49.952 0.048 49.904
25 50 0.048 49.952
7 50 0.048 49.952
21 50 0.048 49.952
24 50 0.048 49.952
28 50 0.048 49.952
1 50 0.048 49.952
14 49.952 0.048 49.904
30 50 0.048 49.952
29 50 0.048 49.952
14 50 0.048 49.952
1 49.952 0.048 49.904
26 50 0.048 49.952
38 50 0.048 49.952
12 50 0.048 49.952
8 50 0.048 49.952
39 50 0.048 49.952
36 50 0.048 49.952
20 50 0.048 49.952
36 49.952 0.16 49.792
20 49.952 0.16 49.792
20 49.792 0.048 49.744
23 50 0.048 49.952
36 49.792 0.048 49.744
20 49.744 0.16 49.584
23 49.952 0.16 49.792
23 49.792 0.048 49.744
20 49.584 0.048 49.536
36 49.744 0.16 49.584
33 50 0.048 49.952
31 50 0.048 49.952
9 50 0.048 49.952
16 50 0.048 49.952
10 50 0.048 49.952
11 50 0.048 49.952
13 50 0.048 49.952
19 50 0.048 49.952
17 50 0.048 49.952
10 49.952 0.048 49.904
15 50 0.048 49.952
18 50 0.048 49.952
22 50 0.048 49.952
19 49.952 0.048 49.904
6 50 0.048 49.952
13 49.952 0.048 49.904
16 49.952 0.048 49.904
25 50 0.048 49.952
7 50 0.048 49.952
21 50 0.048 49.952
24 50 0.048 49.952
28 50 0.048 49.952
1 50 0.048 49.952
14 49.952 0.048 49.904
30 50 0.048 49.952
29 50 0.048 49.952
40 50 0.048 49.952
14 50 0.048 49.952
1 49.952 0.048 49.904
26 50 0.048 49.952
38 50 0.048 49.952
12 50 0.048 49.952
8 50 0.048 49.952
39 50 0.048 49.952
39 49.952 0.16 49.792
23 49.8543 0.048 49.8063
20 49.9094 0.048 49.8614
33 50 0.048 49.952
31 50 0.048 49.952
9 50 0.048 49.952
16 50 0.048 49.952
10 50 0.048 49.952
11 50 0.048 49.952
13 50 0.048 49.952
19 50 0.048 49.952
17 50 0.048 49.952
10 49.952 0.048 49.904
15 50 0.048 49.952
18 50 0.048 49.952
22 50 0.048 49.952
19 49.952 0.048 49.904
6 50 0.048 49.952
13 49.952 0.048 49.904
16 49.952 0.048 49.904
25 50 0.048 49.952
7 50 0.048 49.952
21 50 0.048 49.952
24 50 0.048 49.952
28 50 0.048 49.952
1 50 0.048 49.952
14 49.952 0.048 49.904
30 50 0.048 49.952
40 50 0.048 49.952
14 50 0.048 49.952
1 49.952 0.048 49.904
26 50 0.048 49.952
38 50 0.048 49.952
12 50 0.048 49.952
8 50 0.048 49.952
23 49.9394 0.048 49.8914
20 50 0.048 49.952
33 50 0.048 49.952
31 50 0.048 49.952
9 50 0.048 49.952
16 50 0.048 49.952
10 50 0.048 49.952
11 50 0.048 49.952
13 50 0.048 49.952
19 50 0.048 49.952
17 50 0.048 49.952
10 49.952 0.048 49.904
15 50 0.048 49.952
18 50 0.048 49.952
22 50 0.048 49.952
19 49.952 0.048 49.904
6 50 0.048 49.952
13 49.952 0.048 49.904
16 49.952 0.048 49.904
25 50 0.048 49.952
7 50 0.048 49.952
21 50 0.048 49.952
24 50 0.048 49.952
28 50 0.048 49.952
1 50 0.048 49.952
14 49.952 0.048 49.904
1 49.952 0.16 49.792
14 49.904 0.16 49.744
30 50 0.048 49.952
29 50 0.048 49.952
40 50 0.048 49.952
14 50 0.048 49.952
1 49.792 0.048 49.744
14 49.952 0.16 49.792
1 49.744 0.16 49.584
26 50 0.048 49.952
38 50 0.048 49.952
12 50 0.048 49.952
8 50 0.048 49.952
23 50 0.048 49.952
20 50 0.048 49.952
33 50 0.048 49.952
31 50 0.048 49.952
9 50 0.048 49.952
16 50 0.048 49.952
10 50 0.048 49.952
11 50 0.048 49.952
13 50 0.048 49.952
19 50 0.048 49.952
17 50 0.048 49.952
10 49.952 0.048 49.904
15 50 0.048 49.952
18 50 0.048 49.952
22 50 0.048 49.952
19 49.952 0.048 49.904
6 50 0.048 49.952
13 49.952 0.048 49.904
16 49.952 0.048 49.904
25 50 0.048 49.952
7 50 0.048 49.952
21 50 0.048 49.952
24 50 0.048 49.952
28 50 0.048 49.952
30 50 0.048 49.952
29 50 0.048 49.952
40 50 0.048 49.952
26 50 0.048 49.952
38 50 0.048 49.952
12 50 0.048 49.952
8 50 0.048 49.952
23 50 0.048 49.952
20 50 0.048 49.952
33 50 0.048 49.952
31 50 0.048 49.952
9 50 0.048 49.952
16 50 0.048 49.952
10 50 0.048 49.952
11 50 0.048 49.952
13 50 0.048 49.952
19 50 0.048 49.952
17 50 0.048 49.952
10 49.952 0.048 49.904
15 50 0.048 49.952
18 50 0.048 49.952
22 50 0.048 49.952
19 49.952 0.048 49.904
6 50 0.048 49.952
13 49.952 0.048 49.904
16 49.952 0.048 49.904
25 50 0.048 49.952
7 50 0.048 49.952
21 50 0.048 49.952
24 50 0.048 49.952
28 50 0.048 49.952
30 50 0.048 49.952
29 50 0.048 49.952
26 50 0.048 49.952
38 50 0.048 49.952
12 50 0.048 49.952
8 50 0.048 49.952
23 50 0.048 49.952
20 50 0.048 49.952
33 50 0.048 49.952
33 49.952 0.16 49.792
31 50 0.048 49.952
9 50 0.048 49.952
16 50 0.048 49.952
10 50 0.048 49.952
11 50 0.048 49.952
13 50 0.048 49.952
19 50 0.048 49.952
17 50 0.048 49.952
10 49.952 0.048 49.904
15 50 0.048 49.952
18 50 0.048 49.952
22 50 0.048 49.952
19 49.952 0.048 49.904
6 50 0.048 49.952
13 49.952 0.048 49.904
16 49.952 0.048 49.904
25 50 0.048 49.952
7 50 0.048 49.952
21 50 0.048 49.952
24 50 0.048 49.952
28 50 0.048 49.952
20 50 0.048 49.952
23 49.952 0.048 49.904
30 50 0.048 49.952
29 50 0.048 49.952
26 50 0.048 49.952
38 50 0.048 49.952
12 50 0.048 49.952
8 50 0.048 49.952
23 50 0.048 49.952
20 49.952 0.048 49.904
31 50 0.048 49.952
9 50 0.048 49.952
16 50 0.048 49.952
10 50 0.048 49.952
11 50 0.048 49.952
13 50 0.048 49.952
19 50 0.048 49.952
17 50 0.048 49.952
10 49.952 0.048 49.904
15 50 0.048 49.952
17 49.952 0.16 49.792
10 49.904 0.16 49.744
15 49.952 0.16 49.792
18 50 0.048 49.952
22 50 0.048 49.952
19 49.952 0.048 49.904
6 50 0.048 49.952
13 49.952 0.048 49.904
16 49.952 0.048 49.904
25 50 0.048 49.952
7 50 0.048 49.952
21 50 0.048 49.952
24 50 0.048 49.952
28 50 0.048 49.952
20 50 0.048 49.952
23 49.952 0.048 49.904
30 50 0.048 49.952
29 50 0.048 49.952
26 50 0.048 49.952
38 50 0.048 49.952
12 50 0.048 49.952
8 50 0.048 49.952
28 49.952 0.048 49.904
24 49.952 0.048 49.904
23 50 0.048 49.952
20 49.952 0.048 49.904
31 50 0.048 49.952
9 50 0.048 49.952
16 50 0.048 49.952
10 50 0.048 49.952
11 50 0.048 49.952
13 50 0.048 49.952
19 50 0.048 49.952
18 50 0.048 49.952
22 50 0.048 49.952
19 49.952 0.048 49.904
6 50 0.048 49.952
13 49.952 0.048 49.904
16 49.952 0.048 49.904
25 50 0.048 49.952
7 50 0.048 49.952
21 50 0.048 49.952
24 50 0.048 49.952
28 50 0.048 49.952
20 50 0.048 49.952
23 49.952 0.048 49.904
30 50 0.048 49.952
26 50 0.048 49.952
38 50 0.048 49.952
12 50 0.048 49.952
8 50 0.048 49.952
28 49.952 0.048 49.904
24 49.952 0.048 49.904
3 50 0.048 49.952
23 50 0.048 49.952
20 49.952 0.048 49.904
31 50 0.048 49.952
9 50 0.048 49.952
16 50 0.048 49.952
10 50 0.048 49.952
11 50 0.048 49.952
13 50 0.048 49.952
19 50 0.048 49.952
16 49.952 0.16 49.792
10 49.952 0.16 49.792
11 49.952 0.16 49.792
13 49.952 0.16 49.792
19 49.952 0.16 49.792
18 50 0.048 49.952
22 50 0.048 49.952
19 49.792 0.048 49.744
6 50 0.048 49.952
13 49.792 0.048 49.744
16 49.792 0.048 49.744
25 50 0.048 49.952
7 50 0.048 49.952
21 50 0.048 49.952
24 50 0.048 49.952
28 50 0.048 49.952
8 50 0.048 49.952
12 50 0.048 49.952
20 50 0.048 49.952
23 49.952 0.048 49.904
30 50 0.048 49.952
26 50 0.048 49.952
38 50 0.048 49.952
12 49.952 0.048 49.904
8 49.952 0.048 49.904
28 49.952 0.048 49.904
24 49.952 0.048 49.904
3 50 0.048 49.952
23 50 0.048 49.952
20 49.952 0.048 49.904
31 50 0.048 49.952
9 50 0.048 49.952
18 50 0.048 49.952
22 50 0.048 49.952
19 49.9791 0.048 49.9311
6 50 0.048 49.952
13 50 0.048 49.952
16 49.8832 0.048 49.8352
19 49.9311 0.16 49.7711
6 49.952 0.16 49.792
13 49.952 0.16 49.792
16 49.8352 0.16 49.6752
25 50 0.048 49.952
7 50 0.048 49.952
21 50 0.048 49.952
24 50 0.048 49.952
28 50 0.048 49.952
8 50 0.048 49.952
12 50 0.048 49.952
20 50 0.048 49.952
23 49.952 0.048 49.904
30 50 0.048 49.952
26 50 0.048 49.952
38 50 0.048 49.952
12 49.952 0.048 49.904
8 49.952 0.048 49.904
28 49.952 0.048 49.904
24 49.952 0.048 49.904
3 50 0.048 49.952
23 50 0.048 49.952
20 49.952 0.048 49.904
31 50 0.048 49.952
9 50 0.048 49.952
18 50 0.048 49.952
22 50 0.048 49.952
25 50 0.048 49.952
7 50 0.048 49.952
21 50 0.048 49.952
24 50 0.048 49.952
28 50 0.048 49.952
8 50 0.048 49.952
12 50 0.048 49.952
20 50 0.048 49.952
23 49.952 0.048 49.904
30 50 0.048 49.952
21 49.952 0.048 49.904
7 49.952 0.048 49.904
25 50 0.048 49.952
26 50 0.048 49.952
38 50 0.048 49.952
12 49.952 0.048 49.904
8 49.952 0.048 49.904
28 49.952 0.048 49.904
24 49.952 0.048 49.904
28 49.904 0.16 49.744
24 49.904 0.16 49.744
3 50 0.048 49.952
23 50 0.048 49.952
20 49.952 0.048 49.904
31 50 0.048 49.952
9 50 0.048 49.952
18 50 0.048 49.952
22 50 0.048 49.952
25 49.952 0.048 49.904
7 50 0.048 49.952
21 50 0.048 49.952
24 49.8813 0.048 49.8333
28 49.9546 0.048 49.9066
24 49.8333 0.16 49.6733
28 49.9066 0.16 49.7466
8 50 0.048 49.952
12 50 0.048 49.952
20 50 0.048 49.952
23 49.952 0.048 49.904
36 50 0.048 49.952
20 49.952 0.16 49.792
23 49.904 0.16 49.744
36 49.952 0.16 49.792
36 49.792 0.048 49.744
20 49.792 0.048 49.744
30 50 0.048 49.952
21 49.952 0.048 49.904
7 49.952 0.048 49.904
25 50 0.048 49.952
26 50 0.048 49.952
38 50 0.048 49.952
12 49.952 0.048 49.904
8 49.952 0.048 49.904
3 50 0.048 49.952
23 49.8575 0.048 49.8095
20 49.744 0.048 49.696
31 50 0.048 49.952
9 50 0.048 49.952
18 50 0.048 49.952
22 50 0.048 49.952
25 49.952 0.048 49.904
7 50 0.048 49.952
21 50 0.048 49.952
8 50 0.048 49.952
12 50 0.048 49.952
36 49.9756 0.048 49.9276
30 50 0.048 49.952
21 49.952 0.048 49.904
7 49.952 0.048 49.904
25 50 0.048 49.952
26 50 0.048 49.952
38 50 0.048 49.952
12 49.952 0.048 49.904
8 49.952 0.048 49.904
3 50 0.048 49.952
23 50 0.048 49.952
20 49.9274 0.048 49.8794
31 50 0.048 49.952
9 50 0.048 49.952
18 50 0.048 49.952
22 50 0.048 49.952
25 49.952 0.048 49.904
7 50 0.048 49.952
21 50 0.048 49.952
8 50 0.048 49.952
12 50 0.048 49.952
36 50 0.048 49.952
30 50 0.048 49.952
10 50 0.048 49.952
11 50 0.048 49.952
15 50 0.048 49.952
16 50 0.048 49.952
17 50 0.048 49.952
10 49.952 0.16 49.792
11 49.952 0.16 49.792
15 49.952 0.16 49.792
16 49.952 0.16 49.792
16 49.792 0.048 49.744
10 49.792 0.048 49.744
11 49.792 0.048 49.744
13 50 0.048 49.952
19 50 0.048 49.952
16 49.744 0.16 49.584
17 49.952 0.16 49.792
17 49.792 0.048 49.744
10 49.744 0.048 49.696
15 49.792 0.048 49.744
10 49.696 0.16 49.536
11 49.744 0.16 49.584
13 49.952 0.16 49.792
19 49.952 0.16 49.792
19 49.792 0.048 49.744
6 50 0.048 49.952
13 49.792 0.048 49.744
16 49.584 0.048 49.536
21 49.952 0.048 49.904
7 49.952 0.048 49.904
25 50 0.048 49.952
26 50 0.048 49.952
38 50 0.048 49.952
12 49.952 0.048 49.904
8 49.952 0.048 49.904
3 50 0.048 49.952
23 50 0.048 49.952
20 50 0.048 49.952
31 50 0.048 49.952
9 50 0.048 49.952
18 50 0.048 49.952
22 50 0.048 49.952
25 49.952 0.048 49.904
7 50 0.048 49.952
21 50 0.048 49.952
8 50 0.048 49.952
12 50 0.048 49.952
36 50 0.048 49.952
30 50 0.048 49.952
17 50 0.048 49.952
10 49.7815 0.048 49.7335
15 49.8947 0.048 49.8467
19 50 0.048 49.952
6 50 0.048 49.952
13 50 0.048 49.952
16 49.7921 0.048 49.7441
21 49.952 0.048 49.904
7 49.952 0.048 49.904
25 50 0.048 49.952
26 50 0.048 49.952
38 50 0.048 49.952
12 49.952 0.048 49.904
8 49.952 0.048 49.904
3 50 0.048 49.952
23 50 0.048 49.952
20 50 0.048 49.952
31 50 0.048 49.952
9 50 0.048 49.952
18 50 0.048 49.952
22 50 0.048 49.952
25 49.952 0.048 49.904
7 50 0.048 49.952
21 50 0.048 49.952
8 50 0.048 49.952
12 50 0.048 49.952
36 50 0.048 49.952
20 50 0.048 49.952
30 50 0.048 49.952
17 50 0.048 49.952
10 49.8769 0.048 49.8289
15 50 0.048 49.952
33 50 0.048 49.952
17 49.952 0.16 49.792
19 50 0.048 49.952
6 50 0.048 49.952
13 50 0.048 49.952
16 49.9509 0.048 49.9029
10 49.8289 0.16 49.6689
15 49.952 0.16 49.792
33 49.952 0.16 49.792
33 49.792 0.048 49.744
17 49.792 0.048 49.744
21 49.952 0.048 49.904
7 49.952 0.048 49.904
25 50 0.048 49.952
26 50 0.048 49.952
38 50 0.048 49.952
12 49.952 0.048 49.904
8 49.952 0.048 49.904
3 50 0.048 49.952
23 50 0.048 49.952
20 49.952 0.048 49.904
31 50 0.048 49.952
9 50 0.048 49.952
18 50 0.048 49.952
22 50 0.048 49.952
25 49.952 0.048 49.904
7 50 0.048 49.952
21 50 0.048 49.952
8 50 0.048 49.952
12 50 0.048 49.952
8 49.952 0.16 49.792
12 49.952 0.16 49.792
36 50 0.048 49.952
20 50 0.048 49.952
30 50 0.048 49.952
40 50 0.048 49.952
19 50 0.048 49.952
6 50 0.048 49.952
11 50 0.048 49.952
13 50 0.048 49.952
16 50 0.048 49.952
33 50 0.048 49.952
17 49.9901 0.048 49.9421
21 49.952 0.048 49.904
7 49.952 0.048 49.904
25 50 0.048 49.952
26 50 0.048 49.952
38 50 0.048 49.952
12 49.792 0.048 49.744
8 49.792 0.048 49.744
12 49.744 0.16 49.584
8 49.744 0.16 49.584
3 50 0.048 49.952
23 50 0.048 49.952
20 49.952 0.048 49.904
31 50 0.048 49.952
9 50 0.048 49.952
18 50 0.048 49.952
22 50 0.048 49.952
25 49.952 0.048 49.904
7 50 0.048 49.952
21 50 0.048 49.952
36 50 0.048 49.952
20 50 0.048 49.952
30 50 0.048 49.952
40 50 0.048 49.952
19 50 0.048 49.952
6 50 0.048 49.952
13 50 0.048 49.952
16 50 0.048 49.952
33 50 0.048 49.952
17 50 0.048 49.952
21 49.952 0.048 49.904
7 49.952 0.048 49.904
25 50 0.048 49.952
26 50 0.048 49.952
38 50 0.048 49.952
3 50 0.048 49.952
23 50 0.048 49.952
20 49.952 0.048 49.904
31 50 0.048 49.952
9 50 0.048 49.952
18 50 0.048 49.952
22 50 0.048 49.952
22 49.952 0.16 49.792
25 49.952 0.048 49.904
7 50 0.048 49.952
21 50 0.048 49.952
36 50 0.048 49.952
20 50 0.048 49.952
30 50 0.048 49.952
40 50 0.048 49.952
19 50 0.048 49.952
6 50 0.048 49.952
11 50 0.048 49.952
13 50 0.048 49.952
16 50 0.048 49.952
33 50 0.048 49.952
17 50 0.048 49.952
21 49.952 0.048 49.904
7 49.952 0.048 49.904
25 50 0.048 49.952
26 50 0.048 49.952
38 50 0.048 49.952
3 50 0.048 49.952
23 50 0.048 49.952
20 49.952 0.048 49.904
31 50 0.048 49.952
9 50 0.048 49.952
18 50 0.048 49.952
25 49.952 0.048 49.904
7 50 0.048 49.952
21 50 0.048 49.952
36 50 0.048 49.952
20 50 0.048 49.952
30 50 0.048 49.952
19 50 0.048 49.952
6 50 0.048 49.952
11 50 0.048 49.952
13 50 0.048 49.952
16 50 0.048 49.952
33 50 0.048 49.952
17 50 0.048 49.952
21 49.952 0.048 49.904
7 49.952 0.048 49.904
25 50 0.048 49.952
26 50 0.048 49.952
38 50 0.048 49.952
3 50 0.048 49.952
23 50 0.048 49.952
20 49.952 0.048 49.904
31 50 0.048 49.952
9 50 0.048 49.952
18 50 0.048 49.952
18 49.952 0.16 49.792
25 49.952 0.048 49.904
7 50 0.048 49.952
21 50 0.048 49.952
36 50 0.048 49.952
30 50 0.048 49.952
19 50 0.048 49.952
6 50 0.048 49.952
11 50 0.048 49.952
13 50 0.048 49.952
16 50 0.048 49.952
33 50 0.048 49.952
17 50 0.048 49.952
21 49.952 0.048 49.904
7 49.952 0.048 49.904
25 50 0.048 49.952
26 50 0.048 49.952
38 50 0.048 49.952
3 50 0.048 49.952
23 50 0.048 49.952
20 50 0.048 49.952
31 50 0.048 49.952
9 50 0.048 49.952
25 49.952 0.048 49.904
7 50 0.048 49.952
21 50 0.048 49.952
36 50 0.048 49.952
30 50 0.048 49.952
19 50 0.048 49.952
6 50 0.048 49.952
13 50 0.048 49.952
16 50 0.048 49.952
33 50 0.048 49.952
17 50 0.048 49.952
21 49.952 0.048 49.904
7 49.952 0.048 49.904
25 50 0.048 49.952
26 50 0.048 49.952
38 50 0.048 49.952
3 50 0.048 49.952
3 49.952 0.16 49.792
23 50 0.048 49.952
20 50 0.048 49.952
31 50 0.048 49.952
9 50 0.048 49.952
25 49.952 0.048 49.904
7 50 0.048 49.952
21 50 0.048 49.952
36 50 0.048 49.952
30 50 0.048 49.952
19 50 0.048 49.952
6 50 0.048 49.952
13 50 0.048 49.952
16 50 0.048 49.952
33 50 0.048 49.952
17 50 0.048 49.952
21 49.952 0.048 49.904
7 49.952 0.048 49.904
25 50 0.048 49.952
26 50 0.048 49.952
38 50 0.048 49.952
23 50 0.048 49.952
20 50 0.048 49.952
31 50 0.048 49.952
9 50 0.048 49.952
25 49.952 0.048 49.904
7 50 0.048 49.952
21 50 0.048 49.952
25 49.904 0.16 49.744
7 49.952 0.16 49.792
21 49.952 0.16 49.792
36 50 0.048 49.952
30 50 0.048 49.952
19 50 0.048 49.952
6 50 0.048 49.952
13 50 0.048 49.952
16 50 0.048 49.952
33 50 0.048 49.952
17 50 0.048 49.952
21 49.792 0.048 49.744
7 49.792 0.048 49.744
25 50 0.048 49.952
21 49.744 0.16 49.584
7 49.744 0.16 49.584
25 49.952 0.16 49.792
25 49.792 0.048 49.744
7 49.584 0.048 49.536
21 49.584 0.048 49.536
25 49.744 0.16 49.584
7 49.536 0.16 49.376
21 49.536 0.16 49.376
26 50 0.048 49.952
38 50 0.048 49.952
23 50 0.048 49.952
20 50 0.048 49.952
31 50 0.048 49.952
9 50 0.048 49.952
36 50 0.048 49.952
30 50 0.048 49.952
19 50 0.048 49.952
6 50 0.048 49.952
13 50 0.048 49.952
16 50 0.048 49.952
33 50 0.048 49.952
17 50 0.048 49.952
26 50 0.048 49.952
38 50 0.048 49.952
23 50 0.048 49.952
20 50 0.048 49.952
31 50 0.048 49.952
9 50 0.048 49.952
36 50 0.048 49.952
30 50 0.048 49.952
19 50 0.048 49.952
6 50 0.048 49.952
13 50 0.048 49.952
16 50 0.048 49.952
33 50 0.048 49.952
17 50 0.048 49.952
26 50 0.048 49.952
38 50 0.048 49.952
23 50 0.048 49.952
20 50 0.048 49.952
31 50 0.048 49.952
9 50 0.048 49.952
36 50 0.048 49.952
30 50 0.048 49.952
19 50 0.048 49.952
6 50 0.048 49.952
13 50 0.048 49.952
16 50 0.048 49.952
33 50 0.048 49.952
17 50 0.048 49.952
26 50 0.048 49.952
38 50 0.048 49.952
23 50 0.048 49.952
20 50 0.048 49.952
31 50 0.048 49.952
9 50 0.048 49.952
36 50 0.048 49.952
30 50 0.048 49.952
30 49.952 0.16 49.792
19 50 0.048 49.952
6 50 0.048 49.952
13 50 0.048 49.952
16 50 0.048 49.952
33 50 0.048 49.952
17 50 0.048 49.952
26 50 0.048 49.952
38 50 0.048 49.952
23 50 0.048 49.952
20 50 0.048 49.952
31 50 0.048 49.952
9 50 0.048 49.952
36 50 0.048 49.952
19 50 0.048 49.952
6 50 0.048 49.952
13 50 0.048 49.952
16 50 0.048 49.952
33 50 0.048 49.952
17 50 0.048 49.952
26 50 0.048 49.952
38 50 0.048 49.952
23 50 0.048 49.952
20 50 0.048 49.952
31 50 0.048 49.952
9 50 0.048 49.952
36 50 0.048 49.952
19 50 0.048 49.952
6 50 0.048 49.952
13 50 0.048 49.952
16 50 0.048 49.952
33 50 0.048 49.952
17 50 0.048 49.952
26 50 0.048 49.952
38 50 0.048 49.952
23 50 0.048 49.952
20 50 0.048 49.952
31 50 0.048 49.952
9 50 0.048 49.952
36 50 0.048 49.952
19 50 0.048 49.952
6 50 0.048 49.952
13 50 0.048 49.952
16 50 0.048 49.952
33 50 0.048 49.952
17 50 0.048 49.952
26 50 0.048 49.952
38 50 0.048 49.952
23 50 0.048 49.952
20 50 0.048 49.952
31 50 0.048 49.952
9 50 0.048 49.952
36 50 0.048 49.952
19 50 0.048 49.952
6 50 0.048 49.952
13 50 0.048 49.952
16 50 0.048 49.952
33 50 0.048 49.952
17 50 0.048 49.952
26 50 0.048 49.952
38 50 0.048 49.952
23 50 0.048 49.952
20 50 0.048 49.952
31 50 0.048 49.952
9 50 0.048 49.952
31 49.952 0.16 49.792
9 49.952 0.16 49.792
36 50 0.048 49.952
19 50 0.048 49.952
6 50 0.048 49.952
13 50 0.048 49.952
16 50 0.048 49.952
33 50 0.048 49.952
17 50 0.048 49.952
26 50 0.048 49.952
38 50 0.048 49.952
23 50 0.048 49.952
20 50 0.048 49.952
36 50 0.048 49.952
19 50 0.048 49.952
6 50 0.048 49.952
13 50 0.048 49.952
16 50 0.048 49.952
33 50 0.048 49.952
17 50 0.048 49.952
26 50 0.048 49.952
38 50 0.048 49.952
23 50 0.048 49.952
20 50 0.048 49.952
36 50 0.048 49.952
19 50 0.048 49.952
6 50 0.048 49.952
13 50 0.048 49.952
16 50 0.048 49.952
33 50 0.048 49.952
17 50 0.048 49.952
26 50 0.048 49.952
38 50 0.048 49.952
23 50 0.048 49.952
20 50 0.048 49.952
36 50 0.048 49.952
36 49.952 0.16 49.792
19 50 0.048 49.952
6 50 0.048 49.952
13 50 0.048 49.952
16 50 0.048 49.952
33 50 0.048 49.952
17 50 0.048 49.952
26 50 0.048 49.952
38 50 0.048 49.952
23 50 0.048 49.952
20 50 0.048 49.952
19 50 0.048 49.952
6 50 0.048 49.952
11 50 0.048 49.952
13 50 0.048 49.952
16 50 0.048 49.952
33 50 0.048 49.952
17 50 0.048 49.952
26 50 0.048 49.952
38 50 0.048 49.952
23 50 0.048 49.952
20 50 0.048 49.952
19 50 0.048 49.952
6 50 0.048 49.952
13 50 0.048 49.952
16 50 0.048 49.952
33 50 0.048 49.952
17 50 0.048 49.952
26 50 0.048 49.952
38 50 0.048 49.952
23 50 0.048 49.952
20 50 0.048 49.952
23 49.952 0.16 49.792
20 49.952 0.16 49.792
19 50 0.048 49.952
6 50 0.048 49.952
13 50 0.048 49.952
16 50 0.048 49.952
33 50 0.048 49.952
17 50 0.048 49.952
26 50 0.048 49.952
38 50 0.048 49.952
19 50 0.048 49.952
6 50 0.048 49.952
13 50 0.048 49.952
16 50 0.048 49.952
33 50 0.048 49.952
26 50 0.048 49.952
38 50 0.048 49.952
19 50 0.048 49.952
6 50 0.048 49.952
11 50 0.048 49.952
13 50 0.048 49.952
16 50 0.048 49.952
33 50 0.048 49.952
26 50 0.048 49.952
38 50 0.048 49.952
19 50 0.048 49.952
6 50 0.048 49.952
11 50 0.048 49.952
13 50 0.048 49.952
16 50 0.048 49.952
33 50 0.048 49.952
26 50 0.048 49.952
38 50 0.048 49.952
19 50 0.048 49.952
6 50 0.048 49.952
11 50 0.048 49.952
13 50 0.048 49.952
16 50 0.048 49.952
33 50 0.048 49.952
17 50 0.048 49.952
26 50 0.048 49.952
38 50 0.048 49.952
19 50 0.048 49.952
6 50 0.048 49.952
11 50 0.048 49.952
13 50 0.048 49.952
16 50 0.048 49.952
33 50 0.048 49.952
17 50 0.048 49.952
26 50 0.048 49.952
38 50 0.048 49.952
26 49.952 0.16 49.792
38 49.952 0.16 49.792
19 50 0.048 49.952
6 50 0.048 49.952
11 50 0.048 49.952
13 50 0.048 49.952
16 50 0.048 49.952
33 50 0.048 49.952
17 50 0.048 49.952
19 50 0.048 49.952
6 50 0.048 49.952
11 50 0.048 49.952
13 50 0.048 49.952
16 50 0.048 49.952
33 50 0.048 49.952
17 50 0.048 49.952
19 50 0.048 49.952
6 50 0.048 49.952
11 50 0.048 49.952
13 50 0.048 49.952
16 50 0.048 49.952
33 50 0.048 49.952
17 50 0.048 49.952
19 50 0.048 49.952
6 50 0.048 49.952
11 50 0.048 49.952
13 50 0.048 49.952
16 50 0.048 49.952
33 50 0.048 49.952
17 50 0.048 49.952
19 50 0.048 49.952
6 50 0.048 49.952
11 50 0.048 49.952
13 50 0.048 49.952
16 50 0.048 49.952
33 50 0.048 49.952
19 50 0.048 49.952
6 50 0.048 49.952
11 50 0.048 49.952
13 50 0.048 49.952
16 50 0.048 49.952
33 50 0.048 49.952
19 50 0.048 49.952
6 50 0.048 49.952
13 50 0.048 49.952
16 50 0.048 49.952
33 50 0.048 49.952
19 50 0.048 49.952
6 50 0.048 49.952
11 50 0.048 49.952
13 50 0.048 49.952
16 50 0.048 49.952
33 50 0.048 49.952
17 50 0.048 49.952
19 50 0.048 49.952
6 50 0.048 49.952
11 50 0.048 49.952
13 50 0.048 49.952
16 50 0.048 49.952
33 50 0.048 49.952
17 50 0.048 49.952
19 50 0.048 49.952
6 50 0.048 49.952
13 50 0.048 49.952
16 50 0.048 49.952
33 50 0.048 49.952
17 50 0.048 49.952
19 50 0.048 49.952
6 50 0.048 49.952
11 50 0.048 49.952
13 50 0.048 49.952
16 50 0.048 49.952
33 50 0.048 49.952
17 50 0.048 49.952
19 50 0.048 49.952
6 50 0.048 49.952
13 50 0.048 49.952
16 50 0.048 49.952
33 50 0.048 49.952
17 50 0.048 49.952
19 50 0.048 49.952
6 50 0.048 49.952
11 50 0.048 49.952
13 50 0.048 49.952
16 50 0.048 49.952
33 50 0.048 49.952
17 50 0.048 49.952
19 50 0.048 49.952
6 50 0.048 49.952
11 50 0.048 49.952
13 50 0.048 49.952
16 50 0.048 49.952
33 50 0.048 49.952
17 50 0.048 49.952
33 49.952 0.16 49.792
17 49.952 0.16 49.792
19 50 0.048 49.952
6 50 0.048 49.952
11 50 0.048 49.952
13 50 0.048 49.952
16 50 0.048 49.952
19 50 0.048 49.952
6 50 0.048 49.952
11 50 0.048 49.952
13 50 0.048 49.952
16 50 0.048 49.952
19 50 0.048 49.952
6 50 0.048 49.952
11 50 0.048 49.952
13 50 0.048 49.952
16 50 0.048 49.952
19 50 0.048 49.952
6 50 0.048 49.952
11 50 0.048 49.952
13 50 0.048 49.952
16 50 0.048 49.952
19 49.952 0.16 49.792
6 49.952 0.16 49.792
11 49.952 0.16 49.792
13 49.952 0.16 49.792
16 49.952 0.16 49.792
