0 1589
0 1590
0 1591
0 1592
0 1593
0 1594
0 1595
0 1596
0 1600
0 1601
0 1602
0 1603
0 1605
0 1606
0 1607
0 1608
0 1609
0 1612
0 1613
0 1614
0 1617
0 1618
19 1616
0 1619
17 1621
0 1622
0 1623
0 1624
26 1616
0 1625
0 1628
0 1630
18 1631
0 1632
14 1641
27 1641
0 1642
0 1644
0 1646
10 1638
0 1652
0 1654
12 1635
0 1656
0 1657
7 1658
2 1634
0 1659
0 1661
22 1629
0 1663
30 1611
0 1664
0 1665
0 1667
11 1610
0 1668
0 1669
0 1670
3 1647
0 1671
23 1662
18 1672
0 1673
0 1674
24 1633
0 1675
0 1676
0 1680
6 1653
0 1681
0 1683
25 1626
0 1685
0 1687
16 1655
0 1688
0 1690
9 1627
0 1691
21 1639
0 1692
0 1694
0 1695
28 1615
8 1620
0 1696
0 1698
4 1650
17 1689
15 1651
29 1621
0 1699
0 1700
1 1641
0 1703
27 1643
14 1702
0 1704
0 1706
0 1707
26 1658
0 1709
7 1708
19 1672
0 1710
0 1711
0 1715
13 1645
0 1717
20 1660
5 1649
0 1718
25 1719
0 1720
0 1721
10 1682
0 1722
0 1723
12 1705
0 1725
0 1726
2 1684
22 1693
0 1728
0 1729
8 1730
0 1731
30 1697
0 1732
0 1733
0 1734
11 1727
0 1735
0 1736
0 1738
3 1716
0 1739
23 1724
0 1740
0 1741
24 1701
0 1742
0 1743
6 1719
0 1747
0 1748
0 1749
0 1750
0 1752
0 1753
0 1754
0 1755
0 1756
0 1757
28 1730
0 1758
0 1759
0 1760
0 1761
0 1762
0 1763
0 1764
0 1765
0 1766
0 1767
0 1768
0 1773
0 1774
0 1775
0 1776
0 1777
0 1778
0 1779
0 1780
