5 507
23 508
1 508
11 508
17 508
7 508
8 508
6 507
20 510
7 511
15 512
4 513
14 514
25 515
28 515
6 516
22 517
23 517
8 511
16 508
29 520
11 521
1 517
17 523
13 524
9 515
8 525
16 525
7 525
11 523
1 523
17 525
26 519
18 522
23 523
30 526
27 526
28 527
27 528
3 509
19 518
11 525
1 525
11 530
17 530
7 530
16 530
12 512
15 529
21 520
17 532
11 532
16 533
7 533
17 533
10 524
7 537
20 531
29 538
2 510
9 539
14 535
24 514
6 536
5 516
15 543
13 544
4 540
8 530
17 537
11 533
1 532
23 525
22 523
25 527
28 539
2 547
26 534
11 548
17 548
7 548
16 548
18 541
14 550
27 542
30 528
3 549
19 545
12 543
29 546
21 538
10 544
20 547
24 550
8 548
