66 236 0 100 0.3 2.38082 2.68082
57 229 0 100 0.7 2.11107 2.81107
62 237 0 100 0.7 2.45733 3.15733
48 243 0 100 1.16701e-08 3.24238 3.24238
51 248 0 100 1.16701e-08 3.57366 3.57366
32 234 0 100 1.4 2.36577 3.76577
43 251 0 100 1.16701e-08 3.88224 3.88224
19 235 0 100 1.6 2.3781 3.9781
58 253 0 100 1.16701e-08 4.06692 4.06692
37 254 0 100 1.16701e-08 4.07706 4.07706
16 257 0 100 1.16701e-08 4.4872 4.4872
16 233 0 100 2.2 2.32256 4.52256
27 259 0 100 1.16701e-08 4.67677 4.67677
53 245 0 100 1.5 3.30925 4.80925
69 231 0 100 2.8 2.12256 4.92256
67 250 0 100 1.1 3.88036 4.98036
11 247 0 100 1.6 3.50574 5.10574
18 238 0 100 2.8 2.49537 5.29537
55 258 0 100 0.8 4.53319 5.33319
63 260 0 100 0.6 4.73612 5.33612
18 265 0 100 1.16701e-08 5.80613 5.80613
14 252 0 100 1.9 4.03314 5.93314
41 249 0 100 2.5 3.57521 6.07521
61 266 0 100 0.4 5.83544 6.23545
61 230 0 100 4.3 2.11663 6.41663
30 255 0 100 2.3 4.29987 6.59987
7 232 0 100 4.5 2.28228 6.78228
60 240 0 100 4.1 2.70128 6.80128
60 264 0 100 1 5.80245 6.80245
68 241 0 100 4.4 2.88653 7.28653
22 277 0 100 1.16701e-08 7.30258 7.30258
22 239 0 100 4.8 2.5038 7.3038
65 269 0 100 1.1 6.33153 7.43153
65 246 0 100 4.1 3.43571 7.53571
10 242 0 100 4.8 2.89587 7.69587
66 262 0 100 2.4 5.54219 7.94219
45 244 0 100 4.7 3.28521 7.98521
45 274 0 100 1.3 6.88965 8.18965
34 256 0 100 4 4.42961 8.42961
62 263 0 100 2.8 5.69316 8.49316
51 271 0 100 2.3 6.45639 8.75639
43 275 0 100 2.1 6.92923 9.02923
37 270 0 100 2.9 6.36765 9.26765
33 261 0 100 4.4 4.9275 9.3275
27 272 0 100 3.1 6.68399 9.78399
53 273 0 100 3.2 6.76365 9.96365
53 287 0 100 0.9 9.07339 9.97339
11 280 0 100 2.1 8.15177 10.2518
69 267 0 100 4.2 6.20724 10.4072
63 276 0 100 3.7 6.93534 10.6353
55 279 0 100 3.1 7.54992 10.6499
63 290 0 100 1 9.73592 10.7359
70 278 0 100 3.4 7.48852 10.8885
14 281 0 100 2.8 8.33385 11.1338
41 268 0 100 5 6.24354 11.2435
41 291 0 100 1.5 9.8025 11.3025
40 282 0 100 3 8.49939 11.4994
30 284 0 100 3.3 8.54933 11.8493
59 289 0 100 2.6 9.6547 12.2547
22 288 0 100 3 9.52785 12.5278
68 292 0 100 2.8 9.82661 12.6266
66 283 0 100 4.7 8.54407 13.2441
57 286 0 100 4.2 9.04713 13.2471
34 285 0 100 5 8.66055 13.6606
37 293 0 100 4.6 9.89642 14.4964
