0 2201
0 2202
0 2203
0 2204
0 2205
0 2206
0 2207
0 2208
0 2209
0 2210
0 2211
0 2212
0 2213
0 2214
0 2215
0 2216
0 2217
0 2218
0 2219
0 2220
0 2222
0 2225
0 2230
0 2234
22 2237
0 2238
0 2241
0 2242
48 2243
0 2245
0 2248
13 2227
0 2250
56 2252
0 2253
0 2259
49 2261
58 2231
0 2263
0 2266
46 2239
0 2269
3 2223
0 2271
0 2272
4 2256
0 2273
0 2275
33 2258
0 2278
0 2279
0 2281
0 2283
25 2264
31 2254
9 2226
52 2228
0 2286
0 2289
23 2235
0 2291
20 2252
15 2288
0 2294
32 2260
0 2298
57 2282
18 2268
0 2300
39 2221
2 2302
10 2257
38 2303
0 2306
41 2254
0 2307
35 2284
11 2244
12 2285
0 2308
19 2287
21 2276
30 2224
0 2309
42 2232
0 2310
7 2290
0 2311
24 2277
0 2312
0 2313
60 2229
0 2315
44 2237
50 2299
44 2299
0 2317
34 2280
0 2318
22 2280
1 2249
0 2319
0 2320
8 2247
0 2321
55 2262
0 2322
26 2274
27 2282
36 2267
0 2323
6 2251
0 2324
57 2274
0 2325
28 2233
0 2326
0 2327
0 2329
51 2240
0 2330
0 2332
14 2292
22 2333
0 2334
54 2236
16 2293
0 2336
0 2337
0 2340
43 2255
35 2342
0 2343
40 2243
48 2296
7 2345
0 2346
17 2246
37 2265
0 2348
0 2352
0 2354
59 2295
13 2316
0 2356
0 2357
49 2335
38 2338
49 2338
58 2303
45 2304
5 2305
0 2363
47 2270
0 2365
46 2314
0 2366
3 2347
41 2367
0 2368
29 2301
0 2372
53 2297
0 2373
4 2331
0 2374
33 2302
0 2375
57 2376
6 2376
0 2377
2 2341
0 2378
0 2380
9 2344
25 2339
0 2381
52 2369
24 2379
0 2382
23 2370
0 2385
20 2364
56 2350
15 2328
0 2387
32 2358
0 2388
0 2390
10 2367
18 2360
0 2391
39 2342
0 2392
0 2393
19 2355
31 2349
11 2384
30 2351
12 2371
0 2394
42 2345
7 2379
42 2379
0 2395
0 2396
0 2397
0 2398
0 2399
0 2400
0 2401
50 2353
44 2333
34 2359
0 2402
22 2353
1 2362
0 2403
0 2404
0 2405
55 2376
36 2383
0 2406
0 2407
0 2408
0 2409
0 2410
0 2411
0 2412
0 2413
0 2414
0 2415
0 2416
0 2417
0 2418
40 2386
0 2419
48 2389
0 2420
0 2421
0 2422
0 2423
0 2424
0 2425
0 2426
0 2427
0 2428
0 2429
0 2430
0 2431
0 2432
0 2433
0 2434
0 2435
0 2436
0 2437
0 2438
0 2439
