13 681 2.0419
52 682 2.04295
50 683 2.06711
4 684 2.15494
37 685 2.17456
36 686 2.31682
1 687 2.31903
59 688 2.53177
25 689 2.58683
5 690 2.58841
39 691 2.62407
30 692 2.63633
35 693 2.77814
8 694 2.83427
17 695 2.88996
11 696 2.95705
10 697 3.17543
48 698 3.382
12 699 3.42377
15 700 3.48846
22 701 3.50563
21 702 3.51449
2 703 3.6959
44 704 3.74449
14 705 3.76507
45 706 3.86399
46 707 4.00551
40 708 4.02365
7 709 4.09302
19 710 4.11184
32 711 4.19616
58 712 4.2439
23 713 4.34992
55 714 4.53082
34 715 4.56619
51 716 4.58484
16 717 4.61223
49 718 4.62769
20 719 4.68589
53 720 4.70648
31 721 4.76148
6 722 4.79775
27 723 4.87682
47 724 4.89537
38 725 4.95371
43 726 4.95435
3 727 4.97608
54 728 4.97839
18 729 4.98554
52 730 5.48423
37 731 5.60316
10 732 5.78713
36 733 5.84544
5 734 6.22017
44 735 6.36805
48 736 6.4158
58 737 6.64623
32 738 7.06184
4 739 7.06996
53 740 7.33329
38 741 7.40356
12 742 7.41985
54 743 7.63233
3 744 7.65785
27 745 7.77489
16 746 8.11158
22 747 8.45996
23 748 8.60321
40 749 8.69433
45 750 8.79821
43 751 8.98549
55 752 9.00231
9 753 9.19169
52 754 9.20217
34 755 9.2329
49 756 9.23306
35 757 9.34887
53 758 9.37336
26 759 9.56887
2 760 9.72379
6 761 9.94365
3 762 9.98293
