9 0.8 0.048 0.752
9 0.8 0.048 0.752
9 0.8 0.048 0.752
10 0.8 0.048 0.752
7 0.8 0.048 0.752
2 0.8 0.048 0.752
2 0.8 0.048 0.752
6 0.8 0.048 0.752
2 0.8 0.048 0.752
10 0.8 0.048 0.752
7 0.8 0.048 0.752
6 0.8 0.048 0.752
6 0.8 0.048 0.752
10 0.8 0.048 0.752
7 0.8 0.048 0.752
6 0.8 0.048 0.752
6 0.8 0.048 0.752
10 0.8 0.048 0.752
6 0.752 0.048 0.704
6 0.704 0.048 0.656
6 0.656 0.16 0.496
6 0.496 0.016 0.48
7 0.8 0.048 0.752
10 0.8 0.048 0.752
7 0.8 0.048 0.752
10 0.8 0.048 0.752
8 0.8 0.048 0.752
4 0.8 0.048 0.752
5 0.8 0.048 0.752
7 0.8 0.048 0.752
10 0.8 0.048 0.752
7 0.752 0.048 0.704
2 0.8 0.048 0.752
7 0.774406 0.048 0.726406
10 0.8 0.048 0.752
1 0.8 0.048 0.752
1 0.8 0.048 0.752
1 0.8 0.048 0.752
4 0.8 0.048 0.752
5 0.8 0.048 0.752
8 0.8 0.048 0.752
4 0.8 0.048 0.752
5 0.8 0.048 0.752
8 0.8 0.048 0.752
8 0.752 0.048 0.704
4 0.752 0.048 0.704
5 0.8 0.048 0.752
8 0.704 0.048 0.656
8 0.656 0.16 0.496
8 0.496 0.016 0.48
4 0.779623 0.048 0.731623
8 0.556476 0.048 0.508476
10 0.8 0.048 0.752
7 0.8 0.048 0.752
2 0.8 0.048 0.752
7 0.8 0.048 0.752
10 0.8 0.048 0.752
3 0.8 0.048 0.752
9 0.8 0.048 0.752
4 0.8 0.048 0.752
5 0.8 0.048 0.752
5 0.752 0.048 0.704
8 0.732171 0.048 0.684171
4 0.752 0.048 0.704
4 0.704 0.16 0.544
5 0.704 0.16 0.544
5 0.544 0.016 0.528
4 0.544 0.016 0.528
5 0.528 0.048 0.48
4 0.528 0.048 0.48
8 0.684171 0.048 0.636171
8 0.636171 0.16 0.476171
10 0.8 0.048 0.752
7 0.8 0.048 0.752
2 0.8 0.048 0.752
7 0.8 0.048 0.752
10 0.8 0.048 0.752
3 0.8 0.048 0.752
9 0.8 0.048 0.752
5 0.8 0.048 0.752
4 0.8 0.048 0.752
8 0.8 0.048 0.752
1 0.8 0.048 0.752
10 0.8 0.048 0.752
7 0.8 0.048 0.752
2 0.8 0.048 0.752
7 0.8 0.048 0.752
10 0.8 0.048 0.752
3 0.8 0.048 0.752
9 0.8 0.048 0.752
3 0.8 0.048 0.752
5 0.8 0.048 0.752
4 0.8 0.048 0.752
8 0.8 0.048 0.752
6 0.8 0.048 0.752
3 0.8 0.048 0.752
1 0.8 0.048 0.752
3 0.8 0.048 0.752
10 0.8 0.048 0.752
7 0.8 0.048 0.752
2 0.8 0.048 0.752
7 0.8 0.048 0.752
10 0.8 0.048 0.752
3 0.8 0.048 0.752
9 0.8 0.048 0.752
5 0.8 0.048 0.752
4 0.8 0.048 0.752
8 0.8 0.048 0.752
6 0.8 0.048 0.752
1 0.8 0.048 0.752
10 0.8 0.048 0.752
7 0.8 0.048 0.752
2 0.8 0.048 0.752
7 0.8 0.048 0.752
10 0.8 0.048 0.752
3 0.8 0.048 0.752
8 0.8 0.048 0.752
4 0.8 0.048 0.752
5 0.8 0.048 0.752
9 0.8 0.048 0.752
5 0.8 0.048 0.752
4 0.8 0.048 0.752
8 0.8 0.048 0.752
6 0.8 0.048 0.752
1 0.8 0.048 0.752
10 0.8 0.048 0.752
7 0.8 0.048 0.752
2 0.8 0.048 0.752
7 0.8 0.048 0.752
10 0.8 0.048 0.752
3 0.8 0.048 0.752
8 0.8 0.048 0.752
4 0.8 0.048 0.752
5 0.8 0.048 0.752
9 0.8 0.048 0.752
5 0.8 0.048 0.752
4 0.8 0.048 0.752
8 0.8 0.048 0.752
6 0.8 0.048 0.752
1 0.8 0.048 0.752
4 0.8 0.048 0.752
5 0.8 0.048 0.752
8 0.8 0.048 0.752
9 0.8 0.048 0.752
10 0.8 0.048 0.752
7 0.8 0.048 0.752
2 0.8 0.048 0.752
7 0.8 0.048 0.752
10 0.8 0.048 0.752
9 0.8 0.048 0.752
3 0.8 0.048 0.752
9 0.8 0.048 0.752
8 0.8 0.048 0.752
4 0.8 0.048 0.752
5 0.8 0.048 0.752
9 0.752 0.048 0.704
5 0.8 0.048 0.752
4 0.8 0.048 0.752
8 0.8 0.048 0.752
6 0.8 0.048 0.752
2 0.8 0.048 0.752
1 0.8 0.048 0.752
4 0.8 0.048 0.752
5 0.8 0.048 0.752
8 0.8 0.048 0.752
2 0.8 0.048 0.752
10 0.8 0.048 0.752
7 0.8 0.048 0.752
2 0.752 0.048 0.704
2 0.704 0.048 0.656
2 0.656 0.16 0.496
2 0.496 0.016 0.48
7 0.8 0.048 0.752
10 0.8 0.048 0.752
2 0.55944 0.048 0.51144
3 0.8 0.048 0.752
8 0.8 0.048 0.752
4 0.8 0.048 0.752
5 0.8 0.048 0.752
9 0.8 0.048 0.752
5 0.8 0.048 0.752
4 0.8 0.048 0.752
8 0.8 0.048 0.752
6 0.8 0.048 0.752
1 0.8 0.048 0.752
4 0.8 0.048 0.752
5 0.8 0.048 0.752
8 0.8 0.048 0.752
10 0.8 0.048 0.752
7 0.8 0.048 0.752
7 0.8 0.048 0.752
10 0.8 0.048 0.752
3 0.8 0.048 0.752
8 0.8 0.048 0.752
4 0.8 0.048 0.752
5 0.8 0.048 0.752
9 0.8 0.048 0.752
6 0.8 0.048 0.752
5 0.8 0.048 0.752
4 0.8 0.048 0.752
8 0.8 0.048 0.752
6 0.752 0.048 0.704
6 0.704 0.048 0.656
6 0.656 0.16 0.496
6 0.496 0.016 0.48
6 0.55764 0.048 0.50964
1 0.8 0.048 0.752
4 0.8 0.048 0.752
5 0.8 0.048 0.752
8 0.8 0.048 0.752
6 0.588745 0.048 0.540745
10 0.8 0.048 0.752
10 0.752 0.048 0.704
7 0.8 0.048 0.752
7 0.8 0.048 0.752
10 0.783281 0.048 0.735281
7 0.752 0.048 0.704
10 0.735281 0.048 0.687281
3 0.8 0.048 0.752
7 0.777061 0.048 0.729061
10 0.757791 0.048 0.709791
8 0.8 0.048 0.752
4 0.8 0.048 0.752
5 0.8 0.048 0.752
9 0.8 0.048 0.752
7 0.8 0.048 0.752
5 0.8 0.048 0.752
4 0.8 0.048 0.752
8 0.8 0.048 0.752
1 0.8 0.048 0.752
1 0.8 0.048 0.752
1 0.752 0.048 0.704
1 0.704 0.16 0.544
1 0.544 0.016 0.528
4 0.8 0.048 0.752
5 0.8 0.048 0.752
8 0.8 0.048 0.752
1 0.528 0.048 0.48
4 0.8 0.048 0.752
5 0.752 0.048 0.704
8 0.8 0.048 0.752
10 0.8 0.048 0.752
7 0.8 0.048 0.752
7 0.8 0.048 0.752
10 0.8 0.048 0.752
4 0.8 0.048 0.752
5 0.780288 0.048 0.732288
8 0.8 0.048 0.752
3 0.8 0.048 0.752
4 0.8 0.048 0.752
5 0.8 0.048 0.752
8 0.8 0.048 0.752
8 0.752 0.048 0.704
4 0.752 0.048 0.704
5 0.752 0.048 0.704
8 0.704 0.048 0.656
8 0.656 0.16 0.496
8 0.496 0.016 0.48
9 0.8 0.048 0.752
5 0.8 0.048 0.752
4 0.78034 0.048 0.73234
8 0.553024 0.048 0.505024
4 0.8 0.048 0.752
5 0.8 0.048 0.752
8 0.576721 0.048 0.528721
10 0.8 0.048 0.752
7 0.8 0.048 0.752
7 0.8 0.048 0.752
10 0.8 0.048 0.752
3 0.8 0.048 0.752
9 0.8 0.048 0.752
5 0.8 0.048 0.752
4 0.8 0.048 0.752
8 0.8 0.048 0.752
2 0.8 0.048 0.752
4 0.8 0.048 0.752
5 0.8 0.048 0.752
8 0.8 0.048 0.752
10 0.8 0.048 0.752
7 0.8 0.048 0.752
7 0.8 0.048 0.752
10 0.8 0.048 0.752
3 0.8 0.048 0.752
9 0.8 0.048 0.752
5 0.8 0.048 0.752
4 0.8 0.048 0.752
8 0.8 0.048 0.752
2 0.8 0.048 0.752
4 0.8 0.048 0.752
5 0.8 0.048 0.752
8 0.8 0.048 0.752
10 0.8 0.048 0.752
7 0.8 0.048 0.752
7 0.8 0.048 0.752
10 0.8 0.048 0.752
3 0.8 0.048 0.752
3 0.8 0.048 0.752
3 0.752 0.048 0.704
3 0.704 0.16 0.544
3 0.544 0.016 0.528
3 0.528 0.048 0.48
9 0.8 0.048 0.752
3 0.557012 0.048 0.509012
5 0.8 0.048 0.752
4 0.8 0.048 0.752
8 0.8 0.048 0.752
2 0.8 0.048 0.752
4 0.8 0.048 0.752
5 0.8 0.048 0.752
8 0.8 0.048 0.752
10 0.8 0.048 0.752
7 0.8 0.048 0.752
7 0.8 0.048 0.752
10 0.8 0.048 0.752
9 0.8 0.048 0.752
5 0.8 0.048 0.752
4 0.8 0.048 0.752
8 0.8 0.048 0.752
2 0.8 0.048 0.752
4 0.8 0.048 0.752
5 0.8 0.048 0.752
8 0.8 0.048 0.752
10 0.8 0.048 0.752
7 0.8 0.048 0.752
9 0.8 0.048 0.752
5 0.8 0.048 0.752
4 0.8 0.048 0.752
8 0.8 0.048 0.752
2 0.8 0.048 0.752
4 0.8 0.048 0.752
5 0.8 0.048 0.752
8 0.8 0.048 0.752
10 0.8 0.048 0.752
7 0.8 0.048 0.752
9 0.8 0.048 0.752
9 0.8 0.048 0.752
5 0.8 0.048 0.752
4 0.8 0.048 0.752
8 0.8 0.048 0.752
9 0.8 0.048 0.752
2 0.8 0.048 0.752
4 0.8 0.048 0.752
5 0.8 0.048 0.752
8 0.8 0.048 0.752
9 0.8 0.048 0.752
10 0.8 0.048 0.752
7 0.8 0.048 0.752
2 0.8 0.048 0.752
2 0.8 0.048 0.752
9 0.8 0.048 0.752
2 0.8 0.048 0.752
5 0.8 0.048 0.752
4 0.8 0.048 0.752
8 0.8 0.048 0.752
2 0.8 0.048 0.752
4 0.8 0.048 0.752
5 0.8 0.048 0.752
8 0.8 0.048 0.752
10 0.8 0.048 0.752
7 0.8 0.048 0.752
9 0.8 0.048 0.752
5 0.8 0.048 0.752
4 0.8 0.048 0.752
8 0.8 0.048 0.752
2 0.8 0.048 0.752
4 0.8 0.048 0.752
5 0.8 0.048 0.752
8 0.8 0.048 0.752
10 0.8 0.048 0.752
7 0.8 0.048 0.752
6 0.8 0.048 0.752
6 0.8 0.048 0.752
10 0.8 0.048 0.752
9 0.8 0.048 0.752
10 0.8 0.048 0.752
5 0.8 0.048 0.752
4 0.8 0.048 0.752
8 0.8 0.048 0.752
7 0.8 0.048 0.752
10 0.8 0.048 0.752
2 0.8 0.048 0.752
4 0.8 0.048 0.752
5 0.8 0.048 0.752
8 0.8 0.048 0.752
7 0.8 0.048 0.752
10 0.8 0.048 0.752
7 0.8 0.048 0.752
7 0.752 0.048 0.704
7 0.704 0.16 0.544
7 0.544 0.016 0.528
1 0.8 0.048 0.752
7 0.528 0.048 0.48
1 0.8 0.048 0.752
5 0.8 0.048 0.752
9 0.8 0.048 0.752
1 0.8 0.048 0.752
4 0.8 0.048 0.752
5 0.8 0.048 0.752
8 0.8 0.048 0.752
5 0.8 0.048 0.752
4 0.752 0.048 0.704
8 0.752 0.048 0.704
5 0.752 0.048 0.704
5 0.704 0.16 0.544
5 0.544 0.016 0.528
4 0.781827 0.048 0.733827
5 0.528 0.048 0.48
8 0.775005 0.048 0.727005
2 0.8 0.048 0.752
4 0.733827 0.048 0.685827
5 0.553316 0.048 0.505316
8 0.727005 0.048 0.679005
4 0.685827 0.048 0.637827
4 0.637827 0.16 0.477827
4 0.477827 0.016 0.461827
8 0.751513 0.048 0.703513
10 0.8 0.048 0.752
9 0.8 0.048 0.752
2 0.8 0.048 0.752
10 0.8 0.048 0.752
9 0.8 0.048 0.752
2 0.8 0.048 0.752
