0 2236
0 2237
0 2238
0 2239
0 2240
0 2241
0 2242
0 2243
0 2244
0 2245
0 2248
62 2249
0 2251
0 2254
0 2256
0 2257
4 2247
12 2258
0 2259
30 2261
0 2262
27 2264
0 2265
0 2267
0 2268
32 2271
40 2247
0 2274
0 2275
0 2279
46 2281
0 2283
0 2285
34 2246
52 2246
0 2288
9 2289
0 2290
28 2291
60 2278
36 2278
44 2264
0 2292
25 2255
42 2293
0 2294
67 2284
0 2295
0 2296
56 2260
0 2297
19 2276
0 2298
38 2293
35 2300
0 2301
0 2303
0 2306
45 2261
0 2307
3 2308
0 2309
54 2312
0 2313
1 2314
0 2315
68 2316
8 2317
0 2318
22 2319
21 2289
17 2320
0 2321
10 2263
9 2263
41 2323
0 2325
0 2329
0 2333
57 2270
48 2270
26 2286
39 2272
0 2335
0 2336
69 2252
0 2339
0 2344
64 2331
0 2346
0 2348
0 2349
0 2350
33 2311
0 2351
65 2345
47 2332
0 2353
0 2354
0 2355
7 2322
0 2357
5 2327
0 2358
52 2302
0 2359
29 2269
34 2347
0 2361
0 2362
16 2338
47 2338
0 2364
53 2310
0 2365
0 2367
0 2368
0 2372
4 2363
68 2373
0 2374
0 2376
0 2377
55 2305
0 2378
0 2379
58 2253
0 2380
0 2382
11 2330
0 2384
0 2386
0 2387
60 2308
0 2388
32 2375
63 2328
0 2389
0 2390
3 2385
0 2391
22 2369
0 2392
0 2394
0 2395
67 2366
35 2352
0 2396
38 2304
0 2398
42 2370
0 2399
0 2401
2 2299
0 2402
0 2404
24 2273
0 2405
30 2289
0 2408
45 2324
0 2409
20 2343
0 2410
0 2411
0 2413
31 2249
0 2414
62 2337
0 2415
18 2340
59 2282
29 2416
0 2418
39 2403
0 2420
21 2334
0 2421
70 2250
0 2422
61 2323
0 2423
0 2424
0 2425
26 2269
62 2269
0 2426
41 2407
0 2427
0 2428
16 2417
0 2429
0 2430
23 2246
0 2431
0 2432
0 2433
0 2434
49 2314
34 2419
0 2435
51 2247
0 2436
0 2437
40 2291
1 2400
5 2393
0 2438
8 2310
0 2439
0 2440
53 2397
6 2316
12 2360
43 2287
68 2412
0 2441
0 2442
37 2277
0 2443
57 2381
55 2375
0 2444
0 2445
28 2317
0 2446
0 2447
0 2448
46 2342
0 2449
0 2450
0 2451
0 2452
0 2453
0 2454
0 2455
0 2456
19 2371
0 2457
27 2356
0 2458
14 2266
15 2326
66 2300
46 2300
13 2341
0 2459
0 2460
0 2461
0 2462
0 2463
0 2464
10 2383
0 2465
0 2466
0 2467
0 2468
0 2469
0 2470
