1 784 0 100 0.7 1.48705 1.48705
45 780 0 100 1.2 1.08378 1.58378
19 787 0 100 1.2 1.52276 2.02276
56 801 0 100 1.2 2.21042 2.71042
32 809 0 100 1.2 2.8858 3.3858
24 815 0 100 1.7 3.22233 4.22233
34 795 0 100 3.7 1.97455 4.97455
61 836 0 100 1.7 4.56336 5.56336
62 837 0 100 2.2 4.66787 6.16787
52 826 0 100 3.7 3.96968 6.96968
53 842 0 100 1.2 6.48292 6.98292
72 849 0 100 0.7 7.32431 7.32431
74 823 0 100 4.2 3.8356 7.3356
35 854 0 100 0.7 7.78392 7.78392
20 845 0 100 2.2 6.55849 8.05849
17 853 0 100 1.2 7.77766 8.27766
29 816 0 100 5.7 3.34068 8.34068
7 857 0 100 1.7 8.16872 9.16872
28 793 0 100 8.2 1.89314 9.39314
28 841 0 100 4.7 5.59664 9.59664
24 851 0 100 2.7 7.60373 9.60373
16 855 0 100 2.7 7.99075 9.99075
49 846 0 100 4.7 6.92825 10.9282
12 847 0 100 4.7 7.2363 11.2363
58 818 0 100 8.7 3.45196 11.452
77 794 0 100 11.2 1.89947 12.3995
74 858 0 100 4.7 8.42544 12.4254
72 804 0 100 10.7 2.67256 12.6726
13 850 0 100 7.2 7.4693 13.9693
13 827 0 100 10.7 4.03138 14.0314
47 856 0 100 6.7 8.04362 14.0436
