21 309 1.12191
9 310 1.18809
74 311 1.34967
67 312 1.44336
58 313 1.57349
25 314 1.57538
90 315 1.66541
7 316 1.88723
76 317 2.04424
45 318 2.05551
55 319 2.11174
28 320 2.12813
14 321 2.14964
82 322 2.15215
80 323 2.15371
47 324 2.23927
63 325 2.33891
66 326 2.41077
60 327 2.45098
89 328 2.45675
31 329 2.48623
79 330 2.64294
72 331 2.70232
26 332 2.7228
48 333 2.79381
18 334 2.82133
41 335 2.94921
54 336 2.95203
84 337 3.00358
70 338 3.09466
64 339 3.17387
37 340 3.208
22 341 3.23912
1 342 3.26236
46 343 3.30923
44 344 3.34059
19 345 3.42875
24 346 3.53414
87 347 3.68736
39 348 3.85561
81 349 4.02473
85 350 4.42876
6 351 4.58237
58 352 4.71452
5 353 4.72846
28 354 5.12283
90 355 5.28678
26 356 5.61955
19 357 6.37591
81 358 6.49131
87 359 6.61578
23 360 6.68033
17 361 6.89609
28 362 7.60265
46 363 7.60346
63 364 7.81245
88 365 7.85194
1 366 7.94685
6 367 8.26772
85 368 8.73116
32 369 8.83857
58 370 9.075
66 371 9.33932
