12 1232 0 100 1 2.56741 3.56741
19 1221 0 100 2 1.82226 3.82226
8 1239 0 100 1.5 2.99974 4.49974
3 1216 0 100 3 1.5345 4.5345
18 1254 0 100 0.5 4.09122 4.59122
2 1237 0 100 2 2.89618 4.89618
1 1261 0 100 0.5 4.41117 4.91117
10 1225 0 100 4 1.99557 5.99557
6 1209 0 100 5 1.02675 6.02675
11 1213 0 100 6 1.30014 7.30014
7 1233 0 100 5 2.64577 7.64577
13 1247 0 100 4.5 3.515 8.015
12 1286 0 100 2 6.70965 8.70965
4 1259 0 100 4.5 4.35787 8.85787
19 1304 0 100 1 8.06687 9.06687
16 1258 0 100 5 4.27962 9.27962
8 1316 0 100 0.5 9.13551 9.63551
18 1289 0 100 3 6.9447 9.9447
20 1218 0 100 8.5 1.63915 10.1392
9 1282 0 100 5 6.4175 11.4175
9 1246 0 100 8 3.49442 11.4944
17 1256 0 100 8 4.18045 12.1805
