9 0.8 0.048 0.752
4 0.8 0.048 0.752
16 0.8 0.048 0.752
52 0.8 0.048 0.752
9 0.752 0.144 0.608
9 0.608 0.16 0.448
4 0.752 0.16 0.592
4 0.592 0.016 0.576
9 0.448 0.016 0.432
4 0.576 0.048 0.528
9 0.432 0.048 0.384
16 0.752 0.048 0.704
52 0.752 0.048 0.704
4 0.528 0.096 0.432
4 0.432 0.16 0.272
16 0.704 0.16 0.544
52 0.704 0.16 0.544
9 0.384 0.16 0.224
16 0.544 0.16 0.384
52 0.544 0.16 0.384
41 0.8 0.048 0.752
44 0.8 0.048 0.752
45 0.8 0.048 0.752
41 0.752 0.096 0.656
41 0.656 0.16 0.496
44 0.752 0.16 0.592
45 0.752 0.16 0.592
45 0.592 0.016 0.576
41 0.496 0.016 0.48
45 0.576 0.048 0.528
41 0.48 0.048 0.432
44 0.592 0.048 0.544
45 0.528 0.048 0.48
45 0.48 0.16 0.32
41 0.432 0.16 0.272
44 0.544 0.16 0.384
31 0.8 0.048 0.752
31 0.752 0.048 0.704
31 0.704 0.16 0.544
31 0.544 0.016 0.528
19 0.8 0.048 0.752
15 0.8 0.048 0.752
51 0.8 0.048 0.752
62 0.8 0.048 0.752
19 0.752 0.144 0.608
19 0.608 0.16 0.448
15 0.752 0.16 0.592
15 0.592 0.016 0.576
19 0.448 0.016 0.432
15 0.576 0.048 0.528
19 0.432 0.048 0.384
51 0.752 0.048 0.704
62 0.752 0.048 0.704
15 0.528 0.096 0.432
15 0.432 0.16 0.272
51 0.704 0.16 0.544
62 0.704 0.16 0.544
19 0.384 0.16 0.224
51 0.544 0.16 0.384
62 0.544 0.16 0.384
24 0.8 0.048 0.752
36 0.8 0.048 0.752
39 0.8 0.048 0.752
24 0.752 0.096 0.656
24 0.656 0.16 0.496
36 0.752 0.16 0.592
39 0.752 0.16 0.592
39 0.592 0.016 0.576
24 0.496 0.016 0.48
39 0.576 0.048 0.528
24 0.48 0.048 0.432
36 0.592 0.048 0.544
38 0.8 0.048 0.752
60 0.8 0.048 0.752
39 0.528 0.144 0.384
39 0.384 0.16 0.224
24 0.432 0.16 0.272
36 0.544 0.16 0.384
38 0.752 0.16 0.592
60 0.752 0.16 0.592
66 0.8 0.048 0.752
22 0.8 0.048 0.752
66 0.752 0.048 0.704
66 0.704 0.16 0.544
22 0.752 0.16 0.592
22 0.592 0.016 0.576
66 0.544 0.016 0.528
22 0.576 0.048 0.528
52 0.610411 0.048 0.562411
66 0.528 0.048 0.48
22 0.528 0.048 0.48
22 0.48 0.16 0.32
52 0.562411 0.16 0.402411
66 0.48 0.16 0.32
10 0.8 0.048 0.752
33 0.8 0.048 0.752
34 0.8 0.048 0.752
54 0.8 0.048 0.752
58 0.8 0.048 0.752
10 0.752 0.192 0.56
10 0.56 0.16 0.4
33 0.752 0.16 0.592
34 0.752 0.16 0.592
54 0.752 0.16 0.592
58 0.752 0.16 0.592
58 0.592 0.016 0.576
10 0.4 0.016 0.384
58 0.576 0.048 0.528
10 0.384 0.048 0.336
33 0.592 0.048 0.544
34 0.592 0.048 0.544
54 0.592 0.048 0.544
58 0.528 0.144 0.384
58 0.384 0.16 0.224
10 0.336 0.16 0.176
33 0.544 0.16 0.384
34 0.544 0.16 0.384
54 0.544 0.16 0.384
37 0.8 0.048 0.752
18 0.8 0.048 0.752
32 0.8 0.048 0.752
35 0.8 0.048 0.752
50 0.8 0.048 0.752
59 0.8 0.048 0.752
65 0.8 0.048 0.752
37 0.752 0.288 0.464
37 0.464 0.16 0.304
18 0.752 0.16 0.592
32 0.752 0.16 0.592
35 0.752 0.16 0.592
50 0.752 0.16 0.592
50 0.592 0.016 0.576
37 0.304 0.016 0.288
50 0.576 0.048 0.528
18 0.592 0.048 0.544
32 0.592 0.048 0.544
35 0.592 0.048 0.544
37 0.288 0.048 0.24
59 0.752 0.048 0.704
65 0.752 0.048 0.704
50 0.528 0.24 0.288
50 0.288 0.16 0.128
59 0.704 0.16 0.544
65 0.704 0.16 0.544
18 0.544 0.16 0.384
32 0.544 0.16 0.384
35 0.544 0.16 0.384
37 0.24 0.16 0.08
59 0.544 0.16 0.384
65 0.544 0.16 0.384
29 0.8 0.048 0.752
27 0.8 0.048 0.752
2 0.8 0.048 0.752
6 0.8 0.048 0.752
27 0.752 0.144 0.608
27 0.608 0.16 0.448
27 0.448 0.016 0.432
2 0.752 0.16 0.592
6 0.752 0.16 0.592
28 0.8 0.048 0.752
48 0.8 0.048 0.752
28 0.752 0.048 0.704
28 0.704 0.16 0.544
48 0.752 0.16 0.592
48 0.592 0.016 0.576
28 0.544 0.016 0.528
48 0.576 0.048 0.528
28 0.528 0.048 0.48
53 0.8 0.048 0.752
12 0.8 0.048 0.752
13 0.8 0.048 0.752
25 0.8 0.048 0.752
40 0.8 0.048 0.752
46 0.8 0.048 0.752
69 0.8 0.048 0.752
53 0.752 0.288 0.464
53 0.464 0.16 0.304
12 0.752 0.16 0.592
13 0.752 0.16 0.592
25 0.752 0.16 0.592
40 0.752 0.16 0.592
40 0.592 0.016 0.576
53 0.304 0.016 0.288
40 0.576 0.048 0.528
12 0.592 0.048 0.544
13 0.592 0.048 0.544
53 0.288 0.048 0.24
40 0.528 0.096 0.432
40 0.432 0.16 0.272
46 0.752 0.16 0.592
69 0.752 0.16 0.592
12 0.544 0.16 0.384
13 0.544 0.16 0.384
53 0.24 0.16 0.08
20 0.8 0.048 0.752
43 0.8 0.048 0.752
20 0.752 0.048 0.704
20 0.704 0.16 0.544
43 0.752 0.16 0.592
43 0.592 0.016 0.576
20 0.544 0.016 0.528
43 0.576 0.048 0.528
20 0.528 0.048 0.48
17 0.8 0.048 0.752
26 0.8 0.048 0.752
61 0.8 0.048 0.752
70 0.8 0.048 0.752
17 0.752 0.144 0.608
17 0.608 0.16 0.448
26 0.752 0.16 0.592
26 0.592 0.016 0.576
17 0.448 0.016 0.432
26 0.576 0.048 0.528
17 0.432 0.048 0.384
61 0.752 0.048 0.704
26 0.528 0.048 0.48
26 0.48 0.16 0.32
61 0.704 0.16 0.544
70 0.752 0.16 0.592
17 0.384 0.16 0.224
61 0.544 0.16 0.384
16 0.8 0.048 0.752
9 0.8 0.048 0.752
11 0.8 0.048 0.752
52 0.8 0.048 0.752
16 0.752 0.144 0.608
16 0.608 0.16 0.448
9 0.752 0.16 0.592
9 0.592 0.016 0.576
16 0.448 0.016 0.432
9 0.576 0.048 0.528
4 0.8 0.048 0.752
16 0.432 0.048 0.384
52 0.752 0.048 0.704
9 0.528 0.048 0.48
9 0.48 0.16 0.32
11 0.752 0.16 0.592
52 0.704 0.16 0.544
4 0.752 0.16 0.592
16 0.384 0.16 0.224
52 0.544 0.16 0.384
59 0.8 0.048 0.752
32 0.8 0.048 0.752
35 0.8 0.048 0.752
50 0.573642 0.048 0.525642
65 0.8 0.048 0.752
59 0.752 0.144 0.608
59 0.608 0.16 0.448
32 0.752 0.16 0.592
32 0.592 0.016 0.576
59 0.448 0.016 0.432
32 0.576 0.048 0.528
18 0.8 0.048 0.752
35 0.752 0.048 0.704
37 0.531732 0.048 0.483732
50 0.525642 0.048 0.477642
59 0.432 0.048 0.384
65 0.752 0.048 0.704
32 0.528 0.144 0.384
32 0.384 0.16 0.224
35 0.704 0.16 0.544
50 0.477642 0.16 0.317642
65 0.704 0.16 0.544
18 0.752 0.16 0.592
18 0.592 0.016 0.576
32 0.224 0.016 0.208
18 0.576 0.048 0.528
32 0.208 0.048 0.16
35 0.544 0.048 0.496
37 0.483732 0.048 0.435732
50 0.317642 0.048 0.269642
65 0.544 0.048 0.496
35 0.496 0.16 0.336
37 0.435732 0.16 0.275732
50 0.269642 0.16 0.109642
59 0.384 0.16 0.224
65 0.496 0.16 0.336
63 0.8 0.048 0.752
14 0.8 0.048 0.752
23 0.8 0.048 0.752
57 0.8 0.048 0.752
63 0.752 0.144 0.608
63 0.608 0.16 0.448
14 0.752 0.16 0.592
14 0.592 0.016 0.576
63 0.448 0.016 0.432
14 0.576 0.048 0.528
23 0.752 0.048 0.704
49 0.8 0.048 0.752
55 0.8 0.048 0.752
57 0.752 0.048 0.704
63 0.432 0.048 0.384
14 0.528 0.192 0.336
14 0.336 0.16 0.176
23 0.704 0.16 0.544
57 0.704 0.16 0.544
23 0.544 0.16 0.384
49 0.752 0.16 0.592
55 0.752 0.16 0.592
57 0.544 0.16 0.384
63 0.384 0.16 0.224
68 0.8 0.048 0.752
1 0.8 0.048 0.752
42 0.8 0.048 0.752
68 0.752 0.096 0.656
68 0.656 0.16 0.496
1 0.752 0.16 0.592
42 0.752 0.16 0.592
42 0.592 0.016 0.576
68 0.496 0.016 0.48
42 0.576 0.048 0.528
1 0.592 0.048 0.544
68 0.48 0.048 0.432
42 0.528 0.048 0.48
42 0.48 0.16 0.32
1 0.544 0.16 0.384
68 0.432 0.16 0.272
29 0.8 0.048 0.752
7 0.8 0.048 0.752
29 0.752 0.048 0.704
29 0.704 0.16 0.544
7 0.752 0.16 0.592
7 0.592 0.016 0.576
29 0.544 0.016 0.528
7 0.576 0.048 0.528
29 0.528 0.048 0.48
13 0.682296 0.048 0.634296
12 0.683203 0.048 0.635203
40 0.563583 0.048 0.515583
53 0.37998 0.048 0.33198
13 0.634296 0.048 0.586296
13 0.586296 0.16 0.426296
12 0.635203 0.16 0.475203
40 0.515583 0.16 0.355583
53 0.33198 0.16 0.17198
65 0.487841 0.048 0.439841
18 0.674677 0.048 0.626677
32 0.38091 0.048 0.33291
35 0.480425 0.048 0.432425
37 0.497509 0.048 0.449509
50 0.259767 0.048 0.211767
59 0.374104 0.048 0.326104
65 0.439841 0.048 0.391841
65 0.391841 0.16 0.231841
65 0.231841 0.016 0.215841
18 0.626677 0.16 0.466677
32 0.33291 0.16 0.17291
35 0.432425 0.16 0.272425
37 0.449509 0.16 0.289509
50 0.211767 0.16 0.0517668
59 0.326104 0.16 0.166104
5 0.8 0.048 0.752
25 0.8 0.048 0.752
46 0.8 0.048 0.752
56 0.8 0.048 0.752
69 0.8 0.048 0.752
5 0.752 0.192 0.56
5 0.56 0.16 0.4
25 0.752 0.16 0.592
46 0.752 0.16 0.592
56 0.752 0.16 0.592
69 0.752 0.16 0.592
69 0.592 0.016 0.576
5 0.4 0.016 0.384
69 0.576 0.048 0.528
5 0.384 0.048 0.336
25 0.592 0.048 0.544
46 0.592 0.048 0.544
53 0.17198 0.048 0.12398
56 0.592 0.048 0.544
69 0.528 0.144 0.384
69 0.384 0.16 0.224
5 0.336 0.16 0.176
25 0.544 0.16 0.384
46 0.544 0.16 0.384
53 0.12398 0.16 -0.03602
56 0.544 0.16 0.384
3 0.8 0.048 0.752
48 0.8 0.048 0.752
28 0.8 0.048 0.752
62 0.8 0.048 0.752
15 0.8 0.048 0.752
19 0.8 0.048 0.752
51 0.8 0.048 0.752
62 0.752 0.096 0.656
62 0.656 0.16 0.496
15 0.752 0.16 0.592
19 0.752 0.16 0.592
51 0.752 0.16 0.592
51 0.592 0.016 0.576
62 0.496 0.016 0.48
51 0.576 0.048 0.528
15 0.592 0.048 0.544
19 0.592 0.048 0.544
62 0.48 0.048 0.432
51 0.528 0.048 0.48
51 0.48 0.16 0.32
15 0.544 0.16 0.384
19 0.544 0.16 0.384
62 0.432 0.16 0.272
43 0.8 0.048 0.752
20 0.8 0.048 0.752
36 0.8 0.048 0.752
24 0.8 0.048 0.752
38 0.8 0.048 0.752
39 0.8 0.048 0.752
60 0.8 0.048 0.752
36 0.752 0.144 0.608
36 0.608 0.16 0.448
24 0.752 0.16 0.592
24 0.592 0.016 0.576
36 0.448 0.016 0.432
24 0.576 0.048 0.528
36 0.432 0.048 0.384
39 0.752 0.048 0.704
38 0.752 0.16 0.592
39 0.704 0.16 0.544
60 0.752 0.16 0.592
18 0.694662 0.048 0.646662
32 0.323295 0.048 0.275295
35 0.502556 0.048 0.454556
37 0.438213 0.048 0.390213
50 0.276075 0.048 0.228075
65 0.447451 0.048 0.399451
35 0.533466 0.048 0.485466
18 0.722679 0.048 0.674679
32 0.351532 0.048 0.303532
37 0.461797 0.048 0.413797
50 0.298409 0.048 0.250409
65 0.477161 0.048 0.429161
7 0.8 0.048 0.752
29 0.8 0.048 0.752
52 0.8 0.048 0.752
4 0.8 0.048 0.752
9 0.8 0.048 0.752
23 0.8 0.048 0.752
14 0.687051 0.048 0.639051
49 0.8 0.048 0.752
55 0.8 0.048 0.752
63 0.674499 0.048 0.626499
23 0.752 0.192 0.56
23 0.56 0.16 0.4
23 0.4 0.016 0.384
14 0.639051 0.16 0.479051
49 0.752 0.16 0.592
55 0.752 0.16 0.592
63 0.626499 0.16 0.466499
3 0.8 0.048 0.752
48 0.8 0.048 0.752
28 0.8 0.048 0.752
43 0.8 0.048 0.752
20 0.8 0.048 0.752
47 0.8 0.048 0.752
54 0.8 0.048 0.752
47 0.752 0.048 0.704
47 0.704 0.16 0.544
54 0.752 0.16 0.592
54 0.592 0.016 0.576
47 0.544 0.016 0.528
54 0.576 0.048 0.528
10 0.8 0.048 0.752
33 0.8 0.048 0.752
34 0.8 0.048 0.752
47 0.528 0.048 0.48
58 0.8 0.048 0.752
54 0.528 0.144 0.384
54 0.384 0.16 0.224
10 0.752 0.16 0.592
10 0.592 0.016 0.576
54 0.224 0.016 0.208
10 0.576 0.048 0.528
33 0.752 0.048 0.704
34 0.752 0.048 0.704
54 0.208 0.048 0.16
58 0.752 0.048 0.704
10 0.528 0.096 0.432
10 0.432 0.16 0.272
33 0.704 0.16 0.544
34 0.704 0.16 0.544
47 0.48 0.16 0.32
58 0.704 0.16 0.544
33 0.544 0.16 0.384
34 0.544 0.16 0.384
54 0.16 0.16 -8.32667e-17
58 0.544 0.16 0.384
11 0.8 0.048 0.752
16 0.8 0.048 0.752
57 0.8 0.048 0.752
11 0.752 0.144 0.608
11 0.608 0.16 0.448
11 0.448 0.016 0.432
16 0.752 0.16 0.592
57 0.752 0.16 0.592
24 0.8 0.048 0.752
36 0.766262 0.048 0.718262
39 0.8 0.048 0.752
18 0.8 0.048 0.752
32 0.607965 0.048 0.559965
35 0.77711 0.048 0.72911
37 0.708431 0.048 0.660431
50 0.552489 0.048 0.504489
65 0.734741 0.048 0.686741
18 0.752 0.096 0.656
18 0.656 0.16 0.496
32 0.559965 0.16 0.399965
35 0.72911 0.16 0.56911
37 0.660431 0.16 0.500431
50 0.504489 0.16 0.344489
65 0.686741 0.16 0.526741
65 0.526741 0.016 0.510741
18 0.496 0.016 0.48
65 0.510741 0.048 0.462741
18 0.48 0.048 0.432
32 0.399965 0.048 0.351965
35 0.56911 0.048 0.52111
37 0.500431 0.048 0.452431
50 0.344489 0.048 0.296489
35 0.599677 0.048 0.551677
18 0.507838 0.048 0.459838
32 0.428937 0.048 0.380937
37 0.531619 0.048 0.483619
50 0.367897 0.048 0.319897
59 0.8 0.048 0.752
65 0.5346 0.048 0.4866
35 0.551677 0.048 0.503677
35 0.503677 0.16 0.343677
18 0.459838 0.16 0.299838
32 0.380937 0.16 0.220937
37 0.483619 0.16 0.323619
50 0.319897 0.16 0.159897
59 0.752 0.16 0.592
59 0.592 0.016 0.576
35 0.343677 0.016 0.327677
59 0.576 0.048 0.528
32 0.220937 0.048 0.172937
35 0.327677 0.048 0.279677
65 0.4866 0.16 0.3266
7 0.8 0.048 0.752
29 0.8 0.048 0.752
52 0.8 0.048 0.752
4 0.8 0.048 0.752
9 0.8 0.048 0.752
16 0.8 0.048 0.752
52 0.752 0.048 0.704
52 0.704 0.16 0.544
4 0.752 0.16 0.592
9 0.752 0.16 0.592
16 0.752 0.16 0.592
16 0.592 0.016 0.576
52 0.544 0.016 0.528
16 0.576 0.048 0.528
9 0.592 0.048 0.544
11 0.667174 0.048 0.619174
52 0.528 0.048 0.48
16 0.528 0.048 0.48
16 0.48 0.16 0.32
9 0.544 0.16 0.384
11 0.619174 0.16 0.459174
52 0.48 0.16 0.32
3 0.8 0.048 0.752
30 0.8 0.048 0.752
3 0.752 0.048 0.704
3 0.704 0.16 0.544
30 0.752 0.16 0.592
30 0.592 0.016 0.576
3 0.544 0.016 0.528
30 0.576 0.048 0.528
3 0.528 0.048 0.48
21 0.8 0.048 0.752
30 0.528 0.048 0.48
30 0.48 0.16 0.32
3 0.48 0.16 0.32
21 0.752 0.16 0.592
21 0.592 0.016 0.576
30 0.32 0.016 0.304
21 0.576 0.048 0.528
30 0.304 0.048 0.256
70 0.8 0.048 0.752
17 0.8 0.048 0.752
61 0.8 0.048 0.752
70 0.752 0.096 0.656
70 0.656 0.16 0.496
17 0.752 0.16 0.592
61 0.752 0.16 0.592
61 0.592 0.016 0.576
70 0.496 0.016 0.48
61 0.576 0.048 0.528
17 0.592 0.048 0.544
70 0.48 0.048 0.432
61 0.528 0.048 0.48
61 0.48 0.16 0.32
17 0.544 0.16 0.384
70 0.432 0.16 0.272
44 0.8 0.048 0.752
41 0.8 0.048 0.752
45 0.8 0.048 0.752
44 0.752 0.048 0.704
44 0.704 0.16 0.544
41 0.752 0.16 0.592
41 0.592 0.016 0.576
44 0.544 0.016 0.528
41 0.576 0.048 0.528
5 0.8 0.048 0.752
44 0.528 0.048 0.48
45 0.752 0.048 0.704
56 0.8 0.048 0.752
41 0.528 0.096 0.432
41 0.432 0.16 0.272
45 0.704 0.16 0.544
5 0.752 0.16 0.592
44 0.48 0.16 0.32
45 0.544 0.16 0.384
56 0.752 0.16 0.592
56 0.592 0.016 0.576
41 0.272 0.016 0.256
56 0.576 0.048 0.528
5 0.592 0.048 0.544
25 0.8 0.048 0.752
41 0.256 0.048 0.208
46 0.8 0.048 0.752
69 0.8 0.048 0.752
56 0.528 0.144 0.384
56 0.384 0.16 0.224
5 0.544 0.16 0.384
25 0.752 0.16 0.592
41 0.208 0.16 0.048
46 0.752 0.16 0.592
69 0.752 0.16 0.592
48 0.8 0.048 0.752
28 0.8 0.048 0.752
43 0.8 0.048 0.752
20 0.8 0.048 0.752
24 0.8 0.048 0.752
36 0.8 0.048 0.752
24 0.752 0.048 0.704
24 0.704 0.16 0.544
24 0.544 0.016 0.528
36 0.752 0.16 0.592
25 0.738281 0.048 0.690281
5 0.535531 0.048 0.487531
12 0.8 0.048 0.752
13 0.8 0.048 0.752
46 0.741112 0.048 0.693112
53 0.8 0.048 0.752
56 0.300937 0.048 0.252937
69 0.666185 0.048 0.618185
25 0.690281 0.144 0.546281
25 0.546281 0.16 0.386281
5 0.487531 0.16 0.327531
12 0.752 0.16 0.592
12 0.592 0.016 0.576
25 0.386281 0.016 0.370281
12 0.576 0.048 0.528
13 0.752 0.048 0.704
25 0.370281 0.048 0.322281
40 0.8 0.048 0.752
46 0.693112 0.048 0.645112
53 0.752 0.048 0.704
69 0.618185 0.048 0.570185
12 0.528 0.096 0.432
12 0.432 0.16 0.272
13 0.704 0.16 0.544
46 0.645112 0.16 0.485112
53 0.704 0.16 0.544
56 0.252937 0.16 0.0929365
69 0.570185 0.16 0.410185
13 0.544 0.16 0.384
25 0.322281 0.16 0.162281
40 0.752 0.16 0.592
46 0.485112 0.16 0.325112
53 0.544 0.16 0.384
69 0.410185 0.16 0.250185
65 0.628582 0.048 0.580582
18 0.599106 0.048 0.551106
32 0.474616 0.048 0.426616
35 0.575312 0.048 0.527312
37 0.628198 0.048 0.580198
50 0.45636 0.048 0.40836
65 0.580582 0.096 0.484582
65 0.484582 0.16 0.324582
18 0.551106 0.16 0.391106
32 0.426616 0.16 0.266616
35 0.527312 0.16 0.367312
37 0.580198 0.16 0.420198
50 0.40836 0.16 0.24836
60 0.8 0.048 0.752
36 0.665832 0.048 0.617832
38 0.8 0.048 0.752
39 0.8 0.048 0.752
60 0.752 0.096 0.656
60 0.656 0.16 0.496
36 0.617832 0.16 0.457832
38 0.752 0.16 0.592
39 0.752 0.16 0.592
59 0.8 0.048 0.752
32 0.33863 0.048 0.29063
35 0.446247 0.048 0.398247
37 0.493653 0.048 0.445653
65 0.397032 0.048 0.349032
7 0.8 0.048 0.752
29 0.8 0.048 0.752
8 0.8 0.048 0.752
67 0.8 0.048 0.752
8 0.752 0.096 0.656
8 0.656 0.16 0.496
8 0.496 0.016 0.48
67 0.752 0.16 0.592
2 0.8 0.048 0.752
6 0.8 0.048 0.752
27 0.8 0.048 0.752
2 0.752 0.096 0.656
2 0.656 0.16 0.496
6 0.752 0.16 0.592
6 0.592 0.016 0.576
2 0.496 0.016 0.48
6 0.576 0.048 0.528
2 0.48 0.048 0.432
27 0.752 0.048 0.704
6 0.528 0.048 0.48
6 0.48 0.16 0.32
27 0.704 0.16 0.544
2 0.432 0.16 0.272
27 0.544 0.16 0.384
55 0.8 0.048 0.752
14 0.8 0.048 0.752
23 0.8 0.048 0.752
49 0.8 0.048 0.752
55 0.752 0.096 0.656
55 0.656 0.16 0.496
14 0.752 0.16 0.592
23 0.752 0.16 0.592
23 0.592 0.016 0.576
55 0.496 0.016 0.48
23 0.576 0.048 0.528
14 0.592 0.048 0.544
49 0.752 0.048 0.704
55 0.48 0.048 0.432
63 0.8 0.048 0.752
23 0.528 0.096 0.432
23 0.432 0.16 0.272
49 0.704 0.16 0.544
14 0.544 0.16 0.384
49 0.544 0.16 0.384
55 0.432 0.16 0.272
63 0.752 0.16 0.592
21 0.8 0.048 0.752
30 0.637645 0.048 0.589645
49 0.384 0.048 0.336
23 0.346926 0.048 0.298926
55 0.343808 0.048 0.295808
48 0.8 0.048 0.752
28 0.8 0.048 0.752
43 0.8 0.048 0.752
20 0.8 0.048 0.752
53 0.772062 0.048 0.724062
12 0.572285 0.048 0.524285
13 0.681452 0.048 0.633452
40 0.8 0.048 0.752
69 0.631637 0.048 0.583637
24 0.8 0.048 0.752
36 0.755764 0.048 0.707764
24 0.752 0.048 0.704
24 0.704 0.16 0.544
36 0.707764 0.16 0.547764
36 0.547764 0.016 0.531764
24 0.544 0.016 0.528
36 0.531764 0.048 0.483764
24 0.528 0.048 0.48
38 0.8 0.048 0.752
39 0.8 0.048 0.752
60 0.8 0.048 0.752
36 0.483764 0.048 0.435764
36 0.435764 0.16 0.275764
24 0.48 0.16 0.32
38 0.752 0.16 0.592
38 0.592 0.016 0.576
36 0.275764 0.016 0.259764
38 0.576 0.048 0.528
36 0.259764 0.048 0.211764
39 0.752 0.048 0.704
60 0.752 0.048 0.704
39 0.704 0.16 0.544
60 0.704 0.16 0.544
59 0.8 0.048 0.752
32 0.662377 0.048 0.614377
32 0.614377 0.048 0.566377
18 0.8 0.048 0.752
35 0.772953 0.048 0.724953
37 0.8 0.048 0.752
50 0.681413 0.048 0.633413
59 0.752 0.048 0.704
65 0.72216 0.048 0.67416
32 0.566377 0.144 0.422377
32 0.422377 0.16 0.262377
18 0.752 0.16 0.592
35 0.724953 0.16 0.564953
35 0.564953 0.016 0.548953
32 0.262377 0.016 0.246377
35 0.548953 0.048 0.500953
18 0.592 0.048 0.544
32 0.246377 0.048 0.198377
37 0.752 0.048 0.704
50 0.633413 0.048 0.585413
65 0.67416 0.048 0.62616
35 0.500953 0.096 0.404953
35 0.404953 0.16 0.244953
37 0.704 0.16 0.544
50 0.585413 0.16 0.425413
59 0.704 0.16 0.544
65 0.62616 0.16 0.46616
18 0.544 0.16 0.384
32 0.198377 0.16 0.0383773
37 0.544 0.16 0.384
50 0.425413 0.16 0.265413
65 0.46616 0.16 0.30616
7 0.8 0.048 0.752
29 0.8 0.048 0.752
57 0.8 0.048 0.752
11 0.8 0.048 0.752
63 0.8 0.048 0.752
57 0.752 0.096 0.656
57 0.656 0.16 0.496
11 0.752 0.16 0.592
11 0.592 0.016 0.576
57 0.496 0.016 0.48
11 0.576 0.048 0.528
16 0.8 0.048 0.752
57 0.48 0.048 0.432
63 0.752 0.16 0.592
1 0.8 0.048 0.752
42 0.8 0.048 0.752
68 0.8 0.048 0.752
1 0.752 0.048 0.704
1 0.704 0.16 0.544
42 0.752 0.16 0.592
68 0.752 0.16 0.592
68 0.592 0.016 0.576
1 0.544 0.016 0.528
68 0.576 0.048 0.528
1 0.528 0.048 0.48
42 0.592 0.048 0.544
21 0.8 0.048 0.752
30 0.8 0.048 0.752
49 0.703354 0.048 0.655354
55 0.667181 0.048 0.619181
49 0.655354 0.048 0.607354
49 0.607354 0.16 0.447354
55 0.619181 0.16 0.459181
48 0.8 0.048 0.752
28 0.8 0.048 0.752
43 0.8 0.048 0.752
20 0.8 0.048 0.752
64 0.8 0.048 0.752
53 0.8 0.048 0.752
12 0.8 0.048 0.752
13 0.8 0.048 0.752
25 0.8 0.048 0.752
40 0.8 0.048 0.752
69 0.8 0.048 0.752
53 0.752 0.048 0.704
53 0.704 0.16 0.544
12 0.752 0.16 0.592
13 0.752 0.16 0.592
25 0.752 0.16 0.592
25 0.592 0.016 0.576
53 0.544 0.016 0.528
25 0.576 0.048 0.528
5 0.8 0.048 0.752
13 0.592 0.048 0.544
46 0.8 0.048 0.752
53 0.528 0.048 0.48
56 0.8 0.048 0.752
69 0.752 0.048 0.704
25 0.528 0.096 0.432
25 0.432 0.16 0.272
40 0.752 0.16 0.592
69 0.704 0.16 0.544
5 0.752 0.16 0.592
5 0.592 0.016 0.576
25 0.272 0.016 0.256
5 0.576 0.048 0.528
25 0.256 0.048 0.208
41 0.8 0.048 0.752
46 0.752 0.048 0.704
56 0.752 0.048 0.704
69 0.544 0.048 0.496
5 0.528 0.096 0.432
5 0.432 0.16 0.272
13 0.544 0.16 0.384
46 0.704 0.16 0.544
53 0.48 0.16 0.32
56 0.704 0.16 0.544
69 0.496 0.16 0.336
25 0.208 0.16 0.048
41 0.752 0.16 0.592
41 0.592 0.016 0.576
5 0.272 0.016 0.256
41 0.576 0.048 0.528
5 0.256 0.048 0.208
44 0.8 0.048 0.752
45 0.8 0.048 0.752
56 0.544 0.048 0.496
41 0.528 0.048 0.48
41 0.48 0.16 0.32
46 0.544 0.16 0.384
56 0.496 0.16 0.336
69 0.336 0.16 0.176
5 0.208 0.16 0.048
44 0.752 0.16 0.592
44 0.592 0.016 0.576
41 0.32 0.016 0.304
44 0.576 0.048 0.528
41 0.304 0.048 0.256
45 0.752 0.048 0.704
45 0.704 0.16 0.544
56 0.336 0.16 0.176
38 0.8 0.048 0.752
36 0.582198 0.048 0.534198
39 0.8 0.048 0.752
60 0.8 0.048 0.752
33 0.8 0.048 0.752
10 0.8 0.048 0.752
34 0.8 0.048 0.752
54 0.8 0.048 0.752
58 0.8 0.048 0.752
33 0.752 0.096 0.656
33 0.656 0.16 0.496
10 0.752 0.16 0.592
34 0.752 0.16 0.592
34 0.592 0.016 0.576
33 0.496 0.016 0.48
34 0.576 0.048 0.528
10 0.592 0.048 0.544
33 0.48 0.048 0.432
54 0.752 0.048 0.704
58 0.752 0.048 0.704
34 0.528 0.048 0.48
34 0.48 0.16 0.32
54 0.704 0.16 0.544
58 0.704 0.16 0.544
10 0.544 0.16 0.384
33 0.432 0.16 0.272
54 0.544 0.16 0.384
58 0.544 0.16 0.384
59 0.8 0.048 0.752
32 0.408231 0.048 0.360231
35 0.628512 0.048 0.580512
30 0.8 0.048 0.752
21 0.8 0.048 0.752
7 0.8 0.048 0.752
29 0.8 0.048 0.752
19 0.8 0.048 0.752
15 0.8 0.048 0.752
26 0.8 0.048 0.752
51 0.8 0.048 0.752
62 0.8 0.048 0.752
19 0.752 0.048 0.704
19 0.704 0.16 0.544
15 0.752 0.16 0.592
26 0.752 0.16 0.592
51 0.752 0.16 0.592
62 0.752 0.16 0.592
62 0.592 0.016 0.576
19 0.544 0.016 0.528
62 0.576 0.048 0.528
19 0.528 0.048 0.48
51 0.592 0.048 0.544
11 0.8 0.048 0.752
16 0.8 0.048 0.752
57 0.799131 0.048 0.751131
68 0.8 0.048 0.752
1 0.8 0.048 0.752
42 0.8 0.048 0.752
21 0.8 0.048 0.752
30 0.8 0.048 0.752
48 0.8 0.048 0.752
28 0.8 0.048 0.752
43 0.8 0.048 0.752
20 0.8 0.048 0.752
64 0.8 0.048 0.752
54 0.60039 0.048 0.55239
33 0.49794 0.048 0.44994
34 0.466558 0.048 0.418558
47 0.8 0.048 0.752
58 0.609136 0.048 0.561136
54 0.55239 0.048 0.50439
54 0.50439 0.16 0.34439
33 0.44994 0.16 0.28994
34 0.418558 0.16 0.258558
47 0.752 0.16 0.592
47 0.592 0.016 0.576
54 0.34439 0.016 0.32839
47 0.576 0.048 0.528
54 0.32839 0.048 0.28039
58 0.561136 0.16 0.401136
44 0.8 0.048 0.752
41 0.633076 0.048 0.585076
45 0.8 0.048 0.752
46 0.76596 0.048 0.71796
5 0.419854 0.048 0.371854
13 0.755139 0.048 0.707139
25 0.425961 0.048 0.377961
53 0.698558 0.048 0.650558
56 0.540732 0.048 0.492732
69 0.548369 0.048 0.500369
46 0.71796 0.048 0.66996
46 0.66996 0.16 0.50996
5 0.371854 0.16 0.211854
13 0.707139 0.16 0.547139
25 0.377961 0.16 0.217961
53 0.650558 0.16 0.490558
56 0.492732 0.16 0.332732
69 0.500369 0.16 0.340369
31 0.8 0.048 0.752
67 0.8 0.048 0.752
8 0.8 0.048 0.752
67 0.752 0.048 0.704
67 0.704 0.16 0.544
8 0.752 0.16 0.592
8 0.592 0.016 0.576
67 0.544 0.016 0.528
8 0.576 0.048 0.528
67 0.528 0.048 0.48
38 0.8 0.048 0.752
36 0.8 0.048 0.752
39 0.8 0.048 0.752
60 0.8 0.048 0.752
17 0.8 0.048 0.752
26 0.8 0.048 0.752
61 0.8 0.048 0.752
70 0.8 0.048 0.752
17 0.752 0.048 0.704
17 0.704 0.16 0.544
26 0.752 0.16 0.592
61 0.752 0.16 0.592
70 0.752 0.16 0.592
70 0.592 0.016 0.576
17 0.544 0.016 0.528
70 0.576 0.048 0.528
17 0.528 0.048 0.48
61 0.592 0.048 0.544
41 0.737045 0.048 0.689045
5 0.354031 0.048 0.306031
44 0.8 0.048 0.752
45 0.8 0.048 0.752
56 0.409143 0.048 0.361143
59 0.8 0.048 0.752
32 0.738766 0.048 0.690766
37 0.8 0.048 0.752
59 0.752 0.096 0.656
59 0.656 0.16 0.496
32 0.690766 0.16 0.530766
32 0.530766 0.016 0.514766
59 0.496 0.016 0.48
32 0.514766 0.048 0.466766
18 0.8 0.048 0.752
35 0.8 0.048 0.752
37 0.752 0.048 0.704
50 0.8 0.048 0.752
59 0.48 0.048 0.432
65 0.8 0.048 0.752
32 0.466766 0.096 0.370766
32 0.370766 0.16 0.210766
37 0.704 0.16 0.544
18 0.752 0.16 0.592
18 0.592 0.016 0.576
32 0.210766 0.016 0.194766
18 0.576 0.048 0.528
32 0.194766 0.048 0.146766
35 0.752 0.048 0.704
37 0.544 0.048 0.496
50 0.752 0.048 0.704
65 0.752 0.048 0.704
35 0.704 0.16 0.544
37 0.496 0.16 0.336
50 0.704 0.16 0.544
59 0.432 0.16 0.272
65 0.704 0.16 0.544
30 0.8 0.048 0.752
3 0.8 0.048 0.752
21 0.8 0.048 0.752
30 0.752 0.048 0.704
30 0.704 0.16 0.544
3 0.752 0.16 0.592
3 0.592 0.016 0.576
30 0.544 0.016 0.528
3 0.576 0.048 0.528
30 0.528 0.048 0.48
21 0.752 0.16 0.592
7 0.8 0.048 0.752
29 0.8 0.048 0.752
62 0.8 0.048 0.752
19 0.8 0.048 0.752
51 0.8 0.048 0.752
11 0.8 0.048 0.752
16 0.8 0.048 0.752
57 0.8 0.048 0.752
68 0.8 0.048 0.752
1 0.8 0.048 0.752
31 0.8 0.048 0.752
42 0.8 0.048 0.752
21 0.668556 0.048 0.620556
30 0.623917 0.048 0.575917
29 0.8 0.048 0.752
7 0.8 0.048 0.752
52 0.8 0.048 0.752
4 0.8 0.048 0.752
9 0.8 0.048 0.752
48 0.8 0.048 0.752
28 0.8 0.048 0.752
43 0.8 0.048 0.752
20 0.8 0.048 0.752
64 0.8 0.048 0.752
47 0.8 0.048 0.752
54 0.653929 0.048 0.605929
44 0.8 0.048 0.752
41 0.8 0.048 0.752
45 0.8 0.048 0.752
31 0.8 0.048 0.752
42 0.8 0.048 0.752
68 0.8 0.048 0.752
8 0.8 0.048 0.752
67 0.8 0.048 0.752
66 0.8 0.048 0.752
22 0.8 0.048 0.752
38 0.8 0.048 0.752
24 0.8 0.048 0.752
36 0.8 0.048 0.752
39 0.8 0.048 0.752
60 0.8 0.048 0.752
20 0.8 0.048 0.752
43 0.8 0.048 0.752
28 0.8 0.048 0.752
48 0.8 0.048 0.752
70 0.8 0.048 0.752
17 0.8 0.048 0.752
61 0.8 0.048 0.752
41 0.8 0.048 0.752
5 0.686514 0.048 0.638514
44 0.8 0.048 0.752
45 0.8 0.048 0.752
56 0.734312 0.048 0.686312
41 0.752 0.048 0.704
41 0.704 0.16 0.544
5 0.638514 0.16 0.478514
44 0.752 0.16 0.592
45 0.752 0.16 0.592
56 0.686312 0.16 0.526312
18 0.8 0.048 0.752
32 0.514153 0.048 0.466153
35 0.8 0.048 0.752
37 0.714901 0.048 0.666901
50 0.8 0.048 0.752
65 0.8 0.048 0.752
18 0.752 0.048 0.704
18 0.704 0.16 0.544
32 0.466153 0.16 0.306153
35 0.752 0.16 0.592
37 0.666901 0.16 0.506901
37 0.506901 0.016 0.490901
18 0.544 0.016 0.528
37 0.490901 0.048 0.442901
18 0.528 0.048 0.48
32 0.306153 0.048 0.258153
35 0.592 0.048 0.544
50 0.752 0.048 0.704
65 0.752 0.048 0.704
50 0.704 0.16 0.544
65 0.704 0.16 0.544
3 0.8 0.048 0.752
30 0.797417 0.048 0.749417
7 0.8 0.048 0.752
29 0.8 0.048 0.752
62 0.8 0.048 0.752
19 0.8 0.048 0.752
51 0.8 0.048 0.752
11 0.8 0.048 0.752
16 0.8 0.048 0.752
57 0.8 0.048 0.752
68 0.8 0.048 0.752
1 0.8 0.048 0.752
31 0.8 0.048 0.752
42 0.8 0.048 0.752
21 0.8 0.048 0.752
30 0.8 0.048 0.752
29 0.8 0.048 0.752
7 0.8 0.048 0.752
59 0.716221 0.048 0.668221
32 0.401953 0.048 0.353953
35 0.623569 0.048 0.575569
50 0.614532 0.048 0.566532
52 0.8 0.048 0.752
4 0.8 0.048 0.752
9 0.8 0.048 0.752
48 0.8 0.048 0.752
28 0.8 0.048 0.752
43 0.8 0.048 0.752
20 0.8 0.048 0.752
64 0.8 0.048 0.752
47 0.8 0.048 0.752
54 0.8 0.048 0.752
47 0.752 0.048 0.704
47 0.704 0.16 0.544
47 0.544 0.016 0.528
54 0.752 0.16 0.592
44 0.8 0.048 0.752
41 0.770606 0.048 0.722606
45 0.8 0.048 0.752
31 0.8 0.048 0.752
42 0.8 0.048 0.752
68 0.8 0.048 0.752
8 0.8 0.048 0.752
67 0.8 0.048 0.752
66 0.8 0.048 0.752
22 0.8 0.048 0.752
38 0.8 0.048 0.752
36 0.8 0.048 0.752
39 0.8 0.048 0.752
60 0.8 0.048 0.752
5 0.779239 0.048 0.731239
25 0.8 0.048 0.752
41 0.8 0.048 0.752
46 0.8 0.048 0.752
56 0.8 0.048 0.752
69 0.8 0.048 0.752
5 0.731239 0.048 0.683239
5 0.683239 0.16 0.523239
25 0.752 0.16 0.592
25 0.592 0.016 0.576
5 0.523239 0.016 0.507239
25 0.576 0.048 0.528
5 0.507239 0.048 0.459239
46 0.752 0.048 0.704
56 0.752 0.048 0.704
69 0.752 0.048 0.704
41 0.752 0.16 0.592
46 0.704 0.16 0.544
56 0.704 0.16 0.544
69 0.704 0.16 0.544
20 0.8 0.048 0.752
43 0.8 0.048 0.752
28 0.8 0.048 0.752
48 0.8 0.048 0.752
70 0.8 0.048 0.752
17 0.8 0.048 0.752
61 0.8 0.048 0.752
37 0.8 0.048 0.752
18 0.8 0.048 0.752
32 0.582783 0.048 0.534783
35 0.8 0.048 0.752
50 0.8 0.048 0.752
65 0.8 0.048 0.752
3 0.8 0.048 0.752
30 0.8 0.048 0.752
7 0.8 0.048 0.752
29 0.8 0.048 0.752
63 0.8 0.048 0.752
11 0.8 0.048 0.752
14 0.8 0.048 0.752
23 0.8 0.048 0.752
57 0.8 0.048 0.752
63 0.752 0.048 0.704
63 0.704 0.16 0.544
11 0.752 0.16 0.592
14 0.752 0.16 0.592
23 0.752 0.16 0.592
57 0.752 0.16 0.592
57 0.592 0.016 0.576
63 0.544 0.016 0.528
57 0.576 0.048 0.528
11 0.592 0.048 0.544
14 0.592 0.048 0.544
16 0.8 0.048 0.752
63 0.528 0.048 0.48
62 0.8 0.048 0.752
51 0.8 0.048 0.752
11 0.544 0.048 0.496
16 0.752 0.048 0.704
57 0.528 0.048 0.48
63 0.550238 0.048 0.502238
11 0.496 0.048 0.448
11 0.448 0.16 0.288
16 0.704 0.16 0.544
57 0.48 0.16 0.32
63 0.502238 0.16 0.342238
68 0.8 0.048 0.752
1 0.8 0.048 0.752
31 0.8 0.048 0.752
42 0.8 0.048 0.752
21 0.8 0.048 0.752
30 0.8 0.048 0.752
29 0.8 0.048 0.752
59 0.8 0.048 0.752
32 0.686543 0.048 0.638543
35 0.8 0.048 0.752
50 0.8 0.048 0.752
59 0.752 0.048 0.704
59 0.704 0.16 0.544
32 0.638543 0.16 0.478543
35 0.752 0.16 0.592
50 0.752 0.16 0.592
52 0.8 0.048 0.752
4 0.8 0.048 0.752
9 0.8 0.048 0.752
22 0.8 0.048 0.752
48 0.8 0.048 0.752
28 0.8 0.048 0.752
43 0.8 0.048 0.752
20 0.8 0.048 0.752
64 0.8 0.048 0.752
44 0.8 0.048 0.752
41 0.8 0.048 0.752
45 0.8 0.048 0.752
31 0.8 0.048 0.752
1 0.8 0.048 0.752
42 0.8 0.048 0.752
68 0.8 0.048 0.752
31 0.752 0.096 0.656
31 0.656 0.16 0.496
31 0.496 0.016 0.48
1 0.752 0.16 0.592
42 0.752 0.16 0.592
68 0.752 0.16 0.592
8 0.8 0.048 0.752
67 0.8 0.048 0.752
27 0.8 0.048 0.752
2 0.8 0.048 0.752
6 0.8 0.048 0.752
27 0.752 0.048 0.704
27 0.704 0.16 0.544
2 0.752 0.16 0.592
2 0.592 0.016 0.576
27 0.544 0.016 0.528
2 0.576 0.048 0.528
6 0.752 0.048 0.704
27 0.528 0.048 0.48
6 0.704 0.16 0.544
66 0.8 0.048 0.752
22 0.8 0.048 0.752
38 0.8 0.048 0.752
24 0.8 0.048 0.752
36 0.8 0.048 0.752
39 0.8 0.048 0.752
60 0.8 0.048 0.752
25 0.8 0.048 0.752
5 0.8 0.048 0.752
46 0.8 0.048 0.752
56 0.8 0.048 0.752
69 0.8 0.048 0.752
20 0.8 0.048 0.752
43 0.8 0.048 0.752
28 0.8 0.048 0.752
40 0.8 0.048 0.752
48 0.8 0.048 0.752
70 0.8 0.048 0.752
17 0.8 0.048 0.752
61 0.8 0.048 0.752
37 0.8 0.048 0.752
18 0.8 0.048 0.752
32 0.699855 0.048 0.651855
35 0.8 0.048 0.752
50 0.8 0.048 0.752
65 0.8 0.048 0.752
3 0.8 0.048 0.752
30 0.8 0.048 0.752
36 0.8 0.048 0.752
24 0.8 0.048 0.752
38 0.8 0.048 0.752
39 0.8 0.048 0.752
60 0.8 0.048 0.752
36 0.752 0.048 0.704
36 0.704 0.16 0.544
24 0.752 0.16 0.592
24 0.592 0.016 0.576
36 0.544 0.016 0.528
24 0.576 0.048 0.528
36 0.528 0.048 0.48
39 0.752 0.048 0.704
38 0.752 0.16 0.592
39 0.704 0.16 0.544
60 0.752 0.16 0.592
7 0.8 0.048 0.752
57 0.701611 0.048 0.653611
11 0.65631 0.048 0.60831
16 0.8 0.048 0.752
63 0.637052 0.048 0.589052
62 0.8 0.048 0.752
19 0.8 0.048 0.752
51 0.8 0.048 0.752
68 0.8 0.048 0.752
1 0.8 0.048 0.752
31 0.707321 0.048 0.659321
42 0.8 0.048 0.752
68 0.752 0.048 0.704
68 0.704 0.16 0.544
1 0.752 0.16 0.592
31 0.659321 0.16 0.499321
31 0.499321 0.016 0.483321
68 0.544 0.016 0.528
31 0.483321 0.048 0.435321
42 0.752 0.048 0.704
68 0.528 0.048 0.48
42 0.704 0.16 0.544
21 0.8 0.048 0.752
30 0.8 0.048 0.752
29 0.8 0.048 0.752
52 0.8 0.048 0.752
4 0.8 0.048 0.752
9 0.8 0.048 0.752
22 0.8 0.048 0.752
66 0.8 0.048 0.752
48 0.8 0.048 0.752
28 0.8 0.048 0.752
40 0.8 0.048 0.752
43 0.8 0.048 0.752
20 0.8 0.048 0.752
64 0.8 0.048 0.752
44 0.8 0.048 0.752
41 0.8 0.048 0.752
45 0.8 0.048 0.752
18 0.8 0.048 0.752
32 0.8 0.048 0.752
35 0.8 0.048 0.752
37 0.8 0.048 0.752
50 0.8 0.048 0.752
65 0.8 0.048 0.752
18 0.752 0.048 0.704
18 0.704 0.16 0.544
32 0.752 0.16 0.592
32 0.592 0.016 0.576
18 0.544 0.016 0.528
32 0.576 0.048 0.528
18 0.528 0.048 0.48
35 0.752 0.048 0.704
37 0.752 0.048 0.704
50 0.752 0.048 0.704
59 0.8 0.048 0.752
65 0.752 0.048 0.704
35 0.704 0.16 0.544
37 0.704 0.16 0.544
50 0.704 0.16 0.544
65 0.704 0.16 0.544
8 0.8 0.048 0.752
67 0.8 0.048 0.752
2 0.8 0.048 0.752
6 0.8 0.048 0.752
27 0.8 0.048 0.752
2 0.752 0.048 0.704
2 0.704 0.16 0.544
2 0.544 0.016 0.528
6 0.752 0.16 0.592
27 0.752 0.16 0.592
66 0.8 0.048 0.752
22 0.8 0.048 0.752
52 0.8 0.048 0.752
38 0.8 0.048 0.752
36 0.793002 0.048 0.745002
39 0.8 0.048 0.752
60 0.8 0.048 0.752
25 0.8 0.048 0.752
5 0.8 0.048 0.752
46 0.8 0.048 0.752
56 0.8 0.048 0.752
69 0.8 0.048 0.752
20 0.8 0.048 0.752
43 0.8 0.048 0.752
28 0.8 0.048 0.752
48 0.8 0.048 0.752
55 0.8 0.048 0.752
49 0.8 0.048 0.752
70 0.8 0.048 0.752
17 0.8 0.048 0.752
61 0.8 0.048 0.752
37 0.694114 0.048 0.646114
18 0.633713 0.048 0.585713
32 0.674287 0.048 0.626287
35 0.695949 0.048 0.647949
50 0.688234 0.048 0.640234
65 0.698086 0.048 0.650086
3 0.8 0.048 0.752
30 0.8 0.048 0.752
24 0.8 0.048 0.752
36 0.8 0.048 0.752
39 0.8 0.048 0.752
17 0.752 0.048 0.704
26 0.8 0.048 0.752
61 0.8 0.048 0.752
70 0.8 0.048 0.752
7 0.8 0.048 0.752
29 0.8 0.048 0.752
57 0.8 0.048 0.752
11 0.8 0.048 0.752
14 0.8 0.048 0.752
16 0.8 0.048 0.752
63 0.8 0.048 0.752
62 0.8 0.048 0.752
19 0.8 0.048 0.752
51 0.8 0.048 0.752
31 0.797118 0.048 0.749118
42 0.8 0.048 0.752
21 0.8 0.048 0.752
29 0.8 0.048 0.752
7 0.8 0.048 0.752
52 0.8 0.048 0.752
4 0.8 0.048 0.752
9 0.8 0.048 0.752
22 0.8 0.048 0.752
48 0.8 0.048 0.752
28 0.8 0.048 0.752
43 0.8 0.048 0.752
20 0.8 0.048 0.752
67 0.8 0.048 0.752
8 0.8 0.048 0.752
64 0.8 0.048 0.752
44 0.8 0.048 0.752
41 0.8 0.048 0.752
45 0.8 0.048 0.752
32 0.8 0.048 0.752
18 0.8 0.048 0.752
35 0.8 0.048 0.752
37 0.8 0.048 0.752
50 0.8 0.048 0.752
59 0.8 0.048 0.752
65 0.8 0.048 0.752
8 0.8 0.048 0.752
67 0.8 0.048 0.752
66 0.8 0.048 0.752
22 0.8 0.048 0.752
52 0.8 0.048 0.752
60 0.8 0.048 0.752
38 0.8 0.048 0.752
24 0.8 0.048 0.752
36 0.8 0.048 0.752
39 0.8 0.048 0.752
60 0.752 0.048 0.704
25 0.8 0.048 0.752
5 0.8 0.048 0.752
46 0.8 0.048 0.752
56 0.8 0.048 0.752
69 0.8 0.048 0.752
20 0.8 0.048 0.752
43 0.8 0.048 0.752
28 0.8 0.048 0.752
40 0.8 0.048 0.752
48 0.8 0.048 0.752
55 0.8 0.048 0.752
49 0.8 0.048 0.752
2 0.8 0.048 0.752
6 0.8 0.048 0.752
27 0.8 0.048 0.752
2 0.752 0.048 0.704
2 0.704 0.16 0.544
6 0.752 0.16 0.592
27 0.752 0.16 0.592
27 0.592 0.016 0.576
2 0.544 0.016 0.528
27 0.576 0.048 0.528
2 0.528 0.048 0.48
6 0.592 0.048 0.544
70 0.8 0.048 0.752
17 0.8 0.048 0.752
61 0.8 0.048 0.752
37 0.8 0.048 0.752
18 0.8 0.048 0.752
32 0.8 0.048 0.752
35 0.8 0.048 0.752
50 0.8 0.048 0.752
65 0.8 0.048 0.752
37 0.752 0.048 0.704
37 0.704 0.16 0.544
37 0.544 0.016 0.528
18 0.752 0.16 0.592
32 0.752 0.16 0.592
35 0.752 0.16 0.592
50 0.752 0.16 0.592
65 0.752 0.16 0.592
47 0.8 0.048 0.752
54 0.8 0.048 0.752
58 0.8 0.048 0.752
47 0.752 0.048 0.704
47 0.704 0.16 0.544
54 0.752 0.16 0.592
54 0.592 0.016 0.576
47 0.544 0.016 0.528
54 0.576 0.048 0.528
33 0.8 0.048 0.752
34 0.8 0.048 0.752
47 0.528 0.048 0.48
58 0.752 0.048 0.704
54 0.528 0.048 0.48
54 0.48 0.16 0.32
58 0.704 0.16 0.544
33 0.752 0.16 0.592
33 0.592 0.016 0.576
54 0.32 0.016 0.304
33 0.576 0.048 0.528
10 0.8 0.048 0.752
34 0.752 0.048 0.704
54 0.304 0.048 0.256
58 0.544 0.048 0.496
34 0.704 0.16 0.544
47 0.48 0.16 0.32
58 0.496 0.16 0.336
3 0.8 0.048 0.752
24 0.8 0.048 0.752
36 0.8 0.048 0.752
39 0.8 0.048 0.752
17 0.752 0.048 0.704
26 0.8 0.048 0.752
61 0.8 0.048 0.752
70 0.8 0.048 0.752
7 0.8 0.048 0.752
29 0.8 0.048 0.752
57 0.8 0.048 0.752
11 0.8 0.048 0.752
14 0.8 0.048 0.752
63 0.8 0.048 0.752
62 0.8 0.048 0.752
51 0.8 0.048 0.752
31 0.8 0.048 0.752
1 0.8 0.048 0.752
42 0.8 0.048 0.752
21 0.8 0.048 0.752
30 0.8 0.048 0.752
29 0.8 0.048 0.752
7 0.8 0.048 0.752
52 0.8 0.048 0.752
4 0.8 0.048 0.752
9 0.8 0.048 0.752
22 0.8 0.048 0.752
66 0.8 0.048 0.752
48 0.8 0.048 0.752
28 0.8 0.048 0.752
54 0.414602 0.048 0.366602
10 0.8 0.048 0.752
33 0.680873 0.048 0.632873
34 0.694473 0.048 0.646473
47 0.475881 0.048 0.427881
58 0.485886 0.048 0.437886
43 0.8 0.048 0.752
20 0.8 0.048 0.752
67 0.8 0.048 0.752
8 0.8 0.048 0.752
64 0.8 0.048 0.752
44 0.8 0.048 0.752
41 0.8 0.048 0.752
45 0.8 0.048 0.752
32 0.8 0.048 0.752
18 0.8 0.048 0.752
35 0.8 0.048 0.752
37 0.746373 0.048 0.698373
50 0.8 0.048 0.752
59 0.8 0.048 0.752
65 0.8 0.048 0.752
32 0.752 0.048 0.704
32 0.704 0.16 0.544
18 0.752 0.16 0.592
35 0.752 0.16 0.592
37 0.698373 0.16 0.538373
37 0.538373 0.016 0.522373
32 0.544 0.016 0.528
37 0.522373 0.048 0.474373
18 0.592 0.048 0.544
32 0.528 0.048 0.48
35 0.592 0.048 0.544
50 0.752 0.048 0.704
65 0.752 0.048 0.704
50 0.704 0.16 0.544
59 0.752 0.16 0.592
65 0.704 0.16 0.544
8 0.8 0.048 0.752
67 0.8 0.048 0.752
66 0.8 0.048 0.752
22 0.8 0.048 0.752
52 0.8 0.048 0.752
38 0.8 0.048 0.752
36 0.8 0.048 0.752
39 0.8 0.048 0.752
60 0.8 0.048 0.752
25 0.8 0.048 0.752
5 0.8 0.048 0.752
46 0.8 0.048 0.752
56 0.8 0.048 0.752
69 0.8 0.048 0.752
30 0.8 0.048 0.752
21 0.8 0.048 0.752
20 0.8 0.048 0.752
43 0.8 0.048 0.752
28 0.8 0.048 0.752
40 0.8 0.048 0.752
48 0.8 0.048 0.752
55 0.8 0.048 0.752
49 0.8 0.048 0.752
27 0.8 0.048 0.752
2 0.8 0.048 0.752
6 0.8 0.048 0.752
70 0.8 0.048 0.752
17 0.8 0.048 0.752
61 0.8 0.048 0.752
33 0.8 0.048 0.752
10 0.8 0.048 0.752
34 0.8 0.048 0.752
54 0.590952 0.048 0.542952
58 0.667276 0.048 0.619276
3 0.8 0.048 0.752
24 0.8 0.048 0.752
36 0.8 0.048 0.752
17 0.752 0.048 0.704
26 0.8 0.048 0.752
61 0.8 0.048 0.752
70 0.8 0.048 0.752
7 0.8 0.048 0.752
29 0.8 0.048 0.752
57 0.8 0.048 0.752
11 0.8 0.048 0.752
14 0.8 0.048 0.752
16 0.8 0.048 0.752
63 0.8 0.048 0.752
57 0.752 0.048 0.704
57 0.704 0.16 0.544
57 0.544 0.016 0.528
11 0.752 0.16 0.592
14 0.752 0.16 0.592
16 0.752 0.16 0.592
63 0.752 0.16 0.592
62 0.8 0.048 0.752
51 0.8 0.048 0.752
31 0.8 0.048 0.752
1 0.8 0.048 0.752
42 0.8 0.048 0.752
68 0.8 0.048 0.752
21 0.8 0.048 0.752
30 0.8 0.048 0.752
29 0.8 0.048 0.752
52 0.8 0.048 0.752
4 0.8 0.048 0.752
9 0.8 0.048 0.752
22 0.8 0.048 0.752
66 0.8 0.048 0.752
48 0.8 0.048 0.752
28 0.8 0.048 0.752
54 0.691566 0.048 0.643566
10 0.8 0.048 0.752
33 0.8 0.048 0.752
34 0.8 0.048 0.752
47 0.8 0.048 0.752
58 0.760718 0.048 0.712718
54 0.643566 0.048 0.595566
54 0.595566 0.16 0.435566
10 0.752 0.16 0.592
33 0.752 0.16 0.592
34 0.752 0.16 0.592
47 0.752 0.16 0.592
47 0.592 0.016 0.576
54 0.435566 0.016 0.419566
47 0.576 0.048 0.528
54 0.419566 0.048 0.371566
58 0.712718 0.048 0.664718
58 0.664718 0.16 0.504718
43 0.8 0.048 0.752
20 0.8 0.048 0.752
67 0.8 0.048 0.752
8 0.8 0.048 0.752
64 0.8 0.048 0.752
44 0.8 0.048 0.752
41 0.8 0.048 0.752
45 0.8 0.048 0.752
37 0.8 0.048 0.752
18 0.8 0.048 0.752
32 0.8 0.048 0.752
35 0.8 0.048 0.752
50 0.8 0.048 0.752
65 0.8 0.048 0.752
8 0.8 0.048 0.752
67 0.8 0.048 0.752
66 0.8 0.048 0.752
22 0.8 0.048 0.752
52 0.8 0.048 0.752
66 0.752 0.048 0.704
66 0.704 0.16 0.544
66 0.544 0.016 0.528
22 0.752 0.16 0.592
52 0.752 0.16 0.592
1 0.8 0.048 0.752
42 0.8 0.048 0.752
68 0.8 0.048 0.752
1 0.752 0.048 0.704
1 0.704 0.16 0.544
42 0.752 0.16 0.592
68 0.752 0.16 0.592
68 0.592 0.016 0.576
1 0.544 0.016 0.528
68 0.576 0.048 0.528
1 0.528 0.048 0.48
31 0.8 0.048 0.752
42 0.592 0.048 0.544
38 0.8 0.048 0.752
36 0.8 0.048 0.752
39 0.8 0.048 0.752
60 0.8 0.048 0.752
25 0.8 0.048 0.752
5 0.8 0.048 0.752
46 0.8 0.048 0.752
56 0.8 0.048 0.752
69 0.8 0.048 0.752
30 0.8 0.048 0.752
21 0.8 0.048 0.752
20 0.8 0.048 0.752
43 0.8 0.048 0.752
53 0.8 0.048 0.752
12 0.8 0.048 0.752
13 0.8 0.048 0.752
40 0.8 0.048 0.752
46 0.752 0.048 0.704
28 0.8 0.048 0.752
40 0.752 0.048 0.704
48 0.8 0.048 0.752
55 0.8 0.048 0.752
49 0.8 0.048 0.752
27 0.8 0.048 0.752
2 0.8 0.048 0.752
6 0.8 0.048 0.752
70 0.8 0.048 0.752
17 0.8 0.048 0.752
61 0.8 0.048 0.752
33 0.8 0.048 0.752
10 0.8 0.048 0.752
34 0.8 0.048 0.752
54 0.600939 0.048 0.552939
58 0.733689 0.048 0.685689
3 0.8 0.048 0.752
24 0.8 0.048 0.752
36 0.8 0.048 0.752
17 0.752 0.048 0.704
26 0.8 0.048 0.752
61 0.8 0.048 0.752
70 0.8 0.048 0.752
7 0.8 0.048 0.752
29 0.8 0.048 0.752
62 0.8 0.048 0.752
51 0.8 0.048 0.752
31 0.8 0.048 0.752
42 0.696399 0.048 0.648399
68 0.669729 0.048 0.621729
21 0.8 0.048 0.752
30 0.8 0.048 0.752
29 0.8 0.048 0.752
57 0.8 0.048 0.752
11 0.8 0.048 0.752
14 0.8 0.048 0.752
16 0.8 0.048 0.752
52 0.8 0.048 0.752
4 0.8 0.048 0.752
9 0.8 0.048 0.752
22 0.8 0.048 0.752
66 0.753453 0.048 0.705453
52 0.752 0.048 0.704
52 0.704 0.16 0.544
4 0.752 0.16 0.592
9 0.752 0.16 0.592
22 0.752 0.16 0.592
66 0.705453 0.16 0.545453
66 0.545453 0.016 0.529453
52 0.544 0.016 0.528
66 0.529453 0.048 0.481453
22 0.592 0.048 0.544
52 0.528 0.048 0.48
48 0.8 0.048 0.752
28 0.8 0.048 0.752
47 0.8 0.048 0.752
54 0.709862 0.048 0.661862
58 0.8 0.048 0.752
43 0.8 0.048 0.752
20 0.8 0.048 0.752
67 0.8 0.048 0.752
8 0.8 0.048 0.752
64 0.8 0.048 0.752
44 0.8 0.048 0.752
41 0.8 0.048 0.752
45 0.8 0.048 0.752
37 0.8 0.048 0.752
18 0.8 0.048 0.752
32 0.8 0.048 0.752
35 0.8 0.048 0.752
50 0.8 0.048 0.752
65 0.8 0.048 0.752
8 0.8 0.048 0.752
67 0.8 0.048 0.752
8 0.752 0.048 0.704
8 0.704 0.16 0.544
8 0.544 0.016 0.528
67 0.752 0.16 0.592
68 0.8 0.048 0.752
1 0.8 0.048 0.752
42 0.8 0.048 0.752
38 0.8 0.048 0.752
36 0.8 0.048 0.752
39 0.8 0.048 0.752
60 0.8 0.048 0.752
25 0.8 0.048 0.752
5 0.8 0.048 0.752
46 0.8 0.048 0.752
56 0.8 0.048 0.752
69 0.8 0.048 0.752
30 0.8 0.048 0.752
20 0.8 0.048 0.752
43 0.8 0.048 0.752
53 0.8 0.048 0.752
12 0.8 0.048 0.752
13 0.8 0.048 0.752
40 0.8 0.048 0.752
46 0.752 0.048 0.704
28 0.8 0.048 0.752
40 0.752 0.048 0.704
48 0.8 0.048 0.752
55 0.8 0.048 0.752
23 0.8 0.048 0.752
49 0.8 0.048 0.752
27 0.8 0.048 0.752
2 0.8 0.048 0.752
6 0.8 0.048 0.752
70 0.8 0.048 0.752
17 0.8 0.048 0.752
61 0.8 0.048 0.752
32 0.8 0.048 0.752
18 0.8 0.048 0.752
35 0.8 0.048 0.752
37 0.8 0.048 0.752
50 0.8 0.048 0.752
59 0.8 0.048 0.752
65 0.8 0.048 0.752
32 0.752 0.048 0.704
32 0.704 0.16 0.544
18 0.752 0.16 0.592
18 0.592 0.016 0.576
32 0.544 0.016 0.528
18 0.576 0.048 0.528
32 0.528 0.048 0.48
35 0.752 0.048 0.704
37 0.752 0.048 0.704
50 0.752 0.048 0.704
65 0.752 0.048 0.704
35 0.704 0.16 0.544
37 0.704 0.16 0.544
50 0.704 0.16 0.544
59 0.752 0.16 0.592
65 0.704 0.16 0.544
19 0.8 0.048 0.752
15 0.8 0.048 0.752
26 0.8 0.048 0.752
51 0.8 0.048 0.752
33 0.8 0.048 0.752
10 0.8 0.048 0.752
34 0.8 0.048 0.752
54 0.8 0.048 0.752
58 0.8 0.048 0.752
3 0.8 0.048 0.752
24 0.8 0.048 0.752
36 0.8 0.048 0.752
17 0.752 0.048 0.704
26 0.752 0.048 0.704
61 0.8 0.048 0.752
70 0.8 0.048 0.752
7 0.8 0.048 0.752
62 0.8 0.048 0.752
51 0.8 0.048 0.752
31 0.8 0.048 0.752
42 0.8 0.048 0.752
21 0.8 0.048 0.752
30 0.8 0.048 0.752
29 0.8 0.048 0.752
57 0.8 0.048 0.752
11 0.8 0.048 0.752
14 0.8 0.048 0.752
63 0.8 0.048 0.752
57 0.752 0.048 0.704
57 0.704 0.16 0.544
11 0.752 0.16 0.592
14 0.752 0.16 0.592
63 0.752 0.16 0.592
63 0.592 0.016 0.576
57 0.544 0.016 0.528
63 0.576 0.048 0.528
11 0.592 0.048 0.544
14 0.592 0.048 0.544
23 0.8 0.048 0.752
57 0.528 0.048 0.48
66 0.8 0.048 0.752
22 0.8 0.048 0.752
52 0.8 0.048 0.752
48 0.8 0.048 0.752
28 0.8 0.048 0.752
47 0.8 0.048 0.752
54 0.8 0.048 0.752
58 0.8 0.048 0.752
43 0.8 0.048 0.752
20 0.8 0.048 0.752
67 0.8 0.048 0.752
8 0.8 0.048 0.752
67 0.752 0.048 0.704
67 0.704 0.16 0.544
8 0.752 0.16 0.592
8 0.592 0.016 0.576
67 0.544 0.016 0.528
8 0.576 0.048 0.528
67 0.528 0.048 0.48
64 0.8 0.048 0.752
64 0.752 0.048 0.704
64 0.704 0.16 0.544
64 0.544 0.016 0.528
44 0.8 0.048 0.752
41 0.8 0.048 0.752
45 0.8 0.048 0.752
37 0.768364 0.048 0.720364
18 0.749234 0.048 0.701234
32 0.705495 0.048 0.657495
35 0.776682 0.048 0.728682
50 0.8 0.048 0.752
65 0.77195 0.048 0.72395
68 0.8 0.048 0.752
1 0.8 0.048 0.752
31 0.8 0.048 0.752
42 0.8 0.048 0.752
38 0.8 0.048 0.752
36 0.8 0.048 0.752
39 0.8 0.048 0.752
60 0.8 0.048 0.752
25 0.8 0.048 0.752
5 0.8 0.048 0.752
13 0.8 0.048 0.752
46 0.8 0.048 0.752
56 0.8 0.048 0.752
69 0.8 0.048 0.752
30 0.8 0.048 0.752
21 0.8 0.048 0.752
20 0.8 0.048 0.752
43 0.8 0.048 0.752
53 0.8 0.048 0.752
12 0.8 0.048 0.752
13 0.752 0.048 0.704
40 0.8 0.048 0.752
46 0.752 0.048 0.704
28 0.8 0.048 0.752
12 0.752 0.048 0.704
40 0.752 0.048 0.704
48 0.8 0.048 0.752
55 0.8 0.048 0.752
49 0.8 0.048 0.752
27 0.8 0.048 0.752
2 0.8 0.048 0.752
6 0.8 0.048 0.752
70 0.8 0.048 0.752
17 0.8 0.048 0.752
61 0.8 0.048 0.752
18 0.8 0.048 0.752
32 0.8 0.048 0.752
35 0.8 0.048 0.752
37 0.8 0.048 0.752
50 0.8 0.048 0.752
65 0.8 0.048 0.752
19 0.8 0.048 0.752
15 0.8 0.048 0.752
26 0.8 0.048 0.752
51 0.8 0.048 0.752
33 0.8 0.048 0.752
10 0.8 0.048 0.752
34 0.8 0.048 0.752
58 0.8 0.048 0.752
3 0.8 0.048 0.752
30 0.8 0.048 0.752
24 0.8 0.048 0.752
36 0.8 0.048 0.752
17 0.752 0.048 0.704
26 0.752 0.048 0.704
61 0.8 0.048 0.752
70 0.8 0.048 0.752
7 0.8 0.048 0.752
62 0.8 0.048 0.752
51 0.8 0.048 0.752
36 0.8 0.048 0.752
24 0.752 0.048 0.704
38 0.8 0.048 0.752
39 0.8 0.048 0.752
60 0.8 0.048 0.752
31 0.8 0.048 0.752
42 0.8 0.048 0.752
21 0.8 0.048 0.752
30 0.8 0.048 0.752
29 0.8 0.048 0.752
63 0.8 0.048 0.752
14 0.8 0.048 0.752
23 0.8 0.048 0.752
57 0.8 0.048 0.752
66 0.8 0.048 0.752
22 0.8 0.048 0.752
52 0.8 0.048 0.752
48 0.8 0.048 0.752
28 0.8 0.048 0.752
47 0.8 0.048 0.752
54 0.8 0.048 0.752
58 0.8 0.048 0.752
43 0.8 0.048 0.752
20 0.8 0.048 0.752
8 0.8 0.048 0.752
67 0.8 0.048 0.752
44 0.8 0.048 0.752
41 0.8 0.048 0.752
45 0.8 0.048 0.752
37 0.8 0.048 0.752
18 0.8 0.048 0.752
32 0.8 0.048 0.752
35 0.8 0.048 0.752
50 0.8 0.048 0.752
65 0.8 0.048 0.752
68 0.8 0.048 0.752
1 0.8 0.048 0.752
31 0.8 0.048 0.752
42 0.8 0.048 0.752
38 0.8 0.048 0.752
36 0.8 0.048 0.752
39 0.8 0.048 0.752
60 0.8 0.048 0.752
25 0.8 0.048 0.752
5 0.8 0.048 0.752
46 0.8 0.048 0.752
56 0.8 0.048 0.752
69 0.8 0.048 0.752
25 0.752 0.048 0.704
25 0.704 0.16 0.544
25 0.544 0.016 0.528
5 0.752 0.16 0.592
46 0.752 0.16 0.592
56 0.752 0.16 0.592
69 0.752 0.16 0.592
30 0.8 0.048 0.752
3 0.8 0.048 0.752
21 0.8 0.048 0.752
20 0.8 0.048 0.752
43 0.8 0.048 0.752
53 0.8 0.048 0.752
12 0.8 0.048 0.752
13 0.8 0.048 0.752
40 0.8 0.048 0.752
46 0.592 0.048 0.544
28 0.8 0.048 0.752
12 0.752 0.048 0.704
40 0.752 0.048 0.704
48 0.8 0.048 0.752
55 0.8 0.048 0.752
23 0.8 0.048 0.752
49 0.8 0.048 0.752
27 0.8 0.048 0.752
2 0.8 0.048 0.752
6 0.8 0.048 0.752
70 0.8 0.048 0.752
17 0.8 0.048 0.752
61 0.8 0.048 0.752
18 0.8 0.048 0.752
32 0.8 0.048 0.752
35 0.8 0.048 0.752
37 0.8 0.048 0.752
50 0.8 0.048 0.752
59 0.8 0.048 0.752
65 0.8 0.048 0.752
19 0.8 0.048 0.752
15 0.8 0.048 0.752
26 0.8 0.048 0.752
51 0.8 0.048 0.752
33 0.8 0.048 0.752
10 0.8 0.048 0.752
34 0.8 0.048 0.752
58 0.8 0.048 0.752
3 0.8 0.048 0.752
30 0.8 0.048 0.752
24 0.8 0.048 0.752
36 0.8 0.048 0.752
17 0.752 0.048 0.704
26 0.752 0.048 0.704
61 0.8 0.048 0.752
70 0.8 0.048 0.752
7 0.8 0.048 0.752
62 0.8 0.048 0.752
19 0.8 0.048 0.752
51 0.8 0.048 0.752
36 0.8 0.048 0.752
24 0.752 0.048 0.704
38 0.8 0.048 0.752
39 0.8 0.048 0.752
60 0.8 0.048 0.752
31 0.8 0.048 0.752
42 0.8 0.048 0.752
68 0.8 0.048 0.752
21 0.8 0.048 0.752
29 0.8 0.048 0.752
63 0.8 0.048 0.752
14 0.8 0.048 0.752
23 0.8 0.048 0.752
57 0.8 0.048 0.752
66 0.8 0.048 0.752
22 0.8 0.048 0.752
52 0.8 0.048 0.752
48 0.8 0.048 0.752
28 0.8 0.048 0.752
48 0.752 0.048 0.704
48 0.704 0.16 0.544
48 0.544 0.016 0.528
28 0.752 0.16 0.592
47 0.8 0.048 0.752
54 0.8 0.048 0.752
58 0.8 0.048 0.752
43 0.8 0.048 0.752
20 0.8 0.048 0.752
8 0.8 0.048 0.752
67 0.8 0.048 0.752
44 0.8 0.048 0.752
41 0.8 0.048 0.752
45 0.8 0.048 0.752
37 0.8 0.048 0.752
18 0.8 0.048 0.752
32 0.8 0.048 0.752
35 0.8 0.048 0.752
50 0.8 0.048 0.752
59 0.8 0.048 0.752
65 0.8 0.048 0.752
68 0.8 0.048 0.752
1 0.8 0.048 0.752
31 0.8 0.048 0.752
42 0.8 0.048 0.752
38 0.8 0.048 0.752
36 0.8 0.048 0.752
39 0.8 0.048 0.752
60 0.8 0.048 0.752
30 0.8 0.048 0.752
21 0.8 0.048 0.752
20 0.8 0.048 0.752
43 0.8 0.048 0.752
53 0.8 0.048 0.752
12 0.8 0.048 0.752
13 0.8 0.048 0.752
40 0.8 0.048 0.752
46 0.8 0.048 0.752
28 0.736242 0.048 0.688242
12 0.752 0.048 0.704
40 0.752 0.048 0.704
48 0.752465 0.048 0.704465
28 0.688242 0.048 0.640242
28 0.640242 0.16 0.480242
12 0.704 0.16 0.544
40 0.704 0.16 0.544
48 0.704465 0.16 0.544465
48 0.544465 0.016 0.528465
28 0.480242 0.016 0.464242
48 0.528465 0.048 0.480465
28 0.464242 0.048 0.416242
55 0.8 0.048 0.752
49 0.8 0.048 0.752
59 0.8 0.048 0.752
27 0.8 0.048 0.752
2 0.8 0.048 0.752
6 0.8 0.048 0.752
70 0.8 0.048 0.752
17 0.8 0.048 0.752
61 0.8 0.048 0.752
70 0.752 0.048 0.704
70 0.704 0.16 0.544
70 0.544 0.016 0.528
17 0.752 0.16 0.592
61 0.752 0.16 0.592
18 0.8 0.048 0.752
32 0.8 0.048 0.752
35 0.8 0.048 0.752
37 0.8 0.048 0.752
50 0.8 0.048 0.752
65 0.8 0.048 0.752
19 0.8 0.048 0.752
15 0.8 0.048 0.752
26 0.8 0.048 0.752
51 0.8 0.048 0.752
33 0.8 0.048 0.752
10 0.8 0.048 0.752
34 0.8 0.048 0.752
58 0.8 0.048 0.752
3 0.8 0.048 0.752
24 0.8 0.048 0.752
36 0.8 0.048 0.752
17 0.592 0.048 0.544
26 0.752 0.048 0.704
61 0.669067 0.048 0.621067
70 0.605826 0.048 0.557826
17 0.544 0.096 0.448
17 0.448 0.16 0.288
17 0.288 0.016 0.272
26 0.704 0.16 0.544
61 0.621067 0.16 0.461067
70 0.557826 0.16 0.397826
7 0.8 0.048 0.752
62 0.8 0.048 0.752
51 0.8 0.048 0.752
36 0.8 0.048 0.752
24 0.752 0.048 0.704
38 0.8 0.048 0.752
39 0.8 0.048 0.752
60 0.8 0.048 0.752
31 0.8 0.048 0.752
42 0.8 0.048 0.752
21 0.8 0.048 0.752
30 0.8 0.048 0.752
29 0.8 0.048 0.752
63 0.8 0.048 0.752
11 0.8 0.048 0.752
14 0.8 0.048 0.752
23 0.8 0.048 0.752
57 0.8 0.048 0.752
66 0.8 0.048 0.752
22 0.8 0.048 0.752
52 0.8 0.048 0.752
47 0.8 0.048 0.752
54 0.8 0.048 0.752
58 0.8 0.048 0.752
43 0.8 0.048 0.752
20 0.8 0.048 0.752
8 0.8 0.048 0.752
67 0.8 0.048 0.752
44 0.8 0.048 0.752
41 0.8 0.048 0.752
45 0.8 0.048 0.752
37 0.8 0.048 0.752
18 0.8 0.048 0.752
32 0.8 0.048 0.752
35 0.8 0.048 0.752
50 0.8 0.048 0.752
65 0.8 0.048 0.752
68 0.8 0.048 0.752
1 0.8 0.048 0.752
31 0.8 0.048 0.752
42 0.8 0.048 0.752
38 0.8 0.048 0.752
36 0.8 0.048 0.752
39 0.8 0.048 0.752
60 0.8 0.048 0.752
30 0.8 0.048 0.752
21 0.8 0.048 0.752
20 0.8 0.048 0.752
43 0.8 0.048 0.752
53 0.8 0.048 0.752
12 0.8 0.048 0.752
13 0.8 0.048 0.752
40 0.8 0.048 0.752
46 0.8 0.048 0.752
48 0.8 0.048 0.752
28 0.8 0.048 0.752
55 0.8 0.048 0.752
49 0.8 0.048 0.752
59 0.8 0.048 0.752
27 0.8 0.048 0.752
2 0.8 0.048 0.752
6 0.8 0.048 0.752
18 0.8 0.048 0.752
32 0.8 0.048 0.752
35 0.8 0.048 0.752
37 0.8 0.048 0.752
50 0.8 0.048 0.752
65 0.8 0.048 0.752
19 0.8 0.048 0.752
15 0.8 0.048 0.752
26 0.8 0.048 0.752
51 0.8 0.048 0.752
62 0.8 0.048 0.752
33 0.8 0.048 0.752
10 0.8 0.048 0.752
34 0.8 0.048 0.752
54 0.8 0.048 0.752
58 0.8 0.048 0.752
3 0.8 0.048 0.752
24 0.8 0.048 0.752
36 0.8 0.048 0.752
7 0.8 0.048 0.752
29 0.8 0.048 0.752
62 0.8 0.048 0.752
19 0.8 0.048 0.752
51 0.8 0.048 0.752
36 0.8 0.048 0.752
24 0.752 0.048 0.704
38 0.8 0.048 0.752
39 0.8 0.048 0.752
31 0.8 0.048 0.752
42 0.8 0.048 0.752
68 0.8 0.048 0.752
21 0.8 0.048 0.752
30 0.8 0.048 0.752
29 0.8 0.048 0.752
7 0.8 0.048 0.752
63 0.8 0.048 0.752
14 0.8 0.048 0.752
23 0.8 0.048 0.752
57 0.8 0.048 0.752
66 0.8 0.048 0.752
4 0.8 0.048 0.752
22 0.8 0.048 0.752
52 0.8 0.048 0.752
47 0.8 0.048 0.752
54 0.8 0.048 0.752
58 0.8 0.048 0.752
43 0.8 0.048 0.752
20 0.8 0.048 0.752
8 0.8 0.048 0.752
67 0.8 0.048 0.752
44 0.8 0.048 0.752
41 0.8 0.048 0.752
45 0.8 0.048 0.752
37 0.8 0.048 0.752
18 0.8 0.048 0.752
32 0.8 0.048 0.752
35 0.8 0.048 0.752
50 0.8 0.048 0.752
65 0.8 0.048 0.752
68 0.8 0.048 0.752
1 0.8 0.048 0.752
31 0.8 0.048 0.752
42 0.8 0.048 0.752
38 0.8 0.048 0.752
36 0.8 0.048 0.752
39 0.8 0.048 0.752
60 0.8 0.048 0.752
30 0.8 0.048 0.752
21 0.8 0.048 0.752
20 0.8 0.048 0.752
43 0.8 0.048 0.752
53 0.8 0.048 0.752
12 0.8 0.048 0.752
13 0.8 0.048 0.752
40 0.8 0.048 0.752
46 0.8 0.048 0.752
48 0.8 0.048 0.752
28 0.8 0.048 0.752
55 0.8 0.048 0.752
49 0.8 0.048 0.752
59 0.8 0.048 0.752
27 0.8 0.048 0.752
2 0.8 0.048 0.752
6 0.8 0.048 0.752
18 0.8 0.048 0.752
32 0.8 0.048 0.752
35 0.8 0.048 0.752
37 0.8 0.048 0.752
50 0.8 0.048 0.752
65 0.8 0.048 0.752
19 0.8 0.048 0.752
15 0.8 0.048 0.752
26 0.8 0.048 0.752
51 0.8 0.048 0.752
33 0.8 0.048 0.752
10 0.8 0.048 0.752
34 0.8 0.048 0.752
54 0.8 0.048 0.752
58 0.8 0.048 0.752
3 0.8 0.048 0.752
24 0.8 0.048 0.752
36 0.8 0.048 0.752
7 0.8 0.048 0.752
29 0.8 0.048 0.752
62 0.8 0.048 0.752
51 0.8 0.048 0.752
36 0.8 0.048 0.752
24 0.752 0.048 0.704
38 0.8 0.048 0.752
39 0.8 0.048 0.752
60 0.8 0.048 0.752
31 0.8 0.048 0.752
42 0.8 0.048 0.752
68 0.8 0.048 0.752
21 0.8 0.048 0.752
29 0.8 0.048 0.752
7 0.8 0.048 0.752
63 0.8 0.048 0.752
11 0.8 0.048 0.752
14 0.8 0.048 0.752
23 0.8 0.048 0.752
57 0.8 0.048 0.752
66 0.8 0.048 0.752
4 0.8 0.048 0.752
22 0.8 0.048 0.752
52 0.8 0.048 0.752
47 0.8 0.048 0.752
54 0.8 0.048 0.752
58 0.8 0.048 0.752
43 0.8 0.048 0.752
20 0.8 0.048 0.752
8 0.8 0.048 0.752
67 0.8 0.048 0.752
44 0.8 0.048 0.752
41 0.8 0.048 0.752
45 0.8 0.048 0.752
37 0.8 0.048 0.752
18 0.8 0.048 0.752
32 0.8 0.048 0.752
35 0.8 0.048 0.752
50 0.8 0.048 0.752
65 0.8 0.048 0.752
68 0.8 0.048 0.752
1 0.8 0.048 0.752
42 0.8 0.048 0.752
38 0.8 0.048 0.752
36 0.8 0.048 0.752
39 0.8 0.048 0.752
60 0.8 0.048 0.752
30 0.8 0.048 0.752
21 0.8 0.048 0.752
20 0.8 0.048 0.752
43 0.8 0.048 0.752
20 0.752 0.048 0.704
20 0.704 0.16 0.544
20 0.544 0.016 0.528
43 0.752 0.16 0.592
53 0.8 0.048 0.752
12 0.8 0.048 0.752
13 0.8 0.048 0.752
40 0.8 0.048 0.752
46 0.8 0.048 0.752
48 0.8 0.048 0.752
12 0.752 0.048 0.704
28 0.8 0.048 0.752
40 0.752 0.048 0.704
55 0.8 0.048 0.752
23 0.8 0.048 0.752
49 0.8 0.048 0.752
27 0.8 0.048 0.752
2 0.8 0.048 0.752
6 0.8 0.048 0.752
18 0.8 0.048 0.752
32 0.8 0.048 0.752
35 0.8 0.048 0.752
37 0.8 0.048 0.752
50 0.8 0.048 0.752
65 0.8 0.048 0.752
19 0.8 0.048 0.752
15 0.8 0.048 0.752
26 0.8 0.048 0.752
51 0.8 0.048 0.752
33 0.8 0.048 0.752
10 0.8 0.048 0.752
34 0.8 0.048 0.752
58 0.8 0.048 0.752
3 0.8 0.048 0.752
24 0.8 0.048 0.752
36 0.8 0.048 0.752
7 0.8 0.048 0.752
29 0.8 0.048 0.752
62 0.8 0.048 0.752
51 0.8 0.048 0.752
36 0.8 0.048 0.752
24 0.752 0.048 0.704
38 0.8 0.048 0.752
39 0.8 0.048 0.752
60 0.8 0.048 0.752
31 0.8 0.048 0.752
42 0.8 0.048 0.752
68 0.8 0.048 0.752
21 0.8 0.048 0.752
2 0.8 0.048 0.752
30 0.8 0.048 0.752
21 0.752 0.096 0.656
21 0.656 0.16 0.496
21 0.496 0.016 0.48
2 0.752 0.16 0.592
30 0.752 0.16 0.592
29 0.8 0.048 0.752
7 0.8 0.048 0.752
63 0.8 0.048 0.752
11 0.8 0.048 0.752
14 0.8 0.048 0.752
23 0.8 0.048 0.752
57 0.8 0.048 0.752
66 0.8 0.048 0.752
22 0.8 0.048 0.752
52 0.8 0.048 0.752
60 0.8 0.048 0.752
47 0.8 0.048 0.752
54 0.8 0.048 0.752
58 0.8 0.048 0.752
43 0.8 0.048 0.752
20 0.753347 0.048 0.705347
8 0.8 0.048 0.752
67 0.8 0.048 0.752
44 0.8 0.048 0.752
41 0.8 0.048 0.752
45 0.8 0.048 0.752
37 0.8 0.048 0.752
18 0.8 0.048 0.752
32 0.8 0.048 0.752
35 0.8 0.048 0.752
50 0.8 0.048 0.752
65 0.8 0.048 0.752
68 0.8 0.048 0.752
1 0.8 0.048 0.752
31 0.8 0.048 0.752
42 0.8 0.048 0.752
38 0.8 0.048 0.752
36 0.8 0.048 0.752
39 0.8 0.048 0.752
60 0.8 0.048 0.752
30 0.736945 0.048 0.688945
30 0.688945 0.048 0.640945
30 0.640945 0.16 0.480945
30 0.480945 0.016 0.464945
53 0.8 0.048 0.752
12 0.8 0.048 0.752
13 0.8 0.048 0.752
40 0.8 0.048 0.752
46 0.8 0.048 0.752
48 0.8 0.048 0.752
12 0.752 0.048 0.704
28 0.8 0.048 0.752
40 0.752 0.048 0.704
55 0.8 0.048 0.752
23 0.8 0.048 0.752
49 0.8 0.048 0.752
27 0.8 0.048 0.752
2 0.8 0.048 0.752
6 0.8 0.048 0.752
18 0.8 0.048 0.752
32 0.8 0.048 0.752
35 0.8 0.048 0.752
37 0.8 0.048 0.752
50 0.8 0.048 0.752
65 0.8 0.048 0.752
19 0.8 0.048 0.752
15 0.8 0.048 0.752
26 0.8 0.048 0.752
51 0.8 0.048 0.752
62 0.8 0.048 0.752
33 0.8 0.048 0.752
10 0.8 0.048 0.752
34 0.8 0.048 0.752
54 0.8 0.048 0.752
58 0.8 0.048 0.752
3 0.8 0.048 0.752
3 0.752 0.048 0.704
3 0.704 0.16 0.544
3 0.544 0.016 0.528
24 0.8 0.048 0.752
36 0.8 0.048 0.752
7 0.8 0.048 0.752
29 0.8 0.048 0.752
62 0.8 0.048 0.752
19 0.8 0.048 0.752
51 0.8 0.048 0.752
36 0.8 0.048 0.752
24 0.752 0.048 0.704
38 0.8 0.048 0.752
39 0.8 0.048 0.752
31 0.8 0.048 0.752
42 0.8 0.048 0.752
68 0.8 0.048 0.752
29 0.8 0.048 0.752
7 0.8 0.048 0.752
45 0.8 0.048 0.752
63 0.8 0.048 0.752
11 0.8 0.048 0.752
14 0.8 0.048 0.752
23 0.8 0.048 0.752
57 0.8 0.048 0.752
66 0.8 0.048 0.752
22 0.8 0.048 0.752
52 0.8 0.048 0.752
60 0.8 0.048 0.752
47 0.8 0.048 0.752
54 0.8 0.048 0.752
58 0.8 0.048 0.752
43 0.8 0.048 0.752
20 0.8 0.048 0.752
8 0.8 0.048 0.752
67 0.8 0.048 0.752
44 0.8 0.048 0.752
41 0.8 0.048 0.752
45 0.8 0.048 0.752
37 0.8 0.048 0.752
18 0.8 0.048 0.752
32 0.8 0.048 0.752
35 0.8 0.048 0.752
50 0.8 0.048 0.752
65 0.8 0.048 0.752
68 0.8 0.048 0.752
1 0.8 0.048 0.752
31 0.8 0.048 0.752
42 0.8 0.048 0.752
38 0.8 0.048 0.752
36 0.8 0.048 0.752
39 0.8 0.048 0.752
60 0.8 0.048 0.752
53 0.8 0.048 0.752
12 0.8 0.048 0.752
13 0.8 0.048 0.752
25 0.8 0.048 0.752
40 0.8 0.048 0.752
46 0.8 0.048 0.752
53 0.752 0.048 0.704
53 0.704 0.16 0.544
12 0.752 0.16 0.592
13 0.752 0.16 0.592
25 0.752 0.16 0.592
25 0.592 0.016 0.576
53 0.544 0.016 0.528
25 0.576 0.048 0.528
5 0.8 0.048 0.752
46 0.752 0.048 0.704
53 0.528 0.048 0.48
56 0.8 0.048 0.752
69 0.8 0.048 0.752
25 0.528 0.048 0.48
25 0.48 0.16 0.32
40 0.752 0.16 0.592
46 0.704 0.16 0.544
5 0.752 0.16 0.592
5 0.592 0.016 0.576
25 0.32 0.016 0.304
5 0.576 0.048 0.528
25 0.304 0.048 0.256
46 0.544 0.048 0.496
56 0.752 0.048 0.704
69 0.752 0.048 0.704
46 0.496 0.16 0.336
53 0.48 0.16 0.32
56 0.704 0.16 0.544
69 0.704 0.16 0.544
48 0.8 0.048 0.752
12 0.592 0.048 0.544
28 0.8 0.048 0.752
40 0.592 0.048 0.544
55 0.8 0.048 0.752
23 0.8 0.048 0.752
49 0.8 0.048 0.752
59 0.8 0.048 0.752
55 0.752 0.048 0.704
55 0.704 0.16 0.544
55 0.544 0.016 0.528
23 0.752 0.16 0.592
49 0.752 0.16 0.592
59 0.752 0.16 0.592
27 0.8 0.048 0.752
2 0.8 0.048 0.752
6 0.8 0.048 0.752
18 0.8 0.048 0.752
32 0.8 0.048 0.752
35 0.8 0.048 0.752
37 0.8 0.048 0.752
50 0.8 0.048 0.752
65 0.8 0.048 0.752
19 0.8 0.048 0.752
15 0.8 0.048 0.752
26 0.8 0.048 0.752
51 0.8 0.048 0.752
62 0.8 0.048 0.752
33 0.8 0.048 0.752
10 0.8 0.048 0.752
34 0.8 0.048 0.752
54 0.8 0.048 0.752
58 0.8 0.048 0.752
24 0.8 0.048 0.752
36 0.8 0.048 0.752
7 0.8 0.048 0.752
29 0.8 0.048 0.752
62 0.8 0.048 0.752
19 0.8 0.048 0.752
51 0.8 0.048 0.752
36 0.8 0.048 0.752
24 0.752 0.048 0.704
38 0.8 0.048 0.752
39 0.8 0.048 0.752
31 0.8 0.048 0.752
1 0.8 0.048 0.752
42 0.8 0.048 0.752
68 0.8 0.048 0.752
29 0.8 0.048 0.752
7 0.8 0.048 0.752
45 0.8 0.048 0.752
63 0.8 0.048 0.752
14 0.8 0.048 0.752
57 0.8 0.048 0.752
63 0.752 0.048 0.704
63 0.704 0.16 0.544
63 0.544 0.016 0.528
14 0.752 0.16 0.592
57 0.752 0.16 0.592
66 0.8 0.048 0.752
22 0.8 0.048 0.752
52 0.8 0.048 0.752
60 0.8 0.048 0.752
47 0.8 0.048 0.752
54 0.8 0.048 0.752
58 0.8 0.048 0.752
43 0.8 0.048 0.752
20 0.8 0.048 0.752
8 0.8 0.048 0.752
67 0.8 0.048 0.752
44 0.8 0.048 0.752
41 0.8 0.048 0.752
45 0.8 0.048 0.752
37 0.8 0.048 0.752
18 0.8 0.048 0.752
32 0.8 0.048 0.752
35 0.8 0.048 0.752
50 0.8 0.048 0.752
65 0.8 0.048 0.752
68 0.8 0.048 0.752
1 0.8 0.048 0.752
31 0.8 0.048 0.752
42 0.8 0.048 0.752
38 0.8 0.048 0.752
36 0.8 0.048 0.752
39 0.8 0.048 0.752
60 0.8 0.048 0.752
5 0.8 0.048 0.752
25 0.640072 0.048 0.592072
46 0.715287 0.048 0.667287
56 0.8 0.048 0.752
69 0.8 0.048 0.752
48 0.8 0.048 0.752
12 0.8 0.048 0.752
28 0.8 0.048 0.752
40 0.8 0.048 0.752
27 0.8 0.048 0.752
2 0.8 0.048 0.752
6 0.8 0.048 0.752
18 0.8 0.048 0.752
32 0.8 0.048 0.752
35 0.8 0.048 0.752
37 0.8 0.048 0.752
50 0.8 0.048 0.752
65 0.8 0.048 0.752
19 0.8 0.048 0.752
15 0.8 0.048 0.752
51 0.8 0.048 0.752
62 0.8 0.048 0.752
33 0.8 0.048 0.752
10 0.8 0.048 0.752
34 0.8 0.048 0.752
58 0.8 0.048 0.752
24 0.8 0.048 0.752
36 0.8 0.048 0.752
7 0.8 0.048 0.752
29 0.8 0.048 0.752
62 0.8 0.048 0.752
19 0.8 0.048 0.752
51 0.8 0.048 0.752
36 0.8 0.048 0.752
24 0.752 0.048 0.704
39 0.8 0.048 0.752
31 0.8 0.048 0.752
42 0.8 0.048 0.752
68 0.8 0.048 0.752
29 0.8 0.048 0.752
7 0.8 0.048 0.752
45 0.8 0.048 0.752
66 0.8 0.048 0.752
22 0.8 0.048 0.752
52 0.8 0.048 0.752
60 0.8 0.048 0.752
66 0.752 0.048 0.704
66 0.704 0.16 0.544
66 0.544 0.016 0.528
22 0.752 0.16 0.592
52 0.752 0.16 0.592
60 0.752 0.16 0.592
47 0.8 0.048 0.752
54 0.8 0.048 0.752
58 0.8 0.048 0.752
43 0.8 0.048 0.752
20 0.8 0.048 0.752
8 0.8 0.048 0.752
67 0.8 0.048 0.752
44 0.8 0.048 0.752
41 0.8 0.048 0.752
45 0.8 0.048 0.752
37 0.8 0.048 0.752
18 0.8 0.048 0.752
32 0.8 0.048 0.752
35 0.8 0.048 0.752
50 0.8 0.048 0.752
65 0.8 0.048 0.752
68 0.8 0.048 0.752
1 0.8 0.048 0.752
31 0.8 0.048 0.752
42 0.8 0.048 0.752
38 0.8 0.048 0.752
39 0.8 0.048 0.752
60 0.745315 0.048 0.697315
5 0.8 0.048 0.752
25 0.8 0.048 0.752
56 0.8 0.048 0.752
69 0.8 0.048 0.752
48 0.8 0.048 0.752
12 0.8 0.048 0.752
28 0.8 0.048 0.752
40 0.8 0.048 0.752
27 0.8 0.048 0.752
2 0.8 0.048 0.752
6 0.8 0.048 0.752
18 0.8 0.048 0.752
32 0.8 0.048 0.752
35 0.8 0.048 0.752
37 0.8 0.048 0.752
50 0.8 0.048 0.752
65 0.8 0.048 0.752
19 0.8 0.048 0.752
15 0.8 0.048 0.752
26 0.8 0.048 0.752
51 0.8 0.048 0.752
62 0.8 0.048 0.752
33 0.8 0.048 0.752
10 0.8 0.048 0.752
34 0.8 0.048 0.752
58 0.8 0.048 0.752
24 0.8 0.048 0.752
36 0.8 0.048 0.752
67 0.8 0.048 0.752
24 0.752 0.096 0.656
24 0.656 0.16 0.496
24 0.496 0.016 0.48
36 0.752 0.16 0.592
67 0.752 0.16 0.592
7 0.8 0.048 0.752
29 0.8 0.048 0.752
62 0.8 0.048 0.752
19 0.8 0.048 0.752
51 0.8 0.048 0.752
36 0.668734 0.048 0.620734
24 0.48 0.048 0.432
39 0.8 0.048 0.752
31 0.8 0.048 0.752
42 0.8 0.048 0.752
68 0.8 0.048 0.752
29 0.8 0.048 0.752
7 0.8 0.048 0.752
45 0.8 0.048 0.752
47 0.8 0.048 0.752
54 0.8 0.048 0.752
58 0.8 0.048 0.752
43 0.8 0.048 0.752
20 0.8 0.048 0.752
8 0.8 0.048 0.752
67 0.742562 0.048 0.694562
8 0.752 0.048 0.704
8 0.704 0.16 0.544
8 0.544 0.016 0.528
67 0.694562 0.16 0.534562
44 0.8 0.048 0.752
41 0.8 0.048 0.752
45 0.8 0.048 0.752
37 0.8 0.048 0.752
18 0.8 0.048 0.752
32 0.8 0.048 0.752
35 0.8 0.048 0.752
50 0.8 0.048 0.752
65 0.8 0.048 0.752
68 0.8 0.048 0.752
1 0.8 0.048 0.752
31 0.8 0.048 0.752
42 0.8 0.048 0.752
38 0.8 0.048 0.752
39 0.8 0.048 0.752
60 0.8 0.048 0.752
5 0.8 0.048 0.752
25 0.8 0.048 0.752
46 0.8 0.048 0.752
56 0.8 0.048 0.752
69 0.8 0.048 0.752
48 0.8 0.048 0.752
12 0.8 0.048 0.752
28 0.8 0.048 0.752
40 0.8 0.048 0.752
27 0.8 0.048 0.752
2 0.8 0.048 0.752
6 0.8 0.048 0.752
18 0.8 0.048 0.752
32 0.8 0.048 0.752
35 0.8 0.048 0.752
37 0.8 0.048 0.752
50 0.8 0.048 0.752
65 0.8 0.048 0.752
19 0.8 0.048 0.752
15 0.8 0.048 0.752
26 0.8 0.048 0.752
51 0.8 0.048 0.752
62 0.8 0.048 0.752
33 0.8 0.048 0.752
10 0.8 0.048 0.752
34 0.8 0.048 0.752
7 0.8 0.048 0.752
29 0.8 0.048 0.752
62 0.8 0.048 0.752
19 0.8 0.048 0.752
51 0.8 0.048 0.752
36 0.8 0.048 0.752
24 0.8 0.048 0.752
39 0.8 0.048 0.752
36 0.752 0.048 0.704
36 0.704 0.16 0.544
24 0.752 0.16 0.592
24 0.592 0.016 0.576
36 0.544 0.016 0.528
24 0.576 0.048 0.528
36 0.528 0.048 0.48
39 0.752 0.16 0.592
31 0.8 0.048 0.752
1 0.8 0.048 0.752
42 0.8 0.048 0.752
68 0.8 0.048 0.752
29 0.8 0.048 0.752
7 0.8 0.048 0.752
29 0.752 0.048 0.704
29 0.704 0.16 0.544
29 0.544 0.016 0.528
7 0.752 0.16 0.592
47 0.8 0.048 0.752
54 0.8 0.048 0.752
43 0.8 0.048 0.752
20 0.8 0.048 0.752
44 0.8 0.048 0.752
41 0.8 0.048 0.752
45 0.8 0.048 0.752
37 0.8 0.048 0.752
18 0.8 0.048 0.752
32 0.8 0.048 0.752
35 0.8 0.048 0.752
50 0.8 0.048 0.752
65 0.8 0.048 0.752
