19 50 0.048 49.952
10 50 0.048 49.952
19 49.952 0.16 49.792
10 49.952 0.16 49.792
10 49.792 0.048 49.744
19 49.792 0.048 49.744
10 49.744 0.16 49.584
19 49.744 0.16 49.584
3 50 0.048 49.952
3 49.952 0.16 49.792
11 50 0.048 49.952
20 50 0.048 49.952
11 49.952 0.16 49.792
20 49.952 0.16 49.792
20 49.792 0.048 49.744
11 49.792 0.048 49.744
29 50 0.048 49.952
15 50 0.048 49.952
26 50 0.048 49.952
29 49.952 0.16 49.792
15 49.952 0.16 49.792
15 49.792 0.048 49.744
26 49.952 0.048 49.904
29 49.792 0.048 49.744
15 49.744 0.16 49.584
26 49.904 0.16 49.744
26 49.744 0.048 49.696
15 49.584 0.048 49.536
29 49.744 0.048 49.696
26 49.696 0.16 49.536
29 49.696 0.16 49.536
20 50 0.048 49.952
11 50 0.048 49.952
26 49.764 0.048 49.716
15 49.6902 0.048 49.6422
29 49.9055 0.048 49.8575
12 50 0.048 49.952
8 50 0.048 49.952
22 50 0.048 49.952
24 50 0.048 49.952
12 49.952 0.16 49.792
8 49.952 0.16 49.792
8 49.792 0.048 49.744
12 49.792 0.048 49.744
22 49.952 0.16 49.792
22 49.792 0.048 49.744
12 49.744 0.048 49.696
24 49.952 0.048 49.904
22 49.744 0.16 49.584
24 49.904 0.16 49.744
24 49.744 0.048 49.696
12 49.696 0.048 49.648
22 49.584 0.048 49.536
24 49.696 0.16 49.536
24 49.536 0.16 49.376
12 49.648 0.16 49.488
22 49.536 0.16 49.376
20 50 0.048 49.952
11 50 0.048 49.952
26 50 0.048 49.952
15 49.9421 0.048 49.8941
29 50 0.048 49.952
8 49.8728 0.048 49.8248
12 49.7794 0.048 49.7314
24 49.5818 0.048 49.5338
30 50 0.048 49.952
20 50 0.048 49.952
11 50 0.048 49.952
14 50 0.048 49.952
1 50 0.048 49.952
7 50 0.048 49.952
14 49.952 0.16 49.792
1 49.952 0.16 49.792
1 49.792 0.048 49.744
7 49.952 0.048 49.904
14 49.792 0.048 49.744
1 49.744 0.16 49.584
7 49.904 0.16 49.744
7 49.744 0.048 49.696
1 49.584 0.048 49.536
14 49.744 0.048 49.696
7 49.696 0.16 49.536
14 49.696 0.16 49.536
26 50 0.048 49.952
15 50 0.048 49.952
29 50 0.048 49.952
8 50 0.048 49.952
12 50 0.048 49.952
24 49.7421 0.048 49.6941
30 50 0.048 49.952
20 50 0.048 49.952
11 50 0.048 49.952
7 49.7433 0.048 49.6953
1 49.6518 0.048 49.6038
14 49.8765 0.048 49.8285
26 50 0.048 49.952
15 50 0.048 49.952
29 50 0.048 49.952
8 50 0.048 49.952
12 50 0.048 49.952
24 49.8669 0.048 49.8189
30 50 0.048 49.952
20 50 0.048 49.952
11 50 0.048 49.952
7 49.8325 0.048 49.7845
1 49.9422 0.048 49.8942
14 50 0.048 49.952
26 50 0.048 49.952
15 50 0.048 49.952
29 50 0.048 49.952
8 50 0.048 49.952
12 50 0.048 49.952
24 50 0.048 49.952
30 50 0.048 49.952
20 50 0.048 49.952
11 50 0.048 49.952
9 50 0.048 49.952
7 49.9312 0.048 49.8832
1 50 0.048 49.952
14 50 0.048 49.952
23 50 0.048 49.952
26 50 0.048 49.952
15 50 0.048 49.952
29 50 0.048 49.952
26 49.952 0.16 49.792
15 49.952 0.16 49.792
29 49.952 0.16 49.792
8 50 0.048 49.952
24 50 0.048 49.952
30 50 0.048 49.952
20 50 0.048 49.952
11 50 0.048 49.952
9 50 0.048 49.952
17 50 0.048 49.952
18 50 0.048 49.952
17 49.952 0.16 49.792
18 49.952 0.16 49.792
18 49.792 0.048 49.744
17 49.792 0.048 49.744
7 49.9866 0.048 49.9386
1 50 0.048 49.952
14 50 0.048 49.952
23 50 0.048 49.952
8 50 0.048 49.952
12 50 0.048 49.952
24 50 0.048 49.952
5 50 0.048 49.952
25 50 0.048 49.952
28 50 0.048 49.952
5 49.952 0.16 49.792
25 49.952 0.16 49.792
25 49.792 0.048 49.744
5 49.792 0.048 49.744
28 49.952 0.048 49.904
25 49.744 0.16 49.584
28 49.904 0.16 49.744
28 49.744 0.048 49.696
5 49.744 0.048 49.696
25 49.584 0.048 49.536
5 49.696 0.16 49.536
28 49.696 0.16 49.536
30 50 0.048 49.952
20 50 0.048 49.952
11 50 0.048 49.952
9 50 0.048 49.952
18 50 0.048 49.952
17 50 0.048 49.952
7 50 0.048 49.952
1 50 0.048 49.952
14 50 0.048 49.952
23 50 0.048 49.952
8 50 0.048 49.952
24 50 0.048 49.952
28 49.876 0.048 49.828
5 49.7739 0.048 49.7259
25 49.8231 0.048 49.7751
30 50 0.048 49.952
20 50 0.048 49.952
11 50 0.048 49.952
9 50 0.048 49.952
18 50 0.048 49.952
17 50 0.048 49.952
7 50 0.048 49.952
1 50 0.048 49.952
14 50 0.048 49.952
23 50 0.048 49.952
8 50 0.048 49.952
24 50 0.048 49.952
28 50 0.048 49.952
5 50 0.048 49.952
25 50 0.048 49.952
30 50 0.048 49.952
20 50 0.048 49.952
11 50 0.048 49.952
9 50 0.048 49.952
18 50 0.048 49.952
17 50 0.048 49.952
7 50 0.048 49.952
1 50 0.048 49.952
14 50 0.048 49.952
23 50 0.048 49.952
8 50 0.048 49.952
24 50 0.048 49.952
28 50 0.048 49.952
5 50 0.048 49.952
25 50 0.048 49.952
30 50 0.048 49.952
20 50 0.048 49.952
11 50 0.048 49.952
9 50 0.048 49.952
18 50 0.048 49.952
17 50 0.048 49.952
7 50 0.048 49.952
1 50 0.048 49.952
14 50 0.048 49.952
23 50 0.048 49.952
10 50 0.048 49.952
19 50 0.048 49.952
10 49.952 0.16 49.792
19 49.952 0.16 49.792
19 49.792 0.048 49.744
10 49.792 0.048 49.744
8 50 0.048 49.952
24 50 0.048 49.952
28 50 0.048 49.952
5 50 0.048 49.952
25 50 0.048 49.952
30 50 0.048 49.952
20 50 0.048 49.952
11 50 0.048 49.952
9 50 0.048 49.952
18 50 0.048 49.952
17 50 0.048 49.952
7 50 0.048 49.952
1 50 0.048 49.952
14 50 0.048 49.952
23 50 0.048 49.952
19 50 0.048 49.952
10 50 0.048 49.952
8 50 0.048 49.952
12 50 0.048 49.952
24 50 0.048 49.952
28 50 0.048 49.952
5 50 0.048 49.952
25 50 0.048 49.952
30 50 0.048 49.952
21 50 0.048 49.952
20 50 0.048 49.952
11 50 0.048 49.952
2 50 0.048 49.952
9 50 0.048 49.952
18 50 0.048 49.952
17 50 0.048 49.952
7 50 0.048 49.952
1 50 0.048 49.952
14 50 0.048 49.952
23 50 0.048 49.952
13 50 0.048 49.952
13 49.952 0.16 49.792
19 50 0.048 49.952
10 50 0.048 49.952
8 50 0.048 49.952
12 50 0.048 49.952
28 50 0.048 49.952
5 50 0.048 49.952
25 50 0.048 49.952
30 50 0.048 49.952
21 50 0.048 49.952
20 50 0.048 49.952
11 50 0.048 49.952
2 50 0.048 49.952
9 50 0.048 49.952
18 50 0.048 49.952
17 50 0.048 49.952
7 50 0.048 49.952
1 50 0.048 49.952
14 50 0.048 49.952
23 50 0.048 49.952
26 50 0.048 49.952
29 50 0.048 49.952
26 49.952 0.16 49.792
29 49.952 0.16 49.792
29 49.792 0.048 49.744
15 50 0.048 49.952
26 49.792 0.048 49.744
19 50 0.048 49.952
10 50 0.048 49.952
8 50 0.048 49.952
28 50 0.048 49.952
5 50 0.048 49.952
25 50 0.048 49.952
30 50 0.048 49.952
21 50 0.048 49.952
20 50 0.048 49.952
11 50 0.048 49.952
24 50 0.048 49.952
12 50 0.048 49.952
22 50 0.048 49.952
24 49.952 0.16 49.792
12 49.952 0.16 49.792
12 49.792 0.048 49.744
22 49.952 0.048 49.904
24 49.792 0.048 49.744
22 49.904 0.16 49.744
2 50 0.048 49.952
9 50 0.048 49.952
18 50 0.048 49.952
17 50 0.048 49.952
7 50 0.048 49.952
1 50 0.048 49.952
14 50 0.048 49.952
23 50 0.048 49.952
29 49.9028 0.048 49.8548
15 50 0.048 49.952
26 49.9313 0.048 49.8833
19 50 0.048 49.952
10 50 0.048 49.952
8 50 0.048 49.952
28 50 0.048 49.952
5 50 0.048 49.952
25 50 0.048 49.952
30 50 0.048 49.952
21 50 0.048 49.952
20 50 0.048 49.952
11 50 0.048 49.952
20 49.952 0.16 49.792
11 49.952 0.16 49.792
12 50 0.048 49.952
22 49.9513 0.048 49.9033
24 50 0.048 49.952
2 50 0.048 49.952
9 50 0.048 49.952
18 50 0.048 49.952
17 50 0.048 49.952
7 50 0.048 49.952
1 50 0.048 49.952
14 50 0.048 49.952
23 50 0.048 49.952
29 50 0.048 49.952
15 50 0.048 49.952
26 50 0.048 49.952
19 50 0.048 49.952
10 50 0.048 49.952
8 50 0.048 49.952
28 50 0.048 49.952
5 50 0.048 49.952
25 50 0.048 49.952
30 50 0.048 49.952
21 50 0.048 49.952
12 50 0.048 49.952
22 50 0.048 49.952
24 50 0.048 49.952
2 50 0.048 49.952
9 50 0.048 49.952
18 50 0.048 49.952
17 50 0.048 49.952
7 50 0.048 49.952
1 50 0.048 49.952
14 50 0.048 49.952
23 50 0.048 49.952
29 50 0.048 49.952
15 50 0.048 49.952
26 50 0.048 49.952
19 50 0.048 49.952
10 50 0.048 49.952
8 50 0.048 49.952
28 50 0.048 49.952
5 50 0.048 49.952
25 50 0.048 49.952
30 50 0.048 49.952
21 50 0.048 49.952
12 50 0.048 49.952
22 50 0.048 49.952
24 50 0.048 49.952
2 50 0.048 49.952
9 50 0.048 49.952
18 50 0.048 49.952
17 50 0.048 49.952
7 50 0.048 49.952
1 50 0.048 49.952
14 50 0.048 49.952
23 50 0.048 49.952
29 50 0.048 49.952
15 50 0.048 49.952
26 50 0.048 49.952
19 50 0.048 49.952
10 50 0.048 49.952
8 50 0.048 49.952
28 50 0.048 49.952
5 50 0.048 49.952
25 50 0.048 49.952
30 50 0.048 49.952
21 50 0.048 49.952
12 50 0.048 49.952
22 50 0.048 49.952
24 50 0.048 49.952
2 50 0.048 49.952
9 50 0.048 49.952
18 50 0.048 49.952
17 50 0.048 49.952
7 50 0.048 49.952
1 50 0.048 49.952
14 50 0.048 49.952
23 50 0.048 49.952
23 49.952 0.16 49.792
29 50 0.048 49.952
15 50 0.048 49.952
26 50 0.048 49.952
19 50 0.048 49.952
10 50 0.048 49.952
8 50 0.048 49.952
28 50 0.048 49.952
5 50 0.048 49.952
25 50 0.048 49.952
30 50 0.048 49.952
21 50 0.048 49.952
6 50 0.048 49.952
12 50 0.048 49.952
22 50 0.048 49.952
24 50 0.048 49.952
2 50 0.048 49.952
9 50 0.048 49.952
18 50 0.048 49.952
17 50 0.048 49.952
7 50 0.048 49.952
1 50 0.048 49.952
14 50 0.048 49.952
29 50 0.048 49.952
15 50 0.048 49.952
26 50 0.048 49.952
19 50 0.048 49.952
10 50 0.048 49.952
8 50 0.048 49.952
24 50 0.048 49.952
28 50 0.048 49.952
5 50 0.048 49.952
25 50 0.048 49.952
30 50 0.048 49.952
21 50 0.048 49.952
6 50 0.048 49.952
12 50 0.048 49.952
22 50 0.048 49.952
24 49.952 0.048 49.904
2 50 0.048 49.952
9 50 0.048 49.952
18 50 0.048 49.952
17 50 0.048 49.952
7 50 0.048 49.952
1 50 0.048 49.952
14 50 0.048 49.952
29 50 0.048 49.952
15 50 0.048 49.952
26 50 0.048 49.952
19 50 0.048 49.952
10 50 0.048 49.952
8 50 0.048 49.952
24 50 0.048 49.952
28 50 0.048 49.952
5 50 0.048 49.952
25 50 0.048 49.952
30 50 0.048 49.952
21 50 0.048 49.952
21 49.952 0.16 49.792
6 50 0.048 49.952
12 50 0.048 49.952
22 50 0.048 49.952
24 49.952 0.048 49.904
2 50 0.048 49.952
9 50 0.048 49.952
18 50 0.048 49.952
17 50 0.048 49.952
7 50 0.048 49.952
1 50 0.048 49.952
14 50 0.048 49.952
29 50 0.048 49.952
15 50 0.048 49.952
26 50 0.048 49.952
19 50 0.048 49.952
10 50 0.048 49.952
8 50 0.048 49.952
24 50 0.048 49.952
3 50 0.048 49.952
28 50 0.048 49.952
5 50 0.048 49.952
25 50 0.048 49.952
30 50 0.048 49.952
27 50 0.048 49.952
6 50 0.048 49.952
12 50 0.048 49.952
22 50 0.048 49.952
24 49.952 0.048 49.904
2 50 0.048 49.952
9 50 0.048 49.952
18 50 0.048 49.952
17 50 0.048 49.952
7 50 0.048 49.952
1 50 0.048 49.952
14 50 0.048 49.952
29 50 0.048 49.952
15 50 0.048 49.952
26 50 0.048 49.952
19 50 0.048 49.952
10 50 0.048 49.952
8 50 0.048 49.952
24 50 0.048 49.952
3 50 0.048 49.952
28 50 0.048 49.952
5 50 0.048 49.952
25 50 0.048 49.952
30 50 0.048 49.952
27 50 0.048 49.952
4 50 0.048 49.952
16 50 0.048 49.952
4 49.952 0.16 49.792
16 49.952 0.16 49.792
16 49.792 0.048 49.744
4 49.792 0.048 49.744
6 50 0.048 49.952
12 50 0.048 49.952
22 50 0.048 49.952
24 49.952 0.048 49.904
2 50 0.048 49.952
9 50 0.048 49.952
18 50 0.048 49.952
17 50 0.048 49.952
7 50 0.048 49.952
1 50 0.048 49.952
14 50 0.048 49.952
29 50 0.048 49.952
15 50 0.048 49.952
26 50 0.048 49.952
19 50 0.048 49.952
10 50 0.048 49.952
8 50 0.048 49.952
24 50 0.048 49.952
3 50 0.048 49.952
28 50 0.048 49.952
5 50 0.048 49.952
25 50 0.048 49.952
30 50 0.048 49.952
27 50 0.048 49.952
16 50 0.048 49.952
4 49.8863 0.048 49.8383
6 50 0.048 49.952
12 50 0.048 49.952
22 50 0.048 49.952
24 49.952 0.048 49.904
2 50 0.048 49.952
9 50 0.048 49.952
18 50 0.048 49.952
17 50 0.048 49.952
7 50 0.048 49.952
1 50 0.048 49.952
14 50 0.048 49.952
29 50 0.048 49.952
15 50 0.048 49.952
26 50 0.048 49.952
14 49.952 0.048 49.904
1 49.952 0.048 49.904
7 49.952 0.048 49.904
19 50 0.048 49.952
10 50 0.048 49.952
8 50 0.048 49.952
24 50 0.048 49.952
3 50 0.048 49.952
28 50 0.048 49.952
5 50 0.048 49.952
25 50 0.048 49.952
30 50 0.048 49.952
27 50 0.048 49.952
27 49.952 0.16 49.792
16 50 0.048 49.952
4 50 0.048 49.952
6 50 0.048 49.952
12 50 0.048 49.952
22 50 0.048 49.952
24 49.952 0.048 49.904
2 50 0.048 49.952
9 50 0.048 49.952
18 50 0.048 49.952
17 50 0.048 49.952
7 50 0.048 49.952
1 50 0.048 49.952
14 50 0.048 49.952
29 50 0.048 49.952
15 50 0.048 49.952
26 50 0.048 49.952
14 49.952 0.048 49.904
7 49.952 0.048 49.904
19 50 0.048 49.952
10 50 0.048 49.952
8 50 0.048 49.952
24 50 0.048 49.952
3 50 0.048 49.952
28 50 0.048 49.952
5 50 0.048 49.952
25 50 0.048 49.952
30 50 0.048 49.952
16 50 0.048 49.952
4 50 0.048 49.952
6 50 0.048 49.952
12 50 0.048 49.952
8 49.952 0.048 49.904
22 50 0.048 49.952
24 49.952 0.048 49.904
2 50 0.048 49.952
9 50 0.048 49.952
18 50 0.048 49.952
17 50 0.048 49.952
7 50 0.048 49.952
1 50 0.048 49.952
14 50 0.048 49.952
29 50 0.048 49.952
15 50 0.048 49.952
26 50 0.048 49.952
14 49.952 0.048 49.904
1 49.952 0.048 49.904
7 49.952 0.048 49.904
14 49.904 0.16 49.744
1 49.904 0.16 49.744
7 49.904 0.16 49.744
19 50 0.048 49.952
10 50 0.048 49.952
8 50 0.048 49.952
12 49.952 0.048 49.904
24 50 0.048 49.952
3 50 0.048 49.952
28 50 0.048 49.952
5 50 0.048 49.952
25 50 0.048 49.952
30 50 0.048 49.952
16 50 0.048 49.952
4 50 0.048 49.952
6 50 0.048 49.952
12 50 0.048 49.952
8 49.952 0.048 49.904
22 50 0.048 49.952
24 49.952 0.048 49.904
2 50 0.048 49.952
9 50 0.048 49.952
18 50 0.048 49.952
17 50 0.048 49.952
7 50 0.048 49.952
1 50 0.048 49.952
29 50 0.048 49.952
15 50 0.048 49.952
26 50 0.048 49.952
19 50 0.048 49.952
10 50 0.048 49.952
8 50 0.048 49.952
12 49.952 0.048 49.904
24 50 0.048 49.952
3 50 0.048 49.952
28 50 0.048 49.952
5 50 0.048 49.952
25 50 0.048 49.952
30 50 0.048 49.952
16 50 0.048 49.952
4 50 0.048 49.952
6 50 0.048 49.952
12 50 0.048 49.952
8 49.952 0.048 49.904
22 50 0.048 49.952
24 49.952 0.048 49.904
2 50 0.048 49.952
9 50 0.048 49.952
18 50 0.048 49.952
17 50 0.048 49.952
7 50 0.048 49.952
1 50 0.048 49.952
14 50 0.048 49.952
7 49.952 0.16 49.792
1 49.952 0.16 49.792
14 49.952 0.16 49.792
29 50 0.048 49.952
15 50 0.048 49.952
26 50 0.048 49.952
19 50 0.048 49.952
10 50 0.048 49.952
17 49.952 0.048 49.904
18 49.952 0.048 49.904
8 50 0.048 49.952
12 49.952 0.048 49.904
24 50 0.048 49.952
3 50 0.048 49.952
28 50 0.048 49.952
5 50 0.048 49.952
25 50 0.048 49.952
30 50 0.048 49.952
16 50 0.048 49.952
4 50 0.048 49.952
6 50 0.048 49.952
12 50 0.048 49.952
8 49.952 0.048 49.904
22 50 0.048 49.952
24 49.952 0.048 49.904
2 50 0.048 49.952
9 50 0.048 49.952
18 50 0.048 49.952
17 50 0.048 49.952
29 50 0.048 49.952
15 50 0.048 49.952
26 50 0.048 49.952
19 50 0.048 49.952
10 50 0.048 49.952
17 49.952 0.048 49.904
18 49.952 0.048 49.904
8 50 0.048 49.952
12 49.952 0.048 49.904
24 50 0.048 49.952
3 50 0.048 49.952
28 50 0.048 49.952
5 50 0.048 49.952
25 50 0.048 49.952
30 50 0.048 49.952
16 50 0.048 49.952
4 50 0.048 49.952
6 50 0.048 49.952
12 50 0.048 49.952
8 49.952 0.048 49.904
22 50 0.048 49.952
24 49.952 0.048 49.904
2 50 0.048 49.952
9 50 0.048 49.952
18 50 0.048 49.952
17 50 0.048 49.952
29 50 0.048 49.952
15 50 0.048 49.952
26 50 0.048 49.952
19 50 0.048 49.952
10 50 0.048 49.952
17 49.952 0.048 49.904
18 49.952 0.048 49.904
8 50 0.048 49.952
12 49.952 0.048 49.904
24 50 0.048 49.952
3 50 0.048 49.952
28 50 0.048 49.952
5 50 0.048 49.952
25 50 0.048 49.952
30 50 0.048 49.952
16 50 0.048 49.952
4 50 0.048 49.952
6 50 0.048 49.952
12 50 0.048 49.952
8 49.952 0.048 49.904
22 50 0.048 49.952
24 49.952 0.048 49.904
2 50 0.048 49.952
9 50 0.048 49.952
18 50 0.048 49.952
17 50 0.048 49.952
29 50 0.048 49.952
15 50 0.048 49.952
26 50 0.048 49.952
19 50 0.048 49.952
10 50 0.048 49.952
17 49.952 0.048 49.904
18 49.952 0.048 49.904
8 50 0.048 49.952
12 49.952 0.048 49.904
24 50 0.048 49.952
3 50 0.048 49.952
28 50 0.048 49.952
5 50 0.048 49.952
25 50 0.048 49.952
30 50 0.048 49.952
16 50 0.048 49.952
4 50 0.048 49.952
6 50 0.048 49.952
12 50 0.048 49.952
8 49.952 0.048 49.904
22 50 0.048 49.952
24 49.952 0.048 49.904
2 50 0.048 49.952
9 50 0.048 49.952
18 50 0.048 49.952
17 50 0.048 49.952
29 50 0.048 49.952
15 50 0.048 49.952
26 50 0.048 49.952
19 50 0.048 49.952
10 50 0.048 49.952
17 49.952 0.048 49.904
18 49.952 0.048 49.904
8 50 0.048 49.952
24 50 0.048 49.952
3 50 0.048 49.952
28 50 0.048 49.952
5 50 0.048 49.952
25 50 0.048 49.952
28 49.952 0.16 49.792
5 49.952 0.16 49.792
25 49.952 0.16 49.792
30 50 0.048 49.952
16 50 0.048 49.952
4 50 0.048 49.952
6 50 0.048 49.952
12 50 0.048 49.952
22 50 0.048 49.952
24 49.952 0.048 49.904
2 50 0.048 49.952
9 50 0.048 49.952
18 50 0.048 49.952
17 50 0.048 49.952
29 50 0.048 49.952
15 50 0.048 49.952
26 50 0.048 49.952
19 50 0.048 49.952
10 50 0.048 49.952
17 49.952 0.048 49.904
18 49.952 0.048 49.904
8 50 0.048 49.952
24 50 0.048 49.952
5 50 0.048 49.952
25 49.792 0.048 49.744
28 50 0.048 49.952
5 49.952 0.16 49.792
25 49.744 0.16 49.584
28 49.952 0.16 49.792
28 49.792 0.048 49.744
5 49.792 0.048 49.744
25 49.584 0.048 49.536
28 49.744 0.16 49.584
5 49.744 0.16 49.584
25 49.536 0.16 49.376
3 50 0.048 49.952
30 50 0.048 49.952
16 50 0.048 49.952
4 50 0.048 49.952
26 50 0.048 49.952
16 49.952 0.16 49.792
4 49.952 0.16 49.792
26 49.952 0.16 49.792
26 49.792 0.048 49.744
16 49.792 0.048 49.744
29 50 0.048 49.952
6 50 0.048 49.952
12 50 0.048 49.952
22 50 0.048 49.952
24 49.952 0.048 49.904
2 50 0.048 49.952
9 50 0.048 49.952
18 50 0.048 49.952
17 50 0.048 49.952
29 49.952 0.048 49.904
15 50 0.048 49.952
26 49.744 0.048 49.696
19 50 0.048 49.952
10 50 0.048 49.952
17 49.952 0.048 49.904
18 49.952 0.048 49.904
8 50 0.048 49.952
3 50 0.048 49.952
30 50 0.048 49.952
26 49.8623 0.048 49.8143
29 50 0.048 49.952
6 50 0.048 49.952
12 50 0.048 49.952
22 50 0.048 49.952
24 50 0.048 49.952
2 50 0.048 49.952
9 50 0.048 49.952
18 50 0.048 49.952
17 50 0.048 49.952
29 49.952 0.048 49.904
15 50 0.048 49.952
26 49.8143 0.048 49.7663
10 50 0.048 49.952
19 49.952 0.048 49.904
19 50 0.048 49.952
10 49.952 0.048 49.904
17 49.952 0.048 49.904
18 49.952 0.048 49.904
8 50 0.048 49.952
3 50 0.048 49.952
30 50 0.048 49.952
26 49.8884 0.048 49.8404
29 50 0.048 49.952
6 50 0.048 49.952
12 50 0.048 49.952
22 50 0.048 49.952
24 50 0.048 49.952
2 50 0.048 49.952
9 50 0.048 49.952
18 50 0.048 49.952
17 50 0.048 49.952
29 49.952 0.048 49.904
15 50 0.048 49.952
26 49.8404 0.048 49.7924
10 50 0.048 49.952
19 49.952 0.048 49.904
19 50 0.048 49.952
10 49.952 0.048 49.904
17 49.952 0.048 49.904
18 49.952 0.048 49.904
8 50 0.048 49.952
3 50 0.048 49.952
30 50 0.048 49.952
30 49.952 0.16 49.792
26 49.9578 0.048 49.9098
29 50 0.048 49.952
6 50 0.048 49.952
12 50 0.048 49.952
22 50 0.048 49.952
24 50 0.048 49.952
2 50 0.048 49.952
9 50 0.048 49.952
18 50 0.048 49.952
17 50 0.048 49.952
29 49.952 0.048 49.904
15 50 0.048 49.952
26 49.9098 0.048 49.8618
10 50 0.048 49.952
19 49.952 0.048 49.904
19 50 0.048 49.952
10 49.952 0.048 49.904
17 49.952 0.048 49.904
18 49.952 0.048 49.904
8 50 0.048 49.952
24 50 0.048 49.952
3 50 0.048 49.952
26 50 0.048 49.952
16 50 0.048 49.952
29 50 0.048 49.952
6 50 0.048 49.952
12 50 0.048 49.952
22 50 0.048 49.952
24 49.952 0.048 49.904
2 50 0.048 49.952
9 50 0.048 49.952
18 50 0.048 49.952
17 50 0.048 49.952
29 49.952 0.048 49.904
15 50 0.048 49.952
26 49.952 0.048 49.904
10 50 0.048 49.952
19 49.952 0.048 49.904
19 50 0.048 49.952
10 49.952 0.048 49.904
17 49.952 0.048 49.904
18 49.952 0.048 49.904
17 49.904 0.16 49.744
18 49.904 0.16 49.744
8 50 0.048 49.952
24 50 0.048 49.952
3 50 0.048 49.952
26 50 0.048 49.952
16 50 0.048 49.952
29 50 0.048 49.952
6 50 0.048 49.952
12 50 0.048 49.952
22 50 0.048 49.952
24 49.952 0.048 49.904
2 50 0.048 49.952
9 50 0.048 49.952
18 49.8694 0.048 49.8214
17 50 0.048 49.952
18 49.8214 0.16 49.6614
17 49.952 0.16 49.792
29 49.952 0.048 49.904
15 50 0.048 49.952
26 49.952 0.048 49.904
10 50 0.048 49.952
19 49.952 0.048 49.904
19 50 0.048 49.952
10 49.952 0.048 49.904
8 50 0.048 49.952
24 50 0.048 49.952
3 50 0.048 49.952
26 50 0.048 49.952
16 50 0.048 49.952
29 50 0.048 49.952
6 50 0.048 49.952
12 50 0.048 49.952
22 50 0.048 49.952
24 49.952 0.048 49.904
2 50 0.048 49.952
9 50 0.048 49.952
29 49.952 0.048 49.904
15 50 0.048 49.952
26 49.952 0.048 49.904
10 50 0.048 49.952
19 49.952 0.048 49.904
19 50 0.048 49.952
10 49.952 0.048 49.904
8 50 0.048 49.952
24 50 0.048 49.952
3 50 0.048 49.952
26 50 0.048 49.952
16 50 0.048 49.952
29 50 0.048 49.952
6 50 0.048 49.952
12 50 0.048 49.952
22 50 0.048 49.952
24 49.952 0.048 49.904
2 50 0.048 49.952
9 50 0.048 49.952
9 49.952 0.16 49.792
29 49.952 0.048 49.904
15 50 0.048 49.952
26 49.952 0.048 49.904
10 50 0.048 49.952
19 49.952 0.048 49.904
19 50 0.048 49.952
10 49.952 0.048 49.904
8 50 0.048 49.952
24 50 0.048 49.952
3 50 0.048 49.952
26 50 0.048 49.952
15 50 0.048 49.952
16 50 0.048 49.952
29 50 0.048 49.952
6 50 0.048 49.952
12 50 0.048 49.952
22 50 0.048 49.952
24 49.952 0.048 49.904
2 50 0.048 49.952
29 49.952 0.048 49.904
15 49.952 0.048 49.904
26 49.952 0.048 49.904
10 50 0.048 49.952
19 49.952 0.048 49.904
19 50 0.048 49.952
10 49.952 0.048 49.904
8 50 0.048 49.952
12 49.952 0.048 49.904
24 50 0.048 49.952
3 50 0.048 49.952
26 50 0.048 49.952
15 50 0.048 49.952
29 50 0.048 49.952
6 50 0.048 49.952
12 50 0.048 49.952
8 49.952 0.048 49.904
22 50 0.048 49.952
24 49.952 0.048 49.904
2 50 0.048 49.952
29 49.952 0.048 49.904
15 49.952 0.048 49.904
26 49.952 0.048 49.904
10 50 0.048 49.952
19 49.952 0.048 49.904
19 50 0.048 49.952
10 49.952 0.048 49.904
8 50 0.048 49.952
12 49.952 0.048 49.904
24 50 0.048 49.952
3 50 0.048 49.952
26 50 0.048 49.952
15 50 0.048 49.952
16 50 0.048 49.952
29 50 0.048 49.952
6 50 0.048 49.952
12 50 0.048 49.952
8 49.952 0.048 49.904
22 50 0.048 49.952
24 49.952 0.048 49.904
2 50 0.048 49.952
29 49.952 0.048 49.904
15 49.952 0.048 49.904
26 49.952 0.048 49.904
10 50 0.048 49.952
19 49.952 0.048 49.904
19 50 0.048 49.952
10 49.952 0.048 49.904
8 50 0.048 49.952
12 49.952 0.048 49.904
24 50 0.048 49.952
3 50 0.048 49.952
26 50 0.048 49.952
15 50 0.048 49.952
29 50 0.048 49.952
6 50 0.048 49.952
12 50 0.048 49.952
8 49.952 0.048 49.904
22 50 0.048 49.952
24 49.952 0.048 49.904
2 50 0.048 49.952
2 49.952 0.16 49.792
29 49.952 0.048 49.904
15 49.952 0.048 49.904
26 49.952 0.048 49.904
10 50 0.048 49.952
19 49.952 0.048 49.904
19 50 0.048 49.952
10 49.952 0.048 49.904
8 50 0.048 49.952
24 50 0.048 49.952
3 50 0.048 49.952
26 50 0.048 49.952
15 50 0.048 49.952
29 50 0.048 49.952
11 50 0.048 49.952
20 50 0.048 49.952
11 49.952 0.16 49.792
20 49.952 0.16 49.792
20 49.792 0.048 49.744
11 49.792 0.048 49.744
6 50 0.048 49.952
12 50 0.048 49.952
8 49.952 0.048 49.904
22 50 0.048 49.952
24 49.952 0.048 49.904
29 49.952 0.048 49.904
15 49.952 0.048 49.904
26 49.952 0.048 49.904
10 50 0.048 49.952
19 49.952 0.048 49.904
19 50 0.048 49.952
10 49.952 0.048 49.904
8 50 0.048 49.952
12 49.952 0.048 49.904
24 50 0.048 49.952
3 50 0.048 49.952
13 50 0.048 49.952
26 50 0.048 49.952
15 50 0.048 49.952
29 50 0.048 49.952
20 50 0.048 49.952
11 49.9927 0.048 49.9447
6 50 0.048 49.952
12 50 0.048 49.952
8 49.952 0.048 49.904
22 50 0.048 49.952
24 49.952 0.048 49.904
29 49.952 0.048 49.904
15 49.952 0.048 49.904
26 49.952 0.048 49.904
10 50 0.048 49.952
19 49.952 0.048 49.904
19 50 0.048 49.952
10 49.952 0.048 49.904
19 49.952 0.16 49.792
10 49.904 0.16 49.744
8 50 0.048 49.952
24 50 0.048 49.952
3 50 0.048 49.952
13 50 0.048 49.952
26 50 0.048 49.952
15 50 0.048 49.952
29 50 0.048 49.952
20 50 0.048 49.952
11 50 0.048 49.952
6 50 0.048 49.952
12 50 0.048 49.952
22 50 0.048 49.952
24 49.952 0.048 49.904
29 49.952 0.048 49.904
15 49.952 0.048 49.904
26 49.952 0.048 49.904
10 49.8973 0.048 49.8493
19 49.792 0.048 49.744
10 49.8493 0.16 49.6893
19 49.744 0.16 49.584
19 49.584 0.048 49.536
10 49.6893 0.048 49.6413
19 49.536 0.16 49.376
10 49.6413 0.16 49.4813
8 50 0.048 49.952
24 50 0.048 49.952
3 50 0.048 49.952
13 50 0.048 49.952
26 50 0.048 49.952
15 50 0.048 49.952
29 50 0.048 49.952
20 50 0.048 49.952
11 50 0.048 49.952
6 50 0.048 49.952
12 50 0.048 49.952
22 50 0.048 49.952
24 49.952 0.048 49.904
29 49.952 0.048 49.904
15 49.952 0.048 49.904
26 49.952 0.048 49.904
8 50 0.048 49.952
24 50 0.048 49.952
3 50 0.048 49.952
3 49.952 0.16 49.792
13 50 0.048 49.952
26 50 0.048 49.952
15 50 0.048 49.952
29 50 0.048 49.952
20 50 0.048 49.952
11 50 0.048 49.952
6 50 0.048 49.952
12 50 0.048 49.952
22 50 0.048 49.952
24 49.952 0.048 49.904
29 49.952 0.048 49.904
15 49.952 0.048 49.904
26 49.952 0.048 49.904
8 50 0.048 49.952
13 50 0.048 49.952
26 50 0.048 49.952
15 50 0.048 49.952
29 50 0.048 49.952
20 50 0.048 49.952
11 50 0.048 49.952
6 50 0.048 49.952
12 50 0.048 49.952
22 50 0.048 49.952
24 50 0.048 49.952
29 49.952 0.048 49.904
15 49.952 0.048 49.904
26 49.952 0.048 49.904
21 50 0.048 49.952
8 50 0.048 49.952
8 49.952 0.16 49.792
13 50 0.048 49.952
26 50 0.048 49.952
15 50 0.048 49.952
29 50 0.048 49.952
20 50 0.048 49.952
11 50 0.048 49.952
6 50 0.048 49.952
12 50 0.048 49.952
22 50 0.048 49.952
24 50 0.048 49.952
29 49.952 0.048 49.904
15 49.952 0.048 49.904
26 49.952 0.048 49.904
21 50 0.048 49.952
13 50 0.048 49.952
26 50 0.048 49.952
15 50 0.048 49.952
29 50 0.048 49.952
20 50 0.048 49.952
11 50 0.048 49.952
6 50 0.048 49.952
12 50 0.048 49.952
22 50 0.048 49.952
24 50 0.048 49.952
12 49.952 0.16 49.792
22 49.952 0.16 49.792
24 49.952 0.16 49.792
29 49.952 0.048 49.904
15 49.952 0.048 49.904
26 49.952 0.048 49.904
21 50 0.048 49.952
13 50 0.048 49.952
26 50 0.048 49.952
29 50 0.048 49.952
20 50 0.048 49.952
11 50 0.048 49.952
6 50 0.048 49.952
23 50 0.048 49.952
29 49.952 0.048 49.904
15 50 0.048 49.952
26 49.952 0.048 49.904
21 50 0.048 49.952
24 50 0.048 49.952
12 50 0.048 49.952
22 50 0.048 49.952
24 49.952 0.16 49.792
12 49.952 0.16 49.792
12 49.792 0.048 49.744
22 49.952 0.048 49.904
24 49.792 0.048 49.744
22 49.904 0.16 49.744
13 50 0.048 49.952
26 50 0.048 49.952
29 50 0.048 49.952
20 50 0.048 49.952
11 50 0.048 49.952
6 50 0.048 49.952
23 50 0.048 49.952
29 49.952 0.048 49.904
15 50 0.048 49.952
26 49.952 0.048 49.904
21 50 0.048 49.952
12 50 0.048 49.952
22 49.926 0.048 49.878
24 50 0.048 49.952
13 50 0.048 49.952
26 50 0.048 49.952
29 50 0.048 49.952
20 50 0.048 49.952
11 50 0.048 49.952
6 50 0.048 49.952
23 50 0.048 49.952
29 49.952 0.048 49.904
15 50 0.048 49.952
26 49.952 0.048 49.904
21 50 0.048 49.952
12 50 0.048 49.952
22 50 0.048 49.952
24 50 0.048 49.952
13 50 0.048 49.952
26 50 0.048 49.952
29 50 0.048 49.952
20 50 0.048 49.952
11 50 0.048 49.952
6 50 0.048 49.952
23 50 0.048 49.952
29 49.952 0.048 49.904
15 50 0.048 49.952
26 49.952 0.048 49.904
29 49.904 0.16 49.744
15 49.952 0.16 49.792
26 49.904 0.16 49.744
21 50 0.048 49.952
12 50 0.048 49.952
22 50 0.048 49.952
24 50 0.048 49.952
13 50 0.048 49.952
26 49.9761 0.048 49.9281
29 50 0.048 49.952
26 49.9281 0.16 49.7681
29 49.952 0.16 49.792
29 49.792 0.048 49.744
15 50 0.048 49.952
26 49.7681 0.048 49.7201
29 49.744 0.16 49.584
15 49.952 0.16 49.792
26 49.7201 0.16 49.5601
20 50 0.048 49.952
11 50 0.048 49.952
6 50 0.048 49.952
23 50 0.048 49.952
21 50 0.048 49.952
12 50 0.048 49.952
22 50 0.048 49.952
24 50 0.048 49.952
30 50 0.048 49.952
14 50 0.048 49.952
7 50 0.048 49.952
14 49.952 0.16 49.792
7 49.952 0.16 49.792
7 49.792 0.048 49.744
1 50 0.048 49.952
14 49.792 0.048 49.744
28 50 0.048 49.952
5 50 0.048 49.952
25 50 0.048 49.952
28 49.952 0.16 49.792
5 49.952 0.16 49.792
5 49.792 0.048 49.744
25 49.952 0.048 49.904
28 49.792 0.048 49.744
25 49.904 0.16 49.744
13 50 0.048 49.952
20 50 0.048 49.952
11 50 0.048 49.952
6 50 0.048 49.952
23 50 0.048 49.952
21 50 0.048 49.952
12 50 0.048 49.952
22 50 0.048 49.952
24 50 0.048 49.952
30 50 0.048 49.952
7 49.9058 0.048 49.8578
1 50 0.048 49.952
14 50 0.048 49.952
5 49.8916 0.048 49.8436
25 50 0.048 49.952
28 49.863 0.048 49.815
13 50 0.048 49.952
20 50 0.048 49.952
11 50 0.048 49.952
6 50 0.048 49.952
23 50 0.048 49.952
21 50 0.048 49.952
12 50 0.048 49.952
22 50 0.048 49.952
24 50 0.048 49.952
30 50 0.048 49.952
7 49.9798 0.048 49.9318
1 50 0.048 49.952
14 50 0.048 49.952
5 50 0.048 49.952
25 50 0.048 49.952
28 49.9545 0.048 49.9065
13 50 0.048 49.952
20 50 0.048 49.952
11 50 0.048 49.952
6 50 0.048 49.952
23 50 0.048 49.952
21 50 0.048 49.952
12 50 0.048 49.952
22 50 0.048 49.952
24 50 0.048 49.952
30 50 0.048 49.952
7 50 0.048 49.952
1 50 0.048 49.952
14 50 0.048 49.952
5 50 0.048 49.952
25 50 0.048 49.952
28 50 0.048 49.952
13 50 0.048 49.952
20 50 0.048 49.952
11 50 0.048 49.952
6 50 0.048 49.952
23 50 0.048 49.952
21 50 0.048 49.952
12 50 0.048 49.952
22 50 0.048 49.952
24 50 0.048 49.952
30 50 0.048 49.952
7 50 0.048 49.952
1 50 0.048 49.952
14 50 0.048 49.952
5 50 0.048 49.952
25 50 0.048 49.952
28 50 0.048 49.952
13 50 0.048 49.952
20 50 0.048 49.952
11 50 0.048 49.952
6 50 0.048 49.952
23 50 0.048 49.952
21 50 0.048 49.952
12 50 0.048 49.952
22 50 0.048 49.952
24 50 0.048 49.952
30 50 0.048 49.952
7 50 0.048 49.952
1 50 0.048 49.952
14 50 0.048 49.952
5 50 0.048 49.952
25 50 0.048 49.952
28 50 0.048 49.952
13 50 0.048 49.952
20 50 0.048 49.952
11 50 0.048 49.952
6 50 0.048 49.952
6 49.952 0.16 49.792
23 50 0.048 49.952
21 50 0.048 49.952
12 50 0.048 49.952
22 50 0.048 49.952
24 50 0.048 49.952
30 50 0.048 49.952
7 50 0.048 49.952
1 50 0.048 49.952
14 50 0.048 49.952
5 50 0.048 49.952
25 50 0.048 49.952
28 50 0.048 49.952
13 50 0.048 49.952
13 49.952 0.16 49.792
20 50 0.048 49.952
11 50 0.048 49.952
23 50 0.048 49.952
21 50 0.048 49.952
12 50 0.048 49.952
22 50 0.048 49.952
24 50 0.048 49.952
30 50 0.048 49.952
7 50 0.048 49.952
1 50 0.048 49.952
14 50 0.048 49.952
5 50 0.048 49.952
25 50 0.048 49.952
28 50 0.048 49.952
18 50 0.048 49.952
17 50 0.048 49.952
18 49.952 0.16 49.792
17 49.952 0.16 49.792
17 49.792 0.048 49.744
18 49.792 0.048 49.744
20 50 0.048 49.952
11 50 0.048 49.952
23 50 0.048 49.952
21 50 0.048 49.952
12 50 0.048 49.952
22 50 0.048 49.952
24 50 0.048 49.952
30 50 0.048 49.952
7 50 0.048 49.952
1 50 0.048 49.952
14 50 0.048 49.952
5 50 0.048 49.952
25 50 0.048 49.952
28 50 0.048 49.952
17 50 0.048 49.952
18 49.9813 0.048 49.9333
20 50 0.048 49.952
11 50 0.048 49.952
23 50 0.048 49.952
21 50 0.048 49.952
12 50 0.048 49.952
22 50 0.048 49.952
24 50 0.048 49.952
30 50 0.048 49.952
7 50 0.048 49.952
1 50 0.048 49.952
14 50 0.048 49.952
5 50 0.048 49.952
25 50 0.048 49.952
28 50 0.048 49.952
17 50 0.048 49.952
18 50 0.048 49.952
20 50 0.048 49.952
11 50 0.048 49.952
20 49.952 0.16 49.792
11 49.952 0.16 49.792
4 50 0.048 49.952
16 50 0.048 49.952
4 49.952 0.16 49.792
16 49.952 0.16 49.792
16 49.792 0.048 49.744
4 49.792 0.048 49.744
23 50 0.048 49.952
21 50 0.048 49.952
12 50 0.048 49.952
22 50 0.048 49.952
24 50 0.048 49.952
30 50 0.048 49.952
7 50 0.048 49.952
1 50 0.048 49.952
14 50 0.048 49.952
5 50 0.048 49.952
25 50 0.048 49.952
28 50 0.048 49.952
2 50 0.048 49.952
17 50 0.048 49.952
18 50 0.048 49.952
16 50 0.048 49.952
4 49.8775 0.048 49.8295
23 50 0.048 49.952
19 50 0.048 49.952
10 50 0.048 49.952
19 49.952 0.16 49.792
10 49.952 0.16 49.792
10 49.792 0.048 49.744
19 49.792 0.048 49.744
21 50 0.048 49.952
12 50 0.048 49.952
22 50 0.048 49.952
24 50 0.048 49.952
30 50 0.048 49.952
7 50 0.048 49.952
1 50 0.048 49.952
14 50 0.048 49.952
5 50 0.048 49.952
25 50 0.048 49.952
28 50 0.048 49.952
2 50 0.048 49.952
17 50 0.048 49.952
18 50 0.048 49.952
16 50 0.048 49.952
4 50 0.048 49.952
23 50 0.048 49.952
23 49.952 0.16 49.792
10 49.9816 0.048 49.9336
19 50 0.048 49.952
21 50 0.048 49.952
12 50 0.048 49.952
22 50 0.048 49.952
24 50 0.048 49.952
30 50 0.048 49.952
3 50 0.048 49.952
27 50 0.048 49.952
7 50 0.048 49.952
1 50 0.048 49.952
14 50 0.048 49.952
5 50 0.048 49.952
25 50 0.048 49.952
28 50 0.048 49.952
2 50 0.048 49.952
17 50 0.048 49.952
18 50 0.048 49.952
16 50 0.048 49.952
4 50 0.048 49.952
26 50 0.048 49.952
16 49.952 0.16 49.792
4 49.952 0.16 49.792
26 49.952 0.16 49.792
26 49.792 0.048 49.744
16 49.792 0.048 49.744
29 50 0.048 49.952
26 49.744 0.16 49.584
16 49.744 0.16 49.584
29 49.952 0.16 49.792
29 49.792 0.048 49.744
15 50 0.048 49.952
26 49.584 0.048 49.536
10 50 0.048 49.952
19 50 0.048 49.952
21 50 0.048 49.952
12 50 0.048 49.952
22 50 0.048 49.952
24 50 0.048 49.952
30 50 0.048 49.952
3 50 0.048 49.952
27 50 0.048 49.952
7 50 0.048 49.952
1 50 0.048 49.952
14 50 0.048 49.952
5 50 0.048 49.952
25 50 0.048 49.952
28 50 0.048 49.952
2 50 0.048 49.952
17 50 0.048 49.952
18 50 0.048 49.952
29 50 0.048 49.952
15 50 0.048 49.952
26 49.8439 0.048 49.7959
10 50 0.048 49.952
19 50 0.048 49.952
21 50 0.048 49.952
12 50 0.048 49.952
22 50 0.048 49.952
24 50 0.048 49.952
8 50 0.048 49.952
30 50 0.048 49.952
3 50 0.048 49.952
27 50 0.048 49.952
7 50 0.048 49.952
1 50 0.048 49.952
14 50 0.048 49.952
5 50 0.048 49.952
25 50 0.048 49.952
28 50 0.048 49.952
2 50 0.048 49.952
17 50 0.048 49.952
18 50 0.048 49.952
29 50 0.048 49.952
15 50 0.048 49.952
26 49.9593 0.048 49.9113
10 50 0.048 49.952
19 50 0.048 49.952
21 50 0.048 49.952
21 49.952 0.16 49.792
12 50 0.048 49.952
22 50 0.048 49.952
24 50 0.048 49.952
8 50 0.048 49.952
30 50 0.048 49.952
3 50 0.048 49.952
27 50 0.048 49.952
7 50 0.048 49.952
1 50 0.048 49.952
14 50 0.048 49.952
5 50 0.048 49.952
25 50 0.048 49.952
28 50 0.048 49.952
2 50 0.048 49.952
17 50 0.048 49.952
18 50 0.048 49.952
29 50 0.048 49.952
15 50 0.048 49.952
26 50 0.048 49.952
10 50 0.048 49.952
19 50 0.048 49.952
12 50 0.048 49.952
22 50 0.048 49.952
24 50 0.048 49.952
8 50 0.048 49.952
30 50 0.048 49.952
3 50 0.048 49.952
27 50 0.048 49.952
7 50 0.048 49.952
1 50 0.048 49.952
14 50 0.048 49.952
5 50 0.048 49.952
25 50 0.048 49.952
28 50 0.048 49.952
2 50 0.048 49.952
17 50 0.048 49.952
18 50 0.048 49.952
29 50 0.048 49.952
15 50 0.048 49.952
26 50 0.048 49.952
10 50 0.048 49.952
19 50 0.048 49.952
12 50 0.048 49.952
22 50 0.048 49.952
24 50 0.048 49.952
8 50 0.048 49.952
30 50 0.048 49.952
3 50 0.048 49.952
27 50 0.048 49.952
7 50 0.048 49.952
1 50 0.048 49.952
14 50 0.048 49.952
5 50 0.048 49.952
25 50 0.048 49.952
28 50 0.048 49.952
2 50 0.048 49.952
17 50 0.048 49.952
18 50 0.048 49.952
29 50 0.048 49.952
15 50 0.048 49.952
26 50 0.048 49.952
10 50 0.048 49.952
19 50 0.048 49.952
12 50 0.048 49.952
22 50 0.048 49.952
24 50 0.048 49.952
8 50 0.048 49.952
30 50 0.048 49.952
3 50 0.048 49.952
27 50 0.048 49.952
27 49.952 0.16 49.792
7 50 0.048 49.952
1 50 0.048 49.952
14 50 0.048 49.952
5 50 0.048 49.952
25 50 0.048 49.952
28 50 0.048 49.952
2 50 0.048 49.952
17 50 0.048 49.952
18 50 0.048 49.952
29 50 0.048 49.952
15 50 0.048 49.952
26 50 0.048 49.952
10 50 0.048 49.952
19 50 0.048 49.952
12 50 0.048 49.952
22 50 0.048 49.952
24 50 0.048 49.952
8 50 0.048 49.952
30 50 0.048 49.952
3 50 0.048 49.952
7 50 0.048 49.952
1 50 0.048 49.952
14 50 0.048 49.952
5 50 0.048 49.952
25 50 0.048 49.952
28 50 0.048 49.952
2 50 0.048 49.952
17 50 0.048 49.952
18 50 0.048 49.952
29 50 0.048 49.952
15 50 0.048 49.952
26 50 0.048 49.952
10 50 0.048 49.952
19 50 0.048 49.952
12 50 0.048 49.952
22 50 0.048 49.952
24 50 0.048 49.952
8 50 0.048 49.952
30 50 0.048 49.952
3 50 0.048 49.952
7 50 0.048 49.952
1 50 0.048 49.952
14 50 0.048 49.952
5 50 0.048 49.952
25 50 0.048 49.952
28 50 0.048 49.952
2 50 0.048 49.952
17 50 0.048 49.952
18 50 0.048 49.952
29 50 0.048 49.952
15 50 0.048 49.952
26 50 0.048 49.952
10 50 0.048 49.952
19 50 0.048 49.952
12 50 0.048 49.952
22 50 0.048 49.952
24 50 0.048 49.952
8 50 0.048 49.952
24 49.952 0.048 49.904
8 49.952 0.16 49.792
24 49.904 0.16 49.744
24 49.744 0.048 49.696
8 49.792 0.048 49.744
12 49.952 0.048 49.904
22 49.952 0.048 49.904
30 50 0.048 49.952
3 50 0.048 49.952
7 50 0.048 49.952
1 50 0.048 49.952
14 50 0.048 49.952
7 49.952 0.16 49.792
1 49.952 0.16 49.792
14 49.952 0.16 49.792
5 50 0.048 49.952
25 50 0.048 49.952
28 50 0.048 49.952
2 50 0.048 49.952
17 50 0.048 49.952
18 50 0.048 49.952
29 50 0.048 49.952
15 50 0.048 49.952
26 50 0.048 49.952
10 50 0.048 49.952
19 50 0.048 49.952
12 50 0.048 49.952
22 50 0.048 49.952
24 49.8148 0.048 49.7668
24 49.7668 0.048 49.7188
12 49.952 0.048 49.904
22 49.952 0.048 49.904
30 50 0.048 49.952
3 50 0.048 49.952
5 50 0.048 49.952
25 50 0.048 49.952
28 50 0.048 49.952
2 50 0.048 49.952
17 50 0.048 49.952
18 50 0.048 49.952
29 50 0.048 49.952
15 50 0.048 49.952
26 50 0.048 49.952
10 50 0.048 49.952
19 50 0.048 49.952
12 50 0.048 49.952
22 50 0.048 49.952
24 49.9691 0.048 49.9211
24 49.9211 0.048 49.8731
12 49.952 0.048 49.904
22 49.952 0.048 49.904
30 50 0.048 49.952
3 50 0.048 49.952
5 50 0.048 49.952
25 50 0.048 49.952
28 50 0.048 49.952
2 50 0.048 49.952
17 50 0.048 49.952
18 50 0.048 49.952
29 50 0.048 49.952
15 50 0.048 49.952
26 50 0.048 49.952
10 50 0.048 49.952
19 50 0.048 49.952
12 50 0.048 49.952
22 50 0.048 49.952
24 50 0.048 49.952
24 49.952 0.048 49.904
12 49.952 0.048 49.904
22 49.952 0.048 49.904
30 50 0.048 49.952
3 50 0.048 49.952
5 50 0.048 49.952
25 50 0.048 49.952
28 50 0.048 49.952
2 50 0.048 49.952
17 50 0.048 49.952
18 50 0.048 49.952
29 50 0.048 49.952
15 50 0.048 49.952
26 50 0.048 49.952
10 50 0.048 49.952
19 50 0.048 49.952
12 50 0.048 49.952
22 50 0.048 49.952
24 50 0.048 49.952
24 49.952 0.048 49.904
12 49.952 0.048 49.904
22 49.952 0.048 49.904
30 50 0.048 49.952
3 50 0.048 49.952
5 50 0.048 49.952
25 50 0.048 49.952
28 50 0.048 49.952
2 50 0.048 49.952
17 50 0.048 49.952
18 50 0.048 49.952
29 50 0.048 49.952
15 50 0.048 49.952
26 50 0.048 49.952
10 50 0.048 49.952
19 50 0.048 49.952
12 50 0.048 49.952
22 50 0.048 49.952
24 50 0.048 49.952
24 49.952 0.048 49.904
12 49.952 0.048 49.904
22 49.952 0.048 49.904
30 50 0.048 49.952
3 50 0.048 49.952
5 50 0.048 49.952
25 50 0.048 49.952
28 50 0.048 49.952
2 50 0.048 49.952
17 50 0.048 49.952
18 50 0.048 49.952
29 50 0.048 49.952
15 50 0.048 49.952
26 50 0.048 49.952
10 50 0.048 49.952
19 50 0.048 49.952
12 50 0.048 49.952
22 50 0.048 49.952
24 50 0.048 49.952
24 49.952 0.048 49.904
12 49.952 0.048 49.904
22 49.952 0.048 49.904
30 50 0.048 49.952
3 50 0.048 49.952
5 50 0.048 49.952
25 50 0.048 49.952
28 50 0.048 49.952
5 49.952 0.16 49.792
25 49.952 0.16 49.792
28 49.952 0.16 49.792
2 50 0.048 49.952
17 50 0.048 49.952
18 50 0.048 49.952
29 50 0.048 49.952
15 50 0.048 49.952
26 50 0.048 49.952
10 50 0.048 49.952
19 50 0.048 49.952
12 50 0.048 49.952
22 50 0.048 49.952
24 50 0.048 49.952
24 49.952 0.048 49.904
12 49.952 0.048 49.904
22 49.952 0.048 49.904
30 50 0.048 49.952
3 50 0.048 49.952
2 50 0.048 49.952
17 50 0.048 49.952
18 50 0.048 49.952
29 50 0.048 49.952
15 50 0.048 49.952
26 50 0.048 49.952
10 50 0.048 49.952
19 50 0.048 49.952
12 50 0.048 49.952
22 50 0.048 49.952
24 50 0.048 49.952
24 49.952 0.048 49.904
12 49.952 0.048 49.904
22 49.952 0.048 49.904
30 50 0.048 49.952
3 50 0.048 49.952
2 50 0.048 49.952
17 50 0.048 49.952
18 50 0.048 49.952
29 50 0.048 49.952
15 50 0.048 49.952
26 50 0.048 49.952
10 50 0.048 49.952
19 50 0.048 49.952
12 50 0.048 49.952
22 50 0.048 49.952
24 50 0.048 49.952
24 49.952 0.048 49.904
12 49.952 0.048 49.904
22 49.952 0.048 49.904
30 50 0.048 49.952
3 50 0.048 49.952
2 50 0.048 49.952
17 50 0.048 49.952
18 50 0.048 49.952
29 50 0.048 49.952
15 50 0.048 49.952
26 50 0.048 49.952
10 50 0.048 49.952
19 50 0.048 49.952
12 50 0.048 49.952
22 50 0.048 49.952
24 50 0.048 49.952
24 49.952 0.048 49.904
12 49.952 0.048 49.904
22 49.952 0.048 49.904
30 50 0.048 49.952
30 49.952 0.16 49.792
3 50 0.048 49.952
2 50 0.048 49.952
17 50 0.048 49.952
18 50 0.048 49.952
29 50 0.048 49.952
15 50 0.048 49.952
26 50 0.048 49.952
10 50 0.048 49.952
19 50 0.048 49.952
12 50 0.048 49.952
22 50 0.048 49.952
24 50 0.048 49.952
24 49.952 0.048 49.904
12 49.952 0.048 49.904
22 49.952 0.048 49.904
3 50 0.048 49.952
2 50 0.048 49.952
17 50 0.048 49.952
18 50 0.048 49.952
29 50 0.048 49.952
15 50 0.048 49.952
26 50 0.048 49.952
10 50 0.048 49.952
19 50 0.048 49.952
12 50 0.048 49.952
22 50 0.048 49.952
24 50 0.048 49.952
24 49.952 0.048 49.904
12 49.952 0.048 49.904
22 49.952 0.048 49.904
3 50 0.048 49.952
2 50 0.048 49.952
17 50 0.048 49.952
18 50 0.048 49.952
17 49.952 0.16 49.792
18 49.952 0.16 49.792
29 50 0.048 49.952
15 50 0.048 49.952
26 50 0.048 49.952
10 50 0.048 49.952
19 50 0.048 49.952
12 50 0.048 49.952
22 50 0.048 49.952
24 50 0.048 49.952
24 49.952 0.048 49.904
12 49.952 0.048 49.904
22 49.952 0.048 49.904
3 50 0.048 49.952
2 50 0.048 49.952
29 50 0.048 49.952
15 50 0.048 49.952
26 50 0.048 49.952
10 50 0.048 49.952
19 50 0.048 49.952
12 50 0.048 49.952
22 50 0.048 49.952
24 50 0.048 49.952
24 49.952 0.048 49.904
12 49.952 0.048 49.904
22 49.952 0.048 49.904
3 50 0.048 49.952
2 50 0.048 49.952
29 50 0.048 49.952
15 50 0.048 49.952
26 50 0.048 49.952
10 50 0.048 49.952
19 50 0.048 49.952
12 50 0.048 49.952
22 50 0.048 49.952
24 50 0.048 49.952
24 49.952 0.048 49.904
12 49.952 0.048 49.904
22 49.952 0.048 49.904
3 50 0.048 49.952
2 50 0.048 49.952
29 50 0.048 49.952
15 50 0.048 49.952
26 50 0.048 49.952
10 50 0.048 49.952
19 50 0.048 49.952
12 50 0.048 49.952
22 50 0.048 49.952
24 50 0.048 49.952
24 49.952 0.048 49.904
12 49.952 0.048 49.904
22 49.952 0.048 49.904
3 50 0.048 49.952
2 50 0.048 49.952
29 50 0.048 49.952
15 50 0.048 49.952
26 50 0.048 49.952
10 50 0.048 49.952
19 50 0.048 49.952
12 50 0.048 49.952
22 50 0.048 49.952
24 50 0.048 49.952
24 49.952 0.048 49.904
12 49.952 0.048 49.904
22 49.952 0.048 49.904
3 50 0.048 49.952
2 50 0.048 49.952
2 49.952 0.16 49.792
29 50 0.048 49.952
15 50 0.048 49.952
26 50 0.048 49.952
10 50 0.048 49.952
19 50 0.048 49.952
12 50 0.048 49.952
22 50 0.048 49.952
24 50 0.048 49.952
24 49.952 0.048 49.904
12 49.952 0.048 49.904
22 49.952 0.048 49.904
3 50 0.048 49.952
29 50 0.048 49.952
15 50 0.048 49.952
26 50 0.048 49.952
10 50 0.048 49.952
19 50 0.048 49.952
12 50 0.048 49.952
22 50 0.048 49.952
24 50 0.048 49.952
24 49.952 0.048 49.904
12 49.952 0.048 49.904
22 49.952 0.048 49.904
3 50 0.048 49.952
29 50 0.048 49.952
15 50 0.048 49.952
26 50 0.048 49.952
10 50 0.048 49.952
19 50 0.048 49.952
12 50 0.048 49.952
22 50 0.048 49.952
24 50 0.048 49.952
24 49.952 0.048 49.904
12 49.952 0.048 49.904
22 49.952 0.048 49.904
3 50 0.048 49.952
29 50 0.048 49.952
15 50 0.048 49.952
26 50 0.048 49.952
10 50 0.048 49.952
19 50 0.048 49.952
12 50 0.048 49.952
22 50 0.048 49.952
24 50 0.048 49.952
24 49.952 0.048 49.904
12 49.952 0.048 49.904
22 49.952 0.048 49.904
3 50 0.048 49.952
29 50 0.048 49.952
15 50 0.048 49.952
26 50 0.048 49.952
10 50 0.048 49.952
19 50 0.048 49.952
10 49.952 0.16 49.792
19 49.952 0.16 49.792
12 50 0.048 49.952
22 50 0.048 49.952
24 50 0.048 49.952
24 49.952 0.048 49.904
12 49.952 0.048 49.904
22 49.952 0.048 49.904
3 50 0.048 49.952
29 50 0.048 49.952
15 50 0.048 49.952
26 50 0.048 49.952
12 50 0.048 49.952
22 50 0.048 49.952
24 50 0.048 49.952
24 49.952 0.048 49.904
12 49.952 0.048 49.904
22 49.952 0.048 49.904
3 50 0.048 49.952
3 49.952 0.16 49.792
29 50 0.048 49.952
15 50 0.048 49.952
26 50 0.048 49.952
12 50 0.048 49.952
22 50 0.048 49.952
24 50 0.048 49.952
24 49.952 0.048 49.904
12 49.952 0.048 49.904
22 49.952 0.048 49.904
29 50 0.048 49.952
15 50 0.048 49.952
26 50 0.048 49.952
12 50 0.048 49.952
22 50 0.048 49.952
24 50 0.048 49.952
24 49.952 0.048 49.904
8 50 0.048 49.952
12 49.952 0.048 49.904
22 49.952 0.048 49.904
24 49.904 0.16 49.744
8 49.952 0.16 49.792
12 49.904 0.16 49.744
22 49.904 0.16 49.744
29 50 0.048 49.952
15 50 0.048 49.952
26 50 0.048 49.952
12 50 0.048 49.952
22 50 0.048 49.952
24 49.9795 0.048 49.9315
12 49.952 0.16 49.792
22 49.952 0.16 49.792
24 49.9315 0.16 49.7715
29 50 0.048 49.952
15 50 0.048 49.952
26 50 0.048 49.952
29 50 0.048 49.952
15 50 0.048 49.952
26 50 0.048 49.952
29 50 0.048 49.952
15 50 0.048 49.952
26 50 0.048 49.952
29 50 0.048 49.952
15 50 0.048 49.952
26 50 0.048 49.952
29 50 0.048 49.952
15 50 0.048 49.952
26 50 0.048 49.952
29 49.952 0.16 49.792
15 49.952 0.16 49.792
26 49.952 0.16 49.792
