58 400 2.03724
25 401 2.07026
44 402 2.11068
96 403 2.14131
11 404 2.16263
66 405 2.37247
89 406 2.46021
94 407 2.57692
49 408 2.5883
23 409 2.60743
34 410 2.76554
99 411 2.81602
86 412 2.95909
18 413 3.00957
13 414 3.03029
67 415 3.12277
43 416 3.27513
98 417 3.28085
59 418 3.29813
50 419 3.39668
14 420 3.41281
92 421 3.45599
71 422 3.54023
55 423 3.89859
38 424 3.92632
90 425 3.92736
42 426 4.15047
37 427 4.17173
75 428 4.17664
17 429 4.22953
87 430 4.25029
12 431 4.82884
100 432 4.91952
78 433 4.92549
18 434 5.01589
44 435 5.15559
23 436 5.36332
71 437 5.5483
66 438 5.59972
96 439 5.61354
50 440 5.64247
99 441 5.92378
59 442 6.08697
14 443 6.17412
90 444 6.22129
37 445 6.32342
11 446 6.92496
38 447 7.66763
12 448 7.68018
71 449 7.8153
50 450 7.85059
43 451 8.13453
74 452 8.44925
55 453 8.61444
90 454 8.73507
99 455 8.82704
11 456 8.96301
1 457 8.98413
96 458 9.06862
17 459 9.09306
72 460 9.14514
87 461 9.19267
78 462 9.41615
59 463 9.57745
14 464 9.59802
100 465 9.80619
