22 232 2.00296
2 233 2.00856
20 234 2.02172
39 235 2.05527
49 236 2.20251
11 237 2.24545
53 238 2.34013
23 239 2.35598
56 240 2.45879
52 241 2.59828
50 242 2.63598
7 243 2.64827
30 244 2.81409
1 245 2.8945
65 246 2.9056
37 247 2.96033
38 248 2.98418
8 249 3.03726
4 250 3.09322
42 251 3.1037
24 252 3.15367
3 253 3.26209
35 254 3.72616
10 255 3.88391
33 256 3.93529
63 257 4.1835
44 258 4.32155
14 259 4.35905
66 260 4.53988
51 261 4.54107
49 262 4.65353
31 263 6.20459
53 264 6.23705
35 265 6.3568
8 266 6.54115
10 267 6.6475
52 268 6.82607
22 269 6.96763
42 270 6.99062
56 271 7.10596
38 272 7.21532
65 273 7.22734
70 274 7.26755
49 275 7.2921
50 276 7.41172
14 277 7.66592
37 278 7.66987
24 279 7.83481
46 280 8.13588
23 281 8.54071
53 282 8.8878
41 283 9.00524
66 284 9.03023
63 285 9.06439
49 286 9.52286
31 287 9.80951
57 288 9.98709
