4 191 0 100 0.2 2.90399 3.10399
56 185 0 100 1.1 2.50251 3.60251
10 196 0 100 0.1 3.62637 3.72637
39 194 0 100 0.8 3.09025 3.89025
17 184 0 100 1.8 2.4589 4.2589
44 195 0 100 1.2 3.12126 4.32126
47 180 0 100 2.5 2.17846 4.67846
14 183 0 100 2.4 2.29779 4.69779
12 189 0 100 2.1 2.77698 4.87698
19 186 0 100 2.6 2.54398 5.14398
12 206 0 100 1.16701e-08 5.15697 5.15697
24 178 0 100 3.3 2.08787 5.38787
58 197 0 100 2 3.65243 5.65243
53 192 0 100 2.7 3.06498 5.76498
49 181 0 100 3.7 2.20639 5.90639
27 187 0 100 3.4 2.60058 6.00058
20 199 0 100 1.9 4.15391 6.05391
27 205 0 100 1.3 4.98032 6.28032
36 182 0 100 4.2 2.2462 6.4462
42 188 0 100 3.7 2.774 6.474
42 209 0 100 0.1 6.38375 6.48375
36 212 0 100 1.16701e-08 6.73714 6.73714
57 179 0 100 4.6 2.16935 6.76935
2 202 0 100 2.2 4.77954 6.97954
32 201 0 100 2.6 4.74014 7.34014
15 211 0 100 1.1 6.48408 7.58408
1 193 0 100 4.6 3.0721 7.6721
15 190 0 100 4.9 2.78724 7.68724
59 198 0 100 3.8 4.14296 7.94296
23 200 0 100 3.8 4.52276 8.32276
13 203 0 100 3.8 4.81006 8.61006
56 207 0 100 3.3 5.60733 8.90733
10 219 0 100 0.9 8.11067 9.01067
39 210 0 100 2.7 6.46161 9.16161
17 204 0 100 4.7 4.84884 9.54884
44 214 0 100 2.7 6.9169 9.6169
14 208 0 100 4 6.09166 10.0917
12 218 0 100 2.4 7.71086 10.1109
19 213 0 100 3.6 6.76096 10.361
24 227 0 100 1.3 9.32309 10.6231
58 216 0 100 3.9 6.94302 10.843
7 223 0 100 1.7 9.22287 10.9229
49 225 0 100 1.9 9.22775 11.1278
20 215 0 100 4.3 6.92252 11.2225
27 217 0 100 4.1 7.19471 11.2947
27 230 0 100 2.1 9.44391 11.5439
42 220 0 100 3.2 8.80569 12.0057
2 224 0 100 2.8 9.22554 12.0255
37 222 0 100 3.3 9.053 12.353
15 229 0 100 3.5 9.43218 12.9322
1 231 0 100 3.3 9.64696 12.947
59 221 0 100 4.2 8.98062 13.1806
23 226 0 100 4.2 9.26775 13.4677
13 228 0 100 4.5 9.35212 13.8521
