15 2058 0 100 1.16701e-08 2.94537 2.94537
45 2057 0 100 0.1 2.93339 3.03339
20 2051 0 100 0.5 2.73988 3.23988
6 2053 0 100 1 2.8077 3.8077
4 2072 0 100 0.2 3.67662 3.87662
16 2038 0 100 1.9 2.2438 4.1438
35 2040 0 100 2 2.40489 4.40489
32 2066 0 100 1 3.4747 4.4747
18 2045 0 100 1.9 2.57825 4.47825
33 2035 0 100 2.3 2.18207 4.48207
46 2052 0 100 1.7 2.78432 4.48432
50 2068 0 100 1 3.52997 4.52997
39 2091 0 100 0.7 4.39743 5.09743
47 2031 0 100 3.3 2.01927 5.31927
43 2063 0 100 2.2 3.26347 5.46347
36 2033 0 100 3.7 2.07738 5.77738
48 2070 0 100 2.3 3.54971 5.84971
17 2074 0 100 2.2 3.67937 5.87937
28 2049 0 100 3.3 2.69569 5.99569
26 2048 0 100 3.4 2.644 6.044
40 2090 0 100 1.7 4.35937 6.05937
25 2046 0 100 3.5 2.59094 6.09094
9 2055 0 100 3.3 2.88018 6.18018
37 2097 0 100 1.8 4.65826 6.45826
8 2044 0 100 4.2 2.56118 6.76118
34 2085 0 100 2.6 4.20247 6.80247
8 2109 0 100 1.1 5.71092 6.81092
38 2081 0 100 2.8 4.03362 6.83362
49 2073 0 100 3.2 3.6775 6.8775
5 2037 0 100 4.9 2.23607 7.13607
5 2096 0 100 2.6 4.62708 7.22708
30 2042 0 100 4.9 2.424 7.324
14 2084 0 100 3.3 4.12796 7.42796
31 2069 0 100 3.9 3.53185 7.43185
29 2088 0 100 3.3 4.32042 7.62042
2 2076 0 100 3.9 3.76384 7.66384
1 2061 0 100 4.7 3.16443 7.86443
24 2078 0 100 4 3.90954 7.90954
42 2093 0 100 3.5 4.48039 7.98039
24 2118 0 100 1.8 6.23404 8.03404
13 2100 0 100 3.3 4.8275 8.1275
45 2121 0 100 1.8 6.41146 8.21146
42 2131 0 100 1.2 7.06222 8.26222
27 2089 0 100 4.1 4.35055 8.45055
20 2114 0 100 2.5 6.0524 8.5524
20 2146 0 100 0.5 8.18579 8.68579
44 2082 0 100 4.8 4.1121 8.9121
6 2120 0 100 2.7 6.33952 9.03952
4 2148 0 100 0.9 8.23852 9.13852
19 2124 0 100 2.8 6.55876 9.35876
16 2115 0 100 3.4 6.11999 9.51999
23 2126 0 100 2.9 6.65378 9.55378
35 2135 0 100 2.3 7.3663 9.6663
3 2167 0 100 0.6 9.07577 9.67577
33 2150 0 100 1.4 8.28597 9.68597
46 2168 0 100 0.6 9.09052 9.69052
32 2138 0 100 2.2 7.5101 9.7101
18 2161 0 100 0.9 8.86003 9.76003
50 2152 0 100 1.5 8.35236 9.85236
39 2137 0 100 2.8 7.49257 10.2926
47 2164 0 100 1.5 9.01597 10.516
43 2165 0 100 1.7 9.01824 10.7182
26 2162 0 100 2.1 8.90024 11.0002
36 2184 0 100 1.2 9.91493 11.1149
9 2178 0 100 1.8 9.62433 11.4243
37 2154 0 100 3.2 8.50023 11.7002
11 2160 0 100 3.1 8.84233 11.9423
34 2158 0 100 3.2 8.81506 12.0151
8 2171 0 100 2.8 9.2376 12.0376
10 2183 0 100 2.5 9.89615 12.3962
30 2181 0 100 2.8 9.75762 12.5576
7 2176 0 100 3.1 9.56811 12.6681
14 2149 0 100 4.5 8.24952 12.7495
45 2179 0 100 3.5 9.6731 13.1731
42 2174 0 100 4 9.45017 13.4502
