1 50 0.048 49.952
8 50 0.048 49.952
4 50 0.048 49.952
8 50 0.048 49.952
4 50 0.048 49.952
7 50 0.048 49.952
7 50 0.048 49.952
9 50 0.048 49.952
9 50 0.048 49.952
3 50 0.048 49.952
3 50 0.048 49.952
3 50 0.048 49.952
8 50 0.048 49.952
6 50 0.048 49.952
5 50 0.048 49.952
8 50 0.048 49.952
6 50 0.048 49.952
5 50 0.048 49.952
8 50 0.048 49.952
6 50 0.048 49.952
5 50 0.048 49.952
8 50 0.048 49.952
4 50 0.048 49.952
5 50 0.048 49.952
8 50 0.048 49.952
4 50 0.048 49.952
5 50 0.048 49.952
8 50 0.048 49.952
4 50 0.048 49.952
5 50 0.048 49.952
8 50 0.048 49.952
4 50 0.048 49.952
1 50 0.048 49.952
5 50 0.048 49.952
8 50 0.048 49.952
4 50 0.048 49.952
1 50 0.048 49.952
5 50 0.048 49.952
8 50 0.048 49.952
4 50 0.048 49.952
1 50 0.048 49.952
5 50 0.048 49.952
6 50 0.048 49.952
8 50 0.048 49.952
4 50 0.048 49.952
1 50 0.048 49.952
5 50 0.048 49.952
6 50 0.048 49.952
8 50 0.048 49.952
4 50 0.048 49.952
1 50 0.048 49.952
10 50 0.048 49.952
5 50 0.048 49.952
6 50 0.048 49.952
8 50 0.048 49.952
4 50 0.048 49.952
1 50 0.048 49.952
10 50 0.048 49.952
5 50 0.048 49.952
6 50 0.048 49.952
8 50 0.048 49.952
4 50 0.048 49.952
1 50 0.048 49.952
10 50 0.048 49.952
5 50 0.048 49.952
6 50 0.048 49.952
8 50 0.048 49.952
4 50 0.048 49.952
1 50 0.048 49.952
5 50 0.048 49.952
6 50 0.048 49.952
10 50 0.048 49.952
8 50 0.048 49.952
4 50 0.048 49.952
1 50 0.048 49.952
5 50 0.048 49.952
6 50 0.048 49.952
10 50 0.048 49.952
3 50 0.048 49.952
8 50 0.048 49.952
4 50 0.048 49.952
7 50 0.048 49.952
1 50 0.048 49.952
4 49.952 0.048 49.904
8 49.952 0.048 49.904
5 50 0.048 49.952
6 50 0.048 49.952
10 50 0.048 49.952
3 50 0.048 49.952
8 50 0.048 49.952
4 50 0.048 49.952
7 50 0.048 49.952
1 50 0.048 49.952
2 50 0.048 49.952
4 49.952 0.048 49.904
8 49.952 0.048 49.904
5 50 0.048 49.952
6 50 0.048 49.952
10 50 0.048 49.952
3 50 0.048 49.952
8 50 0.048 49.952
4 50 0.048 49.952
7 50 0.048 49.952
1 50 0.048 49.952
2 50 0.048 49.952
4 49.952 0.048 49.904
8 49.952 0.048 49.904
5 50 0.048 49.952
6 50 0.048 49.952
10 50 0.048 49.952
3 50 0.048 49.952
8 50 0.048 49.952
4 50 0.048 49.952
7 50 0.048 49.952
1 50 0.048 49.952
2 50 0.048 49.952
4 49.952 0.048 49.904
8 49.952 0.048 49.904
5 50 0.048 49.952
6 50 0.048 49.952
2 50 0.048 49.952
10 50 0.048 49.952
3 50 0.048 49.952
8 50 0.048 49.952
4 50 0.048 49.952
7 50 0.048 49.952
1 50 0.048 49.952
4 49.952 0.048 49.904
8 49.952 0.048 49.904
5 50 0.048 49.952
6 50 0.048 49.952
2 50 0.048 49.952
10 50 0.048 49.952
3 50 0.048 49.952
8 50 0.048 49.952
4 50 0.048 49.952
7 50 0.048 49.952
9 50 0.048 49.952
1 50 0.048 49.952
5 49.952 0.048 49.904
4 49.952 0.048 49.904
8 49.952 0.048 49.904
5 50 0.048 49.952
5 49.952 0.048 49.904
5 49.904 0.16 49.744
6 50 0.048 49.952
2 50 0.048 49.952
10 50 0.048 49.952
3 50 0.048 49.952
8 50 0.048 49.952
4 50 0.048 49.952
7 50 0.048 49.952
9 50 0.048 49.952
1 50 0.048 49.952
5 49.744 0.048 49.696
4 49.952 0.048 49.904
8 49.952 0.048 49.904
6 50 0.048 49.952
2 50 0.048 49.952
10 50 0.048 49.952
3 50 0.048 49.952
8 50 0.048 49.952
4 50 0.048 49.952
7 50 0.048 49.952
9 50 0.048 49.952
1 50 0.048 49.952
1 49.952 0.048 49.904
1 49.904 0.16 49.744
1 49.744 0.048 49.696
4 49.952 0.048 49.904
8 49.952 0.048 49.904
6 50 0.048 49.952
2 50 0.048 49.952
10 50 0.048 49.952
3 50 0.048 49.952
8 50 0.048 49.952
4 50 0.048 49.952
7 50 0.048 49.952
9 50 0.048 49.952
1 49.9446 0.048 49.8966
4 49.952 0.048 49.904
8 49.952 0.048 49.904
6 50 0.048 49.952
2 50 0.048 49.952
10 50 0.048 49.952
3 50 0.048 49.952
8 50 0.048 49.952
4 50 0.048 49.952
7 50 0.048 49.952
9 50 0.048 49.952
4 49.952 0.048 49.904
8 49.952 0.048 49.904
6 50 0.048 49.952
2 50 0.048 49.952
10 50 0.048 49.952
3 50 0.048 49.952
8 50 0.048 49.952
4 50 0.048 49.952
7 50 0.048 49.952
9 50 0.048 49.952
4 49.952 0.048 49.904
8 49.952 0.048 49.904
6 50 0.048 49.952
2 50 0.048 49.952
10 50 0.048 49.952
3 50 0.048 49.952
8 50 0.048 49.952
4 50 0.048 49.952
7 50 0.048 49.952
9 50 0.048 49.952
4 49.952 0.048 49.904
8 49.952 0.048 49.904
6 50 0.048 49.952
2 50 0.048 49.952
10 50 0.048 49.952
3 50 0.048 49.952
8 50 0.048 49.952
4 50 0.048 49.952
7 50 0.048 49.952
9 50 0.048 49.952
4 49.952 0.048 49.904
8 49.952 0.048 49.904
6 50 0.048 49.952
2 50 0.048 49.952
10 50 0.048 49.952
3 50 0.048 49.952
8 50 0.048 49.952
4 50 0.048 49.952
7 50 0.048 49.952
9 50 0.048 49.952
4 49.952 0.048 49.904
8 49.952 0.048 49.904
6 50 0.048 49.952
2 50 0.048 49.952
10 50 0.048 49.952
3 50 0.048 49.952
8 50 0.048 49.952
4 50 0.048 49.952
7 50 0.048 49.952
9 50 0.048 49.952
8 49.952 0.048 49.904
4 49.952 0.048 49.904
8 49.904 0.048 49.856
6 50 0.048 49.952
2 50 0.048 49.952
10 50 0.048 49.952
3 50 0.048 49.952
8 50 0.048 49.952
4 50 0.048 49.952
8 49.952 0.048 49.904
8 49.904 0.16 49.744
7 50 0.048 49.952
9 50 0.048 49.952
4 49.952 0.048 49.904
8 49.744 0.048 49.696
4 49.904 0.048 49.856
8 49.696 0.048 49.648
4 49.856 0.048 49.808
4 49.808 0.16 49.648
6 50 0.048 49.952
2 50 0.048 49.952
10 50 0.048 49.952
3 50 0.048 49.952
7 50 0.048 49.952
9 50 0.048 49.952
4 49.8778 0.048 49.8298
8 49.8119 0.048 49.7639
6 50 0.048 49.952
2 50 0.048 49.952
10 50 0.048 49.952
3 50 0.048 49.952
7 50 0.048 49.952
9 50 0.048 49.952
4 50 0.048 49.952
6 50 0.048 49.952
2 50 0.048 49.952
10 50 0.048 49.952
3 50 0.048 49.952
7 50 0.048 49.952
9 50 0.048 49.952
7 49.952 0.048 49.904
6 50 0.048 49.952
2 50 0.048 49.952
10 50 0.048 49.952
3 50 0.048 49.952
7 50 0.048 49.952
7 49.952 0.048 49.904
7 49.904 0.16 49.744
9 50 0.048 49.952
7 49.744 0.048 49.696
6 50 0.048 49.952
2 50 0.048 49.952
10 50 0.048 49.952
3 50 0.048 49.952
9 50 0.048 49.952
7 49.9839 0.048 49.9359
6 50 0.048 49.952
2 50 0.048 49.952
10 50 0.048 49.952
3 50 0.048 49.952
9 50 0.048 49.952
6 50 0.048 49.952
2 50 0.048 49.952
10 50 0.048 49.952
3 50 0.048 49.952
9 50 0.048 49.952
6 50 0.048 49.952
2 50 0.048 49.952
10 50 0.048 49.952
3 50 0.048 49.952
9 50 0.048 49.952
6 50 0.048 49.952
2 50 0.048 49.952
10 50 0.048 49.952
3 50 0.048 49.952
9 50 0.048 49.952
6 50 0.048 49.952
2 50 0.048 49.952
10 50 0.048 49.952
3 50 0.048 49.952
9 50 0.048 49.952
6 50 0.048 49.952
2 50 0.048 49.952
10 50 0.048 49.952
3 50 0.048 49.952
9 50 0.048 49.952
9 49.952 0.048 49.904
9 49.904 0.16 49.744
9 49.744 0.048 49.696
6 50 0.048 49.952
2 50 0.048 49.952
10 50 0.048 49.952
3 50 0.048 49.952
9 50 0.048 49.952
6 50 0.048 49.952
2 50 0.048 49.952
10 50 0.048 49.952
3 50 0.048 49.952
9 50 0.048 49.952
6 50 0.048 49.952
2 50 0.048 49.952
10 50 0.048 49.952
3 50 0.048 49.952
6 50 0.048 49.952
2 50 0.048 49.952
10 50 0.048 49.952
3 50 0.048 49.952
3 50 0.048 49.952
6 50 0.048 49.952
2 50 0.048 49.952
5 50 0.048 49.952
10 50 0.048 49.952
3 49.952 0.048 49.904
3 49.904 0.048 49.856
3 49.856 0.16 49.696
3 49.9208 0.048 49.8728
6 50 0.048 49.952
2 50 0.048 49.952
5 50 0.048 49.952
10 50 0.048 49.952
3 50 0.048 49.952
6 50 0.048 49.952
2 50 0.048 49.952
5 50 0.048 49.952
10 50 0.048 49.952
6 50 0.048 49.952
2 50 0.048 49.952
5 50 0.048 49.952
10 50 0.048 49.952
6 50 0.048 49.952
2 50 0.048 49.952
5 50 0.048 49.952
10 50 0.048 49.952
6 50 0.048 49.952
2 50 0.048 49.952
5 50 0.048 49.952
10 50 0.048 49.952
6 50 0.048 49.952
2 50 0.048 49.952
5 50 0.048 49.952
10 50 0.048 49.952
6 50 0.048 49.952
2 50 0.048 49.952
5 50 0.048 49.952
10 50 0.048 49.952
6 50 0.048 49.952
6 49.952 0.048 49.904
6 49.904 0.048 49.856
6 49.856 0.16 49.696
2 50 0.048 49.952
5 50 0.048 49.952
10 50 0.048 49.952
6 49.868 0.048 49.82
2 50 0.048 49.952
5 50 0.048 49.952
10 50 0.048 49.952
6 50 0.048 49.952
2 50 0.048 49.952
5 50 0.048 49.952
10 50 0.048 49.952
2 50 0.048 49.952
5 50 0.048 49.952
10 50 0.048 49.952
7 50 0.048 49.952
2 50 0.048 49.952
5 50 0.048 49.952
10 50 0.048 49.952
7 50 0.048 49.952
4 50 0.048 49.952
2 50 0.048 49.952
5 50 0.048 49.952
10 50 0.048 49.952
1 50 0.048 49.952
7 50 0.048 49.952
4 50 0.048 49.952
2 50 0.048 49.952
5 50 0.048 49.952
10 50 0.048 49.952
1 50 0.048 49.952
7 50 0.048 49.952
4 50 0.048 49.952
2 50 0.048 49.952
5 50 0.048 49.952
10 50 0.048 49.952
1 50 0.048 49.952
7 50 0.048 49.952
4 50 0.048 49.952
2 50 0.048 49.952
5 50 0.048 49.952
10 50 0.048 49.952
1 50 0.048 49.952
7 50 0.048 49.952
4 50 0.048 49.952
10 50 0.048 49.952
2 50 0.048 49.952
5 50 0.048 49.952
10 49.952 0.048 49.904
10 49.904 0.048 49.856
10 49.856 0.16 49.696
1 50 0.048 49.952
7 50 0.048 49.952
4 50 0.048 49.952
10 49.8534 0.048 49.8054
2 50 0.048 49.952
5 50 0.048 49.952
1 50 0.048 49.952
7 50 0.048 49.952
4 50 0.048 49.952
10 49.9272 0.048 49.8792
2 50 0.048 49.952
5 50 0.048 49.952
1 50 0.048 49.952
7 50 0.048 49.952
4 50 0.048 49.952
2 50 0.048 49.952
5 50 0.048 49.952
1 50 0.048 49.952
7 50 0.048 49.952
4 50 0.048 49.952
3 50 0.048 49.952
2 50 0.048 49.952
5 50 0.048 49.952
1 50 0.048 49.952
7 50 0.048 49.952
4 50 0.048 49.952
3 50 0.048 49.952
2 50 0.048 49.952
5 50 0.048 49.952
1 50 0.048 49.952
7 50 0.048 49.952
4 50 0.048 49.952
2 49.952 0.048 49.904
3 50 0.048 49.952
2 50 0.048 49.952
5 50 0.048 49.952
1 50 0.048 49.952
7 50 0.048 49.952
4 50 0.048 49.952
2 49.952 0.048 49.904
3 50 0.048 49.952
2 50 0.048 49.952
2 49.952 0.048 49.904
2 49.904 0.16 49.744
5 50 0.048 49.952
1 50 0.048 49.952
7 50 0.048 49.952
4 50 0.048 49.952
2 49.744 0.048 49.696
3 50 0.048 49.952
5 50 0.048 49.952
1 50 0.048 49.952
7 50 0.048 49.952
4 50 0.048 49.952
3 50 0.048 49.952
5 50 0.048 49.952
1 50 0.048 49.952
7 50 0.048 49.952
4 50 0.048 49.952
5 49.952 0.048 49.904
3 50 0.048 49.952
5 50 0.048 49.952
5 49.952 0.048 49.904
5 49.904 0.16 49.744
1 50 0.048 49.952
7 50 0.048 49.952
4 50 0.048 49.952
5 49.744 0.048 49.696
3 50 0.048 49.952
1 50 0.048 49.952
7 50 0.048 49.952
4 50 0.048 49.952
1 50 0.048 49.952
5 49.8444 0.048 49.7964
3 50 0.048 49.952
1 49.952 0.048 49.904
1 49.904 0.048 49.856
1 49.856 0.16 49.696
7 50 0.048 49.952
4 50 0.048 49.952
1 49.8948 0.048 49.8468
3 50 0.048 49.952
7 50 0.048 49.952
4 50 0.048 49.952
1 50 0.048 49.952
3 50 0.048 49.952
7 50 0.048 49.952
4 50 0.048 49.952
8 50 0.048 49.952
8 49.952 0.048 49.904
4 49.952 0.048 49.904
4 49.904 0.16 49.744
8 49.904 0.16 49.744
8 49.744 0.016 49.728
4 49.744 0.016 49.728
8 49.728 0.048 49.68
4 49.728 0.048 49.68
3 50 0.048 49.952
7 50 0.048 49.952
8 50 0.048 49.952
4 49.9896 0.048 49.9416
3 50 0.048 49.952
7 50 0.048 49.952
8 50 0.048 49.952
3 50 0.048 49.952
7 50 0.048 49.952
8 50 0.048 49.952
4 50 0.048 49.952
3 50 0.048 49.952
7 50 0.048 49.952
8 50 0.048 49.952
4 50 0.048 49.952
3 50 0.048 49.952
7 50 0.048 49.952
8 50 0.048 49.952
8 49.952 0.048 49.904
3 50 0.048 49.952
7 50 0.048 49.952
8 50 0.048 49.952
8 49.952 0.048 49.904
8 49.904 0.16 49.744
4 50 0.048 49.952
8 49.744 0.048 49.696
3 50 0.048 49.952
7 50 0.048 49.952
4 50 0.048 49.952
8 49.8296 0.048 49.7816
3 50 0.048 49.952
7 50 0.048 49.952
4 50 0.048 49.952
3 50 0.048 49.952
7 50 0.048 49.952
7 49.952 0.048 49.904
3 50 0.048 49.952
7 50 0.048 49.952
7 49.952 0.048 49.904
7 49.904 0.16 49.744
7 49.744 0.048 49.696
3 50 0.048 49.952
7 49.8333 0.048 49.7853
3 50 0.048 49.952
3 50 0.048 49.952
3 50 0.048 49.952
3 50 0.048 49.952
3 50 0.048 49.952
3 50 0.048 49.952
9 50 0.048 49.952
3 50 0.048 49.952
9 50 0.048 49.952
3 50 0.048 49.952
9 50 0.048 49.952
3 50 0.048 49.952
3 50 0.048 49.952
3 50 0.048 49.952
3 49.952 0.048 49.904
3 49.904 0.048 49.856
3 49.856 0.16 49.696
3 49.8696 0.048 49.8216
6 50 0.048 49.952
6 50 0.048 49.952
6 50 0.048 49.952
10 50 0.048 49.952
10 50 0.048 49.952
