36 2494 2.01324
67 2496 2.07008
19 2497 2.07173
12 2498 2.13215
61 2499 2.13306
48 2501 2.19826
65 2503 2.2677
39 2505 2.3912
58 2506 2.40308
46 2507 2.4065
23 2508 2.42607
11 2509 2.43045
2 2511 2.50761
66 2512 2.54993
40 2514 2.58201
10 2515 2.58319
57 2516 2.63107
30 2517 2.65909
63 2519 2.71127
6 2520 2.73886
27 2523 2.89131
54 2524 2.92529
69 2526 2.97293
51 2527 3.01606
50 2529 3.11458
4 2530 3.12336
56 2531 3.1368
42 2532 3.15357
1 2534 3.168
14 2535 3.21077
34 2536 3.2249
41 2537 3.2274
16 2539 3.27097
31 2541 3.40427
55 2542 3.40473
20 2543 3.42059
62 2544 3.44604
59 2545 3.45239
38 2547 3.48527
24 2548 3.53983
53 2550 3.59233
3 2552 3.76156
15 2555 3.93356
49 2558 4.09685
26 2561 4.35055
18 2562 4.35194
17 2564 4.41841
32 2565 4.44177
8 2567 4.46507
7 2568 4.48355
35 2569 4.50736
25 2571 4.60562
43 2573 4.69226
13 2574 4.76175
52 2577 4.88589
44 2578 4.95884
40 2580 4.99726
48 2582 5.09223
65 2593 6.09356
67 2594 6.12441
19 2596 6.20508
53 2598 6.29353
28 2600 6.38031
55 2603 6.57712
63 2605 6.71593
58 2609 7.05945
9 2612 7.20533
39 2613 7.24482
34 2614 7.26089
59 2616 7.27537
20 2619 7.48257
31 2620 7.53159
3 2621 7.53423
56 2624 7.69374
16 2627 7.88395
11 2629 7.99263
29 2630 8.04484
49 2635 8.39037
23 2637 8.50734
68 2642 8.89102
55 2644 8.99702
12 2645 9.01204
2 2647 9.15906
66 2648 9.1597
61 2650 9.16955
10 2653 9.38485
5 2654 9.44743
43 2656 9.46478
46 2658 9.56921
19 2659 9.59857
33 2660 9.60097
30 2661 9.63429
37 2662 9.64435
28 2664 9.67314
8 2666 9.77856
41 2668 9.92541
34 2670 9.99111
