1 3008 0 100 1.16701e-08 2.00307 2.00307
68 3009 0 100 0.3 2.00664 2.30664
28 3015 0 100 0.2 2.18086 2.38086
14 3033 0 100 1.16701e-08 2.63758 2.63758
26 3038 0 100 1.16701e-08 2.79499 2.79499
11 3011 0 100 1.2 2.07764 3.27764
24 3051 0 100 1.16701e-08 3.34578 3.34578
51 3060 0 100 1.16701e-08 3.68332 3.68332
46 3062 0 100 1.16701e-08 3.72156 3.72156
20 3053 0 100 0.5 3.36811 3.86811
50 3034 0 100 1.3 2.64464 3.94464
40 3028 0 100 1.5 2.59134 4.09134
55 3025 0 100 1.6 2.5101 4.1101
69 3044 0 100 1.4 3.11216 4.51216
16 3071 0 100 0.6 4.00641 4.60641
85 3029 0 100 2.1 2.60752 4.70752
45 3077 0 100 0.6 4.1295 4.7295
58 3020 0 100 2.4 2.35315 4.75315
39 3078 0 100 0.7 4.13625 4.83625
41 3022 0 100 2.5 2.39179 4.89179
4 3054 0 100 1.5 3.39585 4.89585
84 3032 0 100 2.3 2.61875 4.91875
86 3047 0 100 1.7 3.22206 4.92206
90 3111 0 100 1.16701e-08 4.98434 4.98434
72 3084 0 100 0.8 4.25955 5.05955
52 3079 0 100 1.1 4.13763 5.23763
74 3052 0 100 1.9 3.35047 5.25047
81 3048 0 100 2 3.26578 5.26578
36 3055 0 100 2 3.41724 5.41724
10 3069 0 100 1.5 3.96638 5.46638
49 3040 0 100 2.7 2.85904 5.55904
57 3065 0 100 1.7 3.8817 5.5817
17 3107 0 100 0.8 4.92562 5.72562
56 3089 0 100 1.4 4.35779 5.75779
13 3018 0 100 3.5 2.30442 5.80442
53 3024 0 100 3.4 2.48811 5.88811
87 3095 0 100 1.5 4.48896 5.98896
59 3097 0 100 1.4 4.59316 5.99316
2 3119 0 100 0.6 5.41345 6.01345
21 3093 0 100 1.6 4.42309 6.02309
78 3043 0 100 3 3.04809 6.04809
2 3013 0 100 4.2 2.16109 6.36109
79 3017 0 100 4.3 2.23815 6.53815
3 3100 0 100 1.9 4.66212 6.56212
25 3073 0 100 2.5 4.06286 6.56286
43 3050 0 100 3.3 3.32105 6.62105
75 3014 0 100 4.5 2.17548 6.67548
48 3030 0 100 4.1 2.61054 6.71054
75 3131 0 100 0.6 6.15984 6.75984
66 3027 0 100 4.3 2.51978 6.81978
23 3144 0 100 1.16701e-08 6.88257 6.88257
22 3037 0 100 4.2 2.75471 6.95471
31 3021 0 100 4.6 2.36753 6.96753
12 3070 0 100 3 4.00334 7.00334
1 3081 0 100 2.8 4.21189 7.01189
47 3067 0 100 3.1 3.92523 7.02523
1 3139 0 100 0.6 6.52248 7.12248
71 3063 0 100 3.4 3.79586 7.19586
31 3126 0 100 1.6 5.75087 7.35087
79 3124 0 100 1.7 5.67539 7.37539
48 3154 0 100 0.1 7.34175 7.44175
83 3085 0 100 3.2 4.29258 7.49258
33 3087 0 100 3.3 4.31338 7.61338
63 3068 0 100 3.7 3.96494 7.66494
35 3036 0 100 5 2.73133 7.73133
62 3094 0 100 3.4 4.45562 7.85562
54 3058 0 100 4.3 3.57947 7.87947
54 3136 0 100 1.4 6.49768 7.89768
62 3152 0 100 0.8 7.26575 8.06575
44 3109 0 100 3.2 4.97663 8.17663
29 3090 0 100 4 4.3759 8.3759
61 3086 0 100 4.1 4.29993 8.39993
76 3108 0 100 3.6 4.96387 8.56387
89 3110 0 100 3.6 4.97886 8.57886
11 3115 0 100 3.4 5.19696 8.59696
89 3189 0 100 1.16701e-08 8.71758 8.71758
70 3080 0 100 4.6 4.15607 8.75607
65 3091 0 100 4.5 4.39837 8.89837
50 3113 0 100 3.8 5.1015 8.9015
42 3083 0 100 4.7 4.224 8.924
38 3074 0 100 4.9 4.07246 8.97246
55 3148 0 100 2.1 6.97119 9.07119
7 3103 0 100 4.3 4.81671 9.11671
30 3075 0 100 5.1 4.0919 9.1919
20 3142 0 100 2.4 6.79597 9.19597
42 3170 0 100 1.4 7.82175 9.22175
19 3175 0 100 1.2 8.05225 9.25225
15 3190 0 100 0.6 8.75759 9.35759
15 3102 0 100 4.7 4.73706 9.43706
80 3099 0 100 4.8 4.65297 9.45297
8 3211 0 100 0.1 9.6785 9.7785
8 3105 0 100 4.9 4.90657 9.80657
69 3121 0 100 4.3 5.50815 9.80815
85 3173 0 100 1.8 8.00999 9.80999
82 3146 0 100 2.9 6.92471 9.82471
86 3133 0 100 3.6 6.29822 9.89822
4 3168 0 100 2.2 7.75005 9.95005
82 3217 0 100 0.1 9.89372 9.99372
90 3157 0 100 2.6 7.4695 10.0695
58 3116 0 100 4.9 5.19962 10.0996
84 3183 0 100 1.6 8.57762 10.1776
72 3159 0 100 2.7 7.48154 10.1815
73 3201 0 100 0.9 9.29729 10.1973
41 3199 0 100 1 9.21255 10.2125
81 3172 0 100 2.5 7.9735 10.4735
74 3158 0 100 3 7.48123 10.4812
36 3195 0 100 1.6 8.92769 10.5277
57 3208 0 100 1.3 9.46909 10.7691
10 3166 0 100 3.1 7.70869 10.8087
13 3178 0 100 2.7 8.2618 10.9618
64 3185 0 100 2.4 8.6321 11.0321
56 3186 0 100 2.4 8.66231 11.0623
78 3137 0 100 4.8 6.49918 11.2992
88 3213 0 100 1.5 9.80237 11.3024
87 3215 0 100 1.5 9.8335 11.3335
21 3147 0 100 4.4 6.96668 11.3667
59 3155 0 100 4.1 7.37974 11.4797
34 3207 0 100 2.1 9.43849 11.5385
2 3165 0 100 3.9 7.67174 11.5717
25 3218 0 100 1.9 9.90428 11.8043
22 3162 0 100 4.3 7.53603 11.836
18 3193 0 100 3 8.83605 11.8361
75 3192 0 100 3.1 8.82238 11.9224
43 3164 0 100 4.3 7.65442 11.9544
12 3206 0 100 2.6 9.42587 12.0259
47 3198 0 100 2.9 9.13064 12.0306
23 3220 0 100 2.2 9.94193 12.1419
66 3160 0 100 4.7 7.48966 12.1897
71 3187 0 100 3.9 8.67324 12.5732
33 3203 0 100 3.4 9.40303 12.803
63 3179 0 100 4.6 8.30374 12.9037
55 3216 0 100 4.5 9.89181 14.3918
50 3204 0 100 5.1 9.40889 14.5089
