86 982
63 982
61 982
3 982
36 982
65 983
59 983
1 983
67 983
39 983
29 983
40 983
83 984
60 985
70 985
17 985
52 985
9 985
64 985
64 986
9 986
52 986
17 986
53 987
66 987
5 987
65 987
29 987
59 987
67 987
40 987
39 987
63 988
86 988
3 988
61 988
67 989
59 989
65 989
5 989
51 989
29 989
40 989
84 990
71 990
56 990
38 990
69 990
25 990
57 990
35 990
10 990
44 990
15 990
7 991
49 991
14 991
74 991
70 986
26 992
50 992
77 992
21 993
18 993
47 994
74 995
49 995
14 995
7 995
28 995
16 996
87 996
22 996
72 997
40 998
29 998
51 998
65 998
59 998
67 998
33 998
11 998
32 998
26 998
50 998
32 999
50 999
26 999
33 999
67 999
59 999
65 999
5 999
51 999
53 999
8 1000
16 1000
46 1001
59 1002
67 1002
40 1002
29 1002
65 1002
51 1002
53 1002
56 1003
84 1003
57 1003
2 1003
71 1003
38 1003
12 1003
69 1003
10 1003
44 1003
35 1003
42 1001
55 1001
49 1004
7 1004
2 1005
12 1005
84 1005
10 1005
69 1005
57 1005
35 1005
44 1005
10 1006
57 1006
2 1006
69 1006
84 1006
71 1006
68 984
11 1007
26 1007
50 1007
32 1007
66 999
58 1009
47 1009
75 1009
24 1009
45 1009
62 1009
90 1009
42 1010
55 1010
55 1011
70 1012
9 1012
64 1012
52 1012
23 997
5 1002
31 1013
88 1013
29 1014
65 1014
5 1014
89 1015
20 1015
13 1015
78 1015
12 1016
84 1016
2 1016
71 1016
56 1016
38 1016
69 1016
10 1016
35 1016
43 1017
58 1017
6 1017
47 1017
24 1017
75 1017
62 1017
20 1018
13 1018
62 1019
75 1019
24 1019
43 1019
6 1019
58 1019
5 1020
39 989
71 1021
84 1021
2 1021
69 1021
56 1021
38 1021
12 1021
35 1021
44 1021
34 1022
88 1022
1 987
54 983
50 1023
32 1023
26 1023
11 1023
33 1007
47 1019
54 1024
40 1024
67 1024
59 1024
65 1024
5 1024
51 1024
29 1024
39 1024
35 1025
84 1025
56 1025
71 1025
38 1025
2 1025
69 1025
12 1025
87 1000
6 1026
43 1026
75 1026
24 1026
58 1026
61 1027
3 1027
86 1027
77 998
18 1008
85 992
88 1028
52 1029
9 1029
27 1006
33 1030
11 1030
32 1030
26 1030
50 1030
77 1030
38 1031
41 996
41 1032
16 1032
51 1033
65 1033
5 1033
53 1033
57 1016
25 1003
10 1021
57 1021
22 1000
44 1025
10 1025
57 1025
22 1034
77 1035
50 1035
32 1035
26 1035
11 1035
14 1036
7 1036
49 1036
15 1005
30 990
75 1037
24 1037
58 1037
43 1037
69 1038
56 1038
2 1038
57 1038
35 1038
44 1038
15 1038
30 1038
23 1039
9 1040
70 1040
34 1028
3 1042
86 1042
31 1022
24 1043
43 1043
58 1043
79 1013
65 1044
59 1044
51 1044
29 1044
39 1044
40 1044
67 1044
84 1045
2 1045
12 1045
10 1045
69 1045
57 1045
56 1045
25 1045
38 1045
71 1045
46 1010
75 1043
42 1011
40 1046
67 1046
39 1046
59 1046
51 1046
29 1046
65 1046
5 1046
73 1001
13 1041
20 1041
89 1041
81 1015
78 1018
68 1047
87 1032
16 1034
12 1048
69 1048
56 1048
25 1048
10 1048
44 1048
87 1034
8 996
22 1032
8 1032
41 1000
35 1048
57 1048
38 1048
71 1048
84 1048
86 1049
82 995
42 1050
55 1050
73 1050
28 1004
7 1051
28 1051
70 1052
19 991
74 1036
63 1027
55 1053
73 1053
61 1042
63 1042
4 982
36 988
3 1049
36 1049
11 1054
32 1054
50 1054
77 1054
50 1055
77 1055
57 1056
56 1056
25 1056
38 1056
69 1056
12 1056
35 1056
15 1056
44 1056
10 1056
84 1056
37 993
43 1057
58 1057
75 1057
59 1058
39 1058
40 1058
38 1059
25 1059
35 1059
69 1059
84 1059
56 1059
57 1059
12 1059
10 1059
44 1059
15 1059
10 1060
69 1060
84 1060
57 1060
56 1060
25 1060
35 1060
44 1060
21 1008
37 1008
32 1055
58 1061
29 1062
65 1062
59 1062
40 1062
44 1063
35 1063
12 1063
84 1063
25 1063
56 1063
57 1063
38 1063
69 1063
9 1052
60 986
64 1029
77 1064
50 1064
48 985
52 1040
74 1065
19 1065
14 1065
49 1065
7 1065
28 1065
66 1033
34 1066
88 1066
79 1066
17 1012
53 1046
72 1039
35 1067
69 1067
25 1067
84 1067
38 1067
56 1067
57 1067
3 1068
86 1068
36 1068
61 1068
63 1068
8 1069
22 1069
49 1070
14 1070
19 1070
41 1069
16 1069
23 1071
80 997
25 1072
38 1072
57 1072
56 1072
84 1072
69 1072
35 1072
20 1073
78 1073
81 1073
6 1037
51 1074
29 1074
59 1074
65 1074
5 1074
40 1075
59 1075
51 1075
29 1075
65 1075
13 1076
78 1076
81 1076
56 1077
84 1077
69 1077
35 1077
57 1077
38 1077
47 1026
78 1078
81 1078
75 1061
24 1057
9 1079
70 1079
52 1079
48 1079
64 1079
79 1080
88 1080
45 1019
62 1043
84 1081
69 1081
38 1081
57 1081
65 1082
51 1082
59 1082
40 1082
90 1017
76 1009
61 1083
36 1083
63 1083
86 1083
28 1084
7 1084
19 1084
49 1084
83 1047
68 1033
22 1085
16 1085
41 1085
18 1086
37 1086
66 1046
68 1046
6 1087
47 1087
75 1087
45 1087
62 1087
90 1087
52 1088
70 1088
53 1074
5 1075
66 1075
29 1082
54 1044
1 1024
38 1089
69 1089
57 1089
39 1062
69 1090
38 1090
57 1090
88 1091
67 1058
33 1035
67 1035
11 1055
33 1055
67 1055
26 1054
33 1054
32 1064
26 1064
11 1064
33 1092
17 1088
48 1088
64 1088
68 1093
63 1094
61 1094
86 1094
86 1095
63 1095
75 1096
62 1096
45 1096
47 1096
24 1096
58 1096
43 1096
74 1070
7 1070
14 1084
85 1030
27 1045
71 1056
27 1056
84 1089
71 1089
24 1097
75 1097
47 1097
45 1097
62 1097
35 1090
84 1090
71 1090
73 1098
29 1099
40 1099
54 1099
67 1099
59 1099
39 1099
56 1081
71 1081
2 1048
25 1077
2 1077
57 1100
2 1100
12 1067
2 1067
35 1101
57 1101
16 1102
41 1102
10 1063
10 1103
44 1072
10 1072
12 1104
15 1060
81 1105
19 1106
14 1106
49 1106
30 1059
59 1107
29 1107
65 1107
51 1107
5 1107
66 1107
34 1080
79 1091
31 1066
46 1050
42 1053
55 1098
46 1098
89 1073
20 1076
89 1076
78 1105
20 1105
89 1105
13 1078
87 1069
8 1085
22 1102
28 1070
7 1106
28 1106
82 1065
74 1084
61 1095
3 1083
36 1094
4 1068
21 1086
60 1079
9 1088
6 1096
90 1097
76 1087
83 1093
53 1107
1 1099
