53 335
26 335
36 335
37 335
18 335
57 335
59 335
67 335
2 335
32 335
20 335
31 335
10 335
60 335
9 335
5 335
15 335
39 335
65 335
21 336
79 336
68 336
1 336
4 337
33 337
40 337
44 337
81 337
50 337
77 337
3 338
19 339
30 339
66 340
13 341
89 341
12 341
17 342
22 342
80 343
83 344
48 344
70 344
23 344
28 344
90 345
74 346
8 338
60 347
41 339
77 348
87 349
27 349
75 349
84 335
8 335
45 351
55 351
56 351
86 351
71 351
24 351
7 351
16 351
58 344
61 344
72 352
47 352
29 353
25 353
38 353
62 355
76 346
37 346
59 346
32 346
81 356
4 356
70 357
52 358
76 359
67 360
57 360
21 361
79 361
64 360
56 363
45 363
86 363
85 364
82 364
36 365
74 365
49 366
28 366
42 366
59 367
14 341
14 369
33 370
63 370
58 354
19 373
41 373
9 374
17 371
6 336
68 361
34 358
53 365
51 368
79 376
35 342
35 377
29 378
22 371
11 337
34 379
89 372
42 380
37 365
41 381
54 356
54 383
72 370
72 385
22 384
56 386
74 387
37 387
46 351
17 384
35 384
13 369
6 389
79 390
35 391
17 391
41 392
81 393
19 381
43 339
24 358
52 379
58 351
34 395
24 395
83 354
14 372
21 376
41 399
19 399
73 378
29 400
22 391
81 403
11 384
72 394
87 364
85 388
9 397
69 374
13 396
10 346
59 365
32 367
36 387
53 387
43 399
52 399
88 346
31 350
15 362
84 375
74 402
34 399
3 373
45 386
46 398
78 344
49 380
42 401
89 369
14 396
6 404
73 400
