57 2239 1.03737
14 2240 1.07999
48 2242 1.23156
38 2244 1.26142
28 2245 1.26368
39 2246 1.26546
40 2248 1.36346
2 2249 1.43072
15 2251 1.4703
23 2252 1.51181
53 2254 1.53693
22 2255 1.54817
66 2257 1.67328
62 2258 1.69861
50 2259 1.70132
59 2262 1.88897
10 2263 1.89811
27 2265 1.94386
43 2266 1.98013
32 2267 2.00021
37 2270 2.14162
58 2271 2.19166
63 2274 2.35461
69 2275 2.43207
41 2277 2.44804
30 2278 2.52717
49 2280 2.61415
24 2283 2.80375
56 2285 2.90046
4 2287 2.9377
65 2288 2.97959
51 2289 2.99778
55 2290 3.01109
36 2292 3.1349
29 2294 3.13703
25 2296 3.25765
34 2298 3.33964
8 2299 3.34966
21 2300 3.37242
67 2303 3.55288
16 2304 3.56911
33 2307 3.75479
35 2308 3.77677
64 2309 3.78978
5 2310 3.81005
44 2312 3.88901
46 2313 3.93319
70 2316 4.04705
12 2317 4.12496
17 2319 4.17038
60 2321 4.25573
45 2322 4.30972
10 2324 4.37894
11 2325 4.38118
3 2327 4.50823
19 2329 4.61768
13 2331 4.67506
61 2332 4.71285
6 2334 4.76336
15 2336 4.91573
8 2342 5.35296
56 2347 5.77646
29 2350 6.03038
53 2352 6.07887
28 2354 6.13537
66 2358 6.52316
68 2362 6.83425
27 2364 6.83732
40 2368 7.16688
45 2369 7.16888
59 2371 7.28648
21 2374 7.44451
52 2376 7.58908
4 2377 7.62007
12 2379 7.64215
41 2381 7.77809
25 2384 7.94053
5 2390 8.44567
20 2395 8.91837
30 2398 9.13438
59 2405 9.7217
28 2407 9.78728
