21 0.8 0.048 0.752
2 0.8 0.048 0.752
23 0.8 0.048 0.752
26 0.8 0.048 0.752
21 0.752 0.192 0.56
21 0.56 0.16 0.4
21 0.4 0.016 0.384
2 0.752 0.16 0.592
23 0.752 0.16 0.592
26 0.752 0.16 0.592
7 0.8 0.048 0.752
12 0.8 0.048 0.752
22 0.8 0.048 0.752
7 0.752 0.096 0.656
7 0.656 0.16 0.496
12 0.752 0.16 0.592
12 0.592 0.016 0.576
7 0.496 0.016 0.48
12 0.576 0.048 0.528
7 0.48 0.048 0.432
22 0.752 0.048 0.704
12 0.528 0.048 0.48
12 0.48 0.16 0.32
22 0.704 0.16 0.544
7 0.432 0.16 0.272
22 0.544 0.16 0.384
10 0.8 0.048 0.752
14 0.8 0.048 0.752
6 0.8 0.048 0.752
14 0.752 0.048 0.704
14 0.704 0.16 0.544
6 0.752 0.16 0.592
6 0.592 0.016 0.576
14 0.544 0.016 0.528
6 0.576 0.048 0.528
14 0.528 0.048 0.48
5 0.8 0.048 0.752
4 0.8 0.048 0.752
5 0.752 0.048 0.704
5 0.704 0.16 0.544
4 0.752 0.16 0.592
4 0.592 0.016 0.576
5 0.544 0.016 0.528
4 0.576 0.048 0.528
5 0.528 0.048 0.48
3 0.8 0.048 0.752
19 0.8 0.048 0.752
9 0.8 0.048 0.752
11 0.8 0.048 0.752
19 0.752 0.096 0.656
19 0.656 0.16 0.496
9 0.752 0.16 0.592
9 0.592 0.016 0.576
19 0.496 0.016 0.48
9 0.576 0.048 0.528
11 0.752 0.048 0.704
17 0.8 0.048 0.752
19 0.48 0.048 0.432
9 0.528 0.096 0.432
9 0.432 0.16 0.272
11 0.704 0.16 0.544
11 0.544 0.16 0.384
17 0.752 0.16 0.592
19 0.432 0.16 0.272
11 0.457769 0.048 0.409769
9 0.344713 0.048 0.296713
19 0.347122 0.048 0.299122
10 0.8 0.048 0.752
27 0.8 0.048 0.752
20 0.8 0.048 0.752
30 0.8 0.048 0.752
27 0.752 0.096 0.656
27 0.656 0.16 0.496
20 0.752 0.16 0.592
20 0.592 0.016 0.576
27 0.496 0.016 0.48
20 0.576 0.048 0.528
27 0.48 0.048 0.432
30 0.752 0.048 0.704
20 0.528 0.048 0.48
20 0.48 0.16 0.32
30 0.704 0.16 0.544
27 0.432 0.16 0.272
30 0.544 0.16 0.384
6 0.8 0.048 0.752
14 0.8 0.048 0.752
4 0.8 0.048 0.752
5 0.8 0.048 0.752
4 0.752 0.048 0.704
4 0.704 0.16 0.544
4 0.544 0.016 0.528
5 0.752 0.16 0.592
3 0.8 0.048 0.752
11 0.789828 0.048 0.741828
9 0.677059 0.048 0.629059
17 0.8 0.048 0.752
19 0.672215 0.048 0.624215
11 0.741828 0.096 0.645828
11 0.645828 0.16 0.485828
9 0.629059 0.16 0.469059
17 0.752 0.16 0.592
17 0.592 0.016 0.576
11 0.485828 0.016 0.469828
17 0.576 0.048 0.528
9 0.469059 0.048 0.421059
11 0.469828 0.048 0.421828
19 0.624215 0.16 0.464215
10 0.8 0.048 0.752
6 0.8 0.048 0.752
14 0.8 0.048 0.752
25 0.8 0.048 0.752
29 0.8 0.048 0.752
25 0.752 0.048 0.704
25 0.704 0.16 0.544
29 0.752 0.16 0.592
29 0.592 0.016 0.576
25 0.544 0.016 0.528
29 0.576 0.048 0.528
25 0.528 0.048 0.48
28 0.8 0.048 0.752
17 0.75579 0.048 0.70779
3 0.8 0.048 0.752
17 0.8 0.048 0.752
9 0.794456 0.048 0.746456
11 0.8 0.048 0.752
28 0.8 0.048 0.752
10 0.8 0.048 0.752
6 0.8 0.048 0.752
14 0.8 0.048 0.752
29 0.8 0.048 0.752
25 0.8 0.048 0.752
28 0.8 0.048 0.752
17 0.8 0.048 0.752
30 0.8 0.048 0.752
15 0.8 0.048 0.752
20 0.8 0.048 0.752
27 0.8 0.048 0.752
30 0.752 0.096 0.656
30 0.656 0.16 0.496
15 0.752 0.16 0.592
15 0.592 0.016 0.576
30 0.496 0.016 0.48
15 0.576 0.048 0.528
30 0.48 0.048 0.432
20 0.752 0.16 0.592
27 0.752 0.16 0.592
2 0.8 0.048 0.752
21 0.8 0.048 0.752
2 0.752 0.048 0.704
2 0.704 0.16 0.544
21 0.752 0.16 0.592
21 0.592 0.016 0.576
2 0.544 0.016 0.528
21 0.576 0.048 0.528
2 0.528 0.048 0.48
26 0.8 0.048 0.752
21 0.528 0.048 0.48
21 0.48 0.16 0.32
2 0.48 0.16 0.32
26 0.752 0.16 0.592
26 0.592 0.016 0.576
21 0.32 0.016 0.304
26 0.576 0.048 0.528
21 0.304 0.048 0.256
23 0.8 0.048 0.752
26 0.528 0.048 0.48
26 0.48 0.16 0.32
21 0.256 0.16 0.096
23 0.752 0.16 0.592
23 0.592 0.016 0.576
26 0.32 0.016 0.304
23 0.576 0.048 0.528
26 0.304 0.048 0.256
3 0.8 0.048 0.752
17 0.8 0.048 0.752
9 0.8 0.048 0.752
11 0.8 0.048 0.752
10 0.8 0.048 0.752
7 0.8 0.048 0.752
12 0.8 0.048 0.752
22 0.8 0.048 0.752
7 0.752 0.048 0.704
7 0.704 0.16 0.544
12 0.752 0.16 0.592
22 0.752 0.16 0.592
22 0.592 0.016 0.576
7 0.544 0.016 0.528
22 0.576 0.048 0.528
7 0.528 0.048 0.48
12 0.592 0.048 0.544
16 0.8 0.048 0.752
22 0.528 0.048 0.48
22 0.48 0.16 0.32
7 0.48 0.16 0.32
12 0.544 0.16 0.384
16 0.752 0.16 0.592
16 0.592 0.016 0.576
22 0.32 0.016 0.304
16 0.576 0.048 0.528
22 0.304 0.048 0.256
6 0.8 0.048 0.752
4 0.8 0.048 0.752
14 0.8 0.048 0.752
6 0.752 0.048 0.704
6 0.704 0.16 0.544
4 0.752 0.16 0.592
4 0.592 0.016 0.576
6 0.544 0.016 0.528
4 0.576 0.048 0.528
5 0.8 0.048 0.752
6 0.528 0.048 0.48
4 0.528 0.048 0.48
4 0.48 0.16 0.32
14 0.752 0.16 0.592
5 0.752 0.16 0.592
5 0.592 0.016 0.576
4 0.32 0.016 0.304
5 0.576 0.048 0.528
4 0.304 0.048 0.256
6 0.48 0.16 0.32
29 0.8 0.048 0.752
25 0.8 0.048 0.752
28 0.8 0.048 0.752
17 0.8 0.048 0.752
28 0.752 0.048 0.704
28 0.704 0.16 0.544
28 0.544 0.016 0.528
17 0.752 0.16 0.592
15 0.8 0.048 0.752
30 0.8 0.048 0.752
23 0.8 0.048 0.752
26 0.626437 0.048 0.578437
3 0.8 0.048 0.752
21 0.555627 0.048 0.507627
2 0.684535 0.048 0.636535
26 0.651763 0.048 0.603763
21 0.507627 0.096 0.411627
21 0.411627 0.16 0.251627
2 0.636535 0.16 0.476535
26 0.603763 0.16 0.443763
17 0.738365 0.048 0.690365
9 0.8 0.048 0.752
11 0.8 0.048 0.752
28 0.680271 0.048 0.632271
17 0.690365 0.048 0.642365
17 0.642365 0.16 0.482365
9 0.752 0.16 0.592
11 0.752 0.16 0.592
28 0.632271 0.16 0.472271
10 0.8 0.048 0.752
16 0.8 0.048 0.752
1 0.8 0.048 0.752
22 0.643557 0.048 0.595557
16 0.752 0.048 0.704
16 0.704 0.16 0.544
1 0.752 0.16 0.592
1 0.592 0.016 0.576
16 0.544 0.016 0.528
1 0.576 0.048 0.528
16 0.528 0.048 0.48
22 0.595557 0.16 0.435557
8 0.8 0.048 0.752
26 0.672607 0.048 0.624607
2 0.778442 0.048 0.730442
21 0.484188 0.048 0.436188
23 0.8 0.048 0.752
26 0.624607 0.048 0.576607
26 0.576607 0.16 0.416607
2 0.730442 0.16 0.570442
2 0.570442 0.016 0.554442
26 0.416607 0.016 0.400607
2 0.554442 0.048 0.506442
21 0.436188 0.048 0.388188
26 0.400607 0.048 0.352607
21 0.388188 0.16 0.228188
23 0.752 0.16 0.592
5 0.8 0.048 0.752
4 0.623882 0.048 0.575882
29 0.8 0.048 0.752
25 0.8 0.048 0.752
15 0.8 0.048 0.752
30 0.8 0.048 0.752
23 0.668467 0.048 0.620467
26 0.431294 0.048 0.383294
14 0.8 0.048 0.752
6 0.8 0.048 0.752
14 0.752 0.048 0.704
14 0.704 0.16 0.544
6 0.752 0.16 0.592
6 0.592 0.016 0.576
14 0.544 0.016 0.528
6 0.576 0.048 0.528
14 0.528 0.048 0.48
3 0.8 0.048 0.752
24 0.8 0.048 0.752
4 0.653016 0.048 0.605016
5 0.8 0.048 0.752
11 0.8 0.048 0.752
9 0.8 0.048 0.752
17 0.8 0.048 0.752
19 0.8 0.048 0.752
11 0.752 0.048 0.704
11 0.704 0.16 0.544
9 0.752 0.16 0.592
17 0.752 0.16 0.592
19 0.752 0.16 0.592
19 0.592 0.016 0.576
11 0.544 0.016 0.528
19 0.576 0.048 0.528
9 0.592 0.048 0.544
11 0.528 0.048 0.48
10 0.8 0.048 0.752
22 0.750097 0.048 0.702097
7 0.8 0.048 0.752
12 0.8 0.048 0.752
16 0.8 0.048 0.752
22 0.702097 0.096 0.606097
22 0.606097 0.16 0.446097
7 0.752 0.16 0.592
7 0.592 0.016 0.576
22 0.446097 0.016 0.430097
7 0.576 0.048 0.528
12 0.752 0.048 0.704
22 0.430097 0.048 0.382097
12 0.704 0.16 0.544
16 0.752 0.16 0.592
1 0.8 0.048 0.752
16 0.592 0.048 0.544
8 0.8 0.048 0.752
2 0.8 0.048 0.752
21 0.60529 0.048 0.55729
26 0.685345 0.048 0.637345
5 0.8 0.048 0.752
4 0.8 0.048 0.752
29 0.8 0.048 0.752
25 0.8 0.048 0.752
15 0.8 0.048 0.752
30 0.8 0.048 0.752
23 0.8 0.048 0.752
26 0.713944 0.048 0.665944
13 0.8 0.048 0.752
18 0.8 0.048 0.752
13 0.752 0.048 0.704
13 0.704 0.16 0.544
18 0.752 0.16 0.592
18 0.592 0.016 0.576
13 0.544 0.016 0.528
18 0.576 0.048 0.528
13 0.528 0.048 0.48
6 0.8 0.048 0.752
3 0.8 0.048 0.752
24 0.8 0.048 0.752
4 0.8 0.048 0.752
5 0.8 0.048 0.752
16 0.8 0.048 0.752
1 0.8 0.048 0.752
22 0.682851 0.048 0.634851
16 0.752 0.048 0.704
16 0.704 0.16 0.544
1 0.752 0.16 0.592
22 0.634851 0.16 0.474851
19 0.8 0.048 0.752
9 0.8 0.048 0.752
11 0.8 0.048 0.752
10 0.8 0.048 0.752
7 0.8 0.048 0.752
12 0.8 0.048 0.752
22 0.547567 0.048 0.499567
1 0.666609 0.048 0.618609
16 0.620992 0.048 0.572992
8 0.8 0.048 0.752
2 0.8 0.048 0.752
21 0.8 0.048 0.752
26 0.8 0.048 0.752
5 0.8 0.048 0.752
4 0.8 0.048 0.752
29 0.8 0.048 0.752
25 0.8 0.048 0.752
15 0.8 0.048 0.752
30 0.8 0.048 0.752
23 0.8 0.048 0.752
26 0.8 0.048 0.752
18 0.8 0.048 0.752
13 0.8 0.048 0.752
6 0.8 0.048 0.752
4 0.8 0.048 0.752
14 0.8 0.048 0.752
3 0.8 0.048 0.752
3 0.752 0.048 0.704
3 0.704 0.16 0.544
3 0.544 0.016 0.528
24 0.8 0.048 0.752
4 0.752 0.048 0.704
5 0.8 0.048 0.752
6 0.752 0.048 0.704
27 0.8 0.048 0.752
20 0.8 0.048 0.752
30 0.8 0.048 0.752
27 0.752 0.048 0.704
27 0.704 0.16 0.544
20 0.752 0.16 0.592
30 0.752 0.16 0.592
30 0.592 0.016 0.576
27 0.544 0.016 0.528
30 0.576 0.048 0.528
15 0.8 0.048 0.752
20 0.592 0.048 0.544
27 0.528 0.048 0.48
19 0.8 0.048 0.752
9 0.8 0.048 0.752
11 0.8 0.048 0.752
10 0.8 0.048 0.752
7 0.8 0.048 0.752
12 0.8 0.048 0.752
22 0.8 0.048 0.752
1 0.8 0.048 0.752
16 0.8 0.048 0.752
8 0.8 0.048 0.752
2 0.8 0.048 0.752
21 0.8 0.048 0.752
26 0.8 0.048 0.752
5 0.8 0.048 0.752
4 0.8 0.048 0.752
29 0.8 0.048 0.752
25 0.8 0.048 0.752
15 0.8 0.048 0.752
30 0.757563 0.048 0.709563
23 0.8 0.048 0.752
26 0.8 0.048 0.752
18 0.8 0.048 0.752
13 0.8 0.048 0.752
6 0.8 0.048 0.752
4 0.8 0.048 0.752
24 0.8 0.048 0.752
4 0.752 0.048 0.704
5 0.8 0.048 0.752
6 0.752 0.048 0.704
25 0.8 0.048 0.752
29 0.8 0.048 0.752
30 0.8 0.048 0.752
15 0.8 0.048 0.752
20 0.8 0.048 0.752
27 0.8 0.048 0.752
19 0.8 0.048 0.752
9 0.8 0.048 0.752
11 0.8 0.048 0.752
10 0.8 0.048 0.752
7 0.8 0.048 0.752
12 0.8 0.048 0.752
22 0.8 0.048 0.752
1 0.8 0.048 0.752
16 0.8 0.048 0.752
1 0.752 0.048 0.704
1 0.704 0.16 0.544
1 0.544 0.016 0.528
16 0.752 0.16 0.592
8 0.8 0.048 0.752
2 0.8 0.048 0.752
21 0.8 0.048 0.752
5 0.8 0.048 0.752
4 0.8 0.048 0.752
6 0.8 0.048 0.752
29 0.8 0.048 0.752
25 0.8 0.048 0.752
15 0.8 0.048 0.752
30 0.8 0.048 0.752
23 0.8 0.048 0.752
26 0.8 0.048 0.752
23 0.752 0.048 0.704
23 0.704 0.16 0.544
23 0.544 0.016 0.528
26 0.752 0.16 0.592
18 0.8 0.048 0.752
13 0.8 0.048 0.752
6 0.8 0.048 0.752
4 0.8 0.048 0.752
5 0.8 0.048 0.752
14 0.8 0.048 0.752
24 0.8 0.048 0.752
4 0.752 0.048 0.704
5 0.752 0.048 0.704
6 0.752 0.048 0.704
25 0.8 0.048 0.752
29 0.8 0.048 0.752
30 0.8 0.048 0.752
15 0.8 0.048 0.752
20 0.8 0.048 0.752
27 0.8 0.048 0.752
14 0.8 0.048 0.752
6 0.776537 0.048 0.728537
19 0.8 0.048 0.752
9 0.8 0.048 0.752
11 0.8 0.048 0.752
10 0.8 0.048 0.752
7 0.8 0.048 0.752
12 0.8 0.048 0.752
22 0.8 0.048 0.752
8 0.8 0.048 0.752
2 0.8 0.048 0.752
21 0.8 0.048 0.752
5 0.8 0.048 0.752
4 0.8 0.048 0.752
29 0.8 0.048 0.752
25 0.8 0.048 0.752
15 0.8 0.048 0.752
20 0.8 0.048 0.752
30 0.8 0.048 0.752
18 0.8 0.048 0.752
13 0.8 0.048 0.752
6 0.8 0.048 0.752
4 0.8 0.048 0.752
14 0.8 0.048 0.752
24 0.8 0.048 0.752
4 0.752 0.048 0.704
5 0.8 0.048 0.752
6 0.752 0.048 0.704
25 0.8 0.048 0.752
29 0.8 0.048 0.752
30 0.8 0.048 0.752
15 0.8 0.048 0.752
20 0.8 0.048 0.752
27 0.8 0.048 0.752
14 0.8 0.048 0.752
6 0.777878 0.048 0.729878
26 0.8 0.048 0.752
21 0.8 0.048 0.752
23 0.8 0.048 0.752
26 0.752 0.048 0.704
26 0.704 0.16 0.544
21 0.752 0.16 0.592
23 0.752 0.16 0.592
23 0.592 0.016 0.576
26 0.544 0.016 0.528
23 0.576 0.048 0.528
26 0.528 0.048 0.48
19 0.8 0.048 0.752
9 0.8 0.048 0.752
11 0.8 0.048 0.752
10 0.8 0.048 0.752
7 0.8 0.048 0.752
12 0.8 0.048 0.752
22 0.8 0.048 0.752
8 0.8 0.048 0.752
2 0.8 0.048 0.752
21 0.74065 0.048 0.69265
5 0.8 0.048 0.752
4 0.8 0.048 0.752
29 0.8 0.048 0.752
25 0.8 0.048 0.752
15 0.8 0.048 0.752
30 0.8 0.048 0.752
18 0.8 0.048 0.752
13 0.8 0.048 0.752
6 0.8 0.048 0.752
24 0.8 0.048 0.752
4 0.8 0.048 0.752
5 0.8 0.048 0.752
25 0.8 0.048 0.752
29 0.8 0.048 0.752
30 0.8 0.048 0.752
15 0.8 0.048 0.752
20 0.8 0.048 0.752
27 0.8 0.048 0.752
14 0.8 0.048 0.752
23 0.8 0.048 0.752
26 0.8 0.048 0.752
19 0.8 0.048 0.752
9 0.8 0.048 0.752
11 0.8 0.048 0.752
10 0.8 0.048 0.752
13 0.8 0.048 0.752
18 0.8 0.048 0.752
7 0.8 0.048 0.752
12 0.8 0.048 0.752
22 0.8 0.048 0.752
8 0.8 0.048 0.752
2 0.8 0.048 0.752
21 0.8 0.048 0.752
5 0.8 0.048 0.752
4 0.8 0.048 0.752
6 0.8 0.048 0.752
29 0.8 0.048 0.752
25 0.8 0.048 0.752
15 0.8 0.048 0.752
18 0.8 0.048 0.752
13 0.8 0.048 0.752
6 0.8 0.048 0.752
4 0.8 0.048 0.752
5 0.8 0.048 0.752
24 0.8 0.048 0.752
3 0.8 0.048 0.752
4 0.752 0.048 0.704
5 0.752 0.048 0.704
6 0.752 0.048 0.704
25 0.8 0.048 0.752
29 0.8 0.048 0.752
30 0.8 0.048 0.752
20 0.8 0.048 0.752
27 0.8 0.048 0.752
22 0.8 0.048 0.752
1 0.8 0.048 0.752
7 0.8 0.048 0.752
12 0.8 0.048 0.752
16 0.8 0.048 0.752
22 0.752 0.048 0.704
22 0.704 0.16 0.544
1 0.752 0.16 0.592
1 0.592 0.016 0.576
22 0.544 0.016 0.528
1 0.576 0.048 0.528
16 0.752 0.048 0.704
22 0.528 0.048 0.48
7 0.752 0.16 0.592
12 0.752 0.16 0.592
16 0.704 0.16 0.544
14 0.8 0.048 0.752
14 0.752 0.048 0.704
14 0.704 0.16 0.544
14 0.544 0.016 0.528
23 0.8 0.048 0.752
26 0.8 0.048 0.752
19 0.8 0.048 0.752
9 0.8 0.048 0.752
11 0.8 0.048 0.752
10 0.8 0.048 0.752
13 0.8 0.048 0.752
18 0.8 0.048 0.752
7 0.662584 0.048 0.614584
12 0.663787 0.048 0.615787
22 0.550876 0.048 0.502876
28 0.8 0.048 0.752
17 0.8 0.048 0.752
8 0.8 0.048 0.752
2 0.8 0.048 0.752
21 0.8 0.048 0.752
5 0.8 0.048 0.752
4 0.8 0.048 0.752
29 0.8 0.048 0.752
25 0.8 0.048 0.752
29 0.752 0.048 0.704
29 0.704 0.16 0.544
29 0.544 0.016 0.528
25 0.752 0.16 0.592
15 0.8 0.048 0.752
20 0.8 0.048 0.752
30 0.8 0.048 0.752
18 0.8 0.048 0.752
13 0.8 0.048 0.752
6 0.8 0.048 0.752
4 0.8 0.048 0.752
24 0.8 0.048 0.752
3 0.8 0.048 0.752
4 0.752 0.048 0.704
5 0.8 0.048 0.752
6 0.752 0.048 0.704
25 0.741326 0.048 0.693326
29 0.684334 0.048 0.636334
25 0.693326 0.048 0.645326
25 0.645326 0.16 0.485326
29 0.636334 0.16 0.476334
30 0.8 0.048 0.752
15 0.8 0.048 0.752
20 0.8 0.048 0.752
27 0.8 0.048 0.752
1 0.8 0.048 0.752
16 0.8 0.048 0.752
22 0.8 0.048 0.752
23 0.8 0.048 0.752
26 0.8 0.048 0.752
19 0.8 0.048 0.752
9 0.8 0.048 0.752
11 0.8 0.048 0.752
10 0.8 0.048 0.752
13 0.8 0.048 0.752
18 0.8 0.048 0.752
7 0.8 0.048 0.752
12 0.8 0.048 0.752
16 0.8 0.048 0.752
22 0.8 0.048 0.752
28 0.8 0.048 0.752
17 0.8 0.048 0.752
8 0.8 0.048 0.752
2 0.8 0.048 0.752
21 0.8 0.048 0.752
5 0.8 0.048 0.752
4 0.8 0.048 0.752
6 0.8 0.048 0.752
15 0.8 0.048 0.752
30 0.8 0.048 0.752
18 0.8 0.048 0.752
13 0.8 0.048 0.752
6 0.8 0.048 0.752
4 0.8 0.048 0.752
5 0.8 0.048 0.752
24 0.8 0.048 0.752
3 0.8 0.048 0.752
4 0.752 0.048 0.704
5 0.752 0.048 0.704
6 0.752 0.048 0.704
11 0.8 0.048 0.752
9 0.8 0.048 0.752
19 0.8 0.048 0.752
30 0.8 0.048 0.752
15 0.8 0.048 0.752
20 0.8 0.048 0.752
27 0.8 0.048 0.752
1 0.8 0.048 0.752
16 0.8 0.048 0.752
22 0.8 0.048 0.752
23 0.8 0.048 0.752
21 0.8 0.048 0.752
26 0.8 0.048 0.752
19 0.8 0.048 0.752
9 0.8 0.048 0.752
11 0.8 0.048 0.752
10 0.8 0.048 0.752
13 0.8 0.048 0.752
18 0.8 0.048 0.752
7 0.8 0.048 0.752
12 0.8 0.048 0.752
22 0.8 0.048 0.752
28 0.8 0.048 0.752
17 0.8 0.048 0.752
8 0.8 0.048 0.752
2 0.8 0.048 0.752
21 0.8 0.048 0.752
5 0.8 0.048 0.752
4 0.8 0.048 0.752
6 0.8 0.048 0.752
15 0.8 0.048 0.752
27 0.8 0.048 0.752
30 0.8 0.048 0.752
15 0.752 0.048 0.704
15 0.704 0.16 0.544
27 0.752 0.16 0.592
27 0.592 0.016 0.576
15 0.544 0.016 0.528
27 0.576 0.048 0.528
15 0.528 0.048 0.48
20 0.8 0.048 0.752
30 0.752 0.048 0.704
30 0.704 0.16 0.544
18 0.8 0.048 0.752
13 0.8 0.048 0.752
6 0.8 0.048 0.752
5 0.8 0.048 0.752
24 0.8 0.048 0.752
3 0.8 0.048 0.752
4 0.8 0.048 0.752
5 0.752 0.048 0.704
6 0.752 0.048 0.704
11 0.8 0.048 0.752
9 0.8 0.048 0.752
19 0.8 0.048 0.752
30 0.695209 0.048 0.647209
15 0.55138 0.048 0.50338
20 0.8 0.048 0.752
27 0.598999 0.048 0.550999
30 0.647209 0.048 0.599209
30 0.599209 0.16 0.439209
15 0.50338 0.16 0.34338
20 0.752 0.16 0.592
27 0.550999 0.16 0.390999
1 0.8 0.048 0.752
16 0.8 0.048 0.752
22 0.8 0.048 0.752
23 0.8 0.048 0.752
26 0.8 0.048 0.752
19 0.8 0.048 0.752
9 0.8 0.048 0.752
11 0.8 0.048 0.752
10 0.8 0.048 0.752
10 0.752 0.048 0.704
10 0.704 0.16 0.544
10 0.544 0.016 0.528
26 0.752 0.048 0.704
21 0.8 0.048 0.752
23 0.8 0.048 0.752
13 0.8 0.048 0.752
18 0.8 0.048 0.752
7 0.8 0.048 0.752
12 0.8 0.048 0.752
16 0.8 0.048 0.752
22 0.8 0.048 0.752
28 0.8 0.048 0.752
17 0.8 0.048 0.752
8 0.8 0.048 0.752
2 0.8 0.048 0.752
21 0.8 0.048 0.752
5 0.8 0.048 0.752
4 0.8 0.048 0.752
27 0.692794 0.048 0.644794
15 0.650233 0.048 0.602233
20 0.8 0.048 0.752
30 0.674289 0.048 0.626289
18 0.8 0.048 0.752
13 0.8 0.048 0.752
6 0.8 0.048 0.752
4 0.8 0.048 0.752
5 0.8 0.048 0.752
24 0.8 0.048 0.752
3 0.8 0.048 0.752
4 0.752 0.048 0.704
5 0.752 0.048 0.704
6 0.752 0.048 0.704
11 0.8 0.048 0.752
9 0.8 0.048 0.752
19 0.8 0.048 0.752
1 0.8 0.048 0.752
16 0.8 0.048 0.752
23 0.8 0.048 0.752
26 0.8 0.048 0.752
19 0.8 0.048 0.752
9 0.8 0.048 0.752
11 0.8 0.048 0.752
26 0.752 0.048 0.704
21 0.8 0.048 0.752
23 0.8 0.048 0.752
13 0.8 0.048 0.752
18 0.8 0.048 0.752
7 0.8 0.048 0.752
12 0.8 0.048 0.752
22 0.8 0.048 0.752
28 0.8 0.048 0.752
17 0.8 0.048 0.752
8 0.8 0.048 0.752
2 0.8 0.048 0.752
21 0.8 0.048 0.752
5 0.8 0.048 0.752
4 0.8 0.048 0.752
6 0.8 0.048 0.752
27 0.8 0.048 0.752
15 0.8 0.048 0.752
20 0.8 0.048 0.752
30 0.8 0.048 0.752
18 0.8 0.048 0.752
13 0.8 0.048 0.752
18 0.752 0.048 0.704
18 0.704 0.16 0.544
18 0.544 0.016 0.528
13 0.752 0.16 0.592
6 0.8 0.048 0.752
4 0.8 0.048 0.752
5 0.8 0.048 0.752
24 0.8 0.048 0.752
3 0.8 0.048 0.752
4 0.752 0.048 0.704
5 0.752 0.048 0.704
6 0.752 0.048 0.704
11 0.8 0.048 0.752
9 0.8 0.048 0.752
19 0.8 0.048 0.752
1 0.8 0.048 0.752
16 0.8 0.048 0.752
22 0.8 0.048 0.752
23 0.8 0.048 0.752
26 0.8 0.048 0.752
19 0.8 0.048 0.752
9 0.8 0.048 0.752
11 0.8 0.048 0.752
26 0.752 0.048 0.704
23 0.8 0.048 0.752
13 0.746782 0.048 0.698782
18 0.67735 0.048 0.62935
13 0.698782 0.048 0.650782
13 0.650782 0.16 0.490782
18 0.62935 0.16 0.46935
7 0.8 0.048 0.752
12 0.8 0.048 0.752
22 0.8 0.048 0.752
28 0.8 0.048 0.752
17 0.8 0.048 0.752
8 0.8 0.048 0.752
2 0.8 0.048 0.752
21 0.8 0.048 0.752
5 0.8 0.048 0.752
4 0.8 0.048 0.752
6 0.8 0.048 0.752
27 0.8 0.048 0.752
15 0.8 0.048 0.752
20 0.8 0.048 0.752
30 0.8 0.048 0.752
6 0.8 0.048 0.752
4 0.8 0.048 0.752
5 0.8 0.048 0.752
24 0.8 0.048 0.752
3 0.8 0.048 0.752
4 0.752 0.048 0.704
5 0.752 0.048 0.704
6 0.752 0.048 0.704
11 0.8 0.048 0.752
9 0.8 0.048 0.752
19 0.8 0.048 0.752
1 0.8 0.048 0.752
16 0.8 0.048 0.752
22 0.8 0.048 0.752
23 0.8 0.048 0.752
26 0.8 0.048 0.752
19 0.8 0.048 0.752
9 0.8 0.048 0.752
11 0.8 0.048 0.752
26 0.752 0.048 0.704
2 0.8 0.048 0.752
21 0.8 0.048 0.752
23 0.8 0.048 0.752
7 0.8 0.048 0.752
12 0.8 0.048 0.752
22 0.8 0.048 0.752
7 0.752 0.048 0.704
7 0.704 0.16 0.544
7 0.544 0.016 0.528
12 0.752 0.16 0.592
22 0.752 0.16 0.592
28 0.8 0.048 0.752
17 0.8 0.048 0.752
8 0.8 0.048 0.752
2 0.8 0.048 0.752
21 0.8 0.048 0.752
26 0.8 0.048 0.752
5 0.8 0.048 0.752
4 0.8 0.048 0.752
6 0.8 0.048 0.752
27 0.8 0.048 0.752
15 0.8 0.048 0.752
20 0.8 0.048 0.752
30 0.8 0.048 0.752
6 0.8 0.048 0.752
4 0.8 0.048 0.752
5 0.8 0.048 0.752
24 0.8 0.048 0.752
3 0.8 0.048 0.752
4 0.752 0.048 0.704
5 0.752 0.048 0.704
6 0.752 0.048 0.704
11 0.8 0.048 0.752
9 0.8 0.048 0.752
19 0.8 0.048 0.752
1 0.8 0.048 0.752
16 0.8 0.048 0.752
22 0.8 0.048 0.752
1 0.752 0.048 0.704
1 0.704 0.16 0.544
1 0.544 0.016 0.528
16 0.752 0.16 0.592
22 0.752 0.16 0.592
23 0.8 0.048 0.752
26 0.8 0.048 0.752
23 0.752 0.048 0.704
23 0.704 0.16 0.544
23 0.544 0.016 0.528
26 0.752 0.16 0.592
19 0.8 0.048 0.752
9 0.8 0.048 0.752
11 0.8 0.048 0.752
26 0.592 0.048 0.544
2 0.8 0.048 0.752
21 0.8 0.048 0.752
23 0.607418 0.048 0.559418
26 0.544 0.096 0.448
26 0.448 0.16 0.288
26 0.288 0.016 0.272
2 0.752 0.16 0.592
21 0.752 0.16 0.592
23 0.559418 0.16 0.399418
28 0.8 0.048 0.752
17 0.8 0.048 0.752
8 0.8 0.048 0.752
2 0.740629 0.048 0.692629
21 0.741021 0.048 0.693021
2 0.692629 0.048 0.644629
2 0.644629 0.16 0.484629
2 0.484629 0.016 0.468629
21 0.693021 0.16 0.533021
5 0.8 0.048 0.752
4 0.8 0.048 0.752
6 0.8 0.048 0.752
27 0.8 0.048 0.752
15 0.8 0.048 0.752
20 0.8 0.048 0.752
30 0.8 0.048 0.752
6 0.8 0.048 0.752
4 0.8 0.048 0.752
24 0.8 0.048 0.752
3 0.8 0.048 0.752
4 0.752 0.048 0.704
5 0.8 0.048 0.752
6 0.752 0.048 0.704
11 0.8 0.048 0.752
9 0.8 0.048 0.752
19 0.8 0.048 0.752
19 0.8 0.048 0.752
9 0.8 0.048 0.752
11 0.8 0.048 0.752
28 0.8 0.048 0.752
17 0.8 0.048 0.752
8 0.8 0.048 0.752
5 0.8 0.048 0.752
4 0.8 0.048 0.752
6 0.8 0.048 0.752
27 0.8 0.048 0.752
15 0.8 0.048 0.752
20 0.8 0.048 0.752
30 0.8 0.048 0.752
27 0.752 0.048 0.704
27 0.704 0.16 0.544
27 0.544 0.016 0.528
15 0.752 0.16 0.592
20 0.752 0.16 0.592
30 0.752 0.16 0.592
6 0.8 0.048 0.752
4 0.8 0.048 0.752
5 0.8 0.048 0.752
24 0.8 0.048 0.752
3 0.8 0.048 0.752
4 0.752 0.048 0.704
5 0.752 0.048 0.704
6 0.752 0.048 0.704
11 0.8 0.048 0.752
9 0.8 0.048 0.752
19 0.8 0.048 0.752
19 0.8 0.048 0.752
9 0.8 0.048 0.752
11 0.8 0.048 0.752
28 0.8 0.048 0.752
17 0.8 0.048 0.752
8 0.8 0.048 0.752
5 0.8 0.048 0.752
4 0.8 0.048 0.752
6 0.8 0.048 0.752
5 0.752 0.048 0.704
5 0.704 0.16 0.544
5 0.544 0.016 0.528
4 0.752 0.16 0.592
6 0.752 0.16 0.592
6 0.744835 0.048 0.696835
4 0.668588 0.048 0.620588
5 0.607599 0.048 0.559599
6 0.696835 0.096 0.600835
6 0.600835 0.16 0.440835
6 0.440835 0.016 0.424835
4 0.620588 0.16 0.460588
5 0.559599 0.16 0.399599
24 0.8 0.048 0.752
3 0.8 0.048 0.752
4 0.460588 0.048 0.412588
5 0.399599 0.048 0.351599
6 0.424835 0.048 0.376835
4 0.412588 0.048 0.364588
4 0.364588 0.16 0.204588
4 0.204588 0.016 0.188588
5 0.351599 0.16 0.191599
6 0.376835 0.16 0.216835
11 0.8 0.048 0.752
9 0.8 0.048 0.752
19 0.8 0.048 0.752
19 0.8 0.048 0.752
9 0.8 0.048 0.752
11 0.8 0.048 0.752
28 0.8 0.048 0.752
17 0.8 0.048 0.752
8 0.8 0.048 0.752
24 0.8 0.048 0.752
3 0.8 0.048 0.752
11 0.8 0.048 0.752
9 0.8 0.048 0.752
17 0.8 0.048 0.752
19 0.8 0.048 0.752
19 0.8 0.048 0.752
9 0.8 0.048 0.752
11 0.8 0.048 0.752
28 0.8 0.048 0.752
17 0.8 0.048 0.752
8 0.8 0.048 0.752
24 0.8 0.048 0.752
24 0.752 0.048 0.704
24 0.704 0.16 0.544
24 0.544 0.016 0.528
3 0.8 0.048 0.752
11 0.8 0.048 0.752
9 0.8 0.048 0.752
17 0.8 0.048 0.752
19 0.8 0.048 0.752
19 0.8 0.048 0.752
9 0.8 0.048 0.752
28 0.8 0.048 0.752
17 0.8 0.048 0.752
28 0.752 0.048 0.704
28 0.704 0.16 0.544
28 0.544 0.016 0.528
17 0.752 0.16 0.592
8 0.8 0.048 0.752
3 0.8 0.048 0.752
11 0.8 0.048 0.752
9 0.8 0.048 0.752
11 0.752 0.048 0.704
11 0.704 0.16 0.544
11 0.544 0.016 0.528
9 0.752 0.16 0.592
19 0.8 0.048 0.752
9 0.665823 0.048 0.617823
11 0.602824 0.048 0.554824
19 0.752 0.048 0.704
19 0.704 0.16 0.544
19 0.544 0.016 0.528
9 0.617823 0.16 0.457823
11 0.554824 0.16 0.394824
8 0.8 0.048 0.752
3 0.8 0.048 0.752
8 0.8 0.048 0.752
