9 0.8 0.048 0.752
4 0.8 0.048 0.752
9 0.8 0.048 0.752
8 0.8 0.048 0.752
1 0.8 0.048 0.752
3 0.8 0.048 0.752
8 0.752 0.096 0.656
8 0.656 0.16 0.496
1 0.752 0.16 0.592
1 0.592 0.016 0.576
8 0.496 0.016 0.48
1 0.576 0.048 0.528
8 0.48 0.048 0.432
3 0.752 0.16 0.592
4 0.8 0.048 0.752
9 0.8 0.048 0.752
1 0.8 0.048 0.752
8 0.8 0.048 0.752
4 0.8 0.048 0.752
9 0.8 0.048 0.752
9 0.752 0.048 0.704
9 0.704 0.16 0.544
9 0.544 0.016 0.528
5 0.8 0.048 0.752
1 0.8 0.048 0.752
3 0.8 0.048 0.752
8 0.8 0.048 0.752
1 0.752 0.048 0.704
1 0.704 0.16 0.544
3 0.752 0.16 0.592
3 0.592 0.016 0.576
1 0.544 0.016 0.528
3 0.576 0.048 0.528
1 0.528 0.048 0.48
8 0.752 0.048 0.704
8 0.704 0.16 0.544
4 0.8 0.048 0.752
7 0.8 0.048 0.752
5 0.8 0.048 0.752
3 0.8 0.048 0.752
1 0.8 0.048 0.752
8 0.8 0.048 0.752
2 0.8 0.048 0.752
4 0.8 0.048 0.752
6 0.8 0.048 0.752
7 0.8 0.048 0.752
1 0.8 0.048 0.752
3 0.8 0.048 0.752
8 0.8 0.048 0.752
1 0.752 0.048 0.704
1 0.704 0.16 0.544
3 0.752 0.16 0.592
8 0.752 0.16 0.592
8 0.592 0.016 0.576
1 0.544 0.016 0.528
8 0.576 0.048 0.528
1 0.528 0.048 0.48
3 0.592 0.048 0.544
10 0.8 0.048 0.752
5 0.8 0.048 0.752
3 0.616107 0.048 0.568107
1 0.55048 0.048 0.50248
8 0.599324 0.048 0.551324
2 0.8 0.048 0.752
4 0.8 0.048 0.752
6 0.8 0.048 0.752
7 0.8 0.048 0.752
8 0.8 0.048 0.752
1 0.791823 0.048 0.743823
3 0.8 0.048 0.752
8 0.752 0.048 0.704
8 0.704 0.16 0.544
8 0.544 0.016 0.528
1 0.743823 0.16 0.583823
3 0.752 0.16 0.592
10 0.8 0.048 0.752
5 0.8 0.048 0.752
3 0.666374 0.048 0.618374
1 0.663559 0.048 0.615559
8 0.602878 0.048 0.554878
2 0.8 0.048 0.752
4 0.8 0.048 0.752
6 0.8 0.048 0.752
7 0.8 0.048 0.752
10 0.8 0.048 0.752
5 0.8 0.048 0.752
3 0.8 0.048 0.752
1 0.8 0.048 0.752
8 0.8 0.048 0.752
2 0.8 0.048 0.752
4 0.8 0.048 0.752
6 0.8 0.048 0.752
7 0.8 0.048 0.752
10 0.8 0.048 0.752
5 0.8 0.048 0.752
5 0.752 0.048 0.704
5 0.704 0.16 0.544
5 0.544 0.016 0.528
3 0.8 0.048 0.752
1 0.8 0.048 0.752
8 0.8 0.048 0.752
2 0.8 0.048 0.752
4 0.8 0.048 0.752
6 0.8 0.048 0.752
7 0.8 0.048 0.752
10 0.8 0.048 0.752
3 0.8 0.048 0.752
1 0.8 0.048 0.752
8 0.8 0.048 0.752
10 0.8 0.048 0.752
2 0.8 0.048 0.752
2 0.752 0.048 0.704
2 0.704 0.16 0.544
2 0.544 0.016 0.528
4 0.8 0.048 0.752
6 0.8 0.048 0.752
7 0.8 0.048 0.752
8 0.8 0.048 0.752
1 0.8 0.048 0.752
3 0.8 0.048 0.752
8 0.752 0.048 0.704
8 0.704 0.16 0.544
1 0.752 0.16 0.592
1 0.592 0.016 0.576
8 0.544 0.016 0.528
1 0.576 0.048 0.528
8 0.528 0.048 0.48
3 0.752 0.16 0.592
10 0.8 0.048 0.752
3 0.662966 0.048 0.614966
3 0.692392 0.048 0.644392
8 0.623375 0.048 0.575375
10 0.8 0.048 0.752
4 0.8 0.048 0.752
6 0.8 0.048 0.752
7 0.8 0.048 0.752
1 0.8 0.048 0.752
8 0.789566 0.048 0.741566
10 0.8 0.048 0.752
3 0.8 0.048 0.752
9 0.8 0.048 0.752
3 0.8 0.048 0.752
8 0.8 0.048 0.752
10 0.8 0.048 0.752
4 0.8 0.048 0.752
6 0.8 0.048 0.752
7 0.8 0.048 0.752
7 0.752 0.048 0.704
7 0.704 0.16 0.544
7 0.544 0.016 0.528
1 0.8 0.048 0.752
8 0.8 0.048 0.752
10 0.8 0.048 0.752
3 0.8 0.048 0.752
9 0.8 0.048 0.752
3 0.8 0.048 0.752
8 0.8 0.048 0.752
10 0.8 0.048 0.752
4 0.8 0.048 0.752
6 0.8 0.048 0.752
1 0.8 0.048 0.752
8 0.8 0.048 0.752
10 0.8 0.048 0.752
3 0.8 0.048 0.752
9 0.8 0.048 0.752
9 0.752 0.048 0.704
9 0.704 0.16 0.544
9 0.544 0.016 0.528
3 0.8 0.048 0.752
8 0.8 0.048 0.752
10 0.8 0.048 0.752
4 0.8 0.048 0.752
2 0.8 0.048 0.752
6 0.8 0.048 0.752
1 0.8 0.048 0.752
8 0.8 0.048 0.752
10 0.8 0.048 0.752
3 0.8 0.048 0.752
3 0.8 0.048 0.752
8 0.8 0.048 0.752
10 0.8 0.048 0.752
4 0.8 0.048 0.752
8 0.8 0.048 0.752
1 0.8 0.048 0.752
3 0.752 0.048 0.704
2 0.8 0.048 0.752
6 0.8 0.048 0.752
1 0.8 0.048 0.752
8 0.8 0.048 0.752
10 0.8 0.048 0.752
3 0.8 0.048 0.752
3 0.8 0.048 0.752
8 0.8 0.048 0.752
10 0.8 0.048 0.752
4 0.8 0.048 0.752
4 0.752 0.048 0.704
4 0.704 0.16 0.544
4 0.544 0.016 0.528
8 0.8 0.048 0.752
1 0.8 0.048 0.752
3 0.752 0.048 0.704
2 0.8 0.048 0.752
6 0.8 0.048 0.752
1 0.8 0.048 0.752
3 0.8 0.048 0.752
8 0.8 0.048 0.752
10 0.8 0.048 0.752
10 0.752 0.048 0.704
10 0.704 0.16 0.544
10 0.544 0.016 0.528
3 0.8 0.048 0.752
1 0.8 0.048 0.752
8 0.8 0.048 0.752
10 0.602271 0.048 0.554271
3 0.752 0.096 0.656
3 0.656 0.16 0.496
3 0.496 0.016 0.48
1 0.752 0.16 0.592
8 0.752 0.16 0.592
10 0.554271 0.16 0.394271
5 0.8 0.048 0.752
8 0.667756 0.048 0.619756
1 0.592 0.048 0.544
3 0.48 0.048 0.432
8 0.619756 0.048 0.571756
8 0.571756 0.16 0.411756
8 0.411756 0.016 0.395756
1 0.544 0.16 0.384
3 0.432 0.16 0.272
2 0.8 0.048 0.752
6 0.8 0.048 0.752
1 0.609894 0.048 0.561894
8 0.543034 0.048 0.495034
5 0.8 0.048 0.752
2 0.8 0.048 0.752
6 0.8 0.048 0.752
1 0.8 0.048 0.752
3 0.8 0.048 0.752
8 0.8 0.048 0.752
1 0.752 0.048 0.704
1 0.704 0.16 0.544
3 0.752 0.16 0.592
3 0.592 0.016 0.576
1 0.544 0.016 0.528
3 0.576 0.048 0.528
1 0.528 0.048 0.48
8 0.752 0.048 0.704
8 0.704 0.16 0.544
5 0.8 0.048 0.752
2 0.8 0.048 0.752
6 0.8 0.048 0.752
3 0.8 0.048 0.752
8 0.8 0.048 0.752
5 0.8 0.048 0.752
2 0.8 0.048 0.752
6 0.8 0.048 0.752
3 0.8 0.048 0.752
8 0.8 0.048 0.752
5 0.8 0.048 0.752
2 0.8 0.048 0.752
6 0.8 0.048 0.752
6 0.752 0.048 0.704
6 0.704 0.16 0.544
6 0.544 0.016 0.528
3 0.8 0.048 0.752
8 0.8 0.048 0.752
10 0.8 0.048 0.752
3 0.752 0.048 0.704
3 0.704 0.16 0.544
8 0.752 0.16 0.592
10 0.752 0.16 0.592
10 0.592 0.016 0.576
3 0.544 0.016 0.528
10 0.576 0.048 0.528
3 0.528 0.048 0.48
5 0.8 0.048 0.752
2 0.8 0.048 0.752
10 0.8 0.048 0.752
3 0.8 0.048 0.752
5 0.8 0.048 0.752
2 0.8 0.048 0.752
10 0.8 0.048 0.752
3 0.8 0.048 0.752
5 0.8 0.048 0.752
2 0.8 0.048 0.752
10 0.8 0.048 0.752
3 0.8 0.048 0.752
5 0.8 0.048 0.752
2 0.8 0.048 0.752
10 0.8 0.048 0.752
3 0.8 0.048 0.752
5 0.8 0.048 0.752
2 0.8 0.048 0.752
10 0.8 0.048 0.752
5 0.8 0.048 0.752
2 0.8 0.048 0.752
