28 85 0 100 2.33402e-08 2.23908 2.23908
34 81 0 100 0.4 2.04432 2.44432
17 82 0 100 1.2 2.0668 3.2668
21 96 0 100 0.4 3.43413 3.83413
16 99 0 100 1.16701e-08 3.88912 3.88912
9 89 0 100 1.2 2.93435 4.13435
1 83 0 100 2.1 2.12133 4.22133
4 88 0 100 1.6 2.67517 4.27517
39 100 0 100 0.4 4.11159 4.51159
30 86 0 100 2.5 2.31888 4.81888
26 103 0 100 0.5 4.5443 5.0443
23 97 0 100 1.7 3.4817 5.1817
7 80 0 100 3.5 2.01234 5.51234
32 95 0 100 2.6 3.25386 5.85386
20 104 0 100 1.5 4.68034 6.18034
38 90 0 100 3.3 3.00642 6.30642
14 106 0 100 0.5 5.88166 6.38166
14 94 0 100 3.2 3.24791 6.44791
18 84 0 100 4.5 2.17133 6.67133
37 93 0 100 3.7 3.21535 6.91535
19 87 0 100 4.6 2.5114 7.1114
13 91 0 100 4.2 3.05143 7.25143
13 116 0 100 3.50103e-08 7.45131 7.45131
40 102 0 100 3 4.53738 7.53738
28 115 0 100 0.5 7.16836 7.66836
34 101 0 100 3.4 4.32714 7.72714
40 118 0 100 1.16701e-08 7.73807 7.73807
8 110 0 100 1.4 6.59113 7.99113
8 92 0 100 4.9 3.11889 8.01889
35 98 0 100 4.6 3.76428 8.36428
35 105 0 100 2.6 5.83213 8.43213
16 108 0 100 2.6 6.42064 9.02064
9 117 0 100 1.9 7.51068 9.41068
1 109 0 100 3.1 6.43028 9.53028
39 122 0 100 0.9 8.69836 9.59836
4 126 0 100 1.16701e-08 9.67117 9.67117
4 114 0 100 2.8 7.0969 9.8969
29 111 0 100 3.1 6.95739 10.0574
30 112 0 100 3.1 6.99688 10.0969
30 124 0 100 0.8 9.34794 10.1479
7 120 0 100 2.1 8.53653 10.6365
7 107 0 100 4.4 6.37495 10.7749
32 119 0 100 3.2 7.90567 11.1057
20 127 0 100 1.7 9.67475 11.3747
6 121 0 100 2.9 8.68436 11.5844
38 113 0 100 4.7 7.01868 11.7187
18 123 0 100 2.7 9.31624 12.0162
9 125 0 100 5 9.64806 14.6481
