12 50 0.048 49.952
17 50 0.048 49.952
12 49.952 0.16 49.792
17 49.952 0.16 49.792
17 49.792 0.048 49.744
12 49.792 0.048 49.744
17 49.9364 0.048 49.8884
12 49.8682 0.048 49.8202
17 50 0.048 49.952
12 50 0.048 49.952
14 50 0.048 49.952
1 50 0.048 49.952
4 50 0.048 49.952
14 49.952 0.16 49.792
1 49.952 0.16 49.792
4 49.952 0.16 49.792
4 49.792 0.048 49.744
14 49.792 0.048 49.744
17 50 0.048 49.952
12 50 0.048 49.952
19 50 0.048 49.952
5 50 0.048 49.952
19 49.952 0.16 49.792
5 49.952 0.16 49.792
5 49.792 0.048 49.744
19 49.792 0.048 49.744
4 50 0.048 49.952
14 50 0.048 49.952
17 50 0.048 49.952
12 50 0.048 49.952
5 50 0.048 49.952
19 50 0.048 49.952
4 50 0.048 49.952
14 50 0.048 49.952
17 50 0.048 49.952
12 50 0.048 49.952
5 50 0.048 49.952
19 50 0.048 49.952
4 50 0.048 49.952
14 50 0.048 49.952
6 50 0.048 49.952
8 50 0.048 49.952
6 49.952 0.16 49.792
8 49.952 0.16 49.792
8 49.792 0.048 49.744
6 49.792 0.048 49.744
2 50 0.048 49.952
7 50 0.048 49.952
2 49.952 0.16 49.792
7 49.952 0.16 49.792
7 49.792 0.048 49.744
2 49.792 0.048 49.744
17 50 0.048 49.952
12 50 0.048 49.952
5 50 0.048 49.952
19 50 0.048 49.952
4 50 0.048 49.952
8 49.9845 0.048 49.9365
6 50 0.048 49.952
7 50 0.048 49.952
2 49.9123 0.048 49.8643
17 50 0.048 49.952
12 50 0.048 49.952
10 50 0.048 49.952
5 50 0.048 49.952
19 50 0.048 49.952
4 50 0.048 49.952
8 50 0.048 49.952
6 50 0.048 49.952
7 50 0.048 49.952
2 50 0.048 49.952
17 50 0.048 49.952
10 50 0.048 49.952
5 50 0.048 49.952
19 50 0.048 49.952
4 50 0.048 49.952
14 50 0.048 49.952
13 50 0.048 49.952
9 50 0.048 49.952
13 49.952 0.16 49.792
9 49.952 0.16 49.792
9 49.792 0.048 49.744
13 49.792 0.048 49.744
8 50 0.048 49.952
6 50 0.048 49.952
7 50 0.048 49.952
2 50 0.048 49.952
17 50 0.048 49.952
10 50 0.048 49.952
5 50 0.048 49.952
19 50 0.048 49.952
4 50 0.048 49.952
14 50 0.048 49.952
9 50 0.048 49.952
13 50 0.048 49.952
8 50 0.048 49.952
6 50 0.048 49.952
8 49.952 0.16 49.792
6 49.952 0.16 49.792
20 50 0.048 49.952
7 50 0.048 49.952
2 50 0.048 49.952
17 50 0.048 49.952
10 50 0.048 49.952
5 50 0.048 49.952
19 50 0.048 49.952
4 50 0.048 49.952
14 50 0.048 49.952
9 50 0.048 49.952
13 50 0.048 49.952
20 50 0.048 49.952
7 50 0.048 49.952
2 50 0.048 49.952
17 50 0.048 49.952
10 50 0.048 49.952
5 50 0.048 49.952
19 50 0.048 49.952
4 50 0.048 49.952
14 50 0.048 49.952
9 50 0.048 49.952
13 50 0.048 49.952
20 50 0.048 49.952
7 50 0.048 49.952
2 50 0.048 49.952
17 50 0.048 49.952
10 50 0.048 49.952
5 50 0.048 49.952
19 50 0.048 49.952
4 50 0.048 49.952
14 50 0.048 49.952
11 50 0.048 49.952
9 50 0.048 49.952
13 50 0.048 49.952
20 50 0.048 49.952
20 49.952 0.16 49.792
7 50 0.048 49.952
2 50 0.048 49.952
17 50 0.048 49.952
10 50 0.048 49.952
5 50 0.048 49.952
19 50 0.048 49.952
4 50 0.048 49.952
14 50 0.048 49.952
11 50 0.048 49.952
9 50 0.048 49.952
13 50 0.048 49.952
7 50 0.048 49.952
2 50 0.048 49.952
17 50 0.048 49.952
10 50 0.048 49.952
5 50 0.048 49.952
19 50 0.048 49.952
4 50 0.048 49.952
14 50 0.048 49.952
11 50 0.048 49.952
9 50 0.048 49.952
13 50 0.048 49.952
7 50 0.048 49.952
2 50 0.048 49.952
17 50 0.048 49.952
10 50 0.048 49.952
5 50 0.048 49.952
19 50 0.048 49.952
4 50 0.048 49.952
14 50 0.048 49.952
11 50 0.048 49.952
9 50 0.048 49.952
13 50 0.048 49.952
7 50 0.048 49.952
2 50 0.048 49.952
17 50 0.048 49.952
10 50 0.048 49.952
5 50 0.048 49.952
19 50 0.048 49.952
4 50 0.048 49.952
14 50 0.048 49.952
11 50 0.048 49.952
9 50 0.048 49.952
13 50 0.048 49.952
7 50 0.048 49.952
2 50 0.048 49.952
17 50 0.048 49.952
16 50 0.048 49.952
18 50 0.048 49.952
16 49.952 0.16 49.792
18 49.952 0.16 49.792
18 49.792 0.048 49.744
16 49.792 0.048 49.744
10 50 0.048 49.952
5 50 0.048 49.952
19 50 0.048 49.952
4 50 0.048 49.952
11 50 0.048 49.952
9 50 0.048 49.952
13 50 0.048 49.952
7 50 0.048 49.952
2 50 0.048 49.952
17 50 0.048 49.952
18 50 0.048 49.952
16 49.9969 0.048 49.9489
10 50 0.048 49.952
5 50 0.048 49.952
19 50 0.048 49.952
4 50 0.048 49.952
11 50 0.048 49.952
9 50 0.048 49.952
13 50 0.048 49.952
7 50 0.048 49.952
2 50 0.048 49.952
17 50 0.048 49.952
12 50 0.048 49.952
17 49.952 0.16 49.792
12 49.952 0.16 49.792
18 50 0.048 49.952
16 50 0.048 49.952
10 50 0.048 49.952
5 50 0.048 49.952
19 50 0.048 49.952
4 50 0.048 49.952
11 50 0.048 49.952
9 50 0.048 49.952
13 50 0.048 49.952
7 50 0.048 49.952
2 50 0.048 49.952
18 50 0.048 49.952
16 50 0.048 49.952
10 50 0.048 49.952
5 50 0.048 49.952
19 50 0.048 49.952
4 50 0.048 49.952
11 50 0.048 49.952
9 50 0.048 49.952
13 50 0.048 49.952
7 50 0.048 49.952
2 50 0.048 49.952
18 50 0.048 49.952
16 50 0.048 49.952
10 50 0.048 49.952
5 50 0.048 49.952
19 50 0.048 49.952
4 50 0.048 49.952
11 50 0.048 49.952
9 50 0.048 49.952
13 50 0.048 49.952
7 50 0.048 49.952
2 50 0.048 49.952
18 50 0.048 49.952
16 50 0.048 49.952
10 50 0.048 49.952
5 50 0.048 49.952
19 50 0.048 49.952
15 50 0.048 49.952
4 50 0.048 49.952
14 50 0.048 49.952
11 50 0.048 49.952
9 50 0.048 49.952
13 50 0.048 49.952
7 50 0.048 49.952
2 50 0.048 49.952
18 50 0.048 49.952
16 50 0.048 49.952
10 50 0.048 49.952
5 50 0.048 49.952
19 50 0.048 49.952
15 50 0.048 49.952
4 50 0.048 49.952
11 50 0.048 49.952
9 50 0.048 49.952
13 50 0.048 49.952
19 49.952 0.048 49.904
5 50 0.048 49.952
19 49.904 0.16 49.744
5 49.952 0.16 49.792
7 50 0.048 49.952
2 50 0.048 49.952
18 50 0.048 49.952
16 50 0.048 49.952
10 50 0.048 49.952
5 49.792 0.048 49.744
19 49.9969 0.048 49.9489
5 49.744 0.16 49.584
19 49.9489 0.16 49.7889
15 50 0.048 49.952
5 49.584 0.048 49.536
19 49.7889 0.048 49.7409
5 49.536 0.16 49.376
19 49.7409 0.16 49.5809
4 50 0.048 49.952
11 50 0.048 49.952
9 50 0.048 49.952
13 50 0.048 49.952
7 50 0.048 49.952
2 50 0.048 49.952
18 50 0.048 49.952
16 50 0.048 49.952
10 50 0.048 49.952
15 50 0.048 49.952
4 50 0.048 49.952
11 50 0.048 49.952
9 50 0.048 49.952
13 50 0.048 49.952
12 50 0.048 49.952
17 50 0.048 49.952
12 49.952 0.16 49.792
17 49.952 0.16 49.792
17 49.792 0.048 49.744
12 49.792 0.048 49.744
7 50 0.048 49.952
2 50 0.048 49.952
18 50 0.048 49.952
16 50 0.048 49.952
10 50 0.048 49.952
15 50 0.048 49.952
4 50 0.048 49.952
11 50 0.048 49.952
9 50 0.048 49.952
13 50 0.048 49.952
8 50 0.048 49.952
6 50 0.048 49.952
8 49.952 0.16 49.792
6 49.952 0.16 49.792
6 49.792 0.048 49.744
8 49.792 0.048 49.744
17 49.9771 0.048 49.9291
12 50 0.048 49.952
7 50 0.048 49.952
2 50 0.048 49.952
18 50 0.048 49.952
16 50 0.048 49.952
1 50 0.048 49.952
14 50 0.048 49.952
1 49.952 0.16 49.792
14 49.952 0.16 49.792
14 49.792 0.048 49.744
1 49.792 0.048 49.744
10 50 0.048 49.952
15 50 0.048 49.952
4 50 0.048 49.952
11 50 0.048 49.952
9 50 0.048 49.952
13 50 0.048 49.952
6 50 0.048 49.952
8 50 0.048 49.952
17 50 0.048 49.952
12 50 0.048 49.952
7 50 0.048 49.952
2 50 0.048 49.952
18 50 0.048 49.952
16 50 0.048 49.952
14 49.8961 0.048 49.8481
1 49.8663 0.048 49.8183
10 50 0.048 49.952
15 50 0.048 49.952
4 50 0.048 49.952
11 50 0.048 49.952
9 50 0.048 49.952
13 50 0.048 49.952
6 50 0.048 49.952
8 50 0.048 49.952
3 50 0.048 49.952
17 50 0.048 49.952
12 50 0.048 49.952
7 50 0.048 49.952
2 50 0.048 49.952
18 50 0.048 49.952
16 50 0.048 49.952
14 50 0.048 49.952
1 50 0.048 49.952
10 50 0.048 49.952
15 50 0.048 49.952
15 49.952 0.16 49.792
4 50 0.048 49.952
11 50 0.048 49.952
9 50 0.048 49.952
13 50 0.048 49.952
6 50 0.048 49.952
8 50 0.048 49.952
3 50 0.048 49.952
17 50 0.048 49.952
12 50 0.048 49.952
7 50 0.048 49.952
2 50 0.048 49.952
18 50 0.048 49.952
16 50 0.048 49.952
14 50 0.048 49.952
1 50 0.048 49.952
10 50 0.048 49.952
4 50 0.048 49.952
11 50 0.048 49.952
9 50 0.048 49.952
13 50 0.048 49.952
6 50 0.048 49.952
8 50 0.048 49.952
3 50 0.048 49.952
17 50 0.048 49.952
12 50 0.048 49.952
7 50 0.048 49.952
2 50 0.048 49.952
18 50 0.048 49.952
16 50 0.048 49.952
14 50 0.048 49.952
1 50 0.048 49.952
10 50 0.048 49.952
4 50 0.048 49.952
11 50 0.048 49.952
9 50 0.048 49.952
13 50 0.048 49.952
6 50 0.048 49.952
8 50 0.048 49.952
3 50 0.048 49.952
17 50 0.048 49.952
7 50 0.048 49.952
2 50 0.048 49.952
18 50 0.048 49.952
16 50 0.048 49.952
14 50 0.048 49.952
1 50 0.048 49.952
10 50 0.048 49.952
4 50 0.048 49.952
11 50 0.048 49.952
9 50 0.048 49.952
13 50 0.048 49.952
6 50 0.048 49.952
8 50 0.048 49.952
3 50 0.048 49.952
17 50 0.048 49.952
7 50 0.048 49.952
2 50 0.048 49.952
18 50 0.048 49.952
16 50 0.048 49.952
14 50 0.048 49.952
1 50 0.048 49.952
14 49.952 0.16 49.792
1 49.952 0.16 49.792
10 50 0.048 49.952
4 50 0.048 49.952
11 50 0.048 49.952
9 50 0.048 49.952
13 50 0.048 49.952
6 50 0.048 49.952
8 50 0.048 49.952
3 50 0.048 49.952
17 50 0.048 49.952
12 50 0.048 49.952
7 50 0.048 49.952
2 50 0.048 49.952
18 50 0.048 49.952
16 50 0.048 49.952
10 50 0.048 49.952
4 50 0.048 49.952
11 50 0.048 49.952
9 50 0.048 49.952
13 50 0.048 49.952
6 50 0.048 49.952
8 50 0.048 49.952
3 50 0.048 49.952
17 50 0.048 49.952
12 50 0.048 49.952
7 50 0.048 49.952
2 50 0.048 49.952
18 50 0.048 49.952
16 50 0.048 49.952
10 50 0.048 49.952
4 50 0.048 49.952
4 49.952 0.16 49.792
11 50 0.048 49.952
9 50 0.048 49.952
13 50 0.048 49.952
6 50 0.048 49.952
8 50 0.048 49.952
3 50 0.048 49.952
17 50 0.048 49.952
12 50 0.048 49.952
7 50 0.048 49.952
2 50 0.048 49.952
18 50 0.048 49.952
16 50 0.048 49.952
10 50 0.048 49.952
11 50 0.048 49.952
9 50 0.048 49.952
13 50 0.048 49.952
6 50 0.048 49.952
8 50 0.048 49.952
3 50 0.048 49.952
3 49.952 0.16 49.792
17 50 0.048 49.952
12 50 0.048 49.952
7 50 0.048 49.952
2 50 0.048 49.952
18 50 0.048 49.952
16 50 0.048 49.952
10 50 0.048 49.952
2 49.952 0.048 49.904
7 49.952 0.048 49.904
11 50 0.048 49.952
9 50 0.048 49.952
13 50 0.048 49.952
6 50 0.048 49.952
8 50 0.048 49.952
17 50 0.048 49.952
12 50 0.048 49.952
7 50 0.048 49.952
2 50 0.048 49.952
18 50 0.048 49.952
16 50 0.048 49.952
10 50 0.048 49.952
2 49.952 0.048 49.904
7 49.952 0.048 49.904
11 50 0.048 49.952
9 50 0.048 49.952
13 50 0.048 49.952
6 50 0.048 49.952
8 50 0.048 49.952
17 50 0.048 49.952
12 50 0.048 49.952
7 50 0.048 49.952
2 50 0.048 49.952
18 50 0.048 49.952
16 50 0.048 49.952
10 50 0.048 49.952
2 49.952 0.048 49.904
7 49.952 0.048 49.904
11 50 0.048 49.952
9 50 0.048 49.952
13 50 0.048 49.952
6 50 0.048 49.952
8 50 0.048 49.952
17 50 0.048 49.952
12 50 0.048 49.952
7 50 0.048 49.952
2 50 0.048 49.952
18 50 0.048 49.952
16 50 0.048 49.952
10 50 0.048 49.952
2 49.952 0.048 49.904
7 49.952 0.048 49.904
11 50 0.048 49.952
9 50 0.048 49.952
13 50 0.048 49.952
6 50 0.048 49.952
8 50 0.048 49.952
17 50 0.048 49.952
12 50 0.048 49.952
7 50 0.048 49.952
2 50 0.048 49.952
18 50 0.048 49.952
16 50 0.048 49.952
10 50 0.048 49.952
2 49.952 0.048 49.904
7 49.952 0.048 49.904
11 50 0.048 49.952
11 49.952 0.16 49.792
9 50 0.048 49.952
13 50 0.048 49.952
6 50 0.048 49.952
8 50 0.048 49.952
17 50 0.048 49.952
12 50 0.048 49.952
13 50 0.048 49.952
9 50 0.048 49.952
7 50 0.048 49.952
2 50 0.048 49.952
18 50 0.048 49.952
16 50 0.048 49.952
10 50 0.048 49.952
2 49.952 0.048 49.904
7 49.952 0.048 49.904
9 49.952 0.048 49.904
13 49.952 0.048 49.904
6 50 0.048 49.952
8 50 0.048 49.952
17 50 0.048 49.952
12 50 0.048 49.952
13 50 0.048 49.952
9 50 0.048 49.952
7 50 0.048 49.952
2 50 0.048 49.952
18 50 0.048 49.952
16 50 0.048 49.952
10 50 0.048 49.952
2 49.952 0.048 49.904
7 49.952 0.048 49.904
9 49.952 0.048 49.904
13 49.952 0.048 49.904
6 50 0.048 49.952
8 50 0.048 49.952
17 50 0.048 49.952
12 50 0.048 49.952
13 50 0.048 49.952
9 50 0.048 49.952
7 50 0.048 49.952
2 50 0.048 49.952
18 50 0.048 49.952
16 50 0.048 49.952
14 50 0.048 49.952
10 50 0.048 49.952
10 49.952 0.16 49.792
2 49.952 0.048 49.904
7 49.952 0.048 49.904
9 49.952 0.048 49.904
13 49.952 0.048 49.904
6 50 0.048 49.952
8 50 0.048 49.952
17 50 0.048 49.952
12 50 0.048 49.952
13 50 0.048 49.952
9 50 0.048 49.952
7 50 0.048 49.952
2 50 0.048 49.952
18 50 0.048 49.952
16 50 0.048 49.952
14 50 0.048 49.952
2 49.952 0.048 49.904
7 49.952 0.048 49.904
9 49.952 0.048 49.904
13 49.952 0.048 49.904
6 50 0.048 49.952
8 50 0.048 49.952
17 50 0.048 49.952
12 50 0.048 49.952
13 50 0.048 49.952
9 50 0.048 49.952
7 50 0.048 49.952
2 50 0.048 49.952
18 50 0.048 49.952
16 50 0.048 49.952
14 50 0.048 49.952
1 50 0.048 49.952
14 49.952 0.16 49.792
1 49.952 0.16 49.792
1 49.792 0.048 49.744
14 49.792 0.048 49.744
2 49.952 0.048 49.904
7 49.952 0.048 49.904
9 49.952 0.048 49.904
13 49.952 0.048 49.904
6 50 0.048 49.952
8 50 0.048 49.952
17 50 0.048 49.952
12 50 0.048 49.952
13 50 0.048 49.952
9 50 0.048 49.952
7 50 0.048 49.952
2 50 0.048 49.952
18 50 0.048 49.952
16 50 0.048 49.952
1 50 0.048 49.952
14 49.8506 0.048 49.8026
2 49.952 0.048 49.904
7 49.952 0.048 49.904
9 49.952 0.048 49.904
13 49.952 0.048 49.904
6 50 0.048 49.952
8 50 0.048 49.952
5 50 0.048 49.952
19 50 0.048 49.952
5 49.952 0.16 49.792
19 49.952 0.16 49.792
19 49.792 0.048 49.744
5 49.792 0.048 49.744
17 50 0.048 49.952
12 50 0.048 49.952
13 50 0.048 49.952
9 50 0.048 49.952
7 50 0.048 49.952
2 50 0.048 49.952
7 49.952 0.16 49.792
2 49.952 0.16 49.792
18 50 0.048 49.952
16 50 0.048 49.952
1 50 0.048 49.952
14 49.9941 0.048 49.9461
2 49.792 0.048 49.744
7 49.792 0.048 49.744
2 49.744 0.16 49.584
7 49.744 0.16 49.584
9 49.952 0.048 49.904
13 49.952 0.048 49.904
6 50 0.048 49.952
8 50 0.048 49.952
19 50 0.048 49.952
5 50 0.048 49.952
17 50 0.048 49.952
12 50 0.048 49.952
13 50 0.048 49.952
9 50 0.048 49.952
18 50 0.048 49.952
16 50 0.048 49.952
1 50 0.048 49.952
14 50 0.048 49.952
9 49.952 0.048 49.904
13 49.952 0.048 49.904
6 50 0.048 49.952
8 50 0.048 49.952
19 50 0.048 49.952
5 50 0.048 49.952
17 50 0.048 49.952
13 50 0.048 49.952
9 50 0.048 49.952
18 50 0.048 49.952
16 50 0.048 49.952
18 49.952 0.16 49.792
16 49.952 0.16 49.792
1 50 0.048 49.952
14 50 0.048 49.952
9 49.952 0.048 49.904
13 49.952 0.048 49.904
6 50 0.048 49.952
8 50 0.048 49.952
19 50 0.048 49.952
5 50 0.048 49.952
17 50 0.048 49.952
13 50 0.048 49.952
9 50 0.048 49.952
1 50 0.048 49.952
14 50 0.048 49.952
9 49.952 0.048 49.904
13 49.952 0.048 49.904
6 50 0.048 49.952
8 50 0.048 49.952
19 50 0.048 49.952
5 50 0.048 49.952
17 50 0.048 49.952
13 50 0.048 49.952
9 50 0.048 49.952
1 50 0.048 49.952
14 50 0.048 49.952
16 50 0.048 49.952
18 50 0.048 49.952
16 49.952 0.16 49.792
18 49.952 0.16 49.792
18 49.792 0.048 49.744
16 49.792 0.048 49.744
9 49.952 0.048 49.904
13 49.952 0.048 49.904
6 50 0.048 49.952
8 50 0.048 49.952
19 50 0.048 49.952
5 50 0.048 49.952
17 50 0.048 49.952
12 50 0.048 49.952
13 50 0.048 49.952
9 50 0.048 49.952
1 50 0.048 49.952
14 50 0.048 49.952
18 49.9305 0.048 49.8825
16 49.9201 0.048 49.8721
12 49.952 0.048 49.904
17 50 0.048 49.952
9 49.952 0.048 49.904
13 49.952 0.048 49.904
6 50 0.048 49.952
8 50 0.048 49.952
19 50 0.048 49.952
5 50 0.048 49.952
17 49.952 0.048 49.904
12 50 0.048 49.952
13 50 0.048 49.952
9 50 0.048 49.952
1 50 0.048 49.952
18 50 0.048 49.952
16 50 0.048 49.952
12 49.952 0.048 49.904
17 50 0.048 49.952
9 49.952 0.048 49.904
13 49.952 0.048 49.904
9 49.904 0.16 49.744
13 49.904 0.16 49.744
6 50 0.048 49.952
8 50 0.048 49.952
19 50 0.048 49.952
5 50 0.048 49.952
17 49.952 0.048 49.904
12 50 0.048 49.952
13 50 0.048 49.952
9 49.8828 0.048 49.8348
13 49.952 0.16 49.792
9 49.8348 0.16 49.6748
1 50 0.048 49.952
18 50 0.048 49.952
16 50 0.048 49.952
12 49.952 0.048 49.904
17 50 0.048 49.952
6 50 0.048 49.952
8 50 0.048 49.952
19 50 0.048 49.952
5 50 0.048 49.952
17 49.952 0.048 49.904
12 50 0.048 49.952
4 50 0.048 49.952
1 50 0.048 49.952
18 50 0.048 49.952
16 50 0.048 49.952
12 49.952 0.048 49.904
17 50 0.048 49.952
20 50 0.048 49.952
6 50 0.048 49.952
8 50 0.048 49.952
19 50 0.048 49.952
5 50 0.048 49.952
17 49.952 0.048 49.904
12 50 0.048 49.952
4 50 0.048 49.952
1 50 0.048 49.952
14 50 0.048 49.952
18 50 0.048 49.952
16 50 0.048 49.952
12 49.952 0.048 49.904
20 50 0.048 49.952
6 50 0.048 49.952
8 50 0.048 49.952
19 50 0.048 49.952
5 50 0.048 49.952
17 50 0.048 49.952
4 50 0.048 49.952
1 50 0.048 49.952
14 50 0.048 49.952
18 50 0.048 49.952
16 50 0.048 49.952
3 50 0.048 49.952
12 50 0.048 49.952
20 50 0.048 49.952
6 50 0.048 49.952
8 50 0.048 49.952
19 50 0.048 49.952
5 50 0.048 49.952
17 50 0.048 49.952
4 50 0.048 49.952
1 50 0.048 49.952
14 50 0.048 49.952
18 50 0.048 49.952
16 50 0.048 49.952
3 50 0.048 49.952
12 50 0.048 49.952
20 50 0.048 49.952
6 50 0.048 49.952
8 50 0.048 49.952
19 50 0.048 49.952
5 50 0.048 49.952
17 50 0.048 49.952
4 50 0.048 49.952
1 50 0.048 49.952
14 50 0.048 49.952
18 50 0.048 49.952
16 50 0.048 49.952
3 50 0.048 49.952
12 50 0.048 49.952
20 50 0.048 49.952
6 50 0.048 49.952
8 50 0.048 49.952
19 50 0.048 49.952
17 50 0.048 49.952
4 50 0.048 49.952
1 50 0.048 49.952
14 50 0.048 49.952
18 50 0.048 49.952
16 50 0.048 49.952
3 50 0.048 49.952
12 50 0.048 49.952
20 50 0.048 49.952
6 50 0.048 49.952
8 50 0.048 49.952
6 49.952 0.16 49.792
8 49.952 0.16 49.792
19 50 0.048 49.952
17 50 0.048 49.952
4 50 0.048 49.952
1 50 0.048 49.952
14 50 0.048 49.952
18 50 0.048 49.952
16 50 0.048 49.952
3 50 0.048 49.952
12 50 0.048 49.952
20 50 0.048 49.952
19 50 0.048 49.952
17 50 0.048 49.952
4 50 0.048 49.952
1 50 0.048 49.952
14 50 0.048 49.952
18 50 0.048 49.952
16 50 0.048 49.952
8 49.9377 0.048 49.8897
6 50 0.048 49.952
8 49.8897 0.16 49.7297
6 49.952 0.16 49.792
3 50 0.048 49.952
12 50 0.048 49.952
20 50 0.048 49.952
19 50 0.048 49.952
5 50 0.048 49.952
17 50 0.048 49.952
11 50 0.048 49.952
4 50 0.048 49.952
1 50 0.048 49.952
14 50 0.048 49.952
18 50 0.048 49.952
16 50 0.048 49.952
3 50 0.048 49.952
12 50 0.048 49.952
20 50 0.048 49.952
19 50 0.048 49.952
17 50 0.048 49.952
11 50 0.048 49.952
4 50 0.048 49.952
1 50 0.048 49.952
14 50 0.048 49.952
18 50 0.048 49.952
16 50 0.048 49.952
3 50 0.048 49.952
12 50 0.048 49.952
20 50 0.048 49.952
20 49.952 0.16 49.792
19 50 0.048 49.952
17 50 0.048 49.952
12 50 0.048 49.952
11 50 0.048 49.952
4 50 0.048 49.952
1 50 0.048 49.952
14 50 0.048 49.952
18 50 0.048 49.952
16 50 0.048 49.952
3 50 0.048 49.952
12 49.952 0.048 49.904
17 50 0.048 49.952
19 50 0.048 49.952
17 49.952 0.048 49.904
12 50 0.048 49.952
11 50 0.048 49.952
4 50 0.048 49.952
1 50 0.048 49.952
14 50 0.048 49.952
18 50 0.048 49.952
16 50 0.048 49.952
3 50 0.048 49.952
12 49.952 0.048 49.904
17 50 0.048 49.952
19 50 0.048 49.952
5 50 0.048 49.952
17 49.952 0.048 49.904
12 50 0.048 49.952
11 50 0.048 49.952
4 50 0.048 49.952
1 50 0.048 49.952
14 50 0.048 49.952
18 50 0.048 49.952
16 50 0.048 49.952
3 50 0.048 49.952
12 49.952 0.048 49.904
17 50 0.048 49.952
19 50 0.048 49.952
17 49.952 0.048 49.904
12 50 0.048 49.952
11 50 0.048 49.952
4 50 0.048 49.952
1 50 0.048 49.952
14 50 0.048 49.952
18 50 0.048 49.952
16 50 0.048 49.952
3 50 0.048 49.952
12 49.952 0.048 49.904
17 50 0.048 49.952
7 50 0.048 49.952
2 50 0.048 49.952
7 49.952 0.16 49.792
2 49.952 0.16 49.792
2 49.792 0.048 49.744
7 49.792 0.048 49.744
19 50 0.048 49.952
5 50 0.048 49.952
17 49.952 0.048 49.904
12 50 0.048 49.952
11 50 0.048 49.952
4 50 0.048 49.952
1 50 0.048 49.952
14 50 0.048 49.952
18 50 0.048 49.952
16 50 0.048 49.952
3 50 0.048 49.952
12 49.952 0.048 49.904
17 50 0.048 49.952
2 49.9331 0.048 49.8851
7 49.8473 0.048 49.7993
19 50 0.048 49.952
5 50 0.048 49.952
17 49.952 0.048 49.904
12 50 0.048 49.952
11 50 0.048 49.952
4 50 0.048 49.952
1 50 0.048 49.952
14 50 0.048 49.952
18 50 0.048 49.952
16 50 0.048 49.952
3 50 0.048 49.952
12 49.952 0.048 49.904
17 50 0.048 49.952
2 50 0.048 49.952
7 49.9215 0.048 49.8735
19 50 0.048 49.952
5 50 0.048 49.952
17 49.952 0.048 49.904
12 50 0.048 49.952
17 49.904 0.16 49.744
12 49.952 0.16 49.792
11 50 0.048 49.952
4 50 0.048 49.952
1 50 0.048 49.952
14 50 0.048 49.952
18 50 0.048 49.952
16 50 0.048 49.952
3 50 0.048 49.952
12 49.792 0.048 49.744
17 49.929 0.048 49.881
12 49.744 0.16 49.584
17 49.881 0.16 49.721
2 50 0.048 49.952
7 50 0.048 49.952
19 50 0.048 49.952
5 50 0.048 49.952
11 50 0.048 49.952
15 50 0.048 49.952
4 50 0.048 49.952
1 50 0.048 49.952
14 50 0.048 49.952
18 50 0.048 49.952
16 50 0.048 49.952
3 50 0.048 49.952
2 50 0.048 49.952
7 50 0.048 49.952
19 50 0.048 49.952
5 50 0.048 49.952
11 50 0.048 49.952
15 50 0.048 49.952
4 50 0.048 49.952
1 50 0.048 49.952
14 50 0.048 49.952
18 50 0.048 49.952
16 50 0.048 49.952
3 50 0.048 49.952
2 50 0.048 49.952
7 50 0.048 49.952
19 50 0.048 49.952
5 50 0.048 49.952
11 50 0.048 49.952
15 50 0.048 49.952
4 50 0.048 49.952
1 50 0.048 49.952
14 50 0.048 49.952
18 50 0.048 49.952
16 50 0.048 49.952
3 50 0.048 49.952
2 50 0.048 49.952
7 50 0.048 49.952
19 50 0.048 49.952
5 50 0.048 49.952
19 49.952 0.16 49.792
5 49.952 0.16 49.792
11 50 0.048 49.952
15 50 0.048 49.952
4 50 0.048 49.952
1 50 0.048 49.952
14 50 0.048 49.952
18 50 0.048 49.952
16 50 0.048 49.952
3 50 0.048 49.952
2 50 0.048 49.952
7 50 0.048 49.952
11 50 0.048 49.952
15 50 0.048 49.952
4 50 0.048 49.952
1 50 0.048 49.952
14 50 0.048 49.952
18 50 0.048 49.952
16 50 0.048 49.952
3 50 0.048 49.952
10 50 0.048 49.952
2 50 0.048 49.952
7 50 0.048 49.952
11 50 0.048 49.952
15 50 0.048 49.952
14 50 0.048 49.952
1 50 0.048 49.952
4 50 0.048 49.952
1 49.952 0.048 49.904
14 49.952 0.048 49.904
18 50 0.048 49.952
16 50 0.048 49.952
3 50 0.048 49.952
10 50 0.048 49.952
2 50 0.048 49.952
7 50 0.048 49.952
11 50 0.048 49.952
15 50 0.048 49.952
14 50 0.048 49.952
1 50 0.048 49.952
4 50 0.048 49.952
1 49.952 0.048 49.904
14 49.952 0.048 49.904
18 50 0.048 49.952
16 50 0.048 49.952
3 50 0.048 49.952
10 50 0.048 49.952
2 50 0.048 49.952
7 50 0.048 49.952
11 50 0.048 49.952
15 50 0.048 49.952
14 50 0.048 49.952
1 50 0.048 49.952
4 50 0.048 49.952
1 49.952 0.048 49.904
14 49.952 0.048 49.904
18 50 0.048 49.952
16 50 0.048 49.952
3 50 0.048 49.952
10 50 0.048 49.952
2 50 0.048 49.952
7 50 0.048 49.952
11 50 0.048 49.952
15 50 0.048 49.952
14 50 0.048 49.952
1 50 0.048 49.952
4 50 0.048 49.952
1 49.952 0.048 49.904
14 49.952 0.048 49.904
18 50 0.048 49.952
16 50 0.048 49.952
3 50 0.048 49.952
10 50 0.048 49.952
2 50 0.048 49.952
7 50 0.048 49.952
11 50 0.048 49.952
15 50 0.048 49.952
15 49.952 0.16 49.792
14 50 0.048 49.952
1 50 0.048 49.952
4 50 0.048 49.952
1 49.952 0.048 49.904
14 49.952 0.048 49.904
18 50 0.048 49.952
16 50 0.048 49.952
3 50 0.048 49.952
10 50 0.048 49.952
2 50 0.048 49.952
7 50 0.048 49.952
11 50 0.048 49.952
14 50 0.048 49.952
1 50 0.048 49.952
4 50 0.048 49.952
1 49.952 0.048 49.904
14 49.952 0.048 49.904
18 50 0.048 49.952
16 50 0.048 49.952
3 50 0.048 49.952
10 50 0.048 49.952
2 50 0.048 49.952
7 50 0.048 49.952
11 50 0.048 49.952
14 50 0.048 49.952
1 50 0.048 49.952
4 50 0.048 49.952
1 49.952 0.048 49.904
14 49.952 0.048 49.904
18 50 0.048 49.952
16 50 0.048 49.952
3 50 0.048 49.952
10 50 0.048 49.952
2 50 0.048 49.952
7 50 0.048 49.952
11 50 0.048 49.952
14 50 0.048 49.952
1 50 0.048 49.952
4 50 0.048 49.952
1 49.952 0.048 49.904
14 49.952 0.048 49.904
1 49.904 0.16 49.744
14 49.904 0.16 49.744
18 50 0.048 49.952
16 50 0.048 49.952
3 50 0.048 49.952
10 50 0.048 49.952
2 50 0.048 49.952
7 50 0.048 49.952
11 50 0.048 49.952
14 49.9207 0.048 49.8727
1 49.9829 0.048 49.9349
14 49.8727 0.16 49.7127
1 49.9349 0.16 49.7749
4 50 0.048 49.952
18 50 0.048 49.952
16 50 0.048 49.952
3 50 0.048 49.952
10 50 0.048 49.952
2 50 0.048 49.952
7 50 0.048 49.952
11 50 0.048 49.952
4 50 0.048 49.952
4 49.952 0.16 49.792
18 50 0.048 49.952
16 50 0.048 49.952
3 50 0.048 49.952
10 50 0.048 49.952
2 50 0.048 49.952
7 50 0.048 49.952
11 50 0.048 49.952
18 50 0.048 49.952
16 50 0.048 49.952
3 50 0.048 49.952
10 50 0.048 49.952
2 50 0.048 49.952
7 50 0.048 49.952
11 50 0.048 49.952
18 50 0.048 49.952
16 50 0.048 49.952
3 50 0.048 49.952
3 49.952 0.16 49.792
10 50 0.048 49.952
2 50 0.048 49.952
7 50 0.048 49.952
11 50 0.048 49.952
18 50 0.048 49.952
16 50 0.048 49.952
10 50 0.048 49.952
2 50 0.048 49.952
7 50 0.048 49.952
11 50 0.048 49.952
18 50 0.048 49.952
16 50 0.048 49.952
10 50 0.048 49.952
2 50 0.048 49.952
7 50 0.048 49.952
11 50 0.048 49.952
18 50 0.048 49.952
16 50 0.048 49.952
10 50 0.048 49.952
2 50 0.048 49.952
7 50 0.048 49.952
11 50 0.048 49.952
18 50 0.048 49.952
16 50 0.048 49.952
10 50 0.048 49.952
2 50 0.048 49.952
7 50 0.048 49.952
11 50 0.048 49.952
11 49.952 0.16 49.792
18 50 0.048 49.952
16 50 0.048 49.952
10 50 0.048 49.952
2 50 0.048 49.952
7 50 0.048 49.952
18 50 0.048 49.952
16 50 0.048 49.952
10 50 0.048 49.952
10 49.952 0.16 49.792
2 50 0.048 49.952
7 50 0.048 49.952
18 50 0.048 49.952
16 50 0.048 49.952
2 50 0.048 49.952
7 50 0.048 49.952
18 50 0.048 49.952
16 50 0.048 49.952
2 50 0.048 49.952
7 50 0.048 49.952
18 50 0.048 49.952
16 50 0.048 49.952
2 50 0.048 49.952
7 50 0.048 49.952
18 50 0.048 49.952
16 50 0.048 49.952
2 50 0.048 49.952
7 50 0.048 49.952
18 50 0.048 49.952
16 50 0.048 49.952
2 50 0.048 49.952
7 50 0.048 49.952
2 49.952 0.16 49.792
7 49.952 0.16 49.792
18 50 0.048 49.952
16 50 0.048 49.952
18 50 0.048 49.952
16 50 0.048 49.952
18 49.952 0.16 49.792
16 49.952 0.16 49.792
