13 507
29 508
8 509
25 509
10 510
22 510
17 511
9 511
30 511
15 512
7 512
22 513
25 515
2 516
18 516
12 517
21 517
18 519
2 519
12 519
1 514
30 521
17 521
14 517
21 519
7 522
14 523
21 523
11 516
21 524
27 525
3 510
10 513
3 527
22 527
26 511
9 521
28 526
6 525
18 529
11 529
17 530
26 530
9 530
23 508
29 528
23 528
14 524
16 518
19 507
14 532
20 531
4 509
8 515
13 533
24 520
27 534
8 535
4 535
5 512
15 522
5 522
22 537
9 538
26 538
7 539
5 539
11 540
26 542
1 536
21 532
12 524
2 529
18 540
3 537
10 527
29 547
8 548
14 549
21 549
17 538
30 530
9 542
28 541
27 550
6 534
23 547
16 546
19 533
13 544
19 544
20 543
25 535
4 548
24 545
15 539
12 549
