5 606
26 607
8 608
22 608
28 608
34 607
20 609
15 610
12 610
17 610
42 611
44 611
13 611
29 612
31 612
15 612
6 612
12 612
9 606
49 613
19 614
24 614
37 614
30 614
32 614
24 615
32 615
37 615
19 615
31 616
15 616
27 616
6 616
37 617
19 617
24 617
32 617
21 618
16 618
39 618
10 618
33 618
13 619
44 619
1 620
38 620
44 621
6 622
27 622
15 622
29 622
25 622
45 617
30 615
41 614
30 626
27 629
15 629
6 629
31 629
29 629
22 630
8 630
42 619
16 631
10 631
33 631
21 631
11 627
13 621
4 611
17 612
12 616
33 632
16 632
10 632
10 633
16 633
41 634
32 634
37 634
24 634
19 634
34 635
5 636
50 624
38 637
40 618
32 639
41 639
24 639
19 639
33 633
39 631
21 632
45 640
19 640
32 640
24 640
36 613
14 625
15 642
12 642
6 642
46 609
42 643
44 643
43 638
29 641
15 641
6 641
31 642
12 641
18 623
48 620
1 637
20 644
13 643
49 646
24 647
19 647
32 647
12 648
6 648
7 628
1 649
38 649
19 650
24 650
2 607
26 635
34 651
21 653
39 653
10 653
33 653
16 653
28 630
8 654
22 654
47 608
16 655
10 655
33 655
21 655
25 629
35 622
29 642
15 648
31 641
27 612
17 616
13 656
44 656
23 610
44 657
6 658
27 658
15 658
12 658
23 658
2 651
5 652
22 659
28 659
8 659
9 636
3 627
11 645
38 662
19 663
15 664
29 664
25 664
10 665
21 665
16 665
45 647
24 663
45 663
32 650
37 639
41 640
30 634
32 667
19 667
24 667
42 656
2 670
13 657
4 643
45 672
32 672
37 672
19 672
30 672
24 672
50 671
13 673
40 653
39 655
33 665
36 646
24 676
37 676
30 676
19 676
32 676
49 666
14 675
20 660
46 644
23 674
12 674
6 674
27 674
15 674
29 674
17 658
43 668
18 661
1 662
48 649
31 658
35 664
31 664
6 664
17 664
29 658
7 669
34 670
26 651
47 659
25 674
35 658
25 658
23 664
45 676
41 672
4 673
