48 124 0 100 0.1 2.33035 2.43035
9 122 0 100 0.7 2.14922 2.84922
26 120 0 100 1.2 2.03857 3.23857
13 127 0 100 1.1 2.39197 3.49197
33 136 0 100 1.16701e-08 3.60632 3.60632
44 130 0 100 1.5 2.66213 4.16213
36 133 0 100 1.2 3.11336 4.31336
47 123 0 100 2.3 2.1526 4.4526
21 132 0 100 1.6 2.85601 4.45601
42 125 0 100 2.6 2.34125 4.94125
50 128 0 100 2.7 2.56413 5.26413
20 135 0 100 2.1 3.33015 5.43015
29 134 0 100 2.5 3.29993 5.79993
37 145 0 100 1.3 4.91246 6.21246
46 141 0 100 2 4.38116 6.38116
25 121 0 100 4.6 2.14357 6.74357
25 140 0 100 2.6 4.17224 6.77224
6 126 0 100 4.6 2.38332 6.98332
6 143 0 100 2.3 4.71921 7.01921
14 149 0 100 1.3 6.3967 7.6967
14 129 0 100 5.1 2.63468 7.73468
11 131 0 100 5 2.83619 7.83619
11 151 0 100 0.8 7.04613 7.84613
12 138 0 100 4.2 3.88895 8.08895
12 147 0 100 2 6.13734 8.13734
31 137 0 100 4.6 3.80373 8.40373
31 156 0 100 0.6 7.85755 8.45755
49 139 0 100 4.7 3.99497 8.69497
13 148 0 100 2.7 6.18169 8.88169
24 142 0 100 4.4 4.6448 9.0448
27 144 0 100 4.2 4.9001 9.1001
27 155 0 100 1.8 7.32932 9.12932
36 150 0 100 2.9 6.65826 9.55826
47 146 0 100 3.9 5.87915 9.77915
3 160 0 100 0.4 9.43083 9.83083
21 152 0 100 2.9 7.12845 10.0285
42 154 0 100 3 7.23052 10.2305
50 153 0 100 3.3 7.14514 10.4451
20 157 0 100 2.7 7.98915 10.6891
29 161 0 100 1.6 9.46506 11.0651
37 158 0 100 2.3 9.13819 11.4382
46 162 0 100 2 9.62202 11.622
14 159 0 100 3.7 9.3117 13.0117
