3 1409 2.11745
7 1412 2.25246
13 1415 2.46919
2 1416 2.5309
9 1418 2.64539
14 1420 2.65076
5 1422 2.81912
10 1428 3.33477
18 1431 3.55002
8 1434 3.68666
20 1437 3.91062
19 1438 3.9308
16 1441 4.11517
15 1443 4.20087
4 1446 4.40889
12 1447 4.43835
6 1452 4.75634
9 1453 4.83419
11 1455 4.87456
2 1477 7.04729
18 1485 7.71762
10 1486 7.72823
8 1491 8.08034
14 1492 8.11895
15 1495 8.27041
19 1503 8.95216
20 1505 9.13957
3 1507 9.18512
9 1510 9.43098
2 1511 9.43154
13 1514 9.57157
7 1516 9.65643
6 1518 9.76958
