34 1076 0 100 2.33402e-08 2.00003 2.00003
100 1083 0 100 9.33608e-08 2.28115 2.28115
50 1084 0 100 1.16701e-08 2.28239 2.28239
68 1089 0 100 9.33608e-08 2.38481 2.38481
44 1092 0 100 1.51711e-07 2.46446 2.46446
73 1094 0 100 1.16701e-08 2.52003 2.52003
40 1095 0 100 1.16701e-07 2.52116 2.52116
23 1098 0 100 1.40041e-07 2.60966 2.60966
74 1081 0 100 0.5 2.13721 2.63721
70 1104 0 100 1.16701e-08 2.71979 2.71979
89 1078 0 100 0.9 2.03258 2.93258
82 1099 0 100 0.4 2.6299 3.0299
20 1096 0 100 0.5 2.5554 3.0554
87 1105 0 100 0.2 2.89602 3.09602
80 1116 0 100 0.5 3.36936 3.86936
92 1125 0 100 0.1 3.7948 3.8948
21 1129 0 100 1.16701e-08 4.0344 4.0344
61 1091 0 100 1.6 2.46395 4.06395
98 1130 0 100 5.83505e-08 4.19927 4.19927
58 1134 0 100 0.1 4.30144 4.40144
71 1085 0 100 2.2 2.2954 4.4954
79 1109 0 100 1.7 3.00509 4.70509
28 1132 0 100 0.5 4.23412 4.73412
93 1114 0 100 1.5 3.26697 4.76697
72 1141 0 100 0.2 4.57515 4.77515
13 1149 0 100 1.16701e-08 4.78545 4.78545
13 1103 0 100 2.2 2.71213 4.91213
15 1136 0 100 0.6 4.37445 4.97445
49 1088 0 100 2.7 2.35604 5.05604
25 1110 0 100 2.2 3.0076 5.2076
12 1145 0 100 0.6 4.648 5.248
33 1108 0 100 2.4 2.96517 5.36517
2 1111 0 100 2.3 3.09068 5.39068
69 1123 0 100 1.7 3.75126 5.45126
36 1126 0 100 1.6 3.85158 5.45158
7 1144 0 100 0.9 4.59522 5.49522
47 1087 0 100 3.2 2.34586 5.54586
22 1077 0 100 4 2.01684 6.01684
22 1158 0 100 0.6 5.44637 6.04637
48 1139 0 100 1.6 4.49261 6.09261
62 1128 0 100 2.2 3.9334 6.1334
14 1106 0 100 3.3 2.91382 6.21382
3 1102 0 100 3.6 2.70227 6.30227
29 1115 0 100 3.1 3.27453 6.37453
64 1166 0 100 0.4 6.13016 6.53016
35 1142 0 100 2 4.57665 6.57665
64 1101 0 100 4 2.66702 6.66702
11 1082 0 100 4.5 2.20928 6.70928
67 1079 0 100 4.7 2.08024 6.78024
77 1133 0 100 2.7 4.26857 6.96857
31 1124 0 100 3.4 3.76085 7.16085
94 1138 0 100 2.8 4.42347 7.22347
37 1127 0 100 3.4 3.85413 7.25413
96 1090 0 100 4.8 2.46115 7.26115
9 1120 0 100 3.6 3.6676 7.2676
1 1121 0 100 3.6 3.67083 7.27083
83 1176 0 100 0.3 6.98543 7.28543
27 1093 0 100 4.8 2.50618 7.30618
95 1137 0 100 2.9 4.4216 7.3216
10 1140 0 100 2.8 4.52173 7.32173
8 1180 0 100 0.2 7.12352 7.32352
50 1154 0 100 2.4 4.94828 7.34828
40 1168 0 100 1.1 6.25001 7.35001
46 1171 0 100 0.6 6.76516 7.36516
88 1186 0 100 7.00206e-08 7.48169 7.48169
88 1150 0 100 2.7 4.90298 7.60298
65 1188 0 100 1.40041e-07 7.66188 7.66188
73 1157 0 100 2.5 5.37296 7.87296
65 1160 0 100 2.3 5.6064 7.90641
8 1113 0 100 4.7 3.24898 7.94898
70 1159 0 100 2.5 5.46299 7.96299
10 1178 0 100 0.9 7.06571 7.96571
46 1112 0 100 4.9 3.15695 8.05695
73 1193 0 100 1.16701e-07 8.08223 8.08223
19 1122 0 100 4.5 3.67284 8.17284
20 1143 0 100 3.6 4.59004 8.19004
89 1135 0 100 3.9 4.32236 8.22236
30 1164 0 100 2.2 6.03481 8.23481
42 1153 0 100 3.3 4.94591 8.24591
17 1119 0 100 4.7 3.57001 8.27001
42 1184 0 100 1.3 7.31066 8.61066
82 1146 0 100 3.9 4.71785 8.61785
4 1151 0 100 3.7 4.91978 8.61978
84 1131 0 100 4.9 4.20925 9.10925
45 1147 0 100 4.4 4.737 9.137
25 1162 0 100 3.3 5.87723 9.17723
54 1163 0 100 3.3 5.90804 9.20804
13 1187 0 100 1.7 7.54353 9.24353
80 1177 0 100 2.2 7.048 9.248
93 1191 0 100 1.4 7.93561 9.33561
76 1203 0 100 0.3 9.05299 9.35299
28 1205 0 100 0.3 9.15133 9.45133
16 1206 0 100 0.3 9.1723 9.4723
45 1213 0 100 4.66804e-08 9.52713 9.52713
66 1148 0 100 4.9 4.77701 9.67701
18 1207 0 100 0.5 9.18177 9.68177
56 1155 0 100 4.6 5.31203 9.91203
25 1222 0 100 5.83505e-08 9.97032 9.97032
39 1167 0 100 4.1 6.14519 10.2452
59 1161 0 100 4.6 5.65564 10.2556
97 1169 0 100 3.7 6.57417 10.2742
15 1220 0 100 0.6 9.88857 10.4886
22 1209 0 100 1.9 9.26938 11.1694
2 1197 0 100 2.9 8.27264 11.1726
3 1185 0 100 3.9 7.35114 11.2511
85 1192 0 100 3.3 7.98315 11.2832
62 1195 0 100 3.2 8.13064 11.3306
47 1183 0 100 4.1 7.2658 11.3658
7 1174 0 100 4.6 6.91521 11.5152
14 1175 0 100 4.6 6.96629 11.5663
6 1200 0 100 2.7 8.92215 11.6221
78 1211 0 100 2.3 9.35707 11.6571
38 1201 0 100 2.7 8.95862 11.6586
35 1179 0 100 4.7 7.09406 11.7941
50 1196 0 100 4.3 8.18874 12.4887
94 1198 0 100 5 8.30263 13.3026
4 1216 0 100 3.8 9.66208 13.4621
82 1212 0 100 4.1 9.40142 13.5014
89 1204 0 100 4.6 9.06952 13.6695
57 1202 0 100 4.9 9.015 13.915
80 1215 0 100 4.7 9.65625 14.3562
56 1219 0 100 4.6 9.84373 14.4437
