10 596
30 596
13 596
37 596
27 596
32 597
14 598
36 598
48 598
13 599
30 599
27 599
37 599
36 600
48 600
22 601
38 601
9 602
23 603
50 604
49 604
31 605
7 606
33 606
35 607
48 609
29 610
22 610
26 612
34 612
43 597
37 613
27 613
30 613
46 607
20 614
6 614
24 614
25 614
40 614
41 614
16 615
12 615
4 615
11 615
26 615
1 616
11 616
12 616
16 616
32 616
4 617
11 617
12 617
16 617
15 605
33 618
41 619
20 619
25 619
24 619
40 619
6 619
12 620
11 620
1 620
4 620
15 621
38 610
8 601
38 622
30 623
27 623
45 614
25 624
40 624
41 624
46 625
27 626
22 627
2 619
40 628
20 628
24 628
25 628
45 628
49 630
44 603
24 631
20 631
40 631
25 631
11 632
12 632
1 632
2 633
25 633
24 633
40 633
6 633
6 634
25 634
40 634
2 634
42 602
23 635
47 606
7 618
39 612
11 612
1 612
34 615
7 636
33 636
19 608
28 607
35 625
3 598
36 609
32 617
14 600
16 620
4 632
12 612
21 629
17 611
13 613
30 626
37 623
14 638
48 638
3 638
26 639
11 639
10 599
5 596
11 640
26 640
2 641
40 641
6 641
27 642
30 642
13 642
10 642
5 642
9 643
50 630
18 604
33 637
38 644
35 645
50 646
18 646
48 647
3 647
46 645
39 615
34 640
39 640
4 612
12 639
1 617
16 632
32 620
43 616
6 649
2 649
46 650
22 651
30 652
13 652
5 652
10 652
31 621
15 648
10 654
30 654
29 627
38 651
8 644
5 654
41 628
34 656
39 656
11 656
12 656
16 656
32 656
45 631
20 633
41 633
40 649
20 649
41 649
24 634
20 634
41 634
25 641
20 641
45 641
11 658
12 658
16 658
50 659
24 660
20 660
25 660
40 660
41 660
3 661
32 658
1 658
44 635
9 657
42 643
47 636
7 637
19 653
28 645
35 650
36 638
14 647
48 661
17 655
4 658
26 658
34 658
13 654
37 642
27 652
49 646
18 659
39 658
43 656
45 660
