3 954
11 955
81 955
16 955
12 955
24 955
61 955
35 955
89 955
87 955
46 956
38 956
37 956
88 956
64 957
49 957
77 957
55 957
66 957
44 957
13 957
31 957
47 957
43 958
57 958
14 958
74 958
76 958
59 958
64 958
49 958
77 958
55 958
66 958
44 958
13 958
31 958
75 959
67 959
70 959
80 959
25 960
15 961
26 961
32 961
86 961
1 962
76 963
43 963
57 963
14 963
74 963
59 963
64 963
49 963
53 964
84 964
46 964
38 964
88 964
23 965
51 965
62 965
35 966
61 966
81 966
16 966
12 966
24 966
89 966
87 966
57 967
43 967
59 967
64 967
76 967
74 967
72 968
42 968
69 969
15 969
26 969
9 969
27 970
20 970
29 970
22 970
7 970
33 970
37 964
22 971
20 971
29 971
27 971
33 971
61 972
16 972
35 972
24 972
87 972
83 961
90 961
56 961
41 961
72 961
5 956
34 973
66 973
44 973
13 973
31 973
66 974
44 974
31 974
40 968
23 968
62 968
73 975
81 972
89 972
42 961
40 961
23 961
20 976
27 976
29 976
71 977
28 977
39 977
48 977
18 977
18 978
39 978
48 978
71 978
62 961
16 979
61 979
35 979
87 979
81 979
89 979
29 980
27 980
65 981
56 981
41 981
72 981
82 981
78 981
90 981
83 981
86 981
51 968
78 982
41 982
56 982
65 982
82 982
72 982
42 982
52 977
40 982
23 982
45 965
28 978
80 983
70 983
75 983
37 984
38 984
46 984
53 984
40 985
28 986
39 986
48 986
71 986
87 987
35 987
61 987
89 987
81 987
88 988
37 988
38 988
46 988
5 989
38 989
82 990
38 991
37 991
88 991
83 992
4 993
58 993
60 993
85 993
48 994
39 994
71 994
60 996
58 996
85 996
32 981
90 997
41 997
56 997
65 997
78 997
82 997
72 997
42 997
40 997
23 997
51 997
62 997
54 993
4 996
1 969
63 962
17 970
7 971
17 971
77 998
55 998
66 998
44 998
68 999
55 999
66 999
22 976
7 976
17 976
81 1000
89 1000
61 1000
87 1000
33 980
32 1001
86 1001
74 1002
57 1002
59 1002
64 1002
76 1002
70 1003
80 1003
3 1004
62 1005
33 1006
17 1006
7 1006
27 1006
15 1007
9 1007
26 1007
69 1007
1 1007
56 1008
41 1008
72 1008
42 1008
51 1005
49 1009
64 1009
59 1009
74 1009
76 1009
55 1010
68 1010
66 1010
19 995
9 1011
15 1011
26 1011
51 1012
59 1013
74 1013
76 1013
64 1013
64 1014
76 1014
74 1014
50 957
47 958
72 1015
41 1015
56 1015
65 1015
78 1015
82 1015
90 1015
83 1001
90 1001
56 1001
65 1001
78 1001
82 1001
72 1001
13 974
66 1016
68 1016
55 1016
39 1017
71 1017
31 998
44 999
31 999
1 1018
15 1018
26 1018
22 1019
27 1019
20 1019
8 973
89 1020
81 1020
87 1020
26 1021
15 1021
31 1022
86 1023
83 1023
58 1024
4 1024
85 1024
85 1025
58 1025
7 1026
17 1026
33 1026
27 1026
22 1026
76 1027
41 1028
78 1028
90 1028
56 1028
82 1028
34 1010
27 1029
7 1029
33 1029
77 1016
42 1001
49 1013
10 963
72 1028
59 1014
10 1014
57 1009
71 1030
74 1027
59 1027
14 967
43 1002
87 1031
82 1032
78 1032
90 1032
65 1032
83 1032
32 1023
26 1023
86 1032
2 955
11 966
35 1000
11 1000
61 1020
16 987
89 1031
12 972
32 1032
24 979
12 979
36 1004
32 1033
86 1033
83 1033
65 1033
90 1033
56 1033
82 1033
79 954
30 975
61 1034
2 1034
89 1034
24 1034
12 1034
87 1034
81 1034
16 1034
35 1034
78 1033
73 977
74 1035
59 1035
64 1035
76 1035
14 1035
57 1035
29 1019
7 1019
20 1026
28 994
18 986
55 1036
34 1036
68 1036
66 1036
44 1036
8 1036
31 1036
47 1036
50 1036
52 978
80 1037
48 1017
39 1030
90 1038
82 1038
56 1038
78 1038
65 1038
83 1038
86 1038
50 1039
47 1039
31 1039
44 1039
66 1039
68 1039
55 1039
75 1003
70 1037
67 983
21 959
7 1040
27 1040
22 1040
38 1041
88 1041
56 1042
90 1042
65 1042
82 1042
68 1043
34 1043
66 1043
8 1043
44 1043
31 1043
47 1043
25 993
47 1044
31 1044
44 1044
66 1044
68 1044
55 1044
22 1045
27 1045
88 1046
54 996
25 996
65 1047
56 1047
90 1047
60 1024
54 1024
4 1025
70 1048
67 1048
21 1048
80 1048
73 1049
39 1050
52 1050
18 1050
28 1050
71 1050
66 1051
68 1051
89 1052
16 1052
61 1052
35 1052
2 1052
87 1052
12 1052
37 1041
38 1046
5 991
53 988
46 989
64 1053
57 1053
74 1053
14 1053
76 1053
59 1053
10 1053
84 984
86 1054
87 1056
16 1056
61 1056
81 1056
2 1056
12 1056
89 1056
62 1012
81 1057
87 1057
61 1057
89 1057
2 1057
16 1057
51 1055
23 1005
45 997
85 1058
60 1058
4 1058
58 1058
54 1058
10 1059
57 1059
74 1059
14 1059
76 1059
64 1059
40 1008
23 1008
42 1028
40 1028
44 1060
8 1060
66 1060
72 1033
42 1033
3 1061
27 1062
82 1047
72 1047
60 1063
4 1063
85 1063
54 1063
6 1015
78 1042
41 1001
72 1065
71 1066
18 1066
52 1066
28 1066
83 1054
90 1054
79 1061
32 1038
69 1011
9 1018
69 1018
1 1021
9 1021
69 1021
15 1023
42 1067
72 1067
82 1067
56 1067
41 1067
6 1067
90 1067
83 1067
32 1067
26 1032
1 1068
8 1069
66 1069
44 1069
63 1007
17 1029
7 1045
17 1045
31 1069
33 1019
22 1062
7 1062
33 1062
26 1070
69 1070
9 1070
1 1070
18 1071
71 1071
28 1071
29 1026
20 1040
29 1040
76 1072
14 1072
57 1072
19 1064
57 1074
10 1074
64 1074
76 1074
79 1075
47 1069
50 1043
13 1036
34 1044
68 1060
55 1051
77 1039
49 1053
59 1059
14 1074
74 1072
43 1035
63 1070
17 1070
7 1070
22 1070
29 1070
20 1070
27 1070
11 1034
12 1057
35 1056
24 1052
36 1061
3 1075
73 1073
30 1049
52 1071
48 1050
39 1066
75 1048
25 1058
58 1063
86 1067
33 1070
