0 1413
0 1414
0 1415
0 1416
0 1417
0 1418
0 1419
0 1422
0 1423
0 1424
0 1425
0 1426
0 1427
0 1432
0 1434
0 1436
17 1433
0 1438
0 1440
3 1437
0 1441
4 1445
0 1448
0 1450
0 1454
0 1460
16 1435
0 1461
0 1462
19 1456
0 1464
0 1465
0 1469
0 1470
0 1472
0 1474
2 1445
0 1475
0 1478
0 1479
18 1452
6 1477
0 1481
0 1482
0 1483
0 1486
10 1439
0 1487
0 1488
13 1463
0 1489
0 1491
1 1466
0 1492
8 1453
0 1496
0 1497
0 1498
0 1499
11 1471
15 1449
0 1500
0 1501
0 1506
0 1507
14 1444
0 1509
5 1451
9 1458
0 1511
17 1484
0 1512
3 1508
0 1513
0 1514
0 1520
7 1455
12 1480
0 1521
0 1522
0 1523
16 1505
0 1527
0 1528
0 1530
19 1519
0 1531
0 1532
0 1536
20 1476
0 1537
0 1540
2 1516
4 1490
0 1541
0 1542
0 1544
18 1510
0 1545
6 1533
0 1546
0 1547
10 1529
0 1550
0 1551
0 1552
0 1553
1 1525
0 1554
0 1555
0 1558
8 1538
0 1559
0 1560
0 1561
0 1562
0 1563
0 1568
14 1543
0 1569
0 1570
0 1571
0 1572
0 1573
0 1574
0 1578
0 1579
0 1580
0 1583
0 1584
0 1585
0 1586
0 1587
0 1590
0 1591
0 1592
