15 3007 2.02674
84 3009 2.12848
31 3010 2.12986
39 3011 2.13484
87 3012 2.14238
42 3013 2.17082
20 3014 2.19526
61 3015 2.20573
69 3017 2.28093
48 3019 2.32412
66 3020 2.3542
10 3021 2.38505
23 3022 2.39101
64 3024 2.43269
82 3025 2.44171
63 3026 2.44983
41 3027 2.45398
30 3028 2.45873
5 3030 2.5667
76 3031 2.59224
50 3033 2.65444
33 3035 2.75275
72 3036 2.75281
29 3038 2.87492
28 3039 2.90114
12 3041 2.96521
2 3042 3.00671
13 3044 3.06454
9 3045 3.08733
75 3046 3.09493
7 3048 3.12686
44 3049 3.12733
74 3050 3.14124
37 3051 3.16956
11 3053 3.22562
89 3054 3.23097
71 3055 3.27343
54 3057 3.33074
22 3058 3.34959
60 3059 3.37834
25 3061 3.43307
6 3062 3.49977
36 3064 3.5328
53 3065 3.53843
14 3067 3.63172
21 3068 3.65988
34 3070 3.71562
81 3071 3.72259
80 3072 3.76428
19 3074 3.83024
59 3075 3.84759
86 3076 3.86027
4 3077 3.86668
73 3079 3.93041
68 3080 3.93886
90 3082 4.08656
8 3084 4.11278
26 3085 4.15374
16 3087 4.21949
49 3088 4.25355
83 3089 4.26443
77 3090 4.26789
79 3091 4.30602
85 3093 4.3779
56 3094 4.38753
88 3095 4.39326
55 3097 4.41517
43 3098 4.44372
10 3099 4.44926
1 3100 4.46022
51 3101 4.48688
24 3103 4.55813
35 3105 4.65021
45 3106 4.69912
40 3108 4.74818
67 3111 4.97773
62 3112 4.97798
63 3116 5.21157
84 3118 5.39026
89 3120 5.46098
23 3123 5.69947
19 3127 5.93268
33 3128 5.94832
20 3129 5.96926
13 3132 6.19216
5 3134 6.25121
34 3135 6.2904
27 3139 6.5922
29 3141 6.6346
6 3142 6.63819
17 3143 6.688
25 3145 6.7365
9 3146 6.78842
42 3149 6.94294
62 3152 7.13981
82 3153 7.16845
68 3155 7.22685
76 3156 7.23736
74 3158 7.31062
7 3159 7.33148
81 3161 7.42892
3 3163 7.52192
16 3164 7.57691
36 3166 7.63764
43 3167 7.64784
55 3168 7.66427
50 3169 7.68088
85 3170 7.69783
52 3172 7.74486
26 3174 7.83464
44 3175 7.85881
40 3176 7.90553
32 3178 7.96017
28 3179 7.96789
80 3180 7.97159
1 3182 8.066
72 3183 8.09406
77 3187 8.36437
69 3188 8.37928
73 3189 8.38172
58 3192 8.56065
60 3193 8.56557
45 3194 8.59266
14 3199 8.91353
87 3200 8.92225
89 3202 9.10156
11 3205 9.23012
62 3207 9.40549
76 3211 9.62933
57 3212 9.69065
29 3214 9.77045
9 3216 9.85701
12 3217 9.86729
19 3218 9.87669
20 3220 9.94803
