43 2752 0 100 1.16701e-08 2.34144 2.34144
27 2763 0 100 1.16701e-08 2.65657 2.65657
1 2741 0 100 0.7 2.10997 2.80997
29 2761 0 100 0.4 2.60642 3.00642
70 2740 0 100 1 2.06568 3.06568
20 2757 0 100 0.6 2.49436 3.09436
75 2778 0 100 0.1 3.12963 3.22963
5 2743 0 100 1.3 2.15818 3.45818
60 2777 0 100 0.6 3.12758 3.72758
55 2754 0 100 1.4 2.36474 3.76474
10 2769 0 100 1 2.82302 3.82302
69 2756 0 100 1.6 2.48271 4.08271
37 2793 0 100 0.5 3.79429 4.29429
7 2807 0 100 0.4 4.21794 4.61794
34 2749 0 100 2.4 2.27668 4.67668
39 2765 0 100 2 2.72749 4.72749
80 2742 0 100 2.6 2.1346 4.7346
22 2800 0 100 0.9 3.91546 4.81546
59 2828 0 100 1.16701e-08 4.82608 4.82608
33 2771 0 100 2 2.88746 4.88746
71 2776 0 100 2 3.12028 5.12028
74 2826 0 100 0.4 4.77497 5.17497
13 2805 0 100 1.3 4.07016 5.37016
46 2811 0 100 1 4.39408 5.39408
56 2759 0 100 2.9 2.50703 5.40703
31 2814 0 100 1 4.50051 5.50051
53 2758 0 100 3 2.50163 5.50163
11 2791 0 100 1.9 3.69905 5.59905
4 2747 0 100 3.5 2.22276 5.72276
53 2844 0 100 1.16701e-08 5.73541 5.73541
65 2750 0 100 3.5 2.30365 5.80365
44 2787 0 100 2.4 3.50121 5.90121
52 2746 0 100 3.7 2.2016 5.9016
45 2789 0 100 2.4 3.59824 5.99824
6 2768 0 100 3.4 2.76726 6.16726
66 2738 0 100 4.2 2.052 6.252
9 2744 0 100 4.1 2.15829 6.25829
3 2779 0 100 3.2 3.14673 6.34673
28 2795 0 100 2.6 3.83579 6.43579
57 2817 0 100 1.9 4.54334 6.44334
54 2831 0 100 1.6 4.85989 6.45989
66 2846 0 100 0.7 5.75992 6.45992
28 2851 0 100 0.5 5.96403 6.46403
40 2767 0 100 3.7 2.76614 6.46614
16 2816 0 100 2 4.52671 6.52671
67 2772 0 100 3.9 2.88841 6.78841
77 2820 0 100 2.2 4.59362 6.79362
25 2751 0 100 4.5 2.32289 6.82289
63 2796 0 100 3.1 3.83993 6.93993
49 2762 0 100 4.3 2.64389 6.94389
25 2868 0 100 0.2 6.91359 7.11359
19 2784 0 100 4 3.39793 7.39793
62 2798 0 100 3.6 3.87518 7.47518
18 2802 0 100 3.5 4.01027 7.51027
64 2822 0 100 3 4.65159 7.65159
2 2773 0 100 4.8 2.90484 7.70484
14 2829 0 100 2.9 4.84202 7.74202
27 2866 0 100 1 6.8149 7.8149
2 2848 0 100 2 5.82814 7.82814
64 2870 0 100 0.8 7.03291 7.83291
26 2804 0 100 4 4.06315 8.06316
51 2827 0 100 3.3 4.79063 8.09063
41 2783 0 100 4.7 3.39596 8.09596
68 2786 0 100 4.6 3.49861 8.09861
79 2821 0 100 3.5 4.61944 8.11944
51 2885 0 100 0.5 7.67561 8.17561
42 2832 0 100 3.3 4.90742 8.20742
70 2847 0 100 2.5 5.81942 8.31942
50 2794 0 100 4.5 3.82513 8.32513
24 2799 0 100 4.5 3.88812 8.38812
50 2860 0 100 1.9 6.53718 8.43718
26 2887 0 100 0.7 7.77185 8.47185
75 2872 0 100 1.4 7.11329 8.51329
15 2824 0 100 3.9 4.70176 8.60176
5 2856 0 100 2.4 6.30783 8.70783
35 2810 0 100 4.6 4.3777 8.9777
55 2843 0 100 3.3 5.70584 9.00584
10 2854 0 100 2.8 6.22437 9.02437
30 2812 0 100 4.7 4.44363 9.14363
8 2815 0 100 4.7 4.52259 9.22259
69 2874 0 100 2.2 7.21511 9.41511
23 2876 0 100 2.1 7.34707 9.44707
23 2819 0 100 4.9 4.57841 9.47841
80 2834 0 100 4.8 4.97332 9.77332
73 2863 0 100 3.2 6.66303 9.86303
59 2901 0 100 1.2 8.69201 9.89201
39 2880 0 100 2.4 7.54716 9.94716
22 2916 0 100 0.8 9.17567 9.97567
33 2882 0 100 2.4 7.59548 9.99548
80 2883 0 100 2.4 7.63791 10.0379
38 2903 0 100 1.6 8.74293 10.3429
71 2841 0 100 4.9 5.62019 10.5202
47 2914 0 100 1.4 9.14993 10.5499
56 2857 0 100 4.2 6.35716 10.5572
56 2917 0 100 1.4 9.21453 10.6145
76 2896 0 100 2.3 8.40527 10.7053
11 2865 0 100 4.1 6.77761 10.8776
53 2892 0 100 2.7 8.21471 10.9147
65 2905 0 100 2.3 8.76448 11.0645
44 2898 0 100 2.7 8.48571 11.1857
45 2894 0 100 2.9 8.31921 11.2192
21 2925 0 100 1.8 9.65794 11.4579
72 2913 0 100 2.4 9.14161 11.5416
40 2931 0 100 1.7 9.87768 11.5777
3 2878 0 100 4.3 7.39585 11.6958
61 2902 0 100 3 8.69733 11.6973
66 2906 0 100 2.9 8.80006 11.7001
54 2929 0 100 1.9 9.80358 11.7036
77 2911 0 100 3 9.01967 12.0197
67 2932 0 100 2.1 9.92161 12.0216
63 2928 0 100 2.3 9.77229 12.0723
18 2923 0 100 3.2 9.53336 12.7334
43 2933 0 100 3 9.9339 12.9339
14 2934 0 100 3 9.95477 12.9548
70 2909 0 100 4.4 8.9502 13.3502
79 2908 0 100 4.5 8.91534 13.4153
42 2922 0 100 4 9.459 13.459
10 2920 0 100 4.8 9.45555 14.2556
