19 283
28 283
31 283
43 283
58 283
16 283
19 283
28 283
43 283
16 283
28 283
31 283
35 283
20 283
31 283
35 283
13 284
34 284
71 284
4 284
13 284
41 284
73 284
34 284
73 284
10 286
15 286
26 286
39 286
45 286
1 286
15 286
26 286
39 286
45 286
1 286
10 286
26 286
27 286
45 286
75 286
15 286
45 286
75 286
18 287
66 287
80 287
18 287
3 287
21 287
49 287
32 287
54 287
55 287
60 287
66 287
21 287
49 287
55 287
72 288
79 288
60 289
80 289
0 289
80 289
80 289
47 290
76 290
22 290
47 290
46 292
48 292
51 292
52 292
59 292
59 292
9 292
51 292
52 292
7 293
42 293
56 293
70 293
7 293
23 293
42 293
0 305
74 305
74 305
16 307
19 307
28 307
