28 177 0 100 0.4 2.0725 2.4725
59 184 0 100 1.16701e-08 2.59166 2.59166
48 187 0 100 1.16701e-08 2.69137 2.69137
42 191 0 100 2.33402e-08 3.17006 3.17006
45 181 0 100 1 2.36045 3.36045
53 178 0 100 1.4 2.08192 3.48192
31 188 0 100 1.2 2.69342 3.89342
36 183 0 100 1.6 2.45279 4.05279
56 185 0 100 1.5 2.64094 4.14094
16 199 0 100 3.50103e-08 4.39127 4.39127
44 196 0 100 0.9 3.88982 4.78982
15 179 0 100 2.7 2.18308 4.88308
25 202 0 100 0.5 4.57417 5.07417
32 192 0 100 2.2 3.23163 5.43163
33 175 0 100 3.7 2.01768 5.71768
13 206 0 100 0.5 5.25224 5.75224
13 180 0 100 3.6 2.23424 5.83424
24 195 0 100 2.5 3.51413 6.01413
8 186 0 100 3.5 2.67863 6.17863
30 190 0 100 3.3 2.94692 6.24692
30 208 0 100 2.33402e-08 6.32913 6.32913
2 176 0 100 4.7 2.01943 6.71943
35 189 0 100 4 2.74473 6.74473
35 205 0 100 1.8 4.99956 6.79956
6 182 0 100 4.8 2.40974 7.20974
18 193 0 100 4 3.24289 7.24289
18 216 0 100 1.16701e-08 7.35371 7.35371
49 203 0 100 2.8 4.66406 7.46406
49 217 0 100 2.33402e-08 7.49036 7.49036
29 198 0 100 3.4 4.33005 7.73005
59 209 0 100 1.3 6.62454 7.92454
17 197 0 100 3.9 4.0814 7.9814
12 194 0 100 4.9 3.28757 8.18757
12 212 0 100 1.4 6.85445 8.25445
45 204 0 100 3.6 4.98905 8.58905
23 207 0 100 3.1 5.60396 8.70396
39 200 0 100 4.5 4.44825 8.94825
9 213 0 100 2 6.98858 8.98858
9 201 0 100 4.6 4.46063 9.06063
39 221 0 100 1.16701e-08 9.10467 9.10467
36 210 0 100 2.6 6.70105 9.30105
56 215 0 100 2.2 7.14872 9.34872
44 220 0 100 1 9.04303 10.043
25 214 0 100 3 7.12888 10.1289
32 211 0 100 3.9 6.82705 10.727
60 228 0 100 1.2 9.76935 10.9694
33 222 0 100 1.9 9.22061 11.1206
24 218 0 100 3.2 8.0733 11.2733
8 229 0 100 1.7 9.79262 11.4926
5 223 0 100 2.5 9.28456 11.7846
35 226 0 100 2.3 9.61652 11.9165
7 227 0 100 2.4 9.70887 12.1089
18 224 0 100 3 9.54884 12.5488
29 219 0 100 4.7 8.39231 13.0923
45 225 0 100 4.2 9.56201 13.762
