0 2431
0 2432
0 2433
0 2434
0 2435
0 2436
0 2437
0 2438
0 2439
0 2440
0 2441
0 2442
0 2443
0 2444
0 2446
0 2447
0 2448
0 2449
0 2450
0 2451
25 2452
0 2456
7 2457
0 2459
0 2460
0 2463
50 2464
40 2464
18 2465
20 2465
57 2465
56 2465
19 2465
0 2469
0 2471
28 2455
0 2472
0 2476
43 2478
2 2479
0 2482
0 2484
58 2453
0 2486
11 2458
0 2487
0 2489
22 2492
0 2493
69 2454
0 2497
14 2478
23 2498
60 2485
70 2479
70 2499
57 2496
50 2496
0 2501
0 2506
53 2507
20 2507
41 2509
64 2509
0 2510
49 2461
59 2480
0 2512
34 2508
20 2514
61 2481
0 2516
10 2477
35 2509
0 2517
37 2519
21 2468
0 2521
4 2522
53 2522
0 2523
35 2524
24 2519
0 2525
42 2527
0 2528
7 2529
15 2467
0 2530
32 2502
46 2505
0 2535
8 2537
0 2539
36 2540
70 2540
17 2541
0 2542
67 2488
0 2543
68 2473
0 2544
26 2464
5 2465
51 2536
3 2533
0 2545
45 2532
19 2483
40 2496
0 2546
56 2492
57 2514
20 2522
57 2522
18 2534
20 2534
57 2534
0 2547
22 2507
0 2548
0 2549
57 2550
56 2550
0 2551
50 2550
0 2552
55 2504
22 2554
56 2554
6 2495
0 2555
0 2556
38 2498
16 2491
45 2554
5 2554
0 2557
64 2531
0 2558
44 2500
0 2560
1 2511
61 2561
49 2561
2 2562
0 2563
29 2490
0 2564
68 2554
20 2565
22 2565
56 2565
45 2565
5 2565
0 2566
0 2568
33 2478
63 2452
14 2529
0 2569
25 2457
43 2533
7 2541
7 2570
0 2571
43 2572
54 2475
0 2574
46 2575
0 2576
52 2466
0 2577
27 2470
31 2515
9 2520
0 2578
23 2579
0 2581
0 2583
39 2474
18 2587
20 2587
57 2587
56 2587
36 2588
0 2589
12 2503
56 2590
0 2592
47 2513
19 2590
35 2593
0 2594
28 2584
0 2597
0 2598
30 2508
0 2600
8 2601
58 2519
34 2603
48 2526
0 2604
53 2605
20 2605
57 2605
56 2605
24 2538
0 2607
11 2553
13 2494
0 2608
37 2567
0 2609
65 2518
64 2601
69 2527
0 2610
66 2540
42 2562
60 2588
0 2611
70 2536
2 2606
0 2612
51 2591
0 2614
63 2615
59 2561
0 2616
57 2617
49 2580
61 2593
0 2618
35 2601
10 2531
0 2619
62 2524
42 2620
0 2621
21 2537
0 2622
41 2595
17 2623
43 2623
64 2624
0 2625
0 2626
20 2627
15 2575
9 2628
27 2628
0 2629
32 2582
52 2628
54 2628
17 2628
0 2630
0 2631
67 2554
68 2565
67 2565
0 2633
26 2586
19 2605
56 2617
22 2613
0 2634
68 2586
26 2605
19 2617
26 2617
56 2613
19 2613
26 2613
0 2635
5 2590
57 2627
56 2627
40 2550
45 2587
0 2636
19 2627
50 2559
0 2637
0 2638
0 2639
0 2640
4 2573
0 2641
6 2596
0 2642
55 2602
0 2643
16 2599
0 2644
38 2579
0 2645
0 2646
0 2647
0 2648
0 2649
0 2650
33 2615
0 2651
14 2623
0 2652
43 2628
0 2653
0 2654
0 2655
0 2656
0 2657
0 2658
0 2660
0 2661
0 2662
0 2663
0 2664
0 2665
0 2666
0 2667
0 2668
0 2669
0 2670
69 2620
0 2671
0 2672
0 2673
0 2674
0 2675
35 2624
0 2676
0 2677
0 2678
0 2679
