17 50 0.048 49.952
17 49.952 0.048 49.904
17 49.904 0.048 49.856
6 50 0.048 49.952
6 50 0.048 49.952
6 50 0.048 49.952
5 50 0.048 49.952
19 50 0.048 49.952
5 50 0.048 49.952
19 50 0.048 49.952
5 50 0.048 49.952
11 50 0.048 49.952
11 50 0.048 49.952
18 50 0.048 49.952
11 50 0.048 49.952
18 50 0.048 49.952
18 50 0.048 49.952
3 50 0.048 49.952
3 50 0.048 49.952
3 50 0.048 49.952
7 50 0.048 49.952
20 50 0.048 49.952
7 50 0.048 49.952
14 50 0.048 49.952
20 50 0.048 49.952
2 50 0.048 49.952
4 50 0.048 49.952
7 50 0.048 49.952
14 50 0.048 49.952
20 50 0.048 49.952
14 49.952 0.048 49.904
7 49.952 0.048 49.904
14 49.904 0.048 49.856
14 49.856 0.16 49.696
2 50 0.048 49.952
4 50 0.048 49.952
14 49.9035 0.048 49.8555
19 50 0.048 49.952
5 50 0.048 49.952
2 50 0.048 49.952
4 50 0.048 49.952
15 50 0.048 49.952
15 49.952 0.048 49.904
15 49.904 0.048 49.856
15 49.856 0.16 49.696
13 50 0.048 49.952
19 50 0.048 49.952
5 50 0.048 49.952
4 50 0.048 49.952
15 50 0.048 49.952
13 50 0.048 49.952
19 50 0.048 49.952
5 50 0.048 49.952
15 50 0.048 49.952
9 50 0.048 49.952
13 50 0.048 49.952
19 50 0.048 49.952
5 50 0.048 49.952
9 50 0.048 49.952
13 50 0.048 49.952
19 50 0.048 49.952
5 50 0.048 49.952
9 50 0.048 49.952
7 50 0.048 49.952
14 50 0.048 49.952
20 50 0.048 49.952
13 50 0.048 49.952
19 50 0.048 49.952
5 50 0.048 49.952
18 50 0.048 49.952
11 50 0.048 49.952
11 49.952 0.048 49.904
18 49.952 0.048 49.904
18 49.904 0.16 49.744
11 49.904 0.16 49.744
11 49.744 0.016 49.728
18 49.744 0.016 49.728
11 49.728 0.048 49.68
18 49.728 0.048 49.68
9 50 0.048 49.952
7 50 0.048 49.952
14 50 0.048 49.952
20 50 0.048 49.952
13 50 0.048 49.952
19 50 0.048 49.952
5 50 0.048 49.952
11 49.8845 0.048 49.8365
18 49.9408 0.048 49.8928
9 50 0.048 49.952
7 50 0.048 49.952
14 50 0.048 49.952
20 50 0.048 49.952
8 50 0.048 49.952
10 50 0.048 49.952
12 50 0.048 49.952
13 50 0.048 49.952
19 50 0.048 49.952
5 50 0.048 49.952
11 50 0.048 49.952
18 50 0.048 49.952
9 50 0.048 49.952
7 50 0.048 49.952
14 50 0.048 49.952
20 50 0.048 49.952
8 50 0.048 49.952
10 50 0.048 49.952
12 50 0.048 49.952
13 50 0.048 49.952
19 50 0.048 49.952
5 50 0.048 49.952
11 50 0.048 49.952
18 50 0.048 49.952
9 50 0.048 49.952
7 50 0.048 49.952
14 50 0.048 49.952
20 50 0.048 49.952
8 50 0.048 49.952
10 50 0.048 49.952
12 50 0.048 49.952
13 50 0.048 49.952
1 50 0.048 49.952
19 50 0.048 49.952
5 50 0.048 49.952
11 50 0.048 49.952
18 50 0.048 49.952
16 50 0.048 49.952
9 50 0.048 49.952
7 50 0.048 49.952
14 50 0.048 49.952
20 50 0.048 49.952
8 50 0.048 49.952
10 50 0.048 49.952
12 50 0.048 49.952
13 50 0.048 49.952
1 50 0.048 49.952
19 50 0.048 49.952
5 50 0.048 49.952
11 50 0.048 49.952
18 50 0.048 49.952
16 50 0.048 49.952
9 50 0.048 49.952
7 50 0.048 49.952
14 50 0.048 49.952
20 50 0.048 49.952
6 50 0.048 49.952
8 50 0.048 49.952
10 50 0.048 49.952
12 50 0.048 49.952
13 50 0.048 49.952
1 50 0.048 49.952
19 50 0.048 49.952
5 50 0.048 49.952
11 50 0.048 49.952
18 50 0.048 49.952
16 50 0.048 49.952
9 50 0.048 49.952
7 50 0.048 49.952
14 50 0.048 49.952
20 50 0.048 49.952
6 50 0.048 49.952
8 50 0.048 49.952
10 50 0.048 49.952
12 50 0.048 49.952
13 50 0.048 49.952
1 50 0.048 49.952
19 50 0.048 49.952
5 50 0.048 49.952
11 50 0.048 49.952
18 50 0.048 49.952
9 50 0.048 49.952
7 50 0.048 49.952
20 50 0.048 49.952
6 50 0.048 49.952
8 50 0.048 49.952
10 50 0.048 49.952
12 50 0.048 49.952
13 50 0.048 49.952
1 50 0.048 49.952
19 50 0.048 49.952
5 50 0.048 49.952
11 50 0.048 49.952
18 50 0.048 49.952
4 50 0.048 49.952
2 50 0.048 49.952
2 49.952 0.048 49.904
4 49.952 0.048 49.904
4 49.904 0.16 49.744
2 49.904 0.16 49.744
2 49.744 0.016 49.728
4 49.744 0.016 49.728
2 49.728 0.048 49.68
4 49.728 0.048 49.68
9 50 0.048 49.952
7 50 0.048 49.952
20 50 0.048 49.952
6 50 0.048 49.952
8 50 0.048 49.952
10 50 0.048 49.952
12 50 0.048 49.952
13 50 0.048 49.952
1 50 0.048 49.952
19 50 0.048 49.952
5 50 0.048 49.952
11 50 0.048 49.952
18 50 0.048 49.952
8 49.952 0.048 49.904
10 50 0.048 49.952
2 49.9639 0.048 49.9159
4 49.838 0.048 49.79
10 49.952 0.048 49.904
8 50 0.048 49.952
12 50 0.048 49.952
12 49.952 0.048 49.904
10 49.904 0.096 49.808
10 49.808 0.16 49.648
9 50 0.048 49.952
7 50 0.048 49.952
14 50 0.048 49.952
20 50 0.048 49.952
6 50 0.048 49.952
8 49.952 0.048 49.904
10 49.648 0.048 49.6
12 49.904 0.048 49.856
12 49.856 0.048 49.808
8 49.904 0.096 49.808
8 49.808 0.16 49.648
13 50 0.048 49.952
1 50 0.048 49.952
19 50 0.048 49.952
5 50 0.048 49.952
11 50 0.048 49.952
18 50 0.048 49.952
8 49.648 0.048 49.6
10 49.8956 0.048 49.8476
12 49.808 0.048 49.76
2 50 0.048 49.952
4 50 0.048 49.952
9 50 0.048 49.952
7 50 0.048 49.952
20 50 0.048 49.952
6 50 0.048 49.952
13 50 0.048 49.952
1 50 0.048 49.952
5 50 0.048 49.952
19 50 0.048 49.952
19 49.952 0.048 49.904
5 49.952 0.048 49.904
20 50 0.048 49.952
7 50 0.048 49.952
11 50 0.048 49.952
18 50 0.048 49.952
8 49.9338 0.048 49.8858
10 50 0.048 49.952
12 49.9758 0.048 49.9278
2 50 0.048 49.952
4 50 0.048 49.952
9 50 0.048 49.952
7 49.952 0.048 49.904
14 50 0.048 49.952
20 49.952 0.048 49.904
6 50 0.048 49.952
13 50 0.048 49.952
1 50 0.048 49.952
5 50 0.048 49.952
19 50 0.048 49.952
19 49.952 0.048 49.904
5 49.952 0.048 49.904
20 50 0.048 49.952
7 50 0.048 49.952
11 50 0.048 49.952
18 50 0.048 49.952
8 50 0.048 49.952
12 50 0.048 49.952
2 50 0.048 49.952
4 50 0.048 49.952
14 50 0.048 49.952
14 49.952 0.048 49.904
2 49.952 0.048 49.904
2 49.904 0.16 49.744
14 49.904 0.16 49.744
14 49.744 0.016 49.728
2 49.744 0.016 49.728
14 49.728 0.048 49.68
2 49.728 0.048 49.68
7 49.952 0.048 49.904
9 50 0.048 49.952
7 49.904 0.048 49.856
14 49.68 0.048 49.632
20 49.952 0.048 49.904
6 50 0.048 49.952
13 50 0.048 49.952
1 50 0.048 49.952
5 50 0.048 49.952
19 50 0.048 49.952
19 49.952 0.048 49.904
5 49.952 0.048 49.904
20 50 0.048 49.952
7 50 0.048 49.952
11 50 0.048 49.952
18 50 0.048 49.952
9 50 0.048 49.952
14 50 0.048 49.952
2 49.9569 0.048 49.9089
7 49.952 0.048 49.904
9 49.952 0.048 49.904
9 49.904 0.048 49.856
9 49.856 0.16 49.696
7 49.904 0.048 49.856
14 49.952 0.048 49.904
20 49.952 0.048 49.904
6 50 0.048 49.952
13 50 0.048 49.952
1 50 0.048 49.952
3 50 0.048 49.952
5 50 0.048 49.952
19 50 0.048 49.952
19 49.952 0.048 49.904
5 49.952 0.048 49.904
20 50 0.048 49.952
7 49.987 0.048 49.939
11 50 0.048 49.952
18 50 0.048 49.952
9 49.9411 0.048 49.8931
17 50 0.048 49.952
14 50 0.048 49.952
2 50 0.048 49.952
7 49.939 0.048 49.891
7 49.891 0.048 49.843
14 49.952 0.048 49.904
20 49.952 0.048 49.904
6 50 0.048 49.952
13 50 0.048 49.952
1 50 0.048 49.952
3 50 0.048 49.952
5 50 0.048 49.952
19 50 0.048 49.952
19 49.952 0.048 49.904
5 49.952 0.048 49.904
20 50 0.048 49.952
7 50 0.048 49.952
11 50 0.048 49.952
18 50 0.048 49.952
12 50 0.048 49.952
8 50 0.048 49.952
10 50 0.048 49.952
10 49.952 0.048 49.904
12 49.952 0.048 49.904
12 49.904 0.16 49.744
8 49.952 0.16 49.792
10 49.904 0.16 49.744
10 49.744 0.016 49.728
12 49.744 0.016 49.728
10 49.728 0.048 49.68
8 49.792 0.048 49.744
12 49.728 0.048 49.68
17 50 0.048 49.952
14 50 0.048 49.952
7 49.952 0.048 49.904
7 49.904 0.048 49.856
14 49.952 0.048 49.904
20 49.952 0.048 49.904
16 50 0.048 49.952
6 50 0.048 49.952
13 50 0.048 49.952
1 50 0.048 49.952
3 50 0.048 49.952
5 50 0.048 49.952
19 50 0.048 49.952
19 49.952 0.048 49.904
5 49.952 0.048 49.904
20 50 0.048 49.952
7 50 0.048 49.952
11 50 0.048 49.952
18 50 0.048 49.952
10 49.8437 0.048 49.7957
8 49.9529 0.048 49.9049
12 49.9851 0.048 49.9371
17 50 0.048 49.952
14 50 0.048 49.952
7 49.952 0.048 49.904
7 49.904 0.048 49.856
14 49.952 0.048 49.904
20 49.952 0.048 49.904
16 50 0.048 49.952
6 50 0.048 49.952
13 50 0.048 49.952
1 50 0.048 49.952
2 50 0.048 49.952
4 50 0.048 49.952
3 50 0.048 49.952
5 50 0.048 49.952
19 50 0.048 49.952
19 49.952 0.048 49.904
5 49.952 0.048 49.904
20 50 0.048 49.952
7 50 0.048 49.952
11 50 0.048 49.952
18 50 0.048 49.952
1 49.952 0.048 49.904
10 50 0.048 49.952
8 50 0.048 49.952
12 50 0.048 49.952
17 50 0.048 49.952
14 50 0.048 49.952
7 49.952 0.048 49.904
7 49.904 0.048 49.856
14 49.952 0.048 49.904
20 49.952 0.048 49.904
16 50 0.048 49.952
6 50 0.048 49.952
13 50 0.048 49.952
1 50 0.048 49.952
1 49.952 0.048 49.904
1 49.904 0.16 49.744
2 50 0.048 49.952
4 50 0.048 49.952
3 50 0.048 49.952
5 50 0.048 49.952
19 50 0.048 49.952
19 49.952 0.048 49.904
5 49.952 0.048 49.904
20 50 0.048 49.952
7 50 0.048 49.952
11 50 0.048 49.952
18 50 0.048 49.952
1 49.744 0.048 49.696
10 50 0.048 49.952
8 50 0.048 49.952
12 50 0.048 49.952
17 50 0.048 49.952
14 50 0.048 49.952
7 49.952 0.048 49.904
7 49.904 0.048 49.856
14 49.952 0.048 49.904
20 49.952 0.048 49.904
16 50 0.048 49.952
6 50 0.048 49.952
13 50 0.048 49.952
2 50 0.048 49.952
4 50 0.048 49.952
3 50 0.048 49.952
5 50 0.048 49.952
19 50 0.048 49.952
19 49.952 0.048 49.904
5 49.952 0.048 49.904
20 50 0.048 49.952
7 50 0.048 49.952
11 50 0.048 49.952
18 50 0.048 49.952
1 49.8796 0.048 49.8316
10 50 0.048 49.952
8 50 0.048 49.952
12 50 0.048 49.952
17 50 0.048 49.952
14 50 0.048 49.952
7 49.952 0.048 49.904
7 49.904 0.048 49.856
14 49.952 0.048 49.904
20 49.952 0.048 49.904
16 50 0.048 49.952
6 50 0.048 49.952
13 50 0.048 49.952
2 50 0.048 49.952
4 50 0.048 49.952
3 50 0.048 49.952
5 50 0.048 49.952
19 50 0.048 49.952
19 49.952 0.048 49.904
5 49.952 0.048 49.904
20 50 0.048 49.952
7 49.9926 0.048 49.9446
11 50 0.048 49.952
18 50 0.048 49.952
13 50 0.048 49.952
10 50 0.048 49.952
8 50 0.048 49.952
12 50 0.048 49.952
17 50 0.048 49.952
14 50 0.048 49.952
7 49.9446 0.048 49.8966
7 49.8966 0.048 49.8486
14 49.952 0.048 49.904
20 49.952 0.048 49.904
16 50 0.048 49.952
6 50 0.048 49.952
13 49.952 0.048 49.904
13 49.904 0.048 49.856
13 49.856 0.16 49.696
2 50 0.048 49.952
4 50 0.048 49.952
3 50 0.048 49.952
5 50 0.048 49.952
19 50 0.048 49.952
19 49.952 0.048 49.904
5 49.952 0.048 49.904
20 50 0.048 49.952
7 49.9842 0.048 49.9362
11 50 0.048 49.952
18 50 0.048 49.952
13 50 0.048 49.952
10 50 0.048 49.952
8 50 0.048 49.952
12 50 0.048 49.952
17 50 0.048 49.952
14 50 0.048 49.952
7 49.9362 0.048 49.8882
7 49.8882 0.048 49.8402
14 49.952 0.048 49.904
20 49.952 0.048 49.904
16 50 0.048 49.952
6 50 0.048 49.952
2 50 0.048 49.952
4 50 0.048 49.952
3 50 0.048 49.952
5 50 0.048 49.952
19 50 0.048 49.952
19 49.952 0.048 49.904
5 49.952 0.048 49.904
20 50 0.048 49.952
7 50 0.048 49.952
11 50 0.048 49.952
18 50 0.048 49.952
13 50 0.048 49.952
10 50 0.048 49.952
8 50 0.048 49.952
12 50 0.048 49.952
17 50 0.048 49.952
14 50 0.048 49.952
7 49.952 0.048 49.904
20 49.952 0.048 49.904
16 50 0.048 49.952
6 50 0.048 49.952
2 50 0.048 49.952
4 50 0.048 49.952
3 50 0.048 49.952
5 50 0.048 49.952
19 50 0.048 49.952
19 49.952 0.048 49.904
5 49.952 0.048 49.904
20 50 0.048 49.952
7 50 0.048 49.952
11 50 0.048 49.952
18 50 0.048 49.952
10 50 0.048 49.952
8 50 0.048 49.952
12 50 0.048 49.952
17 50 0.048 49.952
14 50 0.048 49.952
7 49.952 0.048 49.904
14 49.952 0.048 49.904
20 49.952 0.048 49.904
16 50 0.048 49.952
6 50 0.048 49.952
2 50 0.048 49.952
4 50 0.048 49.952
3 50 0.048 49.952
5 50 0.048 49.952
19 50 0.048 49.952
19 49.952 0.048 49.904
5 49.952 0.048 49.904
20 50 0.048 49.952
7 50 0.048 49.952
11 50 0.048 49.952
18 50 0.048 49.952
10 50 0.048 49.952
8 50 0.048 49.952
12 50 0.048 49.952
17 50 0.048 49.952
14 50 0.048 49.952
7 49.952 0.048 49.904
7 49.904 0.048 49.856
14 49.952 0.048 49.904
20 49.952 0.048 49.904
16 50 0.048 49.952
6 50 0.048 49.952
2 50 0.048 49.952
4 50 0.048 49.952
3 50 0.048 49.952
5 50 0.048 49.952
19 50 0.048 49.952
19 49.952 0.048 49.904
5 49.952 0.048 49.904
20 50 0.048 49.952
7 50 0.048 49.952
11 50 0.048 49.952
18 50 0.048 49.952
17 50 0.048 49.952
10 50 0.048 49.952
8 50 0.048 49.952
12 50 0.048 49.952
17 49.952 0.048 49.904
14 50 0.048 49.952
7 49.952 0.048 49.904
7 49.904 0.048 49.856
14 49.952 0.048 49.904
20 49.952 0.048 49.904
16 50 0.048 49.952
6 50 0.048 49.952
2 50 0.048 49.952
4 50 0.048 49.952
3 50 0.048 49.952
5 50 0.048 49.952
19 50 0.048 49.952
19 49.952 0.048 49.904
5 49.952 0.048 49.904
20 50 0.048 49.952
7 49.96 0.048 49.912
11 50 0.048 49.952
18 50 0.048 49.952
17 50 0.048 49.952
10 50 0.048 49.952
8 50 0.048 49.952
12 50 0.048 49.952
17 49.952 0.048 49.904
17 49.904 0.048 49.856
17 49.856 0.16 49.696
14 50 0.048 49.952
2 49.952 0.048 49.904
7 49.912 0.048 49.864
18 49.952 0.048 49.904
11 49.952 0.048 49.904
7 49.864 0.048 49.816
14 49.952 0.048 49.904
20 49.952 0.048 49.904
16 50 0.048 49.952
6 50 0.048 49.952
2 50 0.048 49.952
4 50 0.048 49.952
14 49.904 0.048 49.856
3 50 0.048 49.952
5 50 0.048 49.952
19 50 0.048 49.952
19 49.952 0.048 49.904
5 49.952 0.048 49.904
20 50 0.048 49.952
7 50 0.048 49.952
11 50 0.048 49.952
18 50 0.048 49.952
17 49.8845 0.048 49.8365
10 50 0.048 49.952
8 50 0.048 49.952
12 50 0.048 49.952
14 50 0.048 49.952
2 49.952 0.048 49.904
7 49.952 0.048 49.904
18 49.952 0.048 49.904
11 49.952 0.048 49.904
7 49.904 0.048 49.856
14 49.952 0.048 49.904
20 49.952 0.048 49.904
16 50 0.048 49.952
6 50 0.048 49.952
2 50 0.048 49.952
4 50 0.048 49.952
14 49.904 0.048 49.856
3 50 0.048 49.952
5 50 0.048 49.952
19 50 0.048 49.952
19 49.952 0.048 49.904
5 49.952 0.048 49.904
20 50 0.048 49.952
7 50 0.048 49.952
11 50 0.048 49.952
18 50 0.048 49.952
10 50 0.048 49.952
8 50 0.048 49.952
12 50 0.048 49.952
14 50 0.048 49.952
2 49.952 0.048 49.904
7 49.952 0.048 49.904
18 49.952 0.048 49.904
11 49.952 0.048 49.904
7 49.904 0.048 49.856
14 49.952 0.048 49.904
20 49.952 0.048 49.904
16 50 0.048 49.952
6 50 0.048 49.952
2 50 0.048 49.952
4 50 0.048 49.952
14 49.904 0.048 49.856
3 50 0.048 49.952
5 50 0.048 49.952
19 50 0.048 49.952
19 49.952 0.048 49.904
5 49.952 0.048 49.904
20 50 0.048 49.952
7 50 0.048 49.952
11 50 0.048 49.952
18 50 0.048 49.952
10 50 0.048 49.952
8 50 0.048 49.952
12 50 0.048 49.952
14 50 0.048 49.952
2 49.952 0.048 49.904
7 49.952 0.048 49.904
18 49.952 0.048 49.904
11 49.952 0.048 49.904
7 49.904 0.048 49.856
14 49.952 0.048 49.904
20 49.952 0.048 49.904
16 50 0.048 49.952
15 50 0.048 49.952
6 50 0.048 49.952
2 50 0.048 49.952
4 50 0.048 49.952
14 49.904 0.048 49.856
3 50 0.048 49.952
5 50 0.048 49.952
19 50 0.048 49.952
19 49.952 0.048 49.904
5 49.952 0.048 49.904
20 50 0.048 49.952
7 50 0.048 49.952
11 50 0.048 49.952
18 50 0.048 49.952
6 49.952 0.048 49.904
10 50 0.048 49.952
8 50 0.048 49.952
12 50 0.048 49.952
14 49.9709 0.048 49.9229
2 49.952 0.048 49.904
7 49.952 0.048 49.904
18 49.952 0.048 49.904
11 49.952 0.048 49.904
7 49.904 0.048 49.856
14 49.9229 0.048 49.8749
20 49.952 0.048 49.904
16 50 0.048 49.952
15 50 0.048 49.952
6 50 0.048 49.952
6 49.952 0.048 49.904
6 49.904 0.16 49.744
2 50 0.048 49.952
4 50 0.048 49.952
14 49.8749 0.048 49.8269
3 50 0.048 49.952
5 50 0.048 49.952
19 50 0.048 49.952
19 49.952 0.048 49.904
5 49.952 0.048 49.904
20 50 0.048 49.952
7 50 0.048 49.952
11 50 0.048 49.952
18 50 0.048 49.952
6 49.744 0.048 49.696
10 50 0.048 49.952
8 50 0.048 49.952
12 50 0.048 49.952
14 50 0.048 49.952
2 49.952 0.048 49.904
7 49.952 0.048 49.904
18 49.952 0.048 49.904
11 49.952 0.048 49.904
7 49.904 0.048 49.856
14 49.952 0.048 49.904
20 49.952 0.048 49.904
16 50 0.048 49.952
15 50 0.048 49.952
2 50 0.048 49.952
4 50 0.048 49.952
3 50 0.048 49.952
5 50 0.048 49.952
19 50 0.048 49.952
19 49.952 0.048 49.904
5 49.952 0.048 49.904
20 50 0.048 49.952
7 50 0.048 49.952
11 50 0.048 49.952
18 50 0.048 49.952
6 50 0.048 49.952
10 50 0.048 49.952
8 50 0.048 49.952
12 50 0.048 49.952
14 50 0.048 49.952
2 49.952 0.048 49.904
7 49.952 0.048 49.904
18 49.952 0.048 49.904
11 49.952 0.048 49.904
7 49.904 0.048 49.856
14 49.952 0.048 49.904
20 49.952 0.048 49.904
16 50 0.048 49.952
15 50 0.048 49.952
2 50 0.048 49.952
4 50 0.048 49.952
14 49.904 0.048 49.856
3 50 0.048 49.952
5 50 0.048 49.952
19 50 0.048 49.952
19 49.952 0.048 49.904
5 49.952 0.048 49.904
19 49.904 0.048 49.856
19 49.856 0.16 49.696
20 50 0.048 49.952
7 50 0.048 49.952
11 50 0.048 49.952
18 50 0.048 49.952
19 49.696 0.048 49.648
10 50 0.048 49.952
8 50 0.048 49.952
12 50 0.048 49.952
14 50 0.048 49.952
2 49.952 0.048 49.904
7 49.952 0.048 49.904
18 49.952 0.048 49.904
11 49.952 0.048 49.904
7 49.904 0.048 49.856
14 49.952 0.048 49.904
20 49.952 0.048 49.904
16 50 0.048 49.952
15 50 0.048 49.952
2 50 0.048 49.952
4 50 0.048 49.952
14 49.904 0.048 49.856
3 50 0.048 49.952
5 50 0.048 49.952
19 49.9104 0.048 49.8624
5 49.952 0.048 49.904
5 49.904 0.16 49.744
20 50 0.048 49.952
7 50 0.048 49.952
11 50 0.048 49.952
18 50 0.048 49.952
5 49.744 0.048 49.696
19 49.8624 0.048 49.8144
10 50 0.048 49.952
8 50 0.048 49.952
12 50 0.048 49.952
14 50 0.048 49.952
2 49.952 0.048 49.904
7 49.952 0.048 49.904
18 49.952 0.048 49.904
11 49.952 0.048 49.904
7 49.904 0.048 49.856
14 49.952 0.048 49.904
20 49.952 0.048 49.904
16 50 0.048 49.952
15 50 0.048 49.952
2 50 0.048 49.952
4 50 0.048 49.952
3 50 0.048 49.952
20 50 0.048 49.952
7 50 0.048 49.952
11 50 0.048 49.952
18 50 0.048 49.952
5 49.8597 0.048 49.8117
19 50 0.048 49.952
10 50 0.048 49.952
8 50 0.048 49.952
12 50 0.048 49.952
14 50 0.048 49.952
2 49.952 0.048 49.904
7 49.952 0.048 49.904
18 49.952 0.048 49.904
11 49.952 0.048 49.904
7 49.904 0.048 49.856
14 49.952 0.048 49.904
20 49.952 0.048 49.904
16 50 0.048 49.952
15 50 0.048 49.952
2 50 0.048 49.952
4 50 0.048 49.952
14 49.904 0.048 49.856
3 50 0.048 49.952
20 50 0.048 49.952
7 50 0.048 49.952
11 50 0.048 49.952
18 50 0.048 49.952
10 50 0.048 49.952
8 50 0.048 49.952
12 50 0.048 49.952
14 50 0.048 49.952
2 49.952 0.048 49.904
7 49.952 0.048 49.904
18 49.952 0.048 49.904
11 49.952 0.048 49.904
7 49.904 0.048 49.856
14 49.952 0.048 49.904
20 49.952 0.048 49.904
16 50 0.048 49.952
15 50 0.048 49.952
2 50 0.048 49.952
4 50 0.048 49.952
14 49.904 0.048 49.856
3 50 0.048 49.952
20 50 0.048 49.952
7 50 0.048 49.952
11 50 0.048 49.952
18 50 0.048 49.952
11 49.952 0.048 49.904
11 49.904 0.16 49.744
11 49.744 0.048 49.696
18 49.952 0.048 49.904
10 50 0.048 49.952
8 50 0.048 49.952
12 50 0.048 49.952
14 50 0.048 49.952
7 49.952 0.048 49.904
18 49.904 0.048 49.856
11 49.696 0.048 49.648
7 49.904 0.048 49.856
14 49.952 0.048 49.904
20 49.952 0.048 49.904
16 50 0.048 49.952
15 50 0.048 49.952
2 50 0.048 49.952
4 50 0.048 49.952
3 50 0.048 49.952
20 50 0.048 49.952
7 50 0.048 49.952
8 50 0.048 49.952
10 50 0.048 49.952
12 50 0.048 49.952
11 49.8146 0.048 49.7666
18 50 0.048 49.952
10 49.952 0.048 49.904
8 49.952 0.048 49.904
12 49.952 0.048 49.904
14 50 0.048 49.952
7 49.952 0.048 49.904
18 49.952 0.048 49.904
18 49.904 0.048 49.856
18 49.856 0.16 49.696
7 49.904 0.048 49.856
14 49.952 0.048 49.904
20 49.952 0.048 49.904
16 50 0.048 49.952
15 50 0.048 49.952
4 50 0.048 49.952
2 50 0.048 49.952
2 49.952 0.048 49.904
4 49.952 0.048 49.904
3 50 0.048 49.952
20 50 0.048 49.952
7 50 0.048 49.952
8 50 0.048 49.952
10 50 0.048 49.952
12 50 0.048 49.952
18 49.8459 0.048 49.7979
10 49.952 0.048 49.904
8 49.952 0.048 49.904
12 49.952 0.048 49.904
14 50 0.048 49.952
7 49.952 0.048 49.904
7 49.904 0.048 49.856
14 49.952 0.048 49.904
20 49.952 0.048 49.904
16 50 0.048 49.952
15 50 0.048 49.952
4 50 0.048 49.952
2 50 0.048 49.952
2 49.952 0.048 49.904
4 49.952 0.048 49.904
3 50 0.048 49.952
20 50 0.048 49.952
7 50 0.048 49.952
8 50 0.048 49.952
10 50 0.048 49.952
12 50 0.048 49.952
3 49.952 0.048 49.904
18 50 0.048 49.952
10 49.952 0.048 49.904
8 49.952 0.048 49.904
12 49.952 0.048 49.904
14 50 0.048 49.952
7 49.952 0.048 49.904
7 49.904 0.048 49.856
14 49.952 0.048 49.904
20 49.952 0.048 49.904
16 50 0.048 49.952
15 50 0.048 49.952
4 50 0.048 49.952
2 50 0.048 49.952
2 49.952 0.048 49.904
4 49.952 0.048 49.904
3 50 0.048 49.952
3 49.952 0.048 49.904
3 49.904 0.16 49.744
20 50 0.048 49.952
7 50 0.048 49.952
8 50 0.048 49.952
10 50 0.048 49.952
12 50 0.048 49.952
3 49.744 0.048 49.696
10 49.952 0.048 49.904
8 49.952 0.048 49.904
12 49.952 0.048 49.904
14 50 0.048 49.952
7 49.952 0.048 49.904
7 49.904 0.048 49.856
14 49.952 0.048 49.904
20 49.952 0.048 49.904
16 50 0.048 49.952
15 50 0.048 49.952
4 50 0.048 49.952
2 50 0.048 49.952
2 49.952 0.048 49.904
4 49.952 0.048 49.904
20 50 0.048 49.952
7 50 0.048 49.952
8 50 0.048 49.952
10 50 0.048 49.952
12 50 0.048 49.952
3 49.9005 0.048 49.8525
10 49.952 0.048 49.904
8 49.952 0.048 49.904
12 49.952 0.048 49.904
14 50 0.048 49.952
7 49.952 0.048 49.904
7 49.904 0.048 49.856
14 49.952 0.048 49.904
20 49.952 0.048 49.904
16 50 0.048 49.952
15 50 0.048 49.952
4 50 0.048 49.952
2 50 0.048 49.952
2 49.952 0.048 49.904
4 49.952 0.048 49.904
20 50 0.048 49.952
7 50 0.048 49.952
8 50 0.048 49.952
10 50 0.048 49.952
12 50 0.048 49.952
20 49.952 0.048 49.904
10 49.952 0.048 49.904
8 49.952 0.048 49.904
12 49.952 0.048 49.904
14 50 0.048 49.952
2 49.904 0.048 49.856
7 49.952 0.048 49.904
7 49.904 0.048 49.856
14 49.952 0.048 49.904
20 49.904 0.048 49.856
16 50 0.048 49.952
15 50 0.048 49.952
4 50 0.048 49.952
2 50 0.048 49.952
2 49.952 0.048 49.904
4 49.952 0.048 49.904
14 49.904 0.048 49.856
12 50 0.048 49.952
8 50 0.048 49.952
10 49.904 0.048 49.856
20 50 0.048 49.952
7 50 0.048 49.952
20 49.952 0.048 49.904
20 49.904 0.16 49.744
8 49.952 0.048 49.904
10 50 0.048 49.952
12 49.952 0.048 49.904
7 49.952 0.048 49.904
20 49.744 0.048 49.696
10 49.952 0.048 49.904
8 49.904 0.048 49.856
12 49.904 0.048 49.856
14 50 0.048 49.952
7 49.904 0.048 49.856
7 49.856 0.048 49.808
14 49.952 0.048 49.904
20 49.696 0.048 49.648
7 49.808 0.048 49.76
7 49.76 0.16 49.6
16 50 0.048 49.952
15 50 0.048 49.952
4 50 0.048 49.952
2 50 0.048 49.952
2 49.952 0.048 49.904
4 49.952 0.048 49.904
14 49.904 0.048 49.856
12 50 0.048 49.952
8 50 0.048 49.952
10 49.904 0.048 49.856
8 49.952 0.048 49.904
10 50 0.048 49.952
12 49.952 0.048 49.904
2 49.904 0.048 49.856
7 49.8117 0.048 49.7637
14 49.9895 0.048 49.9415
20 49.7564 0.048 49.7084
10 49.952 0.048 49.904
8 49.904 0.048 49.856
12 49.904 0.048 49.856
14 49.9415 0.048 49.8935
2 49.856 0.048 49.808
7 49.7637 0.048 49.7157
14 49.8935 0.048 49.8455
14 49.8455 0.16 49.6855
16 50 0.048 49.952
15 50 0.048 49.952
4 50 0.048 49.952
2 49.9907 0.048 49.9427
2 49.9427 0.048 49.8947
4 49.952 0.048 49.904
14 49.6855 0.048 49.6375
2 49.8947 0.048 49.8467
2 49.8467 0.16 49.6867
12 50 0.048 49.952
8 50 0.048 49.952
10 49.904 0.048 49.856
8 49.952 0.048 49.904
10 50 0.048 49.952
12 49.952 0.048 49.904
2 49.6867 0.048 49.6387
4 50 0.048 49.952
7 50 0.048 49.952
14 49.9224 0.048 49.8744
10 49.952 0.048 49.904
8 49.904 0.048 49.856
12 49.904 0.048 49.856
16 50 0.048 49.952
15 50 0.048 49.952
4 49.952 0.048 49.904
2 49.8398 0.048 49.7918
4 49.904 0.048 49.856
4 49.856 0.16 49.696
12 49.9792 0.048 49.9312
8 50 0.048 49.952
10 49.904 0.048 49.856
8 49.952 0.048 49.904
10 50 0.048 49.952
12 49.9312 0.048 49.8832
2 49.7918 0.048 49.7438
4 50 0.048 49.952
10 49.952 0.048 49.904
8 49.904 0.048 49.856
12 49.8832 0.048 49.8352
16 50 0.048 49.952
15 50 0.048 49.952
12 50 0.048 49.952
8 50 0.048 49.952
10 49.904 0.048 49.856
8 49.952 0.048 49.904
10 50 0.048 49.952
12 49.952 0.048 49.904
4 50 0.048 49.952
15 50 0.048 49.952
10 49.952 0.048 49.904
8 49.904 0.048 49.856
12 49.904 0.048 49.856
16 50 0.048 49.952
15 49.952 0.048 49.904
15 49.904 0.048 49.856
15 49.856 0.16 49.696
12 50 0.048 49.952
8 50 0.048 49.952
10 49.904 0.048 49.856
8 49.952 0.048 49.904
10 50 0.048 49.952
12 49.952 0.048 49.904
15 49.9819 0.048 49.9339
10 49.952 0.048 49.904
8 49.904 0.048 49.856
12 49.904 0.048 49.856
16 50 0.048 49.952
12 50 0.048 49.952
8 50 0.048 49.952
10 49.904 0.048 49.856
8 49.952 0.048 49.904
10 50 0.048 49.952
12 49.952 0.048 49.904
15 50 0.048 49.952
10 49.952 0.048 49.904
8 49.904 0.048 49.856
12 49.904 0.048 49.856
16 50 0.048 49.952
12 49.9716 0.048 49.9236
8 50 0.048 49.952
10 49.904 0.048 49.856
8 49.952 0.048 49.904
10 49.964 0.048 49.916
12 49.9236 0.048 49.8756
10 49.916 0.048 49.868
8 49.904 0.048 49.856
12 49.8756 0.048 49.8276
16 50 0.048 49.952
12 50 0.048 49.952
8 49.9975 0.048 49.9495
10 49.868 0.048 49.82
8 49.9495 0.048 49.9015
10 50 0.048 49.952
12 49.952 0.048 49.904
10 49.952 0.048 49.904
8 49.9015 0.048 49.8535
12 49.904 0.048 49.856
16 50 0.048 49.952
12 50 0.048 49.952
8 50 0.048 49.952
10 49.904 0.048 49.856
13 50 0.048 49.952
8 49.952 0.048 49.904
10 50 0.048 49.952
12 49.952 0.048 49.904
10 49.952 0.048 49.904
8 49.904 0.048 49.856
12 49.904 0.048 49.856
16 50 0.048 49.952
12 50 0.048 49.952
8 50 0.048 49.952
10 49.904 0.048 49.856
13 50 0.048 49.952
8 49.952 0.048 49.904
10 50 0.048 49.952
12 49.952 0.048 49.904
10 49.952 0.048 49.904
8 49.904 0.048 49.856
12 49.904 0.048 49.856
16 50 0.048 49.952
12 50 0.048 49.952
8 50 0.048 49.952
10 49.904 0.048 49.856
13 50 0.048 49.952
8 49.952 0.048 49.904
10 50 0.048 49.952
12 49.952 0.048 49.904
10 49.952 0.048 49.904
8 49.904 0.048 49.856
12 49.904 0.048 49.856
16 50 0.048 49.952
12 50 0.048 49.952
8 50 0.048 49.952
10 49.904 0.048 49.856
13 50 0.048 49.952
8 49.952 0.048 49.904
10 50 0.048 49.952
12 49.952 0.048 49.904
16 49.952 0.048 49.904
10 49.952 0.048 49.904
8 49.904 0.048 49.856
12 49.904 0.048 49.856
16 50 0.048 49.952
16 49.952 0.048 49.904
16 49.904 0.16 49.744
12 50 0.048 49.952
8 50 0.048 49.952
10 49.904 0.048 49.856
13 50 0.048 49.952
8 49.952 0.048 49.904
10 50 0.048 49.952
12 49.952 0.048 49.904
16 49.744 0.048 49.696
10 49.952 0.048 49.904
8 49.904 0.048 49.856
12 49.904 0.048 49.856
12 50 0.048 49.952
8 50 0.048 49.952
10 49.904 0.048 49.856
13 50 0.048 49.952
8 49.952 0.048 49.904
10 50 0.048 49.952
12 49.952 0.048 49.904
16 49.9474 0.048 49.8994
10 49.952 0.048 49.904
8 49.904 0.048 49.856
12 49.904 0.048 49.856
12 49.9802 0.048 49.9322
8 50 0.048 49.952
10 49.904 0.048 49.856
13 50 0.048 49.952
8 49.952 0.048 49.904
10 50 0.048 49.952
12 49.9322 0.048 49.8842
10 49.952 0.048 49.904
8 49.904 0.048 49.856
12 49.8842 0.048 49.8362
19 50 0.048 49.952
5 50 0.048 49.952
1 50 0.048 49.952
12 50 0.048 49.952
8 50 0.048 49.952
10 49.904 0.048 49.856
13 50 0.048 49.952
8 49.952 0.048 49.904
10 50 0.048 49.952
12 49.952 0.048 49.904
10 49.952 0.048 49.904
8 49.904 0.048 49.856
12 49.904 0.048 49.856
19 50 0.048 49.952
5 50 0.048 49.952
1 50 0.048 49.952
12 50 0.048 49.952
8 50 0.048 49.952
10 49.904 0.048 49.856
13 50 0.048 49.952
8 49.952 0.048 49.904
10 50 0.048 49.952
12 49.952 0.048 49.904
10 49.952 0.048 49.904
8 49.904 0.048 49.856
12 49.904 0.048 49.856
19 50 0.048 49.952
5 50 0.048 49.952
18 50 0.048 49.952
11 50 0.048 49.952
11 49.952 0.048 49.904
18 49.952 0.048 49.904
18 49.904 0.16 49.744
11 49.904 0.16 49.744
11 49.744 0.016 49.728
18 49.744 0.016 49.728
11 49.728 0.048 49.68
18 49.728 0.048 49.68
1 50 0.048 49.952
12 50 0.048 49.952
8 50 0.048 49.952
10 49.904 0.048 49.856
13 50 0.048 49.952
8 49.952 0.048 49.904
10 50 0.048 49.952
12 49.952 0.048 49.904
8 49.904 0.048 49.856
8 49.856 0.16 49.696
8 49.696 0.048 49.648
10 49.952 0.048 49.904
10 49.904 0.048 49.856
8 49.648 0.048 49.6
12 49.904 0.048 49.856
19 50 0.048 49.952
5 50 0.048 49.952
11 49.9357 0.048 49.8877
18 49.9638 0.048 49.9158
1 50 0.048 49.952
12 50 0.048 49.952
8 49.8321 0.048 49.7841
10 49.856 0.048 49.808
12 49.952 0.048 49.904
12 49.904 0.16 49.744
9 50 0.048 49.952
13 50 0.048 49.952
8 49.7841 0.048 49.7361
10 50 0.048 49.952
12 49.744 0.048 49.696
10 49.952 0.048 49.904
8 49.7361 0.048 49.6881
12 49.696 0.048 49.648
10 49.904 0.048 49.856
10 49.856 0.16 49.696
19 50 0.048 49.952
5 50 0.048 49.952
11 50 0.048 49.952
18 50 0.048 49.952
1 50 0.048 49.952
9 50 0.048 49.952
13 50 0.048 49.952
8 50 0.048 49.952
10 49.8438 0.048 49.7958
12 49.9865 0.048 49.9385
19 50 0.048 49.952
5 50 0.048 49.952
11 50 0.048 49.952
18 50 0.048 49.952
1 50 0.048 49.952
9 50 0.048 49.952
13 50 0.048 49.952
9 49.952 0.048 49.904
12 50 0.048 49.952
19 50 0.048 49.952
5 50 0.048 49.952
11 50 0.048 49.952
18 50 0.048 49.952
1 50 0.048 49.952
9 50 0.048 49.952
9 49.952 0.048 49.904
9 49.904 0.16 49.744
13 50 0.048 49.952
9 49.744 0.048 49.696
19 50 0.048 49.952
5 50 0.048 49.952
11 50 0.048 49.952
18 50 0.048 49.952
1 50 0.048 49.952
13 50 0.048 49.952
9 49.9157 0.048 49.8677
19 50 0.048 49.952
5 50 0.048 49.952
11 50 0.048 49.952
18 50 0.048 49.952
1 50 0.048 49.952
13 50 0.048 49.952
19 50 0.048 49.952
5 50 0.048 49.952
11 50 0.048 49.952
18 50 0.048 49.952
1 50 0.048 49.952
13 50 0.048 49.952
6 50 0.048 49.952
19 50 0.048 49.952
5 50 0.048 49.952
11 50 0.048 49.952
18 50 0.048 49.952
1 50 0.048 49.952
13 50 0.048 49.952
1 49.952 0.048 49.904
6 50 0.048 49.952
19 50 0.048 49.952
5 50 0.048 49.952
11 50 0.048 49.952
18 50 0.048 49.952
1 50 0.048 49.952
1 49.952 0.048 49.904
1 49.904 0.16 49.744
17 50 0.048 49.952
13 50 0.048 49.952
1 49.744 0.048 49.696
6 50 0.048 49.952
19 50 0.048 49.952
5 50 0.048 49.952
11 50 0.048 49.952
18 50 0.048 49.952
17 50 0.048 49.952
13 50 0.048 49.952
6 50 0.048 49.952
19 50 0.048 49.952
5 50 0.048 49.952
11 50 0.048 49.952
18 50 0.048 49.952
17 50 0.048 49.952
13 50 0.048 49.952
13 49.952 0.048 49.904
13 49.904 0.16 49.744
13 49.9331 0.048 49.8851
6 50 0.048 49.952
19 50 0.048 49.952
5 50 0.048 49.952
11 50 0.048 49.952
18 50 0.048 49.952
17 50 0.048 49.952
13 50 0.048 49.952
6 50 0.048 49.952
19 50 0.048 49.952
5 50 0.048 49.952
11 50 0.048 49.952
18 50 0.048 49.952
17 50 0.048 49.952
6 50 0.048 49.952
19 50 0.048 49.952
5 50 0.048 49.952
11 50 0.048 49.952
18 50 0.048 49.952
17 50 0.048 49.952
6 50 0.048 49.952
19 50 0.048 49.952
5 50 0.048 49.952
11 50 0.048 49.952
18 50 0.048 49.952
17 50 0.048 49.952
6 50 0.048 49.952
19 50 0.048 49.952
5 50 0.048 49.952
11 50 0.048 49.952
18 50 0.048 49.952
17 50 0.048 49.952
17 50 0.048 49.952
6 50 0.048 49.952
19 50 0.048 49.952
5 50 0.048 49.952
11 50 0.048 49.952
18 50 0.048 49.952
17 49.952 0.048 49.904
17 49.904 0.048 49.856
17 49.856 0.16 49.696
17 49.8936 0.048 49.8456
6 50 0.048 49.952
19 50 0.048 49.952
5 50 0.048 49.952
11 50 0.048 49.952
18 50 0.048 49.952
17 50 0.048 49.952
6 50 0.048 49.952
19 50 0.048 49.952
5 50 0.048 49.952
11 50 0.048 49.952
18 50 0.048 49.952
6 50 0.048 49.952
19 50 0.048 49.952
5 50 0.048 49.952
11 50 0.048 49.952
18 50 0.048 49.952
6 50 0.048 49.952
6 49.952 0.048 49.904
19 50 0.048 49.952
5 50 0.048 49.952
11 50 0.048 49.952
18 50 0.048 49.952
6 50 0.048 49.952
6 49.952 0.048 49.904
6 49.904 0.048 49.856
6 49.856 0.16 49.696
19 50 0.048 49.952
11 50 0.048 49.952
18 50 0.048 49.952
6 49.8278 0.048 49.7798
19 50 0.048 49.952
5 50 0.048 49.952
11 50 0.048 49.952
18 50 0.048 49.952
19 50 0.048 49.952
19 49.952 0.048 49.904
5 50 0.048 49.952
5 49.952 0.048 49.904
19 49.904 0.096 49.808
19 49.808 0.16 49.648
11 50 0.048 49.952
18 50 0.048 49.952
5 50 0.048 49.952
19 50 0.048 49.952
11 50 0.048 49.952
18 50 0.048 49.952
5 50 0.048 49.952
19 50 0.048 49.952
11 50 0.048 49.952
18 50 0.048 49.952
5 50 0.048 49.952
11 50 0.048 49.952
18 50 0.048 49.952
11 50 0.048 49.952
11 49.952 0.048 49.904
18 50 0.048 49.952
11 49.904 0.048 49.856
11 49.856 0.16 49.696
11 49.9444 0.048 49.8964
18 50 0.048 49.952
11 50 0.048 49.952
18 50 0.048 49.952
18 50 0.048 49.952
3 50 0.048 49.952
3 50 0.048 49.952
3 50 0.048 49.952
7 50 0.048 49.952
20 50 0.048 49.952
7 50 0.048 49.952
14 50 0.048 49.952
20 50 0.048 49.952
2 50 0.048 49.952
4 50 0.048 49.952
7 50 0.048 49.952
14 50 0.048 49.952
20 50 0.048 49.952
2 50 0.048 49.952
4 50 0.048 49.952
14 50 0.048 49.952
2 50 0.048 49.952
4 50 0.048 49.952
15 50 0.048 49.952
15 50 0.048 49.952
15 50 0.048 49.952
16 50 0.048 49.952
16 50 0.048 49.952
16 50 0.048 49.952
10 50 0.048 49.952
8 50 0.048 49.952
10 50 0.048 49.952
12 50 0.048 49.952
8 50 0.048 49.952
10 50 0.048 49.952
12 50 0.048 49.952
9 50 0.048 49.952
12 50 0.048 49.952
9 50 0.048 49.952
9 50 0.048 49.952
9 50 0.048 49.952
