13 850 2.00031
44 851 2.00828
43 852 2.00951
63 853 2.03148
39 854 2.03552
7 855 2.04235
74 856 2.05611
26 857 2.11054
4 858 2.12349
23 859 2.13094
65 860 2.14611
2 861 2.16602
46 862 2.16653
56 863 2.19937
71 864 2.22651
18 865 2.29056
42 866 2.43039
20 867 2.43986
21 868 2.44011
53 869 2.63092
70 870 2.73845
9 871 2.82605
15 872 2.82785
80 873 2.85775
58 874 2.93014
54 875 2.97243
49 876 3.02518
76 877 3.17792
14 878 3.20189
64 879 3.25653
37 880 3.37692
27 881 3.46037
66 882 3.64462
69 883 3.64555
60 884 3.79507
55 885 3.80672
79 886 3.92275
32 887 3.93189
5 888 3.9557
34 889 4.02323
51 890 4.16357
6 891 4.28028
40 892 4.36006
41 893 4.38827
59 894 4.39846
36 895 4.40011
28 896 4.41488
67 897 4.4509
68 898 4.49484
24 899 4.54866
61 900 4.55279
77 901 4.60325
63 902 4.70905
44 903 4.72955
16 904 4.99299
2 905 5.05275
65 906 5.16005
46 907 5.32814
71 908 5.56156
13 909 5.66134
7 910 5.83272
26 911 5.92839
58 912 5.94544
56 913 6.03982
74 914 6.08033
60 915 6.23148
9 916 6.41804
69 917 6.54906
24 918 6.5676
43 919 6.57522
70 920 6.6896
44 921 7.0056
32 922 7.07214
40 923 7.1535
21 924 7.20696
80 925 7.30907
49 926 7.54481
25 927 7.60655
76 928 7.64166
51 929 7.65382
64 930 7.67201
28 931 7.86412
58 932 8.08498
3 933 8.17763
61 934 8.28225
26 935 8.46552
55 936 8.63851
13 937 8.73162
5 938 8.75504
70 939 8.80498
23 940 8.80667
29 941 8.81632
16 942 8.88743
48 943 8.88908
67 944 8.90579
31 945 9.05058
33 946 9.12816
12 947 9.2115
46 948 9.21157
60 949 9.23061
41 950 9.24876
68 951 9.26586
8 952 9.30599
65 953 9.38596
22 954 9.46714
40 955 9.50263
72 956 9.89419
74 957 9.95286
38 958 9.99367
