31 50 0.048 49.952
26 50 0.048 49.952
32 50 0.048 49.952
31 49.952 0.16 49.792
26 49.952 0.16 49.792
32 49.952 0.16 49.792
32 49.792 0.048 49.744
26 49.792 0.048 49.744
31 49.792 0.048 49.744
32 49.744 0.16 49.584
26 49.744 0.16 49.584
26 49.584 0.048 49.536
31 49.744 0.048 49.696
32 49.584 0.048 49.536
31 49.696 0.16 49.536
6 50 0.048 49.952
17 50 0.048 49.952
26 49.8413 0.048 49.7933
31 49.9017 0.048 49.8537
32 49.6723 0.048 49.6243
21 50 0.048 49.952
5 50 0.048 49.952
21 49.952 0.16 49.792
5 49.952 0.16 49.792
5 49.792 0.048 49.744
21 49.792 0.048 49.744
6 50 0.048 49.952
17 50 0.048 49.952
26 49.9604 0.048 49.9124
31 49.9694 0.048 49.9214
32 49.7831 0.048 49.7351
5 50 0.048 49.952
21 50 0.048 49.952
19 50 0.048 49.952
2 50 0.048 49.952
19 49.952 0.16 49.792
2 49.952 0.16 49.792
2 49.792 0.048 49.744
19 49.792 0.048 49.744
25 50 0.048 49.952
33 50 0.048 49.952
2 49.744 0.16 49.584
19 49.744 0.16 49.584
25 49.952 0.16 49.792
33 49.952 0.16 49.792
33 49.792 0.048 49.744
2 49.584 0.048 49.536
25 49.792 0.048 49.744
33 49.744 0.16 49.584
2 49.536 0.16 49.376
25 49.744 0.16 49.584
25 49.584 0.048 49.536
2 49.376 0.048 49.328
33 49.584 0.048 49.536
6 50 0.048 49.952
17 50 0.048 49.952
26 50 0.048 49.952
31 50 0.048 49.952
32 49.9206 0.048 49.8726
5 50 0.048 49.952
21 50 0.048 49.952
25 49.8182 0.048 49.7702
2 49.4438 0.048 49.3958
33 49.8466 0.048 49.7986
37 50 0.048 49.952
3 50 0.048 49.952
4 50 0.048 49.952
34 50 0.048 49.952
37 49.952 0.16 49.792
3 49.952 0.16 49.792
4 49.952 0.16 49.792
4 49.792 0.048 49.744
8 50 0.048 49.952
37 49.792 0.048 49.744
4 49.744 0.16 49.584
34 49.952 0.16 49.792
8 49.952 0.16 49.792
8 49.792 0.048 49.744
4 49.584 0.048 49.536
37 49.744 0.16 49.584
6 50 0.048 49.952
17 50 0.048 49.952
26 50 0.048 49.952
31 50 0.048 49.952
32 50 0.048 49.952
5 50 0.048 49.952
21 50 0.048 49.952
25 50 0.048 49.952
2 49.6493 0.048 49.6013
33 50 0.048 49.952
8 50 0.048 49.952
4 49.898 0.048 49.85
6 50 0.048 49.952
17 50 0.048 49.952
26 50 0.048 49.952
31 50 0.048 49.952
32 50 0.048 49.952
5 50 0.048 49.952
21 50 0.048 49.952
25 50 0.048 49.952
2 49.9402 0.048 49.8922
33 50 0.048 49.952
8 50 0.048 49.952
4 50 0.048 49.952
13 50 0.048 49.952
9 50 0.048 49.952
10 50 0.048 49.952
30 50 0.048 49.952
13 49.952 0.16 49.792
9 49.952 0.16 49.792
10 49.952 0.16 49.792
10 49.792 0.048 49.744
9 49.792 0.048 49.744
13 49.792 0.048 49.744
30 49.952 0.048 49.904
10 49.744 0.16 49.584
30 49.904 0.16 49.744
9 49.744 0.16 49.584
13 49.744 0.16 49.584
30 49.744 0.16 49.584
30 49.584 0.048 49.536
9 49.584 0.048 49.536
10 49.584 0.048 49.536
13 49.584 0.048 49.536
30 49.536 0.16 49.376
9 49.536 0.16 49.376
9 49.376 0.048 49.328
10 49.536 0.048 49.488
13 49.536 0.048 49.488
30 49.376 0.048 49.328
10 49.488 0.16 49.328
13 49.488 0.16 49.328
6 50 0.048 49.952
36 50 0.048 49.952
11 50 0.048 49.952
15 50 0.048 49.952
36 49.952 0.16 49.792
11 49.952 0.16 49.792
15 49.952 0.16 49.792
15 49.792 0.048 49.744
11 49.792 0.048 49.744
36 49.792 0.048 49.744
15 49.744 0.16 49.584
11 49.744 0.16 49.584
11 49.584 0.048 49.536
15 49.584 0.048 49.536
36 49.744 0.048 49.696
36 49.696 0.16 49.536
17 50 0.048 49.952
26 50 0.048 49.952
31 50 0.048 49.952
32 50 0.048 49.952
5 50 0.048 49.952
21 50 0.048 49.952
25 50 0.048 49.952
2 50 0.048 49.952
33 50 0.048 49.952
33 49.952 0.048 49.904
2 49.952 0.048 49.904
25 49.952 0.048 49.904
33 49.904 0.16 49.744
2 49.904 0.16 49.744
2 49.744 0.048 49.696
19 50 0.048 49.952
25 49.904 0.048 49.856
33 49.744 0.048 49.696
2 49.696 0.16 49.536
25 49.856 0.16 49.696
19 49.952 0.16 49.792
19 49.792 0.048 49.744
2 49.536 0.048 49.488
25 49.696 0.16 49.536
33 49.696 0.16 49.536
8 50 0.048 49.952
4 50 0.048 49.952
37 50 0.048 49.952
9 49.5223 0.048 49.4743
10 49.6403 0.048 49.5923
13 49.5119 0.048 49.4639
30 49.5027 0.048 49.4547
6 50 0.048 49.952
11 49.894 0.048 49.846
15 49.8546 0.048 49.8066
36 49.8429 0.048 49.7949
23 50 0.048 49.952
7 50 0.048 49.952
39 50 0.048 49.952
23 49.952 0.16 49.792
7 49.952 0.16 49.792
39 49.952 0.16 49.792
17 50 0.048 49.952
26 50 0.048 49.952
31 50 0.048 49.952
32 50 0.048 49.952
5 50 0.048 49.952
21 50 0.048 49.952
25 49.8265 0.048 49.7785
2 49.5905 0.048 49.5425
33 49.7992 0.048 49.7512
19 50 0.048 49.952
2 49.5425 0.048 49.4945
8 50 0.048 49.952
4 50 0.048 49.952
9 49.7697 0.048 49.7217
10 49.7242 0.048 49.6762
13 49.8125 0.048 49.7645
30 49.6874 0.048 49.6394
6 50 0.048 49.952
11 50 0.048 49.952
15 50 0.048 49.952
36 50 0.048 49.952
16 50 0.048 49.952
17 50 0.048 49.952
26 50 0.048 49.952
31 50 0.048 49.952
32 50 0.048 49.952
5 50 0.048 49.952
21 50 0.048 49.952
25 49.9211 0.048 49.8731
2 49.608 0.048 49.56
33 50 0.048 49.952
19 50 0.048 49.952
2 49.56 0.048 49.512
8 50 0.048 49.952
4 50 0.048 49.952
37 50 0.048 49.952
9 50 0.048 49.952
10 49.8764 0.048 49.8284
13 50 0.048 49.952
30 49.9397 0.048 49.8917
6 50 0.048 49.952
11 50 0.048 49.952
15 50 0.048 49.952
36 50 0.048 49.952
16 50 0.048 49.952
17 50 0.048 49.952
26 50 0.048 49.952
31 50 0.048 49.952
32 50 0.048 49.952
5 50 0.048 49.952
21 50 0.048 49.952
25 50 0.048 49.952
2 49.8193 0.048 49.7713
33 50 0.048 49.952
19 50 0.048 49.952
2 49.7713 0.048 49.7233
8 50 0.048 49.952
4 50 0.048 49.952
37 50 0.048 49.952
9 50 0.048 49.952
10 50 0.048 49.952
13 50 0.048 49.952
30 50 0.048 49.952
6 50 0.048 49.952
11 50 0.048 49.952
15 50 0.048 49.952
36 50 0.048 49.952
39 50 0.048 49.952
7 50 0.048 49.952
23 50 0.048 49.952
39 49.952 0.16 49.792
7 49.952 0.16 49.792
23 49.952 0.16 49.792
23 49.792 0.048 49.744
7 49.792 0.048 49.744
39 49.792 0.048 49.744
23 49.744 0.16 49.584
7 49.744 0.16 49.584
7 49.584 0.048 49.536
23 49.584 0.048 49.536
39 49.744 0.048 49.696
39 49.696 0.16 49.536
16 50 0.048 49.952
17 50 0.048 49.952
26 50 0.048 49.952
31 50 0.048 49.952
32 50 0.048 49.952
5 50 0.048 49.952
21 50 0.048 49.952
25 50 0.048 49.952
2 49.9183 0.048 49.8703
33 50 0.048 49.952
19 50 0.048 49.952
2 49.8703 0.048 49.8223
8 50 0.048 49.952
4 50 0.048 49.952
37 50 0.048 49.952
9 50 0.048 49.952
10 50 0.048 49.952
13 50 0.048 49.952
30 50 0.048 49.952
6 50 0.048 49.952
11 50 0.048 49.952
15 50 0.048 49.952
36 50 0.048 49.952
35 50 0.048 49.952
29 50 0.048 49.952
35 49.952 0.16 49.792
29 49.952 0.16 49.792
29 49.792 0.048 49.744
1 50 0.048 49.952
35 49.792 0.048 49.744
29 49.744 0.16 49.584
1 49.952 0.16 49.792
1 49.792 0.048 49.744
29 49.584 0.048 49.536
35 49.744 0.16 49.584
7 49.7689 0.048 49.7209
23 49.8413 0.048 49.7933
39 49.7671 0.048 49.7191
16 50 0.048 49.952
2 50 0.048 49.952
19 50 0.048 49.952
25 50 0.048 49.952
33 49.952 0.048 49.904
2 49.952 0.16 49.792
19 49.952 0.16 49.792
25 49.952 0.16 49.792
33 49.904 0.16 49.744
33 49.744 0.048 49.696
2 49.792 0.048 49.744
25 49.792 0.048 49.744
17 50 0.048 49.952
26 50 0.048 49.952
31 50 0.048 49.952
32 50 0.048 49.952
5 50 0.048 49.952
21 50 0.048 49.952
25 49.744 0.048 49.696
2 49.744 0.048 49.696
33 50 0.048 49.952
19 49.792 0.048 49.744
2 49.696 0.048 49.648
8 50 0.048 49.952
4 50 0.048 49.952
9 50 0.048 49.952
10 50 0.048 49.952
13 50 0.048 49.952
30 50 0.048 49.952
4 49.952 0.048 49.904
8 49.952 0.048 49.904
34 50 0.048 49.952
37 50 0.048 49.952
4 49.904 0.16 49.744
8 49.904 0.16 49.744
34 49.952 0.16 49.792
37 49.952 0.16 49.792
37 49.792 0.048 49.744
3 50 0.048 49.952
4 49.744 0.048 49.696
34 49.792 0.048 49.744
37 49.744 0.16 49.584
3 49.952 0.16 49.792
4 49.696 0.16 49.536
34 49.744 0.16 49.584
34 49.584 0.048 49.536
3 49.792 0.048 49.744
4 49.536 0.048 49.488
14 50 0.048 49.952
37 49.584 0.048 49.536
34 49.536 0.16 49.376
3 49.744 0.16 49.584
4 49.488 0.16 49.328
14 49.952 0.16 49.792
14 49.792 0.048 49.744
3 49.584 0.048 49.536
34 49.376 0.048 49.328
14 49.744 0.16 49.584
37 49.536 0.16 49.376
3 49.536 0.16 49.376
3 49.376 0.048 49.328
14 49.584 0.048 49.536
34 49.328 0.048 49.28
37 49.376 0.048 49.328
34 49.28 0.16 49.12
6 50 0.048 49.952
11 50 0.048 49.952
15 50 0.048 49.952
36 50 0.048 49.952
1 50 0.048 49.952
29 49.8293 0.048 49.7813
7 50 0.048 49.952
23 49.9988 0.048 49.9508
39 49.9143 0.048 49.8663
16 50 0.048 49.952
33 49.952 0.048 49.904
2 49.9821 0.048 49.9341
25 49.8949 0.048 49.8469
17 50 0.048 49.952
26 50 0.048 49.952
31 50 0.048 49.952
32 50 0.048 49.952
5 50 0.048 49.952
21 50 0.048 49.952
25 49.8469 0.048 49.7989
2 49.9341 0.048 49.8861
33 50 0.048 49.952
19 49.9031 0.048 49.8551
2 49.8861 0.048 49.8381
8 50 0.048 49.952
4 49.5956 0.048 49.5476
9 50 0.048 49.952
10 50 0.048 49.952
13 50 0.048 49.952
30 50 0.048 49.952
3 49.6962 0.048 49.6482
14 49.7291 0.048 49.6811
34 49.3561 0.048 49.3081
37 49.5938 0.048 49.5458
6 50 0.048 49.952
11 50 0.048 49.952
15 50 0.048 49.952
36 50 0.048 49.952
1 50 0.048 49.952
29 49.8866 0.048 49.8386
7 50 0.048 49.952
23 50 0.048 49.952
39 50 0.048 49.952
27 50 0.048 49.952
20 50 0.048 49.952
28 50 0.048 49.952
27 49.952 0.16 49.792
20 49.952 0.16 49.792
28 49.952 0.16 49.792
16 50 0.048 49.952
33 49.952 0.048 49.904
2 50 0.048 49.952
25 49.9802 0.048 49.9322
17 50 0.048 49.952
26 50 0.048 49.952
31 50 0.048 49.952
32 50 0.048 49.952
5 50 0.048 49.952
21 50 0.048 49.952
25 49.9322 0.048 49.8842
2 49.952 0.048 49.904
33 50 0.048 49.952
19 50 0.048 49.952
2 49.904 0.048 49.856
8 50 0.048 49.952
4 49.6623 0.048 49.6143
24 50 0.048 49.952
22 50 0.048 49.952
24 49.952 0.16 49.792
22 49.952 0.16 49.792
22 49.792 0.048 49.744
24 49.792 0.048 49.744
9 50 0.048 49.952
10 50 0.048 49.952
13 50 0.048 49.952
30 50 0.048 49.952
3 49.8453 0.048 49.7973
14 49.8958 0.048 49.8478
34 49.4296 0.048 49.3816
37 49.6485 0.048 49.6005
6 50 0.048 49.952
11 50 0.048 49.952
15 50 0.048 49.952
36 50 0.048 49.952
1 50 0.048 49.952
29 50 0.048 49.952
7 50 0.048 49.952
23 50 0.048 49.952
39 50 0.048 49.952
16 50 0.048 49.952
33 49.952 0.048 49.904
2 50 0.048 49.952
25 50 0.048 49.952
17 50 0.048 49.952
26 50 0.048 49.952
31 50 0.048 49.952
32 50 0.048 49.952
5 50 0.048 49.952
21 50 0.048 49.952
25 49.952 0.048 49.904
2 49.952 0.048 49.904
33 50 0.048 49.952
19 50 0.048 49.952
2 49.904 0.048 49.856
8 50 0.048 49.952
4 49.716 0.048 49.668
37 49.8801 0.048 49.8321
22 49.9841 0.048 49.9361
24 49.8561 0.048 49.8081
9 50 0.048 49.952
10 50 0.048 49.952
13 50 0.048 49.952
30 50 0.048 49.952
38 50 0.048 49.952
18 50 0.048 49.952
38 49.952 0.16 49.792
18 49.952 0.16 49.792
18 49.792 0.048 49.744
38 49.792 0.048 49.744
3 49.9939 0.048 49.9459
14 50 0.048 49.952
34 49.5899 0.048 49.5419
6 50 0.048 49.952
11 50 0.048 49.952
15 50 0.048 49.952
36 50 0.048 49.952
1 50 0.048 49.952
29 50 0.048 49.952
7 50 0.048 49.952
23 50 0.048 49.952
39 50 0.048 49.952
16 50 0.048 49.952
33 49.952 0.048 49.904
2 50 0.048 49.952
25 50 0.048 49.952
17 50 0.048 49.952
26 50 0.048 49.952
31 50 0.048 49.952
32 50 0.048 49.952
5 50 0.048 49.952
21 50 0.048 49.952
25 49.952 0.048 49.904
2 49.952 0.048 49.904
33 50 0.048 49.952
19 50 0.048 49.952
8 50 0.048 49.952
4 50 0.048 49.952
37 50 0.048 49.952
22 50 0.048 49.952
24 50 0.048 49.952
9 50 0.048 49.952
10 50 0.048 49.952
13 50 0.048 49.952
30 50 0.048 49.952
18 50 0.048 49.952
38 49.9115 0.048 49.8635
3 50 0.048 49.952
14 50 0.048 49.952
34 49.8818 0.048 49.8338
6 50 0.048 49.952
11 50 0.048 49.952
15 50 0.048 49.952
36 50 0.048 49.952
1 50 0.048 49.952
29 50 0.048 49.952
7 50 0.048 49.952
23 50 0.048 49.952
39 50 0.048 49.952
16 50 0.048 49.952
33 49.952 0.048 49.904
2 50 0.048 49.952
25 50 0.048 49.952
17 50 0.048 49.952
26 50 0.048 49.952
31 50 0.048 49.952
32 50 0.048 49.952
5 50 0.048 49.952
21 50 0.048 49.952
25 49.952 0.048 49.904
2 49.952 0.048 49.904
33 50 0.048 49.952
19 50 0.048 49.952
8 50 0.048 49.952
4 50 0.048 49.952
37 50 0.048 49.952
22 50 0.048 49.952
24 50 0.048 49.952
9 50 0.048 49.952
10 50 0.048 49.952
13 50 0.048 49.952
30 50 0.048 49.952
18 50 0.048 49.952
38 50 0.048 49.952
3 50 0.048 49.952
14 50 0.048 49.952
34 50 0.048 49.952
6 50 0.048 49.952
11 50 0.048 49.952
15 50 0.048 49.952
36 50 0.048 49.952
1 50 0.048 49.952
29 50 0.048 49.952
1 49.952 0.16 49.792
29 49.952 0.16 49.792
7 50 0.048 49.952
23 50 0.048 49.952
39 50 0.048 49.952
16 50 0.048 49.952
33 49.952 0.048 49.904
2 50 0.048 49.952
25 50 0.048 49.952
17 50 0.048 49.952
26 50 0.048 49.952
31 50 0.048 49.952
32 50 0.048 49.952
5 50 0.048 49.952
21 50 0.048 49.952
25 49.952 0.048 49.904
2 49.952 0.048 49.904
33 50 0.048 49.952
19 50 0.048 49.952
8 50 0.048 49.952
4 50 0.048 49.952
37 50 0.048 49.952
22 50 0.048 49.952
24 50 0.048 49.952
9 50 0.048 49.952
10 50 0.048 49.952
13 50 0.048 49.952
30 50 0.048 49.952
18 50 0.048 49.952
38 50 0.048 49.952
3 50 0.048 49.952
14 50 0.048 49.952
34 50 0.048 49.952
6 50 0.048 49.952
11 50 0.048 49.952
15 50 0.048 49.952
36 50 0.048 49.952
7 50 0.048 49.952
23 50 0.048 49.952
39 50 0.048 49.952
16 50 0.048 49.952
33 49.952 0.048 49.904
2 50 0.048 49.952
25 50 0.048 49.952
15 49.952 0.048 49.904
11 50 0.048 49.952
36 49.952 0.048 49.904
15 49.904 0.16 49.744
11 49.952 0.16 49.792
36 49.904 0.16 49.744
36 49.744 0.048 49.696
11 49.792 0.048 49.744
15 49.744 0.048 49.696
17 50 0.048 49.952
26 50 0.048 49.952
31 50 0.048 49.952
32 50 0.048 49.952
5 50 0.048 49.952
21 50 0.048 49.952
25 49.952 0.048 49.904
2 49.952 0.048 49.904
33 50 0.048 49.952
40 50 0.048 49.952
25 49.904 0.16 49.744
2 49.904 0.16 49.744
33 49.952 0.16 49.792
40 49.952 0.16 49.792
40 49.792 0.048 49.744
25 49.744 0.048 49.696
19 50 0.048 49.952
2 49.744 0.048 49.696
8 50 0.048 49.952
4 50 0.048 49.952
37 50 0.048 49.952
22 50 0.048 49.952
24 50 0.048 49.952
9 50 0.048 49.952
10 50 0.048 49.952
13 50 0.048 49.952
30 50 0.048 49.952
18 50 0.048 49.952
38 50 0.048 49.952
3 50 0.048 49.952
14 50 0.048 49.952
34 50 0.048 49.952
6 50 0.048 49.952
11 49.744 0.048 49.696
15 49.9782 0.048 49.9302
36 49.9315 0.048 49.8835
7 50 0.048 49.952
23 50 0.048 49.952
39 50 0.048 49.952
16 50 0.048 49.952
29 50 0.048 49.952
1 50 0.048 49.952
35 50 0.048 49.952
29 49.952 0.16 49.792
1 49.952 0.16 49.792
35 49.952 0.16 49.792
35 49.792 0.048 49.744
29 49.792 0.048 49.744
33 49.792 0.048 49.744
2 49.8862 0.048 49.8382
25 49.8581 0.048 49.8101
40 50 0.048 49.952
33 49.744 0.16 49.584
2 49.8382 0.16 49.6782
25 49.8101 0.16 49.6501
25 49.6501 0.048 49.6021
2 49.6782 0.048 49.6302
33 49.584 0.048 49.536
40 49.952 0.048 49.904
40 49.904 0.16 49.744
36 49.8835 0.048 49.8355
11 49.7999 0.048 49.7519
15 49.9302 0.048 49.8822
17 50 0.048 49.952
26 50 0.048 49.952
31 50 0.048 49.952
32 50 0.048 49.952
5 50 0.048 49.952
21 50 0.048 49.952
40 49.744 0.048 49.696
25 49.6021 0.048 49.5541
33 49.7177 0.048 49.6697
19 50 0.048 49.952
2 49.6302 0.048 49.5822
8 50 0.048 49.952
4 50 0.048 49.952
37 50 0.048 49.952
22 50 0.048 49.952
24 50 0.048 49.952
9 50 0.048 49.952
10 50 0.048 49.952
13 50 0.048 49.952
30 50 0.048 49.952
18 50 0.048 49.952
38 50 0.048 49.952
3 50 0.048 49.952
14 50 0.048 49.952
34 50 0.048 49.952
37 49.952 0.048 49.904
6 50 0.048 49.952
11 49.7519 0.048 49.7039
15 50 0.048 49.952
36 50 0.048 49.952
7 50 0.048 49.952
23 50 0.048 49.952
16 50 0.048 49.952
35 49.8751 0.048 49.8271
29 50 0.048 49.952
25 49.766 0.048 49.718
2 49.6833 0.048 49.6353
33 49.6697 0.048 49.6217
40 50 0.048 49.952
36 49.952 0.048 49.904
11 49.9595 0.048 49.9115
15 49.952 0.048 49.904
17 50 0.048 49.952
26 50 0.048 49.952
31 50 0.048 49.952
32 50 0.048 49.952
5 50 0.048 49.952
21 50 0.048 49.952
40 49.952 0.048 49.904
25 49.718 0.048 49.67
33 49.7723 0.048 49.7243
19 50 0.048 49.952
2 49.6353 0.048 49.5873
34 50 0.048 49.952
3 50 0.048 49.952
14 50 0.048 49.952
37 50 0.048 49.952
34 49.952 0.16 49.792
3 49.952 0.16 49.792
14 49.952 0.16 49.792
37 49.952 0.16 49.792
37 49.792 0.048 49.744
3 49.792 0.048 49.744
4 50 0.048 49.952
8 50 0.048 49.952
34 49.792 0.048 49.744
37 49.744 0.16 49.584
3 49.744 0.16 49.584
4 49.952 0.16 49.792
4 49.792 0.048 49.744
8 49.952 0.048 49.904
37 49.584 0.048 49.536
8 49.904 0.16 49.744
34 49.744 0.16 49.584
8 49.744 0.048 49.696
4 49.744 0.048 49.696
37 49.536 0.048 49.488
22 50 0.048 49.952
24 50 0.048 49.952
9 50 0.048 49.952
10 50 0.048 49.952
13 50 0.048 49.952
30 50 0.048 49.952
18 50 0.048 49.952
38 50 0.048 49.952
3 49.584 0.048 49.536
14 49.792 0.048 49.744
34 49.584 0.048 49.536
6 50 0.048 49.952
11 49.9115 0.048 49.8635
15 50 0.048 49.952
36 50 0.048 49.952
7 50 0.048 49.952
23 50 0.048 49.952
16 50 0.048 49.952
35 50 0.048 49.952
25 49.9226 0.048 49.8746
2 49.7485 0.048 49.7005
33 49.7243 0.048 49.6763
40 50 0.048 49.952
36 49.952 0.048 49.904
11 50 0.048 49.952
15 49.952 0.048 49.904
17 50 0.048 49.952
26 50 0.048 49.952
31 50 0.048 49.952
32 50 0.048 49.952
5 50 0.048 49.952
21 50 0.048 49.952
40 49.952 0.048 49.904
25 49.8746 0.048 49.8266
33 49.8949 0.048 49.8469
32 49.952 0.048 49.904
26 49.952 0.048 49.904
31 49.952 0.048 49.904
32 49.904 0.16 49.744
26 49.904 0.16 49.744
31 49.904 0.16 49.744
31 49.744 0.048 49.696
26 49.744 0.048 49.696
32 49.744 0.048 49.696
19 50 0.048 49.952
2 49.7005 0.048 49.6525
4 49.9487 0.048 49.9007
8 50 0.048 49.952
37 49.7219 0.048 49.6739
8 49.952 0.048 49.904
4 49.9007 0.048 49.8527
37 49.6739 0.048 49.6259
22 50 0.048 49.952
24 50 0.048 49.952
9 50 0.048 49.952
10 50 0.048 49.952
13 50 0.048 49.952
30 50 0.048 49.952
18 50 0.048 49.952
38 50 0.048 49.952
3 49.8915 0.048 49.8435
14 49.8926 0.048 49.8446
34 49.7818 0.048 49.7338
37 49.6259 0.048 49.5779
6 50 0.048 49.952
11 49.952 0.048 49.904
15 50 0.048 49.952
36 50 0.048 49.952
7 50 0.048 49.952
23 50 0.048 49.952
30 50 0.048 49.952
9 49.952 0.048 49.904
10 50 0.048 49.952
13 49.952 0.048 49.904
30 49.952 0.16 49.792
9 49.904 0.16 49.744
10 49.952 0.16 49.792
13 49.904 0.16 49.744
13 49.744 0.048 49.696
9 49.744 0.048 49.696
10 49.792 0.048 49.744
30 49.792 0.048 49.744
13 49.696 0.16 49.536
9 49.696 0.16 49.536
10 49.744 0.16 49.584
10 49.584 0.048 49.536
9 49.536 0.048 49.488
13 49.536 0.048 49.488
30 49.744 0.048 49.696
10 49.536 0.16 49.376
30 49.696 0.16 49.536
9 49.488 0.16 49.328
13 49.488 0.16 49.328
30 49.536 0.16 49.376
16 50 0.048 49.952
35 50 0.048 49.952
25 50 0.048 49.952
2 49.8677 0.048 49.8197
33 49.8469 0.048 49.7989
40 50 0.048 49.952
36 49.952 0.048 49.904
11 50 0.048 49.952
15 49.952 0.048 49.904
17 50 0.048 49.952
26 49.9879 0.048 49.9399
31 49.9497 0.048 49.9017
32 49.8788 0.048 49.8308
5 50 0.048 49.952
21 50 0.048 49.952
40 49.952 0.048 49.904
31 49.9017 0.048 49.8537
26 49.9399 0.048 49.8919
32 49.8308 0.048 49.7828
19 50 0.048 49.952
2 49.8197 0.048 49.7717
4 50 0.048 49.952
8 50 0.048 49.952
37 49.889 0.048 49.841
8 49.952 0.048 49.904
4 49.952 0.048 49.904
37 49.841 0.048 49.793
22 50 0.048 49.952
24 50 0.048 49.952
9 49.562 0.048 49.514
10 49.376 0.048 49.328
13 49.7003 0.048 49.6523
30 49.376 0.048 49.328
9 49.514 0.16 49.354
10 49.328 0.16 49.168
13 49.6523 0.16 49.4923
30 49.328 0.16 49.168
18 50 0.048 49.952
38 50 0.048 49.952
3 50 0.048 49.952
14 50 0.048 49.952
34 49.9424 0.048 49.8944
37 49.793 0.048 49.745
6 50 0.048 49.952
11 49.952 0.048 49.904
15 50 0.048 49.952
36 50 0.048 49.952
7 50 0.048 49.952
23 50 0.048 49.952
39 50 0.048 49.952
14 49.952 0.048 49.904
3 49.952 0.048 49.904
34 49.8944 0.048 49.8464
14 49.904 0.16 49.744
3 49.904 0.16 49.744
34 49.8464 0.16 49.6864
34 49.6864 0.048 49.6384
3 49.744 0.048 49.696
14 49.744 0.048 49.696
37 49.745 0.048 49.697
34 49.6384 0.16 49.4784
3 49.696 0.16 49.536
14 49.696 0.16 49.536
37 49.697 0.16 49.537
37 49.537 0.048 49.489
3 49.536 0.048 49.488
4 49.904 0.048 49.856
8 50 0.048 49.952
34 49.4784 0.048 49.4304
16 50 0.048 49.952
35 50 0.048 49.952
25 50 0.048 49.952
2 49.9251 0.048 49.8771
33 50 0.048 49.952
36 49.952 0.048 49.904
11 50 0.048 49.952
15 49.952 0.048 49.904
17 50 0.048 49.952
26 50 0.048 49.952
31 49.9694 0.048 49.9214
32 49.9528 0.048 49.9048
5 50 0.048 49.952
21 50 0.048 49.952
40 50 0.048 49.952
33 50 0.048 49.952
31 49.9214 0.048 49.8734
26 49.952 0.048 49.904
32 49.9048 0.048 49.8568
19 50 0.048 49.952
2 49.8771 0.048 49.8291
4 50 0.048 49.952
8 49.952 0.048 49.904
37 49.6932 0.048 49.6452
8 49.904 0.048 49.856
4 49.952 0.048 49.904
37 49.6452 0.048 49.5972
22 50 0.048 49.952
24 50 0.048 49.952
18 50 0.048 49.952
38 50 0.048 49.952
3 49.7174 0.048 49.6694
14 49.6595 0.048 49.6115
34 49.7262 0.048 49.6782
37 49.5972 0.048 49.5492
6 50 0.048 49.952
11 49.952 0.048 49.904
15 50 0.048 49.952
36 50 0.048 49.952
7 50 0.048 49.952
23 50 0.048 49.952
37 49.5492 0.048 49.5012
3 49.6694 0.048 49.6214
4 49.904 0.048 49.856
8 50 0.048 49.952
34 49.6782 0.048 49.6302
16 50 0.048 49.952
35 50 0.048 49.952
25 50 0.048 49.952
2 50 0.048 49.952
33 49.952 0.048 49.904
36 49.952 0.048 49.904
11 50 0.048 49.952
15 49.952 0.048 49.904
17 50 0.048 49.952
26 50 0.048 49.952
31 50 0.048 49.952
32 50 0.048 49.952
5 50 0.048 49.952
21 50 0.048 49.952
40 50 0.048 49.952
31 49.952 0.048 49.904
26 49.952 0.048 49.904
32 49.952 0.048 49.904
19 50 0.048 49.952
4 50 0.048 49.952
8 49.952 0.048 49.904
37 49.7822 0.048 49.7342
8 49.904 0.048 49.856
4 49.952 0.048 49.904
37 49.7342 0.048 49.6862
22 50 0.048 49.952
24 50 0.048 49.952
18 50 0.048 49.952
38 50 0.048 49.952
3 49.7326 0.048 49.6846
14 49.9195 0.048 49.8715
34 49.7838 0.048 49.7358
37 49.6862 0.048 49.6382
6 50 0.048 49.952
11 49.952 0.048 49.904
15 50 0.048 49.952
36 50 0.048 49.952
7 50 0.048 49.952
23 50 0.048 49.952
37 49.6382 0.048 49.5902
3 49.6846 0.048 49.6366
4 49.904 0.048 49.856
8 50 0.048 49.952
34 49.7358 0.048 49.6878
16 50 0.048 49.952
35 50 0.048 49.952
25 50 0.048 49.952
2 50 0.048 49.952
33 50 0.048 49.952
36 49.952 0.048 49.904
11 50 0.048 49.952
15 49.952 0.048 49.904
17 50 0.048 49.952
17 49.952 0.16 49.792
26 50 0.048 49.952
31 50 0.048 49.952
32 50 0.048 49.952
5 50 0.048 49.952
21 50 0.048 49.952
40 50 0.048 49.952
31 49.952 0.048 49.904
26 49.952 0.048 49.904
32 49.952 0.048 49.904
19 50 0.048 49.952
4 50 0.048 49.952
8 49.952 0.048 49.904
37 49.7287 0.048 49.6807
8 49.904 0.048 49.856
4 49.952 0.048 49.904
37 49.6807 0.048 49.6327
22 50 0.048 49.952
24 50 0.048 49.952
18 50 0.048 49.952
38 50 0.048 49.952
3 49.7659 0.048 49.7179
14 50 0.048 49.952
34 49.9556 0.048 49.9076
37 49.6327 0.048 49.5847
6 50 0.048 49.952
11 49.952 0.048 49.904
15 50 0.048 49.952
36 50 0.048 49.952
7 50 0.048 49.952
23 50 0.048 49.952
20 50 0.048 49.952
27 50 0.048 49.952
28 50 0.048 49.952
20 49.952 0.16 49.792
27 49.952 0.16 49.792
28 49.952 0.16 49.792
28 49.792 0.048 49.744
20 49.792 0.048 49.744
27 49.792 0.048 49.744
28 49.744 0.16 49.584
20 49.744 0.16 49.584
27 49.744 0.16 49.584
27 49.584 0.048 49.536
20 49.584 0.048 49.536
28 49.584 0.048 49.536
37 49.5847 0.048 49.5367
4 49.904 0.048 49.856
8 50 0.048 49.952
34 49.9076 0.048 49.8596
16 50 0.048 49.952
35 50 0.048 49.952
25 50 0.048 49.952
2 50 0.048 49.952
33 50 0.048 49.952
21 50 0.048 49.952
5 50 0.048 49.952
36 49.952 0.048 49.904
11 50 0.048 49.952
15 49.952 0.048 49.904
26 50 0.048 49.952
31 50 0.048 49.952
32 50 0.048 49.952
26 49.952 0.16 49.792
31 49.952 0.16 49.792
32 49.952 0.16 49.792
5 49.952 0.048 49.904
21 49.952 0.048 49.904
40 50 0.048 49.952
31 49.792 0.048 49.744
26 49.792 0.048 49.744
32 49.792 0.048 49.744
31 49.744 0.16 49.584
26 49.744 0.16 49.584
32 49.744 0.16 49.584
19 50 0.048 49.952
4 49.9705 0.048 49.9225
8 49.952 0.048 49.904
37 49.8258 0.048 49.7778
8 49.904 0.048 49.856
4 49.9225 0.048 49.8745
37 49.7778 0.048 49.7298
22 50 0.048 49.952
24 50 0.048 49.952
18 50 0.048 49.952
38 50 0.048 49.952
3 50 0.048 49.952
14 50 0.048 49.952
34 50 0.048 49.952
6 50 0.048 49.952
11 49.952 0.048 49.904
15 50 0.048 49.952
36 50 0.048 49.952
7 50 0.048 49.952
23 50 0.048 49.952
10 50 0.048 49.952
9 50 0.048 49.952
13 50 0.048 49.952
30 50 0.048 49.952
10 49.952 0.16 49.792
9 49.952 0.16 49.792
13 49.952 0.16 49.792
13 49.792 0.048 49.744
9 49.792 0.048 49.744
10 49.792 0.048 49.744
30 49.952 0.048 49.904
13 49.744 0.16 49.584
30 49.904 0.16 49.744
9 49.744 0.16 49.584
10 49.744 0.16 49.584
30 49.744 0.16 49.584
30 49.584 0.048 49.536
9 49.584 0.048 49.536
10 49.584 0.048 49.536
13 49.584 0.048 49.536
30 49.536 0.16 49.376
9 49.536 0.16 49.376
9 49.376 0.048 49.328
10 49.536 0.048 49.488
13 49.536 0.048 49.488
30 49.376 0.048 49.328
10 49.488 0.16 49.328
13 49.488 0.16 49.328
27 49.8906 0.048 49.8426
20 49.7404 0.048 49.6924
28 49.6626 0.048 49.6146
37 49.7298 0.048 49.6818
4 49.8745 0.048 49.8265
8 50 0.048 49.952
34 49.952 0.048 49.904
16 50 0.048 49.952
35 50 0.048 49.952
25 50 0.048 49.952
2 50 0.048 49.952
33 50 0.048 49.952
21 50 0.048 49.952
5 50 0.048 49.952
36 49.952 0.048 49.904
11 50 0.048 49.952
15 49.952 0.048 49.904
5 49.952 0.048 49.904
21 49.952 0.048 49.904
40 50 0.048 49.952
19 50 0.048 49.952
4 50 0.048 49.952
8 49.952 0.048 49.904
37 49.8695 0.048 49.8215
8 49.904 0.048 49.856
4 49.952 0.048 49.904
37 49.8215 0.048 49.7735
22 50 0.048 49.952
24 50 0.048 49.952
18 50 0.048 49.952
38 50 0.048 49.952
3 50 0.048 49.952
14 50 0.048 49.952
34 50 0.048 49.952
6 50 0.048 49.952
11 49.952 0.048 49.904
15 50 0.048 49.952
36 50 0.048 49.952
1 50 0.048 49.952
29 50 0.048 49.952
1 49.952 0.16 49.792
29 49.952 0.16 49.792
29 49.792 0.048 49.744
1 49.792 0.048 49.744
7 50 0.048 49.952
23 50 0.048 49.952
9 49.5272 0.048 49.4792
10 49.6472 0.048 49.5992
13 49.7016 0.048 49.6536
30 49.6599 0.048 49.6119
27 50 0.048 49.952
20 49.9478 0.048 49.8998
28 49.8583 0.048 49.8103
37 49.7735 0.048 49.7255
4 49.904 0.048 49.856
8 50 0.048 49.952
34 49.952 0.048 49.904
16 50 0.048 49.952
35 50 0.048 49.952
25 50 0.048 49.952
2 50 0.048 49.952
33 50 0.048 49.952
21 50 0.048 49.952
5 50 0.048 49.952
21 49.952 0.16 49.792
5 49.952 0.16 49.792
36 49.952 0.048 49.904
11 50 0.048 49.952
15 49.952 0.048 49.904
5 49.792 0.048 49.744
21 49.792 0.048 49.744
40 50 0.048 49.952
19 50 0.048 49.952
2 49.952 0.048 49.904
4 49.9836 0.048 49.9356
8 49.952 0.048 49.904
37 49.912 0.048 49.864
8 49.904 0.048 49.856
4 49.9356 0.048 49.8876
37 49.864 0.048 49.816
22 50 0.048 49.952
24 50 0.048 49.952
18 50 0.048 49.952
38 50 0.048 49.952
3 50 0.048 49.952
14 50 0.048 49.952
34 50 0.048 49.952
6 50 0.048 49.952
28 49.8103 0.048 49.7623
20 50 0.048 49.952
27 49.952 0.048 49.904
28 49.7623 0.16 49.6023
20 49.952 0.16 49.792
20 49.792 0.048 49.744
27 49.904 0.048 49.856
28 49.6023 0.048 49.5543
27 49.856 0.16 49.696
11 49.952 0.048 49.904
15 50 0.048 49.952
36 50 0.048 49.952
29 50 0.048 49.952
1 50 0.048 49.952
7 50 0.048 49.952
23 50 0.048 49.952
9 49.7282 0.048 49.6802
10 49.7127 0.048 49.6647
13 49.8495 0.048 49.8015
30 50 0.048 49.952
27 49.8333 0.048 49.7853
20 49.744 0.048 49.696
28 49.679 0.048 49.631
37 49.816 0.048 49.768
4 49.8876 0.048 49.8396
8 50 0.048 49.952
34 49.952 0.048 49.904
16 50 0.048 49.952
35 50 0.048 49.952
25 50 0.048 49.952
2 50 0.048 49.952
33 50 0.048 49.952
36 49.952 0.048 49.904
11 50 0.048 49.952
15 49.952 0.048 49.904
5 49.9155 0.048 49.8675
21 50 0.048 49.952
5 49.8675 0.16 49.7075
21 49.952 0.16 49.792
40 50 0.048 49.952
19 50 0.048 49.952
2 49.952 0.048 49.904
4 49.9534 0.048 49.9054
8 49.952 0.048 49.904
37 49.9317 0.048 49.8837
8 49.904 0.048 49.856
4 49.9054 0.048 49.8574
37 49.8837 0.048 49.8357
22 50 0.048 49.952
24 50 0.048 49.952
18 50 0.048 49.952
38 50 0.048 49.952
3 50 0.048 49.952
14 50 0.048 49.952
34 50 0.048 49.952
6 50 0.048 49.952
20 49.8487 0.048 49.8007
27 49.7853 0.048 49.7373
28 49.631 0.048 49.583
12 50 0.048 49.952
11 49.952 0.048 49.904
15 50 0.048 49.952
36 50 0.048 49.952
29 50 0.048 49.952
1 50 0.048 49.952
35 50 0.048 49.952
7 50 0.048 49.952
23 50 0.048 49.952
9 49.7841 0.048 49.7361
10 49.8261 0.048 49.7781
13 50 0.048 49.952
30 50 0.048 49.952
27 49.892 0.048 49.844
20 49.8007 0.048 49.7527
28 49.8235 0.048 49.7755
37 49.8357 0.048 49.7877
4 49.8574 0.048 49.8094
8 50 0.048 49.952
34 49.952 0.048 49.904
16 50 0.048 49.952
35 49.952 0.048 49.904
29 50 0.048 49.952
25 50 0.048 49.952
2 50 0.048 49.952
33 50 0.048 49.952
36 49.952 0.048 49.904
11 50 0.048 49.952
15 49.952 0.048 49.904
40 50 0.048 49.952
19 50 0.048 49.952
2 49.952 0.048 49.904
4 49.9814 0.048 49.9334
8 49.952 0.048 49.904
37 49.9033 0.048 49.8553
8 49.904 0.048 49.856
4 49.9334 0.048 49.8854
37 49.8553 0.048 49.8073
22 50 0.048 49.952
24 50 0.048 49.952
18 50 0.048 49.952
38 50 0.048 49.952
3 50 0.048 49.952
14 50 0.048 49.952
34 50 0.048 49.952
6 50 0.048 49.952
20 50 0.048 49.952
27 49.844 0.048 49.796
28 49.7755 0.048 49.7275
12 50 0.048 49.952
11 49.952 0.048 49.904
15 50 0.048 49.952
36 50 0.048 49.952
33 50 0.048 49.952
2 50 0.048 49.952
25 49.952 0.048 49.904
33 49.952 0.16 49.792
2 49.952 0.16 49.792
2 49.792 0.048 49.744
19 49.952 0.048 49.904
25 49.904 0.048 49.856
33 49.792 0.048 49.744
25 49.856 0.16 49.696
29 49.952 0.048 49.904
1 50 0.048 49.952
35 50 0.048 49.952
7 50 0.048 49.952
23 50 0.048 49.952
9 49.8922 0.048 49.8442
10 50 0.048 49.952
13 50 0.048 49.952
30 50 0.048 49.952
27 50 0.048 49.952
20 49.952 0.048 49.904
28 49.9438 0.048 49.8958
37 49.8073 0.048 49.7593
4 49.8854 0.048 49.8374
8 49.9919 0.048 49.9439
34 49.952 0.048 49.904
16 50 0.048 49.952
35 49.952 0.048 49.904
29 50 0.048 49.952
25 49.942 0.048 49.894
2 49.744 0.048 49.696
33 49.744 0.048 49.696
36 49.952 0.048 49.904
11 50 0.048 49.952
15 49.952 0.048 49.904
40 50 0.048 49.952
19 50 0.048 49.952
2 49.696 0.048 49.648
4 49.9718 0.048 49.9238
8 49.9439 0.048 49.8959
37 50 0.048 49.952
8 49.8959 0.048 49.8479
4 49.9238 0.048 49.8758
37 49.952 0.048 49.904
22 50 0.048 49.952
24 50 0.048 49.952
18 50 0.048 49.952
38 50 0.048 49.952
3 50 0.048 49.952
14 50 0.048 49.952
34 50 0.048 49.952
6 50 0.048 49.952
20 50 0.048 49.952
27 49.952 0.048 49.904
28 49.8958 0.048 49.8478
12 50 0.048 49.952
11 49.952 0.048 49.904
15 50 0.048 49.952
36 50 0.048 49.952
2 49.8566 0.048 49.8086
19 49.952 0.048 49.904
25 49.894 0.048 49.846
33 50 0.048 49.952
29 49.952 0.048 49.904
1 50 0.048 49.952
35 50 0.048 49.952
7 50 0.048 49.952
23 50 0.048 49.952
9 50 0.048 49.952
10 50 0.048 49.952
13 50 0.048 49.952
30 50 0.048 49.952
27 50 0.048 49.952
20 49.952 0.048 49.904
28 50 0.048 49.952
37 49.904 0.048 49.856
4 49.8758 0.048 49.8278
8 50 0.048 49.952
34 49.952 0.048 49.904
16 50 0.048 49.952
35 49.952 0.048 49.904
29 50 0.048 49.952
25 50 0.048 49.952
2 49.8086 0.048 49.7606
33 49.952 0.048 49.904
25 49.952 0.16 49.792
2 49.7606 0.16 49.6006
33 49.904 0.16 49.744
36 49.952 0.048 49.904
11 50 0.048 49.952
15 49.952 0.048 49.904
40 50 0.048 49.952
40 49.952 0.16 49.792
19 50 0.048 49.952
2 49.6006 0.048 49.5526
4 50 0.048 49.952
8 49.952 0.048 49.904
37 50 0.048 49.952
8 49.904 0.048 49.856
4 49.952 0.048 49.904
37 49.952 0.048 49.904
22 50 0.048 49.952
24 50 0.048 49.952
18 50 0.048 49.952
38 50 0.048 49.952
3 50 0.048 49.952
14 50 0.048 49.952
34 50 0.048 49.952
6 50 0.048 49.952
20 50 0.048 49.952
27 49.952 0.048 49.904
28 49.952 0.048 49.904
12 50 0.048 49.952
11 49.952 0.048 49.904
15 50 0.048 49.952
36 50 0.048 49.952
2 49.7307 0.048 49.6827
19 49.952 0.048 49.904
25 49.792 0.048 49.744
33 49.8886 0.048 49.8406
2 49.6827 0.16 49.5227
19 49.904 0.16 49.744
25 49.744 0.16 49.584
33 49.8406 0.16 49.6806
29 49.952 0.048 49.904
1 50 0.048 49.952
35 50 0.048 49.952
7 50 0.048 49.952
23 50 0.048 49.952
9 50 0.048 49.952
10 50 0.048 49.952
13 50 0.048 49.952
30 50 0.048 49.952
27 50 0.048 49.952
20 49.952 0.048 49.904
28 50 0.048 49.952
37 49.904 0.048 49.856
4 49.904 0.048 49.856
8 50 0.048 49.952
34 49.952 0.048 49.904
16 50 0.048 49.952
35 49.952 0.048 49.904
29 50 0.048 49.952
36 49.952 0.048 49.904
11 50 0.048 49.952
15 49.952 0.048 49.904
19 50 0.048 49.952
2 49.5227 0.048 49.4747
4 50 0.048 49.952
8 49.952 0.048 49.904
37 50 0.048 49.952
8 49.904 0.048 49.856
4 49.952 0.048 49.904
37 49.952 0.048 49.904
22 50 0.048 49.952
24 50 0.048 49.952
18 50 0.048 49.952
38 50 0.048 49.952
3 50 0.048 49.952
14 50 0.048 49.952
34 50 0.048 49.952
6 50 0.048 49.952
20 50 0.048 49.952
27 49.952 0.048 49.904
28 49.952 0.048 49.904
12 50 0.048 49.952
11 49.952 0.048 49.904
15 50 0.048 49.952
36 50 0.048 49.952
29 49.952 0.048 49.904
1 50 0.048 49.952
35 50 0.048 49.952
7 50 0.048 49.952
23 50 0.048 49.952
39 50 0.048 49.952
9 50 0.048 49.952
10 50 0.048 49.952
13 50 0.048 49.952
30 50 0.048 49.952
27 50 0.048 49.952
20 49.952 0.048 49.904
28 50 0.048 49.952
37 49.904 0.048 49.856
4 49.904 0.048 49.856
8 50 0.048 49.952
34 49.952 0.048 49.904
16 50 0.048 49.952
35 49.952 0.048 49.904
29 50 0.048 49.952
36 49.952 0.048 49.904
11 50 0.048 49.952
15 49.952 0.048 49.904
19 50 0.048 49.952
2 49.8559 0.048 49.8079
19 49.952 0.16 49.792
2 49.8079 0.16 49.6479
4 50 0.048 49.952
8 49.952 0.048 49.904
37 50 0.048 49.952
8 49.904 0.048 49.856
4 49.952 0.048 49.904
37 49.952 0.048 49.904
22 50 0.048 49.952
24 50 0.048 49.952
18 50 0.048 49.952
38 50 0.048 49.952
3 50 0.048 49.952
14 50 0.048 49.952
34 50 0.048 49.952
6 50 0.048 49.952
20 50 0.048 49.952
27 49.952 0.048 49.904
28 49.952 0.048 49.904
12 50 0.048 49.952
11 49.952 0.048 49.904
15 50 0.048 49.952
36 50 0.048 49.952
29 49.952 0.048 49.904
1 50 0.048 49.952
35 50 0.048 49.952
7 50 0.048 49.952
23 50 0.048 49.952
39 50 0.048 49.952
9 50 0.048 49.952
10 50 0.048 49.952
13 50 0.048 49.952
30 50 0.048 49.952
27 50 0.048 49.952
20 49.952 0.048 49.904
28 50 0.048 49.952
37 49.904 0.048 49.856
4 49.904 0.048 49.856
8 50 0.048 49.952
34 49.952 0.048 49.904
16 50 0.048 49.952
35 49.952 0.048 49.904
29 50 0.048 49.952
36 49.952 0.048 49.904
11 50 0.048 49.952
15 49.952 0.048 49.904
4 50 0.048 49.952
8 49.952 0.048 49.904
37 50 0.048 49.952
8 49.904 0.048 49.856
4 49.952 0.048 49.904
37 49.952 0.048 49.904
22 50 0.048 49.952
24 50 0.048 49.952
18 50 0.048 49.952
38 50 0.048 49.952
3 50 0.048 49.952
14 50 0.048 49.952
34 50 0.048 49.952
6 50 0.048 49.952
20 50 0.048 49.952
27 49.952 0.048 49.904
28 49.952 0.048 49.904
12 50 0.048 49.952
11 49.952 0.048 49.904
15 50 0.048 49.952
36 50 0.048 49.952
29 49.952 0.048 49.904
1 50 0.048 49.952
35 50 0.048 49.952
7 50 0.048 49.952
23 50 0.048 49.952
39 50 0.048 49.952
9 50 0.048 49.952
10 50 0.048 49.952
13 50 0.048 49.952
30 50 0.048 49.952
27 50 0.048 49.952
20 49.952 0.048 49.904
28 50 0.048 49.952
37 49.904 0.048 49.856
4 49.904 0.048 49.856
8 50 0.048 49.952
34 49.952 0.048 49.904
16 50 0.048 49.952
35 49.952 0.048 49.904
29 50 0.048 49.952
36 49.952 0.048 49.904
11 50 0.048 49.952
15 49.952 0.048 49.904
4 50 0.048 49.952
8 49.952 0.048 49.904
37 50 0.048 49.952
8 49.904 0.048 49.856
4 49.952 0.048 49.904
22 50 0.048 49.952
24 50 0.048 49.952
18 50 0.048 49.952
38 50 0.048 49.952
3 50 0.048 49.952
14 50 0.048 49.952
34 50 0.048 49.952
6 50 0.048 49.952
20 50 0.048 49.952
27 49.952 0.048 49.904
28 49.952 0.048 49.904
12 50 0.048 49.952
11 49.952 0.048 49.904
15 50 0.048 49.952
36 50 0.048 49.952
11 49.904 0.16 49.744
15 49.952 0.16 49.792
36 49.952 0.16 49.792
29 49.952 0.048 49.904
1 50 0.048 49.952
35 50 0.048 49.952
7 50 0.048 49.952
23 50 0.048 49.952
39 50 0.048 49.952
9 50 0.048 49.952
10 50 0.048 49.952
13 50 0.048 49.952
30 50 0.048 49.952
27 50 0.048 49.952
20 49.952 0.048 49.904
28 50 0.048 49.952
37 49.952 0.048 49.904
4 49.904 0.048 49.856
34 49.952 0.048 49.904
16 50 0.048 49.952
35 49.952 0.048 49.904
29 50 0.048 49.952
36 49.792 0.048 49.744
11 49.9588 0.048 49.9108
15 49.792 0.048 49.744
36 49.744 0.16 49.584
11 49.9108 0.16 49.7508
15 49.744 0.16 49.584
4 50 0.048 49.952
8 50 0.048 49.952
37 50 0.048 49.952
8 49.952 0.048 49.904
4 49.952 0.048 49.904
22 50 0.048 49.952
24 50 0.048 49.952
18 50 0.048 49.952
38 50 0.048 49.952
3 50 0.048 49.952
14 50 0.048 49.952
34 50 0.048 49.952
37 49.952 0.048 49.904
6 50 0.048 49.952
20 50 0.048 49.952
27 49.952 0.048 49.904
28 49.952 0.048 49.904
12 50 0.048 49.952
29 49.952 0.048 49.904
1 50 0.048 49.952
35 50 0.048 49.952
7 50 0.048 49.952
23 50 0.048 49.952
39 50 0.048 49.952
9 50 0.048 49.952
10 50 0.048 49.952
13 50 0.048 49.952
30 50 0.048 49.952
27 50 0.048 49.952
20 49.952 0.048 49.904
28 50 0.048 49.952
37 49.904 0.048 49.856
3 49.952 0.048 49.904
4 49.904 0.048 49.856
8 50 0.048 49.952
34 49.952 0.048 49.904
16 50 0.048 49.952
35 49.952 0.048 49.904
4 50 0.048 49.952
8 49.952 0.048 49.904
37 50 0.048 49.952
8 49.904 0.048 49.856
4 49.952 0.048 49.904
37 49.952 0.048 49.904
22 50 0.048 49.952
24 50 0.048 49.952
18 50 0.048 49.952
38 50 0.048 49.952
3 50 0.048 49.952
14 50 0.048 49.952
34 50 0.048 49.952
37 49.904 0.048 49.856
6 50 0.048 49.952
20 50 0.048 49.952
27 49.952 0.048 49.904
28 49.952 0.048 49.904
12 50 0.048 49.952
29 50 0.048 49.952
1 50 0.048 49.952
7 50 0.048 49.952
23 50 0.048 49.952
39 50 0.048 49.952
9 50 0.048 49.952
10 50 0.048 49.952
13 50 0.048 49.952
30 50 0.048 49.952
27 50 0.048 49.952
20 49.952 0.048 49.904
28 50 0.048 49.952
37 49.856 0.048 49.808
3 49.952 0.048 49.904
4 49.904 0.048 49.856
8 50 0.048 49.952
34 49.952 0.048 49.904
16 50 0.048 49.952
35 50 0.048 49.952
4 50 0.048 49.952
8 49.952 0.048 49.904
37 49.9859 0.048 49.9379
8 49.904 0.048 49.856
4 49.952 0.048 49.904
37 49.9379 0.048 49.8899
22 50 0.048 49.952
24 50 0.048 49.952
22 49.952 0.16 49.792
24 49.952 0.16 49.792
18 50 0.048 49.952
38 50 0.048 49.952
3 50 0.048 49.952
14 50 0.048 49.952
34 50 0.048 49.952
37 49.8899 0.048 49.8419
6 50 0.048 49.952
20 50 0.048 49.952
27 49.952 0.048 49.904
28 49.952 0.048 49.904
12 50 0.048 49.952
29 50 0.048 49.952
1 50 0.048 49.952
7 50 0.048 49.952
23 50 0.048 49.952
39 50 0.048 49.952
9 50 0.048 49.952
10 50 0.048 49.952
13 50 0.048 49.952
30 50 0.048 49.952
27 50 0.048 49.952
20 49.952 0.048 49.904
28 50 0.048 49.952
37 49.8419 0.048 49.7939
3 49.952 0.048 49.904
4 49.904 0.048 49.856
8 50 0.048 49.952
34 49.952 0.048 49.904
16 50 0.048 49.952
35 50 0.048 49.952
4 50 0.048 49.952
8 49.952 0.048 49.904
37 50 0.048 49.952
8 49.904 0.048 49.856
4 49.952 0.048 49.904
37 49.952 0.048 49.904
18 50 0.048 49.952
38 50 0.048 49.952
3 50 0.048 49.952
14 50 0.048 49.952
34 50 0.048 49.952
37 49.904 0.048 49.856
6 50 0.048 49.952
20 50 0.048 49.952
27 49.952 0.048 49.904
28 49.952 0.048 49.904
12 50 0.048 49.952
29 50 0.048 49.952
1 50 0.048 49.952
7 50 0.048 49.952
23 50 0.048 49.952
39 50 0.048 49.952
9 50 0.048 49.952
10 50 0.048 49.952
13 50 0.048 49.952
30 50 0.048 49.952
27 50 0.048 49.952
20 49.952 0.048 49.904
28 50 0.048 49.952
37 49.856 0.048 49.808
3 49.952 0.048 49.904
4 49.904 0.048 49.856
8 50 0.048 49.952
34 49.952 0.048 49.904
16 50 0.048 49.952
16 49.952 0.16 49.792
35 50 0.048 49.952
4 50 0.048 49.952
8 49.952 0.048 49.904
37 49.9217 0.048 49.8737
8 49.904 0.048 49.856
4 49.952 0.048 49.904
37 49.8737 0.048 49.8257
18 50 0.048 49.952
38 50 0.048 49.952
3 50 0.048 49.952
14 50 0.048 49.952
34 50 0.048 49.952
37 49.8257 0.048 49.7777
6 50 0.048 49.952
20 50 0.048 49.952
27 49.952 0.048 49.904
28 49.952 0.048 49.904
12 50 0.048 49.952
29 50 0.048 49.952
1 50 0.048 49.952
7 50 0.048 49.952
23 50 0.048 49.952
39 50 0.048 49.952
9 50 0.048 49.952
10 50 0.048 49.952
13 50 0.048 49.952
30 50 0.048 49.952
27 50 0.048 49.952
20 49.952 0.048 49.904
28 50 0.048 49.952
37 49.7777 0.048 49.7297
3 49.952 0.048 49.904
4 49.904 0.048 49.856
8 50 0.048 49.952
34 49.952 0.048 49.904
35 50 0.048 49.952
4 50 0.048 49.952
8 49.952 0.048 49.904
37 49.9922 0.048 49.9442
8 49.904 0.048 49.856
4 49.952 0.048 49.904
37 49.9442 0.048 49.8962
8 49.856 0.16 49.696
4 49.904 0.16 49.744
37 49.8962 0.16 49.7362
18 50 0.048 49.952
38 50 0.048 49.952
3 50 0.048 49.952
14 50 0.048 49.952
34 50 0.048 49.952
37 49.7362 0.048 49.6882
6 50 0.048 49.952
20 50 0.048 49.952
27 49.952 0.048 49.904
28 49.952 0.048 49.904
12 50 0.048 49.952
29 50 0.048 49.952
1 50 0.048 49.952
7 50 0.048 49.952
23 50 0.048 49.952
39 50 0.048 49.952
9 50 0.048 49.952
10 50 0.048 49.952
13 50 0.048 49.952
30 50 0.048 49.952
27 50 0.048 49.952
20 49.952 0.048 49.904
28 50 0.048 49.952
37 49.6882 0.048 49.6402
3 49.952 0.048 49.904
4 49.744 0.048 49.696
8 50 0.048 49.952
34 49.952 0.048 49.904
37 49.6402 0.16 49.4802
3 49.904 0.16 49.744
4 49.696 0.16 49.536
8 49.952 0.16 49.792
8 49.792 0.048 49.744
4 49.536 0.048 49.488
37 49.4802 0.048 49.4322
8 49.744 0.16 49.584
34 49.904 0.16 49.744
4 49.488 0.16 49.328
37 49.4322 0.16 49.2722
35 50 0.048 49.952
4 49.4361 0.048 49.3881
8 49.584 0.048 49.536
37 49.4513 0.048 49.4033
4 49.3881 0.16 49.2281
8 49.536 0.16 49.376
37 49.4033 0.16 49.2433
18 50 0.048 49.952
38 50 0.048 49.952
3 50 0.048 49.952
14 50 0.048 49.952
34 49.901 0.048 49.853
37 49.2433 0.048 49.1953
6 50 0.048 49.952
20 50 0.048 49.952
27 49.952 0.048 49.904
28 49.952 0.048 49.904
12 50 0.048 49.952
29 50 0.048 49.952
1 50 0.048 49.952
7 50 0.048 49.952
23 50 0.048 49.952
39 50 0.048 49.952
9 50 0.048 49.952
10 50 0.048 49.952
13 50 0.048 49.952
30 50 0.048 49.952
27 50 0.048 49.952
20 49.952 0.048 49.904
28 50 0.048 49.952
32 50 0.048 49.952
26 50 0.048 49.952
31 50 0.048 49.952
32 49.952 0.16 49.792
26 49.952 0.16 49.792
31 49.952 0.16 49.792
31 49.792 0.048 49.744
26 49.792 0.048 49.744
32 49.792 0.048 49.744
31 49.744 0.16 49.584
26 49.744 0.16 49.584
26 49.584 0.048 49.536
31 49.584 0.048 49.536
32 49.744 0.048 49.696
32 49.696 0.16 49.536
25 50 0.048 49.952
2 50 0.048 49.952
33 50 0.048 49.952
25 49.952 0.16 49.792
2 49.952 0.16 49.792
33 49.952 0.16 49.792
33 49.792 0.048 49.744
2 49.792 0.048 49.744
25 49.792 0.048 49.744
33 49.744 0.16 49.584
2 49.744 0.16 49.584
2 49.584 0.048 49.536
25 49.744 0.048 49.696
33 49.584 0.048 49.536
25 49.696 0.16 49.536
35 50 0.048 49.952
18 50 0.048 49.952
38 50 0.048 49.952
3 50 0.048 49.952
14 50 0.048 49.952
34 50 0.048 49.952
37 49.3266 0.048 49.2786
3 49.952 0.16 49.792
14 49.952 0.16 49.792
34 49.952 0.16 49.792
37 49.2786 0.16 49.1186
31 49.743 0.048 49.695
26 49.536 0.048 49.488
32 49.536 0.048 49.488
31 49.695 0.16 49.535
26 49.488 0.16 49.328
32 49.488 0.16 49.328
32 49.328 0.048 49.28
26 49.328 0.048 49.28
31 49.535 0.048 49.487
6 50 0.048 49.952
20 50 0.048 49.952
27 49.952 0.048 49.904
28 49.952 0.048 49.904
12 50 0.048 49.952
29 50 0.048 49.952
1 50 0.048 49.952
7 50 0.048 49.952
23 50 0.048 49.952
39 50 0.048 49.952
9 50 0.048 49.952
10 50 0.048 49.952
13 50 0.048 49.952
30 50 0.048 49.952
27 50 0.048 49.952
20 49.952 0.048 49.904
28 50 0.048 49.952
26 49.4501 0.048 49.4021
31 49.487 0.048 49.439
32 49.6719 0.048 49.6239
2 49.9044 0.048 49.8564
25 49.8091 0.048 49.7611
33 49.7886 0.048 49.7406
35 50 0.048 49.952
18 50 0.048 49.952
38 50 0.048 49.952
32 49.6239 0.048 49.5759
26 49.4021 0.048 49.3541
31 49.6996 0.048 49.6516
6 50 0.048 49.952
20 50 0.048 49.952
27 49.952 0.048 49.904
28 49.952 0.048 49.904
12 50 0.048 49.952
29 50 0.048 49.952
1 50 0.048 49.952
7 50 0.048 49.952
23 50 0.048 49.952
39 50 0.048 49.952
9 50 0.048 49.952
10 50 0.048 49.952
13 50 0.048 49.952
30 50 0.048 49.952
38 50 0.048 49.952
18 50 0.048 49.952
27 50 0.048 49.952
20 49.952 0.048 49.904
28 50 0.048 49.952
26 49.6172 0.048 49.5692
31 49.6516 0.048 49.6036
32 49.8803 0.048 49.8323
2 50 0.048 49.952
25 49.9384 0.048 49.8904
33 49.9311 0.048 49.8831
35 50 0.048 49.952
18 49.952 0.048 49.904
38 49.952 0.048 49.904
32 49.8323 0.048 49.7843
26 49.5692 0.048 49.5212
31 49.8377 0.048 49.7897
6 50 0.048 49.952
20 50 0.048 49.952
27 49.952 0.048 49.904
28 49.952 0.048 49.904
12 50 0.048 49.952
29 50 0.048 49.952
1 50 0.048 49.952
7 50 0.048 49.952
23 50 0.048 49.952
39 50 0.048 49.952
9 50 0.048 49.952
10 50 0.048 49.952
13 50 0.048 49.952
30 50 0.048 49.952
38 50 0.048 49.952
18 50 0.048 49.952
27 50 0.048 49.952
20 49.952 0.048 49.904
28 50 0.048 49.952
26 49.7272 0.048 49.6792
31 49.7897 0.048 49.7417
32 50 0.048 49.952
23 49.952 0.048 49.904
7 49.952 0.048 49.904
39 49.952 0.048 49.904
23 49.904 0.16 49.744
7 49.904 0.16 49.744
39 49.904 0.16 49.744
39 49.744 0.048 49.696
7 49.744 0.048 49.696
23 49.744 0.048 49.696
2 50 0.048 49.952
25 50 0.048 49.952
33 50 0.048 49.952
35 50 0.048 49.952
18 49.952 0.048 49.904
38 49.952 0.048 49.904
32 49.952 0.048 49.904
26 49.6792 0.048 49.6312
31 50 0.048 49.952
6 50 0.048 49.952
20 50 0.048 49.952
27 49.952 0.048 49.904
28 49.952 0.048 49.904
12 50 0.048 49.952
29 50 0.048 49.952
1 50 0.048 49.952
7 49.809 0.048 49.761
23 49.8079 0.048 49.7599
39 49.9692 0.048 49.9212
9 50 0.048 49.952
10 50 0.048 49.952
13 50 0.048 49.952
30 50 0.048 49.952
38 50 0.048 49.952
18 50 0.048 49.952
27 50 0.048 49.952
20 49.952 0.048 49.904
28 50 0.048 49.952
26 49.88 0.048 49.832
31 49.952 0.048 49.904
32 50 0.048 49.952
39 49.9212 0.048 49.8732
7 49.761 0.048 49.713
23 49.7599 0.048 49.7119
2 50 0.048 49.952
25 50 0.048 49.952
33 50 0.048 49.952
35 50 0.048 49.952
29 50 0.048 49.952
21 50 0.048 49.952
5 50 0.048 49.952
21 49.952 0.16 49.792
5 49.952 0.16 49.792
5 49.792 0.048 49.744
21 49.792 0.048 49.744
18 49.952 0.048 49.904
38 49.952 0.048 49.904
32 49.952 0.048 49.904
26 49.832 0.048 49.784
31 50 0.048 49.952
6 50 0.048 49.952
20 50 0.048 49.952
27 49.952 0.048 49.904
28 49.952 0.048 49.904
12 50 0.048 49.952
29 49.952 0.048 49.904
1 50 0.048 49.952
7 50 0.048 49.952
23 49.9521 0.048 49.9041
39 50 0.048 49.952
9 50 0.048 49.952
10 50 0.048 49.952
13 50 0.048 49.952
30 50 0.048 49.952
38 50 0.048 49.952
18 50 0.048 49.952
27 50 0.048 49.952
20 49.952 0.048 49.904
28 50 0.048 49.952
26 50 0.048 49.952
31 49.952 0.048 49.904
32 50 0.048 49.952
39 49.952 0.048 49.904
7 49.952 0.048 49.904
23 49.9041 0.048 49.8561
2 50 0.048 49.952
25 50 0.048 49.952
33 50 0.048 49.952
35 50 0.048 49.952
5 50 0.048 49.952
21 50 0.048 49.952
18 49.952 0.048 49.904
38 49.952 0.048 49.904
36 50 0.048 49.952
11 50 0.048 49.952
15 50 0.048 49.952
36 49.952 0.16 49.792
11 49.952 0.16 49.792
15 49.952 0.16 49.792
15 49.792 0.048 49.744
11 49.792 0.048 49.744
36 49.792 0.048 49.744
15 49.744 0.16 49.584
11 49.744 0.16 49.584
11 49.584 0.048 49.536
15 49.584 0.048 49.536
36 49.744 0.048 49.696
36 49.696 0.16 49.536
32 49.952 0.048 49.904
26 49.952 0.048 49.904
31 50 0.048 49.952
6 50 0.048 49.952
20 50 0.048 49.952
27 49.952 0.048 49.904
28 49.952 0.048 49.904
12 50 0.048 49.952
29 50 0.048 49.952
1 50 0.048 49.952
28 49.904 0.048 49.856
20 49.952 0.048 49.904
27 49.904 0.048 49.856
7 50 0.048 49.952
23 50 0.048 49.952
39 50 0.048 49.952
9 50 0.048 49.952
10 50 0.048 49.952
13 50 0.048 49.952
30 50 0.048 49.952
38 50 0.048 49.952
18 50 0.048 49.952
27 50 0.048 49.952
20 49.904 0.048 49.856
28 50 0.048 49.952
19 50 0.048 49.952
26 50 0.048 49.952
31 49.952 0.048 49.904
32 50 0.048 49.952
39 49.952 0.048 49.904
7 49.952 0.048 49.904
23 49.952 0.048 49.904
2 50 0.048 49.952
25 50 0.048 49.952
33 50 0.048 49.952
35 50 0.048 49.952
17 50 0.048 49.952
5 50 0.048 49.952
21 50 0.048 49.952
18 49.952 0.048 49.904
38 49.952 0.048 49.904
11 49.7253 0.048 49.6773
15 49.7887 0.048 49.7407
36 49.8926 0.048 49.8446
32 49.952 0.048 49.904
26 49.952 0.048 49.904
31 50 0.048 49.952
6 50 0.048 49.952
6 49.952 0.16 49.792
20 50 0.048 49.952
27 49.952 0.048 49.904
28 49.952 0.048 49.904
12 50 0.048 49.952
29 50 0.048 49.952
1 50 0.048 49.952
35 50 0.048 49.952
28 49.904 0.048 49.856
20 49.952 0.048 49.904
27 49.904 0.048 49.856
7 50 0.048 49.952
23 50 0.048 49.952
39 50 0.048 49.952
9 50 0.048 49.952
10 50 0.048 49.952
13 50 0.048 49.952
30 50 0.048 49.952
38 50 0.048 49.952
18 50 0.048 49.952
27 49.9659 0.048 49.9179
20 49.904 0.048 49.856
28 50 0.048 49.952
19 50 0.048 49.952
26 50 0.048 49.952
31 49.952 0.048 49.904
32 50 0.048 49.952
39 49.952 0.048 49.904
7 49.952 0.048 49.904
23 49.952 0.048 49.904
2 50 0.048 49.952
25 50 0.048 49.952
33 50 0.048 49.952
35 49.952 0.048 49.904
29 50 0.048 49.952
17 50 0.048 49.952
5 50 0.048 49.952
21 50 0.048 49.952
18 49.952 0.048 49.904
38 49.952 0.048 49.904
11 49.9589 0.048 49.9109
15 50 0.048 49.952
36 50 0.048 49.952
32 49.952 0.048 49.904
26 49.952 0.048 49.904
31 50 0.048 49.952
20 50 0.048 49.952
27 49.9179 0.048 49.8699
28 49.952 0.048 49.904
12 50 0.048 49.952
29 49.952 0.048 49.904
1 50 0.048 49.952
35 50 0.048 49.952
28 49.904 0.048 49.856
20 49.952 0.048 49.904
27 49.8699 0.048 49.8219
7 50 0.048 49.952
23 50 0.048 49.952
39 50 0.048 49.952
9 50 0.048 49.952
10 50 0.048 49.952
13 50 0.048 49.952
30 50 0.048 49.952
38 50 0.048 49.952
18 50 0.048 49.952
27 50 0.048 49.952
20 49.904 0.048 49.856
28 50 0.048 49.952
19 50 0.048 49.952
26 50 0.048 49.952
31 49.952 0.048 49.904
32 50 0.048 49.952
39 49.952 0.048 49.904
7 49.952 0.048 49.904
23 49.952 0.048 49.904
2 50 0.048 49.952
25 50 0.048 49.952
33 50 0.048 49.952
35 49.952 0.048 49.904
29 50 0.048 49.952
17 50 0.048 49.952
5 50 0.048 49.952
21 50 0.048 49.952
18 49.952 0.048 49.904
38 49.952 0.048 49.904
11 50 0.048 49.952
15 50 0.048 49.952
36 50 0.048 49.952
32 49.952 0.048 49.904
26 49.952 0.048 49.904
31 50 0.048 49.952
20 49.9745 0.048 49.9265
27 49.952 0.048 49.904
28 49.952 0.048 49.904
12 50 0.048 49.952
12 49.952 0.16 49.792
29 49.952 0.048 49.904
1 50 0.048 49.952
35 50 0.048 49.952
28 49.904 0.048 49.856
20 49.9265 0.048 49.8785
27 49.904 0.048 49.856
7 50 0.048 49.952
23 50 0.048 49.952
39 50 0.048 49.952
9 50 0.048 49.952
10 50 0.048 49.952
13 50 0.048 49.952
30 50 0.048 49.952
38 50 0.048 49.952
18 50 0.048 49.952
27 50 0.048 49.952
20 49.8785 0.048 49.8305
28 50 0.048 49.952
19 50 0.048 49.952
26 50 0.048 49.952
31 49.952 0.048 49.904
32 50 0.048 49.952
39 49.952 0.048 49.904
7 49.952 0.048 49.904
23 49.952 0.048 49.904
2 50 0.048 49.952
25 50 0.048 49.952
33 50 0.048 49.952
35 49.952 0.048 49.904
29 50 0.048 49.952
17 50 0.048 49.952
5 50 0.048 49.952
21 50 0.048 49.952
18 49.952 0.048 49.904
38 49.952 0.048 49.904
11 50 0.048 49.952
36 50 0.048 49.952
32 49.952 0.048 49.904
26 49.952 0.048 49.904
31 50 0.048 49.952
20 50 0.048 49.952
27 49.952 0.048 49.904
28 49.952 0.048 49.904
29 49.952 0.048 49.904
1 50 0.048 49.952
35 50 0.048 49.952
28 49.904 0.048 49.856
20 49.952 0.048 49.904
27 49.904 0.048 49.856
13 50 0.048 49.952
9 50 0.048 49.952
30 50 0.048 49.952
13 49.952 0.16 49.792
9 49.952 0.16 49.792
30 49.952 0.16 49.792
30 49.792 0.048 49.744
9 49.792 0.048 49.744
10 49.952 0.048 49.904
13 49.792 0.048 49.744
30 49.744 0.16 49.584
9 49.744 0.16 49.584
10 49.904 0.16 49.744
10 49.744 0.048 49.696
9 49.584 0.048 49.536
30 49.584 0.048 49.536
13 49.744 0.16 49.584
7 50 0.048 49.952
23 50 0.048 49.952
9 49.536 0.048 49.488
10 49.8322 0.048 49.7842
13 49.584 0.048 49.536
30 49.536 0.048 49.488
38 50 0.048 49.952
18 50 0.048 49.952
27 49.9979 0.048 49.9499
20 49.904 0.048 49.856
28 49.963 0.048 49.915
19 50 0.048 49.952
26 50 0.048 49.952
31 49.952 0.048 49.904
32 50 0.048 49.952
39 50 0.048 49.952
7 49.952 0.048 49.904
23 49.952 0.048 49.904
2 50 0.048 49.952
25 50 0.048 49.952
33 50 0.048 49.952
35 49.952 0.048 49.904
29 50 0.048 49.952
17 50 0.048 49.952
5 50 0.048 49.952
21 50 0.048 49.952
18 49.952 0.048 49.904
38 49.952 0.048 49.904
11 50 0.048 49.952
15 50 0.048 49.952
36 50 0.048 49.952
32 49.952 0.048 49.904
26 49.952 0.048 49.904
31 50 0.048 49.952
20 50 0.048 49.952
27 49.9499 0.048 49.9019
28 49.915 0.048 49.867
29 49.952 0.048 49.904
1 50 0.048 49.952
35 50 0.048 49.952
28 49.867 0.048 49.819
20 49.952 0.048 49.904
27 49.9019 0.048 49.8539
10 49.7842 0.048 49.7362
9 49.8744 0.048 49.8264
30 49.7379 0.048 49.6899
7 50 0.048 49.952
23 50 0.048 49.952
39 50 0.048 49.952
9 49.8264 0.048 49.7784
10 50 0.048 49.952
13 49.9294 0.048 49.8814
30 49.6899 0.048 49.6419
38 50 0.048 49.952
18 50 0.048 49.952
27 50 0.048 49.952
20 49.904 0.048 49.856
28 50 0.048 49.952
19 50 0.048 49.952
26 50 0.048 49.952
31 49.952 0.048 49.904
32 50 0.048 49.952
39 49.952 0.048 49.904
7 49.952 0.048 49.904
23 49.952 0.048 49.904
2 50 0.048 49.952
25 50 0.048 49.952
33 50 0.048 49.952
35 49.952 0.048 49.904
29 50 0.048 49.952
17 50 0.048 49.952
5 50 0.048 49.952
21 50 0.048 49.952
18 49.952 0.048 49.904
38 49.952 0.048 49.904
11 50 0.048 49.952
15 50 0.048 49.952
36 50 0.048 49.952
32 49.952 0.048 49.904
26 49.952 0.048 49.904
31 50 0.048 49.952
20 50 0.048 49.952
27 49.952 0.048 49.904
28 49.952 0.048 49.904
29 49.952 0.048 49.904
1 50 0.048 49.952
35 50 0.048 49.952
28 49.904 0.048 49.856
20 49.952 0.048 49.904
27 49.904 0.048 49.856
10 49.952 0.048 49.904
9 49.992 0.048 49.944
30 50 0.048 49.952
7 50 0.048 49.952
23 50 0.048 49.952
39 50 0.048 49.952
9 49.944 0.048 49.896
10 50 0.048 49.952
13 50 0.048 49.952
30 49.952 0.048 49.904
34 50 0.048 49.952
3 50 0.048 49.952
14 50 0.048 49.952
37 50 0.048 49.952
34 49.952 0.16 49.792
3 49.952 0.16 49.792
3 49.792 0.048 49.744
14 49.952 0.048 49.904
34 49.792 0.048 49.744
37 49.952 0.048 49.904
3 49.744 0.16 49.584
14 49.904 0.16 49.744
37 49.904 0.16 49.744
14 49.744 0.16 49.584
14 49.584 0.048 49.536
3 49.584 0.048 49.536
34 49.744 0.048 49.696
34 49.696 0.16 49.536
37 49.744 0.16 49.584
38 50 0.048 49.952
18 50 0.048 49.952
27 50 0.048 49.952
20 49.904 0.048 49.856
28 50 0.048 49.952
19 50 0.048 49.952
26 50 0.048 49.952
31 49.952 0.048 49.904
32 50 0.048 49.952
39 49.952 0.048 49.904
7 49.952 0.048 49.904
23 49.952 0.048 49.904
2 50 0.048 49.952
25 50 0.048 49.952
33 50 0.048 49.952
35 49.952 0.048 49.904
29 50 0.048 49.952
17 50 0.048 49.952
5 50 0.048 49.952
21 50 0.048 49.952
24 50 0.048 49.952
22 50 0.048 49.952
24 49.952 0.16 49.792
22 49.952 0.16 49.792
22 49.792 0.048 49.744
24 49.792 0.048 49.744
18 49.952 0.048 49.904
38 49.952 0.048 49.904
11 50 0.048 49.952
15 50 0.048 49.952
36 50 0.048 49.952
32 49.952 0.048 49.904
26 49.952 0.048 49.904
31 50 0.048 49.952
20 50 0.048 49.952
27 49.952 0.048 49.904
28 49.952 0.048 49.904
29 49.952 0.048 49.904
1 50 0.048 49.952
35 50 0.048 49.952
28 49.904 0.048 49.856
20 49.952 0.048 49.904
27 49.904 0.048 49.856
10 49.952 0.048 49.904
9 50 0.048 49.952
30 50 0.048 49.952
7 50 0.048 49.952
23 50 0.048 49.952
39 50 0.048 49.952
33 50 0.048 49.952
2 50 0.048 49.952
25 49.952 0.048 49.904
33 49.952 0.16 49.792
2 49.952 0.16 49.792
25 49.904 0.16 49.744
25 49.744 0.048 49.696
2 49.792 0.048 49.744
33 49.792 0.048 49.744
40 50 0.048 49.952
25 49.696 0.16 49.536
2 49.744 0.16 49.584
33 49.744 0.16 49.584
40 49.952 0.16 49.792
40 49.792 0.048 49.744
25 49.536 0.048 49.488
9 49.952 0.048 49.904
10 50 0.048 49.952
13 50 0.048 49.952
30 49.952 0.048 49.904
14 49.9044 0.048 49.8564
3 49.7848 0.048 49.7368
34 49.6554 0.048 49.6074
38 50 0.048 49.952
18 50 0.048 49.952
27 49.9802 0.048 49.9322
20 49.904 0.048 49.856
28 50 0.048 49.952
19 50 0.048 49.952
26 50 0.048 49.952
31 49.952 0.048 49.904
32 50 0.048 49.952
39 49.952 0.048 49.904
7 49.952 0.048 49.904
23 49.952 0.048 49.904
2 49.584 0.048 49.536
25 49.6527 0.048 49.6047
33 49.584 0.048 49.536
35 49.952 0.048 49.904
29 50 0.048 49.952
17 50 0.048 49.952
5 50 0.048 49.952
21 50 0.048 49.952
22 49.9076 0.048 49.8596
24 50 0.048 49.952
18 49.952 0.048 49.904
38 49.952 0.048 49.904
11 50 0.048 49.952
15 50 0.048 49.952
36 50 0.048 49.952
32 49.952 0.048 49.904
26 49.952 0.048 49.904
31 50 0.048 49.952
20 49.9743 0.048 49.9263
27 49.9322 0.048 49.8842
28 49.952 0.048 49.904
29 49.952 0.048 49.904
1 50 0.048 49.952
35 50 0.048 49.952
28 49.904 0.048 49.856
20 49.9263 0.048 49.8783
27 49.8842 0.048 49.8362
10 49.952 0.048 49.904
9 50 0.048 49.952
30 50 0.048 49.952
7 50 0.048 49.952
23 50 0.048 49.952
39 50 0.048 49.952
40 49.9463 0.048 49.8983
25 49.6047 0.048 49.5567
9 49.952 0.048 49.904
10 50 0.048 49.952
13 50 0.048 49.952
30 49.952 0.048 49.904
14 49.987 0.048 49.939
3 50 0.048 49.952
34 49.7871 0.048 49.7391
38 50 0.048 49.952
18 50 0.048 49.952
27 50 0.048 49.952
20 49.8783 0.048 49.8303
28 49.9662 0.048 49.9182
19 50 0.048 49.952
26 50 0.048 49.952
31 49.952 0.048 49.904
32 50 0.048 49.952
39 49.952 0.048 49.904
7 49.952 0.048 49.904
23 49.952 0.048 49.904
2 49.7435 0.048 49.6955
25 49.7185 0.048 49.6705
33 49.7072 0.048 49.6592
35 49.952 0.048 49.904
29 50 0.048 49.952
17 50 0.048 49.952
5 50 0.048 49.952
21 50 0.048 49.952
22 50 0.048 49.952
24 50 0.048 49.952
18 49.952 0.048 49.904
38 49.952 0.048 49.904
11 50 0.048 49.952
15 50 0.048 49.952
36 50 0.048 49.952
32 49.952 0.048 49.904
26 49.952 0.048 49.904
31 50 0.048 49.952
20 49.9747 0.048 49.9267
27 49.952 0.048 49.904
28 49.9182 0.048 49.8702
15 50 0.048 49.952
11 49.952 0.048 49.904
36 49.952 0.048 49.904
15 49.952 0.16 49.792
11 49.904 0.16 49.744
36 49.904 0.16 49.744
36 49.744 0.048 49.696
11 49.744 0.048 49.696
15 49.792 0.048 49.744
29 49.952 0.048 49.904
1 50 0.048 49.952
35 50 0.048 49.952
28 49.8702 0.048 49.8222
20 49.9267 0.048 49.8787
27 49.904 0.048 49.856
10 49.952 0.048 49.904
9 50 0.048 49.952
30 50 0.048 49.952
7 50 0.048 49.952
23 50 0.048 49.952
39 50 0.048 49.952
40 50 0.048 49.952
25 49.6705 0.048 49.6225
9 49.952 0.048 49.904
10 50 0.048 49.952
13 50 0.048 49.952
30 49.952 0.048 49.904
14 50 0.048 49.952
3 50 0.048 49.952
34 49.9765 0.048 49.9285
38 50 0.048 49.952
18 50 0.048 49.952
27 50 0.048 49.952
20 49.8787 0.048 49.8307
28 50 0.048 49.952
19 50 0.048 49.952
2 49.7959 0.048 49.7479
26 50 0.048 49.952
31 49.952 0.048 49.904
32 50 0.048 49.952
39 49.952 0.048 49.904
7 49.952 0.048 49.904
23 49.952 0.048 49.904
39 49.904 0.16 49.744
7 49.904 0.16 49.744
23 49.904 0.16 49.744
2 49.7479 0.048 49.6999
25 49.9638 0.048 49.9158
33 49.8837 0.048 49.8357
35 49.952 0.048 49.904
17 50 0.048 49.952
5 50 0.048 49.952
21 50 0.048 49.952
22 50 0.048 49.952
24 50 0.048 49.952
18 49.952 0.048 49.904
38 49.952 0.048 49.904
11 50 0.048 49.952
15 49.744 0.048 49.696
36 49.948 0.048 49.9
32 49.952 0.048 49.904
26 49.952 0.048 49.904
31 50 0.048 49.952
20 50 0.048 49.952
27 49.952 0.048 49.904
28 49.952 0.048 49.904
36 49.9 0.048 49.852
11 49.952 0.048 49.904
15 49.9634 0.048 49.9154
29 50 0.048 49.952
1 50 0.048 49.952
35 50 0.048 49.952
28 49.904 0.048 49.856
20 49.952 0.048 49.904
27 49.904 0.048 49.856
10 49.952 0.048 49.904
9 50 0.048 49.952
30 50 0.048 49.952
7 49.989 0.048 49.941
23 50 0.048 49.952
39 50 0.048 49.952
7 49.941 0.16 49.781
23 49.952 0.16 49.792
39 49.952 0.16 49.792
40 50 0.048 49.952
25 49.9158 0.048 49.8678
9 49.952 0.048 49.904
10 50 0.048 49.952
13 50 0.048 49.952
30 49.952 0.048 49.904
14 50 0.048 49.952
3 50 0.048 49.952
34 50 0.048 49.952
38 50 0.048 49.952
18 50 0.048 49.952
27 50 0.048 49.952
20 49.904 0.048 49.856
28 50 0.048 49.952
19 50 0.048 49.952
26 50 0.048 49.952
31 49.952 0.048 49.904
32 50 0.048 49.952
2 50 0.048 49.952
25 49.9694 0.048 49.9214
33 49.9675 0.048 49.9195
35 49.952 0.048 49.904
29 50 0.048 49.952
17 50 0.048 49.952
5 50 0.048 49.952
21 50 0.048 49.952
22 50 0.048 49.952
24 50 0.048 49.952
18 49.952 0.048 49.904
38 49.952 0.048 49.904
11 50 0.048 49.952
15 49.9154 0.048 49.8674
36 50 0.048 49.952
32 49.952 0.048 49.904
26 49.952 0.048 49.904
31 50 0.048 49.952
20 50 0.048 49.952
27 49.952 0.048 49.904
28 49.952 0.048 49.904
36 49.952 0.048 49.904
11 49.952 0.048 49.904
15 50 0.048 49.952
29 49.952 0.048 49.904
1 50 0.048 49.952
35 50 0.048 49.952
28 49.904 0.048 49.856
20 49.952 0.048 49.904
27 49.904 0.048 49.856
10 49.952 0.048 49.904
9 50 0.048 49.952
30 50 0.048 49.952
40 50 0.048 49.952
25 49.9214 0.048 49.8734
9 49.952 0.048 49.904
10 50 0.048 49.952
13 50 0.048 49.952
30 49.952 0.048 49.904
14 50 0.048 49.952
3 50 0.048 49.952
34 50 0.048 49.952
38 50 0.048 49.952
18 50 0.048 49.952
27 50 0.048 49.952
20 49.904 0.048 49.856
28 50 0.048 49.952
19 50 0.048 49.952
26 50 0.048 49.952
31 49.952 0.048 49.904
32 50 0.048 49.952
2 50 0.048 49.952
25 50 0.048 49.952
33 50 0.048 49.952
35 49.952 0.048 49.904
29 50 0.048 49.952
16 50 0.048 49.952
17 50 0.048 49.952
5 50 0.048 49.952
21 50 0.048 49.952
22 50 0.048 49.952
24 50 0.048 49.952
18 49.952 0.048 49.904
38 49.952 0.048 49.904
11 50 0.048 49.952
15 49.952 0.048 49.904
36 50 0.048 49.952
32 49.952 0.048 49.904
26 49.952 0.048 49.904
31 50 0.048 49.952
20 50 0.048 49.952
27 49.952 0.048 49.904
28 49.952 0.048 49.904
36 49.952 0.048 49.904
11 49.952 0.048 49.904
15 50 0.048 49.952
29 49.952 0.048 49.904
1 50 0.048 49.952
35 50 0.048 49.952
28 49.904 0.048 49.856
20 49.952 0.048 49.904
27 49.904 0.048 49.856
10 49.952 0.048 49.904
9 50 0.048 49.952
30 50 0.048 49.952
40 50 0.048 49.952
25 49.952 0.048 49.904
9 49.952 0.048 49.904
10 50 0.048 49.952
13 50 0.048 49.952
30 49.952 0.048 49.904
14 50 0.048 49.952
3 50 0.048 49.952
34 50 0.048 49.952
38 50 0.048 49.952
18 50 0.048 49.952
38 49.952 0.16 49.792
18 49.952 0.16 49.792
27 50 0.048 49.952
20 49.904 0.048 49.856
28 50 0.048 49.952
19 50 0.048 49.952
26 50 0.048 49.952
31 49.952 0.048 49.904
32 50 0.048 49.952
2 50 0.048 49.952
25 50 0.048 49.952
33 50 0.048 49.952
35 49.952 0.048 49.904
29 50 0.048 49.952
16 50 0.048 49.952
17 50 0.048 49.952
5 50 0.048 49.952
21 50 0.048 49.952
22 50 0.048 49.952
24 50 0.048 49.952
18 49.792 0.048 49.744
38 49.792 0.048 49.744
18 49.744 0.16 49.584
38 49.744 0.16 49.584
11 50 0.048 49.952
15 49.952 0.048 49.904
36 50 0.048 49.952
32 49.952 0.048 49.904
26 49.952 0.048 49.904
31 50 0.048 49.952
20 50 0.048 49.952
27 49.952 0.048 49.904
28 49.952 0.048 49.904
36 49.952 0.048 49.904
11 49.952 0.048 49.904
15 50 0.048 49.952
29 49.952 0.048 49.904
1 50 0.048 49.952
35 50 0.048 49.952
28 49.904 0.048 49.856
20 49.952 0.048 49.904
27 49.904 0.048 49.856
10 49.952 0.048 49.904
9 50 0.048 49.952
30 50 0.048 49.952
40 50 0.048 49.952
25 49.952 0.048 49.904
9 49.952 0.048 49.904
10 50 0.048 49.952
13 50 0.048 49.952
30 49.952 0.048 49.904
14 50 0.048 49.952
3 50 0.048 49.952
27 49.974 0.048 49.926
20 49.904 0.048 49.856
28 50 0.048 49.952
19 50 0.048 49.952
26 50 0.048 49.952
31 49.952 0.048 49.904
32 50 0.048 49.952
2 50 0.048 49.952
25 50 0.048 49.952
33 50 0.048 49.952
35 49.952 0.048 49.904
29 50 0.048 49.952
16 50 0.048 49.952
17 50 0.048 49.952
5 50 0.048 49.952
21 50 0.048 49.952
22 50 0.048 49.952
24 50 0.048 49.952
11 50 0.048 49.952
15 49.952 0.048 49.904
36 50 0.048 49.952
32 49.952 0.048 49.904
26 49.952 0.048 49.904
31 50 0.048 49.952
20 50 0.048 49.952
27 49.926 0.048 49.878
28 49.952 0.048 49.904
36 49.952 0.048 49.904
11 49.952 0.048 49.904
15 50 0.048 49.952
29 49.952 0.048 49.904
1 50 0.048 49.952
35 50 0.048 49.952
28 49.904 0.048 49.856
20 49.952 0.048 49.904
27 49.878 0.048 49.83
28 49.856 0.16 49.696
20 49.904 0.16 49.744
27 49.83 0.16 49.67
10 49.952 0.048 49.904
9 50 0.048 49.952
40 50 0.048 49.952
9 49.952 0.048 49.904
10 50 0.048 49.952
13 50 0.048 49.952
30 50 0.048 49.952
14 50 0.048 49.952
3 50 0.048 49.952
34 50 0.048 49.952
27 49.9156 0.048 49.8676
20 49.744 0.048 49.696
28 50 0.048 49.952
19 50 0.048 49.952
26 50 0.048 49.952
31 49.952 0.048 49.904
32 50 0.048 49.952
2 50 0.048 49.952
25 50 0.048 49.952
33 50 0.048 49.952
35 49.952 0.048 49.904
29 50 0.048 49.952
16 50 0.048 49.952
17 50 0.048 49.952
5 50 0.048 49.952
21 50 0.048 49.952
22 50 0.048 49.952
24 50 0.048 49.952
1 50 0.048 49.952
29 49.952 0.048 49.904
11 50 0.048 49.952
15 49.952 0.048 49.904
36 50 0.048 49.952
32 49.952 0.048 49.904
26 49.952 0.048 49.904
31 50 0.048 49.952
20 50 0.048 49.952
27 49.8676 0.048 49.8196
28 49.952 0.048 49.904
20 49.952 0.16 49.792
27 49.8196 0.16 49.6596
28 49.904 0.16 49.744
36 49.952 0.048 49.904
11 49.952 0.048 49.904
15 50 0.048 49.952
29 49.904 0.048 49.856
1 49.952 0.048 49.904
35 50 0.048 49.952
10 49.952 0.048 49.904
9 50 0.048 49.952
40 50 0.048 49.952
25 49.952 0.048 49.904
9 49.952 0.048 49.904
10 50 0.048 49.952
13 50 0.048 49.952
30 50 0.048 49.952
14 50 0.048 49.952
3 50 0.048 49.952
34 50 0.048 49.952
27 50 0.048 49.952
20 49.792 0.048 49.744
28 49.979 0.048 49.931
27 49.952 0.16 49.792
20 49.744 0.16 49.584
28 49.931 0.16 49.771
19 50 0.048 49.952
26 50 0.048 49.952
31 49.952 0.048 49.904
32 50 0.048 49.952
2 50 0.048 49.952
25 50 0.048 49.952
33 50 0.048 49.952
35 49.952 0.048 49.904
29 50 0.048 49.952
16 50 0.048 49.952
17 50 0.048 49.952
5 50 0.048 49.952
21 50 0.048 49.952
22 50 0.048 49.952
24 50 0.048 49.952
1 50 0.048 49.952
29 49.952 0.048 49.904
11 50 0.048 49.952
15 49.952 0.048 49.904
36 50 0.048 49.952
32 49.952 0.048 49.904
26 49.952 0.048 49.904
31 50 0.048 49.952
36 49.952 0.048 49.904
11 49.952 0.048 49.904
15 50 0.048 49.952
29 49.904 0.048 49.856
1 49.952 0.048 49.904
35 50 0.048 49.952
10 49.952 0.048 49.904
9 50 0.048 49.952
40 50 0.048 49.952
9 49.952 0.048 49.904
10 50 0.048 49.952
13 50 0.048 49.952
30 50 0.048 49.952
14 50 0.048 49.952
3 50 0.048 49.952
34 50 0.048 49.952
19 50 0.048 49.952
26 50 0.048 49.952
31 49.952 0.048 49.904
32 50 0.048 49.952
2 50 0.048 49.952
25 50 0.048 49.952
33 50 0.048 49.952
35 49.952 0.048 49.904
29 49.989 0.048 49.941
16 50 0.048 49.952
17 50 0.048 49.952
5 50 0.048 49.952
21 50 0.048 49.952
22 50 0.048 49.952
24 50 0.048 49.952
1 50 0.048 49.952
29 49.941 0.048 49.893
11 50 0.048 49.952
15 49.952 0.048 49.904
36 50 0.048 49.952
32 49.952 0.048 49.904
26 49.952 0.048 49.904
31 50 0.048 49.952
36 49.952 0.048 49.904
11 49.952 0.048 49.904
15 50 0.048 49.952
29 49.893 0.048 49.845
1 49.952 0.048 49.904
35 50 0.048 49.952
10 49.952 0.048 49.904
9 50 0.048 49.952
40 50 0.048 49.952
9 49.952 0.048 49.904
10 50 0.048 49.952
13 50 0.048 49.952
30 50 0.048 49.952
14 50 0.048 49.952
3 50 0.048 49.952
34 50 0.048 49.952
19 50 0.048 49.952
26 50 0.048 49.952
31 49.952 0.048 49.904
32 50 0.048 49.952
2 50 0.048 49.952
25 50 0.048 49.952
33 50 0.048 49.952
35 49.952 0.048 49.904
29 50 0.048 49.952
35 49.904 0.16 49.744
29 49.952 0.16 49.792
16 50 0.048 49.952
17 50 0.048 49.952
5 50 0.048 49.952
21 50 0.048 49.952
22 50 0.048 49.952
24 50 0.048 49.952
1 50 0.048 49.952
29 49.792 0.048 49.744
11 50 0.048 49.952
15 49.952 0.048 49.904
36 50 0.048 49.952
32 49.952 0.048 49.904
26 49.952 0.048 49.904
31 50 0.048 49.952
36 49.952 0.048 49.904
11 49.952 0.048 49.904
15 50 0.048 49.952
29 49.744 0.048 49.696
1 49.952 0.048 49.904
35 49.9081 0.048 49.8601
29 49.696 0.16 49.536
1 49.904 0.16 49.744
35 49.8601 0.16 49.7001
35 49.7001 0.048 49.6521
29 49.536 0.048 49.488
35 49.6521 0.16 49.4921
29 49.488 0.16 49.328
10 49.952 0.048 49.904
9 50 0.048 49.952
40 50 0.048 49.952
9 49.952 0.048 49.904
10 50 0.048 49.952
13 50 0.048 49.952
30 50 0.048 49.952
14 50 0.048 49.952
3 50 0.048 49.952
34 50 0.048 49.952
19 50 0.048 49.952
26 50 0.048 49.952
31 49.952 0.048 49.904
32 50 0.048 49.952
2 50 0.048 49.952
25 50 0.048 49.952
33 50 0.048 49.952
16 50 0.048 49.952
17 50 0.048 49.952
5 50 0.048 49.952
21 50 0.048 49.952
22 50 0.048 49.952
24 50 0.048 49.952
1 50 0.048 49.952
29 49.6697 0.048 49.6217
1 49.952 0.16 49.792
29 49.6217 0.16 49.4617
11 50 0.048 49.952
15 49.952 0.048 49.904
36 50 0.048 49.952
32 49.952 0.048 49.904
26 49.952 0.048 49.904
31 50 0.048 49.952
36 49.952 0.048 49.904
11 49.952 0.048 49.904
15 50 0.048 49.952
10 49.952 0.048 49.904
9 50 0.048 49.952
40 50 0.048 49.952
9 49.952 0.048 49.904
10 50 0.048 49.952
13 50 0.048 49.952
30 50 0.048 49.952
14 50 0.048 49.952
3 50 0.048 49.952
34 50 0.048 49.952
19 50 0.048 49.952
2 50 0.048 49.952
26 50 0.048 49.952
31 49.952 0.048 49.904
32 50 0.048 49.952
2 49.952 0.048 49.904
19 49.952 0.048 49.904
25 50 0.048 49.952
33 50 0.048 49.952
16 50 0.048 49.952
17 50 0.048 49.952
5 50 0.048 49.952
21 50 0.048 49.952
22 50 0.048 49.952
24 50 0.048 49.952
11 50 0.048 49.952
15 49.952 0.048 49.904
36 50 0.048 49.952
32 49.952 0.048 49.904
26 49.952 0.048 49.904
31 50 0.048 49.952
36 49.952 0.048 49.904
11 49.952 0.048 49.904
15 50 0.048 49.952
10 49.952 0.048 49.904
9 50 0.048 49.952
30 50 0.048 49.952
40 50 0.048 49.952
9 49.952 0.048 49.904
10 50 0.048 49.952
13 50 0.048 49.952
30 49.952 0.048 49.904
14 50 0.048 49.952
3 50 0.048 49.952
34 50 0.048 49.952
19 50 0.048 49.952
26 50 0.048 49.952
31 49.952 0.048 49.904
32 50 0.048 49.952
2 50 0.048 49.952
25 50 0.048 49.952
33 50 0.048 49.952
16 50 0.048 49.952
17 50 0.048 49.952
30 50 0.048 49.952
9 49.904 0.048 49.856
10 49.952 0.048 49.904
13 50 0.048 49.952
30 49.952 0.16 49.792
9 49.856 0.16 49.696
10 49.904 0.16 49.744
13 49.952 0.16 49.792
13 49.792 0.048 49.744
9 49.696 0.048 49.648
30 49.792 0.048 49.744
5 50 0.048 49.952
21 50 0.048 49.952
22 50 0.048 49.952
24 50 0.048 49.952
11 50 0.048 49.952
15 49.952 0.048 49.904
36 50 0.048 49.952
32 49.952 0.048 49.904
26 49.952 0.048 49.904
31 50 0.048 49.952
36 49.952 0.048 49.904
11 49.952 0.048 49.904
15 50 0.048 49.952
10 49.744 0.048 49.696
9 49.7734 0.048 49.7254
30 49.744 0.048 49.696
40 50 0.048 49.952
9 49.7254 0.048 49.6774
10 49.8995 0.048 49.8515
13 49.744 0.048 49.696
30 49.696 0.048 49.648
14 50 0.048 49.952
3 50 0.048 49.952
34 50 0.048 49.952
19 50 0.048 49.952
2 50 0.048 49.952
26 50 0.048 49.952
31 49.952 0.048 49.904
32 50 0.048 49.952
2 49.952 0.048 49.904
19 49.952 0.048 49.904
25 50 0.048 49.952
33 50 0.048 49.952
31 49.904 0.048 49.856
26 49.952 0.048 49.904
32 49.952 0.048 49.904
16 50 0.048 49.952
17 50 0.048 49.952
13 49.8397 0.048 49.7917
9 49.6774 0.048 49.6294
30 50 0.048 49.952
5 50 0.048 49.952
21 50 0.048 49.952
22 50 0.048 49.952
24 50 0.048 49.952
11 50 0.048 49.952
15 49.952 0.048 49.904
36 50 0.048 49.952
32 49.904 0.048 49.856
26 49.904 0.048 49.856
31 50 0.048 49.952
36 49.952 0.048 49.904
11 49.952 0.048 49.904
15 50 0.048 49.952
10 49.8515 0.048 49.8035
9 49.9412 0.048 49.8932
30 49.952 0.048 49.904
40 50 0.048 49.952
9 49.8932 0.048 49.8452
10 50 0.048 49.952
13 49.7917 0.048 49.7437
30 49.904 0.048 49.856
25 49.952 0.048 49.904
2 50 0.048 49.952
33 50 0.048 49.952
25 49.904 0.16 49.744
2 49.952 0.16 49.792
33 49.952 0.16 49.792
33 49.792 0.048 49.744
2 49.792 0.048 49.744
25 49.744 0.048 49.696
14 50 0.048 49.952
3 50 0.048 49.952
34 50 0.048 49.952
19 50 0.048 49.952
2 49.744 0.048 49.696
26 50 0.048 49.952
31 49.952 0.048 49.904
32 50 0.048 49.952
2 49.696 0.048 49.648
19 49.952 0.048 49.904
25 49.8103 0.048 49.7623
33 49.744 0.048 49.696
31 49.904 0.048 49.856
26 49.952 0.048 49.904
32 49.952 0.048 49.904
16 50 0.048 49.952
17 50 0.048 49.952
13 49.9949 0.048 49.9469
9 49.8452 0.048 49.7972
30 50 0.048 49.952
5 50 0.048 49.952
21 50 0.048 49.952
22 50 0.048 49.952
24 50 0.048 49.952
11 50 0.048 49.952
15 49.952 0.048 49.904
36 50 0.048 49.952
32 49.904 0.048 49.856
26 49.904 0.048 49.856
31 50 0.048 49.952
36 49.952 0.048 49.904
11 49.952 0.048 49.904
15 50 0.048 49.952
10 49.952 0.048 49.904
9 50 0.048 49.952
30 49.952 0.048 49.904
40 50 0.048 49.952
9 49.952 0.048 49.904
10 50 0.048 49.952
13 49.9469 0.048 49.8989
30 49.904 0.048 49.856
33 50 0.048 49.952
2 50 0.048 49.952
25 49.7623 0.048 49.7143
14 50 0.048 49.952
3 50 0.048 49.952
34 50 0.048 49.952
19 50 0.048 49.952
2 49.952 0.048 49.904
26 50 0.048 49.952
31 49.952 0.048 49.904
32 50 0.048 49.952
2 49.904 0.048 49.856
19 49.952 0.048 49.904
25 49.9329 0.048 49.8849
33 49.952 0.048 49.904
31 49.904 0.048 49.856
26 49.952 0.048 49.904
32 49.952 0.048 49.904
16 50 0.048 49.952
17 50 0.048 49.952
13 50 0.048 49.952
9 49.904 0.048 49.856
30 50 0.048 49.952
5 50 0.048 49.952
21 50 0.048 49.952
22 50 0.048 49.952
24 50 0.048 49.952
11 50 0.048 49.952
15 49.952 0.048 49.904
36 50 0.048 49.952
32 49.904 0.048 49.856
26 49.904 0.048 49.856
31 50 0.048 49.952
36 49.952 0.048 49.904
11 49.952 0.048 49.904
15 50 0.048 49.952
10 49.952 0.048 49.904
9 50 0.048 49.952
30 49.952 0.048 49.904
40 50 0.048 49.952
25 49.8849 0.048 49.8369
9 49.952 0.048 49.904
10 50 0.048 49.952
13 49.952 0.048 49.904
30 49.904 0.048 49.856
33 50 0.048 49.952
2 50 0.048 49.952
25 49.8369 0.048 49.7889
14 50 0.048 49.952
3 50 0.048 49.952
34 50 0.048 49.952
19 50 0.048 49.952
2 49.952 0.048 49.904
26 50 0.048 49.952
31 49.952 0.048 49.904
32 50 0.048 49.952
2 49.904 0.048 49.856
19 49.952 0.048 49.904
25 50 0.048 49.952
33 49.952 0.048 49.904
31 49.904 0.048 49.856
26 49.952 0.048 49.904
32 49.952 0.048 49.904
16 50 0.048 49.952
17 50 0.048 49.952
13 50 0.048 49.952
9 49.904 0.048 49.856
30 50 0.048 49.952
5 50 0.048 49.952
21 50 0.048 49.952
22 50 0.048 49.952
24 50 0.048 49.952
11 50 0.048 49.952
15 49.952 0.048 49.904
36 50 0.048 49.952
32 49.904 0.048 49.856
26 49.904 0.048 49.856
31 50 0.048 49.952
36 49.952 0.048 49.904
11 49.952 0.048 49.904
15 50 0.048 49.952
4 50 0.048 49.952
8 50 0.048 49.952
37 50 0.048 49.952
4 49.952 0.16 49.792
8 49.952 0.16 49.792
8 49.792 0.048 49.744
4 49.792 0.048 49.744
37 49.952 0.16 49.792
10 49.952 0.048 49.904
9 50 0.048 49.952
30 49.952 0.048 49.904
10 49.904 0.16 49.744
9 49.952 0.16 49.792
30 49.904 0.16 49.744
40 50 0.048 49.952
25 49.952 0.048 49.904
9 49.792 0.048 49.744
10 49.9263 0.048 49.8783
13 49.952 0.048 49.904
30 49.744 0.048 49.696
33 50 0.048 49.952
2 50 0.048 49.952
25 49.904 0.048 49.856
14 50 0.048 49.952
3 50 0.048 49.952
34 50 0.048 49.952
19 50 0.048 49.952
2 49.952 0.048 49.904
26 50 0.048 49.952
31 49.952 0.048 49.904
32 50 0.048 49.952
2 49.904 0.048 49.856
19 49.952 0.048 49.904
25 50 0.048 49.952
33 49.952 0.048 49.904
31 49.904 0.048 49.856
26 49.952 0.048 49.904
32 49.952 0.048 49.904
16 50 0.048 49.952
17 50 0.048 49.952
13 50 0.048 49.952
9 49.744 0.048 49.696
30 50 0.048 49.952
13 49.952 0.16 49.792
9 49.696 0.16 49.536
30 49.952 0.16 49.792
5 50 0.048 49.952
21 50 0.048 49.952
22 50 0.048 49.952
24 50 0.048 49.952
11 50 0.048 49.952
15 49.952 0.048 49.904
36 50 0.048 49.952
32 49.904 0.048 49.856
26 49.904 0.048 49.856
31 50 0.048 49.952
36 49.952 0.048 49.904
11 49.952 0.048 49.904
15 50 0.048 49.952
8 50 0.048 49.952
4 50 0.048 49.952
40 50 0.048 49.952
25 49.952 0.048 49.904
23 50 0.048 49.952
7 50 0.048 49.952
39 50 0.048 49.952
23 49.952 0.16 49.792
7 49.952 0.16 49.792
7 49.792 0.048 49.744
23 49.792 0.048 49.744
39 49.952 0.048 49.904
7 49.744 0.16 49.584
39 49.904 0.16 49.744
23 49.744 0.16 49.584
39 49.744 0.16 49.584
39 49.584 0.048 49.536
7 49.584 0.048 49.536
23 49.584 0.048 49.536
9 49.7505 0.048 49.7025
10 50 0.048 49.952
13 49.792 0.048 49.744
30 49.792 0.048 49.744
9 49.7025 0.16 49.5425
10 49.952 0.16 49.792
13 49.744 0.16 49.584
30 49.744 0.16 49.584
33 50 0.048 49.952
2 50 0.048 49.952
25 49.904 0.048 49.856
14 50 0.048 49.952
3 50 0.048 49.952
34 50 0.048 49.952
19 50 0.048 49.952
2 49.952 0.048 49.904
26 50 0.048 49.952
31 49.952 0.048 49.904
32 49.9577 0.048 49.9097
2 49.904 0.048 49.856
19 49.952 0.048 49.904
25 50 0.048 49.952
33 49.952 0.048 49.904
31 49.904 0.048 49.856
26 49.952 0.048 49.904
32 49.9097 0.048 49.8617
16 50 0.048 49.952
17 50 0.048 49.952
5 50 0.048 49.952
21 50 0.048 49.952
22 50 0.048 49.952
24 50 0.048 49.952
11 50 0.048 49.952
15 49.952 0.048 49.904
36 50 0.048 49.952
32 49.8617 0.048 49.8137
26 49.904 0.048 49.856
31 50 0.048 49.952
36 49.952 0.048 49.904
11 49.952 0.048 49.904
15 50 0.048 49.952
8 50 0.048 49.952
4 50 0.048 49.952
40 50 0.048 49.952
25 49.952 0.048 49.904
39 49.6819 0.048 49.6339
7 49.6643 0.048 49.6163
23 49.7906 0.048 49.7426
33 50 0.048 49.952
2 50 0.048 49.952
25 49.904 0.048 49.856
14 50 0.048 49.952
3 50 0.048 49.952
34 50 0.048 49.952
19 50 0.048 49.952
2 49.952 0.048 49.904
26 49.99 0.048 49.942
31 49.952 0.048 49.904
32 49.9932 0.048 49.9452
2 49.904 0.048 49.856
19 49.952 0.048 49.904
25 50 0.048 49.952
33 49.952 0.048 49.904
31 49.904 0.048 49.856
26 49.942 0.048 49.894
32 49.9452 0.048 49.8972
16 50 0.048 49.952
17 50 0.048 49.952
17 49.952 0.16 49.792
5 50 0.048 49.952
21 50 0.048 49.952
22 50 0.048 49.952
24 50 0.048 49.952
13 50 0.048 49.952
9 49.8963 0.048 49.8483
30 50 0.048 49.952
13 49.952 0.16 49.792
9 49.8483 0.16 49.6883
30 49.952 0.16 49.792
11 50 0.048 49.952
15 49.952 0.048 49.904
36 50 0.048 49.952
32 49.8972 0.048 49.8492
26 49.894 0.048 49.846
31 50 0.048 49.952
36 49.952 0.048 49.904
11 49.952 0.048 49.904
15 50 0.048 49.952
8 50 0.048 49.952
4 50 0.048 49.952
40 50 0.048 49.952
25 49.952 0.048 49.904
39 49.8246 0.048 49.7766
7 49.903 0.048 49.855
23 50 0.048 49.952
33 50 0.048 49.952
2 49.9644 0.048 49.9164
25 49.904 0.048 49.856
14 50 0.048 49.952
3 50 0.048 49.952
34 50 0.048 49.952
19 50 0.048 49.952
2 49.9164 0.048 49.8684
26 50 0.048 49.952
31 49.952 0.048 49.904
32 50 0.048 49.952
2 49.8684 0.048 49.8204
19 49.952 0.048 49.904
25 50 0.048 49.952
33 49.952 0.048 49.904
31 49.904 0.048 49.856
26 49.952 0.048 49.904
32 49.952 0.048 49.904
16 50 0.048 49.952
5 50 0.048 49.952
21 50 0.048 49.952
22 50 0.048 49.952
24 50 0.048 49.952
11 50 0.048 49.952
15 49.952 0.048 49.904
36 50 0.048 49.952
32 49.904 0.048 49.856
26 49.904 0.048 49.856
31 50 0.048 49.952
32 49.856 0.16 49.696
26 49.856 0.16 49.696
31 49.952 0.16 49.792
37 50 0.048 49.952
3 50 0.048 49.952
4 50 0.048 49.952
8 50 0.048 49.952
34 50 0.048 49.952
37 49.952 0.16 49.792
3 49.952 0.16 49.792
3 49.792 0.048 49.744
14 50 0.048 49.952
34 49.952 0.048 49.904
37 49.792 0.048 49.744
3 49.744 0.16 49.584
4 49.952 0.16 49.792
8 49.952 0.16 49.792
34 49.904 0.16 49.744
14 49.952 0.16 49.792
34 49.744 0.16 49.584
34 49.584 0.048 49.536
3 49.584 0.048 49.536
14 49.792 0.048 49.744
37 49.744 0.048 49.696
37 49.696 0.16 49.536
36 49.952 0.048 49.904
11 49.952 0.048 49.904
15 50 0.048 49.952
8 49.792 0.048 49.744
4 49.792 0.048 49.744
37 49.536 0.048 49.488
8 49.744 0.16 49.584
4 49.744 0.16 49.584
37 49.488 0.16 49.328
37 49.328 0.048 49.28
3 49.536 0.048 49.488
4 49.584 0.048 49.536
8 49.584 0.048 49.536
34 49.536 0.048 49.488
37 49.28 0.16 49.12
3 49.488 0.16 49.328
3 49.328 0.048 49.28
14 49.744 0.048 49.696
34 49.488 0.048 49.44
37 49.12 0.048 49.072
4 49.536 0.16 49.376
8 49.536 0.16 49.376
34 49.44 0.16 49.28
40 50 0.048 49.952
25 49.952 0.048 49.904
39 50 0.048 49.952
7 49.9688 0.048 49.9208
23 50 0.048 49.952
33 50 0.048 49.952
2 49.9736 0.048 49.9256
25 49.904 0.048 49.856
14 49.696 0.048 49.648
3 49.28 0.048 49.232
34 49.28 0.048 49.232
19 50 0.048 49.952
2 49.9256 0.048 49.8776
26 49.7984 0.048 49.7504
31 49.792 0.048 49.744
32 50 0.048 49.952
26 49.7504 0.16 49.5904
31 49.744 0.16 49.584
32 49.952 0.16 49.792
2 49.8776 0.048 49.8296
19 49.952 0.048 49.904
25 50 0.048 49.952
33 49.952 0.048 49.904
31 49.584 0.048 49.536
26 49.5904 0.048 49.5424
32 49.792 0.048 49.744
31 49.536 0.16 49.376
26 49.5424 0.16 49.3824
32 49.744 0.16 49.584
16 50 0.048 49.952
5 50 0.048 49.952
21 50 0.048 49.952
22 50 0.048 49.952
24 50 0.048 49.952
11 50 0.048 49.952
15 49.952 0.048 49.904
36 50 0.048 49.952
34 49.3792 0.048 49.3312
3 49.6193 0.048 49.5713
14 49.8805 0.048 49.8325
37 49.3248 0.048 49.2768
36 49.952 0.048 49.904
11 49.952 0.048 49.904
15 50 0.048 49.952
3 49.5713 0.048 49.5233
14 49.8325 0.048 49.7845
34 49.3312 0.048 49.2832
37 49.2768 0.048 49.2288
40 50 0.048 49.952
25 49.952 0.048 49.904
39 50 0.048 49.952
7 50 0.048 49.952
23 50 0.048 49.952
33 50 0.048 49.952
2 49.9497 0.048 49.9017
25 49.904 0.048 49.856
14 49.7845 0.048 49.7365
3 49.5233 0.048 49.4753
34 49.2832 0.048 49.2352
19 50 0.048 49.952
2 49.9017 0.048 49.8537
2 49.8537 0.048 49.8057
19 49.952 0.048 49.904
25 50 0.048 49.952
33 49.952 0.048 49.904
16 50 0.048 49.952
5 50 0.048 49.952
21 50 0.048 49.952
22 50 0.048 49.952
24 50 0.048 49.952
11 50 0.048 49.952
15 49.952 0.048 49.904
36 50 0.048 49.952
34 49.5518 0.048 49.5038
3 49.6976 0.048 49.6496
14 50 0.048 49.952
37 49.4423 0.048 49.3943
36 49.952 0.048 49.904
11 49.952 0.048 49.904
15 50 0.048 49.952
3 49.6496 0.048 49.6016
14 49.952 0.048 49.904
34 49.5038 0.048 49.4558
37 49.3943 0.048 49.3463
40 50 0.048 49.952
25 49.952 0.048 49.904
39 50 0.048 49.952
7 50 0.048 49.952
23 50 0.048 49.952
33 50 0.048 49.952
2 50 0.048 49.952
25 49.904 0.048 49.856
14 49.904 0.048 49.856
3 49.6016 0.048 49.5536
34 49.4558 0.048 49.4078
19 50 0.048 49.952
2 49.952 0.048 49.904
2 49.904 0.048 49.856
19 49.952 0.048 49.904
25 50 0.048 49.952
33 49.952 0.048 49.904
16 50 0.048 49.952
5 50 0.048 49.952
21 50 0.048 49.952
5 49.952 0.16 49.792
21 49.952 0.16 49.792
22 50 0.048 49.952
24 50 0.048 49.952
11 50 0.048 49.952
15 49.952 0.048 49.904
36 50 0.048 49.952
34 49.6541 0.048 49.6061
3 49.9285 0.048 49.8805
14 50 0.048 49.952
37 49.7162 0.048 49.6682
36 49.952 0.048 49.904
11 49.952 0.048 49.904
15 50 0.048 49.952
3 49.8805 0.048 49.8325
14 49.952 0.048 49.904
34 49.6061 0.048 49.5581
40 50 0.048 49.952
25 49.952 0.048 49.904
39 50 0.048 49.952
7 50 0.048 49.952
23 50 0.048 49.952
33 50 0.048 49.952
2 49.9781 0.048 49.9301
25 49.904 0.048 49.856
14 49.904 0.048 49.856
3 49.8325 0.048 49.7845
19 50 0.048 49.952
2 49.9301 0.048 49.8821
2 49.8821 0.048 49.8341
19 49.952 0.048 49.904
25 50 0.048 49.952
33 49.952 0.048 49.904
16 50 0.048 49.952
22 50 0.048 49.952
22 49.952 0.048 49.904
16 49.952 0.048 49.904
24 50 0.048 49.952
11 50 0.048 49.952
15 49.952 0.048 49.904
36 50 0.048 49.952
34 49.87 0.048 49.822
3 50 0.048 49.952
14 50 0.048 49.952
37 49.8887 0.048 49.8407
36 49.952 0.048 49.904
11 49.952 0.048 49.904
15 50 0.048 49.952
3 49.952 0.048 49.904
14 49.952 0.048 49.904
34 49.822 0.048 49.774
37 49.8407 0.048 49.7927
40 50 0.048 49.952
39 50 0.048 49.952
7 50 0.048 49.952
23 50 0.048 49.952
33 50 0.048 49.952
2 49.9647 0.048 49.9167
25 49.952 0.048 49.904
14 49.904 0.048 49.856
3 49.904 0.048 49.856
19 50 0.048 49.952
2 49.9167 0.048 49.8687
2 49.8687 0.048 49.8207
19 49.952 0.048 49.904
25 50 0.048 49.952
33 49.952 0.048 49.904
16 50 0.048 49.952
22 50 0.048 49.952
22 49.952 0.048 49.904
16 49.952 0.048 49.904
24 50 0.048 49.952
11 50 0.048 49.952
15 49.952 0.048 49.904
36 50 0.048 49.952
34 49.9766 0.048 49.9286
3 50 0.048 49.952
14 50 0.048 49.952
37 50 0.048 49.952
36 49.952 0.048 49.904
11 49.952 0.048 49.904
15 50 0.048 49.952
3 49.952 0.048 49.904
14 49.952 0.048 49.904
34 49.9286 0.048 49.8806
40 50 0.048 49.952
25 49.952 0.048 49.904
40 49.952 0.16 49.792
25 49.904 0.16 49.744
39 50 0.048 49.952
7 50 0.048 49.952
23 50 0.048 49.952
33 50 0.048 49.952
2 50 0.048 49.952
25 49.744 0.048 49.696
14 49.904 0.048 49.856
3 49.904 0.048 49.856
34 49.8806 0.048 49.8326
19 50 0.048 49.952
2 49.952 0.048 49.904
2 49.904 0.048 49.856
19 49.952 0.048 49.904
25 50 0.048 49.952
33 49.952 0.048 49.904
16 50 0.048 49.952
22 50 0.048 49.952
22 49.952 0.048 49.904
16 49.952 0.048 49.904
24 50 0.048 49.952
11 50 0.048 49.952
15 49.952 0.048 49.904
36 50 0.048 49.952
34 49.9532 0.048 49.9052
3 50 0.048 49.952
14 50 0.048 49.952
37 50 0.048 49.952
36 49.952 0.048 49.904
11 49.952 0.048 49.904
15 50 0.048 49.952
3 49.952 0.048 49.904
14 49.952 0.048 49.904
34 49.9052 0.048 49.8572
39 50 0.048 49.952
7 50 0.048 49.952
23 50 0.048 49.952
33 50 0.048 49.952
2 50 0.048 49.952
25 49.952 0.048 49.904
33 49.952 0.16 49.792
2 49.952 0.16 49.792
25 49.904 0.16 49.744
14 49.904 0.048 49.856
3 49.904 0.048 49.856
34 49.8572 0.048 49.8092
19 50 0.048 49.952
2 49.792 0.048 49.744
2 49.744 0.048 49.696
19 49.952 0.048 49.904
25 50 0.048 49.952
33 49.792 0.048 49.744
16 50 0.048 49.952
22 50 0.048 49.952
22 49.952 0.048 49.904
16 49.952 0.048 49.904
24 50 0.048 49.952
11 50 0.048 49.952
15 49.952 0.048 49.904
36 50 0.048 49.952
34 49.9109 0.048 49.8629
3 50 0.048 49.952
14 50 0.048 49.952
37 50 0.048 49.952
36 49.952 0.048 49.904
11 49.952 0.048 49.904
15 50 0.048 49.952
3 49.952 0.048 49.904
14 49.952 0.048 49.904
34 49.8629 0.048 49.8149
37 49.952 0.048 49.904
39 50 0.048 49.952
7 50 0.048 49.952
23 50 0.048 49.952
14 49.904 0.048 49.856
3 49.904 0.048 49.856
34 49.8149 0.048 49.7669
19 50 0.048 49.952
2 49.955 0.048 49.907
2 49.907 0.048 49.859
19 49.952 0.048 49.904
25 50 0.048 49.952
33 50 0.048 49.952
2 49.859 0.16 49.699
19 49.904 0.16 49.744
25 49.952 0.16 49.792
33 49.952 0.16 49.792
16 50 0.048 49.952
22 50 0.048 49.952
24 50 0.048 49.952
11 50 0.048 49.952
15 49.952 0.048 49.904
36 50 0.048 49.952
34 50 0.048 49.952
3 50 0.048 49.952
14 50 0.048 49.952
37 50 0.048 49.952
36 49.952 0.048 49.904
11 49.952 0.048 49.904
15 50 0.048 49.952
3 49.952 0.048 49.904
14 49.952 0.048 49.904
34 49.952 0.048 49.904
37 49.952 0.048 49.904
39 50 0.048 49.952
7 50 0.048 49.952
23 50 0.048 49.952
14 49.904 0.048 49.856
3 49.904 0.048 49.856
34 49.904 0.048 49.856
19 50 0.048 49.952
2 49.954 0.048 49.906
19 49.952 0.16 49.792
2 49.906 0.16 49.746
16 50 0.048 49.952
22 50 0.048 49.952
24 50 0.048 49.952
11 50 0.048 49.952
15 49.952 0.048 49.904
36 50 0.048 49.952
34 49.9892 0.048 49.9412
3 50 0.048 49.952
14 50 0.048 49.952
37 50 0.048 49.952
36 49.952 0.048 49.904
11 49.952 0.048 49.904
15 50 0.048 49.952
3 49.952 0.048 49.904
14 49.952 0.048 49.904
34 49.9412 0.048 49.8932
37 49.952 0.048 49.904
39 50 0.048 49.952
7 50 0.048 49.952
23 50 0.048 49.952
14 49.904 0.048 49.856
3 49.904 0.048 49.856
34 49.8932 0.048 49.8452
16 50 0.048 49.952
22 50 0.048 49.952
24 50 0.048 49.952
11 50 0.048 49.952
15 49.952 0.048 49.904
36 50 0.048 49.952
34 50 0.048 49.952
3 50 0.048 49.952
14 50 0.048 49.952
37 50 0.048 49.952
36 49.952 0.048 49.904
11 49.952 0.048 49.904
15 50 0.048 49.952
3 49.952 0.048 49.904
14 49.952 0.048 49.904
34 49.952 0.048 49.904
37 49.952 0.048 49.904
39 50 0.048 49.952
7 50 0.048 49.952
23 50 0.048 49.952
14 49.904 0.048 49.856
3 49.904 0.048 49.856
34 49.904 0.048 49.856
16 50 0.048 49.952
22 50 0.048 49.952
24 50 0.048 49.952
11 50 0.048 49.952
15 49.952 0.048 49.904
36 50 0.048 49.952
11 49.952 0.16 49.792
15 49.904 0.16 49.744
36 49.952 0.16 49.792
34 49.9613 0.048 49.9133
3 50 0.048 49.952
14 50 0.048 49.952
37 50 0.048 49.952
36 49.792 0.048 49.744
11 49.792 0.048 49.744
15 50 0.048 49.952
36 49.744 0.16 49.584
11 49.744 0.16 49.584
11 49.584 0.048 49.536
15 49.952 0.048 49.904
36 49.584 0.048 49.536
11 49.536 0.16 49.376
15 49.904 0.16 49.744
15 49.744 0.16 49.584
36 49.536 0.16 49.376
3 49.952 0.048 49.904
14 49.952 0.048 49.904
34 49.9133 0.048 49.8653
37 49.952 0.048 49.904
39 50 0.048 49.952
7 50 0.048 49.952
23 50 0.048 49.952
14 49.904 0.048 49.856
3 49.904 0.048 49.856
34 49.8653 0.048 49.8173
16 50 0.048 49.952
22 50 0.048 49.952
24 50 0.048 49.952
34 50 0.048 49.952
3 50 0.048 49.952
14 50 0.048 49.952
37 50 0.048 49.952
3 49.952 0.048 49.904
14 49.952 0.048 49.904
34 49.952 0.048 49.904
37 49.952 0.048 49.904
39 50 0.048 49.952
7 50 0.048 49.952
23 50 0.048 49.952
14 49.904 0.048 49.856
3 49.904 0.048 49.856
34 49.904 0.048 49.856
16 50 0.048 49.952
22 50 0.048 49.952
24 50 0.048 49.952
34 50 0.048 49.952
3 50 0.048 49.952
14 50 0.048 49.952
37 50 0.048 49.952
3 49.952 0.048 49.904
14 49.952 0.048 49.904
34 49.952 0.048 49.904
37 49.952 0.048 49.904
39 50 0.048 49.952
7 50 0.048 49.952
23 50 0.048 49.952
14 49.904 0.048 49.856
3 49.904 0.048 49.856
34 49.904 0.048 49.856
16 50 0.048 49.952
22 50 0.048 49.952
24 50 0.048 49.952
22 49.952 0.16 49.792
24 49.952 0.16 49.792
34 50 0.048 49.952
3 50 0.048 49.952
14 50 0.048 49.952
37 50 0.048 49.952
3 49.952 0.048 49.904
14 49.952 0.048 49.904
34 49.952 0.048 49.904
37 49.952 0.048 49.904
39 50 0.048 49.952
7 50 0.048 49.952
23 50 0.048 49.952
14 49.904 0.048 49.856
3 49.904 0.048 49.856
34 49.904 0.048 49.856
16 50 0.048 49.952
34 50 0.048 49.952
3 50 0.048 49.952
14 49.9923 0.048 49.9443
37 50 0.048 49.952
3 49.952 0.048 49.904
14 49.9443 0.048 49.8963
34 49.952 0.048 49.904
37 49.952 0.048 49.904
39 50 0.048 49.952
7 50 0.048 49.952
23 50 0.048 49.952
14 49.8963 0.048 49.8483
3 49.904 0.048 49.856
34 49.904 0.048 49.856
16 50 0.048 49.952
16 49.952 0.16 49.792
34 50 0.048 49.952
3 50 0.048 49.952
14 50 0.048 49.952
37 50 0.048 49.952
3 49.952 0.048 49.904
14 49.952 0.048 49.904
34 49.952 0.048 49.904
37 49.952 0.048 49.904
39 50 0.048 49.952
7 50 0.048 49.952
23 50 0.048 49.952
14 49.904 0.048 49.856
3 49.904 0.048 49.856
34 49.904 0.048 49.856
34 50 0.048 49.952
3 50 0.048 49.952
14 50 0.048 49.952
37 50 0.048 49.952
3 49.952 0.048 49.904
14 49.952 0.048 49.904
34 49.952 0.048 49.904
37 49.952 0.048 49.904
39 50 0.048 49.952
7 50 0.048 49.952
23 50 0.048 49.952
14 49.904 0.048 49.856
3 49.904 0.048 49.856
34 49.904 0.048 49.856
34 50 0.048 49.952
3 50 0.048 49.952
14 49.9855 0.048 49.9375
37 50 0.048 49.952
34 49.952 0.16 49.792
3 49.952 0.16 49.792
14 49.9375 0.16 49.7775
37 49.952 0.16 49.792
3 49.792 0.048 49.744
14 49.7775 0.048 49.7295
34 49.792 0.048 49.744
37 49.792 0.048 49.744
3 49.744 0.16 49.584
14 49.7295 0.16 49.5695
34 49.744 0.16 49.584
34 49.584 0.048 49.536
3 49.584 0.048 49.536
14 49.5695 0.048 49.5215
37 49.744 0.048 49.696
34 49.536 0.16 49.376
37 49.696 0.16 49.536
3 49.536 0.16 49.376
14 49.5215 0.16 49.3615
37 49.536 0.16 49.376
39 50 0.048 49.952
7 50 0.048 49.952
23 50 0.048 49.952
14 49.3615 0.048 49.3135
3 49.376 0.048 49.328
34 49.376 0.048 49.328
39 50 0.048 49.952
7 50 0.048 49.952
23 50 0.048 49.952
14 49.4146 0.048 49.3666
3 49.5616 0.048 49.5136
34 49.6378 0.048 49.5898
14 49.3666 0.16 49.2066
3 49.5136 0.16 49.3536
34 49.5898 0.16 49.4298
39 50 0.048 49.952
7 50 0.048 49.952
23 50 0.048 49.952
39 50 0.048 49.952
7 50 0.048 49.952
23 50 0.048 49.952
39 50 0.048 49.952
7 50 0.048 49.952
23 50 0.048 49.952
39 50 0.048 49.952
7 50 0.048 49.952
23 50 0.048 49.952
39 50 0.048 49.952
7 50 0.048 49.952
23 50 0.048 49.952
39 50 0.048 49.952
7 50 0.048 49.952
23 50 0.048 49.952
39 50 0.048 49.952
7 50 0.048 49.952
23 50 0.048 49.952
39 50 0.048 49.952
7 50 0.048 49.952
23 50 0.048 49.952
39 50 0.048 49.952
7 50 0.048 49.952
23 50 0.048 49.952
39 50 0.048 49.952
7 50 0.048 49.952
23 50 0.048 49.952
39 50 0.048 49.952
7 50 0.048 49.952
23 50 0.048 49.952
39 50 0.048 49.952
7 50 0.048 49.952
23 50 0.048 49.952
39 50 0.048 49.952
7 50 0.048 49.952
23 50 0.048 49.952
39 49.952 0.16 49.792
7 49.952 0.16 49.792
23 49.952 0.16 49.792
