88 342
90 342
18 342
38 342
8 342
12 342
31 342
38 342
47 342
58 342
5 342
8 342
12 342
47 342
58 342
12 342
29 342
31 342
47 342
58 342
68 342
5 342
7 342
29 342
31 342
38 342
47 342
58 342
68 342
5 342
7 342
12 342
29 342
31 342
38 342
68 342
36 343
51 343
57 343
59 343
61 343
70 343
16 343
21 343
36 343
57 343
59 343
61 343
70 343
16 343
51 343
57 343
70 343
39 343
51 343
59 343
60 343
10 343
21 343
33 343
36 343
1 343
39 343
60 343
84 343
3 345
83 345
46 346
81 346
41 348
56 348
62 348
85 348
23 348
41 348
62 348
85 348
41 348
76 348
86 348
71 349
72 349
82 349
22 350
26 350
42 350
53 350
15 350
20 350
26 350
42 350
53 350
15 350
20 350
22 350
53 350
75 351
19 351
44 351
52 351
34 351
45 351
52 351
55 351
79 351
19 351
34 351
79 351
5 352
14 352
31 352
8 352
14 352
19 366
45 366
52 366
6 369
83 369
25 371
27 371
49 371
9 371
49 371
60 373
0 361
50 361
67 361
18 390
19 391
45 391
52 391
48 393
28 403
82 403
0 405
16 405
51 405
57 405
61 405
