83 3312 0 100 1.16701e-08 2.32017 2.32017
63 3318 0 100 1.16701e-08 2.37329 2.37329
11 3315 0 100 0.3 2.35767 2.65767
75 3314 0 100 0.4 2.33982 2.73982
52 3333 0 100 1.16701e-08 2.87597 2.87597
22 3335 0 100 1.16701e-08 2.95165 2.95165
13 3306 0 100 0.8 2.1658 2.9658
80 3327 0 100 0.8 2.61788 3.41788
79 3359 0 100 1.16701e-08 3.42222 3.42222
10 3340 0 100 0.5 3.05188 3.55188
46 3324 0 100 1.1 2.57285 3.67285
41 3365 0 100 0.1 3.68085 3.78085
76 3344 0 100 0.7 3.12774 3.82774
2 3323 0 100 1.3 2.57273 3.87273
37 3355 0 100 0.6 3.32731 3.92731
71 3352 0 100 0.7 3.26262 3.96262
55 3310 0 100 1.8 2.27921 4.07921
60 3351 0 100 0.9 3.19815 4.09815
32 3328 0 100 1.6 2.68898 4.28898
7 3368 0 100 0.6 3.74311 4.34311
87 3326 0 100 1.9 2.60095 4.50095
69 3385 0 100 0.3 4.24869 4.54869
39 3302 0 100 2.5 2.05333 4.55333
69 3305 0 100 2.5 2.123 4.623
85 3343 0 100 1.6 3.0979 4.6979
54 3392 0 100 0.3 4.40687 4.70687
50 3388 0 100 0.4 4.35208 4.75208
17 3393 0 100 0.4 4.42166 4.82166
27 3356 0 100 1.5 3.36188 4.86188
24 3360 0 100 1.4 3.47102 4.87102
42 3308 0 100 2.7 2.25364 4.95364
38 3316 0 100 2.6 2.36975 4.96975
42 3398 0 100 0.5 4.53808 5.03808
20 3348 0 100 2 3.16641 5.16641
33 3301 0 100 3.2 2.03574 5.23574
82 3339 0 100 2.2 3.04843 5.24843
61 3346 0 100 2.2 3.1397 5.3397
40 3382 0 100 1.2 4.17732 5.37732
14 3354 0 100 2.1 3.29712 5.39712
33 3403 0 100 0.8 4.65972 5.45972
8 3303 0 100 3.6 2.07254 5.67254
35 3366 0 100 2 3.69564 5.69564
47 3349 0 100 2.6 3.18417 5.78417
73 3317 0 100 3.6 2.37179 5.97179
19 3320 0 100 3.6 2.45151 6.05151
64 3309 0 100 3.8 2.27221 6.07221
57 3337 0 100 3.1 3.0263 6.1263
92 3338 0 100 3.1 3.02728 6.12728
67 3362 0 100 2.6 3.53579 6.13579
89 3331 0 100 3.4 2.7695 6.1695
53 3345 0 100 3.1 3.13198 6.23198
74 3394 0 100 1.9 4.44194 6.34194
58 3321 0 100 3.9 2.45777 6.35777
18 3374 0 100 2.4 3.97049 6.37049
45 3377 0 100 2.5 4.01092 6.51092
64 3407 0 100 1.7 4.81993 6.51993
96 3408 0 100 1.7 4.83924 6.53924
51 3399 0 100 2 4.56228 6.56228
96 3313 0 100 4.4 2.32103 6.72104
84 3387 0 100 2.7 4.30002 7.00002
68 3379 0 100 3 4.06232 7.06232
30 3330 0 100 4.6 2.76258 7.36258
28 3341 0 100 4.4 3.05801 7.45801
6 3357 0 100 4.1 3.38068 7.48068
6 3434 0 100 1.3 6.23045 7.53045
99 3378 0 100 3.5 4.05628 7.55628
1 3413 0 100 2.6 4.95963 7.55963
31 3371 0 100 3.8 3.81543 7.61543
78 3381 0 100 3.6 4.14413 7.74413
70 3389 0 100 3.4 4.35572 7.75572
52 3427 0 100 2.1 5.7046 7.8046
81 3347 0 100 4.7 3.15683 7.85683
31 3436 0 100 1.6 6.26872 7.86872
15 3404 0 100 3.3 4.69609 7.99609
99 3440 0 100 1.7 6.30506 8.00506
12 3402 0 100 3.4 4.64877 8.04877
22 3418 0 100 2.8 5.2557 8.0557
15 3448 0 100 1.4 6.7251 8.1251
12 3455 0 100 1.2 7.03473 8.23473
95 3363 0 100 4.7 3.57425 8.27425
9 3369 0 100 4.6 3.77727 8.37727
62 3372 0 100 4.5 3.88652 8.38652
62 3460 0 100 1.2 7.18732 8.38732
29 3375 0 100 4.4 3.9931 8.3931
80 3463 0 100 1 7.39315 8.39315
43 3397 0 100 3.9 4.50801 8.40801
72 3384 0 100 4.3 4.22912 8.52912
79 3473 0 100 0.8 7.78875 8.58875
72 3496 0 100 1.16701e-08 8.62752 8.62752
16 3411 0 100 3.8 4.92242 8.72242
4 3390 0 100 4.5 4.39013 8.89013
46 3416 0 100 3.8 5.15902 8.95902
36 3395 0 100 4.5 4.47816 8.97816
2 3439 0 100 2.7 6.29682 8.99682
88 3401 0 100 4.4 4.6424 9.0424
71 3441 0 100 2.7 6.35287 9.05287
88 3502 0 100 0.2 8.8929 9.0929
37 3483 0 100 1 8.16231 9.16231
36 3506 0 100 0.2 9.04048 9.24048
55 3420 0 100 4.1 5.30251 9.40251
21 3488 0 100 1.1 8.30609 9.40609
25 3412 0 100 4.5 4.95321 9.45321
91 3445 0 100 2.9 6.59575 9.49575
39 3425 0 100 4 5.65948 9.65948
7 3480 0 100 1.6 8.08612 9.68612
25 3508 0 100 0.6 9.0866 9.6866
39 3493 0 100 1.2 8.53675 9.73675
97 3497 0 100 1.1 8.6472 9.7472
26 3409 0 100 4.9 4.84882 9.74882
26 3471 0 100 2.1 7.69221 9.79221
69 3443 0 100 3.4 6.46063 9.86063
85 3510 0 100 0.8 9.13847 9.93847
85 3422 0 100 4.6 5.41409 10.0141
49 3465 0 100 2.6 7.4204 10.0204
38 3458 0 100 2.9 7.13851 10.0385
44 3489 0 100 1.7 8.34147 10.0415
24 3479 0 100 2 8.06775 10.0678
27 3477 0 100 2.2 7.90042 10.1004
42 3466 0 100 2.7 7.4892 10.1892
14 3432 0 100 4.3 6.10637 10.4064
98 3519 0 100 0.9 9.56068 10.4607
34 3475 0 100 2.7 7.83856 10.5386
40 3470 0 100 2.9 7.65636 10.5564
20 3435 0 100 4.3 6.26687 10.5669
33 3492 0 100 2.1 8.5244 10.6244
61 3453 0 100 3.7 6.96092 10.6609
90 3515 0 100 1.5 9.42118 10.9212
8 3437 0 100 4.7 6.27047 10.9705
47 3500 0 100 2.2 8.81871 11.0187
8 3526 0 100 1.2 9.83577 11.0358
100 3511 0 100 2.1 9.1599 11.2599
67 3485 0 100 3.1 8.20317 11.3032
73 3459 0 100 4.2 7.14273 11.3427
3 3518 0 100 1.8 9.55852 11.3585
19 3482 0 100 3.2 8.16151 11.3615
57 3495 0 100 2.8 8.61009 11.4101
58 3507 0 100 2.4 9.08144 11.4814
86 3521 0 100 2 9.60333 11.6033
74 3528 0 100 1.7 9.93853 11.6385
89 3449 0 100 5 6.74195 11.7419
53 3452 0 100 4.8 6.9544 11.7544
92 3457 0 100 4.7 7.11716 11.8172
96 3501 0 100 3.1 8.84999 11.95
64 3529 0 100 2 9.98043 11.9804
64 3469 0 100 4.4 7.60156 12.0016
84 3486 0 100 4.1 8.2146 12.3146
65 3525 0 100 2.5 9.82969 12.3297
30 3530 0 100 2.6 9.98152 12.5815
52 3516 0 100 3.3 9.43733 12.7373
1 3523 0 100 3 9.75823 12.7582
15 3505 0 100 4.5 8.99948 13.4995
