24 2757 0 100 1.16701e-08 2.20885 2.20885
45 2753 0 100 0.7 2.10698 2.80698
8 2767 0 100 0.3 2.5288 2.8288
10 2760 0 100 0.7 2.28966 2.98966
33 2780 0 100 1.16701e-08 2.99072 2.99072
76 2776 0 100 0.4 2.80005 3.20005
23 2789 0 100 0.1 3.28524 3.38524
31 2772 0 100 0.8 2.70176 3.50176
38 2762 0 100 1.3 2.33996 3.63996
60 2791 0 100 0.4 3.29119 3.69119
72 2766 0 100 1.2 2.49663 3.69663
20 2775 0 100 1 2.77851 3.77851
79 2756 0 100 1.9 2.17167 4.07167
63 2765 0 100 1.6 2.47275 4.07275
46 2796 0 100 0.7 3.45451 4.15451
41 2816 0 100 0.2 4.13207 4.33207
25 2805 0 100 0.7 3.73583 4.43583
69 2812 0 100 0.5 3.96576 4.46576
16 2794 0 100 1.1 3.3952 4.4952
77 2801 0 100 1 3.56648 4.56648
14 2808 0 100 0.7 3.90156 4.60156
13 2787 0 100 1.4 3.24574 4.64574
56 2759 0 100 2.4 2.27623 4.67623
49 2779 0 100 1.8 2.97192 4.77192
2 2841 0 100 1.16701e-08 4.85899 4.85899
15 2809 0 100 1 3.90622 4.90622
70 2781 0 100 1.9 3.02208 4.92208
30 2825 0 100 0.5 4.48962 4.98962
52 2826 0 100 0.5 4.51394 5.01394
5 2840 0 100 0.2 4.83878 5.03878
6 2843 0 100 0.2 4.88936 5.08936
18 2783 0 100 2 3.09238 5.09238
36 2764 0 100 2.7 2.44487 5.14487
65 2790 0 100 2.2 3.28525 5.48525
42 2754 0 100 3.4 2.11865 5.51865
61 2752 0 100 3.9 2.06725 5.96725
73 2769 0 100 3.5 2.58204 6.08204
32 2770 0 100 3.5 2.59033 6.09033
22 2836 0 100 1.3 4.7945 6.0945
47 2785 0 100 3.3 3.13857 6.43857
4 2802 0 100 2.9 3.58696 6.48696
4 2874 0 100 1.16701e-08 6.78233 6.78233
80 2803 0 100 3.2 3.61077 6.81077
48 2822 0 100 2.7 4.26225 6.96225
12 2773 0 100 4.3 2.7283 7.0283
57 2798 0 100 3.6 3.5094 7.1094
39 2837 0 100 2.3 4.8148 7.1148
66 2819 0 100 2.9 4.22752 7.12752
78 2821 0 100 3 4.23765 7.23765
57 2856 0 100 1.5 5.7554 7.2554
24 2844 0 100 2.4 4.89504 7.29504
24 2882 0 100 0.1 7.20667 7.30667
74 2788 0 100 4.1 3.25278 7.35278
11 2830 0 100 2.9 4.61231 7.51231
51 2799 0 100 4 3.51897 7.51897
7 2828 0 100 3.1 4.59276 7.69276
27 2797 0 100 4.4 3.50677 7.90677
27 2896 0 100 0.1 7.82566 7.92566
21 2815 0 100 3.9 4.06823 7.96823
26 2792 0 100 4.7 3.33319 8.03319
33 2862 0 100 2 6.13753 8.13753
34 2833 0 100 3.5 4.67308 8.17308
44 2834 0 100 3.5 4.71189 8.21189
26 2883 0 100 1 7.22609 8.22609
10 2869 0 100 2 6.46349 8.46349
76 2879 0 100 1.4 7.09407 8.49407
71 2810 0 100 4.7 3.93101 8.63101
9 2832 0 100 4 4.63615 8.63615
17 2813 0 100 4.7 4.03126 8.73126
31 2852 0 100 3.3 5.44105 8.74105
38 2865 0 100 2.5 6.28737 8.78737
1 2829 0 100 4.2 4.6075 8.8075
17 2860 0 100 2.7 6.12737 8.82737
68 2906 0 100 0.5 8.42332 8.92332
72 2863 0 100 2.8 6.16463 8.96463
20 2889 0 100 1.5 7.48394 8.98394
19 2818 0 100 5.1 4.2023 9.3023
19 2920 0 100 0.3 9.01798 9.31798
79 2911 0 100 0.6 8.7425 9.3425
63 2912 0 100 0.6 8.75804 9.35804
50 2842 0 100 4.5 4.87661 9.37661
28 2838 0 100 4.6 4.83233 9.43233
50 2913 0 100 0.7 8.79903 9.49903
25 2880 0 100 2.5 7.10048 9.60048
69 2935 0 100 0.2 9.4241 9.6241
16 2893 0 100 2 7.67509 9.67509
14 2932 0 100 0.4 9.36412 9.76412
64 2846 0 100 4.8 4.96844 9.76844
43 2890 0 100 2.4 7.51369 9.91369
2 2921 0 100 0.9 9.02448 9.92448
49 2918 0 100 1.1 8.91248 10.0125
30 2885 0 100 2.7 7.3252 10.0252
30 2938 0 100 0.5 9.53917 10.0392
70 2872 0 100 3.6 6.68056 10.2806
5 2887 0 100 2.9 7.39202 10.292
18 2925 0 100 1.1 9.23443 10.3344
36 2917 0 100 1.5 8.86959 10.3696
6 2923 0 100 1.3 9.08924 10.3892
65 2915 0 100 1.9 8.83808 10.7381
42 2898 0 100 2.9 7.84179 10.7418
73 2867 0 100 4.8 6.39018 11.1902
61 2876 0 100 4.4 6.91443 11.3144
22 2934 0 100 2 9.38967 11.3897
32 2931 0 100 2.1 9.35493 11.4549
58 2929 0 100 2.4 9.30487 11.7049
62 2939 0 100 2.1 9.62763 11.7276
47 2902 0 100 3.8 8.05719 11.8572
39 2895 0 100 4.5 7.8021 12.3021
12 2944 0 100 2.4 9.91354 12.3135
74 2900 0 100 4.3 8.03138 12.3314
78 2916 0 100 3.6 8.84001 12.44
40 2927 0 100 3.2 9.24421 12.4442
51 2942 0 100 2.8 9.77551 12.5755
34 2933 0 100 3.8 9.38804 13.188
1 2928 0 100 4.6 9.28772 13.8877
