8 50 0.048 49.952
8 49.952 0.048 49.904
5 50 0.048 49.952
8 49.904 0.048 49.856
5 50 0.048 49.952
5 50 0.048 49.952
1 50 0.048 49.952
10 50 0.048 49.952
1 50 0.048 49.952
6 50 0.048 49.952
10 50 0.048 49.952
1 50 0.048 49.952
6 50 0.048 49.952
10 50 0.048 49.952
14 50 0.048 49.952
6 50 0.048 49.952
14 50 0.048 49.952
12 50 0.048 49.952
14 50 0.048 49.952
12 50 0.048 49.952
14 50 0.048 49.952
13 50 0.048 49.952
4 50 0.048 49.952
13 50 0.048 49.952
16 50 0.048 49.952
4 50 0.048 49.952
13 50 0.048 49.952
16 50 0.048 49.952
4 50 0.048 49.952
16 50 0.048 49.952
20 50 0.048 49.952
20 50 0.048 49.952
17 50 0.048 49.952
20 50 0.048 49.952
17 50 0.048 49.952
7 50 0.048 49.952
17 50 0.048 49.952
2 50 0.048 49.952
19 50 0.048 49.952
5 50 0.048 49.952
7 50 0.048 49.952
2 50 0.048 49.952
19 50 0.048 49.952
5 50 0.048 49.952
7 50 0.048 49.952
18 50 0.048 49.952
17 50 0.048 49.952
2 50 0.048 49.952
19 50 0.048 49.952
5 50 0.048 49.952
9 50 0.048 49.952
18 50 0.048 49.952
17 50 0.048 49.952
8 50 0.048 49.952
2 50 0.048 49.952
19 50 0.048 49.952
5 50 0.048 49.952
9 50 0.048 49.952
11 50 0.048 49.952
18 50 0.048 49.952
17 50 0.048 49.952
8 50 0.048 49.952
2 50 0.048 49.952
19 50 0.048 49.952
5 50 0.048 49.952
9 50 0.048 49.952
11 50 0.048 49.952
17 50 0.048 49.952
10 50 0.048 49.952
1 50 0.048 49.952
8 50 0.048 49.952
2 50 0.048 49.952
19 50 0.048 49.952
5 50 0.048 49.952
20 50 0.048 49.952
11 50 0.048 49.952
17 50 0.048 49.952
10 50 0.048 49.952
1 50 0.048 49.952
8 50 0.048 49.952
2 50 0.048 49.952
19 50 0.048 49.952
5 50 0.048 49.952
20 50 0.048 49.952
17 50 0.048 49.952
10 50 0.048 49.952
1 50 0.048 49.952
8 50 0.048 49.952
2 50 0.048 49.952
19 50 0.048 49.952
5 50 0.048 49.952
20 50 0.048 49.952
17 50 0.048 49.952
15 50 0.048 49.952
10 50 0.048 49.952
1 50 0.048 49.952
8 50 0.048 49.952
2 50 0.048 49.952
19 50 0.048 49.952
5 50 0.048 49.952
20 50 0.048 49.952
17 50 0.048 49.952
15 50 0.048 49.952
10 50 0.048 49.952
1 50 0.048 49.952
8 50 0.048 49.952
2 50 0.048 49.952
19 50 0.048 49.952
5 50 0.048 49.952
20 50 0.048 49.952
17 50 0.048 49.952
15 50 0.048 49.952
10 50 0.048 49.952
1 50 0.048 49.952
8 50 0.048 49.952
2 50 0.048 49.952
19 50 0.048 49.952
5 50 0.048 49.952
20 50 0.048 49.952
15 49.952 0.048 49.904
17 50 0.048 49.952
15 50 0.048 49.952
15 49.952 0.048 49.904
15 49.904 0.16 49.744
10 50 0.048 49.952
1 50 0.048 49.952
8 50 0.048 49.952
2 50 0.048 49.952
19 50 0.048 49.952
5 50 0.048 49.952
20 50 0.048 49.952
15 49.744 0.048 49.696
3 50 0.048 49.952
17 50 0.048 49.952
7 50 0.048 49.952
10 50 0.048 49.952
1 50 0.048 49.952
11 50 0.048 49.952
9 50 0.048 49.952
9 49.952 0.048 49.904
11 49.952 0.048 49.904
11 49.904 0.16 49.744
9 49.904 0.16 49.744
9 49.744 0.016 49.728
11 49.744 0.016 49.728
9 49.728 0.048 49.68
11 49.728 0.048 49.68
8 50 0.048 49.952
2 50 0.048 49.952
19 50 0.048 49.952
5 50 0.048 49.952
16 50 0.048 49.952
4 50 0.048 49.952
20 50 0.048 49.952
15 49.9326 0.048 49.8846
3 50 0.048 49.952
17 50 0.048 49.952
7 50 0.048 49.952
10 50 0.048 49.952
1 50 0.048 49.952
9 49.8457 0.048 49.7977
11 49.9137 0.048 49.8657
8 50 0.048 49.952
2 50 0.048 49.952
19 50 0.048 49.952
5 50 0.048 49.952
16 50 0.048 49.952
4 50 0.048 49.952
20 50 0.048 49.952
3 50 0.048 49.952
17 50 0.048 49.952
13 50 0.048 49.952
7 50 0.048 49.952
10 50 0.048 49.952
1 50 0.048 49.952
9 49.9055 0.048 49.8575
11 50 0.048 49.952
8 50 0.048 49.952
2 50 0.048 49.952
19 50 0.048 49.952
5 50 0.048 49.952
16 50 0.048 49.952
4 50 0.048 49.952
20 50 0.048 49.952
3 50 0.048 49.952
17 50 0.048 49.952
13 50 0.048 49.952
7 50 0.048 49.952
10 50 0.048 49.952
1 50 0.048 49.952
9 50 0.048 49.952
11 50 0.048 49.952
8 50 0.048 49.952
2 50 0.048 49.952
19 50 0.048 49.952
5 50 0.048 49.952
16 50 0.048 49.952
4 50 0.048 49.952
20 50 0.048 49.952
3 50 0.048 49.952
17 50 0.048 49.952
13 50 0.048 49.952
7 50 0.048 49.952
10 50 0.048 49.952
1 50 0.048 49.952
19 50 0.048 49.952
2 49.952 0.048 49.904
9 50 0.048 49.952
11 50 0.048 49.952
8 50 0.048 49.952
12 50 0.048 49.952
2 50 0.048 49.952
19 49.952 0.048 49.904
5 50 0.048 49.952
16 50 0.048 49.952
4 50 0.048 49.952
20 50 0.048 49.952
3 50 0.048 49.952
17 50 0.048 49.952
13 50 0.048 49.952
7 50 0.048 49.952
10 50 0.048 49.952
1 50 0.048 49.952
19 50 0.048 49.952
2 49.952 0.048 49.904
9 50 0.048 49.952
11 50 0.048 49.952
8 50 0.048 49.952
12 50 0.048 49.952
2 50 0.048 49.952
19 49.952 0.048 49.904
5 50 0.048 49.952
16 50 0.048 49.952
4 50 0.048 49.952
20 50 0.048 49.952
3 50 0.048 49.952
17 50 0.048 49.952
13 50 0.048 49.952
7 50 0.048 49.952
10 50 0.048 49.952
1 50 0.048 49.952
19 50 0.048 49.952
2 49.952 0.048 49.904
9 50 0.048 49.952
11 50 0.048 49.952
8 50 0.048 49.952
12 50 0.048 49.952
2 50 0.048 49.952
19 49.952 0.048 49.904
5 50 0.048 49.952
16 50 0.048 49.952
4 50 0.048 49.952
20 50 0.048 49.952
6 50 0.048 49.952
14 50 0.048 49.952
3 50 0.048 49.952
17 50 0.048 49.952
13 50 0.048 49.952
7 50 0.048 49.952
10 50 0.048 49.952
1 50 0.048 49.952
19 50 0.048 49.952
2 49.952 0.048 49.904
14 50 0.048 49.952
6 50 0.048 49.952
9 50 0.048 49.952
11 50 0.048 49.952
8 50 0.048 49.952
12 50 0.048 49.952
2 50 0.048 49.952
19 49.952 0.048 49.904
5 50 0.048 49.952
16 50 0.048 49.952
4 50 0.048 49.952
20 50 0.048 49.952
6 49.952 0.048 49.904
14 49.952 0.048 49.904
3 50 0.048 49.952
17 50 0.048 49.952
13 50 0.048 49.952
7 50 0.048 49.952
10 50 0.048 49.952
1 50 0.048 49.952
19 50 0.048 49.952
2 49.952 0.048 49.904
14 50 0.048 49.952
6 50 0.048 49.952
9 50 0.048 49.952
11 50 0.048 49.952
8 50 0.048 49.952
12 50 0.048 49.952
2 50 0.048 49.952
19 49.952 0.048 49.904
2 49.952 0.048 49.904
2 49.904 0.16 49.744
5 50 0.048 49.952
16 50 0.048 49.952
4 50 0.048 49.952
20 50 0.048 49.952
2 49.744 0.048 49.696
6 49.952 0.048 49.904
14 49.952 0.048 49.904
3 50 0.048 49.952
17 50 0.048 49.952
13 50 0.048 49.952
7 50 0.048 49.952
10 50 0.048 49.952
1 50 0.048 49.952
19 50 0.048 49.952
2 49.696 0.048 49.648
14 50 0.048 49.952
6 50 0.048 49.952
9 50 0.048 49.952
11 50 0.048 49.952
8 50 0.048 49.952
12 50 0.048 49.952
5 50 0.048 49.952
16 50 0.048 49.952
4 50 0.048 49.952
20 50 0.048 49.952
2 49.781 0.048 49.733
19 49.952 0.048 49.904
6 49.952 0.048 49.904
14 49.952 0.048 49.904
3 50 0.048 49.952
17 50 0.048 49.952
13 50 0.048 49.952
7 50 0.048 49.952
1 49.952 0.048 49.904
10 49.952 0.048 49.904
10 50 0.048 49.952
1 50 0.048 49.952
19 50 0.048 49.952
2 49.733 0.048 49.685
19 49.952 0.048 49.904
19 49.904 0.16 49.744
14 50 0.048 49.952
6 50 0.048 49.952
9 50 0.048 49.952
11 50 0.048 49.952
8 50 0.048 49.952
12 50 0.048 49.952
5 50 0.048 49.952
16 50 0.048 49.952
4 50 0.048 49.952
20 50 0.048 49.952
2 49.9286 0.048 49.8806
19 49.744 0.048 49.696
6 49.952 0.048 49.904
14 49.952 0.048 49.904
3 50 0.048 49.952
17 50 0.048 49.952
13 50 0.048 49.952
7 50 0.048 49.952
1 49.952 0.048 49.904
10 49.952 0.048 49.904
4 50 0.048 49.952
16 50 0.048 49.952
18 50 0.048 49.952
10 50 0.048 49.952
1 50 0.048 49.952
14 50 0.048 49.952
6 50 0.048 49.952
9 50 0.048 49.952
11 50 0.048 49.952
8 50 0.048 49.952
12 50 0.048 49.952
5 50 0.048 49.952
16 49.952 0.048 49.904
4 49.952 0.048 49.904
20 50 0.048 49.952
19 50 0.048 49.952
6 49.952 0.048 49.904
14 49.952 0.048 49.904
3 50 0.048 49.952
17 50 0.048 49.952
13 50 0.048 49.952
7 50 0.048 49.952
1 49.952 0.048 49.904
10 49.952 0.048 49.904
4 50 0.048 49.952
16 50 0.048 49.952
18 50 0.048 49.952
10 50 0.048 49.952
1 50 0.048 49.952
14 50 0.048 49.952
6 50 0.048 49.952
9 50 0.048 49.952
11 50 0.048 49.952
8 50 0.048 49.952
12 50 0.048 49.952
5 50 0.048 49.952
16 49.952 0.048 49.904
4 49.952 0.048 49.904
20 50 0.048 49.952
6 49.952 0.048 49.904
14 49.952 0.048 49.904
3 50 0.048 49.952
17 50 0.048 49.952
13 50 0.048 49.952
4 50 0.048 49.952
7 50 0.048 49.952
1 49.952 0.048 49.904
10 49.952 0.048 49.904
4 49.952 0.048 49.904
13 49.952 0.048 49.904
16 50 0.048 49.952
18 50 0.048 49.952
10 50 0.048 49.952
1 50 0.048 49.952
14 50 0.048 49.952
6 50 0.048 49.952
9 50 0.048 49.952
11 50 0.048 49.952
8 50 0.048 49.952
12 50 0.048 49.952
5 50 0.048 49.952
16 49.952 0.048 49.904
4 49.904 0.048 49.856
20 50 0.048 49.952
6 49.952 0.048 49.904
14 49.952 0.048 49.904
3 50 0.048 49.952
17 50 0.048 49.952
13 50 0.048 49.952
4 50 0.048 49.952
7 50 0.048 49.952
1 49.952 0.048 49.904
10 49.952 0.048 49.904
4 49.952 0.048 49.904
13 49.952 0.048 49.904
16 50 0.048 49.952
18 50 0.048 49.952
10 50 0.048 49.952
1 50 0.048 49.952
14 50 0.048 49.952
6 50 0.048 49.952
9 50 0.048 49.952
11 50 0.048 49.952
8 50 0.048 49.952
12 50 0.048 49.952
5 50 0.048 49.952
16 49.952 0.048 49.904
4 49.904 0.048 49.856
20 50 0.048 49.952
6 49.952 0.048 49.904
14 49.952 0.048 49.904
3 50 0.048 49.952
17 50 0.048 49.952
13 50 0.048 49.952
7 50 0.048 49.952
1 49.952 0.048 49.904
10 49.952 0.048 49.904
4 50 0.048 49.952
16 50 0.048 49.952
18 50 0.048 49.952
10 50 0.048 49.952
1 50 0.048 49.952
14 50 0.048 49.952
6 50 0.048 49.952
9 50 0.048 49.952
11 50 0.048 49.952
8 50 0.048 49.952
12 50 0.048 49.952
5 50 0.048 49.952
16 49.952 0.048 49.904
4 49.952 0.048 49.904
20 50 0.048 49.952
6 49.952 0.048 49.904
14 49.952 0.048 49.904
3 50 0.048 49.952
17 50 0.048 49.952
13 50 0.048 49.952
7 50 0.048 49.952
1 49.952 0.048 49.904
10 49.952 0.048 49.904
4 50 0.048 49.952
16 50 0.048 49.952
18 50 0.048 49.952
10 50 0.048 49.952
1 50 0.048 49.952
14 50 0.048 49.952
9 50 0.048 49.952
11 50 0.048 49.952
8 50 0.048 49.952
12 50 0.048 49.952
5 50 0.048 49.952
16 49.952 0.048 49.904
4 49.952 0.048 49.904
20 50 0.048 49.952
3 50 0.048 49.952
6 50 0.048 49.952
3 49.952 0.048 49.904
17 50 0.048 49.952
13 50 0.048 49.952
7 50 0.048 49.952
1 49.952 0.048 49.904
10 49.952 0.048 49.904
4 50 0.048 49.952
16 50 0.048 49.952
18 50 0.048 49.952
10 50 0.048 49.952
1 50 0.048 49.952
14 50 0.048 49.952
9 50 0.048 49.952
11 50 0.048 49.952
8 50 0.048 49.952
12 50 0.048 49.952
5 50 0.048 49.952
16 49.952 0.048 49.904
4 49.952 0.048 49.904
20 50 0.048 49.952
3 50 0.048 49.952
6 50 0.048 49.952
3 49.952 0.048 49.904
3 49.904 0.048 49.856
3 49.856 0.16 49.696
17 50 0.048 49.952
13 50 0.048 49.952
7 50 0.048 49.952
1 49.952 0.048 49.904
10 49.952 0.048 49.904
4 50 0.048 49.952
16 50 0.048 49.952
18 50 0.048 49.952
10 50 0.048 49.952
1 50 0.048 49.952
14 50 0.048 49.952
9 50 0.048 49.952
11 50 0.048 49.952
8 50 0.048 49.952
12 50 0.048 49.952
5 50 0.048 49.952
16 49.952 0.048 49.904
4 49.952 0.048 49.904
20 50 0.048 49.952
3 49.9594 0.048 49.9114
6 50 0.048 49.952
14 49.952 0.048 49.904
17 50 0.048 49.952
13 50 0.048 49.952
7 50 0.048 49.952
1 49.952 0.048 49.904
10 49.952 0.048 49.904
4 50 0.048 49.952
16 50 0.048 49.952
18 50 0.048 49.952
10 50 0.048 49.952
1 50 0.048 49.952
14 50 0.048 49.952
6 50 0.048 49.952
9 50 0.048 49.952
11 50 0.048 49.952
8 50 0.048 49.952
8 49.952 0.048 49.904
8 49.904 0.16 49.744
12 50 0.048 49.952
5 50 0.048 49.952
16 49.952 0.048 49.904
4 49.952 0.048 49.904
20 50 0.048 49.952
8 49.744 0.048 49.696
6 49.952 0.048 49.904
14 49.952 0.048 49.904
17 50 0.048 49.952
13 50 0.048 49.952
7 50 0.048 49.952
1 49.952 0.048 49.904
10 49.952 0.048 49.904
4 50 0.048 49.952
16 50 0.048 49.952
18 50 0.048 49.952
10 50 0.048 49.952
1 50 0.048 49.952
14 50 0.048 49.952
6 50 0.048 49.952
9 50 0.048 49.952
11 50 0.048 49.952
12 50 0.048 49.952
5 50 0.048 49.952
16 49.952 0.048 49.904
4 49.952 0.048 49.904
20 50 0.048 49.952
8 49.9782 0.048 49.9302
6 49.952 0.048 49.904
14 49.952 0.048 49.904
17 50 0.048 49.952
13 50 0.048 49.952
4 50 0.048 49.952
7 50 0.048 49.952
1 49.952 0.048 49.904
10 49.952 0.048 49.904
4 49.952 0.048 49.904
13 49.952 0.048 49.904
16 50 0.048 49.952
18 50 0.048 49.952
10 50 0.048 49.952
1 50 0.048 49.952
14 50 0.048 49.952
6 50 0.048 49.952
9 50 0.048 49.952
11 50 0.048 49.952
12 50 0.048 49.952
5 50 0.048 49.952
5 49.952 0.048 49.904
5 49.904 0.16 49.744
16 49.952 0.048 49.904
4 49.904 0.048 49.856
20 50 0.048 49.952
5 49.744 0.048 49.696
8 50 0.048 49.952
6 49.952 0.048 49.904
14 49.952 0.048 49.904
17 50 0.048 49.952
13 50 0.048 49.952
7 50 0.048 49.952
1 49.952 0.048 49.904
10 49.952 0.048 49.904
4 50 0.048 49.952
16 50 0.048 49.952
18 50 0.048 49.952
10 50 0.048 49.952
1 50 0.048 49.952
14 50 0.048 49.952
9 50 0.048 49.952
11 50 0.048 49.952
12 50 0.048 49.952
16 49.952 0.048 49.904
4 49.952 0.048 49.904
20 50 0.048 49.952
5 49.8108 0.048 49.7628
6 50 0.048 49.952
17 50 0.048 49.952
13 50 0.048 49.952
7 50 0.048 49.952
1 49.952 0.048 49.904
10 49.952 0.048 49.904
4 50 0.048 49.952
16 50 0.048 49.952
18 50 0.048 49.952
10 50 0.048 49.952
1 50 0.048 49.952
14 50 0.048 49.952
9 50 0.048 49.952
11 50 0.048 49.952
15 50 0.048 49.952
12 50 0.048 49.952
16 49.952 0.048 49.904
4 49.952 0.048 49.904
20 50 0.048 49.952
10 49.952 0.048 49.904
6 50 0.048 49.952
17 50 0.048 49.952
13 50 0.048 49.952
7 50 0.048 49.952
1 49.952 0.048 49.904
10 49.904 0.048 49.856
4 50 0.048 49.952
16 50 0.048 49.952
18 50 0.048 49.952
10 50 0.048 49.952
1 50 0.048 49.952
10 49.952 0.048 49.904
10 49.904 0.16 49.744
14 50 0.048 49.952
12 49.952 0.048 49.904
9 50 0.048 49.952
11 50 0.048 49.952
15 50 0.048 49.952
12 50 0.048 49.952
14 49.952 0.048 49.904
16 49.952 0.048 49.904
4 49.952 0.048 49.904
20 50 0.048 49.952
1 49.952 0.048 49.904
10 49.744 0.048 49.696
6 50 0.048 49.952
17 50 0.048 49.952
13 50 0.048 49.952
4 50 0.048 49.952
7 50 0.048 49.952
1 49.904 0.048 49.856
10 49.696 0.048 49.648
1 49.856 0.048 49.808
1 49.808 0.16 49.648
4 49.952 0.048 49.904
13 49.952 0.048 49.904
16 50 0.048 49.952
18 50 0.048 49.952
14 50 0.048 49.952
12 49.952 0.048 49.904
9 50 0.048 49.952
11 50 0.048 49.952
15 50 0.048 49.952
12 50 0.048 49.952
14 49.952 0.048 49.904
16 49.952 0.048 49.904
4 49.904 0.048 49.856
20 50 0.048 49.952
1 49.8361 0.048 49.7881
6 50 0.048 49.952
10 49.9503 0.048 49.9023
6 49.952 0.048 49.904
17 50 0.048 49.952
13 50 0.048 49.952
4 50 0.048 49.952
7 50 0.048 49.952
4 49.952 0.048 49.904
13 49.952 0.048 49.904
16 50 0.048 49.952
18 50 0.048 49.952
14 50 0.048 49.952
12 49.952 0.048 49.904
9 50 0.048 49.952
11 50 0.048 49.952
15 50 0.048 49.952
12 50 0.048 49.952
14 49.952 0.048 49.904
16 49.952 0.048 49.904
4 49.904 0.048 49.856
20 50 0.048 49.952
1 50 0.048 49.952
6 50 0.048 49.952
14 49.904 0.048 49.856
6 49.952 0.048 49.904
14 49.856 0.048 49.808
6 49.904 0.048 49.856
6 49.856 0.16 49.696
17 50 0.048 49.952
13 50 0.048 49.952
4 50 0.048 49.952
7 50 0.048 49.952
4 49.952 0.048 49.904
13 49.952 0.048 49.904
16 50 0.048 49.952
18 50 0.048 49.952
14 50 0.048 49.952
6 49.9197 0.048 49.8717
12 49.952 0.048 49.904
14 49.952 0.048 49.904
14 49.904 0.16 49.744
9 50 0.048 49.952
11 50 0.048 49.952
15 50 0.048 49.952
12 50 0.048 49.952
16 49.952 0.048 49.904
4 49.904 0.048 49.856
20 50 0.048 49.952
6 49.8717 0.048 49.8237
14 49.744 0.048 49.696
17 50 0.048 49.952
13 50 0.048 49.952
4 49.9912 0.048 49.9432
7 50 0.048 49.952
4 49.9432 0.048 49.8952
13 49.952 0.048 49.904
16 50 0.048 49.952
18 50 0.048 49.952
9 50 0.048 49.952
11 50 0.048 49.952
15 50 0.048 49.952
12 50 0.048 49.952
12 49.952 0.048 49.904
12 49.904 0.16 49.744
16 49.952 0.048 49.904
4 49.8952 0.048 49.8472
20 50 0.048 49.952
12 49.744 0.048 49.696
14 49.8777 0.048 49.8297
17 50 0.048 49.952
13 50 0.048 49.952
4 49.9978 0.048 49.9498
7 50 0.048 49.952
4 49.9498 0.048 49.9018
13 49.952 0.048 49.904
16 50 0.048 49.952
18 50 0.048 49.952
9 50 0.048 49.952
11 50 0.048 49.952
15 50 0.048 49.952
16 49.952 0.048 49.904
4 49.9018 0.048 49.8538
20 50 0.048 49.952
12 50 0.048 49.952
17 50 0.048 49.952
13 50 0.048 49.952
4 50 0.048 49.952
7 50 0.048 49.952
4 49.952 0.048 49.904
13 49.952 0.048 49.904
16 50 0.048 49.952
18 50 0.048 49.952
9 50 0.048 49.952
11 50 0.048 49.952
15 50 0.048 49.952
16 49.952 0.048 49.904
4 49.904 0.048 49.856
20 50 0.048 49.952
13 50 0.048 49.952
17 50 0.048 49.952
13 49.952 0.048 49.904
4 50 0.048 49.952
13 49.904 0.048 49.856
13 49.856 0.16 49.696
7 50 0.048 49.952
4 49.952 0.048 49.904
13 49.696 0.048 49.648
16 50 0.048 49.952
18 50 0.048 49.952
9 50 0.048 49.952
11 50 0.048 49.952
15 50 0.048 49.952
16 49.952 0.048 49.904
4 49.904 0.048 49.856
20 50 0.048 49.952
4 49.856 0.048 49.808
13 49.8768 0.048 49.8288
17 50 0.048 49.952
7 50 0.048 49.952
4 50 0.048 49.952
13 49.8288 0.048 49.7808
16 50 0.048 49.952
4 49.952 0.048 49.904
4 49.904 0.16 49.744
18 50 0.048 49.952
9 50 0.048 49.952
11 50 0.048 49.952
15 50 0.048 49.952
16 49.952 0.048 49.904
4 49.744 0.048 49.696
16 49.904 0.048 49.856
16 49.856 0.16 49.696
20 50 0.048 49.952
4 49.696 0.048 49.648
13 50 0.048 49.952
16 49.696 0.048 49.648
17 50 0.048 49.952
7 50 0.048 49.952
18 50 0.048 49.952
9 50 0.048 49.952
11 50 0.048 49.952
15 50 0.048 49.952
20 50 0.048 49.952
4 49.8424 0.048 49.7944
16 50 0.048 49.952
17 50 0.048 49.952
7 50 0.048 49.952
18 50 0.048 49.952
9 50 0.048 49.952
11 50 0.048 49.952
15 50 0.048 49.952
20 50 0.048 49.952
17 50 0.048 49.952
7 50 0.048 49.952
18 50 0.048 49.952
9 50 0.048 49.952
11 50 0.048 49.952
15 50 0.048 49.952
20 50 0.048 49.952
17 50 0.048 49.952
7 50 0.048 49.952
18 50 0.048 49.952
9 50 0.048 49.952
11 50 0.048 49.952
15 50 0.048 49.952
20 50 0.048 49.952
20 49.952 0.048 49.904
17 50 0.048 49.952
7 50 0.048 49.952
11 50 0.048 49.952
9 50 0.048 49.952
18 50 0.048 49.952
9 49.952 0.048 49.904
11 49.952 0.048 49.904
15 50 0.048 49.952
20 50 0.048 49.952
20 49.952 0.048 49.904
20 49.904 0.16 49.744
20 49.744 0.048 49.696
17 50 0.048 49.952
7 50 0.048 49.952
11 50 0.048 49.952
9 50 0.048 49.952
18 50 0.048 49.952
9 49.952 0.048 49.904
11 49.952 0.048 49.904
15 50 0.048 49.952
17 50 0.048 49.952
20 50 0.048 49.952
17 49.952 0.048 49.904
17 49.904 0.048 49.856
17 49.856 0.16 49.696
7 50 0.048 49.952
11 50 0.048 49.952
9 50 0.048 49.952
18 50 0.048 49.952
9 49.952 0.048 49.904
11 49.952 0.048 49.904
15 50 0.048 49.952
7 49.952 0.048 49.904
17 50 0.048 49.952
7 50 0.048 49.952
7 49.952 0.048 49.904
7 49.904 0.16 49.744
11 50 0.048 49.952
9 50 0.048 49.952
18 50 0.048 49.952
9 49.952 0.048 49.904
11 49.952 0.048 49.904
15 50 0.048 49.952
7 49.744 0.048 49.696
17 50 0.048 49.952
11 50 0.048 49.952
9 50 0.048 49.952
18 50 0.048 49.952
9 49.952 0.048 49.904
11 49.952 0.048 49.904
15 50 0.048 49.952
7 50 0.048 49.952
18 49.952 0.048 49.904
19 50 0.048 49.952
2 50 0.048 49.952
2 49.952 0.048 49.904
19 49.952 0.048 49.904
19 49.904 0.16 49.744
2 49.904 0.16 49.744
2 49.744 0.016 49.728
19 49.744 0.016 49.728
2 49.728 0.048 49.68
19 49.728 0.048 49.68
11 50 0.048 49.952
9 50 0.048 49.952
18 50 0.048 49.952
18 49.952 0.048 49.904
18 49.904 0.16 49.744
9 49.952 0.048 49.904
11 49.952 0.048 49.904
15 50 0.048 49.952
18 49.744 0.048 49.696
2 49.9511 0.048 49.9031
19 49.9193 0.048 49.8713
11 50 0.048 49.952
9 50 0.048 49.952
9 49.952 0.048 49.904
11 49.952 0.048 49.904
9 49.904 0.048 49.856
9 49.856 0.16 49.696
15 50 0.048 49.952
5 50 0.048 49.952
9 49.696 0.048 49.648
11 50 0.048 49.952
18 49.8193 0.048 49.7713
2 50 0.048 49.952
19 50 0.048 49.952
11 49.952 0.048 49.904
9 49.7998 0.048 49.7518
11 49.904 0.048 49.856
11 49.856 0.16 49.696
15 50 0.048 49.952
5 50 0.048 49.952
9 49.7518 0.048 49.7038
11 49.9387 0.048 49.8907
2 50 0.048 49.952
19 50 0.048 49.952
15 50 0.048 49.952
5 50 0.048 49.952
9 50 0.048 49.952
11 50 0.048 49.952
2 50 0.048 49.952
19 50 0.048 49.952
8 50 0.048 49.952
15 50 0.048 49.952
5 50 0.048 49.952
2 50 0.048 49.952
19 50 0.048 49.952
8 50 0.048 49.952
15 50 0.048 49.952
5 50 0.048 49.952
2 50 0.048 49.952
19 50 0.048 49.952
8 50 0.048 49.952
15 50 0.048 49.952
5 50 0.048 49.952
2 50 0.048 49.952
19 50 0.048 49.952
8 50 0.048 49.952
15 50 0.048 49.952
5 50 0.048 49.952
2 50 0.048 49.952
19 50 0.048 49.952
8 50 0.048 49.952
15 50 0.048 49.952
5 50 0.048 49.952
2 50 0.048 49.952
19 50 0.048 49.952
8 50 0.048 49.952
15 50 0.048 49.952
5 50 0.048 49.952
15 49.952 0.048 49.904
2 50 0.048 49.952
19 50 0.048 49.952
8 50 0.048 49.952
15 50 0.048 49.952
15 49.952 0.048 49.904
15 49.904 0.16 49.744
5 50 0.048 49.952
15 49.744 0.048 49.696
2 50 0.048 49.952
19 50 0.048 49.952
8 50 0.048 49.952
5 50 0.048 49.952
15 49.9456 0.048 49.8976
2 50 0.048 49.952
19 50 0.048 49.952
8 50 0.048 49.952
5 50 0.048 49.952
2 50 0.048 49.952
19 50 0.048 49.952
8 50 0.048 49.952
5 50 0.048 49.952
2 50 0.048 49.952
19 50 0.048 49.952
8 50 0.048 49.952
5 50 0.048 49.952
2 50 0.048 49.952
19 50 0.048 49.952
8 50 0.048 49.952
5 50 0.048 49.952
2 50 0.048 49.952
19 50 0.048 49.952
8 50 0.048 49.952
5 50 0.048 49.952
2 50 0.048 49.952
19 50 0.048 49.952
8 50 0.048 49.952
17 50 0.048 49.952
5 50 0.048 49.952
3 50 0.048 49.952
2 50 0.048 49.952
19 50 0.048 49.952
8 50 0.048 49.952
17 50 0.048 49.952
5 50 0.048 49.952
3 50 0.048 49.952
2 50 0.048 49.952
19 50 0.048 49.952
8 50 0.048 49.952
17 50 0.048 49.952
1 50 0.048 49.952
10 50 0.048 49.952
10 49.952 0.048 49.904
1 49.952 0.048 49.904
1 49.904 0.16 49.744
10 49.904 0.16 49.744
10 49.744 0.016 49.728
1 49.744 0.016 49.728
10 49.728 0.048 49.68
1 49.728 0.048 49.68
5 50 0.048 49.952
2 50 0.048 49.952
19 50 0.048 49.952
3 50 0.048 49.952
2 49.952 0.048 49.904
19 49.952 0.048 49.904
2 49.904 0.048 49.856
2 49.856 0.16 49.696
8 50 0.048 49.952
17 50 0.048 49.952
10 50 0.048 49.952
1 49.9782 0.048 49.9302
5 50 0.048 49.952
2 50 0.048 49.952
19 50 0.048 49.952
3 50 0.048 49.952
8 50 0.048 49.952
17 50 0.048 49.952
10 50 0.048 49.952
1 50 0.048 49.952
19 50 0.048 49.952
2 49.952 0.048 49.904
19 49.952 0.048 49.904
19 49.904 0.16 49.744
18 50 0.048 49.952
5 50 0.048 49.952
19 49.744 0.048 49.696
3 50 0.048 49.952
8 50 0.048 49.952
17 50 0.048 49.952
10 50 0.048 49.952
1 50 0.048 49.952
18 50 0.048 49.952
14 50 0.048 49.952
6 50 0.048 49.952
6 49.952 0.048 49.904
14 49.952 0.048 49.904
14 49.904 0.16 49.744
6 49.904 0.16 49.744
6 49.744 0.016 49.728
14 49.744 0.016 49.728
6 49.728 0.048 49.68
14 49.728 0.048 49.68
5 50 0.048 49.952
3 50 0.048 49.952
8 50 0.048 49.952
17 50 0.048 49.952
10 50 0.048 49.952
1 50 0.048 49.952
18 50 0.048 49.952
6 50 0.048 49.952
14 49.8168 0.048 49.7688
5 50 0.048 49.952
3 50 0.048 49.952
8 50 0.048 49.952
17 50 0.048 49.952
10 50 0.048 49.952
1 50 0.048 49.952
18 50 0.048 49.952
6 50 0.048 49.952
5 50 0.048 49.952
3 50 0.048 49.952
8 50 0.048 49.952
17 50 0.048 49.952
10 50 0.048 49.952
1 50 0.048 49.952
18 50 0.048 49.952
6 50 0.048 49.952
14 50 0.048 49.952
5 50 0.048 49.952
3 50 0.048 49.952
8 50 0.048 49.952
17 50 0.048 49.952
10 50 0.048 49.952
1 50 0.048 49.952
18 50 0.048 49.952
6 50 0.048 49.952
5 50 0.048 49.952
3 50 0.048 49.952
8 50 0.048 49.952
17 50 0.048 49.952
10 50 0.048 49.952
1 50 0.048 49.952
18 50 0.048 49.952
6 50 0.048 49.952
5 50 0.048 49.952
3 50 0.048 49.952
3 49.952 0.048 49.904
3 49.904 0.048 49.856
3 49.856 0.16 49.696
8 50 0.048 49.952
17 50 0.048 49.952
10 50 0.048 49.952
1 50 0.048 49.952
18 50 0.048 49.952
6 50 0.048 49.952
14 50 0.048 49.952
5 50 0.048 49.952
3 50 0.048 49.952
8 50 0.048 49.952
17 50 0.048 49.952
10 50 0.048 49.952
1 50 0.048 49.952
18 50 0.048 49.952
6 50 0.048 49.952
14 50 0.048 49.952
5 50 0.048 49.952
8 49.952 0.048 49.904
8 50 0.048 49.952
8 49.952 0.048 49.904
8 49.904 0.16 49.744
17 50 0.048 49.952
10 50 0.048 49.952
1 50 0.048 49.952
18 50 0.048 49.952
6 50 0.048 49.952
14 50 0.048 49.952
5 50 0.048 49.952
8 49.744 0.048 49.696
17 50 0.048 49.952
10 50 0.048 49.952
1 50 0.048 49.952
18 50 0.048 49.952
6 50 0.048 49.952
14 50 0.048 49.952
5 50 0.048 49.952
5 49.952 0.048 49.904
5 49.904 0.16 49.744
5 49.744 0.048 49.696
8 49.9075 0.048 49.8595
17 50 0.048 49.952
10 50 0.048 49.952
1 50 0.048 49.952
18 50 0.048 49.952
6 50 0.048 49.952
14 50 0.048 49.952
5 50 0.048 49.952
17 50 0.048 49.952
10 50 0.048 49.952
1 50 0.048 49.952
18 50 0.048 49.952
6 50 0.048 49.952
14 50 0.048 49.952
5 50 0.048 49.952
17 50 0.048 49.952
10 50 0.048 49.952
1 50 0.048 49.952
10 49.952 0.048 49.904
10 49.904 0.16 49.744
18 50 0.048 49.952
6 50 0.048 49.952
14 50 0.048 49.952
1 49.952 0.048 49.904
10 49.744 0.048 49.696
17 50 0.048 49.952
18 50 0.048 49.952
6 50 0.048 49.952
14 50 0.048 49.952
1 50 0.048 49.952
10 49.9189 0.048 49.8709
17 50 0.048 49.952
18 50 0.048 49.952
6 50 0.048 49.952
1 50 0.048 49.952
14 50 0.048 49.952
6 49.952 0.048 49.904
6 49.904 0.16 49.744
1 49.952 0.048 49.904
6 49.744 0.048 49.696
10 50 0.048 49.952
17 50 0.048 49.952
18 50 0.048 49.952
6 49.9774 0.048 49.9294
14 50 0.048 49.952
17 50 0.048 49.952
18 50 0.048 49.952
12 50 0.048 49.952
14 50 0.048 49.952
17 50 0.048 49.952
18 50 0.048 49.952
12 50 0.048 49.952
17 50 0.048 49.952
18 50 0.048 49.952
12 50 0.048 49.952
17 50 0.048 49.952
18 50 0.048 49.952
13 50 0.048 49.952
17 50 0.048 49.952
18 50 0.048 49.952
4 50 0.048 49.952
13 50 0.048 49.952
16 50 0.048 49.952
17 50 0.048 49.952
18 50 0.048 49.952
4 50 0.048 49.952
13 50 0.048 49.952
16 50 0.048 49.952
17 50 0.048 49.952
18 50 0.048 49.952
4 50 0.048 49.952
16 50 0.048 49.952
17 50 0.048 49.952
18 50 0.048 49.952
17 50 0.048 49.952
18 50 0.048 49.952
17 50 0.048 49.952
18 50 0.048 49.952
20 50 0.048 49.952
17 50 0.048 49.952
18 50 0.048 49.952
20 50 0.048 49.952
17 50 0.048 49.952
17 49.952 0.048 49.904
17 49.904 0.16 49.744
18 50 0.048 49.952
17 49.744 0.048 49.696
18 50 0.048 49.952
7 50 0.048 49.952
17 49.8241 0.048 49.7761
18 50 0.048 49.952
7 50 0.048 49.952
18 50 0.048 49.952
18 49.952 0.048 49.904
18 49.904 0.16 49.744
7 50 0.048 49.952
18 49.744 0.048 49.696
9 50 0.048 49.952
18 49.9068 0.048 49.8588
9 50 0.048 49.952
11 50 0.048 49.952
9 50 0.048 49.952
11 50 0.048 49.952
11 50 0.048 49.952
15 50 0.048 49.952
15 50 0.048 49.952
2 50 0.048 49.952
2 50 0.048 49.952
19 50 0.048 49.952
2 50 0.048 49.952
19 50 0.048 49.952
