38 220 0 100 4.66804e-08 2.16133 2.16133
43 223 0 100 3.50103e-08 2.39939 2.39939
15 229 0 100 3.50103e-08 2.55601 2.55601
16 233 0 100 0.1 2.81157 2.91157
64 235 0 100 1.16701e-08 3.04287 3.04287
24 216 0 100 1.6 2.01444 3.61444
10 219 0 100 1.6 2.15047 3.75047
12 230 0 100 1.4 2.59172 3.99172
54 228 0 100 1.9 2.54646 4.44646
42 239 0 100 1 3.88553 4.88553
9 237 0 100 1.6 3.36776 4.96776
33 222 0 100 3 2.24968 5.24968
11 217 0 100 3.2 2.08202 5.28202
14 234 0 100 2.4 2.93604 5.33604
19 248 0 100 2.33402e-08 5.65803 5.65803
4 226 0 100 3.3 2.47126 5.77126
29 221 0 100 3.8 2.19065 5.99065
29 251 0 100 1.16701e-08 6.23286 6.23286
31 218 0 100 4.2 2.08537 6.28537
61 224 0 100 4 2.43934 6.43934
58 225 0 100 4.1 2.45843 6.55843
34 231 0 100 4 2.61093 6.61093
47 246 0 100 2 4.6557 6.6557
63 242 0 100 2.6 4.23784 6.83784
63 253 0 100 0.6 6.28692 6.88692
20 232 0 100 4.4 2.78622 7.18622
52 227 0 100 4.7 2.51472 7.21472
66 236 0 100 4.3 3.17324 7.47324
39 241 0 100 3.4 4.13682 7.53682
57 258 0 100 2.33402e-08 7.54943 7.54943
39 255 0 100 0.4 7.21436 7.61436
66 256 0 100 0.4 7.25212 7.65212
57 238 0 100 4.4 3.42311 7.82311
17 240 0 100 4.1 4.06706 8.16706
44 247 0 100 3.2 4.98938 8.18938
44 263 0 100 1.16701e-08 8.44015 8.44015
24 245 0 100 4.4 4.50384 8.90384
46 259 0 100 1.3 7.71389 9.01389
46 243 0 100 4.7 4.34387 9.04387
12 260 0 100 1.5 7.76524 9.26524
59 244 0 100 5.1 4.42251 9.52251
59 262 0 100 1.2 8.33323 9.53323
54 252 0 100 3.5 6.24319 9.74319
42 254 0 100 2.9 7.20786 10.1079
9 265 0 100 1.6 8.66772 10.2677
9 250 0 100 4.1 6.18908 10.2891
11 249 0 100 4.8 5.67569 10.4757
14 257 0 100 3 7.51042 10.5104
19 264 0 100 1.9 8.61856 10.5186
4 261 0 100 3.3 7.79453 11.0945
29 267 0 100 2.3 8.96117 11.2612
47 266 0 100 3 8.83467 11.8347
49 271 0 100 2 9.9797 11.9797
20 268 0 100 3.4 9.1549 12.5549
15 270 0 100 3.6 9.64988 13.2499
24 269 0 100 4.7 9.37196 14.072
