35 184 0 100 1.16701e-08 2.83243 2.83243
37 178 0 100 0.4 2.5322 2.9322
18 171 0 100 1 2.0384 3.0384
13 182 0 100 0.4 2.73897 3.13897
14 175 0 100 1.4 2.27354 3.67354
2 188 0 100 0.5 3.4872 3.9872
29 186 0 100 1 3.34992 4.34992
21 172 0 100 2.5 2.07757 4.57757
19 180 0 100 2.2 2.58055 4.78055
15 183 0 100 2.2 2.76909 4.96909
51 179 0 100 2.6 2.54342 5.14342
60 181 0 100 2.8 2.6214 5.4214
50 174 0 100 3.4 2.24028 5.64028
49 177 0 100 3.2 2.46185 5.66185
36 192 0 100 1.8 4.01402 5.81402
49 201 0 100 1.16701e-08 5.94837 5.94837
41 185 0 100 3.3 2.8664 6.1664
10 193 0 100 2.4 4.12649 6.52649
58 173 0 100 4.4 2.13213 6.53213
40 195 0 100 2.4 4.42558 6.82558
55 176 0 100 4.6 2.43027 7.03027
55 203 0 100 0.5 6.59371 7.09371
54 198 0 100 2.5 4.95032 7.45032
26 191 0 100 3.9 3.79129 7.69129
23 200 0 100 2.3 5.56602 7.86602
23 187 0 100 4.6 3.38993 7.98993
17 189 0 100 4.7 3.49588 8.19588
13 199 0 100 3 5.24292 8.24292
17 205 0 100 1.4 6.96705 8.36705
11 190 0 100 5 3.57701 8.57701
59 194 0 100 4.5 4.33924 8.83924
46 202 0 100 2.3 6.54605 8.84605
46 196 0 100 4.5 4.44728 8.94728
16 197 0 100 4.5 4.5587 9.0587
2 213 0 100 0.3 8.9259 9.2259
34 207 0 100 2.5 7.15321 9.65321
21 210 0 100 1.8 7.94268 9.74268
19 204 0 100 3.4 6.63767 10.0377
15 215 0 100 0.4 9.78977 10.1898
51 209 0 100 2.9 7.50761 10.4076
60 211 0 100 2.3 8.46175 10.7618
36 208 0 100 3.6 7.31021 10.9102
41 206 0 100 4.4 7.00869 11.4087
10 212 0 100 2.9 8.82045 11.7205
52 214 0 100 3 9.31096 12.311
