59 2703 2.05636
78 2704 2.0595
45 2706 2.09799
37 2707 2.16125
51 2708 2.18487
43 2710 2.23506
64 2711 2.2439
39 2712 2.29113
56 2714 2.30295
17 2715 2.34102
3 2716 2.36378
71 2718 2.42328
35 2719 2.44454
73 2721 2.53117
74 2722 2.57821
38 2724 2.59419
18 2725 2.67559
80 2727 2.71957
67 2728 2.72741
55 2729 2.74211
10 2730 2.76458
60 2732 2.83723
22 2733 2.88282
6 2735 2.93827
28 2737 3.04721
68 2739 3.1039
5 2740 3.15411
41 2741 3.17297
76 2742 3.17371
26 2743 3.18696
1 2745 3.20674
16 2746 3.26328
12 2748 3.30985
24 2749 3.32791
4 2751 3.43659
2 2754 3.65245
57 2755 3.66207
79 2757 3.70059
72 2758 3.73711
46 2759 3.76888
65 2761 3.81631
13 2762 3.83316
44 2763 3.84501
31 2764 3.88493
20 2766 3.90941
70 2767 3.92895
40 2768 3.94077
9 2770 4.02081
58 2772 4.09914
50 2773 4.11771
29 2774 4.14215
66 2775 4.16491
34 2777 4.22546
33 2778 4.26276
37 2779 4.28543
75 2781 4.35609
15 2783 4.42537
61 2784 4.49168
11 2786 4.542
64 2787 4.56581
32 2788 4.56728
49 2790 4.61831
8 2791 4.64764
48 2793 4.70914
25 2794 4.7204
19 2795 4.74903
30 2796 4.79082
54 2798 4.79573
63 2799 4.84334
21 2800 4.87197
62 2802 4.9404
35 2809 5.53632
71 2810 5.53822
39 2812 5.65385
80 2816 5.92119
12 2817 5.9887
10 2820 6.15173
7 2821 6.1578
24 2823 6.23451
41 2825 6.32273
52 2827 6.44322
26 2829 6.51299
73 2830 6.53966
58 2832 6.62771
9 2834 6.71054
28 2839 7.1861
76 2844 7.50191
5 2846 7.63516
49 2847 7.68999
27 2850 7.82304
23 2851 7.82923
46 2852 7.84766
6 2855 8.07634
63 2857 8.10768
17 2859 8.24261
11 2862 8.41806
41 2863 8.42267
47 2864 8.47223
44 2865 8.47414
2 2867 8.5386
50 2872 8.90585
78 2873 8.96399
36 2876 9.13117
13 2878 9.22457
64 2880 9.34157
19 2881 9.35051
53 2883 9.4079
20 2884 9.41041
8 2886 9.49577
9 2888 9.59845
52 2889 9.60319
1 2892 9.83579
39 2893 9.87131
34 2894 9.8912
56 2896 9.97052
