49 2455 0 100 1.16701e-08 2.20341 2.20341
42 2463 0 100 0.2 2.36307 2.56307
16 2474 0 100 0.2 2.54161 2.74161
48 2454 0 100 0.7 2.16087 2.86087
52 2464 0 100 0.5 2.36954 2.86954
3 2484 0 100 1.16701e-08 2.88388 2.88388
29 2471 0 100 0.7 2.52156 3.22156
58 2459 0 100 1.2 2.28369 3.48369
36 2492 0 100 0.5 3.22609 3.72609
8 2470 0 100 1.3 2.50392 3.80392
6 2475 0 100 1.3 2.60971 3.90971
54 2457 0 100 1.7 2.24134 3.94134
45 2490 0 100 0.9 3.06353 3.96353
11 2487 0 100 1.1 2.97155 4.07155
18 2460 0 100 1.8 2.31658 4.11658
55 2461 0 100 1.8 2.33243 4.13243
60 2465 0 100 1.8 2.36966 4.16966
21 2503 0 100 0.8 3.61863 4.41863
33 2473 0 100 2 2.53807 4.53807
7 2458 0 100 2.6 2.27407 4.87407
35 2469 0 100 2.4 2.4889 4.8889
5 2453 0 100 2.9 2.14945 5.04945
28 2478 0 100 2.4 2.67771 5.07771
41 2508 0 100 1.5 3.7485 5.2485
47 2497 0 100 1.9 3.3845 5.2845
53 2483 0 100 2.8 2.88178 5.68178
19 2477 0 100 3.1 2.66188 5.76188
30 2496 0 100 2.5 3.35713 5.85713
30 2553 0 100 1.16701e-08 5.86478 5.86478
19 2543 0 100 0.6 5.3084 5.9084
39 2526 0 100 1.4 4.52299 5.92299
31 2518 0 100 1.8 4.14444 5.94444
1 2534 0 100 1.1 4.85215 5.95215
14 2506 0 100 2.5 3.73508 6.23508
4 2514 0 100 2.3 3.97329 6.27329
46 2468 0 100 3.8 2.47963 6.27963
2 2527 0 100 1.8 4.52543 6.32543
56 2502 0 100 2.8 3.57867 6.37867
14 2552 0 100 0.6 5.85709 6.45709
65 2494 0 100 3.4 3.32556 6.72556
2 2570 0 100 1.16701e-08 6.75076 6.75076
44 2509 0 100 3 3.77336 6.77336
59 2516 0 100 2.8 4.03669 6.83669
67 2481 0 100 4.4 2.78932 7.18932
27 2504 0 100 3.6 3.63407 7.23407
15 2525 0 100 2.8 4.45102 7.25102
37 2467 0 100 4.9 2.47174 7.37174
32 2488 0 100 4.4 2.9947 7.3947
22 2486 0 100 4.5 2.94353 7.44353
22 2546 0 100 2.1 5.48648 7.58648
25 2479 0 100 5.1 2.71143 7.81143
42 2566 0 100 1.3 6.58714 7.88714
16 2562 0 100 1.6 6.40185 8.00185
17 2523 0 100 3.6 4.41881 8.01881
48 2535 0 100 3.2 4.93394 8.13394
52 2580 0 100 0.8 7.35188 8.15188
20 2522 0 100 3.8 4.40003 8.20003
63 2512 0 100 4.4 3.94511 8.34511
23 2498 0 100 5 3.38832 8.38832
26 2499 0 100 5 3.39136 8.39136
38 2513 0 100 4.5 3.96014 8.46014
38 2572 0 100 1.7 6.86181 8.56181
58 2549 0 100 3.1 5.65272 8.75272
58 2588 0 100 1.1 7.79565 8.89565
61 2520 0 100 4.7 4.29133 8.99133
8 2602 0 100 0.6 8.44888 9.04888
36 2558 0 100 3 6.05566 9.05566
12 2533 0 100 4.3 4.85112 9.15112
11 2578 0 100 1.9 7.25243 9.15243
45 2565 0 100 2.6 6.58213 9.18213
34 2568 0 100 2.5 6.69622 9.19622
33 2587 0 100 1.5 7.78881 9.28881
54 2540 0 100 4.1 5.19528 9.29528
55 2554 0 100 3.4 5.90945 9.30945
21 2599 0 100 0.9 8.43032 9.33032
62 2530 0 100 4.7 4.6593 9.3593
18 2556 0 100 3.5 5.94658 9.44658
62 2616 0 100 0.1 9.36367 9.46367
60 2542 0 100 4.2 5.30713 9.50713
40 2537 0 100 5 4.96505 9.96505
7 2594 0 100 1.9 8.18909 10.0891
35 2590 0 100 2.2 7.92484 10.1248
28 2595 0 100 2 8.23536 10.2354
5 2600 0 100 1.9 8.43345 10.3334
41 2618 0 100 1.1 9.41598 10.516
47 2622 0 100 0.8 9.7192 10.5192
53 2609 0 100 1.9 9.018 10.918
19 2627 0 100 1.3 9.82056 11.1206
1 2607 0 100 2.2 8.92122 11.1212
31 2626 0 100 1.4 9.79518 11.1952
51 2631 0 100 1.5 9.98827 11.4883
46 2617 0 100 2.1 9.40234 11.5023
4 2585 0 100 3.8 7.73306 11.5331
24 2632 0 100 1.6 9.99634 11.5963
13 2576 0 100 4.5 7.18151 11.6815
56 2583 0 100 4.2 7.59993 11.7999
44 2597 0 100 3.7 8.295 11.995
59 2610 0 100 3 9.03335 12.0333
64 2625 0 100 2.3 9.7713 12.0713
67 2614 0 100 3.2 9.29582 12.4958
22 2623 0 100 2.9 9.73082 12.6308
55 2629 0 100 4.6 9.87955 14.4795
