30 841 0 100 0.3 2.00622 2.30622
74 846 0 100 0.4 2.21652 2.61652
2 848 0 100 0.6 2.27194 2.87194
27 861 0 100 7.00206e-08 3.09426 3.09426
19 854 0 100 0.4 2.73609 3.13609
10 863 0 100 3.50103e-08 3.19458 3.19458
32 842 0 100 1.6 2.08812 3.68812
4 859 0 100 0.7 2.9903 3.6903
55 867 0 100 0.5 3.24605 3.74605
25 856 0 100 1 2.75646 3.75646
79 860 0 100 0.8 3.05604 3.85604
29 880 0 100 1.16701e-08 3.94209 3.94209
40 882 0 100 1.16701e-08 3.98045 3.98045
64 853 0 100 1.6 2.7152 4.3152
16 857 0 100 1.6 2.80015 4.40015
34 891 0 100 1.28371e-07 4.42548 4.42549
45 883 0 100 0.5 3.98849 4.48849
76 894 0 100 2.33402e-08 4.56549 4.56549
66 897 0 100 1.16701e-08 4.73902 4.73902
57 899 0 100 3.50103e-08 4.78912 4.78912
28 879 0 100 1.1 3.87748 4.97748
51 843 0 100 2.9 2.10329 5.00329
72 887 0 100 1.2 4.03962 5.23962
70 888 0 100 1.2 4.0483 5.2483
26 844 0 100 3.2 2.14475 5.34475
8 890 0 100 1.2 4.20415 5.40415
49 878 0 100 1.7 3.84755 5.54755
22 869 0 100 2.3 3.31017 5.61017
5 886 0 100 1.6 4.02466 5.62466
21 865 0 100 2.4 3.23482 5.63482
47 870 0 100 2.3 3.3649 5.6649
63 852 0 100 3 2.66645 5.66645
26 904 0 100 1.16701e-08 5.7018 5.7018
43 868 0 100 2.6 3.26687 5.86687
7 873 0 100 2.4 3.47122 5.87122
59 871 0 100 2.5 3.38684 5.88684
80 849 0 100 3.6 2.29753 5.89753
11 872 0 100 2.5 3.45948 5.95948
17 864 0 100 3 3.20377 6.20377
33 855 0 100 3.7 2.73699 6.43699
39 847 0 100 4.2 2.26728 6.46728
12 877 0 100 2.8 3.6784 6.47841
48 851 0 100 3.9 2.65927 6.55927
12 914 0 100 1.16701e-08 6.56507 6.56507
9 850 0 100 4.1 2.59952 6.69952
9 916 0 100 1.16701e-08 6.71824 6.71824
42 845 0 100 4.7 2.18548 6.88548
24 889 0 100 2.8 4.09529 6.89529
62 858 0 100 4.2 2.96354 7.16354
54 906 0 100 1.6 5.8303 7.4303
52 866 0 100 4.2 3.24572 7.44572
37 874 0 100 3.9 3.60705 7.50705
54 862 0 100 4.4 3.15259 7.55259
35 875 0 100 4.1 3.626 7.726
74 920 0 100 0.7 7.15384 7.85384
78 925 0 100 0.5 7.48452 7.98452
65 901 0 100 3.1 4.92587 8.02587
31 881 0 100 4.1 3.96591 8.06591
3 896 0 100 3.4 4.70578 8.10578
68 892 0 100 3.7 4.42919 8.12919
1 885 0 100 4.2 4.022 8.222
6 893 0 100 3.7 4.54594 8.24594
1 929 0 100 0.5 7.86495 8.36495
31 928 0 100 0.9 7.61338 8.51338
78 876 0 100 4.9 3.64345 8.54345
2 913 0 100 2 6.56449 8.56449
15 884 0 100 4.6 3.99032 8.59032
13 895 0 100 4 4.62939 8.62939
25 909 0 100 2.9 6.0744 8.9744
32 905 0 100 3.3 5.70482 9.00482
29 910 0 100 2.9 6.11411 9.01411
16 923 0 100 1.7 7.32549 9.02549
4 940 0 100 0.3 8.73882 9.03882
40 931 0 100 1 8.04092 9.04092
41 930 0 100 1.1 8.02304 9.12304
25 945 0 100 1.16701e-08 9.29166 9.29166
4 907 0 100 3.5 5.87444 9.37444
64 918 0 100 2.4 7.04302 9.44302
41 900 0 100 4.8 4.79246 9.59246
60 898 0 100 4.9 4.75957 9.65957
57 932 0 100 1.5 8.23556 9.73556
76 926 0 100 2.4 7.55481 9.95481
51 939 0 100 1.3 8.71212 10.0121
51 902 0 100 5 5.25363 10.2536
21 903 0 100 4.9 5.54332 10.4433
22 941 0 100 1.7 8.76928 10.4693
47 908 0 100 4.6 5.87977 10.4798
72 942 0 100 1.5 8.98354 10.4835
21 936 0 100 2.1 8.54168 10.6417
36 935 0 100 2.3 8.366 10.666
8 924 0 100 3.5 7.37253 10.8725
70 934 0 100 2.7 8.32142 11.0214
7 933 0 100 2.8 8.30854 11.1085
59 912 0 100 4.7 6.41177 11.1118
43 911 0 100 4.9 6.22535 11.1253
11 915 0 100 4.5 6.63366 11.1337
43 948 0 100 1.5 9.6583 11.1583
48 950 0 100 1.7 9.94721 11.6472
58 943 0 100 2.6 9.1531 11.7531
71 946 0 100 2.4 9.37436 11.7744
12 938 0 100 3.3 8.56824 11.8682
33 917 0 100 5 6.99257 11.9926
48 922 0 100 4.7 7.30884 12.0088
42 919 0 100 5 7.09465 12.0947
24 921 0 100 4.9 7.26017 12.1602
62 927 0 100 4.8 7.60053 12.4005
52 949 0 100 2.9 9.71035 12.6103
68 947 0 100 4 9.3888 13.3888
65 937 0 100 4.9 8.56432 13.4643
2 944 0 100 4.6 9.1692 13.7692
