50 594
3 594
21 594
33 594
43 594
33 595
18 597
42 598
49 598
47 598
15 598
45 598
34 598
46 598
25 598
34 599
46 599
45 599
10 600
48 600
39 600
44 600
41 600
17 601
23 601
14 600
20 602
38 602
44 603
39 603
14 603
48 603
37 604
2 598
25 599
9 605
18 605
30 597
4 605
21 606
8 607
45 609
34 609
46 609
48 610
14 610
44 610
39 610
10 610
16 611
36 611
29 612
38 612
30 613
18 613
9 613
6 596
15 616
47 616
49 616
42 616
3 618
14 620
48 620
44 620
39 620
35 610
36 621
10 620
22 617
46 622
45 622
41 603
35 623
10 623
48 623
26 600
47 624
49 624
49 625
47 625
15 625
38 626
39 627
41 627
48 627
44 627
14 627
5 628
21 628
32 607
32 629
18 630
30 630
23 631
19 614
7 615
50 618
7 618
3 628
50 628
10 633
48 633
44 633
41 633
27 594
43 595
33 606
39 633
16 621
15 634
47 634
24 611
50 635
29 626
21 636
5 636
3 636
30 638
31 602
20 612
33 639
43 639
27 639
21 639
5 639
44 640
48 640
41 640
39 640
10 640
28 608
40 598
2 599
40 599
34 622
2 622
46 641
34 641
2 641
25 609
2 609
47 642
45 625
34 625
15 642
45 642
49 634
42 624
11 616
16 644
36 644
38 645
31 645
1 601
17 631
1 631
23 643
1 643
48 646
10 646
39 646
41 646
32 647
13 619
43 648
27 648
21 648
41 650
39 650
27 651
43 651
33 651
37 632
29 652
31 652
10 650
10 653
39 653
36 654
18 638
9 630
4 613
49 655
47 655
42 655
12 617
22 649
15 656
45 656
25 656
46 656
2 656
6 637
2 657
46 657
25 657
45 657
15 657
47 657
42 657
30 658
9 658
4 658
39 659
35 640
10 659
35 659
46 660
2 660
25 660
45 660
15 660
47 660
48 650
41 653
48 653
44 646
14 633
45 662
15 662
26 627
40 663
2 663
25 663
45 663
8 647
19 661
7 635
50 636
3 639
21 651
3 651
5 648
16 654
24 644
38 652
20 645
34 656
15 663
47 662
42 660
49 657
11 655
18 658
