23 40 0 100 1 2.06557 3.06557
4 39 0 100 1.5 2.03603 3.53603
30 35 0 100 4 1.42394 5.42394
5 53 0 100 1 4.95151 5.95151
8 38 0 100 4.5 1.65506 6.15506
17 46 0 100 2.5 3.90719 6.40719
3 57 0 100 1.16701e-08 6.58436 6.58436
9 55 0 100 1.5 5.97069 7.47069
10 34 0 100 6.5 1.23407 7.73407
19 37 0 100 8 1.5251 9.5251
13 61 0 100 1.5 8.52364 10.0236
7 41 0 100 7.5 2.56952 10.0695
12 44 0 100 7.5 3.37708 10.8771
5 62 0 100 2.5 8.64378 11.1438
8 64 0 100 1.5 9.94621 11.4462
3 43 0 100 8.5 3.34309 11.8431
6 51 0 100 7.5 4.6578 12.1578
9 42 0 100 10 2.67635 12.6763
29 36 0 100 12 1.45337 13.4534
18 56 0 100 7.5 6.03125 13.5312
21 52 0 100 9 4.67987 13.6799
22 54 0 100 8.5 5.18531 13.6853
29 50 0 100 9.5 4.45978 13.9598
25 49 0 100 10 4.35947 14.3595
24 48 0 100 10.5 4.23294 14.7329
