22 372
2 372
5 372
39 373
1 373
19 373
73 373
49 373
78 373
11 373
50 373
95 374
21 374
26 374
58 374
94 374
24 374
12 374
34 374
90 374
64 374
62 374
32 374
53 374
59 375
88 375
10 375
6 375
69 375
83 376
18 376
36 376
84 378
68 381
17 381
35 381
42 381
63 381
93 381
44 381
97 382
27 382
40 382
46 382
98 384
30 384
33 384
57 384
3 384
92 384
28 384
37 386
74 373
38 388
13 389
78 390
52 392
26 380
65 380
75 394
43 382
80 382
23 396
89 396
4 396
9 396
7 396
15 396
16 396
61 396
99 385
88 385
77 387
19 377
39 377
12 379
90 379
64 379
62 379
51 398
24 398
25 398
46 399
71 399
35 393
87 393
47 393
63 393
11 383
79 383
45 400
57 401
86 401
48 402
96 377
76 397
70 405
82 383
67 406
14 373
7 403
95 407
26 407
58 407
29 407
74 391
44 393
4 404
89 404
93 395
87 395
47 395
40 408
55 408
97 408
59 409
20 409
22 409
92 411
83 412
73 414
64 415
62 415
90 415
87 416
89 410
98 418
100 413
82 414
96 414
81 419
85 419
58 420
26 420
51 420
66 410
90 422
64 422
91 379
82 423
19 423
97 421
63 425
99 419
22 419
51 424
58 424
10 405
64 427
4 428
35 429
70 431
73 432
81 433
58 434
68 393
41 381
93 429
56 412
83 438
64 439
11 414
35 440
41 440
82 432
54 384
28 411
92 435
31 384
98 442
63 444
38 430
8 388
26 424
95 420
51 434
12 415
90 427
91 439
72 378
84 426
58 446
59 419
99 433
23 404
89 428
15 406
81 445
67 436
60 409
59 445
46 408
97 437
40 421
73 443
14 417
57 418
51 446
12 446
90 446
