42 0.8 0.048 0.752
15 0.8 0.048 0.752
29 0.8 0.048 0.752
60 0.8 0.048 0.752
62 0.8 0.048 0.752
42 0.752 0.192 0.56
42 0.56 0.16 0.4
15 0.752 0.16 0.592
15 0.592 0.016 0.576
42 0.4 0.016 0.384
15 0.576 0.048 0.528
29 0.752 0.048 0.704
42 0.384 0.048 0.336
60 0.752 0.048 0.704
62 0.752 0.048 0.704
15 0.528 0.144 0.384
15 0.384 0.16 0.224
29 0.704 0.16 0.544
29 0.544 0.016 0.528
42 0.336 0.016 0.32
29 0.528 0.048 0.48
15 0.224 0.048 0.176
42 0.32 0.048 0.272
60 0.704 0.048 0.656
62 0.704 0.048 0.656
29 0.48 0.096 0.384
29 0.384 0.16 0.224
60 0.656 0.16 0.496
62 0.656 0.16 0.496
29 0.224 0.16 0.064
15 0.176 0.16 0.016
42 0.272 0.16 0.112
60 0.496 0.16 0.336
62 0.496 0.16 0.336
64 0.8 0.048 0.752
40 0.8 0.048 0.752
3 0.8 0.048 0.752
7 0.8 0.048 0.752
33 0.8 0.048 0.752
40 0.752 0.144 0.608
40 0.608 0.16 0.448
3 0.752 0.16 0.592
3 0.592 0.016 0.576
40 0.448 0.016 0.432
3 0.576 0.048 0.528
7 0.752 0.048 0.704
40 0.432 0.048 0.384
67 0.8 0.048 0.752
3 0.528 0.096 0.432
3 0.432 0.16 0.272
7 0.704 0.16 0.544
7 0.544 0.016 0.528
40 0.384 0.016 0.368
7 0.528 0.048 0.48
3 0.272 0.048 0.224
40 0.368 0.048 0.32
67 0.752 0.048 0.704
7 0.48 0.048 0.432
7 0.432 0.16 0.272
33 0.752 0.16 0.592
33 0.592 0.016 0.576
40 0.32 0.016 0.304
33 0.576 0.048 0.528
35 0.8 0.048 0.752
40 0.304 0.048 0.256
33 0.528 0.048 0.48
33 0.48 0.16 0.32
7 0.272 0.16 0.112
3 0.224 0.16 0.064
67 0.704 0.16 0.544
67 0.544 0.016 0.528
7 0.112 0.016 0.096
67 0.528 0.048 0.48
3 0.064 0.048 0.016
7 0.096 0.048 0.048
28 0.8 0.048 0.752
56 0.8 0.048 0.752
67 0.48 0.096 0.384
67 0.384 0.16 0.224
35 0.752 0.16 0.592
35 0.592 0.016 0.576
33 0.32 0.016 0.304
35 0.576 0.048 0.528
33 0.304 0.048 0.256
40 0.256 0.16 0.096
3 0.016 0.16 -0.144
7 0.048 0.16 -0.112
28 0.752 0.16 0.592
28 0.592 0.016 0.576
67 0.224 0.016 0.208
28 0.576 0.048 0.528
44 0.8 0.048 0.752
56 0.752 0.048 0.704
67 0.208 0.048 0.16
28 0.528 0.096 0.432
28 0.432 0.16 0.272
56 0.704 0.16 0.544
56 0.544 0.016 0.528
67 0.16 0.016 0.144
56 0.528 0.048 0.48
28 0.272 0.048 0.224
44 0.752 0.048 0.704
67 0.144 0.048 0.096
56 0.48 0.048 0.432
56 0.432 0.16 0.272
56 0.272 0.16 0.112
28 0.224 0.16 0.064
44 0.704 0.16 0.544
44 0.544 0.016 0.528
56 0.112 0.016 0.096
44 0.528 0.048 0.48
28 0.064 0.048 0.016
56 0.096 0.048 0.048
67 0.096 0.16 -0.064
46 0.8 0.048 0.752
13 0.8 0.048 0.752
39 0.8 0.048 0.752
57 0.8 0.048 0.752
46 0.752 0.144 0.608
46 0.608 0.16 0.448
13 0.752 0.16 0.592
13 0.592 0.016 0.576
46 0.448 0.016 0.432
13 0.576 0.048 0.528
39 0.752 0.048 0.704
46 0.432 0.048 0.384
57 0.752 0.048 0.704
13 0.528 0.096 0.432
13 0.432 0.16 0.272
39 0.704 0.16 0.544
39 0.544 0.016 0.528
46 0.384 0.016 0.368
39 0.528 0.048 0.48
13 0.272 0.048 0.224
46 0.368 0.048 0.32
57 0.704 0.16 0.544
57 0.544 0.016 0.528
46 0.32 0.016 0.304
57 0.528 0.048 0.48
8 0.8 0.048 0.752
13 0.224 0.048 0.176
46 0.304 0.048 0.256
57 0.48 0.048 0.432
57 0.432 0.16 0.272
39 0.48 0.16 0.32
57 0.272 0.16 0.112
8 0.752 0.16 0.592
8 0.592 0.016 0.576
57 0.112 0.016 0.096
8 0.576 0.048 0.528
57 0.096 0.048 0.048
13 0.176 0.16 0.016
46 0.256 0.16 0.096
45 0.8 0.048 0.752
22 0.8 0.048 0.752
26 0.8 0.048 0.752
45 0.752 0.096 0.656
45 0.656 0.16 0.496
22 0.752 0.16 0.592
22 0.592 0.016 0.576
45 0.496 0.016 0.48
22 0.576 0.048 0.528
26 0.752 0.048 0.704
45 0.48 0.048 0.432
22 0.528 0.048 0.48
22 0.48 0.16 0.32
26 0.704 0.16 0.544
26 0.544 0.016 0.528
45 0.432 0.016 0.416
26 0.528 0.048 0.48
22 0.32 0.048 0.272
45 0.416 0.048 0.368
26 0.48 0.16 0.32
45 0.368 0.16 0.208
6 0.8 0.048 0.752
1 0.8 0.048 0.752
18 0.8 0.048 0.752
20 0.8 0.048 0.752
24 0.8 0.048 0.752
59 0.8 0.048 0.752
69 0.8 0.048 0.752
6 0.752 0.288 0.464
6 0.464 0.16 0.304
1 0.752 0.16 0.592
1 0.592 0.016 0.576
6 0.304 0.016 0.288
1 0.576 0.048 0.528
6 0.288 0.048 0.24
18 0.752 0.048 0.704
20 0.752 0.048 0.704
24 0.752 0.048 0.704
59 0.752 0.048 0.704
69 0.752 0.048 0.704
1 0.528 0.24 0.288
1 0.288 0.16 0.128
18 0.704 0.16 0.544
18 0.544 0.016 0.528
6 0.24 0.016 0.224
18 0.528 0.048 0.48
1 0.128 0.048 0.08
6 0.224 0.048 0.176
24 0.704 0.048 0.656
18 0.48 0.048 0.432
18 0.432 0.16 0.272
20 0.704 0.16 0.544
20 0.544 0.016 0.528
6 0.176 0.016 0.16
20 0.528 0.048 0.48
1 0.08 0.048 0.032
6 0.16 0.048 0.112
59 0.704 0.048 0.656
69 0.704 0.048 0.656
20 0.48 0.096 0.384
20 0.384 0.16 0.224
24 0.656 0.16 0.496
59 0.656 0.16 0.496
69 0.656 0.16 0.496
18 0.272 0.16 0.112
20 0.224 0.16 0.064
24 0.496 0.16 0.336
1 0.032 0.16 -0.128
6 0.112 0.16 -0.048
59 0.496 0.16 0.336
69 0.496 0.16 0.336
33 0.549604 0.048 0.501604
35 0.8 0.048 0.752
40 0.386369 0.048 0.338369
51 0.8 0.048 0.752
36 0.8 0.048 0.752
51 0.752 0.048 0.704
51 0.704 0.16 0.544
36 0.752 0.16 0.592
36 0.592 0.016 0.576
51 0.544 0.016 0.528
36 0.576 0.048 0.528
51 0.528 0.048 0.48
64 0.8 0.048 0.752
35 0.8 0.048 0.752
21 0.8 0.048 0.752
33 0.576091 0.048 0.528091
35 0.752 0.048 0.704
35 0.704 0.16 0.544
21 0.752 0.16 0.592
21 0.592 0.016 0.576
35 0.544 0.016 0.528
21 0.576 0.048 0.528
35 0.528 0.048 0.48
33 0.528091 0.16 0.368091
44 0.8 0.048 0.752
28 0.40258 0.048 0.35458
56 0.423761 0.048 0.375761
39 0.691458 0.048 0.643458
13 0.387726 0.048 0.339726
46 0.478731 0.048 0.430731
8 0.8 0.048 0.752
57 0.42937 0.048 0.38137
38 0.8 0.048 0.752
12 0.8 0.048 0.752
38 0.752 0.048 0.704
38 0.704 0.16 0.544
12 0.752 0.16 0.592
12 0.592 0.016 0.576
38 0.544 0.016 0.528
12 0.576 0.048 0.528
2 0.8 0.048 0.752
38 0.528 0.048 0.48
43 0.8 0.048 0.752
12 0.528 0.096 0.432
12 0.432 0.16 0.272
2 0.752 0.16 0.592
2 0.592 0.016 0.576
12 0.272 0.016 0.256
2 0.576 0.048 0.528
12 0.256 0.048 0.208
43 0.752 0.048 0.704
47 0.8 0.048 0.752
2 0.528 0.096 0.432
2 0.432 0.16 0.272
38 0.48 0.16 0.32
43 0.704 0.16 0.544
43 0.544 0.016 0.528
12 0.208 0.016 0.192
43 0.528 0.048 0.48
2 0.272 0.048 0.224
12 0.192 0.048 0.144
47 0.752 0.048 0.704
43 0.48 0.048 0.432
43 0.432 0.16 0.272
43 0.272 0.16 0.112
2 0.224 0.16 0.064
12 0.144 0.16 -0.016
47 0.704 0.16 0.544
47 0.544 0.016 0.528
43 0.112 0.016 0.096
47 0.528 0.048 0.48
2 0.064 0.048 0.016
43 0.096 0.048 0.048
61 0.8 0.048 0.752
47 0.48 0.048 0.432
47 0.432 0.16 0.272
2 0.016 0.16 -0.144
43 0.048 0.16 -0.112
61 0.752 0.16 0.592
61 0.592 0.016 0.576
47 0.272 0.016 0.256
61 0.576 0.048 0.528
47 0.256 0.048 0.208
50 0.8 0.048 0.752
61 0.528 0.048 0.48
61 0.48 0.16 0.32
47 0.208 0.16 0.048
50 0.752 0.16 0.592
50 0.592 0.016 0.576
61 0.32 0.016 0.304
50 0.576 0.048 0.528
61 0.304 0.048 0.256
35 0.557735 0.048 0.509735
33 0.43907 0.048 0.39107
26 0.691374 0.048 0.643374
16 0.8 0.048 0.752
17 0.8 0.048 0.752
32 0.8 0.048 0.752
16 0.752 0.096 0.656
16 0.656 0.16 0.496
17 0.752 0.16 0.592
17 0.592 0.016 0.576
16 0.496 0.016 0.48
17 0.576 0.048 0.528
16 0.48 0.048 0.432
32 0.752 0.048 0.704
17 0.528 0.048 0.48
17 0.48 0.16 0.32
32 0.704 0.16 0.544
32 0.544 0.016 0.528
16 0.432 0.016 0.416
32 0.528 0.048 0.48
16 0.416 0.048 0.368
17 0.32 0.048 0.272
16 0.368 0.16 0.208
32 0.48 0.16 0.32
24 0.635977 0.048 0.587977
1 0.290846 0.048 0.242846
6 0.299296 0.048 0.251296
18 0.412501 0.048 0.364501
59 0.632776 0.048 0.584776
69 0.642664 0.048 0.594664
24 0.587977 0.096 0.491977
24 0.491977 0.16 0.331977
1 0.242846 0.16 0.0828465
6 0.251296 0.16 0.0912956
18 0.364501 0.16 0.204501
59 0.584776 0.16 0.424776
69 0.594664 0.16 0.434664
31 0.8 0.048 0.752
11 0.8 0.048 0.752
37 0.8 0.048 0.752
49 0.8 0.048 0.752
63 0.8 0.048 0.752
31 0.752 0.192 0.56
31 0.56 0.16 0.4
11 0.752 0.16 0.592
11 0.592 0.016 0.576
31 0.4 0.016 0.384
11 0.576 0.048 0.528
31 0.384 0.048 0.336
41 0.8 0.048 0.752
52 0.8 0.048 0.752
53 0.8 0.048 0.752
63 0.752 0.048 0.704
11 0.528 0.192 0.336
11 0.336 0.16 0.176
37 0.752 0.16 0.592
37 0.592 0.016 0.576
31 0.336 0.016 0.32
37 0.576 0.048 0.528
31 0.32 0.048 0.272
49 0.752 0.048 0.704
37 0.528 0.048 0.48
37 0.48 0.16 0.32
49 0.704 0.16 0.544
49 0.544 0.016 0.528
31 0.272 0.016 0.256
49 0.528 0.048 0.48
31 0.256 0.048 0.208
37 0.32 0.048 0.272
63 0.704 0.048 0.656
49 0.48 0.048 0.432
49 0.432 0.16 0.272
63 0.656 0.16 0.496
41 0.752 0.16 0.592
41 0.592 0.016 0.576
11 0.176 0.016 0.16
41 0.576 0.048 0.528
11 0.16 0.048 0.112
27 0.8 0.048 0.752
52 0.752 0.048 0.704
53 0.752 0.048 0.704
63 0.496 0.048 0.448
41 0.528 0.144 0.384
41 0.384 0.16 0.224
52 0.704 0.16 0.544
52 0.544 0.016 0.528
11 0.112 0.016 0.096
52 0.528 0.048 0.48
11 0.096 0.048 0.048
25 0.8 0.048 0.752
27 0.752 0.048 0.704
41 0.224 0.048 0.176
53 0.704 0.048 0.656
52 0.48 0.144 0.336
52 0.336 0.16 0.176
53 0.656 0.16 0.496
49 0.272 0.16 0.112
31 0.208 0.16 0.048
37 0.272 0.16 0.112
63 0.448 0.16 0.288
52 0.176 0.16 0.016
63 0.288 0.16 0.128
11 0.048 0.16 -0.112
25 0.752 0.16 0.592
25 0.592 0.016 0.576
52 0.016 0.016 -9.71445e-17
25 0.576 0.048 0.528
27 0.704 0.048 0.656
30 0.8 0.048 0.752
52 0 0.048 -0.048
53 0.496 0.048 0.448
66 0.8 0.048 0.752
25 0.528 0.144 0.384
25 0.384 0.16 0.224
27 0.656 0.16 0.496
41 0.176 0.16 0.016
53 0.448 0.16 0.288
27 0.496 0.16 0.336
30 0.752 0.16 0.592
30 0.592 0.016 0.576
25 0.224 0.016 0.208
30 0.576 0.048 0.528
25 0.208 0.048 0.16
27 0.336 0.048 0.288
65 0.8 0.048 0.752
66 0.752 0.048 0.704
30 0.528 0.096 0.432
30 0.432 0.16 0.272
52 0 0.16 -0.16
53 0.288 0.16 0.128
66 0.704 0.16 0.544
66 0.544 0.016 0.528
25 0.16 0.016 0.144
66 0.528 0.048 0.48
25 0.144 0.048 0.096
30 0.272 0.048 0.224
54 0.8 0.048 0.752
65 0.752 0.048 0.704
66 0.48 0.096 0.384
66 0.384 0.16 0.224
27 0.288 0.16 0.128
66 0.224 0.16 0.064
25 0.096 0.16 -0.064
30 0.224 0.16 0.064
54 0.752 0.16 0.592
54 0.592 0.016 0.576
66 0.064 0.016 0.048
54 0.576 0.048 0.528
48 0.8 0.048 0.752
65 0.704 0.048 0.656
66 0.048 0.048 -1.11022e-16
54 0.528 0.096 0.432
54 0.432 0.16 0.272
65 0.656 0.16 0.496
48 0.752 0.16 0.592
48 0.592 0.016 0.576
54 0.272 0.016 0.256
48 0.576 0.048 0.528
54 0.256 0.048 0.208
65 0.496 0.16 0.336
66 0 0.16 -0.16
61 0.483176 0.048 0.435176
47 0.194162 0.048 0.146162
50 0.74984 0.048 0.70184
33 0.611901 0.048 0.563901
35 0.735273 0.048 0.687273
40 0.714349 0.048 0.666349
33 0.563901 0.048 0.515901
33 0.515901 0.16 0.355901
35 0.687273 0.16 0.527273
40 0.666349 0.16 0.506349
40 0.506349 0.016 0.490349
33 0.355901 0.016 0.339901
40 0.490349 0.048 0.442349
3 0.734316 0.048 0.686316
7 0.662328 0.048 0.614328
33 0.339901 0.048 0.291901
40 0.442349 0.048 0.394349
40 0.394349 0.16 0.234349
3 0.686316 0.16 0.526316
7 0.614328 0.16 0.454328
33 0.291901 0.16 0.131901
36 0.8 0.048 0.752
51 0.8 0.048 0.752
64 0.8 0.048 0.752
21 0.8 0.048 0.752
35 0.597342 0.048 0.549342
44 0.8 0.048 0.752
28 0.745439 0.048 0.697439
56 0.749918 0.048 0.701918
39 0.8 0.048 0.752
13 0.712415 0.048 0.664415
46 0.8 0.048 0.752
8 0.8 0.048 0.752
57 0.751815 0.048 0.703815
50 0.8 0.048 0.752
61 0.586649 0.048 0.538649
35 0.627335 0.048 0.579335
33 0.282291 0.048 0.234291
62 0.8 0.048 0.752
15 0.8 0.048 0.752
29 0.8 0.048 0.752
34 0.8 0.048 0.752
42 0.8 0.048 0.752
60 0.8 0.048 0.752
62 0.752 0.144 0.608
62 0.608 0.16 0.448
15 0.752 0.16 0.592
29 0.752 0.16 0.592
34 0.752 0.16 0.592
34 0.592 0.016 0.576
62 0.448 0.016 0.432
34 0.576 0.048 0.528
15 0.592 0.048 0.544
29 0.592 0.048 0.544
42 0.752 0.048 0.704
62 0.432 0.048 0.384
34 0.528 0.048 0.48
34 0.48 0.16 0.32
42 0.704 0.16 0.544
42 0.544 0.016 0.528
62 0.384 0.016 0.368
42 0.528 0.048 0.48
15 0.544 0.048 0.496
29 0.544 0.048 0.496
34 0.32 0.048 0.272
62 0.368 0.048 0.32
60 0.752 0.16 0.592
60 0.592 0.016 0.576
62 0.32 0.016 0.304
60 0.576 0.048 0.528
15 0.496 0.048 0.448
29 0.496 0.048 0.448
62 0.304 0.048 0.256
15 0.448 0.16 0.288
29 0.448 0.16 0.288
42 0.48 0.16 0.32
62 0.256 0.16 0.096
26 0.8 0.048 0.752
22 0.8 0.048 0.752
45 0.8 0.048 0.752
32 0.694809 0.048 0.646809
16 0.579119 0.048 0.531119
17 0.656269 0.048 0.608269
27 0.354201 0.048 0.306201
25 0.287904 0.048 0.239904
30 0.285539 0.048 0.237539
41 0.2491 0.048 0.2011
52 0.31425 0.048 0.26625
53 0.431206 0.048 0.383206
48 0.8 0.048 0.752
54 0.577422 0.048 0.529422
61 0.766438 0.048 0.718438
50 0.8 0.048 0.752
63 0.506067 0.048 0.458067
11 0.445559 0.048 0.397559
31 0.491536 0.048 0.443536
37 0.569521 0.048 0.521521
41 0.433166 0.048 0.385166
49 0.569677 0.048 0.521677
5 0.8 0.048 0.752
14 0.8 0.048 0.752
55 0.8 0.048 0.752
68 0.8 0.048 0.752
5 0.752 0.144 0.608
5 0.608 0.16 0.448
14 0.752 0.16 0.592
14 0.592 0.016 0.576
5 0.448 0.016 0.432
14 0.576 0.048 0.528
5 0.432 0.048 0.384
9 0.8 0.048 0.752
19 0.8 0.048 0.752
55 0.752 0.048 0.704
68 0.752 0.048 0.704
14 0.528 0.192 0.336
14 0.336 0.16 0.176
55 0.704 0.16 0.544
55 0.544 0.016 0.528
5 0.384 0.016 0.368
55 0.528 0.048 0.48
5 0.368 0.048 0.32
14 0.176 0.048 0.128
68 0.704 0.048 0.656
55 0.48 0.048 0.432
55 0.432 0.16 0.272
68 0.656 0.16 0.496
9 0.752 0.16 0.592
9 0.592 0.016 0.576
14 0.128 0.016 0.112
9 0.576 0.048 0.528
14 0.112 0.048 0.064
19 0.752 0.048 0.704
58 0.8 0.048 0.752
9 0.528 0.096 0.432
9 0.432 0.16 0.272
19 0.704 0.16 0.544
19 0.544 0.016 0.528
14 0.064 0.016 0.048
19 0.528 0.048 0.48
9 0.272 0.048 0.224
14 0.048 0.048 -1.11022e-16
58 0.752 0.048 0.704
19 0.48 0.048 0.432
19 0.432 0.16 0.272
55 0.272 0.16 0.112
5 0.32 0.16 0.16
14 0 0.16 -0.16
68 0.496 0.16 0.336
19 0.272 0.16 0.112
9 0.224 0.16 0.064
14 0 0.16 -0.16
58 0.704 0.16 0.544
58 0.544 0.016 0.528
19 0.112 0.016 0.096
58 0.528 0.048 0.48
9 0.064 0.048 0.016
10 0.8 0.048 0.752
19 0.096 0.048 0.048
58 0.48 0.048 0.432
58 0.432 0.16 0.272
9 0.016 0.16 -0.144
10 0.752 0.16 0.592
10 0.592 0.016 0.576
58 0.272 0.016 0.256
10 0.576 0.048 0.528
58 0.256 0.048 0.208
19 0.048 0.16 -0.112
66 0.531614 0.048 0.483614
25 0.468113 0.048 0.420113
30 0.462572 0.048 0.414572
54 0.601889 0.048 0.553889
65 0.8 0.048 0.752
66 0.483614 0.096 0.387614
66 0.387614 0.16 0.227614
25 0.420113 0.16 0.260113
30 0.414572 0.16 0.254572
54 0.553889 0.16 0.393889
65 0.752 0.16 0.592
65 0.592 0.016 0.576
66 0.227614 0.016 0.211614
65 0.576 0.048 0.528
30 0.254572 0.048 0.206572
54 0.393889 0.048 0.345889
66 0.211614 0.048 0.163614
36 0.8 0.048 0.752
51 0.8 0.048 0.752
64 0.8 0.048 0.752
21 0.8 0.048 0.752
35 0.8 0.048 0.752
44 0.8 0.048 0.752
28 0.8 0.048 0.752
56 0.8 0.048 0.752
39 0.8 0.048 0.752
13 0.8 0.048 0.752
46 0.8 0.048 0.752
8 0.8 0.048 0.752
4 0.8 0.048 0.752
57 0.8 0.048 0.752
8 0.752 0.048 0.704
8 0.704 0.16 0.544
4 0.752 0.16 0.592
4 0.592 0.016 0.576
8 0.544 0.016 0.528
4 0.576 0.048 0.528
8 0.528 0.048 0.48
70 0.8 0.048 0.752
4 0.528 0.048 0.48
4 0.48 0.16 0.32
57 0.752 0.16 0.592
8 0.48 0.16 0.32
70 0.752 0.16 0.592
70 0.592 0.016 0.576
4 0.32 0.016 0.304
70 0.576 0.048 0.528
4 0.304 0.048 0.256
50 0.8 0.048 0.752
61 0.8 0.048 0.752
35 0.8 0.048 0.752
33 0.606495 0.048 0.558495
35 0.752 0.048 0.704
35 0.704 0.16 0.544
33 0.558495 0.16 0.398495
42 0.708914 0.048 0.660914
15 0.663073 0.048 0.615073
29 0.663572 0.048 0.615572
34 0.64786 0.048 0.59986
60 0.8 0.048 0.752
62 0.465339 0.048 0.417339
60 0.752 0.048 0.704
15 0.615073 0.048 0.567073
29 0.615572 0.048 0.567572
42 0.660914 0.048 0.612914
62 0.417339 0.048 0.369339
26 0.8 0.048 0.752
22 0.8 0.048 0.752
45 0.8 0.048 0.752
32 0.8 0.048 0.752
16 0.8 0.048 0.752
17 0.8 0.048 0.752
27 0.672078 0.048 0.624078
25 0.418801 0.048 0.370801
30 0.360405 0.048 0.312405
41 0.53318 0.048 0.48518
52 0.645081 0.048 0.597081
53 0.754086 0.048 0.706086
27 0.624078 0.096 0.528078
27 0.528078 0.16 0.368078
25 0.370801 0.16 0.210801
30 0.312405 0.16 0.152405
41 0.48518 0.16 0.32518
52 0.597081 0.16 0.437081
53 0.706086 0.16 0.546086
53 0.546086 0.016 0.530086
27 0.368078 0.016 0.352078
53 0.530086 0.048 0.482086
11 0.614125 0.048 0.566125
27 0.352078 0.048 0.304078
41 0.32518 0.048 0.27718
52 0.437081 0.048 0.389081
63 0.685257 0.048 0.637257
53 0.482086 0.048 0.434086
53 0.434086 0.16 0.274086
11 0.566125 0.16 0.406125
27 0.304078 0.16 0.144078
41 0.27718 0.16 0.11718
52 0.389081 0.16 0.229081
63 0.637257 0.16 0.477257
11 0.482173 0.048 0.434173
41 0.188761 0.048 0.140761
52 0.303043 0.048 0.255043
53 0.352496 0.048 0.304496
63 0.54818 0.048 0.50018
48 0.8 0.048 0.752
54 0.644359 0.048 0.596359
61 0.8 0.048 0.752
50 0.8 0.048 0.752
63 0.570467 0.048 0.522467
11 0.508819 0.048 0.460819
31 0.8 0.048 0.752
37 0.8 0.048 0.752
41 0.289289 0.048 0.241289
49 0.8 0.048 0.752
52 0.328768 0.048 0.280768
53 0.37784 0.048 0.32984
63 0.522467 0.048 0.474467
63 0.474467 0.16 0.314467
11 0.460819 0.16 0.300819
31 0.752 0.16 0.592
31 0.592 0.016 0.576
63 0.314467 0.016 0.298467
31 0.576 0.048 0.528
37 0.752 0.048 0.704
49 0.752 0.048 0.704
63 0.298467 0.048 0.250467
37 0.704 0.16 0.544
41 0.241289 0.16 0.0812891
49 0.704 0.16 0.544
52 0.280768 0.16 0.120768
53 0.32984 0.16 0.16984
10 0.8 0.048 0.752
58 0.580503 0.048 0.532503
65 0.8 0.048 0.752
30 0.373054 0.048 0.325054
48 0.8 0.048 0.752
54 0.675156 0.048 0.627156
66 0.537566 0.048 0.489566
65 0.752 0.048 0.704
65 0.704 0.16 0.544
30 0.325054 0.16 0.165054
48 0.752 0.16 0.592
54 0.627156 0.16 0.467156
66 0.489566 0.16 0.329566
36 0.8 0.048 0.752
51 0.8 0.048 0.752
64 0.8 0.048 0.752
21 0.8 0.048 0.752
44 0.8 0.048 0.752
28 0.8 0.048 0.752
56 0.8 0.048 0.752
19 0.441712 0.048 0.393712
9 0.377679 0.048 0.329679
14 0.378394 0.048 0.330394
58 0.610136 0.048 0.562136
19 0.393712 0.048 0.345712
19 0.345712 0.16 0.185712
9 0.329679 0.16 0.169679
14 0.330394 0.16 0.170394
58 0.562136 0.16 0.402136
39 0.8 0.048 0.752
13 0.8 0.048 0.752
46 0.8 0.048 0.752
57 0.8 0.048 0.752
70 0.8 0.048 0.752
4 0.629099 0.048 0.581099
54 0.545352 0.048 0.497352
48 0.667648 0.048 0.619648
65 0.623336 0.048 0.575336
66 0.404248 0.048 0.356248
43 0.8 0.048 0.752
2 0.8 0.048 0.752
12 0.8 0.048 0.752
47 0.8 0.048 0.752
43 0.752 0.096 0.656
43 0.656 0.16 0.496
2 0.752 0.16 0.592
12 0.752 0.16 0.592
12 0.592 0.016 0.576
43 0.496 0.016 0.48
12 0.576 0.048 0.528
2 0.592 0.048 0.544
38 0.8 0.048 0.752
43 0.48 0.048 0.432
12 0.528 0.048 0.48
12 0.48 0.16 0.32
47 0.752 0.16 0.592
47 0.592 0.016 0.576
43 0.432 0.016 0.416
47 0.576 0.048 0.528
2 0.544 0.048 0.496
43 0.416 0.048 0.368
2 0.496 0.16 0.336
38 0.752 0.16 0.592
38 0.592 0.016 0.576
12 0.32 0.016 0.304
38 0.576 0.048 0.528
12 0.304 0.048 0.256
43 0.368 0.16 0.208
50 0.8 0.048 0.752
61 0.8 0.048 0.752
42 0.8 0.048 0.752
15 0.8 0.048 0.752
29 0.8 0.048 0.752
60 0.8 0.048 0.752
62 0.756261 0.048 0.708261
60 0.752 0.048 0.704
15 0.752 0.048 0.704
29 0.752 0.048 0.704
42 0.752 0.048 0.704
62 0.708261 0.048 0.660261
26 0.8 0.048 0.752
22 0.8 0.048 0.752
45 0.8 0.048 0.752
32 0.8 0.048 0.752
16 0.8 0.048 0.752
17 0.8 0.048 0.752
56 0.8 0.048 0.752
28 0.8 0.048 0.752
44 0.8 0.048 0.752
67 0.8 0.048 0.752
56 0.752 0.048 0.704
56 0.704 0.16 0.544
28 0.752 0.16 0.592
44 0.752 0.16 0.592
67 0.752 0.16 0.592
67 0.592 0.016 0.576
56 0.544 0.016 0.528
67 0.576 0.048 0.528
28 0.592 0.048 0.544
56 0.528 0.048 0.48
11 0.599205 0.048 0.551205
41 0.299189 0.048 0.251189
52 0.422146 0.048 0.374146
53 0.468763 0.048 0.420763
63 0.556962 0.048 0.508962
11 0.551205 0.048 0.503205
11 0.503205 0.16 0.343205
41 0.251189 0.16 0.0911893
52 0.374146 0.16 0.214146
53 0.420763 0.16 0.260763
63 0.508962 0.16 0.348962
48 0.771905 0.048 0.723905
54 0.727138 0.048 0.679138
69 0.8 0.048 0.752
6 0.8 0.048 0.752
20 0.8 0.048 0.752
24 0.8 0.048 0.752
59 0.8 0.048 0.752
69 0.752 0.096 0.656
69 0.656 0.16 0.496
6 0.752 0.16 0.592
6 0.592 0.016 0.576
69 0.496 0.016 0.48
6 0.576 0.048 0.528
1 0.8 0.048 0.752
18 0.8 0.048 0.752
20 0.752 0.048 0.704
24 0.752 0.048 0.704
59 0.752 0.048 0.704
69 0.48 0.048 0.432
6 0.528 0.048 0.48
6 0.48 0.16 0.32
20 0.704 0.16 0.544
24 0.704 0.16 0.544
59 0.704 0.16 0.544
59 0.544 0.016 0.528
69 0.432 0.016 0.416
59 0.528 0.048 0.48
1 0.752 0.048 0.704
6 0.32 0.048 0.272
18 0.752 0.048 0.704
20 0.544 0.048 0.496
24 0.544 0.048 0.496
69 0.416 0.048 0.368
1 0.704 0.16 0.544
18 0.704 0.16 0.544
20 0.496 0.16 0.336
24 0.496 0.16 0.336
59 0.48 0.16 0.32
69 0.368 0.16 0.208
61 0.8 0.048 0.752
50 0.8 0.048 0.752
31 0.8 0.048 0.752
37 0.8 0.048 0.752
49 0.8 0.048 0.752
63 0.428729 0.048 0.380729
7 0.8 0.048 0.752
3 0.8 0.048 0.752
40 0.8 0.048 0.752
67 0.678514 0.048 0.630514
10 0.8 0.048 0.752
58 0.703315 0.048 0.655315
58 0.734393 0.048 0.686393
9 0.540072 0.048 0.492072
10 0.752 0.048 0.704
19 0.491648 0.048 0.443648
36 0.8 0.048 0.752
51 0.8 0.048 0.752
64 0.8 0.048 0.752
64 0.752 0.048 0.704
64 0.704 0.16 0.544
64 0.544 0.016 0.528
21 0.8 0.048 0.752
44 0.8 0.048 0.752
28 0.766108 0.048 0.718108
56 0.699604 0.048 0.651604
57 0.8 0.048 0.752
13 0.8 0.048 0.752
39 0.8 0.048 0.752
46 0.8 0.048 0.752
57 0.752 0.048 0.704
57 0.704 0.16 0.544
13 0.752 0.16 0.592
39 0.752 0.16 0.592
46 0.752 0.16 0.592
46 0.592 0.016 0.576
57 0.544 0.016 0.528
46 0.576 0.048 0.528
13 0.592 0.048 0.544
39 0.592 0.048 0.544
57 0.528 0.048 0.48
39 0.544 0.048 0.496
13 0.621881 0.048 0.573881
46 0.60356 0.048 0.55556
57 0.48 0.048 0.432
70 0.8 0.048 0.752
4 0.8 0.048 0.752
54 0.8 0.048 0.752
48 0.8 0.048 0.752
65 0.8 0.048 0.752
66 0.740951 0.048 0.692951
54 0.752 0.048 0.704
54 0.704 0.16 0.544
48 0.752 0.16 0.592
65 0.752 0.16 0.592
66 0.692951 0.16 0.532951
66 0.532951 0.016 0.516951
54 0.544 0.016 0.528
66 0.516951 0.048 0.468951
25 0.8 0.048 0.752
30 0.620129 0.048 0.572129
54 0.528 0.048 0.48
65 0.592 0.048 0.544
66 0.468951 0.048 0.420951
66 0.420951 0.16 0.260951
25 0.752 0.16 0.592
25 0.592 0.016 0.576
66 0.260951 0.016 0.244951
25 0.576 0.048 0.528
27 0.8 0.048 0.752
30 0.572129 0.048 0.524129
66 0.244951 0.048 0.196951
25 0.528 0.048 0.48
25 0.48 0.16 0.32
30 0.524129 0.16 0.364129
54 0.48 0.16 0.32
65 0.544 0.16 0.384
27 0.752 0.16 0.592
27 0.592 0.016 0.576
25 0.32 0.016 0.304
27 0.576 0.048 0.528
25 0.304 0.048 0.256
41 0.310926 0.048 0.262926
52 0.438576 0.048 0.390576
53 0.482805 0.048 0.434805
30 0.364129 0.16 0.204129
66 0.196951 0.16 0.0369509
47 0.8 0.048 0.752
2 0.701689 0.048 0.653689
43 0.576331 0.048 0.528331
38 0.8 0.048 0.752
12 0.643756 0.048 0.595756
14 0.6277 0.048 0.5797
5 0.8 0.048 0.752
9 0.562443 0.048 0.514443
19 0.600075 0.048 0.552075
55 0.8 0.048 0.752
68 0.8 0.048 0.752
14 0.5797 0.096 0.4837
14 0.4837 0.16 0.3237
5 0.752 0.16 0.592
5 0.592 0.016 0.576
14 0.3237 0.016 0.3077
5 0.576 0.048 0.528
14 0.3077 0.048 0.2597
55 0.752 0.048 0.704
68 0.752 0.048 0.704
5 0.528 0.048 0.48
5 0.48 0.16 0.32
9 0.514443 0.16 0.354443
19 0.552075 0.16 0.392075
55 0.704 0.16 0.544
68 0.704 0.16 0.544
68 0.544 0.016 0.528
14 0.2597 0.016 0.2437
68 0.528 0.048 0.48
5 0.32 0.048 0.272
14 0.2437 0.048 0.1957
55 0.544 0.048 0.496
14 0.1957 0.16 0.0357004
55 0.496 0.16 0.336
68 0.48 0.16 0.32
50 0.8 0.048 0.752
61 0.8 0.048 0.752
64 0.606147 0.048 0.558147
50 0.752 0.096 0.656
50 0.656 0.16 0.496
50 0.496 0.016 0.48
61 0.752 0.16 0.592
64 0.558147 0.16 0.398147
42 0.8 0.048 0.752
15 0.8 0.048 0.752
29 0.8 0.048 0.752
34 0.8 0.048 0.752
60 0.8 0.048 0.752
62 0.8 0.048 0.752
60 0.752 0.048 0.704
15 0.752 0.048 0.704
29 0.752 0.048 0.704
42 0.752 0.048 0.704
62 0.752 0.048 0.704
26 0.8 0.048 0.752
22 0.8 0.048 0.752
45 0.8 0.048 0.752
32 0.8 0.048 0.752
16 0.8 0.048 0.752
17 0.8 0.048 0.752
45 0.8 0.048 0.752
22 0.752 0.048 0.704
26 0.8 0.048 0.752
67 0.8 0.048 0.752
3 0.8 0.048 0.752
7 0.8 0.048 0.752
28 0.8 0.048 0.752
56 0.8 0.048 0.752
52 0.537187 0.048 0.489187
11 0.721913 0.048 0.673913
27 0.672318 0.048 0.624318
41 0.483707 0.048 0.435707
53 0.589513 0.048 0.541513
48 0.742238 0.048 0.694238
54 0.544426 0.048 0.496426
59 0.69273 0.048 0.64473
1 0.8 0.048 0.752
6 0.654609 0.048 0.606609
20 0.711799 0.048 0.663799
24 0.715183 0.048 0.667183
69 0.583889 0.048 0.535889
61 0.8 0.048 0.752
50 0.700881 0.048 0.652881
61 0.752 0.048 0.704
61 0.704 0.16 0.544
50 0.652881 0.16 0.492881
31 0.8 0.048 0.752
37 0.8 0.048 0.752
49 0.8 0.048 0.752
63 0.750173 0.048 0.702173
7 0.8 0.048 0.752
3 0.8 0.048 0.752
40 0.8 0.048 0.752
67 0.8 0.048 0.752
10 0.8 0.048 0.752
58 0.8 0.048 0.752
58 0.8 0.048 0.752
9 0.657611 0.048 0.609611
10 0.752 0.048 0.704
19 0.610608 0.048 0.562608
36 0.8 0.048 0.752
51 0.8 0.048 0.752
36 0.752 0.048 0.704
36 0.704 0.16 0.544
36 0.544 0.016 0.528
51 0.752 0.16 0.592
21 0.8 0.048 0.752
44 0.8 0.048 0.752
28 0.8 0.048 0.752
56 0.8 0.048 0.752
46 0.8 0.048 0.752
13 0.8 0.048 0.752
39 0.8 0.048 0.752
57 0.8 0.048 0.752
39 0.752 0.048 0.704
13 0.8 0.048 0.752
46 0.8 0.048 0.752
57 0.752 0.048 0.704
70 0.8 0.048 0.752
4 0.8 0.048 0.752
27 0.8 0.048 0.752
25 0.627096 0.048 0.579096
30 0.568998 0.048 0.520998
41 0.587356 0.048 0.539356
52 0.713913 0.048 0.665913
53 0.77081 0.048 0.72281
47 0.8 0.048 0.752
2 0.8 0.048 0.752
43 0.8 0.048 0.752
38 0.8 0.048 0.752
12 0.8 0.048 0.752
68 0.694985 0.048 0.646985
5 0.641011 0.048 0.593011
14 0.405979 0.048 0.357979
55 0.708494 0.048 0.660494
42 0.8 0.048 0.752
15 0.8 0.048 0.752
29 0.8 0.048 0.752
34 0.8 0.048 0.752
60 0.8 0.048 0.752
62 0.8 0.048 0.752
60 0.752 0.048 0.704
15 0.752 0.048 0.704
29 0.752 0.048 0.704
42 0.752 0.048 0.704
62 0.752 0.048 0.704
25 0.579096 0.048 0.531096
27 0.8 0.048 0.752
30 0.520998 0.048 0.472998
66 0.410596 0.048 0.362596
26 0.8 0.048 0.752
22 0.8 0.048 0.752
45 0.8 0.048 0.752
8 0.8 0.048 0.752
57 0.783293 0.048 0.735293
8 0.752 0.048 0.704
8 0.704 0.16 0.544
57 0.735293 0.16 0.575293
57 0.575293 0.016 0.559293
8 0.544 0.016 0.528
57 0.559293 0.048 0.511293
8 0.528 0.048 0.48
13 0.752 0.048 0.704
39 0.783612 0.048 0.735612
46 0.752 0.048 0.704
32 0.8 0.048 0.752
16 0.8 0.048 0.752
17 0.8 0.048 0.752
12 0.752 0.048 0.704
38 0.752 0.048 0.704
43 0.8 0.048 0.752
12 0.704 0.048 0.656
12 0.656 0.16 0.496
38 0.704 0.16 0.544
43 0.752 0.16 0.592
43 0.592 0.016 0.576
12 0.496 0.016 0.48
43 0.576 0.048 0.528
2 0.8 0.048 0.752
12 0.48 0.048 0.432
47 0.8 0.048 0.752
45 0.8 0.048 0.752
22 0.752 0.048 0.704
26 0.8 0.048 0.752
67 0.8 0.048 0.752
3 0.8 0.048 0.752
7 0.8 0.048 0.752
28 0.8 0.048 0.752
56 0.8 0.048 0.752
62 0.778315 0.048 0.730315
15 0.77601 0.048 0.72801
29 0.8 0.048 0.752
42 0.8 0.048 0.752
60 0.777187 0.048 0.729187
52 0.8 0.048 0.752
11 0.8 0.048 0.752
27 0.8 0.048 0.752
41 0.772124 0.048 0.724124
53 0.8 0.048 0.752
48 0.8 0.048 0.752
54 0.8 0.048 0.752
65 0.8 0.048 0.752
59 0.8 0.048 0.752
1 0.8 0.048 0.752
6 0.8 0.048 0.752
20 0.8 0.048 0.752
24 0.8 0.048 0.752
69 0.8 0.048 0.752
31 0.8 0.048 0.752
37 0.8 0.048 0.752
49 0.8 0.048 0.752
63 0.8 0.048 0.752
7 0.8 0.048 0.752
3 0.8 0.048 0.752
40 0.8 0.048 0.752
67 0.8 0.048 0.752
10 0.8 0.048 0.752
58 0.8 0.048 0.752
23 0.8 0.048 0.752
58 0.8 0.048 0.752
9 0.8 0.048 0.752
10 0.752 0.048 0.704
19 0.8 0.048 0.752
21 0.8 0.048 0.752
44 0.8 0.048 0.752
28 0.8 0.048 0.752
56 0.8 0.048 0.752
16 0.8 0.048 0.752
17 0.8 0.048 0.752
32 0.8 0.048 0.752
46 0.8 0.048 0.752
13 0.8 0.048 0.752
39 0.8 0.048 0.752
39 0.752 0.048 0.704
13 0.8 0.048 0.752
46 0.8 0.048 0.752
57 0.8 0.048 0.752
70 0.8 0.048 0.752
4 0.8 0.048 0.752
27 0.8 0.048 0.752
25 0.8 0.048 0.752
41 0.8 0.048 0.752
52 0.8 0.048 0.752
53 0.8 0.048 0.752
47 0.8 0.048 0.752
2 0.8 0.048 0.752
43 0.8 0.048 0.752
38 0.8 0.048 0.752
12 0.8 0.048 0.752
68 0.8 0.048 0.752
5 0.8 0.048 0.752
14 0.723438 0.048 0.675438
55 0.8 0.048 0.752
42 0.8 0.048 0.752
15 0.8 0.048 0.752
29 0.8 0.048 0.752
34 0.8 0.048 0.752
60 0.8 0.048 0.752
62 0.8 0.048 0.752
60 0.752 0.048 0.704
15 0.752 0.048 0.704
29 0.752 0.048 0.704
42 0.752 0.048 0.704
62 0.752 0.048 0.704
25 0.752 0.048 0.704
27 0.8 0.048 0.752
30 0.8 0.048 0.752
41 0.8 0.048 0.752
65 0.8 0.048 0.752
66 0.74459 0.048 0.69659
25 0.704 0.048 0.656
25 0.656 0.16 0.496
27 0.752 0.16 0.592
30 0.752 0.16 0.592
41 0.752 0.16 0.592
65 0.752 0.16 0.592
66 0.69659 0.16 0.53659
66 0.53659 0.016 0.52059
25 0.496 0.016 0.48
66 0.52059 0.048 0.47259
25 0.48 0.048 0.432
30 0.592 0.048 0.544
54 0.8 0.048 0.752
65 0.592 0.048 0.544
66 0.47259 0.048 0.42459
66 0.42459 0.16 0.26459
25 0.432 0.16 0.272
30 0.544 0.16 0.384
54 0.752 0.16 0.592
54 0.592 0.016 0.576
66 0.26459 0.016 0.24859
54 0.576 0.048 0.528
48 0.8 0.048 0.752
65 0.544 0.048 0.496
66 0.24859 0.048 0.20059
65 0.496 0.16 0.336
26 0.8 0.048 0.752
22 0.8 0.048 0.752
45 0.8 0.048 0.752
57 0.8 0.048 0.752
8 0.8 0.048 0.752
13 0.752 0.048 0.704
39 0.774478 0.048 0.726478
46 0.752 0.048 0.704
32 0.8 0.048 0.752
16 0.8 0.048 0.752
17 0.8 0.048 0.752
43 0.8 0.048 0.752
2 0.8 0.048 0.752
12 0.752 0.048 0.704
47 0.8 0.048 0.752
45 0.8 0.048 0.752
22 0.752 0.048 0.704
26 0.8 0.048 0.752
67 0.8 0.048 0.752
3 0.8 0.048 0.752
7 0.8 0.048 0.752
28 0.8 0.048 0.752
56 0.8 0.048 0.752
62 0.781201 0.048 0.733201
15 0.776753 0.048 0.728753
29 0.8 0.048 0.752
34 0.8 0.048 0.752
42 0.8 0.048 0.752
60 0.779584 0.048 0.731584
52 0.8 0.048 0.752
11 0.8 0.048 0.752
27 0.668122 0.048 0.620122
41 0.741764 0.048 0.693764
53 0.8 0.048 0.752
52 0.752 0.048 0.704
52 0.704 0.16 0.544
52 0.544 0.016 0.528
11 0.752 0.16 0.592
27 0.620122 0.16 0.460122
41 0.693764 0.16 0.533764
53 0.752 0.16 0.592
48 0.8 0.048 0.752
54 0.76589 0.048 0.71789
59 0.8 0.048 0.752
1 0.8 0.048 0.752
6 0.8 0.048 0.752
20 0.8 0.048 0.752
24 0.8 0.048 0.752
69 0.8 0.048 0.752
50 0.8 0.048 0.752
61 0.8 0.048 0.752
4 0.8 0.048 0.752
70 0.8 0.048 0.752
31 0.8 0.048 0.752
37 0.8 0.048 0.752
49 0.8 0.048 0.752
63 0.8 0.048 0.752
7 0.8 0.048 0.752
3 0.8 0.048 0.752
40 0.8 0.048 0.752
67 0.8 0.048 0.752
10 0.8 0.048 0.752
23 0.8 0.048 0.752
58 0.8 0.048 0.752
9 0.8 0.048 0.752
10 0.752 0.048 0.704
19 0.8 0.048 0.752
21 0.8 0.048 0.752
44 0.8 0.048 0.752
28 0.8 0.048 0.752
56 0.8 0.048 0.752
16 0.8 0.048 0.752
17 0.8 0.048 0.752
32 0.8 0.048 0.752
46 0.8 0.048 0.752
13 0.8 0.048 0.752
39 0.8 0.048 0.752
57 0.8 0.048 0.752
39 0.752 0.048 0.704
13 0.8 0.048 0.752
46 0.8 0.048 0.752
57 0.752 0.048 0.704
70 0.8 0.048 0.752
4 0.8 0.048 0.752
27 0.687213 0.048 0.639213
11 0.8 0.048 0.752
25 0.654777 0.048 0.606777
30 0.755022 0.048 0.707022
41 0.684226 0.048 0.636226
52 0.758954 0.048 0.710954
53 0.8 0.048 0.752
27 0.639213 0.048 0.591213
27 0.591213 0.16 0.431213
11 0.752 0.16 0.592
25 0.606777 0.16 0.446777
30 0.707022 0.16 0.547022
41 0.636226 0.16 0.476226
52 0.710954 0.16 0.550954
52 0.550954 0.016 0.534954
27 0.431213 0.016 0.415213
52 0.534954 0.048 0.486954
11 0.592 0.048 0.544
25 0.446777 0.048 0.398777
27 0.415213 0.048 0.367213
41 0.476226 0.048 0.428226
53 0.752 0.048 0.704
53 0.704 0.16 0.544
47 0.8 0.048 0.752
2 0.8 0.048 0.752
43 0.8 0.048 0.752
38 0.8 0.048 0.752
12 0.8 0.048 0.752
43 0.752 0.048 0.704
68 0.8 0.048 0.752
5 0.8 0.048 0.752
55 0.8 0.048 0.752
42 0.8 0.048 0.752
15 0.8 0.048 0.752
29 0.8 0.048 0.752
34 0.8 0.048 0.752
60 0.8 0.048 0.752
62 0.8 0.048 0.752
60 0.752 0.048 0.704
15 0.752 0.048 0.704
29 0.752 0.048 0.704
42 0.752 0.048 0.704
62 0.752 0.048 0.704
54 0.8 0.048 0.752
48 0.8 0.048 0.752
65 0.703102 0.048 0.655102
66 0.585903 0.048 0.537903
54 0.752 0.048 0.704
54 0.704 0.16 0.544
54 0.544 0.016 0.528
48 0.752 0.16 0.592
65 0.655102 0.16 0.495102
66 0.537903 0.16 0.377903
26 0.8 0.048 0.752
22 0.8 0.048 0.752
45 0.8 0.048 0.752
57 0.780636 0.048 0.732636
8 0.8 0.048 0.752
13 0.752 0.048 0.704
39 0.774812 0.048 0.726812
46 0.752 0.048 0.704
32 0.8 0.048 0.752
16 0.8 0.048 0.752
17 0.8 0.048 0.752
43 0.7834 0.048 0.7354
2 0.8 0.048 0.752
12 0.752 0.048 0.704
38 0.752 0.048 0.704
47 0.8 0.048 0.752
45 0.8 0.048 0.752
22 0.752 0.048 0.704
26 0.8 0.048 0.752
67 0.8 0.048 0.752
3 0.8 0.048 0.752
7 0.8 0.048 0.752
28 0.8 0.048 0.752
56 0.8 0.048 0.752
62 0.782266 0.048 0.734266
15 0.779558 0.048 0.731558
29 0.8 0.048 0.752
34 0.8 0.048 0.752
42 0.8 0.048 0.752
60 0.778094 0.048 0.730094
48 0.740763 0.048 0.692763
54 0.752555 0.048 0.704555
65 0.6364 0.048 0.5884
59 0.8 0.048 0.752
1 0.8 0.048 0.752
6 0.8 0.048 0.752
20 0.8 0.048 0.752
24 0.8 0.048 0.752
69 0.8 0.048 0.752
50 0.8 0.048 0.752
61 0.8 0.048 0.752
4 0.8 0.048 0.752
4 0.752 0.048 0.704
4 0.704 0.16 0.544
4 0.544 0.016 0.528
31 0.8 0.048 0.752
37 0.8 0.048 0.752
49 0.8 0.048 0.752
7 0.8 0.048 0.752
3 0.8 0.048 0.752
40 0.8 0.048 0.752
67 0.8 0.048 0.752
10 0.8 0.048 0.752
58 0.8 0.048 0.752
23 0.8 0.048 0.752
58 0.8 0.048 0.752
9 0.8 0.048 0.752
10 0.752 0.048 0.704
19 0.8 0.048 0.752
21 0.8 0.048 0.752
35 0.8 0.048 0.752
44 0.8 0.048 0.752
28 0.8 0.048 0.752
56 0.8 0.048 0.752
16 0.8 0.048 0.752
17 0.8 0.048 0.752
32 0.8 0.048 0.752
46 0.8 0.048 0.752
13 0.8 0.048 0.752
39 0.8 0.048 0.752
39 0.752 0.048 0.704
13 0.8 0.048 0.752
46 0.8 0.048 0.752
57 0.8 0.048 0.752
70 0.8 0.048 0.752
52 0.8 0.048 0.752
11 0.8 0.048 0.752
27 0.73924 0.048 0.69124
41 0.78944 0.048 0.74144
53 0.8 0.048 0.752
63 0.8 0.048 0.752
52 0.752 0.048 0.704
52 0.704 0.16 0.544
11 0.752 0.16 0.592
27 0.69124 0.16 0.53124
41 0.74144 0.16 0.58144
53 0.752 0.16 0.592
63 0.752 0.16 0.592
63 0.592 0.016 0.576
52 0.544 0.016 0.528
63 0.576 0.048 0.528
11 0.592 0.048 0.544
31 0.8 0.048 0.752
37 0.8 0.048 0.752
49 0.8 0.048 0.752
52 0.528 0.048 0.48
53 0.592 0.048 0.544
47 0.8 0.048 0.752
2 0.8 0.048 0.752
43 0.8 0.048 0.752
38 0.8 0.048 0.752
12 0.8 0.048 0.752
68 0.8 0.048 0.752
5 0.8 0.048 0.752
14 0.8 0.048 0.752
55 0.8 0.048 0.752
42 0.8 0.048 0.752
15 0.8 0.048 0.752
29 0.8 0.048 0.752
34 0.8 0.048 0.752
60 0.8 0.048 0.752
62 0.8 0.048 0.752
60 0.752 0.048 0.704
15 0.752 0.048 0.704
29 0.752 0.048 0.704
42 0.752 0.048 0.704
62 0.752 0.048 0.704
26 0.8 0.048 0.752
22 0.8 0.048 0.752
45 0.8 0.048 0.752
57 0.8 0.048 0.752
8 0.8 0.048 0.752
13 0.752 0.048 0.704
39 0.777724 0.048 0.729724
46 0.752 0.048 0.704
57 0.752 0.048 0.704
57 0.704 0.16 0.544
57 0.544 0.016 0.528
8 0.752 0.16 0.592
13 0.704 0.16 0.544
39 0.729724 0.16 0.569724
46 0.704 0.16 0.544
32 0.8 0.048 0.752
16 0.8 0.048 0.752
17 0.8 0.048 0.752
43 0.8 0.048 0.752
2 0.8 0.048 0.752
12 0.752 0.048 0.704
47 0.8 0.048 0.752
45 0.8 0.048 0.752
22 0.752 0.048 0.704
26 0.8 0.048 0.752
67 0.8 0.048 0.752
3 0.8 0.048 0.752
7 0.8 0.048 0.752
28 0.8 0.048 0.752
56 0.8 0.048 0.752
62 0.777768 0.048 0.729768
15 0.77866 0.048 0.73066
29 0.8 0.048 0.752
42 0.8 0.048 0.752
60 0.783679 0.048 0.735679
51 0.8 0.048 0.752
36 0.8 0.048 0.752
51 0.752 0.048 0.704
51 0.704 0.16 0.544
36 0.752 0.16 0.592
36 0.592 0.016 0.576
51 0.544 0.016 0.528
36 0.576 0.048 0.528
51 0.528 0.048 0.48
48 0.8 0.048 0.752
54 0.8 0.048 0.752
59 0.8 0.048 0.752
1 0.8 0.048 0.752
6 0.8 0.048 0.752
20 0.8 0.048 0.752
24 0.8 0.048 0.752
69 0.8 0.048 0.752
50 0.8 0.048 0.752
61 0.8 0.048 0.752
31 0.8 0.048 0.752
37 0.8 0.048 0.752
49 0.8 0.048 0.752
7 0.8 0.048 0.752
3 0.8 0.048 0.752
40 0.8 0.048 0.752
67 0.8 0.048 0.752
54 0.8 0.048 0.752
48 0.8 0.048 0.752
65 0.8 0.048 0.752
66 0.8 0.048 0.752
54 0.752 0.048 0.704
54 0.704 0.16 0.544
48 0.752 0.16 0.592
65 0.752 0.16 0.592
66 0.752 0.16 0.592
66 0.592 0.016 0.576
54 0.544 0.016 0.528
66 0.576 0.048 0.528
25 0.8 0.048 0.752
30 0.8 0.048 0.752
54 0.528 0.048 0.48
65 0.592 0.048 0.544
66 0.528 0.048 0.48
66 0.48 0.16 0.32
25 0.752 0.16 0.592
25 0.592 0.016 0.576
66 0.32 0.016 0.304
25 0.576 0.048 0.528
27 0.8 0.048 0.752
30 0.752 0.048 0.704
66 0.304 0.048 0.256
25 0.528 0.048 0.48
25 0.48 0.16 0.32
30 0.704 0.16 0.544
54 0.48 0.16 0.32
65 0.544 0.16 0.384
27 0.752 0.16 0.592
27 0.592 0.016 0.576
25 0.32 0.016 0.304
27 0.576 0.048 0.528
25 0.304 0.048 0.256
30 0.544 0.048 0.496
41 0.8 0.048 0.752
52 0.704117 0.048 0.656117
53 0.767699 0.048 0.719699
27 0.528 0.048 0.48
27 0.48 0.16 0.32
30 0.496 0.16 0.336
66 0.256 0.16 0.096
25 0.256 0.16 0.096
30 0.336 0.16 0.176
41 0.752 0.16 0.592
52 0.656117 0.16 0.496117
52 0.496117 0.016 0.480117
27 0.32 0.016 0.304
52 0.480117 0.048 0.432117
11 0.770464 0.048 0.722464
27 0.304 0.048 0.256
41 0.592 0.048 0.544
53 0.719699 0.048 0.671699
63 0.8 0.048 0.752
53 0.671699 0.16 0.511699
10 0.8 0.048 0.752
58 0.8 0.048 0.752
23 0.8 0.048 0.752
58 0.8 0.048 0.752
9 0.8 0.048 0.752
10 0.752 0.048 0.704
19 0.8 0.048 0.752
21 0.8 0.048 0.752
44 0.8 0.048 0.752
28 0.8 0.048 0.752
56 0.8 0.048 0.752
16 0.8 0.048 0.752
17 0.8 0.048 0.752
32 0.8 0.048 0.752
46 0.8 0.048 0.752
13 0.8 0.048 0.752
39 0.8 0.048 0.752
39 0.752 0.048 0.704
13 0.8 0.048 0.752
46 0.8 0.048 0.752
57 0.8 0.048 0.752
70 0.8 0.048 0.752
4 0.8 0.048 0.752
63 0.8 0.048 0.752
11 0.8 0.048 0.752
37 0.8 0.048 0.752
41 0.617578 0.048 0.569578
49 0.8 0.048 0.752
52 0.582548 0.048 0.534548
53 0.659021 0.048 0.611021
47 0.8 0.048 0.752
2 0.8 0.048 0.752
43 0.8 0.048 0.752
38 0.8 0.048 0.752
12 0.8 0.048 0.752
68 0.8 0.048 0.752
5 0.8 0.048 0.752
14 0.8 0.048 0.752
55 0.8 0.048 0.752
42 0.8 0.048 0.752
15 0.8 0.048 0.752
29 0.8 0.048 0.752
34 0.8 0.048 0.752
60 0.8 0.048 0.752
62 0.8 0.048 0.752
60 0.752 0.048 0.704
15 0.752 0.048 0.704
29 0.752 0.048 0.704
42 0.752 0.048 0.704
62 0.752 0.048 0.704
26 0.8 0.048 0.752
22 0.8 0.048 0.752
45 0.8 0.048 0.752
32 0.8 0.048 0.752
16 0.8 0.048 0.752
17 0.8 0.048 0.752
56 0.8 0.048 0.752
28 0.8 0.048 0.752
44 0.8 0.048 0.752
67 0.8 0.048 0.752
43 0.8 0.048 0.752
2 0.8 0.048 0.752
12 0.752 0.048 0.704
47 0.8 0.048 0.752
45 0.8 0.048 0.752
22 0.752 0.048 0.704
26 0.8 0.048 0.752
67 0.8 0.048 0.752
3 0.8 0.048 0.752
7 0.8 0.048 0.752
28 0.752 0.048 0.704
56 0.752 0.048 0.704
62 0.780873 0.048 0.732873
15 0.779572 0.048 0.731572
29 0.8 0.048 0.752
42 0.8 0.048 0.752
60 0.781306 0.048 0.733306
36 0.8 0.048 0.752
51 0.8 0.048 0.752
48 0.8 0.048 0.752
54 0.625818 0.048 0.577818
59 0.8 0.048 0.752
1 0.8 0.048 0.752
6 0.8 0.048 0.752
24 0.8 0.048 0.752
69 0.8 0.048 0.752
50 0.8 0.048 0.752
61 0.8 0.048 0.752
31 0.8 0.048 0.752
37 0.8 0.048 0.752
49 0.8 0.048 0.752
7 0.8 0.048 0.752
3 0.8 0.048 0.752
40 0.8 0.048 0.752
67 0.8 0.048 0.752
52 0.758238 0.048 0.710238
11 0.8 0.048 0.752
27 0.638092 0.048 0.590092
41 0.8 0.048 0.752
53 0.8 0.048 0.752
63 0.8 0.048 0.752
10 0.8 0.048 0.752
58 0.8 0.048 0.752
23 0.8 0.048 0.752
10 0.752 0.048 0.704
58 0.8 0.048 0.752
9 0.8 0.048 0.752
10 0.704 0.048 0.656
19 0.8 0.048 0.752
21 0.8 0.048 0.752
44 0.8 0.048 0.752
28 0.8 0.048 0.752
56 0.8 0.048 0.752
67 0.8 0.048 0.752
27 0.663817 0.048 0.615817
11 0.8 0.048 0.752
25 0.555292 0.048 0.507292
41 0.8 0.048 0.752
52 0.785613 0.048 0.737613
53 0.8 0.048 0.752
27 0.615817 0.048 0.567817
27 0.567817 0.16 0.407817
11 0.752 0.16 0.592
25 0.507292 0.16 0.347292
41 0.752 0.16 0.592
52 0.737613 0.16 0.577613
53 0.752 0.16 0.592
16 0.8 0.048 0.752
17 0.8 0.048 0.752
32 0.8 0.048 0.752
46 0.8 0.048 0.752
13 0.8 0.048 0.752
39 0.8 0.048 0.752
39 0.752 0.048 0.704
13 0.8 0.048 0.752
46 0.8 0.048 0.752
57 0.8 0.048 0.752
70 0.8 0.048 0.752
4 0.8 0.048 0.752
63 0.8 0.048 0.752
11 0.66284 0.048 0.61484
37 0.8 0.048 0.752
49 0.8 0.048 0.752
52 0.652913 0.048 0.604913
53 0.668706 0.048 0.620706
47 0.8 0.048 0.752
2 0.8 0.048 0.752
12 0.8 0.048 0.752
43 0.8 0.048 0.752
38 0.8 0.048 0.752
12 0.752 0.048 0.704
68 0.8 0.048 0.752
5 0.8 0.048 0.752
14 0.8 0.048 0.752
55 0.8 0.048 0.752
42 0.8 0.048 0.752
15 0.8 0.048 0.752
29 0.8 0.048 0.752
34 0.8 0.048 0.752
60 0.8 0.048 0.752
62 0.8 0.048 0.752
42 0.752 0.048 0.704
42 0.704 0.16 0.544
60 0.752 0.048 0.704
15 0.752 0.048 0.704
29 0.752 0.048 0.704
42 0.544 0.048 0.496
62 0.752 0.048 0.704
60 0.704 0.048 0.656
60 0.656 0.16 0.496
34 0.752 0.16 0.592
60 0.496 0.16 0.336
60 0.336 0.016 0.32
15 0.704 0.16 0.544
29 0.704 0.16 0.544
42 0.496 0.16 0.336
62 0.704 0.16 0.544
26 0.8 0.048 0.752
22 0.8 0.048 0.752
45 0.8 0.048 0.752
32 0.8 0.048 0.752
16 0.8 0.048 0.752
17 0.8 0.048 0.752
56 0.8 0.048 0.752
28 0.8 0.048 0.752
44 0.8 0.048 0.752
67 0.8 0.048 0.752
43 0.8 0.048 0.752
2 0.8 0.048 0.752
12 0.704 0.048 0.656
47 0.8 0.048 0.752
45 0.8 0.048 0.752
22 0.752 0.048 0.704
26 0.8 0.048 0.752
69 0.8 0.048 0.752
1 0.8 0.048 0.752
6 0.8 0.048 0.752
20 0.8 0.048 0.752
24 0.8 0.048 0.752
59 0.8 0.048 0.752
67 0.8 0.048 0.752
3 0.8 0.048 0.752
7 0.8 0.048 0.752
28 0.752 0.048 0.704
56 0.752 0.048 0.704
33 0.8 0.048 0.752
35 0.8 0.048 0.752
40 0.8 0.048 0.752
62 0.616698 0.048 0.568698
15 0.619656 0.048 0.571656
29 0.693898 0.048 0.645898
34 0.66574 0.048 0.61774
42 0.4922 0.048 0.4442
60 0.391063 0.048 0.343063
36 0.8 0.048 0.752
51 0.8 0.048 0.752
48 0.8 0.048 0.752
54 0.8 0.048 0.752
65 0.8 0.048 0.752
59 0.8 0.048 0.752
1 0.8 0.048 0.752
6 0.8 0.048 0.752
20 0.8 0.048 0.752
24 0.8 0.048 0.752
69 0.8 0.048 0.752
50 0.8 0.048 0.752
61 0.8 0.048 0.752
31 0.8 0.048 0.752
37 0.8 0.048 0.752
49 0.8 0.048 0.752
63 0.8 0.048 0.752
7 0.8 0.048 0.752
3 0.8 0.048 0.752
67 0.8 0.048 0.752
66 0.8 0.048 0.752
25 0.647636 0.048 0.599636
30 0.8 0.048 0.752
54 0.752 0.048 0.704
65 0.8 0.048 0.752
66 0.752 0.096 0.656
66 0.656 0.16 0.496
25 0.599636 0.16 0.439636
30 0.752 0.16 0.592
54 0.704 0.16 0.544
54 0.544 0.016 0.528
66 0.496 0.016 0.48
54 0.528 0.048 0.48
48 0.8 0.048 0.752
65 0.752 0.048 0.704
66 0.48 0.048 0.432
65 0.704 0.16 0.544
52 0.8 0.048 0.752
11 0.8 0.048 0.752
27 0.712749 0.048 0.664749
41 0.8 0.048 0.752
53 0.8 0.048 0.752
63 0.8 0.048 0.752
10 0.8 0.048 0.752
25 0.51482 0.048 0.46682
27 0.664749 0.048 0.616749
30 0.666647 0.048 0.618647
65 0.544 0.048 0.496
66 0.503127 0.048 0.455127
23 0.8 0.048 0.752
58 0.8 0.048 0.752
9 0.8 0.048 0.752
19 0.8 0.048 0.752
21 0.8 0.048 0.752
44 0.8 0.048 0.752
28 0.8 0.048 0.752
56 0.8 0.048 0.752
16 0.8 0.048 0.752
17 0.8 0.048 0.752
32 0.8 0.048 0.752
46 0.8 0.048 0.752
13 0.8 0.048 0.752
39 0.8 0.048 0.752
57 0.8 0.048 0.752
39 0.752 0.048 0.704
13 0.8 0.048 0.752
46 0.8 0.048 0.752
57 0.752 0.048 0.704
70 0.8 0.048 0.752
4 0.8 0.048 0.752
63 0.8 0.048 0.752
11 0.8 0.048 0.752
37 0.8 0.048 0.752
41 0.8 0.048 0.752
49 0.8 0.048 0.752
52 0.8 0.048 0.752
53 0.8 0.048 0.752
8 0.8 0.048 0.752
57 0.776436 0.048 0.728436
8 0.752 0.048 0.704
8 0.704 0.16 0.544
57 0.728436 0.16 0.568436
57 0.568436 0.016 0.552436
8 0.544 0.016 0.528
57 0.552436 0.048 0.504436
8 0.528 0.048 0.48
13 0.752 0.048 0.704
39 0.775687 0.048 0.727687
46 0.752 0.048 0.704
47 0.8 0.048 0.752
2 0.8 0.048 0.752
12 0.8 0.048 0.752
43 0.8 0.048 0.752
38 0.8 0.048 0.752
12 0.752 0.048 0.704
68 0.8 0.048 0.752
5 0.8 0.048 0.752
14 0.8 0.048 0.752
55 0.8 0.048 0.752
26 0.8 0.048 0.752
22 0.8 0.048 0.752
45 0.8 0.048 0.752
26 0.752 0.048 0.704
26 0.704 0.16 0.544
26 0.544 0.016 0.528
22 0.752 0.16 0.592
45 0.752 0.16 0.592
32 0.8 0.048 0.752
16 0.8 0.048 0.752
17 0.8 0.048 0.752
56 0.8 0.048 0.752
28 0.8 0.048 0.752
44 0.8 0.048 0.752
67 0.8 0.048 0.752
43 0.8 0.048 0.752
2 0.8 0.048 0.752
12 0.704 0.048 0.656
47 0.8 0.048 0.752
45 0.663712 0.048 0.615712
22 0.592 0.048 0.544
26 0.607802 0.048 0.559802
45 0.615712 0.096 0.519712
45 0.519712 0.16 0.359712
45 0.359712 0.016 0.343712
22 0.544 0.16 0.384
26 0.559802 0.16 0.399802
69 0.8 0.048 0.752
1 0.8 0.048 0.752
6 0.8 0.048 0.752
20 0.8 0.048 0.752
24 0.8 0.048 0.752
59 0.8 0.048 0.752
67 0.8 0.048 0.752
3 0.8 0.048 0.752
7 0.8 0.048 0.752
28 0.752 0.048 0.704
56 0.752 0.048 0.704
33 0.8 0.048 0.752
35 0.8 0.048 0.752
40 0.8 0.048 0.752
62 0.8 0.048 0.752
15 0.8 0.048 0.752
29 0.8 0.048 0.752
34 0.8 0.048 0.752
42 0.8 0.048 0.752
60 0.724845 0.048 0.676845
62 0.752 0.048 0.704
62 0.704 0.16 0.544
15 0.752 0.16 0.592
29 0.752 0.16 0.592
34 0.752 0.16 0.592
42 0.752 0.16 0.592
60 0.676845 0.16 0.516845
60 0.516845 0.016 0.500845
62 0.544 0.016 0.528
60 0.500845 0.048 0.452845
15 0.592 0.048 0.544
29 0.592 0.048 0.544
42 0.592 0.048 0.544
62 0.528 0.048 0.48
36 0.8 0.048 0.752
51 0.8 0.048 0.752
48 0.8 0.048 0.752
54 0.8 0.048 0.752
65 0.8 0.048 0.752
59 0.8 0.048 0.752
1 0.8 0.048 0.752
6 0.8 0.048 0.752
20 0.8 0.048 0.752
24 0.8 0.048 0.752
69 0.8 0.048 0.752
50 0.8 0.048 0.752
61 0.8 0.048 0.752
31 0.8 0.048 0.752
37 0.8 0.048 0.752
49 0.8 0.048 0.752
7 0.8 0.048 0.752
3 0.8 0.048 0.752
67 0.8 0.048 0.752
54 0.752 0.048 0.704
48 0.8 0.048 0.752
65 0.8 0.048 0.752
66 0.754882 0.048 0.706882
52 0.8 0.048 0.752
11 0.8 0.048 0.752
27 0.8 0.048 0.752
41 0.8 0.048 0.752
53 0.8 0.048 0.752
10 0.8 0.048 0.752
25 0.8 0.048 0.752
27 0.752 0.048 0.704
30 0.8 0.048 0.752
66 0.777436 0.048 0.729436
25 0.752 0.048 0.704
25 0.704 0.16 0.544
27 0.704 0.16 0.544
30 0.752 0.16 0.592
66 0.729436 0.16 0.569436
66 0.569436 0.016 0.553436
25 0.544 0.016 0.528
66 0.553436 0.048 0.505436
25 0.528 0.048 0.48
30 0.592 0.048 0.544
54 0.779692 0.048 0.731692
65 0.752 0.048 0.704
23 0.8 0.048 0.752
58 0.8 0.048 0.752
9 0.8 0.048 0.752
19 0.8 0.048 0.752
21 0.8 0.048 0.752
44 0.8 0.048 0.752
28 0.8 0.048 0.752
56 0.8 0.048 0.752
16 0.8 0.048 0.752
17 0.8 0.048 0.752
32 0.8 0.048 0.752
46 0.8 0.048 0.752
13 0.8 0.048 0.752
39 0.8 0.048 0.752
57 0.8 0.048 0.752
39 0.752 0.048 0.704
13 0.8 0.048 0.752
46 0.8 0.048 0.752
57 0.752 0.048 0.704
70 0.8 0.048 0.752
4 0.8 0.048 0.752
63 0.8 0.048 0.752
11 0.8 0.048 0.752
37 0.8 0.048 0.752
41 0.8 0.048 0.752
49 0.8 0.048 0.752
52 0.8 0.048 0.752
53 0.8 0.048 0.752
57 0.776497 0.048 0.728497
13 0.752 0.048 0.704
39 0.774077 0.048 0.726077
46 0.752 0.048 0.704
47 0.8 0.048 0.752
2 0.8 0.048 0.752
43 0.8 0.048 0.752
38 0.8 0.048 0.752
12 0.8 0.048 0.752
68 0.8 0.048 0.752
5 0.8 0.048 0.752
55 0.8 0.048 0.752
64 0.8 0.048 0.752
32 0.8 0.048 0.752
16 0.8 0.048 0.752
17 0.8 0.048 0.752
56 0.8 0.048 0.752
28 0.8 0.048 0.752
44 0.8 0.048 0.752
67 0.8 0.048 0.752
43 0.8 0.048 0.752
2 0.8 0.048 0.752
12 0.752 0.048 0.704
47 0.8 0.048 0.752
69 0.8 0.048 0.752
1 0.8 0.048 0.752
6 0.8 0.048 0.752
20 0.8 0.048 0.752
24 0.8 0.048 0.752
59 0.8 0.048 0.752
67 0.8 0.048 0.752
3 0.8 0.048 0.752
7 0.8 0.048 0.752
28 0.752 0.048 0.704
56 0.752 0.048 0.704
33 0.8 0.048 0.752
35 0.8 0.048 0.752
40 0.8 0.048 0.752
14 0.8 0.048 0.752
9 0.8 0.048 0.752
19 0.8 0.048 0.752
55 0.8 0.048 0.752
60 0.8 0.048 0.752
15 0.8 0.048 0.752
29 0.8 0.048 0.752
42 0.8 0.048 0.752
62 0.8 0.048 0.752
36 0.8 0.048 0.752
51 0.8 0.048 0.752
48 0.8 0.048 0.752
54 0.8 0.048 0.752
65 0.8 0.048 0.752
59 0.8 0.048 0.752
1 0.8 0.048 0.752
6 0.8 0.048 0.752
20 0.8 0.048 0.752
24 0.8 0.048 0.752
69 0.8 0.048 0.752
50 0.8 0.048 0.752
61 0.8 0.048 0.752
31 0.8 0.048 0.752
37 0.8 0.048 0.752
49 0.8 0.048 0.752
7 0.8 0.048 0.752
3 0.8 0.048 0.752
40 0.8 0.048 0.752
67 0.8 0.048 0.752
54 0.752 0.048 0.704
48 0.8 0.048 0.752
65 0.8 0.048 0.752
66 0.8 0.048 0.752
52 0.8 0.048 0.752
11 0.8 0.048 0.752
27 0.8 0.048 0.752
41 0.8 0.048 0.752
53 0.8 0.048 0.752
63 0.8 0.048 0.752
10 0.8 0.048 0.752
66 0.8 0.048 0.752
25 0.8 0.048 0.752
30 0.8 0.048 0.752
54 0.775447 0.048 0.727447
65 0.752 0.048 0.704
12 0.8 0.048 0.752
38 0.8 0.048 0.752
43 0.8 0.048 0.752
47 0.8 0.048 0.752
23 0.8 0.048 0.752
58 0.8 0.048 0.752
9 0.8 0.048 0.752
19 0.8 0.048 0.752
21 0.8 0.048 0.752
44 0.8 0.048 0.752
28 0.8 0.048 0.752
56 0.8 0.048 0.752
16 0.8 0.048 0.752
17 0.8 0.048 0.752
32 0.8 0.048 0.752
46 0.8 0.048 0.752
13 0.8 0.048 0.752
39 0.8 0.048 0.752
57 0.8 0.048 0.752
39 0.752 0.048 0.704
13 0.8 0.048 0.752
46 0.8 0.048 0.752
57 0.752 0.048 0.704
70 0.8 0.048 0.752
4 0.8 0.048 0.752
63 0.8 0.048 0.752
11 0.8 0.048 0.752
37 0.8 0.048 0.752
41 0.8 0.048 0.752
49 0.8 0.048 0.752
52 0.8 0.048 0.752
53 0.8 0.048 0.752
57 0.783495 0.048 0.735495
13 0.752 0.048 0.704
39 0.780964 0.048 0.732964
46 0.752 0.048 0.704
47 0.8 0.048 0.752
2 0.8 0.048 0.752
12 0.8 0.048 0.752
43 0.8 0.048 0.752
38 0.8 0.048 0.752
12 0.752 0.048 0.704
68 0.8 0.048 0.752
5 0.8 0.048 0.752
55 0.8 0.048 0.752
64 0.8 0.048 0.752
32 0.8 0.048 0.752
16 0.8 0.048 0.752
17 0.8 0.048 0.752
56 0.8 0.048 0.752
28 0.8 0.048 0.752
44 0.8 0.048 0.752
67 0.8 0.048 0.752
43 0.8 0.048 0.752
12 0.704 0.048 0.656
47 0.8 0.048 0.752
69 0.8 0.048 0.752
1 0.8 0.048 0.752
6 0.8 0.048 0.752
20 0.8 0.048 0.752
24 0.8 0.048 0.752
59 0.8 0.048 0.752
67 0.8 0.048 0.752
7 0.8 0.048 0.752
28 0.752 0.048 0.704
44 0.8 0.048 0.752
56 0.752 0.048 0.704
33 0.8 0.048 0.752
35 0.8 0.048 0.752
40 0.8 0.048 0.752
33 0.752 0.048 0.704
33 0.704 0.16 0.544
33 0.544 0.016 0.528
35 0.752 0.16 0.592
40 0.752 0.16 0.592
14 0.8 0.048 0.752
5 0.8 0.048 0.752
9 0.8 0.048 0.752
19 0.8 0.048 0.752
55 0.8 0.048 0.752
68 0.8 0.048 0.752
60 0.8 0.048 0.752
15 0.8 0.048 0.752
29 0.8 0.048 0.752
42 0.8 0.048 0.752
62 0.8 0.048 0.752
36 0.8 0.048 0.752
51 0.8 0.048 0.752
48 0.8 0.048 0.752
54 0.8 0.048 0.752
65 0.8 0.048 0.752
59 0.8 0.048 0.752
1 0.8 0.048 0.752
6 0.8 0.048 0.752
20 0.8 0.048 0.752
24 0.8 0.048 0.752
69 0.8 0.048 0.752
50 0.8 0.048 0.752
61 0.8 0.048 0.752
31 0.8 0.048 0.752
37 0.8 0.048 0.752
49 0.8 0.048 0.752
7 0.8 0.048 0.752
3 0.8 0.048 0.752
67 0.8 0.048 0.752
54 0.752 0.048 0.704
48 0.8 0.048 0.752
65 0.8 0.048 0.752
66 0.8 0.048 0.752
52 0.8 0.048 0.752
11 0.8 0.048 0.752
27 0.8 0.048 0.752
41 0.8 0.048 0.752
53 0.8 0.048 0.752
63 0.8 0.048 0.752
10 0.8 0.048 0.752
66 0.8 0.048 0.752
25 0.8 0.048 0.752
30 0.8 0.048 0.752
54 0.779043 0.048 0.731043
65 0.752 0.048 0.704
12 0.8 0.048 0.752
38 0.8 0.048 0.752
43 0.8 0.048 0.752
47 0.8 0.048 0.752
23 0.8 0.048 0.752
58 0.8 0.048 0.752
9 0.8 0.048 0.752
19 0.8 0.048 0.752
21 0.8 0.048 0.752
33 0.743748 0.048 0.695748
35 0.8 0.048 0.752
21 0.752 0.048 0.704
21 0.704 0.16 0.544
44 0.8 0.048 0.752
28 0.8 0.048 0.752
56 0.8 0.048 0.752
67 0.8 0.048 0.752
21 0.544 0.016 0.528
33 0.695748 0.16 0.535748
35 0.752 0.16 0.592
16 0.8 0.048 0.752
17 0.8 0.048 0.752
32 0.8 0.048 0.752
46 0.8 0.048 0.752
13 0.8 0.048 0.752
39 0.8 0.048 0.752
57 0.8 0.048 0.752
39 0.752 0.048 0.704
13 0.8 0.048 0.752
46 0.8 0.048 0.752
57 0.752 0.048 0.704
70 0.8 0.048 0.752
4 0.8 0.048 0.752
63 0.8 0.048 0.752
11 0.8 0.048 0.752
37 0.8 0.048 0.752
41 0.8 0.048 0.752
49 0.8 0.048 0.752
52 0.8 0.048 0.752
53 0.8 0.048 0.752
57 0.782626 0.048 0.734626
13 0.752 0.048 0.704
39 0.775647 0.048 0.727647
46 0.752 0.048 0.704
47 0.8 0.048 0.752
2 0.8 0.048 0.752
12 0.8 0.048 0.752
43 0.8 0.048 0.752
38 0.8 0.048 0.752
12 0.752 0.048 0.704
43 0.752 0.048 0.704
68 0.8 0.048 0.752
5 0.8 0.048 0.752
55 0.8 0.048 0.752
64 0.8 0.048 0.752
64 0.752 0.048 0.704
64 0.704 0.16 0.544
64 0.544 0.016 0.528
32 0.8 0.048 0.752
16 0.8 0.048 0.752
17 0.8 0.048 0.752
56 0.8 0.048 0.752
28 0.8 0.048 0.752
44 0.8 0.048 0.752
67 0.8 0.048 0.752
43 0.781199 0.048 0.733199
2 0.8 0.048 0.752
12 0.704 0.048 0.656
38 0.752 0.048 0.704
47 0.8 0.048 0.752
69 0.8 0.048 0.752
1 0.8 0.048 0.752
6 0.8 0.048 0.752
20 0.8 0.048 0.752
24 0.8 0.048 0.752
59 0.8 0.048 0.752
67 0.8 0.048 0.752
7 0.8 0.048 0.752
28 0.752 0.048 0.704
56 0.752 0.048 0.704
14 0.8 0.048 0.752
5 0.8 0.048 0.752
9 0.8 0.048 0.752
19 0.8 0.048 0.752
55 0.8 0.048 0.752
60 0.8 0.048 0.752
15 0.8 0.048 0.752
29 0.8 0.048 0.752
42 0.8 0.048 0.752
62 0.8 0.048 0.752
36 0.8 0.048 0.752
16 0.8 0.048 0.752
51 0.8 0.048 0.752
48 0.8 0.048 0.752
54 0.8 0.048 0.752
65 0.8 0.048 0.752
59 0.8 0.048 0.752
1 0.8 0.048 0.752
6 0.8 0.048 0.752
20 0.8 0.048 0.752
24 0.8 0.048 0.752
69 0.8 0.048 0.752
50 0.8 0.048 0.752
61 0.8 0.048 0.752
50 0.752 0.048 0.704
50 0.704 0.16 0.544
50 0.544 0.016 0.528
61 0.752 0.16 0.592
31 0.8 0.048 0.752
37 0.8 0.048 0.752
49 0.8 0.048 0.752
7 0.8 0.048 0.752
3 0.8 0.048 0.752
40 0.8 0.048 0.752
67 0.8 0.048 0.752
54 0.752 0.048 0.704
48 0.8 0.048 0.752
65 0.8 0.048 0.752
66 0.8 0.048 0.752
52 0.8 0.048 0.752
11 0.8 0.048 0.752
27 0.8 0.048 0.752
41 0.8 0.048 0.752
53 0.8 0.048 0.752
10 0.8 0.048 0.752
66 0.8 0.048 0.752
25 0.8 0.048 0.752
30 0.8 0.048 0.752
54 0.783898 0.048 0.735898
65 0.752 0.048 0.704
12 0.8 0.048 0.752
38 0.8 0.048 0.752
43 0.8 0.048 0.752
47 0.8 0.048 0.752
23 0.8 0.048 0.752
58 0.8 0.048 0.752
9 0.8 0.048 0.752
19 0.8 0.048 0.752
44 0.8 0.048 0.752
28 0.8 0.048 0.752
16 0.8 0.048 0.752
17 0.8 0.048 0.752
32 0.8 0.048 0.752
46 0.8 0.048 0.752
13 0.8 0.048 0.752
39 0.8 0.048 0.752
57 0.8 0.048 0.752
39 0.752 0.048 0.704
13 0.8 0.048 0.752
46 0.8 0.048 0.752
68 0.8 0.048 0.752
70 0.8 0.048 0.752
4 0.8 0.048 0.752
63 0.8 0.048 0.752
11 0.8 0.048 0.752
37 0.8 0.048 0.752
41 0.8 0.048 0.752
49 0.8 0.048 0.752
53 0.8 0.048 0.752
57 0.8 0.048 0.752
13 0.752 0.048 0.704
46 0.752 0.048 0.704
47 0.8 0.048 0.752
2 0.8 0.048 0.752
12 0.8 0.048 0.752
43 0.8 0.048 0.752
38 0.8 0.048 0.752
12 0.752 0.048 0.704
43 0.752 0.048 0.704
51 0.8 0.048 0.752
38 0.752 0.096 0.656
38 0.656 0.16 0.496
38 0.496 0.016 0.48
12 0.704 0.16 0.544
43 0.704 0.16 0.544
51 0.752 0.16 0.592
51 0.592 0.016 0.576
38 0.48 0.016 0.464
51 0.576 0.048 0.528
36 0.8 0.048 0.752
38 0.464 0.048 0.416
68 0.8 0.048 0.752
5 0.8 0.048 0.752
39 0.776216 0.048 0.728216
55 0.8 0.048 0.752
32 0.8 0.048 0.752
16 0.8 0.048 0.752
17 0.8 0.048 0.752
56 0.8 0.048 0.752
28 0.8 0.048 0.752
44 0.8 0.048 0.752
67 0.8 0.048 0.752
43 0.615215 0.048 0.567215
2 0.8 0.048 0.752
12 0.544 0.048 0.496
38 0.416 0.048 0.368
47 0.8 0.048 0.752
43 0.567215 0.048 0.519215
43 0.519215 0.16 0.359215
43 0.359215 0.016 0.343215
2 0.752 0.16 0.592
12 0.496 0.16 0.336
38 0.368 0.16 0.208
47 0.752 0.16 0.592
69 0.8 0.048 0.752
1 0.8 0.048 0.752
6 0.8 0.048 0.752
20 0.8 0.048 0.752
24 0.8 0.048 0.752
59 0.8 0.048 0.752
67 0.8 0.048 0.752
3 0.8 0.048 0.752
7 0.8 0.048 0.752
28 0.752 0.048 0.704
56 0.752 0.048 0.704
14 0.8 0.048 0.752
5 0.8 0.048 0.752
9 0.8 0.048 0.752
19 0.8 0.048 0.752
55 0.8 0.048 0.752
60 0.8 0.048 0.752
15 0.8 0.048 0.752
29 0.8 0.048 0.752
42 0.8 0.048 0.752
62 0.8 0.048 0.752
36 0.8 0.048 0.752
51 0.681887 0.048 0.633887
48 0.8 0.048 0.752
54 0.8 0.048 0.752
65 0.8 0.048 0.752
59 0.8 0.048 0.752
1 0.8 0.048 0.752
6 0.8 0.048 0.752
20 0.8 0.048 0.752
24 0.8 0.048 0.752
69 0.8 0.048 0.752
31 0.8 0.048 0.752
37 0.8 0.048 0.752
49 0.8 0.048 0.752
7 0.8 0.048 0.752
3 0.8 0.048 0.752
40 0.8 0.048 0.752
67 0.8 0.048 0.752
54 0.752 0.048 0.704
48 0.8 0.048 0.752
65 0.8 0.048 0.752
66 0.8 0.048 0.752
52 0.8 0.048 0.752
11 0.8 0.048 0.752
27 0.8 0.048 0.752
41 0.8 0.048 0.752
53 0.8 0.048 0.752
10 0.8 0.048 0.752
58 0.8 0.048 0.752
66 0.8 0.048 0.752
25 0.8 0.048 0.752
30 0.8 0.048 0.752
54 0.778823 0.048 0.730823
65 0.752 0.048 0.704
12 0.562261 0.048 0.514261
38 0.436229 0.048 0.388229
43 0.564861 0.048 0.516861
47 0.8 0.048 0.752
12 0.514261 0.048 0.466261
12 0.466261 0.16 0.306261
38 0.388229 0.16 0.228229
43 0.516861 0.16 0.356861
47 0.752 0.16 0.592
23 0.8 0.048 0.752
58 0.8 0.048 0.752
9 0.8 0.048 0.752
10 0.752 0.048 0.704
19 0.8 0.048 0.752
44 0.8 0.048 0.752
28 0.8 0.048 0.752
56 0.8 0.048 0.752
16 0.8 0.048 0.752
17 0.8 0.048 0.752
32 0.8 0.048 0.752
36 0.8 0.048 0.752
16 0.752 0.048 0.704
16 0.704 0.16 0.544
16 0.544 0.016 0.528
17 0.752 0.16 0.592
32 0.752 0.16 0.592
36 0.752 0.16 0.592
46 0.8 0.048 0.752
13 0.8 0.048 0.752
39 0.8 0.048 0.752
57 0.8 0.048 0.752
39 0.752 0.048 0.704
13 0.8 0.048 0.752
46 0.8 0.048 0.752
70 0.8 0.048 0.752
4 0.8 0.048 0.752
63 0.8 0.048 0.752
11 0.8 0.048 0.752
37 0.8 0.048 0.752
41 0.8 0.048 0.752
49 0.8 0.048 0.752
53 0.8 0.048 0.752
57 0.8 0.048 0.752
46 0.752 0.048 0.704
47 0.66625 0.048 0.61825
2 0.8 0.048 0.752
12 0.462289 0.048 0.414289
43 0.436004 0.048 0.388004
51 0.8 0.048 0.752
36 0.662045 0.048 0.614045
38 0.386172 0.048 0.338172
68 0.8 0.048 0.752
5 0.8 0.048 0.752
55 0.8 0.048 0.752
32 0.664566 0.048 0.616566
16 0.606086 0.048 0.558086
17 0.670603 0.048 0.622603
32 0.616566 0.048 0.568566
32 0.568566 0.16 0.408566
32 0.408566 0.016 0.392566
16 0.558086 0.16 0.398086
17 0.622603 0.16 0.462603
56 0.8 0.048 0.752
28 0.8 0.048 0.752
44 0.8 0.048 0.752
67 0.8 0.048 0.752
69 0.8 0.048 0.752
1 0.8 0.048 0.752
6 0.8 0.048 0.752
20 0.8 0.048 0.752
24 0.8 0.048 0.752
59 0.8 0.048 0.752
67 0.8 0.048 0.752
3 0.8 0.048 0.752
7 0.8 0.048 0.752
28 0.752 0.048 0.704
56 0.752 0.048 0.704
4 0.8 0.048 0.752
70 0.8 0.048 0.752
14 0.8 0.048 0.752
5 0.8 0.048 0.752
19 0.8 0.048 0.752
55 0.8 0.048 0.752
68 0.8 0.048 0.752
60 0.8 0.048 0.752
15 0.8 0.048 0.752
29 0.8 0.048 0.752
42 0.8 0.048 0.752
62 0.8 0.048 0.752
36 0.766016 0.048 0.718016
51 0.8 0.048 0.752
48 0.8 0.048 0.752
54 0.8 0.048 0.752
65 0.8 0.048 0.752
59 0.8 0.048 0.752
1 0.8 0.048 0.752
6 0.8 0.048 0.752
20 0.8 0.048 0.752
24 0.8 0.048 0.752
69 0.8 0.048 0.752
31 0.8 0.048 0.752
37 0.8 0.048 0.752
49 0.8 0.048 0.752
7 0.8 0.048 0.752
3 0.8 0.048 0.752
40 0.8 0.048 0.752
54 0.752 0.048 0.704
48 0.8 0.048 0.752
65 0.8 0.048 0.752
66 0.8 0.048 0.752
8 0.8 0.048 0.752
52 0.8 0.048 0.752
11 0.8 0.048 0.752
25 0.8 0.048 0.752
27 0.8 0.048 0.752
30 0.8 0.048 0.752
41 0.8 0.048 0.752
52 0.752 0.048 0.704
52 0.704 0.16 0.544
52 0.544 0.016 0.528
11 0.752 0.16 0.592
25 0.752 0.16 0.592
27 0.752 0.16 0.592
30 0.752 0.16 0.592
41 0.752 0.16 0.592
10 0.8 0.048 0.752
58 0.8 0.048 0.752
66 0.8 0.048 0.752
25 0.664008 0.048 0.616008
30 0.592 0.048 0.544
54 0.77424 0.048 0.72624
65 0.752 0.048 0.704
23 0.8 0.048 0.752
58 0.8 0.048 0.752
9 0.8 0.048 0.752
10 0.752 0.048 0.704
19 0.8 0.048 0.752
44 0.8 0.048 0.752
28 0.8 0.048 0.752
56 0.8 0.048 0.752
46 0.8 0.048 0.752
13 0.8 0.048 0.752
39 0.8 0.048 0.752
57 0.8 0.048 0.752
39 0.752 0.048 0.704
13 0.8 0.048 0.752
46 0.8 0.048 0.752
70 0.8 0.048 0.752
4 0.8 0.048 0.752
63 0.8 0.048 0.752
11 0.746089 0.048 0.698089
37 0.8 0.048 0.752
41 0.667276 0.048 0.619276
49 0.8 0.048 0.752
53 0.8 0.048 0.752
57 0.8 0.048 0.752
46 0.752 0.048 0.704
47 0.8 0.048 0.752
2 0.8 0.048 0.752
12 0.793826 0.048 0.745826
43 0.766753 0.048 0.718753
51 0.8 0.048 0.752
36 0.8 0.048 0.752
68 0.8 0.048 0.752
5 0.8 0.048 0.752
14 0.8 0.048 0.752
55 0.8 0.048 0.752
56 0.8 0.048 0.752
28 0.8 0.048 0.752
44 0.8 0.048 0.752
67 0.8 0.048 0.752
69 0.8 0.048 0.752
1 0.8 0.048 0.752
6 0.8 0.048 0.752
20 0.8 0.048 0.752
24 0.8 0.048 0.752
59 0.8 0.048 0.752
67 0.8 0.048 0.752
3 0.8 0.048 0.752
7 0.8 0.048 0.752
28 0.752 0.048 0.704
56 0.752 0.048 0.704
4 0.8 0.048 0.752
8 0.8 0.048 0.752
70 0.8 0.048 0.752
14 0.8 0.048 0.752
5 0.8 0.048 0.752
9 0.8 0.048 0.752
19 0.8 0.048 0.752
55 0.8 0.048 0.752
68 0.8 0.048 0.752
60 0.8 0.048 0.752
15 0.8 0.048 0.752
29 0.8 0.048 0.752
42 0.8 0.048 0.752
62 0.8 0.048 0.752
36 0.8 0.048 0.752
51 0.8 0.048 0.752
48 0.8 0.048 0.752
54 0.8 0.048 0.752
65 0.8 0.048 0.752
48 0.752 0.048 0.704
48 0.704 0.16 0.544
48 0.544 0.016 0.528
54 0.752 0.16 0.592
65 0.752 0.16 0.592
59 0.8 0.048 0.752
1 0.8 0.048 0.752
6 0.8 0.048 0.752
20 0.8 0.048 0.752
24 0.8 0.048 0.752
69 0.8 0.048 0.752
31 0.8 0.048 0.752
37 0.8 0.048 0.752
49 0.8 0.048 0.752
7 0.8 0.048 0.752
3 0.8 0.048 0.752
40 0.8 0.048 0.752
67 0.8 0.048 0.752
54 0.592 0.048 0.544
48 0.604073 0.048 0.556073
65 0.663384 0.048 0.615384
66 0.8 0.048 0.752
54 0.544 0.048 0.496
54 0.496 0.16 0.336
48 0.556073 0.16 0.396073
65 0.615384 0.16 0.455384
66 0.752 0.16 0.592
8 0.8 0.048 0.752
10 0.8 0.048 0.752
58 0.8 0.048 0.752
66 0.667238 0.048 0.619238
25 0.8 0.048 0.752
30 0.8 0.048 0.752
54 0.409817 0.048 0.361817
65 0.455384 0.048 0.407384
23 0.8 0.048 0.752
58 0.8 0.048 0.752
9 0.8 0.048 0.752
10 0.752 0.048 0.704
19 0.8 0.048 0.752
44 0.8 0.048 0.752
28 0.8 0.048 0.752
56 0.8 0.048 0.752
46 0.8 0.048 0.752
13 0.8 0.048 0.752
39 0.8 0.048 0.752
57 0.8 0.048 0.752
39 0.752 0.048 0.704
13 0.8 0.048 0.752
46 0.8 0.048 0.752
70 0.8 0.048 0.752
4 0.8 0.048 0.752
70 0.752 0.048 0.704
70 0.704 0.16 0.544
70 0.544 0.016 0.528
4 0.752 0.16 0.592
63 0.8 0.048 0.752
11 0.8 0.048 0.752
37 0.8 0.048 0.752
41 0.8 0.048 0.752
49 0.8 0.048 0.752
53 0.8 0.048 0.752
57 0.8 0.048 0.752
46 0.752 0.048 0.704
47 0.8 0.048 0.752
2 0.8 0.048 0.752
12 0.8 0.048 0.752
43 0.8 0.048 0.752
51 0.8 0.048 0.752
36 0.8 0.048 0.752
38 0.8 0.048 0.752
68 0.8 0.048 0.752
5 0.8 0.048 0.752
14 0.8 0.048 0.752
55 0.8 0.048 0.752
56 0.8 0.048 0.752
28 0.8 0.048 0.752
44 0.8 0.048 0.752
67 0.8 0.048 0.752
69 0.8 0.048 0.752
1 0.8 0.048 0.752
6 0.8 0.048 0.752
20 0.8 0.048 0.752
24 0.8 0.048 0.752
59 0.8 0.048 0.752
67 0.8 0.048 0.752
3 0.8 0.048 0.752
7 0.8 0.048 0.752
28 0.752 0.048 0.704
56 0.752 0.048 0.704
4 0.741172 0.048 0.693172
70 0.676906 0.048 0.628906
4 0.693172 0.048 0.645172
4 0.645172 0.16 0.485172
70 0.628906 0.16 0.468906
14 0.8 0.048 0.752
5 0.8 0.048 0.752
9 0.8 0.048 0.752
19 0.8 0.048 0.752
68 0.8 0.048 0.752
60 0.8 0.048 0.752
15 0.8 0.048 0.752
29 0.8 0.048 0.752
42 0.8 0.048 0.752
62 0.8 0.048 0.752
36 0.8 0.048 0.752
16 0.8 0.048 0.752
51 0.8 0.048 0.752
36 0.752 0.048 0.704
36 0.704 0.16 0.544
16 0.752 0.16 0.592
16 0.592 0.016 0.576
36 0.544 0.016 0.528
16 0.576 0.048 0.528
17 0.8 0.048 0.752
32 0.8 0.048 0.752
36 0.528 0.048 0.48
16 0.528 0.048 0.48
16 0.48 0.16 0.32
51 0.752 0.16 0.592
17 0.752 0.16 0.592
32 0.752 0.16 0.592
32 0.592 0.016 0.576
16 0.32 0.016 0.304
32 0.576 0.048 0.528
16 0.304 0.048 0.256
17 0.592 0.048 0.544
36 0.48 0.16 0.32
59 0.8 0.048 0.752
1 0.8 0.048 0.752
6 0.8 0.048 0.752
20 0.8 0.048 0.752
24 0.8 0.048 0.752
69 0.8 0.048 0.752
31 0.8 0.048 0.752
37 0.8 0.048 0.752
49 0.8 0.048 0.752
7 0.8 0.048 0.752
3 0.8 0.048 0.752
40 0.8 0.048 0.752
67 0.8 0.048 0.752
8 0.8 0.048 0.752
10 0.8 0.048 0.752
58 0.8 0.048 0.752
66 0.8 0.048 0.752
25 0.8 0.048 0.752
30 0.8 0.048 0.752
48 0.763757 0.048 0.715757
54 0.737885 0.048 0.689885
65 0.779739 0.048 0.731739
66 0.752 0.048 0.704
66 0.704 0.16 0.544
25 0.752 0.16 0.592
30 0.752 0.16 0.592
48 0.715757 0.16 0.555757
48 0.555757 0.016 0.539757
66 0.544 0.016 0.528
48 0.539757 0.048 0.491757
54 0.689885 0.048 0.641885
65 0.731739 0.048 0.683739
66 0.528 0.048 0.48
54 0.641885 0.16 0.481885
65 0.683739 0.16 0.523739
23 0.8 0.048 0.752
58 0.8 0.048 0.752
9 0.8 0.048 0.752
10 0.752 0.048 0.704
19 0.8 0.048 0.752
44 0.8 0.048 0.752
28 0.8 0.048 0.752
56 0.8 0.048 0.752
67 0.8 0.048 0.752
46 0.8 0.048 0.752
13 0.8 0.048 0.752
39 0.8 0.048 0.752
57 0.8 0.048 0.752
46 0.752 0.048 0.704
46 0.704 0.16 0.544
46 0.544 0.016 0.528
13 0.752 0.16 0.592
39 0.752 0.16 0.592
57 0.752 0.16 0.592
39 0.592 0.048 0.544
13 0.66241 0.048 0.61441
46 0.606683 0.048 0.558683
39 0.544 0.048 0.496
39 0.496 0.16 0.336
13 0.61441 0.16 0.45441
46 0.558683 0.16 0.398683
63 0.8 0.048 0.752
11 0.8 0.048 0.752
41 0.8 0.048 0.752
53 0.8 0.048 0.752
57 0.662365 0.048 0.614365
13 0.45441 0.048 0.40641
46 0.398683 0.048 0.350683
47 0.8 0.048 0.752
2 0.8 0.048 0.752
12 0.8 0.048 0.752
43 0.8 0.048 0.752
51 0.8 0.048 0.752
36 0.541195 0.048 0.493195
68 0.8 0.048 0.752
5 0.8 0.048 0.752
55 0.8 0.048 0.752
68 0.752 0.048 0.704
68 0.704 0.16 0.544
68 0.544 0.016 0.528
5 0.752 0.16 0.592
55 0.752 0.16 0.592
56 0.8 0.048 0.752
28 0.8 0.048 0.752
44 0.8 0.048 0.752
67 0.8 0.048 0.752
69 0.8 0.048 0.752
1 0.8 0.048 0.752
6 0.8 0.048 0.752
20 0.8 0.048 0.752
24 0.8 0.048 0.752
59 0.8 0.048 0.752
67 0.8 0.048 0.752
3 0.8 0.048 0.752
7 0.8 0.048 0.752
56 0.752 0.048 0.704
14 0.8 0.048 0.752
5 0.669052 0.048 0.621052
9 0.8 0.048 0.752
19 0.8 0.048 0.752
14 0.752 0.048 0.704
14 0.704 0.16 0.544
14 0.544 0.016 0.528
5 0.621052 0.16 0.461052
9 0.752 0.16 0.592
19 0.752 0.16 0.592
60 0.8 0.048 0.752
15 0.8 0.048 0.752
29 0.8 0.048 0.752
34 0.8 0.048 0.752
42 0.8 0.048 0.752
62 0.8 0.048 0.752
32 0.8 0.048 0.752
16 0.633633 0.048 0.585633
17 0.8 0.048 0.752
59 0.8 0.048 0.752
6 0.8 0.048 0.752
20 0.8 0.048 0.752
24 0.8 0.048 0.752
69 0.8 0.048 0.752
31 0.8 0.048 0.752
37 0.8 0.048 0.752
49 0.8 0.048 0.752
7 0.8 0.048 0.752
3 0.8 0.048 0.752
67 0.8 0.048 0.752
8 0.8 0.048 0.752
10 0.8 0.048 0.752
58 0.8 0.048 0.752
10 0.752 0.048 0.704
10 0.704 0.16 0.544
10 0.544 0.016 0.528
58 0.752 0.16 0.592
48 0.8 0.048 0.752
54 0.8 0.048 0.752
65 0.8 0.048 0.752
23 0.8 0.048 0.752
58 0.671324 0.048 0.623324
9 0.748478 0.048 0.700478
10 0.528 0.048 0.48
19 0.738027 0.048 0.690027
58 0.623324 0.048 0.575324
58 0.575324 0.16 0.415324
58 0.415324 0.016 0.399324
9 0.700478 0.16 0.540478
10 0.48 0.16 0.32
19 0.690027 0.16 0.530027
44 0.8 0.048 0.752
28 0.8 0.048 0.752
56 0.8 0.048 0.752
63 0.8 0.048 0.752
11 0.8 0.048 0.752
41 0.8 0.048 0.752
53 0.8 0.048 0.752
57 0.8 0.048 0.752
13 0.776781 0.048 0.728781
46 0.721603 0.048 0.673603
57 0.752 0.048 0.704
57 0.704 0.16 0.544
13 0.728781 0.16 0.568781
46 0.673603 0.16 0.513603
46 0.513603 0.016 0.497603
57 0.544 0.016 0.528
46 0.497603 0.048 0.449603
13 0.568781 0.048 0.520781
39 0.773258 0.048 0.725258
57 0.528 0.048 0.48
46 0.449603 0.048 0.401603
46 0.401603 0.16 0.241603
13 0.520781 0.16 0.360781
39 0.725258 0.16 0.565258
39 0.565258 0.016 0.549258
46 0.241603 0.016 0.225603
39 0.549258 0.048 0.501258
13 0.360781 0.048 0.312781
46 0.225603 0.048 0.177603
57 0.48 0.16 0.32
47 0.8 0.048 0.752
2 0.8 0.048 0.752
12 0.8 0.048 0.752
43 0.8 0.048 0.752
51 0.8 0.048 0.752
36 0.8 0.048 0.752
51 0.752 0.048 0.704
51 0.704 0.16 0.544
36 0.752 0.16 0.592
36 0.592 0.016 0.576
51 0.544 0.016 0.528
36 0.576 0.048 0.528
16 0.8 0.048 0.752
51 0.528 0.048 0.48
36 0.528 0.048 0.48
36 0.48 0.16 0.32
16 0.752 0.16 0.592
16 0.592 0.016 0.576
36 0.32 0.016 0.304
16 0.576 0.048 0.528
32 0.8 0.048 0.752
36 0.304 0.048 0.256
51 0.48 0.16 0.32
56 0.8 0.048 0.752
28 0.8 0.048 0.752
44 0.8 0.048 0.752
67 0.8 0.048 0.752
69 0.8 0.048 0.752
1 0.8 0.048 0.752
6 0.8 0.048 0.752
20 0.8 0.048 0.752
24 0.8 0.048 0.752
59 0.8 0.048 0.752
67 0.8 0.048 0.752
3 0.8 0.048 0.752
7 0.8 0.048 0.752
56 0.752 0.048 0.704
60 0.8 0.048 0.752
15 0.8 0.048 0.752
29 0.8 0.048 0.752
34 0.8 0.048 0.752
42 0.8 0.048 0.752
62 0.8 0.048 0.752
60 0.752 0.048 0.704
60 0.704 0.16 0.544
60 0.544 0.016 0.528
15 0.752 0.16 0.592
29 0.752 0.16 0.592
34 0.752 0.16 0.592
42 0.752 0.16 0.592
62 0.752 0.16 0.592
32 0.8 0.048 0.752
16 0.603025 0.048 0.555025
17 0.8 0.048 0.752
59 0.8 0.048 0.752
1 0.8 0.048 0.752
6 0.8 0.048 0.752
20 0.8 0.048 0.752
24 0.8 0.048 0.752
69 0.8 0.048 0.752
31 0.8 0.048 0.752
37 0.8 0.048 0.752
49 0.8 0.048 0.752
7 0.8 0.048 0.752
3 0.8 0.048 0.752
67 0.8 0.048 0.752
8 0.8 0.048 0.752
48 0.8 0.048 0.752
54 0.8 0.048 0.752
23 0.8 0.048 0.752
44 0.8 0.048 0.752
28 0.8 0.048 0.752
56 0.8 0.048 0.752
63 0.8 0.048 0.752
11 0.8 0.048 0.752
37 0.8 0.048 0.752
41 0.8 0.048 0.752
53 0.8 0.048 0.752
39 0.8 0.048 0.752
13 0.687669 0.048 0.639669
46 0.557536 0.048 0.509536
57 0.694086 0.048 0.646086
47 0.8 0.048 0.752
2 0.8 0.048 0.752
12 0.8 0.048 0.752
43 0.8 0.048 0.752
16 0.8 0.048 0.752
32 0.8 0.048 0.752
36 0.637323 0.048 0.589323
56 0.8 0.048 0.752
28 0.8 0.048 0.752
44 0.8 0.048 0.752
67 0.8 0.048 0.752
69 0.8 0.048 0.752
1 0.8 0.048 0.752
6 0.8 0.048 0.752
20 0.8 0.048 0.752
24 0.8 0.048 0.752
59 0.8 0.048 0.752
67 0.8 0.048 0.752
3 0.8 0.048 0.752
7 0.8 0.048 0.752
56 0.752 0.048 0.704
32 0.8 0.048 0.752
16 0.8 0.048 0.752
17 0.8 0.048 0.752
59 0.8 0.048 0.752
1 0.8 0.048 0.752
6 0.8 0.048 0.752
20 0.8 0.048 0.752
24 0.8 0.048 0.752
69 0.8 0.048 0.752
31 0.8 0.048 0.752
37 0.8 0.048 0.752
49 0.8 0.048 0.752
7 0.8 0.048 0.752
3 0.8 0.048 0.752
40 0.8 0.048 0.752
67 0.8 0.048 0.752
8 0.8 0.048 0.752
48 0.8 0.048 0.752
54 0.8 0.048 0.752
23 0.8 0.048 0.752
44 0.8 0.048 0.752
28 0.8 0.048 0.752
56 0.8 0.048 0.752
63 0.8 0.048 0.752
11 0.8 0.048 0.752
41 0.8 0.048 0.752
53 0.8 0.048 0.752
39 0.8 0.048 0.752
13 0.8 0.048 0.752
46 0.8 0.048 0.752
57 0.8 0.048 0.752
47 0.8 0.048 0.752
2 0.8 0.048 0.752
12 0.8 0.048 0.752
43 0.8 0.048 0.752
16 0.8 0.048 0.752
32 0.8 0.048 0.752
36 0.8 0.048 0.752
56 0.8 0.048 0.752
28 0.8 0.048 0.752
44 0.8 0.048 0.752
67 0.8 0.048 0.752
69 0.8 0.048 0.752
1 0.8 0.048 0.752
6 0.8 0.048 0.752
24 0.8 0.048 0.752
59 0.8 0.048 0.752
69 0.752 0.048 0.704
69 0.704 0.16 0.544
69 0.544 0.016 0.528
1 0.752 0.16 0.592
6 0.752 0.16 0.592
24 0.752 0.16 0.592
59 0.752 0.16 0.592
67 0.8 0.048 0.752
3 0.8 0.048 0.752
7 0.8 0.048 0.752
56 0.752 0.048 0.704
32 0.8 0.048 0.752
16 0.8 0.048 0.752
17 0.8 0.048 0.752
59 0.742776 0.048 0.694776
6 0.745769 0.048 0.697769
20 0.8 0.048 0.752
24 0.671073 0.048 0.623073
69 0.599697 0.048 0.551697
59 0.694776 0.048 0.646776
59 0.646776 0.16 0.486776
59 0.486776 0.016 0.470776
6 0.697769 0.16 0.537769
20 0.752 0.16 0.592
24 0.623073 0.16 0.463073
69 0.551697 0.16 0.391697
31 0.8 0.048 0.752
17 0.8 0.048 0.752
37 0.8 0.048 0.752
49 0.8 0.048 0.752
7 0.8 0.048 0.752
3 0.8 0.048 0.752
40 0.8 0.048 0.752
67 0.8 0.048 0.752
8 0.8 0.048 0.752
48 0.8 0.048 0.752
54 0.8 0.048 0.752
65 0.8 0.048 0.752
23 0.8 0.048 0.752
44 0.8 0.048 0.752
28 0.8 0.048 0.752
56 0.8 0.048 0.752
63 0.8 0.048 0.752
11 0.8 0.048 0.752
41 0.8 0.048 0.752
53 0.8 0.048 0.752
39 0.8 0.048 0.752
13 0.8 0.048 0.752
46 0.8 0.048 0.752
57 0.8 0.048 0.752
47 0.8 0.048 0.752
2 0.8 0.048 0.752
12 0.8 0.048 0.752
43 0.8 0.048 0.752
16 0.8 0.048 0.752
32 0.8 0.048 0.752
36 0.8 0.048 0.752
56 0.8 0.048 0.752
28 0.8 0.048 0.752
44 0.8 0.048 0.752
67 0.8 0.048 0.752
56 0.752 0.048 0.704
56 0.704 0.16 0.544
56 0.544 0.016 0.528
28 0.752 0.16 0.592
44 0.752 0.16 0.592
67 0.752 0.16 0.592
67 0.671691 0.048 0.623691
3 0.8 0.048 0.752
7 0.8 0.048 0.752
56 0.528 0.048 0.48
67 0.623691 0.048 0.575691
67 0.575691 0.16 0.415691
67 0.415691 0.016 0.399691
3 0.752 0.16 0.592
7 0.752 0.16 0.592
56 0.48 0.16 0.32
32 0.8 0.048 0.752
16 0.8 0.048 0.752
17 0.8 0.048 0.752
31 0.8 0.048 0.752
37 0.8 0.048 0.752
49 0.8 0.048 0.752
7 0.740818 0.048 0.692818
3 0.662644 0.048 0.614644
40 0.8 0.048 0.752
67 0.548864 0.048 0.500864
7 0.692818 0.096 0.596818
7 0.596818 0.16 0.436818
7 0.436818 0.016 0.420818
3 0.614644 0.16 0.454644
40 0.752 0.16 0.592
67 0.500864 0.16 0.340864
8 0.8 0.048 0.752
48 0.8 0.048 0.752
54 0.8 0.048 0.752
65 0.8 0.048 0.752
23 0.8 0.048 0.752
44 0.8 0.048 0.752
28 0.8 0.048 0.752
56 0.535249 0.048 0.487249
63 0.8 0.048 0.752
11 0.8 0.048 0.752
41 0.8 0.048 0.752
49 0.8 0.048 0.752
53 0.8 0.048 0.752
39 0.8 0.048 0.752
13 0.8 0.048 0.752
46 0.8 0.048 0.752
57 0.8 0.048 0.752
47 0.8 0.048 0.752
2 0.8 0.048 0.752
12 0.8 0.048 0.752
43 0.8 0.048 0.752
16 0.8 0.048 0.752
32 0.8 0.048 0.752
36 0.8 0.048 0.752
32 0.8 0.048 0.752
16 0.8 0.048 0.752
17 0.8 0.048 0.752
31 0.8 0.048 0.752
37 0.8 0.048 0.752
49 0.8 0.048 0.752
8 0.8 0.048 0.752
48 0.8 0.048 0.752
54 0.8 0.048 0.752
65 0.8 0.048 0.752
23 0.8 0.048 0.752
44 0.8 0.048 0.752
28 0.8 0.048 0.752
56 0.8 0.048 0.752
63 0.8 0.048 0.752
11 0.8 0.048 0.752
41 0.8 0.048 0.752
49 0.8 0.048 0.752
53 0.8 0.048 0.752
39 0.8 0.048 0.752
13 0.8 0.048 0.752
46 0.8 0.048 0.752
57 0.8 0.048 0.752
47 0.8 0.048 0.752
2 0.8 0.048 0.752
12 0.8 0.048 0.752
43 0.8 0.048 0.752
16 0.8 0.048 0.752
32 0.8 0.048 0.752
36 0.8 0.048 0.752
32 0.8 0.048 0.752
16 0.8 0.048 0.752
17 0.8 0.048 0.752
31 0.8 0.048 0.752
37 0.8 0.048 0.752
49 0.8 0.048 0.752
8 0.8 0.048 0.752
4 0.8 0.048 0.752
48 0.8 0.048 0.752
54 0.8 0.048 0.752
65 0.8 0.048 0.752
23 0.8 0.048 0.752
44 0.8 0.048 0.752
28 0.8 0.048 0.752
56 0.8 0.048 0.752
63 0.8 0.048 0.752
11 0.8 0.048 0.752
41 0.8 0.048 0.752
49 0.8 0.048 0.752
53 0.8 0.048 0.752
39 0.8 0.048 0.752
13 0.8 0.048 0.752
46 0.8 0.048 0.752
57 0.8 0.048 0.752
47 0.8 0.048 0.752
2 0.8 0.048 0.752
12 0.8 0.048 0.752
43 0.8 0.048 0.752
16 0.8 0.048 0.752
32 0.8 0.048 0.752
36 0.8 0.048 0.752
32 0.8 0.048 0.752
16 0.8 0.048 0.752
17 0.8 0.048 0.752
32 0.752 0.048 0.704
32 0.704 0.16 0.544
32 0.544 0.016 0.528
16 0.752 0.16 0.592
17 0.752 0.16 0.592
31 0.8 0.048 0.752
37 0.8 0.048 0.752
49 0.8 0.048 0.752
31 0.752 0.048 0.704
31 0.704 0.16 0.544
31 0.544 0.016 0.528
37 0.752 0.16 0.592
49 0.752 0.16 0.592
8 0.8 0.048 0.752
4 0.8 0.048 0.752
