0 1378
0 1379
0 1380
0 1381
0 1382
0 1383
0 1384
0 1385
0 1386
0 1387
0 1388
21 1389
0 1390
0 1393
0 1403
10 1405
0 1406
19 1407
0 1408
0 1411
0 1412
0 1415
0 1417
0 1418
0 1420
0 1421
13 1423
0 1425
1 1398
0 1426
0 1429
16 1402
0 1430
9 1414
0 1431
14 1407
0 1432
24 1398
0 1435
0 1438
0 1439
0 1441
0 1443
26 1391
11 1434
0 1445
0 1446
0 1447
0 1448
6 1442
0 1450
0 1451
8 1437
28 1428
0 1460
0 1461
25 1404
0 1462
4 1416
0 1464
0 1465
21 1436
12 1427
0 1466
0 1468
0 1469
0 1470
30 1409
0 1471
0 1472
0 1474
0 1475
0 1482
10 1453
0 1483
0 1485
0 1486
0 1487
0 1488
13 1402
0 1490
13 1491
0 1492
0 1493
0 1497
0 1498
3 1413
0 1499
24 1449
0 1500
20 1398
0 1501
0 1502
1 1473
0 1503
0 1504
0 1505
23 1392
0 1507
0 1508
15 1401
0 1509
2 1440
0 1510
0 1511
0 1512
22 1452
0 1513
0 1514
0 1520
0 1521
0 1522
28 1495
0 1523
0 1524
0 1525
0 1526
18 1444
4 1506
0 1528
0 1529
0 1530
0 1531
5 1433
0 1532
6 1404
0 1539
0 1540
0 1541
0 1542
27 1419
0 1543
9 1489
24 1489
20 1489
0 1544
0 1545
0 1546
0 1547
0 1548
16 1467
0 1549
0 1551
0 1552
0 1553
0 1554
0 1555
14 1463
0 1556
0 1557
19 1454
0 1558
0 1559
7 1422
0 1560
0 1561
0 1562
26 1496
0 1563
0 1564
