11 0.8 0.048 0.752
8 0.8 0.048 0.752
11 0.8 0.048 0.752
8 0.8 0.048 0.752
11 0.8 0.048 0.752
13 0.8 0.048 0.752
24 0.8 0.048 0.752
4 0.8 0.048 0.752
8 0.8 0.048 0.752
13 0.8 0.048 0.752
24 0.8 0.048 0.752
4 0.8 0.048 0.752
13 0.8 0.048 0.752
20 0.8 0.048 0.752
24 0.8 0.048 0.752
4 0.8 0.048 0.752
20 0.8 0.048 0.752
24 0.8 0.048 0.752
10 0.8 0.048 0.752
20 0.8 0.048 0.752
31 0.8 0.048 0.752
10 0.8 0.048 0.752
22 0.8 0.048 0.752
31 0.8 0.048 0.752
18 0.8 0.048 0.752
6 0.8 0.048 0.752
6 0.752 0.048 0.704
18 0.752 0.048 0.704
18 0.704 0.16 0.544
6 0.704 0.16 0.544
6 0.544 0.016 0.528
18 0.544 0.016 0.528
6 0.528 0.048 0.48
18 0.528 0.048 0.48
10 0.8 0.048 0.752
22 0.8 0.048 0.752
22 0.8 0.048 0.752
6 0.8 0.048 0.752
18 0.8 0.048 0.752
39 0.8 0.048 0.752
1 0.8 0.048 0.752
25 0.8 0.048 0.752
39 0.752 0.048 0.704
39 0.704 0.16 0.544
39 0.544 0.016 0.528
1 0.752 0.048 0.704
25 0.752 0.048 0.704
39 0.528 0.048 0.48
1 0.783947 0.048 0.735947
25 0.774616 0.048 0.726616
39 0.558882 0.048 0.510882
20 0.8 0.048 0.752
1 0.8 0.048 0.752
25 0.8 0.048 0.752
35 0.8 0.048 0.752
39 0.583308 0.048 0.535308
35 0.8 0.048 0.752
6 0.8 0.048 0.752
18 0.8 0.048 0.752
7 0.8 0.048 0.752
32 0.8 0.048 0.752
35 0.8 0.048 0.752
7 0.8 0.048 0.752
26 0.8 0.048 0.752
32 0.8 0.048 0.752
10 0.8 0.048 0.752
31 0.8 0.048 0.752
31 0.752 0.048 0.704
10 0.752 0.048 0.704
10 0.704 0.16 0.544
31 0.704 0.16 0.544
31 0.544 0.016 0.528
10 0.544 0.016 0.528
31 0.528 0.048 0.48
10 0.528 0.048 0.48
25 0.8 0.048 0.752
1 0.8 0.048 0.752
39 0.8 0.048 0.752
35 0.8 0.048 0.752
7 0.8 0.048 0.752
26 0.8 0.048 0.752
37 0.8 0.048 0.752
20 0.8 0.048 0.752
11 0.8 0.048 0.752
8 0.8 0.048 0.752
9 0.8 0.048 0.752
23 0.8 0.048 0.752
27 0.8 0.048 0.752
7 0.8 0.048 0.752
32 0.8 0.048 0.752
32 0.752 0.048 0.704
7 0.752 0.048 0.704
7 0.704 0.16 0.544
32 0.704 0.16 0.544
32 0.544 0.016 0.528
7 0.544 0.016 0.528
32 0.528 0.048 0.48
7 0.528 0.048 0.48
3 0.8 0.048 0.752
5 0.8 0.048 0.752
26 0.8 0.048 0.752
29 0.8 0.048 0.752
33 0.8 0.048 0.752
37 0.8 0.048 0.752
14 0.8 0.048 0.752
2 0.8 0.048 0.752
40 0.8 0.048 0.752
12 0.8 0.048 0.752
15 0.8 0.048 0.752
17 0.8 0.048 0.752
21 0.8 0.048 0.752
3 0.8 0.048 0.752
5 0.8 0.048 0.752
29 0.8 0.048 0.752
33 0.8 0.048 0.752
37 0.8 0.048 0.752
6 0.8 0.048 0.752
18 0.8 0.048 0.752
24 0.8 0.048 0.752
4 0.8 0.048 0.752
13 0.8 0.048 0.752
13 0.752 0.048 0.704
24 0.752 0.048 0.704
24 0.704 0.16 0.544
4 0.752 0.16 0.592
13 0.704 0.16 0.544
13 0.544 0.016 0.528
24 0.544 0.016 0.528
13 0.528 0.048 0.48
4 0.592 0.048 0.544
8 0.8 0.048 0.752
8 0.752 0.048 0.704
24 0.528 0.048 0.48
13 0.48 0.048 0.432
13 0.432 0.16 0.272
4 0.544 0.16 0.384
8 0.704 0.16 0.544
8 0.544 0.016 0.528
13 0.272 0.016 0.256
8 0.528 0.048 0.48
4 0.384 0.048 0.336
11 0.8 0.048 0.752
13 0.256 0.048 0.208
5 0.8 0.048 0.752
12 0.8 0.048 0.752
29 0.8 0.048 0.752
33 0.8 0.048 0.752
12 0.8 0.048 0.752
15 0.8 0.048 0.752
31 0.8 0.048 0.752
10 0.8 0.048 0.752
20 0.8 0.048 0.752
37 0.8 0.048 0.752
3 0.8 0.048 0.752
26 0.8 0.048 0.752
26 0.752 0.048 0.704
37 0.752 0.048 0.704
37 0.704 0.16 0.544
3 0.752 0.16 0.592
26 0.704 0.16 0.544
26 0.544 0.016 0.528
37 0.544 0.016 0.528
26 0.528 0.048 0.48
37 0.528 0.048 0.48
1 0.8 0.048 0.752
25 0.8 0.048 0.752
39 0.8 0.048 0.752
25 0.752 0.048 0.704
1 0.752 0.048 0.704
39 0.752 0.048 0.704
35 0.8 0.048 0.752
12 0.8 0.048 0.752
15 0.8 0.048 0.752
36 0.8 0.048 0.752
20 0.8 0.048 0.752
31 0.8 0.048 0.752
11 0.8 0.048 0.752
8 0.624845 0.048 0.576845
9 0.8 0.048 0.752
23 0.8 0.048 0.752
15 0.8 0.048 0.752
12 0.8 0.048 0.752
32 0.8 0.048 0.752
7 0.8 0.048 0.752
2 0.8 0.048 0.752
14 0.8 0.048 0.752
2 0.752 0.048 0.704
40 0.8 0.048 0.752
40 0.752 0.048 0.704
2 0.704 0.096 0.608
2 0.608 0.16 0.448
2 0.448 0.016 0.432
12 0.752 0.048 0.704
15 0.8 0.048 0.752
17 0.8 0.048 0.752
21 0.8 0.048 0.752
30 0.8 0.048 0.752
2 0.50485 0.048 0.45685
40 0.704 0.048 0.656
6 0.8 0.048 0.752
18 0.8 0.048 0.752
8 0.8 0.048 0.752
4 0.712809 0.048 0.664809
13 0.581129 0.048 0.533129
2 0.53387 0.048 0.48587
36 0.8 0.048 0.752
40 0.730192 0.048 0.682192
27 0.8 0.048 0.752
23 0.8 0.048 0.752
36 0.8 0.048 0.752
31 0.8 0.048 0.752
10 0.8 0.048 0.752
20 0.8 0.048 0.752
26 0.8 0.048 0.752
37 0.8 0.048 0.752
29 0.8 0.048 0.752
3 0.8 0.048 0.752
3 0.752 0.048 0.704
5 0.8 0.048 0.752
33 0.8 0.048 0.752
29 0.752 0.048 0.704
29 0.704 0.16 0.544
3 0.704 0.16 0.544
3 0.544 0.016 0.528
29 0.544 0.016 0.528
3 0.528 0.048 0.48
5 0.752 0.048 0.704
29 0.528 0.048 0.48
33 0.752 0.048 0.704
37 0.752 0.048 0.704
5 0.704 0.16 0.544
33 0.704 0.16 0.544
5 0.544 0.048 0.496
3 0.48 0.048 0.432
29 0.48 0.048 0.432
33 0.623082 0.048 0.575082
1 0.8 0.048 0.752
25 0.8 0.048 0.752
39 0.8 0.048 0.752
25 0.752 0.048 0.704
1 0.752 0.048 0.704
39 0.752 0.048 0.704
28 0.8 0.048 0.752
30 0.8 0.048 0.752
17 0.8 0.048 0.752
21 0.8 0.048 0.752
35 0.8 0.048 0.752
27 0.8 0.048 0.752
36 0.8 0.048 0.752
36 0.752 0.048 0.704
36 0.704 0.048 0.656
36 0.656 0.16 0.496
36 0.496 0.016 0.48
20 0.8 0.048 0.752
24 0.8 0.048 0.752
24 0.752 0.048 0.704
31 0.8 0.048 0.752
20 0.752 0.048 0.704
20 0.704 0.16 0.544
24 0.704 0.16 0.544
24 0.544 0.016 0.528
20 0.544 0.016 0.528
24 0.528 0.048 0.48
4 0.8 0.048 0.752
13 0.761438 0.048 0.713438
13 0.713438 0.048 0.665438
20 0.528 0.048 0.48
24 0.48 0.048 0.432
24 0.432 0.16 0.272
31 0.752 0.16 0.592
4 0.752 0.16 0.592
13 0.665438 0.16 0.505438
13 0.505438 0.016 0.489438
24 0.272 0.016 0.256
13 0.489438 0.048 0.441438
4 0.592 0.048 0.544
8 0.8 0.048 0.752
24 0.256 0.048 0.208
11 0.8 0.048 0.752
9 0.8 0.048 0.752
23 0.8 0.048 0.752
15 0.8 0.048 0.752
12 0.8 0.048 0.752
32 0.8 0.048 0.752
7 0.8 0.048 0.752
23 0.752 0.048 0.704
27 0.8 0.048 0.752
14 0.8 0.048 0.752
12 0.752 0.048 0.704
15 0.8 0.048 0.752
17 0.8 0.048 0.752
21 0.8 0.048 0.752
30 0.8 0.048 0.752
9 0.8 0.048 0.752
23 0.778177 0.048 0.730177
27 0.8 0.048 0.752
6 0.8 0.048 0.752
18 0.8 0.048 0.752
8 0.8 0.048 0.752
13 0.586567 0.048 0.538567
9 0.8 0.048 0.752
23 0.8 0.048 0.752
28 0.8 0.048 0.752
27 0.8 0.048 0.752
23 0.8 0.048 0.752
9 0.8 0.048 0.752
28 0.8 0.048 0.752
38 0.8 0.048 0.752
31 0.8 0.048 0.752
10 0.8 0.048 0.752
20 0.775361 0.048 0.727361
20 0.727361 0.048 0.679361
31 0.752 0.048 0.704
31 0.704 0.16 0.544
20 0.679361 0.16 0.519361
20 0.519361 0.016 0.503361
31 0.544 0.016 0.528
20 0.503361 0.048 0.455361
24 0.438287 0.048 0.390287
31 0.528 0.048 0.48
26 0.8 0.048 0.752
37 0.8 0.048 0.752
3 0.8 0.048 0.752
5 0.8 0.048 0.752
29 0.8 0.048 0.752
33 0.8 0.048 0.752
37 0.752 0.048 0.704
5 0.752 0.048 0.704
3 0.752 0.048 0.704
29 0.752 0.048 0.704
33 0.8 0.048 0.752
1 0.8 0.048 0.752
25 0.8 0.048 0.752
39 0.8 0.048 0.752
25 0.752 0.048 0.704
1 0.752 0.048 0.704
39 0.752 0.048 0.704
28 0.8 0.048 0.752
9 0.8 0.048 0.752
28 0.752 0.048 0.704
28 0.704 0.16 0.544
28 0.544 0.016 0.528
30 0.8 0.048 0.752
17 0.8 0.048 0.752
21 0.8 0.048 0.752
35 0.8 0.048 0.752
28 0.528 0.048 0.48
38 0.8 0.048 0.752
13 0.75823 0.048 0.71023
4 0.8 0.048 0.752
8 0.8 0.048 0.752
24 0.543519 0.048 0.495519
11 0.8 0.048 0.752
9 0.8 0.048 0.752
23 0.8 0.048 0.752
23 0.752 0.048 0.704
28 0.557485 0.048 0.509485
9 0.752 0.048 0.704
9 0.704 0.16 0.544
23 0.704 0.16 0.544
23 0.544 0.016 0.528
9 0.544 0.016 0.528
23 0.528 0.048 0.48
9 0.528 0.048 0.48
27 0.8 0.048 0.752
28 0.509485 0.16 0.349485
15 0.8 0.048 0.752
12 0.8 0.048 0.752
32 0.8 0.048 0.752
7 0.8 0.048 0.752
30 0.8 0.048 0.752
38 0.8 0.048 0.752
14 0.8 0.048 0.752
12 0.752 0.048 0.704
15 0.8 0.048 0.752
17 0.8 0.048 0.752
21 0.8 0.048 0.752
30 0.8 0.048 0.752
17 0.752 0.048 0.704
21 0.752 0.048 0.704
30 0.752 0.048 0.704
6 0.8 0.048 0.752
18 0.8 0.048 0.752
33 0.8 0.048 0.752
3 0.8 0.048 0.752
5 0.8 0.048 0.752
29 0.8 0.048 0.752
8 0.8 0.048 0.752
4 0.8 0.048 0.752
13 0.8 0.048 0.752
17 0.781737 0.048 0.733737
21 0.778702 0.048 0.730702
30 0.777088 0.048 0.729088
22 0.8 0.048 0.752
38 0.8 0.048 0.752
27 0.8 0.048 0.752
23 0.699034 0.048 0.651034
16 0.8 0.048 0.752
17 0.8 0.048 0.752
20 0.8 0.048 0.752
24 0.717143 0.048 0.669143
24 0.669143 0.048 0.621143
20 0.752 0.048 0.704
20 0.704 0.16 0.544
24 0.621143 0.16 0.461143
26 0.8 0.048 0.752
37 0.8 0.048 0.752
3 0.8 0.048 0.752
5 0.8 0.048 0.752
29 0.8 0.048 0.752
33 0.8 0.048 0.752
37 0.752 0.048 0.704
5 0.752 0.048 0.704
3 0.752 0.048 0.704
29 0.752 0.048 0.704
33 0.8 0.048 0.752
1 0.8 0.048 0.752
25 0.8 0.048 0.752
39 0.8 0.048 0.752
25 0.752 0.048 0.704
1 0.752 0.048 0.704
39 0.752 0.048 0.704
30 0.8 0.048 0.752
17 0.8 0.048 0.752
21 0.8 0.048 0.752
35 0.8 0.048 0.752
34 0.8 0.048 0.752
19 0.8 0.048 0.752
16 0.8 0.048 0.752
13 0.8 0.048 0.752
4 0.8 0.048 0.752
8 0.8 0.048 0.752
11 0.8 0.048 0.752
23 0.8 0.048 0.752
9 0.8 0.048 0.752
27 0.8 0.048 0.752
15 0.8 0.048 0.752
12 0.8 0.048 0.752
32 0.8 0.048 0.752
7 0.8 0.048 0.752
16 0.8 0.048 0.752
14 0.8 0.048 0.752
18 0.8 0.048 0.752
12 0.752 0.048 0.704
15 0.8 0.048 0.752
17 0.8 0.048 0.752
21 0.8 0.048 0.752
21 0.752 0.048 0.704
30 0.8 0.048 0.752
17 0.752 0.048 0.704
17 0.704 0.16 0.544
21 0.704 0.16 0.544
21 0.544 0.016 0.528
17 0.544 0.016 0.528
21 0.528 0.048 0.48
17 0.528 0.048 0.48
30 0.752 0.048 0.704
30 0.704 0.16 0.544
19 0.8 0.048 0.752
34 0.8 0.048 0.752
6 0.8 0.048 0.752
18 0.8 0.048 0.752
33 0.8 0.048 0.752
3 0.8 0.048 0.752
5 0.8 0.048 0.752
29 0.8 0.048 0.752
37 0.8 0.048 0.752
37 0.752 0.048 0.704
33 0.752 0.048 0.704
33 0.704 0.16 0.544
3 0.752 0.16 0.592
5 0.752 0.16 0.592
29 0.752 0.16 0.592
37 0.704 0.16 0.544
37 0.544 0.016 0.528
33 0.544 0.016 0.528
37 0.528 0.048 0.48
3 0.592 0.048 0.544
26 0.8 0.048 0.752
33 0.528 0.048 0.48
40 0.8 0.048 0.752
2 0.8 0.048 0.752
16 0.8 0.048 0.752
8 0.8 0.048 0.752
4 0.8 0.048 0.752
13 0.8 0.048 0.752
19 0.8 0.048 0.752
34 0.8 0.048 0.752
22 0.8 0.048 0.752
38 0.8 0.048 0.752
31 0.8 0.048 0.752
10 0.8 0.048 0.752
19 0.752 0.048 0.704
34 0.752 0.048 0.704
19 0.704 0.048 0.656
19 0.656 0.16 0.496
19 0.496 0.016 0.48
27 0.8 0.048 0.752
23 0.8 0.048 0.752
6 0.8 0.048 0.752
19 0.559366 0.048 0.511366
26 0.8 0.048 0.752
37 0.629633 0.048 0.581633
3 0.691789 0.048 0.643789
5 0.663839 0.048 0.615839
29 0.737676 0.048 0.689676
33 0.558624 0.048 0.510624
37 0.581633 0.048 0.533633
5 0.615839 0.048 0.567839
3 0.643789 0.048 0.595789
29 0.689676 0.048 0.641676
33 0.582629 0.048 0.534629
1 0.8 0.048 0.752
25 0.8 0.048 0.752
39 0.8 0.048 0.752
25 0.752 0.048 0.704
1 0.752 0.048 0.704
39 0.752 0.048 0.704
30 0.77396 0.048 0.72596
17 0.702 0.048 0.654
21 0.700565 0.048 0.652565
35 0.8 0.048 0.752
34 0.779972 0.048 0.731972
19 0.589794 0.048 0.541794
6 0.8 0.048 0.752
18 0.8 0.048 0.752
4 0.8 0.048 0.752
8 0.8 0.048 0.752
13 0.8 0.048 0.752
24 0.8 0.048 0.752
13 0.752 0.048 0.704
4 0.752 0.048 0.704
8 0.752 0.048 0.704
24 0.752 0.048 0.704
11 0.8 0.048 0.752
23 0.8 0.048 0.752
9 0.8 0.048 0.752
27 0.8 0.048 0.752
15 0.8 0.048 0.752
12 0.8 0.048 0.752
32 0.8 0.048 0.752
7 0.8 0.048 0.752
6 0.8 0.048 0.752
14 0.8 0.048 0.752
18 0.8 0.048 0.752
14 0.752 0.048 0.704
14 0.704 0.048 0.656
14 0.656 0.16 0.496
14 0.496 0.016 0.48
12 0.752 0.048 0.704
15 0.8 0.048 0.752
21 0.795852 0.048 0.747852
17 0.8 0.048 0.752
30 0.8 0.048 0.752
14 0.558083 0.048 0.510083
18 0.8 0.048 0.752
6 0.8 0.048 0.752
18 0.752 0.048 0.704
37 0.765469 0.048 0.717469
3 0.8 0.048 0.752
26 0.8 0.048 0.752
33 0.76628 0.048 0.71828
40 0.8 0.048 0.752
2 0.8 0.048 0.752
16 0.8 0.048 0.752
2 0.8 0.048 0.752
40 0.752 0.048 0.704
18 0.774713 0.048 0.726713
6 0.752 0.048 0.704
14 0.582653 0.048 0.534653
8 0.8 0.048 0.752
4 0.8 0.048 0.752
13 0.8 0.048 0.752
14 0.534653 0.048 0.486653
39 0.8 0.048 0.752
1 0.8 0.048 0.752
25 0.8 0.048 0.752
22 0.8 0.048 0.752
38 0.8 0.048 0.752
31 0.8 0.048 0.752
10 0.8 0.048 0.752
27 0.8 0.048 0.752
9 0.8 0.048 0.752
23 0.8 0.048 0.752
26 0.8 0.048 0.752
37 0.8 0.048 0.752
3 0.8 0.048 0.752
5 0.8 0.048 0.752
29 0.8 0.048 0.752
33 0.788994 0.048 0.740994
37 0.752 0.048 0.704
5 0.752 0.048 0.704
3 0.752 0.048 0.704
29 0.752 0.048 0.704
33 0.8 0.048 0.752
1 0.8 0.048 0.752
25 0.8 0.048 0.752
39 0.8 0.048 0.752
25 0.752 0.048 0.704
1 0.752 0.048 0.704
39 0.752 0.048 0.704
30 0.8 0.048 0.752
17 0.8 0.048 0.752
21 0.8 0.048 0.752
35 0.8 0.048 0.752
34 0.8 0.048 0.752
19 0.8 0.048 0.752
4 0.8 0.048 0.752
8 0.8 0.048 0.752
13 0.8 0.048 0.752
24 0.8 0.048 0.752
13 0.752 0.048 0.704
4 0.752 0.048 0.704
8 0.752 0.048 0.704
24 0.752 0.048 0.704
11 0.8 0.048 0.752
8 0.704 0.048 0.656
23 0.8 0.048 0.752
9 0.8 0.048 0.752
27 0.8 0.048 0.752
15 0.8 0.048 0.752
12 0.8 0.048 0.752
32 0.8 0.048 0.752
7 0.8 0.048 0.752
12 0.752 0.048 0.704
15 0.8 0.048 0.752
21 0.8 0.048 0.752
17 0.8 0.048 0.752
30 0.8 0.048 0.752
6 0.8 0.048 0.752
18 0.8 0.048 0.752
37 0.8 0.048 0.752
3 0.8 0.048 0.752
26 0.8 0.048 0.752
29 0.8 0.048 0.752
33 0.8 0.048 0.752
40 0.8 0.048 0.752
2 0.8 0.048 0.752
16 0.8 0.048 0.752
2 0.8 0.048 0.752
40 0.752 0.048 0.704
18 0.8 0.048 0.752
6 0.752 0.048 0.704
8 0.8 0.048 0.752
4 0.8 0.048 0.752
11 0.8 0.048 0.752
13 0.8 0.048 0.752
11 0.752 0.048 0.704
39 0.8 0.048 0.752
1 0.8 0.048 0.752
25 0.8 0.048 0.752
22 0.8 0.048 0.752
38 0.8 0.048 0.752
31 0.8 0.048 0.752
10 0.8 0.048 0.752
27 0.8 0.048 0.752
23 0.8 0.048 0.752
8 0.8 0.048 0.752
11 0.780788 0.048 0.732788
13 0.8 0.048 0.752
26 0.8 0.048 0.752
37 0.8 0.048 0.752
3 0.8 0.048 0.752
5 0.8 0.048 0.752
29 0.8 0.048 0.752
33 0.8 0.048 0.752
37 0.752 0.048 0.704
5 0.752 0.048 0.704
3 0.752 0.048 0.704
29 0.752 0.048 0.704
33 0.8 0.048 0.752
1 0.8 0.048 0.752
25 0.8 0.048 0.752
39 0.8 0.048 0.752
25 0.752 0.048 0.704
1 0.752 0.048 0.704
39 0.752 0.048 0.704
30 0.8 0.048 0.752
17 0.8 0.048 0.752
21 0.8 0.048 0.752
35 0.8 0.048 0.752
34 0.8 0.048 0.752
19 0.8 0.048 0.752
4 0.8 0.048 0.752
8 0.8 0.048 0.752
11 0.8 0.048 0.752
13 0.8 0.048 0.752
4 0.8 0.048 0.752
8 0.752 0.048 0.704
13 0.8 0.048 0.752
24 0.8 0.048 0.752
24 0.752 0.048 0.704
4 0.752 0.096 0.656
4 0.656 0.16 0.496
4 0.496 0.016 0.48
13 0.752 0.048 0.704
4 0.48 0.048 0.432
8 0.704 0.048 0.656
13 0.704 0.048 0.656
13 0.656 0.16 0.496
13 0.496 0.016 0.48
11 0.8 0.048 0.752
8 0.656 0.048 0.608
23 0.8 0.048 0.752
9 0.8 0.048 0.752
27 0.8 0.048 0.752
15 0.8 0.048 0.752
12 0.8 0.048 0.752
32 0.8 0.048 0.752
7 0.8 0.048 0.752
4 0.432 0.048 0.384
8 0.683276 0.048 0.635276
13 0.48 0.048 0.432
24 0.704 0.048 0.656
12 0.752 0.048 0.704
15 0.8 0.048 0.752
21 0.8 0.048 0.752
17 0.8 0.048 0.752
30 0.8 0.048 0.752
29 0.8 0.048 0.752
3 0.8 0.048 0.752
5 0.8 0.048 0.752
33 0.8 0.048 0.752
37 0.8 0.048 0.752
4 0.457879 0.048 0.409879
20 0.8 0.048 0.752
24 0.73573 0.048 0.68773
6 0.8 0.048 0.752
18 0.8 0.048 0.752
37 0.8 0.048 0.752
3 0.8 0.048 0.752
26 0.8 0.048 0.752
29 0.8 0.048 0.752
33 0.8 0.048 0.752
40 0.8 0.048 0.752
2 0.8 0.048 0.752
16 0.8 0.048 0.752
2 0.8 0.048 0.752
40 0.752 0.048 0.704
18 0.8 0.048 0.752
6 0.752 0.048 0.704
8 0.790616 0.048 0.742616
4 0.483872 0.048 0.435872
11 0.8 0.048 0.752
13 0.580082 0.048 0.532082
10 0.8 0.048 0.752
20 0.8 0.048 0.752
31 0.8 0.048 0.752
39 0.8 0.048 0.752
1 0.8 0.048 0.752
25 0.8 0.048 0.752
22 0.8 0.048 0.752
38 0.8 0.048 0.752
31 0.752 0.048 0.704
10 0.752 0.048 0.704
20 0.752 0.048 0.704
31 0.704 0.048 0.656
31 0.656 0.16 0.496
31 0.496 0.016 0.48
27 0.8 0.048 0.752
23 0.8 0.048 0.752
10 0.780413 0.048 0.732413
20 0.7767 0.048 0.7287
31 0.551415 0.048 0.503415
26 0.8 0.048 0.752
37 0.8 0.048 0.752
3 0.8 0.048 0.752
5 0.8 0.048 0.752
29 0.8 0.048 0.752
33 0.8 0.048 0.752
37 0.752 0.048 0.704
5 0.752 0.048 0.704
3 0.752 0.048 0.704
29 0.752 0.048 0.704
33 0.8 0.048 0.752
1 0.8 0.048 0.752
25 0.8 0.048 0.752
39 0.8 0.048 0.752
25 0.752 0.048 0.704
1 0.752 0.048 0.704
39 0.752 0.048 0.704
30 0.8 0.048 0.752
17 0.8 0.048 0.752
21 0.8 0.048 0.752
35 0.8 0.048 0.752
34 0.8 0.048 0.752
19 0.8 0.048 0.752
10 0.8 0.048 0.752
22 0.8 0.048 0.752
11 0.8 0.048 0.752
8 0.8 0.048 0.752
23 0.8 0.048 0.752
27 0.8 0.048 0.752
15 0.8 0.048 0.752
12 0.8 0.048 0.752
10 0.8 0.048 0.752
31 0.656184 0.048 0.608184
31 0.608184 0.048 0.560184
10 0.752 0.048 0.704
10 0.704 0.16 0.544
31 0.560184 0.16 0.400184
32 0.8 0.048 0.752
7 0.8 0.048 0.752
22 0.8 0.048 0.752
12 0.752 0.048 0.704
15 0.8 0.048 0.752
21 0.8 0.048 0.752
17 0.8 0.048 0.752
30 0.8 0.048 0.752
29 0.8 0.048 0.752
3 0.8 0.048 0.752
5 0.8 0.048 0.752
33 0.8 0.048 0.752
37 0.8 0.048 0.752
22 0.8 0.048 0.752
6 0.8 0.048 0.752
18 0.8 0.048 0.752
37 0.8 0.048 0.752
3 0.8 0.048 0.752
26 0.8 0.048 0.752
29 0.8 0.048 0.752
33 0.8 0.048 0.752
40 0.8 0.048 0.752
2 0.8 0.048 0.752
16 0.8 0.048 0.752
7 0.8 0.048 0.752
32 0.8 0.048 0.752
2 0.8 0.048 0.752
40 0.752 0.048 0.704
18 0.8 0.048 0.752
6 0.752 0.048 0.704
14 0.8 0.048 0.752
8 0.8 0.048 0.752
4 0.8 0.048 0.752
13 0.8 0.048 0.752
39 0.8 0.048 0.752
1 0.8 0.048 0.752
25 0.8 0.048 0.752
22 0.8 0.048 0.752
38 0.8 0.048 0.752
27 0.8 0.048 0.752
23 0.8 0.048 0.752
26 0.8 0.048 0.752
37 0.8 0.048 0.752
3 0.8 0.048 0.752
5 0.8 0.048 0.752
29 0.8 0.048 0.752
33 0.8 0.048 0.752
37 0.752 0.048 0.704
5 0.752 0.048 0.704
3 0.752 0.048 0.704
29 0.752 0.048 0.704
33 0.8 0.048 0.752
1 0.8 0.048 0.752
25 0.8 0.048 0.752
39 0.8 0.048 0.752
25 0.752 0.048 0.704
1 0.752 0.048 0.704
39 0.752 0.048 0.704
30 0.8 0.048 0.752
17 0.8 0.048 0.752
21 0.8 0.048 0.752
35 0.8 0.048 0.752
34 0.8 0.048 0.752
19 0.8 0.048 0.752
11 0.8 0.048 0.752
8 0.8 0.048 0.752
23 0.8 0.048 0.752
27 0.8 0.048 0.752
15 0.8 0.048 0.752
12 0.8 0.048 0.752
32 0.8 0.048 0.752
7 0.8 0.048 0.752
1 0.783166 0.048 0.735166
25 0.8 0.048 0.752
19 0.8 0.048 0.752
34 0.8 0.048 0.752
12 0.752 0.048 0.704
15 0.8 0.048 0.752
21 0.8 0.048 0.752
17 0.8 0.048 0.752
30 0.8 0.048 0.752
29 0.8 0.048 0.752
3 0.8 0.048 0.752
5 0.8 0.048 0.752
33 0.8 0.048 0.752
33 0.752 0.048 0.704
3 0.8 0.048 0.752
5 0.752 0.048 0.704
29 0.752 0.048 0.704
1 0.8 0.048 0.752
25 0.8 0.048 0.752
39 0.8 0.048 0.752
6 0.8 0.048 0.752
18 0.8 0.048 0.752
37 0.8 0.048 0.752
3 0.752 0.048 0.704
26 0.8 0.048 0.752
40 0.8 0.048 0.752
2 0.8 0.048 0.752
16 0.8 0.048 0.752
7 0.8 0.048 0.752
32 0.8 0.048 0.752
2 0.8 0.048 0.752
40 0.752 0.048 0.704
18 0.8 0.048 0.752
6 0.752 0.048 0.704
8 0.8 0.048 0.752
4 0.8 0.048 0.752
11 0.8 0.048 0.752
13 0.8 0.048 0.752
1 0.8 0.048 0.752
25 0.8 0.048 0.752
35 0.8 0.048 0.752
39 0.8 0.048 0.752
39 0.752 0.048 0.704
1 0.752 0.048 0.704
25 0.752 0.048 0.704
39 0.704 0.048 0.656
39 0.656 0.16 0.496
39 0.496 0.016 0.48
22 0.8 0.048 0.752
38 0.8 0.048 0.752
27 0.8 0.048 0.752
23 0.8 0.048 0.752
35 0.8 0.048 0.752
26 0.8 0.048 0.752
37 0.8 0.048 0.752
3 0.8 0.048 0.752
5 0.8 0.048 0.752
29 0.8 0.048 0.752
33 0.8 0.048 0.752
37 0.752 0.048 0.704
5 0.752 0.048 0.704
3 0.752 0.048 0.704
29 0.752 0.048 0.704
33 0.8 0.048 0.752
1 0.8 0.048 0.752
25 0.782042 0.048 0.734042
39 0.627411 0.048 0.579411
25 0.734042 0.048 0.686042
1 0.752 0.048 0.704
39 0.579411 0.048 0.531411
30 0.8 0.048 0.752
21 0.8 0.048 0.752
35 0.8 0.048 0.752
35 0.752 0.048 0.704
35 0.704 0.16 0.544
35 0.544 0.016 0.528
34 0.8 0.048 0.752
19 0.8 0.048 0.752
7 0.8 0.048 0.752
32 0.8 0.048 0.752
35 0.528 0.048 0.48
11 0.8 0.048 0.752
8 0.8 0.048 0.752
9 0.8 0.048 0.752
28 0.8 0.048 0.752
23 0.8 0.048 0.752
27 0.8 0.048 0.752
15 0.8 0.048 0.752
12 0.8 0.048 0.752
32 0.8 0.048 0.752
7 0.8 0.048 0.752
32 0.752 0.048 0.704
32 0.704 0.16 0.544
32 0.544 0.016 0.528
7 0.752 0.048 0.704
32 0.528 0.048 0.48
19 0.8 0.048 0.752
34 0.8 0.048 0.752
12 0.752 0.048 0.704
15 0.8 0.048 0.752
21 0.8 0.048 0.752
17 0.8 0.048 0.752
30 0.8 0.048 0.752
29 0.8 0.048 0.752
3 0.8 0.048 0.752
5 0.8 0.048 0.752
33 0.8 0.048 0.752
33 0.752 0.048 0.704
3 0.8 0.048 0.752
5 0.752 0.048 0.704
29 0.752 0.048 0.704
7 0.775797 0.048 0.727797
26 0.8 0.048 0.752
32 0.550008 0.048 0.502008
6 0.8 0.048 0.752
18 0.8 0.048 0.752
37 0.8 0.048 0.752
3 0.752 0.048 0.704
26 0.752 0.048 0.704
40 0.8 0.048 0.752
2 0.8 0.048 0.752
16 0.8 0.048 0.752
24 0.8 0.048 0.752
4 0.8 0.048 0.752
13 0.8 0.048 0.752
13 0.752 0.048 0.704
20 0.8 0.048 0.752
24 0.752 0.048 0.704
24 0.704 0.16 0.544
4 0.752 0.16 0.592
13 0.704 0.16 0.544
13 0.544 0.016 0.528
24 0.544 0.016 0.528
13 0.528 0.048 0.48
4 0.592 0.048 0.544
8 0.8 0.048 0.752
24 0.528 0.048 0.48
20 0.752 0.16 0.592
7 0.727797 0.048 0.679797
32 0.502008 0.048 0.454008
2 0.8 0.048 0.752
40 0.752 0.048 0.704
18 0.8 0.048 0.752
6 0.752 0.048 0.704
8 0.8 0.048 0.752
4 0.544 0.048 0.496
11 0.8 0.048 0.752
13 0.48 0.048 0.432
3 0.780004 0.048 0.732004
26 0.78321 0.048 0.73521
37 0.752 0.048 0.704
22 0.8 0.048 0.752
38 0.8 0.048 0.752
27 0.8 0.048 0.752
23 0.8 0.048 0.752
36 0.8 0.048 0.752
3 0.8 0.048 0.752
5 0.8 0.048 0.752
26 0.8 0.048 0.752
29 0.8 0.048 0.752
33 0.8 0.048 0.752
37 0.782105 0.048 0.734105
26 0.752 0.048 0.704
37 0.8 0.048 0.752
3 0.752 0.048 0.704
5 0.752 0.048 0.704
29 0.8 0.048 0.752
33 0.752 0.048 0.704
37 0.752 0.048 0.704
3 0.704 0.048 0.656
3 0.656 0.16 0.496
3 0.496 0.016 0.48
5 0.704 0.048 0.656
3 0.48 0.048 0.432
29 0.752 0.048 0.704
33 0.774157 0.048 0.726157
5 0.656 0.048 0.608
5 0.608 0.16 0.448
5 0.448 0.016 0.432
1 0.8 0.048 0.752
25 0.8 0.048 0.752
39 0.8 0.048 0.752
25 0.752 0.048 0.704
1 0.752 0.048 0.704
39 0.752 0.048 0.704
30 0.8 0.048 0.752
17 0.8 0.048 0.752
21 0.8 0.048 0.752
34 0.8 0.048 0.752
19 0.8 0.048 0.752
3 0.50816 0.048 0.46016
5 0.503037 0.048 0.455037
29 0.704 0.048 0.656
33 0.726157 0.048 0.678157
11 0.8 0.048 0.752
8 0.8 0.048 0.752
9 0.8 0.048 0.752
28 0.8 0.048 0.752
23 0.8 0.048 0.752
27 0.8 0.048 0.752
15 0.8 0.048 0.752
12 0.8 0.048 0.752
5 0.525466 0.048 0.477466
12 0.752 0.048 0.704
15 0.752 0.048 0.704
29 0.733519 0.048 0.685519
33 0.750899 0.048 0.702899
19 0.8 0.048 0.752
34 0.8 0.048 0.752
12 0.704 0.048 0.656
15 0.774773 0.048 0.726773
12 0.656 0.048 0.608
12 0.608 0.16 0.448
12 0.448 0.016 0.432
21 0.8 0.048 0.752
17 0.8 0.048 0.752
30 0.8 0.048 0.752
29 0.755847 0.048 0.707847
3 0.537568 0.048 0.489568
5 0.556987 0.048 0.508987
33 0.774026 0.048 0.726026
33 0.726026 0.048 0.678026
3 0.566391 0.048 0.518391
3 0.518391 0.048 0.470391
5 0.508987 0.048 0.460987
29 0.707847 0.048 0.659847
33 0.678026 0.048 0.630026
33 0.630026 0.16 0.470026
3 0.470391 0.16 0.310391
5 0.460987 0.16 0.300987
29 0.659847 0.16 0.499847
12 0.505055 0.048 0.457055
15 0.726773 0.048 0.678773
6 0.8 0.048 0.752
18 0.8 0.048 0.752
37 0.8 0.048 0.752
3 0.310391 0.048 0.262391
26 0.8 0.048 0.752
40 0.8 0.048 0.752
2 0.8 0.048 0.752
16 0.8 0.048 0.752
13 0.8 0.048 0.752
4 0.8 0.048 0.752
8 0.8 0.048 0.752
24 0.8 0.048 0.752
7 0.8 0.048 0.752
32 0.8 0.048 0.752
2 0.8 0.048 0.752
40 0.752 0.048 0.704
18 0.8 0.048 0.752
6 0.752 0.048 0.704
8 0.8 0.048 0.752
4 0.752 0.048 0.704
11 0.8 0.048 0.752
13 0.752 0.048 0.704
12 0.535205 0.048 0.487205
15 0.753402 0.048 0.705402
22 0.8 0.048 0.752
38 0.8 0.048 0.752
27 0.8 0.048 0.752
23 0.8 0.048 0.752
36 0.8 0.048 0.752
2 0.8 0.048 0.752
40 0.776765 0.048 0.728765
26 0.8 0.048 0.752
3 0.412595 0.048 0.364595
37 0.8 0.048 0.752
1 0.8 0.048 0.752
25 0.8 0.048 0.752
39 0.8 0.048 0.752
25 0.752 0.048 0.704
1 0.752 0.048 0.704
39 0.752 0.048 0.704
30 0.8 0.048 0.752
21 0.8 0.048 0.752
34 0.8 0.048 0.752
19 0.8 0.048 0.752
2 0.8 0.048 0.752
40 0.8 0.048 0.752
11 0.8 0.048 0.752
8 0.8 0.048 0.752
9 0.8 0.048 0.752
28 0.8 0.048 0.752
23 0.8 0.048 0.752
27 0.8 0.048 0.752
15 0.8 0.048 0.752
12 0.718146 0.048 0.670146
36 0.8 0.048 0.752
40 0.8 0.048 0.752
17 0.8 0.048 0.752
21 0.8 0.048 0.752
19 0.8 0.048 0.752
34 0.8 0.048 0.752
21 0.8 0.048 0.752
17 0.752 0.048 0.704
30 0.8 0.048 0.752
29 0.8 0.048 0.752
3 0.51211 0.048 0.46411
5 0.676065 0.048 0.628065
33 0.8 0.048 0.752
36 0.8 0.048 0.752
6 0.8 0.048 0.752
18 0.8 0.048 0.752
37 0.8 0.048 0.752
3 0.54212 0.048 0.49412
26 0.8 0.048 0.752
33 0.8 0.048 0.752
40 0.8 0.048 0.752
2 0.8 0.048 0.752
16 0.8 0.048 0.752
17 0.780139 0.048 0.732139
13 0.8 0.048 0.752
4 0.8 0.048 0.752
8 0.8 0.048 0.752
24 0.8 0.048 0.752
7 0.8 0.048 0.752
32 0.8 0.048 0.752
2 0.8 0.048 0.752
40 0.752 0.048 0.704
18 0.8 0.048 0.752
6 0.752 0.048 0.704
14 0.8 0.048 0.752
8 0.8 0.048 0.752
4 0.752 0.048 0.704
11 0.8 0.048 0.752
13 0.752 0.048 0.704
23 0.8 0.048 0.752
27 0.8 0.048 0.752
22 0.8 0.048 0.752
38 0.8 0.048 0.752
28 0.8 0.048 0.752
9 0.8 0.048 0.752
27 0.8 0.048 0.752
23 0.8 0.048 0.752
27 0.752 0.048 0.704
27 0.704 0.16 0.544
27 0.544 0.016 0.528
36 0.8 0.048 0.752
9 0.8 0.048 0.752
23 0.752 0.048 0.704
27 0.528 0.048 0.48
26 0.8 0.048 0.752
37 0.8 0.048 0.752
1 0.8 0.048 0.752
25 0.8 0.048 0.752
39 0.8 0.048 0.752
25 0.752 0.048 0.704
1 0.752 0.048 0.704
39 0.752 0.048 0.704
30 0.8 0.048 0.752
21 0.8 0.048 0.752
34 0.8 0.048 0.752
19 0.8 0.048 0.752
9 0.8 0.048 0.752
23 0.775911 0.048 0.727911
28 0.8 0.048 0.752
11 0.8 0.048 0.752
9 0.8 0.048 0.752
28 0.8 0.048 0.752
9 0.752 0.048 0.704
9 0.704 0.16 0.544
9 0.544 0.016 0.528
23 0.8 0.048 0.752
27 0.554321 0.048 0.506321
27 0.506321 0.048 0.458321
23 0.752 0.048 0.704
23 0.704 0.16 0.544
27 0.458321 0.16 0.298321
15 0.8 0.048 0.752
12 0.8 0.048 0.752
9 0.528 0.048 0.48
28 0.752 0.048 0.704
17 0.8 0.048 0.752
21 0.8 0.048 0.752
19 0.8 0.048 0.752
34 0.8 0.048 0.752
21 0.8 0.048 0.752
17 0.752 0.048 0.704
30 0.8 0.048 0.752
29 0.8 0.048 0.752
3 0.792528 0.048 0.744528
3 0.744528 0.048 0.696528
5 0.8 0.048 0.752
33 0.8 0.048 0.752
29 0.752 0.048 0.704
29 0.704 0.16 0.544
3 0.696528 0.16 0.536528
3 0.536528 0.016 0.520528
29 0.544 0.016 0.528
3 0.520528 0.048 0.472528
5 0.752 0.048 0.704
29 0.528 0.048 0.48
33 0.752 0.048 0.704
37 0.8 0.048 0.752
5 0.704 0.16 0.544
33 0.704 0.16 0.544
28 0.774222 0.048 0.726222
38 0.8 0.048 0.752
6 0.8 0.048 0.752
18 0.8 0.048 0.752
37 0.8 0.048 0.752
3 0.546975 0.048 0.498975
26 0.8 0.048 0.752
40 0.8 0.048 0.752
2 0.8 0.048 0.752
16 0.8 0.048 0.752
17 0.778638 0.048 0.730638
13 0.8 0.048 0.752
4 0.8 0.048 0.752
8 0.8 0.048 0.752
24 0.8 0.048 0.752
7 0.8 0.048 0.752
32 0.8 0.048 0.752
2 0.8 0.048 0.752
40 0.752 0.048 0.704
18 0.8 0.048 0.752
6 0.752 0.048 0.704
14 0.8 0.048 0.752
8 0.8 0.048 0.752
11 0.8 0.048 0.752
13 0.752 0.048 0.704
38 0.8 0.048 0.752
22 0.8 0.048 0.752
38 0.752 0.048 0.704
38 0.704 0.048 0.656
38 0.656 0.16 0.496
38 0.496 0.016 0.48
28 0.8 0.048 0.752
9 0.627165 0.048 0.579165
9 0.579165 0.048 0.531165
28 0.752 0.048 0.704
28 0.704 0.16 0.544
9 0.531165 0.16 0.371165
36 0.8 0.048 0.752
21 0.8 0.048 0.752
30 0.8 0.048 0.752
38 0.558356 0.048 0.510356
26 0.8 0.048 0.752
37 0.8 0.048 0.752
1 0.8 0.048 0.752
25 0.8 0.048 0.752
39 0.8 0.048 0.752
25 0.752 0.048 0.704
1 0.752 0.048 0.704
39 0.752 0.048 0.704
30 0.8 0.048 0.752
21 0.8 0.048 0.752
30 0.752 0.048 0.704
30 0.704 0.16 0.544
30 0.544 0.016 0.528
34 0.8 0.048 0.752
19 0.8 0.048 0.752
17 0.8 0.048 0.752
21 0.752 0.048 0.704
30 0.528 0.048 0.48
31 0.8 0.048 0.752
10 0.8 0.048 0.752
20 0.8 0.048 0.752
11 0.8 0.048 0.752
8 0.8 0.048 0.752
15 0.8 0.048 0.752
12 0.8 0.048 0.752
16 0.8 0.048 0.752
17 0.8 0.048 0.752
21 0.776319 0.048 0.728319
17 0.8 0.048 0.752
16 0.8 0.048 0.752
21 0.728319 0.048 0.680319
17 0.752 0.048 0.704
17 0.704 0.16 0.544
17 0.544 0.016 0.528
19 0.8 0.048 0.752
34 0.8 0.048 0.752
21 0.755799 0.048 0.707799
17 0.528 0.048 0.48
30 0.630661 0.048 0.582661
30 0.582661 0.048 0.534661
21 0.707799 0.048 0.659799
21 0.659799 0.16 0.499799
30 0.534661 0.16 0.374661
3 0.8 0.048 0.752
5 0.8 0.048 0.752
29 0.8 0.048 0.752
33 0.8 0.048 0.752
37 0.8 0.048 0.752
16 0.752 0.048 0.704
17 0.48 0.048 0.432
6 0.8 0.048 0.752
18 0.8 0.048 0.752
37 0.8 0.048 0.752
3 0.8 0.048 0.752
26 0.8 0.048 0.752
40 0.8 0.048 0.752
2 0.8 0.048 0.752
16 0.777899 0.048 0.729899
17 0.506414 0.048 0.458414
16 0.729899 0.048 0.681899
16 0.681899 0.16 0.521899
16 0.521899 0.016 0.505899
13 0.8 0.048 0.752
4 0.8 0.048 0.752
8 0.8 0.048 0.752
7 0.8 0.048 0.752
32 0.8 0.048 0.752
2 0.8 0.048 0.752
40 0.752 0.048 0.704
18 0.8 0.048 0.752
6 0.752 0.048 0.704
14 0.8 0.048 0.752
8 0.8 0.048 0.752
4 0.752 0.048 0.704
11 0.8 0.048 0.752
13 0.752 0.048 0.704
16 0.505899 0.048 0.457899
22 0.8 0.048 0.752
36 0.8 0.048 0.752
34 0.8 0.048 0.752
26 0.8 0.048 0.752
37 0.8 0.048 0.752
1 0.8 0.048 0.752
25 0.8 0.048 0.752
39 0.8 0.048 0.752
25 0.752 0.048 0.704
1 0.752 0.048 0.704
39 0.752 0.048 0.704
34 0.752 0.048 0.704
19 0.8 0.048 0.752
34 0.704 0.048 0.656
34 0.656 0.16 0.496
34 0.496 0.016 0.48
19 0.752 0.048 0.704
34 0.555539 0.048 0.507539
31 0.8 0.048 0.752
10 0.8 0.048 0.752
20 0.8 0.048 0.752
11 0.8 0.048 0.752
8 0.8 0.048 0.752
15 0.8 0.048 0.752
12 0.8 0.048 0.752
19 0.779951 0.048 0.731951
34 0.586581 0.048 0.538581
19 0.731951 0.048 0.683951
34 0.538581 0.048 0.490581
19 0.683951 0.048 0.635951
19 0.635951 0.16 0.475951
19 0.475951 0.016 0.459951
3 0.8 0.048 0.752
5 0.8 0.048 0.752
29 0.8 0.048 0.752
33 0.8 0.048 0.752
37 0.8 0.048 0.752
6 0.8 0.048 0.752
18 0.8 0.048 0.752
19 0.53334 0.048 0.48534
6 0.8 0.048 0.752
18 0.752 0.048 0.704
6 0.752 0.048 0.704
6 0.704 0.16 0.544
6 0.544 0.016 0.528
37 0.8 0.048 0.752
3 0.8 0.048 0.752
26 0.8 0.048 0.752
40 0.8 0.048 0.752
2 0.8 0.048 0.752
13 0.8 0.048 0.752
4 0.8 0.048 0.752
8 0.8 0.048 0.752
7 0.8 0.048 0.752
32 0.8 0.048 0.752
2 0.8 0.048 0.752
40 0.752 0.048 0.704
18 0.780802 0.048 0.732802
6 0.528 0.048 0.48
18 0.732802 0.048 0.684802
18 0.684802 0.16 0.524802
18 0.524802 0.016 0.508802
14 0.8 0.048 0.752
8 0.8 0.048 0.752
4 0.752 0.048 0.704
11 0.8 0.048 0.752
13 0.752 0.048 0.704
6 0.48 0.048 0.432
14 0.752 0.048 0.704
18 0.508802 0.048 0.460802
22 0.8 0.048 0.752
36 0.8 0.048 0.752
14 0.776697 0.048 0.728697
18 0.540292 0.048 0.492292
26 0.8 0.048 0.752
37 0.8 0.048 0.752
1 0.8 0.048 0.752
25 0.8 0.048 0.752
39 0.8 0.048 0.752
25 0.752 0.048 0.704
1 0.752 0.048 0.704
39 0.752 0.048 0.704
14 0.8 0.048 0.752
31 0.8 0.048 0.752
10 0.8 0.048 0.752
20 0.8 0.048 0.752
11 0.8 0.048 0.752
8 0.8 0.048 0.752
15 0.8 0.048 0.752
12 0.8 0.048 0.752
3 0.8 0.048 0.752
5 0.8 0.048 0.752
29 0.8 0.048 0.752
33 0.8 0.048 0.752
37 0.8 0.048 0.752
37 0.8 0.048 0.752
3 0.8 0.048 0.752
26 0.8 0.048 0.752
33 0.8 0.048 0.752
40 0.8 0.048 0.752
2 0.8 0.048 0.752
13 0.8 0.048 0.752
4 0.8 0.048 0.752
8 0.8 0.048 0.752
7 0.8 0.048 0.752
32 0.8 0.048 0.752
2 0.8 0.048 0.752
40 0.752 0.048 0.704
14 0.8 0.048 0.752
18 0.794102 0.048 0.746102
18 0.746102 0.048 0.698102
14 0.752 0.048 0.704
14 0.704 0.16 0.544
18 0.698102 0.16 0.538102
18 0.538102 0.016 0.522102
14 0.544 0.016 0.528
18 0.522102 0.048 0.474102
6 0.8 0.048 0.752
6 0.752 0.048 0.704
14 0.528 0.048 0.48
18 0.474102 0.048 0.426102
18 0.426102 0.16 0.266102
6 0.704 0.16 0.544
6 0.544 0.016 0.528
18 0.266102 0.016 0.250102
6 0.528 0.048 0.48
18 0.250102 0.048 0.202102
8 0.8 0.048 0.752
4 0.752 0.048 0.704
13 0.752 0.048 0.704
22 0.8 0.048 0.752
36 0.8 0.048 0.752
26 0.8 0.048 0.752
37 0.8 0.048 0.752
1 0.8 0.048 0.752
25 0.8 0.048 0.752
39 0.8 0.048 0.752
25 0.752 0.048 0.704
1 0.752 0.048 0.704
39 0.752 0.048 0.704
11 0.8 0.048 0.752
31 0.8 0.048 0.752
10 0.8 0.048 0.752
20 0.8 0.048 0.752
11 0.8 0.048 0.752
11 0.752 0.048 0.704
11 0.704 0.16 0.544
11 0.544 0.016 0.528
15 0.8 0.048 0.752
12 0.8 0.048 0.752
11 0.528 0.048 0.48
3 0.8 0.048 0.752
5 0.8 0.048 0.752
33 0.8 0.048 0.752
37 0.8 0.048 0.752
4 0.8 0.048 0.752
8 0.8 0.048 0.752
11 0.553734 0.048 0.505734
13 0.8 0.048 0.752
37 0.8 0.048 0.752
3 0.8 0.048 0.752
26 0.8 0.048 0.752
33 0.8 0.048 0.752
40 0.8 0.048 0.752
2 0.8 0.048 0.752
13 0.8 0.048 0.752
4 0.8 0.048 0.752
8 0.752 0.048 0.704
13 0.752 0.048 0.704
13 0.704 0.16 0.544
13 0.544 0.016 0.528
7 0.8 0.048 0.752
32 0.8 0.048 0.752
2 0.8 0.048 0.752
40 0.752 0.048 0.704
6 0.8 0.048 0.752
18 0.565746 0.048 0.517746
8 0.780222 0.048 0.732222
4 0.752 0.048 0.704
11 0.584773 0.048 0.536773
13 0.528 0.048 0.48
8 0.732222 0.048 0.684222
8 0.684222 0.16 0.524222
8 0.524222 0.016 0.508222
4 0.704 0.048 0.656
8 0.508222 0.048 0.460222
13 0.48 0.048 0.432
24 0.8 0.048 0.752
22 0.8 0.048 0.752
36 0.8 0.048 0.752
4 0.727633 0.048 0.679633
8 0.533536 0.048 0.485536
13 0.502925 0.048 0.454925
24 0.8 0.048 0.752
26 0.8 0.048 0.752
37 0.8 0.048 0.752
1 0.8 0.048 0.752
25 0.8 0.048 0.752
39 0.8 0.048 0.752
25 0.752 0.048 0.704
1 0.752 0.048 0.704
39 0.752 0.048 0.704
10 0.8 0.048 0.752
20 0.8 0.048 0.752
24 0.8 0.048 0.752
31 0.8 0.048 0.752
31 0.752 0.048 0.704
10 0.752 0.048 0.704
20 0.752 0.048 0.704
31 0.704 0.048 0.656
31 0.656 0.16 0.496
31 0.496 0.016 0.48
15 0.8 0.048 0.752
12 0.8 0.048 0.752
10 0.780124 0.048 0.732124
20 0.777814 0.048 0.729814
31 0.557747 0.048 0.509747
3 0.8 0.048 0.752
5 0.8 0.048 0.752
33 0.8 0.048 0.752
37 0.8 0.048 0.752
10 0.8 0.048 0.752
31 0.582593 0.048 0.534593
37 0.8 0.048 0.752
3 0.8 0.048 0.752
26 0.8 0.048 0.752
40 0.8 0.048 0.752
2 0.8 0.048 0.752
7 0.8 0.048 0.752
32 0.8 0.048 0.752
2 0.8 0.048 0.752
40 0.752 0.048 0.704
6 0.8 0.048 0.752
18 0.8 0.048 0.752
22 0.8 0.048 0.752
22 0.752 0.048 0.704
22 0.704 0.048 0.656
22 0.656 0.16 0.496
22 0.496 0.016 0.48
36 0.8 0.048 0.752
22 0.555597 0.048 0.507597
26 0.8 0.048 0.752
3 0.8 0.048 0.752
37 0.8 0.048 0.752
1 0.8 0.048 0.752
25 0.8 0.048 0.752
39 0.8 0.048 0.752
25 0.752 0.048 0.704
1 0.752 0.048 0.704
39 0.752 0.048 0.704
22 0.581419 0.048 0.533419
15 0.8 0.048 0.752
12 0.8 0.048 0.752
3 0.8 0.048 0.752
5 0.8 0.048 0.752
26 0.8 0.048 0.752
33 0.8 0.048 0.752
37 0.8 0.048 0.752
37 0.8 0.048 0.752
3 0.8 0.048 0.752
5 0.8 0.048 0.752
26 0.8 0.048 0.752
33 0.8 0.048 0.752
40 0.8 0.048 0.752
2 0.8 0.048 0.752
7 0.8 0.048 0.752
32 0.8 0.048 0.752
2 0.8 0.048 0.752
40 0.752 0.048 0.704
6 0.8 0.048 0.752
18 0.8 0.048 0.752
36 0.8 0.048 0.752
1 0.8 0.048 0.752
25 0.8 0.048 0.752
39 0.8 0.048 0.752
26 0.8 0.048 0.752
3 0.8 0.048 0.752
37 0.8 0.048 0.752
1 0.8 0.048 0.752
25 0.752 0.048 0.704
39 0.8 0.048 0.752
1 0.752 0.048 0.704
1 0.704 0.16 0.544
1 0.544 0.016 0.528
25 0.704 0.048 0.656
1 0.528 0.048 0.48
39 0.752 0.048 0.704
25 0.656 0.048 0.608
25 0.608 0.16 0.448
25 0.448 0.016 0.432
1 0.48 0.048 0.432
25 0.506505 0.048 0.458505
39 0.704 0.048 0.656
15 0.8 0.048 0.752
12 0.8 0.048 0.752
1 0.502393 0.048 0.454393
25 0.530568 0.048 0.482568
35 0.8 0.048 0.752
39 0.735419 0.048 0.687419
3 0.8 0.048 0.752
5 0.8 0.048 0.752
26 0.8 0.048 0.752
33 0.8 0.048 0.752
37 0.8 0.048 0.752
35 0.8 0.048 0.752
37 0.8 0.048 0.752
3 0.8 0.048 0.752
5 0.8 0.048 0.752
26 0.8 0.048 0.752
33 0.8 0.048 0.752
40 0.8 0.048 0.752
2 0.8 0.048 0.752
7 0.8 0.048 0.752
32 0.8 0.048 0.752
7 0.752 0.048 0.704
7 0.704 0.16 0.544
7 0.544 0.016 0.528
2 0.8 0.048 0.752
40 0.752 0.048 0.704
6 0.8 0.048 0.752
18 0.8 0.048 0.752
7 0.601051 0.048 0.553051
32 0.8 0.048 0.752
35 0.8 0.048 0.752
36 0.8 0.048 0.752
7 0.623654 0.048 0.575654
26 0.8 0.048 0.752
32 0.8 0.048 0.752
26 0.752 0.048 0.704
3 0.8 0.048 0.752
37 0.8 0.048 0.752
3 0.8 0.048 0.752
26 0.774057 0.048 0.726057
32 0.8 0.048 0.752
37 0.752 0.048 0.704
15 0.8 0.048 0.752
12 0.8 0.048 0.752
3 0.8 0.048 0.752
5 0.8 0.048 0.752
26 0.79963 0.048 0.75163
33 0.8 0.048 0.752
37 0.779921 0.048 0.731921
3 0.752 0.048 0.704
5 0.8 0.048 0.752
26 0.75163 0.048 0.70363
33 0.8 0.048 0.752
37 0.8 0.048 0.752
3 0.704 0.048 0.656
3 0.656 0.16 0.496
3 0.496 0.016 0.48
3 0.557147 0.048 0.509147
5 0.752 0.048 0.704
29 0.8 0.048 0.752
33 0.752 0.048 0.704
37 0.752 0.048 0.704
37 0.780643 0.048 0.732643
3 0.509147 0.048 0.461147
5 0.775571 0.048 0.727571
26 0.777412 0.048 0.729412
33 0.783885 0.048 0.735885
40 0.8 0.048 0.752
2 0.8 0.048 0.752
2 0.8 0.048 0.752
40 0.752 0.048 0.704
6 0.8 0.048 0.752
18 0.8 0.048 0.752
5 0.727571 0.048 0.679571
29 0.8 0.048 0.752
33 0.735885 0.048 0.687885
36 0.8 0.048 0.752
12 0.8 0.048 0.752
15 0.8 0.048 0.752
29 0.8 0.048 0.752
26 0.8 0.048 0.752
3 0.605263 0.048 0.557263
37 0.8 0.048 0.752
12 0.8 0.048 0.752
15 0.8 0.048 0.752
15 0.8 0.048 0.752
12 0.8 0.048 0.752
15 0.752 0.048 0.704
15 0.704 0.16 0.544
15 0.544 0.016 0.528
2 0.8 0.048 0.752
15 0.528 0.048 0.48
40 0.8 0.048 0.752
2 0.8 0.048 0.752
40 0.8 0.048 0.752
37 0.8 0.048 0.752
3 0.774443 0.048 0.726443
5 0.8 0.048 0.752
26 0.8 0.048 0.752
33 0.8 0.048 0.752
40 0.8 0.048 0.752
2 0.752 0.048 0.704
40 0.752 0.048 0.704
40 0.704 0.16 0.544
40 0.544 0.016 0.528
2 0.780919 0.048 0.732919
40 0.528 0.048 0.48
2 0.732919 0.048 0.684919
2 0.684919 0.16 0.524919
2 0.524919 0.016 0.508919
6 0.8 0.048 0.752
18 0.8 0.048 0.752
2 0.508919 0.048 0.460919
36 0.8 0.048 0.752
40 0.48 0.048 0.432
36 0.8 0.048 0.752
36 0.752 0.048 0.704
36 0.704 0.16 0.544
36 0.544 0.016 0.528
36 0.528 0.048 0.48
26 0.8 0.048 0.752
3 0.8 0.048 0.752
37 0.8 0.048 0.752
27 0.8 0.048 0.752
36 0.55901 0.048 0.51101
23 0.8 0.048 0.752
27 0.8 0.048 0.752
9 0.8 0.048 0.752
23 0.8 0.048 0.752
27 0.8 0.048 0.752
28 0.8 0.048 0.752
37 0.8 0.048 0.752
3 0.8 0.048 0.752
5 0.8 0.048 0.752
26 0.8 0.048 0.752
33 0.8 0.048 0.752
6 0.8 0.048 0.752
18 0.8 0.048 0.752
9 0.8 0.048 0.752
28 0.8 0.048 0.752
9 0.8 0.048 0.752
28 0.8 0.048 0.752
38 0.8 0.048 0.752
26 0.8 0.048 0.752
3 0.8 0.048 0.752
37 0.8 0.048 0.752
38 0.8 0.048 0.752
21 0.8 0.048 0.752
30 0.8 0.048 0.752
38 0.8 0.048 0.752
21 0.8 0.048 0.752
30 0.8 0.048 0.752
37 0.8 0.048 0.752
3 0.8 0.048 0.752
5 0.8 0.048 0.752
26 0.8 0.048 0.752
33 0.8 0.048 0.752
6 0.8 0.048 0.752
18 0.8 0.048 0.752
17 0.8 0.048 0.752
21 0.8 0.048 0.752
30 0.8 0.048 0.752
16 0.8 0.048 0.752
17 0.8 0.048 0.752
26 0.8 0.048 0.752
3 0.8 0.048 0.752
33 0.8 0.048 0.752
37 0.8 0.048 0.752
16 0.8 0.048 0.752
