0 1763
0 1764
0 1765
0 1766
0 1767
0 1768
0 1769
0 1770
0 1771
0 1772
0 1773
35 1775
9 1776
0 1778
0 1780
0 1781
0 1782
17 1783
44 1784
0 1786
43 1776
0 1788
0 1789
0 1793
13 1795
16 1796
0 1797
0 1799
0 1800
26 1802
0 1804
0 1805
7 1806
0 1807
0 1809
47 1810
5 1787
0 1811
0 1813
0 1814
0 1817
8 1808
0 1818
0 1821
49 1779
32 1822
0 1824
43 1790
6 1792
0 1825
0 1826
27 1829
0 1830
37 1801
45 1803
0 1833
34 1791
0 1837
0 1838
0 1839
0 1841
0 1842
0 1844
35 1846
4 1794
41 1815
0 1848
0 1849
25 1840
0 1852
9 1853
23 1822
33 1854
22 1812
0 1856
23 1857
19 1835
0 1858
0 1860
46 1827
0 1861
10 1775
0 1863
0 1865
11 1847
0 1867
14 1785
0 1868
0 1869
0 1870
0 1871
40 1816
0 1873
0 1875
12 1819
0 1877
0 1878
0 1880
0 1881
49 1882
0 1883
0 1884
31 1831
0 1885
17 1790
0 1886
23 1887
0 1888
0 1889
16 1810
0 1890
43 1853
0 1893
48 1836
0 1894
0 1895
0 1896
3 1777
28 1840
0 1897
0 1898
21 1843
0 1901
0 1902
15 1798
0 1903
42 1829
18 1851
0 1905
30 1823
8 1891
0 1906
26 1879
0 1907
0 1908
27 1882
0 1910
0 1911
0 1915
0 1916
25 1798
45 1909
34 1874
0 1917
0 1919
0 1921
0 1922
36 1859
19 1924
0 1926
0 1928
4 1775
0 1929
35 1912
0 1931
24 1834
0 1932
22 1887
0 1933
0 1934
29 1820
0 1935
23 1930
46 1920
0 1936
0 1937
0 1939
0 1940
32 1892
0 1941
0 1942
0 1943
0 1944
0 1945
0 1946
0 1947
20 1845
0 1948
38 1784
0 1949
7 1850
0 1950
50 1855
0 1951
0 1952
44 1806
0 1953
17 1927
0 1954
9 1904
0 1955
0 1956
47 1864
0 1957
0 1958
0 1959
0 1960
0 1961
10 1914
0 1962
0 1963
0 1964
0 1965
0 1966
0 1967
0 1968
0 1969
0 1970
0 1971
0 1972
0 1973
0 1974
37 1876
0 1975
0 1976
0 1977
0 1978
0 1980
0 1981
41 1899
36 1914
0 1982
5 1866
