1 0.8 0.048 0.752
1 0.752 0.048 0.704
11 0.8 0.048 0.752
14 0.8 0.048 0.752
1 0.704 0.048 0.656
11 0.752 0.048 0.704
14 0.752 0.048 0.704
2 0.8 0.048 0.752
11 0.775884 0.048 0.727884
14 0.780813 0.048 0.732813
2 0.8 0.048 0.752
13 0.8 0.048 0.752
2 0.8 0.048 0.752
12 0.8 0.048 0.752
13 0.8 0.048 0.752
40 0.8 0.048 0.752
12 0.8 0.048 0.752
13 0.8 0.048 0.752
20 0.8 0.048 0.752
40 0.8 0.048 0.752
12 0.8 0.048 0.752
20 0.8 0.048 0.752
40 0.8 0.048 0.752
20 0.8 0.048 0.752
38 0.8 0.048 0.752
38 0.8 0.048 0.752
44 0.8 0.048 0.752
7 0.8 0.048 0.752
38 0.8 0.048 0.752
44 0.8 0.048 0.752
1 0.8 0.048 0.752
11 0.8 0.048 0.752
35 0.8 0.048 0.752
10 0.8 0.048 0.752
10 0.752 0.048 0.704
41 0.8 0.048 0.752
35 0.752 0.048 0.704
35 0.704 0.16 0.544
10 0.704 0.16 0.544
10 0.544 0.016 0.528
35 0.544 0.016 0.528
10 0.528 0.048 0.48
4 0.8 0.048 0.752
35 0.528 0.048 0.48
41 0.752 0.048 0.704
41 0.704 0.16 0.544
9 0.8 0.048 0.752
43 0.8 0.048 0.752
43 0.752 0.048 0.704
9 0.752 0.048 0.704
9 0.704 0.16 0.544
43 0.704 0.16 0.544
43 0.544 0.016 0.528
9 0.544 0.016 0.528
43 0.528 0.048 0.48
9 0.528 0.048 0.48
3 0.8 0.048 0.752
5 0.8 0.048 0.752
21 0.8 0.048 0.752
30 0.8 0.048 0.752
7 0.8 0.048 0.752
44 0.8 0.048 0.752
50 0.8 0.048 0.752
49 0.8 0.048 0.752
8 0.8 0.048 0.752
27 0.8 0.048 0.752
7 0.8 0.048 0.752
50 0.8 0.048 0.752
17 0.8 0.048 0.752
31 0.8 0.048 0.752
50 0.8 0.048 0.752
17 0.8 0.048 0.752
31 0.8 0.048 0.752
43 0.709498 0.048 0.661498
17 0.752 0.048 0.704
31 0.752 0.048 0.704
17 0.704 0.048 0.656
17 0.656 0.16 0.496
17 0.496 0.016 0.48
44 0.8 0.048 0.752
7 0.8 0.048 0.752
38 0.8 0.048 0.752
38 0.752 0.048 0.704
44 0.752 0.048 0.704
44 0.704 0.16 0.544
7 0.752 0.16 0.592
38 0.704 0.16 0.544
38 0.544 0.016 0.528
44 0.544 0.016 0.528
38 0.528 0.048 0.48
44 0.528 0.048 0.48
14 0.8 0.048 0.752
1 0.8 0.048 0.752
11 0.8 0.048 0.752
9 0.773816 0.048 0.725816
17 0.555573 0.048 0.507573
31 0.774158 0.048 0.726158
43 0.740694 0.048 0.692694
1 0.8 0.048 0.752
11 0.752 0.048 0.704
14 0.752 0.048 0.704
10 0.8 0.048 0.752
4 0.8 0.048 0.752
35 0.8 0.048 0.752
41 0.8 0.048 0.752
5 0.8 0.048 0.752
3 0.8 0.048 0.752
21 0.8 0.048 0.752
30 0.8 0.048 0.752
43 0.764397 0.048 0.716397
9 0.8 0.048 0.752
43 0.716397 0.048 0.668397
43 0.668397 0.16 0.508397
43 0.508397 0.016 0.492397
3 0.752 0.048 0.704
5 0.752 0.048 0.704
21 0.752 0.048 0.704
30 0.752 0.048 0.704
9 0.752 0.048 0.704
43 0.492397 0.048 0.444397
49 0.8 0.048 0.752
8 0.8 0.048 0.752
9 0.776033 0.048 0.728033
43 0.596181 0.048 0.548181
9 0.728033 0.048 0.680033
34 0.8 0.048 0.752
37 0.8 0.048 0.752
6 0.8 0.048 0.752
33 0.8 0.048 0.752
16 0.8 0.048 0.752
47 0.8 0.048 0.752
4 0.8 0.048 0.752
10 0.8 0.048 0.752
36 0.8 0.048 0.752
13 0.8 0.048 0.752
2 0.8 0.048 0.752
2 0.752 0.048 0.704
13 0.752 0.048 0.704
13 0.704 0.16 0.544
2 0.704 0.16 0.544
2 0.544 0.016 0.528
13 0.544 0.016 0.528
2 0.528 0.048 0.48
13 0.528 0.048 0.48
16 0.8 0.048 0.752
47 0.752 0.048 0.704
16 0.752 0.048 0.704
16 0.704 0.16 0.544
16 0.544 0.016 0.528
16 0.528 0.048 0.48
39 0.8 0.048 0.752
47 0.779592 0.048 0.731592
48 0.8 0.048 0.752
38 0.8 0.048 0.752
44 0.8 0.048 0.752
15 0.8 0.048 0.752
25 0.8 0.048 0.752
14 0.8 0.048 0.752
11 0.8 0.048 0.752
26 0.8 0.048 0.752
28 0.8 0.048 0.752
39 0.8 0.048 0.752
47 0.8 0.048 0.752
48 0.8 0.048 0.752
1 0.8 0.048 0.752
11 0.752 0.048 0.704
10 0.8 0.048 0.752
4 0.8 0.048 0.752
41 0.8 0.048 0.752
5 0.8 0.048 0.752
3 0.8 0.048 0.752
21 0.8 0.048 0.752
30 0.8 0.048 0.752
3 0.752 0.048 0.704
5 0.752 0.048 0.704
21 0.752 0.048 0.704
30 0.752 0.048 0.704
26 0.8 0.048 0.752
28 0.8 0.048 0.752
39 0.8 0.048 0.752
48 0.8 0.048 0.752
49 0.8 0.048 0.752
8 0.8 0.048 0.752
27 0.8 0.048 0.752
37 0.8 0.048 0.752
34 0.8 0.048 0.752
45 0.8 0.048 0.752
26 0.8 0.048 0.752
28 0.8 0.048 0.752
39 0.752 0.048 0.704
48 0.8 0.048 0.752
26 0.752 0.048 0.704
26 0.704 0.16 0.544
26 0.544 0.016 0.528
45 0.752 0.048 0.704
37 0.752 0.048 0.704
15 0.8 0.048 0.752
25 0.8 0.048 0.752
26 0.528 0.048 0.48
28 0.752 0.048 0.704
43 0.8 0.048 0.752
9 0.8 0.048 0.752
34 0.8 0.048 0.752
37 0.8 0.048 0.752
45 0.780952 0.048 0.732952
6 0.8 0.048 0.752
33 0.8 0.048 0.752
3 0.8 0.048 0.752
15 0.8 0.048 0.752
25 0.8 0.048 0.752
7 0.8 0.048 0.752
44 0.8 0.048 0.752
44 0.752 0.048 0.704
50 0.8 0.048 0.752
7 0.752 0.048 0.704
7 0.704 0.16 0.544
44 0.704 0.16 0.544
44 0.544 0.016 0.528
7 0.544 0.016 0.528
44 0.528 0.048 0.48
7 0.528 0.048 0.48
38 0.8 0.048 0.752
50 0.752 0.16 0.592
4 0.8 0.048 0.752
10 0.8 0.048 0.752
36 0.8 0.048 0.752
41 0.8 0.048 0.752
2 0.8 0.048 0.752
13 0.8 0.048 0.752
3 0.8 0.048 0.752
5 0.8 0.048 0.752
21 0.8 0.048 0.752
38 0.8 0.048 0.752
44 0.551589 0.048 0.503589
15 0.8 0.048 0.752
25 0.8 0.048 0.752
14 0.8 0.048 0.752
11 0.8 0.048 0.752
8 0.8 0.048 0.752
18 0.8 0.048 0.752
27 0.8 0.048 0.752
49 0.8 0.048 0.752
3 0.8 0.048 0.752
5 0.8 0.048 0.752
21 0.8 0.048 0.752
30 0.8 0.048 0.752
47 0.8 0.048 0.752
16 0.8 0.048 0.752
16 0.752 0.048 0.704
47 0.752 0.048 0.704
47 0.704 0.16 0.544
16 0.704 0.16 0.544
16 0.544 0.016 0.528
47 0.544 0.016 0.528
16 0.528 0.048 0.48
47 0.528 0.048 0.48
1 0.8 0.048 0.752
11 0.752 0.048 0.704
10 0.8 0.048 0.752
4 0.8 0.048 0.752
41 0.8 0.048 0.752
5 0.8 0.048 0.752
3 0.8 0.048 0.752
21 0.8 0.048 0.752
30 0.8 0.048 0.752
5 0.752 0.048 0.704
5 0.704 0.16 0.544
5 0.544 0.016 0.528
3 0.752 0.048 0.704
5 0.528 0.048 0.48
21 0.752 0.048 0.704
30 0.752 0.048 0.704
3 0.704 0.048 0.656
5 0.48 0.048 0.432
21 0.704 0.048 0.656
30 0.704 0.048 0.656
49 0.8 0.048 0.752
8 0.8 0.048 0.752
27 0.8 0.048 0.752
37 0.8 0.048 0.752
34 0.8 0.048 0.752
45 0.8 0.048 0.752
45 0.752 0.048 0.704
37 0.752 0.048 0.704
22 0.8 0.048 0.752
19 0.8 0.048 0.752
23 0.8 0.048 0.752
32 0.8 0.048 0.752
42 0.8 0.048 0.752
43 0.8 0.048 0.752
9 0.8 0.048 0.752
34 0.8 0.048 0.752
45 0.78182 0.048 0.73382
6 0.8 0.048 0.752
33 0.8 0.048 0.752
18 0.8 0.048 0.752
27 0.8 0.048 0.752
42 0.8 0.048 0.752
44 0.8 0.048 0.752
38 0.8 0.048 0.752
4 0.8 0.048 0.752
10 0.8 0.048 0.752
41 0.8 0.048 0.752
2 0.8 0.048 0.752
13 0.8 0.048 0.752
41 0.8 0.048 0.752
4 0.8 0.048 0.752
10 0.752 0.048 0.704
35 0.8 0.048 0.752
40 0.8 0.048 0.752
12 0.8 0.048 0.752
20 0.8 0.048 0.752
8 0.8 0.048 0.752
18 0.8 0.048 0.752
27 0.8 0.048 0.752
42 0.8 0.048 0.752
38 0.8 0.048 0.752
44 0.8 0.048 0.752
15 0.8 0.048 0.752
25 0.8 0.048 0.752
14 0.8 0.048 0.752
11 0.8 0.048 0.752
8 0.8 0.048 0.752
18 0.8 0.048 0.752
27 0.8 0.048 0.752
49 0.8 0.048 0.752
8 0.752 0.048 0.704
8 0.704 0.16 0.544
8 0.544 0.016 0.528
8 0.528 0.048 0.48
18 0.752 0.048 0.704
27 0.752 0.048 0.704
49 0.752 0.048 0.704
16 0.8 0.048 0.752
47 0.8 0.048 0.752
12 0.8 0.048 0.752
20 0.8 0.048 0.752
40 0.8 0.048 0.752
1 0.8 0.048 0.752
11 0.752 0.048 0.704
10 0.8 0.048 0.752
4 0.8 0.048 0.752
41 0.8 0.048 0.752
3 0.8 0.048 0.752
5 0.8 0.048 0.752
21 0.8 0.048 0.752
30 0.8 0.048 0.752
29 0.8 0.048 0.752
46 0.8 0.048 0.752
6 0.8 0.048 0.752
8 0.553375 0.048 0.505375
49 0.774007 0.048 0.726007
49 0.726007 0.048 0.678007
8 0.505375 0.048 0.457375
27 0.783765 0.048 0.735765
27 0.735765 0.048 0.687765
49 0.678007 0.096 0.582007
49 0.582007 0.16 0.422007
49 0.422007 0.016 0.406007
32 0.8 0.048 0.752
19 0.8 0.048 0.752
22 0.8 0.048 0.752
23 0.8 0.048 0.752
23 0.752 0.048 0.704
32 0.752 0.048 0.704
32 0.704 0.16 0.544
19 0.752 0.16 0.592
22 0.752 0.16 0.592
23 0.704 0.16 0.544
23 0.544 0.016 0.528
32 0.544 0.016 0.528
23 0.528 0.048 0.48
19 0.592 0.048 0.544
22 0.592 0.048 0.544
32 0.528 0.048 0.48
37 0.8 0.048 0.752
45 0.8 0.048 0.752
30 0.8 0.048 0.752
3 0.8 0.048 0.752
5 0.8 0.048 0.752
21 0.8 0.048 0.752
45 0.752 0.048 0.704
34 0.8 0.048 0.752
37 0.752 0.048 0.704
22 0.544 0.048 0.496
19 0.622065 0.048 0.574065
23 0.48 0.048 0.432
32 0.48 0.048 0.432
6 0.8 0.048 0.752
33 0.8 0.048 0.752
43 0.8 0.048 0.752
9 0.8 0.048 0.752
17 0.8 0.048 0.752
17 0.752 0.048 0.704
43 0.752 0.048 0.704
43 0.704 0.16 0.544
9 0.752 0.16 0.592
17 0.704 0.16 0.544
17 0.544 0.016 0.528
43 0.544 0.016 0.528
17 0.528 0.048 0.48
31 0.8 0.048 0.752
43 0.528 0.048 0.48
34 0.8 0.048 0.752
45 0.77896 0.048 0.73096
6 0.8 0.048 0.752
33 0.8 0.048 0.752
6 0.752 0.048 0.704
6 0.704 0.16 0.544
6 0.544 0.016 0.528
6 0.528 0.048 0.48
33 0.752 0.048 0.704
44 0.8 0.048 0.752
38 0.8 0.048 0.752
4 0.8 0.048 0.752
10 0.8 0.048 0.752
36 0.8 0.048 0.752
41 0.8 0.048 0.752
2 0.8 0.048 0.752
13 0.8 0.048 0.752
41 0.8 0.048 0.752
4 0.8 0.048 0.752
10 0.752 0.048 0.704
35 0.8 0.048 0.752
40 0.8 0.048 0.752
12 0.8 0.048 0.752
20 0.8 0.048 0.752
33 0.778516 0.048 0.730516
38 0.8 0.048 0.752
44 0.8 0.048 0.752
46 0.8 0.048 0.752
29 0.8 0.048 0.752
15 0.8 0.048 0.752
25 0.8 0.048 0.752
14 0.8 0.048 0.752
11 0.8 0.048 0.752
16 0.8 0.048 0.752
47 0.8 0.048 0.752
12 0.8 0.048 0.752
20 0.8 0.048 0.752
40 0.8 0.048 0.752
27 0.8 0.048 0.752
8 0.756258 0.048 0.708258
18 0.8 0.048 0.752
42 0.8 0.048 0.752
42 0.752 0.048 0.704
49 0.699016 0.048 0.651016
27 0.752 0.048 0.704
27 0.704 0.16 0.544
8 0.708258 0.16 0.548258
18 0.752 0.16 0.592
42 0.704 0.16 0.544
42 0.544 0.016 0.528
27 0.544 0.016 0.528
42 0.528 0.048 0.48
18 0.592 0.048 0.544
27 0.528 0.048 0.48
49 0.651016 0.16 0.491016
1 0.8 0.048 0.752
11 0.752 0.048 0.704
10 0.8 0.048 0.752
4 0.8 0.048 0.752
35 0.8 0.048 0.752
41 0.8 0.048 0.752
3 0.8 0.048 0.752
5 0.8 0.048 0.752
21 0.8 0.048 0.752
30 0.8 0.048 0.752
29 0.8 0.048 0.752
46 0.8 0.048 0.752
37 0.8 0.048 0.752
45 0.8 0.048 0.752
31 0.8 0.048 0.752
17 0.707867 0.048 0.659867
39 0.8 0.048 0.752
26 0.8 0.048 0.752
28 0.8 0.048 0.752
48 0.8 0.048 0.752
23 0.8 0.048 0.752
19 0.8 0.048 0.752
22 0.8 0.048 0.752
32 0.8 0.048 0.752
37 0.752 0.048 0.704
45 0.8 0.048 0.752
37 0.704 0.048 0.656
37 0.656 0.16 0.496
37 0.496 0.016 0.48
30 0.8 0.048 0.752
3 0.8 0.048 0.752
5 0.8 0.048 0.752
21 0.8 0.048 0.752
45 0.752 0.048 0.704
34 0.8 0.048 0.752
37 0.48 0.048 0.432
45 0.704 0.048 0.656
45 0.656 0.16 0.496
45 0.496 0.016 0.48
22 0.752 0.048 0.704
19 0.8 0.048 0.752
23 0.752 0.048 0.704
24 0.8 0.048 0.752
32 0.752 0.048 0.704
34 0.8 0.048 0.752
37 0.503113 0.048 0.455113
45 0.48 0.048 0.432
17 0.8 0.048 0.752
31 0.8 0.048 0.752
24 0.8 0.048 0.752
22 0.777255 0.048 0.729255
19 0.752 0.048 0.704
23 0.778944 0.048 0.730944
32 0.775943 0.048 0.727943
34 0.8 0.048 0.752
45 0.511755 0.048 0.463755
34 0.752 0.048 0.704
34 0.704 0.16 0.544
34 0.544 0.016 0.528
48 0.8 0.048 0.752
26 0.8 0.048 0.752
28 0.8 0.048 0.752
39 0.8 0.048 0.752
34 0.528 0.048 0.48
37 0.533375 0.048 0.485375
45 0.463755 0.048 0.415755
44 0.8 0.048 0.752
38 0.8 0.048 0.752
4 0.8 0.048 0.752
10 0.8 0.048 0.752
36 0.8 0.048 0.752
41 0.8 0.048 0.752
2 0.8 0.048 0.752
13 0.8 0.048 0.752
41 0.8 0.048 0.752
4 0.8 0.048 0.752
10 0.752 0.048 0.704
35 0.8 0.048 0.752
40 0.8 0.048 0.752
12 0.8 0.048 0.752
20 0.8 0.048 0.752
34 0.554395 0.048 0.506395
38 0.8 0.048 0.752
44 0.8 0.048 0.752
46 0.8 0.048 0.752
29 0.8 0.048 0.752
15 0.8 0.048 0.752
25 0.8 0.048 0.752
14 0.8 0.048 0.752
11 0.8 0.048 0.752
36 0.8 0.048 0.752
16 0.8 0.048 0.752
47 0.8 0.048 0.752
12 0.8 0.048 0.752
20 0.8 0.048 0.752
40 0.8 0.048 0.752
42 0.8 0.048 0.752
18 0.8 0.048 0.752
27 0.8 0.048 0.752
1 0.8 0.048 0.752
11 0.752 0.048 0.704
10 0.8 0.048 0.752
4 0.8 0.048 0.752
35 0.8 0.048 0.752
41 0.8 0.048 0.752
3 0.8 0.048 0.752
5 0.8 0.048 0.752
21 0.8 0.048 0.752
30 0.8 0.048 0.752
29 0.8 0.048 0.752
46 0.8 0.048 0.752
25 0.8 0.048 0.752
15 0.8 0.048 0.752
4 0.8 0.048 0.752
10 0.8 0.048 0.752
36 0.8 0.048 0.752
31 0.8 0.048 0.752
17 0.8 0.048 0.752
39 0.8 0.048 0.752
26 0.8 0.048 0.752
28 0.8 0.048 0.752
48 0.8 0.048 0.752
23 0.8 0.048 0.752
19 0.8 0.048 0.752
22 0.8 0.048 0.752
32 0.8 0.048 0.752
30 0.8 0.048 0.752
5 0.8 0.048 0.752
21 0.8 0.048 0.752
22 0.752 0.048 0.704
19 0.8 0.048 0.752
23 0.752 0.048 0.704
24 0.8 0.048 0.752
32 0.752 0.048 0.704
4 0.8 0.048 0.752
10 0.8 0.048 0.752
35 0.8 0.048 0.752
36 0.8 0.048 0.752
41 0.8 0.048 0.752
21 0.752 0.048 0.704
3 0.8 0.048 0.752
5 0.752 0.048 0.704
30 0.752 0.048 0.704
17 0.8 0.048 0.752
31 0.8 0.048 0.752
24 0.8 0.048 0.752
22 0.781206 0.048 0.733206
19 0.752 0.048 0.704
23 0.778055 0.048 0.730055
32 0.775988 0.048 0.727988
48 0.8 0.048 0.752
26 0.8 0.048 0.752
28 0.8 0.048 0.752
39 0.8 0.048 0.752
4 0.8 0.048 0.752
10 0.8 0.048 0.752
35 0.8 0.048 0.752
41 0.8 0.048 0.752
44 0.8 0.048 0.752
38 0.8 0.048 0.752
20 0.8 0.048 0.752
12 0.8 0.048 0.752
40 0.8 0.048 0.752
35 0.8 0.048 0.752
4 0.752 0.048 0.704
10 0.752 0.048 0.704
41 0.752 0.048 0.704
35 0.752 0.048 0.704
35 0.704 0.16 0.544
35 0.544 0.016 0.528
11 0.8 0.048 0.752
1 0.8 0.048 0.752
14 0.8 0.048 0.752
4 0.704 0.048 0.656
10 0.704 0.048 0.656
35 0.528 0.048 0.48
41 0.704 0.048 0.656
4 0.656 0.048 0.608
4 0.608 0.16 0.448
4 0.448 0.016 0.432
2 0.8 0.048 0.752
13 0.8 0.048 0.752
41 0.730302 0.048 0.682302
4 0.506716 0.048 0.458716
10 0.656 0.048 0.608
35 0.48 0.048 0.432
41 0.682302 0.048 0.634302
41 0.634302 0.16 0.474302
41 0.474302 0.016 0.458302
40 0.8 0.048 0.752
12 0.752 0.048 0.704
20 0.8 0.048 0.752
10 0.687597 0.048 0.639597
24 0.8 0.048 0.752
35 0.432 0.048 0.384
41 0.458302 0.048 0.410302
38 0.8 0.048 0.752
44 0.8 0.048 0.752
46 0.8 0.048 0.752
29 0.8 0.048 0.752
15 0.8 0.048 0.752
25 0.8 0.048 0.752
14 0.8 0.048 0.752
11 0.8 0.048 0.752
24 0.8 0.048 0.752
16 0.8 0.048 0.752
47 0.8 0.048 0.752
7 0.8 0.048 0.752
50 0.8 0.048 0.752
12 0.8 0.048 0.752
20 0.8 0.048 0.752
40 0.8 0.048 0.752
42 0.8 0.048 0.752
18 0.8 0.048 0.752
1 0.8 0.048 0.752
11 0.752 0.048 0.704
10 0.715834 0.048 0.667834
4 0.532033 0.048 0.484033
35 0.533039 0.048 0.485039
41 0.485526 0.048 0.437526
18 0.8 0.048 0.752
8 0.8 0.048 0.752
27 0.8 0.048 0.752
42 0.8 0.048 0.752
3 0.8 0.048 0.752
5 0.8 0.048 0.752
21 0.8 0.048 0.752
29 0.8 0.048 0.752
46 0.8 0.048 0.752
25 0.8 0.048 0.752
15 0.8 0.048 0.752
28 0.8 0.048 0.752
28 0.752 0.048 0.704
25 0.752 0.048 0.704
25 0.704 0.16 0.544
15 0.752 0.16 0.592
28 0.704 0.16 0.544
28 0.544 0.016 0.528
25 0.544 0.016 0.528
28 0.528 0.048 0.48
25 0.528 0.048 0.48
26 0.8 0.048 0.752
39 0.8 0.048 0.752
48 0.8 0.048 0.752
22 0.8 0.048 0.752
23 0.8 0.048 0.752
24 0.8 0.048 0.752
32 0.8 0.048 0.752
31 0.8 0.048 0.752
17 0.8 0.048 0.752
39 0.8 0.048 0.752
26 0.752 0.048 0.704
28 0.48 0.048 0.432
48 0.752 0.048 0.704
9 0.8 0.048 0.752
43 0.8 0.048 0.752
43 0.752 0.048 0.704
9 0.752 0.048 0.704
9 0.704 0.16 0.544
43 0.704 0.16 0.544
43 0.544 0.016 0.528
9 0.544 0.016 0.528
43 0.528 0.048 0.48
9 0.528 0.048 0.48
23 0.8 0.048 0.752
19 0.8 0.048 0.752
22 0.8 0.048 0.752
32 0.8 0.048 0.752
23 0.752 0.048 0.704
23 0.704 0.16 0.544
23 0.544 0.016 0.528
30 0.8 0.048 0.752
5 0.8 0.048 0.752
21 0.8 0.048 0.752
33 0.8 0.048 0.752
6 0.8 0.048 0.752
6 0.752 0.048 0.704
33 0.752 0.048 0.704
33 0.704 0.16 0.544
6 0.704 0.16 0.544
6 0.544 0.016 0.528
33 0.544 0.016 0.528
6 0.528 0.048 0.48
33 0.528 0.048 0.48
50 0.8 0.048 0.752
7 0.8 0.048 0.752
22 0.752 0.048 0.704
19 0.8 0.048 0.752
23 0.528 0.048 0.48
24 0.8 0.048 0.752
32 0.752 0.048 0.704
22 0.704 0.048 0.656
22 0.656 0.16 0.496
22 0.496 0.016 0.48
19 0.752 0.048 0.704
22 0.48 0.048 0.432
23 0.48 0.048 0.432
32 0.704 0.048 0.656
21 0.752 0.048 0.704
3 0.8 0.048 0.752
5 0.752 0.048 0.704
30 0.752 0.048 0.704
23 0.504739 0.048 0.456739
19 0.704 0.048 0.656
22 0.502626 0.048 0.454626
32 0.729213 0.048 0.681213
23 0.456739 0.048 0.408739
23 0.408739 0.16 0.248739
23 0.248739 0.016 0.232739
17 0.8 0.048 0.752
31 0.8 0.048 0.752
24 0.8 0.048 0.752
22 0.454626 0.048 0.406626
19 0.656 0.048 0.608
22 0.406626 0.048 0.358626
23 0.232739 0.048 0.184739
32 0.681213 0.048 0.633213
19 0.608 0.048 0.56
19 0.56 0.16 0.4
19 0.4 0.016 0.384
48 0.8 0.048 0.752
26 0.8 0.048 0.752
28 0.578733 0.048 0.530733
39 0.8 0.048 0.752
19 0.461214 0.048 0.413214
23 0.184739 0.048 0.136739
29 0.8 0.048 0.752
32 0.633213 0.048 0.585213
44 0.8 0.048 0.752
38 0.8 0.048 0.752
20 0.8 0.048 0.752
12 0.8 0.048 0.752
40 0.8 0.048 0.752
11 0.8 0.048 0.752
1 0.8 0.048 0.752
14 0.8 0.048 0.752
2 0.8 0.048 0.752
13 0.8 0.048 0.752
40 0.8 0.048 0.752
12 0.752 0.048 0.704
20 0.8 0.048 0.752
36 0.8 0.048 0.752
19 0.484273 0.048 0.436273
29 0.8 0.048 0.752
46 0.8 0.048 0.752
38 0.8 0.048 0.752
44 0.8 0.048 0.752
46 0.752 0.048 0.704
29 0.752 0.048 0.704
46 0.704 0.048 0.656
46 0.656 0.16 0.496
46 0.496 0.016 0.48
15 0.8 0.048 0.752
25 0.69997 0.048 0.65197
14 0.8 0.048 0.752
11 0.8 0.048 0.752
29 0.77581 0.048 0.72781
46 0.554171 0.048 0.506171
16 0.8 0.048 0.752
47 0.8 0.048 0.752
7 0.8 0.048 0.752
50 0.8 0.048 0.752
12 0.8 0.048 0.752
20 0.8 0.048 0.752
40 0.8 0.048 0.752
42 0.8 0.048 0.752
18 0.8 0.048 0.752
1 0.8 0.048 0.752
11 0.752 0.048 0.704
10 0.8 0.048 0.752
4 0.8 0.048 0.752
4 0.752 0.048 0.704
35 0.8 0.048 0.752
41 0.8 0.048 0.752
10 0.752 0.048 0.704
10 0.704 0.16 0.544
4 0.704 0.16 0.544
4 0.544 0.016 0.528
10 0.544 0.016 0.528
4 0.528 0.048 0.48
10 0.528 0.048 0.48
35 0.752 0.048 0.704
41 0.752 0.048 0.704
41 0.704 0.16 0.544
18 0.8 0.048 0.752
8 0.8 0.048 0.752
27 0.8 0.048 0.752
42 0.8 0.048 0.752
3 0.8 0.048 0.752
5 0.8 0.048 0.752
21 0.8 0.048 0.752
30 0.8 0.048 0.752
29 0.72781 0.048 0.67981
46 0.580175 0.048 0.532175
28 0.745079 0.048 0.697079
25 0.8 0.048 0.752
26 0.8 0.048 0.752
39 0.8 0.048 0.752
48 0.8 0.048 0.752
31 0.8 0.048 0.752
17 0.8 0.048 0.752
39 0.8 0.048 0.752
26 0.752 0.048 0.704
28 0.697079 0.048 0.649079
48 0.752 0.048 0.704
43 0.8 0.048 0.752
9 0.8 0.048 0.752
17 0.8 0.048 0.752
30 0.8 0.048 0.752
3 0.8 0.048 0.752
5 0.8 0.048 0.752
21 0.8 0.048 0.752
6 0.8 0.048 0.752
33 0.8 0.048 0.752
50 0.8 0.048 0.752
7 0.8 0.048 0.752
1 0.8 0.048 0.752
21 0.752 0.048 0.704
3 0.752 0.048 0.704
5 0.752 0.048 0.704
30 0.752 0.048 0.704
17 0.8 0.048 0.752
31 0.8 0.048 0.752
43 0.8 0.048 0.752
24 0.8 0.048 0.752
22 0.730391 0.048 0.682391
47 0.8 0.048 0.752
16 0.8 0.048 0.752
48 0.8 0.048 0.752
26 0.8 0.048 0.752
28 0.8 0.048 0.752
39 0.8 0.048 0.752
1 0.8 0.048 0.752
11 0.8 0.048 0.752
44 0.8 0.048 0.752
38 0.8 0.048 0.752
20 0.8 0.048 0.752
12 0.8 0.048 0.752
40 0.8 0.048 0.752
11 0.752 0.048 0.704
1 0.752 0.048 0.704
14 0.8 0.048 0.752
11 0.704 0.048 0.656
11 0.656 0.16 0.496
11 0.496 0.016 0.48
2 0.8 0.048 0.752
13 0.8 0.048 0.752
40 0.8 0.048 0.752
12 0.752 0.048 0.704
20 0.8 0.048 0.752
5 0.8 0.048 0.752
3 0.8 0.048 0.752
21 0.8 0.048 0.752
30 0.8 0.048 0.752
36 0.8 0.048 0.752
1 0.777664 0.048 0.729664
11 0.550989 0.048 0.502989
14 0.8 0.048 0.752
38 0.8 0.048 0.752
44 0.8 0.048 0.752
15 0.8 0.048 0.752
25 0.8 0.048 0.752
14 0.8 0.048 0.752
11 0.575216 0.048 0.527216
14 0.752 0.048 0.704
14 0.704 0.16 0.544
14 0.544 0.016 0.528
11 0.527216 0.048 0.479216
14 0.528 0.048 0.48
16 0.8 0.048 0.752
47 0.8 0.048 0.752
7 0.8 0.048 0.752
50 0.8 0.048 0.752
12 0.8 0.048 0.752
20 0.8 0.048 0.752
40 0.8 0.048 0.752
42 0.8 0.048 0.752
18 0.8 0.048 0.752
27 0.8 0.048 0.752
1 0.8 0.048 0.752
11 0.479216 0.048 0.431216
4 0.8 0.048 0.752
10 0.8 0.048 0.752
35 0.8 0.048 0.752
41 0.8 0.048 0.752
18 0.8 0.048 0.752
8 0.8 0.048 0.752
27 0.8 0.048 0.752
42 0.8 0.048 0.752
3 0.8 0.048 0.752
5 0.8 0.048 0.752
21 0.8 0.048 0.752
29 0.8 0.048 0.752
46 0.8 0.048 0.752
28 0.8 0.048 0.752
26 0.8 0.048 0.752
39 0.8 0.048 0.752
48 0.8 0.048 0.752
2 0.8 0.048 0.752
13 0.8 0.048 0.752
14 0.559816 0.048 0.511816
31 0.8 0.048 0.752
17 0.8 0.048 0.752
39 0.8 0.048 0.752
26 0.752 0.048 0.704
28 0.752 0.048 0.704
48 0.752 0.048 0.704
43 0.8 0.048 0.752
9 0.8 0.048 0.752
30 0.8 0.048 0.752
3 0.8 0.048 0.752
5 0.8 0.048 0.752
21 0.8 0.048 0.752
6 0.8 0.048 0.752
33 0.8 0.048 0.752
50 0.8 0.048 0.752
7 0.8 0.048 0.752
2 0.8 0.048 0.752
13 0.8 0.048 0.752
21 0.752 0.048 0.704
3 0.752 0.048 0.704
5 0.752 0.048 0.704
30 0.752 0.048 0.704
17 0.8 0.048 0.752
31 0.8 0.048 0.752
43 0.8 0.048 0.752
24 0.8 0.048 0.752
22 0.8 0.048 0.752
47 0.8 0.048 0.752
16 0.8 0.048 0.752
48 0.8 0.048 0.752
26 0.8 0.048 0.752
28 0.8 0.048 0.752
39 0.8 0.048 0.752
2 0.8 0.048 0.752
12 0.8 0.048 0.752
13 0.8 0.048 0.752
20 0.8 0.048 0.752
40 0.8 0.048 0.752
44 0.8 0.048 0.752
38 0.8 0.048 0.752
20 0.752 0.048 0.704
12 0.752 0.048 0.704
40 0.752 0.048 0.704
13 0.8 0.048 0.752
2 0.752 0.048 0.704
2 0.704 0.048 0.656
13 0.752 0.048 0.704
40 0.778996 0.048 0.730996
12 0.704 0.048 0.656
20 0.775257 0.048 0.727257
40 0.730996 0.048 0.682996
40 0.682996 0.16 0.522996
40 0.522996 0.016 0.506996
5 0.8 0.048 0.752
3 0.8 0.048 0.752
21 0.8 0.048 0.752
30 0.8 0.048 0.752
36 0.8 0.048 0.752
4 0.8 0.048 0.752
12 0.730276 0.048 0.682276
20 0.727257 0.048 0.679257
40 0.506996 0.048 0.458996
38 0.8 0.048 0.752
44 0.8 0.048 0.752
15 0.8 0.048 0.752
3 0.752 0.048 0.704
25 0.8 0.048 0.752
34 0.8 0.048 0.752
12 0.760508 0.048 0.712508
20 0.755208 0.048 0.707208
40 0.535939 0.048 0.487939
16 0.8 0.048 0.752
47 0.8 0.048 0.752
7 0.8 0.048 0.752
50 0.8 0.048 0.752
12 0.712508 0.048 0.664508
20 0.707208 0.048 0.659208
40 0.487939 0.048 0.439939
12 0.664508 0.048 0.616508
12 0.616508 0.16 0.456508
12 0.456508 0.016 0.440508
42 0.8 0.048 0.752
18 0.8 0.048 0.752
27 0.8 0.048 0.752
1 0.8 0.048 0.752
11 0.799242 0.048 0.751242
4 0.8 0.048 0.752
10 0.8 0.048 0.752
36 0.8 0.048 0.752
41 0.8 0.048 0.752
18 0.8 0.048 0.752
8 0.8 0.048 0.752
27 0.8 0.048 0.752
42 0.8 0.048 0.752
37 0.8 0.048 0.752
45 0.8 0.048 0.752
3 0.8 0.048 0.752
5 0.8 0.048 0.752
21 0.8 0.048 0.752
29 0.8 0.048 0.752
46 0.8 0.048 0.752
28 0.8 0.048 0.752
25 0.8 0.048 0.752
26 0.8 0.048 0.752
39 0.8 0.048 0.752
48 0.8 0.048 0.752
38 0.8 0.048 0.752
44 0.8 0.048 0.752
31 0.8 0.048 0.752
17 0.8 0.048 0.752
39 0.8 0.048 0.752
26 0.752 0.048 0.704
28 0.752 0.048 0.704
48 0.752 0.048 0.704
43 0.8 0.048 0.752
9 0.8 0.048 0.752
17 0.8 0.048 0.752
30 0.8 0.048 0.752
5 0.8 0.048 0.752
21 0.8 0.048 0.752
6 0.8 0.048 0.752
33 0.8 0.048 0.752
50 0.8 0.048 0.752
7 0.8 0.048 0.752
38 0.8 0.048 0.752
44 0.8 0.048 0.752
21 0.752 0.048 0.704
3 0.8 0.048 0.752
5 0.752 0.048 0.704
30 0.752 0.048 0.704
17 0.8 0.048 0.752
31 0.8 0.048 0.752
43 0.8 0.048 0.752
26 0.774157 0.048 0.726157
25 0.8 0.048 0.752
28 0.781585 0.048 0.733585
39 0.8 0.048 0.752
48 0.781218 0.048 0.733218
24 0.8 0.048 0.752
22 0.8 0.048 0.752
47 0.8 0.048 0.752
16 0.8 0.048 0.752
48 0.8 0.048 0.752
26 0.79967 0.048 0.75167
28 0.8 0.048 0.752
39 0.8 0.048 0.752
7 0.8 0.048 0.752
38 0.8 0.048 0.752
44 0.8 0.048 0.752
50 0.8 0.048 0.752
44 0.752 0.048 0.704
38 0.752 0.048 0.704
20 0.8 0.048 0.752
12 0.660281 0.048 0.612281
40 0.676372 0.048 0.628372
13 0.8 0.048 0.752
2 0.8 0.048 0.752
2 0.752 0.048 0.704
13 0.752 0.048 0.704
5 0.8 0.048 0.752
3 0.8 0.048 0.752
21 0.8 0.048 0.752
30 0.8 0.048 0.752
36 0.8 0.048 0.752
4 0.8 0.048 0.752
7 0.8 0.048 0.752
50 0.8 0.048 0.752
38 0.782983 0.048 0.734983
44 0.776642 0.048 0.728642
15 0.8 0.048 0.752
25 0.8 0.048 0.752
49 0.8 0.048 0.752
8 0.8 0.048 0.752
27 0.8 0.048 0.752
27 0.752 0.048 0.704
49 0.752 0.048 0.704
49 0.704 0.16 0.544
8 0.752 0.16 0.592
27 0.704 0.16 0.544
27 0.544 0.016 0.528
49 0.544 0.016 0.528
27 0.528 0.048 0.48
8 0.592 0.048 0.544
18 0.8 0.048 0.752
42 0.8 0.048 0.752
49 0.528 0.048 0.48
34 0.8 0.048 0.752
31 0.8 0.048 0.752
50 0.8 0.048 0.752
16 0.8 0.048 0.752
47 0.8 0.048 0.752
7 0.8 0.048 0.752
50 0.752 0.048 0.704
42 0.752 0.048 0.704
18 0.752 0.048 0.704
27 0.48 0.048 0.432
1 0.8 0.048 0.752
11 0.8 0.048 0.752
4 0.8 0.048 0.752
10 0.8 0.048 0.752
35 0.8 0.048 0.752
36 0.8 0.048 0.752
41 0.8 0.048 0.752
18 0.780698 0.048 0.732698
8 0.622354 0.048 0.574354
27 0.505041 0.048 0.457041
42 0.783649 0.048 0.735649
49 0.559641 0.048 0.511641
37 0.8 0.048 0.752
45 0.8 0.048 0.752
3 0.8 0.048 0.752
5 0.8 0.048 0.752
21 0.8 0.048 0.752
30 0.8 0.048 0.752
29 0.8 0.048 0.752
46 0.8 0.048 0.752
28 0.8 0.048 0.752
25 0.8 0.048 0.752
26 0.8 0.048 0.752
39 0.8 0.048 0.752
48 0.8 0.048 0.752
17 0.8 0.048 0.752
31 0.8 0.048 0.752
31 0.752 0.048 0.704
17 0.752 0.048 0.704
31 0.704 0.048 0.656
31 0.656 0.16 0.496
31 0.496 0.016 0.48
39 0.8 0.048 0.752
26 0.752 0.048 0.704
28 0.752 0.048 0.704
48 0.752 0.048 0.704
43 0.8 0.048 0.752
9 0.8 0.048 0.752
17 0.779588 0.048 0.731588
30 0.8 0.048 0.752
3 0.8 0.048 0.752
5 0.8 0.048 0.752
21 0.8 0.048 0.752
6 0.8 0.048 0.752
33 0.8 0.048 0.752
50 0.8 0.048 0.752
7 0.8 0.048 0.752
9 0.752 0.048 0.704
17 0.731588 0.048 0.683588
31 0.552209 0.048 0.504209
43 0.752 0.048 0.704
21 0.752 0.048 0.704
3 0.752 0.048 0.704
5 0.752 0.048 0.704
30 0.752 0.048 0.704
17 0.754991 0.048 0.706991
31 0.504209 0.048 0.456209
43 0.777994 0.048 0.729994
17 0.706991 0.048 0.658991
17 0.658991 0.16 0.498991
17 0.498991 0.016 0.482991
26 0.783554 0.048 0.735554
25 0.8 0.048 0.752
28 0.774554 0.048 0.726554
39 0.8 0.048 0.752
48 0.779281 0.048 0.731281
24 0.8 0.048 0.752
47 0.8 0.048 0.752
16 0.8 0.048 0.752
48 0.8 0.048 0.752
26 0.8 0.048 0.752
28 0.8 0.048 0.752
39 0.8 0.048 0.752
9 0.778741 0.048 0.730741
17 0.482991 0.048 0.434991
43 0.729994 0.048 0.681994
44 0.8 0.048 0.752
38 0.8 0.048 0.752
20 0.8 0.048 0.752
12 0.8 0.048 0.752
40 0.8 0.048 0.752
13 0.8 0.048 0.752
2 0.8 0.048 0.752
2 0.752 0.048 0.704
13 0.752 0.048 0.704
23 0.8 0.048 0.752
19 0.8 0.048 0.752
22 0.8 0.048 0.752
22 0.752 0.048 0.704
32 0.8 0.048 0.752
23 0.752 0.048 0.704
23 0.704 0.16 0.544
19 0.752 0.16 0.592
22 0.704 0.16 0.544
22 0.544 0.016 0.528
23 0.544 0.016 0.528
22 0.528 0.048 0.48
19 0.592 0.048 0.544
23 0.528 0.048 0.48
32 0.752 0.048 0.704
32 0.704 0.16 0.544
5 0.8 0.048 0.752
3 0.8 0.048 0.752
21 0.8 0.048 0.752
30 0.8 0.048 0.752
36 0.8 0.048 0.752
4 0.8 0.048 0.752
9 0.8 0.048 0.752
43 0.759658 0.048 0.711658
38 0.8 0.048 0.752
44 0.8 0.048 0.752
15 0.8 0.048 0.752
25 0.8 0.048 0.752
27 0.756152 0.048 0.708152
8 0.8 0.048 0.752
18 0.8 0.048 0.752
49 0.8 0.048 0.752
34 0.8 0.048 0.752
16 0.8 0.048 0.752
47 0.8 0.048 0.752
16 0.752 0.048 0.704
47 0.752 0.048 0.704
16 0.704 0.048 0.656
16 0.656 0.16 0.496
16 0.496 0.016 0.48
7 0.8 0.048 0.752
50 0.8 0.048 0.752
42 0.8 0.048 0.752
18 0.752 0.048 0.704
1 0.8 0.048 0.752
11 0.8 0.048 0.752
14 0.8 0.048 0.752
4 0.8 0.048 0.752
10 0.8 0.048 0.752
36 0.8 0.048 0.752
41 0.8 0.048 0.752
18 0.779021 0.048 0.731021
8 0.8 0.048 0.752
27 0.783979 0.048 0.735979
42 0.8 0.048 0.752
49 0.8 0.048 0.752
37 0.8 0.048 0.752
45 0.8 0.048 0.752
3 0.8 0.048 0.752
5 0.8 0.048 0.752
21 0.8 0.048 0.752
30 0.8 0.048 0.752
29 0.8 0.048 0.752
46 0.8 0.048 0.752
28 0.8 0.048 0.752
25 0.8 0.048 0.752
26 0.8 0.048 0.752
39 0.8 0.048 0.752
48 0.8 0.048 0.752
16 0.556849 0.048 0.508849
47 0.780607 0.048 0.732607
39 0.8 0.048 0.752
26 0.752 0.048 0.704
28 0.752 0.048 0.704
48 0.752 0.048 0.704
43 0.8 0.048 0.752
9 0.8 0.048 0.752
17 0.736566 0.048 0.688566
17 0.688566 0.048 0.640566
43 0.752 0.048 0.704
43 0.704 0.16 0.544
17 0.640566 0.16 0.480566
30 0.8 0.048 0.752
3 0.8 0.048 0.752
5 0.8 0.048 0.752
21 0.8 0.048 0.752
6 0.8 0.048 0.752
33 0.8 0.048 0.752
8 0.8 0.048 0.752
18 0.8 0.048 0.752
27 0.8 0.048 0.752
49 0.8 0.048 0.752
50 0.8 0.048 0.752
7 0.8 0.048 0.752
32 0.770887 0.048 0.722887
19 0.8 0.048 0.752
22 0.703212 0.048 0.655212
23 0.705526 0.048 0.657526
16 0.587204 0.048 0.539204
39 0.8 0.048 0.752
47 0.8 0.048 0.752
48 0.781584 0.048 0.733584
21 0.752 0.048 0.704
3 0.752 0.048 0.704
5 0.752 0.048 0.704
30 0.752 0.048 0.704
26 0.779389 0.048 0.731389
25 0.8 0.048 0.752
28 0.777247 0.048 0.729247
39 0.752 0.048 0.704
48 0.733584 0.048 0.685584
24 0.8 0.048 0.752
22 0.734476 0.048 0.686476
47 0.752 0.048 0.704
16 0.610007 0.048 0.562007
48 0.758127 0.048 0.710127
26 0.8 0.048 0.752
28 0.8 0.048 0.752
39 0.774381 0.048 0.726381
48 0.710127 0.048 0.662127
48 0.662127 0.16 0.502127
48 0.502127 0.016 0.486127
26 0.752 0.048 0.704
28 0.752 0.048 0.704
39 0.726381 0.048 0.678381
48 0.486127 0.048 0.438127
44 0.8 0.048 0.752
38 0.8 0.048 0.752
20 0.8 0.048 0.752
12 0.8 0.048 0.752
40 0.8 0.048 0.752
13 0.8 0.048 0.752
2 0.8 0.048 0.752
2 0.752 0.048 0.704
13 0.752 0.048 0.704
22 0.766416 0.048 0.718416
19 0.8 0.048 0.752
23 0.8 0.048 0.752
24 0.8 0.048 0.752
32 0.8 0.048 0.752
5 0.8 0.048 0.752
3 0.8 0.048 0.752
21 0.8 0.048 0.752
30 0.8 0.048 0.752
36 0.8 0.048 0.752
4 0.8 0.048 0.752
25 0.8 0.048 0.752
26 0.778265 0.048 0.730265
28 0.783348 0.048 0.735348
39 0.755975 0.048 0.707975
48 0.515744 0.048 0.467744
38 0.8 0.048 0.752
44 0.8 0.048 0.752
15 0.8 0.048 0.752
25 0.752 0.048 0.704
27 0.8 0.048 0.752
8 0.8 0.048 0.752
18 0.8 0.048 0.752
49 0.8 0.048 0.752
34 0.8 0.048 0.752
15 0.8 0.048 0.752
25 0.777255 0.048 0.729255
26 0.8 0.048 0.752
28 0.8 0.048 0.752
7 0.8 0.048 0.752
50 0.8 0.048 0.752
42 0.8 0.048 0.752
18 0.752 0.048 0.704
1 0.8 0.048 0.752
11 0.8 0.048 0.752
14 0.8 0.048 0.752
4 0.8 0.048 0.752
10 0.8 0.048 0.752
36 0.8 0.048 0.752
41 0.8 0.048 0.752
18 0.783657 0.048 0.735657
8 0.8 0.048 0.752
27 0.8 0.048 0.752
42 0.8 0.048 0.752
49 0.8 0.048 0.752
37 0.8 0.048 0.752
45 0.8 0.048 0.752
3 0.8 0.048 0.752
5 0.8 0.048 0.752
21 0.8 0.048 0.752
3 0.752 0.048 0.704
3 0.704 0.16 0.544
3 0.544 0.016 0.528
29 0.8 0.048 0.752
46 0.8 0.048 0.752
28 0.8 0.048 0.752
26 0.8 0.048 0.752
39 0.786409 0.048 0.738409
48 0.622225 0.048 0.574225
48 0.574225 0.048 0.526225
28 0.752 0.048 0.704
28 0.704 0.16 0.544
26 0.752 0.16 0.592
39 0.738409 0.16 0.578409
48 0.526225 0.16 0.366225
3 0.528 0.048 0.48
5 0.752 0.048 0.704
15 0.8 0.048 0.752
21 0.752 0.048 0.704
39 0.649484 0.048 0.601484
26 0.592 0.048 0.544
28 0.544 0.048 0.496
48 0.366225 0.048 0.318225
30 0.8 0.048 0.752
5 0.774753 0.048 0.726753
21 0.779724 0.048 0.731724
6 0.8 0.048 0.752
33 0.8 0.048 0.752
8 0.8 0.048 0.752
18 0.8 0.048 0.752
27 0.8 0.048 0.752
49 0.8 0.048 0.752
50 0.8 0.048 0.752
7 0.8 0.048 0.752
32 0.8 0.048 0.752
19 0.8 0.048 0.752
22 0.8 0.048 0.752
23 0.8 0.048 0.752
3 0.551771 0.048 0.503771
5 0.726753 0.048 0.678753
21 0.731724 0.048 0.683724
30 0.752 0.048 0.704
21 0.683724 0.048 0.635724
3 0.503771 0.048 0.455771
5 0.678753 0.048 0.630753
30 0.704 0.048 0.656
21 0.635724 0.048 0.587724
21 0.587724 0.16 0.427724
21 0.427724 0.016 0.411724
41 0.8 0.048 0.752
4 0.8 0.048 0.752
10 0.8 0.048 0.752
35 0.8 0.048 0.752
26 0.619646 0.048 0.571646
25 0.8 0.048 0.752
28 0.5711 0.048 0.5231
48 0.394855 0.048 0.346855
24 0.8 0.048 0.752
47 0.8 0.048 0.752
16 0.8 0.048 0.752
11 0.8 0.048 0.752
1 0.8 0.048 0.752
14 0.8 0.048 0.752
3 0.534706 0.048 0.486706
5 0.700764 0.048 0.652764
21 0.483541 0.048 0.435541
30 0.728224 0.048 0.680224
44 0.8 0.048 0.752
38 0.8 0.048 0.752
20 0.8 0.048 0.752
12 0.8 0.048 0.752
40 0.8 0.048 0.752
13 0.8 0.048 0.752
2 0.8 0.048 0.752
2 0.752 0.048 0.704
13 0.752 0.048 0.704
22 0.8 0.048 0.752
19 0.8 0.048 0.752
23 0.8 0.048 0.752
32 0.8 0.048 0.752
5 0.72948 0.048 0.68148
3 0.565155 0.048 0.517155
21 0.512044 0.048 0.464044
30 0.755435 0.048 0.707435
36 0.8 0.048 0.752
4 0.8 0.048 0.752
10 0.8 0.048 0.752
30 0.707435 0.048 0.659435
38 0.8 0.048 0.752
44 0.8 0.048 0.752
15 0.8 0.048 0.752
3 0.517155 0.048 0.469155
25 0.8 0.048 0.752
25 0.752 0.048 0.704
15 0.752 0.048 0.704
15 0.704 0.16 0.544
3 0.469155 0.16 0.309155
25 0.704 0.16 0.544
25 0.544 0.016 0.528
15 0.544 0.016 0.528
25 0.528 0.048 0.48
15 0.528 0.048 0.48
26 0.71958 0.048 0.67158
28 0.667136 0.048 0.619136
27 0.8 0.048 0.752
8 0.8 0.048 0.752
18 0.8 0.048 0.752
49 0.8 0.048 0.752
34 0.8 0.048 0.752
42 0.8 0.048 0.752
7 0.8 0.048 0.752
50 0.8 0.048 0.752
42 0.752 0.048 0.704
18 0.752 0.048 0.704
27 0.752 0.048 0.704
42 0.704 0.048 0.656
42 0.656 0.16 0.496
42 0.496 0.016 0.48
1 0.8 0.048 0.752
11 0.8 0.048 0.752
14 0.8 0.048 0.752
4 0.8 0.048 0.752
10 0.8 0.048 0.752
36 0.8 0.048 0.752
41 0.8 0.048 0.752
9 0.8 0.048 0.752
43 0.8 0.048 0.752
18 0.783238 0.048 0.735238
8 0.8 0.048 0.752
27 0.780283 0.048 0.732283
42 0.555445 0.048 0.507445
18 0.735238 0.048 0.687238
18 0.687238 0.16 0.527238
18 0.527238 0.016 0.511238
37 0.8 0.048 0.752
45 0.8 0.048 0.752
29 0.8 0.048 0.752
46 0.8 0.048 0.752
18 0.511238 0.048 0.463238
27 0.732283 0.048 0.684283
42 0.507445 0.048 0.459445
39 0.8 0.048 0.752
28 0.772816 0.048 0.724816
48 0.639767 0.048 0.591767
30 0.8 0.048 0.752
5 0.8 0.048 0.752
21 0.687067 0.048 0.639067
21 0.639067 0.048 0.591067
30 0.752 0.048 0.704
30 0.704 0.16 0.544
5 0.752 0.16 0.592
21 0.591067 0.16 0.431067
6 0.8 0.048 0.752
33 0.8 0.048 0.752
8 0.8 0.048 0.752
27 0.757667 0.048 0.709667
49 0.8 0.048 0.752
8 0.752 0.048 0.704
8 0.704 0.16 0.544
8 0.544 0.016 0.528
50 0.8 0.048 0.752
7 0.8 0.048 0.752
32 0.8 0.048 0.752
19 0.8 0.048 0.752
22 0.8 0.048 0.752
23 0.8 0.048 0.752
8 0.528 0.048 0.48
18 0.5394 0.048 0.4914
27 0.709667 0.048 0.661667
42 0.530829 0.048 0.482829
49 0.752 0.048 0.704
41 0.8 0.048 0.752
4 0.8 0.048 0.752
10 0.8 0.048 0.752
35 0.8 0.048 0.752
26 0.8 0.048 0.752
25 0.712409 0.048 0.664409
28 0.8 0.048 0.752
48 0.667838 0.048 0.619838
48 0.619838 0.048 0.571838
26 0.752 0.048 0.704
26 0.704 0.16 0.544
25 0.664409 0.16 0.504409
28 0.752 0.16 0.592
48 0.571838 0.16 0.411838
24 0.8 0.048 0.752
47 0.8 0.048 0.752
16 0.8 0.048 0.752
11 0.8 0.048 0.752
1 0.8 0.048 0.752
14 0.8 0.048 0.752
8 0.554923 0.048 0.506923
27 0.732724 0.048 0.684724
49 0.777207 0.048 0.729207
44 0.8 0.048 0.752
38 0.8 0.048 0.752
20 0.8 0.048 0.752
12 0.8 0.048 0.752
40 0.8 0.048 0.752
13 0.8 0.048 0.752
2 0.8 0.048 0.752
2 0.752 0.048 0.704
13 0.752 0.048 0.704
22 0.8 0.048 0.752
19 0.8 0.048 0.752
23 0.8 0.048 0.752
32 0.8 0.048 0.752
5 0.740159 0.048 0.692159
3 0.679526 0.048 0.631526
21 0.578984 0.048 0.530984
30 0.688688 0.048 0.640688
36 0.8 0.048 0.752
4 0.8 0.048 0.752
6 0.8 0.048 0.752
8 0.584159 0.048 0.536159
33 0.8 0.048 0.752
49 0.8 0.048 0.752
38 0.8 0.048 0.752
44 0.8 0.048 0.752
25 0.648993 0.048 0.600993
15 0.8 0.048 0.752
26 0.701421 0.048 0.653421
28 0.735623 0.048 0.687623
45 0.8 0.048 0.752
37 0.8 0.048 0.752
27 0.8 0.048 0.752
8 0.609944 0.048 0.561944
18 0.721579 0.048 0.673579
18 0.673579 0.048 0.625579
49 0.752 0.048 0.704
27 0.752 0.048 0.704
27 0.704 0.16 0.544
8 0.561944 0.16 0.401944
18 0.625579 0.16 0.465579
34 0.8 0.048 0.752
6 0.8 0.048 0.752
33 0.8 0.048 0.752
7 0.8 0.048 0.752
50 0.8 0.048 0.752
1 0.8 0.048 0.752
11 0.8 0.048 0.752
14 0.8 0.048 0.752
4 0.8 0.048 0.752
10 0.8 0.048 0.752
36 0.8 0.048 0.752
41 0.8 0.048 0.752
9 0.8 0.048 0.752
43 0.8 0.048 0.752
37 0.8 0.048 0.752
45 0.8 0.048 0.752
29 0.8 0.048 0.752
46 0.8 0.048 0.752
6 0.8 0.048 0.752
33 0.8 0.048 0.752
39 0.8 0.048 0.752
28 0.8 0.048 0.752
48 0.721887 0.048 0.673887
6 0.8 0.048 0.752
33 0.8 0.048 0.752
35 0.8 0.048 0.752
41 0.8 0.048 0.752
50 0.8 0.048 0.752
7 0.8 0.048 0.752
32 0.8 0.048 0.752
19 0.8 0.048 0.752
22 0.8 0.048 0.752
23 0.8 0.048 0.752
41 0.752 0.048 0.704
4 0.8 0.048 0.752
10 0.8 0.048 0.752
35 0.752 0.048 0.704
10 0.752 0.048 0.704
4 0.8 0.048 0.752
35 0.774294 0.048 0.726294
41 0.774714 0.048 0.726714
24 0.8 0.048 0.752
47 0.8 0.048 0.752
16 0.8 0.048 0.752
11 0.8 0.048 0.752
1 0.8 0.048 0.752
14 0.8 0.048 0.752
37 0.8 0.048 0.752
45 0.8 0.048 0.752
44 0.8 0.048 0.752
38 0.8 0.048 0.752
20 0.8 0.048 0.752
12 0.8 0.048 0.752
40 0.8 0.048 0.752
13 0.8 0.048 0.752
2 0.8 0.048 0.752
2 0.752 0.048 0.704
13 0.752 0.048 0.704
22 0.8 0.048 0.752
19 0.8 0.048 0.752
23 0.8 0.048 0.752
32 0.8 0.048 0.752
5 0.8 0.048 0.752
3 0.8 0.048 0.752
21 0.8 0.048 0.752
30 0.8 0.048 0.752
36 0.8 0.048 0.752
4 0.8 0.048 0.752
37 0.8 0.048 0.752
45 0.8 0.048 0.752
38 0.8 0.048 0.752
44 0.8 0.048 0.752
25 0.8 0.048 0.752
15 0.8 0.048 0.752
26 0.8 0.048 0.752
28 0.8 0.048 0.752
48 0.8 0.048 0.752
48 0.752 0.048 0.704
25 0.752 0.048 0.704
25 0.704 0.16 0.544
26 0.752 0.16 0.592
28 0.752 0.16 0.592
48 0.704 0.16 0.544
48 0.544 0.016 0.528
25 0.544 0.016 0.528
48 0.528 0.048 0.48
25 0.528 0.048 0.48
26 0.592 0.048 0.544
28 0.592 0.048 0.544
39 0.8 0.048 0.752
45 0.8 0.048 0.752
37 0.752 0.048 0.704
45 0.752 0.048 0.704
45 0.704 0.16 0.544
45 0.544 0.016 0.528
34 0.8 0.048 0.752
34 0.752 0.048 0.704
34 0.704 0.16 0.544
34 0.544 0.016 0.528
34 0.528 0.048 0.48
37 0.779786 0.048 0.731786
45 0.528 0.048 0.48
7 0.8 0.048 0.752
50 0.8 0.048 0.752
1 0.8 0.048 0.752
11 0.8 0.048 0.752
14 0.8 0.048 0.752
4 0.8 0.048 0.752
10 0.8 0.048 0.752
36 0.8 0.048 0.752
41 0.8 0.048 0.752
9 0.8 0.048 0.752
43 0.8 0.048 0.752
31 0.8 0.048 0.752
17 0.8 0.048 0.752
37 0.8 0.048 0.752
45 0.556393 0.048 0.508393
29 0.8 0.048 0.752
46 0.8 0.048 0.752
34 0.552274 0.048 0.504274
39 0.8 0.048 0.752
26 0.699903 0.048 0.651903
28 0.695657 0.048 0.647657
48 0.624716 0.048 0.576716
46 0.8 0.048 0.752
29 0.8 0.048 0.752
6 0.8 0.048 0.752
33 0.8 0.048 0.752
35 0.8 0.048 0.752
10 0.8 0.048 0.752
41 0.8 0.048 0.752
50 0.8 0.048 0.752
7 0.8 0.048 0.752
32 0.8 0.048 0.752
19 0.8 0.048 0.752
22 0.8 0.048 0.752
23 0.8 0.048 0.752
34 0.580118 0.048 0.532118
41 0.752 0.048 0.704
4 0.8 0.048 0.752
10 0.752 0.048 0.704
35 0.752 0.048 0.704
10 0.704 0.048 0.656
4 0.8 0.048 0.752
35 0.777381 0.048 0.729381
41 0.775291 0.048 0.727291
24 0.8 0.048 0.752
47 0.8 0.048 0.752
16 0.8 0.048 0.752
11 0.8 0.048 0.752
1 0.8 0.048 0.752
14 0.8 0.048 0.752
36 0.8 0.048 0.752
12 0.8 0.048 0.752
20 0.8 0.048 0.752
40 0.8 0.048 0.752
44 0.8 0.048 0.752
38 0.8 0.048 0.752
20 0.752 0.048 0.704
12 0.752 0.048 0.704
40 0.752 0.048 0.704
13 0.8 0.048 0.752
2 0.8 0.048 0.752
2 0.752 0.048 0.704
13 0.752 0.048 0.704
22 0.8 0.048 0.752
19 0.8 0.048 0.752
23 0.8 0.048 0.752
32 0.8 0.048 0.752
5 0.8 0.048 0.752
3 0.8 0.048 0.752
21 0.8 0.048 0.752
30 0.8 0.048 0.752
36 0.8 0.048 0.752
4 0.8 0.048 0.752
36 0.752 0.048 0.704
36 0.704 0.16 0.544
36 0.544 0.016 0.528
19 0.8 0.048 0.752
22 0.752 0.048 0.704
23 0.752 0.048 0.704
23 0.704 0.048 0.656
32 0.752 0.048 0.704
19 0.752 0.048 0.704
19 0.704 0.16 0.544
22 0.704 0.16 0.544
23 0.656 0.16 0.496
32 0.704 0.16 0.544
33 0.8 0.048 0.752
6 0.8 0.048 0.752
4 0.752 0.048 0.704
10 0.8 0.048 0.752
36 0.528 0.048 0.48
41 0.8 0.048 0.752
38 0.8 0.048 0.752
44 0.8 0.048 0.752
17 0.8 0.048 0.752
31 0.8 0.048 0.752
43 0.8 0.048 0.752
48 0.8 0.048 0.752
25 0.8 0.048 0.752
26 0.8 0.048 0.752
28 0.8 0.048 0.752
39 0.8 0.048 0.752
4 0.781442 0.048 0.733442
10 0.8 0.048 0.752
36 0.55293 0.048 0.50493
41 0.8 0.048 0.752
7 0.8 0.048 0.752
50 0.8 0.048 0.752
1 0.8 0.048 0.752
11 0.8 0.048 0.752
14 0.8 0.048 0.752
4 0.733442 0.048 0.685442
10 0.752 0.048 0.704
36 0.580066 0.048 0.532066
41 0.752 0.048 0.704
4 0.685442 0.048 0.637442
4 0.637442 0.16 0.477442
4 0.477442 0.016 0.461442
9 0.8 0.048 0.752
43 0.8 0.048 0.752
31 0.8 0.048 0.752
17 0.8 0.048 0.752
37 0.8 0.048 0.752
45 0.8 0.048 0.752
29 0.8 0.048 0.752
46 0.8 0.048 0.752
4 0.538656 0.048 0.490656
10 0.780825 0.048 0.732825
35 0.8 0.048 0.752
41 0.777997 0.048 0.729997
39 0.8 0.048 0.752
26 0.8 0.048 0.752
28 0.8 0.048 0.752
48 0.8 0.048 0.752
23 0.725364 0.048 0.677364
19 0.694961 0.048 0.646961
22 0.767936 0.048 0.719936
32 0.769693 0.048 0.721693
46 0.8 0.048 0.752
29 0.8 0.048 0.752
6 0.8 0.048 0.752
33 0.8 0.048 0.752
35 0.8 0.048 0.752
41 0.8 0.048 0.752
35 0.752 0.048 0.704
35 0.704 0.16 0.544
35 0.544 0.016 0.528
50 0.8 0.048 0.752
7 0.8 0.048 0.752
32 0.721693 0.048 0.673693
19 0.724144 0.048 0.676144
22 0.719936 0.048 0.671936
23 0.677364 0.048 0.629364
24 0.8 0.048 0.752
35 0.528 0.048 0.48
41 0.752 0.048 0.704
4 0.569025 0.048 0.521025
10 0.8 0.048 0.752
35 0.48 0.048 0.432
10 0.752 0.048 0.704
4 0.595505 0.048 0.547505
41 0.775564 0.048 0.727564
24 0.8 0.048 0.752
24 0.752 0.048 0.704
24 0.704 0.16 0.544
24 0.544 0.016 0.528
47 0.8 0.048 0.752
16 0.8 0.048 0.752
11 0.8 0.048 0.752
1 0.8 0.048 0.752
14 0.8 0.048 0.752
22 0.748472 0.048 0.700472
24 0.528 0.048 0.48
12 0.8 0.048 0.752
20 0.8 0.048 0.752
40 0.8 0.048 0.752
44 0.8 0.048 0.752
38 0.8 0.048 0.752
20 0.752 0.048 0.704
12 0.752 0.048 0.704
40 0.752 0.048 0.704
13 0.8 0.048 0.752
2 0.8 0.048 0.752
2 0.752 0.048 0.704
13 0.752 0.048 0.704
22 0.770928 0.048 0.722928
19 0.752514 0.048 0.704514
23 0.779152 0.048 0.731152
24 0.558582 0.048 0.510582
32 0.8 0.048 0.752
22 0.722928 0.048 0.674928
22 0.674928 0.16 0.514928
22 0.514928 0.016 0.498928
5 0.8 0.048 0.752
3 0.8 0.048 0.752
21 0.8 0.048 0.752
30 0.8 0.048 0.752
33 0.8 0.048 0.752
6 0.8 0.048 0.752
19 0.774827 0.048 0.726827
22 0.498928 0.048 0.450928
23 0.731152 0.048 0.683152
24 0.510582 0.048 0.462582
32 0.752 0.048 0.704
38 0.8 0.048 0.752
44 0.8 0.048 0.752
17 0.8 0.048 0.752
31 0.8 0.048 0.752
43 0.8 0.048 0.752
48 0.8 0.048 0.752
25 0.8 0.048 0.752
26 0.8 0.048 0.752
28 0.8 0.048 0.752
39 0.8 0.048 0.752
19 0.8 0.048 0.752
22 0.526582 0.048 0.478582
23 0.761125 0.048 0.713125
32 0.779246 0.048 0.731246
7 0.8 0.048 0.752
44 0.8 0.048 0.752
50 0.8 0.048 0.752
1 0.8 0.048 0.752
11 0.8 0.048 0.752
9 0.8 0.048 0.752
43 0.8 0.048 0.752
31 0.8 0.048 0.752
17 0.8 0.048 0.752
37 0.8 0.048 0.752
45 0.8 0.048 0.752
29 0.8 0.048 0.752
46 0.8 0.048 0.752
29 0.752 0.048 0.704
29 0.704 0.16 0.544
29 0.544 0.016 0.528
19 0.8 0.048 0.752
23 0.789394 0.048 0.741394
29 0.600755 0.048 0.552755
32 0.8 0.048 0.752
46 0.752 0.048 0.704
39 0.8 0.048 0.752
28 0.8 0.048 0.752
48 0.8 0.048 0.752
23 0.8 0.048 0.752
19 0.752 0.048 0.704
22 0.632244 0.048 0.584244
22 0.584244 0.048 0.536244
32 0.8 0.048 0.752
23 0.752 0.048 0.704
23 0.704 0.16 0.544
19 0.704 0.16 0.544
22 0.536244 0.16 0.376244
32 0.752 0.16 0.592
46 0.778399 0.048 0.730399
29 0.552755 0.048 0.504755
46 0.730399 0.048 0.682399
46 0.682399 0.16 0.522399
46 0.522399 0.016 0.506399
6 0.8 0.048 0.752
33 0.8 0.048 0.752
50 0.8 0.048 0.752
32 0.592 0.048 0.544
19 0.622743 0.048 0.574743
22 0.376244 0.048 0.328244
23 0.544 0.048 0.496
29 0.579191 0.048 0.531191
46 0.506399 0.048 0.458399
41 0.8 0.048 0.752
4 0.8 0.048 0.752
10 0.8 0.048 0.752
10 0.752 0.048 0.704
4 0.8 0.048 0.752
35 0.8 0.048 0.752
41 0.8 0.048 0.752
47 0.8 0.048 0.752
16 0.8 0.048 0.752
11 0.8 0.048 0.752
1 0.8 0.048 0.752
14 0.8 0.048 0.752
29 0.610465 0.048 0.562465
46 0.537544 0.048 0.489544
12 0.8 0.048 0.752
20 0.8 0.048 0.752
40 0.8 0.048 0.752
44 0.8 0.048 0.752
38 0.8 0.048 0.752
20 0.752 0.048 0.704
12 0.752 0.048 0.704
40 0.752 0.048 0.704
13 0.8 0.048 0.752
2 0.8 0.048 0.752
2 0.752 0.048 0.704
13 0.752 0.048 0.704
5 0.8 0.048 0.752
3 0.8 0.048 0.752
21 0.8 0.048 0.752
30 0.8 0.048 0.752
33 0.8 0.048 0.752
6 0.8 0.048 0.752
38 0.8 0.048 0.752
44 0.8 0.048 0.752
17 0.8 0.048 0.752
31 0.8 0.048 0.752
43 0.8 0.048 0.752
48 0.8 0.048 0.752
25 0.8 0.048 0.752
26 0.8 0.048 0.752
28 0.8 0.048 0.752
39 0.8 0.048 0.752
1 0.8 0.048 0.752
7 0.8 0.048 0.752
50 0.8 0.048 0.752
1 0.752 0.048 0.704
11 0.8 0.048 0.752
9 0.8 0.048 0.752
43 0.8 0.048 0.752
31 0.8 0.048 0.752
17 0.8 0.048 0.752
37 0.8 0.048 0.752
45 0.8 0.048 0.752
1 0.775597 0.048 0.727597
11 0.8 0.048 0.752
14 0.8 0.048 0.752
39 0.8 0.048 0.752
26 0.8 0.048 0.752
28 0.8 0.048 0.752
48 0.8 0.048 0.752
6 0.8 0.048 0.752
33 0.8 0.048 0.752
50 0.8 0.048 0.752
7 0.8 0.048 0.752
32 0.8 0.048 0.752
19 0.8 0.048 0.752
22 0.701417 0.048 0.653417
22 0.653417 0.048 0.605417
23 0.8 0.048 0.752
32 0.752 0.048 0.704
32 0.704 0.16 0.544
19 0.752 0.16 0.592
22 0.605417 0.16 0.445417
23 0.752 0.16 0.592
1 0.8 0.048 0.752
11 0.8 0.048 0.752
14 0.8 0.048 0.752
41 0.8 0.048 0.752
4 0.8 0.048 0.752
10 0.8 0.048 0.752
35 0.8 0.048 0.752
10 0.752 0.048 0.704
4 0.8 0.048 0.752
35 0.8 0.048 0.752
41 0.8 0.048 0.752
47 0.8 0.048 0.752
16 0.8 0.048 0.752
11 0.8 0.048 0.752
1 0.8 0.048 0.752
14 0.8 0.048 0.752
14 0.752 0.048 0.704
12 0.8 0.048 0.752
20 0.8 0.048 0.752
40 0.8 0.048 0.752
44 0.8 0.048 0.752
7 0.8 0.048 0.752
38 0.8 0.048 0.752
20 0.752 0.048 0.704
12 0.752 0.048 0.704
40 0.752 0.048 0.704
13 0.8 0.048 0.752
2 0.8 0.048 0.752
2 0.752 0.048 0.704
13 0.752 0.048 0.704
5 0.8 0.048 0.752
3 0.8 0.048 0.752
21 0.8 0.048 0.752
30 0.8 0.048 0.752
33 0.8 0.048 0.752
6 0.8 0.048 0.752
2 0.779989 0.048 0.731989
13 0.704 0.048 0.656
38 0.8 0.048 0.752
44 0.8 0.048 0.752
17 0.8 0.048 0.752
31 0.8 0.048 0.752
43 0.8 0.048 0.752
48 0.8 0.048 0.752
26 0.8 0.048 0.752
28 0.8 0.048 0.752
39 0.8 0.048 0.752
2 0.8 0.048 0.752
13 0.729717 0.048 0.681717
7 0.8 0.048 0.752
50 0.8 0.048 0.752
1 0.8 0.048 0.752
11 0.8 0.048 0.752
14 0.8 0.048 0.752
9 0.8 0.048 0.752
43 0.8 0.048 0.752
31 0.8 0.048 0.752
17 0.8 0.048 0.752
37 0.8 0.048 0.752
45 0.8 0.048 0.752
2 0.8 0.048 0.752
12 0.8 0.048 0.752
13 0.758157 0.048 0.710157
40 0.8 0.048 0.752
39 0.8 0.048 0.752
26 0.8 0.048 0.752
28 0.8 0.048 0.752
48 0.8 0.048 0.752
6 0.8 0.048 0.752
33 0.8 0.048 0.752
50 0.8 0.048 0.752
7 0.8 0.048 0.752
12 0.8 0.048 0.752
20 0.8 0.048 0.752
40 0.8 0.048 0.752
41 0.8 0.048 0.752
4 0.8 0.048 0.752
10 0.8 0.048 0.752
35 0.8 0.048 0.752
10 0.752 0.048 0.704
4 0.8 0.048 0.752
41 0.8 0.048 0.752
47 0.8 0.048 0.752
16 0.8 0.048 0.752
11 0.8 0.048 0.752
1 0.8 0.048 0.752
14 0.8 0.048 0.752
12 0.8 0.048 0.752
20 0.8 0.048 0.752
38 0.8 0.048 0.752
40 0.8 0.048 0.752
12 0.752 0.048 0.704
20 0.752 0.048 0.704
40 0.752 0.048 0.704
44 0.8 0.048 0.752
38 0.752 0.048 0.704
20 0.704 0.048 0.656
12 0.704 0.048 0.656
40 0.704 0.048 0.656
20 0.656 0.048 0.608
20 0.608 0.16 0.448
20 0.448 0.016 0.432
13 0.8 0.048 0.752
2 0.8 0.048 0.752
2 0.752 0.048 0.704
13 0.752 0.048 0.704
5 0.8 0.048 0.752
3 0.8 0.048 0.752
21 0.8 0.048 0.752
30 0.8 0.048 0.752
33 0.8 0.048 0.752
6 0.8 0.048 0.752
38 0.781477 0.048 0.733477
44 0.8 0.048 0.752
38 0.733477 0.048 0.685477
44 0.752 0.048 0.704
38 0.685477 0.048 0.637477
38 0.637477 0.16 0.477477
38 0.477477 0.016 0.461477
17 0.8 0.048 0.752
31 0.8 0.048 0.752
43 0.8 0.048 0.752
48 0.8 0.048 0.752
26 0.8 0.048 0.752
28 0.8 0.048 0.752
39 0.8 0.048 0.752
7 0.8 0.048 0.752
38 0.538321 0.048 0.490321
44 0.776438 0.048 0.728438
7 0.752 0.048 0.704
50 0.8 0.048 0.752
7 0.704 0.048 0.656
7 0.656 0.16 0.496
7 0.496 0.016 0.48
1 0.8 0.048 0.752
11 0.8 0.048 0.752
14 0.8 0.048 0.752
9 0.8 0.048 0.752
43 0.8 0.048 0.752
31 0.8 0.048 0.752
17 0.8 0.048 0.752
37 0.8 0.048 0.752
45 0.8 0.048 0.752
7 0.559271 0.048 0.511271
44 0.8 0.048 0.752
50 0.8 0.048 0.752
39 0.8 0.048 0.752
26 0.8 0.048 0.752
28 0.8 0.048 0.752
48 0.8 0.048 0.752
6 0.8 0.048 0.752
33 0.8 0.048 0.752
50 0.8 0.048 0.752
7 0.582886 0.048 0.534886
50 0.752 0.048 0.704
50 0.704 0.16 0.544
50 0.544 0.016 0.528
7 0.534886 0.048 0.486886
50 0.528 0.048 0.48
41 0.8 0.048 0.752
4 0.8 0.048 0.752
10 0.8 0.048 0.752
35 0.8 0.048 0.752
10 0.752 0.048 0.704
4 0.8 0.048 0.752
35 0.8 0.048 0.752
41 0.8 0.048 0.752
47 0.8 0.048 0.752
16 0.8 0.048 0.752
11 0.8 0.048 0.752
1 0.8 0.048 0.752
14 0.8 0.048 0.752
17 0.8 0.048 0.752
31 0.8 0.048 0.752
50 0.555627 0.048 0.507627
12 0.8 0.048 0.752
20 0.8 0.048 0.752
40 0.8 0.048 0.752
44 0.8 0.048 0.752
38 0.706644 0.048 0.658644
38 0.658644 0.048 0.610644
44 0.752 0.048 0.704
44 0.704 0.16 0.544
38 0.610644 0.16 0.450644
13 0.8 0.048 0.752
2 0.8 0.048 0.752
2 0.752 0.048 0.704
13 0.752 0.048 0.704
5 0.8 0.048 0.752
3 0.8 0.048 0.752
21 0.8 0.048 0.752
30 0.8 0.048 0.752
33 0.8 0.048 0.752
6 0.8 0.048 0.752
17 0.8 0.048 0.752
31 0.8 0.048 0.752
43 0.8 0.048 0.752
17 0.752 0.048 0.704
31 0.752 0.048 0.704
43 0.8 0.048 0.752
17 0.704 0.048 0.656
17 0.656 0.16 0.496
17 0.496 0.016 0.48
48 0.8 0.048 0.752
26 0.8 0.048 0.752
28 0.8 0.048 0.752
39 0.8 0.048 0.752
9 0.8 0.048 0.752
17 0.558478 0.048 0.510478
31 0.775468 0.048 0.727468
43 0.752 0.048 0.704
1 0.8 0.048 0.752
11 0.8 0.048 0.752
14 0.8 0.048 0.752
9 0.8 0.048 0.752
43 0.783438 0.048 0.735438
9 0.752 0.048 0.704
9 0.704 0.16 0.544
9 0.544 0.016 0.528
31 0.727468 0.048 0.679468
17 0.587988 0.048 0.539988
37 0.8 0.048 0.752
45 0.8 0.048 0.752
9 0.528 0.048 0.48
43 0.735438 0.048 0.687438
39 0.8 0.048 0.752
26 0.8 0.048 0.752
28 0.8 0.048 0.752
48 0.8 0.048 0.752
6 0.8 0.048 0.752
33 0.8 0.048 0.752
9 0.553033 0.048 0.505033
47 0.8 0.048 0.752
41 0.8 0.048 0.752
4 0.8 0.048 0.752
10 0.8 0.048 0.752
35 0.8 0.048 0.752
10 0.752 0.048 0.704
4 0.8 0.048 0.752
35 0.8 0.048 0.752
41 0.8 0.048 0.752
47 0.752 0.048 0.704
16 0.8 0.048 0.752
16 0.752 0.048 0.704
47 0.704 0.096 0.608
47 0.608 0.16 0.448
47 0.448 0.016 0.432
11 0.8 0.048 0.752
1 0.8 0.048 0.752
14 0.8 0.048 0.752
16 0.704 0.048 0.656
47 0.50874 0.048 0.46074
12 0.8 0.048 0.752
20 0.8 0.048 0.752
40 0.8 0.048 0.752
13 0.8 0.048 0.752
2 0.8 0.048 0.752
2 0.752 0.048 0.704
13 0.752 0.048 0.704
5 0.8 0.048 0.752
3 0.8 0.048 0.752
21 0.8 0.048 0.752
30 0.8 0.048 0.752
33 0.8 0.048 0.752
6 0.8 0.048 0.752
16 0.728602 0.048 0.680602
39 0.8 0.048 0.752
47 0.537933 0.048 0.489933
48 0.8 0.048 0.752
26 0.8 0.048 0.752
28 0.8 0.048 0.752
39 0.752 0.048 0.704
26 0.8 0.048 0.752
28 0.8 0.048 0.752
39 0.780609 0.048 0.732609
48 0.8 0.048 0.752
1 0.8 0.048 0.752
11 0.8 0.048 0.752
14 0.8 0.048 0.752
31 0.8 0.048 0.752
17 0.8 0.048 0.752
37 0.8 0.048 0.752
45 0.8 0.048 0.752
25 0.8 0.048 0.752
26 0.8 0.048 0.752
28 0.8 0.048 0.752
39 0.8 0.048 0.752
48 0.8 0.048 0.752
39 0.752 0.048 0.704
28 0.752 0.048 0.704
48 0.752 0.048 0.704
6 0.8 0.048 0.752
33 0.8 0.048 0.752
15 0.8 0.048 0.752
25 0.8 0.048 0.752
26 0.8 0.048 0.752
28 0.777169 0.048 0.729169
48 0.775369 0.048 0.727369
41 0.8 0.048 0.752
4 0.8 0.048 0.752
10 0.8 0.048 0.752
35 0.8 0.048 0.752
10 0.752 0.048 0.704
4 0.8 0.048 0.752
36 0.8 0.048 0.752
36 0.752 0.048 0.704
41 0.8 0.048 0.752
10 0.704 0.048 0.656
10 0.656 0.16 0.496
4 0.752 0.16 0.592
36 0.704 0.16 0.544
36 0.544 0.016 0.528
10 0.496 0.016 0.48
36 0.528 0.048 0.48
4 0.592 0.048 0.544
10 0.48 0.048 0.432
41 0.752 0.16 0.592
11 0.8 0.048 0.752
1 0.8 0.048 0.752
14 0.8 0.048 0.752
3 0.8 0.048 0.752
15 0.8 0.048 0.752
25 0.8 0.048 0.752
12 0.8 0.048 0.752
20 0.8 0.048 0.752
40 0.8 0.048 0.752
13 0.8 0.048 0.752
2 0.8 0.048 0.752
2 0.752 0.048 0.704
13 0.752 0.048 0.704
5 0.8 0.048 0.752
3 0.8 0.048 0.752
21 0.8 0.048 0.752
30 0.8 0.048 0.752
33 0.8 0.048 0.752
6 0.8 0.048 0.752
3 0.752 0.048 0.704
5 0.752 0.048 0.704
15 0.8 0.048 0.752
21 0.752 0.048 0.704
48 0.8 0.048 0.752
26 0.8 0.048 0.752
28 0.8 0.048 0.752
39 0.8 0.048 0.752
3 0.781454 0.048 0.733454
5 0.77886 0.048 0.73086
21 0.775112 0.048 0.727112
30 0.8 0.048 0.752
1 0.8 0.048 0.752
11 0.8 0.048 0.752
14 0.8 0.048 0.752
31 0.8 0.048 0.752
17 0.8 0.048 0.752
37 0.8 0.048 0.752
45 0.8 0.048 0.752
21 0.8 0.048 0.752
30 0.8 0.048 0.752
39 0.8 0.048 0.752
48 0.8 0.048 0.752
6 0.8 0.048 0.752
33 0.8 0.048 0.752
42 0.8 0.048 0.752
41 0.8 0.048 0.752
4 0.8 0.048 0.752
10 0.790711 0.048 0.742711
35 0.8 0.048 0.752
36 0.8 0.048 0.752
4 0.8 0.048 0.752
10 0.742711 0.048 0.694711
11 0.8 0.048 0.752
1 0.8 0.048 0.752
14 0.8 0.048 0.752
18 0.8 0.048 0.752
42 0.8 0.048 0.752
12 0.8 0.048 0.752
20 0.8 0.048 0.752
40 0.8 0.048 0.752
13 0.8 0.048 0.752
2 0.8 0.048 0.752
2 0.752 0.048 0.704
13 0.752 0.048 0.704
5 0.8 0.048 0.752
3 0.8 0.048 0.752
21 0.8 0.048 0.752
30 0.8 0.048 0.752
33 0.8 0.048 0.752
6 0.8 0.048 0.752
8 0.8 0.048 0.752
18 0.8 0.048 0.752
27 0.8 0.048 0.752
42 0.8 0.048 0.752
48 0.8 0.048 0.752
26 0.8 0.048 0.752
28 0.8 0.048 0.752
39 0.8 0.048 0.752
8 0.8 0.048 0.752
18 0.8 0.048 0.752
27 0.8 0.048 0.752
49 0.8 0.048 0.752
1 0.8 0.048 0.752
11 0.8 0.048 0.752
14 0.8 0.048 0.752
31 0.8 0.048 0.752
17 0.8 0.048 0.752
37 0.8 0.048 0.752
45 0.8 0.048 0.752
8 0.8 0.048 0.752
27 0.8 0.048 0.752
49 0.8 0.048 0.752
39 0.8 0.048 0.752
48 0.8 0.048 0.752
6 0.8 0.048 0.752
33 0.8 0.048 0.752
6 0.752 0.048 0.704
33 0.752 0.048 0.704
41 0.8 0.048 0.752
4 0.8 0.048 0.752
10 0.8 0.048 0.752
35 0.8 0.048 0.752
36 0.8 0.048 0.752
36 0.8 0.048 0.752
4 0.8 0.048 0.752
10 0.752 0.048 0.704
41 0.8 0.048 0.752
11 0.8 0.048 0.752
1 0.8 0.048 0.752
14 0.8 0.048 0.752
6 0.778461 0.048 0.730461
33 0.782611 0.048 0.734611
12 0.8 0.048 0.752
20 0.8 0.048 0.752
40 0.8 0.048 0.752
13 0.8 0.048 0.752
2 0.8 0.048 0.752
2 0.752 0.048 0.704
13 0.752 0.048 0.704
5 0.8 0.048 0.752
3 0.8 0.048 0.752
21 0.8 0.048 0.752
30 0.8 0.048 0.752
33 0.8 0.048 0.752
6 0.8 0.048 0.752
6 0.752 0.048 0.704
48 0.8 0.048 0.752
25 0.8 0.048 0.752
26 0.8 0.048 0.752
28 0.8 0.048 0.752
39 0.8 0.048 0.752
37 0.8 0.048 0.752
45 0.8 0.048 0.752
1 0.8 0.048 0.752
11 0.8 0.048 0.752
31 0.8 0.048 0.752
17 0.8 0.048 0.752
37 0.8 0.048 0.752
45 0.8 0.048 0.752
37 0.752 0.048 0.704
37 0.704 0.16 0.544
37 0.544 0.016 0.528
37 0.528 0.048 0.48
45 0.752 0.048 0.704
39 0.8 0.048 0.752
48 0.8 0.048 0.752
6 0.8 0.048 0.752
33 0.8 0.048 0.752
34 0.8 0.048 0.752
37 0.555683 0.048 0.507683
45 0.775282 0.048 0.727282
41 0.8 0.048 0.752
4 0.8 0.048 0.752
10 0.8 0.048 0.752
35 0.8 0.048 0.752
36 0.8 0.048 0.752
4 0.8 0.048 0.752
10 0.752 0.048 0.704
41 0.8 0.048 0.752
11 0.8 0.048 0.752
1 0.8 0.048 0.752
14 0.8 0.048 0.752
34 0.8 0.048 0.752
45 0.8 0.048 0.752
12 0.8 0.048 0.752
20 0.8 0.048 0.752
40 0.8 0.048 0.752
13 0.8 0.048 0.752
2 0.8 0.048 0.752
2 0.752 0.048 0.704
13 0.752 0.048 0.704
5 0.8 0.048 0.752
3 0.8 0.048 0.752
21 0.8 0.048 0.752
30 0.8 0.048 0.752
33 0.8 0.048 0.752
6 0.8 0.048 0.752
34 0.8 0.048 0.752
48 0.8 0.048 0.752
25 0.8 0.048 0.752
26 0.8 0.048 0.752
28 0.8 0.048 0.752
39 0.8 0.048 0.752
1 0.8 0.048 0.752
11 0.8 0.048 0.752
31 0.8 0.048 0.752
17 0.8 0.048 0.752
4 0.8 0.048 0.752
36 0.8 0.048 0.752
39 0.8 0.048 0.752
48 0.8 0.048 0.752
6 0.8 0.048 0.752
33 0.8 0.048 0.752
4 0.8 0.048 0.752
10 0.8 0.048 0.752
36 0.8 0.048 0.752
41 0.8 0.048 0.752
41 0.752 0.048 0.704
4 0.752 0.048 0.704
10 0.752 0.048 0.704
35 0.8 0.048 0.752
35 0.752 0.048 0.704
41 0.704 0.096 0.608
41 0.608 0.16 0.448
41 0.448 0.016 0.432
36 0.8 0.048 0.752
4 0.780927 0.048 0.732927
36 0.752 0.048 0.704
36 0.704 0.16 0.544
36 0.544 0.016 0.528
11 0.8 0.048 0.752
1 0.8 0.048 0.752
14 0.8 0.048 0.752
4 0.732927 0.048 0.684927
10 0.779589 0.048 0.731589
35 0.781742 0.048 0.733742
36 0.528 0.048 0.48
41 0.508327 0.048 0.460327
12 0.8 0.048 0.752
20 0.8 0.048 0.752
40 0.8 0.048 0.752
13 0.8 0.048 0.752
2 0.8 0.048 0.752
2 0.752 0.048 0.704
13 0.752 0.048 0.704
5 0.8 0.048 0.752
3 0.8 0.048 0.752
15 0.8 0.048 0.752
15 0.752 0.048 0.704
21 0.8 0.048 0.752
30 0.8 0.048 0.752
5 0.752 0.048 0.704
5 0.704 0.16 0.544
3 0.752 0.16 0.592
15 0.704 0.16 0.544
15 0.544 0.016 0.528
5 0.544 0.016 0.528
15 0.528 0.048 0.48
3 0.592 0.048 0.544
5 0.528 0.048 0.48
21 0.752 0.16 0.592
30 0.752 0.16 0.592
