21 1389 1.0884
26 1391 1.18823
23 1392 1.19852
1 1398 1.68165
15 1401 1.91858
16 1402 1.95475
25 1404 2.0374
10 1405 2.05936
19 1407 2.10797
30 1409 2.23731
3 1413 2.48324
9 1414 2.55149
4 1416 2.5867
27 1419 2.83333
7 1422 3.0504
13 1423 3.06401
12 1427 3.33246
28 1428 3.34081
5 1433 3.69036
11 1434 3.692
21 1436 3.79671
8 1437 3.87182
2 1440 4.04696
6 1442 4.11086
18 1444 4.1949
24 1449 4.62453
22 1452 4.8163
10 1453 4.82073
19 1454 4.8585
14 1463 5.65091
16 1467 5.92738
1 1473 6.46251
9 1489 7.96173
13 1491 8.0076
28 1495 8.3213
26 1496 8.32571
4 1506 9.20001
