52 939 0 100 0.7 1.13656 1.13656
76 960 0 100 1.2 1.9234 2.4234
50 976 0 100 0.7 3.05991 3.05991
3 986 0 100 0.7 3.49722 3.49722
75 981 0 100 1.7 3.24205 4.24205
13 940 0 100 4.2 1.13827 4.63827
1 1010 0 100 0.7 5.10174 5.10174
38 1011 0 100 2.2 5.1151 6.6151
76 1013 0 100 3.2 5.15732 7.65732
98 983 0 100 5.7 3.30053 8.30053
50 1015 0 100 3.7 5.34115 8.34115
84 997 0 100 5.2 4.04651 8.54651
18 1017 0 100 3.7 5.60079 8.60079
100 1026 0 100 2.2 7.50963 9.00963
80 1008 0 100 5.7 4.72839 9.72839
78 1038 0 100 0.7 9.92199 9.92199
48 1001 0 100 7.2 4.27605 10.776
12 991 0 100 7.7 3.85185 10.8519
6 987 0 100 8.2 3.52928 11.0293
37 1035 0 100 3.2 9.02162 11.5216
52 1037 0 100 2.7 9.81136 11.8114
52 984 0 100 9.2 3.37316 11.8732
88 1007 0 100 8.2 4.6405 12.1405
89 970 0 100 10.2 2.71465 12.2146
74 966 0 100 10.7 2.39013 12.3901
74 1002 0 100 8.7 4.39998 12.4
76 1036 0 100 4.2 9.27748 12.7775
98 1023 0 100 7.2 6.69683 13.1968
98 1033 0 100 5.2 8.71795 13.218
