32 678 1.03012
2 679 1.03582
5 680 1.03814
37 681 1.07105
21 682 1.15318
68 683 1.17374
3 684 1.21983
70 685 1.25073
45 686 1.3591
28 687 1.55947
42 688 1.56494
23 689 1.59251
11 690 1.65665
25 691 1.73205
10 692 1.80819
63 693 1.86584
30 694 1.90477
13 695 2.00804
40 696 2.13014
19 697 2.19216
41 698 2.22328
22 699 2.26983
66 700 2.36805
1 701 2.57256
69 702 2.58514
4 703 2.72031
67 704 2.78769
27 705 2.95898
24 706 3.00128
17 707 3.02118
16 708 3.13279
44 709 3.16482
12 710 3.20604
7 711 3.31481
15 712 3.33002
47 713 3.35714
18 714 3.58624
2 715 3.598
56 716 3.73958
38 717 3.77349
65 718 3.7821
21 719 3.7984
61 720 3.87864
57 721 3.88924
34 722 4.02846
63 723 4.2127
62 724 4.31681
50 725 4.33424
26 726 4.35329
39 727 4.55748
60 728 4.64233
49 729 4.65566
59 730 4.93323
16 731 5.36058
45 732 5.43235
10 733 5.46831
70 734 5.48026
28 735 5.66005
41 736 5.88369
5 737 6.03034
42 738 6.0709
58 739 6.36279
27 740 6.39209
21 741 6.50825
30 742 6.60129
49 743 6.8353
1 744 7.64863
57 745 7.67828
17 746 8.02164
45 747 8.3851
65 748 8.48232
61 749 8.6513
59 750 8.80347
63 751 8.93711
16 752 9.08017
60 753 9.33809
42 754 9.86963
