95 408 0 100 3.50103e-08 1.33963 1.33963
57 402 0 100 1 1.1571 2.1571
92 441 0 100 1.16701e-08 4.02124 4.02124
72 423 0 100 2 2.32713 4.32713
39 404 0 100 3.5 1.18 4.68
68 443 0 100 0.5 4.33482 4.83482
10 442 0 100 1 4.10666 5.10666
44 432 0 100 2.5 3.17043 5.67043
84 454 0 100 1.16701e-08 6.00477 6.00477
76 438 0 100 2.5 3.61712 6.11712
1 413 0 100 4.5 1.68819 6.18819
100 440 0 100 2.5 3.97634 6.47634
51 449 0 100 2 4.82657 6.82657
51 458 0 100 1.16701e-08 6.91931 6.91931
74 426 0 100 4.5 2.59133 7.09133
26 415 0 100 5.5 1.80085 7.30085
61 419 0 100 5.5 2.07079 7.57079
62 463 0 100 1.16701e-08 8.18548 8.18548
88 447 0 100 4 4.64841 8.64841
85 435 0 100 5.5 3.44104 8.94104
38 434 0 100 6 3.29286 9.29286
97 464 0 100 1 8.44748 9.44748
97 436 0 100 6 3.50313 9.50313
55 401 0 100 8.5 1.13683 9.63683
82 465 0 100 1 8.65879 9.65879
39 455 0 100 4 6.02154 10.0215
50 421 0 100 8 2.27651 10.2765
90 422 0 100 8.5 2.29106 10.7911
90 457 0 100 4.5 6.30828 10.8083
47 430 0 100 9 3.02519 12.0252
74 459 0 100 4.5 7.53946 12.0395
48 468 0 100 3.5 9.33765 12.8377
48 450 0 100 8 4.93201 12.932
18 412 0 100 11.5 1.56272 13.0627
81 437 0 100 10 3.51057 13.5106
62 452 0 100 8 5.54561 13.5456
79 428 0 100 11 2.71403 13.714
