59 400 1.05875
55 401 1.13683
57 402 1.1571
11 403 1.16553
39 404 1.18
75 405 1.22837
66 406 1.31977
12 407 1.32375
95 408 1.33963
71 409 1.45645
64 410 1.48036
99 411 1.50093
18 412 1.56272
1 413 1.68819
13 414 1.79251
26 415 1.80085
89 416 1.9798
78 417 2.00252
98 418 2.0177
61 419 2.07079
41 420 2.2146
50 421 2.27651
90 422 2.29106
72 423 2.32713
40 424 2.40472
62 425 2.58343
74 426 2.59133
84 427 2.70029
79 428 2.71403
70 429 2.75102
47 430 3.02519
46 431 3.16122
44 432 3.17043
73 433 3.23415
38 434 3.29286
85 435 3.44104
97 436 3.50313
81 437 3.51057
76 438 3.61712
32 439 3.61868
100 440 3.97634
92 441 4.02124
10 442 4.10666
68 443 4.33482
57 444 4.3837
26 445 4.45175
43 446 4.6103
88 447 4.64841
55 448 4.73576
51 449 4.82657
48 450 4.93201
61 451 5.26517
62 452 5.54561
38 453 5.8613
84 454 6.00477
39 455 6.02154
85 456 6.09348
90 457 6.30828
51 458 6.91931
74 459 7.53946
31 460 7.80984
88 461 7.97281
43 462 8.10102
62 463 8.18548
97 464 8.44748
82 465 8.65879
90 466 8.69631
95 467 8.85852
48 468 9.33765
64 469 9.48504
39 470 9.87055
