5 1249 0 100 0.5 1.23322 1.73322
4 1256 0 100 0.5 1.5951 2.0951
19 1254 0 100 2 1.47938 3.47938
3 1275 0 100 0.5 3.03374 3.53374
8 1248 0 100 2.5 1.18515 3.68515
7 1258 0 100 2.5 1.6856 4.1856
9 1259 0 100 2.5 1.76344 4.26344
5 1286 0 100 3 3.83623 6.83623
18 1297 0 100 2.5 4.47253 6.97253
6 1299 0 100 3 4.57036 7.57036
17 1268 0 100 5.5 2.39075 7.89075
20 1282 0 100 5.5 3.53103 9.03103
7 1328 0 100 2.5 6.77731 9.27731
15 1265 0 100 9.5 2.21298 11.713
2 1303 0 100 8 4.68986 12.6899
4 1296 0 100 8.5 4.39408 12.8941
11 1304 0 100 9 4.72647 13.7265
19 1307 0 100 9 4.97508 13.9751
19 1352 0 100 5 9.04883 14.0488
12 1293 0 100 10 4.24855 14.2486
9 1323 0 100 8.5 6.43137 14.9314
