18 0.8 0.048 0.752
7 0.8 0.048 0.752
18 0.752 0.048 0.704
18 0.704 0.16 0.544
7 0.752 0.16 0.592
7 0.592 0.016 0.576
18 0.544 0.016 0.528
7 0.576 0.048 0.528
18 0.528 0.048 0.48
7 0.8 0.048 0.752
18 0.8 0.048 0.752
17 0.8 0.048 0.752
2 0.8 0.048 0.752
7 0.8 0.048 0.752
18 0.8 0.048 0.752
17 0.8 0.048 0.752
2 0.8 0.048 0.752
9 0.8 0.048 0.752
14 0.8 0.048 0.752
20 0.8 0.048 0.752
9 0.752 0.096 0.656
9 0.656 0.16 0.496
14 0.752 0.16 0.592
14 0.592 0.016 0.576
9 0.496 0.016 0.48
14 0.576 0.048 0.528
9 0.48 0.048 0.432
20 0.752 0.048 0.704
14 0.528 0.048 0.48
14 0.48 0.16 0.32
20 0.704 0.16 0.544
9 0.432 0.16 0.272
20 0.544 0.16 0.384
6 0.8 0.048 0.752
4 0.8 0.048 0.752
10 0.8 0.048 0.752
6 0.752 0.096 0.656
6 0.656 0.16 0.496
4 0.752 0.16 0.592
4 0.592 0.016 0.576
6 0.496 0.016 0.48
4 0.576 0.048 0.528
6 0.48 0.048 0.432
10 0.752 0.048 0.704
4 0.528 0.048 0.48
4 0.48 0.16 0.32
10 0.704 0.16 0.544
6 0.432 0.16 0.272
10 0.544 0.16 0.384
7 0.8 0.048 0.752
18 0.8 0.048 0.752
19 0.8 0.048 0.752
17 0.8 0.048 0.752
2 0.8 0.048 0.752
10 0.607992 0.048 0.559992
4 0.537057 0.048 0.489057
6 0.494377 0.048 0.446377
13 0.8 0.048 0.752
7 0.8 0.048 0.752
14 0.8 0.048 0.752
18 0.8 0.048 0.752
19 0.8 0.048 0.752
17 0.8 0.048 0.752
11 0.8 0.048 0.752
8 0.8 0.048 0.752
11 0.752 0.048 0.704
11 0.704 0.16 0.544
8 0.752 0.16 0.592
8 0.592 0.016 0.576
11 0.544 0.016 0.528
8 0.576 0.048 0.528
11 0.528 0.048 0.48
2 0.8 0.048 0.752
10 0.8 0.048 0.752
4 0.8 0.048 0.752
6 0.8 0.048 0.752
10 0.752 0.048 0.704
10 0.704 0.16 0.544
4 0.752 0.16 0.592
6 0.752 0.16 0.592
6 0.592 0.016 0.576
10 0.544 0.016 0.528
6 0.576 0.048 0.528
4 0.592 0.048 0.544
10 0.528 0.048 0.48
12 0.8 0.048 0.752
16 0.8 0.048 0.752
18 0.8 0.048 0.752
7 0.8 0.048 0.752
13 0.8 0.048 0.752
5 0.8 0.048 0.752
7 0.8 0.048 0.752
9 0.8 0.048 0.752
14 0.8 0.048 0.752
18 0.8 0.048 0.752
7 0.752 0.048 0.704
7 0.704 0.16 0.544
9 0.752 0.16 0.592
9 0.592 0.016 0.576
7 0.544 0.016 0.528
9 0.576 0.048 0.528
7 0.528 0.048 0.48
14 0.752 0.048 0.704
20 0.8 0.048 0.752
9 0.528 0.048 0.48
9 0.48 0.16 0.32
14 0.704 0.16 0.544
18 0.752 0.16 0.592
7 0.48 0.16 0.32
14 0.544 0.16 0.384
20 0.752 0.16 0.592
20 0.592 0.016 0.576
9 0.32 0.016 0.304
20 0.576 0.048 0.528
9 0.304 0.048 0.256
14 0.384 0.048 0.336
20 0.528 0.048 0.48
20 0.48 0.16 0.32
20 0.32 0.016 0.304
9 0.256 0.16 0.096
14 0.336 0.16 0.176
19 0.8 0.048 0.752
17 0.8 0.048 0.752
8 0.8 0.048 0.752
11 0.8 0.048 0.752
2 0.8 0.048 0.752
6 0.8 0.048 0.752
4 0.8 0.048 0.752
10 0.8 0.048 0.752
12 0.8 0.048 0.752
16 0.8 0.048 0.752
20 0.534106 0.048 0.486106
9 0.399345 0.048 0.351345
14 0.469131 0.048 0.421131
18 0.8 0.048 0.752
7 0.537776 0.048 0.489776
13 0.8 0.048 0.752
5 0.8 0.048 0.752
3 0.8 0.048 0.752
19 0.8 0.048 0.752
17 0.8 0.048 0.752
17 0.752 0.048 0.704
17 0.704 0.16 0.544
17 0.544 0.016 0.528
8 0.8 0.048 0.752
11 0.8 0.048 0.752
2 0.8 0.048 0.752
6 0.8 0.048 0.752
4 0.8 0.048 0.752
10 0.8 0.048 0.752
12 0.8 0.048 0.752
16 0.8 0.048 0.752
15 0.8 0.048 0.752
1 0.8 0.048 0.752
13 0.8 0.048 0.752
20 0.8 0.048 0.752
9 0.723129 0.048 0.675129
14 0.78725 0.048 0.73925
20 0.752 0.048 0.704
20 0.704 0.16 0.544
9 0.675129 0.16 0.515129
9 0.515129 0.016 0.499129
20 0.544 0.016 0.528
9 0.499129 0.048 0.451129
14 0.73925 0.048 0.69125
20 0.528 0.048 0.48
14 0.69125 0.16 0.53125
18 0.8 0.048 0.752
7 0.8 0.048 0.752
18 0.752 0.048 0.704
18 0.704 0.16 0.544
7 0.752 0.16 0.592
7 0.592 0.016 0.576
18 0.544 0.016 0.528
7 0.576 0.048 0.528
18 0.528 0.048 0.48
13 0.8 0.048 0.752
1 0.8 0.048 0.752
5 0.8 0.048 0.752
5 0.752 0.048 0.704
5 0.704 0.16 0.544
5 0.544 0.016 0.528
3 0.8 0.048 0.752
19 0.8 0.048 0.752
8 0.8 0.048 0.752
11 0.8 0.048 0.752
2 0.8 0.048 0.752
6 0.8 0.048 0.752
4 0.8 0.048 0.752
10 0.8 0.048 0.752
12 0.8 0.048 0.752
16 0.8 0.048 0.752
15 0.8 0.048 0.752
1 0.8 0.048 0.752
13 0.8 0.048 0.752
9 0.8 0.048 0.752
14 0.8 0.048 0.752
20 0.8 0.048 0.752
7 0.8 0.048 0.752
18 0.8 0.048 0.752
13 0.8 0.048 0.752
1 0.8 0.048 0.752
3 0.8 0.048 0.752
3 0.752 0.048 0.704
3 0.704 0.16 0.544
3 0.544 0.016 0.528
19 0.8 0.048 0.752
8 0.8 0.048 0.752
11 0.8 0.048 0.752
2 0.8 0.048 0.752
6 0.8 0.048 0.752
4 0.8 0.048 0.752
10 0.8 0.048 0.752
12 0.8 0.048 0.752
16 0.8 0.048 0.752
15 0.8 0.048 0.752
11 0.8 0.048 0.752
8 0.8 0.048 0.752
1 0.8 0.048 0.752
13 0.8 0.048 0.752
9 0.8 0.048 0.752
14 0.8 0.048 0.752
20 0.8 0.048 0.752
7 0.8 0.048 0.752
18 0.8 0.048 0.752
13 0.8 0.048 0.752
1 0.8 0.048 0.752
19 0.8 0.048 0.752
8 0.8 0.048 0.752
11 0.8 0.048 0.752
2 0.8 0.048 0.752
6 0.8 0.048 0.752
4 0.8 0.048 0.752
10 0.8 0.048 0.752
12 0.8 0.048 0.752
16 0.8 0.048 0.752
15 0.8 0.048 0.752
11 0.8 0.048 0.752
8 0.8 0.048 0.752
11 0.752 0.048 0.704
11 0.704 0.16 0.544
11 0.544 0.016 0.528
8 0.752 0.16 0.592
1 0.8 0.048 0.752
13 0.8 0.048 0.752
9 0.8 0.048 0.752
14 0.8 0.048 0.752
20 0.8 0.048 0.752
7 0.8 0.048 0.752
18 0.8 0.048 0.752
13 0.8 0.048 0.752
1 0.8 0.048 0.752
19 0.8 0.048 0.752
8 0.8 0.048 0.752
11 0.8 0.048 0.752
2 0.8 0.048 0.752
6 0.8 0.048 0.752
4 0.8 0.048 0.752
10 0.8 0.048 0.752
12 0.8 0.048 0.752
16 0.8 0.048 0.752
15 0.8 0.048 0.752
1 0.8 0.048 0.752
13 0.8 0.048 0.752
9 0.8 0.048 0.752
14 0.8 0.048 0.752
20 0.8 0.048 0.752
7 0.8 0.048 0.752
18 0.8 0.048 0.752
13 0.8 0.048 0.752
19 0.8 0.048 0.752
8 0.8 0.048 0.752
11 0.8 0.048 0.752
2 0.8 0.048 0.752
17 0.8 0.048 0.752
6 0.8 0.048 0.752
4 0.8 0.048 0.752
10 0.8 0.048 0.752
12 0.8 0.048 0.752
16 0.8 0.048 0.752
15 0.8 0.048 0.752
1 0.8 0.048 0.752
13 0.8 0.048 0.752
9 0.8 0.048 0.752
14 0.8 0.048 0.752
20 0.8 0.048 0.752
7 0.8 0.048 0.752
18 0.8 0.048 0.752
13 0.8 0.048 0.752
1 0.8 0.048 0.752
20 0.8 0.048 0.752
9 0.8 0.048 0.752
19 0.8 0.048 0.752
8 0.8 0.048 0.752
11 0.8 0.048 0.752
2 0.8 0.048 0.752
17 0.8 0.048 0.752
6 0.8 0.048 0.752
4 0.8 0.048 0.752
10 0.8 0.048 0.752
12 0.8 0.048 0.752
16 0.8 0.048 0.752
15 0.8 0.048 0.752
1 0.8 0.048 0.752
13 0.8 0.048 0.752
1 0.752 0.048 0.704
1 0.704 0.16 0.544
1 0.544 0.016 0.528
13 0.752 0.16 0.592
10 0.752 0.048 0.704
6 0.8 0.048 0.752
9 0.8 0.048 0.752
14 0.8 0.048 0.752
20 0.8 0.048 0.752
7 0.8 0.048 0.752
18 0.8 0.048 0.752
13 0.669909 0.048 0.621909
1 0.607253 0.048 0.559253
13 0.621909 0.048 0.573909
13 0.573909 0.16 0.413909
1 0.559253 0.16 0.399253
20 0.8 0.048 0.752
9 0.8 0.048 0.752
14 0.8 0.048 0.752
5 0.8 0.048 0.752
19 0.8 0.048 0.752
3 0.8 0.048 0.752
8 0.8 0.048 0.752
11 0.8 0.048 0.752
2 0.8 0.048 0.752
17 0.8 0.048 0.752
6 0.8 0.048 0.752
4 0.8 0.048 0.752
10 0.8 0.048 0.752
12 0.8 0.048 0.752
16 0.8 0.048 0.752
15 0.8 0.048 0.752
10 0.752 0.048 0.704
4 0.8 0.048 0.752
6 0.8 0.048 0.752
9 0.8 0.048 0.752
14 0.8 0.048 0.752
20 0.8 0.048 0.752
7 0.8 0.048 0.752
18 0.8 0.048 0.752
20 0.8 0.048 0.752
9 0.8 0.048 0.752
14 0.8 0.048 0.752
5 0.8 0.048 0.752
19 0.8 0.048 0.752
3 0.8 0.048 0.752
11 0.8 0.048 0.752
8 0.8 0.048 0.752
8 0.752 0.048 0.704
11 0.752 0.048 0.704
2 0.8 0.048 0.752
17 0.8 0.048 0.752
6 0.8 0.048 0.752
4 0.8 0.048 0.752
10 0.8 0.048 0.752
12 0.8 0.048 0.752
16 0.8 0.048 0.752
15 0.8 0.048 0.752
10 0.752 0.048 0.704
4 0.8 0.048 0.752
6 0.8 0.048 0.752
9 0.8 0.048 0.752
14 0.8 0.048 0.752
20 0.8 0.048 0.752
7 0.8 0.048 0.752
18 0.8 0.048 0.752
20 0.8 0.048 0.752
9 0.8 0.048 0.752
5 0.8 0.048 0.752
19 0.8 0.048 0.752
3 0.8 0.048 0.752
11 0.8 0.048 0.752
8 0.8 0.048 0.752
8 0.752 0.048 0.704
11 0.752 0.048 0.704
2 0.8 0.048 0.752
17 0.8 0.048 0.752
6 0.8 0.048 0.752
4 0.8 0.048 0.752
10 0.8 0.048 0.752
12 0.8 0.048 0.752
16 0.8 0.048 0.752
15 0.8 0.048 0.752
10 0.752 0.048 0.704
6 0.8 0.048 0.752
9 0.8 0.048 0.752
14 0.8 0.048 0.752
20 0.8 0.048 0.752
7 0.8 0.048 0.752
18 0.8 0.048 0.752
20 0.8 0.048 0.752
9 0.8 0.048 0.752
14 0.8 0.048 0.752
5 0.8 0.048 0.752
19 0.8 0.048 0.752
3 0.8 0.048 0.752
11 0.8 0.048 0.752
8 0.8 0.048 0.752
8 0.752 0.048 0.704
11 0.752 0.048 0.704
2 0.8 0.048 0.752
18 0.8 0.048 0.752
7 0.8 0.048 0.752
17 0.8 0.048 0.752
6 0.8 0.048 0.752
4 0.8 0.048 0.752
10 0.8 0.048 0.752
6 0.752 0.048 0.704
6 0.704 0.16 0.544
6 0.544 0.016 0.528
4 0.752 0.16 0.592
10 0.752 0.16 0.592
12 0.8 0.048 0.752
3 0.8 0.048 0.752
16 0.8 0.048 0.752
15 0.8 0.048 0.752
10 0.592 0.048 0.544
4 0.670912 0.048 0.622912
6 0.606723 0.048 0.558723
10 0.544 0.096 0.448
10 0.448 0.16 0.288
10 0.288 0.016 0.272
4 0.622912 0.16 0.462912
6 0.558723 0.16 0.398723
9 0.8 0.048 0.752
14 0.8 0.048 0.752
20 0.8 0.048 0.752
7 0.8 0.048 0.752
18 0.8 0.048 0.752
20 0.8 0.048 0.752
9 0.8 0.048 0.752
14 0.8 0.048 0.752
5 0.8 0.048 0.752
19 0.8 0.048 0.752
3 0.8 0.048 0.752
12 0.8 0.048 0.752
11 0.8 0.048 0.752
8 0.8 0.048 0.752
8 0.752 0.048 0.704
11 0.752 0.048 0.704
2 0.8 0.048 0.752
18 0.8 0.048 0.752
7 0.8 0.048 0.752
17 0.8 0.048 0.752
12 0.8 0.048 0.752
3 0.8 0.048 0.752
16 0.8 0.048 0.752
15 0.8 0.048 0.752
9 0.8 0.048 0.752
14 0.8 0.048 0.752
20 0.8 0.048 0.752
7 0.8 0.048 0.752
18 0.8 0.048 0.752
20 0.8 0.048 0.752
9 0.8 0.048 0.752
14 0.8 0.048 0.752
5 0.8 0.048 0.752
19 0.8 0.048 0.752
3 0.8 0.048 0.752
12 0.8 0.048 0.752
11 0.8 0.048 0.752
8 0.8 0.048 0.752
8 0.752 0.048 0.704
11 0.752 0.048 0.704
2 0.8 0.048 0.752
18 0.8 0.048 0.752
7 0.8 0.048 0.752
17 0.8 0.048 0.752
12 0.8 0.048 0.752
3 0.8 0.048 0.752
12 0.752 0.048 0.704
12 0.704 0.16 0.544
12 0.544 0.016 0.528
3 0.752 0.16 0.592
16 0.8 0.048 0.752
15 0.8 0.048 0.752
9 0.8 0.048 0.752
14 0.8 0.048 0.752
20 0.8 0.048 0.752
7 0.8 0.048 0.752
18 0.8 0.048 0.752
20 0.8 0.048 0.752
9 0.8 0.048 0.752
14 0.8 0.048 0.752
5 0.8 0.048 0.752
19 0.8 0.048 0.752
3 0.8 0.048 0.752
12 0.754608 0.048 0.706608
3 0.752 0.048 0.704
3 0.704 0.16 0.544
12 0.706608 0.16 0.546608
12 0.546608 0.016 0.530608
3 0.544 0.016 0.528
12 0.530608 0.048 0.482608
3 0.528 0.048 0.48
11 0.8 0.048 0.752
8 0.8 0.048 0.752
8 0.752 0.048 0.704
11 0.752 0.048 0.704
2 0.8 0.048 0.752
18 0.8 0.048 0.752
7 0.8 0.048 0.752
17 0.8 0.048 0.752
16 0.8 0.048 0.752
15 0.8 0.048 0.752
9 0.8 0.048 0.752
14 0.8 0.048 0.752
20 0.8 0.048 0.752
7 0.8 0.048 0.752
18 0.8 0.048 0.752
20 0.8 0.048 0.752
9 0.8 0.048 0.752
14 0.8 0.048 0.752
5 0.8 0.048 0.752
19 0.8 0.048 0.752
12 0.8 0.048 0.752
3 0.8 0.048 0.752
11 0.8 0.048 0.752
8 0.8 0.048 0.752
8 0.752 0.048 0.704
11 0.752 0.048 0.704
2 0.8 0.048 0.752
18 0.8 0.048 0.752
7 0.8 0.048 0.752
17 0.8 0.048 0.752
16 0.8 0.048 0.752
16 0.752 0.048 0.704
16 0.704 0.16 0.544
16 0.544 0.016 0.528
15 0.8 0.048 0.752
9 0.8 0.048 0.752
14 0.8 0.048 0.752
20 0.8 0.048 0.752
7 0.8 0.048 0.752
18 0.8 0.048 0.752
20 0.8 0.048 0.752
9 0.8 0.048 0.752
14 0.8 0.048 0.752
5 0.8 0.048 0.752
19 0.8 0.048 0.752
19 0.752 0.048 0.704
19 0.704 0.16 0.544
19 0.544 0.016 0.528
12 0.8 0.048 0.752
3 0.8 0.048 0.752
11 0.8 0.048 0.752
8 0.8 0.048 0.752
8 0.752 0.048 0.704
11 0.752 0.048 0.704
2 0.8 0.048 0.752
2 0.752 0.048 0.704
2 0.704 0.16 0.544
2 0.544 0.016 0.528
18 0.8 0.048 0.752
7 0.8 0.048 0.752
17 0.8 0.048 0.752
15 0.8 0.048 0.752
9 0.8 0.048 0.752
14 0.8 0.048 0.752
20 0.8 0.048 0.752
7 0.8 0.048 0.752
18 0.8 0.048 0.752
20 0.8 0.048 0.752
9 0.8 0.048 0.752
14 0.8 0.048 0.752
5 0.8 0.048 0.752
12 0.8 0.048 0.752
3 0.8 0.048 0.752
11 0.8 0.048 0.752
8 0.8 0.048 0.752
8 0.752 0.048 0.704
11 0.752 0.048 0.704
18 0.8 0.048 0.752
7 0.8 0.048 0.752
17 0.8 0.048 0.752
15 0.8 0.048 0.752
15 0.752 0.048 0.704
15 0.704 0.16 0.544
15 0.544 0.016 0.528
9 0.8 0.048 0.752
14 0.8 0.048 0.752
20 0.8 0.048 0.752
7 0.8 0.048 0.752
18 0.8 0.048 0.752
20 0.8 0.048 0.752
9 0.8 0.048 0.752
14 0.8 0.048 0.752
5 0.8 0.048 0.752
12 0.8 0.048 0.752
3 0.8 0.048 0.752
11 0.8 0.048 0.752
8 0.8 0.048 0.752
8 0.752 0.048 0.704
11 0.752 0.048 0.704
18 0.8 0.048 0.752
7 0.8 0.048 0.752
17 0.8 0.048 0.752
9 0.8 0.048 0.752
14 0.8 0.048 0.752
20 0.8 0.048 0.752
7 0.8 0.048 0.752
18 0.8 0.048 0.752
20 0.8 0.048 0.752
9 0.8 0.048 0.752
14 0.8 0.048 0.752
5 0.8 0.048 0.752
12 0.8 0.048 0.752
3 0.8 0.048 0.752
11 0.8 0.048 0.752
8 0.8 0.048 0.752
8 0.752 0.048 0.704
11 0.752 0.048 0.704
18 0.8 0.048 0.752
7 0.8 0.048 0.752
17 0.8 0.048 0.752
9 0.8 0.048 0.752
14 0.8 0.048 0.752
20 0.8 0.048 0.752
7 0.8 0.048 0.752
18 0.8 0.048 0.752
20 0.8 0.048 0.752
9 0.8 0.048 0.752
14 0.8 0.048 0.752
5 0.8 0.048 0.752
12 0.8 0.048 0.752
3 0.8 0.048 0.752
11 0.8 0.048 0.752
8 0.8 0.048 0.752
8 0.752 0.048 0.704
11 0.752 0.048 0.704
18 0.8 0.048 0.752
7 0.8 0.048 0.752
18 0.752 0.048 0.704
18 0.704 0.16 0.544
18 0.544 0.016 0.528
7 0.752 0.16 0.592
17 0.8 0.048 0.752
9 0.8 0.048 0.752
14 0.8 0.048 0.752
9 0.752 0.048 0.704
9 0.704 0.16 0.544
9 0.544 0.016 0.528
14 0.752 0.16 0.592
7 0.743543 0.048 0.695543
18 0.678087 0.048 0.630087
20 0.8 0.048 0.752
9 0.604865 0.048 0.556865
14 0.663345 0.048 0.615345
20 0.752 0.048 0.704
20 0.704 0.16 0.544
9 0.556865 0.16 0.396865
14 0.615345 0.16 0.455345
5 0.8 0.048 0.752
12 0.8 0.048 0.752
3 0.8 0.048 0.752
11 0.8 0.048 0.752
8 0.8 0.048 0.752
8 0.752 0.048 0.704
11 0.752 0.048 0.704
17 0.8 0.048 0.752
7 0.8 0.048 0.752
18 0.8 0.048 0.752
5 0.8 0.048 0.752
12 0.8 0.048 0.752
3 0.8 0.048 0.752
11 0.8 0.048 0.752
8 0.8 0.048 0.752
8 0.752 0.048 0.704
11 0.752 0.048 0.704
17 0.8 0.048 0.752
17 0.752 0.048 0.704
17 0.704 0.16 0.544
17 0.544 0.016 0.528
7 0.8 0.048 0.752
18 0.8 0.048 0.752
