0 2688
0 2689
0 2690
0 2691
0 2692
0 2693
0 2694
0 2695
0 2696
0 2697
0 2698
59 2700
0 2701
0 2702
0 2705
0 2708
85 2711
0 2712
27 2715
0 2716
81 2717
0 2718
14 2703
83 2720
0 2721
5 2724
0 2725
31 2728
44 2729
0 2730
49 2731
60 2713
28 2714
39 2732
66 2733
0 2734
86 2735
50 2735
62 2735
0 2736
37 2737
42 2737
0 2738
0 2739
77 2726
74 2726
58 2744
0 2746
0 2748
8 2750
0 2755
41 2756
13 2756
62 2757
81 2757
79 2757
0 2760
48 2727
0 2762
70 2745
68 2764
0 2765
0 2768
35 2749
0 2771
0 2772
25 2710
0 2775
0 2778
61 2779
0 2780
57 2781
28 2781
50 2769
45 2769
0 2782
36 2756
29 2722
0 2784
0 2788
26 2699
0 2791
0 2796
32 2719
86 2781
16 2798
0 2799
0 2802
69 2786
45 2804
0 2805
64 2713
88 2700
0 2807
60 2795
0 2809
52 2754
0 2812
9 2801
63 2724
0 2813
0 2816
72 2731
21 2790
0 2817
14 2794
20 2779
0 2820
0 2822
0 2824
33 2726
65 2773
44 2825
0 2826
77 2806
0 2827
3 2767
49 2829
0 2830
53 2797
0 2831
75 2707
0 2832
0 2833
0 2835
83 2836
41 2818
0 2837
17 2737
0 2839
55 2756
0 2841
22 2740
0 2844
38 2743
56 2764
0 2846
0 2848
0 2849
85 2757
47 2758
77 2758
79 2783
0 2850
81 2814
68 2842
80 2787
0 2852
0 2854
0 2856
0 2857
57 2858
0 2859
54 2709
50 2860
6 2728
0 2862
0 2863
0 2864
63 2865
0 2866
31 2840
0 2867
83 2860
10 2803
0 2869
0 2871
0 2872
12 2811
43 2751
52 2873
0 2874
11 2723
73 2706
0 2875
82 2741
0 2876
51 2776
9 2877
60 2877
0 2878
0 2879
0 2880
0 2882
90 2785
0 2883
89 2763
19 2789
0 2884
48 2855
37 2819
0 2886
2 2810
0 2887
0 2890
69 2851
32 2843
40 2729
0 2891
0 2892
56 2893
0 2894
79 2895
50 2896
25 2838
82 2838
0 2897
64 2881
0 2898
0 2899
0 2900
5 2828
0 2901
59 2821
0 2902
67 2759
72 2888
0 2903
0 2904
0 2905
1 2766
38 2893
0 2906
46 2752
0 2907
0 2908
84 2761
0 2909
0 2910
13 2793
0 2911
7 2704
0 2912
65 2758
0 2913
87 2774
0 2914
61 2834
71 2732
0 2915
22 2893
24 2808
0 2916
42 2798
0 2917
0 2918
0 2919
16 2845
0 2920
30 2747
39 2847
17 2819
76 2735
0 2921
0 2922
78 2800
0 2923
81 2860
28 2815
0 2924
0 2925
60 2885
0 2926
0 2927
57 2889
0 2928
0 2929
23 2777
0 2930
18 2792
62 2836
0 2931
10 2810
0 2932
8 2823
0 2933
58 2861
0 2934
15 2744
0 2935
0 2936
51 2838
0 2937
0 2938
0 2939
0 2940
0 2941
4 2753
0 2942
0 2943
66 2786
0 2944
0 2945
0 2946
0 2947
0 2948
