15 2004 0 100 1.16701e-08 1.65877 1.65878
8 2020 0 100 0.5 2.49413 2.99413
3 2003 0 100 1.5 1.63351 3.13351
47 2011 0 100 1.5 2.01148 3.51148
60 2036 0 100 0.5 3.18762 3.68762
7 2021 0 100 1.5 2.5309 4.0309
37 2064 0 100 0.5 4.15534 4.65534
43 1996 0 100 3.5 1.27443 4.77443
5 2073 0 100 0.5 4.41625 4.91625
16 2047 0 100 2.5 3.57771 6.07771
16 1992 0 100 5 1.1198 6.1198
50 2083 0 100 1.5 4.89995 6.39995
31 2007 0 100 5 1.72922 6.72922
12 2058 0 100 3 3.89348 6.89348
22 2075 0 100 2.5 4.47467 6.97467
12 2111 0 100 1.16701e-08 7.11964 7.11964
21 2043 0 100 4 3.40668 7.40668
9 2060 0 100 3.5 3.97462 7.47462
36 2016 0 100 5.5 2.37886 7.87886
36 2107 0 100 1 6.88463 7.88463
45 2001 0 100 6.5 1.48777 7.98777
41 2046 0 100 4.5 3.53876 8.03876
47 2098 0 100 2.5 6.19247 8.69247
7 2139 0 100 1.16701e-08 9.18478 9.18478
49 2037 0 100 6 3.25226 9.25226
26 2069 0 100 5 4.33393 9.33393
11 2032 0 100 6.5 2.99585 9.49585
27 2022 0 100 7 2.56811 9.56811
20 1993 0 100 8.5 1.15816 9.65816
55 2051 0 100 6 3.72283 9.72283
24 2053 0 100 6 3.78851 9.78851
54 2072 0 100 5.5 4.41473 9.91473
43 2129 0 100 1.5 8.47254 9.97254
58 2045 0 100 6.5 3.49077 9.99077
37 2109 0 100 3 7.03841 10.0384
33 2063 0 100 6 4.1472 10.1472
5 2149 0 100 0.5 9.8139 10.3139
14 2006 0 100 9 1.71706 10.7171
28 2141 0 100 1.5 9.36102 10.861
46 2026 0 100 8.5 2.66529 11.1653
48 2014 0 100 9 2.18362 11.1836
2 2049 0 100 8 3.5903 11.5903
52 2034 0 100 8.5 3.1661 11.6661
52 2120 0 100 4 7.87909 11.8791
40 1995 0 100 12 1.22743 13.2274
3 2117 0 100 6 7.67538 13.6754
29 2068 0 100 10 4.31661 14.3166
7 2100 0 100 8 6.33366 14.3337
30 2070 0 100 10 4.36129 14.3613
39 2080 0 100 10 4.72907 14.7291
