51 843 1.14724
79 844 1.15335
13 845 1.15739
31 846 1.19355
56 847 1.22265
46 848 1.33869
84 849 1.36509
89 850 1.36607
60 851 1.37828
24 852 1.38638
11 853 1.4113
81 854 1.4402
44 855 1.53457
88 856 1.54738
36 857 1.55801
49 858 1.69169
28 859 1.72212
42 860 1.89557
40 861 1.99629
35 862 2.16697
74 863 2.21233
82 864 2.24451
73 865 2.26515
15 866 2.29088
26 867 2.32268
41 868 2.3308
72 869 2.36647
62 870 2.39806
66 871 2.5216
47 872 2.61414
5 873 2.63901
23 874 2.68358
7 875 2.735
10 876 2.86324
2 877 2.97637
27 878 3.22808
68 879 3.30959
8 880 3.37825
38 881 3.38288
61 882 3.43967
86 883 3.44902
84 884 3.45741
43 885 3.45763
53 886 3.46592
70 887 3.59122
13 888 3.60051
52 889 3.67084
33 890 3.71268
50 891 3.71745
76 892 3.76908
60 893 3.82424
49 894 3.82865
12 895 3.87306
56 896 3.92215
55 897 3.99141
32 898 3.99459
45 899 4.03014
58 900 4.06124
42 901 4.15857
71 902 4.48986
67 903 4.49104
9 904 4.69397
18 905 4.72178
65 906 4.72497
36 907 4.84184
3 908 4.92695
59 909 4.9465
73 910 5.20276
84 911 5.47588
62 912 5.59427
53 913 5.74632
24 914 6.08436
2 915 6.17919
43 916 6.32526
86 917 6.38762
52 918 6.44088
12 919 6.52639
13 920 6.63048
50 921 6.74331
26 922 7.19936
27 923 7.48701
68 924 7.60368
38 925 7.70364
73 926 7.94974
59 927 7.98418
33 928 8.13285
32 929 8.50525
2 930 8.73154
24 931 9.24779
60 932 9.54719
62 933 9.9993
