34 525
5 525
1 526
23 526
25 527
12 529
33 530
9 531
30 532
36 532
38 532
35 532
22 532
18 532
29 533
20 535
16 537
15 538
38 538
28 539
34 539
1 539
7 540
36 541
22 542
11 529
13 537
30 541
4 543
12 545
3 547
35 550
16 552
27 528
26 553
2 530
34 555
15 556
33 557
23 539
8 526
14 533
1 554
29 559
24 524
9 553
25 558
10 527
40 532
18 542
22 550
26 562
21 536
35 556
31 543
4 561
32 534
12 560
8 565
13 552
16 564
37 549
10 568
6 544
27 567
17 548
19 535
28 555
34 563
39 551
20 546
2 557
36 547
3 566
11 545
