49 172 0 100 0.4 2.64673 3.04673
21 182 0 100 0.2 3.1522 3.3522
8 168 0 100 1.3 2.36156 3.66156
22 171 0 100 1.1 2.59413 3.69413
40 185 0 100 0.6 3.44331 4.04331
17 175 0 100 1.5 2.777 4.277
46 179 0 100 1.6 2.90297 4.50297
25 173 0 100 1.9 2.69285 4.59285
32 166 0 100 2.5 2.25757 4.75757
56 190 0 100 0.8 3.98573 4.78573
43 181 0 100 1.9 2.98306 4.88306
2 176 0 100 2.4 2.83358 5.23358
23 183 0 100 2 3.2796 5.2796
2 197 0 100 1.16701e-08 5.33028 5.33028
23 198 0 100 1.16701e-08 5.47369 5.47369
33 191 0 100 1.5 4.18067 5.68067
33 165 0 100 3.6 2.11291 5.71291
3 164 0 100 3.9 2.09906 5.99906
14 167 0 100 3.7 2.3114 6.0114
20 177 0 100 3.2 2.87736 6.07736
3 196 0 100 0.9 5.21446 6.11446
58 188 0 100 2.7 3.68001 6.38001
6 170 0 100 3.9 2.55461 6.45461
58 202 0 100 3.50103e-08 6.49654 6.49654
34 169 0 100 4.1 2.51044 6.61044
57 189 0 100 3.2 3.68684 6.88684
12 186 0 100 3.5 3.47853 6.97853
53 178 0 100 4.2 2.90269 7.10269
38 174 0 100 4.5 2.74164 7.24164
38 205 0 100 0.1 7.21198 7.31198
27 180 0 100 4.6 2.95515 7.55515
27 208 0 100 1.16701e-08 7.65108 7.65108
16 184 0 100 4.5 3.32816 7.82816
16 206 0 100 0.5 7.40256 7.90256
11 195 0 100 3.4 4.82137 8.22137
59 211 0 100 2.33402e-08 8.46372 8.46372
59 187 0 100 4.9 3.57448 8.47448
55 193 0 100 3.9 4.68774 8.58774
60 192 0 100 4.3 4.46161 8.76161
8 214 0 100 0.2 8.79409 8.99409
8 201 0 100 2.8 6.23722 9.03722
60 217 0 100 1.16701e-08 9.06632 9.06632
36 194 0 100 4.4 4.73437 9.13437
40 210 0 100 1.2 8.04326 9.24326
17 222 0 100 0.3 9.25319 9.55319
56 200 0 100 3.6 6.16593 9.76593
43 207 0 100 2.3 7.5115 9.8115
46 226 0 100 1.16701e-08 9.85714 9.85714
9 209 0 100 2 7.99712 9.99712
46 199 0 100 4.2 5.94734 10.1473
23 213 0 100 1.9 8.66391 10.5639
2 212 0 100 2.2 8.53094 10.7309
52 218 0 100 1.8 9.08337 10.8834
20 203 0 100 4.6 6.66406 11.2641
3 224 0 100 1.6 9.72403 11.324
58 216 0 100 2.6 9.04038 11.6404
34 204 0 100 4.8 7.08877 11.8888
57 225 0 100 2.3 9.74499 12.045
12 215 0 100 3.3 9.01515 12.3151
53 220 0 100 3.2 9.19101 12.391
38 223 0 100 3 9.47457 12.4746
11 219 0 100 4.4 9.15582 13.5558
55 221 0 100 4.7 9.2045 13.9045
