8 21 0 100 1.16701e-08 2.60262 2.60262
14 18 0 100 0.8 2.10366 2.90366
6 19 0 100 2.2 2.15988 4.35988
9 26 0 100 1.5 3.38959 4.88959
3 17 0 100 3 2.05412 5.05412
10 22 0 100 2.4 2.78511 5.18511
4 31 0 100 0.5 4.96008 5.46008
15 16 0 100 4 2.01663 6.01663
16 25 0 100 2.9 3.2494 6.1494
2 28 0 100 2 4.41641 6.41641
19 23 0 100 4 2.89872 6.89872
20 20 0 100 4.7 2.56098 7.26098
7 27 0 100 4 3.66641 7.66641
8 30 0 100 3 4.74691 7.74691
17 24 0 100 5 3.09544 8.09544
17 36 0 100 0.6 7.57924 8.17924
12 29 0 100 4.4 4.6351 9.0351
6 33 0 100 3 6.64019 9.64019
9 35 0 100 2.7 7.47066 10.1707
10 32 0 100 4.7 5.64546 10.3455
10 39 0 100 0.6 9.76338 10.3634
4 38 0 100 2.5 8.2088 10.7088
16 37 0 100 3.2 8.0901 11.2901
19 34 0 100 4.9 7.26058 12.1606
