26 3279 0 100 1.16701e-08 2.61688 2.61688
91 3269 0 100 0.5 2.29684 2.79684
69 3291 0 100 0.1 2.91205 3.01205
49 3278 0 100 0.5 2.57406 3.07406
68 3258 0 100 1.2 2.14421 3.34421
54 3290 0 100 0.7 2.90828 3.60828
74 3259 0 100 1.5 2.14749 3.64749
88 3317 0 100 0.1 3.55428 3.65428
20 3319 0 100 1.16701e-08 3.65516 3.65516
19 3310 0 100 0.4 3.41511 3.81511
12 3264 0 100 1.6 2.26329 3.86329
41 3257 0 100 1.8 2.14323 3.94323
90 3266 0 100 1.7 2.28753 3.98753
94 3306 0 100 0.8 3.2791 4.0791
73 3286 0 100 1.4 2.84915 4.24915
40 3324 0 100 0.5 3.85599 4.35599
43 3297 0 100 1.3 3.05932 4.35932
48 3261 0 100 2.5 2.19637 4.69637
51 3270 0 100 2.4 2.35566 4.75566
47 3288 0 100 1.9 2.8641 4.7641
37 3300 0 100 1.7 3.09358 4.79358
58 3326 0 100 0.9 3.89472 4.79472
1 3327 0 100 0.9 3.92344 4.82344
25 3253 0 100 2.9 2.06195 4.96195
84 3346 0 100 0.5 4.51296 5.01296
79 3311 0 100 1.6 3.41995 5.01995
70 3351 0 100 0.5 4.6672 5.1672
81 3353 0 100 0.5 4.7051 5.2051
16 3331 0 100 1.1 4.15295 5.25295
80 3315 0 100 1.8 3.46983 5.26983
55 3280 0 100 2.7 2.62633 5.32633
85 3285 0 100 2.7 2.83267 5.53267
32 3339 0 100 1.2 4.3362 5.5362
92 3254 0 100 3.5 2.06838 5.56838
93 3267 0 100 3.3 2.288 5.588
93 3340 0 100 1.3 4.3478 5.6478
61 3268 0 100 3.5 2.29584 5.79584
6 3256 0 100 3.7 2.13542 5.83542
59 3289 0 100 3 2.88341 5.88341
30 3255 0 100 3.8 2.09961 5.89961
78 3273 0 100 3.5 2.43655 5.93655
4 3293 0 100 3 2.9506 5.9506
33 3309 0 100 2.6 3.36283 5.96283
30 3377 0 100 1.16701e-08 5.98427 5.98427
67 3342 0 100 1.6 4.40562 6.00562
89 3272 0 100 3.7 2.41707 6.11707
75 3338 0 100 1.8 4.33001 6.13001
89 3376 0 100 0.2 5.9787 6.1787
46 3274 0 100 4 2.45488 6.45488
22 3265 0 100 4.2 2.28525 6.48525
46 3372 0 100 0.7 5.86822 6.56822
99 3323 0 100 2.9 3.7838 6.6838
66 3360 0 100 1.8 4.88931 6.68931
17 3281 0 100 4.1 2.63233 6.73233
29 3312 0 100 3.4 3.41997 6.81997
44 3262 0 100 4.7 2.20242 6.90242
17 3352 0 100 2.3 4.6763 6.9763
5 3344 0 100 2.5 4.48844 6.98844
42 3295 0 100 4 2.98886 6.98886
39 3292 0 100 4.1 2.91359 7.01359
42 3397 0 100 0.1 6.93316 7.03316
7 3276 0 100 4.5 2.54969 7.04969
8 3298 0 100 4 3.06056 7.06056
21 3333 0 100 2.9 4.16753 7.06753
23 3301 0 100 4.2 3.14686 7.34686
8 3412 0 100 1.16701e-08 7.41077 7.41077
64 3313 0 100 4 3.43153 7.43153
64 3406 0 100 0.3 7.20518 7.50518
60 3283 0 100 4.9 2.74357 7.64357
15 3307 0 100 4.4 3.28429 7.68429
50 3328 0 100 3.8 3.92905 7.72905
24 3296 0 100 4.7 3.05859 7.75859
100 3305 0 100 4.5 3.2627 7.7627
71 3303 0 100 4.6 3.16609 7.76609
27 3316 0 100 4.3 3.48291 7.78291
100 3379 0 100 1.7 6.10467 7.80467
24 3415 0 100 0.3 7.52997 7.82997
50 3374 0 100 1.9 5.9484 7.8484
26 3392 0 100 1.2 6.6564 7.8564
91 3408 0 100 0.7 7.31319 8.01319
76 3358 0 100 3.2 4.87029 8.07029
38 3334 0 100 3.9 4.17603 8.07603
28 3322 0 100 4.5 3.76308 8.26308
98 3337 0 100 4 4.27436 8.27436
49 3404 0 100 1.2 7.0935 8.2935
69 3409 0 100 1 7.316 8.316
98 3437 0 100 1.16701e-08 8.495 8.495
36 3345 0 100 4.1 4.48896 8.58896
34 3356 0 100 3.8 4.85792 8.65792
11 3349 0 100 4.1 4.60111 8.70111
14 3361 0 100 3.8 4.95326 8.75326
34 3422 0 100 1 7.76703 8.76703
20 3403 0 100 1.7 7.06768 8.76768
56 3335 0 100 4.7 4.20434 8.90434
12 3391 0 100 2.3 6.64189 8.94189
19 3401 0 100 1.9 7.04591 8.94591
88 3398 0 100 2 6.95635 8.95635
54 3386 0 100 2.5 6.4581 8.9581
10 3426 0 100 1 7.98517 8.98517
10 3355 0 100 4.4 4.77471 9.17471
45 3347 0 100 4.7 4.5332 9.2332
41 3388 0 100 2.8 6.46407 9.26407
73 3382 0 100 3.1 6.29181 9.39181
45 3389 0 100 2.9 6.56063 9.46063
73 3457 0 100 0.2 9.30762 9.50762
96 3359 0 100 4.7 4.8747 9.5747
40 3385 0 100 3.2 6.37569 9.57569
43 3427 0 100 1.7 8.00625 9.70625
51 3373 0 100 4 5.90177 9.90177
47 3418 0 100 2.4 7.5665 9.9665
37 3419 0 100 2.4 7.59783 9.99783
58 3395 0 100 3.2 6.83831 10.0383
1 3465 0 100 0.5 9.54392 10.0439
55 3383 0 100 3.9 6.33332 10.2333
70 3416 0 100 2.7 7.55677 10.2568
79 3414 0 100 2.8 7.49734 10.2973
16 3411 0 100 2.9 7.40827 10.3083
86 3445 0 100 1.6 8.86818 10.4682
80 3470 0 100 0.7 9.76947 10.4695
85 3440 0 100 2.1 8.67567 10.7757
32 3458 0 100 1.5 9.35586 10.8559
63 3475 0 100 0.9 9.98332 10.8833
93 3424 0 100 3 7.89258 10.8926
77 3435 0 100 2.7 8.40345 11.1035
30 3428 0 100 3.1 8.00906 11.1091
33 3431 0 100 3 8.12079 11.1208
4 3449 0 100 2.1 9.02703 11.127
78 3400 0 100 4.1 7.02976 11.1298
9 3471 0 100 1.3 9.8526 11.1526
35 3461 0 100 1.9 9.40637 11.3064
67 3454 0 100 2.2 9.24474 11.4447
83 3468 0 100 2 9.68175 11.6817
46 3463 0 100 2.3 9.46328 11.7633
22 3442 0 100 3.1 8.75023 11.8502
53 3460 0 100 2.6 9.38944 11.9894
21 3452 0 100 3 9.17609 12.1761
17 3446 0 100 3.3 8.87808 12.1781
5 3447 0 100 3.3 8.95558 12.2556
42 3464 0 100 2.8 9.46464 12.2646
52 3456 0 100 3 9.29154 12.2915
87 3441 0 100 3.6 8.72668 12.3267
71 3430 0 100 4.8 8.10445 12.9045
56 3453 0 100 4.8 9.19416 13.9942
12 3473 0 100 4.3 9.92653 14.2265
