25 1783 2.00229
24 1787 2.28829
34 1788 2.33829
19 1790 2.40219
29 1791 2.41772
6 1794 2.60232
9 1795 2.62945
14 1797 2.64728
8 1798 2.72907
22 1799 2.73641
40 1802 2.84855
11 1803 2.90923
27 1806 3.04702
17 1807 3.05859
33 1809 3.1646
12 1811 3.29161
23 1812 3.31726
10 1814 3.36395
35 1815 3.42759
26 1818 3.6125
16 1820 3.65474
21 1822 3.81293
30 1824 3.88984
4 1826 3.94943
39 1827 4.02782
15 1830 4.16492
18 1831 4.20414
28 1833 4.28679
36 1834 4.29911
38 1836 4.34372
31 1837 4.40351
32 1839 4.48612
1 1841 4.58954
7 1843 4.65743
20 1845 4.81217
3 1846 4.81513
2 1847 4.81889
5 1849 4.84473
14 1853 5.14528
34 1861 5.90026
12 1868 6.51611
38 1871 6.65345
29 1873 6.831
28 1876 6.99168
2 1882 7.4959
27 1884 7.54843
9 1886 7.71566
10 1888 7.76952
22 1893 8.19748
8 1896 8.41947
6 1898 8.46786
17 1901 8.64641
15 1903 8.75339
19 1905 8.91069
35 1908 9.07505
30 1911 9.28534
24 1913 9.42217
7 1915 9.50173
4 1918 9.67044
13 1921 9.84432
26 1923 9.96154
11 1924 9.98795
