19 50 0.048 49.952
16 50 0.048 49.952
20 50 0.048 49.952
16 49.952 0.16 49.792
20 49.952 0.16 49.792
20 49.792 0.048 49.744
16 49.792 0.048 49.744
24 50 0.048 49.952
8 50 0.048 49.952
12 50 0.048 49.952
24 49.952 0.16 49.792
8 49.952 0.16 49.792
12 49.952 0.16 49.792
12 49.792 0.048 49.744
24 49.792 0.048 49.744
28 50 0.048 49.952
13 50 0.048 49.952
28 49.952 0.16 49.792
13 49.952 0.16 49.792
13 49.792 0.048 49.744
28 49.792 0.048 49.744
19 50 0.048 49.952
20 49.9455 0.048 49.8975
16 50 0.048 49.952
4 50 0.048 49.952
12 49.9523 0.048 49.9043
24 49.959 0.048 49.911
13 50 0.048 49.952
28 49.9893 0.048 49.9413
19 50 0.048 49.952
20 50 0.048 49.952
16 50 0.048 49.952
4 50 0.048 49.952
12 50 0.048 49.952
24 50 0.048 49.952
13 50 0.048 49.952
28 50 0.048 49.952
19 50 0.048 49.952
20 50 0.048 49.952
16 50 0.048 49.952
4 50 0.048 49.952
12 50 0.048 49.952
24 50 0.048 49.952
13 50 0.048 49.952
28 50 0.048 49.952
19 50 0.048 49.952
20 50 0.048 49.952
16 50 0.048 49.952
4 50 0.048 49.952
8 50 0.048 49.952
1 50 0.048 49.952
24 50 0.048 49.952
27 50 0.048 49.952
8 49.952 0.16 49.792
1 49.952 0.16 49.792
24 49.952 0.16 49.792
27 49.952 0.16 49.792
27 49.792 0.048 49.744
1 49.792 0.048 49.744
5 50 0.048 49.952
8 49.792 0.048 49.744
27 49.744 0.16 49.584
1 49.744 0.16 49.584
1 49.584 0.048 49.536
5 49.952 0.048 49.904
8 49.744 0.048 49.696
27 49.584 0.048 49.536
1 49.536 0.16 49.376
5 49.904 0.16 49.744
8 49.696 0.16 49.536
5 49.744 0.16 49.584
5 49.584 0.048 49.536
1 49.376 0.048 49.328
26 50 0.048 49.952
27 49.536 0.048 49.488
5 49.536 0.16 49.376
8 49.536 0.16 49.376
27 49.488 0.16 49.328
1 49.328 0.16 49.168
26 49.952 0.16 49.792
26 49.792 0.048 49.744
5 49.376 0.048 49.328
27 49.328 0.16 49.168
12 50 0.048 49.952
24 49.792 0.048 49.744
13 50 0.048 49.952
28 50 0.048 49.952
19 50 0.048 49.952
9 50 0.048 49.952
30 50 0.048 49.952
9 49.952 0.16 49.792
30 49.952 0.16 49.792
30 49.792 0.048 49.744
9 49.792 0.048 49.744
20 50 0.048 49.952
16 50 0.048 49.952
20 49.952 0.16 49.792
16 49.952 0.16 49.792
4 50 0.048 49.952
26 49.9182 0.048 49.8702
5 49.7226 0.048 49.6746
12 50 0.048 49.952
24 49.9092 0.048 49.8612
13 50 0.048 49.952
28 50 0.048 49.952
19 50 0.048 49.952
30 49.8753 0.048 49.8273
9 49.9588 0.048 49.9108
4 50 0.048 49.952
4 49.952 0.16 49.792
18 50 0.048 49.952
11 50 0.048 49.952
18 49.952 0.16 49.792
11 49.952 0.16 49.792
11 49.792 0.048 49.744
18 49.792 0.048 49.744
26 49.9763 0.048 49.9283
5 49.9259 0.048 49.8779
12 50 0.048 49.952
24 50 0.048 49.952
13 50 0.048 49.952
28 50 0.048 49.952
19 50 0.048 49.952
30 50 0.048 49.952
9 50 0.048 49.952
11 50 0.048 49.952
18 50 0.048 49.952
26 50 0.048 49.952
5 50 0.048 49.952
12 50 0.048 49.952
24 50 0.048 49.952
13 50 0.048 49.952
19 50 0.048 49.952
30 50 0.048 49.952
9 50 0.048 49.952
22 50 0.048 49.952
11 50 0.048 49.952
18 50 0.048 49.952
26 50 0.048 49.952
12 50 0.048 49.952
24 50 0.048 49.952
13 50 0.048 49.952
28 50 0.048 49.952
19 50 0.048 49.952
30 50 0.048 49.952
9 50 0.048 49.952
22 50 0.048 49.952
11 50 0.048 49.952
18 50 0.048 49.952
26 50 0.048 49.952
12 50 0.048 49.952
24 50 0.048 49.952
13 50 0.048 49.952
28 50 0.048 49.952
19 50 0.048 49.952
30 50 0.048 49.952
9 50 0.048 49.952
22 50 0.048 49.952
22 49.952 0.16 49.792
11 50 0.048 49.952
18 50 0.048 49.952
26 50 0.048 49.952
12 50 0.048 49.952
24 50 0.048 49.952
13 50 0.048 49.952
28 50 0.048 49.952
19 50 0.048 49.952
30 50 0.048 49.952
9 50 0.048 49.952
11 50 0.048 49.952
18 50 0.048 49.952
26 50 0.048 49.952
12 50 0.048 49.952
24 50 0.048 49.952
13 50 0.048 49.952
28 50 0.048 49.952
15 50 0.048 49.952
19 50 0.048 49.952
30 50 0.048 49.952
9 50 0.048 49.952
11 50 0.048 49.952
18 50 0.048 49.952
6 50 0.048 49.952
26 50 0.048 49.952
12 50 0.048 49.952
24 50 0.048 49.952
13 50 0.048 49.952
28 50 0.048 49.952
15 50 0.048 49.952
19 50 0.048 49.952
30 50 0.048 49.952
9 50 0.048 49.952
25 50 0.048 49.952
7 50 0.048 49.952
25 49.952 0.16 49.792
7 49.952 0.16 49.792
7 49.792 0.048 49.744
25 49.792 0.048 49.744
11 50 0.048 49.952
18 50 0.048 49.952
6 50 0.048 49.952
26 50 0.048 49.952
12 50 0.048 49.952
24 50 0.048 49.952
13 50 0.048 49.952
28 50 0.048 49.952
15 50 0.048 49.952
19 50 0.048 49.952
19 49.952 0.16 49.792
30 50 0.048 49.952
9 50 0.048 49.952
7 50 0.048 49.952
25 49.8653 0.048 49.8173
11 50 0.048 49.952
18 50 0.048 49.952
6 50 0.048 49.952
26 50 0.048 49.952
5 50 0.048 49.952
12 50 0.048 49.952
24 50 0.048 49.952
13 50 0.048 49.952
28 50 0.048 49.952
15 50 0.048 49.952
30 50 0.048 49.952
9 50 0.048 49.952
7 50 0.048 49.952
25 50 0.048 49.952
11 50 0.048 49.952
18 50 0.048 49.952
1 50 0.048 49.952
5 50 0.048 49.952
8 50 0.048 49.952
27 50 0.048 49.952
1 49.952 0.16 49.792
5 49.952 0.16 49.792
8 49.952 0.16 49.792
27 49.952 0.16 49.792
27 49.792 0.048 49.744
1 49.792 0.048 49.744
5 49.792 0.048 49.744
8 49.792 0.048 49.744
27 49.744 0.16 49.584
1 49.744 0.16 49.584
5 49.744 0.16 49.584
5 49.584 0.048 49.536
1 49.584 0.048 49.536
26 49.952 0.048 49.904
27 49.584 0.048 49.536
8 49.744 0.16 49.584
6 50 0.048 49.952
26 50 0.048 49.952
5 49.536 0.048 49.488
12 50 0.048 49.952
24 50 0.048 49.952
13 50 0.048 49.952
28 50 0.048 49.952
15 50 0.048 49.952
30 50 0.048 49.952
9 50 0.048 49.952
7 50 0.048 49.952
25 50 0.048 49.952
11 50 0.048 49.952
18 50 0.048 49.952
5 49.8763 0.048 49.8283
1 49.6644 0.048 49.6164
26 49.952 0.048 49.904
27 49.8714 0.048 49.8234
27 49.8234 0.048 49.7754
1 49.6164 0.048 49.5684
5 49.8283 0.048 49.7803
8 49.7641 0.048 49.7161
27 49.7754 0.16 49.6154
1 49.5684 0.16 49.4084
1 49.4084 0.048 49.3604
5 49.7803 0.048 49.7323
8 49.7161 0.048 49.6681
27 49.6154 0.048 49.5674
1 49.3604 0.16 49.2004
5 49.7323 0.16 49.5723
8 49.6681 0.16 49.5081
5 49.5723 0.16 49.4123
8 49.5081 0.16 49.3481
8 49.3481 0.048 49.3001
1 49.2004 0.048 49.1524
27 49.5674 0.048 49.5194
27 49.5194 0.16 49.3594
14 50 0.048 49.952
6 50 0.048 49.952
26 50 0.048 49.952
5 49.4123 0.048 49.3643
12 50 0.048 49.952
24 50 0.048 49.952
13 50 0.048 49.952
28 50 0.048 49.952
15 50 0.048 49.952
30 50 0.048 49.952
9 50 0.048 49.952
7 50 0.048 49.952
25 50 0.048 49.952
11 50 0.048 49.952
18 50 0.048 49.952
5 49.5895 0.048 49.5415
1 49.2954 0.048 49.2474
26 49.952 0.048 49.904
27 49.5121 0.048 49.4641
8 49.6768 0.048 49.6288
1 49.2474 0.048 49.1994
27 49.4641 0.048 49.4161
14 50 0.048 49.952
6 50 0.048 49.952
26 50 0.048 49.952
5 49.5415 0.048 49.4935
12 50 0.048 49.952
24 50 0.048 49.952
13 50 0.048 49.952
28 50 0.048 49.952
15 50 0.048 49.952
30 50 0.048 49.952
9 50 0.048 49.952
7 50 0.048 49.952
25 50 0.048 49.952
11 50 0.048 49.952
18 50 0.048 49.952
5 49.5984 0.048 49.5504
1 49.4641 0.048 49.4161
26 49.952 0.048 49.904
27 49.721 0.048 49.673
8 49.9404 0.048 49.8924
1 49.4161 0.048 49.3681
27 49.673 0.048 49.625
14 50 0.048 49.952
6 50 0.048 49.952
26 50 0.048 49.952
5 49.5504 0.048 49.5024
12 50 0.048 49.952
24 50 0.048 49.952
13 50 0.048 49.952
28 50 0.048 49.952
15 50 0.048 49.952
30 50 0.048 49.952
9 50 0.048 49.952
7 50 0.048 49.952
25 50 0.048 49.952
21 50 0.048 49.952
11 50 0.048 49.952
18 50 0.048 49.952
5 49.8159 0.048 49.7679
1 49.5917 0.048 49.5437
26 49.952 0.048 49.904
27 49.8872 0.048 49.8392
8 50 0.048 49.952
1 49.5437 0.048 49.4957
27 49.8392 0.048 49.7912
14 50 0.048 49.952
6 50 0.048 49.952
26 50 0.048 49.952
5 49.7679 0.048 49.7199
12 50 0.048 49.952
24 50 0.048 49.952
12 49.952 0.16 49.792
24 49.952 0.16 49.792
13 50 0.048 49.952
28 50 0.048 49.952
15 50 0.048 49.952
30 50 0.048 49.952
9 50 0.048 49.952
7 50 0.048 49.952
25 50 0.048 49.952
21 50 0.048 49.952
11 50 0.048 49.952
18 50 0.048 49.952
5 50 0.048 49.952
1 49.7237 0.048 49.6757
26 49.952 0.048 49.904
27 50 0.048 49.952
8 50 0.048 49.952
1 49.6757 0.048 49.6277
24 50 0.048 49.952
27 49.952 0.048 49.904
8 49.952 0.16 49.792
1 49.6277 0.16 49.4677
24 49.952 0.16 49.792
24 49.792 0.048 49.744
8 49.792 0.048 49.744
12 49.792 0.048 49.744
24 49.744 0.16 49.584
27 49.904 0.16 49.744
8 49.744 0.16 49.584
12 49.744 0.16 49.584
14 50 0.048 49.952
6 50 0.048 49.952
26 50 0.048 49.952
5 49.952 0.048 49.904
13 50 0.048 49.952
28 50 0.048 49.952
15 50 0.048 49.952
30 50 0.048 49.952
9 50 0.048 49.952
7 50 0.048 49.952
25 50 0.048 49.952
21 50 0.048 49.952
11 50 0.048 49.952
18 50 0.048 49.952
5 50 0.048 49.952
1 49.8604 0.048 49.8124
26 49.952 0.048 49.904
27 49.8678 0.048 49.8198
14 50 0.048 49.952
6 50 0.048 49.952
26 50 0.048 49.952
5 49.952 0.048 49.904
10 50 0.048 49.952
13 50 0.048 49.952
28 50 0.048 49.952
15 50 0.048 49.952
30 50 0.048 49.952
9 50 0.048 49.952
7 50 0.048 49.952
25 50 0.048 49.952
21 50 0.048 49.952
16 50 0.048 49.952
20 50 0.048 49.952
16 49.952 0.16 49.792
20 49.952 0.16 49.792
20 49.792 0.048 49.744
16 49.792 0.048 49.744
11 50 0.048 49.952
18 50 0.048 49.952
5 50 0.048 49.952
1 50 0.048 49.952
26 49.952 0.048 49.904
27 50 0.048 49.952
5 49.952 0.16 49.792
1 49.952 0.16 49.792
26 49.904 0.16 49.744
27 49.952 0.16 49.792
14 50 0.048 49.952
6 50 0.048 49.952
26 50 0.048 49.952
5 49.792 0.048 49.744
10 50 0.048 49.952
13 50 0.048 49.952
28 50 0.048 49.952
15 50 0.048 49.952
30 50 0.048 49.952
9 50 0.048 49.952
7 50 0.048 49.952
25 50 0.048 49.952
21 50 0.048 49.952
20 50 0.048 49.952
11 50 0.048 49.952
18 50 0.048 49.952
14 50 0.048 49.952
6 50 0.048 49.952
26 50 0.048 49.952
5 49.855 0.048 49.807
26 49.952 0.16 49.792
5 49.807 0.16 49.647
10 50 0.048 49.952
13 50 0.048 49.952
28 50 0.048 49.952
15 50 0.048 49.952
30 50 0.048 49.952
9 50 0.048 49.952
7 50 0.048 49.952
25 50 0.048 49.952
21 50 0.048 49.952
20 50 0.048 49.952
11 50 0.048 49.952
18 50 0.048 49.952
14 50 0.048 49.952
6 50 0.048 49.952
10 50 0.048 49.952
13 50 0.048 49.952
28 50 0.048 49.952
15 50 0.048 49.952
30 50 0.048 49.952
9 50 0.048 49.952
7 50 0.048 49.952
25 50 0.048 49.952
21 50 0.048 49.952
20 50 0.048 49.952
11 50 0.048 49.952
18 50 0.048 49.952
29 50 0.048 49.952
3 50 0.048 49.952
29 49.952 0.16 49.792
3 49.952 0.16 49.792
3 49.792 0.048 49.744
29 49.792 0.048 49.744
14 50 0.048 49.952
6 50 0.048 49.952
10 50 0.048 49.952
13 50 0.048 49.952
28 50 0.048 49.952
15 50 0.048 49.952
30 50 0.048 49.952
9 50 0.048 49.952
7 50 0.048 49.952
21 50 0.048 49.952
5 50 0.048 49.952
1 50 0.048 49.952
26 50 0.048 49.952
27 50 0.048 49.952
5 49.952 0.16 49.792
1 49.952 0.16 49.792
26 49.952 0.16 49.792
27 49.952 0.16 49.792
27 49.792 0.048 49.744
1 49.792 0.048 49.744
5 49.792 0.048 49.744
8 50 0.048 49.952
27 49.744 0.16 49.584
1 49.744 0.16 49.584
1 49.584 0.048 49.536
5 49.744 0.048 49.696
8 49.952 0.048 49.904
27 49.584 0.048 49.536
1 49.536 0.16 49.376
5 49.696 0.16 49.536
8 49.904 0.16 49.744
5 49.536 0.16 49.376
8 49.744 0.16 49.584
8 49.584 0.048 49.536
1 49.376 0.048 49.328
24 50 0.048 49.952
27 49.536 0.048 49.488
8 49.536 0.16 49.376
27 49.488 0.16 49.328
1 49.328 0.16 49.168
24 49.952 0.16 49.792
24 49.792 0.048 49.744
8 49.376 0.048 49.328
12 50 0.048 49.952
24 49.744 0.16 49.584
27 49.328 0.16 49.168
8 49.328 0.16 49.168
12 49.952 0.16 49.792
12 49.792 0.048 49.744
24 49.584 0.048 49.536
20 50 0.048 49.952
16 50 0.048 49.952
11 50 0.048 49.952
18 50 0.048 49.952
3 50 0.048 49.952
29 49.8733 0.048 49.8253
14 50 0.048 49.952
6 50 0.048 49.952
10 50 0.048 49.952
13 50 0.048 49.952
28 50 0.048 49.952
15 50 0.048 49.952
30 50 0.048 49.952
9 50 0.048 49.952
7 50 0.048 49.952
25 50 0.048 49.952
21 50 0.048 49.952
12 49.9744 0.048 49.9264
24 49.745 0.048 49.697
20 50 0.048 49.952
16 50 0.048 49.952
2 50 0.048 49.952
11 50 0.048 49.952
18 50 0.048 49.952
3 50 0.048 49.952
29 49.9996 0.048 49.9516
14 50 0.048 49.952
6 50 0.048 49.952
10 50 0.048 49.952
13 50 0.048 49.952
28 50 0.048 49.952
17 50 0.048 49.952
15 50 0.048 49.952
23 50 0.048 49.952
30 50 0.048 49.952
9 50 0.048 49.952
7 50 0.048 49.952
25 50 0.048 49.952
21 50 0.048 49.952
12 50 0.048 49.952
24 49.8111 0.048 49.7631
20 50 0.048 49.952
16 50 0.048 49.952
2 50 0.048 49.952
17 49.952 0.048 49.904
24 49.7631 0.048 49.7151
8 49.8543 0.048 49.8063
12 49.952 0.048 49.904
24 49.7151 0.16 49.5551
8 49.8063 0.16 49.6463
8 49.6463 0.048 49.5983
1 49.8873 0.048 49.8393
24 49.5551 0.048 49.5071
27 49.7913 0.048 49.7433
8 49.5983 0.16 49.4383
12 49.904 0.16 49.744
1 49.8393 0.16 49.6793
1 49.6793 0.048 49.6313
5 49.806 0.048 49.758
8 49.4383 0.048 49.3903
27 49.7433 0.048 49.6953
1 49.6313 0.16 49.4713
24 49.5071 0.16 49.3471
27 49.6953 0.16 49.5353
5 49.758 0.16 49.598
5 49.598 0.048 49.55
1 49.4713 0.048 49.4233
26 50 0.048 49.952
27 49.5353 0.048 49.4873
5 49.55 0.16 49.39
8 49.3903 0.16 49.2303
27 49.4873 0.16 49.3273
1 49.4233 0.16 49.2633
26 49.952 0.16 49.792
26 49.792 0.048 49.744
5 49.39 0.048 49.342
27 49.3273 0.16 49.1673
11 50 0.048 49.952
18 50 0.048 49.952
11 49.952 0.16 49.792
18 49.952 0.16 49.792
3 50 0.048 49.952
29 50 0.048 49.952
14 50 0.048 49.952
6 50 0.048 49.952
10 50 0.048 49.952
13 50 0.048 49.952
28 50 0.048 49.952
17 50 0.048 49.952
15 50 0.048 49.952
23 50 0.048 49.952
30 50 0.048 49.952
9 50 0.048 49.952
7 50 0.048 49.952
25 50 0.048 49.952
21 50 0.048 49.952
12 50 0.048 49.952
24 49.7458 0.048 49.6978
20 50 0.048 49.952
16 50 0.048 49.952
2 50 0.048 49.952
26 49.9808 0.048 49.9328
5 49.6023 0.048 49.5543
3 50 0.048 49.952
29 50 0.048 49.952
14 50 0.048 49.952
6 50 0.048 49.952
10 50 0.048 49.952
13 50 0.048 49.952
28 50 0.048 49.952
17 50 0.048 49.952
15 50 0.048 49.952
23 50 0.048 49.952
30 50 0.048 49.952
9 50 0.048 49.952
7 50 0.048 49.952
25 50 0.048 49.952
21 50 0.048 49.952
12 50 0.048 49.952
24 49.8046 0.048 49.7566
20 50 0.048 49.952
16 50 0.048 49.952
2 50 0.048 49.952
17 49.952 0.048 49.904
26 50 0.048 49.952
5 49.8844 0.048 49.8364
3 50 0.048 49.952
29 50 0.048 49.952
22 50 0.048 49.952
14 50 0.048 49.952
6 50 0.048 49.952
10 50 0.048 49.952
13 50 0.048 49.952
28 50 0.048 49.952
13 49.952 0.16 49.792
28 49.952 0.16 49.792
17 50 0.048 49.952
2 50 0.048 49.952
15 50 0.048 49.952
23 50 0.048 49.952
30 50 0.048 49.952
9 50 0.048 49.952
7 50 0.048 49.952
25 50 0.048 49.952
21 50 0.048 49.952
12 50 0.048 49.952
24 49.9596 0.048 49.9116
20 50 0.048 49.952
16 50 0.048 49.952
2 49.952 0.048 49.904
17 49.952 0.048 49.904
26 50 0.048 49.952
5 50 0.048 49.952
3 50 0.048 49.952
29 50 0.048 49.952
22 50 0.048 49.952
14 50 0.048 49.952
6 50 0.048 49.952
10 50 0.048 49.952
17 50 0.048 49.952
2 50 0.048 49.952
15 50 0.048 49.952
23 50 0.048 49.952
30 50 0.048 49.952
9 50 0.048 49.952
7 50 0.048 49.952
25 50 0.048 49.952
21 50 0.048 49.952
12 50 0.048 49.952
24 50 0.048 49.952
20 50 0.048 49.952
16 50 0.048 49.952
2 49.952 0.048 49.904
17 49.952 0.048 49.904
26 50 0.048 49.952
5 50 0.048 49.952
3 50 0.048 49.952
29 50 0.048 49.952
22 50 0.048 49.952
14 50 0.048 49.952
6 50 0.048 49.952
10 50 0.048 49.952
17 50 0.048 49.952
2 50 0.048 49.952
15 50 0.048 49.952
23 50 0.048 49.952
30 50 0.048 49.952
9 50 0.048 49.952
7 50 0.048 49.952
25 50 0.048 49.952
21 50 0.048 49.952
21 49.952 0.16 49.792
12 50 0.048 49.952
24 50 0.048 49.952
20 50 0.048 49.952
16 50 0.048 49.952
2 49.952 0.048 49.904
17 49.952 0.048 49.904
26 50 0.048 49.952
3 50 0.048 49.952
29 50 0.048 49.952
22 50 0.048 49.952
14 50 0.048 49.952
6 50 0.048 49.952
10 50 0.048 49.952
17 50 0.048 49.952
2 50 0.048 49.952
15 50 0.048 49.952
23 50 0.048 49.952
30 50 0.048 49.952
9 50 0.048 49.952
7 50 0.048 49.952
25 50 0.048 49.952
12 50 0.048 49.952
24 50 0.048 49.952
20 50 0.048 49.952
16 50 0.048 49.952
2 49.952 0.048 49.904
17 49.952 0.048 49.904
26 50 0.048 49.952
3 50 0.048 49.952
29 50 0.048 49.952
22 50 0.048 49.952
14 50 0.048 49.952
6 50 0.048 49.952
6 49.952 0.16 49.792
10 50 0.048 49.952
17 50 0.048 49.952
2 50 0.048 49.952
15 50 0.048 49.952
23 50 0.048 49.952
30 50 0.048 49.952
9 50 0.048 49.952
7 50 0.048 49.952
25 50 0.048 49.952
12 50 0.048 49.952
24 50 0.048 49.952
20 50 0.048 49.952
16 50 0.048 49.952
2 49.952 0.048 49.904
17 49.952 0.048 49.904
26 50 0.048 49.952
3 50 0.048 49.952
29 50 0.048 49.952
22 50 0.048 49.952
14 50 0.048 49.952
14 49.952 0.16 49.792
10 50 0.048 49.952
17 50 0.048 49.952
2 50 0.048 49.952
15 50 0.048 49.952
23 50 0.048 49.952
30 50 0.048 49.952
9 50 0.048 49.952
7 50 0.048 49.952
25 50 0.048 49.952
12 50 0.048 49.952
24 50 0.048 49.952
20 50 0.048 49.952
16 50 0.048 49.952
2 49.952 0.048 49.904
17 49.952 0.048 49.904
26 50 0.048 49.952
5 50 0.048 49.952
3 50 0.048 49.952
29 50 0.048 49.952
22 50 0.048 49.952
10 50 0.048 49.952
17 50 0.048 49.952
2 50 0.048 49.952
15 50 0.048 49.952
23 50 0.048 49.952
30 50 0.048 49.952
9 50 0.048 49.952
7 50 0.048 49.952
25 50 0.048 49.952
12 50 0.048 49.952
24 50 0.048 49.952
20 50 0.048 49.952
16 50 0.048 49.952
2 49.952 0.048 49.904
17 49.952 0.048 49.904
26 50 0.048 49.952
5 50 0.048 49.952
3 50 0.048 49.952
29 50 0.048 49.952
22 50 0.048 49.952
10 50 0.048 49.952
17 50 0.048 49.952
2 50 0.048 49.952
15 50 0.048 49.952
23 50 0.048 49.952
30 50 0.048 49.952
9 50 0.048 49.952
7 50 0.048 49.952
25 50 0.048 49.952
12 50 0.048 49.952
24 50 0.048 49.952
20 50 0.048 49.952
16 50 0.048 49.952
2 49.952 0.048 49.904
17 49.952 0.048 49.904
26 50 0.048 49.952
5 50 0.048 49.952
3 50 0.048 49.952
29 50 0.048 49.952
22 50 0.048 49.952
10 50 0.048 49.952
17 50 0.048 49.952
2 50 0.048 49.952
15 50 0.048 49.952
23 50 0.048 49.952
30 50 0.048 49.952
9 50 0.048 49.952
7 50 0.048 49.952
25 50 0.048 49.952
12 50 0.048 49.952
24 50 0.048 49.952
20 50 0.048 49.952
16 50 0.048 49.952
2 49.952 0.048 49.904
17 49.952 0.048 49.904
26 50 0.048 49.952
5 50 0.048 49.952
3 50 0.048 49.952
29 50 0.048 49.952
22 50 0.048 49.952
10 50 0.048 49.952
17 50 0.048 49.952
2 50 0.048 49.952
15 50 0.048 49.952
23 50 0.048 49.952
30 50 0.048 49.952
9 50 0.048 49.952
7 50 0.048 49.952
25 50 0.048 49.952
12 50 0.048 49.952
24 50 0.048 49.952
20 50 0.048 49.952
16 50 0.048 49.952
2 49.952 0.048 49.904
17 49.952 0.048 49.904
26 50 0.048 49.952
5 50 0.048 49.952
3 50 0.048 49.952
29 50 0.048 49.952
22 50 0.048 49.952
10 50 0.048 49.952
17 50 0.048 49.952
2 50 0.048 49.952
15 50 0.048 49.952
23 50 0.048 49.952
30 50 0.048 49.952
9 50 0.048 49.952
7 50 0.048 49.952
25 50 0.048 49.952
12 50 0.048 49.952
24 50 0.048 49.952
20 50 0.048 49.952
16 50 0.048 49.952
2 49.952 0.048 49.904
17 49.952 0.048 49.904
26 50 0.048 49.952
5 50 0.048 49.952
3 50 0.048 49.952
29 50 0.048 49.952
22 50 0.048 49.952
10 50 0.048 49.952
18 50 0.048 49.952
11 50 0.048 49.952
18 49.952 0.16 49.792
11 49.952 0.16 49.792
11 49.792 0.048 49.744
18 49.792 0.048 49.744
17 50 0.048 49.952
2 50 0.048 49.952
15 50 0.048 49.952
23 50 0.048 49.952
30 50 0.048 49.952
9 50 0.048 49.952
30 49.952 0.16 49.792
9 49.952 0.16 49.792
7 50 0.048 49.952
25 50 0.048 49.952
12 50 0.048 49.952
24 50 0.048 49.952
20 50 0.048 49.952
16 50 0.048 49.952
2 49.952 0.048 49.904
17 49.952 0.048 49.904
26 50 0.048 49.952
5 50 0.048 49.952
3 50 0.048 49.952
29 50 0.048 49.952
22 50 0.048 49.952
10 50 0.048 49.952
11 50 0.048 49.952
18 50 0.048 49.952
17 50 0.048 49.952
2 50 0.048 49.952
15 50 0.048 49.952
23 50 0.048 49.952
7 50 0.048 49.952
25 50 0.048 49.952
12 50 0.048 49.952
24 50 0.048 49.952
20 50 0.048 49.952
2 49.952 0.048 49.904
17 49.952 0.048 49.904
26 50 0.048 49.952
5 50 0.048 49.952
3 50 0.048 49.952
29 50 0.048 49.952
22 50 0.048 49.952
10 50 0.048 49.952
11 50 0.048 49.952
18 50 0.048 49.952
17 50 0.048 49.952
2 50 0.048 49.952
15 50 0.048 49.952
23 50 0.048 49.952
7 50 0.048 49.952
25 50 0.048 49.952
12 50 0.048 49.952
24 50 0.048 49.952
20 50 0.048 49.952
2 49.952 0.048 49.904
17 49.952 0.048 49.904
26 50 0.048 49.952
5 50 0.048 49.952
3 50 0.048 49.952
29 50 0.048 49.952
22 50 0.048 49.952
10 50 0.048 49.952
11 50 0.048 49.952
18 50 0.048 49.952
17 50 0.048 49.952
2 50 0.048 49.952
15 50 0.048 49.952
23 50 0.048 49.952
7 50 0.048 49.952
25 50 0.048 49.952
12 50 0.048 49.952
24 50 0.048 49.952
20 50 0.048 49.952
28 50 0.048 49.952
13 50 0.048 49.952
28 49.952 0.16 49.792
13 49.952 0.16 49.792
13 49.792 0.048 49.744
28 49.792 0.048 49.744
2 49.952 0.048 49.904
17 49.952 0.048 49.904
26 50 0.048 49.952
5 50 0.048 49.952
3 50 0.048 49.952
29 50 0.048 49.952
22 50 0.048 49.952
10 50 0.048 49.952
11 50 0.048 49.952
18 50 0.048 49.952
17 50 0.048 49.952
2 50 0.048 49.952
15 50 0.048 49.952
23 50 0.048 49.952
23 49.952 0.16 49.792
7 50 0.048 49.952
25 50 0.048 49.952
12 50 0.048 49.952
24 50 0.048 49.952
20 50 0.048 49.952
16 50 0.048 49.952
13 49.9465 0.048 49.8985
28 50 0.048 49.952
2 49.952 0.048 49.904
17 49.952 0.048 49.904
26 50 0.048 49.952
3 50 0.048 49.952
29 50 0.048 49.952
22 50 0.048 49.952
10 50 0.048 49.952
11 50 0.048 49.952
18 50 0.048 49.952
17 50 0.048 49.952
2 50 0.048 49.952
15 50 0.048 49.952
7 50 0.048 49.952
25 50 0.048 49.952
12 50 0.048 49.952
24 50 0.048 49.952
20 50 0.048 49.952
16 50 0.048 49.952
13 50 0.048 49.952
28 50 0.048 49.952
2 49.952 0.048 49.904
17 49.952 0.048 49.904
26 50 0.048 49.952
3 50 0.048 49.952
29 50 0.048 49.952
22 50 0.048 49.952
10 50 0.048 49.952
10 49.952 0.16 49.792
11 50 0.048 49.952
18 50 0.048 49.952
17 50 0.048 49.952
2 50 0.048 49.952
15 50 0.048 49.952
7 50 0.048 49.952
25 50 0.048 49.952
12 50 0.048 49.952
24 50 0.048 49.952
20 50 0.048 49.952
16 50 0.048 49.952
13 50 0.048 49.952
28 50 0.048 49.952
2 49.952 0.048 49.904
17 49.952 0.048 49.904
26 50 0.048 49.952
3 50 0.048 49.952
29 50 0.048 49.952
22 50 0.048 49.952
4 50 0.048 49.952
9 50 0.048 49.952
30 50 0.048 49.952
9 49.952 0.16 49.792
30 49.952 0.16 49.792
30 49.792 0.048 49.744
9 49.792 0.048 49.744
11 50 0.048 49.952
18 50 0.048 49.952
17 50 0.048 49.952
2 50 0.048 49.952
15 50 0.048 49.952
7 50 0.048 49.952
25 50 0.048 49.952
12 50 0.048 49.952
24 50 0.048 49.952
20 50 0.048 49.952
16 50 0.048 49.952
13 50 0.048 49.952
28 50 0.048 49.952
2 49.952 0.048 49.904
17 49.952 0.048 49.904
26 50 0.048 49.952
3 50 0.048 49.952
29 50 0.048 49.952
22 50 0.048 49.952
4 50 0.048 49.952
19 50 0.048 49.952
30 50 0.048 49.952
9 50 0.048 49.952
11 50 0.048 49.952
18 50 0.048 49.952
17 50 0.048 49.952
2 50 0.048 49.952
15 50 0.048 49.952
7 50 0.048 49.952
12 50 0.048 49.952
24 50 0.048 49.952
20 50 0.048 49.952
16 50 0.048 49.952
13 50 0.048 49.952
28 50 0.048 49.952
2 49.952 0.048 49.904
17 49.952 0.048 49.904
26 50 0.048 49.952
3 50 0.048 49.952
29 50 0.048 49.952
22 50 0.048 49.952
4 50 0.048 49.952
19 50 0.048 49.952
30 50 0.048 49.952
9 50 0.048 49.952
11 50 0.048 49.952
18 50 0.048 49.952
17 50 0.048 49.952
2 50 0.048 49.952
15 50 0.048 49.952
7 50 0.048 49.952
7 49.952 0.16 49.792
25 50 0.048 49.952
25 49.952 0.16 49.792
12 50 0.048 49.952
24 50 0.048 49.952
20 50 0.048 49.952
16 50 0.048 49.952
13 50 0.048 49.952
28 50 0.048 49.952
2 49.952 0.048 49.904
17 49.952 0.048 49.904
26 50 0.048 49.952
3 50 0.048 49.952
29 50 0.048 49.952
22 50 0.048 49.952
4 50 0.048 49.952
19 50 0.048 49.952
30 50 0.048 49.952
9 50 0.048 49.952
11 50 0.048 49.952
18 50 0.048 49.952
17 50 0.048 49.952
2 50 0.048 49.952
15 50 0.048 49.952
12 50 0.048 49.952
24 50 0.048 49.952
20 50 0.048 49.952
16 50 0.048 49.952
13 50 0.048 49.952
28 50 0.048 49.952
2 49.952 0.048 49.904
17 49.952 0.048 49.904
26 50 0.048 49.952
3 50 0.048 49.952
29 50 0.048 49.952
22 50 0.048 49.952
4 50 0.048 49.952
19 50 0.048 49.952
30 50 0.048 49.952
9 50 0.048 49.952
11 50 0.048 49.952
18 50 0.048 49.952
17 50 0.048 49.952
2 50 0.048 49.952
15 50 0.048 49.952
12 50 0.048 49.952
24 50 0.048 49.952
20 50 0.048 49.952
16 50 0.048 49.952
13 50 0.048 49.952
28 50 0.048 49.952
2 49.952 0.048 49.904
17 49.952 0.048 49.904
26 50 0.048 49.952
5 50 0.048 49.952
3 50 0.048 49.952
29 50 0.048 49.952
22 50 0.048 49.952
8 50 0.048 49.952
1 50 0.048 49.952
24 50 0.048 49.952
27 50 0.048 49.952
8 49.952 0.16 49.792
1 49.952 0.16 49.792
24 49.952 0.16 49.792
27 49.952 0.16 49.792
27 49.792 0.048 49.744
1 49.792 0.048 49.744
5 49.952 0.048 49.904
8 49.792 0.048 49.744
27 49.744 0.16 49.584
1 49.744 0.16 49.584
1 49.584 0.048 49.536
5 49.904 0.048 49.856
8 49.744 0.048 49.696
27 49.584 0.048 49.536
1 49.536 0.16 49.376
5 49.856 0.16 49.696
8 49.696 0.16 49.536
5 49.696 0.16 49.536
5 49.536 0.048 49.488
1 49.376 0.048 49.328
27 49.536 0.048 49.488
8 49.536 0.16 49.376
27 49.488 0.16 49.328
4 50 0.048 49.952
19 50 0.048 49.952
30 50 0.048 49.952
9 50 0.048 49.952
11 50 0.048 49.952
17 50 0.048 49.952
2 50 0.048 49.952
15 50 0.048 49.952
15 49.952 0.16 49.792
12 50 0.048 49.952
24 49.792 0.048 49.744
20 50 0.048 49.952
16 50 0.048 49.952
13 50 0.048 49.952
28 50 0.048 49.952
2 49.952 0.048 49.904
26 50 0.048 49.952
3 50 0.048 49.952
29 50 0.048 49.952
22 50 0.048 49.952
5 49.8858 0.048 49.8378
1 49.7126 0.048 49.6646
27 49.4901 0.048 49.4421
4 50 0.048 49.952
19 50 0.048 49.952
30 50 0.048 49.952
9 50 0.048 49.952
11 50 0.048 49.952
17 50 0.048 49.952
2 50 0.048 49.952
12 50 0.048 49.952
24 49.8823 0.048 49.8343
1 49.6646 0.048 49.6166
5 50 0.048 49.952
8 49.593 0.048 49.545
27 49.4421 0.048 49.3941
1 49.6166 0.16 49.4566
5 49.952 0.16 49.792
8 49.545 0.16 49.385
8 49.385 0.048 49.337
1 49.4566 0.048 49.4086
27 49.3941 0.048 49.3461
8 49.337 0.16 49.177
27 49.3461 0.16 49.1861
1 49.4086 0.16 49.2486
27 49.1861 0.16 49.0261
27 49.0261 0.048 48.9781
1 49.2486 0.048 49.2006
5 49.792 0.048 49.744
8 49.177 0.048 49.129
20 50 0.048 49.952
16 50 0.048 49.952
13 50 0.048 49.952
28 50 0.048 49.952
2 49.952 0.048 49.904
17 49.952 0.048 49.904
26 50 0.048 49.952
3 50 0.048 49.952
29 50 0.048 49.952
3 49.952 0.16 49.792
29 49.952 0.16 49.792
22 50 0.048 49.952
5 49.744 0.048 49.696
1 49.5995 0.048 49.5515
27 49.2944 0.048 49.2464
4 50 0.048 49.952
19 50 0.048 49.952
30 50 0.048 49.952
9 50 0.048 49.952
11 50 0.048 49.952
17 50 0.048 49.952
2 50 0.048 49.952
12 50 0.048 49.952
24 50 0.048 49.952
27 49.2464 0.048 49.1984
1 49.5515 0.048 49.5035
5 49.828 0.048 49.78
8 49.2571 0.048 49.2091
20 50 0.048 49.952
16 50 0.048 49.952
13 50 0.048 49.952
28 50 0.048 49.952
2 49.952 0.048 49.904
17 49.952 0.048 49.904
26 50 0.048 49.952
22 50 0.048 49.952
5 49.78 0.048 49.732
1 49.8071 0.048 49.7591
27 49.4594 0.048 49.4114
4 50 0.048 49.952
19 50 0.048 49.952
30 50 0.048 49.952
9 50 0.048 49.952
11 50 0.048 49.952
18 50 0.048 49.952
17 50 0.048 49.952
2 50 0.048 49.952
12 50 0.048 49.952
24 50 0.048 49.952
27 49.4114 0.048 49.3634
1 49.7591 0.048 49.7111
5 50 0.048 49.952
8 49.3643 0.048 49.3163
20 50 0.048 49.952
16 50 0.048 49.952
20 49.952 0.16 49.792
16 49.952 0.16 49.792
13 50 0.048 49.952
28 50 0.048 49.952
2 49.952 0.048 49.904
17 49.952 0.048 49.904
26 50 0.048 49.952
5 49.952 0.048 49.904
22 50 0.048 49.952
5 49.904 0.048 49.856
1 49.9585 0.048 49.9105
26 49.952 0.048 49.904
27 49.7206 0.048 49.6726
4 50 0.048 49.952
19 50 0.048 49.952
30 50 0.048 49.952
9 50 0.048 49.952
11 50 0.048 49.952
18 50 0.048 49.952
17 50 0.048 49.952
12 50 0.048 49.952
24 50 0.048 49.952
27 49.6726 0.048 49.6246
1 49.9105 0.048 49.8625
5 50 0.048 49.952
8 49.5291 0.048 49.4811
13 50 0.048 49.952
28 50 0.048 49.952
2 50 0.048 49.952
26 50 0.048 49.952
22 50 0.048 49.952
5 49.952 0.048 49.904
1 50 0.048 49.952
26 49.952 0.048 49.904
27 49.8276 0.048 49.7796
4 50 0.048 49.952
19 50 0.048 49.952
30 50 0.048 49.952
9 50 0.048 49.952
11 50 0.048 49.952
18 50 0.048 49.952
17 50 0.048 49.952
2 50 0.048 49.952
12 50 0.048 49.952
24 50 0.048 49.952
27 49.7796 0.048 49.7316
1 49.952 0.048 49.904
5 50 0.048 49.952
8 49.8131 0.048 49.7651
13 50 0.048 49.952
28 50 0.048 49.952
2 49.952 0.048 49.904
17 49.952 0.048 49.904
26 50 0.048 49.952
5 49.952 0.048 49.904
22 50 0.048 49.952
5 49.904 0.048 49.856
1 50 0.048 49.952
26 49.952 0.048 49.904
27 50 0.048 49.952
4 50 0.048 49.952
4 49.952 0.16 49.792
19 50 0.048 49.952
30 50 0.048 49.952
9 50 0.048 49.952
11 50 0.048 49.952
18 50 0.048 49.952
17 50 0.048 49.952
2 50 0.048 49.952
12 50 0.048 49.952
24 50 0.048 49.952
27 49.952 0.048 49.904
1 49.952 0.048 49.904
5 50 0.048 49.952
8 50 0.048 49.952
13 50 0.048 49.952
28 50 0.048 49.952
2 49.952 0.048 49.904
17 49.952 0.048 49.904
2 49.904 0.16 49.744
17 49.904 0.16 49.744
26 50 0.048 49.952
5 49.952 0.048 49.904
22 50 0.048 49.952
5 49.904 0.048 49.856
1 50 0.048 49.952
26 49.952 0.048 49.904
27 50 0.048 49.952
19 50 0.048 49.952
30 50 0.048 49.952
9 50 0.048 49.952
11 50 0.048 49.952
18 50 0.048 49.952
17 49.8612 0.048 49.8132
2 49.9682 0.048 49.9202
17 49.8132 0.16 49.6532
2 49.9202 0.16 49.7602
2 49.7602 0.048 49.7122
17 49.6532 0.048 49.6052
2 49.7122 0.16 49.5522
17 49.6052 0.16 49.4452
12 50 0.048 49.952
24 50 0.048 49.952
27 49.952 0.048 49.904
1 49.952 0.048 49.904
5 50 0.048 49.952
8 50 0.048 49.952
13 50 0.048 49.952
28 50 0.048 49.952
26 50 0.048 49.952
5 49.952 0.048 49.904
22 50 0.048 49.952
5 49.904 0.048 49.856
1 50 0.048 49.952
26 49.952 0.048 49.904
27 50 0.048 49.952
19 50 0.048 49.952
30 50 0.048 49.952
9 50 0.048 49.952
11 50 0.048 49.952
18 50 0.048 49.952
12 50 0.048 49.952
24 50 0.048 49.952
27 49.952 0.048 49.904
1 49.952 0.048 49.904
5 50 0.048 49.952
8 50 0.048 49.952
13 50 0.048 49.952
28 50 0.048 49.952
26 50 0.048 49.952
5 49.952 0.048 49.904
22 50 0.048 49.952
22 49.952 0.16 49.792
5 49.904 0.048 49.856
1 50 0.048 49.952
26 49.952 0.048 49.904
27 50 0.048 49.952
19 50 0.048 49.952
30 50 0.048 49.952
9 50 0.048 49.952
11 50 0.048 49.952
18 50 0.048 49.952
12 50 0.048 49.952
24 50 0.048 49.952
27 49.952 0.048 49.904
1 49.952 0.048 49.904
5 50 0.048 49.952
8 50 0.048 49.952
13 50 0.048 49.952
28 50 0.048 49.952
26 50 0.048 49.952
5 49.952 0.048 49.904
5 49.904 0.048 49.856
1 50 0.048 49.952
26 49.952 0.048 49.904
27 50 0.048 49.952
19 50 0.048 49.952
30 50 0.048 49.952
9 50 0.048 49.952
11 50 0.048 49.952
18 50 0.048 49.952
12 50 0.048 49.952
24 50 0.048 49.952
27 49.952 0.048 49.904
1 49.952 0.048 49.904
5 50 0.048 49.952
8 50 0.048 49.952
24 49.952 0.048 49.904
8 49.952 0.048 49.904
12 49.952 0.048 49.904
24 49.904 0.16 49.744
8 49.904 0.16 49.744
8 49.744 0.048 49.696
1 50 0.048 49.952
24 49.744 0.048 49.696
27 49.904 0.048 49.856
8 49.696 0.16 49.536
12 49.904 0.16 49.744
1 49.952 0.16 49.792
1 49.792 0.048 49.744
5 49.952 0.048 49.904
8 49.536 0.048 49.488
27 49.856 0.048 49.808
24 49.696 0.16 49.536
27 49.808 0.16 49.648
13 50 0.048 49.952
28 50 0.048 49.952
26 50 0.048 49.952
5 49.904 0.048 49.856
5 49.856 0.048 49.808
1 49.744 0.048 49.696
26 49.952 0.048 49.904
27 49.8992 0.048 49.8512
19 50 0.048 49.952
30 50 0.048 49.952
9 50 0.048 49.952
11 50 0.048 49.952
18 50 0.048 49.952
12 50 0.048 49.952
24 49.7521 0.048 49.7041
27 49.8512 0.048 49.8032
1 49.696 0.048 49.648
5 50 0.048 49.952
8 49.6684 0.048 49.6204
1 50 0.048 49.952
5 49.952 0.048 49.904
8 49.6204 0.048 49.5724
27 49.8032 0.048 49.7552
29 50 0.048 49.952
3 50 0.048 49.952
29 49.952 0.16 49.792
3 49.952 0.16 49.792
3 49.792 0.048 49.744
29 49.792 0.048 49.744
13 50 0.048 49.952
28 50 0.048 49.952
26 50 0.048 49.952
5 49.904 0.048 49.856
5 49.856 0.048 49.808
1 49.952 0.048 49.904
26 49.952 0.048 49.904
27 49.9524 0.048 49.9044
19 50 0.048 49.952
19 49.952 0.16 49.792
30 50 0.048 49.952
9 50 0.048 49.952
11 50 0.048 49.952
18 50 0.048 49.952
12 50 0.048 49.952
24 50 0.048 49.952
27 49.9044 0.048 49.8564
1 49.904 0.048 49.856
5 50 0.048 49.952
8 49.6977 0.048 49.6497
1 50 0.048 49.952
5 49.952 0.048 49.904
8 49.6497 0.048 49.6017
27 49.8564 0.048 49.8084
3 50 0.048 49.952
29 49.9999 0.048 49.9519
13 50 0.048 49.952
28 50 0.048 49.952
26 50 0.048 49.952
5 49.904 0.048 49.856
5 49.856 0.048 49.808
1 49.952 0.048 49.904
26 49.952 0.048 49.904
27 49.9276 0.048 49.8796
30 50 0.048 49.952
9 50 0.048 49.952
11 50 0.048 49.952
12 50 0.048 49.952
24 50 0.048 49.952
27 49.8796 0.048 49.8316
1 49.904 0.048 49.856
5 49.9914 0.048 49.9434
8 49.8244 0.048 49.7764
1 50 0.048 49.952
5 49.9434 0.048 49.8954
8 49.7764 0.048 49.7284
27 49.8316 0.048 49.7836
3 50 0.048 49.952
29 50 0.048 49.952
13 50 0.048 49.952
28 50 0.048 49.952
26 50 0.048 49.952
5 49.8954 0.048 49.8474
5 49.8474 0.048 49.7994
1 49.952 0.048 49.904
26 49.952 0.048 49.904
27 49.9375 0.048 49.8895
30 50 0.048 49.952
9 50 0.048 49.952
11 50 0.048 49.952
12 50 0.048 49.952
24 50 0.048 49.952
27 49.8895 0.048 49.8415
1 49.904 0.048 49.856
5 50 0.048 49.952
8 49.9719 0.048 49.9239
1 49.9689 0.048 49.9209
5 49.952 0.048 49.904
8 49.9239 0.048 49.8759
27 49.8415 0.048 49.7935
3 50 0.048 49.952
29 50 0.048 49.952
13 50 0.048 49.952
28 50 0.048 49.952
26 50 0.048 49.952
5 49.904 0.048 49.856
5 49.856 0.048 49.808
1 49.9209 0.048 49.8729
26 49.952 0.048 49.904
27 50 0.048 49.952
16 50 0.048 49.952
20 50 0.048 49.952
16 49.952 0.16 49.792
20 49.952 0.16 49.792
20 49.792 0.048 49.744
16 49.792 0.048 49.744
30 50 0.048 49.952
9 50 0.048 49.952
11 50 0.048 49.952
12 50 0.048 49.952
24 50 0.048 49.952
27 49.952 0.048 49.904
1 49.8729 0.048 49.8249
5 49.9817 0.048 49.9337
8 50 0.048 49.952
1 50 0.048 49.952
5 49.9337 0.048 49.8857
8 49.952 0.048 49.904
27 49.904 0.048 49.856
3 50 0.048 49.952
29 50 0.048 49.952
13 50 0.048 49.952
28 50 0.048 49.952
26 50 0.048 49.952
5 49.8857 0.048 49.8377
5 49.8377 0.048 49.7897
1 49.952 0.048 49.904
26 49.952 0.048 49.904
27 50 0.048 49.952
20 50 0.048 49.952
16 50 0.048 49.952
30 50 0.048 49.952
9 50 0.048 49.952
11 50 0.048 49.952
12 50 0.048 49.952
24 50 0.048 49.952
27 49.952 0.048 49.904
1 49.904 0.048 49.856
5 50 0.048 49.952
8 50 0.048 49.952
1 50 0.048 49.952
5 49.952 0.048 49.904
8 49.952 0.048 49.904
27 49.904 0.048 49.856
3 50 0.048 49.952
29 50 0.048 49.952
13 50 0.048 49.952
28 50 0.048 49.952
26 50 0.048 49.952
5 49.904 0.048 49.856
5 49.856 0.048 49.808
1 49.952 0.048 49.904
26 49.952 0.048 49.904
27 50 0.048 49.952
20 50 0.048 49.952
16 50 0.048 49.952
30 50 0.048 49.952
9 50 0.048 49.952
11 50 0.048 49.952
12 50 0.048 49.952
24 50 0.048 49.952
27 49.952 0.048 49.904
1 49.904 0.048 49.856
5 50 0.048 49.952
8 50 0.048 49.952
1 49.9648 0.048 49.9168
5 49.952 0.048 49.904
8 49.952 0.048 49.904
27 49.904 0.048 49.856
3 50 0.048 49.952
29 50 0.048 49.952
13 50 0.048 49.952
28 50 0.048 49.952
26 50 0.048 49.952
5 49.904 0.048 49.856
21 50 0.048 49.952
5 49.856 0.048 49.808
1 49.9168 0.048 49.8688
26 49.952 0.048 49.904
27 50 0.048 49.952
20 50 0.048 49.952
16 50 0.048 49.952
30 50 0.048 49.952
9 50 0.048 49.952
11 50 0.048 49.952
12 50 0.048 49.952
24 50 0.048 49.952
12 49.952 0.16 49.792
24 49.952 0.16 49.792
27 49.952 0.048 49.904
1 49.8688 0.048 49.8208
5 49.9693 0.048 49.9213
8 50 0.048 49.952
1 49.938 0.048 49.89
5 49.9213 0.048 49.8733
8 49.952 0.048 49.904
27 49.904 0.048 49.856
3 50 0.048 49.952
29 50 0.048 49.952
13 50 0.048 49.952
28 50 0.048 49.952
26 50 0.048 49.952
5 49.8733 0.048 49.8253
21 50 0.048 49.952
5 49.8253 0.048 49.7773
1 49.89 0.048 49.842
26 49.952 0.048 49.904
27 50 0.048 49.952
20 50 0.048 49.952
16 50 0.048 49.952
30 50 0.048 49.952
9 50 0.048 49.952
11 50 0.048 49.952
27 49.952 0.048 49.904
1 49.842 0.048 49.794
5 49.9523 0.048 49.9043
8 50 0.048 49.952
1 49.9124 0.048 49.8644
5 49.9043 0.048 49.8563
8 49.952 0.048 49.904
27 49.904 0.048 49.856
3 50 0.048 49.952
29 50 0.048 49.952
13 50 0.048 49.952
28 50 0.048 49.952
26 50 0.048 49.952
5 49.8563 0.048 49.8083
21 50 0.048 49.952
5 49.8083 0.048 49.7603
1 49.8644 0.048 49.8164
26 49.952 0.048 49.904
27 50 0.048 49.952
20 50 0.048 49.952
16 50 0.048 49.952
30 50 0.048 49.952
9 50 0.048 49.952
11 50 0.048 49.952
27 49.952 0.048 49.904
1 49.8164 0.048 49.7684
5 49.8788 0.048 49.8308
8 50 0.048 49.952
27 49.904 0.16 49.744
1 49.7684 0.16 49.6084
5 49.8308 0.16 49.6708
8 49.952 0.16 49.792
1 49.7472 0.048 49.6992
5 49.6708 0.048 49.6228
8 49.792 0.048 49.744
27 49.744 0.048 49.696
1 49.6992 0.16 49.5392
5 49.6228 0.16 49.4628
8 49.744 0.16 49.584
27 49.696 0.16 49.536
3 50 0.048 49.952
29 50 0.048 49.952
13 50 0.048 49.952
28 50 0.048 49.952
26 50 0.048 49.952
21 50 0.048 49.952
5 49.4628 0.048 49.4148
1 49.5392 0.048 49.4912
27 49.7483 0.048 49.7003
5 49.4148 0.16 49.2548
1 49.4912 0.16 49.3312
27 49.7003 0.16 49.5403
20 50 0.048 49.952
16 50 0.048 49.952
30 50 0.048 49.952
9 50 0.048 49.952
11 50 0.048 49.952
3 50 0.048 49.952
29 50 0.048 49.952
13 50 0.048 49.952
28 50 0.048 49.952
26 50 0.048 49.952
21 50 0.048 49.952
6 50 0.048 49.952
20 50 0.048 49.952
16 50 0.048 49.952
30 50 0.048 49.952
9 50 0.048 49.952
11 50 0.048 49.952
3 50 0.048 49.952
29 50 0.048 49.952
13 50 0.048 49.952
28 50 0.048 49.952
26 50 0.048 49.952
26 49.952 0.16 49.792
21 50 0.048 49.952
6 50 0.048 49.952
20 50 0.048 49.952
16 50 0.048 49.952
30 50 0.048 49.952
9 50 0.048 49.952
11 50 0.048 49.952
18 50 0.048 49.952
7 50 0.048 49.952
3 50 0.048 49.952
29 50 0.048 49.952
13 50 0.048 49.952
28 50 0.048 49.952
21 50 0.048 49.952
6 50 0.048 49.952
20 50 0.048 49.952
16 50 0.048 49.952
30 50 0.048 49.952
9 50 0.048 49.952
11 50 0.048 49.952
18 50 0.048 49.952
7 50 0.048 49.952
3 50 0.048 49.952
29 50 0.048 49.952
13 50 0.048 49.952
28 50 0.048 49.952
21 50 0.048 49.952
6 50 0.048 49.952
18 50 0.048 49.952
11 50 0.048 49.952
20 50 0.048 49.952
16 50 0.048 49.952
30 50 0.048 49.952
9 50 0.048 49.952
11 49.952 0.048 49.904
18 49.952 0.048 49.904
23 50 0.048 49.952
7 50 0.048 49.952
3 50 0.048 49.952
29 50 0.048 49.952
13 50 0.048 49.952
28 50 0.048 49.952
21 50 0.048 49.952
6 50 0.048 49.952
18 50 0.048 49.952
11 50 0.048 49.952
20 50 0.048 49.952
16 50 0.048 49.952
30 50 0.048 49.952
9 50 0.048 49.952
11 49.952 0.048 49.904
18 49.952 0.048 49.904
23 50 0.048 49.952
7 50 0.048 49.952
3 50 0.048 49.952
29 50 0.048 49.952
13 50 0.048 49.952
28 50 0.048 49.952
21 50 0.048 49.952
6 50 0.048 49.952
18 50 0.048 49.952
11 50 0.048 49.952
20 50 0.048 49.952
16 50 0.048 49.952
30 50 0.048 49.952
9 50 0.048 49.952
11 49.952 0.048 49.904
18 49.952 0.048 49.904
11 49.904 0.16 49.744
18 49.904 0.16 49.744
23 50 0.048 49.952
7 50 0.048 49.952
3 50 0.048 49.952
29 50 0.048 49.952
13 50 0.048 49.952
28 50 0.048 49.952
21 50 0.048 49.952
6 50 0.048 49.952
18 49.9982 0.048 49.9502
11 50 0.048 49.952
18 49.9502 0.16 49.7902
11 49.952 0.16 49.792
20 50 0.048 49.952
16 50 0.048 49.952
30 50 0.048 49.952
9 50 0.048 49.952
23 50 0.048 49.952
7 50 0.048 49.952
3 50 0.048 49.952
29 50 0.048 49.952
13 50 0.048 49.952
28 50 0.048 49.952
21 50 0.048 49.952
6 50 0.048 49.952
20 50 0.048 49.952
16 50 0.048 49.952
30 50 0.048 49.952
9 50 0.048 49.952
23 50 0.048 49.952
7 50 0.048 49.952
25 50 0.048 49.952
7 49.952 0.16 49.792
25 49.952 0.16 49.792
25 49.792 0.048 49.744
7 49.792 0.048 49.744
3 50 0.048 49.952
29 50 0.048 49.952
13 50 0.048 49.952
28 50 0.048 49.952
13 49.952 0.16 49.792
28 49.952 0.16 49.792
21 50 0.048 49.952
6 50 0.048 49.952
20 50 0.048 49.952
16 50 0.048 49.952
30 50 0.048 49.952
9 50 0.048 49.952
23 50 0.048 49.952
25 50 0.048 49.952
7 50 0.048 49.952
3 50 0.048 49.952
29 50 0.048 49.952
21 50 0.048 49.952
6 50 0.048 49.952
20 50 0.048 49.952
16 50 0.048 49.952
30 50 0.048 49.952
9 50 0.048 49.952
23 50 0.048 49.952
25 50 0.048 49.952
7 50 0.048 49.952
3 50 0.048 49.952
29 50 0.048 49.952
21 50 0.048 49.952
6 50 0.048 49.952
20 50 0.048 49.952
16 50 0.048 49.952
30 50 0.048 49.952
9 50 0.048 49.952
23 50 0.048 49.952
25 50 0.048 49.952
7 50 0.048 49.952
3 50 0.048 49.952
29 50 0.048 49.952
21 50 0.048 49.952
21 49.952 0.16 49.792
6 50 0.048 49.952
20 50 0.048 49.952
16 50 0.048 49.952
30 50 0.048 49.952
9 50 0.048 49.952
23 50 0.048 49.952
25 50 0.048 49.952
7 50 0.048 49.952
3 50 0.048 49.952
29 50 0.048 49.952
6 50 0.048 49.952
6 49.952 0.16 49.792
20 50 0.048 49.952
16 50 0.048 49.952
30 50 0.048 49.952
9 50 0.048 49.952
23 50 0.048 49.952
25 50 0.048 49.952
7 50 0.048 49.952
3 50 0.048 49.952
29 50 0.048 49.952
20 50 0.048 49.952
16 50 0.048 49.952
30 50 0.048 49.952
9 50 0.048 49.952
23 50 0.048 49.952
25 50 0.048 49.952
3 50 0.048 49.952
29 50 0.048 49.952
20 50 0.048 49.952
16 50 0.048 49.952
30 50 0.048 49.952
9 50 0.048 49.952
23 50 0.048 49.952
25 50 0.048 49.952
3 50 0.048 49.952
29 50 0.048 49.952
20 50 0.048 49.952
16 50 0.048 49.952
30 50 0.048 49.952
9 50 0.048 49.952
23 50 0.048 49.952
25 50 0.048 49.952
3 50 0.048 49.952
29 50 0.048 49.952
20 50 0.048 49.952
16 50 0.048 49.952
30 50 0.048 49.952
9 50 0.048 49.952
23 50 0.048 49.952
25 50 0.048 49.952
3 50 0.048 49.952
29 50 0.048 49.952
20 50 0.048 49.952
16 50 0.048 49.952
30 50 0.048 49.952
9 50 0.048 49.952
23 50 0.048 49.952
25 50 0.048 49.952
3 50 0.048 49.952
29 50 0.048 49.952
20 50 0.048 49.952
16 50 0.048 49.952
30 50 0.048 49.952
9 50 0.048 49.952
23 50 0.048 49.952
25 50 0.048 49.952
3 50 0.048 49.952
29 50 0.048 49.952
20 50 0.048 49.952
16 50 0.048 49.952
30 50 0.048 49.952
9 50 0.048 49.952
30 49.952 0.16 49.792
9 49.952 0.16 49.792
23 50 0.048 49.952
25 50 0.048 49.952
3 50 0.048 49.952
29 50 0.048 49.952
20 50 0.048 49.952
16 50 0.048 49.952
23 50 0.048 49.952
25 50 0.048 49.952
3 50 0.048 49.952
29 50 0.048 49.952
20 50 0.048 49.952
16 50 0.048 49.952
23 50 0.048 49.952
25 50 0.048 49.952
7 50 0.048 49.952
3 50 0.048 49.952
29 50 0.048 49.952
20 50 0.048 49.952
16 50 0.048 49.952
23 50 0.048 49.952
23 49.952 0.16 49.792
25 50 0.048 49.952
7 50 0.048 49.952
3 50 0.048 49.952
29 50 0.048 49.952
20 50 0.048 49.952
16 50 0.048 49.952
25 50 0.048 49.952
7 50 0.048 49.952
3 50 0.048 49.952
29 50 0.048 49.952
20 50 0.048 49.952
16 50 0.048 49.952
25 50 0.048 49.952
7 50 0.048 49.952
3 50 0.048 49.952
29 50 0.048 49.952
20 50 0.048 49.952
16 50 0.048 49.952
25 50 0.048 49.952
7 50 0.048 49.952
3 50 0.048 49.952
29 50 0.048 49.952
20 50 0.048 49.952
16 50 0.048 49.952
25 50 0.048 49.952
7 50 0.048 49.952
3 50 0.048 49.952
29 50 0.048 49.952
20 50 0.048 49.952
16 50 0.048 49.952
25 50 0.048 49.952
7 50 0.048 49.952
25 49.952 0.16 49.792
7 49.952 0.16 49.792
3 50 0.048 49.952
29 50 0.048 49.952
20 50 0.048 49.952
16 50 0.048 49.952
3 50 0.048 49.952
29 50 0.048 49.952
20 50 0.048 49.952
16 50 0.048 49.952
3 50 0.048 49.952
29 50 0.048 49.952
20 50 0.048 49.952
16 50 0.048 49.952
3 50 0.048 49.952
29 50 0.048 49.952
20 50 0.048 49.952
16 50 0.048 49.952
3 50 0.048 49.952
29 50 0.048 49.952
3 49.952 0.16 49.792
29 49.952 0.16 49.792
20 50 0.048 49.952
16 50 0.048 49.952
20 50 0.048 49.952
16 50 0.048 49.952
20 50 0.048 49.952
16 50 0.048 49.952
20 49.952 0.16 49.792
16 49.952 0.16 49.792
