36 599 0 100 1.16701e-08 2.41478 2.41478
7 602 0 100 1.16701e-08 2.67444 2.67444
10 601 0 100 0.2 2.62721 2.82721
2 596 0 100 0.6 2.28814 2.88814
14 607 0 100 1.16701e-08 3.02131 3.02131
46 597 0 100 0.9 2.2975 3.1975
15 604 0 100 0.8 2.77876 3.57876
27 613 0 100 0.7 3.31403 4.01403
41 611 0 100 0.8 3.2495 4.0495
43 621 0 100 1.16701e-08 4.13194 4.13194
31 616 0 100 0.5 3.83391 4.33391
22 623 0 100 3.50103e-08 4.33732 4.33732
30 609 0 100 1.3 3.12918 4.42918
8 622 0 100 0.5 4.31594 4.81594
42 614 0 100 1.6 3.42412 5.02412
18 626 0 100 0.6 4.46985 5.06985
35 594 0 100 3.2 2.1624 5.3624
28 615 0 100 1.7 3.66515 5.36515
40 612 0 100 2.1 3.30363 5.40363
45 600 0 100 3 2.41759 5.41759
35 632 0 100 0.4 5.42166 5.82166
6 598 0 100 3.5 2.33214 5.83214
6 636 0 100 0.1 5.91396 6.01396
4 629 0 100 1.1 4.91408 6.01408
33 618 0 100 2.2 3.97169 6.17169
29 595 0 100 3.9 2.27901 6.17901
1 606 0 100 3.2 2.99114 6.19114
1 638 0 100 0.2 6.01945 6.21945
48 603 0 100 3.9 2.75233 6.65233
25 633 0 100 1.4 5.46964 6.86964
25 605 0 100 4.1 2.80857 6.90857
20 608 0 100 4.1 3.09369 7.19369
20 637 0 100 1.3 5.94265 7.24265
26 610 0 100 4.1 3.17355 7.27355
17 620 0 100 3.2 4.08734 7.28734
24 645 0 100 0.1 7.43817 7.53817
24 617 0 100 3.6 3.94383 7.54383
49 627 0 100 3.3 4.58132 7.88132
49 641 0 100 0.9 7.01214 7.91214
2 642 0 100 0.9 7.17033 8.07033
10 631 0 100 2.7 5.40627 8.10627
38 628 0 100 3.5 4.79019 8.29019
23 634 0 100 2.5 5.80785 8.30785
13 619 0 100 4.7 4.03678 8.73678
50 635 0 100 3 5.81711 8.81711
50 649 0 100 1 7.82822 8.82822
19 625 0 100 4.7 4.41204 9.11204
41 630 0 100 3.8 5.4041 9.2041
11 639 0 100 2.6 6.61987 9.21987
11 624 0 100 4.9 4.40189 9.30189
27 659 0 100 1.16701e-08 9.35625 9.35625
27 640 0 100 2.7 6.79924 9.49924
30 647 0 100 2 7.69309 9.69309
8 646 0 100 2.5 7.58445 10.0845
42 643 0 100 3 7.20133 10.2013
18 651 0 100 1.7 8.64871 10.3487
28 650 0 100 2.5 8.14929 10.6493
40 644 0 100 3.4 7.27736 10.6774
34 661 0 100 1.3 9.66052 10.9605
44 653 0 100 2.4 8.68182 11.0818
12 657 0 100 2.1 9.28823 11.3882
1 654 0 100 2.7 8.83004 11.53
48 648 0 100 4.3 7.69407 11.9941
3 655 0 100 3.1 9.02767 12.1277
20 652 0 100 3.8 8.6688 12.4688
17 663 0 100 2.6 9.9613 12.5613
49 656 0 100 4.1 9.0748 13.1748
10 658 0 100 4.1 9.30481 13.4048
38 662 0 100 3.9 9.70301 13.603
11 660 0 100 4.9 9.6399 14.5399
