18 0.8 0.048 0.752
2 0.8 0.048 0.752
6 0.8 0.048 0.752
30 0.8 0.048 0.752
18 0.752 0.144 0.608
18 0.608 0.16 0.448
2 0.752 0.16 0.592
2 0.592 0.016 0.576
18 0.448 0.016 0.432
2 0.576 0.048 0.528
6 0.752 0.048 0.704
18 0.432 0.048 0.384
30 0.752 0.048 0.704
2 0.528 0.096 0.432
2 0.432 0.16 0.272
6 0.704 0.16 0.544
6 0.544 0.016 0.528
18 0.384 0.016 0.368
6 0.528 0.048 0.48
2 0.272 0.048 0.224
18 0.368 0.048 0.32
23 0.8 0.048 0.752
30 0.704 0.048 0.656
6 0.48 0.096 0.384
6 0.384 0.16 0.224
30 0.656 0.16 0.496
6 0.224 0.16 0.064
2 0.224 0.16 0.064
18 0.32 0.16 0.16
23 0.752 0.16 0.592
23 0.592 0.016 0.576
6 0.064 0.016 0.048
23 0.576 0.048 0.528
6 0.048 0.048 -1.11022e-16
30 0.496 0.048 0.448
30 0.448 0.16 0.288
8 0.8 0.048 0.752
25 0.8 0.048 0.752
27 0.8 0.048 0.752
8 0.752 0.096 0.656
8 0.656 0.16 0.496
25 0.752 0.16 0.592
25 0.592 0.016 0.576
8 0.496 0.016 0.48
25 0.576 0.048 0.528
8 0.48 0.048 0.432
20 0.8 0.048 0.752
27 0.752 0.048 0.704
25 0.528 0.096 0.432
25 0.432 0.16 0.272
27 0.704 0.16 0.544
27 0.544 0.016 0.528
8 0.432 0.016 0.416
27 0.528 0.048 0.48
8 0.416 0.048 0.368
20 0.752 0.048 0.704
25 0.272 0.048 0.224
27 0.48 0.048 0.432
27 0.432 0.16 0.272
27 0.272 0.16 0.112
8 0.368 0.16 0.208
20 0.704 0.16 0.544
20 0.544 0.016 0.528
27 0.112 0.016 0.096
20 0.528 0.048 0.48
25 0.224 0.048 0.176
27 0.096 0.048 0.048
25 0.176 0.16 0.016
22 0.8 0.048 0.752
27 0.414562 0.048 0.366562
8 0.58342 0.048 0.53542
20 0.775911 0.048 0.727911
25 0.309582 0.048 0.261582
27 0.366562 0.048 0.318562
27 0.318562 0.16 0.158562
8 0.53542 0.16 0.37542
20 0.727911 0.16 0.567911
25 0.261582 0.16 0.101582
21 0.8 0.048 0.752
14 0.8 0.048 0.752
21 0.752 0.048 0.704
21 0.704 0.16 0.544
14 0.752 0.16 0.592
14 0.592 0.016 0.576
21 0.544 0.016 0.528
14 0.576 0.048 0.528
21 0.528 0.048 0.48
23 0.8 0.048 0.752
6 0.384075 0.048 0.336075
30 0.670504 0.048 0.622504
23 0.752 0.048 0.704
23 0.704 0.16 0.544
6 0.336075 0.16 0.176075
30 0.622504 0.16 0.462504
20 0.644791 0.048 0.596791
25 0.171808 0.048 0.123808
27 0.158562 0.048 0.110562
10 0.8 0.048 0.752
5 0.8 0.048 0.752
22 0.8 0.048 0.752
26 0.8 0.048 0.752
10 0.752 0.096 0.656
10 0.656 0.16 0.496
5 0.752 0.16 0.592
5 0.592 0.016 0.576
10 0.496 0.016 0.48
5 0.576 0.048 0.528
10 0.48 0.048 0.432
13 0.8 0.048 0.752
26 0.752 0.048 0.704
5 0.528 0.096 0.432
5 0.432 0.16 0.272
22 0.752 0.16 0.592
26 0.704 0.16 0.544
26 0.544 0.016 0.528
10 0.432 0.016 0.416
26 0.528 0.048 0.48
5 0.272 0.048 0.224
10 0.416 0.048 0.368
13 0.752 0.048 0.704
26 0.48 0.048 0.432
26 0.432 0.16 0.272
26 0.272 0.16 0.112
5 0.224 0.16 0.064
10 0.368 0.16 0.208
13 0.704 0.16 0.544
13 0.544 0.016 0.528
26 0.112 0.016 0.096
13 0.528 0.048 0.48
5 0.064 0.048 0.016
26 0.096 0.048 0.048
22 0.744017 0.048 0.696017
10 0.283872 0.048 0.235872
14 0.8 0.048 0.752
21 0.8 0.048 0.752
20 0.8 0.048 0.752
25 0.49041 0.048 0.44241
27 0.482428 0.048 0.434428
6 0.55334 0.048 0.50534
2 0.8 0.048 0.752
18 0.8 0.048 0.752
23 0.8 0.048 0.752
30 0.8 0.048 0.752
6 0.50534 0.096 0.40934
6 0.40934 0.16 0.24934
2 0.752 0.16 0.592
18 0.752 0.16 0.592
18 0.592 0.016 0.576
6 0.24934 0.016 0.23334
18 0.576 0.048 0.528
2 0.592 0.048 0.544
6 0.23334 0.048 0.18534
30 0.752 0.048 0.704
18 0.528 0.048 0.48
18 0.48 0.16 0.32
23 0.752 0.16 0.592
30 0.704 0.16 0.544
30 0.544 0.016 0.528
6 0.18534 0.016 0.16934
30 0.528 0.048 0.48
2 0.544 0.048 0.496
6 0.16934 0.048 0.12134
18 0.32 0.048 0.272
2 0.496 0.16 0.336
6 0.12134 0.16 -0.0386596
30 0.48 0.16 0.32
13 0.8 0.048 0.752
5 0.381516 0.048 0.333516
26 0.425811 0.048 0.377811
7 0.8 0.048 0.752
1 0.8 0.048 0.752
7 0.752 0.048 0.704
7 0.704 0.16 0.544
1 0.752 0.16 0.592
1 0.592 0.016 0.576
7 0.544 0.016 0.528
1 0.576 0.048 0.528
7 0.528 0.048 0.48
3 0.8 0.048 0.752
15 0.8 0.048 0.752
19 0.8 0.048 0.752
3 0.752 0.096 0.656
3 0.656 0.16 0.496
15 0.752 0.16 0.592
15 0.592 0.016 0.576
3 0.496 0.016 0.48
15 0.576 0.048 0.528
3 0.48 0.048 0.432
19 0.752 0.048 0.704
15 0.528 0.048 0.48
15 0.48 0.16 0.32
19 0.704 0.16 0.544
19 0.544 0.016 0.528
3 0.432 0.016 0.416
19 0.528 0.048 0.48
3 0.416 0.048 0.368
15 0.32 0.048 0.272
3 0.368 0.16 0.208
19 0.48 0.16 0.32
22 0.8 0.048 0.752
10 0.622462 0.048 0.574462
22 0.752 0.048 0.704
22 0.704 0.16 0.544
10 0.574462 0.16 0.414462
14 0.8 0.048 0.752
21 0.8 0.048 0.752
16 0.8 0.048 0.752
20 0.8 0.048 0.752
25 0.8 0.048 0.752
27 0.8 0.048 0.752
30 0.691834 0.048 0.643834
2 0.716651 0.048 0.668651
6 0.382051 0.048 0.334051
18 0.651629 0.048 0.603629
13 0.8 0.048 0.752
5 0.720465 0.048 0.672465
1 0.8 0.048 0.752
7 0.8 0.048 0.752
1 0.752 0.048 0.704
1 0.704 0.16 0.544
1 0.544 0.016 0.528
7 0.752 0.16 0.592
19 0.695842 0.048 0.647842
3 0.583612 0.048 0.535612
15 0.640309 0.048 0.592309
19 0.647842 0.048 0.599842
19 0.599842 0.16 0.439842
19 0.439842 0.016 0.423842
3 0.535612 0.16 0.375612
15 0.592309 0.16 0.432309
14 0.8 0.048 0.752
21 0.8 0.048 0.752
17 0.8 0.048 0.752
4 0.8 0.048 0.752
17 0.752 0.048 0.704
17 0.704 0.16 0.544
4 0.752 0.16 0.592
4 0.592 0.016 0.576
17 0.544 0.016 0.528
4 0.576 0.048 0.528
17 0.528 0.048 0.48
16 0.8 0.048 0.752
20 0.8 0.048 0.752
25 0.8 0.048 0.752
27 0.8 0.048 0.752
30 0.8 0.048 0.752
2 0.8 0.048 0.752
6 0.707139 0.048 0.659139
18 0.8 0.048 0.752
13 0.8 0.048 0.752
5 0.8 0.048 0.752
26 0.8 0.048 0.752
1 0.8 0.048 0.752
7 0.8 0.048 0.752
1 0.752 0.048 0.704
1 0.704 0.16 0.544
7 0.752 0.16 0.592
7 0.592 0.016 0.576
1 0.544 0.016 0.528
7 0.576 0.048 0.528
1 0.528 0.048 0.48
14 0.8 0.048 0.752
21 0.8 0.048 0.752
14 0.752 0.048 0.704
14 0.704 0.16 0.544
14 0.544 0.016 0.528
21 0.752 0.16 0.592
4 0.8 0.048 0.752
17 0.8 0.048 0.752
16 0.8 0.048 0.752
20 0.8 0.048 0.752
25 0.8 0.048 0.752
27 0.8 0.048 0.752
30 0.8 0.048 0.752
2 0.8 0.048 0.752
6 0.8 0.048 0.752
18 0.8 0.048 0.752
13 0.8 0.048 0.752
5 0.8 0.048 0.752
7 0.8 0.048 0.752
1 0.8 0.048 0.752
9 0.8 0.048 0.752
29 0.8 0.048 0.752
9 0.752 0.048 0.704
9 0.704 0.16 0.544
29 0.752 0.16 0.592
29 0.592 0.016 0.576
9 0.544 0.016 0.528
29 0.576 0.048 0.528
9 0.528 0.048 0.48
28 0.8 0.048 0.752
12 0.8 0.048 0.752
4 0.8 0.048 0.752
17 0.8 0.048 0.752
16 0.8 0.048 0.752
16 0.752 0.048 0.704
16 0.704 0.16 0.544
16 0.544 0.016 0.528
20 0.8 0.048 0.752
25 0.8 0.048 0.752
27 0.8 0.048 0.752
30 0.8 0.048 0.752
2 0.8 0.048 0.752
6 0.8 0.048 0.752
18 0.8 0.048 0.752
13 0.8 0.048 0.752
5 0.8 0.048 0.752
7 0.8 0.048 0.752
1 0.8 0.048 0.752
14 0.8 0.048 0.752
21 0.8 0.048 0.752
14 0.752 0.048 0.704
14 0.704 0.16 0.544
21 0.752 0.16 0.592
21 0.592 0.016 0.576
14 0.544 0.016 0.528
21 0.576 0.048 0.528
14 0.528 0.048 0.48
29 0.8 0.048 0.752
9 0.8 0.048 0.752
19 0.8 0.048 0.752
3 0.8 0.048 0.752
15 0.8 0.048 0.752
19 0.752 0.048 0.704
19 0.704 0.16 0.544
3 0.752 0.16 0.592
3 0.592 0.016 0.576
19 0.544 0.016 0.528
3 0.576 0.048 0.528
15 0.752 0.048 0.704
19 0.528 0.048 0.48
15 0.704 0.16 0.544
28 0.8 0.048 0.752
26 0.8 0.048 0.752
5 0.8 0.048 0.752
10 0.8 0.048 0.752
26 0.752 0.048 0.704
26 0.704 0.16 0.544
5 0.752 0.16 0.592
10 0.752 0.16 0.592
10 0.592 0.016 0.576
26 0.544 0.016 0.528
10 0.576 0.048 0.528
22 0.8 0.048 0.752
26 0.528 0.048 0.48
12 0.8 0.048 0.752
12 0.752 0.048 0.704
12 0.704 0.16 0.544
12 0.544 0.016 0.528
4 0.8 0.048 0.752
17 0.8 0.048 0.752
20 0.8 0.048 0.752
25 0.8 0.048 0.752
27 0.8 0.048 0.752
30 0.8 0.048 0.752
2 0.8 0.048 0.752
6 0.8 0.048 0.752
18 0.8 0.048 0.752
13 0.8 0.048 0.752
5 0.664859 0.048 0.616859
26 0.559466 0.048 0.511466
7 0.8 0.048 0.752
1 0.8 0.048 0.752
21 0.8 0.048 0.752
14 0.8 0.048 0.752
29 0.8 0.048 0.752
9 0.8 0.048 0.752
11 0.8 0.048 0.752
3 0.8 0.048 0.752
15 0.8 0.048 0.752
19 0.8 0.048 0.752
24 0.8 0.048 0.752
28 0.8 0.048 0.752
10 0.8 0.048 0.752
22 0.8 0.048 0.752
26 0.8 0.048 0.752
4 0.8 0.048 0.752
17 0.8 0.048 0.752
20 0.8 0.048 0.752
25 0.8 0.048 0.752
27 0.8 0.048 0.752
30 0.8 0.048 0.752
2 0.8 0.048 0.752
6 0.8 0.048 0.752
18 0.8 0.048 0.752
13 0.8 0.048 0.752
5 0.8 0.048 0.752
7 0.8 0.048 0.752
1 0.8 0.048 0.752
21 0.8 0.048 0.752
14 0.8 0.048 0.752
29 0.8 0.048 0.752
9 0.8 0.048 0.752
11 0.8 0.048 0.752
3 0.8 0.048 0.752
15 0.8 0.048 0.752
19 0.8 0.048 0.752
24 0.8 0.048 0.752
28 0.8 0.048 0.752
28 0.752 0.048 0.704
28 0.704 0.16 0.544
28 0.544 0.016 0.528
10 0.8 0.048 0.752
22 0.8 0.048 0.752
26 0.8 0.048 0.752
8 0.8 0.048 0.752
27 0.8 0.048 0.752
4 0.8 0.048 0.752
17 0.8 0.048 0.752
20 0.8 0.048 0.752
25 0.8 0.048 0.752
27 0.752 0.048 0.704
30 0.8 0.048 0.752
2 0.8 0.048 0.752
6 0.8 0.048 0.752
18 0.8 0.048 0.752
13 0.8 0.048 0.752
5 0.8 0.048 0.752
26 0.8 0.048 0.752
7 0.8 0.048 0.752
1 0.8 0.048 0.752
21 0.8 0.048 0.752
14 0.8 0.048 0.752
6 0.8 0.048 0.752
2 0.8 0.048 0.752
18 0.8 0.048 0.752
30 0.8 0.048 0.752
29 0.8 0.048 0.752
9 0.8 0.048 0.752
11 0.8 0.048 0.752
3 0.8 0.048 0.752
15 0.8 0.048 0.752
19 0.8 0.048 0.752
24 0.8 0.048 0.752
10 0.8 0.048 0.752
22 0.8 0.048 0.752
26 0.8 0.048 0.752
8 0.8 0.048 0.752
27 0.8 0.048 0.752
4 0.8 0.048 0.752
17 0.8 0.048 0.752
20 0.8 0.048 0.752
25 0.8 0.048 0.752
27 0.752 0.048 0.704
20 0.752 0.048 0.704
20 0.704 0.16 0.544
20 0.544 0.016 0.528
25 0.752 0.16 0.592
27 0.704 0.16 0.544
30 0.8 0.048 0.752
2 0.8 0.048 0.752
6 0.8 0.048 0.752
18 0.8 0.048 0.752
23 0.8 0.048 0.752
13 0.8 0.048 0.752
5 0.8 0.048 0.752
26 0.8 0.048 0.752
7 0.8 0.048 0.752
1 0.8 0.048 0.752
21 0.8 0.048 0.752
4 0.8 0.048 0.752
14 0.8 0.048 0.752
6 0.8 0.048 0.752
2 0.8 0.048 0.752
18 0.8 0.048 0.752
30 0.8 0.048 0.752
29 0.8 0.048 0.752
9 0.8 0.048 0.752
11 0.8 0.048 0.752
3 0.8 0.048 0.752
15 0.8 0.048 0.752
19 0.8 0.048 0.752
24 0.8 0.048 0.752
9 0.8 0.048 0.752
29 0.8 0.048 0.752
9 0.752 0.048 0.704
9 0.704 0.16 0.544
9 0.544 0.016 0.528
29 0.752 0.16 0.592
10 0.8 0.048 0.752
22 0.8 0.048 0.752
26 0.8 0.048 0.752
8 0.8 0.048 0.752
27 0.8 0.048 0.752
4 0.8 0.048 0.752
17 0.8 0.048 0.752
21 0.8 0.048 0.752
30 0.8 0.048 0.752
2 0.8 0.048 0.752
6 0.8 0.048 0.752
18 0.8 0.048 0.752
13 0.8 0.048 0.752
5 0.8 0.048 0.752
26 0.8 0.048 0.752
7 0.8 0.048 0.752
1 0.8 0.048 0.752
21 0.8 0.048 0.752
4 0.8 0.048 0.752
14 0.8 0.048 0.752
19 0.8 0.048 0.752
3 0.8 0.048 0.752
15 0.8 0.048 0.752
6 0.8 0.048 0.752
2 0.8 0.048 0.752
18 0.8 0.048 0.752
30 0.8 0.048 0.752
29 0.8 0.048 0.752
9 0.754377 0.048 0.706377
11 0.8 0.048 0.752
3 0.8 0.048 0.752
15 0.752 0.048 0.704
19 0.752 0.048 0.704
24 0.8 0.048 0.752
10 0.8 0.048 0.752
22 0.8 0.048 0.752
26 0.8 0.048 0.752
8 0.8 0.048 0.752
27 0.8 0.048 0.752
4 0.8 0.048 0.752
17 0.8 0.048 0.752
21 0.8 0.048 0.752
30 0.8 0.048 0.752
2 0.8 0.048 0.752
6 0.8 0.048 0.752
18 0.8 0.048 0.752
17 0.752 0.048 0.704
4 0.8 0.048 0.752
13 0.8 0.048 0.752
5 0.8 0.048 0.752
7 0.8 0.048 0.752
1 0.8 0.048 0.752
21 0.8 0.048 0.752
4 0.8 0.048 0.752
14 0.8 0.048 0.752
19 0.8 0.048 0.752
3 0.8 0.048 0.752
15 0.8 0.048 0.752
6 0.8 0.048 0.752
2 0.8 0.048 0.752
18 0.8 0.048 0.752
30 0.8 0.048 0.752
29 0.8 0.048 0.752
9 0.8 0.048 0.752
11 0.8 0.048 0.752
3 0.8 0.048 0.752
15 0.752 0.048 0.704
19 0.752 0.048 0.704
24 0.8 0.048 0.752
10 0.8 0.048 0.752
22 0.8 0.048 0.752
26 0.8 0.048 0.752
8 0.8 0.048 0.752
27 0.8 0.048 0.752
4 0.8 0.048 0.752
17 0.8 0.048 0.752
21 0.8 0.048 0.752
30 0.8 0.048 0.752
2 0.8 0.048 0.752
6 0.8 0.048 0.752
18 0.8 0.048 0.752
30 0.752 0.048 0.704
30 0.704 0.16 0.544
30 0.544 0.016 0.528
2 0.752 0.16 0.592
6 0.752 0.16 0.592
18 0.752 0.16 0.592
17 0.752 0.048 0.704
4 0.8 0.048 0.752
13 0.8 0.048 0.752
5 0.8 0.048 0.752
26 0.8 0.048 0.752
7 0.8 0.048 0.752
1 0.8 0.048 0.752
21 0.8 0.048 0.752
4 0.8 0.048 0.752
14 0.8 0.048 0.752
19 0.8 0.048 0.752
3 0.8 0.048 0.752
15 0.8 0.048 0.752
6 0.74085 0.048 0.69285
2 0.736848 0.048 0.688848
18 0.73592 0.048 0.68792
30 0.756601 0.048 0.708601
6 0.69285 0.096 0.59685
6 0.59685 0.16 0.43685
6 0.43685 0.016 0.42085
2 0.688848 0.16 0.528848
18 0.68792 0.16 0.52792
30 0.708601 0.16 0.548601
30 0.548601 0.016 0.532601
6 0.42085 0.016 0.40485
30 0.532601 0.048 0.484601
2 0.528848 0.048 0.480848
6 0.40485 0.048 0.35685
18 0.52792 0.048 0.47992
29 0.8 0.048 0.752
9 0.8 0.048 0.752
11 0.8 0.048 0.752
3 0.8 0.048 0.752
15 0.752 0.048 0.704
19 0.752 0.048 0.704
12 0.8 0.048 0.752
22 0.8 0.048 0.752
24 0.8 0.048 0.752
14 0.8 0.048 0.752
21 0.8 0.048 0.752
10 0.8 0.048 0.752
22 0.8 0.048 0.752
26 0.8 0.048 0.752
1 0.8 0.048 0.752
7 0.8 0.048 0.752
8 0.8 0.048 0.752
27 0.8 0.048 0.752
4 0.8 0.048 0.752
17 0.8 0.048 0.752
17 0.752 0.048 0.704
4 0.8 0.048 0.752
13 0.8 0.048 0.752
5 0.8 0.048 0.752
7 0.8 0.048 0.752
1 0.8 0.048 0.752
21 0.8 0.048 0.752
14 0.8 0.048 0.752
19 0.8 0.048 0.752
3 0.8 0.048 0.752
15 0.8 0.048 0.752
30 0.8 0.048 0.752
2 0.8 0.048 0.752
6 0.725369 0.048 0.677369
18 0.8 0.048 0.752
29 0.8 0.048 0.752
9 0.8 0.048 0.752
11 0.8 0.048 0.752
3 0.8 0.048 0.752
15 0.752 0.048 0.704
19 0.752 0.048 0.704
12 0.8 0.048 0.752
22 0.8 0.048 0.752
24 0.8 0.048 0.752
14 0.8 0.048 0.752
21 0.8 0.048 0.752
16 0.8 0.048 0.752
10 0.8 0.048 0.752
26 0.8 0.048 0.752
1 0.8 0.048 0.752
7 0.8 0.048 0.752
8 0.8 0.048 0.752
27 0.8 0.048 0.752
4 0.8 0.048 0.752
17 0.8 0.048 0.752
4 0.752 0.048 0.704
4 0.704 0.16 0.544
4 0.544 0.016 0.528
17 0.752 0.16 0.592
17 0.592 0.048 0.544
4 0.606107 0.048 0.558107
17 0.544 0.096 0.448
17 0.448 0.16 0.288
17 0.288 0.016 0.272
4 0.558107 0.16 0.398107
26 0.8 0.048 0.752
5 0.8 0.048 0.752
10 0.8 0.048 0.752
13 0.8 0.048 0.752
5 0.752 0.048 0.704
7 0.8 0.048 0.752
1 0.8 0.048 0.752
21 0.8 0.048 0.752
4 0.549093 0.048 0.501093
14 0.8 0.048 0.752
21 0.752 0.096 0.656
21 0.656 0.16 0.496
21 0.496 0.016 0.48
4 0.501093 0.16 0.341093
14 0.752 0.16 0.592
19 0.8 0.048 0.752
3 0.8 0.048 0.752
15 0.8 0.048 0.752
30 0.8 0.048 0.752
2 0.8 0.048 0.752
6 0.8 0.048 0.752
18 0.8 0.048 0.752
29 0.8 0.048 0.752
9 0.8 0.048 0.752
11 0.8 0.048 0.752
3 0.8 0.048 0.752
15 0.752 0.048 0.704
19 0.752 0.048 0.704
12 0.8 0.048 0.752
22 0.8 0.048 0.752
24 0.8 0.048 0.752
20 0.8 0.048 0.752
25 0.8 0.048 0.752
27 0.8 0.048 0.752
14 0.66777 0.048 0.61977
21 0.553172 0.048 0.505172
14 0.61977 0.096 0.52377
14 0.52377 0.16 0.36377
14 0.36377 0.016 0.34777
21 0.505172 0.16 0.345172
16 0.8 0.048 0.752
10 0.8 0.048 0.752
22 0.8 0.048 0.752
26 0.8 0.048 0.752
1 0.8 0.048 0.752
7 0.8 0.048 0.752
8 0.8 0.048 0.752
27 0.8 0.048 0.752
26 0.8 0.048 0.752
5 0.8 0.048 0.752
10 0.8 0.048 0.752
13 0.8 0.048 0.752
13 0.752 0.048 0.704
5 0.752 0.048 0.704
26 0.752 0.048 0.704
7 0.8 0.048 0.752
1 0.8 0.048 0.752
19 0.8 0.048 0.752
3 0.8 0.048 0.752
15 0.8 0.048 0.752
30 0.8 0.048 0.752
2 0.8 0.048 0.752
6 0.8 0.048 0.752
18 0.8 0.048 0.752
29 0.8 0.048 0.752
9 0.8 0.048 0.752
11 0.8 0.048 0.752
3 0.8 0.048 0.752
15 0.752 0.048 0.704
19 0.752 0.048 0.704
12 0.8 0.048 0.752
22 0.8 0.048 0.752
24 0.8 0.048 0.752
20 0.8 0.048 0.752
25 0.8 0.048 0.752
27 0.8 0.048 0.752
16 0.8 0.048 0.752
10 0.8 0.048 0.752
22 0.8 0.048 0.752
26 0.8 0.048 0.752
1 0.8 0.048 0.752
7 0.8 0.048 0.752
8 0.8 0.048 0.752
27 0.8 0.048 0.752
26 0.8 0.048 0.752
5 0.8 0.048 0.752
10 0.8 0.048 0.752
13 0.8 0.048 0.752
5 0.752 0.048 0.704
7 0.8 0.048 0.752
1 0.8 0.048 0.752
28 0.8 0.048 0.752
19 0.8 0.048 0.752
3 0.8 0.048 0.752
15 0.8 0.048 0.752
30 0.8 0.048 0.752
2 0.8 0.048 0.752
6 0.8 0.048 0.752
18 0.8 0.048 0.752
29 0.8 0.048 0.752
9 0.8 0.048 0.752
11 0.8 0.048 0.752
16 0.8 0.048 0.752
3 0.8 0.048 0.752
15 0.752 0.048 0.704
19 0.752 0.048 0.704
12 0.8 0.048 0.752
22 0.8 0.048 0.752
12 0.752 0.048 0.704
12 0.704 0.16 0.544
12 0.544 0.016 0.528
22 0.752 0.16 0.592
24 0.8 0.048 0.752
20 0.8 0.048 0.752
25 0.8 0.048 0.752
27 0.8 0.048 0.752
16 0.8 0.048 0.752
11 0.8 0.048 0.752
10 0.8 0.048 0.752
22 0.746734 0.048 0.698734
26 0.8 0.048 0.752
10 0.752 0.048 0.704
10 0.704 0.16 0.544
10 0.544 0.016 0.528
22 0.698734 0.16 0.538734
26 0.752 0.16 0.592
1 0.8 0.048 0.752
7 0.8 0.048 0.752
8 0.8 0.048 0.752
26 0.670885 0.048 0.622885
5 0.8 0.048 0.752
10 0.682246 0.048 0.634246
26 0.622885 0.096 0.526885
26 0.526885 0.16 0.366885
26 0.366885 0.016 0.350885
5 0.752 0.16 0.592
10 0.634246 0.16 0.474246
13 0.8 0.048 0.752
5 0.592 0.048 0.544
13 0.752 0.048 0.704
13 0.704 0.16 0.544
13 0.544 0.016 0.528
5 0.544 0.16 0.384
7 0.8 0.048 0.752
1 0.8 0.048 0.752
28 0.8 0.048 0.752
19 0.8 0.048 0.752
3 0.8 0.048 0.752
15 0.8 0.048 0.752
30 0.8 0.048 0.752
2 0.8 0.048 0.752
6 0.8 0.048 0.752
18 0.8 0.048 0.752
29 0.8 0.048 0.752
9 0.8 0.048 0.752
11 0.8 0.048 0.752
3 0.8 0.048 0.752
15 0.752 0.048 0.704
19 0.752 0.048 0.704
24 0.8 0.048 0.752
20 0.8 0.048 0.752
25 0.8 0.048 0.752
27 0.8 0.048 0.752
16 0.8 0.048 0.752
11 0.8 0.048 0.752
1 0.8 0.048 0.752
7 0.8 0.048 0.752
8 0.8 0.048 0.752
7 0.8 0.048 0.752
1 0.8 0.048 0.752
28 0.8 0.048 0.752
28 0.752 0.048 0.704
28 0.704 0.16 0.544
28 0.544 0.016 0.528
19 0.8 0.048 0.752
3 0.8 0.048 0.752
15 0.8 0.048 0.752
30 0.8 0.048 0.752
2 0.8 0.048 0.752
6 0.8 0.048 0.752
18 0.8 0.048 0.752
29 0.8 0.048 0.752
9 0.8 0.048 0.752
11 0.8 0.048 0.752
16 0.8 0.048 0.752
3 0.8 0.048 0.752
15 0.752 0.048 0.704
19 0.752 0.048 0.704
24 0.8 0.048 0.752
20 0.8 0.048 0.752
25 0.8 0.048 0.752
27 0.8 0.048 0.752
16 0.8 0.048 0.752
11 0.8 0.048 0.752
1 0.8 0.048 0.752
7 0.8 0.048 0.752
8 0.8 0.048 0.752
7 0.8 0.048 0.752
1 0.8 0.048 0.752
19 0.8 0.048 0.752
3 0.8 0.048 0.752
15 0.8 0.048 0.752
30 0.8 0.048 0.752
2 0.8 0.048 0.752
6 0.8 0.048 0.752
18 0.8 0.048 0.752
29 0.8 0.048 0.752
9 0.8 0.048 0.752
11 0.8 0.048 0.752
3 0.8 0.048 0.752
15 0.752 0.048 0.704
19 0.752 0.048 0.704
24 0.8 0.048 0.752
20 0.8 0.048 0.752
25 0.8 0.048 0.752
27 0.8 0.048 0.752
16 0.8 0.048 0.752
11 0.8 0.048 0.752
1 0.8 0.048 0.752
7 0.8 0.048 0.752
8 0.8 0.048 0.752
27 0.8 0.048 0.752
8 0.752 0.048 0.704
8 0.704 0.16 0.544
8 0.544 0.016 0.528
27 0.752 0.16 0.592
7 0.8 0.048 0.752
1 0.8 0.048 0.752
3 0.8 0.048 0.752
19 0.8 0.048 0.752
3 0.752 0.048 0.704
15 0.8 0.048 0.752
30 0.8 0.048 0.752
2 0.8 0.048 0.752
6 0.8 0.048 0.752
18 0.8 0.048 0.752
29 0.8 0.048 0.752
9 0.8 0.048 0.752
29 0.752 0.048 0.704
29 0.704 0.16 0.544
29 0.544 0.016 0.528
9 0.752 0.16 0.592
11 0.8 0.048 0.752
16 0.8 0.048 0.752
3 0.776727 0.048 0.728727
15 0.752 0.048 0.704
19 0.752 0.048 0.704
24 0.8 0.048 0.752
20 0.8 0.048 0.752
25 0.8 0.048 0.752
27 0.8 0.048 0.752
16 0.8 0.048 0.752
11 0.8 0.048 0.752
1 0.8 0.048 0.752
7 0.8 0.048 0.752
7 0.8 0.048 0.752
1 0.8 0.048 0.752
3 0.8 0.048 0.752
19 0.8 0.048 0.752
3 0.752 0.048 0.704
15 0.8 0.048 0.752
30 0.8 0.048 0.752
2 0.8 0.048 0.752
6 0.8 0.048 0.752
18 0.8 0.048 0.752
11 0.8 0.048 0.752
16 0.8 0.048 0.752
3 0.781984 0.048 0.733984
7 0.8 0.048 0.752
15 0.752 0.048 0.704
19 0.752 0.048 0.704
24 0.8 0.048 0.752
24 0.752 0.048 0.704
24 0.704 0.16 0.544
24 0.544 0.016 0.528
20 0.8 0.048 0.752
25 0.8 0.048 0.752
27 0.8 0.048 0.752
16 0.8 0.048 0.752
11 0.8 0.048 0.752
1 0.8 0.048 0.752
7 0.8 0.048 0.752
7 0.8 0.048 0.752
1 0.8 0.048 0.752
3 0.8 0.048 0.752
19 0.8 0.048 0.752
3 0.752 0.048 0.704
15 0.8 0.048 0.752
30 0.8 0.048 0.752
2 0.8 0.048 0.752
6 0.8 0.048 0.752
18 0.8 0.048 0.752
11 0.8 0.048 0.752
16 0.8 0.048 0.752
3 0.777991 0.048 0.729991
7 0.8 0.048 0.752
15 0.752 0.048 0.704
19 0.752 0.048 0.704
20 0.8 0.048 0.752
25 0.8 0.048 0.752
27 0.8 0.048 0.752
16 0.8 0.048 0.752
11 0.8 0.048 0.752
1 0.8 0.048 0.752
7 0.8 0.048 0.752
7 0.8 0.048 0.752
1 0.8 0.048 0.752
7 0.752 0.048 0.704
7 0.704 0.16 0.544
7 0.544 0.016 0.528
1 0.752 0.16 0.592
19 0.8 0.048 0.752
3 0.8 0.048 0.752
15 0.8 0.048 0.752
19 0.752 0.048 0.704
19 0.704 0.16 0.544
19 0.544 0.016 0.528
3 0.752 0.16 0.592
15 0.752 0.16 0.592
30 0.8 0.048 0.752
2 0.8 0.048 0.752
6 0.8 0.048 0.752
18 0.8 0.048 0.752
11 0.8 0.048 0.752
16 0.8 0.048 0.752
3 0.662305 0.048 0.614305
15 0.592 0.048 0.544
19 0.528 0.048 0.48
3 0.614305 0.048 0.566305
3 0.566305 0.16 0.406305
3 0.406305 0.016 0.390305
15 0.544 0.16 0.384
19 0.48 0.16 0.32
20 0.8 0.048 0.752
25 0.8 0.048 0.752
27 0.8 0.048 0.752
16 0.8 0.048 0.752
11 0.8 0.048 0.752
1 0.8 0.048 0.752
7 0.760627 0.048 0.712627
1 0.752 0.048 0.704
1 0.704 0.16 0.544
7 0.712627 0.16 0.552627
7 0.552627 0.016 0.536627
1 0.544 0.016 0.528
7 0.536627 0.048 0.488627
1 0.528 0.048 0.48
3 0.532888 0.048 0.484888
30 0.8 0.048 0.752
2 0.8 0.048 0.752
6 0.8 0.048 0.752
18 0.8 0.048 0.752
11 0.8 0.048 0.752
16 0.8 0.048 0.752
20 0.8 0.048 0.752
25 0.8 0.048 0.752
27 0.8 0.048 0.752
16 0.8 0.048 0.752
11 0.8 0.048 0.752
7 0.8 0.048 0.752
1 0.8 0.048 0.752
3 0.8 0.048 0.752
7 0.752 0.048 0.704
7 0.704 0.16 0.544
1 0.752 0.16 0.592
3 0.752 0.16 0.592
3 0.592 0.016 0.576
7 0.544 0.016 0.528
3 0.576 0.048 0.528
7 0.528 0.048 0.48
15 0.8 0.048 0.752
19 0.8 0.048 0.752
3 0.528 0.048 0.48
3 0.48 0.16 0.32
7 0.48 0.16 0.32
15 0.752 0.16 0.592
19 0.752 0.16 0.592
19 0.592 0.016 0.576
3 0.32 0.016 0.304
19 0.576 0.048 0.528
3 0.304 0.048 0.256
15 0.592 0.048 0.544
30 0.8 0.048 0.752
2 0.8 0.048 0.752
6 0.8 0.048 0.752
18 0.8 0.048 0.752
11 0.8 0.048 0.752
16 0.8 0.048 0.752
11 0.752 0.048 0.704
11 0.704 0.16 0.544
11 0.544 0.016 0.528
16 0.752 0.16 0.592
20 0.8 0.048 0.752
25 0.8 0.048 0.752
27 0.8 0.048 0.752
16 0.743655 0.048 0.695655
11 0.600375 0.048 0.552375
16 0.695655 0.096 0.599655
16 0.599655 0.16 0.439655
16 0.439655 0.016 0.423655
11 0.552375 0.16 0.392375
19 0.8 0.048 0.752
3 0.614815 0.048 0.566815
15 0.8 0.048 0.752
30 0.8 0.048 0.752
2 0.8 0.048 0.752
6 0.8 0.048 0.752
18 0.8 0.048 0.752
20 0.8 0.048 0.752
25 0.8 0.048 0.752
27 0.8 0.048 0.752
