73 867
71 867
75 868
84 868
80 868
46 868
24 869
90 869
1 870
85 870
65 871
81 871
18 873
83 873
40 873
27 874
64 874
37 875
41 875
19 876
16 876
88 878
55 878
51 879
61 879
76 880
79 868
14 881
67 881
9 872
28 882
60 882
87 882
10 883
86 883
47 877
29 884
70 884
5 885
58 885
38 886
89 886
17 887
84 887
78 888
43 889
12 889
25 868
22 890
46 891
4 892
60 894
63 895
49 896
30 897
37 897
35 897
48 897
62 898
73 898
32 900
20 893
42 902
49 902
80 903
79 903
6 904
13 905
59 906
82 908
36 909
54 910
35 899
83 900
18 900
75 911
17 911
52 911
45 911
69 901
31 913
65 913
50 914
68 914
77 915
44 916
58 918
26 919
39 912
42 912
27 921
57 921
32 914
83 914
78 906
7 922
3 917
11 923
37 923
15 924
53 920
2 926
75 926
43 927
63 927
23 928
68 929
50 929
8 929
33 929
62 929
21 930
83 925
56 932
17 926
52 936
38 936
80 930
14 908
80 937
4 938
59 938
43 938
39 938
19 922
32 939
68 939
11 942
66 885
5 918
24 940
17 943
19 944
8 931
50 939
43 940
59 940
33 935
50 948
68 948
34 900
58 949
10 933
59 950
24 950
18 914
75 943
88 902
2 954
52 954
27 932
72 934
17 955
74 882
87 907
56 947
23 957
68 958
15 953
1 908
82 945
19 960
8 935
14 941
28 919
87 919
33 933
5 959
26 952
28 952
10 935
32 948
4 940
49 951
43 956
88 934
49 934
27 947
74 919
31 928
29 924
