23 50 0.048 49.952
7 50 0.048 49.952
20 50 0.048 49.952
33 50 0.048 49.952
39 50 0.048 49.952
23 49.952 0.16 49.792
7 49.952 0.16 49.792
7 49.792 0.048 49.744
20 49.952 0.048 49.904
23 49.792 0.048 49.744
33 49.952 0.048 49.904
39 49.952 0.048 49.904
7 49.744 0.16 49.584
20 49.904 0.16 49.744
20 49.744 0.048 49.696
7 49.584 0.048 49.536
23 49.744 0.048 49.696
33 49.904 0.048 49.856
20 49.696 0.16 49.536
33 49.856 0.16 49.696
33 49.696 0.048 49.648
7 49.536 0.048 49.488
20 49.536 0.048 49.488
23 49.696 0.048 49.648
39 49.904 0.16 49.744
39 49.744 0.048 49.696
6 50 0.048 49.952
7 49.488 0.048 49.44
23 49.648 0.048 49.6
32 50 0.048 49.952
37 50 0.048 49.952
39 49.696 0.16 49.536
20 49.488 0.16 49.328
39 49.536 0.16 49.376
33 49.648 0.16 49.488
6 49.952 0.16 49.792
6 49.792 0.048 49.744
32 49.952 0.048 49.904
37 49.952 0.048 49.904
39 49.376 0.048 49.328
6 49.744 0.16 49.584
7 49.44 0.16 49.28
23 49.6 0.16 49.44
32 49.904 0.16 49.744
32 49.744 0.048 49.696
6 49.584 0.048 49.536
37 49.904 0.048 49.856
39 49.328 0.048 49.28
32 49.696 0.16 49.536
37 49.856 0.16 49.696
37 49.696 0.048 49.648
6 49.536 0.048 49.488
32 49.536 0.048 49.488
39 49.28 0.048 49.232
32 49.488 0.16 49.328
6 49.488 0.16 49.328
37 49.648 0.16 49.488
39 49.232 0.16 49.072
39 49.072 0.048 49.024
6 49.328 0.048 49.28
7 49.28 0.048 49.232
23 49.44 0.048 49.392
32 49.328 0.048 49.28
37 49.488 0.048 49.44
39 49.024 0.16 48.864
6 49.28 0.16 49.12
7 49.232 0.16 49.072
23 49.392 0.16 49.232
23 49.232 0.048 49.184
7 49.072 0.048 49.024
20 49.328 0.048 49.28
33 49.488 0.048 49.44
39 48.864 0.048 48.816
32 49.28 0.16 49.12
37 49.44 0.16 49.28
3 50 0.048 49.952
33 49.5945 0.048 49.5465
7 49.1251 0.048 49.0771
20 49.4233 0.048 49.3753
23 49.549 0.048 49.501
37 49.3939 0.048 49.3459
6 49.4347 0.048 49.3867
32 49.4736 0.048 49.4256
39 49.0113 0.048 48.9633
23 49.501 0.048 49.453
7 49.0771 0.048 49.0291
20 49.3753 0.048 49.3273
33 49.5465 0.048 49.4985
39 48.9633 0.048 48.9153
3 50 0.048 49.952
26 50 0.048 49.952
11 50 0.048 49.952
26 49.952 0.16 49.792
11 49.952 0.16 49.792
11 49.792 0.048 49.744
4 50 0.048 49.952
26 49.792 0.048 49.744
11 49.744 0.16 49.584
4 49.952 0.16 49.792
4 49.792 0.048 49.744
11 49.584 0.048 49.536
26 49.744 0.16 49.584
33 49.7714 0.048 49.7234
7 49.2209 0.048 49.1729
20 49.6406 0.048 49.5926
23 49.7058 0.048 49.6578
37 49.6796 0.048 49.6316
6 49.7824 0.048 49.7344
32 49.8223 0.048 49.7743
39 49.1045 0.048 49.0565
23 49.6578 0.048 49.6098
7 49.1729 0.048 49.1249
20 49.5926 0.048 49.5446
33 49.7234 0.048 49.6754
39 49.0565 0.048 49.0085
3 50 0.048 49.952
4 49.9318 0.048 49.8838
11 49.8541 0.048 49.8061
18 50 0.048 49.952
15 50 0.048 49.952
18 49.952 0.16 49.792
15 49.952 0.16 49.792
15 49.792 0.048 49.744
18 49.792 0.048 49.744
33 50 0.048 49.952
7 49.4172 0.048 49.3692
20 49.7302 0.048 49.6822
23 49.7234 0.048 49.6754
37 49.8964 0.048 49.8484
6 49.9185 0.048 49.8705
32 50 0.048 49.952
39 49.2829 0.048 49.2349
23 49.6754 0.048 49.6274
7 49.3692 0.048 49.3212
33 49.952 0.048 49.904
39 49.2349 0.048 49.1869
3 50 0.048 49.952
4 50 0.048 49.952
11 50 0.048 49.952
15 50 0.048 49.952
18 49.8654 0.048 49.8174
33 50 0.048 49.952
7 49.4346 0.048 49.3866
20 49.7879 0.048 49.7399
23 49.9411 0.048 49.8931
37 50 0.048 49.952
6 50 0.048 49.952
32 50 0.048 49.952
39 49.5091 0.048 49.4611
23 49.8931 0.048 49.8451
7 49.3866 0.048 49.3386
20 49.7399 0.048 49.6919
33 49.952 0.048 49.904
39 49.4611 0.048 49.4131
3 50 0.048 49.952
4 50 0.048 49.952
11 50 0.048 49.952
22 50 0.048 49.952
4 49.952 0.16 49.792
11 49.952 0.16 49.792
22 49.952 0.16 49.792
22 49.792 0.048 49.744
4 49.792 0.048 49.744
13 50 0.048 49.952
22 49.744 0.16 49.584
4 49.744 0.16 49.584
13 49.952 0.16 49.792
13 49.792 0.048 49.744
22 49.584 0.048 49.536
31 50 0.048 49.952
13 49.744 0.16 49.584
22 49.536 0.16 49.376
31 49.952 0.16 49.792
31 49.792 0.048 49.744
13 49.584 0.048 49.536
19 50 0.048 49.952
31 49.744 0.16 49.584
13 49.536 0.16 49.376
19 49.952 0.16 49.792
19 49.792 0.048 49.744
12 50 0.048 49.952
28 50 0.048 49.952
31 49.584 0.048 49.536
19 49.744 0.16 49.584
12 49.952 0.16 49.792
12 49.792 0.048 49.744
19 49.584 0.048 49.536
28 49.952 0.048 49.904
12 49.744 0.16 49.584
28 49.904 0.16 49.744
28 49.744 0.048 49.696
12 49.584 0.048 49.536
19 49.536 0.048 49.488
31 49.536 0.16 49.376
19 49.488 0.16 49.328
28 49.696 0.16 49.536
15 50 0.048 49.952
18 49.9548 0.048 49.9068
33 50 0.048 49.952
7 49.472 0.048 49.424
20 49.8552 0.048 49.8072
23 50 0.048 49.952
37 50 0.048 49.952
6 50 0.048 49.952
32 50 0.048 49.952
39 49.5143 0.048 49.4663
23 49.952 0.048 49.904
7 49.424 0.048 49.376
20 49.8072 0.048 49.7592
33 49.952 0.048 49.904
3 50 0.048 49.952
28 49.7178 0.048 49.6698
12 49.6681 0.048 49.6201
19 49.6903 0.048 49.6423
15 50 0.048 49.952
18 50 0.048 49.952
33 50 0.048 49.952
7 49.4798 0.048 49.4318
20 50 0.048 49.952
23 50 0.048 49.952
39 49.6272 0.048 49.5792
37 50 0.048 49.952
6 50 0.048 49.952
32 50 0.048 49.952
39 49.5792 0.048 49.5312
23 49.952 0.048 49.904
7 49.4318 0.048 49.3838
33 49.952 0.048 49.904
3 50 0.048 49.952
28 49.8316 0.048 49.7836
12 49.8575 0.048 49.8095
19 49.8731 0.048 49.8251
15 50 0.048 49.952
18 50 0.048 49.952
33 50 0.048 49.952
7 49.7424 0.048 49.6944
20 50 0.048 49.952
23 50 0.048 49.952
39 49.6389 0.048 49.5909
37 50 0.048 49.952
6 50 0.048 49.952
32 50 0.048 49.952
39 49.5909 0.048 49.5429
23 49.952 0.048 49.904
7 49.6944 0.048 49.6464
33 49.952 0.048 49.904
3 50 0.048 49.952
28 50 0.048 49.952
12 50 0.048 49.952
19 50 0.048 49.952
31 50 0.048 49.952
13 50 0.048 49.952
19 49.952 0.048 49.904
31 49.952 0.16 49.792
13 49.952 0.16 49.792
13 49.792 0.048 49.744
31 49.792 0.048 49.744
19 49.904 0.16 49.744
19 49.744 0.048 49.696
12 49.952 0.048 49.904
28 50 0.048 49.952
31 49.744 0.048 49.696
15 50 0.048 49.952
18 50 0.048 49.952
34 50 0.048 49.952
16 50 0.048 49.952
34 49.952 0.16 49.792
16 49.952 0.16 49.792
16 49.792 0.048 49.744
34 49.792 0.048 49.744
11 50 0.048 49.952
4 50 0.048 49.952
26 50 0.048 49.952
11 49.952 0.16 49.792
4 49.952 0.16 49.792
4 49.792 0.048 49.744
11 49.792 0.048 49.744
26 49.952 0.16 49.792
26 49.792 0.048 49.744
11 49.744 0.048 49.696
33 50 0.048 49.952
7 50 0.048 49.952
20 50 0.048 49.952
23 50 0.048 49.952
39 49.6979 0.048 49.6499
37 50 0.048 49.952
6 50 0.048 49.952
32 50 0.048 49.952
39 49.6499 0.048 49.6019
23 49.952 0.048 49.904
7 49.952 0.048 49.904
20 49.952 0.048 49.904
33 49.952 0.048 49.904
1 50 0.048 49.952
14 50 0.048 49.952
1 49.952 0.16 49.792
14 49.952 0.16 49.792
14 49.792 0.048 49.744
1 49.792 0.048 49.744
3 50 0.048 49.952
28 49.952 0.048 49.904
12 50 0.048 49.952
19 49.9812 0.048 49.9332
13 49.9464 0.048 49.8984
31 49.9374 0.048 49.8894
19 49.9332 0.048 49.8852
12 49.952 0.048 49.904
28 50 0.048 49.952
31 49.8894 0.048 49.8414
15 50 0.048 49.952
18 50 0.048 49.952
16 50 0.048 49.952
34 49.9914 0.048 49.9434
4 49.8746 0.048 49.8266
11 50 0.048 49.952
26 50 0.048 49.952
11 49.952 0.048 49.904
33 50 0.048 49.952
7 50 0.048 49.952
20 50 0.048 49.952
23 50 0.048 49.952
39 49.7584 0.048 49.7104
37 50 0.048 49.952
6 50 0.048 49.952
32 50 0.048 49.952
39 49.7104 0.048 49.6624
23 49.952 0.048 49.904
7 49.952 0.048 49.904
20 49.952 0.048 49.904
33 49.952 0.048 49.904
38 50 0.048 49.952
5 50 0.048 49.952
38 49.952 0.16 49.792
5 49.952 0.16 49.792
5 49.792 0.048 49.744
38 49.792 0.048 49.744
14 50 0.048 49.952
1 49.9136 0.048 49.8656
35 50 0.048 49.952
3 50 0.048 49.952
28 49.952 0.048 49.904
12 50 0.048 49.952
19 50 0.048 49.952
13 50 0.048 49.952
31 50 0.048 49.952
19 49.952 0.048 49.904
12 49.952 0.048 49.904
28 50 0.048 49.952
31 49.952 0.048 49.904
15 50 0.048 49.952
18 50 0.048 49.952
16 50 0.048 49.952
34 50 0.048 49.952
4 50 0.048 49.952
11 50 0.048 49.952
26 50 0.048 49.952
11 49.952 0.048 49.904
33 50 0.048 49.952
7 50 0.048 49.952
20 50 0.048 49.952
23 50 0.048 49.952
39 49.9327 0.048 49.8847
37 50 0.048 49.952
6 50 0.048 49.952
32 50 0.048 49.952
39 49.8847 0.048 49.8367
22 50 0.048 49.952
23 49.952 0.048 49.904
7 49.952 0.048 49.904
20 49.952 0.048 49.904
33 49.952 0.048 49.904
5 50 0.048 49.952
38 50 0.048 49.952
14 50 0.048 49.952
1 50 0.048 49.952
35 50 0.048 49.952
3 50 0.048 49.952
28 49.952 0.048 49.904
12 50 0.048 49.952
19 50 0.048 49.952
21 50 0.048 49.952
30 50 0.048 49.952
21 49.952 0.16 49.792
30 49.952 0.16 49.792
30 49.792 0.048 49.744
21 49.792 0.048 49.744
13 50 0.048 49.952
31 50 0.048 49.952
19 49.952 0.048 49.904
12 49.952 0.048 49.904
28 50 0.048 49.952
31 49.952 0.048 49.904
15 50 0.048 49.952
18 50 0.048 49.952
16 50 0.048 49.952
34 50 0.048 49.952
4 50 0.048 49.952
11 50 0.048 49.952
26 50 0.048 49.952
11 49.952 0.048 49.904
33 50 0.048 49.952
7 50 0.048 49.952
20 50 0.048 49.952
23 50 0.048 49.952
39 49.9466 0.048 49.8986
33 49.952 0.16 49.792
37 50 0.048 49.952
6 50 0.048 49.952
32 50 0.048 49.952
39 49.8986 0.048 49.8506
7 49.952 0.16 49.792
20 49.952 0.16 49.792
23 49.952 0.16 49.792
39 49.8506 0.16 49.6906
22 50 0.048 49.952
23 49.792 0.048 49.744
7 49.792 0.048 49.744
33 49.792 0.048 49.744
39 49.6906 0.048 49.6426
23 49.744 0.16 49.584
7 49.744 0.16 49.584
33 49.744 0.16 49.584
33 49.584 0.048 49.536
7 49.584 0.048 49.536
20 49.792 0.048 49.744
23 49.584 0.048 49.536
39 49.6426 0.048 49.5946
33 49.536 0.16 49.376
39 49.5946 0.16 49.4346
7 49.536 0.16 49.376
20 49.744 0.16 49.584
23 49.536 0.16 49.376
39 49.4346 0.16 49.2746
5 50 0.048 49.952
38 50 0.048 49.952
14 50 0.048 49.952
1 50 0.048 49.952
35 50 0.048 49.952
3 50 0.048 49.952
28 49.952 0.048 49.904
12 50 0.048 49.952
19 50 0.048 49.952
30 50 0.048 49.952
21 50 0.048 49.952
13 50 0.048 49.952
31 50 0.048 49.952
19 49.952 0.048 49.904
12 49.952 0.048 49.904
28 50 0.048 49.952
31 49.952 0.048 49.904
15 50 0.048 49.952
18 50 0.048 49.952
16 50 0.048 49.952
34 50 0.048 49.952
4 50 0.048 49.952
11 50 0.048 49.952
26 50 0.048 49.952
11 49.952 0.048 49.904
37 50 0.048 49.952
6 50 0.048 49.952
32 50 0.048 49.952
39 49.5762 0.048 49.5282
22 50 0.048 49.952
5 50 0.048 49.952
38 50 0.048 49.952
14 50 0.048 49.952
1 50 0.048 49.952
35 50 0.048 49.952
17 50 0.048 49.952
3 50 0.048 49.952
28 49.952 0.048 49.904
12 50 0.048 49.952
19 50 0.048 49.952
30 50 0.048 49.952
21 50 0.048 49.952
10 50 0.048 49.952
13 50 0.048 49.952
31 50 0.048 49.952
19 49.952 0.048 49.904
12 49.952 0.048 49.904
28 50 0.048 49.952
31 49.952 0.048 49.904
15 50 0.048 49.952
18 50 0.048 49.952
16 50 0.048 49.952
34 50 0.048 49.952
4 50 0.048 49.952
11 50 0.048 49.952
26 50 0.048 49.952
11 49.952 0.048 49.904
37 50 0.048 49.952
6 50 0.048 49.952
32 50 0.048 49.952
39 49.9072 0.048 49.8592
37 49.952 0.16 49.792
6 49.952 0.16 49.792
32 49.952 0.16 49.792
39 49.8592 0.16 49.6992
22 50 0.048 49.952
5 50 0.048 49.952
38 50 0.048 49.952
14 50 0.048 49.952
1 50 0.048 49.952
35 50 0.048 49.952
17 50 0.048 49.952
3 50 0.048 49.952
28 49.952 0.048 49.904
12 50 0.048 49.952
19 50 0.048 49.952
25 50 0.048 49.952
36 50 0.048 49.952
25 49.952 0.16 49.792
36 49.952 0.16 49.792
36 49.792 0.048 49.744
25 49.792 0.048 49.744
30 50 0.048 49.952
21 50 0.048 49.952
10 50 0.048 49.952
13 50 0.048 49.952
31 50 0.048 49.952
19 49.952 0.048 49.904
12 49.952 0.048 49.904
28 50 0.048 49.952
31 49.952 0.048 49.904
15 50 0.048 49.952
18 50 0.048 49.952
16 50 0.048 49.952
34 50 0.048 49.952
4 50 0.048 49.952
11 50 0.048 49.952
26 50 0.048 49.952
11 49.952 0.048 49.904
22 50 0.048 49.952
27 50 0.048 49.952
5 50 0.048 49.952
38 50 0.048 49.952
14 50 0.048 49.952
1 50 0.048 49.952
35 50 0.048 49.952
17 50 0.048 49.952
3 50 0.048 49.952
28 49.952 0.048 49.904
12 50 0.048 49.952
19 50 0.048 49.952
36 49.8904 0.048 49.8424
25 50 0.048 49.952
30 50 0.048 49.952
21 50 0.048 49.952
10 50 0.048 49.952
13 50 0.048 49.952
31 50 0.048 49.952
19 49.952 0.048 49.904
12 49.952 0.048 49.904
28 50 0.048 49.952
31 49.952 0.048 49.904
15 50 0.048 49.952
18 50 0.048 49.952
16 50 0.048 49.952
34 50 0.048 49.952
4 50 0.048 49.952
11 50 0.048 49.952
26 50 0.048 49.952
11 49.952 0.048 49.904
22 50 0.048 49.952
27 50 0.048 49.952
5 50 0.048 49.952
38 50 0.048 49.952
14 50 0.048 49.952
1 50 0.048 49.952
35 50 0.048 49.952
17 50 0.048 49.952
3 50 0.048 49.952
28 49.952 0.048 49.904
12 50 0.048 49.952
19 50 0.048 49.952
36 50 0.048 49.952
25 50 0.048 49.952
30 50 0.048 49.952
21 50 0.048 49.952
10 50 0.048 49.952
40 50 0.048 49.952
13 50 0.048 49.952
31 50 0.048 49.952
19 49.952 0.048 49.904
12 49.952 0.048 49.904
28 50 0.048 49.952
31 49.952 0.048 49.904
15 50 0.048 49.952
18 50 0.048 49.952
16 50 0.048 49.952
34 50 0.048 49.952
4 50 0.048 49.952
11 50 0.048 49.952
26 50 0.048 49.952
11 49.952 0.048 49.904
22 50 0.048 49.952
27 50 0.048 49.952
5 50 0.048 49.952
38 50 0.048 49.952
14 50 0.048 49.952
1 50 0.048 49.952
35 50 0.048 49.952
17 50 0.048 49.952
3 50 0.048 49.952
28 49.952 0.048 49.904
12 50 0.048 49.952
19 50 0.048 49.952
36 50 0.048 49.952
25 50 0.048 49.952
30 50 0.048 49.952
21 50 0.048 49.952
10 50 0.048 49.952
40 50 0.048 49.952
13 50 0.048 49.952
31 50 0.048 49.952
19 49.952 0.048 49.904
12 49.952 0.048 49.904
28 50 0.048 49.952
31 49.952 0.048 49.904
15 50 0.048 49.952
18 50 0.048 49.952
16 50 0.048 49.952
34 50 0.048 49.952
4 50 0.048 49.952
11 50 0.048 49.952
26 50 0.048 49.952
11 49.952 0.048 49.904
26 49.952 0.16 49.792
11 49.904 0.16 49.744
22 50 0.048 49.952
13 50 0.048 49.952
27 50 0.048 49.952
5 50 0.048 49.952
38 50 0.048 49.952
14 50 0.048 49.952
1 50 0.048 49.952
35 50 0.048 49.952
17 50 0.048 49.952
3 50 0.048 49.952
28 49.952 0.048 49.904
12 50 0.048 49.952
19 50 0.048 49.952
36 50 0.048 49.952
25 50 0.048 49.952
30 50 0.048 49.952
21 50 0.048 49.952
10 50 0.048 49.952
40 50 0.048 49.952
13 49.952 0.048 49.904
31 50 0.048 49.952
19 49.952 0.048 49.904
12 49.952 0.048 49.904
28 50 0.048 49.952
31 49.952 0.048 49.904
15 50 0.048 49.952
18 50 0.048 49.952
16 50 0.048 49.952
34 50 0.048 49.952
4 50 0.048 49.952
11 50 0.048 49.952
4 49.952 0.16 49.792
11 49.952 0.16 49.792
22 50 0.048 49.952
13 50 0.048 49.952
27 50 0.048 49.952
5 50 0.048 49.952
38 50 0.048 49.952
14 50 0.048 49.952
1 50 0.048 49.952
35 50 0.048 49.952
17 50 0.048 49.952
3 50 0.048 49.952
28 49.952 0.048 49.904
12 50 0.048 49.952
19 50 0.048 49.952
36 50 0.048 49.952
25 50 0.048 49.952
30 50 0.048 49.952
21 50 0.048 49.952
10 50 0.048 49.952
40 50 0.048 49.952
13 49.952 0.048 49.904
22 50 0.048 49.952
31 50 0.048 49.952
19 49.952 0.048 49.904
12 49.952 0.048 49.904
28 50 0.048 49.952
31 49.952 0.048 49.904
15 50 0.048 49.952
18 50 0.048 49.952
16 50 0.048 49.952
34 50 0.048 49.952
22 49.952 0.048 49.904
27 50 0.048 49.952
5 50 0.048 49.952
38 50 0.048 49.952
14 50 0.048 49.952
1 50 0.048 49.952
35 50 0.048 49.952
17 50 0.048 49.952
3 50 0.048 49.952
28 49.952 0.048 49.904
12 50 0.048 49.952
19 50 0.048 49.952
36 50 0.048 49.952
25 50 0.048 49.952
30 50 0.048 49.952
21 50 0.048 49.952
10 50 0.048 49.952
40 50 0.048 49.952
13 50 0.048 49.952
31 50 0.048 49.952
19 49.952 0.048 49.904
12 49.952 0.048 49.904
28 50 0.048 49.952
31 49.952 0.048 49.904
15 50 0.048 49.952
18 50 0.048 49.952
16 50 0.048 49.952
34 50 0.048 49.952
22 50 0.048 49.952
22 49.952 0.16 49.792
27 50 0.048 49.952
5 50 0.048 49.952
38 50 0.048 49.952
14 50 0.048 49.952
1 50 0.048 49.952
35 50 0.048 49.952
17 50 0.048 49.952
3 50 0.048 49.952
28 49.952 0.048 49.904
12 50 0.048 49.952
19 50 0.048 49.952
36 50 0.048 49.952
25 50 0.048 49.952
30 50 0.048 49.952
21 50 0.048 49.952
10 50 0.048 49.952
40 50 0.048 49.952
13 50 0.048 49.952
31 50 0.048 49.952
13 49.952 0.16 49.792
19 49.952 0.048 49.904
12 49.952 0.048 49.904
28 50 0.048 49.952
31 49.952 0.048 49.904
31 49.904 0.16 49.744
15 50 0.048 49.952
18 50 0.048 49.952
16 50 0.048 49.952
34 50 0.048 49.952
27 50 0.048 49.952
5 50 0.048 49.952
38 50 0.048 49.952
14 50 0.048 49.952
1 50 0.048 49.952
35 50 0.048 49.952
17 50 0.048 49.952
3 50 0.048 49.952
28 49.952 0.048 49.904
12 50 0.048 49.952
19 50 0.048 49.952
36 50 0.048 49.952
25 50 0.048 49.952
30 50 0.048 49.952
21 50 0.048 49.952
10 50 0.048 49.952
40 50 0.048 49.952
19 49.952 0.048 49.904
12 49.952 0.048 49.904
28 50 0.048 49.952
31 49.8553 0.048 49.8073
15 50 0.048 49.952
18 50 0.048 49.952
16 50 0.048 49.952
34 50 0.048 49.952
27 50 0.048 49.952
5 50 0.048 49.952
38 50 0.048 49.952
14 50 0.048 49.952
1 50 0.048 49.952
35 50 0.048 49.952
17 50 0.048 49.952
3 50 0.048 49.952
28 49.952 0.048 49.904
12 50 0.048 49.952
19 50 0.048 49.952
36 50 0.048 49.952
25 50 0.048 49.952
30 50 0.048 49.952
21 50 0.048 49.952
10 50 0.048 49.952
40 50 0.048 49.952
19 49.952 0.048 49.904
12 49.952 0.048 49.904
28 50 0.048 49.952
31 50 0.048 49.952
19 49.904 0.16 49.744
12 49.904 0.16 49.744
28 49.952 0.16 49.792
31 49.952 0.16 49.792
15 50 0.048 49.952
18 50 0.048 49.952
16 50 0.048 49.952
34 50 0.048 49.952
27 50 0.048 49.952
5 50 0.048 49.952
38 50 0.048 49.952
14 50 0.048 49.952
1 50 0.048 49.952
35 50 0.048 49.952
17 50 0.048 49.952
3 50 0.048 49.952
28 49.792 0.048 49.744
12 49.9479 0.048 49.8999
19 50 0.048 49.952
28 49.744 0.16 49.584
12 49.8999 0.16 49.7399
19 49.952 0.16 49.792
36 50 0.048 49.952
25 50 0.048 49.952
30 50 0.048 49.952
21 50 0.048 49.952
10 50 0.048 49.952
40 50 0.048 49.952
15 50 0.048 49.952
18 50 0.048 49.952
16 50 0.048 49.952
34 50 0.048 49.952
27 50 0.048 49.952
5 50 0.048 49.952
38 50 0.048 49.952
14 50 0.048 49.952
1 50 0.048 49.952
35 50 0.048 49.952
24 50 0.048 49.952
2 50 0.048 49.952
24 49.952 0.16 49.792
2 49.952 0.16 49.792
2 49.792 0.048 49.744
24 49.792 0.048 49.744
4 50 0.048 49.952
11 50 0.048 49.952
22 50 0.048 49.952
4 49.952 0.16 49.792
11 49.952 0.16 49.792
11 49.792 0.048 49.744
4 49.792 0.048 49.744
26 50 0.048 49.952
11 49.744 0.16 49.584
22 49.952 0.16 49.792
22 49.792 0.048 49.744
4 49.744 0.048 49.696
4 49.696 0.16 49.536
26 49.952 0.16 49.792
26 49.792 0.048 49.744
11 49.584 0.048 49.536
17 50 0.048 49.952
3 50 0.048 49.952
36 50 0.048 49.952
25 50 0.048 49.952
30 50 0.048 49.952
21 50 0.048 49.952
10 50 0.048 49.952
40 50 0.048 49.952
15 50 0.048 49.952
18 50 0.048 49.952
16 50 0.048 49.952
34 50 0.048 49.952
27 50 0.048 49.952
5 50 0.048 49.952
38 50 0.048 49.952
14 50 0.048 49.952
1 50 0.048 49.952
35 50 0.048 49.952
8 50 0.048 49.952
2 49.8875 0.048 49.8395
24 50 0.048 49.952
22 49.9471 0.048 49.8991
4 49.7611 0.048 49.7131
26 50 0.048 49.952
11 49.6687 0.048 49.6207
17 50 0.048 49.952
3 50 0.048 49.952
36 50 0.048 49.952
25 50 0.048 49.952
30 50 0.048 49.952
21 50 0.048 49.952
10 50 0.048 49.952
40 50 0.048 49.952
15 50 0.048 49.952
18 50 0.048 49.952
16 50 0.048 49.952
34 50 0.048 49.952
23 50 0.048 49.952
7 50 0.048 49.952
20 50 0.048 49.952
33 50 0.048 49.952
23 49.952 0.16 49.792
7 49.952 0.16 49.792
20 49.952 0.16 49.792
33 49.952 0.16 49.792
33 49.792 0.048 49.744
7 49.792 0.048 49.744
20 49.792 0.048 49.744
23 49.792 0.048 49.744
27 50 0.048 49.952
5 50 0.048 49.952
38 50 0.048 49.952
14 50 0.048 49.952
1 50 0.048 49.952
35 50 0.048 49.952
8 50 0.048 49.952
2 50 0.048 49.952
24 50 0.048 49.952
22 50 0.048 49.952
4 50 0.048 49.952
26 50 0.048 49.952
11 49.8571 0.048 49.8091
17 50 0.048 49.952
3 50 0.048 49.952
36 50 0.048 49.952
25 50 0.048 49.952
30 50 0.048 49.952
21 50 0.048 49.952
10 50 0.048 49.952
40 50 0.048 49.952
15 50 0.048 49.952
18 50 0.048 49.952
16 50 0.048 49.952
34 50 0.048 49.952
33 50 0.048 49.952
7 49.9022 0.048 49.8542
20 50 0.048 49.952
23 49.9375 0.048 49.8895
39 50 0.048 49.952
33 49.952 0.16 49.792
7 49.8542 0.16 49.6942
20 49.952 0.16 49.792
23 49.8895 0.16 49.7295
39 49.952 0.16 49.792
39 49.792 0.048 49.744
6 50 0.048 49.952
7 49.6942 0.048 49.6462
23 49.7295 0.048 49.6815
32 50 0.048 49.952
33 49.792 0.048 49.744
37 50 0.048 49.952
39 49.744 0.16 49.584
6 49.952 0.16 49.792
7 49.6462 0.16 49.4862
23 49.6815 0.16 49.5215
32 49.952 0.16 49.792
33 49.744 0.16 49.584
37 49.952 0.16 49.792
37 49.792 0.048 49.744
6 49.792 0.048 49.744
32 49.792 0.048 49.744
39 49.584 0.048 49.536
9 50 0.048 49.952
27 50 0.048 49.952
39 49.536 0.048 49.488
6 49.744 0.048 49.696
7 49.4862 0.048 49.4382
23 49.5215 0.048 49.4735
32 49.744 0.048 49.696
33 49.584 0.048 49.536
37 49.744 0.048 49.696
39 49.488 0.16 49.328
6 49.696 0.16 49.536
7 49.4382 0.16 49.2782
23 49.4735 0.16 49.3135
23 49.3135 0.048 49.2655
7 49.2782 0.048 49.2302
33 49.536 0.048 49.488
39 49.328 0.048 49.28
23 49.2655 0.16 49.1055
32 49.696 0.16 49.536
33 49.488 0.16 49.328
33 49.328 0.048 49.28
7 49.2302 0.048 49.1822
20 49.792 0.048 49.744
23 49.1055 0.048 49.0575
39 49.28 0.048 49.232
37 49.696 0.16 49.536
7 49.1822 0.16 49.0222
33 49.28 0.16 49.12
39 49.232 0.16 49.072
5 50 0.048 49.952
38 50 0.048 49.952
14 50 0.048 49.952
1 50 0.048 49.952
35 50 0.048 49.952
8 50 0.048 49.952
2 50 0.048 49.952
24 50 0.048 49.952
22 50 0.048 49.952
4 50 0.048 49.952
26 50 0.048 49.952
11 49.9629 0.048 49.9149
17 50 0.048 49.952
3 50 0.048 49.952
29 50 0.048 49.952
36 50 0.048 49.952
25 50 0.048 49.952
30 50 0.048 49.952
21 50 0.048 49.952
10 50 0.048 49.952
40 50 0.048 49.952
15 50 0.048 49.952
18 50 0.048 49.952
16 50 0.048 49.952
34 50 0.048 49.952
37 49.657 0.048 49.609
6 49.766 0.048 49.718
32 49.7985 0.048 49.7505
39 49.4437 0.048 49.3957
9 50 0.048 49.952
27 50 0.048 49.952
33 49.4046 0.048 49.3566
7 49.2292 0.048 49.1812
20 49.9214 0.048 49.8734
23 49.4368 0.048 49.3888
5 50 0.048 49.952
38 50 0.048 49.952
14 50 0.048 49.952
1 50 0.048 49.952
35 50 0.048 49.952
8 50 0.048 49.952
2 50 0.048 49.952
24 50 0.048 49.952
22 50 0.048 49.952
4 50 0.048 49.952
26 50 0.048 49.952
11 50 0.048 49.952
17 50 0.048 49.952
3 50 0.048 49.952
29 50 0.048 49.952
29 49.952 0.16 49.792
36 50 0.048 49.952
25 50 0.048 49.952
30 50 0.048 49.952
21 50 0.048 49.952
10 50 0.048 49.952
40 50 0.048 49.952
15 50 0.048 49.952
18 50 0.048 49.952
16 50 0.048 49.952
34 50 0.048 49.952
37 49.7851 0.048 49.7371
6 49.8784 0.048 49.8304
32 49.955 0.048 49.907
39 49.7451 0.048 49.6971
9 50 0.048 49.952
27 50 0.048 49.952
33 49.6725 0.048 49.6245
7 49.5308 0.048 49.4828
20 50 0.048 49.952
23 49.6299 0.048 49.5819
5 50 0.048 49.952
38 50 0.048 49.952
14 50 0.048 49.952
1 50 0.048 49.952
35 50 0.048 49.952
8 50 0.048 49.952
2 50 0.048 49.952
24 50 0.048 49.952
22 50 0.048 49.952
26 50 0.048 49.952
11 50 0.048 49.952
17 50 0.048 49.952
3 50 0.048 49.952
36 50 0.048 49.952
25 50 0.048 49.952
30 50 0.048 49.952
21 50 0.048 49.952
10 50 0.048 49.952
40 50 0.048 49.952
15 50 0.048 49.952
18 50 0.048 49.952
16 50 0.048 49.952
34 50 0.048 49.952
37 49.8524 0.048 49.8044
6 50 0.048 49.952
32 50 0.048 49.952
39 50 0.048 49.952
9 50 0.048 49.952
27 50 0.048 49.952
33 49.9227 0.048 49.8747
7 49.675 0.048 49.627
20 50 0.048 49.952
23 49.7044 0.048 49.6564
5 50 0.048 49.952
38 50 0.048 49.952
14 50 0.048 49.952
1 50 0.048 49.952
35 50 0.048 49.952
8 50 0.048 49.952
2 50 0.048 49.952
24 50 0.048 49.952
22 50 0.048 49.952
4 50 0.048 49.952
26 50 0.048 49.952
11 50 0.048 49.952
17 50 0.048 49.952
3 50 0.048 49.952
36 50 0.048 49.952
25 50 0.048 49.952
36 49.952 0.16 49.792
25 49.952 0.16 49.792
30 50 0.048 49.952
21 50 0.048 49.952
10 50 0.048 49.952
40 50 0.048 49.952
15 50 0.048 49.952
18 50 0.048 49.952
16 50 0.048 49.952
34 50 0.048 49.952
37 50 0.048 49.952
6 50 0.048 49.952
32 50 0.048 49.952
39 50 0.048 49.952
9 50 0.048 49.952
27 50 0.048 49.952
33 50 0.048 49.952
7 49.9566 0.048 49.9086
20 50 0.048 49.952
23 49.7957 0.048 49.7477
5 50 0.048 49.952
38 50 0.048 49.952
14 50 0.048 49.952
1 50 0.048 49.952
35 50 0.048 49.952
8 50 0.048 49.952
2 50 0.048 49.952
24 50 0.048 49.952
22 50 0.048 49.952
4 50 0.048 49.952
26 50 0.048 49.952
11 50 0.048 49.952
17 50 0.048 49.952
3 50 0.048 49.952
30 50 0.048 49.952
21 50 0.048 49.952
10 50 0.048 49.952
10 49.952 0.16 49.792
40 50 0.048 49.952
15 50 0.048 49.952
18 50 0.048 49.952
16 50 0.048 49.952
34 50 0.048 49.952
37 50 0.048 49.952
6 50 0.048 49.952
32 50 0.048 49.952
39 50 0.048 49.952
9 50 0.048 49.952
27 50 0.048 49.952
33 50 0.048 49.952
7 50 0.048 49.952
20 50 0.048 49.952
23 50 0.048 49.952
5 50 0.048 49.952
38 50 0.048 49.952
14 50 0.048 49.952
1 50 0.048 49.952
35 50 0.048 49.952
8 50 0.048 49.952
2 50 0.048 49.952
24 50 0.048 49.952
22 50 0.048 49.952
4 50 0.048 49.952
26 50 0.048 49.952
11 50 0.048 49.952
17 50 0.048 49.952
3 50 0.048 49.952
30 50 0.048 49.952
21 50 0.048 49.952
40 50 0.048 49.952
15 50 0.048 49.952
18 50 0.048 49.952
16 50 0.048 49.952
34 50 0.048 49.952
37 50 0.048 49.952
6 50 0.048 49.952
32 50 0.048 49.952
39 50 0.048 49.952
9 50 0.048 49.952
27 50 0.048 49.952
33 50 0.048 49.952
7 50 0.048 49.952
20 50 0.048 49.952
23 50 0.048 49.952
5 50 0.048 49.952
38 50 0.048 49.952
14 50 0.048 49.952
1 50 0.048 49.952
35 50 0.048 49.952
8 50 0.048 49.952
2 50 0.048 49.952
24 50 0.048 49.952
22 50 0.048 49.952
26 50 0.048 49.952
11 50 0.048 49.952
17 50 0.048 49.952
3 50 0.048 49.952
30 50 0.048 49.952
21 50 0.048 49.952
40 50 0.048 49.952
15 50 0.048 49.952
18 50 0.048 49.952
16 50 0.048 49.952
34 50 0.048 49.952
37 50 0.048 49.952
6 50 0.048 49.952
32 50 0.048 49.952
39 50 0.048 49.952
9 50 0.048 49.952
27 50 0.048 49.952
33 50 0.048 49.952
7 50 0.048 49.952
20 50 0.048 49.952
23 50 0.048 49.952
5 50 0.048 49.952
38 50 0.048 49.952
14 50 0.048 49.952
1 50 0.048 49.952
35 50 0.048 49.952
8 50 0.048 49.952
2 50 0.048 49.952
24 50 0.048 49.952
22 50 0.048 49.952
26 50 0.048 49.952
11 50 0.048 49.952
17 50 0.048 49.952
3 50 0.048 49.952
3 49.952 0.16 49.792
30 50 0.048 49.952
21 50 0.048 49.952
40 50 0.048 49.952
15 50 0.048 49.952
18 50 0.048 49.952
16 50 0.048 49.952
34 50 0.048 49.952
37 50 0.048 49.952
6 50 0.048 49.952
32 50 0.048 49.952
39 50 0.048 49.952
9 50 0.048 49.952
27 50 0.048 49.952
33 50 0.048 49.952
7 50 0.048 49.952
20 50 0.048 49.952
23 50 0.048 49.952
5 50 0.048 49.952
38 50 0.048 49.952
14 50 0.048 49.952
1 50 0.048 49.952
35 50 0.048 49.952
8 50 0.048 49.952
2 50 0.048 49.952
24 50 0.048 49.952
22 50 0.048 49.952
26 50 0.048 49.952
11 50 0.048 49.952
17 50 0.048 49.952
30 50 0.048 49.952
21 50 0.048 49.952
40 50 0.048 49.952
40 49.952 0.16 49.792
15 50 0.048 49.952
18 50 0.048 49.952
16 50 0.048 49.952
34 50 0.048 49.952
37 50 0.048 49.952
6 50 0.048 49.952
32 50 0.048 49.952
39 50 0.048 49.952
9 50 0.048 49.952
27 50 0.048 49.952
33 50 0.048 49.952
7 50 0.048 49.952
20 50 0.048 49.952
23 50 0.048 49.952
5 50 0.048 49.952
38 50 0.048 49.952
14 50 0.048 49.952
1 50 0.048 49.952
35 50 0.048 49.952
8 50 0.048 49.952
2 50 0.048 49.952
24 50 0.048 49.952
22 50 0.048 49.952
26 50 0.048 49.952
11 50 0.048 49.952
17 50 0.048 49.952
30 50 0.048 49.952
21 50 0.048 49.952
15 50 0.048 49.952
18 50 0.048 49.952
16 50 0.048 49.952
34 50 0.048 49.952
37 50 0.048 49.952
6 50 0.048 49.952
32 50 0.048 49.952
39 50 0.048 49.952
11 50 0.048 49.952
26 50 0.048 49.952
9 50 0.048 49.952
27 50 0.048 49.952
33 50 0.048 49.952
7 50 0.048 49.952
20 50 0.048 49.952
23 50 0.048 49.952
5 50 0.048 49.952
38 50 0.048 49.952
14 50 0.048 49.952
1 50 0.048 49.952
35 50 0.048 49.952
8 50 0.048 49.952
2 50 0.048 49.952
24 50 0.048 49.952
22 50 0.048 49.952
26 49.952 0.048 49.904
11 49.952 0.048 49.904
17 50 0.048 49.952
17 49.952 0.16 49.792
30 50 0.048 49.952
21 50 0.048 49.952
15 50 0.048 49.952
18 50 0.048 49.952
16 50 0.048 49.952
34 50 0.048 49.952
37 50 0.048 49.952
6 50 0.048 49.952
32 50 0.048 49.952
39 50 0.048 49.952
11 50 0.048 49.952
26 50 0.048 49.952
9 50 0.048 49.952
27 50 0.048 49.952
33 50 0.048 49.952
7 50 0.048 49.952
20 50 0.048 49.952
23 50 0.048 49.952
5 50 0.048 49.952
38 50 0.048 49.952
14 50 0.048 49.952
1 50 0.048 49.952
35 50 0.048 49.952
8 50 0.048 49.952
2 50 0.048 49.952
24 50 0.048 49.952
22 50 0.048 49.952
26 49.952 0.048 49.904
11 49.952 0.048 49.904
30 50 0.048 49.952
21 50 0.048 49.952
15 50 0.048 49.952
18 50 0.048 49.952
1 50 0.048 49.952
14 49.952 0.048 49.904
16 50 0.048 49.952
34 50 0.048 49.952
37 50 0.048 49.952
6 50 0.048 49.952
32 50 0.048 49.952
39 50 0.048 49.952
11 50 0.048 49.952
4 50 0.048 49.952
26 50 0.048 49.952
11 49.952 0.16 49.792
4 49.952 0.16 49.792
4 49.792 0.048 49.744
11 49.792 0.048 49.744
26 49.952 0.16 49.792
9 50 0.048 49.952
27 50 0.048 49.952
33 50 0.048 49.952
7 50 0.048 49.952
20 50 0.048 49.952
23 50 0.048 49.952
5 50 0.048 49.952
38 50 0.048 49.952
14 50 0.048 49.952
1 49.952 0.048 49.904
14 49.952 0.16 49.792
1 49.904 0.16 49.744
35 50 0.048 49.952
8 50 0.048 49.952
2 50 0.048 49.952
24 50 0.048 49.952
22 50 0.048 49.952
26 49.792 0.048 49.744
11 49.744 0.048 49.696
30 50 0.048 49.952
21 50 0.048 49.952
15 50 0.048 49.952
18 50 0.048 49.952
1 50 0.048 49.952
14 49.792 0.048 49.744
1 49.952 0.16 49.792
14 49.744 0.16 49.584
14 49.584 0.048 49.536
1 49.792 0.048 49.744
14 49.536 0.16 49.376
1 49.744 0.16 49.584
16 50 0.048 49.952
34 50 0.048 49.952
37 50 0.048 49.952
6 50 0.048 49.952
32 50 0.048 49.952
39 50 0.048 49.952
4 50 0.048 49.952
11 49.9408 0.048 49.8928
9 50 0.048 49.952
27 50 0.048 49.952
33 50 0.048 49.952
7 50 0.048 49.952
20 50 0.048 49.952
23 50 0.048 49.952
5 50 0.048 49.952
38 50 0.048 49.952
35 50 0.048 49.952
8 50 0.048 49.952
2 50 0.048 49.952
24 50 0.048 49.952
22 50 0.048 49.952
26 50 0.048 49.952
11 49.8928 0.048 49.8448
30 50 0.048 49.952
21 50 0.048 49.952
15 50 0.048 49.952
18 50 0.048 49.952
16 50 0.048 49.952
34 50 0.048 49.952
31 50 0.048 49.952
13 50 0.048 49.952
19 50 0.048 49.952
31 49.952 0.16 49.792
13 49.952 0.16 49.792
13 49.792 0.048 49.744
31 49.792 0.048 49.744
19 49.952 0.16 49.792
19 49.792 0.048 49.744
12 50 0.048 49.952
28 50 0.048 49.952
31 49.744 0.048 49.696
19 49.744 0.16 49.584
12 49.952 0.16 49.792
28 49.952 0.16 49.792
28 49.792 0.048 49.744
12 49.792 0.048 49.744
19 49.584 0.048 49.536
31 49.696 0.16 49.536
37 50 0.048 49.952
6 50 0.048 49.952
32 50 0.048 49.952
39 50 0.048 49.952
4 50 0.048 49.952
11 50 0.048 49.952
9 50 0.048 49.952
27 50 0.048 49.952
33 50 0.048 49.952
7 50 0.048 49.952
20 50 0.048 49.952
23 50 0.048 49.952
5 50 0.048 49.952
38 50 0.048 49.952
35 50 0.048 49.952
34 49.952 0.048 49.904
16 50 0.048 49.952
8 50 0.048 49.952
2 50 0.048 49.952
24 50 0.048 49.952
22 50 0.048 49.952
26 50 0.048 49.952
11 49.952 0.048 49.904
30 50 0.048 49.952
21 50 0.048 49.952
15 50 0.048 49.952
18 50 0.048 49.952
16 49.952 0.048 49.904
34 50 0.048 49.952
13 49.9687 0.048 49.9207
31 49.7824 0.048 49.7344
28 49.9328 0.048 49.8848
12 49.8935 0.048 49.8455
19 49.6435 0.048 49.5955
37 50 0.048 49.952
6 50 0.048 49.952
32 50 0.048 49.952
39 50 0.048 49.952
4 50 0.048 49.952
11 50 0.048 49.952
9 50 0.048 49.952
27 50 0.048 49.952
38 49.952 0.048 49.904
5 50 0.048 49.952
33 50 0.048 49.952
7 50 0.048 49.952
20 50 0.048 49.952
23 50 0.048 49.952
5 49.952 0.048 49.904
38 50 0.048 49.952
35 50 0.048 49.952
34 49.952 0.048 49.904
16 50 0.048 49.952
8 50 0.048 49.952
2 50 0.048 49.952
24 50 0.048 49.952
22 50 0.048 49.952
26 50 0.048 49.952
11 49.952 0.048 49.904
30 50 0.048 49.952
21 50 0.048 49.952
15 50 0.048 49.952
18 50 0.048 49.952
16 49.952 0.048 49.904
34 50 0.048 49.952
13 50 0.048 49.952
31 50 0.048 49.952
28 50 0.048 49.952
12 50 0.048 49.952
19 49.916 0.048 49.868
37 50 0.048 49.952
6 50 0.048 49.952
32 50 0.048 49.952
39 50 0.048 49.952
4 50 0.048 49.952
11 50 0.048 49.952
9 50 0.048 49.952
27 50 0.048 49.952
38 49.952 0.048 49.904
5 50 0.048 49.952
33 50 0.048 49.952
7 50 0.048 49.952
20 50 0.048 49.952
23 50 0.048 49.952
5 49.952 0.048 49.904
38 50 0.048 49.952
35 50 0.048 49.952
34 49.952 0.048 49.904
16 50 0.048 49.952
8 50 0.048 49.952
2 50 0.048 49.952
24 50 0.048 49.952
22 50 0.048 49.952
4 49.952 0.048 49.904
26 50 0.048 49.952
11 49.952 0.048 49.904
30 50 0.048 49.952
21 50 0.048 49.952
15 50 0.048 49.952
18 50 0.048 49.952
16 49.952 0.048 49.904
34 50 0.048 49.952
13 50 0.048 49.952
31 50 0.048 49.952
28 50 0.048 49.952
12 50 0.048 49.952
19 50 0.048 49.952
37 50 0.048 49.952
6 50 0.048 49.952
32 50 0.048 49.952
39 50 0.048 49.952
4 50 0.048 49.952
11 50 0.048 49.952
22 49.952 0.048 49.904
9 50 0.048 49.952
27 50 0.048 49.952
27 49.952 0.16 49.792
38 49.952 0.048 49.904
5 50 0.048 49.952
33 50 0.048 49.952
7 50 0.048 49.952
20 50 0.048 49.952
23 50 0.048 49.952
5 49.952 0.048 49.904
38 50 0.048 49.952
35 50 0.048 49.952
34 49.952 0.048 49.904
16 50 0.048 49.952
8 50 0.048 49.952
2 50 0.048 49.952
24 50 0.048 49.952
22 50 0.048 49.952
4 49.952 0.048 49.904
26 50 0.048 49.952
11 49.952 0.048 49.904
30 50 0.048 49.952
21 50 0.048 49.952
15 50 0.048 49.952
18 50 0.048 49.952
16 49.952 0.048 49.904
34 50 0.048 49.952
13 50 0.048 49.952
31 50 0.048 49.952
28 50 0.048 49.952
12 50 0.048 49.952
19 50 0.048 49.952
37 50 0.048 49.952
6 50 0.048 49.952
32 50 0.048 49.952
39 50 0.048 49.952
4 50 0.048 49.952
11 50 0.048 49.952
22 49.952 0.048 49.904
9 50 0.048 49.952
38 49.952 0.048 49.904
5 50 0.048 49.952
33 50 0.048 49.952
7 50 0.048 49.952
20 50 0.048 49.952
23 50 0.048 49.952
5 49.952 0.048 49.904
38 50 0.048 49.952
35 50 0.048 49.952
34 49.952 0.048 49.904
16 50 0.048 49.952
8 50 0.048 49.952
2 50 0.048 49.952
24 50 0.048 49.952
22 50 0.048 49.952
4 49.952 0.048 49.904
26 50 0.048 49.952
11 49.952 0.048 49.904
30 50 0.048 49.952
21 50 0.048 49.952
15 50 0.048 49.952
18 50 0.048 49.952
16 49.952 0.048 49.904
34 50 0.048 49.952
13 50 0.048 49.952
31 50 0.048 49.952
28 50 0.048 49.952
12 50 0.048 49.952
19 50 0.048 49.952
37 50 0.048 49.952
6 50 0.048 49.952
32 50 0.048 49.952
39 50 0.048 49.952
4 50 0.048 49.952
11 50 0.048 49.952
22 49.952 0.048 49.904
9 50 0.048 49.952
38 49.952 0.048 49.904
5 50 0.048 49.952
33 50 0.048 49.952
7 50 0.048 49.952
20 50 0.048 49.952
23 50 0.048 49.952
5 49.952 0.048 49.904
38 50 0.048 49.952
35 50 0.048 49.952
34 49.952 0.048 49.904
16 50 0.048 49.952
8 50 0.048 49.952
2 50 0.048 49.952
24 50 0.048 49.952
22 50 0.048 49.952
4 49.952 0.048 49.904
26 50 0.048 49.952
11 49.952 0.048 49.904
30 50 0.048 49.952
21 50 0.048 49.952
15 50 0.048 49.952
18 50 0.048 49.952
16 49.952 0.048 49.904
34 50 0.048 49.952
13 50 0.048 49.952
31 50 0.048 49.952
28 50 0.048 49.952
12 50 0.048 49.952
19 50 0.048 49.952
37 50 0.048 49.952
6 50 0.048 49.952
32 50 0.048 49.952
39 50 0.048 49.952
4 50 0.048 49.952
11 50 0.048 49.952
22 49.952 0.048 49.904
9 50 0.048 49.952
38 49.952 0.048 49.904
5 50 0.048 49.952
38 49.904 0.16 49.744
5 49.952 0.16 49.792
33 50 0.048 49.952
7 50 0.048 49.952
20 50 0.048 49.952
23 50 0.048 49.952
5 49.792 0.048 49.744
38 50 0.048 49.952
35 50 0.048 49.952
34 49.952 0.048 49.904
16 50 0.048 49.952
8 50 0.048 49.952
2 50 0.048 49.952
24 50 0.048 49.952
22 50 0.048 49.952
4 49.952 0.048 49.904
26 50 0.048 49.952
11 49.952 0.048 49.904
30 50 0.048 49.952
21 50 0.048 49.952
15 50 0.048 49.952
18 50 0.048 49.952
16 49.952 0.048 49.904
34 50 0.048 49.952
13 50 0.048 49.952
31 50 0.048 49.952
28 50 0.048 49.952
12 50 0.048 49.952
19 50 0.048 49.952
37 50 0.048 49.952
6 50 0.048 49.952
32 50 0.048 49.952
39 50 0.048 49.952
4 50 0.048 49.952
11 50 0.048 49.952
22 49.952 0.048 49.904
9 50 0.048 49.952
21 49.952 0.048 49.904
9 49.952 0.16 49.792
21 49.904 0.16 49.744
21 49.744 0.048 49.696
9 49.792 0.048 49.744
30 49.952 0.048 49.904
18 50 0.048 49.952
15 50 0.048 49.952
33 50 0.048 49.952
7 50 0.048 49.952
20 50 0.048 49.952
23 50 0.048 49.952
5 50 0.048 49.952
38 50 0.048 49.952
5 49.952 0.16 49.792
38 49.952 0.16 49.792
35 50 0.048 49.952
34 49.952 0.048 49.904
16 50 0.048 49.952
8 50 0.048 49.952
2 50 0.048 49.952
24 50 0.048 49.952
22 50 0.048 49.952
4 49.952 0.048 49.904
26 50 0.048 49.952
11 49.952 0.048 49.904
30 50 0.048 49.952
21 49.9301 0.048 49.8821
15 49.952 0.048 49.904
18 49.952 0.048 49.904
16 49.952 0.048 49.904
34 50 0.048 49.952
13 50 0.048 49.952
31 50 0.048 49.952
28 50 0.048 49.952
12 50 0.048 49.952
19 50 0.048 49.952
37 50 0.048 49.952
6 50 0.048 49.952
32 50 0.048 49.952
39 50 0.048 49.952
4 50 0.048 49.952
11 50 0.048 49.952
22 49.952 0.048 49.904
21 49.8821 0.048 49.8341
30 49.952 0.048 49.904
18 50 0.048 49.952
15 50 0.048 49.952
33 50 0.048 49.952
7 50 0.048 49.952
20 50 0.048 49.952
23 50 0.048 49.952
35 50 0.048 49.952
34 49.952 0.048 49.904
16 50 0.048 49.952
8 50 0.048 49.952
2 50 0.048 49.952
24 50 0.048 49.952
2 49.952 0.16 49.792
24 49.952 0.16 49.792
22 50 0.048 49.952
4 49.952 0.048 49.904
26 50 0.048 49.952
11 49.952 0.048 49.904
30 50 0.048 49.952
21 49.9928 0.048 49.9448
15 49.952 0.048 49.904
18 49.952 0.048 49.904
16 49.952 0.048 49.904
34 50 0.048 49.952
13 50 0.048 49.952
31 50 0.048 49.952
28 50 0.048 49.952
12 50 0.048 49.952
19 50 0.048 49.952
37 50 0.048 49.952
6 50 0.048 49.952
32 50 0.048 49.952
39 50 0.048 49.952
4 50 0.048 49.952
11 50 0.048 49.952
22 49.952 0.048 49.904
21 49.9448 0.048 49.8968
30 49.952 0.048 49.904
18 50 0.048 49.952
15 50 0.048 49.952
29 50 0.048 49.952
33 50 0.048 49.952
7 50 0.048 49.952
20 50 0.048 49.952
23 50 0.048 49.952
35 50 0.048 49.952
34 49.952 0.048 49.904
16 50 0.048 49.952
8 50 0.048 49.952
22 50 0.048 49.952
4 49.952 0.048 49.904
26 50 0.048 49.952
11 49.952 0.048 49.904
30 50 0.048 49.952
21 50 0.048 49.952
15 49.952 0.048 49.904
18 49.952 0.048 49.904
16 49.952 0.048 49.904
34 50 0.048 49.952
13 50 0.048 49.952
31 50 0.048 49.952
28 50 0.048 49.952
12 50 0.048 49.952
19 50 0.048 49.952
37 50 0.048 49.952
6 50 0.048 49.952
32 50 0.048 49.952
39 50 0.048 49.952
4 50 0.048 49.952
11 50 0.048 49.952
22 49.952 0.048 49.904
21 49.952 0.048 49.904
30 49.952 0.048 49.904
18 50 0.048 49.952
15 50 0.048 49.952
29 50 0.048 49.952
33 50 0.048 49.952
7 50 0.048 49.952
20 50 0.048 49.952
23 50 0.048 49.952
35 50 0.048 49.952
34 49.952 0.048 49.904
16 50 0.048 49.952
8 50 0.048 49.952
22 50 0.048 49.952
4 49.952 0.048 49.904
26 50 0.048 49.952
11 49.952 0.048 49.904
30 50 0.048 49.952
21 50 0.048 49.952
15 49.952 0.048 49.904
18 49.952 0.048 49.904
15 49.904 0.16 49.744
18 49.904 0.16 49.744
16 49.952 0.048 49.904
34 50 0.048 49.952
13 50 0.048 49.952
31 50 0.048 49.952
28 50 0.048 49.952
12 50 0.048 49.952
19 50 0.048 49.952
37 50 0.048 49.952
6 50 0.048 49.952
32 50 0.048 49.952
39 50 0.048 49.952
4 50 0.048 49.952
11 50 0.048 49.952
22 49.952 0.048 49.904
21 49.952 0.048 49.904
30 49.952 0.048 49.904
18 49.9112 0.048 49.8632
15 50 0.048 49.952
18 49.8632 0.16 49.7032
15 49.952 0.16 49.792
15 49.792 0.048 49.744
18 49.7032 0.048 49.6552
15 49.744 0.16 49.584
18 49.6552 0.16 49.4952
29 50 0.048 49.952
33 50 0.048 49.952
7 50 0.048 49.952
20 50 0.048 49.952
23 50 0.048 49.952
35 50 0.048 49.952
34 49.952 0.048 49.904
16 50 0.048 49.952
8 50 0.048 49.952
22 50 0.048 49.952
4 49.952 0.048 49.904
26 50 0.048 49.952
11 49.952 0.048 49.904
30 50 0.048 49.952
21 50 0.048 49.952
16 49.952 0.048 49.904
34 50 0.048 49.952
13 50 0.048 49.952
31 50 0.048 49.952
28 50 0.048 49.952
12 50 0.048 49.952
19 50 0.048 49.952
37 50 0.048 49.952
6 50 0.048 49.952
32 50 0.048 49.952
39 50 0.048 49.952
4 50 0.048 49.952
11 50 0.048 49.952
21 49.952 0.048 49.904
30 49.952 0.048 49.904
29 50 0.048 49.952
33 50 0.048 49.952
7 50 0.048 49.952
20 50 0.048 49.952
23 50 0.048 49.952
35 50 0.048 49.952
34 49.952 0.048 49.904
16 50 0.048 49.952
8 50 0.048 49.952
22 50 0.048 49.952
26 50 0.048 49.952
11 49.952 0.048 49.904
30 50 0.048 49.952
21 50 0.048 49.952
16 49.952 0.048 49.904
34 50 0.048 49.952
13 50 0.048 49.952
31 50 0.048 49.952
28 50 0.048 49.952
12 50 0.048 49.952
19 50 0.048 49.952
37 50 0.048 49.952
6 50 0.048 49.952
32 50 0.048 49.952
39 50 0.048 49.952
4 50 0.048 49.952
11 50 0.048 49.952
21 49.952 0.048 49.904
30 49.952 0.048 49.904
29 50 0.048 49.952
33 50 0.048 49.952
7 50 0.048 49.952
20 50 0.048 49.952
23 50 0.048 49.952
35 50 0.048 49.952
34 49.952 0.048 49.904
16 50 0.048 49.952
8 50 0.048 49.952
22 50 0.048 49.952
26 50 0.048 49.952
11 49.952 0.048 49.904
30 50 0.048 49.952
21 50 0.048 49.952
16 49.952 0.048 49.904
34 50 0.048 49.952
16 49.904 0.16 49.744
34 49.952 0.16 49.792
13 50 0.048 49.952
31 50 0.048 49.952
28 50 0.048 49.952
12 50 0.048 49.952
19 50 0.048 49.952
37 50 0.048 49.952
6 50 0.048 49.952
32 50 0.048 49.952
39 50 0.048 49.952
4 50 0.048 49.952
11 50 0.048 49.952
22 49.952 0.048 49.904
21 49.952 0.048 49.904
30 49.952 0.048 49.904
29 50 0.048 49.952
33 50 0.048 49.952
7 50 0.048 49.952
20 50 0.048 49.952
23 50 0.048 49.952
35 50 0.048 49.952
34 49.792 0.048 49.744
16 49.965 0.048 49.917
34 49.744 0.16 49.584
16 49.917 0.16 49.757
16 49.757 0.048 49.709
34 49.584 0.048 49.536
16 49.709 0.16 49.549
34 49.536 0.16 49.376
8 50 0.048 49.952
22 50 0.048 49.952
26 50 0.048 49.952
11 49.952 0.048 49.904
30 50 0.048 49.952
21 50 0.048 49.952
13 50 0.048 49.952
31 50 0.048 49.952
28 50 0.048 49.952
12 50 0.048 49.952
19 50 0.048 49.952
37 50 0.048 49.952
6 50 0.048 49.952
32 50 0.048 49.952
39 50 0.048 49.952
4 50 0.048 49.952
21 49.952 0.048 49.904
30 49.952 0.048 49.904
29 50 0.048 49.952
33 50 0.048 49.952
7 50 0.048 49.952
20 50 0.048 49.952
23 50 0.048 49.952
35 50 0.048 49.952
8 50 0.048 49.952
22 50 0.048 49.952
26 50 0.048 49.952
11 50 0.048 49.952
39 49.952 0.048 49.904
6 49.952 0.048 49.904
7 50 0.048 49.952
23 50 0.048 49.952
32 50 0.048 49.952
37 50 0.048 49.952
36 50 0.048 49.952
25 50 0.048 49.952
36 49.952 0.16 49.792
25 49.952 0.16 49.792
25 49.792 0.048 49.744
36 49.792 0.048 49.744
30 50 0.048 49.952
21 50 0.048 49.952
13 50 0.048 49.952
31 50 0.048 49.952
28 50 0.048 49.952
12 50 0.048 49.952
19 50 0.048 49.952
37 49.952 0.048 49.904
6 50 0.048 49.952
32 49.952 0.048 49.904
39 50 0.048 49.952
4 50 0.048 49.952
21 49.952 0.048 49.904
30 49.952 0.048 49.904
29 50 0.048 49.952
33 50 0.048 49.952
7 49.952 0.048 49.904
20 50 0.048 49.952
23 49.952 0.048 49.904
35 50 0.048 49.952
35 49.952 0.16 49.792
8 50 0.048 49.952
22 50 0.048 49.952
26 50 0.048 49.952
11 50 0.048 49.952
39 49.952 0.048 49.904
6 49.952 0.048 49.904
7 50 0.048 49.952
23 50 0.048 49.952
32 50 0.048 49.952
37 50 0.048 49.952
25 49.9703 0.048 49.9223
36 49.9985 0.048 49.9505
30 50 0.048 49.952
21 50 0.048 49.952
13 50 0.048 49.952
31 50 0.048 49.952
28 50 0.048 49.952
12 50 0.048 49.952
19 50 0.048 49.952
37 49.952 0.048 49.904
6 50 0.048 49.952
32 49.952 0.048 49.904
39 50 0.048 49.952
4 50 0.048 49.952
21 49.952 0.048 49.904
30 49.952 0.048 49.904
29 50 0.048 49.952
33 50 0.048 49.952
7 49.952 0.048 49.904
20 50 0.048 49.952
23 49.952 0.048 49.904
8 50 0.048 49.952
22 50 0.048 49.952
26 50 0.048 49.952
11 50 0.048 49.952
39 49.952 0.048 49.904
6 49.952 0.048 49.904
7 50 0.048 49.952
23 50 0.048 49.952
32 50 0.048 49.952
37 50 0.048 49.952
25 50 0.048 49.952
36 50 0.048 49.952
30 50 0.048 49.952
21 50 0.048 49.952
13 50 0.048 49.952
31 50 0.048 49.952
28 50 0.048 49.952
12 50 0.048 49.952
19 50 0.048 49.952
37 49.952 0.048 49.904
6 50 0.048 49.952
32 49.952 0.048 49.904
39 50 0.048 49.952
17 50 0.048 49.952
4 50 0.048 49.952
11 50 0.048 49.952
21 49.952 0.048 49.904
30 49.952 0.048 49.904
29 50 0.048 49.952
33 50 0.048 49.952
7 49.952 0.048 49.904
20 50 0.048 49.952
23 49.952 0.048 49.904
8 50 0.048 49.952
22 50 0.048 49.952
26 50 0.048 49.952
11 49.952 0.048 49.904
39 49.952 0.048 49.904
6 49.952 0.048 49.904
7 50 0.048 49.952
23 50 0.048 49.952
32 50 0.048 49.952
37 50 0.048 49.952
25 50 0.048 49.952
36 50 0.048 49.952
30 50 0.048 49.952
21 50 0.048 49.952
13 50 0.048 49.952
31 50 0.048 49.952
28 50 0.048 49.952
12 50 0.048 49.952
19 50 0.048 49.952
37 49.952 0.048 49.904
6 50 0.048 49.952
32 49.952 0.048 49.904
39 50 0.048 49.952
17 50 0.048 49.952
4 50 0.048 49.952
11 50 0.048 49.952
21 49.952 0.048 49.904
30 49.952 0.048 49.904
21 49.904 0.16 49.744
30 49.904 0.16 49.744
21 49.744 0.048 49.696
30 49.744 0.048 49.696
21 49.696 0.16 49.536
30 49.696 0.16 49.536
29 50 0.048 49.952
33 50 0.048 49.952
7 49.952 0.048 49.904
20 50 0.048 49.952
23 49.952 0.048 49.904
8 50 0.048 49.952
22 50 0.048 49.952
26 50 0.048 49.952
11 49.952 0.048 49.904
39 49.952 0.048 49.904
6 49.952 0.048 49.904
7 50 0.048 49.952
23 50 0.048 49.952
32 50 0.048 49.952
37 50 0.048 49.952
25 50 0.048 49.952
36 50 0.048 49.952
30 49.9249 0.048 49.8769
21 49.7892 0.048 49.7412
30 49.8769 0.16 49.7169
21 49.7412 0.16 49.5812
3 50 0.048 49.952
13 50 0.048 49.952
31 50 0.048 49.952
28 50 0.048 49.952
12 50 0.048 49.952
19 50 0.048 49.952
37 49.952 0.048 49.904
6 50 0.048 49.952
32 49.952 0.048 49.904
39 50 0.048 49.952
17 50 0.048 49.952
24 50 0.048 49.952
2 50 0.048 49.952
24 49.952 0.16 49.792
2 49.952 0.16 49.792
2 49.792 0.048 49.744
24 49.792 0.048 49.744
4 50 0.048 49.952
11 50 0.048 49.952
29 50 0.048 49.952
33 50 0.048 49.952
7 49.952 0.048 49.904
20 50 0.048 49.952
23 49.952 0.048 49.904
39 49.952 0.048 49.904
8 50 0.048 49.952
22 50 0.048 49.952
26 50 0.048 49.952
11 49.952 0.048 49.904
39 49.904 0.048 49.856
6 49.952 0.048 49.904
23 50 0.048 49.952
32 50 0.048 49.952
33 49.952 0.048 49.904
37 50 0.048 49.952
25 50 0.048 49.952
36 50 0.048 49.952
19 50 0.048 49.952
12 50 0.048 49.952
28 50 0.048 49.952
3 50 0.048 49.952
13 50 0.048 49.952
31 50 0.048 49.952
28 49.952 0.048 49.904
12 49.952 0.048 49.904
19 49.952 0.048 49.904
37 49.952 0.048 49.904
6 50 0.048 49.952
32 49.952 0.048 49.904
39 50 0.048 49.952
17 50 0.048 49.952
2 50 0.048 49.952
24 49.9544 0.048 49.9064
4 50 0.048 49.952
11 50 0.048 49.952
29 50 0.048 49.952
33 50 0.048 49.952
7 50 0.048 49.952
20 50 0.048 49.952
23 49.952 0.048 49.904
39 49.952 0.048 49.904
8 50 0.048 49.952
22 50 0.048 49.952
26 50 0.048 49.952
11 49.952 0.048 49.904
39 49.904 0.048 49.856
6 49.952 0.048 49.904
23 50 0.048 49.952
32 50 0.048 49.952
33 49.952 0.048 49.904
37 50 0.048 49.952
25 50 0.048 49.952
36 50 0.048 49.952
19 50 0.048 49.952
12 50 0.048 49.952
28 50 0.048 49.952
3 50 0.048 49.952
13 50 0.048 49.952
31 50 0.048 49.952
28 49.952 0.048 49.904
12 49.952 0.048 49.904
19 49.952 0.048 49.904
37 49.952 0.048 49.904
6 50 0.048 49.952
32 49.952 0.048 49.904
39 50 0.048 49.952
17 50 0.048 49.952
2 50 0.048 49.952
24 50 0.048 49.952
4 50 0.048 49.952
11 50 0.048 49.952
22 49.952 0.048 49.904
29 50 0.048 49.952
33 50 0.048 49.952
7 50 0.048 49.952
20 50 0.048 49.952
23 49.952 0.048 49.904
39 49.952 0.048 49.904
8 50 0.048 49.952
22 50 0.048 49.952
4 49.952 0.048 49.904
26 50 0.048 49.952
11 49.952 0.048 49.904
39 49.904 0.048 49.856
6 49.952 0.048 49.904
23 50 0.048 49.952
32 50 0.048 49.952
33 49.952 0.048 49.904
37 50 0.048 49.952
25 50 0.048 49.952
36 50 0.048 49.952
14 50 0.048 49.952
1 50 0.048 49.952
14 49.952 0.16 49.792
1 49.952 0.16 49.792
1 49.792 0.048 49.744
14 49.792 0.048 49.744
19 50 0.048 49.952
12 50 0.048 49.952
28 50 0.048 49.952
3 50 0.048 49.952
13 50 0.048 49.952
31 50 0.048 49.952
28 49.952 0.048 49.904
12 49.952 0.048 49.904
19 49.952 0.048 49.904
37 49.952 0.048 49.904
6 50 0.048 49.952
32 49.952 0.048 49.904
39 50 0.048 49.952
17 50 0.048 49.952
2 50 0.048 49.952
24 50 0.048 49.952
4 50 0.048 49.952
11 50 0.048 49.952
40 50 0.048 49.952
29 50 0.048 49.952
33 50 0.048 49.952
7 50 0.048 49.952
20 50 0.048 49.952
23 49.952 0.048 49.904
39 49.952 0.048 49.904
33 49.952 0.16 49.792
7 49.952 0.16 49.792
20 49.952 0.16 49.792
23 49.904 0.16 49.744
39 49.904 0.16 49.744
8 50 0.048 49.952
22 50 0.048 49.952
26 50 0.048 49.952
11 49.952 0.048 49.904
39 49.744 0.048 49.696
6 49.952 0.048 49.904
23 49.8589 0.048 49.8109
32 50 0.048 49.952
33 49.792 0.048 49.744
37 50 0.048 49.952
39 49.696 0.16 49.536
6 49.904 0.16 49.744
23 49.8109 0.16 49.6509
32 49.952 0.16 49.792
33 49.744 0.16 49.584
33 49.584 0.048 49.536
7 50 0.048 49.952
20 50 0.048 49.952
23 49.6509 0.048 49.6029
39 49.536 0.048 49.488
33 49.536 0.16 49.376
37 49.952 0.16 49.792
7 49.952 0.16 49.792
20 49.952 0.16 49.792
23 49.6029 0.16 49.4429
39 49.488 0.16 49.328
25 50 0.048 49.952
36 50 0.048 49.952
1 50 0.048 49.952
14 50 0.048 49.952
19 50 0.048 49.952
12 50 0.048 49.952
28 50 0.048 49.952
3 50 0.048 49.952
13 50 0.048 49.952
31 50 0.048 49.952
28 49.952 0.048 49.904
12 49.952 0.048 49.904
19 49.952 0.048 49.904
37 49.792 0.048 49.744
6 49.8575 0.048 49.8095
32 49.792 0.048 49.744
39 49.5706 0.048 49.5226
17 50 0.048 49.952
2 50 0.048 49.952
24 50 0.048 49.952
4 50 0.048 49.952
11 50 0.048 49.952
40 50 0.048 49.952
29 50 0.048 49.952
8 50 0.048 49.952
22 50 0.048 49.952
26 50 0.048 49.952
11 49.952 0.048 49.904
25 50 0.048 49.952
36 50 0.048 49.952
1 50 0.048 49.952
14 50 0.048 49.952
19 50 0.048 49.952
12 50 0.048 49.952
28 50 0.048 49.952
31 50 0.048 49.952
19 49.952 0.16 49.792
12 49.952 0.16 49.792
28 49.952 0.16 49.792
31 49.952 0.16 49.792
31 49.792 0.048 49.744
13 50 0.048 49.952
19 49.792 0.048 49.744
3 50 0.048 49.952
13 49.952 0.048 49.904
31 49.744 0.048 49.696
28 49.792 0.048 49.744
12 49.792 0.048 49.744
19 49.744 0.048 49.696
37 49.8991 0.048 49.8511
6 50 0.048 49.952
32 50 0.048 49.952
39 49.8308 0.048 49.7828
37 49.8511 0.16 49.6911
6 49.952 0.16 49.792
32 49.952 0.16 49.792
39 49.7828 0.16 49.6228
17 50 0.048 49.952
2 50 0.048 49.952
24 50 0.048 49.952
4 50 0.048 49.952
11 50 0.048 49.952
40 50 0.048 49.952
29 50 0.048 49.952
8 50 0.048 49.952
22 50 0.048 49.952
26 50 0.048 49.952
11 49.952 0.048 49.904
25 50 0.048 49.952
36 50 0.048 49.952
1 50 0.048 49.952
14 50 0.048 49.952
31 50 0.048 49.952
13 50 0.048 49.952
19 49.9632 0.048 49.9152
3 50 0.048 49.952
13 49.952 0.048 49.904
31 49.952 0.048 49.904
28 49.8514 0.048 49.8034
12 50 0.048 49.952
19 49.9152 0.048 49.8672
17 50 0.048 49.952
2 50 0.048 49.952
24 50 0.048 49.952
4 50 0.048 49.952
11 50 0.048 49.952
40 50 0.048 49.952
29 50 0.048 49.952
8 50 0.048 49.952
8 49.952 0.16 49.792
22 50 0.048 49.952
26 50 0.048 49.952
11 49.952 0.048 49.904
25 50 0.048 49.952
36 50 0.048 49.952
1 50 0.048 49.952
14 50 0.048 49.952
31 50 0.048 49.952
13 50 0.048 49.952
19 50 0.048 49.952
3 50 0.048 49.952
13 49.952 0.048 49.904
31 49.952 0.048 49.904
28 50 0.048 49.952
12 50 0.048 49.952
19 49.952 0.048 49.904
17 50 0.048 49.952
2 50 0.048 49.952
24 50 0.048 49.952
4 50 0.048 49.952
11 50 0.048 49.952
40 50 0.048 49.952
29 50 0.048 49.952
22 50 0.048 49.952
26 50 0.048 49.952
11 49.952 0.048 49.904
25 50 0.048 49.952
36 50 0.048 49.952
1 50 0.048 49.952
14 50 0.048 49.952
31 50 0.048 49.952
13 50 0.048 49.952
19 50 0.048 49.952
3 50 0.048 49.952
13 49.952 0.048 49.904
31 49.952 0.048 49.904
28 50 0.048 49.952
12 50 0.048 49.952
19 49.952 0.048 49.904
17 50 0.048 49.952
2 50 0.048 49.952
24 50 0.048 49.952
4 50 0.048 49.952
11 50 0.048 49.952
22 49.952 0.048 49.904
40 50 0.048 49.952
29 50 0.048 49.952
22 50 0.048 49.952
4 49.952 0.048 49.904
26 50 0.048 49.952
11 49.952 0.048 49.904
26 49.952 0.16 49.792
11 49.904 0.16 49.744
25 50 0.048 49.952
36 50 0.048 49.952
1 50 0.048 49.952
14 50 0.048 49.952
31 50 0.048 49.952
13 50 0.048 49.952
19 50 0.048 49.952
3 50 0.048 49.952
13 49.952 0.048 49.904
31 49.952 0.048 49.904
28 50 0.048 49.952
12 50 0.048 49.952
19 49.952 0.048 49.904
17 50 0.048 49.952
2 50 0.048 49.952
24 50 0.048 49.952
4 50 0.048 49.952
11 50 0.048 49.952
40 50 0.048 49.952
11 49.952 0.048 49.904
4 49.952 0.048 49.904
26 50 0.048 49.952
11 49.904 0.16 49.744
4 49.904 0.16 49.744
26 49.952 0.16 49.792
26 49.792 0.048 49.744
11 49.744 0.048 49.696
26 49.744 0.16 49.584
11 49.696 0.16 49.536
29 50 0.048 49.952
22 50 0.048 49.952
25 50 0.048 49.952
36 50 0.048 49.952
1 50 0.048 49.952
14 50 0.048 49.952
31 50 0.048 49.952
13 50 0.048 49.952
19 50 0.048 49.952
3 50 0.048 49.952
13 49.952 0.048 49.904
31 49.952 0.048 49.904
28 50 0.048 49.952
12 50 0.048 49.952
19 49.952 0.048 49.904
17 50 0.048 49.952
2 50 0.048 49.952
24 50 0.048 49.952
4 50 0.048 49.952
11 49.648 0.048 49.6
4 49.952 0.16 49.792
11 49.6 0.16 49.44
40 50 0.048 49.952
29 50 0.048 49.952
22 50 0.048 49.952
25 50 0.048 49.952
36 50 0.048 49.952
1 50 0.048 49.952
14 50 0.048 49.952
31 50 0.048 49.952
13 50 0.048 49.952
19 50 0.048 49.952
3 50 0.048 49.952
13 49.952 0.048 49.904
31 49.952 0.048 49.904
28 50 0.048 49.952
12 50 0.048 49.952
19 49.952 0.048 49.904
17 50 0.048 49.952
2 50 0.048 49.952
24 50 0.048 49.952
40 50 0.048 49.952
29 50 0.048 49.952
22 50 0.048 49.952
22 49.952 0.16 49.792
25 50 0.048 49.952
36 50 0.048 49.952
1 50 0.048 49.952
14 50 0.048 49.952
31 50 0.048 49.952
13 50 0.048 49.952
19 50 0.048 49.952
3 50 0.048 49.952
13 49.952 0.048 49.904
31 49.952 0.048 49.904
28 50 0.048 49.952
12 50 0.048 49.952
19 49.952 0.048 49.904
17 50 0.048 49.952
2 50 0.048 49.952
24 50 0.048 49.952
40 50 0.048 49.952
29 50 0.048 49.952
25 50 0.048 49.952
10 50 0.048 49.952
36 50 0.048 49.952
25 49.952 0.16 49.792
10 49.952 0.16 49.792
10 49.792 0.048 49.744
25 49.792 0.048 49.744
36 49.952 0.16 49.792
1 50 0.048 49.952
14 50 0.048 49.952
31 50 0.048 49.952
13 50 0.048 49.952
19 50 0.048 49.952
31 49.952 0.16 49.792
13 49.952 0.16 49.792
19 49.952 0.16 49.792
3 50 0.048 49.952
13 49.792 0.048 49.744
31 49.792 0.048 49.744
13 49.744 0.16 49.584
28 50 0.048 49.952
12 50 0.048 49.952
19 49.792 0.048 49.744
31 49.744 0.16 49.584
17 50 0.048 49.952
2 50 0.048 49.952
24 50 0.048 49.952
40 50 0.048 49.952
29 50 0.048 49.952
10 50 0.048 49.952
1 50 0.048 49.952
14 50 0.048 49.952
3 50 0.048 49.952
28 50 0.048 49.952
12 50 0.048 49.952
19 49.9233 0.048 49.8753
17 50 0.048 49.952
2 50 0.048 49.952
24 50 0.048 49.952
40 50 0.048 49.952
29 50 0.048 49.952
15 50 0.048 49.952
10 50 0.048 49.952
25 50 0.048 49.952
1 50 0.048 49.952
14 50 0.048 49.952
3 50 0.048 49.952
28 50 0.048 49.952
12 50 0.048 49.952
19 50 0.048 49.952
28 49.952 0.16 49.792
12 49.952 0.16 49.792
19 49.952 0.16 49.792
17 50 0.048 49.952
2 50 0.048 49.952
24 50 0.048 49.952
40 50 0.048 49.952
9 50 0.048 49.952
29 50 0.048 49.952
15 50 0.048 49.952
18 50 0.048 49.952
15 49.952 0.16 49.792
18 49.952 0.16 49.792
18 49.792 0.048 49.744
15 49.792 0.048 49.744
10 50 0.048 49.952
25 50 0.048 49.952
1 50 0.048 49.952
14 50 0.048 49.952
3 50 0.048 49.952
17 50 0.048 49.952
2 50 0.048 49.952
24 50 0.048 49.952
40 50 0.048 49.952
9 50 0.048 49.952
29 50 0.048 49.952
18 50 0.048 49.952
15 49.9703 0.048 49.9223
10 50 0.048 49.952
25 50 0.048 49.952
1 50 0.048 49.952
14 50 0.048 49.952
3 50 0.048 49.952
17 50 0.048 49.952
2 50 0.048 49.952
24 50 0.048 49.952
40 50 0.048 49.952
9 50 0.048 49.952
29 50 0.048 49.952
18 50 0.048 49.952
15 50 0.048 49.952
10 50 0.048 49.952
1 50 0.048 49.952
14 50 0.048 49.952
3 50 0.048 49.952
17 50 0.048 49.952
2 50 0.048 49.952
24 50 0.048 49.952
40 50 0.048 49.952
9 50 0.048 49.952
29 50 0.048 49.952
18 50 0.048 49.952
15 50 0.048 49.952
10 50 0.048 49.952
1 50 0.048 49.952
14 50 0.048 49.952
3 50 0.048 49.952
17 50 0.048 49.952
2 50 0.048 49.952
24 50 0.048 49.952
40 50 0.048 49.952
9 50 0.048 49.952
29 50 0.048 49.952
29 49.952 0.16 49.792
18 50 0.048 49.952
15 50 0.048 49.952
10 50 0.048 49.952
1 50 0.048 49.952
14 50 0.048 49.952
3 50 0.048 49.952
17 50 0.048 49.952
2 50 0.048 49.952
24 50 0.048 49.952
40 50 0.048 49.952
9 50 0.048 49.952
18 50 0.048 49.952
15 50 0.048 49.952
10 50 0.048 49.952
1 50 0.048 49.952
14 50 0.048 49.952
3 50 0.048 49.952
17 50 0.048 49.952
2 50 0.048 49.952
24 50 0.048 49.952
40 50 0.048 49.952
9 50 0.048 49.952
18 50 0.048 49.952
15 50 0.048 49.952
10 50 0.048 49.952
1 50 0.048 49.952
14 50 0.048 49.952
3 50 0.048 49.952
17 50 0.048 49.952
2 50 0.048 49.952
24 50 0.048 49.952
40 50 0.048 49.952
9 50 0.048 49.952
18 50 0.048 49.952
15 50 0.048 49.952
10 50 0.048 49.952
10 49.952 0.16 49.792
1 50 0.048 49.952
14 50 0.048 49.952
3 50 0.048 49.952
17 50 0.048 49.952
2 50 0.048 49.952
24 50 0.048 49.952
40 50 0.048 49.952
9 50 0.048 49.952
18 50 0.048 49.952
15 50 0.048 49.952
1 50 0.048 49.952
14 50 0.048 49.952
3 50 0.048 49.952
17 50 0.048 49.952
2 50 0.048 49.952
24 50 0.048 49.952
40 50 0.048 49.952
9 50 0.048 49.952
18 50 0.048 49.952
15 50 0.048 49.952
1 50 0.048 49.952
14 50 0.048 49.952
3 50 0.048 49.952
17 50 0.048 49.952
2 50 0.048 49.952
24 50 0.048 49.952
40 50 0.048 49.952
9 50 0.048 49.952
18 50 0.048 49.952
15 50 0.048 49.952
1 50 0.048 49.952
14 50 0.048 49.952
3 50 0.048 49.952
3 49.952 0.16 49.792
17 50 0.048 49.952
2 50 0.048 49.952
24 50 0.048 49.952
40 50 0.048 49.952
9 50 0.048 49.952
21 50 0.048 49.952
9 49.952 0.16 49.792
21 49.952 0.16 49.792
21 49.792 0.048 49.744
9 49.792 0.048 49.744
30 50 0.048 49.952
21 49.744 0.16 49.584
9 49.744 0.16 49.584
30 49.952 0.16 49.792
30 49.792 0.048 49.744
21 49.584 0.048 49.536
18 50 0.048 49.952
15 50 0.048 49.952
1 50 0.048 49.952
14 50 0.048 49.952
17 50 0.048 49.952
2 50 0.048 49.952
24 50 0.048 49.952
40 50 0.048 49.952
40 49.952 0.16 49.792
30 49.9653 0.048 49.9173
21 49.6833 0.048 49.6353
18 50 0.048 49.952
15 50 0.048 49.952
1 50 0.048 49.952
14 50 0.048 49.952
17 50 0.048 49.952
2 50 0.048 49.952
24 50 0.048 49.952
30 50 0.048 49.952
21 49.8473 0.048 49.7993
18 50 0.048 49.952
15 50 0.048 49.952
1 50 0.048 49.952
14 50 0.048 49.952
17 50 0.048 49.952
17 49.952 0.16 49.792
2 50 0.048 49.952
24 50 0.048 49.952
30 50 0.048 49.952
21 50 0.048 49.952
18 50 0.048 49.952
15 50 0.048 49.952
1 50 0.048 49.952
14 50 0.048 49.952
2 50 0.048 49.952
24 50 0.048 49.952
30 50 0.048 49.952
21 50 0.048 49.952
18 50 0.048 49.952
15 50 0.048 49.952
1 50 0.048 49.952
14 50 0.048 49.952
1 49.952 0.16 49.792
14 49.952 0.16 49.792
2 50 0.048 49.952
24 50 0.048 49.952
30 50 0.048 49.952
21 50 0.048 49.952
18 50 0.048 49.952
2 50 0.048 49.952
24 50 0.048 49.952
30 50 0.048 49.952
21 50 0.048 49.952
18 50 0.048 49.952
15 50 0.048 49.952
2 50 0.048 49.952
24 50 0.048 49.952
30 50 0.048 49.952
21 50 0.048 49.952
18 50 0.048 49.952
15 50 0.048 49.952
2 50 0.048 49.952
24 50 0.048 49.952
30 50 0.048 49.952
21 50 0.048 49.952
18 50 0.048 49.952
15 50 0.048 49.952
2 50 0.048 49.952
24 50 0.048 49.952
30 50 0.048 49.952
21 50 0.048 49.952
18 50 0.048 49.952
15 50 0.048 49.952
2 50 0.048 49.952
24 50 0.048 49.952
30 50 0.048 49.952
21 50 0.048 49.952
18 50 0.048 49.952
15 50 0.048 49.952
2 50 0.048 49.952
24 50 0.048 49.952
30 50 0.048 49.952
21 50 0.048 49.952
18 50 0.048 49.952
15 50 0.048 49.952
2 50 0.048 49.952
24 50 0.048 49.952
30 50 0.048 49.952
21 50 0.048 49.952
18 50 0.048 49.952
15 50 0.048 49.952
2 50 0.048 49.952
24 50 0.048 49.952
30 50 0.048 49.952
21 50 0.048 49.952
18 50 0.048 49.952
15 50 0.048 49.952
2 50 0.048 49.952
24 50 0.048 49.952
30 50 0.048 49.952
21 50 0.048 49.952
18 50 0.048 49.952
15 50 0.048 49.952
2 50 0.048 49.952
24 50 0.048 49.952
30 50 0.048 49.952
21 50 0.048 49.952
18 50 0.048 49.952
15 50 0.048 49.952
2 50 0.048 49.952
24 50 0.048 49.952
2 49.952 0.16 49.792
24 49.952 0.16 49.792
30 50 0.048 49.952
21 50 0.048 49.952
18 50 0.048 49.952
15 50 0.048 49.952
30 50 0.048 49.952
21 50 0.048 49.952
18 50 0.048 49.952
15 50 0.048 49.952
18 49.952 0.16 49.792
15 49.952 0.16 49.792
30 50 0.048 49.952
21 50 0.048 49.952
30 50 0.048 49.952
21 50 0.048 49.952
30 50 0.048 49.952
21 50 0.048 49.952
30 50 0.048 49.952
21 50 0.048 49.952
30 50 0.048 49.952
21 50 0.048 49.952
30 50 0.048 49.952
21 50 0.048 49.952
30 50 0.048 49.952
21 50 0.048 49.952
30 50 0.048 49.952
21 50 0.048 49.952
30 50 0.048 49.952
21 50 0.048 49.952
30 49.952 0.16 49.792
21 49.952 0.16 49.792
