57 229 2.11107
61 230 2.11663
69 231 2.12256
7 232 2.28228
16 233 2.32256
32 234 2.36577
19 235 2.3781
66 236 2.38082
62 237 2.45733
18 238 2.49537
22 239 2.5038
60 240 2.70128
68 241 2.88653
10 242 2.89587
48 243 3.24238
45 244 3.28521
53 245 3.30925
65 246 3.43571
11 247 3.50574
51 248 3.57366
41 249 3.57521
67 250 3.88036
43 251 3.88224
14 252 4.03314
58 253 4.06692
37 254 4.07706
30 255 4.29987
34 256 4.42961
16 257 4.4872
55 258 4.53319
27 259 4.67677
63 260 4.73612
33 261 4.9275
66 262 5.54219
62 263 5.69316
60 264 5.80245
18 265 5.80613
61 266 5.83544
69 267 6.20724
41 268 6.24354
65 269 6.33153
37 270 6.36765
51 271 6.45639
27 272 6.68399
53 273 6.76365
45 274 6.88965
43 275 6.92923
63 276 6.93534
22 277 7.30258
70 278 7.48852
55 279 7.54992
11 280 8.15177
14 281 8.33385
40 282 8.49939
66 283 8.54407
30 284 8.54933
34 285 8.66055
57 286 9.04713
53 287 9.07339
22 288 9.52785
59 289 9.6547
63 290 9.73592
41 291 9.8025
68 292 9.82661
37 293 9.89642
