66 3276 2.00472
64 3277 2.01529
87 3279 2.12308
11 3280 2.12915
60 3281 2.13117
35 3282 2.13549
82 3284 2.18235
54 3285 2.19687
94 3286 2.20002
77 3287 2.24683
46 3289 2.26391
68 3290 2.32045
55 3291 2.32052
26 3293 2.38356
4 3294 2.38959
24 3297 2.55883
48 3298 2.59561
27 3299 2.59979
47 3300 2.60828
29 3301 2.6304
81 3302 2.63049
74 3304 2.66291
88 3305 2.68355
86 3306 2.71791
32 3307 2.74838
14 3309 2.80147
1 3310 2.80873
98 3311 2.83773
21 3313 2.89508
17 3314 2.91672
70 3315 2.93725
20 3317 2.98516
23 3318 3.02189
45 3319 3.0384
76 3321 3.06201
93 3322 3.072
61 3323 3.08392
39 3324 3.09099
33 3326 3.15836
7 3327 3.19368
73 3328 3.22875
50 3330 3.2908
5 3331 3.29453
92 3332 3.30704
6 3333 3.34621
75 3335 3.35902
3 3336 3.39652
65 3337 3.41654
25 3339 3.50449
79 3340 3.52486
69 3342 3.64717
71 3344 3.6905
43 3345 3.70082
16 3346 3.74419
8 3348 3.76712
41 3350 3.86464
40 3351 3.88885
9 3352 3.89672
22 3353 3.91852
96 3354 3.92342
56 3356 3.96507
34 3358 4.09724
53 3359 4.11597
57 3361 4.20594
13 3363 4.25456
91 3365 4.35576
10 3366 4.38486
62 3367 4.44246
78 3368 4.44361
63 3370 4.48933
52 3371 4.5074
83 3372 4.51197
19 3374 4.605
80 3375 4.63838
49 3377 4.66286
100 3378 4.7192
37 3379 4.73644
89 3381 4.77623
51 3382 4.83025
47 3384 4.90245
2 3385 4.90797
15 3387 4.9994
70 3390 5.21265
87 3392 5.28906
29 3393 5.35329
93 3395 5.38129
11 3397 5.48471
88 3398 5.53373
81 3399 5.54691
7 3404 5.86808
4 3405 5.93742
48 3407 6.03144
23 3411 6.26207
43 3412 6.2944
5 3413 6.34217
41 3415 6.44672
17 3417 6.46113
26 3419 6.58314
60 3424 7.04504
47 3426 7.07288
64 3428 7.25114
27 3429 7.25171
55 3430 7.25242
68 3432 7.27803
83 3433 7.28041
24 3434 7.30679
98 3435 7.30865
96 3436 7.30912
1 3438 7.37458
91 3439 7.43602
78 3441 7.49684
51 3444 7.74332
22 3446 7.77141
33 3447 7.7909
28 3449 7.9109
3 3451 8.03454
20 3452 8.05097
86 3455 8.15501
14 3456 8.17888
42 3458 8.31487
8 3459 8.3474
39 3463 8.57891
34 3464 8.59653
15 3467 8.81347
2 3469 8.85923
93 3471 8.95522
88 3472 9.01844
90 3473 9.02017
19 3474 9.02692
40 3476 9.0556
49 3477 9.05888
74 3478 9.09295
60 3479 9.14007
29 3480 9.14456
21 3482 9.19926
10 3483 9.20457
85 3485 9.27233
38 3486 9.29987
16 3488 9.45274
41 3490 9.49309
72 3491 9.50613
87 3492 9.5353
81 3494 9.62585
47 3496 9.66627
89 3497 9.66641
56 3498 9.70307
