0 2969
0 2970
0 2971
0 2972
0 2973
0 2974
0 2975
0 2976
0 2977
0 2978
0 2979
0 2980
0 2981
0 2982
0 2983
0 2984
0 2985
0 2986
0 2987
0 2988
0 2989
22 2994
53 2994
28 2994
76 2995
0 2996
49 2997
59 2998
0 3000
36 3001
77 3001
14 3003
0 3004
0 3009
66 3013
0 3014
77 3015
0 3017
30 3018
55 3020
18 3021
47 3021
0 3023
0 3024
16 3008
0 3026
70 3027
57 3030
22 3030
53 3030
0 3032
73 2997
74 3002
0 3035
34 3036
56 2992
29 3012
0 3038
33 3037
55 3037
0 3039
13 3031
5 3043
61 3007
90 3044
81 3044
34 3044
0 3045
41 3040
9 3047
33 3047
0 3048
31 3049
40 2993
87 3042
0 3052
26 3053
25 3016
0 3054
68 3055
29 3055
90 3055
0 3056
6 3057
50 2999
79 3043
27 3013
0 3059
82 3049
24 3006
0 3062
8 3063
11 3064
0 3065
38 3028
0 3069
79 3070
82 3071
0 3074
65 3077
0 3080
54 2995
0 3082
15 3084
0 3086
0 3088
71 3022
0 3091
75 3092
85 3085
0 3093
39 2991
37 3011
48 3058
19 3072
52 3079
0 3096
0 3097
12 3033
32 3081
86 3066
0 3098
64 3075
78 3021
46 3078
0 3099
47 3050
44 2994
0 3102
10 3087
3 3019
28 3030
53 3067
4 3051
22 3068
53 3068
0 3104
66 3105
82 3105
57 3077
0 3107
22 3077
83 3003
0 3108
2 2990
77 3109
18 3110
47 3110
0 3111
14 3057
6 3092
0 3112
35 3089
7 3060
21 3001
51 3015
75 3109
89 3090
0 3113
45 3095
13 3101
0 3116
23 3034
0 3119
80 3076
0 3121
9 3122
43 3010
0 3123
69 3064
0 3125
61 3126
68 3126
11 3117
0 3128
6 3129
0 3130
36 3124
77 3124
67 3025
0 3132
0 3133
88 3005
0 3134
31 3135
58 3063
84 3041
65 3136
57 3136
8 3115
0 3137
20 2998
59 3127
37 3139
0 3140
68 3142
29 3142
0 3143
63 3018
42 3020
0 3144
30 3037
55 3047
10 3145
0 3146
0 3147
33 3122
3 3148
0 3149
0 3151
0 3152
33 3154
55 3154
42 3154
72 3029
17 3061
70 3131
72 3131
0 3157
86 3158
16 3044
0 3159
53 3160
28 3160
0 3161
32 3158
1 3046
34 3053
44 3160
64 3150
26 3141
74 3103
81 3073
73 3055
0 3164
46 3160
83 3165
90 3142
80 3166
49 3106
0 3167
29 3155
56 3101
23 3169
77 3169
0 3170
13 3126
77 3171
0 3172
45 3173
41 3118
0 3174
40 3114
32 3150
22 3136
3 3136
57 3165
0 3175
87 3153
46 3176
18 3136
22 3165
3 3165
38 3178
0 3179
86 3176
25 3162
46 3136
18 3165
0 3180
50 3070
0 3181
79 3105
82 3135
27 3168
24 3071
60 3083
59 3183
8 3183
8 3184
0 3185
66 3168
65 3187
57 3187
22 3187
3 3187
5 3163
31 3178
0 3189
0 3190
0 3192
62 3094
0 3195
2 3196
57 3196
22 3196
66 3197
5 3197
0 3198
75 3200
54 3191
9 3201
33 3201
55 3201
0 3202
76 3100
15 3138
0 3204
71 3177
0 3206
0 3207
39 3139
85 3150
48 3156
52 3203
0 3208
37 3205
19 3158
0 3209
12 3199
32 3176
86 3136
0 3210
64 3160
46 3165
78 3110
0 3211
18 3187
47 3145
0 3212
44 3186
10 3148
0 3213
3 3196
0 3214
0 3215
0 3216
14 3120
35 3129
0 3217
6 3200
21 3124
0 3218
7 3173
89 3169
51 3171
0 3219
0 3220
36 3166
0 3221
0 3222
0 3223
69 3193
0 3224
0 3225
67 3188
0 3226
0 3227
84 3183
58 3184
0 3228
88 3182
0 3229
0 3230
0 3231
63 3154
0 3232
30 3201
42 3194
0 3233
0 3234
0 3235
0 3236
0 3237
0 3238
0 3239
0 3240
0 3241
0 3242
0 3243
0 3244
0 3245
0 3246
0 3247
0 3248
0 3249
79 3197
0 3250
0 3251
0 3252
0 3253
0 3254
0 3255
