39 2221 2.00013
3 2223 2.08659
30 2224 2.10088
9 2226 2.16395
13 2227 2.16984
52 2228 2.1721
60 2229 2.17378
58 2231 2.31716
42 2232 2.32094
28 2233 2.33249
23 2235 2.37791
54 2236 2.39531
22 2237 2.4147
46 2239 2.4658
51 2240 2.51912
48 2243 2.65552
11 2244 2.67578
17 2246 2.76067
8 2247 2.775
1 2249 2.85151
6 2251 2.94475
56 2252 2.98548
31 2254 3.05302
43 2255 3.06845
4 2256 3.11345
10 2257 3.11515
33 2258 3.12494
32 2260 3.15838
49 2261 3.17352
55 2262 3.19238
25 2264 3.25052
37 2265 3.2696
36 2267 3.40899
18 2268 3.43267
47 2270 3.46876
26 2274 3.7535
21 2276 3.89671
24 2277 3.90215
34 2280 4.0499
57 2282 4.19974
35 2284 4.27438
12 2285 4.32861
19 2287 4.37469
15 2288 4.41482
7 2290 4.49558
14 2292 4.56182
16 2293 4.63121
59 2295 4.64151
48 2296 4.67036
53 2297 4.72663
50 2299 4.83561
29 2301 4.86012
2 2302 4.9098
38 2303 4.93101
45 2304 4.93134
5 2305 4.93154
46 2314 5.71099
13 2316 5.77414
15 2328 6.92148
4 2331 7.11965
22 2333 7.19236
49 2335 7.28114
38 2338 7.4922
25 2339 7.51726
2 2341 7.54117
35 2342 7.57016
9 2344 7.67085
7 2345 7.71932
3 2347 7.76181
31 2349 7.87506
56 2350 7.91309
30 2351 7.92306
50 2353 7.94421
19 2355 8.06461
32 2358 8.28313
34 2359 8.31678
18 2360 8.32662
1 2362 8.36551
20 2364 8.49109
41 2367 8.70315
52 2369 8.74333
23 2370 8.7439
12 2371 8.83165
57 2376 9.1487
24 2379 9.42277
36 2383 9.70554
11 2384 9.7122
40 2386 9.7761
48 2389 9.97729
