42 616 2.09361
16 617 2.11727
48 618 2.14065
23 619 2.22827
9 620 2.35847
21 621 2.418
15 622 2.47002
43 623 2.48378
27 624 2.4957
13 625 2.54898
10 626 2.70693
19 627 2.7255
24 628 2.80295
37 629 2.82971
3 630 2.90144
18 631 2.97492
41 632 3.05627
6 633 3.05777
7 634 3.18901
26 635 3.36159
17 636 3.50519
22 637 3.50635
28 638 3.59155
40 639 3.66761
46 640 3.7292
2 641 3.75016
20 642 3.95354
36 643 4.14954
11 644 4.20882
49 645 4.26328
44 646 4.46861
50 647 4.47684
39 648 4.51841
30 649 4.57109
25 650 4.79354
45 651 4.81418
31 652 4.81686
37 653 4.98079
13 654 5.52458
6 655 5.5893
23 656 5.67262
22 657 6.31583
18 658 6.46517
3 659 6.48327
7 660 6.7239
15 661 6.73728
44 662 6.82403
41 663 6.94179
30 664 6.98829
40 665 7.01134
49 666 7.03352
25 667 7.24793
24 668 7.30097
36 669 7.30485
43 670 7.58924
17 671 7.61535
50 672 7.82814
6 673 7.96796
38 674 8.11333
11 675 8.61409
13 676 8.75935
20 677 9.40351
29 678 9.41749
32 679 9.46201
27 680 9.50802
