13 229 0 100 3.50103e-08 2.16164 2.16164
32 228 0 100 1.2 2.15929 3.35929
30 244 0 100 1.16701e-08 3.49309 3.49309
6 226 0 100 1.5 2.10133 3.60133
62 237 0 100 1.1 2.76317 3.86317
4 225 0 100 2 2.05764 4.05764
55 238 0 100 1.3 3.03366 4.33366
50 247 0 100 0.5 3.84229 4.34229
58 252 0 100 1.16701e-08 4.36528 4.36528
27 243 0 100 1.3 3.46917 4.76917
11 257 0 100 1.16701e-08 4.8543 4.8543
59 236 0 100 2.2 2.73739 4.93739
44 232 0 100 2.8 2.31453 5.11453
7 230 0 100 3 2.21219 5.21219
23 245 0 100 1.6 3.65292 5.25292
7 249 0 100 1.1 4.21795 5.31795
54 242 0 100 2.4 3.27874 5.67874
49 227 0 100 3.7 2.11243 5.81243
43 248 0 100 2 4.02801 6.02801
48 240 0 100 3.2 3.08671 6.28671
41 231 0 100 4.4 2.22171 6.62171
26 253 0 100 2.3 4.37968 6.67968
2 233 0 100 4.4 2.47752 6.87753
46 234 0 100 4.5 2.61412 7.11412
51 235 0 100 4.5 2.69269 7.19269
51 269 0 100 1.16701e-08 7.33384 7.33384
19 261 0 100 1.6 5.96951 7.56951
19 239 0 100 4.5 3.08113 7.58113
52 258 0 100 3 4.89781 7.89781
21 246 0 100 4.3 3.73229 8.03229
57 267 0 100 1.3 6.8969 8.1969
57 256 0 100 3.6 4.60794 8.20794
56 255 0 100 3.7 4.55925 8.25925
56 268 0 100 1.1 7.21634 8.31634
63 241 0 100 5.4 3.19659 8.59659
16 275 0 100 4.66804e-08 8.65172 8.65172
32 250 0 100 4.4 4.2605 8.6605
60 251 0 100 4.5 4.34133 8.84133
60 274 0 100 0.3 8.57726 8.87726
62 270 0 100 1.7 7.47462 9.17462
33 254 0 100 4.8 4.48657 9.28657
33 266 0 100 2.6 6.71939 9.31939
55 262 0 100 3.4 6.06343 9.46343
50 265 0 100 3.1 6.58914 9.68914
27 260 0 100 4.2 5.80392 10.0039
27 273 0 100 1.5 8.52857 10.0286
59 259 0 100 4.5 5.64771 10.1477
23 263 0 100 4 6.43195 10.4319
7 271 0 100 2.9 7.60742 10.5074
28 272 0 100 2.8 7.74355 10.5435
23 281 0 100 0.6 9.9671 10.5671
3 278 0 100 1.6 9.33971 10.9397
49 264 0 100 4.6 6.49999 11.1
43 276 0 100 2.5 8.72755 11.2276
9 280 0 100 2.3 9.65101 11.951
26 277 0 100 2.9 9.06108 11.9611
34 279 0 100 3.2 9.58989 12.7899
