41 282
79 282
49 284
50 284
56 284
50 284
12 284
56 284
61 284
65 284
12 284
18 284
61 284
19 285
29 285
34 285
35 285
15 285
35 285
0 286
10 286
33 286
36 286
77 286
80 286
0 286
9 286
33 286
36 286
68 286
77 286
80 286
0 286
9 286
10 286
36 286
77 286
80 286
0 286
9 286
10 286
33 286
80 286
10 286
28 286
37 286
68 286
72 286
5 286
10 286
28 286
68 286
5 286
20 286
20 286
17 288
39 288
40 288
47 288
62 288
2 288
25 288
39 288
40 288
47 288
75 288
2 288
17 288
25 288
39 288
47 288
62 288
2 288
39 288
40 288
75 288
2 289
17 289
40 289
62 289
20 290
0 290
10 290
28 290
37 290
68 290
0 290
5 290
36 290
37 290
72 290
77 290
46 291
5 292
36 292
37 292
72 292
77 292
0 292
5 292
37 292
72 292
45 288
55 288
59 288
63 288
42 288
55 288
63 288
70 295
14 297
38 297
66 297
69 297
1 297
38 297
43 297
66 297
69 297
6 297
38 297
69 297
14 297
31 297
38 297
26 301
40 315
47 315
11 326
21 326
27 326
