12 1604 0 100 0.5 2.16489 2.66489
2 1615 0 100 0.2 2.88027 3.08027
18 1618 0 100 0.2 3.10567 3.30567
29 1620 0 100 0.7 3.22507 3.92507
17 1603 0 100 1.9 2.14964 4.04964
5 1621 0 100 1.3 3.22524 4.52524
3 1622 0 100 1.5 3.23367 4.73367
28 1630 0 100 1.2 3.70042 4.90042
8 1637 0 100 1 3.99551 4.99551
19 1651 0 100 0.4 4.8201 5.2201
4 1654 0 100 0.4 4.92032 5.32032
16 1608 0 100 3.2 2.36899 5.56899
15 1607 0 100 3.3 2.3662 5.6662
20 1613 0 100 3.1 2.84024 5.94024
24 1634 0 100 2.7 3.79327 6.49327
22 1632 0 100 3 3.7508 6.75081
6 1652 0 100 2 4.82596 6.82596
30 1625 0 100 3.8 3.41947 7.21947
13 1633 0 100 3.5 3.75899 7.25899
26 1644 0 100 3.1 4.43469 7.53469
10 1627 0 100 4.1 3.48407 7.58407
12 1690 0 100 0.2 7.63442 7.83442
7 1655 0 100 3.1 4.92314 8.02314
2 1673 0 100 1.9 6.37018 8.27018
14 1639 0 100 4.3 4.13388 8.43388
23 1642 0 100 4.3 4.24884 8.54884
23 1683 0 100 1.6 7.08525 8.68525
27 1646 0 100 4.5 4.47407 8.97407
11 1649 0 100 4.3 4.72578 9.02578
29 1668 0 100 3.2 6.04731 9.24731
9 1701 0 100 1 8.29929 9.29929
17 1679 0 100 2.5 6.8932 9.3932
5 1685 0 100 2.6 7.21967 9.81967
3 1670 0 100 3.8 6.18449 9.98449
28 1681 0 100 3.1 7.00398 10.104
8 1700 0 100 1.9 8.27338 10.1734
4 1699 0 100 2.2 8.242 10.442
16 1721 0 100 0.9 9.90386 10.8039
15 1695 0 100 2.8 8.03005 10.83
20 1719 0 100 1.4 9.83162 11.2316
24 1723 0 100 1.8 9.97247 11.7725
22 1712 0 100 2.7 9.33493 12.0349
13 1717 0 100 2.8 9.65617 12.4562
