17 663 0 100 1.16701e-08 2.06766 2.06766
30 665 0 100 4.66804e-08 2.1344 2.1344
5 670 0 100 1.16701e-08 2.42146 2.42146
4 678 0 100 0.4 2.99613 3.39613
36 674 0 100 0.9 2.81393 3.71393
33 673 0 100 1.1 2.75123 3.85123
54 662 0 100 1.8 2.05526 3.85526
8 681 0 100 0.9 3.20281 4.10281
1 696 0 100 0.1 4.01071 4.11071
43 671 0 100 1.6 2.51993 4.11993
9 661 0 100 2.3 2.05195 4.35195
59 701 0 100 0.1 4.55933 4.65933
51 666 0 100 2.6 2.20668 4.80668
52 669 0 100 2.9 2.27726 5.17726
13 688 0 100 1.6 3.58564 5.18564
52 704 0 100 0.5 4.70402 5.20402
29 684 0 100 1.9 3.49455 5.39455
56 691 0 100 1.7 3.69825 5.39825
25 685 0 100 1.9 3.50554 5.40554
53 683 0 100 2.3 3.2349 5.5349
37 687 0 100 2.2 3.52655 5.72655
44 664 0 100 3.8 2.085 5.885
47 692 0 100 2.3 3.70659 6.00659
57 693 0 100 2.5 3.71038 6.21038
45 672 0 100 3.7 2.7008 6.4008
6 676 0 100 3.8 2.92359 6.72359
11 667 0 100 4.5 2.24645 6.74645
40 682 0 100 3.6 3.21464 6.81464
15 675 0 100 4 2.82174 6.82174
30 708 0 100 1.1 5.73104 6.83104
17 709 0 100 1.1 5.79126 6.89126
3 677 0 100 4 2.93888 6.93888
40 716 0 100 1.16701e-08 6.94776 6.94776
11 717 0 100 1.16701e-08 6.98739 6.98739
26 668 0 100 4.8 2.26233 7.06233
34 695 0 100 3.3 3.91576 7.21576
16 706 0 100 2.5 4.74851 7.24851
19 690 0 100 3.6 3.65418 7.25418
58 698 0 100 3.1 4.28238 7.38238
39 680 0 100 4.4 3.12776 7.52776
60 679 0 100 4.6 3.01696 7.61696
28 700 0 100 3.2 4.52519 7.72519
49 689 0 100 4.3 3.62926 7.92926
48 694 0 100 4.2 3.87685 8.07685
7 705 0 100 3.4 4.71358 8.11358
50 686 0 100 4.8 3.51633 8.31633
20 699 0 100 4.1 4.37852 8.47852
22 702 0 100 3.9 4.58723 8.48723
22 728 0 100 0.5 8.04648 8.54648
42 697 0 100 4.8 4.04008 8.84008
54 715 0 100 2 6.89324 8.89324
36 707 0 100 3.7 5.35395 9.05395
42 729 0 100 0.8 8.25587 9.05587
8 714 0 100 2.5 6.86349 9.36349
43 713 0 100 2.6 6.8363 9.4363
21 736 0 100 0.4 9.05658 9.45658
21 703 0 100 4.8 4.66793 9.46793
46 738 0 100 0.3 9.17764 9.47764
51 712 0 100 3.8 6.15419 9.95419
24 733 0 100 1.3 8.78333 10.0833
13 718 0 100 3.4 7.06382 10.4638
52 720 0 100 3.2 7.30452 10.5045
25 740 0 100 1.1 9.54546 10.6455
18 734 0 100 1.7 8.96239 10.6624
56 711 0 100 4.6 6.11514 10.7151
29 710 0 100 4.7 6.05114 10.7511
25 721 0 100 3.3 7.45916 10.7592
37 731 0 100 2.4 8.4773 10.8773
38 741 0 100 1.3 9.63562 10.9356
47 730 0 100 2.9 8.32745 11.2274
45 723 0 100 4 7.65068 11.6507
57 719 0 100 4.5 7.16105 11.661
16 735 0 100 3 8.96914 11.9691
15 739 0 100 2.6 9.40132 12.0013
6 724 0 100 4.3 7.7259 12.0259
35 737 0 100 3 9.0765 12.0765
3 722 0 100 4.7 7.48617 12.1862
19 725 0 100 4.3 7.92539 12.2254
58 732 0 100 3.9 8.64081 12.5408
39 742 0 100 2.8 9.84003 12.64
17 726 0 100 4.7 8.00589 12.7059
34 727 0 100 4.8 8.02395 12.8239
