43 154 0 100 1 1.7159 2.7159
24 149 0 100 2.5 1.31836 3.81836
31 164 0 100 2 2.32015 4.32015
7 166 0 100 2 2.4365 4.4365
1 174 0 100 0.5 4.29189 4.79189
1 150 0 100 3.5 1.53016 5.03016
45 155 0 100 3.5 1.82974 5.32974
6 171 0 100 2.5 3.3313 5.8313
37 153 0 100 4.5 1.65659 6.15659
5 167 0 100 3.5 2.6954 6.1954
5 181 0 100 0.5 5.93343 6.43343
53 157 0 100 4.5 2.09315 6.59315
27 185 0 100 1.16701e-08 6.83898 6.83898
15 186 0 100 1.16701e-08 7.52039 7.52039
17 146 0 100 6.5 1.19146 7.69146
17 189 0 100 1.16701e-08 8.10597 8.10597
17 180 0 100 2.5 5.67979 8.17979
59 159 0 100 6.5 2.1668 8.6668
30 191 0 100 1 8.30543 9.30543
7 182 0 100 3.5 5.94078 9.44078
16 187 0 100 2 7.56909 9.56909
16 195 0 100 1.16701e-08 9.5924 9.5924
50 169 0 100 7 2.93939 9.93939
50 192 0 100 1.5 8.56583 10.0658
50 177 0 100 5 5.26785 10.2678
45 176 0 100 6 4.7178 10.7178
46 156 0 100 9 1.98033 10.9803
11 163 0 100 10 2.28128 12.2813
44 179 0 100 7 5.66932 12.6693
15 168 0 100 10 2.83679 12.8368
49 178 0 100 8 5.54659 13.5466
30 148 0 100 13 1.29375 14.2937
47 165 0 100 12 2.37134 14.3713
36 147 0 100 13.5 1.24777 14.7478
