13 1789 0 100 0.5 1.42784 1.92784
34 1779 0 100 1 1.03615 2.03615
27 1799 0 100 0.5 1.99491 2.49491
31 1800 0 100 0.5 2.03179 2.53179
1 1790 0 100 1.5 1.47921 2.97921
8 1827 0 100 1.16701e-08 3.33277 3.33277
24 1782 0 100 2.5 1.18107 3.68107
5 1778 0 100 3.5 1.01998 4.51998
47 1833 0 100 1 3.53788 4.53788
15 1822 0 100 1.5 3.04753 4.54753
35 1807 0 100 3.5 2.31584 5.81584
26 1786 0 100 4.5 1.37323 5.87323
41 1797 0 100 4 1.9714 5.9714
17 1812 0 100 3.5 2.62069 6.12069
12 1843 0 100 2.5 3.80592 6.30592
13 1856 0 100 2.5 4.52769 7.02769
20 1792 0 100 5.5 1.53459 7.03459
19 1813 0 100 4.5 2.63167 7.13167
34 1862 0 100 2.5 4.83311 7.33311
28 1802 0 100 5.5 2.09147 7.59147
16 1845 0 100 4 3.88693 7.88693
49 1818 0 100 5 2.90191 7.90191
29 1836 0 100 4.5 3.62624 8.12624
2 1841 0 100 4.5 3.77527 8.27527
14 1882 0 100 2 6.31267 8.31267
50 1835 0 100 5 3.61817 8.61817
11 1864 0 100 4.5 4.93536 9.43536
15 1900 0 100 2 7.65301 9.65301
5 1888 0 100 3 6.68851 9.68851
39 1805 0 100 8.5 2.27931 10.7793
35 1925 0 100 1.5 9.50682 11.0068
18 1849 0 100 7.5 4.17559 11.6756
31 1885 0 100 6.5 6.51147 13.0115
25 1908 0 100 5.5 8.25804 13.758
8 1871 0 100 8.5 5.51705 14.017
45 1784 0 100 13 1.26795 14.2679
23 1922 0 100 5 9.32367 14.3237
24 1877 0 100 8.5 5.89315 14.3932
44 1859 0 100 10 4.61038 14.6104
