43 561
36 561
49 563
10 564
41 564
8 564
36 565
7 566
6 566
37 568
34 568
31 569
4 569
46 567
11 567
42 567
44 570
50 570
22 571
38 571
13 572
3 572
9 574
48 574
11 576
41 577
28 578
47 578
35 579
2 579
12 579
21 580
18 581
37 581
19 581
24 581
14 582
20 582
27 582
8 583
29 579
5 585
45 586
38 590
19 584
7 591
14 591
16 587
27 588
29 593
12 593
30 571
1 595
30 596
2 597
20 592
15 563
49 598
10 577
41 583
37 600
17 564
39 594
17 594
25 573
31 580
41 602
30 603
21 601
26 561
43 599
40 585
5 587
15 605
44 582
8 606
16 608
5 608
29 609
2 610
35 597
32 575
43 613
38 603
22 590
20 611
49 605
10 602
41 606
31 601
21 614
9 586
45 607
26 613
44 611
7 592
