28 846 1.02691
38 847 1.05983
60 848 1.06843
80 849 1.15308
7 850 1.16976
4 851 1.20667
43 852 1.26058
44 853 1.27066
52 854 1.32167
21 855 1.41413
27 856 1.44013
5 857 1.50037
66 858 1.57425
51 859 1.59624
78 860 1.63517
59 861 1.83727
16 862 1.84568
1 863 1.85404
15 864 1.86482
29 865 1.93275
53 866 2.03198
82 867 2.11685
64 868 2.12683
8 869 2.322
14 870 2.38325
35 871 2.52743
39 872 2.56377
70 873 2.72626
63 874 2.756
2 875 2.76322
25 876 2.78728
33 877 2.84518
74 878 2.894
71 879 2.94284
37 880 2.98978
42 881 3.03153
17 882 3.07445
73 883 3.09858
6 884 3.24005
19 885 3.26023
48 886 3.28122
75 887 3.4836
55 888 3.48539
90 889 3.51047
50 890 3.5273
68 891 3.59644
77 892 3.60448
21 893 3.68473
67 894 3.75862
30 895 3.77348
24 896 3.78761
56 897 3.8174
34 898 3.84206
4 899 3.84687
31 900 3.89576
49 901 3.95815
60 902 3.96587
58 903 4.03476
18 904 4.09016
84 905 4.11579
87 906 4.15617
40 907 4.18545
79 908 4.51996
57 909 4.5796
51 910 4.62058
82 911 4.66973
70 912 4.81636
62 913 4.85616
11 914 4.86456
1 915 5.19065
80 916 5.3336
39 917 5.80165
42 918 5.88301
5 919 5.91324
4 920 6.05928
48 921 6.06113
15 922 6.10402
2 923 6.59237
18 924 7.12648
75 925 7.14934
26 926 7.35445
84 927 7.36849
24 928 7.40957
62 929 7.62752
60 930 8.0166
39 931 8.09487
30 932 8.30582
15 933 8.60966
57 934 8.64455
70 935 8.6639
40 936 8.87414
11 937 9.37498
84 938 9.40823
44 939 9.47889
48 940 9.493
