51 158
1 158
17 158
28 160
21 160
35 161
2 161
24 161
29 161
4 163
19 163
23 163
46 164
15 164
56 166
9 166
26 166
30 166
39 166
59 166
44 166
7 167
22 167
32 167
54 167
57 167
36 167
40 167
38 168
42 168
45 166
14 158
48 169
13 169
20 169
40 171
57 171
34 172
11 172
37 162
8 173
5 173
53 160
17 174
16 164
39 175
59 175
44 175
4 164
47 163
57 176
49 177
25 178
52 168
59 179
31 172
16 180
46 180
4 180
50 172
38 182
33 183
12 170
43 159
41 181
28 184
58 161
4 186
16 186
60 169
6 177
35 189
10 178
7 171
57 188
7 188
40 176
52 182
55 167
38 190
48 192
27 173
8 185
27 185
3 165
31 195
34 195
34 196
40 197
57 197
56 175
59 193
56 193
39 179
56 179
45 175
14 174
17 191
14 191
49 194
51 174
37 187
25 200
53 184
46 186
47 180
33 182
18 183
52 190
31 196
28 202
50 195
12 198
34 205
31 205
43 203
41 199
58 189
48 201
60 192
6 194
10 200
7 197
55 197
3 204
53 202
50 205
