47 311
24 311
38 311
41 311
9 311
66 311
25 311
62 311
36 311
80 311
83 311
23 311
55 312
14 312
16 312
17 312
18 312
28 312
35 312
46 312
69 312
78 312
57 312
31 312
40 312
70 312
3 312
72 312
65 312
8 312
45 312
64 312
5 312
7 312
56 312
75 312
82 312
1 313
6 313
74 313
50 313
81 313
71 313
71 314
81 314
6 314
1 314
79 315
2 315
15 315
20 315
88 315
58 315
84 315
29 315
77 315
19 316
13 316
22 316
42 316
43 316
60 316
45 317
64 317
65 317
72 317
70 317
84 318
58 318
88 318
26 319
21 319
44 319
86 320
4 320
32 320
48 320
76 320
56 317
89 312
39 315
11 321
77 318
39 318
27 322
12 322
51 322
77 324
39 324
58 324
84 324
61 323
88 324
65 325
72 325
70 325
57 325
14 325
78 325
79 318
49 315
33 323
37 323
54 319
78 326
14 326
57 326
70 326
72 326
83 327
62 327
66 327
24 327
88 328
58 328
79 328
68 319
70 329
57 329
14 329
24 330
66 330
62 330
59 320
65 326
45 326
56 326
66 331
72 329
65 329
45 329
90 320
73 321
61 321
33 321
34 320
4 333
34 333
86 333
90 333
32 333
90 334
4 334
34 334
53 322
14 332
57 332
70 332
72 332
65 332
73 335
61 335
85 316
72 336
70 336
57 336
42 337
85 337
58 338
88 338
87 316
34 339
4 339
6 340
81 340
81 341
68 342
26 342
53 343
11 335
57 344
70 344
72 344
33 335
37 321
19 345
42 345
30 323
11 346
73 346
61 346
33 346
37 346
30 346
26 347
52 311
61 348
73 348
23 327
83 330
23 330
62 331
83 331
23 331
33 348
37 348
24 331
47 327
63 311
74 314
6 341
74 341
67 313
71 340
67 340
10 313
66 349
24 349
62 349
83 349
23 349
70 350
47 349
47 351
55 325
14 336
55 336
78 329
55 329
78 354
14 354
14 355
57 350
24 351
66 351
62 351
83 351
72 350
45 332
65 344
56 329
33 356
58 357
89 326
24 358
66 358
62 358
77 328
88 357
79 338
49 328
54 342
62 359
66 359
68 347
81 360
10 360
67 360
6 360
59 333
32 334
59 334
90 339
32 339
59 339
42 362
6 363
67 363
70 364
72 364
65 364
45 364
56 364
34 352
53 353
27 343
85 345
57 364
67 366
26 367
19 362
87 345
56 368
45 368
65 368
72 368
70 368
66 369
11 348
73 361
61 356
73 356
30 348
37 365
30 365
52 349
23 351
52 351
83 358
23 358
52 358
62 369
83 369
23 369
52 369
47 358
24 359
47 359
63 349
6 366
74 360
81 363
71 360
55 354
14 364
78 355
55 355
57 368
14 368
78 368
68 367
59 367
32 367
90 367
89 364
34 367
