1 1784 0 100 1.16701e-08 2.36373 2.36373
29 1787 0 100 0.1 2.52648 2.62648
13 1796 0 100 1.16701e-08 2.96881 2.96881
18 1788 0 100 0.4 2.58398 2.98398
20 1797 0 100 0.3 2.99303 3.29303
14 1799 0 100 0.4 3.03328 3.43328
39 1812 0 100 0.6 3.55696 4.15696
35 1802 0 100 1.2 3.13535 4.33535
17 1814 0 100 0.7 3.65297 4.35297
34 1793 0 100 1.8 2.73994 4.53994
22 1822 0 100 0.9 3.99579 4.89579
31 1805 0 100 1.8 3.2691 5.0691
27 1820 0 100 1.2 3.96819 5.16819
37 1840 0 100 0.6 4.80047 5.40047
9 1839 0 100 0.8 4.77069 5.57069
7 1781 0 100 3.6 2.14593 5.74593
3 1834 0 100 1.3 4.59415 5.89415
16 1818 0 100 2 3.91436 5.91436
28 1789 0 100 3.5 2.59342 6.09342
10 1791 0 100 3.5 2.66666 6.16666
6 1806 0 100 3 3.28279 6.28279
32 1830 0 100 2 4.32525 6.32525
23 1838 0 100 1.6 4.74384 6.34384
25 1819 0 100 2.8 3.91551 6.71551
40 1826 0 100 2.9 4.12772 7.02772
24 1803 0 100 4.2 3.13536 7.33536
33 1832 0 100 3 4.46921 7.46921
1 1848 0 100 2.3 5.30357 7.60357
5 1800 0 100 4.7 3.09745 7.79745
19 1824 0 100 3.9 4.038 7.938
2 1811 0 100 4.4 3.54517 7.94517
30 1821 0 100 4.1 3.97304 8.07304
4 1842 0 100 3.2 4.88055 8.08055
15 1836 0 100 3.4 4.70255 8.10255
30 1873 0 100 1.1 7.02247 8.12247
15 1871 0 100 1.2 6.94173 8.14173
38 1809 0 100 4.8 3.41756 8.21756
2 1885 0 100 0.3 7.94666 8.24666
18 1857 0 100 2.3 6.10763 8.40763
20 1862 0 100 2.3 6.31112 8.61112
14 1874 0 100 1.6 7.07177 8.67177
12 1828 0 100 5.1 4.21061 9.31061
39 1859 0 100 3.2 6.16911 9.36911
35 1891 0 100 1.2 8.41999 9.61999
11 1878 0 100 2.3 7.38517 9.68517
34 1845 0 100 4.8 5.01603 9.81603
22 1893 0 100 1.7 8.55759 10.2576
31 1895 0 100 1.7 8.59369 10.2937
27 1914 0 100 0.5 9.91837 10.4184
37 1894 0 100 2.1 8.57563 10.6756
7 1867 0 100 4.2 6.78725 10.9872
16 1870 0 100 4.2 6.92957 11.1296
3 1915 0 100 1.2 9.93702 11.137
28 1906 0 100 2 9.34022 11.3402
10 1901 0 100 2.5 8.94524 11.4452
32 1898 0 100 2.7 8.80141 11.5014
25 1916 0 100 2 9.99498 11.995
18 1912 0 100 3.4 9.90672 13.3067
