66 724 0 100 2.33402e-08 2.03764 2.03764
60 732 0 100 1.16701e-08 2.42023 2.42023
20 735 0 100 2.33402e-08 2.61606 2.61606
21 733 0 100 0.3 2.51159 2.81159
15 743 0 100 1.16701e-08 2.9331 2.9331
28 748 0 100 2.33402e-08 3.1801 3.1801
22 729 0 100 1 2.22311 3.22311
12 752 0 100 5.83505e-08 3.3204 3.3204
36 753 0 100 8.16907e-08 3.32195 3.32195
50 730 0 100 1.1 2.27425 3.37425
17 755 0 100 8.16907e-08 3.42174 3.42174
8 758 0 100 1.16701e-08 3.48067 3.48067
31 731 0 100 1.3 2.38806 3.68806
47 723 0 100 2.1 2.03681 4.13681
58 737 0 100 1.5 2.74234 4.24234
56 739 0 100 1.6 2.8146 4.4146
52 747 0 100 1.6 3.0504 4.6504
1 761 0 100 1.1 3.6663 4.7663
42 759 0 100 1.3 3.61119 4.91119
7 749 0 100 1.9 3.18507 5.08507
67 766 0 100 1.1 4.03381 5.13381
45 768 0 100 0.9 4.44262 5.34262
40 764 0 100 1.6 3.95095 5.55095
14 751 0 100 2.6 3.25933 5.85933
44 744 0 100 2.9 2.97012 5.87012
39 745 0 100 2.9 2.97168 5.87168
55 778 0 100 1.16701e-08 5.87666 5.87666
11 750 0 100 2.7 3.22043 5.92043
54 726 0 100 3.8 2.12434 5.92434
55 742 0 100 3 2.92531 5.92531
46 741 0 100 3.1 2.84693 5.94693
48 774 0 100 1.4 4.75732 6.15732
18 734 0 100 3.7 2.52801 6.22801
48 728 0 100 4.1 2.20954 6.30954
24 727 0 100 4.2 2.17437 6.37437
57 757 0 100 3.4 3.44103 6.84104
61 775 0 100 2 4.91766 6.91766
26 754 0 100 3.6 3.34278 6.94278
57 790 0 100 0.1 6.87963 6.97963
10 746 0 100 4.2 2.99378 7.19378
66 784 0 100 0.7 6.50709 7.20709
65 760 0 100 3.6 3.65512 7.25512
35 769 0 100 2.8 4.53548 7.33548
41 736 0 100 4.7 2.67294 7.37294
27 738 0 100 4.6 2.78322 7.38322
26 797 0 100 5.83505e-08 7.42945 7.42945
59 740 0 100 4.6 2.82961 7.42961
70 762 0 100 3.8 3.7904 7.5904
60 788 0 100 0.9 6.69916 7.59916
53 772 0 100 3.2 4.71549 7.91549
51 767 0 100 3.9 4.17365 8.07365
21 792 0 100 0.9 7.20825 8.10825
50 791 0 100 1 7.11482 8.11482
13 756 0 100 4.7 3.43364 8.13364
30 808 0 100 5.83505e-08 8.19138 8.19138
22 780 0 100 2.2 6.13999 8.33999
30 770 0 100 3.9 4.53956 8.43956
9 796 0 100 1.1 7.34985 8.44985
17 801 0 100 0.9 7.57566 8.47566
9 773 0 100 3.8 4.73512 8.53512
17 776 0 100 3 5.53787 8.53787
32 763 0 100 4.7 3.87186 8.57186
49 765 0 100 4.6 4.00866 8.60866
5 805 0 100 1 7.95131 8.95131
6 783 0 100 2.6 6.45461 9.05461
69 816 0 100 1.16701e-08 9.09479 9.09479
5 771 0 100 4.5 4.59851 9.09851
6 817 0 100 4.66804e-08 9.22794 9.22794
47 781 0 100 3 6.39714 9.39714
58 779 0 100 3.5 5.96758 9.46758
56 802 0 100 1.7 7.80202 9.50202
19 803 0 100 1.6 7.91488 9.51488
1 799 0 100 2.4 7.49008 9.89008
43 787 0 100 3.3 6.67694 9.97694
52 777 0 100 4.4 5.62522 10.0252
42 793 0 100 2.9 7.22498 10.125
7 785 0 100 3.7 6.58288 10.2829
45 809 0 100 1.9 8.52854 10.4285
16 804 0 100 2.6 7.94364 10.5436
14 822 0 100 1.2 9.83823 11.0382
44 798 0 100 3.6 7.47367 11.0737
11 807 0 100 3 8.09354 11.0935
62 811 0 100 2.4 8.71191 11.1119
40 813 0 100 2.3 8.82129 11.1213
39 782 0 100 4.7 6.43202 11.132
54 786 0 100 4.6 6.6054 11.2054
18 823 0 100 1.6 9.84052 11.4405
48 795 0 100 4.2 7.34965 11.5496
18 794 0 100 4.3 7.31654 11.6165
24 789 0 100 5 6.71473 11.7147
27 800 0 100 4.6 7.54176 12.1418
65 806 0 100 4.1 8.08664 12.1866
35 814 0 100 3.3 8.9243 12.2243
41 820 0 100 2.5 9.73042 12.2304
68 821 0 100 2.6 9.7903 12.3903
66 810 0 100 3.9 8.55917 12.4592
26 824 0 100 2.6 9.87366 12.4737
61 815 0 100 3.7 9.08992 12.7899
60 812 0 100 4.3 8.72375 13.0237
9 819 0 100 4.1 9.68739 13.7874
22 818 0 100 4.6 9.2871 13.8871
