23 503 0 100 0.4 2.4452 2.8452
26 502 0 100 0.9 2.25518 3.15518
21 506 0 100 0.3 3.0127 3.3127
2 513 0 100 1.16701e-08 3.96717 3.96717
8 514 0 100 1.16701e-08 4.00487 4.00487
12 504 0 100 1.8 2.50009 4.30009
7 510 0 100 1 3.42873 4.42873
30 517 0 100 0.3 4.24278 4.54278
15 505 0 100 1.8 2.99933 4.79933
11 500 0 100 3 2.08648 5.08648
22 501 0 100 3.1 2.17893 5.27893
29 508 0 100 2.4 3.10724 5.50724
18 509 0 100 2.7 3.19618 5.89618
5 507 0 100 3.2 3.06823 6.26823
16 518 0 100 2.2 4.25373 6.45373
3 516 0 100 2.7 4.13735 6.83735
4 511 0 100 4 3.65479 7.65479
19 512 0 100 4 3.82107 7.82107
14 515 0 100 3.9 4.0195 7.9195
13 519 0 100 3.6 4.39674 7.99674
17 522 0 100 3.2 4.85107 8.05107
21 529 0 100 1.6 6.8679 8.4679
1 520 0 100 4.3 4.79538 9.09538
9 521 0 100 4.3 4.8479 9.1479
2 536 0 100 0.5 8.66209 9.16209
2 527 0 100 2.9 6.2856 9.1856
25 523 0 100 4.6 4.88463 9.48463
20 524 0 100 4.6 4.92987 9.52987
20 530 0 100 2.4 7.1416 9.5416
7 533 0 100 1.6 8.10284 9.70284
30 532 0 100 1.8 8.03064 9.83064
15 540 0 100 0.3 9.77553 10.0755
11 528 0 100 4 6.31578 10.3158
22 534 0 100 2 8.40199 10.402
22 525 0 100 4.6 6.09241 10.6924
29 526 0 100 4.6 6.19068 10.7907
16 537 0 100 3 8.70768 11.7077
3 539 0 100 2.4 9.5903 11.9903
3 531 0 100 4.7 7.37271 12.0727
4 535 0 100 4.4 8.54251 12.9425
17 538 0 100 4.1 8.97211 13.0721
