32 541 0 100 1.16701e-08 2.01374 2.01374
17 550 0 100 1.16701e-08 2.94798 2.94798
1 549 0 100 0.5 2.8262 3.3262
34 543 0 100 1.2 2.20613 3.40613
4 546 0 100 1.1 2.59565 3.69565
11 547 0 100 1.7 2.62786 4.32786
30 566 0 100 0.2 4.32132 4.52132
31 557 0 100 1.1 3.69269 4.79269
21 552 0 100 1.9 3.08553 4.98553
22 556 0 100 1.7 3.44988 5.14988
18 564 0 100 1.1 4.30818 5.40818
10 548 0 100 3 2.70299 5.70299
33 573 0 100 0.9 4.81656 5.71656
2 560 0 100 2.1 3.91829 6.01829
26 559 0 100 2.2 3.86046 6.06046
38 542 0 100 4.2 2.10645 6.30645
29 545 0 100 4.1 2.5732 6.6732
25 544 0 100 4.2 2.49439 6.69439
40 558 0 100 3.2 3.72921 6.92921
7 567 0 100 2.7 4.36383 7.06383
32 568 0 100 2.6 4.50439 7.10439
15 554 0 100 3.9 3.2277 7.1277
14 555 0 100 4 3.35546 7.35546
8 569 0 100 2.8 4.56293 7.36293
36 565 0 100 3.4 4.31138 7.71138
16 570 0 100 3.2 4.67589 7.87589
28 563 0 100 3.7 4.18616 7.88616
39 562 0 100 3.9 4.07637 7.97637
9 551 0 100 5 3.02321 8.02321
20 575 0 100 2.6 5.55774 8.15774
20 553 0 100 5 3.21528 8.21528
3 572 0 100 3.6 4.77624 8.37624
35 571 0 100 3.9 4.67715 8.57715
1 574 0 100 3.3 5.30162 8.60162
19 561 0 100 4.8 3.97071 8.77071
24 580 0 100 2 7.64258 9.64258
11 592 0 100 1.16701e-08 9.70857 9.70857
11 579 0 100 2.5 7.248 9.748
12 583 0 100 2.1 7.88467 9.98467
31 576 0 100 4.2 5.82188 10.0219
6 585 0 100 2 8.16477 10.1648
22 588 0 100 1.4 8.93101 10.331
18 578 0 100 3.8 6.91451 10.7145
10 581 0 100 3.2 7.72343 10.9234
33 591 0 100 1.4 9.60275 11.0027
38 586 0 100 3 8.4115 11.4115
2 577 0 100 4.8 6.8019 11.6019
32 584 0 100 4.1 8.11305 12.213
14 593 0 100 2.8 9.79973 12.5997
8 582 0 100 4.9 7.79761 12.6976
16 587 0 100 4.5 8.75881 13.2588
1 589 0 100 4.8 9.07774 13.8777
19 590 0 100 4.8 9.33243 14.1324
