15 136 0 100 2.33402e-08 2.62408 2.62408
41 137 0 100 1.16701e-08 2.7638 2.7638
10 130 0 100 0.6 2.35153 2.95153
3 131 0 100 0.7 2.39931 3.09931
2 142 0 100 1.16701e-08 3.30409 3.30409
6 144 0 100 1.16701e-08 3.70787 3.70787
47 129 0 100 1.5 2.33418 3.83418
29 138 0 100 1.1 2.86006 3.96006
30 135 0 100 1.8 2.51876 4.31876
26 149 0 100 2.33402e-08 4.39026 4.39026
16 155 0 100 1.16701e-08 4.98546 4.98546
46 141 0 100 2 3.25039 5.25039
22 140 0 100 2.2 3.14417 5.34417
31 139 0 100 2.6 2.97358 5.57358
24 127 0 100 3.8 2.09451 5.89451
35 128 0 100 4 2.11706 6.11706
50 146 0 100 2.2 4.10049 6.30049
8 132 0 100 4 2.46483 6.46483
8 158 0 100 0.9 5.65183 6.55183
28 134 0 100 4.4 2.51765 6.91765
49 153 0 100 2.1 4.91591 7.01591
28 159 0 100 0.9 6.18748 7.08748
36 133 0 100 4.7 2.51084 7.21084
42 151 0 100 2.8 4.84589 7.64589
15 156 0 100 2.8 5.02534 7.82534
44 147 0 100 3.7 4.22679 7.92679
45 145 0 100 4.1 3.86978 7.96978
44 166 0 100 5.83505e-08 8.16847 8.16847
10 157 0 100 3.1 5.12091 8.22091
10 169 0 100 2.33402e-08 8.52149 8.52149
20 143 0 100 5 3.60078 8.60078
11 148 0 100 4.4 4.37345 8.77345
23 152 0 100 3.9 4.89236 8.79236
47 162 0 100 1.9 7.15137 9.05137
5 150 0 100 4.5 4.62959 9.12959
5 164 0 100 1.5 7.7067 9.2067
34 168 0 100 1.2 8.49435 9.69435
34 154 0 100 4.9 4.97274 9.87274
16 163 0 100 2.4 7.69925 10.0992
46 160 0 100 4.1 6.32039 10.4204
46 171 0 100 0.8 9.65925 10.4593
31 165 0 100 2.9 7.95493 10.8549
35 161 0 100 4.4 6.96874 11.3687
50 170 0 100 2.3 9.29369 11.5937
15 167 0 100 4.5 8.39491 12.8949
23 172 0 100 4.8 9.85669 14.6567
