20 2266 0 100 1.16701e-08 2.32189 2.32189
51 2283 0 100 1.16701e-08 2.88599 2.88599
53 2279 0 100 0.2 2.77369 2.97369
12 2281 0 100 0.3 2.82325 3.12325
27 2263 0 100 1 2.24064 3.24064
4 2273 0 100 0.7 2.58401 3.28401
3 2299 0 100 0.2 3.40866 3.60866
42 2275 0 100 1.4 2.63011 4.03011
2 2278 0 100 1.4 2.73394 4.13394
28 2265 0 100 1.9 2.31151 4.21151
32 2320 0 100 1.16701e-08 4.3495 4.3495
6 2302 0 100 0.8 3.57677 4.37677
40 2291 0 100 1.1 3.29111 4.39111
11 2261 0 100 2.3 2.15973 4.45973
60 2323 0 100 0.1 4.44513 4.54513
47 2269 0 100 2.2 2.41136 4.61136
57 2270 0 100 2.3 2.44929 4.74929
7 2303 0 100 1.2 3.59758 4.79758
33 2332 0 100 0.2 4.68109 4.88109
29 2319 0 100 0.6 4.3466 4.9466
14 2272 0 100 2.6 2.55294 5.15294
26 2296 0 100 1.8 3.38382 5.18382
49 2294 0 100 2.1 3.3149 5.4149
21 2331 0 100 0.8 4.66199 5.46199
39 2300 0 100 2.1 3.43661 5.53661
22 2316 0 100 1.4 4.21792 5.61792
54 2293 0 100 2.6 3.30761 5.90761
31 2335 0 100 1.2 4.76275 5.96275
1 2290 0 100 2.8 3.21887 6.01887
8 2268 0 100 3.8 2.41132 6.21132
17 2287 0 100 3.1 3.12612 6.22612
45 2306 0 100 2.8 3.67263 6.47263
45 2358 0 100 0.2 6.39494 6.59494
13 2297 0 100 3.2 3.3995 6.5995
10 2289 0 100 3.4 3.21164 6.61164
38 2305 0 100 3 3.66135 6.66135
37 2321 0 100 2.3 4.37404 6.67404
50 2330 0 100 2.2 4.66034 6.86034
48 2259 0 100 4.9 2.07909 6.97909
30 2277 0 100 4.4 2.73064 7.13064
5 2282 0 100 4.4 2.8466 7.2466
5 2361 0 100 0.8 6.49135 7.29135
56 2309 0 100 3.5 3.80507 7.30507
20 2368 0 100 0.4 7.00153 7.40153
16 2329 0 100 2.9 4.64363 7.54363
23 2308 0 100 4 3.76483 7.76483
36 2338 0 100 3.1 4.86094 7.96094
52 2295 0 100 4.7 3.38084 8.08084
53 2370 0 100 1.2 7.00924 8.20924
24 2325 0 100 3.9 4.51411 8.41411
55 2334 0 100 3.8 4.73557 8.53557
55 2395 0 100 0.2 8.37788 8.57788
27 2341 0 100 3.6 4.99177 8.59177
3 2349 0 100 3.2 5.62286 8.82286
44 2312 0 100 4.9 3.95217 8.85217
44 2354 0 100 2.9 6.01525 8.91525
25 2327 0 100 4.4 4.54758 8.94758
41 2317 0 100 4.9 4.26491 9.16491
2 2365 0 100 2.5 6.72435 9.22435
59 2326 0 100 4.7 4.54732 9.24732
42 2388 0 100 1.2 8.05235 9.25235
28 2360 0 100 3 6.41125 9.41125
9 2336 0 100 4.7 4.77831 9.47831
6 2371 0 100 2.5 7.09058 9.59058
9 2398 0 100 1.1 8.52031 9.62031
58 2339 0 100 4.8 4.90005 9.70005
60 2373 0 100 2.6 7.17289 9.77289
47 2403 0 100 1 8.82109 9.82109
58 2416 0 100 0.3 9.5815 9.8815
7 2377 0 100 2.6 7.38062 9.98062
33 2391 0 100 1.9 8.1901 10.0901
29 2422 0 100 0.5 9.7333 10.2333
26 2424 0 100 0.5 9.87631 10.3763
14 2393 0 100 2.2 8.25341 10.4534
21 2387 0 100 2.6 8.01414 10.6141
39 2400 0 100 2.1 8.6722 10.7722
54 2380 0 100 3.7 7.54319 11.2432
31 2390 0 100 3.1 8.17259 11.2726
1 2375 0 100 4 7.28125 11.2812
1 2418 0 100 1.8 9.65213 11.4521
17 2405 0 100 2.6 8.94519 11.5452
13 2407 0 100 2.7 9.04093 11.7409
38 2409 0 100 2.6 9.19728 11.7973
10 2420 0 100 2.2 9.69792 11.8979
18 2412 0 100 3 9.38368 12.3837
20 2419 0 100 2.8 9.67607 12.4761
5 2426 0 100 2.6 9.96413 12.5641
56 2384 0 100 4.7 7.8793 12.5793
27 2414 0 100 4.3 9.48024 13.7802
