23 625
1 625
1 626
2 627
20 627
16 627
32 628
39 628
29 628
5 628
14 628
4 628
40 628
22 628
37 629
39 630
29 630
5 630
14 630
4 630
40 630
18 631
7 634
10 634
34 634
12 634
28 634
44 635
6 635
45 636
21 636
17 633
8 637
27 637
35 636
15 636
9 634
9 638
47 637
43 640
36 641
14 641
4 641
15 642
35 642
19 643
35 644
15 644
46 645
7 645
10 645
34 645
12 645
28 645
26 646
25 639
12 647
28 647
48 648
10 649
7 649
13 650
34 647
10 647
30 652
14 653
5 653
36 653
29 653
24 635
27 654
8 654
16 655
2 655
4 657
14 657
5 657
36 657
28 658
12 658
34 658
20 655
6 659
24 659
34 660
12 660
50 625
23 626
1 637
23 637
39 653
29 657
20 661
2 661
2 662
5 663
14 663
44 664
6 664
47 654
42 632
8 665
27 665
1 666
23 666
32 653
39 657
32 657
4 663
31 628
40 641
32 667
39 667
29 667
5 667
14 667
4 667
22 630
21 642
45 644
15 668
45 668
11 636
14 669
35 670
15 670
27 671
41 629
37 656
45 673
35 673
33 652
30 655
20 662
30 662
5 676
14 676
36 676
29 676
39 676
4 669
40 669
31 669
16 661
38 627
30 678
20 679
2 679
38 679
23 680
44 682
36 683
5 683
29 683
43 674
18 640
26 648
3 646
12 684
17 675
9 645
26 685
28 660
34 684
28 684
2 687
10 658
46 649
7 647
46 688
45 689
35 689
15 689
19 672
49 651
20 687
34 690
12 690
28 690
25 686
29 691
36 691
14 691
13 677
41 692
15 693
45 693
6 682
4 694
14 694
36 694
24 664
31 695
40 695
4 695
14 695
14 696
4 696
40 696
50 666
1 680
50 680
47 665
8 671
42 681
32 676
39 683
32 683
29 694
39 694
36 695
5 691
31 696
22 669
21 673
35 693
11 689
37 692
33 678
30 687
16 679
48 685
9 690
