24 710 0 100 1.16701e-08 2.87866 2.87866
41 706 0 100 0.3 2.65725 2.95725
36 713 0 100 0.3 2.90754 3.20754
59 702 0 100 0.8 2.52146 3.32146
4 697 0 100 1.6 2.00991 3.60991
60 704 0 100 1.1 2.56292 3.66292
51 708 0 100 1.2 2.70945 3.90945
19 725 0 100 0.4 4.13647 4.53647
56 721 0 100 0.8 3.76738 4.56738
45 723 0 100 0.7 4.07055 4.77055
43 732 0 100 0.5 4.40031 4.90032
20 705 0 100 2.4 2.61552 5.01552
32 698 0 100 2.9 2.16383 5.06383
27 701 0 100 2.6 2.50496 5.10496
50 724 0 100 1 4.1308 5.1308
38 737 0 100 0.8 4.73595 5.53595
12 731 0 100 1.7 4.36157 6.06157
18 714 0 100 2.9 3.18845 6.08845
31 712 0 100 3.3 2.89412 6.19412
53 716 0 100 2.9 3.47465 6.37465
15 722 0 100 2.5 3.8932 6.3932
10 738 0 100 1.6 4.81669 6.41669
29 699 0 100 4 2.43812 6.43812
42 718 0 100 2.9 3.54738 6.44738
2 707 0 100 4 2.69724 6.69724
55 734 0 100 2.2 4.51303 6.71303
6 717 0 100 3.3 3.50617 6.80617
44 730 0 100 2.5 4.32651 6.82651
9 736 0 100 2.2 4.63567 6.83567
29 745 0 100 0.4 6.43708 6.83708
6 743 0 100 0.8 6.09971 6.89971
16 742 0 100 1.6 5.45232 7.05232
52 703 0 100 4.5 2.5606 7.0606
16 700 0 100 4.7 2.48774 7.18774
1 719 0 100 3.8 3.60035 7.40035
17 709 0 100 4.7 2.71034 7.41034
1 747 0 100 0.9 6.56385 7.46385
8 711 0 100 4.7 2.8812 7.5812
8 740 0 100 2.5 5.09406 7.59406
47 715 0 100 4.7 3.25245 7.95245
47 750 0 100 0.9 7.08179 7.98179
14 720 0 100 4.5 3.69319 8.19319
22 728 0 100 4 4.20987 8.20987
11 735 0 100 3.7 4.51869 8.21869
11 755 0 100 0.4 7.8432 8.2432
36 749 0 100 1.6 6.94821 8.54821
25 726 0 100 4.5 4.1847 8.6847
4 744 0 100 2.6 6.21754 8.81754
40 729 0 100 4.6 4.31321 8.91321
23 739 0 100 4.1 4.90709 9.00709
33 752 0 100 2 7.19227 9.19227
33 727 0 100 5.1 4.18628 9.28628
46 733 0 100 5 4.48348 9.48348
19 757 0 100 1.8 8.01836 9.81836
56 748 0 100 3 6.83989 9.83989
45 767 0 100 0.9 9.09923 9.99923
43 766 0 100 1.3 8.80248 10.1025
20 741 0 100 4.9 5.30931 10.2093
49 770 0 100 0.8 9.5541 10.3541
27 751 0 100 3.3 7.15423 10.4542
28 769 0 100 1 9.46278 10.4628
50 764 0 100 1.8 8.72719 10.5272
38 765 0 100 2 8.76482 10.7648
12 762 0 100 2.8 8.48695 11.287
31 753 0 100 4.1 7.20702 11.307
18 746 0 100 4.9 6.51863 11.4186
10 763 0 100 3 8.67358 11.6736
15 756 0 100 3.8 7.89672 11.6967
2 773 0 100 1.8 9.92803 11.728
53 759 0 100 3.6 8.19903 11.799
6 772 0 100 2.2 9.75288 11.9529
9 761 0 100 3.5 8.48152 11.9815
52 771 0 100 2.3 9.73 12.03
29 768 0 100 2.7 9.37009 12.0701
16 760 0 100 3.8 8.48141 12.2814
44 758 0 100 4.2 8.17864 12.3786
2 754 0 100 5 7.5033 12.5033
