17 564 2.24001
5 565 2.52753
32 566 2.64745
27 567 2.6656
11 568 2.69247
15 569 2.75023
40 570 2.75414
35 571 2.79599
39 572 2.83146
16 573 2.88852
14 574 2.92538
9 575 2.93873
29 576 3.01041
25 577 3.04713
18 578 3.09756
1 579 3.17204
23 580 3.23741
22 581 3.30789
37 582 3.37045
3 583 3.38815
7 584 3.54674
24 585 3.81207
26 586 3.82057
4 587 3.84409
38 588 3.8612
10 589 3.97927
2 590 4.39131
30 591 4.43447
36 592 4.4973
20 593 4.52375
12 594 4.69328
13 595 4.71793
31 596 4.75035
8 597 4.7901
27 598 4.79573
32 599 5.26197
18 600 6.03565
35 601 6.12779
7 602 6.20883
25 603 6.42227
10 604 6.51039
17 605 6.87658
16 606 7.05613
20 607 7.08951
31 608 7.11825
26 609 7.44247
12 610 7.54848
24 611 7.62486
11 612 7.84471
18 613 8.66092
35 614 8.81402
23 615 8.94282
22 616 9.09258
8 617 9.26546
32 618 9.51322
21 619 9.52031
27 620 9.59476
10 621 9.60083
9 622 9.62572
14 623 9.70898
26 624 9.82942
