79 373
3 373
5 373
71 374
35 374
49 374
87 375
14 375
4 375
59 375
21 375
26 375
10 375
90 376
20 376
33 376
37 376
28 376
7 376
61 377
58 378
13 378
70 378
24 379
27 379
100 380
57 380
73 380
74 381
84 382
18 382
25 382
32 382
8 382
91 383
11 383
30 383
9 383
36 383
47 384
6 384
50 384
16 385
19 385
38 385
52 387
4 388
31 390
72 382
95 393
2 393
23 393
51 393
53 393
55 393
43 393
77 394
39 384
88 386
86 395
89 396
65 396
76 389
92 391
54 391
51 397
46 397
83 397
22 397
1 397
15 397
60 398
37 398
41 398
30 400
40 400
97 400
64 394
18 401
63 386
34 399
66 404
47 404
42 405
68 388
2 407
95 407
67 407
81 408
58 408
83 409
22 409
17 409
32 392
80 392
96 400
99 405
37 413
60 413
78 413
82 407
6 402
66 402
44 414
4 414
26 414
14 414
85 411
100 411
71 396
22 417
92 392
46 403
51 403
95 403
88 419
26 415
91 405
30 405
16 420
78 416
71 422
14 418
47 419
56 390
91 421
42 421
83 417
46 417
63 404
88 404
93 386
95 423
92 426
44 427
31 428
55 407
29 393
83 429
12 376
37 416
2 403
55 403
61 410
75 377
98 408
81 431
6 433
63 433
45 379
37 434
96 405
79 424
24 406
99 421
55 435
87 414
28 398
48 375
91 438
71 430
61 442
32 426
85 432
92 436
73 411
94 380
100 425
56 428
31 437
77 420
62 409
83 439
16 440
51 423
22 429
95 441
12 398
75 442
45 406
4 427
84 392
