77 2964 0 100 1.16701e-08 1.40875 1.40875
99 2968 0 100 1.16701e-08 1.50301 1.50301
66 2986 0 100 1.16701e-08 2.09351 2.09351
42 2989 0 100 1.16701e-08 2.1227 2.1227
97 2992 0 100 1.16701e-08 2.20927 2.20927
56 2977 0 100 0.5 1.86565 2.36565
25 2999 0 100 1.16701e-08 2.39373 2.39373
90 2950 0 100 1.5 1.06745 2.56745
34 2973 0 100 1 1.73859 2.73859
49 3010 0 100 1.16701e-08 2.75072 2.75072
29 2953 0 100 2.5 1.11553 3.61553
85 3009 0 100 1 2.7333 3.7333
35 2958 0 100 2.5 1.30522 3.80522
98 2959 0 100 2.5 1.31693 3.81693
5 2997 0 100 1.5 2.32085 3.82085
68 2995 0 100 2 2.26765 4.26765
15 3019 0 100 1.5 2.87371 4.37371
82 3022 0 100 1.5 3.02289 4.52289
12 3071 0 100 1.16701e-08 4.7406 4.7406
54 2993 0 100 2.5 2.25958 4.75958
6 3051 0 100 1 4.01844 5.01844
41 2981 0 100 3.5 1.92808 5.42808
48 2967 0 100 4 1.47825 5.47825
55 2988 0 100 3.5 2.1141 5.6141
3 3013 0 100 3 2.79113 5.79113
17 3016 0 100 3 2.84245 5.84245
2 3062 0 100 1.5 4.41132 5.91132
43 2982 0 100 4 1.96563 5.96563
44 3045 0 100 2.5 3.77179 6.27179
95 3103 0 100 1.16701e-08 6.33411 6.33411
65 3026 0 100 3.5 3.16106 6.66106
99 3042 0 100 3 3.6948 6.6948
96 3061 0 100 2.5 4.39738 6.89738
57 2965 0 100 5.5 1.42942 6.92942
67 3067 0 100 2.5 4.63864 7.13864
50 3027 0 100 4 3.16166 7.16166
97 3076 0 100 2.5 4.90812 7.40812
42 3097 0 100 1.5 5.99695 7.49695
89 2969 0 100 6 1.54549 7.54549
14 3069 0 100 3 4.68467 7.68467
40 3070 0 100 3 4.68827 7.68827
25 3094 0 100 2 5.78991 7.78991
26 3078 0 100 3 4.94218 7.94218
93 3020 0 100 5 2.96651 7.96651
40 3120 0 100 1 7.08214 8.08214
88 2952 0 100 7 1.08442 8.08442
88 3083 0 100 3 5.15859 8.15859
74 2960 0 100 7 1.32674 8.32674
27 2976 0 100 6.5 1.83125 8.33125
59 2980 0 100 6.5 1.92543 8.42543
53 3038 0 100 5 3.54564 8.54564
76 3024 0 100 5.5 3.11867 8.61867
21 3056 0 100 4.5 4.17444 8.67444
69 3115 0 100 2 6.89023 8.89023
63 3146 0 100 1.16701e-08 9.04027 9.04027
4 3014 0 100 6.5 2.80173 9.30173
68 3108 0 100 3 6.5204 9.5204
15 3124 0 100 2.5 7.3233 9.8233
36 3074 0 100 5 4.83121 9.83121
54 3152 0 100 0.5 9.39899 9.89899
12 3116 0 100 3 6.92592 9.92592
61 3002 0 100 7.5 2.52573 10.0257
41 3148 0 100 1.5 9.07507 10.5751
22 3028 0 100 7.5 3.16305 10.6631
20 3047 0 100 7 3.78682 10.7868
18 3065 0 100 6.5 4.52189 11.0219
3 3098 0 100 5 6.02295 11.0229
43 3154 0 100 1.5 9.5604 11.0604
24 3141 0 100 2.5 8.57829 11.0783
84 3006 0 100 8.5 2.65263 11.1526
23 3017 0 100 8.5 2.84471 11.3447
95 2961 0 100 10 1.36218 11.3622
8 3080 0 100 6.5 4.9874 11.4874
44 3099 0 100 5.5 6.0573 11.5573
30 3005 0 100 9.5 2.6414 12.1414
67 3159 0 100 2.5 9.91029 12.4103
16 2994 0 100 10.5 2.26656 12.7666
16 3089 0 100 7.5 5.47751 12.9775
34 3129 0 100 5.5 7.72853 13.2285
51 3131 0 100 5.5 7.83838 13.3384
37 3121 0 100 7 7.14545 14.1455
19 3077 0 100 10 4.92813 14.9281
