0 2939
0 2940
0 2941
0 2942
0 2943
0 2944
0 2945
0 2946
0 2947
0 2948
90 2950
0 2951
29 2953
0 2955
0 2957
95 2961
8 2961
72 2961
91 2961
11 2962
0 2963
77 2964
0 2966
99 2968
0 2970
88 2952
45 2954
0 2971
94 2956
0 2974
0 2978
0 2983
100 2984
0 2985
66 2986
55 2988
42 2989
0 2991
97 2992
39 2956
0 2996
56 2977
0 2998
25 2999
0 3001
78 2950
0 3003
0 3007
33 3008
34 2973
49 3010
16 2994
60 2994
83 2994
0 3012
3 3013
23 3017
8 3017
72 3017
0 3018
15 3019
0 3021
0 3023
86 3004
80 2990
0 3029
47 3031
13 3032
0 3033
51 3034
40 3034
79 3035
23 3035
0 3036
0 3037
0 3039
69 2953
0 3040
92 3041
58 3030
85 3009
38 3011
0 3044
44 3045
10 3046
37 2975
21 2975
35 2958
98 2959
5 2997
78 3034
0 3048
28 3049
0 3050
6 3051
0 3052
60 3053
73 2987
0 3055
46 3043
68 2995
83 3058
0 3059
70 3015
0 3060
19 3019
0 3063
82 3022
0 3066
7 3025
0 3068
40 3070
26 3070
12 3071
54 2993
0 3073
0 3075
81 2979
0 3079
31 3051
0 3081
0 3084
63 2972
98 2972
0 3086
1 3000
41 2981
0 3088
16 3089
48 2967
0 3090
32 2988
0 3091
0 3093
24 3013
17 3016
0 3095
2 3062
43 2982
0 3096
0 3100
0 3101
0 3102
72 3045
20 3047
95 3103
0 3104
55 3105
0 3106
6 3107
3 3098
0 3109
65 3026
0 3111
99 3042
0 3112
35 3113
0 3114
96 3061
57 2965
79 3117
0 3118
0 3119
77 3054
67 3067
50 3027
0 3122
62 3072
0 3123
0 3125
97 3076
0 3126
42 3097
89 2969
0 3127
30 3005
0 3128
14 3069
75 3070
66 3092
0 3130
25 3094
0 3132
26 3078
93 3020
0 3133
0 3134
40 3120
71 2952
5 3135
88 3083
0 3136
0 3137
74 2960
27 2976
0 3138
90 3087
59 2980
0 3139
53 3038
0 3140
76 3024
49 3082
0 3142
21 3056
0 3143
64 2975
0 3144
69 3115
0 3145
63 3146
0 3147
0 3149
0 3150
4 3014
0 3151
0 3153
68 3108
0 3155
0 3156
34 3129
0 3157
85 3113
69 3113
15 3124
36 3074
0 3158
54 3152
12 3116
0 3160
61 3002
0 3162
0 3163
0 3164
0 3165
0 3167
41 3148
22 3028
0 3168
0 3169
48 3047
0 3170
0 3171
18 3065
17 3098
43 3154
0 3172
24 3141
84 3006
0 3173
0 3174
91 3017
9 2961
0 3175
0 3176
8 3080
2 3161
44 3099
0 3177
0 3178
0 3179
0 3180
0 3181
0 3182
57 3005
0 3183
0 3184
0 3185
67 3159
0 3186
0 3187
0 3188
94 2994
0 3189
0 3190
0 3191
56 3089
0 3192
0 3193
93 3129
0 3194
51 3131
0 3195
0 3196
0 3197
0 3198
0 3199
0 3200
0 3201
0 3202
37 3121
0 3203
0 3204
0 3205
0 3206
29 3064
0 3207
35 3135
0 3208
0 3209
0 3210
19 3077
0 3211
