8 513 1.02012
25 514 1.13401
30 515 1.1358
17 516 1.48802
15 517 1.51794
32 518 1.55751
29 519 1.60721
33 520 1.85543
24 521 1.89577
9 522 2.09953
14 523 2.12361
26 524 2.16534
12 525 2.58947
40 526 2.62044
38 527 3.11024
30 528 3.18876
8 529 3.22747
21 530 3.25152
28 531 3.27171
35 532 4.00263
37 533 4.31269
27 534 4.41043
24 535 4.42744
16 536 4.531
25 537 4.58463
20 538 4.59996
31 539 4.69443
15 540 4.71097
33 541 4.72402
19 542 4.7637
13 543 4.79004
28 544 5.34431
39 545 6.14579
38 546 6.63287
29 547 6.83587
24 548 6.94569
4 549 7.51715
37 550 7.73023
30 551 7.76394
25 552 8.33028
38 553 8.93792
21 554 9.20714
33 555 9.24095
36 556 9.44872
2 557 9.77085
39 558 9.85898
