19 73 1.04464
12 74 1.08479
7 75 1.13448
29 76 1.15037
15 77 1.15781
21 78 1.16253
6 79 1.42887
18 80 1.45297
9 81 1.94029
4 82 1.97522
27 83 1.97709
25 84 2.66122
39 85 2.83945
16 86 3.18473
11 87 3.31923
14 88 3.43648
40 89 3.59356
7 90 3.70558
8 91 3.92809
13 92 4.12487
18 93 4.41212
35 94 4.912
21 95 4.97307
27 96 4.99957
9 97 5.13913
19 98 5.9342
39 99 5.96605
30 100 6.36936
8 101 6.47703
4 102 6.91641
7 103 7.19222
14 104 7.27977
35 105 7.71049
27 106 7.94598
19 107 8.24937
13 108 8.42872
21 109 8.65239
