25 405
27 405
54 405
73 405
74 405
75 405
27 405
55 405
85 405
44 406
86 406
29 406
30 406
50 406
81 406
19 407
63 407
70 407
98 407
0 407
19 407
58 407
63 407
76 407
19 407
58 407
63 407
68 408
80 408
92 408
22 408
34 408
68 408
80 408
91 408
68 408
80 408
22 408
34 408
42 408
64 408
71 408
84 408
61 409
78 409
37 413
90 413
9 413
0 413
43 413
47 413
59 413
67 413
72 413
72 413
96 413
97 413
28 414
56 414
77 414
15 414
46 414
53 414
57 414
79 414
88 414
82 414
83 414
100 414
14 429
25 429
27 429
73 429
74 429
75 429
15 426
53 426
57 426
83 426
7 434
29 434
86 434
14 441
25 441
27 441
52 441
74 441
75 441
17 442
64 442
71 442
1 447
11 447
26 447
96 447
97 447
