19 0.8 0.048 0.752
38 0.8 0.048 0.752
19 0.752 0.048 0.704
19 0.704 0.16 0.544
38 0.752 0.16 0.592
38 0.592 0.016 0.576
19 0.544 0.016 0.528
38 0.576 0.048 0.528
19 0.528 0.048 0.48
12 0.8 0.048 0.752
10 0.8 0.048 0.752
14 0.8 0.048 0.752
12 0.752 0.096 0.656
12 0.656 0.16 0.496
10 0.752 0.16 0.592
10 0.592 0.016 0.576
12 0.496 0.016 0.48
10 0.576 0.048 0.528
12 0.48 0.048 0.432
14 0.752 0.048 0.704
10 0.528 0.048 0.48
10 0.48 0.16 0.32
14 0.704 0.16 0.544
14 0.544 0.016 0.528
12 0.432 0.016 0.416
14 0.528 0.048 0.48
10 0.32 0.048 0.272
12 0.416 0.048 0.368
12 0.368 0.16 0.208
14 0.48 0.16 0.32
7 0.8 0.048 0.752
28 0.8 0.048 0.752
7 0.752 0.048 0.704
7 0.704 0.16 0.544
28 0.752 0.16 0.592
28 0.592 0.016 0.576
7 0.544 0.016 0.528
28 0.576 0.048 0.528
7 0.528 0.048 0.48
29 0.8 0.048 0.752
15 0.8 0.048 0.752
2 0.8 0.048 0.752
17 0.8 0.048 0.752
32 0.8 0.048 0.752
35 0.8 0.048 0.752
39 0.8 0.048 0.752
15 0.752 0.24 0.512
15 0.512 0.16 0.352
2 0.752 0.16 0.592
2 0.592 0.016 0.576
15 0.352 0.016 0.336
2 0.576 0.048 0.528
15 0.336 0.048 0.288
17 0.752 0.048 0.704
32 0.752 0.048 0.704
35 0.752 0.048 0.704
39 0.752 0.048 0.704
2 0.528 0.192 0.336
2 0.336 0.16 0.176
17 0.704 0.16 0.544
17 0.544 0.016 0.528
15 0.288 0.016 0.272
17 0.528 0.048 0.48
2 0.176 0.048 0.128
15 0.272 0.048 0.224
39 0.704 0.048 0.656
17 0.48 0.048 0.432
17 0.432 0.16 0.272
32 0.704 0.16 0.544
32 0.544 0.016 0.528
15 0.224 0.016 0.208
32 0.528 0.048 0.48
2 0.128 0.048 0.08
15 0.208 0.048 0.16
35 0.704 0.048 0.656
32 0.48 0.048 0.432
32 0.432 0.16 0.272
35 0.656 0.16 0.496
39 0.656 0.16 0.496
17 0.272 0.16 0.112
32 0.272 0.16 0.112
39 0.496 0.16 0.336
2 0.08 0.16 -0.08
15 0.16 0.16 -2.77556e-17
35 0.496 0.16 0.336
21 0.8 0.048 0.752
22 0.8 0.048 0.752
26 0.8 0.048 0.752
21 0.752 0.096 0.656
21 0.656 0.16 0.496
22 0.752 0.16 0.592
22 0.592 0.016 0.576
21 0.496 0.016 0.48
22 0.576 0.048 0.528
21 0.48 0.048 0.432
26 0.752 0.048 0.704
22 0.528 0.048 0.48
22 0.48 0.16 0.32
26 0.704 0.16 0.544
26 0.544 0.016 0.528
21 0.432 0.016 0.416
26 0.528 0.048 0.48
21 0.416 0.048 0.368
22 0.32 0.048 0.272
21 0.368 0.16 0.208
26 0.48 0.16 0.32
6 0.8 0.048 0.752
18 0.8 0.048 0.752
34 0.8 0.048 0.752
18 0.752 0.048 0.704
18 0.704 0.16 0.544
34 0.752 0.16 0.592
34 0.592 0.016 0.576
18 0.544 0.016 0.528
34 0.576 0.048 0.528
18 0.528 0.048 0.48
38 0.8 0.048 0.752
19 0.8 0.048 0.752
14 0.688456 0.048 0.640456
10 0.639774 0.048 0.591774
12 0.596484 0.048 0.548484
14 0.640456 0.048 0.592456
14 0.592456 0.16 0.432456
14 0.432456 0.016 0.416456
10 0.591774 0.16 0.431774
12 0.548484 0.16 0.388484
28 0.8 0.048 0.752
7 0.8 0.048 0.752
29 0.8 0.048 0.752
26 0.693136 0.048 0.645136
21 0.572221 0.048 0.524221
22 0.649285 0.048 0.601285
6 0.8 0.048 0.752
9 0.8 0.048 0.752
5 0.8 0.048 0.752
37 0.8 0.048 0.752
9 0.752 0.096 0.656
9 0.656 0.16 0.496
5 0.752 0.16 0.592
5 0.592 0.016 0.576
9 0.496 0.016 0.48
5 0.576 0.048 0.528
9 0.48 0.048 0.432
37 0.752 0.048 0.704
5 0.528 0.048 0.48
5 0.48 0.16 0.32
37 0.704 0.16 0.544
37 0.544 0.016 0.528
9 0.432 0.016 0.416
37 0.528 0.048 0.48
5 0.32 0.048 0.272
9 0.416 0.048 0.368
9 0.368 0.16 0.208
37 0.48 0.16 0.32
34 0.8 0.048 0.752
18 0.8 0.048 0.752
4 0.8 0.048 0.752
20 0.8 0.048 0.752
24 0.8 0.048 0.752
4 0.752 0.096 0.656
4 0.656 0.16 0.496
20 0.752 0.16 0.592
20 0.592 0.016 0.576
4 0.496 0.016 0.48
20 0.576 0.048 0.528
4 0.48 0.048 0.432
24 0.752 0.048 0.704
20 0.528 0.048 0.48
20 0.48 0.16 0.32
24 0.704 0.16 0.544
24 0.544 0.016 0.528
4 0.432 0.016 0.416
24 0.528 0.048 0.48
4 0.416 0.048 0.368
20 0.32 0.048 0.272
4 0.368 0.16 0.208
24 0.48 0.16 0.32
27 0.8 0.048 0.752
1 0.8 0.048 0.752
31 0.8 0.048 0.752
36 0.8 0.048 0.752
27 0.752 0.144 0.608
27 0.608 0.16 0.448
1 0.752 0.16 0.592
1 0.592 0.016 0.576
27 0.448 0.016 0.432
1 0.576 0.048 0.528
27 0.432 0.048 0.384
36 0.752 0.048 0.704
1 0.528 0.048 0.48
1 0.48 0.16 0.32
31 0.752 0.16 0.592
31 0.592 0.016 0.576
27 0.384 0.016 0.368
31 0.576 0.048 0.528
27 0.368 0.048 0.32
36 0.704 0.16 0.544
36 0.544 0.016 0.528
27 0.32 0.016 0.304
36 0.528 0.048 0.48
1 0.32 0.048 0.272
27 0.304 0.048 0.256
27 0.256 0.16 0.096
36 0.48 0.16 0.32
38 0.8 0.048 0.752
19 0.8 0.048 0.752
28 0.8 0.048 0.752
7 0.8 0.048 0.752
29 0.8 0.048 0.752
26 0.8 0.048 0.752
21 0.8 0.048 0.752
22 0.8 0.048 0.752
6 0.8 0.048 0.752
37 0.690928 0.048 0.642928
5 0.639465 0.048 0.591465
9 0.578414 0.048 0.530414
34 0.8 0.048 0.752
18 0.8 0.048 0.752
24 0.698032 0.048 0.650032
4 0.579443 0.048 0.531443
20 0.642859 0.048 0.594859
31 0.8 0.048 0.752
1 0.654621 0.048 0.606621
27 0.472049 0.048 0.424049
36 0.702452 0.048 0.654452
1 0.606621 0.048 0.558621
27 0.424049 0.048 0.376049
36 0.654452 0.048 0.606452
36 0.606452 0.16 0.446452
36 0.446452 0.016 0.430452
1 0.558621 0.16 0.398621
27 0.376049 0.16 0.216049
38 0.8 0.048 0.752
19 0.8 0.048 0.752
28 0.8 0.048 0.752
7 0.8 0.048 0.752
29 0.8 0.048 0.752
25 0.8 0.048 0.752
13 0.8 0.048 0.752
25 0.752 0.048 0.704
25 0.704 0.16 0.544
13 0.752 0.16 0.592
13 0.592 0.016 0.576
25 0.544 0.016 0.528
13 0.576 0.048 0.528
25 0.528 0.048 0.48
26 0.8 0.048 0.752
21 0.8 0.048 0.752
22 0.8 0.048 0.752
39 0.8 0.048 0.752
2 0.8 0.048 0.752
17 0.8 0.048 0.752
6 0.8 0.048 0.752
37 0.8 0.048 0.752
5 0.8 0.048 0.752
9 0.8 0.048 0.752
34 0.8 0.048 0.752
18 0.8 0.048 0.752
24 0.8 0.048 0.752
4 0.8 0.048 0.752
20 0.8 0.048 0.752
31 0.8 0.048 0.752
1 0.772125 0.048 0.724125
27 0.592218 0.048 0.544218
38 0.8 0.048 0.752
19 0.8 0.048 0.752
28 0.8 0.048 0.752
7 0.8 0.048 0.752
29 0.8 0.048 0.752
13 0.8 0.048 0.752
25 0.8 0.048 0.752
30 0.8 0.048 0.752
13 0.752 0.048 0.704
13 0.704 0.16 0.544
25 0.752 0.16 0.592
30 0.752 0.16 0.592
30 0.592 0.016 0.576
13 0.544 0.016 0.528
30 0.576 0.048 0.528
13 0.528 0.048 0.48
26 0.8 0.048 0.752
21 0.8 0.048 0.752
22 0.8 0.048 0.752
16 0.8 0.048 0.752
11 0.8 0.048 0.752
39 0.8 0.048 0.752
2 0.8 0.048 0.752
15 0.8 0.048 0.752
17 0.8 0.048 0.752
35 0.8 0.048 0.752
39 0.752 0.096 0.656
39 0.656 0.16 0.496
2 0.752 0.16 0.592
15 0.752 0.16 0.592
15 0.592 0.016 0.576
39 0.496 0.016 0.48
15 0.576 0.048 0.528
2 0.592 0.048 0.544
17 0.752 0.048 0.704
32 0.8 0.048 0.752
35 0.752 0.048 0.704
39 0.48 0.048 0.432
15 0.528 0.048 0.48
15 0.48 0.16 0.32
17 0.704 0.16 0.544
35 0.704 0.16 0.544
35 0.544 0.016 0.528
39 0.432 0.016 0.416
35 0.528 0.048 0.48
2 0.544 0.048 0.496
15 0.32 0.048 0.272
17 0.544 0.048 0.496
32 0.752 0.048 0.704
39 0.416 0.048 0.368
2 0.496 0.16 0.336
17 0.496 0.16 0.336
32 0.704 0.16 0.544
35 0.48 0.16 0.32
39 0.368 0.16 0.208
6 0.8 0.048 0.752
14 0.8 0.048 0.752
10 0.8 0.048 0.752
12 0.8 0.048 0.752
14 0.752 0.048 0.704
14 0.704 0.16 0.544
10 0.752 0.16 0.592
12 0.752 0.16 0.592
12 0.592 0.016 0.576
14 0.544 0.016 0.528
12 0.576 0.048 0.528
10 0.592 0.048 0.544
14 0.528 0.048 0.48
37 0.8 0.048 0.752
5 0.8 0.048 0.752
9 0.8 0.048 0.752
34 0.8 0.048 0.752
18 0.8 0.048 0.752
24 0.8 0.048 0.752
4 0.8 0.048 0.752
20 0.8 0.048 0.752
31 0.8 0.048 0.752
1 0.8 0.048 0.752
27 0.8 0.048 0.752
36 0.8 0.048 0.752
38 0.8 0.048 0.752
19 0.8 0.048 0.752
38 0.752 0.048 0.704
38 0.704 0.16 0.544
38 0.544 0.016 0.528
19 0.752 0.16 0.592
40 0.8 0.048 0.752
28 0.8 0.048 0.752
7 0.8 0.048 0.752
29 0.8 0.048 0.752
30 0.8 0.048 0.752
26 0.8 0.048 0.752
21 0.8 0.048 0.752
22 0.8 0.048 0.752
16 0.8 0.048 0.752
7 0.752 0.048 0.704
28 0.8 0.048 0.752
11 0.8 0.048 0.752
35 0.687999 0.048 0.639999
2 0.71602 0.048 0.66802
15 0.643666 0.048 0.595666
17 0.714399 0.048 0.666399
32 0.8 0.048 0.752
8 0.8 0.048 0.752
3 0.8 0.048 0.752
23 0.8 0.048 0.752
8 0.752 0.096 0.656
8 0.656 0.16 0.496
3 0.752 0.16 0.592
3 0.592 0.016 0.576
8 0.496 0.016 0.48
3 0.576 0.048 0.528
8 0.48 0.048 0.432
23 0.752 0.048 0.704
3 0.528 0.048 0.48
3 0.48 0.16 0.32
23 0.704 0.16 0.544
23 0.544 0.016 0.528
8 0.432 0.016 0.416
23 0.528 0.048 0.48
3 0.32 0.048 0.272
8 0.416 0.048 0.368
8 0.368 0.16 0.208
23 0.48 0.16 0.32
6 0.8 0.048 0.752
12 0.8 0.048 0.752
10 0.8 0.048 0.752
14 0.8 0.048 0.752
37 0.8 0.048 0.752
5 0.8 0.048 0.752
9 0.8 0.048 0.752
34 0.8 0.048 0.752
18 0.8 0.048 0.752
24 0.8 0.048 0.752
4 0.8 0.048 0.752
20 0.8 0.048 0.752
31 0.8 0.048 0.752
1 0.8 0.048 0.752
27 0.8 0.048 0.752
36 0.8 0.048 0.752
40 0.8 0.048 0.752
13 0.8 0.048 0.752
25 0.8 0.048 0.752
30 0.8 0.048 0.752
13 0.752 0.096 0.656
13 0.656 0.16 0.496
13 0.496 0.016 0.48
25 0.752 0.16 0.592
25 0.592 0.016 0.576
13 0.48 0.016 0.464
25 0.576 0.048 0.528
13 0.464 0.048 0.416
25 0.528 0.048 0.48
25 0.48 0.16 0.32
30 0.752 0.16 0.592
13 0.416 0.16 0.256
28 0.8 0.048 0.752
7 0.8 0.048 0.752
29 0.8 0.048 0.752
30 0.666096 0.048 0.618096
13 0.256 0.048 0.208
30 0.618096 0.048 0.570096
30 0.570096 0.16 0.410096
30 0.410096 0.016 0.394096
13 0.208 0.16 0.048
26 0.8 0.048 0.752
21 0.8 0.048 0.752
22 0.8 0.048 0.752
16 0.8 0.048 0.752
7 0.752 0.048 0.704
28 0.8 0.048 0.752
33 0.8 0.048 0.752
7 0.704 0.048 0.656
7 0.656 0.16 0.496
28 0.752 0.16 0.592
33 0.752 0.16 0.592
33 0.592 0.016 0.576
7 0.496 0.016 0.48
33 0.576 0.048 0.528
7 0.48 0.048 0.432
11 0.8 0.048 0.752
35 0.8 0.048 0.752
2 0.8 0.048 0.752
15 0.8 0.048 0.752
32 0.8 0.048 0.752
18 0.8 0.048 0.752
34 0.8 0.048 0.752
23 0.68572 0.048 0.63772
3 0.645002 0.048 0.597002
8 0.583783 0.048 0.535783
6 0.8 0.048 0.752
12 0.8 0.048 0.752
10 0.8 0.048 0.752
14 0.8 0.048 0.752
37 0.8 0.048 0.752
5 0.8 0.048 0.752
9 0.8 0.048 0.752
34 0.8 0.048 0.752
18 0.8 0.048 0.752
24 0.8 0.048 0.752
4 0.8 0.048 0.752
20 0.8 0.048 0.752
24 0.752 0.048 0.704
24 0.704 0.16 0.544
24 0.544 0.016 0.528
4 0.752 0.16 0.592
20 0.752 0.16 0.592
31 0.8 0.048 0.752
1 0.8 0.048 0.752
27 0.8 0.048 0.752
40 0.8 0.048 0.752
28 0.8 0.048 0.752
7 0.8 0.048 0.752
29 0.8 0.048 0.752
26 0.8 0.048 0.752
21 0.8 0.048 0.752
22 0.8 0.048 0.752
16 0.8 0.048 0.752
33 0.8 0.048 0.752
7 0.752 0.048 0.704
11 0.8 0.048 0.752
35 0.8 0.048 0.752
2 0.8 0.048 0.752
15 0.8 0.048 0.752
32 0.8 0.048 0.752
35 0.752 0.048 0.704
35 0.704 0.16 0.544
35 0.544 0.016 0.528
2 0.752 0.16 0.592
15 0.752 0.16 0.592
32 0.752 0.16 0.592
35 0.528 0.048 0.48
2 0.66212 0.048 0.61412
15 0.592 0.048 0.544
32 0.66628 0.048 0.61828
35 0.48 0.048 0.432
35 0.432 0.16 0.272
35 0.272 0.016 0.256
2 0.61412 0.16 0.45412
15 0.544 0.16 0.384
32 0.61828 0.16 0.45828
18 0.8 0.048 0.752
34 0.8 0.048 0.752
23 0.8 0.048 0.752
3 0.8 0.048 0.752
8 0.8 0.048 0.752
6 0.8 0.048 0.752
12 0.8 0.048 0.752
10 0.8 0.048 0.752
14 0.8 0.048 0.752
37 0.8 0.048 0.752
5 0.8 0.048 0.752
9 0.8 0.048 0.752
34 0.8 0.048 0.752
18 0.8 0.048 0.752
21 0.8 0.048 0.752
22 0.8 0.048 0.752
26 0.8 0.048 0.752
31 0.8 0.048 0.752
27 0.8 0.048 0.752
27 0.752 0.048 0.704
1 0.8 0.048 0.752
31 0.752 0.048 0.704
36 0.8 0.048 0.752
27 0.704 0.048 0.656
27 0.656 0.16 0.496
1 0.752 0.16 0.592
31 0.704 0.16 0.544
36 0.752 0.16 0.592
36 0.592 0.016 0.576
27 0.496 0.016 0.48
36 0.576 0.048 0.528
1 0.592 0.048 0.544
27 0.48 0.048 0.432
40 0.8 0.048 0.752
28 0.8 0.048 0.752
7 0.8 0.048 0.752
9 0.8 0.048 0.752
5 0.8 0.048 0.752
37 0.8 0.048 0.752
29 0.8 0.048 0.752
26 0.8 0.048 0.752
21 0.8 0.048 0.752
22 0.8 0.048 0.752
16 0.8 0.048 0.752
33 0.8 0.048 0.752
7 0.752 0.048 0.704
11 0.8 0.048 0.752
18 0.8 0.048 0.752
34 0.8 0.048 0.752
23 0.8 0.048 0.752
3 0.8 0.048 0.752
8 0.8 0.048 0.752
6 0.8 0.048 0.752
12 0.8 0.048 0.752
14 0.8 0.048 0.752
37 0.8 0.048 0.752
5 0.8 0.048 0.752
9 0.8 0.048 0.752
34 0.8 0.048 0.752
18 0.8 0.048 0.752
21 0.8 0.048 0.752
22 0.8 0.048 0.752
26 0.8 0.048 0.752
31 0.8 0.048 0.752
27 0.8 0.048 0.752
36 0.8 0.048 0.752
1 0.8 0.048 0.752
27 0.752 0.048 0.704
40 0.8 0.048 0.752
28 0.8 0.048 0.752
7 0.8 0.048 0.752
9 0.8 0.048 0.752
5 0.8 0.048 0.752
37 0.8 0.048 0.752
29 0.8 0.048 0.752
26 0.8 0.048 0.752
21 0.8 0.048 0.752
22 0.8 0.048 0.752
16 0.8 0.048 0.752
33 0.8 0.048 0.752
7 0.752 0.048 0.704
11 0.8 0.048 0.752
18 0.8 0.048 0.752
34 0.8 0.048 0.752
23 0.8 0.048 0.752
3 0.8 0.048 0.752
8 0.8 0.048 0.752
23 0.752 0.048 0.704
23 0.704 0.16 0.544
23 0.544 0.016 0.528
3 0.752 0.16 0.592
8 0.752 0.16 0.592
6 0.8 0.048 0.752
19 0.8 0.048 0.752
38 0.8 0.048 0.752
19 0.752 0.048 0.704
19 0.704 0.16 0.544
38 0.752 0.16 0.592
38 0.592 0.016 0.576
19 0.544 0.016 0.528
38 0.576 0.048 0.528
19 0.528 0.048 0.48
12 0.8 0.048 0.752
14 0.8 0.048 0.752
37 0.8 0.048 0.752
5 0.8 0.048 0.752
9 0.8 0.048 0.752
34 0.8 0.048 0.752
18 0.8 0.048 0.752
39 0.8 0.048 0.752
2 0.8 0.048 0.752
17 0.8 0.048 0.752
21 0.8 0.048 0.752
22 0.8 0.048 0.752
26 0.8 0.048 0.752
31 0.8 0.048 0.752
27 0.8 0.048 0.752
36 0.8 0.048 0.752
1 0.8 0.048 0.752
27 0.752 0.048 0.704
40 0.8 0.048 0.752
28 0.8 0.048 0.752
7 0.8 0.048 0.752
9 0.8 0.048 0.752
5 0.8 0.048 0.752
37 0.8 0.048 0.752
29 0.8 0.048 0.752
26 0.8 0.048 0.752
21 0.8 0.048 0.752
22 0.8 0.048 0.752
26 0.752 0.048 0.704
26 0.704 0.16 0.544
26 0.544 0.016 0.528
21 0.752 0.16 0.592
22 0.752 0.16 0.592
16 0.8 0.048 0.752
33 0.8 0.048 0.752
11 0.8 0.048 0.752
30 0.8 0.048 0.752
13 0.8 0.048 0.752
30 0.752 0.048 0.704
30 0.704 0.16 0.544
13 0.752 0.16 0.592
13 0.592 0.016 0.576
30 0.544 0.016 0.528
13 0.576 0.048 0.528
25 0.8 0.048 0.752
30 0.528 0.048 0.48
13 0.528 0.048 0.48
13 0.48 0.16 0.32
25 0.752 0.16 0.592
25 0.592 0.016 0.576
13 0.32 0.016 0.304
25 0.576 0.048 0.528
13 0.304 0.048 0.256
30 0.48 0.16 0.32
18 0.8 0.048 0.752
34 0.8 0.048 0.752
6 0.8 0.048 0.752
38 0.8 0.048 0.752
19 0.8 0.048 0.752
12 0.8 0.048 0.752
14 0.8 0.048 0.752
37 0.8 0.048 0.752
5 0.8 0.048 0.752
9 0.8 0.048 0.752
34 0.8 0.048 0.752
18 0.8 0.048 0.752
39 0.8 0.048 0.752
2 0.8 0.048 0.752
15 0.8 0.048 0.752
17 0.8 0.048 0.752
21 0.8 0.048 0.752
22 0.8 0.048 0.752
26 0.752802 0.048 0.704802
21 0.752 0.048 0.704
21 0.704 0.16 0.544
22 0.752 0.16 0.592
26 0.704802 0.16 0.544802
26 0.544802 0.016 0.528802
21 0.544 0.016 0.528
26 0.528802 0.048 0.480802
21 0.528 0.048 0.48
22 0.592 0.048 0.544
8 0.8 0.048 0.752
3 0.8 0.048 0.752
23 0.8 0.048 0.752
8 0.752 0.048 0.704
8 0.704 0.16 0.544
3 0.752 0.16 0.592
23 0.752 0.16 0.592
23 0.592 0.016 0.576
8 0.544 0.016 0.528
23 0.576 0.048 0.528
3 0.592 0.048 0.544
8 0.528 0.048 0.48
31 0.8 0.048 0.752
27 0.8 0.048 0.752
36 0.8 0.048 0.752
1 0.8 0.048 0.752
27 0.752 0.048 0.704
40 0.8 0.048 0.752
28 0.8 0.048 0.752
7 0.8 0.048 0.752
9 0.8 0.048 0.752
5 0.8 0.048 0.752
37 0.8 0.048 0.752
29 0.8 0.048 0.752
16 0.8 0.048 0.752
33 0.8 0.048 0.752
11 0.8 0.048 0.752
25 0.8 0.048 0.752
13 0.630032 0.048 0.582032
18 0.8 0.048 0.752
34 0.8 0.048 0.752
4 0.8 0.048 0.752
20 0.8 0.048 0.752
24 0.8 0.048 0.752
4 0.752 0.048 0.704
4 0.704 0.16 0.544
20 0.752 0.16 0.592
24 0.752 0.16 0.592
24 0.592 0.016 0.576
4 0.544 0.016 0.528
24 0.576 0.048 0.528
4 0.528 0.048 0.48
20 0.592 0.048 0.544
6 0.8 0.048 0.752
38 0.8 0.048 0.752
19 0.8 0.048 0.752
12 0.8 0.048 0.752
14 0.8 0.048 0.752
12 0.752 0.048 0.704
12 0.704 0.16 0.544
12 0.544 0.016 0.528
14 0.752 0.16 0.592
37 0.8 0.048 0.752
5 0.8 0.048 0.752
9 0.8 0.048 0.752
34 0.8 0.048 0.752
18 0.8 0.048 0.752
39 0.8 0.048 0.752
2 0.8 0.048 0.752
15 0.8 0.048 0.752
17 0.8 0.048 0.752
26 0.8 0.048 0.752
21 0.8 0.048 0.752
22 0.8 0.048 0.752
23 0.8 0.048 0.752
3 0.8 0.048 0.752
8 0.8 0.048 0.752
31 0.8 0.048 0.752
27 0.8 0.048 0.752
36 0.8 0.048 0.752
1 0.8 0.048 0.752
27 0.752 0.048 0.704
40 0.8 0.048 0.752
28 0.8 0.048 0.752
7 0.8 0.048 0.752
28 0.752 0.048 0.704
28 0.704 0.16 0.544
28 0.544 0.016 0.528
7 0.752 0.16 0.592
9 0.8 0.048 0.752
5 0.8 0.048 0.752
37 0.8 0.048 0.752
29 0.8 0.048 0.752
16 0.8 0.048 0.752
7 0.592 0.048 0.544
28 0.603758 0.048 0.555758
7 0.544 0.096 0.448
7 0.448 0.16 0.288
7 0.288 0.016 0.272
28 0.555758 0.16 0.395758
33 0.8 0.048 0.752
14 0.8 0.048 0.752
10 0.8 0.048 0.752
12 0.753329 0.048 0.705329
14 0.752 0.048 0.704
14 0.704 0.16 0.544
10 0.752 0.16 0.592
12 0.705329 0.16 0.545329
12 0.545329 0.016 0.529329
14 0.544 0.016 0.528
12 0.529329 0.048 0.481329
14 0.528 0.048 0.48
11 0.8 0.048 0.752
25 0.8 0.048 0.752
13 0.8 0.048 0.752
18 0.8 0.048 0.752
34 0.8 0.048 0.752
24 0.8 0.048 0.752
4 0.8 0.048 0.752
20 0.8 0.048 0.752
6 0.8 0.048 0.752
38 0.8 0.048 0.752
19 0.8 0.048 0.752
37 0.8 0.048 0.752
5 0.8 0.048 0.752
9 0.8 0.048 0.752
37 0.752 0.048 0.704
37 0.704 0.16 0.544
37 0.544 0.016 0.528
5 0.752 0.16 0.592
9 0.752 0.16 0.592
34 0.8 0.048 0.752
18 0.8 0.048 0.752
39 0.8 0.048 0.752
2 0.8 0.048 0.752
17 0.8 0.048 0.752
26 0.8 0.048 0.752
21 0.8 0.048 0.752
22 0.8 0.048 0.752
23 0.8 0.048 0.752
3 0.8 0.048 0.752
8 0.8 0.048 0.752
31 0.8 0.048 0.752
27 0.8 0.048 0.752
36 0.8 0.048 0.752
1 0.8 0.048 0.752
27 0.752 0.048 0.704
40 0.8 0.048 0.752
9 0.737783 0.048 0.689783
5 0.740604 0.048 0.692604
37 0.680826 0.048 0.632826
9 0.689783 0.048 0.641783
9 0.641783 0.16 0.481783
5 0.692604 0.16 0.532604
37 0.632826 0.16 0.472826
29 0.8 0.048 0.752
16 0.8 0.048 0.752
33 0.8 0.048 0.752
5 0.60799 0.048 0.55999
35 0.8 0.048 0.752
2 0.8 0.048 0.752
15 0.8 0.048 0.752
32 0.8 0.048 0.752
12 0.8 0.048 0.752
14 0.8 0.048 0.752
11 0.8 0.048 0.752
25 0.8 0.048 0.752
13 0.8 0.048 0.752
18 0.8 0.048 0.752
34 0.8 0.048 0.752
24 0.8 0.048 0.752
4 0.8 0.048 0.752
20 0.8 0.048 0.752
6 0.8 0.048 0.752
38 0.8 0.048 0.752
19 0.8 0.048 0.752
27 0.8 0.048 0.752
1 0.8 0.048 0.752
31 0.8 0.048 0.752
36 0.8 0.048 0.752
27 0.752 0.048 0.704
27 0.704 0.16 0.544
27 0.544 0.016 0.528
1 0.752 0.16 0.592
31 0.752 0.16 0.592
36 0.752 0.16 0.592
34 0.8 0.048 0.752
18 0.8 0.048 0.752
39 0.8 0.048 0.752
2 0.8 0.048 0.752
15 0.8 0.048 0.752
17 0.8 0.048 0.752
26 0.8 0.048 0.752
21 0.8 0.048 0.752
22 0.8 0.048 0.752
23 0.8 0.048 0.752
3 0.8 0.048 0.752
8 0.8 0.048 0.752
31 0.592 0.048 0.544
27 0.528 0.048 0.48
31 0.544 0.048 0.496
31 0.496 0.16 0.336
27 0.48 0.16 0.32
36 0.669575 0.048 0.621575
1 0.592 0.048 0.544
27 0.32 0.048 0.272
40 0.8 0.048 0.752
29 0.8 0.048 0.752
16 0.8 0.048 0.752
16 0.752 0.048 0.704
16 0.704 0.16 0.544
16 0.544 0.016 0.528
33 0.8 0.048 0.752
5 0.8 0.048 0.752
9 0.8 0.048 0.752
35 0.8 0.048 0.752
2 0.8 0.048 0.752
15 0.8 0.048 0.752
32 0.8 0.048 0.752
19 0.8 0.048 0.752
38 0.8 0.048 0.752
12 0.8 0.048 0.752
10 0.8 0.048 0.752
14 0.8 0.048 0.752
11 0.8 0.048 0.752
25 0.8 0.048 0.752
13 0.8 0.048 0.752
18 0.8 0.048 0.752
34 0.8 0.048 0.752
18 0.752 0.048 0.704
18 0.704 0.16 0.544
18 0.544 0.016 0.528
34 0.752 0.16 0.592
24 0.8 0.048 0.752
4 0.8 0.048 0.752
20 0.8 0.048 0.752
13 0.8 0.048 0.752
25 0.8 0.048 0.752
30 0.8 0.048 0.752
13 0.752 0.048 0.704
13 0.704 0.16 0.544
25 0.752 0.16 0.592
30 0.752 0.16 0.592
30 0.592 0.016 0.576
13 0.544 0.016 0.528
30 0.576 0.048 0.528
13 0.528 0.048 0.48
6 0.8 0.048 0.752
38 0.8 0.048 0.752
19 0.8 0.048 0.752
34 0.664229 0.048 0.616229
18 0.607929 0.048 0.559929
34 0.616229 0.048 0.568229
34 0.568229 0.16 0.408229
34 0.408229 0.016 0.392229
18 0.559929 0.16 0.399929
39 0.8 0.048 0.752
2 0.8 0.048 0.752
17 0.8 0.048 0.752
26 0.8 0.048 0.752
21 0.8 0.048 0.752
22 0.8 0.048 0.752
23 0.8 0.048 0.752
3 0.8 0.048 0.752
8 0.8 0.048 0.752
36 0.8 0.048 0.752
1 0.8 0.048 0.752
27 0.645409 0.048 0.597409
40 0.8 0.048 0.752
29 0.8 0.048 0.752
21 0.8 0.048 0.752
22 0.8 0.048 0.752
26 0.8 0.048 0.752
33 0.8 0.048 0.752
35 0.8 0.048 0.752
2 0.8 0.048 0.752
15 0.8 0.048 0.752
32 0.8 0.048 0.752
19 0.8 0.048 0.752
38 0.8 0.048 0.752
12 0.8 0.048 0.752
10 0.8 0.048 0.752
14 0.8 0.048 0.752
11 0.8 0.048 0.752
25 0.8 0.048 0.752
13 0.778923 0.048 0.730923
24 0.8 0.048 0.752
4 0.8 0.048 0.752
20 0.8 0.048 0.752
30 0.8 0.048 0.752
13 0.8 0.048 0.752
6 0.8 0.048 0.752
38 0.8 0.048 0.752
19 0.8 0.048 0.752
38 0.752 0.048 0.704
38 0.704 0.16 0.544
38 0.544 0.016 0.528
19 0.752 0.16 0.592
39 0.8 0.048 0.752
2 0.8 0.048 0.752
15 0.8 0.048 0.752
17 0.8 0.048 0.752
26 0.8 0.048 0.752
21 0.8 0.048 0.752
22 0.8 0.048 0.752
23 0.8 0.048 0.752
3 0.8 0.048 0.752
8 0.8 0.048 0.752
36 0.8 0.048 0.752
1 0.8 0.048 0.752
27 0.8 0.048 0.752
40 0.8 0.048 0.752
40 0.752 0.048 0.704
40 0.704 0.16 0.544
40 0.544 0.016 0.528
29 0.8 0.048 0.752
29 0.752 0.048 0.704
29 0.704 0.16 0.544
29 0.544 0.016 0.528
21 0.8 0.048 0.752
22 0.8 0.048 0.752
26 0.8 0.048 0.752
33 0.8 0.048 0.752
5 0.8 0.048 0.752
9 0.8 0.048 0.752
35 0.8 0.048 0.752
2 0.8 0.048 0.752
15 0.8 0.048 0.752
32 0.8 0.048 0.752
19 0.8 0.048 0.752
38 0.756998 0.048 0.708998
19 0.752 0.048 0.704
19 0.704 0.16 0.544
38 0.708998 0.16 0.548998
38 0.548998 0.016 0.532998
19 0.544 0.016 0.528
38 0.532998 0.048 0.484998
19 0.528 0.048 0.48
12 0.8 0.048 0.752
10 0.8 0.048 0.752
14 0.8 0.048 0.752
11 0.8 0.048 0.752
25 0.8 0.048 0.752
13 0.8 0.048 0.752
25 0.752 0.048 0.704
25 0.704 0.16 0.544
25 0.544 0.016 0.528
13 0.752 0.16 0.592
24 0.8 0.048 0.752
4 0.8 0.048 0.752
20 0.8 0.048 0.752
30 0.8 0.048 0.752
13 0.67189 0.048 0.62389
30 0.752 0.048 0.704
30 0.704 0.16 0.544
30 0.544 0.016 0.528
13 0.62389 0.16 0.46389
6 0.8 0.048 0.752
39 0.8 0.048 0.752
2 0.8 0.048 0.752
15 0.8 0.048 0.752
17 0.8 0.048 0.752
26 0.8 0.048 0.752
21 0.8 0.048 0.752
22 0.8 0.048 0.752
23 0.8 0.048 0.752
3 0.8 0.048 0.752
8 0.8 0.048 0.752
36 0.8 0.048 0.752
1 0.8 0.048 0.752
27 0.8 0.048 0.752
21 0.8 0.048 0.752
22 0.8 0.048 0.752
26 0.8 0.048 0.752
33 0.8 0.048 0.752
9 0.8 0.048 0.752
35 0.8 0.048 0.752
2 0.8 0.048 0.752
15 0.8 0.048 0.752
17 0.8 0.048 0.752
32 0.8 0.048 0.752
38 0.8 0.048 0.752
19 0.8 0.048 0.752
12 0.8 0.048 0.752
14 0.8 0.048 0.752
11 0.8 0.048 0.752
24 0.8 0.048 0.752
4 0.8 0.048 0.752
20 0.8 0.048 0.752
6 0.8 0.048 0.752
39 0.8 0.048 0.752
2 0.8 0.048 0.752
15 0.8 0.048 0.752
17 0.8 0.048 0.752
39 0.752 0.048 0.704
39 0.704 0.16 0.544
39 0.544 0.016 0.528
2 0.752 0.16 0.592
15 0.752 0.16 0.592
17 0.752 0.16 0.592
26 0.8 0.048 0.752
21 0.8 0.048 0.752
22 0.8 0.048 0.752
23 0.8 0.048 0.752
3 0.8 0.048 0.752
8 0.8 0.048 0.752
36 0.8 0.048 0.752
1 0.8 0.048 0.752
27 0.8 0.048 0.752
21 0.8 0.048 0.752
22 0.8 0.048 0.752
26 0.8 0.048 0.752
33 0.8 0.048 0.752
9 0.8 0.048 0.752
35 0.8 0.048 0.752
2 0.734381 0.048 0.686381
15 0.74155 0.048 0.69355
32 0.8 0.048 0.752
35 0.752 0.048 0.704
35 0.704 0.16 0.544
35 0.544 0.016 0.528
2 0.686381 0.16 0.526381
15 0.69355 0.16 0.53355
32 0.752 0.16 0.592
38 0.8 0.048 0.752
19 0.8 0.048 0.752
12 0.8 0.048 0.752
10 0.8 0.048 0.752
14 0.8 0.048 0.752
11 0.8 0.048 0.752
24 0.8 0.048 0.752
4 0.8 0.048 0.752
20 0.8 0.048 0.752
6 0.8 0.048 0.752
26 0.8 0.048 0.752
21 0.8 0.048 0.752
22 0.8 0.048 0.752
23 0.8 0.048 0.752
3 0.8 0.048 0.752
8 0.8 0.048 0.752
36 0.8 0.048 0.752
1 0.8 0.048 0.752
27 0.8 0.048 0.752
21 0.8 0.048 0.752
22 0.8 0.048 0.752
26 0.8 0.048 0.752
33 0.8 0.048 0.752
38 0.8 0.048 0.752
19 0.8 0.048 0.752
12 0.8 0.048 0.752
10 0.8 0.048 0.752
14 0.8 0.048 0.752
11 0.8 0.048 0.752
11 0.752 0.048 0.704
11 0.704 0.16 0.544
11 0.544 0.016 0.528
24 0.8 0.048 0.752
4 0.8 0.048 0.752
20 0.8 0.048 0.752
6 0.8 0.048 0.752
26 0.8 0.048 0.752
21 0.8 0.048 0.752
22 0.8 0.048 0.752
23 0.8 0.048 0.752
3 0.8 0.048 0.752
8 0.8 0.048 0.752
36 0.8 0.048 0.752
1 0.8 0.048 0.752
27 0.8 0.048 0.752
21 0.8 0.048 0.752
22 0.8 0.048 0.752
26 0.8 0.048 0.752
33 0.8 0.048 0.752
7 0.8 0.048 0.752
38 0.8 0.048 0.752
19 0.8 0.048 0.752
12 0.8 0.048 0.752
10 0.8 0.048 0.752
14 0.8 0.048 0.752
24 0.8 0.048 0.752
4 0.8 0.048 0.752
20 0.8 0.048 0.752
6 0.8 0.048 0.752
26 0.8 0.048 0.752
21 0.8 0.048 0.752
22 0.8 0.048 0.752
26 0.752 0.048 0.704
26 0.704 0.16 0.544
26 0.544 0.016 0.528
21 0.752 0.16 0.592
22 0.752 0.16 0.592
23 0.8 0.048 0.752
3 0.8 0.048 0.752
8 0.8 0.048 0.752
36 0.8 0.048 0.752
1 0.8 0.048 0.752
21 0.74772 0.048 0.69972
22 0.662173 0.048 0.614173
26 0.59901 0.048 0.55101
21 0.69972 0.048 0.65172
21 0.65172 0.16 0.49172
22 0.614173 0.16 0.454173
26 0.55101 0.16 0.39101
33 0.8 0.048 0.752
7 0.8 0.048 0.752
38 0.8 0.048 0.752
19 0.8 0.048 0.752
12 0.8 0.048 0.752
14 0.8 0.048 0.752
24 0.8 0.048 0.752
4 0.8 0.048 0.752
20 0.8 0.048 0.752
6 0.8 0.048 0.752
6 0.752 0.048 0.704
6 0.704 0.16 0.544
6 0.544 0.016 0.528
23 0.8 0.048 0.752
3 0.8 0.048 0.752
8 0.8 0.048 0.752
36 0.8 0.048 0.752
1 0.8 0.048 0.752
27 0.8 0.048 0.752
33 0.8 0.048 0.752
7 0.8 0.048 0.752
38 0.8 0.048 0.752
19 0.8 0.048 0.752
12 0.8 0.048 0.752
14 0.8 0.048 0.752
24 0.8 0.048 0.752
4 0.8 0.048 0.752
20 0.8 0.048 0.752
23 0.8 0.048 0.752
3 0.8 0.048 0.752
8 0.8 0.048 0.752
36 0.8 0.048 0.752
1 0.8 0.048 0.752
27 0.8 0.048 0.752
31 0.8 0.048 0.752
36 0.752 0.048 0.704
36 0.704 0.16 0.544
1 0.752 0.16 0.592
27 0.752 0.16 0.592
31 0.752 0.16 0.592
31 0.592 0.016 0.576
36 0.544 0.016 0.528
31 0.576 0.048 0.528
27 0.592 0.048 0.544
36 0.528 0.048 0.48
33 0.8 0.048 0.752
7 0.8 0.048 0.752
33 0.752 0.048 0.704
33 0.704 0.16 0.544
33 0.544 0.016 0.528
7 0.752 0.16 0.592
38 0.8 0.048 0.752
19 0.8 0.048 0.752
12 0.8 0.048 0.752
14 0.8 0.048 0.752
24 0.8 0.048 0.752
4 0.8 0.048 0.752
20 0.8 0.048 0.752
23 0.8 0.048 0.752
3 0.8 0.048 0.752
8 0.8 0.048 0.752
31 0.8 0.048 0.752
27 0.8 0.048 0.752
36 0.8 0.048 0.752
38 0.8 0.048 0.752
19 0.8 0.048 0.752
12 0.8 0.048 0.752
14 0.8 0.048 0.752
24 0.8 0.048 0.752
4 0.8 0.048 0.752
20 0.8 0.048 0.752
23 0.8 0.048 0.752
3 0.8 0.048 0.752
8 0.8 0.048 0.752
31 0.8 0.048 0.752
1 0.8 0.048 0.752
27 0.8 0.048 0.752
36 0.8 0.048 0.752
38 0.8 0.048 0.752
19 0.8 0.048 0.752
12 0.8 0.048 0.752
14 0.8 0.048 0.752
24 0.8 0.048 0.752
4 0.8 0.048 0.752
20 0.8 0.048 0.752
23 0.8 0.048 0.752
3 0.8 0.048 0.752
8 0.8 0.048 0.752
31 0.8 0.048 0.752
1 0.8 0.048 0.752
27 0.8 0.048 0.752
36 0.8 0.048 0.752
38 0.8 0.048 0.752
19 0.8 0.048 0.752
12 0.8 0.048 0.752
14 0.8 0.048 0.752
24 0.8 0.048 0.752
4 0.8 0.048 0.752
20 0.8 0.048 0.752
23 0.8 0.048 0.752
3 0.8 0.048 0.752
8 0.8 0.048 0.752
31 0.8 0.048 0.752
27 0.8 0.048 0.752
36 0.8 0.048 0.752
38 0.8 0.048 0.752
19 0.8 0.048 0.752
12 0.8 0.048 0.752
14 0.8 0.048 0.752
24 0.8 0.048 0.752
4 0.8 0.048 0.752
20 0.8 0.048 0.752
24 0.752 0.048 0.704
24 0.704 0.16 0.544
24 0.544 0.016 0.528
4 0.752 0.16 0.592
20 0.752 0.16 0.592
23 0.8 0.048 0.752
3 0.8 0.048 0.752
8 0.8 0.048 0.752
31 0.8 0.048 0.752
1 0.8 0.048 0.752
27 0.8 0.048 0.752
36 0.8 0.048 0.752
