17 727 0 100 1.2 2.89576 3.39576
40 719 0 100 1.7 2.50097 3.50097
63 716 0 100 2.2 2.17588 3.67588
37 724 0 100 2.2 2.74821 4.24821
59 733 0 100 2.2 3.37484 4.87484
49 718 0 100 4.7 2.32206 6.32206
58 736 0 100 3.7 3.55203 6.55203
56 710 0 100 5.7 1.61084 6.61084
54 707 0 100 6.7 1.35531 7.35531
10 761 0 100 1.7 6.50769 7.50769
52 732 0 100 5.2 3.32891 7.82891
26 739 0 100 5.2 3.7764 8.2764
41 748 0 100 4.7 4.5302 8.5302
19 757 0 100 3.7 5.65929 8.65929
37 760 0 100 3.7 6.44595 9.44595
31 734 0 100 7.2 3.49379 9.99379
4 758 0 100 4.7 6.30236 10.3024
38 765 0 100 4.2 7.302 10.802
1 766 0 100 4.2 7.32586 10.8259
3 752 0 100 7.2 4.65871 11.1587
3 770 0 100 3.7 8.34917 11.3492
43 749 0 100 7.7 4.53786 11.5379
43 715 0 100 10.2 2.11038 11.6104
35 750 0 100 8.2 4.64137 12.1414
56 762 0 100 6.2 6.81933 12.3193
22 775 0 100 3.7 9.42859 12.4286
30 774 0 100 4.2 9.3622 12.8622
29 713 0 100 12.2 1.65306 13.1531
40 763 0 100 7.7 7.02514 14.0251
14 759 0 100 8.7 6.43525 14.4353
