8 0.8 0.048 0.752
15 0.8 0.048 0.752
20 0.8 0.048 0.752
46 0.8 0.048 0.752
8 0.752 0.144 0.608
8 0.608 0.16 0.448
15 0.752 0.16 0.592
15 0.592 0.016 0.576
8 0.448 0.016 0.432
15 0.576 0.048 0.528
8 0.432 0.048 0.384
20 0.752 0.048 0.704
46 0.752 0.048 0.704
15 0.528 0.096 0.432
15 0.432 0.16 0.272
20 0.704 0.16 0.544
46 0.704 0.16 0.544
8 0.384 0.16 0.224
20 0.544 0.16 0.384
46 0.544 0.16 0.384
22 0.8 0.048 0.752
3 0.8 0.048 0.752
22 0.752 0.048 0.704
22 0.704 0.16 0.544
3 0.752 0.16 0.592
3 0.592 0.016 0.576
22 0.544 0.016 0.528
3 0.576 0.048 0.528
22 0.528 0.048 0.48
16 0.8 0.048 0.752
27 0.8 0.048 0.752
16 0.752 0.048 0.704
16 0.704 0.16 0.544
27 0.752 0.16 0.592
27 0.592 0.016 0.576
16 0.544 0.016 0.528
27 0.576 0.048 0.528
16 0.528 0.048 0.48
26 0.8 0.048 0.752
1 0.8 0.048 0.752
6 0.8 0.048 0.752
10 0.8 0.048 0.752
12 0.8 0.048 0.752
40 0.8 0.048 0.752
26 0.752 0.24 0.512
26 0.512 0.16 0.352
1 0.752 0.16 0.592
6 0.752 0.16 0.592
10 0.752 0.16 0.592
10 0.592 0.016 0.576
26 0.352 0.016 0.336
10 0.576 0.048 0.528
1 0.592 0.048 0.544
12 0.752 0.048 0.704
26 0.336 0.048 0.288
40 0.752 0.048 0.704
10 0.528 0.144 0.384
10 0.384 0.16 0.224
12 0.704 0.16 0.544
40 0.704 0.16 0.544
1 0.544 0.16 0.384
12 0.544 0.16 0.384
26 0.288 0.16 0.128
40 0.544 0.16 0.384
21 0.8 0.048 0.752
47 0.8 0.048 0.752
31 0.8 0.048 0.752
47 0.752 0.048 0.704
47 0.704 0.16 0.544
31 0.752 0.16 0.592
31 0.592 0.016 0.576
47 0.544 0.016 0.528
31 0.576 0.048 0.528
47 0.528 0.048 0.48
3 0.8 0.048 0.752
22 0.8 0.048 0.752
25 0.8 0.048 0.752
2 0.8 0.048 0.752
48 0.8 0.048 0.752
25 0.752 0.096 0.656
25 0.656 0.16 0.496
2 0.752 0.16 0.592
2 0.592 0.016 0.576
25 0.496 0.016 0.48
2 0.576 0.048 0.528
25 0.48 0.048 0.432
48 0.752 0.16 0.592
35 0.8 0.048 0.752
14 0.8 0.048 0.752
49 0.8 0.048 0.752
35 0.752 0.096 0.656
35 0.656 0.16 0.496
14 0.752 0.16 0.592
14 0.592 0.016 0.576
35 0.496 0.016 0.48
14 0.576 0.048 0.528
19 0.8 0.048 0.752
35 0.48 0.048 0.432
14 0.528 0.048 0.48
14 0.48 0.16 0.32
49 0.752 0.16 0.592
19 0.752 0.16 0.592
19 0.592 0.016 0.576
14 0.32 0.016 0.304
19 0.576 0.048 0.528
14 0.304 0.048 0.256
35 0.432 0.16 0.272
27 0.8 0.048 0.752
16 0.8 0.048 0.752
4 0.8 0.048 0.752
30 0.8 0.048 0.752
4 0.752 0.048 0.704
4 0.704 0.16 0.544
30 0.752 0.16 0.592
30 0.592 0.016 0.576
4 0.544 0.016 0.528
30 0.576 0.048 0.528
4 0.528 0.048 0.48
1 0.753627 0.048 0.705627
6 0.8 0.048 0.752
9 0.8 0.048 0.752
10 0.594131 0.048 0.546131
12 0.748544 0.048 0.700544
26 0.503567 0.048 0.455567
40 0.768598 0.048 0.720598
1 0.705627 0.192 0.513627
1 0.513627 0.16 0.353627
6 0.752 0.16 0.592
9 0.752 0.16 0.592
10 0.546131 0.16 0.386131
12 0.700544 0.16 0.540544
12 0.540544 0.016 0.524544
1 0.353627 0.016 0.337627
12 0.524544 0.048 0.476544
1 0.337627 0.048 0.289627
6 0.592 0.048 0.544
9 0.592 0.048 0.544
10 0.386131 0.048 0.338131
26 0.455567 0.048 0.407567
32 0.8 0.048 0.752
12 0.476544 0.144 0.332544
12 0.332544 0.16 0.172544
26 0.407567 0.16 0.247567
40 0.720598 0.16 0.560598
1 0.289627 0.16 0.129627
6 0.544 0.16 0.384
9 0.544 0.16 0.384
10 0.338131 0.16 0.178131
26 0.247567 0.16 0.0875675
32 0.752 0.16 0.592
21 0.8 0.048 0.752
40 0.633301 0.048 0.585301
1 0.129627 0.048 0.0816273
10 0.248444 0.048 0.200444
23 0.8 0.048 0.752
26 0.0875675 0.048 0.0395675
40 0.585301 0.048 0.537301
40 0.537301 0.16 0.377301
1 0.0816273 0.16 -0.0783727
10 0.200444 0.16 0.0404436
23 0.752 0.16 0.592
23 0.592 0.016 0.576
40 0.377301 0.016 0.361301
23 0.576 0.048 0.528
20 0.8 0.048 0.752
40 0.361301 0.048 0.313301
46 0.8 0.048 0.752
23 0.528 0.096 0.432
23 0.432 0.16 0.272
26 0.0395675 0.16 -0.120433
20 0.752 0.16 0.592
20 0.592 0.016 0.576
23 0.272 0.016 0.256
20 0.576 0.048 0.528
8 0.8 0.048 0.752
15 0.8 0.048 0.752
23 0.256 0.048 0.208
46 0.752 0.048 0.704
20 0.528 0.096 0.432
20 0.432 0.16 0.272
40 0.313301 0.16 0.153301
46 0.704 0.16 0.544
8 0.752 0.16 0.592
8 0.592 0.016 0.576
20 0.272 0.016 0.256
8 0.576 0.048 0.528
15 0.752 0.048 0.704
20 0.256 0.048 0.208
46 0.544 0.048 0.496
15 0.704 0.16 0.544
23 0.208 0.16 0.048
46 0.496 0.16 0.336
31 0.8 0.048 0.752
3 0.8 0.048 0.752
47 0.8 0.048 0.752
3 0.8 0.048 0.752
22 0.8 0.048 0.752
2 0.8 0.048 0.752
25 0.8 0.048 0.752
19 0.8 0.048 0.752
14 0.635213 0.048 0.587213
27 0.8 0.048 0.752
16 0.8 0.048 0.752
30 0.8 0.048 0.752
4 0.8 0.048 0.752
38 0.8 0.048 0.752
13 0.8 0.048 0.752
44 0.8 0.048 0.752
38 0.752 0.096 0.656
38 0.656 0.16 0.496
13 0.752 0.16 0.592
13 0.592 0.016 0.576
38 0.496 0.016 0.48
13 0.576 0.048 0.528
38 0.48 0.048 0.432
44 0.752 0.048 0.704
13 0.528 0.048 0.48
13 0.48 0.16 0.32
44 0.704 0.16 0.544
38 0.432 0.16 0.272
44 0.544 0.16 0.384
46 0.71921 0.048 0.67121
8 0.8 0.048 0.752
15 0.8 0.048 0.752
20 0.590504 0.048 0.542504
23 0.358952 0.048 0.310952
46 0.67121 0.048 0.62321
46 0.62321 0.16 0.46321
8 0.752 0.16 0.592
15 0.752 0.16 0.592
20 0.542504 0.16 0.382504
23 0.310952 0.16 0.150952
36 0.8 0.048 0.752
6 0.761514 0.048 0.713514
9 0.759185 0.048 0.711185
32 0.8 0.048 0.752
36 0.752 0.144 0.608
36 0.608 0.16 0.448
6 0.713514 0.16 0.553514
6 0.553514 0.016 0.537514
36 0.448 0.016 0.432
6 0.537514 0.048 0.489514
1 0.372585 0.048 0.324585
9 0.711185 0.048 0.663185
12 0.544663 0.048 0.496663
26 0.37798 0.048 0.32998
32 0.752 0.048 0.704
36 0.432 0.048 0.384
6 0.489514 0.096 0.393514
6 0.393514 0.16 0.233514
9 0.663185 0.16 0.503185
32 0.704 0.16 0.544
1 0.324585 0.16 0.164585
9 0.503185 0.16 0.343185
12 0.496663 0.16 0.336663
26 0.32998 0.16 0.16998
32 0.544 0.16 0.384
36 0.384 0.16 0.224
21 0.8 0.048 0.752
18 0.8 0.048 0.752
21 0.752 0.048 0.704
21 0.704 0.16 0.544
18 0.752 0.16 0.592
18 0.592 0.016 0.576
21 0.544 0.016 0.528
18 0.576 0.048 0.528
21 0.528 0.048 0.48
50 0.8 0.048 0.752
18 0.528 0.096 0.432
18 0.432 0.16 0.272
18 0.272 0.016 0.256
21 0.48 0.16 0.32
50 0.752 0.16 0.592
8 0.668025 0.048 0.620025
15 0.668254 0.048 0.620254
20 0.382504 0.048 0.334504
46 0.46321 0.048 0.41521
48 0.8 0.048 0.752
25 0.8 0.048 0.752
48 0.752 0.048 0.704
48 0.704 0.16 0.544
25 0.752 0.16 0.592
25 0.592 0.016 0.576
48 0.544 0.016 0.528
25 0.576 0.048 0.528
2 0.8 0.048 0.752
48 0.528 0.048 0.48
29 0.8 0.048 0.752
13 0.46986 0.048 0.42186
28 0.8 0.048 0.752
44 0.532636 0.048 0.484636
29 0.752 0.048 0.704
29 0.704 0.16 0.544
13 0.42186 0.16 0.26186
28 0.752 0.16 0.592
28 0.592 0.016 0.576
29 0.544 0.016 0.528
28 0.576 0.048 0.528
29 0.528 0.048 0.48
44 0.484636 0.16 0.324636
41 0.8 0.048 0.752
31 0.8 0.048 0.752
3 0.8 0.048 0.752
47 0.8 0.048 0.752
3 0.8 0.048 0.752
22 0.8 0.048 0.752
31 0.752 0.048 0.704
2 0.8 0.048 0.752
25 0.678149 0.048 0.630149
19 0.8 0.048 0.752
14 0.8 0.048 0.752
33 0.8 0.048 0.752
7 0.8 0.048 0.752
49 0.8 0.048 0.752
33 0.752 0.096 0.656
33 0.656 0.16 0.496
7 0.752 0.16 0.592
7 0.592 0.016 0.576
33 0.496 0.016 0.48
7 0.576 0.048 0.528
33 0.48 0.048 0.432
49 0.752 0.16 0.592
27 0.8 0.048 0.752
16 0.8 0.048 0.752
30 0.8 0.048 0.752
4 0.8 0.048 0.752
8 0.8 0.048 0.752
15 0.8 0.048 0.752
20 0.71278 0.048 0.66478
46 0.778429 0.048 0.730429
25 0.8 0.048 0.752
2 0.8 0.048 0.752
48 0.8 0.048 0.752
28 0.8 0.048 0.752
29 0.8 0.048 0.752
41 0.8 0.048 0.752
31 0.8 0.048 0.752
3 0.8 0.048 0.752
47 0.8 0.048 0.752
3 0.8 0.048 0.752
22 0.8 0.048 0.752
2 0.8 0.048 0.752
25 0.8 0.048 0.752
19 0.8 0.048 0.752
14 0.8 0.048 0.752
7 0.8 0.048 0.752
33 0.799655 0.048 0.751655
49 0.8 0.048 0.752
7 0.752 0.048 0.704
7 0.704 0.16 0.544
33 0.751655 0.16 0.591655
49 0.752 0.16 0.592
49 0.592 0.016 0.576
7 0.544 0.016 0.528
49 0.576 0.048 0.528
7 0.528 0.048 0.48
33 0.591655 0.048 0.543655
27 0.8 0.048 0.752
16 0.8 0.048 0.752
11 0.8 0.048 0.752
39 0.8 0.048 0.752
11 0.752 0.048 0.704
11 0.704 0.16 0.544
39 0.752 0.16 0.592
39 0.592 0.016 0.576
11 0.544 0.016 0.528
39 0.576 0.048 0.528
11 0.528 0.048 0.48
14 0.752 0.048 0.704
19 0.752 0.048 0.704
35 0.8 0.048 0.752
14 0.704 0.048 0.656
14 0.656 0.16 0.496
19 0.704 0.16 0.544
35 0.752 0.16 0.592
35 0.592 0.016 0.576
14 0.496 0.016 0.48
35 0.576 0.048 0.528
14 0.48 0.048 0.432
30 0.8 0.048 0.752
4 0.8 0.048 0.752
9 0.8 0.048 0.752
1 0.8 0.048 0.752
6 0.8 0.048 0.752
12 0.8 0.048 0.752
26 0.8 0.048 0.752
32 0.8 0.048 0.752
36 0.8 0.048 0.752
9 0.752 0.192 0.56
9 0.56 0.16 0.4
1 0.752 0.16 0.592
6 0.752 0.16 0.592
12 0.752 0.16 0.592
26 0.752 0.16 0.592
32 0.752 0.16 0.592
32 0.592 0.016 0.576
9 0.4 0.016 0.384
32 0.576 0.048 0.528
6 0.592 0.048 0.544
9 0.384 0.048 0.336
12 0.592 0.048 0.544
36 0.752 0.048 0.704
32 0.528 0.048 0.48
32 0.48 0.16 0.32
36 0.704 0.16 0.544
6 0.544 0.16 0.384
9 0.336 0.16 0.176
12 0.544 0.16 0.384
36 0.544 0.16 0.384
34 0.8 0.048 0.752
37 0.8 0.048 0.752
34 0.752 0.048 0.704
34 0.704 0.16 0.544
37 0.752 0.16 0.592
37 0.592 0.016 0.576
34 0.544 0.016 0.528
37 0.576 0.048 0.528
34 0.528 0.048 0.48
8 0.8 0.048 0.752
15 0.8 0.048 0.752
20 0.8 0.048 0.752
46 0.8 0.048 0.752
17 0.8 0.048 0.752
5 0.8 0.048 0.752
17 0.752 0.048 0.704
17 0.704 0.16 0.544
5 0.752 0.16 0.592
5 0.592 0.016 0.576
17 0.544 0.016 0.528
5 0.576 0.048 0.528
17 0.528 0.048 0.48
25 0.8 0.048 0.752
2 0.8 0.048 0.752
48 0.8 0.048 0.752
28 0.8 0.048 0.752
29 0.8 0.048 0.752
41 0.8 0.048 0.752
31 0.8 0.048 0.752
47 0.8 0.048 0.752
3 0.8 0.048 0.752
22 0.8 0.048 0.752
2 0.8 0.048 0.752
25 0.8 0.048 0.752
19 0.8 0.048 0.752
14 0.8 0.048 0.752
22 0.8 0.048 0.752
3 0.752 0.048 0.704
49 0.8 0.048 0.752
33 0.8 0.048 0.752
35 0.8 0.048 0.752
27 0.8 0.048 0.752
16 0.8 0.048 0.752
39 0.8 0.048 0.752
11 0.8 0.048 0.752
35 0.752 0.048 0.704
49 0.752 0.048 0.704
30 0.8 0.048 0.752
4 0.8 0.048 0.752
37 0.8 0.048 0.752
34 0.8 0.048 0.752
8 0.8 0.048 0.752
15 0.8 0.048 0.752
20 0.8 0.048 0.752
46 0.8 0.048 0.752
8 0.752 0.048 0.704
8 0.704 0.16 0.544
8 0.544 0.016 0.528
15 0.752 0.16 0.592
20 0.752 0.16 0.592
46 0.752 0.16 0.592
20 0.663916 0.048 0.615916
8 0.528 0.048 0.48
15 0.592 0.048 0.544
23 0.8 0.048 0.752
46 0.66239 0.048 0.61439
20 0.615916 0.096 0.519916
20 0.519916 0.16 0.359916
20 0.359916 0.016 0.343916
8 0.48 0.16 0.32
15 0.544 0.16 0.384
23 0.752 0.16 0.592
46 0.61439 0.16 0.45439
5 0.8 0.048 0.752
17 0.8 0.048 0.752
25 0.8 0.048 0.752
2 0.8 0.048 0.752
48 0.8 0.048 0.752
28 0.8 0.048 0.752
29 0.8 0.048 0.752
26 0.8 0.048 0.752
1 0.8 0.048 0.752
6 0.8 0.048 0.752
9 0.70698 0.048 0.65898
10 0.8 0.048 0.752
12 0.8 0.048 0.752
26 0.752 0.096 0.656
26 0.656 0.16 0.496
1 0.752 0.16 0.592
1 0.592 0.016 0.576
26 0.496 0.016 0.48
1 0.576 0.048 0.528
6 0.752 0.048 0.704
9 0.65898 0.048 0.61098
10 0.752 0.048 0.704
12 0.752 0.048 0.704
26 0.48 0.048 0.432
1 0.528 0.048 0.48
1 0.48 0.16 0.32
6 0.704 0.16 0.544
9 0.61098 0.16 0.45098
10 0.704 0.16 0.544
12 0.704 0.16 0.544
6 0.544 0.16 0.384
9 0.45098 0.16 0.29098
10 0.544 0.16 0.384
12 0.544 0.16 0.384
26 0.432 0.16 0.272
41 0.8 0.048 0.752
31 0.8 0.048 0.752
3 0.8 0.048 0.752
47 0.8 0.048 0.752
3 0.8 0.048 0.752
22 0.8 0.048 0.752
31 0.752 0.048 0.704
2 0.8 0.048 0.752
25 0.8 0.048 0.752
48 0.8 0.048 0.752
2 0.752 0.048 0.704
2 0.704 0.16 0.544
25 0.752 0.16 0.592
48 0.752 0.16 0.592
48 0.592 0.016 0.576
2 0.544 0.016 0.528
48 0.576 0.048 0.528
2 0.528 0.048 0.48
25 0.592 0.048 0.544
19 0.8 0.048 0.752
14 0.8 0.048 0.752
22 0.8 0.048 0.752
3 0.752 0.048 0.704
49 0.8 0.048 0.752
33 0.8 0.048 0.752
27 0.8 0.048 0.752
16 0.8 0.048 0.752
39 0.8 0.048 0.752
11 0.8 0.048 0.752
35 0.8 0.048 0.752
24 0.8 0.048 0.752
30 0.8 0.048 0.752
4 0.8 0.048 0.752
50 0.8 0.048 0.752
18 0.8 0.048 0.752
34 0.8 0.048 0.752
50 0.752 0.096 0.656
50 0.656 0.16 0.496
18 0.752 0.16 0.592
18 0.592 0.016 0.576
50 0.496 0.016 0.48
18 0.576 0.048 0.528
50 0.48 0.048 0.432
34 0.752 0.16 0.592
37 0.8 0.048 0.752
34 0.592 0.048 0.544
44 0.8 0.048 0.752
13 0.8 0.048 0.752
29 0.8 0.048 0.752
38 0.8 0.048 0.752
44 0.752 0.096 0.656
44 0.656 0.16 0.496
13 0.752 0.16 0.592
29 0.752 0.16 0.592
29 0.592 0.016 0.576
44 0.496 0.016 0.48
29 0.576 0.048 0.528
28 0.8 0.048 0.752
44 0.48 0.048 0.432
38 0.752 0.16 0.592
23 0.8 0.048 0.752
20 0.644119 0.048 0.596119
40 0.8 0.048 0.752
46 0.757061 0.048 0.709061
23 0.752 0.096 0.656
23 0.656 0.16 0.496
20 0.596119 0.16 0.436119
40 0.752 0.16 0.592
46 0.709061 0.16 0.549061
45 0.8 0.048 0.752
5 0.8 0.048 0.752
17 0.8 0.048 0.752
25 0.763617 0.048 0.715617
2 0.783496 0.048 0.735496
48 0.8 0.048 0.752
25 0.715617 0.048 0.667617
25 0.667617 0.16 0.507617
2 0.735496 0.16 0.575496
2 0.575496 0.016 0.559496
25 0.507617 0.016 0.491617
2 0.559496 0.048 0.511496
25 0.491617 0.048 0.443617
48 0.752 0.048 0.704
48 0.704 0.16 0.544
28 0.8 0.048 0.752
29 0.606118 0.048 0.558118
41 0.8 0.048 0.752
31 0.8 0.048 0.752
47 0.8 0.048 0.752
42 0.8 0.048 0.752
3 0.8 0.048 0.752
22 0.8 0.048 0.752
31 0.752 0.048 0.704
3 0.752 0.048 0.704
3 0.704 0.16 0.544
3 0.544 0.016 0.528
22 0.752 0.16 0.592
31 0.704 0.16 0.544
48 0.620241 0.048 0.572241
2 0.58447 0.048 0.53647
25 0.590873 0.048 0.542873
19 0.8 0.048 0.752
14 0.8 0.048 0.752
22 0.664678 0.048 0.616678
3 0.528 0.048 0.48
22 0.616678 0.048 0.568678
22 0.568678 0.16 0.408678
22 0.408678 0.016 0.392678
3 0.48 0.16 0.32
49 0.8 0.048 0.752
33 0.8 0.048 0.752
35 0.8 0.048 0.752
27 0.8 0.048 0.752
16 0.8 0.048 0.752
39 0.8 0.048 0.752
11 0.8 0.048 0.752
17 0.8 0.048 0.752
39 0.752 0.048 0.704
39 0.704 0.16 0.544
11 0.752 0.16 0.592
17 0.752 0.16 0.592
17 0.592 0.016 0.576
39 0.544 0.016 0.528
17 0.576 0.048 0.528
5 0.8 0.048 0.752
11 0.592 0.048 0.544
39 0.528 0.048 0.48
35 0.752 0.048 0.704
49 0.752 0.048 0.704
7 0.8 0.048 0.752
33 0.752 0.048 0.704
7 0.752 0.048 0.704
7 0.704 0.16 0.544
33 0.704 0.16 0.544
33 0.544 0.016 0.528
7 0.544 0.016 0.528
33 0.528 0.048 0.48
7 0.528 0.048 0.48
49 0.704 0.048 0.656
24 0.8 0.048 0.752
43 0.8 0.048 0.752
30 0.8 0.048 0.752
4 0.8 0.048 0.752
38 0.8 0.048 0.752
13 0.8 0.048 0.752
44 0.733414 0.048 0.685414
38 0.752 0.048 0.704
38 0.704 0.16 0.544
13 0.752 0.16 0.592
44 0.685414 0.16 0.525414
44 0.525414 0.016 0.509414
38 0.544 0.016 0.528
44 0.509414 0.048 0.461414
13 0.592 0.048 0.544
29 0.786151 0.048 0.738151
38 0.528 0.048 0.48
18 0.8 0.048 0.752
50 0.8 0.048 0.752
37 0.8 0.048 0.752
34 0.8 0.048 0.752
21 0.8 0.048 0.752
29 0.8 0.048 0.752
28 0.8 0.048 0.752
44 0.53859 0.048 0.49059
45 0.8 0.048 0.752
5 0.8 0.048 0.752
17 0.684992 0.048 0.636992
2 0.8 0.048 0.752
25 0.771627 0.048 0.723627
48 0.8 0.048 0.752
28 0.8 0.048 0.752
29 0.8 0.048 0.752
41 0.8 0.048 0.752
31 0.8 0.048 0.752
3 0.629488 0.048 0.581488
47 0.8 0.048 0.752
31 0.752 0.048 0.704
31 0.704 0.16 0.544
3 0.581488 0.16 0.421488
47 0.752 0.16 0.592
16 0.8 0.048 0.752
27 0.8 0.048 0.752
42 0.8 0.048 0.752
48 0.8 0.048 0.752
2 0.8 0.048 0.752
25 0.8 0.048 0.752
19 0.8 0.048 0.752
14 0.8 0.048 0.752
49 0.8 0.048 0.752
33 0.8 0.048 0.752
35 0.8 0.048 0.752
27 0.8 0.048 0.752
16 0.8 0.048 0.752
17 0.8 0.048 0.752
5 0.8 0.048 0.752
35 0.752 0.048 0.704
14 0.752 0.048 0.704
49 0.752 0.048 0.704
33 0.752 0.048 0.704
7 0.8 0.048 0.752
49 0.704 0.048 0.656
24 0.8 0.048 0.752
43 0.8 0.048 0.752
30 0.8 0.048 0.752
4 0.8 0.048 0.752
44 0.783129 0.048 0.735129
13 0.8 0.048 0.752
29 0.8 0.048 0.752
38 0.8 0.048 0.752
18 0.8 0.048 0.752
50 0.8 0.048 0.752
37 0.8 0.048 0.752
34 0.8 0.048 0.752
21 0.8 0.048 0.752
29 0.8 0.048 0.752
28 0.8 0.048 0.752
44 0.8 0.048 0.752
45 0.8 0.048 0.752
5 0.8 0.048 0.752
17 0.8 0.048 0.752
2 0.8 0.048 0.752
25 0.8 0.048 0.752
48 0.8 0.048 0.752
2 0.752 0.048 0.704
2 0.704 0.16 0.544
2 0.544 0.016 0.528
25 0.752 0.16 0.592
48 0.752 0.16 0.592
28 0.8 0.048 0.752
29 0.8 0.048 0.752
41 0.8 0.048 0.752
16 0.8 0.048 0.752
27 0.8 0.048 0.752
42 0.8 0.048 0.752
4 0.8 0.048 0.752
42 0.752 0.048 0.704
42 0.704 0.16 0.544
4 0.752 0.16 0.592
4 0.592 0.016 0.576
42 0.544 0.016 0.528
4 0.576 0.048 0.528
30 0.8 0.048 0.752
42 0.528 0.048 0.48
48 0.662868 0.048 0.614868
2 0.60142 0.048 0.55342
25 0.743295 0.048 0.695295
48 0.614868 0.048 0.566868
48 0.566868 0.16 0.406868
48 0.406868 0.016 0.390868
2 0.55342 0.16 0.39342
25 0.695295 0.16 0.535295
19 0.8 0.048 0.752
14 0.8 0.048 0.752
36 0.8 0.048 0.752
6 0.8 0.048 0.752
9 0.8 0.048 0.752
12 0.8 0.048 0.752
32 0.8 0.048 0.752
36 0.752 0.048 0.704
36 0.704 0.16 0.544
6 0.752 0.16 0.592
9 0.752 0.16 0.592
9 0.592 0.016 0.576
36 0.544 0.016 0.528
9 0.576 0.048 0.528
1 0.8 0.048 0.752
6 0.592 0.048 0.544
12 0.752 0.048 0.704
26 0.8 0.048 0.752
32 0.752 0.048 0.704
36 0.528 0.048 0.48
9 0.528 0.048 0.48
9 0.48 0.16 0.32
12 0.704 0.16 0.544
32 0.704 0.16 0.544
1 0.752 0.16 0.592
6 0.544 0.16 0.384
12 0.544 0.16 0.384
26 0.752 0.16 0.592
26 0.592 0.016 0.576
9 0.32 0.016 0.304
26 0.576 0.048 0.528
1 0.592 0.048 0.544
6 0.384 0.048 0.336
9 0.304 0.048 0.256
10 0.8 0.048 0.752
12 0.384 0.048 0.336
32 0.544 0.16 0.384
36 0.48 0.16 0.32
49 0.8 0.048 0.752
33 0.8 0.048 0.752
35 0.8 0.048 0.752
27 0.8 0.048 0.752
16 0.8 0.048 0.752
17 0.8 0.048 0.752
5 0.8 0.048 0.752
35 0.752 0.048 0.704
49 0.752 0.048 0.704
33 0.752 0.048 0.704
7 0.8 0.048 0.752
49 0.704 0.048 0.656
24 0.8 0.048 0.752
43 0.8 0.048 0.752
30 0.8 0.048 0.752
4 0.602041 0.048 0.554041
44 0.8 0.048 0.752
13 0.8 0.048 0.752
29 0.8 0.048 0.752
38 0.8 0.048 0.752
18 0.8 0.048 0.752
50 0.8 0.048 0.752
34 0.8 0.048 0.752
37 0.8 0.048 0.752
37 0.752 0.048 0.704
34 0.752 0.048 0.704
21 0.8 0.048 0.752
29 0.8 0.048 0.752
28 0.8 0.048 0.752
44 0.8 0.048 0.752
45 0.8 0.048 0.752
5 0.8 0.048 0.752
17 0.8 0.048 0.752
28 0.8 0.048 0.752
29 0.8 0.048 0.752
41 0.8 0.048 0.752
16 0.8 0.048 0.752
27 0.8 0.048 0.752
4 0.8 0.048 0.752
30 0.8 0.048 0.752
19 0.8 0.048 0.752
14 0.8 0.048 0.752
26 0.8 0.048 0.752
1 0.8 0.048 0.752
6 0.715102 0.048 0.667102
9 0.631796 0.048 0.583796
10 0.8 0.048 0.752
12 0.710205 0.048 0.662205
49 0.8 0.048 0.752
33 0.8 0.048 0.752
35 0.8 0.048 0.752
27 0.8 0.048 0.752
16 0.8 0.048 0.752
17 0.8 0.048 0.752
5 0.8 0.048 0.752
35 0.752 0.048 0.704
33 0.752 0.048 0.704
49 0.752 0.048 0.704
35 0.704 0.048 0.656
35 0.656 0.16 0.496
35 0.496 0.016 0.48
33 0.704 0.16 0.544
49 0.704 0.16 0.544
33 0.544 0.048 0.496
7 0.8 0.048 0.752
35 0.48 0.048 0.432
49 0.544 0.048 0.496
24 0.8 0.048 0.752
43 0.8 0.048 0.752
30 0.8 0.048 0.752
4 0.8 0.048 0.752
44 0.8 0.048 0.752
13 0.8 0.048 0.752
29 0.8 0.048 0.752
38 0.8 0.048 0.752
18 0.8 0.048 0.752
50 0.8 0.048 0.752
34 0.8 0.048 0.752
37 0.8 0.048 0.752
37 0.752 0.048 0.704
34 0.752 0.048 0.704
21 0.8 0.048 0.752
29 0.8 0.048 0.752
13 0.8 0.048 0.752
28 0.8 0.048 0.752
44 0.8 0.048 0.752
45 0.8 0.048 0.752
7 0.8 0.048 0.752
45 0.752 0.048 0.704
45 0.704 0.16 0.544
7 0.752 0.16 0.592
7 0.592 0.016 0.576
45 0.544 0.016 0.528
7 0.576 0.048 0.528
33 0.646554 0.048 0.598554
45 0.528 0.048 0.48
5 0.8 0.048 0.752
17 0.8 0.048 0.752
28 0.8 0.048 0.752
29 0.8 0.048 0.752
28 0.752 0.048 0.704
28 0.704 0.16 0.544
28 0.544 0.016 0.528
29 0.752 0.16 0.592
25 0.8 0.048 0.752
2 0.8 0.048 0.752
48 0.8 0.048 0.752
25 0.752 0.096 0.656
25 0.656 0.16 0.496
2 0.752 0.16 0.592
2 0.592 0.016 0.576
25 0.496 0.016 0.48
2 0.576 0.048 0.528
25 0.48 0.048 0.432
48 0.752 0.048 0.704
2 0.528 0.048 0.48
2 0.48 0.16 0.32
48 0.704 0.16 0.544
25 0.432 0.16 0.272
48 0.544 0.16 0.384
47 0.8 0.048 0.752
31 0.8 0.048 0.752
40 0.8 0.048 0.752
10 0.8 0.048 0.752
20 0.8 0.048 0.752
23 0.8 0.048 0.752
40 0.752 0.048 0.704
40 0.704 0.16 0.544
10 0.752 0.16 0.592
20 0.752 0.16 0.592
20 0.592 0.016 0.576
40 0.544 0.016 0.528
20 0.576 0.048 0.528
23 0.752 0.048 0.704
40 0.528 0.048 0.48
46 0.8 0.048 0.752
23 0.704 0.16 0.544
41 0.8 0.048 0.752
41 0.752 0.048 0.704
41 0.704 0.16 0.544
41 0.544 0.016 0.528
16 0.8 0.048 0.752
27 0.8 0.048 0.752
4 0.8 0.048 0.752
30 0.8 0.048 0.752
19 0.8 0.048 0.752
14 0.8 0.048 0.752
26 0.8 0.048 0.752
1 0.8 0.048 0.752
6 0.8 0.048 0.752
10 0.739974 0.048 0.691974
12 0.8 0.048 0.752
49 0.8 0.048 0.752
33 0.8 0.048 0.752
35 0.8 0.048 0.752
49 0.752 0.048 0.704
49 0.704 0.16 0.544
33 0.752 0.16 0.592
35 0.752 0.16 0.592
35 0.592 0.016 0.576
49 0.544 0.016 0.528
35 0.576 0.048 0.528
33 0.592 0.048 0.544
49 0.528 0.048 0.48
27 0.8 0.048 0.752
16 0.8 0.048 0.752
17 0.8 0.048 0.752
5 0.8 0.048 0.752
14 0.8 0.048 0.752
19 0.752 0.048 0.704
33 0.544 0.048 0.496
7 0.676109 0.048 0.628109
49 0.48 0.048 0.432
24 0.8 0.048 0.752
43 0.8 0.048 0.752
30 0.8 0.048 0.752
4 0.8 0.048 0.752
44 0.8 0.048 0.752
13 0.8 0.048 0.752
38 0.8 0.048 0.752
44 0.752 0.048 0.704
44 0.704 0.16 0.544
44 0.544 0.016 0.528
13 0.752 0.16 0.592
38 0.752 0.16 0.592
18 0.8 0.048 0.752
50 0.8 0.048 0.752
34 0.8 0.048 0.752
37 0.8 0.048 0.752
37 0.752 0.048 0.704
34 0.752 0.048 0.704
21 0.8 0.048 0.752
29 0.8 0.048 0.752
28 0.8 0.048 0.752
44 0.604417 0.048 0.556417
29 0.752 0.048 0.704
29 0.704 0.16 0.544
28 0.752 0.16 0.592
28 0.592 0.016 0.576
29 0.544 0.016 0.528
28 0.576 0.048 0.528
29 0.528 0.048 0.48
44 0.556417 0.16 0.396417
7 0.8 0.048 0.752
33 0.646303 0.048 0.598303
5 0.8 0.048 0.752
17 0.8 0.048 0.752
47 0.8 0.048 0.752
31 0.8 0.048 0.752
20 0.8 0.048 0.752
23 0.8 0.048 0.752
40 0.8 0.048 0.752
46 0.8 0.048 0.752
16 0.8 0.048 0.752
27 0.8 0.048 0.752
4 0.8 0.048 0.752
30 0.8 0.048 0.752
19 0.8 0.048 0.752
14 0.8 0.048 0.752
26 0.8 0.048 0.752
1 0.8 0.048 0.752
6 0.8 0.048 0.752
9 0.8 0.048 0.752
10 0.8 0.048 0.752
12 0.8 0.048 0.752
35 0.8 0.048 0.752
49 0.8 0.048 0.752
27 0.8 0.048 0.752
16 0.8 0.048 0.752
17 0.8 0.048 0.752
5 0.8 0.048 0.752
17 0.752 0.048 0.704
17 0.704 0.16 0.544
17 0.544 0.016 0.528
5 0.752 0.16 0.592
8 0.8 0.048 0.752
15 0.8 0.048 0.752
46 0.8 0.048 0.752
14 0.8 0.048 0.752
19 0.752 0.048 0.704
33 0.8 0.048 0.752
7 0.8 0.048 0.752
49 0.752 0.048 0.704
33 0.752 0.048 0.704
33 0.704 0.16 0.544
7 0.752 0.16 0.592
49 0.704 0.16 0.544
49 0.544 0.016 0.528
33 0.544 0.016 0.528
49 0.528 0.048 0.48
33 0.528 0.048 0.48
35 0.752 0.048 0.704
24 0.8 0.048 0.752
43 0.8 0.048 0.752
30 0.8 0.048 0.752
4 0.8 0.048 0.752
18 0.8 0.048 0.752
21 0.8 0.048 0.752
50 0.8 0.048 0.752
34 0.8 0.048 0.752
37 0.8 0.048 0.752
50 0.8 0.048 0.752
34 0.752 0.048 0.704
34 0.704 0.16 0.544
37 0.752 0.16 0.592
50 0.752 0.16 0.592
50 0.592 0.016 0.576
34 0.544 0.016 0.528
50 0.576 0.048 0.528
18 0.752 0.048 0.704
34 0.528 0.048 0.48
37 0.592 0.048 0.544
34 0.48 0.048 0.432
21 0.8 0.048 0.752
18 0.781607 0.048 0.733607
21 0.752 0.048 0.704
21 0.704 0.16 0.544
21 0.544 0.016 0.528
18 0.733607 0.16 0.573607
28 0.8 0.048 0.752
29 0.8 0.048 0.752
7 0.8 0.048 0.752
33 0.632216 0.048 0.584216
7 0.752 0.048 0.704
7 0.704 0.16 0.544
33 0.584216 0.16 0.424216
5 0.8 0.048 0.752
17 0.674899 0.048 0.626899
47 0.8 0.048 0.752
31 0.8 0.048 0.752
20 0.8 0.048 0.752
23 0.8 0.048 0.752
40 0.8 0.048 0.752
46 0.8 0.048 0.752
11 0.8 0.048 0.752
39 0.8 0.048 0.752
11 0.752 0.048 0.704
11 0.704 0.16 0.544
39 0.752 0.16 0.592
39 0.592 0.016 0.576
11 0.544 0.016 0.528
39 0.576 0.048 0.528
11 0.528 0.048 0.48
16 0.8 0.048 0.752
27 0.8 0.048 0.752
4 0.8 0.048 0.752
30 0.8 0.048 0.752
19 0.8 0.048 0.752
14 0.8 0.048 0.752
26 0.8 0.048 0.752
1 0.8 0.048 0.752
6 0.8 0.048 0.752
9 0.8 0.048 0.752
10 0.8 0.048 0.752
12 0.8 0.048 0.752
36 0.8 0.048 0.752
35 0.8 0.048 0.752
33 0.647032 0.048 0.599032
49 0.8 0.048 0.752
27 0.8 0.048 0.752
16 0.8 0.048 0.752
8 0.8 0.048 0.752
15 0.8 0.048 0.752
46 0.8 0.048 0.752
14 0.8 0.048 0.752
19 0.752 0.048 0.704
9 0.752 0.048 0.704
1 0.752 0.048 0.704
6 0.752 0.048 0.704
12 0.8 0.048 0.752
26 0.752 0.048 0.704
32 0.8 0.048 0.752
36 0.752 0.048 0.704
9 0.704 0.048 0.656
9 0.656 0.16 0.496
1 0.704 0.16 0.544
6 0.704 0.16 0.544
12 0.752 0.16 0.592
26 0.704 0.16 0.544
32 0.752 0.16 0.592
36 0.704 0.16 0.544
36 0.544 0.016 0.528
9 0.496 0.016 0.48
36 0.528 0.048 0.48
1 0.544 0.048 0.496
6 0.544 0.048 0.496
9 0.48 0.048 0.432
12 0.592 0.048 0.544
26 0.544 0.048 0.496
32 0.592 0.048 0.544
49 0.752 0.048 0.704
33 0.599032 0.048 0.551032
35 0.752 0.048 0.704
24 0.8 0.048 0.752
43 0.8 0.048 0.752
30 0.8 0.048 0.752
4 0.8 0.048 0.752
18 0.8 0.048 0.752
21 0.8 0.048 0.752
50 0.8 0.048 0.752
18 0.752 0.048 0.704
18 0.704 0.16 0.544
21 0.752 0.16 0.592
21 0.592 0.016 0.576
18 0.544 0.016 0.528
21 0.576 0.048 0.528
18 0.528 0.048 0.48
50 0.752 0.16 0.592
50 0.662543 0.048 0.614543
18 0.48 0.048 0.432
37 0.8 0.048 0.752
34 0.797907 0.048 0.749907
37 0.752 0.048 0.704
37 0.704 0.16 0.544
37 0.544 0.016 0.528
34 0.749907 0.16 0.589907
28 0.8 0.048 0.752
29 0.8 0.048 0.752
5 0.8 0.048 0.752
17 0.8 0.048 0.752
47 0.8 0.048 0.752
31 0.8 0.048 0.752
20 0.8 0.048 0.752
15 0.8 0.048 0.752
23 0.8 0.048 0.752
40 0.8 0.048 0.752
46 0.8 0.048 0.752
39 0.8 0.048 0.752
11 0.8 0.048 0.752
16 0.8 0.048 0.752
27 0.8 0.048 0.752
4 0.8 0.048 0.752
30 0.8 0.048 0.752
19 0.8 0.048 0.752
14 0.8 0.048 0.752
26 0.8 0.048 0.752
1 0.8 0.048 0.752
6 0.8 0.048 0.752
10 0.8 0.048 0.752
12 0.8 0.048 0.752
32 0.8 0.048 0.752
36 0.8 0.048 0.752
35 0.8 0.048 0.752
33 0.8 0.048 0.752
49 0.8 0.048 0.752
27 0.8 0.048 0.752
16 0.8 0.048 0.752
8 0.8 0.048 0.752
15 0.8 0.048 0.752
14 0.8 0.048 0.752
19 0.752 0.048 0.704
36 0.752 0.048 0.704
1 0.752 0.048 0.704
6 0.752 0.048 0.704
9 0.8 0.048 0.752
12 0.8 0.048 0.752
26 0.752 0.048 0.704
32 0.8 0.048 0.752
49 0.752 0.048 0.704
33 0.752 0.048 0.704
35 0.752 0.048 0.704
24 0.8 0.048 0.752
43 0.8 0.048 0.752
30 0.8 0.048 0.752
4 0.8 0.048 0.752
21 0.8 0.048 0.752
18 0.8 0.048 0.752
50 0.8 0.048 0.752
18 0.752 0.048 0.704
50 0.752 0.048 0.704
50 0.704 0.16 0.544
18 0.704 0.16 0.544
18 0.544 0.016 0.528
50 0.544 0.016 0.528
18 0.528 0.048 0.48
21 0.752 0.048 0.704
50 0.528 0.048 0.48
28 0.8 0.048 0.752
29 0.8 0.048 0.752
5 0.8 0.048 0.752
17 0.8 0.048 0.752
47 0.8 0.048 0.752
31 0.8 0.048 0.752
20 0.8 0.048 0.752
15 0.8 0.048 0.752
23 0.8 0.048 0.752
40 0.8 0.048 0.752
46 0.8 0.048 0.752
45 0.8 0.048 0.752
42 0.8 0.048 0.752
39 0.8 0.048 0.752
11 0.8 0.048 0.752
16 0.8 0.048 0.752
27 0.8 0.048 0.752
4 0.8 0.048 0.752
30 0.8 0.048 0.752
38 0.8 0.048 0.752
13 0.8 0.048 0.752
44 0.8 0.048 0.752
38 0.752 0.048 0.704
38 0.704 0.16 0.544
13 0.752 0.16 0.592
44 0.752 0.16 0.592
44 0.592 0.016 0.576
38 0.544 0.016 0.528
44 0.576 0.048 0.528
13 0.592 0.048 0.544
38 0.528 0.048 0.48
19 0.8 0.048 0.752
14 0.8 0.048 0.752
26 0.8 0.048 0.752
1 0.8 0.048 0.752
6 0.8 0.048 0.752
10 0.8 0.048 0.752
12 0.8 0.048 0.752
35 0.8 0.048 0.752
49 0.8 0.048 0.752
27 0.8 0.048 0.752
16 0.8 0.048 0.752
8 0.8 0.048 0.752
15 0.8 0.048 0.752
46 0.8 0.048 0.752
14 0.8 0.048 0.752
19 0.752 0.048 0.704
36 0.8 0.048 0.752
1 0.752 0.048 0.704
6 0.752 0.048 0.704
9 0.8 0.048 0.752
12 0.8 0.048 0.752
32 0.8 0.048 0.752
36 0.752 0.048 0.704
36 0.704 0.16 0.544
36 0.544 0.016 0.528
1 0.704 0.16 0.544
6 0.704 0.16 0.544
9 0.752 0.16 0.592
12 0.752 0.16 0.592
32 0.752 0.16 0.592
49 0.752 0.048 0.704
33 0.8 0.048 0.752
35 0.752 0.048 0.704
24 0.8 0.048 0.752
43 0.8 0.048 0.752
30 0.8 0.048 0.752
4 0.8 0.048 0.752
21 0.8 0.048 0.752
18 0.8 0.048 0.752
50 0.8 0.048 0.752
28 0.8 0.048 0.752
29 0.8 0.048 0.752
5 0.8 0.048 0.752
17 0.8 0.048 0.752
47 0.8 0.048 0.752
31 0.8 0.048 0.752
20 0.8 0.048 0.752
15 0.8 0.048 0.752
23 0.8 0.048 0.752
40 0.8 0.048 0.752
46 0.8 0.048 0.752
45 0.8 0.048 0.752
7 0.8 0.048 0.752
42 0.8 0.048 0.752
39 0.8 0.048 0.752
11 0.8 0.048 0.752
3 0.8 0.048 0.752
22 0.8 0.048 0.752
3 0.752 0.048 0.704
3 0.704 0.16 0.544
22 0.752 0.16 0.592
22 0.592 0.016 0.576
3 0.544 0.016 0.528
22 0.576 0.048 0.528
3 0.528 0.048 0.48
16 0.8 0.048 0.752
27 0.8 0.048 0.752
4 0.8 0.048 0.752
30 0.8 0.048 0.752
44 0.8 0.048 0.752
13 0.8 0.048 0.752
38 0.8 0.048 0.752
19 0.8 0.048 0.752
14 0.8 0.048 0.752
26 0.8 0.048 0.752
1 0.8 0.048 0.752
6 0.8 0.048 0.752
10 0.8 0.048 0.752
12 0.8 0.048 0.752
35 0.8 0.048 0.752
33 0.8 0.048 0.752
49 0.8 0.048 0.752
27 0.8 0.048 0.752
16 0.8 0.048 0.752
8 0.8 0.048 0.752
15 0.8 0.048 0.752
43 0.8 0.048 0.752
46 0.8 0.048 0.752
8 0.752 0.048 0.704
8 0.704 0.16 0.544
8 0.544 0.016 0.528
15 0.752 0.16 0.592
43 0.752 0.16 0.592
46 0.752 0.16 0.592
14 0.8 0.048 0.752
19 0.752 0.048 0.704
49 0.752 0.048 0.704
33 0.752 0.048 0.704
35 0.752 0.048 0.704
24 0.8 0.048 0.752
43 0.592 0.048 0.544
8 0.528 0.048 0.48
30 0.8 0.048 0.752
4 0.8 0.048 0.752
29 0.8 0.048 0.752
28 0.8 0.048 0.752
21 0.8 0.048 0.752
18 0.8 0.048 0.752
50 0.8 0.048 0.752
28 0.8 0.048 0.752
29 0.8 0.048 0.752
5 0.8 0.048 0.752
17 0.8 0.048 0.752
47 0.8 0.048 0.752
31 0.8 0.048 0.752
20 0.8 0.048 0.752
15 0.8 0.048 0.752
23 0.8 0.048 0.752
40 0.8 0.048 0.752
46 0.8 0.048 0.752
45 0.8 0.048 0.752
42 0.8 0.048 0.752
39 0.8 0.048 0.752
11 0.8 0.048 0.752
22 0.8 0.048 0.752
3 0.8 0.048 0.752
16 0.8 0.048 0.752
27 0.8 0.048 0.752
4 0.8 0.048 0.752
30 0.8 0.048 0.752
44 0.8 0.048 0.752
13 0.8 0.048 0.752
38 0.8 0.048 0.752
19 0.8 0.048 0.752
14 0.8 0.048 0.752
26 0.8 0.048 0.752
1 0.8 0.048 0.752
6 0.8 0.048 0.752
9 0.8 0.048 0.752
10 0.8 0.048 0.752
12 0.8 0.048 0.752
35 0.8 0.048 0.752
33 0.8 0.048 0.752
49 0.8 0.048 0.752
27 0.8 0.048 0.752
16 0.8 0.048 0.752
14 0.8 0.048 0.752
19 0.752 0.048 0.704
49 0.752 0.048 0.704
33 0.752 0.048 0.704
35 0.752 0.048 0.704
24 0.8 0.048 0.752
43 0.8 0.048 0.752
8 0.8 0.048 0.752
43 0.752 0.048 0.704
43 0.704 0.16 0.544
8 0.752 0.16 0.592
8 0.592 0.016 0.576
43 0.544 0.016 0.528
8 0.576 0.048 0.528
15 0.8 0.048 0.752
43 0.528 0.048 0.48
46 0.8 0.048 0.752
30 0.8 0.048 0.752
4 0.8 0.048 0.752
29 0.8 0.048 0.752
28 0.8 0.048 0.752
21 0.8 0.048 0.752
18 0.8 0.048 0.752
50 0.8 0.048 0.752
28 0.8 0.048 0.752
29 0.8 0.048 0.752
5 0.8 0.048 0.752
17 0.8 0.048 0.752
47 0.8 0.048 0.752
31 0.8 0.048 0.752
47 0.752 0.048 0.704
47 0.704 0.16 0.544
47 0.544 0.016 0.528
31 0.752 0.16 0.592
20 0.8 0.048 0.752
23 0.8 0.048 0.752
40 0.8 0.048 0.752
46 0.8 0.048 0.752
45 0.8 0.048 0.752
7 0.8 0.048 0.752
42 0.8 0.048 0.752
39 0.8 0.048 0.752
11 0.8 0.048 0.752
22 0.8 0.048 0.752
3 0.8 0.048 0.752
16 0.8 0.048 0.752
27 0.8 0.048 0.752
4 0.8 0.048 0.752
30 0.8 0.048 0.752
44 0.8 0.048 0.752
13 0.8 0.048 0.752
38 0.8 0.048 0.752
19 0.8 0.048 0.752
14 0.8 0.048 0.752
26 0.8 0.048 0.752
1 0.8 0.048 0.752
6 0.8 0.048 0.752
9 0.8 0.048 0.752
10 0.8 0.048 0.752
12 0.8 0.048 0.752
32 0.8 0.048 0.752
35 0.8 0.048 0.752
33 0.8 0.048 0.752
49 0.8 0.048 0.752
27 0.8 0.048 0.752
16 0.8 0.048 0.752
14 0.8 0.048 0.752
19 0.752 0.048 0.704
49 0.752 0.048 0.704
33 0.752 0.048 0.704
35 0.752 0.048 0.704
24 0.8 0.048 0.752
8 0.8 0.048 0.752
15 0.8 0.048 0.752
43 0.8 0.048 0.752
46 0.8 0.048 0.752
30 0.8 0.048 0.752
4 0.8 0.048 0.752
29 0.8 0.048 0.752
28 0.8 0.048 0.752
21 0.8 0.048 0.752
18 0.8 0.048 0.752
50 0.8 0.048 0.752
28 0.8 0.048 0.752
29 0.8 0.048 0.752
5 0.8 0.048 0.752
17 0.8 0.048 0.752
20 0.8 0.048 0.752
23 0.8 0.048 0.752
40 0.8 0.048 0.752
46 0.8 0.048 0.752
45 0.8 0.048 0.752
7 0.8 0.048 0.752
42 0.8 0.048 0.752
39 0.8 0.048 0.752
11 0.8 0.048 0.752
22 0.8 0.048 0.752
3 0.8 0.048 0.752
16 0.8 0.048 0.752
27 0.8 0.048 0.752
16 0.752 0.048 0.704
16 0.704 0.16 0.544
16 0.544 0.016 0.528
27 0.752 0.16 0.592
4 0.8 0.048 0.752
30 0.8 0.048 0.752
44 0.8 0.048 0.752
13 0.8 0.048 0.752
38 0.8 0.048 0.752
19 0.8 0.048 0.752
14 0.8 0.048 0.752
26 0.8 0.048 0.752
1 0.8 0.048 0.752
6 0.8 0.048 0.752
9 0.8 0.048 0.752
12 0.8 0.048 0.752
35 0.8 0.048 0.752
33 0.8 0.048 0.752
49 0.8 0.048 0.752
27 0.665866 0.048 0.617866
16 0.601247 0.048 0.553247
27 0.617866 0.048 0.569866
27 0.569866 0.16 0.409866
27 0.409866 0.016 0.393866
16 0.553247 0.16 0.393247
14 0.8 0.048 0.752
19 0.752 0.048 0.704
49 0.752 0.048 0.704
33 0.752 0.048 0.704
35 0.752 0.048 0.704
24 0.8 0.048 0.752
8 0.8 0.048 0.752
15 0.8 0.048 0.752
43 0.8 0.048 0.752
30 0.8 0.048 0.752
4 0.8 0.048 0.752
29 0.8 0.048 0.752
28 0.8 0.048 0.752
21 0.8 0.048 0.752
18 0.8 0.048 0.752
50 0.8 0.048 0.752
28 0.8 0.048 0.752
29 0.8 0.048 0.752
5 0.8 0.048 0.752
17 0.8 0.048 0.752
20 0.8 0.048 0.752
15 0.8 0.048 0.752
23 0.8 0.048 0.752
40 0.8 0.048 0.752
46 0.8 0.048 0.752
45 0.8 0.048 0.752
7 0.8 0.048 0.752
45 0.752 0.048 0.704
45 0.704 0.16 0.544
45 0.544 0.016 0.528
7 0.752 0.16 0.592
42 0.8 0.048 0.752
39 0.8 0.048 0.752
11 0.8 0.048 0.752
22 0.8 0.048 0.752
3 0.8 0.048 0.752
4 0.8 0.048 0.752
30 0.8 0.048 0.752
44 0.8 0.048 0.752
13 0.8 0.048 0.752
38 0.8 0.048 0.752
19 0.8 0.048 0.752
14 0.8 0.048 0.752
26 0.8 0.048 0.752
1 0.8 0.048 0.752
6 0.8 0.048 0.752
9 0.8 0.048 0.752
10 0.8 0.048 0.752
12 0.8 0.048 0.752
35 0.8 0.048 0.752
33 0.8 0.048 0.752
49 0.8 0.048 0.752
14 0.8 0.048 0.752
19 0.752 0.048 0.704
49 0.752 0.048 0.704
33 0.752 0.048 0.704
35 0.752 0.048 0.704
49 0.704 0.048 0.656
49 0.656 0.16 0.496
49 0.496 0.016 0.48
33 0.704 0.16 0.544
35 0.704 0.16 0.544
24 0.8 0.048 0.752
8 0.8 0.048 0.752
15 0.8 0.048 0.752
43 0.8 0.048 0.752
46 0.8 0.048 0.752
30 0.8 0.048 0.752
4 0.8 0.048 0.752
29 0.8 0.048 0.752
28 0.8 0.048 0.752
21 0.8 0.048 0.752
18 0.8 0.048 0.752
50 0.8 0.048 0.752
28 0.8 0.048 0.752
29 0.8 0.048 0.752
5 0.8 0.048 0.752
17 0.8 0.048 0.752
20 0.8 0.048 0.752
15 0.8 0.048 0.752
23 0.8 0.048 0.752
40 0.8 0.048 0.752
46 0.8 0.048 0.752
42 0.8 0.048 0.752
39 0.8 0.048 0.752
11 0.8 0.048 0.752
22 0.8 0.048 0.752
3 0.8 0.048 0.752
31 0.8 0.048 0.752
4 0.8 0.048 0.752
30 0.8 0.048 0.752
44 0.8 0.048 0.752
13 0.8 0.048 0.752
38 0.8 0.048 0.752
19 0.8 0.048 0.752
14 0.8 0.048 0.752
26 0.8 0.048 0.752
1 0.8 0.048 0.752
6 0.8 0.048 0.752
10 0.8 0.048 0.752
12 0.8 0.048 0.752
35 0.8 0.048 0.752
33 0.8 0.048 0.752
49 0.8 0.048 0.752
14 0.8 0.048 0.752
19 0.752 0.048 0.704
24 0.8 0.048 0.752
8 0.8 0.048 0.752
15 0.8 0.048 0.752
43 0.8 0.048 0.752
30 0.8 0.048 0.752
4 0.8 0.048 0.752
29 0.8 0.048 0.752
28 0.8 0.048 0.752
29 0.752 0.048 0.704
29 0.704 0.16 0.544
29 0.544 0.016 0.528
28 0.752 0.16 0.592
21 0.8 0.048 0.752
18 0.8 0.048 0.752
50 0.8 0.048 0.752
28 0.664633 0.048 0.616633
29 0.60226 0.048 0.55426
28 0.616633 0.048 0.568633
28 0.568633 0.16 0.408633
28 0.408633 0.016 0.392633
29 0.55426 0.16 0.39426
5 0.8 0.048 0.752
17 0.8 0.048 0.752
20 0.8 0.048 0.752
15 0.8 0.048 0.752
23 0.8 0.048 0.752
40 0.8 0.048 0.752
46 0.8 0.048 0.752
42 0.8 0.048 0.752
39 0.8 0.048 0.752
11 0.8 0.048 0.752
22 0.8 0.048 0.752
3 0.8 0.048 0.752
31 0.8 0.048 0.752
4 0.8 0.048 0.752
30 0.8 0.048 0.752
44 0.8 0.048 0.752
13 0.8 0.048 0.752
38 0.8 0.048 0.752
44 0.752 0.048 0.704
44 0.704 0.16 0.544
44 0.544 0.016 0.528
13 0.752 0.16 0.592
38 0.752 0.16 0.592
19 0.8 0.048 0.752
14 0.8 0.048 0.752
26 0.8 0.048 0.752
1 0.8 0.048 0.752
6 0.8 0.048 0.752
9 0.8 0.048 0.752
12 0.8 0.048 0.752
35 0.8 0.048 0.752
33 0.8 0.048 0.752
49 0.8 0.048 0.752
14 0.8 0.048 0.752
19 0.752 0.048 0.704
24 0.8 0.048 0.752
8 0.8 0.048 0.752
15 0.8 0.048 0.752
43 0.8 0.048 0.752
46 0.8 0.048 0.752
30 0.8 0.048 0.752
4 0.8 0.048 0.752
21 0.8 0.048 0.752
18 0.8 0.048 0.752
50 0.8 0.048 0.752
5 0.8 0.048 0.752
17 0.8 0.048 0.752
5 0.752 0.048 0.704
5 0.704 0.16 0.544
5 0.544 0.016 0.528
17 0.752 0.16 0.592
20 0.8 0.048 0.752
15 0.8 0.048 0.752
23 0.8 0.048 0.752
40 0.8 0.048 0.752
46 0.8 0.048 0.752
42 0.8 0.048 0.752
39 0.8 0.048 0.752
11 0.8 0.048 0.752
22 0.8 0.048 0.752
3 0.8 0.048 0.752
4 0.8 0.048 0.752
30 0.8 0.048 0.752
19 0.8 0.048 0.752
14 0.8 0.048 0.752
26 0.8 0.048 0.752
1 0.8 0.048 0.752
6 0.8 0.048 0.752
12 0.8 0.048 0.752
35 0.8 0.048 0.752
33 0.8 0.048 0.752
49 0.8 0.048 0.752
14 0.8 0.048 0.752
19 0.752 0.048 0.704
24 0.8 0.048 0.752
8 0.8 0.048 0.752
15 0.8 0.048 0.752
43 0.8 0.048 0.752
30 0.8 0.048 0.752
4 0.8 0.048 0.752
21 0.8 0.048 0.752
21 0.752 0.048 0.704
21 0.704 0.16 0.544
21 0.544 0.016 0.528
18 0.8 0.048 0.752
50 0.8 0.048 0.752
18 0.752 0.048 0.704
18 0.704 0.16 0.544
18 0.544 0.016 0.528
50 0.752 0.16 0.592
20 0.8 0.048 0.752
15 0.8 0.048 0.752
23 0.8 0.048 0.752
40 0.8 0.048 0.752
46 0.8 0.048 0.752
42 0.8 0.048 0.752
39 0.8 0.048 0.752
11 0.8 0.048 0.752
22 0.8 0.048 0.752
3 0.8 0.048 0.752
4 0.8 0.048 0.752
30 0.8 0.048 0.752
19 0.8 0.048 0.752
14 0.8 0.048 0.752
26 0.8 0.048 0.752
1 0.8 0.048 0.752
6 0.8 0.048 0.752
12 0.8 0.048 0.752
35 0.8 0.048 0.752
33 0.8 0.048 0.752
49 0.8 0.048 0.752
14 0.8 0.048 0.752
19 0.752 0.048 0.704
24 0.8 0.048 0.752
8 0.8 0.048 0.752
15 0.8 0.048 0.752
43 0.8 0.048 0.752
30 0.8 0.048 0.752
4 0.8 0.048 0.752
20 0.8 0.048 0.752
15 0.8 0.048 0.752
23 0.8 0.048 0.752
40 0.8 0.048 0.752
46 0.8 0.048 0.752
42 0.8 0.048 0.752
42 0.752 0.048 0.704
42 0.704 0.16 0.544
42 0.544 0.016 0.528
39 0.8 0.048 0.752
11 0.8 0.048 0.752
22 0.8 0.048 0.752
3 0.8 0.048 0.752
4 0.8 0.048 0.752
30 0.8 0.048 0.752
4 0.752 0.048 0.704
4 0.704 0.16 0.544
4 0.544 0.016 0.528
30 0.752 0.16 0.592
19 0.8 0.048 0.752
14 0.8 0.048 0.752
26 0.8 0.048 0.752
1 0.8 0.048 0.752
6 0.8 0.048 0.752
9 0.8 0.048 0.752
12 0.8 0.048 0.752
35 0.8 0.048 0.752
33 0.8 0.048 0.752
49 0.8 0.048 0.752
14 0.8 0.048 0.752
19 0.752 0.048 0.704
24 0.8 0.048 0.752
24 0.752 0.048 0.704
24 0.704 0.16 0.544
24 0.544 0.016 0.528
8 0.8 0.048 0.752
15 0.8 0.048 0.752
43 0.8 0.048 0.752
30 0.741047 0.048 0.693047
4 0.600329 0.048 0.552329
20 0.8 0.048 0.752
23 0.8 0.048 0.752
40 0.8 0.048 0.752
46 0.8 0.048 0.752
39 0.8 0.048 0.752
11 0.8 0.048 0.752
22 0.8 0.048 0.752
3 0.8 0.048 0.752
19 0.8 0.048 0.752
14 0.8 0.048 0.752
26 0.8 0.048 0.752
1 0.8 0.048 0.752
6 0.8 0.048 0.752
9 0.8 0.048 0.752
12 0.8 0.048 0.752
26 0.752 0.048 0.704
26 0.704 0.16 0.544
26 0.544 0.016 0.528
1 0.752 0.16 0.592
6 0.752 0.16 0.592
9 0.752 0.16 0.592
12 0.752 0.16 0.592
35 0.8 0.048 0.752
33 0.8 0.048 0.752
49 0.8 0.048 0.752
14 0.8 0.048 0.752
19 0.752 0.048 0.704
8 0.8 0.048 0.752
15 0.8 0.048 0.752
43 0.8 0.048 0.752
46 0.8 0.048 0.752
30 0.8 0.048 0.752
4 0.8 0.048 0.752
20 0.8 0.048 0.752
23 0.8 0.048 0.752
40 0.8 0.048 0.752
46 0.8 0.048 0.752
39 0.8 0.048 0.752
11 0.8 0.048 0.752
22 0.8 0.048 0.752
3 0.8 0.048 0.752
19 0.8 0.048 0.752
14 0.8 0.048 0.752
35 0.8 0.048 0.752
33 0.8 0.048 0.752
49 0.8 0.048 0.752
14 0.8 0.048 0.752
8 0.8 0.048 0.752
15 0.8 0.048 0.752
43 0.8 0.048 0.752
46 0.8 0.048 0.752
30 0.8 0.048 0.752
4 0.8 0.048 0.752
