30 319
89 319
0 320
53 320
76 320
0 320
53 320
76 320
12 320
47 320
57 320
61 320
79 320
81 320
59 321
64 321
75 321
71 322
50 322
71 322
20 322
54 322
55 322
60 322
83 322
50 322
58 322
73 322
23 324
68 324
82 324
68 324
82 324
38 326
65 326
2 329
39 329
35 329
62 329
66 329
87 329
46 329
62 329
66 329
70 329
80 329
87 329
20 327
42 327
48 327
51 327
83 327
37 341
90 341
2 342
15 342
46 342
66 342
87 342
15 342
35 342
66 342
43 343
50 343
73 343
24 349
32 349
47 349
57 349
61 349
81 349
32 349
61 349
79 349
