42 259 1.0128
45 260 1.03831
65 261 1.06456
25 262 1.06816
7 263 1.23833
34 264 1.24878
9 265 1.30209
39 266 1.32029
4 267 1.36799
77 268 1.4186
58 269 1.45739
78 270 1.46344
35 271 1.58837
75 272 1.69152
19 273 1.70292
36 274 1.73915
70 275 1.8692
37 276 2.10576
57 277 2.3118
71 278 2.33347
79 279 2.34029
48 280 2.45396
72 281 2.565
43 282 2.67614
44 283 2.73975
2 284 2.81876
46 285 2.88746
47 286 2.89418
8 287 2.94636
55 288 3.04029
15 289 3.06024
60 290 3.17614
18 291 3.84973
56 292 4.07211
37 293 4.29811
48 294 4.66229
68 295 4.69713
27 296 4.71316
66 297 4.9471
79 298 4.983
47 299 5.56519
42 300 5.69726
9 301 5.91607
57 302 6.23553
39 303 6.48156
71 304 6.82397
68 305 7.0081
72 306 7.04703
79 307 7.32119
43 308 7.52398
5 309 7.74942
15 310 7.76873
63 311 7.87846
8 312 8.15648
27 313 8.18799
66 314 8.59637
42 315 8.71683
48 316 9.48484
79 317 9.59834
2 318 9.8965
