76 320 0 100 1.16701e-08 1.03409 1.03409
16 330 0 100 0.5 1.47828 1.97828
85 338 0 100 0.5 2.12249 2.62249
82 324 0 100 1.5 1.235 2.735
44 340 0 100 1 2.33845 3.33845
59 323 0 100 3 1.09116 4.09116
34 352 0 100 0.5 3.8407 4.3407
55 347 0 100 1.5 3.0565 4.5565
73 344 0 100 2 2.75206 4.75206
60 339 0 100 2.5 2.33361 4.83361
12 359 0 100 1.5 4.74903 6.24903
61 349 0 100 3 3.67319 6.67319
38 367 0 100 1 5.84037 6.84037
38 326 0 100 5.5 1.4054 6.9054
41 350 0 100 3.5 3.77466 7.27466
41 370 0 100 1 6.3586 7.3586
67 362 0 100 2.5 4.96016 7.46016
67 335 0 100 5.5 1.96754 7.46754
9 360 0 100 3 4.92159 7.92159
44 378 0 100 0.5 8.29228 8.79228
44 366 0 100 3 5.82954 8.82954
34 321 0 100 8 1.04062 9.04062
74 343 0 100 7.5 2.60739 10.1074
46 354 0 100 6.5 4.20252 10.7025
46 369 0 100 4.5 6.2522 10.7522
39 374 0 100 3.5 7.49686 10.9969
66 342 0 100 8.5 2.55667 11.0567
90 380 0 100 2.5 8.68347 11.1835
90 355 0 100 7 4.32782 11.3278
6 375 0 100 4.5 7.51787 12.0179
36 361 0 100 8.5 4.95504 13.455
23 333 0 100 12 1.5875 13.5875
30 364 0 100 8.5 5.24289 13.7429
88 373 0 100 7 7.38039 14.3804
88 336 0 100 12.5 1.99286 14.4929
78 363 0 100 9.5 5.13502 14.635
