1 1778 0 100 1 1.09577 2.09577
38 1800 0 100 0.5 2.09404 2.59404
24 1796 0 100 1 1.8831 2.8831
28 1790 0 100 1.5 1.70441 3.20441
20 1830 0 100 1.16701e-08 3.43007 3.43007
36 1801 0 100 1.5 2.09801 3.59801
10 1779 0 100 3 1.14828 4.14828
30 1794 0 100 2.5 1.86319 4.36319
35 1834 0 100 1 3.59411 4.59411
49 1821 0 100 2 2.88389 4.88389
31 1858 0 100 1.16701e-08 4.96747 4.96747
33 1788 0 100 4 1.58151 5.58151
40 1798 0 100 4 2.03224 6.03224
23 1793 0 100 4.5 1.82742 6.32742
46 1803 0 100 4.5 2.14816 6.64816
42 1874 0 100 0.5 6.18673 6.68673
42 1791 0 100 5 1.71441 6.71441
44 1810 0 100 4.5 2.43096 6.93096
39 1817 0 100 4.5 2.68193 7.18193
1 1857 0 100 2.5 4.90738 7.40738
26 1824 0 100 4.5 3.0089 7.5089
41 1847 0 100 3.5 4.21417 7.71417
48 1808 0 100 5.5 2.35867 7.85867
19 1831 0 100 4.5 3.45428 7.95428
11 1785 0 100 7 1.45575 8.45575
47 1843 0 100 4.5 4.13535 8.63535
36 1901 0 100 1 7.92328 8.92328
20 1865 0 100 3.5 5.43086 8.93086
50 1845 0 100 5 4.14895 9.14895
30 1893 0 100 2 7.50749 9.50749
7 1802 0 100 8 2.11571 10.1157
31 1896 0 100 2.5 7.65259 10.1526
25 1818 0 100 8 2.69633 10.6963
15 1812 0 100 8.5 2.49002 10.99
3 1883 0 100 4.5 6.82931 11.3293
6 1923 0 100 3 9.35602 12.356
1 1898 0 100 5 7.73256 12.7326
2 1890 0 100 5.5 7.35988 12.8599
29 1839 0 100 9 3.8938 12.8938
24 1894 0 100 6 7.53178 13.5318
28 1876 0 100 7.5 6.33265 13.8326
8 1781 0 100 13.5 1.22757 14.7276
