13 50 0.048 49.952
1 50 0.048 49.952
15 50 0.048 49.952
30 50 0.048 49.952
13 49.952 0.16 49.792
1 49.952 0.16 49.792
1 49.792 0.048 49.744
13 49.792 0.048 49.744
15 49.952 0.048 49.904
1 49.744 0.16 49.584
15 49.904 0.16 49.744
15 49.744 0.048 49.696
1 49.584 0.048 49.536
13 49.744 0.048 49.696
30 49.952 0.048 49.904
15 49.696 0.16 49.536
30 49.904 0.16 49.744
30 49.744 0.048 49.696
10 50 0.048 49.952
13 49.696 0.048 49.648
15 49.536 0.048 49.488
27 50 0.048 49.952
30 49.696 0.16 49.536
1 49.536 0.16 49.376
30 49.536 0.16 49.376
10 49.952 0.16 49.792
10 49.792 0.048 49.744
20 50 0.048 49.952
27 49.952 0.048 49.904
30 49.376 0.048 49.328
10 49.744 0.16 49.584
13 49.648 0.16 49.488
15 49.488 0.16 49.328
27 49.904 0.16 49.744
27 49.744 0.048 49.696
10 49.584 0.048 49.536
30 49.328 0.048 49.28
20 49.952 0.16 49.792
20 49.792 0.048 49.744
3 50 0.048 49.952
10 49.536 0.048 49.488
22 50 0.048 49.952
20 49.744 0.16 49.584
27 49.696 0.16 49.536
30 49.28 0.16 49.12
3 49.952 0.16 49.792
3 49.792 0.048 49.744
20 49.584 0.048 49.536
22 49.952 0.048 49.904
3 49.744 0.16 49.584
10 49.488 0.16 49.328
22 49.904 0.16 49.744
22 49.744 0.048 49.696
3 49.584 0.048 49.536
20 49.536 0.048 49.488
20 49.488 0.16 49.328
22 49.696 0.16 49.536
29 50 0.048 49.952
11 50 0.048 49.952
29 49.952 0.16 49.792
11 49.952 0.16 49.792
11 49.792 0.048 49.744
29 49.792 0.048 49.744
27 49.812 0.048 49.764
10 49.4893 0.048 49.4413
30 49.5165 0.048 49.4685
22 49.7624 0.048 49.7144
3 49.6548 0.048 49.6068
20 49.503 0.048 49.455
18 50 0.048 49.952
11 50 0.048 49.952
29 49.8987 0.048 49.8507
27 50 0.048 49.952
10 49.5764 0.048 49.5284
30 49.8107 0.048 49.7627
22 50 0.048 49.952
3 49.8282 0.048 49.7802
20 49.8315 0.048 49.7835
18 50 0.048 49.952
11 50 0.048 49.952
29 49.9995 0.048 49.9515
27 50 0.048 49.952
10 49.8752 0.048 49.8272
22 50 0.048 49.952
3 50 0.048 49.952
20 50 0.048 49.952
18 50 0.048 49.952
17 50 0.048 49.952
2 50 0.048 49.952
25 50 0.048 49.952
17 49.952 0.16 49.792
2 49.952 0.16 49.792
2 49.792 0.048 49.744
17 49.792 0.048 49.744
25 49.952 0.048 49.904
2 49.744 0.16 49.584
25 49.904 0.16 49.744
25 49.744 0.048 49.696
2 49.584 0.048 49.536
17 49.744 0.048 49.696
17 49.696 0.16 49.536
25 49.696 0.16 49.536
11 50 0.048 49.952
29 50 0.048 49.952
5 50 0.048 49.952
12 50 0.048 49.952
5 49.952 0.16 49.792
12 49.952 0.16 49.792
12 49.792 0.048 49.744
5 49.792 0.048 49.744
27 50 0.048 49.952
10 49.9737 0.048 49.9257
20 50 0.048 49.952
30 50 0.048 49.952
22 50 0.048 49.952
3 50 0.048 49.952
20 49.952 0.048 49.904
18 50 0.048 49.952
25 49.7537 0.048 49.7057
2 49.7376 0.048 49.6896
17 49.8034 0.048 49.7554
11 50 0.048 49.952
29 50 0.048 49.952
12 50 0.048 49.952
5 49.9537 0.048 49.9057
9 50 0.048 49.952
4 50 0.048 49.952
9 49.952 0.16 49.792
4 49.952 0.16 49.792
4 49.792 0.048 49.744
9 49.792 0.048 49.744
27 50 0.048 49.952
10 50 0.048 49.952
20 50 0.048 49.952
30 50 0.048 49.952
22 50 0.048 49.952
3 50 0.048 49.952
20 49.952 0.048 49.904
18 50 0.048 49.952
25 49.8372 0.048 49.7892
2 49.9608 0.048 49.9128
17 50 0.048 49.952
11 50 0.048 49.952
29 50 0.048 49.952
12 50 0.048 49.952
5 50 0.048 49.952
4 50 0.048 49.952
9 50 0.048 49.952
27 50 0.048 49.952
10 50 0.048 49.952
20 50 0.048 49.952
30 50 0.048 49.952
22 50 0.048 49.952
3 50 0.048 49.952
20 49.952 0.048 49.904
18 50 0.048 49.952
25 50 0.048 49.952
2 50 0.048 49.952
17 50 0.048 49.952
11 50 0.048 49.952
29 50 0.048 49.952
12 50 0.048 49.952
5 50 0.048 49.952
4 50 0.048 49.952
9 50 0.048 49.952
27 50 0.048 49.952
10 50 0.048 49.952
20 50 0.048 49.952
30 50 0.048 49.952
22 50 0.048 49.952
3 50 0.048 49.952
20 49.952 0.048 49.904
18 50 0.048 49.952
25 50 0.048 49.952
2 50 0.048 49.952
17 50 0.048 49.952
11 50 0.048 49.952
29 50 0.048 49.952
12 50 0.048 49.952
5 50 0.048 49.952
4 50 0.048 49.952
9 50 0.048 49.952
27 50 0.048 49.952
10 50 0.048 49.952
20 50 0.048 49.952
30 50 0.048 49.952
22 50 0.048 49.952
3 50 0.048 49.952
20 49.952 0.048 49.904
10 49.952 0.048 49.904
20 49.904 0.048 49.856
27 49.952 0.048 49.904
30 49.952 0.048 49.904
10 49.904 0.16 49.744
20 49.856 0.16 49.696
20 49.696 0.048 49.648
3 49.952 0.048 49.904
10 49.744 0.048 49.696
22 49.952 0.048 49.904
27 49.904 0.048 49.856
27 49.856 0.16 49.696
30 49.904 0.16 49.744
30 49.744 0.048 49.696
1 50 0.048 49.952
10 49.696 0.048 49.648
13 50 0.048 49.952
15 50 0.048 49.952
27 49.696 0.048 49.648
30 49.696 0.16 49.536
1 49.952 0.16 49.792
10 49.648 0.16 49.488
13 49.952 0.16 49.792
13 49.792 0.048 49.744
1 49.792 0.048 49.744
15 49.952 0.048 49.904
30 49.536 0.048 49.488
15 49.904 0.16 49.744
27 49.648 0.16 49.488
18 50 0.048 49.952
25 50 0.048 49.952
2 50 0.048 49.952
17 50 0.048 49.952
11 50 0.048 49.952
29 50 0.048 49.952
12 50 0.048 49.952
5 50 0.048 49.952
4 50 0.048 49.952
9 50 0.048 49.952
27 49.7096 0.048 49.6616
10 49.7853 0.048 49.7373
20 49.8905 0.048 49.8425
30 49.615 0.048 49.567
22 50 0.048 49.952
3 50 0.048 49.952
20 49.8425 0.048 49.7945
20 49.7945 0.048 49.7465
3 49.952 0.048 49.904
10 49.7373 0.048 49.6893
22 49.952 0.048 49.904
27 49.6616 0.048 49.6136
13 49.9261 0.048 49.8781
1 49.8857 0.048 49.8377
15 49.9256 0.048 49.8776
30 49.567 0.048 49.519
18 50 0.048 49.952
25 50 0.048 49.952
2 50 0.048 49.952
17 50 0.048 49.952
11 50 0.048 49.952
29 50 0.048 49.952
12 50 0.048 49.952
5 50 0.048 49.952
4 50 0.048 49.952
9 50 0.048 49.952
27 49.9397 0.048 49.8917
10 50 0.048 49.952
20 49.9009 0.048 49.8529
30 49.799 0.048 49.751
22 50 0.048 49.952
3 50 0.048 49.952
20 49.8529 0.048 49.8049
3 49.952 0.048 49.904
10 49.952 0.048 49.904
27 49.8917 0.048 49.8437
13 50 0.048 49.952
1 50 0.048 49.952
15 50 0.048 49.952
30 49.751 0.048 49.703
13 49.952 0.16 49.792
1 49.952 0.16 49.792
15 49.952 0.16 49.792
30 49.703 0.16 49.543
18 50 0.048 49.952
25 50 0.048 49.952
2 50 0.048 49.952
17 50 0.048 49.952
11 50 0.048 49.952
29 50 0.048 49.952
12 50 0.048 49.952
5 50 0.048 49.952
4 50 0.048 49.952
9 50 0.048 49.952
27 50 0.048 49.952
10 50 0.048 49.952
20 50 0.048 49.952
30 49.8511 0.048 49.8031
22 50 0.048 49.952
3 50 0.048 49.952
20 49.952 0.048 49.904
20 49.904 0.048 49.856
3 49.952 0.048 49.904
10 49.952 0.048 49.904
22 49.952 0.048 49.904
27 49.952 0.048 49.904
18 50 0.048 49.952
14 50 0.048 49.952
25 50 0.048 49.952
2 50 0.048 49.952
17 50 0.048 49.952
11 50 0.048 49.952
29 50 0.048 49.952
12 50 0.048 49.952
5 50 0.048 49.952
4 50 0.048 49.952
9 50 0.048 49.952
27 50 0.048 49.952
10 50 0.048 49.952
30 50 0.048 49.952
27 49.952 0.16 49.792
10 49.952 0.16 49.792
30 49.952 0.16 49.792
22 50 0.048 49.952
3 50 0.048 49.952
20 50 0.048 49.952
20 49.952 0.048 49.904
3 49.952 0.048 49.904
10 49.792 0.048 49.744
22 49.952 0.048 49.904
18 50 0.048 49.952
14 50 0.048 49.952
25 50 0.048 49.952
2 50 0.048 49.952
17 50 0.048 49.952
11 50 0.048 49.952
29 50 0.048 49.952
30 50 0.048 49.952
1 50 0.048 49.952
10 49.9551 0.048 49.9071
13 50 0.048 49.952
15 50 0.048 49.952
27 49.792 0.048 49.744
30 49.952 0.16 49.792
1 49.952 0.16 49.792
10 49.9071 0.16 49.7471
10 49.7471 0.048 49.6991
20 49.904 0.048 49.856
27 49.744 0.048 49.696
30 49.792 0.048 49.744
10 49.6991 0.16 49.5391
13 49.952 0.16 49.792
13 49.792 0.048 49.744
1 49.792 0.048 49.744
15 49.952 0.048 49.904
30 49.744 0.048 49.696
15 49.904 0.16 49.744
27 49.696 0.16 49.536
27 49.536 0.048 49.488
10 49.5391 0.048 49.4911
30 49.696 0.048 49.648
27 49.488 0.16 49.328
20 49.856 0.16 49.696
27 49.328 0.16 49.168
10 49.4911 0.16 49.3311
30 49.648 0.16 49.488
12 50 0.048 49.952
5 50 0.048 49.952
4 50 0.048 49.952
9 50 0.048 49.952
22 50 0.048 49.952
3 50 0.048 49.952
20 49.798 0.048 49.75
20 49.75 0.048 49.702
3 49.952 0.048 49.904
10 49.3311 0.048 49.2831
22 49.952 0.048 49.904
20 49.702 0.16 49.542
3 49.904 0.16 49.744
10 49.2831 0.16 49.1231
22 49.904 0.16 49.744
18 50 0.048 49.952
14 50 0.048 49.952
25 50 0.048 49.952
2 50 0.048 49.952
17 50 0.048 49.952
11 50 0.048 49.952
29 50 0.048 49.952
13 49.998 0.048 49.95
1 49.9823 0.048 49.9343
15 50 0.048 49.952
30 49.6741 0.048 49.6261
12 50 0.048 49.952
5 50 0.048 49.952
4 50 0.048 49.952
9 50 0.048 49.952
22 49.8743 0.048 49.8263
3 49.9797 0.048 49.9317
20 49.8621 0.048 49.8141
22 49.8263 0.16 49.6663
3 49.9317 0.16 49.7717
20 49.8141 0.16 49.6541
18 50 0.048 49.952
14 50 0.048 49.952
25 50 0.048 49.952
2 50 0.048 49.952
17 50 0.048 49.952
11 50 0.048 49.952
29 50 0.048 49.952
13 50 0.048 49.952
1 50 0.048 49.952
15 50 0.048 49.952
30 49.8439 0.048 49.7959
12 50 0.048 49.952
5 50 0.048 49.952
4 50 0.048 49.952
9 50 0.048 49.952
18 50 0.048 49.952
14 50 0.048 49.952
25 50 0.048 49.952
2 50 0.048 49.952
17 50 0.048 49.952
6 50 0.048 49.952
24 50 0.048 49.952
6 49.952 0.16 49.792
24 49.952 0.16 49.792
24 49.792 0.048 49.744
6 49.792 0.048 49.744
11 50 0.048 49.952
29 50 0.048 49.952
11 49.952 0.16 49.792
29 49.952 0.16 49.792
13 50 0.048 49.952
1 50 0.048 49.952
15 50 0.048 49.952
30 50 0.048 49.952
12 50 0.048 49.952
5 50 0.048 49.952
4 50 0.048 49.952
9 50 0.048 49.952
20 49.9796 0.048 49.9316
3 50 0.048 49.952
10 49.6636 0.048 49.6156
22 50 0.048 49.952
20 49.9316 0.16 49.7716
3 49.952 0.16 49.792
10 49.6156 0.16 49.4556
22 49.952 0.16 49.792
22 49.792 0.048 49.744
3 49.792 0.048 49.744
20 49.7716 0.048 49.7236
18 50 0.048 49.952
14 50 0.048 49.952
25 50 0.048 49.952
2 50 0.048 49.952
17 50 0.048 49.952
24 49.9509 0.048 49.9029
6 49.8935 0.048 49.8455
13 50 0.048 49.952
1 50 0.048 49.952
15 50 0.048 49.952
30 50 0.048 49.952
12 50 0.048 49.952
5 50 0.048 49.952
11 50 0.048 49.952
29 50 0.048 49.952
11 49.952 0.16 49.792
29 49.952 0.16 49.792
29 49.792 0.048 49.744
11 49.792 0.048 49.744
29 49.744 0.16 49.584
11 49.744 0.16 49.584
4 50 0.048 49.952
9 50 0.048 49.952
22 50 0.048 49.952
3 50 0.048 49.952
20 49.9803 0.048 49.9323
18 50 0.048 49.952
14 50 0.048 49.952
25 50 0.048 49.952
2 50 0.048 49.952
17 50 0.048 49.952
24 50 0.048 49.952
6 50 0.048 49.952
13 50 0.048 49.952
1 50 0.048 49.952
15 50 0.048 49.952
30 50 0.048 49.952
12 50 0.048 49.952
5 50 0.048 49.952
4 50 0.048 49.952
9 50 0.048 49.952
22 50 0.048 49.952
3 50 0.048 49.952
20 50 0.048 49.952
18 50 0.048 49.952
14 50 0.048 49.952
25 50 0.048 49.952
2 50 0.048 49.952
17 50 0.048 49.952
24 50 0.048 49.952
6 50 0.048 49.952
13 50 0.048 49.952
1 50 0.048 49.952
15 50 0.048 49.952
30 50 0.048 49.952
12 50 0.048 49.952
5 50 0.048 49.952
4 50 0.048 49.952
9 50 0.048 49.952
22 50 0.048 49.952
3 50 0.048 49.952
20 50 0.048 49.952
18 50 0.048 49.952
14 50 0.048 49.952
25 50 0.048 49.952
2 50 0.048 49.952
17 50 0.048 49.952
25 49.952 0.16 49.792
2 49.952 0.16 49.792
17 49.952 0.16 49.792
24 50 0.048 49.952
6 50 0.048 49.952
13 50 0.048 49.952
1 50 0.048 49.952
15 50 0.048 49.952
30 50 0.048 49.952
12 50 0.048 49.952
5 50 0.048 49.952
4 50 0.048 49.952
9 50 0.048 49.952
22 50 0.048 49.952
3 50 0.048 49.952
20 50 0.048 49.952
27 50 0.048 49.952
10 50 0.048 49.952
30 49.952 0.048 49.904
27 49.952 0.16 49.792
10 49.952 0.16 49.792
30 49.904 0.16 49.744
30 49.744 0.048 49.696
1 50 0.048 49.952
10 49.792 0.048 49.744
13 50 0.048 49.952
15 50 0.048 49.952
27 49.792 0.048 49.744
18 50 0.048 49.952
14 50 0.048 49.952
24 50 0.048 49.952
6 50 0.048 49.952
13 49.952 0.048 49.904
1 49.952 0.048 49.904
15 49.952 0.048 49.904
30 50 0.048 49.952
12 50 0.048 49.952
5 50 0.048 49.952
4 50 0.048 49.952
9 50 0.048 49.952
19 50 0.048 49.952
22 50 0.048 49.952
3 50 0.048 49.952
20 50 0.048 49.952
30 49.952 0.048 49.904
1 50 0.048 49.952
10 50 0.048 49.952
13 50 0.048 49.952
15 50 0.048 49.952
27 50 0.048 49.952
18 50 0.048 49.952
14 50 0.048 49.952
24 50 0.048 49.952
6 50 0.048 49.952
7 50 0.048 49.952
13 49.952 0.048 49.904
1 49.952 0.048 49.904
15 49.952 0.048 49.904
30 50 0.048 49.952
12 50 0.048 49.952
5 50 0.048 49.952
4 50 0.048 49.952
9 50 0.048 49.952
19 50 0.048 49.952
22 50 0.048 49.952
3 50 0.048 49.952
20 50 0.048 49.952
30 49.952 0.048 49.904
10 50 0.048 49.952
13 50 0.048 49.952
15 50 0.048 49.952
27 50 0.048 49.952
26 50 0.048 49.952
18 50 0.048 49.952
14 50 0.048 49.952
24 50 0.048 49.952
6 50 0.048 49.952
24 49.952 0.16 49.792
6 49.952 0.16 49.792
7 50 0.048 49.952
13 49.952 0.048 49.904
1 50 0.048 49.952
15 49.952 0.048 49.904
30 50 0.048 49.952
12 50 0.048 49.952
5 50 0.048 49.952
4 50 0.048 49.952
9 50 0.048 49.952
19 50 0.048 49.952
22 50 0.048 49.952
3 50 0.048 49.952
20 50 0.048 49.952
30 49.952 0.048 49.904
10 50 0.048 49.952
13 50 0.048 49.952
15 50 0.048 49.952
27 50 0.048 49.952
26 50 0.048 49.952
18 50 0.048 49.952
14 50 0.048 49.952
16 50 0.048 49.952
7 50 0.048 49.952
13 49.952 0.048 49.904
1 50 0.048 49.952
15 49.952 0.048 49.904
30 50 0.048 49.952
12 50 0.048 49.952
5 50 0.048 49.952
4 50 0.048 49.952
9 50 0.048 49.952
19 50 0.048 49.952
22 50 0.048 49.952
3 50 0.048 49.952
20 50 0.048 49.952
30 49.952 0.048 49.904
10 50 0.048 49.952
13 50 0.048 49.952
15 50 0.048 49.952
27 50 0.048 49.952
26 50 0.048 49.952
18 50 0.048 49.952
14 50 0.048 49.952
16 50 0.048 49.952
7 50 0.048 49.952
13 49.952 0.048 49.904
1 50 0.048 49.952
15 49.952 0.048 49.904
30 50 0.048 49.952
12 50 0.048 49.952
5 50 0.048 49.952
4 50 0.048 49.952
9 50 0.048 49.952
19 50 0.048 49.952
22 50 0.048 49.952
3 50 0.048 49.952
20 50 0.048 49.952
30 49.952 0.048 49.904
10 50 0.048 49.952
13 50 0.048 49.952
15 50 0.048 49.952
27 50 0.048 49.952
26 50 0.048 49.952
18 50 0.048 49.952
14 50 0.048 49.952
16 50 0.048 49.952
7 50 0.048 49.952
13 49.952 0.048 49.904
1 50 0.048 49.952
15 49.952 0.048 49.904
30 50 0.048 49.952
12 50 0.048 49.952
5 50 0.048 49.952
4 50 0.048 49.952
9 50 0.048 49.952
19 50 0.048 49.952
22 50 0.048 49.952
3 50 0.048 49.952
20 50 0.048 49.952
30 49.952 0.048 49.904
1 50 0.048 49.952
10 50 0.048 49.952
13 50 0.048 49.952
15 50 0.048 49.952
27 50 0.048 49.952
26 50 0.048 49.952
23 50 0.048 49.952
18 50 0.048 49.952
14 50 0.048 49.952
16 50 0.048 49.952
21 50 0.048 49.952
7 50 0.048 49.952
13 49.952 0.048 49.904
1 49.952 0.048 49.904
15 49.952 0.048 49.904
30 50 0.048 49.952
12 50 0.048 49.952
5 50 0.048 49.952
12 49.952 0.16 49.792
5 49.952 0.16 49.792
4 50 0.048 49.952
9 50 0.048 49.952
19 50 0.048 49.952
22 50 0.048 49.952
3 50 0.048 49.952
20 50 0.048 49.952
30 49.952 0.048 49.904
10 50 0.048 49.952
13 50 0.048 49.952
15 50 0.048 49.952
27 50 0.048 49.952
26 50 0.048 49.952
23 50 0.048 49.952
18 50 0.048 49.952
8 50 0.048 49.952
14 50 0.048 49.952
16 50 0.048 49.952
28 50 0.048 49.952
21 50 0.048 49.952
7 50 0.048 49.952
13 49.952 0.048 49.904
1 50 0.048 49.952
15 49.952 0.048 49.904
30 50 0.048 49.952
4 50 0.048 49.952
9 50 0.048 49.952
19 50 0.048 49.952
22 50 0.048 49.952
3 50 0.048 49.952
20 50 0.048 49.952
30 49.952 0.048 49.904
10 50 0.048 49.952
13 50 0.048 49.952
15 50 0.048 49.952
27 50 0.048 49.952
26 50 0.048 49.952
23 50 0.048 49.952
18 50 0.048 49.952
8 50 0.048 49.952
14 50 0.048 49.952
16 50 0.048 49.952
28 50 0.048 49.952
21 50 0.048 49.952
7 50 0.048 49.952
7 49.952 0.16 49.792
13 49.952 0.048 49.904
1 50 0.048 49.952
15 49.952 0.048 49.904
30 50 0.048 49.952
4 50 0.048 49.952
9 50 0.048 49.952
19 50 0.048 49.952
22 50 0.048 49.952
3 50 0.048 49.952
20 50 0.048 49.952
30 49.952 0.048 49.904
10 50 0.048 49.952
13 50 0.048 49.952
15 50 0.048 49.952
27 50 0.048 49.952
26 50 0.048 49.952
23 50 0.048 49.952
18 50 0.048 49.952
8 50 0.048 49.952
14 50 0.048 49.952
16 50 0.048 49.952
28 50 0.048 49.952
21 50 0.048 49.952
13 49.952 0.048 49.904
1 50 0.048 49.952
15 49.952 0.048 49.904
30 50 0.048 49.952
4 50 0.048 49.952
9 50 0.048 49.952
19 50 0.048 49.952
22 50 0.048 49.952
3 50 0.048 49.952
20 50 0.048 49.952
30 49.952 0.048 49.904
1 50 0.048 49.952
10 50 0.048 49.952
13 50 0.048 49.952
15 50 0.048 49.952
27 50 0.048 49.952
26 50 0.048 49.952
23 50 0.048 49.952
18 50 0.048 49.952
8 50 0.048 49.952
14 50 0.048 49.952
16 50 0.048 49.952
28 50 0.048 49.952
21 50 0.048 49.952
13 49.952 0.048 49.904
1 49.952 0.048 49.904
15 49.952 0.048 49.904
30 50 0.048 49.952
4 50 0.048 49.952
9 50 0.048 49.952
19 50 0.048 49.952
22 50 0.048 49.952
3 50 0.048 49.952
20 50 0.048 49.952
30 49.952 0.048 49.904
10 50 0.048 49.952
13 50 0.048 49.952
15 50 0.048 49.952
27 50 0.048 49.952
26 50 0.048 49.952
23 50 0.048 49.952
18 50 0.048 49.952
8 50 0.048 49.952
14 50 0.048 49.952
16 50 0.048 49.952
28 50 0.048 49.952
21 50 0.048 49.952
13 49.952 0.048 49.904
1 50 0.048 49.952
15 49.952 0.048 49.904
30 50 0.048 49.952
4 50 0.048 49.952
9 50 0.048 49.952
19 50 0.048 49.952
22 50 0.048 49.952
3 50 0.048 49.952
20 50 0.048 49.952
30 49.952 0.048 49.904
1 50 0.048 49.952
10 50 0.048 49.952
13 50 0.048 49.952
15 50 0.048 49.952
27 50 0.048 49.952
26 50 0.048 49.952
23 50 0.048 49.952
18 50 0.048 49.952
8 50 0.048 49.952
14 50 0.048 49.952
16 50 0.048 49.952
28 50 0.048 49.952
21 50 0.048 49.952
13 49.952 0.048 49.904
1 49.952 0.048 49.904
15 49.952 0.048 49.904
30 50 0.048 49.952
4 50 0.048 49.952
9 50 0.048 49.952
19 50 0.048 49.952
22 50 0.048 49.952
3 50 0.048 49.952
20 50 0.048 49.952
30 49.952 0.048 49.904
10 50 0.048 49.952
13 50 0.048 49.952
15 50 0.048 49.952
27 50 0.048 49.952
26 50 0.048 49.952
26 49.952 0.16 49.792
23 50 0.048 49.952
18 50 0.048 49.952
8 50 0.048 49.952
14 50 0.048 49.952
16 50 0.048 49.952
28 50 0.048 49.952
21 50 0.048 49.952
13 49.952 0.048 49.904
1 50 0.048 49.952
15 49.952 0.048 49.904
30 50 0.048 49.952
17 50 0.048 49.952
2 50 0.048 49.952
25 50 0.048 49.952
17 49.952 0.16 49.792
2 49.952 0.16 49.792
25 49.952 0.16 49.792
25 49.792 0.048 49.744
2 49.792 0.048 49.744
17 49.792 0.048 49.744
5 50 0.048 49.952
12 50 0.048 49.952
5 49.952 0.16 49.792
12 49.952 0.16 49.792
12 49.792 0.048 49.744
5 49.792 0.048 49.744
4 50 0.048 49.952
9 50 0.048 49.952
19 50 0.048 49.952
22 50 0.048 49.952
3 50 0.048 49.952
20 50 0.048 49.952
30 49.952 0.048 49.904
1 50 0.048 49.952
10 50 0.048 49.952
13 50 0.048 49.952
15 50 0.048 49.952
27 50 0.048 49.952
23 50 0.048 49.952
18 50 0.048 49.952
8 50 0.048 49.952
14 50 0.048 49.952
16 50 0.048 49.952
28 50 0.048 49.952
21 50 0.048 49.952
13 49.952 0.048 49.904
1 49.952 0.048 49.904
15 49.952 0.048 49.904
30 50 0.048 49.952
25 49.9829 0.048 49.9349
2 50 0.048 49.952
17 50 0.048 49.952
12 50 0.048 49.952
5 49.9248 0.048 49.8768
4 50 0.048 49.952
9 50 0.048 49.952
19 50 0.048 49.952
19 49.952 0.16 49.792
22 50 0.048 49.952
3 50 0.048 49.952
20 50 0.048 49.952
30 49.952 0.048 49.904
10 50 0.048 49.952
13 50 0.048 49.952
15 50 0.048 49.952
27 50 0.048 49.952
23 50 0.048 49.952
18 50 0.048 49.952
8 50 0.048 49.952
14 50 0.048 49.952
16 50 0.048 49.952
28 50 0.048 49.952
21 50 0.048 49.952
13 49.952 0.048 49.904
1 50 0.048 49.952
15 49.952 0.048 49.904
25 50 0.048 49.952
2 50 0.048 49.952
17 50 0.048 49.952
12 50 0.048 49.952
5 50 0.048 49.952
4 50 0.048 49.952
9 50 0.048 49.952
22 50 0.048 49.952
3 50 0.048 49.952
20 50 0.048 49.952
30 50 0.048 49.952
10 50 0.048 49.952
15 50 0.048 49.952
27 50 0.048 49.952
23 50 0.048 49.952
18 50 0.048 49.952
8 50 0.048 49.952
14 50 0.048 49.952
16 50 0.048 49.952
28 50 0.048 49.952
21 50 0.048 49.952
13 50 0.048 49.952
1 50 0.048 49.952
15 49.952 0.048 49.904
25 50 0.048 49.952
2 50 0.048 49.952
17 50 0.048 49.952
12 50 0.048 49.952
5 50 0.048 49.952
4 50 0.048 49.952
9 50 0.048 49.952
22 50 0.048 49.952
3 50 0.048 49.952
20 50 0.048 49.952
30 50 0.048 49.952
10 50 0.048 49.952
15 50 0.048 49.952
27 50 0.048 49.952
23 50 0.048 49.952
18 50 0.048 49.952
8 50 0.048 49.952
14 50 0.048 49.952
16 50 0.048 49.952
28 50 0.048 49.952
21 50 0.048 49.952
13 50 0.048 49.952
1 50 0.048 49.952
15 49.952 0.048 49.904
25 50 0.048 49.952
2 50 0.048 49.952
17 50 0.048 49.952
12 50 0.048 49.952
5 50 0.048 49.952
4 50 0.048 49.952
9 50 0.048 49.952
22 50 0.048 49.952
3 50 0.048 49.952
20 50 0.048 49.952
30 50 0.048 49.952
10 50 0.048 49.952
15 50 0.048 49.952
27 50 0.048 49.952
23 50 0.048 49.952
18 50 0.048 49.952
8 50 0.048 49.952
14 50 0.048 49.952
16 50 0.048 49.952
28 50 0.048 49.952
28 49.952 0.16 49.792
21 50 0.048 49.952
13 50 0.048 49.952
1 50 0.048 49.952
15 49.952 0.048 49.904
25 50 0.048 49.952
2 50 0.048 49.952
17 50 0.048 49.952
12 50 0.048 49.952
5 50 0.048 49.952
4 50 0.048 49.952
9 50 0.048 49.952
22 50 0.048 49.952
3 50 0.048 49.952
20 50 0.048 49.952
30 50 0.048 49.952
10 50 0.048 49.952
15 50 0.048 49.952
27 50 0.048 49.952
23 50 0.048 49.952
18 50 0.048 49.952
8 50 0.048 49.952
14 50 0.048 49.952
16 50 0.048 49.952
21 50 0.048 49.952
13 50 0.048 49.952
1 50 0.048 49.952
15 49.952 0.048 49.904
25 50 0.048 49.952
2 50 0.048 49.952
17 50 0.048 49.952
12 50 0.048 49.952
5 50 0.048 49.952
4 50 0.048 49.952
9 50 0.048 49.952
22 50 0.048 49.952
3 50 0.048 49.952
20 50 0.048 49.952
30 50 0.048 49.952
1 50 0.048 49.952
10 50 0.048 49.952
13 50 0.048 49.952
15 50 0.048 49.952
27 50 0.048 49.952
23 50 0.048 49.952
18 50 0.048 49.952
8 50 0.048 49.952
14 50 0.048 49.952
16 50 0.048 49.952
21 50 0.048 49.952
13 49.952 0.048 49.904
1 49.952 0.048 49.904
15 49.952 0.048 49.904
30 50 0.048 49.952
25 50 0.048 49.952
2 50 0.048 49.952
17 50 0.048 49.952
12 50 0.048 49.952
5 50 0.048 49.952
4 50 0.048 49.952
9 50 0.048 49.952
22 50 0.048 49.952
3 50 0.048 49.952
20 50 0.048 49.952
30 49.952 0.048 49.904
1 50 0.048 49.952
10 50 0.048 49.952
13 50 0.048 49.952
15 50 0.048 49.952
27 50 0.048 49.952
23 50 0.048 49.952
18 50 0.048 49.952
8 50 0.048 49.952
14 50 0.048 49.952
16 50 0.048 49.952
29 50 0.048 49.952
11 50 0.048 49.952
29 49.952 0.16 49.792
11 49.952 0.16 49.792
11 49.792 0.048 49.744
29 49.792 0.048 49.744
21 50 0.048 49.952
13 49.952 0.048 49.904
1 49.952 0.048 49.904
15 49.952 0.048 49.904
30 50 0.048 49.952
25 50 0.048 49.952
2 50 0.048 49.952
17 50 0.048 49.952
12 50 0.048 49.952
5 50 0.048 49.952
4 50 0.048 49.952
9 50 0.048 49.952
22 50 0.048 49.952
3 50 0.048 49.952
20 50 0.048 49.952
30 49.952 0.048 49.904
1 50 0.048 49.952
10 50 0.048 49.952
13 50 0.048 49.952
15 50 0.048 49.952
27 50 0.048 49.952
23 50 0.048 49.952
23 49.952 0.16 49.792
18 50 0.048 49.952
8 50 0.048 49.952
14 50 0.048 49.952
16 50 0.048 49.952
11 49.8744 0.048 49.8264
29 50 0.048 49.952
21 50 0.048 49.952
13 49.952 0.048 49.904
1 49.952 0.048 49.904
15 49.952 0.048 49.904
30 50 0.048 49.952
25 50 0.048 49.952
2 50 0.048 49.952
17 50 0.048 49.952
12 50 0.048 49.952
5 50 0.048 49.952
4 50 0.048 49.952
9 50 0.048 49.952
22 50 0.048 49.952
3 50 0.048 49.952
20 50 0.048 49.952
30 49.952 0.048 49.904
1 50 0.048 49.952
10 50 0.048 49.952
13 50 0.048 49.952
15 50 0.048 49.952
27 50 0.048 49.952
18 50 0.048 49.952
8 50 0.048 49.952
14 50 0.048 49.952
16 50 0.048 49.952
24 50 0.048 49.952
6 50 0.048 49.952
24 49.952 0.16 49.792
6 49.952 0.16 49.792
6 49.792 0.048 49.744
24 49.792 0.048 49.744
11 50 0.048 49.952
29 50 0.048 49.952
21 50 0.048 49.952
13 49.952 0.048 49.904
1 49.952 0.048 49.904
15 49.952 0.048 49.904
30 50 0.048 49.952
25 50 0.048 49.952
2 50 0.048 49.952
17 50 0.048 49.952
12 50 0.048 49.952
5 50 0.048 49.952
4 50 0.048 49.952
9 50 0.048 49.952
22 50 0.048 49.952
3 50 0.048 49.952
20 50 0.048 49.952
30 49.952 0.048 49.904
1 50 0.048 49.952
10 50 0.048 49.952
13 50 0.048 49.952
15 50 0.048 49.952
27 50 0.048 49.952
18 50 0.048 49.952
8 50 0.048 49.952
14 50 0.048 49.952
16 50 0.048 49.952
6 49.8541 0.048 49.8061
24 49.8693 0.048 49.8213
11 50 0.048 49.952
29 50 0.048 49.952
21 50 0.048 49.952
21 49.952 0.16 49.792
13 49.952 0.048 49.904
1 49.952 0.048 49.904
15 49.952 0.048 49.904
30 50 0.048 49.952
25 50 0.048 49.952
2 50 0.048 49.952
17 50 0.048 49.952
12 50 0.048 49.952
5 50 0.048 49.952
4 50 0.048 49.952
9 50 0.048 49.952
22 50 0.048 49.952
3 50 0.048 49.952
20 50 0.048 49.952
30 49.952 0.048 49.904
1 50 0.048 49.952
10 50 0.048 49.952
13 50 0.048 49.952
15 50 0.048 49.952
27 50 0.048 49.952
18 50 0.048 49.952
8 50 0.048 49.952
14 50 0.048 49.952
16 50 0.048 49.952
6 50 0.048 49.952
24 50 0.048 49.952
11 50 0.048 49.952
29 50 0.048 49.952
13 49.952 0.048 49.904
1 49.952 0.048 49.904
15 49.952 0.048 49.904
30 50 0.048 49.952
25 50 0.048 49.952
2 50 0.048 49.952
17 50 0.048 49.952
12 50 0.048 49.952
5 50 0.048 49.952
4 50 0.048 49.952
9 50 0.048 49.952
22 50 0.048 49.952
3 50 0.048 49.952
20 50 0.048 49.952
30 49.952 0.048 49.904
1 50 0.048 49.952
10 50 0.048 49.952
13 50 0.048 49.952
15 50 0.048 49.952
27 50 0.048 49.952
18 50 0.048 49.952
8 50 0.048 49.952
14 50 0.048 49.952
16 50 0.048 49.952
6 50 0.048 49.952
24 50 0.048 49.952
11 50 0.048 49.952
29 50 0.048 49.952
13 49.952 0.048 49.904
1 49.952 0.048 49.904
15 49.952 0.048 49.904
30 50 0.048 49.952
25 50 0.048 49.952
2 50 0.048 49.952
17 50 0.048 49.952
12 50 0.048 49.952
5 50 0.048 49.952
4 50 0.048 49.952
9 50 0.048 49.952
22 50 0.048 49.952
3 50 0.048 49.952
20 50 0.048 49.952
30 49.952 0.048 49.904
1 50 0.048 49.952
10 50 0.048 49.952
13 50 0.048 49.952
15 50 0.048 49.952
27 50 0.048 49.952
18 50 0.048 49.952
8 50 0.048 49.952
14 50 0.048 49.952
16 50 0.048 49.952
6 50 0.048 49.952
24 50 0.048 49.952
11 50 0.048 49.952
29 50 0.048 49.952
13 49.952 0.048 49.904
1 49.952 0.048 49.904
15 49.952 0.048 49.904
30 50 0.048 49.952
25 50 0.048 49.952
2 50 0.048 49.952
17 50 0.048 49.952
12 50 0.048 49.952
5 50 0.048 49.952
4 50 0.048 49.952
9 50 0.048 49.952
22 50 0.048 49.952
3 50 0.048 49.952
20 50 0.048 49.952
30 49.952 0.048 49.904
1 50 0.048 49.952
10 50 0.048 49.952
13 50 0.048 49.952
15 50 0.048 49.952
27 50 0.048 49.952
18 50 0.048 49.952
8 50 0.048 49.952
14 50 0.048 49.952
16 50 0.048 49.952
16 49.952 0.16 49.792
6 50 0.048 49.952
24 50 0.048 49.952
11 50 0.048 49.952
29 50 0.048 49.952
13 49.952 0.048 49.904
1 49.952 0.048 49.904
15 49.952 0.048 49.904
30 50 0.048 49.952
25 50 0.048 49.952
2 50 0.048 49.952
17 50 0.048 49.952
12 50 0.048 49.952
5 50 0.048 49.952
4 50 0.048 49.952
9 50 0.048 49.952
22 50 0.048 49.952
3 50 0.048 49.952
20 50 0.048 49.952
30 49.952 0.048 49.904
1 50 0.048 49.952
10 50 0.048 49.952
13 50 0.048 49.952
15 50 0.048 49.952
27 50 0.048 49.952
18 50 0.048 49.952
18 49.952 0.16 49.792
8 50 0.048 49.952
14 50 0.048 49.952
6 50 0.048 49.952
24 50 0.048 49.952
11 50 0.048 49.952
29 50 0.048 49.952
13 49.952 0.048 49.904
1 49.952 0.048 49.904
15 49.952 0.048 49.904
30 50 0.048 49.952
25 50 0.048 49.952
2 50 0.048 49.952
17 50 0.048 49.952
12 50 0.048 49.952
5 50 0.048 49.952
4 50 0.048 49.952
9 50 0.048 49.952
22 50 0.048 49.952
3 50 0.048 49.952
20 50 0.048 49.952
30 49.952 0.048 49.904
1 50 0.048 49.952
10 50 0.048 49.952
13 50 0.048 49.952
15 50 0.048 49.952
27 50 0.048 49.952
8 50 0.048 49.952
14 50 0.048 49.952
6 50 0.048 49.952
24 50 0.048 49.952
11 50 0.048 49.952
29 50 0.048 49.952
13 49.952 0.048 49.904
1 49.952 0.048 49.904
15 49.952 0.048 49.904
30 50 0.048 49.952
25 50 0.048 49.952
2 50 0.048 49.952
17 50 0.048 49.952
12 50 0.048 49.952
5 50 0.048 49.952
4 50 0.048 49.952
9 50 0.048 49.952
22 50 0.048 49.952
3 50 0.048 49.952
20 50 0.048 49.952
30 49.952 0.048 49.904
1 50 0.048 49.952
10 50 0.048 49.952
13 50 0.048 49.952
15 50 0.048 49.952
27 50 0.048 49.952
7 50 0.048 49.952
8 50 0.048 49.952
14 50 0.048 49.952
6 50 0.048 49.952
24 50 0.048 49.952
11 50 0.048 49.952
29 50 0.048 49.952
13 49.952 0.048 49.904
1 49.952 0.048 49.904
15 49.952 0.048 49.904
30 50 0.048 49.952
25 50 0.048 49.952
2 50 0.048 49.952
17 50 0.048 49.952
12 50 0.048 49.952
5 50 0.048 49.952
4 50 0.048 49.952
9 50 0.048 49.952
22 50 0.048 49.952
3 50 0.048 49.952
20 50 0.048 49.952
9 49.952 0.048 49.904
4 49.952 0.048 49.904
30 49.952 0.048 49.904
1 50 0.048 49.952
10 50 0.048 49.952
13 50 0.048 49.952
27 50 0.048 49.952
7 50 0.048 49.952
8 50 0.048 49.952
14 50 0.048 49.952
6 50 0.048 49.952
24 50 0.048 49.952
11 50 0.048 49.952
29 50 0.048 49.952
13 49.952 0.048 49.904
1 49.952 0.048 49.904
15 50 0.048 49.952
30 50 0.048 49.952
25 50 0.048 49.952
2 50 0.048 49.952
17 50 0.048 49.952
12 50 0.048 49.952
5 50 0.048 49.952
4 50 0.048 49.952
9 50 0.048 49.952
4 49.952 0.16 49.792
9 49.952 0.16 49.792
22 50 0.048 49.952
3 50 0.048 49.952
20 50 0.048 49.952
9 49.792 0.048 49.744
4 49.792 0.048 49.744
9 49.744 0.16 49.584
4 49.744 0.16 49.584
4 49.584 0.048 49.536
9 49.584 0.048 49.536
4 49.536 0.16 49.376
9 49.536 0.16 49.376
30 49.952 0.048 49.904
1 50 0.048 49.952
10 50 0.048 49.952
13 50 0.048 49.952
15 50 0.048 49.952
27 50 0.048 49.952
7 50 0.048 49.952
8 50 0.048 49.952
14 50 0.048 49.952
6 50 0.048 49.952
24 50 0.048 49.952
11 50 0.048 49.952
29 50 0.048 49.952
13 49.952 0.048 49.904
1 49.952 0.048 49.904
15 49.952 0.048 49.904
30 50 0.048 49.952
25 50 0.048 49.952
2 50 0.048 49.952
17 50 0.048 49.952
12 50 0.048 49.952
5 50 0.048 49.952
22 50 0.048 49.952
3 50 0.048 49.952
20 50 0.048 49.952
30 49.952 0.048 49.904
1 50 0.048 49.952
10 50 0.048 49.952
27 50 0.048 49.952
7 50 0.048 49.952
8 50 0.048 49.952
14 50 0.048 49.952
6 50 0.048 49.952
24 50 0.048 49.952
11 50 0.048 49.952
29 50 0.048 49.952
13 50 0.048 49.952
1 49.952 0.048 49.904
15 50 0.048 49.952
30 50 0.048 49.952
25 50 0.048 49.952
2 50 0.048 49.952
17 50 0.048 49.952
12 50 0.048 49.952
5 50 0.048 49.952
22 50 0.048 49.952
3 50 0.048 49.952
20 50 0.048 49.952
30 49.952 0.048 49.904
1 50 0.048 49.952
10 50 0.048 49.952
13 50 0.048 49.952
15 50 0.048 49.952
27 50 0.048 49.952
7 50 0.048 49.952
8 50 0.048 49.952
14 50 0.048 49.952
6 50 0.048 49.952
24 50 0.048 49.952
11 50 0.048 49.952
29 50 0.048 49.952
13 49.952 0.048 49.904
1 49.952 0.048 49.904
15 49.952 0.048 49.904
30 50 0.048 49.952
25 50 0.048 49.952
2 50 0.048 49.952
17 50 0.048 49.952
12 50 0.048 49.952
5 50 0.048 49.952
22 50 0.048 49.952
3 50 0.048 49.952
20 50 0.048 49.952
30 49.952 0.048 49.904
1 50 0.048 49.952
10 50 0.048 49.952
27 50 0.048 49.952
7 50 0.048 49.952
8 50 0.048 49.952
14 50 0.048 49.952
14 49.952 0.16 49.792
6 50 0.048 49.952
24 50 0.048 49.952
11 50 0.048 49.952
29 50 0.048 49.952
13 50 0.048 49.952
1 49.952 0.048 49.904
15 50 0.048 49.952
30 50 0.048 49.952
25 50 0.048 49.952
2 50 0.048 49.952
17 50 0.048 49.952
12 50 0.048 49.952
5 50 0.048 49.952
22 50 0.048 49.952
3 50 0.048 49.952
20 50 0.048 49.952
30 49.952 0.048 49.904
1 50 0.048 49.952
10 50 0.048 49.952
27 50 0.048 49.952
7 50 0.048 49.952
17 50 0.048 49.952
2 50 0.048 49.952
25 49.952 0.048 49.904
8 50 0.048 49.952
6 50 0.048 49.952
24 50 0.048 49.952
11 50 0.048 49.952
29 50 0.048 49.952
13 50 0.048 49.952
1 49.952 0.048 49.904
15 50 0.048 49.952
30 50 0.048 49.952
25 50 0.048 49.952
2 49.952 0.048 49.904
17 49.952 0.048 49.904
12 50 0.048 49.952
5 50 0.048 49.952
22 50 0.048 49.952
3 50 0.048 49.952
20 50 0.048 49.952
30 49.952 0.048 49.904
10 50 0.048 49.952
13 50 0.048 49.952
15 50 0.048 49.952
27 50 0.048 49.952
7 50 0.048 49.952
17 50 0.048 49.952
2 50 0.048 49.952
25 49.952 0.048 49.904
8 50 0.048 49.952
6 50 0.048 49.952
24 50 0.048 49.952
11 50 0.048 49.952
29 50 0.048 49.952
13 49.952 0.048 49.904
1 50 0.048 49.952
15 49.952 0.048 49.904
30 50 0.048 49.952
25 50 0.048 49.952
2 49.952 0.048 49.904
17 49.952 0.048 49.904
12 50 0.048 49.952
5 50 0.048 49.952
22 50 0.048 49.952
3 50 0.048 49.952
20 50 0.048 49.952
30 49.952 0.048 49.904
10 50 0.048 49.952
13 50 0.048 49.952
15 50 0.048 49.952
27 50 0.048 49.952
7 50 0.048 49.952
17 50 0.048 49.952
2 50 0.048 49.952
25 49.952 0.048 49.904
8 50 0.048 49.952
6 50 0.048 49.952
24 50 0.048 49.952
11 50 0.048 49.952
29 50 0.048 49.952
13 49.952 0.048 49.904
1 50 0.048 49.952
15 49.952 0.048 49.904
30 50 0.048 49.952
25 50 0.048 49.952
2 49.952 0.048 49.904
17 49.952 0.048 49.904
12 50 0.048 49.952
5 50 0.048 49.952
22 50 0.048 49.952
3 50 0.048 49.952
20 50 0.048 49.952
30 49.952 0.048 49.904
10 50 0.048 49.952
13 50 0.048 49.952
15 50 0.048 49.952
27 50 0.048 49.952
7 50 0.048 49.952
17 50 0.048 49.952
2 50 0.048 49.952
25 49.952 0.048 49.904
8 50 0.048 49.952
8 49.952 0.16 49.792
6 50 0.048 49.952
24 50 0.048 49.952
11 50 0.048 49.952
29 50 0.048 49.952
13 49.952 0.048 49.904
1 50 0.048 49.952
15 49.952 0.048 49.904
30 50 0.048 49.952
25 50 0.048 49.952
2 49.952 0.048 49.904
17 49.952 0.048 49.904
12 50 0.048 49.952
5 50 0.048 49.952
22 50 0.048 49.952
3 50 0.048 49.952
20 50 0.048 49.952
30 49.952 0.048 49.904
10 50 0.048 49.952
13 50 0.048 49.952
15 50 0.048 49.952
27 50 0.048 49.952
7 50 0.048 49.952
17 50 0.048 49.952
2 50 0.048 49.952
25 49.952 0.048 49.904
27 49.952 0.048 49.904
10 49.952 0.048 49.904
30 50 0.048 49.952
6 50 0.048 49.952
24 50 0.048 49.952
11 50 0.048 49.952
29 50 0.048 49.952
13 49.952 0.048 49.904
1 50 0.048 49.952
15 49.952 0.048 49.904
30 49.952 0.048 49.904
25 50 0.048 49.952
2 49.952 0.048 49.904
17 49.952 0.048 49.904
12 50 0.048 49.952
5 50 0.048 49.952
22 50 0.048 49.952
3 50 0.048 49.952
20 50 0.048 49.952
30 49.904 0.048 49.856
10 50 0.048 49.952
15 50 0.048 49.952
27 50 0.048 49.952
7 50 0.048 49.952
17 50 0.048 49.952
2 50 0.048 49.952
25 49.952 0.048 49.904
27 49.952 0.048 49.904
10 49.952 0.048 49.904
30 50 0.048 49.952
6 50 0.048 49.952
24 50 0.048 49.952
11 50 0.048 49.952
29 50 0.048 49.952
13 50 0.048 49.952
1 50 0.048 49.952
15 49.952 0.048 49.904
13 49.952 0.16 49.792
1 49.952 0.16 49.792
15 49.904 0.16 49.744
25 50 0.048 49.952
2 49.952 0.048 49.904
17 49.952 0.048 49.904
12 50 0.048 49.952
5 50 0.048 49.952
26 50 0.048 49.952
22 50 0.048 49.952
3 50 0.048 49.952
20 50 0.048 49.952
30 49.952 0.048 49.904
10 50 0.048 49.952
13 49.926 0.048 49.878
15 50 0.048 49.952
27 50 0.048 49.952
30 49.904 0.16 49.744
10 49.952 0.16 49.792
13 49.878 0.16 49.718
13 49.718 0.048 49.67
1 49.9626 0.048 49.9146
15 49.952 0.048 49.904
30 49.744 0.048 49.696
13 49.67 0.16 49.51
15 49.904 0.16 49.744
27 49.952 0.16 49.792
1 49.9146 0.16 49.7546
15 49.744 0.16 49.584
30 49.696 0.16 49.536
7 50 0.048 49.952
17 50 0.048 49.952
2 50 0.048 49.952
25 49.952 0.048 49.904
27 49.792 0.048 49.744
10 49.792 0.048 49.744
30 49.774 0.048 49.726
27 49.744 0.16 49.584
10 49.744 0.16 49.584
30 49.726 0.16 49.566
30 49.566 0.048 49.518
10 49.584 0.048 49.536
13 49.51 0.048 49.462
15 49.584 0.048 49.536
27 49.584 0.048 49.536
30 49.518 0.16 49.358
10 49.536 0.16 49.376
13 49.462 0.16 49.302
13 49.302 0.048 49.254
1 49.7546 0.048 49.7066
15 49.536 0.048 49.488
30 49.358 0.048 49.31
13 49.254 0.16 49.094
15 49.488 0.16 49.328
27 49.536 0.16 49.376
1 49.7066 0.16 49.5466
15 49.328 0.16 49.168
30 49.31 0.16 49.15
6 50 0.048 49.952
24 50 0.048 49.952
11 50 0.048 49.952
29 50 0.048 49.952
25 50 0.048 49.952
2 49.952 0.048 49.904
17 49.952 0.048 49.904
12 50 0.048 49.952
5 50 0.048 49.952
26 50 0.048 49.952
20 50 0.048 49.952
3 50 0.048 49.952
10 49.6884 0.048 49.6404
22 50 0.048 49.952
22 49.952 0.048 49.904
3 49.952 0.048 49.904
20 49.952 0.048 49.904
7 50 0.048 49.952
17 50 0.048 49.952
2 50 0.048 49.952
25 49.952 0.048 49.904
6 50 0.048 49.952
24 50 0.048 49.952
11 50 0.048 49.952
29 50 0.048 49.952
25 50 0.048 49.952
2 49.952 0.048 49.904
17 49.952 0.048 49.904
12 50 0.048 49.952
5 50 0.048 49.952
26 50 0.048 49.952
20 50 0.048 49.952
3 50 0.048 49.952
10 49.8429 0.048 49.7949
22 50 0.048 49.952
20 49.952 0.16 49.792
3 49.952 0.16 49.792
10 49.7949 0.16 49.6349
22 49.952 0.16 49.792
22 49.792 0.048 49.744
3 49.792 0.048 49.744
20 49.792 0.048 49.744
7 50 0.048 49.952
17 50 0.048 49.952
2 50 0.048 49.952
25 49.952 0.048 49.904
6 50 0.048 49.952
24 50 0.048 49.952
11 50 0.048 49.952
29 50 0.048 49.952
25 50 0.048 49.952
2 49.952 0.048 49.904
17 49.952 0.048 49.904
12 50 0.048 49.952
5 50 0.048 49.952
26 50 0.048 49.952
22 49.9255 0.048 49.8775
3 50 0.048 49.952
20 49.9325 0.048 49.8845
22 49.8775 0.16 49.7175
3 49.952 0.16 49.792
20 49.8845 0.16 49.7245
24 50 0.048 49.952
6 50 0.048 49.952
7 50 0.048 49.952
17 50 0.048 49.952
2 50 0.048 49.952
25 49.952 0.048 49.904
6 49.952 0.048 49.904
24 49.952 0.048 49.904
11 50 0.048 49.952
29 50 0.048 49.952
25 50 0.048 49.952
2 49.952 0.048 49.904
17 49.952 0.048 49.904
12 50 0.048 49.952
5 50 0.048 49.952
26 50 0.048 49.952
24 50 0.048 49.952
6 50 0.048 49.952
7 50 0.048 49.952
17 50 0.048 49.952
2 50 0.048 49.952
25 49.952 0.048 49.904
6 49.952 0.048 49.904
24 49.952 0.048 49.904
11 50 0.048 49.952
29 50 0.048 49.952
11 49.952 0.16 49.792
29 49.952 0.16 49.792
25 50 0.048 49.952
2 49.952 0.048 49.904
17 49.952 0.048 49.904
12 50 0.048 49.952
5 50 0.048 49.952
26 50 0.048 49.952
24 50 0.048 49.952
7 50 0.048 49.952
17 50 0.048 49.952
2 50 0.048 49.952
25 49.952 0.048 49.904
6 50 0.048 49.952
25 50 0.048 49.952
2 49.952 0.048 49.904
17 49.952 0.048 49.904
12 50 0.048 49.952
5 50 0.048 49.952
26 50 0.048 49.952
24 50 0.048 49.952
6 50 0.048 49.952
7 50 0.048 49.952
17 50 0.048 49.952
2 50 0.048 49.952
25 49.952 0.048 49.904
6 49.952 0.048 49.904
24 49.952 0.048 49.904
25 50 0.048 49.952
2 49.952 0.048 49.904
17 49.952 0.048 49.904
12 50 0.048 49.952
5 50 0.048 49.952
26 50 0.048 49.952
28 50 0.048 49.952
24 50 0.048 49.952
6 50 0.048 49.952
7 50 0.048 49.952
17 50 0.048 49.952
2 50 0.048 49.952
25 49.952 0.048 49.904
6 49.952 0.048 49.904
24 49.952 0.048 49.904
25 50 0.048 49.952
2 49.952 0.048 49.904
17 49.952 0.048 49.904
25 49.952 0.16 49.792
2 49.904 0.16 49.744
17 49.904 0.16 49.744
12 50 0.048 49.952
5 50 0.048 49.952
26 50 0.048 49.952
28 50 0.048 49.952
24 50 0.048 49.952
6 50 0.048 49.952
7 50 0.048 49.952
17 50 0.048 49.952
2 50 0.048 49.952
25 49.792 0.048 49.744
17 49.952 0.16 49.792
2 49.952 0.16 49.792
25 49.744 0.16 49.584
25 49.584 0.048 49.536
2 49.792 0.048 49.744
17 49.792 0.048 49.744
25 49.536 0.16 49.376
2 49.744 0.16 49.584
17 49.744 0.16 49.584
6 49.952 0.048 49.904
24 49.952 0.048 49.904
12 50 0.048 49.952
5 50 0.048 49.952
26 50 0.048 49.952
28 50 0.048 49.952
24 50 0.048 49.952
6 50 0.048 49.952
7 50 0.048 49.952
6 49.952 0.048 49.904
24 49.952 0.048 49.904
5 50 0.048 49.952
12 50 0.048 49.952
12 49.952 0.048 49.904
5 49.952 0.048 49.904
26 50 0.048 49.952
28 50 0.048 49.952
24 50 0.048 49.952
6 50 0.048 49.952
7 50 0.048 49.952
6 49.952 0.048 49.904
24 49.952 0.048 49.904
5 50 0.048 49.952
12 50 0.048 49.952
12 49.952 0.048 49.904
5 49.952 0.048 49.904
26 50 0.048 49.952
28 50 0.048 49.952
24 50 0.048 49.952
6 50 0.048 49.952
7 50 0.048 49.952
6 49.952 0.048 49.904
24 49.952 0.048 49.904
6 49.904 0.16 49.744
24 49.904 0.16 49.744
5 50 0.048 49.952
12 50 0.048 49.952
12 49.952 0.048 49.904
5 49.952 0.048 49.904
26 50 0.048 49.952
28 50 0.048 49.952
24 49.8589 0.048 49.8109
6 49.9278 0.048 49.8798
24 49.8109 0.16 49.6509
6 49.8798 0.16 49.7198
6 49.7198 0.048 49.6718
24 49.6509 0.048 49.6029
6 49.6718 0.16 49.5118
24 49.6029 0.16 49.4429
7 50 0.048 49.952
21 50 0.048 49.952
5 50 0.048 49.952
12 50 0.048 49.952
12 49.952 0.048 49.904
5 49.952 0.048 49.904
26 50 0.048 49.952
28 50 0.048 49.952
7 50 0.048 49.952
21 50 0.048 49.952
5 50 0.048 49.952
12 50 0.048 49.952
18 50 0.048 49.952
12 49.952 0.048 49.904
5 49.952 0.048 49.904
26 50 0.048 49.952
28 50 0.048 49.952
7 50 0.048 49.952
21 50 0.048 49.952
5 50 0.048 49.952
12 50 0.048 49.952
18 50 0.048 49.952
12 49.952 0.048 49.904
5 49.952 0.048 49.904
26 50 0.048 49.952
28 50 0.048 49.952
7 50 0.048 49.952
19 50 0.048 49.952
21 50 0.048 49.952
5 50 0.048 49.952
12 50 0.048 49.952
18 50 0.048 49.952
12 49.952 0.048 49.904
5 49.952 0.048 49.904
12 49.904 0.16 49.744
5 49.904 0.16 49.744
26 50 0.048 49.952
28 50 0.048 49.952
7 50 0.048 49.952
19 50 0.048 49.952
21 50 0.048 49.952
5 49.999 0.048 49.951
12 50 0.048 49.952
5 49.951 0.16 49.791
12 49.952 0.16 49.792
12 49.792 0.048 49.744
5 49.791 0.048 49.743
12 49.744 0.16 49.584
5 49.743 0.16 49.583
18 50 0.048 49.952
26 50 0.048 49.952
28 50 0.048 49.952
7 50 0.048 49.952
19 50 0.048 49.952
21 50 0.048 49.952
18 50 0.048 49.952
26 50 0.048 49.952
28 50 0.048 49.952
7 50 0.048 49.952
7 49.952 0.16 49.792
19 50 0.048 49.952
21 50 0.048 49.952
18 50 0.048 49.952
26 50 0.048 49.952
28 50 0.048 49.952
19 50 0.048 49.952
21 50 0.048 49.952
18 50 0.048 49.952
26 50 0.048 49.952
28 50 0.048 49.952
19 50 0.048 49.952
21 50 0.048 49.952
18 50 0.048 49.952
26 50 0.048 49.952
28 50 0.048 49.952
19 50 0.048 49.952
21 50 0.048 49.952
18 50 0.048 49.952
26 50 0.048 49.952
28 50 0.048 49.952
19 50 0.048 49.952
21 50 0.048 49.952
18 50 0.048 49.952
26 50 0.048 49.952
26 49.952 0.16 49.792
28 50 0.048 49.952
19 50 0.048 49.952
21 50 0.048 49.952
18 50 0.048 49.952
28 50 0.048 49.952
19 50 0.048 49.952
19 49.952 0.16 49.792
21 50 0.048 49.952
18 50 0.048 49.952
28 50 0.048 49.952
21 50 0.048 49.952
18 50 0.048 49.952
28 50 0.048 49.952
21 50 0.048 49.952
18 50 0.048 49.952
28 50 0.048 49.952
21 50 0.048 49.952
18 50 0.048 49.952
28 50 0.048 49.952
28 49.952 0.16 49.792
21 50 0.048 49.952
18 50 0.048 49.952
21 50 0.048 49.952
18 50 0.048 49.952
21 50 0.048 49.952
18 50 0.048 49.952
21 50 0.048 49.952
18 50 0.048 49.952
21 50 0.048 49.952
18 50 0.048 49.952
21 50 0.048 49.952
18 50 0.048 49.952
21 50 0.048 49.952
21 49.952 0.16 49.792
18 50 0.048 49.952
18 50 0.048 49.952
18 50 0.048 49.952
18 50 0.048 49.952
18 50 0.048 49.952
18 49.952 0.16 49.792
