45 50 0.048 49.952
8 50 0.048 49.952
12 50 0.048 49.952
23 50 0.048 49.952
36 50 0.048 49.952
39 50 0.048 49.952
47 50 0.048 49.952
45 49.952 0.16 49.792
8 49.952 0.16 49.792
8 49.792 0.048 49.744
39 49.952 0.048 49.904
45 49.792 0.048 49.744
47 49.952 0.048 49.904
8 49.744 0.16 49.584
12 49.952 0.16 49.792
12 49.792 0.048 49.744
23 49.952 0.048 49.904
36 49.952 0.048 49.904
45 49.744 0.048 49.696
12 49.744 0.16 49.584
23 49.904 0.16 49.744
23 49.744 0.048 49.696
5 50 0.048 49.952
12 49.584 0.048 49.536
36 49.904 0.048 49.856
45 49.696 0.048 49.648
23 49.696 0.16 49.536
36 49.856 0.16 49.696
36 49.696 0.048 49.648
5 49.952 0.048 49.904
12 49.536 0.048 49.488
23 49.536 0.048 49.488
45 49.648 0.048 49.6
36 49.648 0.16 49.488
39 49.904 0.16 49.744
39 49.744 0.048 49.696
8 49.584 0.048 49.536
45 49.6 0.048 49.552
47 49.904 0.048 49.856
39 49.696 0.16 49.536
47 49.856 0.16 49.696
47 49.696 0.048 49.648
8 49.536 0.048 49.488
9 50 0.048 49.952
39 49.536 0.048 49.488
45 49.552 0.048 49.504
47 49.648 0.16 49.488
36 49.488 0.16 49.328
5 49.904 0.16 49.744
5 49.744 0.048 49.696
23 49.488 0.048 49.44
36 49.328 0.048 49.28
12 49.488 0.16 49.328
23 49.44 0.16 49.28
47 49.488 0.16 49.328
8 49.488 0.16 49.328
9 49.952 0.16 49.792
9 49.792 0.048 49.744
47 49.328 0.048 49.28
39 49.488 0.16 49.328
45 49.504 0.16 49.344
7 50 0.048 49.952
13 50 0.048 49.952
24 50 0.048 49.952
7 49.952 0.16 49.792
13 49.952 0.16 49.792
13 49.792 0.048 49.744
7 49.792 0.048 49.744
24 49.952 0.16 49.792
24 49.792 0.048 49.744
7 49.744 0.048 49.696
17 50 0.048 49.952
24 49.744 0.16 49.584
7 49.696 0.16 49.536
17 49.952 0.16 49.792
17 49.792 0.048 49.744
24 49.584 0.048 49.536
5 50 0.048 49.952
23 49.6429 0.048 49.5949
36 49.5957 0.048 49.5477
9 49.9478 0.048 49.8998
47 49.5566 0.048 49.5086
13 50 0.048 49.952
7 49.806 0.048 49.758
17 49.9863 0.048 49.9383
24 49.8224 0.048 49.7744
24 49.7744 0.048 49.7264
7 49.758 0.048 49.71
17 49.9383 0.048 49.8903
24 49.7264 0.16 49.5664
7 49.71 0.16 49.55
7 49.55 0.048 49.502
13 49.952 0.048 49.904
24 49.5664 0.048 49.5184
17 49.8903 0.16 49.7303
38 50 0.048 49.952
6 50 0.048 49.952
19 50 0.048 49.952
35 50 0.048 49.952
42 50 0.048 49.952
43 50 0.048 49.952
49 50 0.048 49.952
38 49.952 0.16 49.792
6 49.952 0.16 49.792
6 49.792 0.048 49.744
19 49.952 0.048 49.904
38 49.792 0.048 49.744
42 49.952 0.048 49.904
6 49.744 0.16 49.584
19 49.904 0.16 49.744
19 49.744 0.048 49.696
6 49.584 0.048 49.536
38 49.744 0.048 49.696
42 49.904 0.048 49.856
43 49.952 0.048 49.904
49 49.952 0.048 49.904
19 49.696 0.16 49.536
35 49.952 0.16 49.792
35 49.792 0.048 49.744
2 50 0.048 49.952
38 49.696 0.048 49.648
43 49.904 0.048 49.856
49 49.904 0.048 49.856
35 49.744 0.16 49.584
42 49.856 0.16 49.696
42 49.696 0.048 49.648
6 49.536 0.048 49.488
19 49.536 0.048 49.488
38 49.648 0.048 49.6
43 49.856 0.16 49.696
43 49.696 0.048 49.648
2 49.952 0.048 49.904
19 49.488 0.048 49.44
35 49.584 0.048 49.536
38 49.6 0.048 49.552
49 49.856 0.048 49.808
43 49.648 0.16 49.488
49 49.808 0.16 49.648
49 49.648 0.048 49.6
2 49.904 0.048 49.856
19 49.44 0.048 49.392
35 49.536 0.048 49.488
38 49.552 0.048 49.504
43 49.488 0.048 49.44
49 49.6 0.16 49.44
6 49.488 0.16 49.328
42 49.648 0.16 49.488
49 49.44 0.16 49.28
2 49.856 0.16 49.696
2 49.696 0.048 49.648
33 50 0.048 49.952
35 49.488 0.048 49.44
43 49.44 0.048 49.392
49 49.28 0.048 49.232
2 49.648 0.16 49.488
19 49.392 0.16 49.232
35 49.44 0.16 49.28
38 49.504 0.16 49.344
43 49.392 0.16 49.232
33 49.952 0.16 49.792
33 49.792 0.048 49.744
2 49.488 0.048 49.44
3 50 0.048 49.952
30 50 0.048 49.952
33 49.744 0.16 49.584
35 49.28 0.16 49.12
43 49.232 0.16 49.072
49 49.232 0.16 49.072
2 49.44 0.16 49.28
3 49.952 0.16 49.792
3 49.792 0.048 49.744
30 49.952 0.048 49.904
33 49.584 0.048 49.536
3 49.744 0.16 49.584
30 49.904 0.16 49.744
30 49.744 0.048 49.696
3 49.584 0.048 49.536
33 49.536 0.048 49.488
30 49.696 0.16 49.536
33 49.488 0.16 49.328
5 50 0.048 49.952
12 49.8293 0.048 49.7813
23 49.8093 0.048 49.7613
36 49.8637 0.048 49.8157
9 50 0.048 49.952
47 49.6253 0.048 49.5773
13 50 0.048 49.952
7 49.7155 0.048 49.6675
17 50 0.048 49.952
24 49.7392 0.048 49.6912
7 49.6675 0.048 49.6195
13 49.952 0.048 49.904
24 49.6912 0.048 49.6432
42 49.6094 0.048 49.5614
6 49.4362 0.048 49.3882
19 49.5927 0.048 49.5447
38 49.4535 0.048 49.4055
30 49.7162 0.048 49.6682
3 49.8986 0.048 49.8506
33 49.6273 0.048 49.5793
47 49.9494 0.048 49.9014
8 50 0.048 49.952
9 50 0.048 49.952
39 50 0.048 49.952
45 49.857 0.048 49.809
47 49.9014 0.16 49.7414
8 49.952 0.16 49.792
9 49.952 0.16 49.792
39 49.952 0.16 49.792
45 49.809 0.16 49.649
45 49.649 0.048 49.601
8 49.792 0.048 49.744
23 50 0.048 49.952
36 49.8157 0.048 49.7677
39 49.792 0.048 49.744
47 49.7414 0.048 49.6934
45 49.601 0.16 49.441
8 49.744 0.16 49.584
23 49.952 0.16 49.792
36 49.7677 0.16 49.6077
36 49.6077 0.048 49.5597
5 49.952 0.048 49.904
12 49.7813 0.048 49.7333
23 49.792 0.048 49.744
45 49.441 0.048 49.393
39 49.744 0.16 49.584
47 49.6934 0.16 49.5334
25 50 0.048 49.952
34 50 0.048 49.952
25 49.952 0.16 49.792
34 49.952 0.16 49.792
34 49.792 0.048 49.744
25 49.792 0.048 49.744
5 50 0.048 49.952
12 49.8344 0.048 49.7864
36 49.8407 0.048 49.7927
9 49.792 0.048 49.744
47 49.5334 0.048 49.4854
13 50 0.048 49.952
7 49.9805 0.048 49.9325
17 50 0.048 49.952
24 49.9922 0.048 49.9442
7 49.9325 0.048 49.8845
13 49.952 0.048 49.904
24 49.9442 0.048 49.8962
42 49.7074 0.048 49.6594
6 49.5426 0.048 49.4946
19 49.6548 0.048 49.6068
38 49.5925 0.048 49.5445
30 49.8149 0.048 49.7669
3 50 0.048 49.952
33 49.8418 0.048 49.7938
27 50 0.048 49.952
18 50 0.048 49.952
27 49.952 0.16 49.792
18 49.952 0.16 49.792
18 49.792 0.048 49.744
27 49.792 0.048 49.744
50 50 0.048 49.952
18 49.744 0.16 49.584
27 49.744 0.16 49.584
50 49.952 0.16 49.792
50 49.792 0.048 49.744
18 49.584 0.048 49.536
36 49.7927 0.048 49.7447
5 49.952 0.048 49.904
12 49.7864 0.048 49.7384
23 50 0.048 49.952
45 49.5387 0.048 49.4907
34 50 0.048 49.952
25 50 0.048 49.952
5 50 0.048 49.952
12 50 0.048 49.952
23 49.952 0.048 49.904
36 49.8551 0.048 49.8071
9 49.9501 0.048 49.9021
47 49.6368 0.048 49.5888
13 50 0.048 49.952
7 50 0.048 49.952
17 50 0.048 49.952
24 50 0.048 49.952
7 49.952 0.048 49.904
13 49.952 0.048 49.904
24 49.952 0.048 49.904
42 49.8831 0.048 49.8351
6 49.63 0.048 49.582
19 49.9397 0.048 49.8917
38 49.9361 0.048 49.8881
30 50 0.048 49.952
3 50 0.048 49.952
33 50 0.048 49.952
50 50 0.048 49.952
18 49.9051 0.048 49.8571
36 49.8071 0.048 49.7591
5 49.952 0.048 49.904
12 49.952 0.048 49.904
23 50 0.048 49.952
45 49.8881 0.048 49.8401
34 50 0.048 49.952
25 50 0.048 49.952
5 50 0.048 49.952
12 50 0.048 49.952
36 49.9507 0.048 49.9027
9 50 0.048 49.952
47 49.7485 0.048 49.7005
13 50 0.048 49.952
7 50 0.048 49.952
17 50 0.048 49.952
24 50 0.048 49.952
7 49.952 0.048 49.904
13 49.952 0.048 49.904
24 49.952 0.048 49.904
42 49.991 0.048 49.943
6 49.8312 0.048 49.7832
19 50 0.048 49.952
38 50 0.048 49.952
30 50 0.048 49.952
3 50 0.048 49.952
33 50 0.048 49.952
50 50 0.048 49.952
18 49.9749 0.048 49.9269
36 49.9027 0.048 49.8547
5 49.952 0.048 49.904
12 49.952 0.048 49.904
23 50 0.048 49.952
45 49.9821 0.048 49.9341
34 50 0.048 49.952
25 50 0.048 49.952
26 50 0.048 49.952
16 50 0.048 49.952
21 50 0.048 49.952
26 49.952 0.16 49.792
16 49.952 0.16 49.792
16 49.792 0.048 49.744
21 49.952 0.048 49.904
26 49.792 0.048 49.744
16 49.744 0.16 49.584
21 49.904 0.16 49.744
21 49.744 0.048 49.696
16 49.584 0.048 49.536
26 49.744 0.048 49.696
21 49.696 0.16 49.536
26 49.696 0.16 49.536
5 50 0.048 49.952
12 50 0.048 49.952
36 49.9553 0.048 49.9073
9 50 0.048 49.952
47 50 0.048 49.952
13 50 0.048 49.952
7 50 0.048 49.952
17 50 0.048 49.952
24 50 0.048 49.952
7 49.952 0.048 49.904
13 49.952 0.048 49.904
24 49.952 0.048 49.904
31 50 0.048 49.952
4 50 0.048 49.952
31 49.952 0.16 49.792
4 49.952 0.16 49.792
4 49.792 0.048 49.744
28 50 0.048 49.952
31 49.792 0.048 49.744
46 50 0.048 49.952
4 49.744 0.16 49.584
28 49.952 0.16 49.792
28 49.792 0.048 49.744
4 49.584 0.048 49.536
46 49.952 0.048 49.904
28 49.744 0.16 49.584
31 49.744 0.16 49.584
46 49.904 0.16 49.744
46 49.744 0.048 49.696
4 49.536 0.048 49.488
28 49.584 0.048 49.536
4 49.488 0.16 49.328
46 49.696 0.16 49.536
42 50 0.048 49.952
6 50 0.048 49.952
19 50 0.048 49.952
38 50 0.048 49.952
30 50 0.048 49.952
3 50 0.048 49.952
33 50 0.048 49.952
50 50 0.048 49.952
18 50 0.048 49.952
27 50 0.048 49.952
36 49.9073 0.048 49.8593
5 49.952 0.048 49.904
12 49.952 0.048 49.904
23 50 0.048 49.952
45 50 0.048 49.952
34 50 0.048 49.952
25 50 0.048 49.952
21 49.8311 0.048 49.7831
16 49.6386 0.048 49.5906
26 49.7227 0.048 49.6747
48 50 0.048 49.952
40 50 0.048 49.952
48 49.952 0.16 49.792
40 49.952 0.16 49.792
40 49.792 0.048 49.744
48 49.792 0.048 49.744
5 50 0.048 49.952
12 50 0.048 49.952
23 49.952 0.048 49.904
36 50 0.048 49.952
9 50 0.048 49.952
47 50 0.048 49.952
9 49.952 0.16 49.792
47 49.952 0.16 49.792
13 50 0.048 49.952
7 50 0.048 49.952
17 50 0.048 49.952
24 50 0.048 49.952
7 49.952 0.048 49.904
13 49.952 0.048 49.904
24 49.952 0.048 49.904
46 49.6642 0.048 49.6162
4 49.6328 0.048 49.5848
28 49.7385 0.048 49.6905
1 50 0.048 49.952
20 50 0.048 49.952
37 50 0.048 49.952
1 49.952 0.16 49.792
20 49.952 0.16 49.792
20 49.792 0.048 49.744
1 49.792 0.048 49.744
37 49.952 0.048 49.904
20 49.744 0.16 49.584
37 49.904 0.16 49.744
37 49.744 0.048 49.696
1 49.744 0.048 49.696
20 49.584 0.048 49.536
1 49.696 0.16 49.536
37 49.696 0.16 49.536
42 50 0.048 49.952
6 50 0.048 49.952
19 50 0.048 49.952
38 50 0.048 49.952
30 50 0.048 49.952
3 50 0.048 49.952
33 50 0.048 49.952
50 50 0.048 49.952
18 50 0.048 49.952
32 50 0.048 49.952
11 50 0.048 49.952
32 49.952 0.16 49.792
11 49.952 0.16 49.792
11 49.792 0.048 49.744
32 49.792 0.048 49.744
36 49.952 0.048 49.904
5 49.952 0.048 49.904
8 50 0.048 49.952
12 49.952 0.048 49.904
23 50 0.048 49.952
45 50 0.048 49.952
34 50 0.048 49.952
25 50 0.048 49.952
21 49.961 0.048 49.913
16 49.8833 0.048 49.8353
26 49.952 0.048 49.904
40 50 0.048 49.952
48 50 0.048 49.952
5 50 0.048 49.952
23 49.952 0.048 49.904
36 50 0.048 49.952
13 50 0.048 49.952
17 50 0.048 49.952
24 50 0.048 49.952
4 49.8175 0.048 49.7695
28 49.8756 0.048 49.8276
31 50 0.048 49.952
46 49.945 0.048 49.897
4 49.7695 0.16 49.6095
28 49.8276 0.16 49.6676
31 49.952 0.16 49.792
31 49.792 0.048 49.744
4 49.6095 0.048 49.5615
46 49.897 0.16 49.737
7 50 0.048 49.952
24 49.952 0.048 49.904
18 50 0.048 49.952
27 50 0.048 49.952
50 50 0.048 49.952
18 49.952 0.16 49.792
27 49.952 0.16 49.792
27 49.792 0.048 49.744
18 49.792 0.048 49.744
50 49.952 0.16 49.792
46 49.737 0.048 49.689
4 49.5615 0.048 49.5135
28 49.6676 0.048 49.6196
37 49.8331 0.048 49.7851
1 49.8141 0.048 49.7661
20 49.692 0.048 49.644
42 50 0.048 49.952
6 50 0.048 49.952
19 50 0.048 49.952
38 50 0.048 49.952
30 50 0.048 49.952
3 50 0.048 49.952
33 50 0.048 49.952
50 49.792 0.048 49.744
18 49.744 0.048 49.696
2 50 0.048 49.952
33 50 0.048 49.952
35 50 0.048 49.952
43 50 0.048 49.952
2 49.952 0.16 49.792
33 49.952 0.16 49.792
33 49.792 0.048 49.744
2 49.792 0.048 49.744
3 50 0.048 49.952
30 49.952 0.048 49.904
35 49.952 0.16 49.792
43 49.952 0.16 49.792
10 50 0.048 49.952
11 49.8539 0.048 49.8059
32 50 0.048 49.952
36 49.952 0.048 49.904
5 49.952 0.048 49.904
8 50 0.048 49.952
12 50 0.048 49.952
23 50 0.048 49.952
45 50 0.048 49.952
34 50 0.048 49.952
25 50 0.048 49.952
21 50 0.048 49.952
16 49.9566 0.048 49.9086
26 50 0.048 49.952
40 50 0.048 49.952
48 50 0.048 49.952
5 50 0.048 49.952
36 50 0.048 49.952
13 50 0.048 49.952
7 50 0.048 49.952
17 50 0.048 49.952
24 50 0.048 49.952
31 49.9145 0.048 49.8665
4 49.8716 0.048 49.8236
7 49.952 0.048 49.904
13 49.952 0.048 49.904
24 49.952 0.048 49.904
27 50 0.048 49.952
18 49.9584 0.048 49.9104
50 50 0.048 49.952
46 49.9516 0.048 49.9036
4 49.8236 0.048 49.7756
28 49.8536 0.048 49.8056
37 50 0.048 49.952
1 50 0.048 49.952
20 49.8905 0.048 49.8425
42 50 0.048 49.952
6 50 0.048 49.952
19 50 0.048 49.952
38 50 0.048 49.952
30 50 0.048 49.952
3 49.952 0.048 49.904
50 49.952 0.048 49.904
18 49.9104 0.048 49.8624
27 50 0.048 49.952
33 50 0.048 49.952
2 49.9988 0.048 49.9508
3 50 0.048 49.952
10 50 0.048 49.952
11 50 0.048 49.952
32 50 0.048 49.952
36 49.952 0.048 49.904
5 49.952 0.048 49.904
8 50 0.048 49.952
12 50 0.048 49.952
23 50 0.048 49.952
45 50 0.048 49.952
34 50 0.048 49.952
25 50 0.048 49.952
21 50 0.048 49.952
16 50 0.048 49.952
26 50 0.048 49.952
40 50 0.048 49.952
48 50 0.048 49.952
5 50 0.048 49.952
12 50 0.048 49.952
36 50 0.048 49.952
13 50 0.048 49.952
7 50 0.048 49.952
17 50 0.048 49.952
24 50 0.048 49.952
31 50 0.048 49.952
4 50 0.048 49.952
7 49.952 0.048 49.904
13 49.952 0.048 49.904
24 49.952 0.048 49.904
27 49.952 0.048 49.904
18 49.9944 0.048 49.9464
50 50 0.048 49.952
46 50 0.048 49.952
4 49.952 0.048 49.904
28 50 0.048 49.952
41 50 0.048 49.952
22 50 0.048 49.952
44 50 0.048 49.952
41 49.952 0.16 49.792
22 49.952 0.16 49.792
22 49.792 0.048 49.744
41 49.792 0.048 49.744
44 49.952 0.048 49.904
22 49.744 0.16 49.584
44 49.904 0.16 49.744
44 49.744 0.048 49.696
22 49.584 0.048 49.536
41 49.744 0.048 49.696
41 49.696 0.16 49.536
44 49.696 0.16 49.536
37 50 0.048 49.952
1 50 0.048 49.952
20 50 0.048 49.952
42 50 0.048 49.952
6 50 0.048 49.952
19 50 0.048 49.952
38 50 0.048 49.952
30 50 0.048 49.952
3 49.952 0.048 49.904
50 49.952 0.048 49.904
18 49.9464 0.048 49.8984
27 50 0.048 49.952
33 50 0.048 49.952
2 50 0.048 49.952
3 50 0.048 49.952
10 50 0.048 49.952
11 50 0.048 49.952
32 50 0.048 49.952
29 50 0.048 49.952
36 49.952 0.048 49.904
5 49.952 0.048 49.904
8 50 0.048 49.952
12 49.952 0.048 49.904
23 50 0.048 49.952
45 50 0.048 49.952
36 49.904 0.16 49.744
5 49.904 0.16 49.744
8 49.952 0.16 49.792
12 49.904 0.16 49.744
23 49.952 0.16 49.792
45 49.952 0.16 49.792
34 50 0.048 49.952
25 50 0.048 49.952
21 50 0.048 49.952
16 50 0.048 49.952
26 50 0.048 49.952
40 50 0.048 49.952
48 50 0.048 49.952
5 49.9498 0.048 49.9018
12 50 0.048 49.952
36 49.8738 0.048 49.8258
5 49.9018 0.16 49.7418
12 49.952 0.16 49.792
36 49.8258 0.16 49.6658
13 50 0.048 49.952
7 50 0.048 49.952
17 50 0.048 49.952
24 50 0.048 49.952
31 50 0.048 49.952
4 50 0.048 49.952
7 49.952 0.048 49.904
13 49.952 0.048 49.904
24 49.952 0.048 49.904
27 49.952 0.048 49.904
18 50 0.048 49.952
50 50 0.048 49.952
46 50 0.048 49.952
4 49.952 0.048 49.904
28 50 0.048 49.952
44 49.763 0.048 49.715
22 49.9247 0.048 49.8767
41 49.795 0.048 49.747
37 50 0.048 49.952
1 50 0.048 49.952
20 50 0.048 49.952
42 50 0.048 49.952
6 50 0.048 49.952
19 50 0.048 49.952
38 50 0.048 49.952
30 50 0.048 49.952
3 49.952 0.048 49.904
33 49.952 0.048 49.904
50 49.952 0.048 49.904
18 49.952 0.048 49.904
27 50 0.048 49.952
33 50 0.048 49.952
2 50 0.048 49.952
3 50 0.048 49.952
30 49.952 0.048 49.904
10 50 0.048 49.952
11 50 0.048 49.952
32 50 0.048 49.952
29 50 0.048 49.952
34 50 0.048 49.952
25 50 0.048 49.952
21 50 0.048 49.952
16 50 0.048 49.952
26 50 0.048 49.952
40 50 0.048 49.952
48 50 0.048 49.952
13 50 0.048 49.952
7 50 0.048 49.952
17 50 0.048 49.952
24 50 0.048 49.952
31 50 0.048 49.952
4 50 0.048 49.952
7 49.952 0.048 49.904
13 49.952 0.048 49.904
24 49.952 0.048 49.904
27 49.952 0.048 49.904
18 50 0.048 49.952
50 50 0.048 49.952
46 50 0.048 49.952
4 49.952 0.048 49.904
28 50 0.048 49.952
44 49.8669 0.048 49.8189
22 50 0.048 49.952
41 50 0.048 49.952
37 50 0.048 49.952
1 50 0.048 49.952
20 50 0.048 49.952
49 50 0.048 49.952
6 50 0.048 49.952
19 49.952 0.048 49.904
35 50 0.048 49.952
38 50 0.048 49.952
43 50 0.048 49.952
49 49.952 0.16 49.792
6 49.952 0.16 49.792
19 49.904 0.16 49.744
35 49.952 0.16 49.792
38 49.952 0.16 49.792
38 49.792 0.048 49.744
6 49.792 0.048 49.744
19 49.744 0.048 49.696
35 49.792 0.048 49.744
42 50 0.048 49.952
43 49.952 0.048 49.904
49 49.792 0.048 49.744
43 49.904 0.16 49.744
42 49.952 0.048 49.904
6 49.744 0.048 49.696
19 49.9897 0.048 49.9417
38 49.744 0.048 49.696
30 50 0.048 49.952
3 49.952 0.048 49.904
33 49.952 0.048 49.904
50 49.952 0.048 49.904
18 49.952 0.048 49.904
27 50 0.048 49.952
33 50 0.048 49.952
2 50 0.048 49.952
3 50 0.048 49.952
30 49.952 0.048 49.904
10 50 0.048 49.952
11 50 0.048 49.952
32 50 0.048 49.952
29 50 0.048 49.952
34 50 0.048 49.952
25 50 0.048 49.952
21 50 0.048 49.952
16 50 0.048 49.952
26 50 0.048 49.952
40 50 0.048 49.952
48 50 0.048 49.952
13 50 0.048 49.952
7 50 0.048 49.952
17 50 0.048 49.952
24 50 0.048 49.952
31 50 0.048 49.952
4 50 0.048 49.952
7 49.952 0.048 49.904
13 49.952 0.048 49.904
24 49.952 0.048 49.904
27 49.952 0.048 49.904
18 50 0.048 49.952
50 50 0.048 49.952
46 50 0.048 49.952
4 49.952 0.048 49.904
28 50 0.048 49.952
44 50 0.048 49.952
22 50 0.048 49.952
41 50 0.048 49.952
37 50 0.048 49.952
1 50 0.048 49.952
20 50 0.048 49.952
38 49.8595 0.048 49.8115
6 50 0.048 49.952
19 49.9417 0.048 49.8937
35 50 0.048 49.952
42 50 0.048 49.952
49 50 0.048 49.952
42 49.952 0.048 49.904
6 49.952 0.048 49.904
19 50 0.048 49.952
38 49.8115 0.048 49.7635
30 50 0.048 49.952
3 49.952 0.048 49.904
33 49.952 0.048 49.904
50 49.952 0.048 49.904
18 49.952 0.048 49.904
27 50 0.048 49.952
33 50 0.048 49.952
2 50 0.048 49.952
3 50 0.048 49.952
10 50 0.048 49.952
11 50 0.048 49.952
32 50 0.048 49.952
29 50 0.048 49.952
34 50 0.048 49.952
25 50 0.048 49.952
21 50 0.048 49.952
16 50 0.048 49.952
26 50 0.048 49.952
40 50 0.048 49.952
48 50 0.048 49.952
13 50 0.048 49.952
7 50 0.048 49.952
17 50 0.048 49.952
24 50 0.048 49.952
31 50 0.048 49.952
4 50 0.048 49.952
7 49.952 0.048 49.904
13 49.952 0.048 49.904
24 49.952 0.048 49.904
27 49.952 0.048 49.904
18 50 0.048 49.952
50 50 0.048 49.952
46 50 0.048 49.952
4 49.952 0.048 49.904
28 50 0.048 49.952
44 50 0.048 49.952
22 50 0.048 49.952
41 50 0.048 49.952
37 50 0.048 49.952
1 50 0.048 49.952
20 50 0.048 49.952
38 49.9072 0.048 49.8592
6 50 0.048 49.952
19 49.952 0.048 49.904
35 50 0.048 49.952
42 50 0.048 49.952
49 50 0.048 49.952
42 49.952 0.048 49.904
6 49.952 0.048 49.904
19 50 0.048 49.952
38 49.8592 0.048 49.8112
30 50 0.048 49.952
3 49.952 0.048 49.904
50 49.952 0.048 49.904
18 49.952 0.048 49.904
27 50 0.048 49.952
33 50 0.048 49.952
2 50 0.048 49.952
3 50 0.048 49.952
10 50 0.048 49.952
11 50 0.048 49.952
32 50 0.048 49.952
29 50 0.048 49.952
34 50 0.048 49.952
25 50 0.048 49.952
21 50 0.048 49.952
16 50 0.048 49.952
26 50 0.048 49.952
40 50 0.048 49.952
48 50 0.048 49.952
40 49.952 0.16 49.792
48 49.952 0.16 49.792
13 50 0.048 49.952
7 50 0.048 49.952
17 50 0.048 49.952
24 50 0.048 49.952
31 50 0.048 49.952
4 50 0.048 49.952
7 49.952 0.048 49.904
13 49.952 0.048 49.904
24 49.952 0.048 49.904
27 49.952 0.048 49.904
18 50 0.048 49.952
50 50 0.048 49.952
46 50 0.048 49.952
4 49.952 0.048 49.904
28 50 0.048 49.952
44 50 0.048 49.952
22 50 0.048 49.952
41 50 0.048 49.952
37 50 0.048 49.952
1 50 0.048 49.952
20 50 0.048 49.952
38 50 0.048 49.952
6 50 0.048 49.952
19 49.952 0.048 49.904
35 50 0.048 49.952
42 50 0.048 49.952
49 50 0.048 49.952
42 49.952 0.048 49.904
6 49.952 0.048 49.904
19 50 0.048 49.952
38 49.952 0.048 49.904
30 50 0.048 49.952
3 49.952 0.048 49.904
50 49.952 0.048 49.904
18 49.952 0.048 49.904
27 50 0.048 49.952
33 50 0.048 49.952
2 50 0.048 49.952
3 50 0.048 49.952
10 50 0.048 49.952
11 50 0.048 49.952
32 50 0.048 49.952
29 50 0.048 49.952
34 50 0.048 49.952
25 50 0.048 49.952
21 50 0.048 49.952
16 50 0.048 49.952
26 50 0.048 49.952
13 50 0.048 49.952
7 50 0.048 49.952
17 50 0.048 49.952
24 50 0.048 49.952
31 50 0.048 49.952
4 50 0.048 49.952
7 49.952 0.048 49.904
13 49.952 0.048 49.904
24 49.952 0.048 49.904
27 49.952 0.048 49.904
50 50 0.048 49.952
46 50 0.048 49.952
4 49.952 0.048 49.904
28 50 0.048 49.952
44 50 0.048 49.952
22 50 0.048 49.952
41 50 0.048 49.952
37 50 0.048 49.952
1 50 0.048 49.952
20 50 0.048 49.952
38 50 0.048 49.952
6 50 0.048 49.952
19 49.952 0.048 49.904
35 50 0.048 49.952
42 50 0.048 49.952
43 50 0.048 49.952
49 50 0.048 49.952
42 49.952 0.048 49.904
6 49.952 0.048 49.904
19 50 0.048 49.952
38 49.952 0.048 49.904
30 50 0.048 49.952
3 49.952 0.048 49.904
50 49.952 0.048 49.904
18 50 0.048 49.952
27 50 0.048 49.952
33 50 0.048 49.952
2 50 0.048 49.952
3 50 0.048 49.952
10 50 0.048 49.952
11 50 0.048 49.952
32 50 0.048 49.952
29 50 0.048 49.952
34 50 0.048 49.952
25 50 0.048 49.952
21 50 0.048 49.952
16 50 0.048 49.952
26 50 0.048 49.952
13 50 0.048 49.952
7 50 0.048 49.952
17 50 0.048 49.952
24 50 0.048 49.952
31 50 0.048 49.952
4 50 0.048 49.952
7 49.952 0.048 49.904
13 49.952 0.048 49.904
24 49.952 0.048 49.904
27 49.952 0.048 49.904
50 50 0.048 49.952
46 50 0.048 49.952
4 49.952 0.048 49.904
28 50 0.048 49.952
44 50 0.048 49.952
22 50 0.048 49.952
41 50 0.048 49.952
37 50 0.048 49.952
1 50 0.048 49.952
20 50 0.048 49.952
38 50 0.048 49.952
6 50 0.048 49.952
19 49.952 0.048 49.904
35 50 0.048 49.952
43 50 0.048 49.952
49 50 0.048 49.952
42 50 0.048 49.952
6 49.952 0.048 49.904
19 50 0.048 49.952
30 50 0.048 49.952
3 49.952 0.048 49.904
50 49.952 0.048 49.904
18 50 0.048 49.952
27 50 0.048 49.952
50 49.904 0.16 49.744
18 49.952 0.16 49.792
27 49.952 0.16 49.792
9 50 0.048 49.952
47 50 0.048 49.952
9 49.952 0.16 49.792
47 49.952 0.16 49.792
47 49.792 0.048 49.744
8 50 0.048 49.952
9 49.792 0.048 49.744
39 50 0.048 49.952
45 50 0.048 49.952
47 49.744 0.16 49.584
8 49.952 0.16 49.792
9 49.744 0.16 49.584
39 49.952 0.16 49.792
45 49.952 0.16 49.792
45 49.792 0.048 49.744
8 49.792 0.048 49.744
12 50 0.048 49.952
23 50 0.048 49.952
36 50 0.048 49.952
39 49.792 0.048 49.744
47 49.584 0.048 49.536
45 49.744 0.16 49.584
8 49.744 0.16 49.584
12 49.952 0.16 49.792
23 49.952 0.16 49.792
36 49.952 0.16 49.792
36 49.792 0.048 49.744
5 50 0.048 49.952
12 49.792 0.048 49.744
23 49.792 0.048 49.744
45 49.584 0.048 49.536
36 49.744 0.16 49.584
39 49.744 0.16 49.584
47 49.536 0.16 49.376
5 49.952 0.16 49.792
5 49.792 0.048 49.744
12 49.744 0.048 49.696
23 49.744 0.048 49.696
36 49.584 0.048 49.536
12 49.696 0.16 49.536
23 49.696 0.16 49.536
45 49.536 0.16 49.376
33 50 0.048 49.952
2 50 0.048 49.952
3 50 0.048 49.952
10 50 0.048 49.952
11 50 0.048 49.952
32 50 0.048 49.952
29 50 0.048 49.952
34 50 0.048 49.952
25 50 0.048 49.952
21 50 0.048 49.952
16 50 0.048 49.952
26 50 0.048 49.952
13 50 0.048 49.952
7 50 0.048 49.952
17 50 0.048 49.952
24 50 0.048 49.952
31 50 0.048 49.952
4 50 0.048 49.952
7 49.952 0.048 49.904
13 49.952 0.048 49.904
24 49.952 0.048 49.904
27 49.792 0.048 49.744
50 49.9695 0.048 49.9215
27 49.744 0.16 49.584
50 49.9215 0.16 49.7615
50 49.7615 0.048 49.7135
18 49.9473 0.048 49.8993
27 49.584 0.048 49.536
50 49.7135 0.16 49.5535
18 49.8993 0.16 49.7393
27 49.536 0.16 49.376
46 50 0.048 49.952
4 49.952 0.048 49.904
28 50 0.048 49.952
44 50 0.048 49.952
22 50 0.048 49.952
41 50 0.048 49.952
37 50 0.048 49.952
1 50 0.048 49.952
20 50 0.048 49.952
38 50 0.048 49.952
6 50 0.048 49.952
19 49.952 0.048 49.904
35 50 0.048 49.952
43 50 0.048 49.952
49 50 0.048 49.952
42 50 0.048 49.952
6 49.952 0.048 49.904
19 50 0.048 49.952
30 50 0.048 49.952
3 49.952 0.048 49.904
5 50 0.048 49.952
23 49.7335 0.048 49.6855
36 49.7364 0.048 49.6884
33 50 0.048 49.952
2 50 0.048 49.952
3 50 0.048 49.952
10 50 0.048 49.952
11 50 0.048 49.952
32 50 0.048 49.952
29 50 0.048 49.952
34 50 0.048 49.952
25 50 0.048 49.952
21 50 0.048 49.952
16 50 0.048 49.952
26 50 0.048 49.952
13 50 0.048 49.952
7 50 0.048 49.952
17 50 0.048 49.952
24 50 0.048 49.952
31 50 0.048 49.952
4 50 0.048 49.952
7 49.952 0.048 49.904
13 49.952 0.048 49.904
24 49.952 0.048 49.904
46 50 0.048 49.952
4 49.952 0.048 49.904
28 50 0.048 49.952
44 50 0.048 49.952
22 50 0.048 49.952
41 50 0.048 49.952
37 50 0.048 49.952
1 50 0.048 49.952
20 50 0.048 49.952
38 50 0.048 49.952
6 50 0.048 49.952
19 49.952 0.048 49.904
35 50 0.048 49.952
42 50 0.048 49.952
43 50 0.048 49.952
49 50 0.048 49.952
42 49.952 0.048 49.904
6 49.952 0.048 49.904
19 50 0.048 49.952
38 49.952 0.048 49.904
30 50 0.048 49.952
3 49.952 0.048 49.904
33 49.952 0.048 49.904
5 50 0.048 49.952
12 50 0.048 49.952
23 49.8289 0.048 49.7809
36 49.89 0.048 49.842
33 50 0.048 49.952
2 50 0.048 49.952
3 50 0.048 49.952
30 49.952 0.048 49.904
10 50 0.048 49.952
11 50 0.048 49.952
32 50 0.048 49.952
29 50 0.048 49.952
34 50 0.048 49.952
25 50 0.048 49.952
21 50 0.048 49.952
16 50 0.048 49.952
26 50 0.048 49.952
13 50 0.048 49.952
7 50 0.048 49.952
17 50 0.048 49.952
24 50 0.048 49.952
31 50 0.048 49.952
4 50 0.048 49.952
7 49.952 0.048 49.904
13 49.952 0.048 49.904
24 49.952 0.048 49.904
46 50 0.048 49.952
4 49.952 0.048 49.904
28 50 0.048 49.952
44 50 0.048 49.952
22 50 0.048 49.952
41 50 0.048 49.952
37 50 0.048 49.952
1 50 0.048 49.952
20 50 0.048 49.952
38 50 0.048 49.952
6 50 0.048 49.952
19 49.952 0.048 49.904
35 50 0.048 49.952
42 50 0.048 49.952
43 50 0.048 49.952
49 50 0.048 49.952
42 49.952 0.048 49.904
6 49.952 0.048 49.904
19 50 0.048 49.952
38 49.952 0.048 49.904
30 50 0.048 49.952
3 49.952 0.048 49.904
33 49.952 0.048 49.904
5 50 0.048 49.952
12 50 0.048 49.952
23 49.8814 0.048 49.8334
36 50 0.048 49.952
33 50 0.048 49.952
2 50 0.048 49.952
3 50 0.048 49.952
30 49.952 0.048 49.904
10 50 0.048 49.952
11 50 0.048 49.952
32 50 0.048 49.952
29 50 0.048 49.952
34 50 0.048 49.952
25 50 0.048 49.952
21 50 0.048 49.952
16 50 0.048 49.952
26 50 0.048 49.952
13 50 0.048 49.952
7 50 0.048 49.952
17 50 0.048 49.952
24 50 0.048 49.952
31 50 0.048 49.952
4 50 0.048 49.952
7 49.952 0.048 49.904
13 49.952 0.048 49.904
24 49.952 0.048 49.904
46 50 0.048 49.952
4 49.952 0.048 49.904
28 50 0.048 49.952
44 50 0.048 49.952
22 50 0.048 49.952
41 50 0.048 49.952
37 50 0.048 49.952
1 50 0.048 49.952
20 50 0.048 49.952
37 49.952 0.16 49.792
1 49.952 0.16 49.792
20 49.952 0.16 49.792
38 50 0.048 49.952
6 50 0.048 49.952
19 49.952 0.048 49.904
35 50 0.048 49.952
42 50 0.048 49.952
43 50 0.048 49.952
49 50 0.048 49.952
42 49.952 0.048 49.904
6 49.952 0.048 49.904
19 50 0.048 49.952
38 49.952 0.048 49.904
30 50 0.048 49.952
3 49.952 0.048 49.904
33 49.952 0.048 49.904
5 50 0.048 49.952
36 50 0.048 49.952
33 50 0.048 49.952
2 50 0.048 49.952
3 50 0.048 49.952
30 49.952 0.048 49.904
10 50 0.048 49.952
11 50 0.048 49.952
32 50 0.048 49.952
29 50 0.048 49.952
34 50 0.048 49.952
25 50 0.048 49.952
21 50 0.048 49.952
16 50 0.048 49.952
26 50 0.048 49.952
13 50 0.048 49.952
7 50 0.048 49.952
17 50 0.048 49.952
24 50 0.048 49.952
31 50 0.048 49.952
4 50 0.048 49.952
7 49.952 0.048 49.904
13 49.952 0.048 49.904
24 49.952 0.048 49.904
46 50 0.048 49.952
4 49.952 0.048 49.904
28 50 0.048 49.952
44 50 0.048 49.952
22 50 0.048 49.952
41 50 0.048 49.952
38 50 0.048 49.952
6 50 0.048 49.952
19 49.952 0.048 49.904
35 50 0.048 49.952
42 50 0.048 49.952
43 50 0.048 49.952
49 50 0.048 49.952
42 49.952 0.048 49.904
6 49.952 0.048 49.904
19 50 0.048 49.952
38 49.952 0.048 49.904
30 50 0.048 49.952
3 49.952 0.048 49.904
33 49.952 0.048 49.904
5 50 0.048 49.952
36 50 0.048 49.952
33 50 0.048 49.952
2 50 0.048 49.952
3 50 0.048 49.952
30 49.952 0.048 49.904
10 50 0.048 49.952
11 50 0.048 49.952
32 50 0.048 49.952
29 50 0.048 49.952
34 50 0.048 49.952
25 50 0.048 49.952
21 50 0.048 49.952
16 50 0.048 49.952
26 50 0.048 49.952
13 50 0.048 49.952
7 50 0.048 49.952
17 50 0.048 49.952
24 50 0.048 49.952
31 50 0.048 49.952
4 50 0.048 49.952
28 50 0.048 49.952
7 49.952 0.048 49.904
13 49.952 0.048 49.904
24 49.952 0.048 49.904
46 50 0.048 49.952
4 49.952 0.048 49.904
28 49.952 0.048 49.904
44 50 0.048 49.952
22 50 0.048 49.952
41 50 0.048 49.952
44 49.952 0.16 49.792
22 49.952 0.16 49.792
41 49.952 0.16 49.792
38 50 0.048 49.952
6 50 0.048 49.952
19 49.952 0.048 49.904
35 50 0.048 49.952
42 50 0.048 49.952
43 50 0.048 49.952
49 50 0.048 49.952
42 49.952 0.048 49.904
6 49.952 0.048 49.904
19 50 0.048 49.952
38 49.952 0.048 49.904
30 50 0.048 49.952
3 49.952 0.048 49.904
33 49.952 0.048 49.904
5 50 0.048 49.952
23 50 0.048 49.952
36 50 0.048 49.952
33 50 0.048 49.952
2 50 0.048 49.952
3 50 0.048 49.952
30 49.952 0.048 49.904
10 50 0.048 49.952
11 50 0.048 49.952
32 50 0.048 49.952
29 50 0.048 49.952
34 50 0.048 49.952
25 50 0.048 49.952
21 50 0.048 49.952
16 50 0.048 49.952
26 50 0.048 49.952
13 50 0.048 49.952
7 50 0.048 49.952
17 50 0.048 49.952
24 50 0.048 49.952
31 50 0.048 49.952
4 50 0.048 49.952
7 49.952 0.048 49.904
13 49.952 0.048 49.904
24 49.952 0.048 49.904
46 50 0.048 49.952
4 49.952 0.048 49.904
28 50 0.048 49.952
38 50 0.048 49.952
6 50 0.048 49.952
19 49.952 0.048 49.904
35 50 0.048 49.952
42 50 0.048 49.952
43 50 0.048 49.952
49 50 0.048 49.952
42 49.952 0.048 49.904
6 49.952 0.048 49.904
19 50 0.048 49.952
38 49.952 0.048 49.904
30 50 0.048 49.952
3 49.952 0.048 49.904
33 49.952 0.048 49.904
44 49.9262 0.048 49.8782
22 50 0.048 49.952
41 49.9748 0.048 49.9268
44 49.8782 0.16 49.7182
22 49.952 0.16 49.792
41 49.9268 0.16 49.7668
41 49.7668 0.048 49.7188
22 49.792 0.048 49.744
44 49.7182 0.048 49.6702
41 49.7188 0.16 49.5588
22 49.744 0.16 49.584
44 49.6702 0.16 49.5102
5 50 0.048 49.952
12 50 0.048 49.952
23 50 0.048 49.952
36 50 0.048 49.952
33 50 0.048 49.952
2 50 0.048 49.952
3 50 0.048 49.952
30 49.952 0.048 49.904
10 50 0.048 49.952
11 50 0.048 49.952
32 50 0.048 49.952
29 50 0.048 49.952
34 50 0.048 49.952
25 50 0.048 49.952
21 50 0.048 49.952
16 50 0.048 49.952
26 50 0.048 49.952
13 50 0.048 49.952
17 50 0.048 49.952
24 50 0.048 49.952
31 50 0.048 49.952
4 50 0.048 49.952
7 50 0.048 49.952
24 49.952 0.048 49.904
46 50 0.048 49.952
4 49.952 0.048 49.904
28 50 0.048 49.952
38 50 0.048 49.952
6 50 0.048 49.952
19 49.952 0.048 49.904
35 50 0.048 49.952
42 50 0.048 49.952
43 50 0.048 49.952
49 50 0.048 49.952
42 49.952 0.048 49.904
6 49.952 0.048 49.904
19 50 0.048 49.952
38 49.952 0.048 49.904
30 50 0.048 49.952
3 49.952 0.048 49.904
33 49.952 0.048 49.904
37 50 0.048 49.952
1 50 0.048 49.952
20 50 0.048 49.952
37 49.952 0.16 49.792
1 49.952 0.16 49.792
1 49.792 0.048 49.744
20 49.952 0.048 49.904
37 49.792 0.048 49.744
20 49.904 0.16 49.744
5 50 0.048 49.952
12 50 0.048 49.952
23 50 0.048 49.952
36 50 0.048 49.952
33 50 0.048 49.952
2 50 0.048 49.952
3 50 0.048 49.952
30 49.952 0.048 49.904
10 50 0.048 49.952
11 50 0.048 49.952
32 50 0.048 49.952
29 50 0.048 49.952
34 50 0.048 49.952
25 50 0.048 49.952
21 50 0.048 49.952
16 50 0.048 49.952
26 50 0.048 49.952
13 50 0.048 49.952
17 50 0.048 49.952
31 50 0.048 49.952
4 50 0.048 49.952
7 50 0.048 49.952
24 50 0.048 49.952
46 50 0.048 49.952
4 49.952 0.048 49.904
28 50 0.048 49.952
38 50 0.048 49.952
6 50 0.048 49.952
19 49.952 0.048 49.904
35 50 0.048 49.952
42 50 0.048 49.952
43 50 0.048 49.952
49 50 0.048 49.952
42 49.952 0.048 49.904
6 49.952 0.048 49.904
19 50 0.048 49.952
38 49.952 0.048 49.904
30 50 0.048 49.952
3 49.952 0.048 49.904
33 49.952 0.048 49.904
30 49.952 0.16 49.792
3 49.904 0.16 49.744
33 49.904 0.16 49.744
1 49.8994 0.048 49.8514
20 49.9285 0.048 49.8805
37 49.9753 0.048 49.9273
5 50 0.048 49.952
12 50 0.048 49.952
23 50 0.048 49.952
36 50 0.048 49.952
33 49.8792 0.048 49.8312
2 50 0.048 49.952
3 50 0.048 49.952
30 49.792 0.048 49.744
33 49.8312 0.16 49.6712
2 49.952 0.16 49.792
3 49.952 0.16 49.792
30 49.744 0.16 49.584
30 49.584 0.048 49.536
3 49.792 0.048 49.744
33 49.6712 0.048 49.6232
30 49.536 0.16 49.376
3 49.744 0.16 49.584
33 49.6232 0.16 49.4632
10 50 0.048 49.952
11 50 0.048 49.952
32 50 0.048 49.952
29 50 0.048 49.952
34 50 0.048 49.952
25 50 0.048 49.952
15 50 0.048 49.952
21 50 0.048 49.952
16 50 0.048 49.952
26 50 0.048 49.952
13 50 0.048 49.952
7 50 0.048 49.952
17 50 0.048 49.952
31 50 0.048 49.952
4 50 0.048 49.952
7 49.952 0.048 49.904
13 49.952 0.048 49.904
24 50 0.048 49.952
46 50 0.048 49.952
4 49.952 0.048 49.904
28 50 0.048 49.952
38 50 0.048 49.952
6 50 0.048 49.952
19 49.952 0.048 49.904
35 50 0.048 49.952
42 50 0.048 49.952
43 50 0.048 49.952
49 50 0.048 49.952
42 49.952 0.048 49.904
6 49.952 0.048 49.904
19 50 0.048 49.952
38 49.952 0.048 49.904
1 50 0.048 49.952
20 50 0.048 49.952
37 50 0.048 49.952
5 50 0.048 49.952
12 50 0.048 49.952
36 50 0.048 49.952
10 50 0.048 49.952
11 50 0.048 49.952
32 50 0.048 49.952
29 50 0.048 49.952
34 50 0.048 49.952
25 50 0.048 49.952
15 50 0.048 49.952
21 50 0.048 49.952
16 50 0.048 49.952
26 50 0.048 49.952
13 50 0.048 49.952
7 50 0.048 49.952
17 50 0.048 49.952
31 50 0.048 49.952
4 50 0.048 49.952
7 49.952 0.048 49.904
13 49.952 0.048 49.904
24 50 0.048 49.952
46 50 0.048 49.952
4 49.952 0.048 49.904
28 50 0.048 49.952
38 50 0.048 49.952
6 50 0.048 49.952
19 49.952 0.048 49.904
35 50 0.048 49.952
42 50 0.048 49.952
43 50 0.048 49.952
49 50 0.048 49.952
42 49.952 0.048 49.904
6 49.952 0.048 49.904
19 50 0.048 49.952
38 49.952 0.048 49.904
1 50 0.048 49.952
20 50 0.048 49.952
37 50 0.048 49.952
5 50 0.048 49.952
12 50 0.048 49.952
23 50 0.048 49.952
36 50 0.048 49.952
10 50 0.048 49.952
11 50 0.048 49.952
32 50 0.048 49.952
29 50 0.048 49.952
34 50 0.048 49.952
25 50 0.048 49.952
15 50 0.048 49.952
21 50 0.048 49.952
16 50 0.048 49.952
26 50 0.048 49.952
14 50 0.048 49.952
13 50 0.048 49.952
7 50 0.048 49.952
17 50 0.048 49.952
31 50 0.048 49.952
4 50 0.048 49.952
7 49.952 0.048 49.904
13 49.952 0.048 49.904
24 50 0.048 49.952
46 50 0.048 49.952
4 49.952 0.048 49.904
28 50 0.048 49.952
38 50 0.048 49.952
6 50 0.048 49.952
19 49.952 0.048 49.904
35 50 0.048 49.952
42 50 0.048 49.952
43 50 0.048 49.952
49 50 0.048 49.952
42 49.952 0.048 49.904
6 49.952 0.048 49.904
19 50 0.048 49.952
38 49.952 0.048 49.904
1 50 0.048 49.952
20 50 0.048 49.952
37 50 0.048 49.952
5 50 0.048 49.952
12 50 0.048 49.952
23 50 0.048 49.952
36 50 0.048 49.952
10 50 0.048 49.952
11 50 0.048 49.952
32 50 0.048 49.952
29 50 0.048 49.952
34 50 0.048 49.952
25 50 0.048 49.952
15 50 0.048 49.952
21 50 0.048 49.952
16 50 0.048 49.952
26 50 0.048 49.952
14 50 0.048 49.952
13 50 0.048 49.952
7 50 0.048 49.952
17 50 0.048 49.952
31 50 0.048 49.952
4 50 0.048 49.952
46 50 0.048 49.952
7 49.952 0.048 49.904
13 49.952 0.048 49.904
24 50 0.048 49.952
46 49.952 0.048 49.904
4 49.952 0.048 49.904
28 50 0.048 49.952
31 49.952 0.048 49.904
38 50 0.048 49.952
6 50 0.048 49.952
19 49.952 0.048 49.904
35 50 0.048 49.952
42 50 0.048 49.952
43 50 0.048 49.952
49 50 0.048 49.952
38 49.952 0.16 49.792
6 49.952 0.16 49.792
19 49.904 0.16 49.744
35 49.952 0.16 49.792
42 49.952 0.16 49.792
43 49.952 0.16 49.792
49 49.952 0.16 49.792
42 49.792 0.048 49.744
6 49.792 0.048 49.744
19 50 0.048 49.952
38 49.792 0.048 49.744
1 50 0.048 49.952
20 50 0.048 49.952
37 50 0.048 49.952
5 50 0.048 49.952
12 50 0.048 49.952
23 50 0.048 49.952
10 50 0.048 49.952
11 50 0.048 49.952
32 50 0.048 49.952
29 50 0.048 49.952
34 50 0.048 49.952
25 50 0.048 49.952
15 50 0.048 49.952
21 50 0.048 49.952
16 50 0.048 49.952
26 50 0.048 49.952
14 50 0.048 49.952
13 50 0.048 49.952
7 50 0.048 49.952
17 50 0.048 49.952
31 50 0.048 49.952
4 50 0.048 49.952
7 49.952 0.048 49.904
13 49.952 0.048 49.904
24 50 0.048 49.952
46 50 0.048 49.952
4 49.952 0.048 49.904
28 50 0.048 49.952
42 50 0.048 49.952
6 49.8825 0.048 49.8345
19 50 0.048 49.952
38 49.8845 0.048 49.8365
42 49.952 0.16 49.792
6 49.8345 0.16 49.6745
19 49.952 0.16 49.792
38 49.8365 0.16 49.6765
1 50 0.048 49.952
20 50 0.048 49.952
37 50 0.048 49.952
5 50 0.048 49.952
12 50 0.048 49.952
23 50 0.048 49.952
4 49.904 0.048 49.856
28 49.952 0.048 49.904
31 49.952 0.048 49.904
46 49.952 0.048 49.904
10 50 0.048 49.952
11 50 0.048 49.952
32 50 0.048 49.952
29 50 0.048 49.952
34 50 0.048 49.952
25 50 0.048 49.952
15 50 0.048 49.952
21 50 0.048 49.952
16 50 0.048 49.952
26 50 0.048 49.952
14 50 0.048 49.952
47 50 0.048 49.952
8 50 0.048 49.952
9 50 0.048 49.952
39 50 0.048 49.952
45 50 0.048 49.952
47 49.952 0.16 49.792
8 49.952 0.16 49.792
9 49.952 0.16 49.792
9 49.792 0.048 49.744
47 49.792 0.048 49.744
39 49.952 0.16 49.792
45 49.952 0.16 49.792
45 49.792 0.048 49.744
8 49.792 0.048 49.744
12 50 0.048 49.952
23 49.952 0.048 49.904
36 50 0.048 49.952
39 49.792 0.048 49.744
47 49.744 0.048 49.696
45 49.744 0.16 49.584
8 49.744 0.16 49.584
12 49.952 0.16 49.792
23 49.904 0.16 49.744
36 49.952 0.16 49.792
36 49.792 0.048 49.744
5 50 0.048 49.952
12 49.792 0.048 49.744
23 49.744 0.048 49.696
45 49.584 0.048 49.536
39 49.744 0.16 49.584
47 49.696 0.16 49.536
13 50 0.048 49.952
7 50 0.048 49.952
17 50 0.048 49.952
31 50 0.048 49.952
4 50 0.048 49.952
7 49.952 0.048 49.904
13 49.952 0.048 49.904
24 50 0.048 49.952
46 50 0.048 49.952
4 49.952 0.048 49.904
28 50 0.048 49.952
1 50 0.048 49.952
20 50 0.048 49.952
37 50 0.048 49.952
5 49.952 0.048 49.904
12 49.744 0.048 49.696
23 49.9324 0.048 49.8844
36 49.744 0.048 49.696
4 49.904 0.048 49.856
28 49.952 0.048 49.904
31 49.952 0.048 49.904
46 49.952 0.048 49.904
10 50 0.048 49.952
11 50 0.048 49.952
32 50 0.048 49.952
29 50 0.048 49.952
34 50 0.048 49.952
25 50 0.048 49.952
15 50 0.048 49.952
21 50 0.048 49.952
16 50 0.048 49.952
26 50 0.048 49.952
14 50 0.048 49.952
9 50 0.048 49.952
47 49.869 0.048 49.821
36 50 0.048 49.952
5 50 0.048 49.952
12 49.8657 0.048 49.8177
23 49.8844 0.048 49.8364
45 49.7406 0.048 49.6926
13 50 0.048 49.952
7 50 0.048 49.952
17 50 0.048 49.952
31 50 0.048 49.952
4 49.9972 0.048 49.9492
7 49.952 0.048 49.904
13 49.952 0.048 49.904
24 50 0.048 49.952
24 49.952 0.048 49.904
7 49.904 0.048 49.856
46 50 0.048 49.952
4 49.9492 0.048 49.9012
28 50 0.048 49.952
1 50 0.048 49.952
20 50 0.048 49.952
37 50 0.048 49.952
5 49.952 0.048 49.904
12 49.8177 0.048 49.7697
23 50 0.048 49.952
36 49.952 0.048 49.904
4 49.9012 0.048 49.8532
28 49.952 0.048 49.904
31 49.952 0.048 49.904
46 49.952 0.048 49.904
10 50 0.048 49.952
11 50 0.048 49.952
32 50 0.048 49.952
29 50 0.048 49.952
34 50 0.048 49.952
25 50 0.048 49.952
15 50 0.048 49.952
21 50 0.048 49.952
16 50 0.048 49.952
26 50 0.048 49.952
14 50 0.048 49.952
9 50 0.048 49.952
47 50 0.048 49.952
36 50 0.048 49.952
5 50 0.048 49.952
12 49.9035 0.048 49.8555
23 49.952 0.048 49.904
45 49.8831 0.048 49.8351
13 50 0.048 49.952
7 50 0.048 49.952
17 50 0.048 49.952
31 50 0.048 49.952
4 50 0.048 49.952
7 49.952 0.048 49.904
13 49.952 0.048 49.904
24 50 0.048 49.952
24 49.952 0.048 49.904
7 49.904 0.048 49.856
46 50 0.048 49.952
4 49.952 0.048 49.904
28 50 0.048 49.952
1 50 0.048 49.952
20 50 0.048 49.952
37 50 0.048 49.952
5 49.952 0.048 49.904
12 49.8555 0.048 49.8075
23 50 0.048 49.952
36 49.952 0.048 49.904
4 49.904 0.048 49.856
28 49.952 0.048 49.904
31 49.952 0.048 49.904
46 49.952 0.048 49.904
10 50 0.048 49.952
11 50 0.048 49.952
32 50 0.048 49.952
29 50 0.048 49.952
34 50 0.048 49.952
25 50 0.048 49.952
15 50 0.048 49.952
48 50 0.048 49.952
40 50 0.048 49.952
48 49.952 0.16 49.792
40 49.952 0.16 49.792
40 49.792 0.048 49.744
48 49.792 0.048 49.744
21 50 0.048 49.952
16 50 0.048 49.952
26 50 0.048 49.952
14 50 0.048 49.952
9 50 0.048 49.952
36 50 0.048 49.952
5 50 0.048 49.952
12 49.9634 0.048 49.9154
23 49.952 0.048 49.904
45 50 0.048 49.952
13 50 0.048 49.952
7 49.995 0.048 49.947
17 50 0.048 49.952
31 50 0.048 49.952
4 50 0.048 49.952
7 49.947 0.048 49.899
13 49.952 0.048 49.904
24 50 0.048 49.952
24 49.952 0.048 49.904
7 49.899 0.048 49.851
46 50 0.048 49.952
4 49.952 0.048 49.904
28 50 0.048 49.952
1 50 0.048 49.952
20 50 0.048 49.952
37 50 0.048 49.952
2 50 0.048 49.952
33 50 0.048 49.952
35 50 0.048 49.952
43 50 0.048 49.952
2 49.952 0.16 49.792
33 49.952 0.16 49.792
33 49.792 0.048 49.744
2 49.792 0.048 49.744
3 50 0.048 49.952
35 49.952 0.16 49.792
43 49.952 0.16 49.792
5 49.952 0.048 49.904
12 49.9154 0.048 49.8674
23 50 0.048 49.952
36 49.952 0.048 49.904
4 49.904 0.048 49.856
28 49.952 0.048 49.904
31 49.952 0.048 49.904
46 49.952 0.048 49.904
10 50 0.048 49.952
11 50 0.048 49.952
32 50 0.048 49.952
29 50 0.048 49.952
34 50 0.048 49.952
25 50 0.048 49.952
15 50 0.048 49.952
40 49.8709 0.048 49.8229
48 50 0.048 49.952
21 50 0.048 49.952
16 50 0.048 49.952
26 50 0.048 49.952
14 50 0.048 49.952
9 50 0.048 49.952
36 50 0.048 49.952
5 50 0.048 49.952
12 50 0.048 49.952
23 49.952 0.048 49.904
45 50 0.048 49.952
13 50 0.048 49.952
7 50 0.048 49.952
13 49.952 0.16 49.792
17 50 0.048 49.952
7 49.952 0.16 49.792
31 50 0.048 49.952
4 49.982 0.048 49.934
7 49.792 0.048 49.744
13 49.792 0.048 49.744
24 50 0.048 49.952
7 49.744 0.16 49.584
13 49.744 0.16 49.584
13 49.584 0.048 49.536
7 49.584 0.048 49.536
13 49.536 0.16 49.376
24 49.952 0.16 49.792
7 49.536 0.16 49.376
24 49.792 0.048 49.744
7 49.376 0.048 49.328
24 49.744 0.16 49.584
7 49.328 0.16 49.168
7 49.168 0.048 49.12
13 49.376 0.048 49.328
24 49.584 0.048 49.536
7 49.12 0.16 48.96
13 49.328 0.16 49.168
13 49.168 0.048 49.12
7 48.96 0.048 48.912
13 49.12 0.16 48.96
24 49.536 0.16 49.376
7 48.912 0.16 48.752
46 50 0.048 49.952
4 49.934 0.048 49.886
28 50 0.048 49.952
1 50 0.048 49.952
20 50 0.048 49.952
37 50 0.048 49.952
33 49.8662 0.048 49.8182
2 50 0.048 49.952
3 50 0.048 49.952
25 50 0.048 49.952
34 49.952 0.048 49.904
5 49.952 0.048 49.904
12 49.952 0.048 49.904
23 50 0.048 49.952
36 49.952 0.048 49.904
4 49.886 0.048 49.838
28 49.952 0.048 49.904
31 49.952 0.048 49.904
46 49.952 0.048 49.904
10 50 0.048 49.952
11 50 0.048 49.952
32 50 0.048 49.952
29 50 0.048 49.952
34 50 0.048 49.952
25 49.952 0.048 49.904
15 50 0.048 49.952
40 50 0.048 49.952
48 50 0.048 49.952
21 50 0.048 49.952
16 50 0.048 49.952
26 50 0.048 49.952
14 50 0.048 49.952
9 50 0.048 49.952
36 50 0.048 49.952
5 50 0.048 49.952
8 50 0.048 49.952
12 50 0.048 49.952
23 49.952 0.048 49.904
45 50 0.048 49.952
17 50 0.048 49.952
31 50 0.048 49.952
4 50 0.048 49.952
28 50 0.048 49.952
46 50 0.048 49.952
46 49.952 0.048 49.904
4 49.952 0.048 49.904
28 49.952 0.048 49.904
31 49.952 0.048 49.904
1 50 0.048 49.952
20 50 0.048 49.952
37 50 0.048 49.952
33 50 0.048 49.952
2 50 0.048 49.952
3 50 0.048 49.952
25 50 0.048 49.952
34 49.952 0.048 49.904
5 49.952 0.048 49.904
12 49.952 0.048 49.904
23 50 0.048 49.952
36 49.952 0.048 49.904
4 49.904 0.048 49.856
28 49.904 0.048 49.856
31 49.904 0.048 49.856
46 49.904 0.048 49.856
10 50 0.048 49.952
11 50 0.048 49.952
32 50 0.048 49.952
29 50 0.048 49.952
34 50 0.048 49.952
25 49.952 0.048 49.904
15 50 0.048 49.952
40 50 0.048 49.952
48 50 0.048 49.952
21 50 0.048 49.952
16 50 0.048 49.952
26 50 0.048 49.952
14 50 0.048 49.952
9 50 0.048 49.952
47 50 0.048 49.952
36 50 0.048 49.952
5 50 0.048 49.952
8 50 0.048 49.952
12 50 0.048 49.952
23 49.952 0.048 49.904
45 50 0.048 49.952
17 50 0.048 49.952
26 50 0.048 49.952
17 49.952 0.16 49.792
26 49.952 0.16 49.792
26 49.792 0.048 49.744
16 49.952 0.048 49.904
17 49.792 0.048 49.744
21 49.952 0.048 49.904
31 50 0.048 49.952
4 50 0.048 49.952
28 50 0.048 49.952
46 49.9984 0.048 49.9504
4 49.952 0.048 49.904
28 49.952 0.048 49.904
1 50 0.048 49.952
20 50 0.048 49.952
37 50 0.048 49.952
33 50 0.048 49.952
2 50 0.048 49.952
3 50 0.048 49.952
30 50 0.048 49.952
33 49.952 0.16 49.792
2 49.952 0.16 49.792
3 49.952 0.16 49.792
30 49.952 0.16 49.792
30 49.792 0.048 49.744
3 49.792 0.048 49.744
33 49.792 0.048 49.744
25 50 0.048 49.952
34 49.952 0.048 49.904
5 49.952 0.048 49.904
12 49.952 0.048 49.904
23 50 0.048 49.952
36 49.952 0.048 49.904
4 49.904 0.048 49.856
28 49.904 0.048 49.856
31 49.952 0.048 49.904
46 49.9504 0.048 49.9024
10 50 0.048 49.952
11 50 0.048 49.952
32 50 0.048 49.952
29 50 0.048 49.952
34 50 0.048 49.952
25 49.952 0.048 49.904
15 50 0.048 49.952
40 50 0.048 49.952
48 50 0.048 49.952
21 50 0.048 49.952
16 50 0.048 49.952
26 49.744 0.048 49.696
14 50 0.048 49.952
9 50 0.048 49.952
47 50 0.048 49.952
36 50 0.048 49.952
5 50 0.048 49.952
8 50 0.048 49.952
12 50 0.048 49.952
23 49.952 0.048 49.904
45 50 0.048 49.952
26 50 0.048 49.952
16 49.952 0.048 49.904
21 49.952 0.048 49.904
26 49.952 0.16 49.792
16 49.904 0.16 49.744
21 49.904 0.16 49.744
31 50 0.048 49.952
4 50 0.048 49.952
28 50 0.048 49.952
46 50 0.048 49.952
4 49.952 0.048 49.904
28 49.952 0.048 49.904
1 50 0.048 49.952
20 50 0.048 49.952
37 50 0.048 49.952
30 49.8987 0.048 49.8507
3 50 0.048 49.952
33 49.9597 0.048 49.9117
25 50 0.048 49.952
34 49.952 0.048 49.904
5 49.952 0.048 49.904
12 49.952 0.048 49.904
23 50 0.048 49.952
36 49.952 0.048 49.904
4 49.904 0.048 49.856
28 49.904 0.048 49.856
31 49.952 0.048 49.904
46 49.952 0.048 49.904
10 50 0.048 49.952
11 50 0.048 49.952
32 50 0.048 49.952
29 50 0.048 49.952
34 50 0.048 49.952
25 49.952 0.048 49.904
15 50 0.048 49.952
40 50 0.048 49.952
48 50 0.048 49.952
21 50 0.048 49.952
16 50 0.048 49.952
26 49.792 0.048 49.744
21 49.952 0.16 49.792
16 49.952 0.16 49.792
26 49.744 0.16 49.584
14 50 0.048 49.952
9 50 0.048 49.952
47 50 0.048 49.952
36 50 0.048 49.952
5 50 0.048 49.952
8 50 0.048 49.952
12 50 0.048 49.952
23 49.952 0.048 49.904
45 50 0.048 49.952
31 50 0.048 49.952
4 50 0.048 49.952
28 50 0.048 49.952
46 50 0.048 49.952
4 49.952 0.048 49.904
28 49.952 0.048 49.904
1 50 0.048 49.952
20 50 0.048 49.952
37 50 0.048 49.952
30 50 0.048 49.952
3 50 0.048 49.952
33 50 0.048 49.952
25 50 0.048 49.952
34 49.952 0.048 49.904
5 49.952 0.048 49.904
12 49.952 0.048 49.904
23 50 0.048 49.952
36 49.952 0.048 49.904
4 49.904 0.048 49.856
28 49.904 0.048 49.856
31 49.952 0.048 49.904
46 49.952 0.048 49.904
10 50 0.048 49.952
11 50 0.048 49.952
32 50 0.048 49.952
29 50 0.048 49.952
34 50 0.048 49.952
25 49.952 0.048 49.904
15 50 0.048 49.952
40 50 0.048 49.952
48 50 0.048 49.952
14 50 0.048 49.952
9 50 0.048 49.952
47 50 0.048 49.952
36 50 0.048 49.952
5 50 0.048 49.952
8 50 0.048 49.952
12 50 0.048 49.952
23 49.952 0.048 49.904
45 50 0.048 49.952
31 50 0.048 49.952
4 49.9757 0.048 49.9277
28 50 0.048 49.952
46 50 0.048 49.952
4 49.9277 0.048 49.8797
28 49.952 0.048 49.904
1 50 0.048 49.952
20 50 0.048 49.952
37 50 0.048 49.952
30 50 0.048 49.952
3 50 0.048 49.952
33 50 0.048 49.952
25 50 0.048 49.952
34 49.952 0.048 49.904
5 49.952 0.048 49.904
12 49.952 0.048 49.904
36 49.952 0.048 49.904
4 49.8797 0.048 49.8317
28 49.904 0.048 49.856
31 49.952 0.048 49.904
46 49.952 0.048 49.904
10 50 0.048 49.952
11 50 0.048 49.952
32 50 0.048 49.952
29 50 0.048 49.952
34 50 0.048 49.952
25 49.952 0.048 49.904
15 50 0.048 49.952
40 50 0.048 49.952
14 50 0.048 49.952
9 50 0.048 49.952
47 50 0.048 49.952
36 50 0.048 49.952
5 50 0.048 49.952
8 50 0.048 49.952
12 50 0.048 49.952
23 50 0.048 49.952
45 50 0.048 49.952
32 50 0.048 49.952
11 49.952 0.048 49.904
31 50 0.048 49.952
4 50 0.048 49.952
28 50 0.048 49.952
46 50 0.048 49.952
28 49.952 0.048 49.904
26 50 0.048 49.952
16 50 0.048 49.952
21 50 0.048 49.952
26 49.952 0.16 49.792
16 49.952 0.16 49.792
21 49.952 0.16 49.792
21 49.792 0.048 49.744
16 49.792 0.048 49.744
26 49.792 0.048 49.744
1 50 0.048 49.952
20 50 0.048 49.952
37 50 0.048 49.952
30 50 0.048 49.952
3 50 0.048 49.952
33 50 0.048 49.952
25 50 0.048 49.952
34 49.952 0.048 49.904
5 49.952 0.048 49.904
12 49.952 0.048 49.904
36 49.952 0.048 49.904
4 49.952 0.048 49.904
28 49.904 0.048 49.856
31 49.952 0.048 49.904
10 50 0.048 49.952
11 50 0.048 49.952
32 49.952 0.048 49.904
29 50 0.048 49.952
34 50 0.048 49.952
25 49.952 0.048 49.904
34 49.952 0.16 49.792
25 49.904 0.16 49.744
15 50 0.048 49.952
40 50 0.048 49.952
14 50 0.048 49.952
9 50 0.048 49.952
47 50 0.048 49.952
36 50 0.048 49.952
5 50 0.048 49.952
8 50 0.048 49.952
12 50 0.048 49.952
23 50 0.048 49.952
45 50 0.048 49.952
32 50 0.048 49.952
11 49.952 0.048 49.904
31 50 0.048 49.952
4 50 0.048 49.952
28 50 0.048 49.952
46 50 0.048 49.952
28 49.952 0.048 49.904
21 50 0.048 49.952
16 49.9739 0.048 49.9259
26 50 0.048 49.952
1 50 0.048 49.952
20 50 0.048 49.952
37 50 0.048 49.952
30 50 0.048 49.952
3 50 0.048 49.952
33 50 0.048 49.952
25 50 0.048 49.952
34 49.792 0.048 49.744
25 49.952 0.16 49.792
34 49.744 0.16 49.584
34 49.584 0.048 49.536
25 49.792 0.048 49.744
34 49.536 0.16 49.376
25 49.744 0.16 49.584
5 49.952 0.048 49.904
12 49.952 0.048 49.904
36 49.952 0.048 49.904
4 49.952 0.048 49.904
28 49.904 0.048 49.856
31 49.952 0.048 49.904
10 50 0.048 49.952
11 50 0.048 49.952
32 49.952 0.048 49.904
29 50 0.048 49.952
15 50 0.048 49.952
40 50 0.048 49.952
18 50 0.048 49.952
27 50 0.048 49.952
50 50 0.048 49.952
18 49.952 0.16 49.792
27 49.952 0.16 49.792
27 49.792 0.048 49.744
18 49.792 0.048 49.744
50 49.952 0.048 49.904
27 49.744 0.16 49.584
50 49.904 0.16 49.744
50 49.744 0.048 49.696
18 49.744 0.048 49.696
27 49.584 0.048 49.536
18 49.696 0.16 49.536
50 49.696 0.16 49.536
14 50 0.048 49.952
9 50 0.048 49.952
47 50 0.048 49.952
36 50 0.048 49.952
5 50 0.048 49.952
8 50 0.048 49.952
12 50 0.048 49.952
23 50 0.048 49.952
45 50 0.048 49.952
32 50 0.048 49.952
11 49.952 0.048 49.904
31 50 0.048 49.952
4 50 0.048 49.952
46 50 0.048 49.952
28 49.9577 0.048 49.9097
21 50 0.048 49.952
16 50 0.048 49.952
26 50 0.048 49.952
1 50 0.048 49.952
20 50 0.048 49.952
37 50 0.048 49.952
30 50 0.048 49.952
3 50 0.048 49.952
33 50 0.048 49.952
5 49.952 0.048 49.904
12 49.952 0.048 49.904
23 50 0.048 49.952
36 49.952 0.048 49.904
4 49.952 0.048 49.904
28 49.9097 0.048 49.8617
31 49.952 0.048 49.904
4 49.904 0.16 49.744
28 49.8617 0.16 49.7017
31 49.904 0.16 49.744
10 50 0.048 49.952
11 50 0.048 49.952
32 49.952 0.048 49.904
29 50 0.048 49.952
15 50 0.048 49.952
40 50 0.048 49.952
50 49.7722 0.048 49.7242
18 49.7766 0.048 49.7286
27 49.6516 0.048 49.6036
45 50 0.048 49.952
8 50 0.048 49.952
36 49.904 0.048 49.856
39 50 0.048 49.952
14 50 0.048 49.952
9 50 0.048 49.952
47 50 0.048 49.952
36 50 0.048 49.952
5 50 0.048 49.952
8 49.952 0.048 49.904
12 50 0.048 49.952
23 49.952 0.048 49.904
45 49.952 0.048 49.904
32 50 0.048 49.952
11 49.952 0.048 49.904
31 50 0.048 49.952
4 50 0.048 49.952
31 49.952 0.16 49.792
4 49.952 0.16 49.792
46 50 0.048 49.952
4 49.792 0.048 49.744
28 49.9624 0.048 49.9144
21 50 0.048 49.952
16 50 0.048 49.952
26 50 0.048 49.952
1 50 0.048 49.952
20 50 0.048 49.952
37 50 0.048 49.952
30 50 0.048 49.952
3 50 0.048 49.952
33 50 0.048 49.952
5 49.952 0.048 49.904
12 49.952 0.048 49.904
23 50 0.048 49.952
36 49.952 0.048 49.904
10 50 0.048 49.952
11 50 0.048 49.952
32 49.952 0.048 49.904
29 50 0.048 49.952
15 50 0.048 49.952
40 50 0.048 49.952
50 49.8932 0.048 49.8452
18 50 0.048 49.952
27 49.8403 0.048 49.7923
45 50 0.048 49.952
8 50 0.048 49.952
36 49.904 0.048 49.856
39 50 0.048 49.952
14 50 0.048 49.952
9 50 0.048 49.952
47 50 0.048 49.952
36 50 0.048 49.952
5 50 0.048 49.952
8 49.952 0.048 49.904
12 50 0.048 49.952
23 49.952 0.048 49.904
45 49.952 0.048 49.904
32 50 0.048 49.952
11 49.952 0.048 49.904
37 50 0.048 49.952
1 49.952 0.048 49.904
20 50 0.048 49.952
46 50 0.048 49.952
4 49.9209 0.048 49.8729
28 50 0.048 49.952
46 49.952 0.16 49.792
4 49.8729 0.16 49.7129
28 49.952 0.16 49.792
21 50 0.048 49.952
16 50 0.048 49.952
26 50 0.048 49.952
1 50 0.048 49.952
20 49.952 0.048 49.904
37 49.952 0.048 49.904
30 50 0.048 49.952
3 50 0.048 49.952
33 50 0.048 49.952
5 49.952 0.048 49.904
12 49.952 0.048 49.904
23 50 0.048 49.952
36 49.952 0.048 49.904
10 50 0.048 49.952
11 50 0.048 49.952
32 49.952 0.048 49.904
29 50 0.048 49.952
15 50 0.048 49.952
40 50 0.048 49.952
50 50 0.048 49.952
18 50 0.048 49.952
27 49.9769 0.048 49.9289
45 50 0.048 49.952
8 50 0.048 49.952
36 49.904 0.048 49.856
39 50 0.048 49.952
14 50 0.048 49.952
9 50 0.048 49.952
47 50 0.048 49.952
36 50 0.048 49.952
5 50 0.048 49.952
8 49.952 0.048 49.904
12 50 0.048 49.952
23 49.952 0.048 49.904
45 49.952 0.048 49.904
32 50 0.048 49.952
11 49.952 0.048 49.904
37 50 0.048 49.952
1 49.952 0.048 49.904
20 50 0.048 49.952
21 50 0.048 49.952
16 50 0.048 49.952
26 50 0.048 49.952
1 50 0.048 49.952
20 49.952 0.048 49.904
37 49.952 0.048 49.904
30 50 0.048 49.952
3 50 0.048 49.952
33 50 0.048 49.952
5 49.952 0.048 49.904
12 49.952 0.048 49.904
23 50 0.048 49.952
36 49.952 0.048 49.904
10 50 0.048 49.952
11 50 0.048 49.952
32 49.952 0.048 49.904
29 50 0.048 49.952
15 50 0.048 49.952
40 50 0.048 49.952
48 50 0.048 49.952
50 50 0.048 49.952
18 50 0.048 49.952
27 50 0.048 49.952
45 50 0.048 49.952
8 50 0.048 49.952
23 49.952 0.048 49.904
36 49.904 0.048 49.856
39 50 0.048 49.952
14 50 0.048 49.952
9 50 0.048 49.952
47 50 0.048 49.952
36 50 0.048 49.952
5 50 0.048 49.952
8 49.952 0.048 49.904
12 50 0.048 49.952
23 49.904 0.048 49.856
45 49.952 0.048 49.904
32 50 0.048 49.952
11 49.952 0.048 49.904
37 50 0.048 49.952
1 49.952 0.048 49.904
20 50 0.048 49.952
21 50 0.048 49.952
16 50 0.048 49.952
26 50 0.048 49.952
1 50 0.048 49.952
20 49.952 0.048 49.904
37 49.952 0.048 49.904
30 50 0.048 49.952
3 50 0.048 49.952
33 50 0.048 49.952
5 49.952 0.048 49.904
23 49.9733 0.048 49.9253
36 49.952 0.048 49.904
10 50 0.048 49.952
11 50 0.048 49.952
32 49.952 0.048 49.904
29 50 0.048 49.952
15 50 0.048 49.952
40 50 0.048 49.952
48 50 0.048 49.952
50 50 0.048 49.952
18 50 0.048 49.952
27 50 0.048 49.952
45 50 0.048 49.952
8 50 0.048 49.952
23 49.9253 0.048 49.8773
36 49.904 0.048 49.856
39 50 0.048 49.952
14 50 0.048 49.952
9 50 0.048 49.952
47 50 0.048 49.952
36 50 0.048 49.952
5 50 0.048 49.952
8 49.952 0.048 49.904
12 50 0.048 49.952
23 49.8773 0.048 49.8293
45 49.952 0.048 49.904
32 50 0.048 49.952
11 49.952 0.048 49.904
37 50 0.048 49.952
1 49.952 0.048 49.904
20 50 0.048 49.952
21 50 0.048 49.952
16 50 0.048 49.952
26 50 0.048 49.952
1 50 0.048 49.952
20 49.952 0.048 49.904
37 49.952 0.048 49.904
30 50 0.048 49.952
3 50 0.048 49.952
33 50 0.048 49.952
5 49.952 0.048 49.904
23 50 0.048 49.952
36 49.952 0.048 49.904
10 50 0.048 49.952
10 49.952 0.16 49.792
11 50 0.048 49.952
32 49.952 0.048 49.904
29 50 0.048 49.952
15 50 0.048 49.952
40 50 0.048 49.952
48 50 0.048 49.952
50 50 0.048 49.952
18 50 0.048 49.952
27 50 0.048 49.952
45 50 0.048 49.952
8 50 0.048 49.952
23 49.952 0.048 49.904
36 49.904 0.048 49.856
39 50 0.048 49.952
47 50 0.048 49.952
45 49.952 0.16 49.792
8 49.952 0.16 49.792
23 49.904 0.16 49.744
36 49.856 0.16 49.696
39 49.952 0.16 49.792
47 49.952 0.16 49.792
47 49.792 0.048 49.744
8 49.792 0.048 49.744
9 50 0.048 49.952
39 49.792 0.048 49.744
45 49.792 0.048 49.744
14 50 0.048 49.952
9 49.952 0.048 49.904
47 49.744 0.048 49.696
36 49.8226 0.048 49.7746
5 50 0.048 49.952
12 50 0.048 49.952
23 49.744 0.048 49.696
45 49.744 0.048 49.696
32 50 0.048 49.952
11 49.952 0.048 49.904
37 50 0.048 49.952
1 49.952 0.048 49.904
20 50 0.048 49.952
21 50 0.048 49.952
16 50 0.048 49.952
26 50 0.048 49.952
1 50 0.048 49.952
20 49.952 0.048 49.904
37 49.952 0.048 49.904
30 50 0.048 49.952
3 50 0.048 49.952
33 50 0.048 49.952
5 49.952 0.048 49.904
23 49.8898 0.048 49.8418
36 49.7746 0.048 49.7266
11 50 0.048 49.952
32 49.952 0.048 49.904
29 50 0.048 49.952
15 50 0.048 49.952
40 50 0.048 49.952
48 50 0.048 49.952
50 50 0.048 49.952
18 50 0.048 49.952
27 50 0.048 49.952
47 50 0.048 49.952
8 49.8682 0.048 49.8202
9 50 0.048 49.952
39 50 0.048 49.952
14 50 0.048 49.952
9 49.952 0.048 49.904
47 49.952 0.048 49.904
36 49.9059 0.048 49.8579
5 50 0.048 49.952
12 50 0.048 49.952
23 49.8418 0.048 49.7938
45 49.8354 0.048 49.7874
32 50 0.048 49.952
11 49.952 0.048 49.904
37 50 0.048 49.952
1 49.952 0.048 49.904
20 50 0.048 49.952
21 50 0.048 49.952
16 50 0.048 49.952
26 50 0.048 49.952
1 50 0.048 49.952
20 49.952 0.048 49.904
37 49.952 0.048 49.904
30 50 0.048 49.952
3 50 0.048 49.952
33 50 0.048 49.952
5 49.952 0.048 49.904
36 49.8579 0.048 49.8099
11 50 0.048 49.952
32 49.952 0.048 49.904
29 50 0.048 49.952
15 50 0.048 49.952
40 50 0.048 49.952
48 50 0.048 49.952
50 50 0.048 49.952
18 50 0.048 49.952
27 50 0.048 49.952
47 50 0.048 49.952
8 49.9845 0.048 49.9365
9 50 0.048 49.952
39 50 0.048 49.952
45 49.8901 0.048 49.8421
14 50 0.048 49.952
9 49.952 0.048 49.904
47 49.952 0.048 49.904
36 50 0.048 49.952
5 50 0.048 49.952
8 49.9365 0.048 49.8885
12 50 0.048 49.952
23 49.9937 0.048 49.9457
45 49.8421 0.048 49.7941
32 50 0.048 49.952
11 49.952 0.048 49.904
37 50 0.048 49.952
1 49.952 0.048 49.904
20 50 0.048 49.952
21 50 0.048 49.952
16 50 0.048 49.952
26 50 0.048 49.952
1 50 0.048 49.952
20 49.952 0.048 49.904
37 49.952 0.048 49.904
30 50 0.048 49.952
3 50 0.048 49.952
33 50 0.048 49.952
5 49.952 0.048 49.904
36 49.952 0.048 49.904
11 50 0.048 49.952
32 49.952 0.048 49.904
29 50 0.048 49.952
15 50 0.048 49.952
40 50 0.048 49.952
48 50 0.048 49.952
50 50 0.048 49.952
18 50 0.048 49.952
27 50 0.048 49.952
47 50 0.048 49.952
8 50 0.048 49.952
9 50 0.048 49.952
39 50 0.048 49.952
45 49.9364 0.048 49.8884
14 50 0.048 49.952
9 49.952 0.048 49.904
36 50 0.048 49.952
5 50 0.048 49.952
12 50 0.048 49.952
23 50 0.048 49.952
45 49.8884 0.048 49.8404
32 50 0.048 49.952
11 49.952 0.048 49.904
37 50 0.048 49.952
1 49.952 0.048 49.904
20 50 0.048 49.952
49 50 0.048 49.952
2 50 0.048 49.952
6 50 0.048 49.952
19 50 0.048 49.952
35 50 0.048 49.952
38 50 0.048 49.952
43 50 0.048 49.952
49 49.952 0.16 49.792
2 49.952 0.16 49.792
2 49.792 0.048 49.744
33 50 0.048 49.952
35 49.952 0.048 49.904
43 49.952 0.048 49.904
49 49.792 0.048 49.744
2 49.744 0.16 49.584
6 49.952 0.16 49.792
19 49.952 0.16 49.792
35 49.904 0.16 49.744
38 49.952 0.16 49.792
38 49.792 0.048 49.744
6 49.792 0.048 49.744
19 49.792 0.048 49.744
35 49.744 0.048 49.696
42 50 0.048 49.952
49 49.744 0.048 49.696
38 49.744 0.16 49.584
43 49.904 0.16 49.744
33 49.952 0.16 49.792
33 49.792 0.048 49.744
2 49.584 0.048 49.536
3 49.952 0.048 49.904
30 50 0.048 49.952
43 49.744 0.16 49.584
6 49.744 0.16 49.584
19 49.744 0.16 49.584
35 49.696 0.16 49.536
42 49.952 0.16 49.792
42 49.792 0.048 49.744
6 49.584 0.048 49.536
19 49.584 0.048 49.536
38 49.584 0.048 49.536
49 49.696 0.16 49.536
21 50 0.048 49.952
16 50 0.048 49.952
26 50 0.048 49.952
1 50 0.048 49.952
20 49.952 0.048 49.904
37 49.952 0.048 49.904
30 49.952 0.048 49.904
3 50 0.048 49.952
33 49.744 0.048 49.696
5 49.952 0.048 49.904
12 49.952 0.048 49.904
36 49.952 0.048 49.904
11 50 0.048 49.952
32 49.952 0.048 49.904
29 50 0.048 49.952
29 49.952 0.16 49.792
15 50 0.048 49.952
40 50 0.048 49.952
48 50 0.048 49.952
50 50 0.048 49.952
18 50 0.048 49.952
27 50 0.048 49.952
47 50 0.048 49.952
8 50 0.048 49.952
9 50 0.048 49.952
39 50 0.048 49.952
45 50 0.048 49.952
14 50 0.048 49.952
9 49.952 0.048 49.904
47 49.952 0.048 49.904
36 50 0.048 49.952
5 50 0.048 49.952
12 50 0.048 49.952
23 50 0.048 49.952
45 49.952 0.048 49.904
32 50 0.048 49.952
11 49.952 0.048 49.904
37 50 0.048 49.952
1 49.952 0.048 49.904
20 50 0.048 49.952
33 50 0.048 49.952
2 49.6683 0.048 49.6203
3 49.952 0.048 49.904
30 50 0.048 49.952
42 49.9146 0.048 49.8666
6 49.6373 0.048 49.5893
19 49.7236 0.048 49.6756
38 49.6724 0.048 49.6244
21 50 0.048 49.952
16 50 0.048 49.952
26 50 0.048 49.952
1 50 0.048 49.952
20 49.952 0.048 49.904
37 49.952 0.048 49.904
30 49.952 0.048 49.904
3 50 0.048 49.952
33 49.952 0.048 49.904
5 49.952 0.048 49.904
12 49.952 0.048 49.904
36 49.952 0.048 49.904
11 50 0.048 49.952
32 49.952 0.048 49.904
15 50 0.048 49.952
40 50 0.048 49.952
48 50 0.048 49.952
50 50 0.048 49.952
18 50 0.048 49.952
27 50 0.048 49.952
47 50 0.048 49.952
8 50 0.048 49.952
9 50 0.048 49.952
39 50 0.048 49.952
14 50 0.048 49.952
9 49.952 0.048 49.904
47 49.952 0.048 49.904
36 50 0.048 49.952
5 50 0.048 49.952
12 50 0.048 49.952
23 50 0.048 49.952
45 50 0.048 49.952
32 50 0.048 49.952
11 49.952 0.048 49.904
37 50 0.048 49.952
1 49.952 0.048 49.904
20 50 0.048 49.952
33 50 0.048 49.952
2 49.9175 0.048 49.8695
3 49.952 0.048 49.904
30 50 0.048 49.952
42 50 0.048 49.952
6 49.7673 0.048 49.7193
19 49.8667 0.048 49.8187
21 50 0.048 49.952
16 50 0.048 49.952
26 50 0.048 49.952
1 50 0.048 49.952
20 49.952 0.048 49.904
37 49.952 0.048 49.904
30 49.952 0.048 49.904
3 50 0.048 49.952
33 49.952 0.048 49.904
5 49.952 0.048 49.904
12 49.952 0.048 49.904
36 49.952 0.048 49.904
11 50 0.048 49.952
32 49.952 0.048 49.904
44 50 0.048 49.952
22 50 0.048 49.952
41 50 0.048 49.952
44 49.952 0.16 49.792
22 49.952 0.16 49.792
41 49.952 0.16 49.792
41 49.792 0.048 49.744
22 49.792 0.048 49.744
44 49.792 0.048 49.744
15 50 0.048 49.952
40 50 0.048 49.952
48 50 0.048 49.952
50 50 0.048 49.952
18 50 0.048 49.952
27 50 0.048 49.952
47 50 0.048 49.952
8 50 0.048 49.952
9 50 0.048 49.952
39 50 0.048 49.952
14 50 0.048 49.952
9 49.952 0.048 49.904
47 49.952 0.048 49.904
36 50 0.048 49.952
5 50 0.048 49.952
12 50 0.048 49.952
23 50 0.048 49.952
45 50 0.048 49.952
32 50 0.048 49.952
11 49.952 0.048 49.904
37 50 0.048 49.952
1 49.952 0.048 49.904
20 50 0.048 49.952
33 50 0.048 49.952
2 50 0.048 49.952
3 49.952 0.048 49.904
30 50 0.048 49.952
42 50 0.048 49.952
6 49.8363 0.048 49.7883
19 49.922 0.048 49.874
38 49.9854 0.048 49.9374
21 50 0.048 49.952
16 50 0.048 49.952
26 50 0.048 49.952
1 50 0.048 49.952
20 49.952 0.048 49.904
37 49.952 0.048 49.904
30 49.952 0.048 49.904
3 50 0.048 49.952
5 49.952 0.048 49.904
12 49.952 0.048 49.904
36 49.952 0.048 49.904
11 50 0.048 49.952
32 49.952 0.048 49.904
41 49.8474 0.048 49.7994
22 50 0.048 49.952
44 50 0.048 49.952
15 50 0.048 49.952
15 49.952 0.16 49.792
40 50 0.048 49.952
48 50 0.048 49.952
50 50 0.048 49.952
18 50 0.048 49.952
27 50 0.048 49.952
47 50 0.048 49.952
8 50 0.048 49.952
9 50 0.048 49.952
39 50 0.048 49.952
45 50 0.048 49.952
14 50 0.048 49.952
9 49.952 0.048 49.904
36 50 0.048 49.952
5 50 0.048 49.952
12 50 0.048 49.952
23 50 0.048 49.952
45 49.952 0.048 49.904
32 50 0.048 49.952
11 49.952 0.048 49.904
37 50 0.048 49.952
1 49.952 0.048 49.904
20 50 0.048 49.952
33 50 0.048 49.952
2 50 0.048 49.952
3 49.952 0.048 49.904
42 50 0.048 49.952
6 50 0.048 49.952
19 49.9926 0.048 49.9446
38 50 0.048 49.952
21 50 0.048 49.952
16 50 0.048 49.952
26 50 0.048 49.952
1 50 0.048 49.952
20 49.952 0.048 49.904
37 49.952 0.048 49.904
30 50 0.048 49.952
3 50 0.048 49.952
33 49.952 0.048 49.904
5 49.952 0.048 49.904
12 49.952 0.048 49.904
36 49.952 0.048 49.904
11 50 0.048 49.952
32 49.952 0.048 49.904
41 50 0.048 49.952
22 50 0.048 49.952
44 50 0.048 49.952
40 50 0.048 49.952
48 50 0.048 49.952
50 50 0.048 49.952
18 50 0.048 49.952
27 50 0.048 49.952
47 50 0.048 49.952
8 50 0.048 49.952
39 50 0.048 49.952
45 50 0.048 49.952
14 50 0.048 49.952
9 50 0.048 49.952
47 49.952 0.048 49.904
36 50 0.048 49.952
5 50 0.048 49.952
12 50 0.048 49.952
23 50 0.048 49.952
45 49.952 0.048 49.904
32 50 0.048 49.952
11 49.952 0.048 49.904
13 50 0.048 49.952
7 50 0.048 49.952
13 49.952 0.16 49.792
7 49.952 0.16 49.792
7 49.792 0.048 49.744
13 49.792 0.048 49.744
24 50 0.048 49.952
7 49.744 0.16 49.584
13 49.744 0.16 49.584
24 49.952 0.16 49.792
24 49.792 0.048 49.744
7 49.584 0.048 49.536
37 50 0.048 49.952
1 49.952 0.048 49.904
20 50 0.048 49.952
33 50 0.048 49.952
2 50 0.048 49.952
3 49.952 0.048 49.904
30 50 0.048 49.952
42 50 0.048 49.952
6 50 0.048 49.952
19 50 0.048 49.952
38 50 0.048 49.952
21 50 0.048 49.952
16 50 0.048 49.952
26 50 0.048 49.952
1 50 0.048 49.952
20 49.952 0.048 49.904
37 49.952 0.048 49.904
30 49.952 0.048 49.904
3 50 0.048 49.952
33 49.952 0.048 49.904
5 49.952 0.048 49.904
12 49.952 0.048 49.904
36 49.952 0.048 49.904
11 50 0.048 49.952
32 49.952 0.048 49.904
11 49.952 0.16 49.792
32 49.904 0.16 49.744
41 50 0.048 49.952
22 50 0.048 49.952
44 50 0.048 49.952
40 50 0.048 49.952
50 50 0.048 49.952
18 50 0.048 49.952
27 50 0.048 49.952
47 50 0.048 49.952
8 50 0.048 49.952
9 50 0.048 49.952
39 50 0.048 49.952
45 50 0.048 49.952
14 50 0.048 49.952
9 49.952 0.048 49.904
47 49.952 0.048 49.904
36 50 0.048 49.952
5 50 0.048 49.952
8 49.952 0.048 49.904
12 50 0.048 49.952
23 50 0.048 49.952
45 49.952 0.048 49.904
32 49.9148 0.048 49.8668
11 49.792 0.048 49.744
32 49.8668 0.16 49.7068
11 49.744 0.16 49.584
11 49.584 0.048 49.536
32 49.7068 0.048 49.6588
11 49.536 0.16 49.376
32 49.6588 0.16 49.4988
24 50 0.048 49.952
7 49.6955 0.048 49.6475
37 50 0.048 49.952
1 49.952 0.048 49.904
20 50 0.048 49.952
33 50 0.048 49.952
2 50 0.048 49.952
3 49.952 0.048 49.904
30 50 0.048 49.952
42 50 0.048 49.952
6 50 0.048 49.952
19 50 0.048 49.952
38 50 0.048 49.952
21 50 0.048 49.952
16 50 0.048 49.952
26 50 0.048 49.952
1 50 0.048 49.952
20 49.952 0.048 49.904
37 49.952 0.048 49.904
30 49.952 0.048 49.904
3 50 0.048 49.952
33 49.952 0.048 49.904
5 49.952 0.048 49.904
12 49.952 0.048 49.904
36 49.952 0.048 49.904
41 50 0.048 49.952
22 50 0.048 49.952
44 50 0.048 49.952
40 50 0.048 49.952
50 50 0.048 49.952
18 50 0.048 49.952
27 50 0.048 49.952
47 50 0.048 49.952
8 50 0.048 49.952
9 50 0.048 49.952
39 50 0.048 49.952
45 50 0.048 49.952
14 50 0.048 49.952
9 49.952 0.048 49.904
47 49.952 0.048 49.904
9 49.904 0.16 49.744
36 50 0.048 49.952
5 50 0.048 49.952
8 49.952 0.048 49.904
12 50 0.048 49.952
23 50 0.048 49.952
45 49.952 0.048 49.904
47 49.904 0.16 49.744
24 50 0.048 49.952
7 49.9289 0.048 49.8809
37 50 0.048 49.952
1 49.952 0.048 49.904
20 50 0.048 49.952
33 50 0.048 49.952
2 50 0.048 49.952
3 49.952 0.048 49.904
30 50 0.048 49.952
42 50 0.048 49.952
6 50 0.048 49.952
19 50 0.048 49.952
38 50 0.048 49.952
9 49.744 0.048 49.696
47 49.9056 0.048 49.8576
9 49.696 0.16 49.536
47 49.8576 0.16 49.6976
21 50 0.048 49.952
16 50 0.048 49.952
26 50 0.048 49.952
1 50 0.048 49.952
20 49.952 0.048 49.904
37 49.952 0.048 49.904
30 49.952 0.048 49.904
3 50 0.048 49.952
33 49.952 0.048 49.904
5 49.952 0.048 49.904
12 49.952 0.048 49.904
36 49.952 0.048 49.904
41 50 0.048 49.952
22 50 0.048 49.952
44 50 0.048 49.952
40 50 0.048 49.952
50 50 0.048 49.952
18 50 0.048 49.952
27 50 0.048 49.952
47 49.6976 0.048 49.6496
8 50 0.048 49.952
9 49.8832 0.048 49.8352
39 50 0.048 49.952
45 50 0.048 49.952
47 49.6496 0.16 49.4896
8 49.952 0.16 49.792
9 49.8352 0.16 49.6752
9 49.6752 0.048 49.6272
47 49.4896 0.048 49.4416
9 49.6272 0.16 49.4672
39 49.952 0.16 49.792
45 49.952 0.16 49.792
47 49.4416 0.16 49.2816
14 50 0.048 49.952
36 50 0.048 49.952
5 50 0.048 49.952
8 49.792 0.048 49.744
12 50 0.048 49.952
23 50 0.048 49.952
45 49.792 0.048 49.744
24 50 0.048 49.952
7 50 0.048 49.952
37 50 0.048 49.952
1 49.952 0.048 49.904
20 50 0.048 49.952
33 50 0.048 49.952
2 50 0.048 49.952
3 49.952 0.048 49.904
30 50 0.048 49.952
42 50 0.048 49.952
6 50 0.048 49.952
19 50 0.048 49.952
38 50 0.048 49.952
21 50 0.048 49.952
16 50 0.048 49.952
26 50 0.048 49.952
1 50 0.048 49.952
20 49.952 0.048 49.904
37 49.952 0.048 49.904
30 49.952 0.048 49.904
3 50 0.048 49.952
5 49.952 0.048 49.904
12 49.952 0.048 49.904
36 49.952 0.048 49.904
41 50 0.048 49.952
22 50 0.048 49.952
44 50 0.048 49.952
40 50 0.048 49.952
50 50 0.048 49.952
18 50 0.048 49.952
27 50 0.048 49.952
14 50 0.048 49.952
36 50 0.048 49.952
5 50 0.048 49.952
8 50 0.048 49.952
12 50 0.048 49.952
23 50 0.048 49.952
45 49.9182 0.048 49.8702
24 50 0.048 49.952
7 50 0.048 49.952
37 50 0.048 49.952
1 49.952 0.048 49.904
20 50 0.048 49.952
33 50 0.048 49.952
2 50 0.048 49.952
3 49.952 0.048 49.904
42 50 0.048 49.952
6 50 0.048 49.952
19 50 0.048 49.952
21 50 0.048 49.952
16 50 0.048 49.952
26 50 0.048 49.952
1 50 0.048 49.952
20 49.952 0.048 49.904
37 49.952 0.048 49.904
30 50 0.048 49.952
3 50 0.048 49.952
5 49.952 0.048 49.904
12 49.952 0.048 49.904
23 50 0.048 49.952
36 49.952 0.048 49.904
41 50 0.048 49.952
22 50 0.048 49.952
44 50 0.048 49.952
40 50 0.048 49.952
50 50 0.048 49.952
18 50 0.048 49.952
27 50 0.048 49.952
14 50 0.048 49.952
36 50 0.048 49.952
5 50 0.048 49.952
8 50 0.048 49.952
12 50 0.048 49.952
23 49.952 0.048 49.904
45 50 0.048 49.952
36 49.952 0.16 49.792
5 49.952 0.16 49.792
8 49.952 0.16 49.792
12 49.952 0.16 49.792
23 49.904 0.16 49.744
45 49.952 0.16 49.792
24 50 0.048 49.952
7 50 0.048 49.952
37 50 0.048 49.952
1 49.952 0.048 49.904
20 50 0.048 49.952
33 50 0.048 49.952
2 50 0.048 49.952
3 49.952 0.048 49.904
42 50 0.048 49.952
6 50 0.048 49.952
19 50 0.048 49.952
21 50 0.048 49.952
16 50 0.048 49.952
26 50 0.048 49.952
1 50 0.048 49.952
20 49.952 0.048 49.904
37 49.952 0.048 49.904
30 50 0.048 49.952
3 50 0.048 49.952
5 49.792 0.048 49.744
12 49.792 0.048 49.744
36 49.792 0.048 49.744
5 49.744 0.16 49.584
12 49.744 0.16 49.584
36 49.744 0.16 49.584
41 50 0.048 49.952
22 50 0.048 49.952
44 50 0.048 49.952
40 50 0.048 49.952
48 50 0.048 49.952
50 50 0.048 49.952
18 50 0.048 49.952
27 50 0.048 49.952
14 50 0.048 49.952
17 50 0.048 49.952
26 50 0.048 49.952
17 49.952 0.16 49.792
26 49.952 0.16 49.792
26 49.792 0.048 49.744
17 49.792 0.048 49.744
21 49.952 0.048 49.904
24 50 0.048 49.952
7 50 0.048 49.952
37 50 0.048 49.952
1 49.952 0.048 49.904
20 50 0.048 49.952
33 50 0.048 49.952
2 50 0.048 49.952
3 49.952 0.048 49.904
30 50 0.048 49.952
42 50 0.048 49.952
6 50 0.048 49.952
19 50 0.048 49.952
21 50 0.048 49.952
16 50 0.048 49.952
26 49.744 0.048 49.696
1 50 0.048 49.952
20 49.952 0.048 49.904
37 49.952 0.048 49.904
30 49.952 0.048 49.904
3 50 0.048 49.952
33 49.952 0.048 49.904
41 50 0.048 49.952
22 50 0.048 49.952
44 50 0.048 49.952
40 50 0.048 49.952
48 50 0.048 49.952
50 50 0.048 49.952
18 50 0.048 49.952
27 50 0.048 49.952
14 50 0.048 49.952
26 50 0.048 49.952
17 49.9244 0.048 49.8764
21 49.952 0.048 49.904
24 50 0.048 49.952
7 50 0.048 49.952
37 50 0.048 49.952
1 49.952 0.048 49.904
20 50 0.048 49.952
33 50 0.048 49.952
2 50 0.048 49.952
3 49.952 0.048 49.904
30 50 0.048 49.952
42 50 0.048 49.952
19 50 0.048 49.952
21 50 0.048 49.952
16 50 0.048 49.952
26 49.952 0.048 49.904
1 50 0.048 49.952
20 49.952 0.048 49.904
37 49.952 0.048 49.904
30 49.952 0.048 49.904
3 50 0.048 49.952
41 50 0.048 49.952
22 50 0.048 49.952
44 50 0.048 49.952
40 50 0.048 49.952
48 50 0.048 49.952
50 50 0.048 49.952
18 50 0.048 49.952
27 50 0.048 49.952
14 50 0.048 49.952
26 50 0.048 49.952
17 50 0.048 49.952
21 49.952 0.048 49.904
24 50 0.048 49.952
7 50 0.048 49.952
37 50 0.048 49.952
1 49.952 0.048 49.904
20 50 0.048 49.952
33 50 0.048 49.952
2 50 0.048 49.952
3 49.952 0.048 49.904
42 50 0.048 49.952
6 50 0.048 49.952
19 50 0.048 49.952
21 50 0.048 49.952
16 50 0.048 49.952
26 49.952 0.048 49.904
1 50 0.048 49.952
20 49.952 0.048 49.904
37 49.952 0.048 49.904
30 50 0.048 49.952
3 50 0.048 49.952
31 50 0.048 49.952
4 50 0.048 49.952
31 49.952 0.16 49.792
4 49.952 0.16 49.792
4 49.792 0.048 49.744
28 50 0.048 49.952
31 49.792 0.048 49.744
41 50 0.048 49.952
22 50 0.048 49.952
44 50 0.048 49.952
40 50 0.048 49.952
48 50 0.048 49.952
40 49.952 0.16 49.792
48 49.952 0.16 49.792
50 50 0.048 49.952
18 50 0.048 49.952
27 50 0.048 49.952
14 50 0.048 49.952
26 50 0.048 49.952
17 50 0.048 49.952
21 49.952 0.048 49.904
24 50 0.048 49.952
7 50 0.048 49.952
37 50 0.048 49.952
1 49.952 0.048 49.904
20 50 0.048 49.952
33 50 0.048 49.952
2 50 0.048 49.952
3 49.952 0.048 49.904
42 50 0.048 49.952
19 50 0.048 49.952
21 50 0.048 49.952
16 50 0.048 49.952
26 49.952 0.048 49.904
1 50 0.048 49.952
20 49.952 0.048 49.904
37 49.952 0.048 49.904
30 50 0.048 49.952
3 50 0.048 49.952
33 49.952 0.048 49.904
4 49.9118 0.048 49.8638
28 50 0.048 49.952
31 49.8544 0.048 49.8064
41 50 0.048 49.952
22 50 0.048 49.952
44 50 0.048 49.952
50 50 0.048 49.952
18 50 0.048 49.952
27 50 0.048 49.952
14 50 0.048 49.952
26 50 0.048 49.952
17 50 0.048 49.952
21 49.952 0.048 49.904
24 50 0.048 49.952
7 50 0.048 49.952
37 50 0.048 49.952
1 49.952 0.048 49.904
20 50 0.048 49.952
33 50 0.048 49.952
2 50 0.048 49.952
3 49.952 0.048 49.904
30 50 0.048 49.952
42 50 0.048 49.952
6 50 0.048 49.952
19 50 0.048 49.952
21 50 0.048 49.952
16 50 0.048 49.952
26 49.952 0.048 49.904
1 50 0.048 49.952
20 49.952 0.048 49.904
37 49.952 0.048 49.904
30 49.952 0.048 49.904
3 50 0.048 49.952
33 49.952 0.048 49.904
4 50 0.048 49.952
31 50 0.048 49.952
41 50 0.048 49.952
22 50 0.048 49.952
44 50 0.048 49.952
50 50 0.048 49.952
18 50 0.048 49.952
27 50 0.048 49.952
14 50 0.048 49.952
26 50 0.048 49.952
17 50 0.048 49.952
21 49.952 0.048 49.904
24 50 0.048 49.952
7 50 0.048 49.952
37 50 0.048 49.952
1 49.952 0.048 49.904
20 50 0.048 49.952
33 50 0.048 49.952
2 50 0.048 49.952
3 49.952 0.048 49.904
30 50 0.048 49.952
42 50 0.048 49.952
6 50 0.048 49.952
19 50 0.048 49.952
21 50 0.048 49.952
16 50 0.048 49.952
26 49.952 0.048 49.904
1 50 0.048 49.952
20 49.952 0.048 49.904
37 49.952 0.048 49.904
30 49.952 0.048 49.904
3 50 0.048 49.952
33 49.952 0.048 49.904
4 50 0.048 49.952
28 50 0.048 49.952
31 50 0.048 49.952
41 50 0.048 49.952
22 50 0.048 49.952
44 50 0.048 49.952
50 50 0.048 49.952
18 50 0.048 49.952
27 50 0.048 49.952
50 49.952 0.16 49.792
18 49.952 0.16 49.792
27 49.952 0.16 49.792
14 50 0.048 49.952
26 50 0.048 49.952
17 50 0.048 49.952
21 49.952 0.048 49.904
24 50 0.048 49.952
7 50 0.048 49.952
37 50 0.048 49.952
1 49.952 0.048 49.904
20 50 0.048 49.952
33 50 0.048 49.952
2 50 0.048 49.952
3 49.952 0.048 49.904
30 50 0.048 49.952
42 50 0.048 49.952
6 50 0.048 49.952
19 50 0.048 49.952
21 50 0.048 49.952
16 50 0.048 49.952
26 49.952 0.048 49.904
1 50 0.048 49.952
20 49.952 0.048 49.904
37 49.952 0.048 49.904
30 49.952 0.048 49.904
3 50 0.048 49.952
33 49.952 0.048 49.904
4 50 0.048 49.952
28 50 0.048 49.952
31 50 0.048 49.952
41 50 0.048 49.952
22 50 0.048 49.952
44 50 0.048 49.952
14 50 0.048 49.952
26 50 0.048 49.952
17 50 0.048 49.952
21 49.952 0.048 49.904
24 50 0.048 49.952
7 50 0.048 49.952
37 50 0.048 49.952
1 49.952 0.048 49.904
20 50 0.048 49.952
33 50 0.048 49.952
2 50 0.048 49.952
3 49.952 0.048 49.904
30 50 0.048 49.952
42 50 0.048 49.952
6 50 0.048 49.952
19 50 0.048 49.952
21 50 0.048 49.952
16 50 0.048 49.952
26 49.952 0.048 49.904
1 50 0.048 49.952
20 49.952 0.048 49.904
37 49.952 0.048 49.904
30 49.952 0.048 49.904
3 50 0.048 49.952
33 49.952 0.048 49.904
46 50 0.048 49.952
28 50 0.048 49.952
4 50 0.048 49.952
28 49.952 0.048 49.904
31 50 0.048 49.952
41 50 0.048 49.952
22 50 0.048 49.952
44 50 0.048 49.952
14 50 0.048 49.952
26 50 0.048 49.952
17 50 0.048 49.952
21 49.952 0.048 49.904
24 50 0.048 49.952
7 50 0.048 49.952
37 50 0.048 49.952
1 49.952 0.048 49.904
20 50 0.048 49.952
33 50 0.048 49.952
2 50 0.048 49.952
3 49.952 0.048 49.904
30 50 0.048 49.952
42 50 0.048 49.952
6 50 0.048 49.952
19 50 0.048 49.952
21 50 0.048 49.952
16 50 0.048 49.952
26 49.952 0.048 49.904
1 50 0.048 49.952
20 49.952 0.048 49.904
37 49.952 0.048 49.904
1 49.952 0.16 49.792
20 49.904 0.16 49.744
37 49.904 0.16 49.744
34 50 0.048 49.952
25 50 0.048 49.952
34 49.952 0.16 49.792
25 49.952 0.16 49.792
25 49.792 0.048 49.744
34 49.792 0.048 49.744
30 49.952 0.048 49.904
3 50 0.048 49.952
33 49.952 0.048 49.904
46 50 0.048 49.952
28 50 0.048 49.952
4 50 0.048 49.952
28 49.952 0.048 49.904
31 50 0.048 49.952
41 50 0.048 49.952
22 50 0.048 49.952
44 50 0.048 49.952
14 50 0.048 49.952
26 50 0.048 49.952
16 50 0.048 49.952
17 50 0.048 49.952
21 49.952 0.048 49.904
24 50 0.048 49.952
7 50 0.048 49.952
37 49.8742 0.048 49.8262
1 49.792 0.048 49.744
20 49.978 0.048 49.93
37 49.8262 0.16 49.6662
1 49.744 0.16 49.584
1 49.584 0.048 49.536
20 49.93 0.048 49.882
37 49.6662 0.048 49.6182
1 49.536 0.16 49.376
20 49.882 0.16 49.722
20 49.722 0.16 49.562
37 49.6182 0.16 49.4582
33 50 0.048 49.952
2 50 0.048 49.952
3 49.952 0.048 49.904
30 50 0.048 49.952
42 50 0.048 49.952
6 50 0.048 49.952
19 50 0.048 49.952
38 50 0.048 49.952
21 50 0.048 49.952
16 49.952 0.048 49.904
26 49.952 0.048 49.904
25 49.8739 0.048 49.8259
34 49.9148 0.048 49.8668
30 49.952 0.048 49.904
3 50 0.048 49.952
33 49.952 0.048 49.904
46 50 0.048 49.952
28 50 0.048 49.952
4 50 0.048 49.952
28 49.952 0.048 49.904
31 50 0.048 49.952
41 50 0.048 49.952
22 50 0.048 49.952
44 50 0.048 49.952
48 50 0.048 49.952
40 50 0.048 49.952
48 49.952 0.16 49.792
40 49.952 0.16 49.792
40 49.792 0.048 49.744
48 49.792 0.048 49.744
14 50 0.048 49.952
26 50 0.048 49.952
17 50 0.048 49.952
21 49.952 0.048 49.904
24 50 0.048 49.952
7 50 0.048 49.952
33 50 0.048 49.952
2 50 0.048 49.952
3 49.952 0.048 49.904
30 50 0.048 49.952
42 50 0.048 49.952
6 50 0.048 49.952
19 50 0.048 49.952
38 50 0.048 49.952
21 50 0.048 49.952
16 50 0.048 49.952
26 49.952 0.048 49.904
25 50 0.048 49.952
34 50 0.048 49.952
30 49.952 0.048 49.904
3 50 0.048 49.952
33 49.952 0.048 49.904
46 50 0.048 49.952
28 50 0.048 49.952
4 50 0.048 49.952
28 49.952 0.048 49.904
31 50 0.048 49.952
41 50 0.048 49.952
22 50 0.048 49.952
44 50 0.048 49.952
40 50 0.048 49.952
48 50 0.048 49.952
14 50 0.048 49.952
26 50 0.048 49.952
16 50 0.048 49.952
17 50 0.048 49.952
21 49.952 0.048 49.904
24 50 0.048 49.952
7 50 0.048 49.952
33 50 0.048 49.952
2 50 0.048 49.952
3 49.952 0.048 49.904
30 50 0.048 49.952
42 50 0.048 49.952
6 50 0.048 49.952
19 50 0.048 49.952
38 50 0.048 49.952
21 50 0.048 49.952
16 49.952 0.048 49.904
26 49.952 0.048 49.904
25 50 0.048 49.952
34 50 0.048 49.952
30 49.952 0.048 49.904
3 50 0.048 49.952
33 49.952 0.048 49.904
46 50 0.048 49.952
28 50 0.048 49.952
4 50 0.048 49.952
28 49.952 0.048 49.904
31 50 0.048 49.952
41 50 0.048 49.952
22 50 0.048 49.952
44 50 0.048 49.952
41 49.952 0.16 49.792
22 49.952 0.16 49.792
44 49.952 0.16 49.792
40 50 0.048 49.952
48 50 0.048 49.952
14 50 0.048 49.952
26 50 0.048 49.952
16 50 0.048 49.952
17 50 0.048 49.952
21 49.952 0.048 49.904
24 50 0.048 49.952
7 50 0.048 49.952
33 50 0.048 49.952
2 50 0.048 49.952
3 49.952 0.048 49.904
30 50 0.048 49.952
42 50 0.048 49.952
6 50 0.048 49.952
19 50 0.048 49.952
38 50 0.048 49.952
21 50 0.048 49.952
16 49.952 0.048 49.904
26 49.952 0.048 49.904
25 50 0.048 49.952
34 50 0.048 49.952
30 49.952 0.048 49.904
3 50 0.048 49.952
33 49.952 0.048 49.904
46 50 0.048 49.952
28 50 0.048 49.952
4 50 0.048 49.952
28 49.952 0.048 49.904
31 50 0.048 49.952
40 50 0.048 49.952
48 50 0.048 49.952
14 50 0.048 49.952
26 50 0.048 49.952
17 50 0.048 49.952
21 49.952 0.048 49.904
24 50 0.048 49.952
7 50 0.048 49.952
33 50 0.048 49.952
2 50 0.048 49.952
3 49.952 0.048 49.904
30 50 0.048 49.952
42 50 0.048 49.952
19 50 0.048 49.952
38 50 0.048 49.952
21 50 0.048 49.952
16 50 0.048 49.952
26 49.952 0.048 49.904
25 50 0.048 49.952
34 50 0.048 49.952
30 49.952 0.048 49.904
3 50 0.048 49.952
33 49.952 0.048 49.904
46 50 0.048 49.952
28 50 0.048 49.952
4 50 0.048 49.952
28 49.952 0.048 49.904
31 50 0.048 49.952
40 50 0.048 49.952
48 50 0.048 49.952
14 50 0.048 49.952
14 49.952 0.16 49.792
26 50 0.048 49.952
16 50 0.048 49.952
21 49.952 0.048 49.904
24 50 0.048 49.952
7 50 0.048 49.952
33 50 0.048 49.952
2 50 0.048 49.952
3 49.952 0.048 49.904
30 50 0.048 49.952
42 50 0.048 49.952
19 50 0.048 49.952
38 50 0.048 49.952
21 50 0.048 49.952
16 49.952 0.048 49.904
26 49.952 0.048 49.904
25 50 0.048 49.952
34 50 0.048 49.952
30 49.952 0.048 49.904
3 50 0.048 49.952
33 49.952 0.048 49.904
46 50 0.048 49.952
28 50 0.048 49.952
38 49.952 0.048 49.904
6 50 0.048 49.952
19 50 0.048 49.952
35 50 0.048 49.952
42 50 0.048 49.952
43 50 0.048 49.952
49 50 0.048 49.952
38 49.904 0.16 49.744
6 49.952 0.16 49.792
19 49.952 0.16 49.792
35 49.952 0.16 49.792
42 49.952 0.16 49.792
43 49.952 0.16 49.792
49 49.952 0.16 49.792
49 49.792 0.048 49.744
19 49.792 0.048 49.744
35 49.792 0.048 49.744
38 49.744 0.048 49.696
43 49.792 0.048 49.744
47 50 0.048 49.952
8 50 0.048 49.952
9 50 0.048 49.952
39 50 0.048 49.952
45 50 0.048 49.952
47 49.952 0.16 49.792
8 49.952 0.16 49.792
9 49.952 0.16 49.792
9 49.792 0.048 49.744
47 49.792 0.048 49.744
39 49.952 0.16 49.792
45 49.952 0.16 49.792
45 49.792 0.048 49.744
8 49.792 0.048 49.744
36 50 0.048 49.952
39 49.792 0.048 49.744
47 49.744 0.048 49.696
45 49.744 0.16 49.584
8 49.744 0.16 49.584
36 49.952 0.16 49.792
36 49.792 0.048 49.744
5 50 0.048 49.952
8 49.584 0.048 49.536
12 50 0.048 49.952
23 50 0.048 49.952
45 49.584 0.048 49.536
36 49.744 0.16 49.584
39 49.744 0.16 49.584
47 49.696 0.16 49.536
5 49.952 0.16 49.792
5 49.792 0.048 49.744
12 49.952 0.048 49.904
36 49.584 0.048 49.536
8 49.536 0.16 49.376
12 49.904 0.16 49.744
23 49.952 0.16 49.792
45 49.536 0.16 49.376
4 50 0.048 49.952
31 50 0.048 49.952
40 50 0.048 49.952
48 50 0.048 49.952
26 50 0.048 49.952
16 50 0.048 49.952
17 50 0.048 49.952
21 49.952 0.048 49.904
24 50 0.048 49.952
7 50 0.048 49.952
33 50 0.048 49.952
2 50 0.048 49.952
3 49.952 0.048 49.904
30 50 0.048 49.952
42 49.792 0.048 49.744
19 49.744 0.048 49.696
38 49.8468 0.048 49.7988
21 50 0.048 49.952
16 49.952 0.048 49.904
26 49.952 0.048 49.904
25 50 0.048 49.952
34 50 0.048 49.952
30 49.952 0.048 49.904
3 50 0.048 49.952
33 49.952 0.048 49.904
30 49.904 0.16 49.744
3 49.952 0.16 49.792
33 49.904 0.16 49.744
46 50 0.048 49.952
28 50 0.048 49.952
49 49.9659 0.048 49.9179
19 49.8971 0.048 49.8491
35 49.8818 0.048 49.8338
38 49.7988 0.048 49.7508
43 50 0.048 49.952
9 49.9322 0.048 49.8842
47 49.8148 0.048 49.7668
5 49.9511 0.048 49.9031
12 50 0.048 49.952
36 49.7975 0.048 49.7495
4 50 0.048 49.952
31 50 0.048 49.952
40 50 0.048 49.952
48 50 0.048 49.952
26 50 0.048 49.952
16 50 0.048 49.952
17 50 0.048 49.952
21 49.952 0.048 49.904
24 50 0.048 49.952
7 50 0.048 49.952
33 50 0.048 49.952
2 50 0.048 49.952
3 49.792 0.048 49.744
30 49.9112 0.048 49.8632
33 49.952 0.16 49.792
42 49.8864 0.048 49.8384
6 50 0.048 49.952
19 49.8491 0.048 49.8011
38 50 0.048 49.952
2 49.952 0.16 49.792
3 49.744 0.16 49.584
30 49.8632 0.16 49.7032
30 49.7032 0.048 49.6552
3 49.584 0.048 49.536
33 49.792 0.048 49.744
30 49.6552 0.16 49.4952
3 49.536 0.16 49.376
33 49.744 0.16 49.584
21 50 0.048 49.952
16 49.952 0.048 49.904
26 49.952 0.048 49.904
25 50 0.048 49.952
34 50 0.048 49.952
46 50 0.048 49.952
28 50 0.048 49.952
49 50 0.048 49.952
2 49.792 0.048 49.744
6 49.952 0.048 49.904
19 50 0.048 49.952
35 50 0.048 49.952
38 49.952 0.048 49.904
43 50 0.048 49.952
49 49.952 0.16 49.792
2 49.744 0.16 49.584
2 49.584 0.048 49.536
33 49.8654 0.048 49.8174
35 49.952 0.048 49.904
49 49.792 0.048 49.744
2 49.536 0.16 49.376
6 49.904 0.16 49.744
19 49.952 0.16 49.792
35 49.904 0.16 49.744
38 49.904 0.16 49.744
43 49.952 0.16 49.792
33 49.8174 0.16 49.6574
33 49.6574 0.048 49.6094
2 49.376 0.048 49.328
3 49.5171 0.048 49.4691
30 49.4952 0.048 49.4472
33 49.6094 0.16 49.4494
35 49.744 0.16 49.584
49 49.744 0.16 49.584
2 49.328 0.16 49.168
3 49.4691 0.16 49.3091
30 49.4472 0.16 49.2872
30 49.2872 0.048 49.2392
3 49.3091 0.048 49.2611
33 49.4494 0.048 49.4014
30 49.2392 0.16 49.0792
3 49.2611 0.16 49.1011
33 49.4014 0.16 49.2414
9 50 0.048 49.952
47 50 0.048 49.952
5 50 0.048 49.952
12 50 0.048 49.952
36 49.9459 0.048 49.8979
4 50 0.048 49.952
31 50 0.048 49.952
40 50 0.048 49.952
48 50 0.048 49.952
26 50 0.048 49.952
16 50 0.048 49.952
17 50 0.048 49.952
21 49.952 0.048 49.904
24 50 0.048 49.952
7 50 0.048 49.952
42 50 0.048 49.952
6 50 0.048 49.952
19 49.792 0.048 49.744
38 50 0.048 49.952
21 50 0.048 49.952
16 49.952 0.048 49.904
26 49.952 0.048 49.904
25 50 0.048 49.952
34 50 0.048 49.952
46 50 0.048 49.952
28 50 0.048 49.952
9 50 0.048 49.952
47 50 0.048 49.952
5 50 0.048 49.952
12 50 0.048 49.952
36 50 0.048 49.952
4 50 0.048 49.952
31 50 0.048 49.952
40 50 0.048 49.952
48 50 0.048 49.952
26 50 0.048 49.952
16 50 0.048 49.952
21 49.952 0.048 49.904
24 50 0.048 49.952
7 50 0.048 49.952
42 50 0.048 49.952
6 50 0.048 49.952
19 50 0.048 49.952
38 50 0.048 49.952
21 50 0.048 49.952
16 49.952 0.048 49.904
26 49.952 0.048 49.904
25 50 0.048 49.952
34 50 0.048 49.952
46 50 0.048 49.952
28 50 0.048 49.952
9 50 0.048 49.952
47 50 0.048 49.952
5 50 0.048 49.952
12 50 0.048 49.952
36 50 0.048 49.952
4 50 0.048 49.952
31 50 0.048 49.952
40 50 0.048 49.952
48 50 0.048 49.952
26 50 0.048 49.952
16 50 0.048 49.952
17 50 0.048 49.952
21 49.952 0.048 49.904
24 50 0.048 49.952
7 50 0.048 49.952
42 50 0.048 49.952
6 50 0.048 49.952
19 50 0.048 49.952
38 50 0.048 49.952
21 50 0.048 49.952
16 49.952 0.048 49.904
26 49.952 0.048 49.904
25 50 0.048 49.952
34 50 0.048 49.952
46 50 0.048 49.952
28 50 0.048 49.952
9 50 0.048 49.952
47 50 0.048 49.952
5 50 0.048 49.952
12 50 0.048 49.952
36 50 0.048 49.952
4 50 0.048 49.952
31 50 0.048 49.952
40 50 0.048 49.952
48 50 0.048 49.952
26 50 0.048 49.952
16 50 0.048 49.952
17 50 0.048 49.952
21 49.952 0.048 49.904
24 50 0.048 49.952
7 50 0.048 49.952
42 50 0.048 49.952
6 50 0.048 49.952
19 50 0.048 49.952
38 50 0.048 49.952
42 49.952 0.16 49.792
6 49.952 0.16 49.792
19 49.952 0.16 49.792
38 49.952 0.16 49.792
21 50 0.048 49.952
16 49.952 0.048 49.904
26 49.952 0.048 49.904
25 50 0.048 49.952
34 50 0.048 49.952
46 50 0.048 49.952
28 50 0.048 49.952
9 50 0.048 49.952
47 50 0.048 49.952
5 50 0.048 49.952
12 50 0.048 49.952
36 50 0.048 49.952
4 50 0.048 49.952
31 50 0.048 49.952
40 50 0.048 49.952
48 50 0.048 49.952
26 50 0.048 49.952
16 50 0.048 49.952
17 50 0.048 49.952
21 49.952 0.048 49.904
24 50 0.048 49.952
7 50 0.048 49.952
21 50 0.048 49.952
16 49.952 0.048 49.904
26 49.952 0.048 49.904
25 50 0.048 49.952
34 50 0.048 49.952
46 50 0.048 49.952
28 50 0.048 49.952
9 50 0.048 49.952
47 50 0.048 49.952
5 50 0.048 49.952
12 50 0.048 49.952
36 50 0.048 49.952
4 50 0.048 49.952
31 50 0.048 49.952
40 50 0.048 49.952
48 50 0.048 49.952
26 50 0.048 49.952
16 50 0.048 49.952
17 50 0.048 49.952
21 49.952 0.048 49.904
24 50 0.048 49.952
7 50 0.048 49.952
21 50 0.048 49.952
16 49.952 0.048 49.904
26 49.952 0.048 49.904
25 50 0.048 49.952
34 50 0.048 49.952
46 50 0.048 49.952
28 50 0.048 49.952
9 50 0.048 49.952
5 50 0.048 49.952
12 50 0.048 49.952
36 50 0.048 49.952
4 50 0.048 49.952
31 50 0.048 49.952
40 50 0.048 49.952
48 50 0.048 49.952
26 50 0.048 49.952
16 50 0.048 49.952
17 50 0.048 49.952
21 49.952 0.048 49.904
24 50 0.048 49.952
7 50 0.048 49.952
21 50 0.048 49.952
16 49.952 0.048 49.904
26 49.952 0.048 49.904
25 50 0.048 49.952
34 50 0.048 49.952
46 50 0.048 49.952
28 50 0.048 49.952
9 50 0.048 49.952
5 50 0.048 49.952
12 50 0.048 49.952
36 50 0.048 49.952
4 50 0.048 49.952
31 50 0.048 49.952
40 50 0.048 49.952
48 50 0.048 49.952
26 50 0.048 49.952
16 50 0.048 49.952
17 50 0.048 49.952
21 49.952 0.048 49.904
24 50 0.048 49.952
7 50 0.048 49.952
21 50 0.048 49.952
16 49.952 0.048 49.904
26 49.952 0.048 49.904
25 50 0.048 49.952
34 50 0.048 49.952
46 50 0.048 49.952
28 50 0.048 49.952
9 50 0.048 49.952
47 50 0.048 49.952
5 50 0.048 49.952
12 50 0.048 49.952
23 50 0.048 49.952
36 50 0.048 49.952
4 50 0.048 49.952
31 50 0.048 49.952
40 50 0.048 49.952
48 50 0.048 49.952
26 50 0.048 49.952
16 50 0.048 49.952
17 50 0.048 49.952
21 49.952 0.048 49.904
24 50 0.048 49.952
7 50 0.048 49.952
21 50 0.048 49.952
16 49.952 0.048 49.904
26 49.952 0.048 49.904
25 50 0.048 49.952
34 50 0.048 49.952
46 50 0.048 49.952
28 50 0.048 49.952
9 50 0.048 49.952
47 50 0.048 49.952
5 50 0.048 49.952
12 50 0.048 49.952
23 50 0.048 49.952
36 50 0.048 49.952
4 50 0.048 49.952
31 50 0.048 49.952
40 50 0.048 49.952
48 50 0.048 49.952
26 50 0.048 49.952
16 50 0.048 49.952
17 50 0.048 49.952
21 49.952 0.048 49.904
24 50 0.048 49.952
7 50 0.048 49.952
24 49.952 0.16 49.792
7 49.952 0.16 49.792
21 50 0.048 49.952
16 49.952 0.048 49.904
26 49.952 0.048 49.904
25 50 0.048 49.952
34 50 0.048 49.952
46 50 0.048 49.952
28 50 0.048 49.952
9 50 0.048 49.952
47 50 0.048 49.952
5 50 0.048 49.952
12 50 0.048 49.952
23 50 0.048 49.952
36 50 0.048 49.952
4 50 0.048 49.952
31 50 0.048 49.952
40 50 0.048 49.952
48 50 0.048 49.952
26 50 0.048 49.952
16 50 0.048 49.952
17 50 0.048 49.952
21 49.952 0.048 49.904
21 50 0.048 49.952
16 49.952 0.048 49.904
26 49.952 0.048 49.904
25 50 0.048 49.952
34 50 0.048 49.952
46 50 0.048 49.952
28 50 0.048 49.952
9 50 0.048 49.952
47 50 0.048 49.952
5 50 0.048 49.952
12 50 0.048 49.952
23 50 0.048 49.952
36 50 0.048 49.952
4 50 0.048 49.952
31 50 0.048 49.952
40 50 0.048 49.952
48 50 0.048 49.952
26 50 0.048 49.952
16 50 0.048 49.952
17 50 0.048 49.952
21 49.952 0.048 49.904
26 49.952 0.16 49.792
16 49.952 0.16 49.792
17 49.952 0.16 49.792
21 49.904 0.16 49.744
21 49.9426 0.048 49.8946
16 49.792 0.048 49.744
26 49.792 0.048 49.744
21 49.8946 0.16 49.7346
16 49.744 0.16 49.584
26 49.744 0.16 49.584
25 50 0.048 49.952
34 50 0.048 49.952
46 50 0.048 49.952
28 50 0.048 49.952
9 50 0.048 49.952
47 50 0.048 49.952
5 50 0.048 49.952
12 50 0.048 49.952
23 50 0.048 49.952
36 50 0.048 49.952
4 50 0.048 49.952
31 50 0.048 49.952
40 50 0.048 49.952
48 50 0.048 49.952
25 50 0.048 49.952
34 50 0.048 49.952
46 50 0.048 49.952
28 50 0.048 49.952
9 50 0.048 49.952
47 50 0.048 49.952
5 50 0.048 49.952
12 50 0.048 49.952
23 50 0.048 49.952
36 50 0.048 49.952
4 50 0.048 49.952
28 49.952 0.048 49.904
31 50 0.048 49.952
40 50 0.048 49.952
48 50 0.048 49.952
25 50 0.048 49.952
34 50 0.048 49.952
46 50 0.048 49.952
28 50 0.048 49.952
9 50 0.048 49.952
47 50 0.048 49.952
5 50 0.048 49.952
12 50 0.048 49.952
23 50 0.048 49.952
36 50 0.048 49.952
4 50 0.048 49.952
28 49.952 0.048 49.904
31 50 0.048 49.952
40 50 0.048 49.952
48 50 0.048 49.952
25 50 0.048 49.952
34 50 0.048 49.952
46 50 0.048 49.952
28 50 0.048 49.952
9 50 0.048 49.952
47 50 0.048 49.952
5 50 0.048 49.952
12 50 0.048 49.952
23 50 0.048 49.952
36 50 0.048 49.952
4 50 0.048 49.952
31 50 0.048 49.952
40 50 0.048 49.952
48 50 0.048 49.952
25 50 0.048 49.952
34 50 0.048 49.952
25 49.952 0.16 49.792
34 49.952 0.16 49.792
46 50 0.048 49.952
28 50 0.048 49.952
9 50 0.048 49.952
47 50 0.048 49.952
5 50 0.048 49.952
12 50 0.048 49.952
23 50 0.048 49.952
36 50 0.048 49.952
4 50 0.048 49.952
31 50 0.048 49.952
40 50 0.048 49.952
48 50 0.048 49.952
46 50 0.048 49.952
28 50 0.048 49.952
9 50 0.048 49.952
47 50 0.048 49.952
5 50 0.048 49.952
12 50 0.048 49.952
23 50 0.048 49.952
36 50 0.048 49.952
4 50 0.048 49.952
31 50 0.048 49.952
4 49.952 0.16 49.792
31 49.952 0.16 49.792
40 50 0.048 49.952
48 50 0.048 49.952
46 50 0.048 49.952
28 50 0.048 49.952
46 49.952 0.16 49.792
28 49.952 0.16 49.792
9 50 0.048 49.952
47 50 0.048 49.952
5 50 0.048 49.952
12 50 0.048 49.952
23 50 0.048 49.952
36 50 0.048 49.952
40 50 0.048 49.952
48 50 0.048 49.952
9 50 0.048 49.952
47 50 0.048 49.952
5 50 0.048 49.952
12 50 0.048 49.952
23 50 0.048 49.952
36 50 0.048 49.952
40 50 0.048 49.952
48 50 0.048 49.952
9 50 0.048 49.952
47 50 0.048 49.952
5 50 0.048 49.952
12 50 0.048 49.952
23 50 0.048 49.952
36 50 0.048 49.952
40 50 0.048 49.952
48 50 0.048 49.952
9 50 0.048 49.952
47 50 0.048 49.952
5 50 0.048 49.952
12 50 0.048 49.952
36 50 0.048 49.952
40 50 0.048 49.952
48 50 0.048 49.952
9 50 0.048 49.952
47 50 0.048 49.952
5 50 0.048 49.952
12 50 0.048 49.952
23 50 0.048 49.952
36 50 0.048 49.952
40 50 0.048 49.952
48 50 0.048 49.952
9 50 0.048 49.952
47 50 0.048 49.952
5 50 0.048 49.952
12 50 0.048 49.952
23 50 0.048 49.952
36 50 0.048 49.952
40 50 0.048 49.952
48 50 0.048 49.952
9 50 0.048 49.952
47 50 0.048 49.952
5 50 0.048 49.952
12 50 0.048 49.952
23 50 0.048 49.952
36 50 0.048 49.952
40 50 0.048 49.952
48 50 0.048 49.952
9 50 0.048 49.952
47 50 0.048 49.952
5 50 0.048 49.952
12 50 0.048 49.952
23 50 0.048 49.952
36 50 0.048 49.952
40 50 0.048 49.952
48 50 0.048 49.952
9 50 0.048 49.952
47 50 0.048 49.952
5 50 0.048 49.952
12 50 0.048 49.952
23 50 0.048 49.952
36 50 0.048 49.952
40 50 0.048 49.952
48 50 0.048 49.952
9 50 0.048 49.952
39 50 0.048 49.952
47 50 0.048 49.952
5 50 0.048 49.952
12 50 0.048 49.952
23 50 0.048 49.952
36 50 0.048 49.952
40 50 0.048 49.952
48 50 0.048 49.952
9 50 0.048 49.952
39 50 0.048 49.952
47 50 0.048 49.952
5 50 0.048 49.952
12 50 0.048 49.952
23 50 0.048 49.952
36 50 0.048 49.952
40 50 0.048 49.952
48 50 0.048 49.952
9 50 0.048 49.952
39 50 0.048 49.952
47 50 0.048 49.952
5 50 0.048 49.952
12 50 0.048 49.952
23 50 0.048 49.952
36 50 0.048 49.952
40 50 0.048 49.952
48 50 0.048 49.952
9 50 0.048 49.952
39 50 0.048 49.952
47 50 0.048 49.952
5 50 0.048 49.952
12 50 0.048 49.952
23 50 0.048 49.952
36 50 0.048 49.952
40 50 0.048 49.952
48 50 0.048 49.952
9 50 0.048 49.952
39 50 0.048 49.952
47 50 0.048 49.952
5 50 0.048 49.952
12 50 0.048 49.952
23 50 0.048 49.952
36 50 0.048 49.952
40 50 0.048 49.952
48 50 0.048 49.952
9 50 0.048 49.952
39 50 0.048 49.952
47 50 0.048 49.952
9 49.952 0.16 49.792
39 49.952 0.16 49.792
47 49.952 0.16 49.792
5 50 0.048 49.952
12 50 0.048 49.952
23 50 0.048 49.952
36 50 0.048 49.952
40 50 0.048 49.952
48 50 0.048 49.952
5 50 0.048 49.952
12 50 0.048 49.952
23 50 0.048 49.952
36 50 0.048 49.952
40 50 0.048 49.952
48 50 0.048 49.952
5 50 0.048 49.952
12 50 0.048 49.952
23 50 0.048 49.952
36 50 0.048 49.952
40 50 0.048 49.952
48 50 0.048 49.952
5 50 0.048 49.952
12 50 0.048 49.952
36 50 0.048 49.952
40 50 0.048 49.952
48 50 0.048 49.952
5 50 0.048 49.952
12 50 0.048 49.952
23 50 0.048 49.952
36 50 0.048 49.952
5 49.952 0.16 49.792
12 49.952 0.16 49.792
23 49.952 0.16 49.792
36 49.952 0.16 49.792
40 50 0.048 49.952
48 50 0.048 49.952
40 50 0.048 49.952
48 50 0.048 49.952
40 50 0.048 49.952
48 50 0.048 49.952
40 50 0.048 49.952
48 50 0.048 49.952
40 49.952 0.16 49.792
48 49.952 0.16 49.792
