5 1792 0 100 0.8 2.31368 3.11368
11 1784 0 100 1.1 2.01587 3.11587
39 1815 0 100 1.16701e-08 3.33421 3.33421
26 1799 0 100 0.9 2.63875 3.53875
34 1802 0 100 0.8 2.76425 3.56425
19 1801 0 100 0.9 2.75332 3.65332
7 1806 0 100 1 2.97064 3.97064
32 1786 0 100 2.1 2.09872 4.19872
36 1787 0 100 2.1 2.11609 4.21609
14 1805 0 100 1.6 2.96164 4.56164
16 1809 0 100 1.7 3.00315 4.70315
10 1798 0 100 2.1 2.60643 4.70643
6 1844 0 100 0.2 4.81809 5.01809
3 1820 0 100 1.5 3.66483 5.16483
37 1812 0 100 2.3 3.2488 5.5488
29 1847 0 100 0.7 4.9492 5.6492
31 1796 0 100 3.8 2.53773 6.33773
15 1793 0 100 4 2.33853 6.33853
27 1790 0 100 4.1 2.26235 6.36235
38 1838 0 100 1.9 4.506 6.406
13 1783 0 100 4.5 2.00542 6.50542
18 1788 0 100 4.4 2.12332 6.52332
17 1807 0 100 3.6 2.97869 6.57869
20 1830 0 100 2.6 4.12242 6.72242
8 1846 0 100 1.8 4.92407 6.72407
21 1824 0 100 3.2 3.79824 6.99824
30 1832 0 100 2.8 4.24259 7.04259
1 1818 0 100 3.8 3.56531 7.36531
24 1822 0 100 3.6 3.77034 7.37034
23 1813 0 100 4.2 3.29025 7.49025
2 1826 0 100 3.8 3.87748 7.67748
35 1835 0 100 3.6 4.39112 7.99112
4 1848 0 100 3.4 4.95866 8.35866
12 1825 0 100 4.6 3.82264 8.42264
33 1834 0 100 4.1 4.34832 8.44832
4 1886 0 100 0.5 8.01665 8.51665
39 1859 0 100 2.7 5.83303 8.53303
33 1899 0 100 1.16701e-08 8.69229 8.69229
26 1887 0 100 0.8 8.01939 8.81939
34 1856 0 100 3.2 5.63129 8.83129
19 1888 0 100 0.9 8.06177 8.96177
7 1901 0 100 0.5 8.71296 9.21296
28 1840 0 100 4.8 4.64721 9.44721
9 1842 0 100 4.8 4.71688 9.51688
28 1896 0 100 1 8.57944 9.57944
9 1907 0 100 0.5 9.11174 9.61174
14 1893 0 100 1.5 8.37041 9.87041
10 1891 0 100 1.8 8.21639 10.0164
25 1871 0 100 3.2 6.82837 10.0284
6 1881 0 100 2.5 7.62488 10.1249
3 1877 0 100 3.1 7.29778 10.3978
37 1917 0 100 1 9.7288 10.7288
29 1905 0 100 1.9 9.04105 10.9411
27 1898 0 100 2.9 8.67641 11.5764
13 1869 0 100 4.8 6.78623 11.5862
13 1911 0 100 2.3 9.47982 11.7798
8 1914 0 100 2.3 9.67471 11.9747
30 1916 0 100 2.6 9.72732 12.3273
24 1918 0 100 2.9 9.75326 12.6533
