29 3251 2.04279
53 3253 2.13319
65 3254 2.14912
80 3255 2.14933
52 3256 2.1557
79 3258 2.22653
36 3259 2.25246
67 3261 2.28037
96 3262 2.33987
27 3263 2.37022
13 3265 2.39442
55 3266 2.41245
61 3267 2.42671
25 3268 2.45125
31 3270 2.49366
100 3271 2.52256
64 3273 2.57724
54 3274 2.59779
42 3276 2.73036
26 3278 2.79088
93 3279 2.82776
99 3280 2.8359
85 3281 2.8552
68 3282 2.8709
71 3284 2.87536
38 3285 2.88633
17 3286 2.95856
92 3288 2.9854
86 3289 2.9906
56 3290 3.00854
35 3291 3.03601
16 3292 3.0389
43 3294 3.08808
75 3295 3.11716
81 3297 3.1942
78 3298 3.22115
32 3299 3.25468
9 3300 3.26133
41 3301 3.26888
47 3303 3.28167
30 3304 3.2998
5 3305 3.32507
62 3306 3.36554
8 3308 3.42605
19 3309 3.4533
2 3311 3.47904
50 3312 3.54102
70 3314 3.61072
37 3315 3.62182
20 3318 3.77808
51 3319 3.81098
57 3321 3.89636
95 3322 3.91426
7 3323 3.9267
94 3324 3.96456
89 3325 3.97017
69 3327 3.99886
22 3328 4.01209
33 3330 4.10195
18 3331 4.14239
76 3332 4.15904
12 3334 4.17587
1 3335 4.21309
73 3336 4.21987
58 3337 4.26995
21 3339 4.27905
3 3340 4.31041
63 3342 4.37925
84 3343 4.40206
23 3344 4.44707
34 3347 4.58081
82 3348 4.58541
49 3349 4.60177
98 3350 4.62336
64 3351 4.65825
46 3352 4.66534
31 3354 4.69239
39 3355 4.70712
77 3356 4.76779
40 3359 4.88614
4 3360 4.88826
11 3361 4.89614
97 3362 4.94494
79 3366 5.207
47 3370 5.50357
38 3371 5.52905
92 3373 5.59
67 3375 5.75015
56 3380 6.17062
61 3382 6.23004
86 3384 6.35691
76 3386 6.37915
53 3387 6.41777
71 3388 6.42987
7 3389 6.46458
52 3391 6.55813
99 3393 6.63873
68 3395 6.68344
17 3396 6.71987
60 3397 6.74282
59 3398 6.76544
36 3400 6.86238
31 3402 6.91415
73 3404 7.06144
78 3406 7.10241
97 3407 7.11646
42 3409 7.19359
5 3411 7.31356
85 3413 7.41034
49 3414 7.43073
20 3415 7.46147
57 3417 7.50335
75 3418 7.5141
21 3419 7.54276
93 3421 7.61901
32 3422 7.62162
39 3424 7.68011
22 3425 7.75111
41 3428 7.90669
51 3429 7.91047
28 3430 7.9574
12 3433 8.08301
79 3434 8.13102
72 3435 8.13769
19 3437 8.19735
13 3438 8.2279
46 3440 8.29041
38 3442 8.37893
50 3443 8.40821
98 3444 8.44151
82 3446 8.56891
18 3448 8.66396
77 3453 8.98294
27 3454 8.98811
66 3455 8.99144
10 3457 9.08866
14 3458 9.15765
33 3460 9.25422
78 3462 9.36405
35 3464 9.38596
99 3465 9.45178
100 3467 9.49728
91 3468 9.5246
87 3469 9.5261
44 3471 9.63129
24 3475 9.8903
7 3476 9.90442
68 3477 9.91534
60 3478 9.95857
