27 2964 2.06555
74 2966 2.17203
42 2968 2.24218
13 2969 2.26441
5 2970 2.27432
19 2971 2.27813
61 2972 2.29097
69 2974 2.3091
30 2975 2.35409
8 2976 2.37573
54 2978 2.44209
18 2979 2.45328
57 2980 2.45557
53 2982 2.53148
34 2983 2.56749
22 2984 2.57184
51 2986 2.59625
40 2987 2.60975
2 2989 2.70483
16 2990 2.72964
1 2991 2.73543
36 2992 2.78498
75 2994 2.81477
65 2995 2.8392
44 2996 2.85977
79 2997 2.86926
37 2999 2.91515
62 3000 2.94079
81 3001 2.96493
90 3002 2.96591
23 3003 2.96604
70 3004 2.97055
33 3006 3.00835
64 3007 3.02687
73 3008 3.03781
46 3009 3.04584
52 3010 3.07684
17 3012 3.1277
85 3013 3.12965
55 3014 3.13449
28 3015 3.13755
71 3017 3.25504
68 3018 3.26215
14 3020 3.31505
58 3021 3.32228
24 3022 3.33189
59 3023 3.3372
43 3024 3.36381
10 3027 3.49569
32 3029 3.59439
66 3031 3.72813
77 3032 3.7395
78 3033 3.78881
29 3035 3.86207
48 3037 3.91546
63 3039 4.00405
45 3040 4.02749
11 3042 4.0968
86 3043 4.12832
56 3044 4.17403
12 3046 4.19661
76 3047 4.20463
41 3050 4.44067
60 3052 4.5399
9 3054 4.62036
7 3055 4.69259
15 3057 4.69534
19 3058 4.71042
3 3059 4.71191
6 3060 4.7861
47 3062 4.7968
49 3063 4.81477
84 3064 4.86331
18 3066 4.92962
72 3067 4.96775
44 3068 4.98269
36 3070 5.01887
42 3073 5.24636
33 3075 5.32686
61 3076 5.32911
8 3077 5.35011
37 3078 5.38596
43 3080 5.45292
53 3082 5.51609
82 3086 5.79314
46 3092 6.33023
59 3094 6.41645
23 3096 6.52238
77 3098 6.67487
27 3101 6.79942
12 3102 6.81288
55 3103 6.88931
74 3105 6.96093
11 3106 6.98813
51 3109 7.11035
75 3110 7.14935
17 3111 7.15425
15 3112 7.15753
24 3114 7.19612
62 3115 7.22122
56 3117 7.29471
58 3118 7.34854
3 3119 7.36789
83 3120 7.38232
81 3123 7.53308
29 3124 7.53953
36 3126 7.6233
18 3127 7.6425
6 3128 7.68622
28 3130 7.77938
52 3133 7.93199
68 3134 7.96977
32 3135 7.98311
72 3138 8.10033
65 3140 8.19979
4 3141 8.23029
76 3143 8.37177
14 3146 8.50186
26 3148 8.64604
39 3149 8.66393
90 3151 8.70608
63 3152 8.77708
30 3157 9.10274
27 3158 9.11935
79 3159 9.14831
59 3160 9.16241
1 3162 9.28228
55 3163 9.29191
77 3165 9.29292
73 3167 9.41996
10 3168 9.46759
38 3169 9.49212
35 3171 9.57781
78 3173 9.67803
25 3176 9.81221
61 3178 9.97311
89 3179 9.98611
