31 535
27 535
25 535
37 535
10 536
20 536
14 536
19 537
16 538
30 538
20 539
4 540
36 540
15 540
14 540
18 543
17 544
32 544
1 545
29 545
8 546
35 546
26 538
34 546
34 548
35 548
8 548
30 549
26 549
29 550
38 551
12 552
37 553
27 553
31 553
3 537
32 554
17 554
15 555
14 555
36 555
27 558
37 558
40 559
14 560
20 560
31 558
22 544
25 553
9 535
20 561
14 561
36 561
35 562
24 543
18 538
26 564
16 549
36 565
14 565
33 556
6 554
32 566
12 544
18 567
28 552
17 568
32 568
3 569
2 551
12 570
37 571
27 571
25 571
31 571
38 572
7 547
39 541
16 573
26 573
5 542
11 545
1 550
8 575
24 567
26 567
4 555
15 561
20 565
10 560
32 576
29 577
11 577
21 548
15 578
14 578
36 578
35 575
34 562
17 579
20 582
14 582
36 582
25 583
31 583
37 583
13 557
19 569
36 584
14 584
20 584
14 585
26 586
18 586
35 588
23 563
11 589
31 590
37 590
40 574
25 590
27 583
9 571
24 586
16 567
30 573
33 591
6 568
32 579
6 579
22 576
12 580
28 570
38 581
2 572
7 587
1 577
29 589
4 578
15 582
4 582
36 585
10 584
34 588
3 592
