10 50 0.048 49.952
5 50 0.048 49.952
21 50 0.048 49.952
5 49.952 0.16 49.792
21 49.952 0.16 49.792
21 49.792 0.048 49.744
5 49.792 0.048 49.744
10 50 0.048 49.952
25 50 0.048 49.952
11 50 0.048 49.952
25 49.952 0.16 49.792
11 49.952 0.16 49.792
11 49.792 0.048 49.744
24 50 0.048 49.952
25 49.792 0.048 49.744
11 49.744 0.16 49.584
24 49.952 0.16 49.792
24 49.792 0.048 49.744
11 49.584 0.048 49.536
25 49.744 0.16 49.584
21 49.8619 0.048 49.8139
5 50 0.048 49.952
10 50 0.048 49.952
24 50 0.048 49.952
11 49.7204 0.048 49.6724
21 50 0.048 49.952
5 50 0.048 49.952
10 50 0.048 49.952
24 50 0.048 49.952
11 49.8993 0.048 49.8513
21 50 0.048 49.952
5 50 0.048 49.952
10 50 0.048 49.952
24 50 0.048 49.952
11 50 0.048 49.952
21 50 0.048 49.952
5 50 0.048 49.952
10 50 0.048 49.952
24 50 0.048 49.952
11 50 0.048 49.952
27 50 0.048 49.952
8 50 0.048 49.952
27 49.952 0.16 49.792
8 49.952 0.16 49.792
8 49.792 0.048 49.744
27 49.792 0.048 49.744
21 50 0.048 49.952
5 50 0.048 49.952
7 50 0.048 49.952
11 49.952 0.048 49.904
24 50 0.048 49.952
25 50 0.048 49.952
11 49.904 0.16 49.744
24 49.952 0.16 49.792
25 49.952 0.16 49.792
25 49.792 0.048 49.744
11 49.744 0.048 49.696
10 50 0.048 49.952
24 49.792 0.048 49.744
11 49.9057 0.048 49.8577
8 50 0.048 49.952
27 49.8799 0.048 49.8319
21 50 0.048 49.952
5 50 0.048 49.952
4 50 0.048 49.952
7 50 0.048 49.952
13 50 0.048 49.952
7 49.952 0.16 49.792
13 49.952 0.16 49.792
13 49.792 0.048 49.744
7 49.792 0.048 49.744
25 49.8515 0.048 49.8035
11 49.8577 0.048 49.8097
23 50 0.048 49.952
23 49.952 0.16 49.792
10 50 0.048 49.952
24 49.9757 0.048 49.9277
11 50 0.048 49.952
8 50 0.048 49.952
27 50 0.048 49.952
21 50 0.048 49.952
5 50 0.048 49.952
4 50 0.048 49.952
13 49.8781 0.048 49.8301
7 49.9797 0.048 49.9317
25 50 0.048 49.952
11 49.952 0.048 49.904
25 49.952 0.16 49.792
11 49.904 0.16 49.744
10 50 0.048 49.952
24 50 0.048 49.952
11 50 0.048 49.952
8 50 0.048 49.952
27 50 0.048 49.952
21 50 0.048 49.952
5 50 0.048 49.952
4 50 0.048 49.952
13 49.9466 0.048 49.8986
7 50 0.048 49.952
10 50 0.048 49.952
24 50 0.048 49.952
11 50 0.048 49.952
8 50 0.048 49.952
27 50 0.048 49.952
21 50 0.048 49.952
5 50 0.048 49.952
4 50 0.048 49.952
13 50 0.048 49.952
7 50 0.048 49.952
12 50 0.048 49.952
6 50 0.048 49.952
22 50 0.048 49.952
6 49.952 0.16 49.792
22 49.952 0.16 49.792
22 49.792 0.048 49.744
6 49.792 0.048 49.744
10 50 0.048 49.952
24 50 0.048 49.952
11 50 0.048 49.952
24 49.952 0.16 49.792
11 49.952 0.16 49.792
8 50 0.048 49.952
27 50 0.048 49.952
21 50 0.048 49.952
5 50 0.048 49.952
4 50 0.048 49.952
13 50 0.048 49.952
7 50 0.048 49.952
12 50 0.048 49.952
16 50 0.048 49.952
22 50 0.048 49.952
6 50 0.048 49.952
10 50 0.048 49.952
8 50 0.048 49.952
27 50 0.048 49.952
21 50 0.048 49.952
5 50 0.048 49.952
4 50 0.048 49.952
13 50 0.048 49.952
7 50 0.048 49.952
12 50 0.048 49.952
16 50 0.048 49.952
22 50 0.048 49.952
6 50 0.048 49.952
29 50 0.048 49.952
14 50 0.048 49.952
29 49.952 0.16 49.792
14 49.952 0.16 49.792
14 49.792 0.048 49.744
29 49.792 0.048 49.744
10 50 0.048 49.952
18 50 0.048 49.952
2 50 0.048 49.952
18 49.952 0.16 49.792
2 49.952 0.16 49.792
2 49.792 0.048 49.744
18 49.792 0.048 49.744
8 50 0.048 49.952
27 50 0.048 49.952
21 50 0.048 49.952
5 50 0.048 49.952
4 50 0.048 49.952
13 50 0.048 49.952
7 50 0.048 49.952
12 50 0.048 49.952
16 50 0.048 49.952
22 50 0.048 49.952
6 50 0.048 49.952
14 49.8723 0.048 49.8243
29 50 0.048 49.952
17 50 0.048 49.952
15 50 0.048 49.952
17 49.952 0.16 49.792
15 49.952 0.16 49.792
15 49.792 0.048 49.744
17 49.792 0.048 49.744
10 50 0.048 49.952
10 49.952 0.16 49.792
2 49.8988 0.048 49.8508
18 49.9675 0.048 49.9195
8 50 0.048 49.952
27 50 0.048 49.952
21 50 0.048 49.952
5 50 0.048 49.952
4 50 0.048 49.952
13 50 0.048 49.952
7 50 0.048 49.952
12 50 0.048 49.952
16 50 0.048 49.952
22 50 0.048 49.952
6 50 0.048 49.952
14 50 0.048 49.952
29 50 0.048 49.952
15 49.9715 0.048 49.9235
17 49.9584 0.048 49.9104
2 50 0.048 49.952
18 50 0.048 49.952
8 50 0.048 49.952
27 50 0.048 49.952
21 50 0.048 49.952
5 50 0.048 49.952
4 50 0.048 49.952
13 50 0.048 49.952
7 50 0.048 49.952
12 50 0.048 49.952
16 50 0.048 49.952
28 50 0.048 49.952
3 50 0.048 49.952
9 50 0.048 49.952
19 50 0.048 49.952
28 49.952 0.16 49.792
3 49.952 0.16 49.792
3 49.792 0.048 49.744
9 49.952 0.048 49.904
19 49.952 0.048 49.904
28 49.792 0.048 49.744
3 49.744 0.16 49.584
9 49.904 0.16 49.744
19 49.904 0.16 49.744
9 49.744 0.16 49.584
9 49.584 0.048 49.536
3 49.584 0.048 49.536
28 49.744 0.048 49.696
19 49.744 0.16 49.584
28 49.696 0.16 49.536
22 50 0.048 49.952
6 50 0.048 49.952
14 50 0.048 49.952
29 50 0.048 49.952
15 50 0.048 49.952
17 50 0.048 49.952
2 50 0.048 49.952
18 50 0.048 49.952
19 49.7447 0.048 49.6967
3 49.7563 0.048 49.7083
20 50 0.048 49.952
28 49.536 0.048 49.488
19 49.6967 0.16 49.5367
3 49.7083 0.16 49.5483
3 49.5483 0.048 49.5003
9 49.9068 0.048 49.8588
19 49.5367 0.048 49.4887
28 49.488 0.048 49.44
3 49.5003 0.16 49.3403
20 49.952 0.16 49.792
28 49.44 0.16 49.28
9 49.8588 0.16 49.6988
19 49.4887 0.16 49.3287
28 49.28 0.16 49.12
28 49.12 0.048 49.072
3 49.3403 0.048 49.2923
9 49.6988 0.048 49.6508
19 49.3287 0.048 49.2807
8 50 0.048 49.952
27 50 0.048 49.952
21 50 0.048 49.952
5 50 0.048 49.952
4 50 0.048 49.952
13 50 0.048 49.952
7 50 0.048 49.952
12 50 0.048 49.952
16 50 0.048 49.952
9 49.6508 0.048 49.6028
28 49.4668 0.048 49.4188
22 50 0.048 49.952
6 50 0.048 49.952
14 50 0.048 49.952
29 50 0.048 49.952
15 50 0.048 49.952
17 50 0.048 49.952
2 50 0.048 49.952
18 50 0.048 49.952
28 49.4188 0.048 49.3708
3 49.626 0.048 49.578
9 49.9668 0.048 49.9188
19 49.4125 0.048 49.3645
8 50 0.048 49.952
27 50 0.048 49.952
21 50 0.048 49.952
5 50 0.048 49.952
4 50 0.048 49.952
4 49.952 0.16 49.792
13 50 0.048 49.952
7 50 0.048 49.952
12 50 0.048 49.952
16 50 0.048 49.952
9 49.9188 0.048 49.8708
28 49.7013 0.048 49.6533
22 50 0.048 49.952
6 50 0.048 49.952
26 50 0.048 49.952
14 50 0.048 49.952
29 50 0.048 49.952
15 50 0.048 49.952
17 50 0.048 49.952
2 50 0.048 49.952
18 50 0.048 49.952
28 49.6533 0.048 49.6053
3 49.8272 0.048 49.7792
19 49.7443 0.048 49.6963
8 50 0.048 49.952
27 50 0.048 49.952
21 50 0.048 49.952
5 50 0.048 49.952
13 50 0.048 49.952
7 50 0.048 49.952
12 50 0.048 49.952
16 50 0.048 49.952
9 50 0.048 49.952
22 50 0.048 49.952
6 50 0.048 49.952
26 50 0.048 49.952
14 50 0.048 49.952
29 50 0.048 49.952
15 50 0.048 49.952
17 50 0.048 49.952
2 50 0.048 49.952
18 50 0.048 49.952
28 49.845 0.048 49.797
3 50 0.048 49.952
19 50 0.048 49.952
8 50 0.048 49.952
27 50 0.048 49.952
21 50 0.048 49.952
5 50 0.048 49.952
13 50 0.048 49.952
7 50 0.048 49.952
12 50 0.048 49.952
16 50 0.048 49.952
9 50 0.048 49.952
22 50 0.048 49.952
6 50 0.048 49.952
26 50 0.048 49.952
26 49.952 0.16 49.792
14 50 0.048 49.952
29 50 0.048 49.952
15 50 0.048 49.952
17 50 0.048 49.952
2 50 0.048 49.952
18 50 0.048 49.952
28 50 0.048 49.952
3 50 0.048 49.952
19 50 0.048 49.952
8 50 0.048 49.952
27 50 0.048 49.952
21 50 0.048 49.952
5 50 0.048 49.952
13 50 0.048 49.952
7 50 0.048 49.952
12 50 0.048 49.952
16 50 0.048 49.952
9 50 0.048 49.952
28 50 0.048 49.952
22 50 0.048 49.952
6 50 0.048 49.952
20 50 0.048 49.952
22 49.952 0.16 49.792
6 49.952 0.16 49.792
20 49.952 0.16 49.792
20 49.792 0.048 49.744
22 49.792 0.048 49.744
14 50 0.048 49.952
29 50 0.048 49.952
15 50 0.048 49.952
17 50 0.048 49.952
2 50 0.048 49.952
18 50 0.048 49.952
28 49.952 0.048 49.904
3 50 0.048 49.952
9 50 0.048 49.952
19 50 0.048 49.952
8 50 0.048 49.952
27 50 0.048 49.952
21 50 0.048 49.952
5 50 0.048 49.952
13 50 0.048 49.952
7 50 0.048 49.952
12 50 0.048 49.952
16 50 0.048 49.952
9 49.952 0.048 49.904
28 50 0.048 49.952
9 49.904 0.16 49.744
28 49.952 0.16 49.792
20 50 0.048 49.952
22 50 0.048 49.952
14 50 0.048 49.952
29 50 0.048 49.952
15 50 0.048 49.952
17 50 0.048 49.952
9 50 0.048 49.952
9 49.952 0.16 49.792
2 50 0.048 49.952
18 50 0.048 49.952
28 49.792 0.048 49.744
3 50 0.048 49.952
19 50 0.048 49.952
28 49.744 0.16 49.584
3 49.952 0.16 49.792
19 49.952 0.16 49.792
8 50 0.048 49.952
27 50 0.048 49.952
21 50 0.048 49.952
5 50 0.048 49.952
13 50 0.048 49.952
7 50 0.048 49.952
12 50 0.048 49.952
16 50 0.048 49.952
20 50 0.048 49.952
22 50 0.048 49.952
14 50 0.048 49.952
29 50 0.048 49.952
15 50 0.048 49.952
17 50 0.048 49.952
2 50 0.048 49.952
18 50 0.048 49.952
8 50 0.048 49.952
27 50 0.048 49.952
21 50 0.048 49.952
5 50 0.048 49.952
13 50 0.048 49.952
7 50 0.048 49.952
12 50 0.048 49.952
16 50 0.048 49.952
20 50 0.048 49.952
22 50 0.048 49.952
14 50 0.048 49.952
29 50 0.048 49.952
15 50 0.048 49.952
17 50 0.048 49.952
2 50 0.048 49.952
18 50 0.048 49.952
8 50 0.048 49.952
27 50 0.048 49.952
21 50 0.048 49.952
5 50 0.048 49.952
13 50 0.048 49.952
7 50 0.048 49.952
12 50 0.048 49.952
16 50 0.048 49.952
20 50 0.048 49.952
22 50 0.048 49.952
20 49.952 0.16 49.792
22 49.952 0.16 49.792
14 50 0.048 49.952
29 50 0.048 49.952
15 50 0.048 49.952
17 50 0.048 49.952
3 50 0.048 49.952
19 50 0.048 49.952
28 50 0.048 49.952
3 49.952 0.16 49.792
19 49.952 0.16 49.792
19 49.792 0.048 49.744
3 49.792 0.048 49.744
28 49.952 0.048 49.904
19 49.744 0.16 49.584
28 49.904 0.16 49.744
3 49.744 0.16 49.584
28 49.744 0.16 49.584
28 49.584 0.048 49.536
3 49.584 0.048 49.536
9 50 0.048 49.952
19 49.584 0.048 49.536
28 49.536 0.16 49.376
3 49.536 0.16 49.376
9 49.952 0.16 49.792
9 49.792 0.048 49.744
28 49.376 0.048 49.328
19 49.536 0.16 49.376
2 50 0.048 49.952
18 50 0.048 49.952
8 50 0.048 49.952
27 50 0.048 49.952
21 50 0.048 49.952
5 50 0.048 49.952
13 50 0.048 49.952
7 50 0.048 49.952
12 50 0.048 49.952
16 50 0.048 49.952
14 50 0.048 49.952
29 50 0.048 49.952
15 50 0.048 49.952
17 50 0.048 49.952
30 50 0.048 49.952
9 49.9744 0.048 49.9264
2 50 0.048 49.952
18 50 0.048 49.952
8 50 0.048 49.952
27 50 0.048 49.952
21 50 0.048 49.952
5 50 0.048 49.952
13 50 0.048 49.952
7 50 0.048 49.952
12 50 0.048 49.952
16 50 0.048 49.952
14 50 0.048 49.952
29 50 0.048 49.952
15 50 0.048 49.952
17 50 0.048 49.952
30 50 0.048 49.952
9 50 0.048 49.952
3 49.8264 0.048 49.7784
2 50 0.048 49.952
18 50 0.048 49.952
8 50 0.048 49.952
27 50 0.048 49.952
21 50 0.048 49.952
5 50 0.048 49.952
13 50 0.048 49.952
7 50 0.048 49.952
1 50 0.048 49.952
12 50 0.048 49.952
16 50 0.048 49.952
14 50 0.048 49.952
29 50 0.048 49.952
15 50 0.048 49.952
17 50 0.048 49.952
30 50 0.048 49.952
9 50 0.048 49.952
3 50 0.048 49.952
2 50 0.048 49.952
18 50 0.048 49.952
8 50 0.048 49.952
27 50 0.048 49.952
21 50 0.048 49.952
5 50 0.048 49.952
13 50 0.048 49.952
7 50 0.048 49.952
11 50 0.048 49.952
24 50 0.048 49.952
25 50 0.048 49.952
11 49.952 0.16 49.792
24 49.952 0.16 49.792
24 49.792 0.048 49.744
11 49.792 0.048 49.744
25 49.952 0.16 49.792
1 50 0.048 49.952
12 50 0.048 49.952
16 50 0.048 49.952
14 50 0.048 49.952
29 50 0.048 49.952
15 50 0.048 49.952
17 50 0.048 49.952
15 49.952 0.16 49.792
17 49.952 0.16 49.792
30 50 0.048 49.952
9 50 0.048 49.952
20 50 0.048 49.952
2 50 0.048 49.952
18 50 0.048 49.952
8 50 0.048 49.952
27 50 0.048 49.952
21 50 0.048 49.952
5 50 0.048 49.952
13 50 0.048 49.952
7 50 0.048 49.952
24 49.9267 0.048 49.8787
11 50 0.048 49.952
1 50 0.048 49.952
12 50 0.048 49.952
16 50 0.048 49.952
14 50 0.048 49.952
29 50 0.048 49.952
30 50 0.048 49.952
9 50 0.048 49.952
3 50 0.048 49.952
28 50 0.048 49.952
20 50 0.048 49.952
19 50 0.048 49.952
22 50 0.048 49.952
20 49.952 0.16 49.792
19 49.952 0.16 49.792
19 49.792 0.048 49.744
3 49.952 0.048 49.904
20 49.792 0.048 49.744
28 49.952 0.048 49.904
19 49.744 0.16 49.584
22 49.952 0.16 49.792
3 49.904 0.16 49.744
3 49.744 0.048 49.696
9 49.952 0.048 49.904
19 49.584 0.048 49.536
28 49.904 0.048 49.856
3 49.696 0.16 49.536
20 49.744 0.16 49.584
28 49.856 0.16 49.696
9 49.904 0.16 49.744
19 49.536 0.16 49.376
28 49.696 0.16 49.536
28 49.536 0.048 49.488
3 49.536 0.048 49.488
9 49.744 0.048 49.696
19 49.376 0.048 49.328
2 50 0.048 49.952
18 50 0.048 49.952
8 50 0.048 49.952
27 50 0.048 49.952
21 50 0.048 49.952
5 50 0.048 49.952
13 50 0.048 49.952
7 50 0.048 49.952
24 50 0.048 49.952
11 50 0.048 49.952
1 50 0.048 49.952
7 49.952 0.048 49.904
13 49.952 0.048 49.904
12 50 0.048 49.952
16 50 0.048 49.952
14 50 0.048 49.952
29 50 0.048 49.952
30 50 0.048 49.952
9 49.9032 0.048 49.8552
28 49.6383 0.048 49.5903
3 49.7474 0.048 49.6994
19 49.5369 0.048 49.4889
2 50 0.048 49.952
18 50 0.048 49.952
8 50 0.048 49.952
27 50 0.048 49.952
21 50 0.048 49.952
5 50 0.048 49.952
13 50 0.048 49.952
7 50 0.048 49.952
24 50 0.048 49.952
11 50 0.048 49.952
1 50 0.048 49.952
7 49.952 0.048 49.904
13 49.952 0.048 49.904
12 50 0.048 49.952
16 50 0.048 49.952
14 50 0.048 49.952
29 50 0.048 49.952
30 50 0.048 49.952
9 50 0.048 49.952
28 49.8959 0.048 49.8479
3 49.951 0.048 49.903
19 49.8803 0.048 49.8323
2 50 0.048 49.952
18 50 0.048 49.952
8 50 0.048 49.952
27 50 0.048 49.952
21 50 0.048 49.952
5 50 0.048 49.952
13 50 0.048 49.952
7 50 0.048 49.952
24 50 0.048 49.952
11 50 0.048 49.952
1 50 0.048 49.952
7 49.952 0.048 49.904
13 49.952 0.048 49.904
12 50 0.048 49.952
16 50 0.048 49.952
5 49.952 0.048 49.904
21 50 0.048 49.952
14 50 0.048 49.952
29 50 0.048 49.952
30 50 0.048 49.952
9 50 0.048 49.952
3 50 0.048 49.952
28 50 0.048 49.952
3 49.952 0.048 49.904
19 50 0.048 49.952
2 50 0.048 49.952
18 50 0.048 49.952
8 50 0.048 49.952
27 50 0.048 49.952
21 49.952 0.048 49.904
5 50 0.048 49.952
13 50 0.048 49.952
7 50 0.048 49.952
24 50 0.048 49.952
11 50 0.048 49.952
1 50 0.048 49.952
7 49.952 0.048 49.904
13 49.952 0.048 49.904
12 50 0.048 49.952
16 50 0.048 49.952
5 49.952 0.048 49.904
21 50 0.048 49.952
14 50 0.048 49.952
29 50 0.048 49.952
30 50 0.048 49.952
9 50 0.048 49.952
28 50 0.048 49.952
3 50 0.048 49.952
19 50 0.048 49.952
2 50 0.048 49.952
18 50 0.048 49.952
8 50 0.048 49.952
27 50 0.048 49.952
21 49.952 0.048 49.904
5 50 0.048 49.952
13 50 0.048 49.952
7 50 0.048 49.952
13 49.952 0.16 49.792
7 49.952 0.16 49.792
24 50 0.048 49.952
11 50 0.048 49.952
1 50 0.048 49.952
7 49.792 0.048 49.744
13 49.792 0.048 49.744
7 49.744 0.16 49.584
13 49.744 0.16 49.584
13 49.584 0.048 49.536
7 49.584 0.048 49.536
13 49.536 0.16 49.376
7 49.536 0.16 49.376
12 50 0.048 49.952
16 50 0.048 49.952
5 49.952 0.048 49.904
21 50 0.048 49.952
14 50 0.048 49.952
29 50 0.048 49.952
30 50 0.048 49.952
9 50 0.048 49.952
3 50 0.048 49.952
28 50 0.048 49.952
3 49.952 0.048 49.904
19 50 0.048 49.952
2 50 0.048 49.952
18 50 0.048 49.952
8 50 0.048 49.952
27 50 0.048 49.952
21 49.952 0.048 49.904
5 50 0.048 49.952
24 50 0.048 49.952
11 50 0.048 49.952
1 50 0.048 49.952
12 50 0.048 49.952
16 50 0.048 49.952
27 50 0.048 49.952
8 49.952 0.048 49.904
5 49.952 0.048 49.904
21 50 0.048 49.952
25 50 0.048 49.952
11 49.952 0.048 49.904
25 49.952 0.16 49.792
11 49.904 0.16 49.744
11 49.744 0.048 49.696
24 50 0.048 49.952
25 49.792 0.048 49.744
14 50 0.048 49.952
29 50 0.048 49.952
30 50 0.048 49.952
9 50 0.048 49.952
3 50 0.048 49.952
28 50 0.048 49.952
3 49.952 0.048 49.904
2 50 0.048 49.952
18 50 0.048 49.952
8 50 0.048 49.952
27 49.952 0.048 49.904
21 49.952 0.048 49.904
5 50 0.048 49.952
24 49.952 0.048 49.904
11 49.9594 0.048 49.9114
1 50 0.048 49.952
12 50 0.048 49.952
16 50 0.048 49.952
27 50 0.048 49.952
8 49.952 0.048 49.904
5 49.952 0.048 49.904
21 50 0.048 49.952
11 49.9114 0.048 49.8634
24 50 0.048 49.952
25 49.9386 0.048 49.8906
14 50 0.048 49.952
29 50 0.048 49.952
30 50 0.048 49.952
10 50 0.048 49.952
9 50 0.048 49.952
3 50 0.048 49.952
28 50 0.048 49.952
3 49.952 0.048 49.904
2 50 0.048 49.952
18 50 0.048 49.952
8 50 0.048 49.952
27 49.952 0.048 49.904
21 49.952 0.048 49.904
5 50 0.048 49.952
24 49.952 0.048 49.904
11 50 0.048 49.952
1 50 0.048 49.952
12 50 0.048 49.952
16 50 0.048 49.952
27 50 0.048 49.952
8 49.952 0.048 49.904
5 49.952 0.048 49.904
21 50 0.048 49.952
11 49.952 0.048 49.904
24 50 0.048 49.952
25 50 0.048 49.952
23 50 0.048 49.952
14 50 0.048 49.952
29 50 0.048 49.952
30 50 0.048 49.952
10 50 0.048 49.952
9 50 0.048 49.952
3 50 0.048 49.952
28 50 0.048 49.952
3 49.952 0.048 49.904
19 50 0.048 49.952
2 50 0.048 49.952
18 50 0.048 49.952
8 50 0.048 49.952
27 49.952 0.048 49.904
21 49.952 0.048 49.904
5 50 0.048 49.952
6 50 0.048 49.952
22 50 0.048 49.952
6 49.952 0.16 49.792
22 49.952 0.16 49.792
22 49.792 0.048 49.744
6 49.792 0.048 49.744
20 50 0.048 49.952
22 49.744 0.16 49.584
6 49.744 0.16 49.584
20 49.952 0.16 49.792
20 49.792 0.048 49.744
19 49.952 0.048 49.904
22 49.584 0.048 49.536
20 49.744 0.16 49.584
19 49.904 0.16 49.744
19 49.744 0.048 49.696
3 49.904 0.048 49.856
20 49.584 0.048 49.536
28 49.952 0.048 49.904
19 49.696 0.16 49.536
22 49.536 0.16 49.376
3 49.856 0.16 49.696
3 49.696 0.048 49.648
9 49.952 0.048 49.904
19 49.536 0.048 49.488
28 49.904 0.048 49.856
20 49.536 0.16 49.376
28 49.856 0.16 49.696
24 49.952 0.048 49.904
11 50 0.048 49.952
1 50 0.048 49.952
1 49.952 0.16 49.792
12 50 0.048 49.952
16 50 0.048 49.952
27 50 0.048 49.952
8 49.952 0.048 49.904
5 49.952 0.048 49.904
21 50 0.048 49.952
11 49.952 0.048 49.904
24 50 0.048 49.952
25 50 0.048 49.952
23 50 0.048 49.952
14 50 0.048 49.952
29 50 0.048 49.952
30 50 0.048 49.952
10 50 0.048 49.952
9 50 0.048 49.952
3 49.9345 0.048 49.8865
28 49.8103 0.048 49.7623
3 49.8865 0.048 49.8385
19 49.6407 0.048 49.5927
2 50 0.048 49.952
18 50 0.048 49.952
8 50 0.048 49.952
27 49.952 0.048 49.904
21 49.952 0.048 49.904
5 50 0.048 49.952
3 49.8385 0.048 49.7905
9 49.952 0.048 49.904
19 49.5927 0.048 49.5447
28 49.7623 0.048 49.7143
24 49.952 0.048 49.904
11 50 0.048 49.952
12 50 0.048 49.952
16 50 0.048 49.952
27 50 0.048 49.952
8 49.952 0.048 49.904
5 49.952 0.048 49.904
21 50 0.048 49.952
11 49.952 0.048 49.904
24 50 0.048 49.952
25 50 0.048 49.952
23 50 0.048 49.952
14 50 0.048 49.952
29 50 0.048 49.952
30 50 0.048 49.952
10 50 0.048 49.952
9 50 0.048 49.952
3 49.9468 0.048 49.8988
28 50 0.048 49.952
3 49.8988 0.048 49.8508
19 49.7824 0.048 49.7344
2 50 0.048 49.952
18 50 0.048 49.952
8 50 0.048 49.952
27 49.952 0.048 49.904
21 49.952 0.048 49.904
5 50 0.048 49.952
3 49.8508 0.048 49.8028
9 49.952 0.048 49.904
19 49.7344 0.048 49.6864
28 49.952 0.048 49.904
24 49.952 0.048 49.904
11 50 0.048 49.952
12 50 0.048 49.952
16 50 0.048 49.952
27 50 0.048 49.952
8 49.952 0.048 49.904
5 49.952 0.048 49.904
21 50 0.048 49.952
11 49.952 0.048 49.904
24 50 0.048 49.952
25 50 0.048 49.952
23 50 0.048 49.952
14 50 0.048 49.952
29 50 0.048 49.952
30 50 0.048 49.952
10 50 0.048 49.952
9 50 0.048 49.952
3 50 0.048 49.952
28 50 0.048 49.952
3 49.952 0.048 49.904
19 50 0.048 49.952
2 50 0.048 49.952
18 50 0.048 49.952
8 50 0.048 49.952
27 49.952 0.048 49.904
21 49.952 0.048 49.904
5 50 0.048 49.952
3 49.904 0.048 49.856
9 49.952 0.048 49.904
19 49.952 0.048 49.904
28 49.952 0.048 49.904
24 49.952 0.048 49.904
11 50 0.048 49.952
12 50 0.048 49.952
16 50 0.048 49.952
27 50 0.048 49.952
8 49.952 0.048 49.904
5 49.952 0.048 49.904
21 50 0.048 49.952
11 49.952 0.048 49.904
24 50 0.048 49.952
25 50 0.048 49.952
23 50 0.048 49.952
14 50 0.048 49.952
29 50 0.048 49.952
30 50 0.048 49.952
10 50 0.048 49.952
9 50 0.048 49.952
3 50 0.048 49.952
28 50 0.048 49.952
3 49.952 0.048 49.904
19 50 0.048 49.952
2 50 0.048 49.952
18 50 0.048 49.952
8 50 0.048 49.952
27 49.952 0.048 49.904
21 49.952 0.048 49.904
5 50 0.048 49.952
3 49.904 0.048 49.856
9 49.952 0.048 49.904
19 49.952 0.048 49.904
28 49.952 0.048 49.904
24 49.952 0.048 49.904
11 50 0.048 49.952
12 50 0.048 49.952
16 50 0.048 49.952
27 50 0.048 49.952
8 49.952 0.048 49.904
5 49.952 0.048 49.904
21 50 0.048 49.952
11 49.952 0.048 49.904
24 50 0.048 49.952
25 50 0.048 49.952
23 50 0.048 49.952
14 50 0.048 49.952
29 50 0.048 49.952
30 50 0.048 49.952
10 50 0.048 49.952
9 50 0.048 49.952
28 50 0.048 49.952
3 50 0.048 49.952
19 50 0.048 49.952
2 50 0.048 49.952
18 50 0.048 49.952
8 50 0.048 49.952
27 49.952 0.048 49.904
21 49.952 0.048 49.904
5 50 0.048 49.952
3 49.952 0.048 49.904
19 49.952 0.048 49.904
28 49.952 0.048 49.904
24 49.952 0.048 49.904
11 50 0.048 49.952
12 50 0.048 49.952
16 50 0.048 49.952
27 50 0.048 49.952
8 49.952 0.048 49.904
5 49.952 0.048 49.904
21 50 0.048 49.952
11 49.952 0.048 49.904
24 50 0.048 49.952
23 50 0.048 49.952
14 50 0.048 49.952
29 50 0.048 49.952
14 49.952 0.16 49.792
29 49.952 0.16 49.792
30 50 0.048 49.952
10 50 0.048 49.952
9 50 0.048 49.952
28 50 0.048 49.952
28 49.952 0.048 49.904
3 50 0.048 49.952
9 49.952 0.048 49.904
19 50 0.048 49.952
2 50 0.048 49.952
18 50 0.048 49.952
8 50 0.048 49.952
27 49.952 0.048 49.904
21 49.952 0.048 49.904
5 50 0.048 49.952
3 49.952 0.048 49.904
19 49.952 0.048 49.904
28 49.904 0.048 49.856
24 49.952 0.048 49.904
11 50 0.048 49.952
12 50 0.048 49.952
12 49.952 0.16 49.792
16 50 0.048 49.952
27 50 0.048 49.952
8 49.952 0.048 49.904
5 49.952 0.048 49.904
21 50 0.048 49.952
11 49.952 0.048 49.904
24 50 0.048 49.952
23 50 0.048 49.952
30 50 0.048 49.952
10 50 0.048 49.952
9 50 0.048 49.952
28 49.9767 0.048 49.9287
28 49.9287 0.048 49.8807
3 50 0.048 49.952
9 49.952 0.048 49.904
19 50 0.048 49.952
4 50 0.048 49.952
2 50 0.048 49.952
18 50 0.048 49.952
8 50 0.048 49.952
27 49.952 0.048 49.904
21 49.952 0.048 49.904
5 50 0.048 49.952
3 49.952 0.048 49.904
19 49.952 0.048 49.904
28 49.8807 0.048 49.8327
24 49.952 0.048 49.904
11 50 0.048 49.952
16 50 0.048 49.952
27 50 0.048 49.952
8 49.952 0.048 49.904
5 49.952 0.048 49.904
21 50 0.048 49.952
11 49.952 0.048 49.904
24 50 0.048 49.952
23 50 0.048 49.952
30 50 0.048 49.952
10 50 0.048 49.952
9 50 0.048 49.952
28 49.9472 0.048 49.8992
3 50 0.048 49.952
19 50 0.048 49.952
4 50 0.048 49.952
2 50 0.048 49.952
18 50 0.048 49.952
8 50 0.048 49.952
27 49.952 0.048 49.904
21 49.952 0.048 49.904
5 50 0.048 49.952
3 49.952 0.048 49.904
19 49.952 0.048 49.904
28 49.8992 0.048 49.8512
24 49.952 0.048 49.904
11 50 0.048 49.952
16 50 0.048 49.952
27 50 0.048 49.952
8 49.952 0.048 49.904
5 49.952 0.048 49.904
21 50 0.048 49.952
11 49.952 0.048 49.904
24 50 0.048 49.952
23 50 0.048 49.952
30 50 0.048 49.952
10 50 0.048 49.952
9 50 0.048 49.952
28 50 0.048 49.952
3 50 0.048 49.952
19 50 0.048 49.952
4 50 0.048 49.952
2 50 0.048 49.952
18 50 0.048 49.952
8 50 0.048 49.952
27 49.952 0.048 49.904
21 49.952 0.048 49.904
5 50 0.048 49.952
3 49.952 0.048 49.904
19 49.952 0.048 49.904
28 49.952 0.048 49.904
24 49.952 0.048 49.904
11 50 0.048 49.952
16 50 0.048 49.952
27 50 0.048 49.952
8 49.952 0.048 49.904
5 49.952 0.048 49.904
21 50 0.048 49.952
11 49.952 0.048 49.904
24 50 0.048 49.952
23 50 0.048 49.952
30 50 0.048 49.952
10 50 0.048 49.952
9 50 0.048 49.952
28 50 0.048 49.952
3 50 0.048 49.952
19 50 0.048 49.952
4 50 0.048 49.952
18 50 0.048 49.952
2 50 0.048 49.952
2 49.952 0.048 49.904
18 49.952 0.048 49.904
8 50 0.048 49.952
27 49.952 0.048 49.904
21 49.952 0.048 49.904
5 50 0.048 49.952
21 49.904 0.16 49.744
5 49.952 0.16 49.792
3 49.952 0.048 49.904
19 49.952 0.048 49.904
28 49.952 0.048 49.904
24 49.952 0.048 49.904
11 50 0.048 49.952
16 50 0.048 49.952
27 50 0.048 49.952
8 49.952 0.048 49.904
5 49.792 0.048 49.744
21 49.9466 0.048 49.8986
5 49.744 0.16 49.584
21 49.8986 0.16 49.7386
11 49.952 0.048 49.904
24 50 0.048 49.952
23 50 0.048 49.952
30 50 0.048 49.952
10 50 0.048 49.952
9 50 0.048 49.952
28 50 0.048 49.952
3 50 0.048 49.952
19 50 0.048 49.952
4 50 0.048 49.952
18 50 0.048 49.952
2 50 0.048 49.952
2 49.952 0.048 49.904
18 49.952 0.048 49.904
8 50 0.048 49.952
27 49.952 0.048 49.904
3 49.952 0.048 49.904
19 49.952 0.048 49.904
28 49.952 0.048 49.904
24 49.952 0.048 49.904
11 50 0.048 49.952
16 50 0.048 49.952
27 50 0.048 49.952
8 49.952 0.048 49.904
11 49.952 0.048 49.904
24 50 0.048 49.952
23 50 0.048 49.952
30 50 0.048 49.952
10 50 0.048 49.952
9 50 0.048 49.952
28 50 0.048 49.952
3 50 0.048 49.952
19 50 0.048 49.952
4 50 0.048 49.952
18 50 0.048 49.952
2 50 0.048 49.952
2 49.952 0.048 49.904
18 49.952 0.048 49.904
8 50 0.048 49.952
27 49.952 0.048 49.904
3 49.952 0.048 49.904
19 49.952 0.048 49.904
28 49.952 0.048 49.904
24 49.952 0.048 49.904
11 50 0.048 49.952
16 50 0.048 49.952
16 49.952 0.16 49.792
27 50 0.048 49.952
8 49.952 0.048 49.904
11 49.952 0.048 49.904
24 50 0.048 49.952
23 50 0.048 49.952
30 50 0.048 49.952
10 50 0.048 49.952
9 50 0.048 49.952
28 50 0.048 49.952
3 50 0.048 49.952
19 50 0.048 49.952
4 50 0.048 49.952
18 50 0.048 49.952
2 50 0.048 49.952
2 49.952 0.048 49.904
18 49.952 0.048 49.904
8 50 0.048 49.952
27 49.952 0.048 49.904
3 49.952 0.048 49.904
19 49.952 0.048 49.904
28 49.952 0.048 49.904
24 49.952 0.048 49.904
11 50 0.048 49.952
27 50 0.048 49.952
8 49.952 0.048 49.904
11 49.952 0.048 49.904
24 50 0.048 49.952
23 50 0.048 49.952
30 50 0.048 49.952
10 50 0.048 49.952
9 50 0.048 49.952
28 50 0.048 49.952
3 50 0.048 49.952
19 50 0.048 49.952
4 50 0.048 49.952
18 50 0.048 49.952
2 50 0.048 49.952
26 50 0.048 49.952
2 49.952 0.048 49.904
18 49.952 0.048 49.904
8 50 0.048 49.952
27 49.952 0.048 49.904
3 49.952 0.048 49.904
19 49.952 0.048 49.904
28 49.952 0.048 49.904
24 49.952 0.048 49.904
11 50 0.048 49.952
27 50 0.048 49.952
8 49.952 0.048 49.904
11 49.952 0.048 49.904
24 50 0.048 49.952
23 50 0.048 49.952
15 50 0.048 49.952
17 50 0.048 49.952
15 49.952 0.16 49.792
17 49.952 0.16 49.792
17 49.792 0.048 49.744
15 49.792 0.048 49.744
30 50 0.048 49.952
10 50 0.048 49.952
9 50 0.048 49.952
28 50 0.048 49.952
3 50 0.048 49.952
19 50 0.048 49.952
19 49.952 0.048 49.904
3 49.952 0.048 49.904
28 49.952 0.048 49.904
4 50 0.048 49.952
18 50 0.048 49.952
2 50 0.048 49.952
26 50 0.048 49.952
2 49.952 0.048 49.904
18 49.952 0.048 49.904
8 50 0.048 49.952
27 49.952 0.048 49.904
3 49.904 0.048 49.856
19 49.904 0.048 49.856
28 49.904 0.048 49.856
24 49.952 0.048 49.904
11 50 0.048 49.952
27 50 0.048 49.952
8 49.952 0.048 49.904
27 49.952 0.16 49.792
8 49.904 0.16 49.744
11 49.952 0.048 49.904
24 50 0.048 49.952
23 50 0.048 49.952
17 49.9112 0.048 49.8632
15 50 0.048 49.952
30 50 0.048 49.952
10 50 0.048 49.952
9 50 0.048 49.952
28 50 0.048 49.952
3 50 0.048 49.952
19 50 0.048 49.952
19 49.952 0.048 49.904
3 49.952 0.048 49.904
28 49.952 0.048 49.904
4 50 0.048 49.952
18 50 0.048 49.952
2 50 0.048 49.952
26 50 0.048 49.952
2 49.952 0.048 49.904
18 49.952 0.048 49.904
8 49.9137 0.048 49.8657
27 49.792 0.048 49.744
8 49.8657 0.16 49.7057
27 49.744 0.16 49.584
3 49.904 0.048 49.856
19 49.904 0.048 49.856
28 49.904 0.048 49.856
24 49.952 0.048 49.904
11 50 0.048 49.952
11 49.952 0.048 49.904
24 50 0.048 49.952
23 50 0.048 49.952
17 50 0.048 49.952
15 50 0.048 49.952
30 50 0.048 49.952
10 50 0.048 49.952
9 50 0.048 49.952
28 50 0.048 49.952
3 50 0.048 49.952
19 49.9677 0.048 49.9197
19 49.9197 0.048 49.8717
3 49.952 0.048 49.904
28 49.952 0.048 49.904
4 50 0.048 49.952
18 50 0.048 49.952
2 50 0.048 49.952
26 50 0.048 49.952
2 49.952 0.048 49.904
18 49.952 0.048 49.904
3 49.904 0.048 49.856
19 49.8717 0.048 49.8237
28 49.904 0.048 49.856
24 49.952 0.048 49.904
11 50 0.048 49.952
11 49.952 0.048 49.904
24 50 0.048 49.952
23 50 0.048 49.952
17 50 0.048 49.952
15 50 0.048 49.952
30 50 0.048 49.952
10 50 0.048 49.952
9 50 0.048 49.952
28 50 0.048 49.952
3 50 0.048 49.952
19 49.9238 0.048 49.8758
19 49.8758 0.048 49.8278
3 49.952 0.048 49.904
28 49.952 0.048 49.904
4 50 0.048 49.952
18 50 0.048 49.952
2 50 0.048 49.952
26 50 0.048 49.952
2 49.952 0.048 49.904
18 49.952 0.048 49.904
3 49.904 0.048 49.856
19 49.8278 0.048 49.7798
28 49.904 0.048 49.856
24 49.952 0.048 49.904
11 50 0.048 49.952
11 49.952 0.048 49.904
24 50 0.048 49.952
23 50 0.048 49.952
17 50 0.048 49.952
15 50 0.048 49.952
30 50 0.048 49.952
10 50 0.048 49.952
9 50 0.048 49.952
3 50 0.048 49.952
28 50 0.048 49.952
3 49.952 0.048 49.904
19 50 0.048 49.952
19 49.952 0.048 49.904
3 49.904 0.048 49.856
20 50 0.048 49.952
28 49.952 0.048 49.904
19 49.904 0.16 49.744
3 49.856 0.16 49.696
20 49.952 0.16 49.792
20 49.792 0.048 49.744
19 49.744 0.048 49.696
22 50 0.048 49.952
20 49.744 0.16 49.584
28 49.904 0.16 49.744
19 49.696 0.16 49.536
22 49.952 0.16 49.792
22 49.792 0.048 49.744
6 50 0.048 49.952
20 49.584 0.048 49.536
22 49.744 0.16 49.584
6 49.952 0.16 49.792
6 49.792 0.048 49.744
22 49.584 0.048 49.536
20 49.536 0.16 49.376
4 50 0.048 49.952
18 50 0.048 49.952
2 50 0.048 49.952
18 49.952 0.16 49.792
2 49.952 0.16 49.792
26 50 0.048 49.952
29 50 0.048 49.952
14 50 0.048 49.952
29 49.952 0.16 49.792
14 49.952 0.16 49.792
14 49.792 0.048 49.744
29 49.792 0.048 49.744
2 49.792 0.048 49.744
18 49.792 0.048 49.744
2 49.744 0.16 49.584
18 49.744 0.16 49.584
3 49.696 0.048 49.648
9 49.952 0.048 49.904
19 49.536 0.048 49.488
28 49.744 0.048 49.696
24 49.952 0.048 49.904
11 50 0.048 49.952
13 50 0.048 49.952
7 50 0.048 49.952
13 49.952 0.16 49.792
7 49.952 0.16 49.792
7 49.792 0.048 49.744
13 49.792 0.048 49.744
11 49.952 0.048 49.904
24 50 0.048 49.952
23 50 0.048 49.952
17 50 0.048 49.952
15 50 0.048 49.952
30 50 0.048 49.952
10 50 0.048 49.952
9 50 0.048 49.952
3 49.9792 0.048 49.9312
28 49.9825 0.048 49.9345
3 49.9312 0.048 49.8832
19 49.6103 0.048 49.5623
6 50 0.048 49.952
22 49.8078 0.048 49.7598
4 50 0.048 49.952
26 50 0.048 49.952
14 50 0.048 49.952
29 49.9522 0.048 49.9042
3 49.8832 0.048 49.8352
9 49.952 0.048 49.904
19 49.5623 0.048 49.5143
28 49.9345 0.048 49.8865
24 49.952 0.048 49.904
11 50 0.048 49.952
7 49.9915 0.048 49.9435
11 49.952 0.048 49.904
24 50 0.048 49.952
23 50 0.048 49.952
23 49.952 0.16 49.792
17 50 0.048 49.952
15 50 0.048 49.952
30 50 0.048 49.952
10 50 0.048 49.952
9 50 0.048 49.952
3 50 0.048 49.952
28 50 0.048 49.952
28 49.952 0.048 49.904
3 49.952 0.048 49.904
9 49.952 0.048 49.904
19 49.6884 0.048 49.6404
6 50 0.048 49.952
22 50 0.048 49.952
4 50 0.048 49.952
26 50 0.048 49.952
14 50 0.048 49.952
29 50 0.048 49.952
3 49.904 0.048 49.856
9 49.904 0.048 49.856
19 49.6404 0.048 49.5924
28 49.904 0.048 49.856
24 49.952 0.048 49.904
11 50 0.048 49.952
7 50 0.048 49.952
13 50 0.048 49.952
11 49.952 0.048 49.904
24 50 0.048 49.952
17 50 0.048 49.952
15 50 0.048 49.952
30 50 0.048 49.952
10 50 0.048 49.952
9 50 0.048 49.952
3 50 0.048 49.952
28 50 0.048 49.952
28 49.952 0.048 49.904
3 49.952 0.048 49.904
9 49.952 0.048 49.904
19 49.7794 0.048 49.7314
6 50 0.048 49.952
22 50 0.048 49.952
4 50 0.048 49.952
26 50 0.048 49.952
14 50 0.048 49.952
29 50 0.048 49.952
3 49.904 0.048 49.856
9 49.904 0.048 49.856
19 49.7314 0.048 49.6834
28 49.904 0.048 49.856
24 49.952 0.048 49.904
11 50 0.048 49.952
7 50 0.048 49.952
13 50 0.048 49.952
11 49.952 0.048 49.904
24 50 0.048 49.952
17 50 0.048 49.952
15 50 0.048 49.952
30 50 0.048 49.952
10 50 0.048 49.952
9 50 0.048 49.952
3 50 0.048 49.952
28 50 0.048 49.952
28 49.952 0.048 49.904
3 49.952 0.048 49.904
9 49.952 0.048 49.904
6 50 0.048 49.952
22 50 0.048 49.952
4 50 0.048 49.952
26 50 0.048 49.952
14 50 0.048 49.952
29 50 0.048 49.952
3 49.904 0.048 49.856
9 49.904 0.048 49.856
19 50 0.048 49.952
28 49.904 0.048 49.856
24 49.952 0.048 49.904
11 50 0.048 49.952
7 50 0.048 49.952
11 49.952 0.048 49.904
24 50 0.048 49.952
17 50 0.048 49.952
15 50 0.048 49.952
30 50 0.048 49.952
22 50 0.048 49.952
6 50 0.048 49.952
20 50 0.048 49.952
22 49.952 0.16 49.792
6 49.952 0.16 49.792
20 49.952 0.16 49.792
20 49.792 0.048 49.744
22 49.792 0.048 49.744
10 50 0.048 49.952
9 50 0.048 49.952
3 50 0.048 49.952
28 50 0.048 49.952
28 49.952 0.048 49.904
3 49.952 0.048 49.904
9 49.952 0.048 49.904
19 50 0.048 49.952
6 49.792 0.048 49.744
22 49.744 0.048 49.696
4 50 0.048 49.952
26 50 0.048 49.952
14 50 0.048 49.952
29 50 0.048 49.952
3 49.904 0.048 49.856
9 49.904 0.048 49.856
28 49.904 0.048 49.856
24 49.952 0.048 49.904
11 50 0.048 49.952
7 50 0.048 49.952
13 50 0.048 49.952
11 49.952 0.048 49.904
24 50 0.048 49.952
11 49.904 0.16 49.744
24 49.952 0.16 49.792
17 50 0.048 49.952
15 50 0.048 49.952
30 50 0.048 49.952
20 49.9828 0.048 49.9348
22 49.9882 0.048 49.9402
10 50 0.048 49.952
9 50 0.048 49.952
3 49.9889 0.048 49.9409
28 50 0.048 49.952
28 49.952 0.048 49.904
3 49.9409 0.048 49.8929
9 49.952 0.048 49.904
19 50 0.048 49.952
6 50 0.048 49.952
22 49.9402 0.048 49.8922
4 50 0.048 49.952
26 50 0.048 49.952
14 50 0.048 49.952
29 50 0.048 49.952
3 49.8929 0.048 49.8449
9 49.904 0.048 49.856
28 49.904 0.048 49.856
24 49.792 0.048 49.744
11 50 0.048 49.952
24 49.744 0.16 49.584
11 49.952 0.16 49.792
7 50 0.048 49.952
13 50 0.048 49.952
17 50 0.048 49.952
15 50 0.048 49.952
30 50 0.048 49.952
20 50 0.048 49.952
22 50 0.048 49.952
10 50 0.048 49.952
9 50 0.048 49.952
3 50 0.048 49.952
28 50 0.048 49.952
28 49.952 0.048 49.904
3 49.952 0.048 49.904
9 49.952 0.048 49.904
19 50 0.048 49.952
6 50 0.048 49.952
22 49.952 0.048 49.904
4 50 0.048 49.952
26 50 0.048 49.952
14 50 0.048 49.952
29 50 0.048 49.952
3 49.904 0.048 49.856
9 49.904 0.048 49.856
28 49.904 0.048 49.856
7 50 0.048 49.952
13 50 0.048 49.952
17 50 0.048 49.952
15 50 0.048 49.952
30 50 0.048 49.952
20 50 0.048 49.952
22 50 0.048 49.952
10 50 0.048 49.952
9 49.9666 0.048 49.9186
3 50 0.048 49.952
28 50 0.048 49.952
28 49.952 0.048 49.904
3 49.952 0.048 49.904
9 49.9186 0.048 49.8706
19 50 0.048 49.952
6 50 0.048 49.952
22 49.952 0.048 49.904
4 50 0.048 49.952
26 50 0.048 49.952
14 50 0.048 49.952
29 50 0.048 49.952
3 49.904 0.048 49.856
9 49.8706 0.048 49.8226
28 49.904 0.048 49.856
7 50 0.048 49.952
13 50 0.048 49.952
17 50 0.048 49.952
15 50 0.048 49.952
30 50 0.048 49.952
20 50 0.048 49.952
22 50 0.048 49.952
10 50 0.048 49.952
9 50 0.048 49.952
3 50 0.048 49.952
28 50 0.048 49.952
28 49.952 0.048 49.904
3 49.952 0.048 49.904
9 49.952 0.048 49.904
19 50 0.048 49.952
6 50 0.048 49.952
22 49.952 0.048 49.904
4 50 0.048 49.952
26 50 0.048 49.952
14 50 0.048 49.952
29 50 0.048 49.952
3 49.904 0.048 49.856
9 49.904 0.048 49.856
19 49.952 0.048 49.904
28 49.904 0.048 49.856
7 50 0.048 49.952
13 50 0.048 49.952
17 50 0.048 49.952
15 50 0.048 49.952
30 50 0.048 49.952
20 50 0.048 49.952
22 50 0.048 49.952
10 50 0.048 49.952
10 49.952 0.16 49.792
9 50 0.048 49.952
3 50 0.048 49.952
28 50 0.048 49.952
28 49.952 0.048 49.904
3 49.952 0.048 49.904
9 49.952 0.048 49.904
19 50 0.048 49.952
6 50 0.048 49.952
22 49.952 0.048 49.904
4 50 0.048 49.952
26 50 0.048 49.952
14 50 0.048 49.952
29 50 0.048 49.952
3 49.904 0.048 49.856
9 49.904 0.048 49.856
19 49.952 0.048 49.904
28 49.904 0.048 49.856
7 50 0.048 49.952
13 50 0.048 49.952
17 50 0.048 49.952
15 50 0.048 49.952
30 50 0.048 49.952
30 49.952 0.16 49.792
20 50 0.048 49.952
22 50 0.048 49.952
9 50 0.048 49.952
3 50 0.048 49.952
28 50 0.048 49.952
28 49.952 0.048 49.904
3 49.952 0.048 49.904
9 49.952 0.048 49.904
19 50 0.048 49.952
6 50 0.048 49.952
22 49.952 0.048 49.904
4 50 0.048 49.952
26 50 0.048 49.952
14 50 0.048 49.952
29 50 0.048 49.952
3 49.904 0.048 49.856
9 49.904 0.048 49.856
19 49.952 0.048 49.904
28 49.904 0.048 49.856
7 50 0.048 49.952
13 50 0.048 49.952
17 50 0.048 49.952
15 50 0.048 49.952
20 50 0.048 49.952
22 50 0.048 49.952
9 50 0.048 49.952
3 50 0.048 49.952
28 49.978 0.048 49.93
28 49.93 0.048 49.882
3 49.952 0.048 49.904
9 49.952 0.048 49.904
19 50 0.048 49.952
6 50 0.048 49.952
22 49.952 0.048 49.904
4 50 0.048 49.952
26 50 0.048 49.952
14 50 0.048 49.952
29 50 0.048 49.952
3 49.904 0.048 49.856
9 49.904 0.048 49.856
19 49.952 0.048 49.904
28 49.882 0.048 49.834
7 50 0.048 49.952
13 50 0.048 49.952
17 50 0.048 49.952
15 50 0.048 49.952
12 50 0.048 49.952
20 50 0.048 49.952
22 50 0.048 49.952
9 50 0.048 49.952
3 50 0.048 49.952
28 49.9918 0.048 49.9438
28 49.9438 0.048 49.8958
3 49.952 0.048 49.904
9 49.952 0.048 49.904
19 50 0.048 49.952
6 50 0.048 49.952
22 49.952 0.048 49.904
4 50 0.048 49.952
4 49.952 0.16 49.792
26 50 0.048 49.952
14 50 0.048 49.952
29 50 0.048 49.952
3 49.904 0.048 49.856
9 49.904 0.048 49.856
19 49.952 0.048 49.904
28 49.8958 0.048 49.8478
7 50 0.048 49.952
13 50 0.048 49.952
17 50 0.048 49.952
15 50 0.048 49.952
12 50 0.048 49.952
20 50 0.048 49.952
22 50 0.048 49.952
9 50 0.048 49.952
3 50 0.048 49.952
28 49.9478 0.048 49.8998
28 49.8998 0.048 49.8518
3 49.952 0.048 49.904
9 49.952 0.048 49.904
19 50 0.048 49.952
6 50 0.048 49.952
22 49.952 0.048 49.904
26 50 0.048 49.952
14 50 0.048 49.952
29 50 0.048 49.952
3 49.904 0.048 49.856
9 49.904 0.048 49.856
19 49.952 0.048 49.904
28 49.8518 0.048 49.8038
7 50 0.048 49.952
13 50 0.048 49.952
17 50 0.048 49.952
15 50 0.048 49.952
12 50 0.048 49.952
20 50 0.048 49.952
22 50 0.048 49.952
9 50 0.048 49.952
3 50 0.048 49.952
28 50 0.048 49.952
28 49.952 0.048 49.904
3 49.952 0.048 49.904
9 49.952 0.048 49.904
19 50 0.048 49.952
6 50 0.048 49.952
22 49.952 0.048 49.904
1 50 0.048 49.952
26 50 0.048 49.952
26 49.952 0.16 49.792
14 50 0.048 49.952
29 50 0.048 49.952
3 49.904 0.048 49.856
9 49.904 0.048 49.856
19 49.952 0.048 49.904
28 49.904 0.048 49.856
7 50 0.048 49.952
13 50 0.048 49.952
17 50 0.048 49.952
15 50 0.048 49.952
12 50 0.048 49.952
20 50 0.048 49.952
22 50 0.048 49.952
9 50 0.048 49.952
3 49.9734 0.048 49.9254
28 50 0.048 49.952
28 49.952 0.048 49.904
3 49.9254 0.048 49.8774
9 49.952 0.048 49.904
19 50 0.048 49.952
6 50 0.048 49.952
22 49.952 0.048 49.904
1 50 0.048 49.952
14 50 0.048 49.952
29 50 0.048 49.952
3 49.8774 0.048 49.8294
9 49.904 0.048 49.856
19 49.952 0.048 49.904
28 49.904 0.048 49.856
7 50 0.048 49.952
13 50 0.048 49.952
11 50 0.048 49.952
24 50 0.048 49.952
11 49.952 0.16 49.792
24 49.952 0.16 49.792
24 49.792 0.048 49.744
11 49.792 0.048 49.744
17 50 0.048 49.952
15 50 0.048 49.952
12 50 0.048 49.952
20 50 0.048 49.952
22 50 0.048 49.952
9 50 0.048 49.952
3 49.9383 0.048 49.8903
28 49.9824 0.048 49.9344
9 49.952 0.16 49.792
3 49.8903 0.16 49.7303
28 49.9344 0.16 49.7744
28 49.7744 0.048 49.7264
3 49.7303 0.048 49.6823
9 49.792 0.048 49.744
19 50 0.048 49.952
28 49.7264 0.16 49.5664
3 49.6823 0.16 49.5223
9 49.744 0.16 49.584
9 49.584 0.048 49.536
3 49.5223 0.048 49.4743
28 49.5664 0.048 49.5184
9 49.536 0.16 49.376
19 49.952 0.16 49.792
3 49.4743 0.16 49.3143
28 49.5184 0.16 49.3584
6 50 0.048 49.952
22 49.952 0.048 49.904
1 50 0.048 49.952
14 50 0.048 49.952
29 50 0.048 49.952
3 49.3143 0.048 49.2663
9 49.376 0.048 49.328
19 49.792 0.048 49.744
28 49.3584 0.048 49.3104
3 49.2663 0.16 49.1063
9 49.328 0.16 49.168
9 49.168 0.048 49.12
3 49.1063 0.048 49.0583
28 49.3104 0.048 49.2624
9 49.12 0.16 48.96
19 49.744 0.16 49.584
28 49.2624 0.16 49.1024
3 49.0583 0.16 48.8983
28 49.1024 0.16 48.9424
7 50 0.048 49.952
13 50 0.048 49.952
24 49.936 0.048 49.888
11 50 0.048 49.952
17 50 0.048 49.952
15 50 0.048 49.952
12 50 0.048 49.952
20 50 0.048 49.952
22 50 0.048 49.952
6 50 0.048 49.952
22 49.952 0.048 49.904
1 50 0.048 49.952
14 50 0.048 49.952
29 50 0.048 49.952
21 50 0.048 49.952
5 50 0.048 49.952
21 49.952 0.16 49.792
5 49.952 0.16 49.792
5 49.792 0.048 49.744
21 49.792 0.048 49.744
7 50 0.048 49.952
13 50 0.048 49.952
24 50 0.048 49.952
11 50 0.048 49.952
17 50 0.048 49.952
15 50 0.048 49.952
12 50 0.048 49.952
20 50 0.048 49.952
22 50 0.048 49.952
6 50 0.048 49.952
22 49.952 0.048 49.904
1 50 0.048 49.952
14 50 0.048 49.952
29 50 0.048 49.952
5 49.9126 0.048 49.8646
21 49.9014 0.048 49.8534
7 50 0.048 49.952
13 50 0.048 49.952
24 50 0.048 49.952
11 50 0.048 49.952
17 50 0.048 49.952
15 50 0.048 49.952
12 50 0.048 49.952
20 50 0.048 49.952
22 50 0.048 49.952
20 49.952 0.16 49.792
22 49.952 0.16 49.792
6 50 0.048 49.952
22 49.792 0.048 49.744
1 50 0.048 49.952
14 50 0.048 49.952
29 50 0.048 49.952
5 50 0.048 49.952
21 50 0.048 49.952
7 50 0.048 49.952
13 50 0.048 49.952
24 50 0.048 49.952
11 50 0.048 49.952
17 50 0.048 49.952
15 50 0.048 49.952
12 50 0.048 49.952
6 50 0.048 49.952
22 50 0.048 49.952
6 49.952 0.16 49.792
22 49.952 0.16 49.792
1 50 0.048 49.952
14 50 0.048 49.952
29 50 0.048 49.952
27 50 0.048 49.952
8 50 0.048 49.952
27 49.952 0.16 49.792
8 49.952 0.16 49.792
8 49.792 0.048 49.744
27 49.792 0.048 49.744
5 50 0.048 49.952
21 50 0.048 49.952
7 50 0.048 49.952
13 50 0.048 49.952
24 50 0.048 49.952
11 50 0.048 49.952
17 50 0.048 49.952
15 50 0.048 49.952
12 50 0.048 49.952
1 50 0.048 49.952
14 50 0.048 49.952
29 50 0.048 49.952
8 49.9446 0.048 49.8966
27 49.8556 0.048 49.8076
5 50 0.048 49.952
21 50 0.048 49.952
7 50 0.048 49.952
13 50 0.048 49.952
24 50 0.048 49.952
11 50 0.048 49.952
17 50 0.048 49.952
15 50 0.048 49.952
12 50 0.048 49.952
1 50 0.048 49.952
14 50 0.048 49.952
29 50 0.048 49.952
8 50 0.048 49.952
27 50 0.048 49.952
5 50 0.048 49.952
21 50 0.048 49.952
7 50 0.048 49.952
13 50 0.048 49.952
24 50 0.048 49.952
11 50 0.048 49.952
17 50 0.048 49.952
15 50 0.048 49.952
12 50 0.048 49.952
1 50 0.048 49.952
14 50 0.048 49.952
29 50 0.048 49.952
8 50 0.048 49.952
27 50 0.048 49.952
5 50 0.048 49.952
21 50 0.048 49.952
7 50 0.048 49.952
13 50 0.048 49.952
24 50 0.048 49.952
11 50 0.048 49.952
17 50 0.048 49.952
15 50 0.048 49.952
17 49.952 0.16 49.792
15 49.952 0.16 49.792
12 50 0.048 49.952
1 50 0.048 49.952
14 50 0.048 49.952
29 50 0.048 49.952
8 50 0.048 49.952
27 50 0.048 49.952
5 50 0.048 49.952
21 50 0.048 49.952
7 50 0.048 49.952
13 50 0.048 49.952
24 50 0.048 49.952
11 50 0.048 49.952
12 50 0.048 49.952
1 50 0.048 49.952
14 50 0.048 49.952
29 50 0.048 49.952
8 50 0.048 49.952
27 50 0.048 49.952
5 50 0.048 49.952
21 50 0.048 49.952
7 50 0.048 49.952
13 50 0.048 49.952
24 50 0.048 49.952
11 50 0.048 49.952
12 50 0.048 49.952
1 50 0.048 49.952
14 50 0.048 49.952
29 50 0.048 49.952
8 50 0.048 49.952
27 50 0.048 49.952
5 50 0.048 49.952
21 50 0.048 49.952
7 50 0.048 49.952
13 50 0.048 49.952
24 50 0.048 49.952
11 50 0.048 49.952
12 50 0.048 49.952
1 50 0.048 49.952
14 50 0.048 49.952
29 50 0.048 49.952
8 50 0.048 49.952
27 50 0.048 49.952
5 50 0.048 49.952
21 50 0.048 49.952
7 50 0.048 49.952
13 50 0.048 49.952
24 50 0.048 49.952
11 50 0.048 49.952
12 50 0.048 49.952
1 50 0.048 49.952
14 50 0.048 49.952
29 50 0.048 49.952
8 50 0.048 49.952
27 50 0.048 49.952
5 50 0.048 49.952
21 50 0.048 49.952
7 50 0.048 49.952
13 50 0.048 49.952
24 50 0.048 49.952
11 50 0.048 49.952
12 50 0.048 49.952
1 50 0.048 49.952
14 50 0.048 49.952
29 50 0.048 49.952
8 50 0.048 49.952
27 50 0.048 49.952
5 50 0.048 49.952
21 50 0.048 49.952
7 50 0.048 49.952
13 50 0.048 49.952
7 49.952 0.16 49.792
13 49.952 0.16 49.792
24 50 0.048 49.952
11 50 0.048 49.952
12 50 0.048 49.952
1 50 0.048 49.952
14 50 0.048 49.952
29 50 0.048 49.952
8 50 0.048 49.952
27 50 0.048 49.952
5 50 0.048 49.952
21 50 0.048 49.952
24 50 0.048 49.952
11 50 0.048 49.952
12 50 0.048 49.952
1 50 0.048 49.952
14 50 0.048 49.952
29 50 0.048 49.952
8 50 0.048 49.952
27 50 0.048 49.952
5 50 0.048 49.952
21 50 0.048 49.952
24 50 0.048 49.952
11 50 0.048 49.952
12 50 0.048 49.952
1 50 0.048 49.952
14 50 0.048 49.952
29 50 0.048 49.952
8 50 0.048 49.952
27 50 0.048 49.952
5 50 0.048 49.952
21 50 0.048 49.952
24 50 0.048 49.952
11 50 0.048 49.952
12 50 0.048 49.952
1 50 0.048 49.952
1 49.952 0.16 49.792
14 50 0.048 49.952
29 50 0.048 49.952
8 50 0.048 49.952
27 50 0.048 49.952
5 50 0.048 49.952
21 50 0.048 49.952
24 50 0.048 49.952
11 50 0.048 49.952
12 50 0.048 49.952
14 50 0.048 49.952
29 50 0.048 49.952
8 50 0.048 49.952
27 50 0.048 49.952
5 50 0.048 49.952
21 50 0.048 49.952
24 50 0.048 49.952
11 50 0.048 49.952
12 50 0.048 49.952
14 50 0.048 49.952
29 50 0.048 49.952
8 50 0.048 49.952
27 50 0.048 49.952
5 50 0.048 49.952
21 50 0.048 49.952
24 50 0.048 49.952
11 50 0.048 49.952
12 50 0.048 49.952
14 50 0.048 49.952
29 50 0.048 49.952
8 50 0.048 49.952
27 50 0.048 49.952
5 50 0.048 49.952
21 50 0.048 49.952
24 50 0.048 49.952
11 50 0.048 49.952
12 50 0.048 49.952
14 50 0.048 49.952
29 50 0.048 49.952
8 50 0.048 49.952
27 50 0.048 49.952
5 50 0.048 49.952
21 50 0.048 49.952
24 50 0.048 49.952
11 50 0.048 49.952
12 50 0.048 49.952
14 50 0.048 49.952
29 50 0.048 49.952
14 49.952 0.16 49.792
29 49.952 0.16 49.792
8 50 0.048 49.952
27 50 0.048 49.952
5 50 0.048 49.952
21 50 0.048 49.952
24 50 0.048 49.952
11 50 0.048 49.952
12 50 0.048 49.952
8 50 0.048 49.952
27 50 0.048 49.952
5 50 0.048 49.952
21 50 0.048 49.952
24 50 0.048 49.952
11 50 0.048 49.952
12 50 0.048 49.952
12 49.952 0.16 49.792
8 50 0.048 49.952
27 50 0.048 49.952
5 50 0.048 49.952
21 50 0.048 49.952
24 50 0.048 49.952
11 50 0.048 49.952
8 50 0.048 49.952
27 50 0.048 49.952
5 50 0.048 49.952
21 50 0.048 49.952
24 50 0.048 49.952
11 50 0.048 49.952
8 50 0.048 49.952
27 50 0.048 49.952
5 50 0.048 49.952
21 50 0.048 49.952
24 50 0.048 49.952
11 50 0.048 49.952
8 50 0.048 49.952
27 50 0.048 49.952
5 50 0.048 49.952
21 50 0.048 49.952
5 49.952 0.16 49.792
21 49.952 0.16 49.792
24 50 0.048 49.952
11 50 0.048 49.952
8 50 0.048 49.952
27 50 0.048 49.952
24 50 0.048 49.952
11 50 0.048 49.952
8 50 0.048 49.952
27 50 0.048 49.952
24 50 0.048 49.952
11 50 0.048 49.952
8 50 0.048 49.952
27 50 0.048 49.952
24 50 0.048 49.952
11 50 0.048 49.952
8 50 0.048 49.952
27 50 0.048 49.952
24 50 0.048 49.952
11 50 0.048 49.952
8 50 0.048 49.952
27 50 0.048 49.952
8 49.952 0.16 49.792
27 49.952 0.16 49.792
24 50 0.048 49.952
11 50 0.048 49.952
24 50 0.048 49.952
11 50 0.048 49.952
24 50 0.048 49.952
11 50 0.048 49.952
24 50 0.048 49.952
11 50 0.048 49.952
24 50 0.048 49.952
11 50 0.048 49.952
24 50 0.048 49.952
11 50 0.048 49.952
24 50 0.048 49.952
11 50 0.048 49.952
24 50 0.048 49.952
11 50 0.048 49.952
24 50 0.048 49.952
24 50 0.048 49.952
24 50 0.048 49.952
24 49.952 0.16 49.792
