14 0.8 0.048 0.752
2 0.8 0.048 0.752
14 0.752 0.048 0.704
14 0.704 0.16 0.544
2 0.752 0.16 0.592
2 0.592 0.016 0.576
14 0.544 0.016 0.528
2 0.576 0.048 0.528
14 0.528 0.048 0.48
1 0.8 0.048 0.752
2 0.8 0.048 0.752
14 0.8 0.048 0.752
5 0.8 0.048 0.752
10 0.8 0.048 0.752
4 0.8 0.048 0.752
3 0.8 0.048 0.752
1 0.8 0.048 0.752
2 0.8 0.048 0.752
14 0.8 0.048 0.752
5 0.8 0.048 0.752
10 0.8 0.048 0.752
8 0.8 0.048 0.752
4 0.8 0.048 0.752
3 0.8 0.048 0.752
1 0.8 0.048 0.752
2 0.8 0.048 0.752
14 0.8 0.048 0.752
5 0.8 0.048 0.752
10 0.8 0.048 0.752
19 0.8 0.048 0.752
7 0.8 0.048 0.752
17 0.8 0.048 0.752
19 0.752 0.096 0.656
19 0.656 0.16 0.496
7 0.752 0.16 0.592
7 0.592 0.016 0.576
19 0.496 0.016 0.48
7 0.576 0.048 0.528
17 0.752 0.048 0.704
19 0.48 0.048 0.432
7 0.528 0.048 0.48
7 0.48 0.16 0.32
17 0.704 0.16 0.544
17 0.544 0.16 0.384
19 0.432 0.16 0.272
17 0.384 0.048 0.336
7 0.392898 0.048 0.344898
19 0.272 0.048 0.224
8 0.8 0.048 0.752
8 0.752 0.048 0.704
8 0.704 0.16 0.544
8 0.544 0.016 0.528
11 0.8 0.048 0.752
4 0.8 0.048 0.752
3 0.8 0.048 0.752
1 0.8 0.048 0.752
15 0.8 0.048 0.752
2 0.8 0.048 0.752
14 0.8 0.048 0.752
5 0.8 0.048 0.752
14 0.8 0.048 0.752
2 0.752 0.048 0.704
10 0.8 0.048 0.752
17 0.719174 0.048 0.671174
7 0.726627 0.048 0.678627
19 0.594712 0.048 0.546712
17 0.671174 0.048 0.623174
17 0.623174 0.16 0.463174
7 0.678627 0.16 0.518627
19 0.546712 0.16 0.386712
11 0.8 0.048 0.752
4 0.8 0.048 0.752
3 0.8 0.048 0.752
1 0.8 0.048 0.752
15 0.8 0.048 0.752
2 0.8 0.048 0.752
14 0.8 0.048 0.752
6 0.8 0.048 0.752
5 0.8 0.048 0.752
14 0.8 0.048 0.752
2 0.752 0.048 0.704
10 0.8 0.048 0.752
9 0.8 0.048 0.752
11 0.8 0.048 0.752
18 0.8 0.048 0.752
4 0.8 0.048 0.752
3 0.8 0.048 0.752
13 0.8 0.048 0.752
12 0.8 0.048 0.752
13 0.752 0.048 0.704
13 0.704 0.16 0.544
12 0.752 0.16 0.592
12 0.592 0.016 0.576
13 0.544 0.016 0.528
12 0.576 0.048 0.528
13 0.528 0.048 0.48
1 0.8 0.048 0.752
15 0.8 0.048 0.752
15 0.752 0.048 0.704
15 0.704 0.16 0.544
15 0.544 0.016 0.528
2 0.8 0.048 0.752
14 0.8 0.048 0.752
6 0.8 0.048 0.752
5 0.8 0.048 0.752
14 0.8 0.048 0.752
2 0.752 0.048 0.704
10 0.8 0.048 0.752
10 0.752 0.048 0.704
10 0.704 0.16 0.544
10 0.544 0.016 0.528
9 0.8 0.048 0.752
11 0.8 0.048 0.752
18 0.8 0.048 0.752
4 0.8 0.048 0.752
3 0.8 0.048 0.752
20 0.8 0.048 0.752
12 0.8 0.048 0.752
13 0.8 0.048 0.752
1 0.8 0.048 0.752
2 0.8 0.048 0.752
14 0.8 0.048 0.752
16 0.8 0.048 0.752
6 0.8 0.048 0.752
5 0.8 0.048 0.752
14 0.8 0.048 0.752
2 0.752 0.048 0.704
9 0.8 0.048 0.752
11 0.8 0.048 0.752
18 0.8 0.048 0.752
4 0.8 0.048 0.752
3 0.8 0.048 0.752
20 0.8 0.048 0.752
12 0.8 0.048 0.752
13 0.8 0.048 0.752
1 0.8 0.048 0.752
2 0.8 0.048 0.752
14 0.8 0.048 0.752
16 0.8 0.048 0.752
6 0.8 0.048 0.752
5 0.8 0.048 0.752
14 0.8 0.048 0.752
2 0.752 0.048 0.704
9 0.8 0.048 0.752
11 0.8 0.048 0.752
11 0.752 0.048 0.704
11 0.704 0.16 0.544
11 0.544 0.016 0.528
18 0.8 0.048 0.752
4 0.8 0.048 0.752
3 0.8 0.048 0.752
20 0.8 0.048 0.752
12 0.8 0.048 0.752
13 0.8 0.048 0.752
1 0.8 0.048 0.752
2 0.8 0.048 0.752
14 0.8 0.048 0.752
16 0.8 0.048 0.752
6 0.8 0.048 0.752
5 0.8 0.048 0.752
14 0.8 0.048 0.752
2 0.752 0.048 0.704
9 0.8 0.048 0.752
18 0.8 0.048 0.752
4 0.8 0.048 0.752
3 0.8 0.048 0.752
20 0.8 0.048 0.752
12 0.8 0.048 0.752
13 0.8 0.048 0.752
1 0.8 0.048 0.752
2 0.8 0.048 0.752
14 0.8 0.048 0.752
2 0.752 0.048 0.704
2 0.704 0.16 0.544
2 0.544 0.016 0.528
14 0.752 0.16 0.592
16 0.8 0.048 0.752
6 0.8 0.048 0.752
6 0.752 0.048 0.704
6 0.704 0.16 0.544
6 0.544 0.016 0.528
5 0.8 0.048 0.752
14 0.665441 0.048 0.617441
2 0.528 0.048 0.48
14 0.617441 0.048 0.569441
14 0.569441 0.16 0.409441
14 0.409441 0.016 0.393441
2 0.48 0.16 0.32
9 0.8 0.048 0.752
18 0.8 0.048 0.752
4 0.8 0.048 0.752
8 0.8 0.048 0.752
3 0.8 0.048 0.752
20 0.8 0.048 0.752
12 0.8 0.048 0.752
13 0.8 0.048 0.752
1 0.8 0.048 0.752
16 0.8 0.048 0.752
5 0.8 0.048 0.752
9 0.8 0.048 0.752
18 0.8 0.048 0.752
4 0.8 0.048 0.752
8 0.8 0.048 0.752
3 0.8 0.048 0.752
20 0.8 0.048 0.752
12 0.8 0.048 0.752
13 0.8 0.048 0.752
1 0.8 0.048 0.752
16 0.8 0.048 0.752
16 0.752 0.048 0.704
16 0.704 0.16 0.544
16 0.544 0.016 0.528
5 0.8 0.048 0.752
9 0.8 0.048 0.752
19 0.8 0.048 0.752
7 0.8 0.048 0.752
17 0.8 0.048 0.752
18 0.8 0.048 0.752
4 0.8 0.048 0.752
8 0.8 0.048 0.752
3 0.8 0.048 0.752
20 0.8 0.048 0.752
12 0.8 0.048 0.752
13 0.8 0.048 0.752
1 0.8 0.048 0.752
15 0.8 0.048 0.752
5 0.8 0.048 0.752
5 0.752 0.048 0.704
5 0.704 0.16 0.544
5 0.544 0.016 0.528
9 0.8 0.048 0.752
19 0.8 0.048 0.752
7 0.8 0.048 0.752
17 0.8 0.048 0.752
18 0.8 0.048 0.752
18 0.752 0.048 0.704
18 0.704 0.16 0.544
18 0.544 0.016 0.528
4 0.8 0.048 0.752
8 0.8 0.048 0.752
3 0.8 0.048 0.752
20 0.8 0.048 0.752
12 0.8 0.048 0.752
13 0.8 0.048 0.752
1 0.8 0.048 0.752
15 0.8 0.048 0.752
9 0.8 0.048 0.752
19 0.8 0.048 0.752
7 0.8 0.048 0.752
17 0.8 0.048 0.752
4 0.8 0.048 0.752
8 0.8 0.048 0.752
3 0.8 0.048 0.752
20 0.8 0.048 0.752
20 0.752 0.048 0.704
20 0.704 0.16 0.544
20 0.544 0.016 0.528
13 0.8 0.048 0.752
12 0.8 0.048 0.752
12 0.752 0.048 0.704
13 0.752 0.048 0.704
1 0.8 0.048 0.752
15 0.8 0.048 0.752
2 0.8 0.048 0.752
14 0.8 0.048 0.752
2 0.752 0.048 0.704
2 0.704 0.16 0.544
14 0.752 0.16 0.592
14 0.592 0.016 0.576
2 0.544 0.016 0.528
14 0.576 0.048 0.528
2 0.528 0.048 0.48
11 0.8 0.048 0.752
9 0.8 0.048 0.752
10 0.8 0.048 0.752
19 0.8 0.048 0.752
7 0.8 0.048 0.752
17 0.8 0.048 0.752
4 0.8 0.048 0.752
8 0.8 0.048 0.752
3 0.8 0.048 0.752
13 0.8 0.048 0.752
12 0.8 0.048 0.752
12 0.752 0.048 0.704
13 0.752 0.048 0.704
1 0.8 0.048 0.752
6 0.8 0.048 0.752
15 0.8 0.048 0.752
14 0.8 0.048 0.752
2 0.8 0.048 0.752
11 0.8 0.048 0.752
9 0.8 0.048 0.752
10 0.8 0.048 0.752
19 0.8 0.048 0.752
7 0.8 0.048 0.752
17 0.8 0.048 0.752
4 0.8 0.048 0.752
8 0.8 0.048 0.752
3 0.8 0.048 0.752
13 0.8 0.048 0.752
12 0.8 0.048 0.752
12 0.752 0.048 0.704
13 0.752 0.048 0.704
1 0.8 0.048 0.752
16 0.8 0.048 0.752
6 0.8 0.048 0.752
15 0.8 0.048 0.752
14 0.8 0.048 0.752
2 0.8 0.048 0.752
11 0.8 0.048 0.752
9 0.8 0.048 0.752
10 0.8 0.048 0.752
19 0.8 0.048 0.752
7 0.8 0.048 0.752
17 0.8 0.048 0.752
4 0.8 0.048 0.752
8 0.8 0.048 0.752
3 0.8 0.048 0.752
13 0.8 0.048 0.752
12 0.8 0.048 0.752
12 0.752 0.048 0.704
13 0.752 0.048 0.704
1 0.8 0.048 0.752
16 0.8 0.048 0.752
6 0.8 0.048 0.752
14 0.8 0.048 0.752
15 0.8 0.048 0.752
14 0.752 0.048 0.704
2 0.8 0.048 0.752
6 0.8 0.048 0.752
11 0.8 0.048 0.752
9 0.8 0.048 0.752
9 0.752 0.048 0.704
9 0.704 0.16 0.544
9 0.544 0.016 0.528
10 0.8 0.048 0.752
19 0.8 0.048 0.752
7 0.8 0.048 0.752
17 0.8 0.048 0.752
4 0.8 0.048 0.752
8 0.8 0.048 0.752
3 0.8 0.048 0.752
13 0.8 0.048 0.752
12 0.8 0.048 0.752
12 0.752 0.048 0.704
13 0.752 0.048 0.704
1 0.8 0.048 0.752
16 0.8 0.048 0.752
6 0.8 0.048 0.752
15 0.8 0.048 0.752
14 0.8 0.048 0.752
2 0.8 0.048 0.752
11 0.8 0.048 0.752
10 0.8 0.048 0.752
19 0.8 0.048 0.752
7 0.8 0.048 0.752
17 0.8 0.048 0.752
4 0.8 0.048 0.752
8 0.8 0.048 0.752
3 0.8 0.048 0.752
13 0.8 0.048 0.752
12 0.8 0.048 0.752
12 0.752 0.048 0.704
13 0.752 0.048 0.704
1 0.8 0.048 0.752
16 0.8 0.048 0.752
6 0.8 0.048 0.752
14 0.8 0.048 0.752
15 0.8 0.048 0.752
14 0.752 0.048 0.704
2 0.8 0.048 0.752
6 0.8 0.048 0.752
11 0.8 0.048 0.752
10 0.8 0.048 0.752
19 0.8 0.048 0.752
7 0.8 0.048 0.752
17 0.8 0.048 0.752
4 0.8 0.048 0.752
8 0.8 0.048 0.752
3 0.8 0.048 0.752
13 0.8 0.048 0.752
12 0.8 0.048 0.752
12 0.752 0.048 0.704
13 0.752 0.048 0.704
1 0.8 0.048 0.752
16 0.8 0.048 0.752
6 0.8 0.048 0.752
15 0.8 0.048 0.752
14 0.8 0.048 0.752
2 0.8 0.048 0.752
11 0.8 0.048 0.752
10 0.8 0.048 0.752
19 0.8 0.048 0.752
7 0.8 0.048 0.752
17 0.8 0.048 0.752
4 0.8 0.048 0.752
8 0.8 0.048 0.752
3 0.8 0.048 0.752
13 0.8 0.048 0.752
12 0.8 0.048 0.752
12 0.752 0.048 0.704
13 0.752 0.048 0.704
1 0.8 0.048 0.752
16 0.8 0.048 0.752
6 0.8 0.048 0.752
14 0.8 0.048 0.752
15 0.8 0.048 0.752
14 0.752 0.048 0.704
2 0.8 0.048 0.752
11 0.8 0.048 0.752
10 0.8 0.048 0.752
19 0.8 0.048 0.752
7 0.8 0.048 0.752
17 0.8 0.048 0.752
4 0.8 0.048 0.752
8 0.8 0.048 0.752
3 0.8 0.048 0.752
13 0.8 0.048 0.752
12 0.8 0.048 0.752
12 0.752 0.048 0.704
13 0.752 0.048 0.704
1 0.8 0.048 0.752
16 0.8 0.048 0.752
6 0.8 0.048 0.752
15 0.8 0.048 0.752
14 0.8 0.048 0.752
2 0.8 0.048 0.752
11 0.8 0.048 0.752
10 0.8 0.048 0.752
19 0.8 0.048 0.752
7 0.8 0.048 0.752
17 0.8 0.048 0.752
4 0.8 0.048 0.752
8 0.8 0.048 0.752
3 0.8 0.048 0.752
13 0.8 0.048 0.752
12 0.8 0.048 0.752
12 0.752 0.048 0.704
13 0.752 0.048 0.704
1 0.8 0.048 0.752
16 0.8 0.048 0.752
6 0.8 0.048 0.752
15 0.8 0.048 0.752
14 0.8 0.048 0.752
2 0.8 0.048 0.752
11 0.8 0.048 0.752
10 0.8 0.048 0.752
19 0.8 0.048 0.752
7 0.8 0.048 0.752
17 0.8 0.048 0.752
4 0.8 0.048 0.752
8 0.8 0.048 0.752
8 0.752 0.048 0.704
8 0.704 0.16 0.544
8 0.544 0.016 0.528
3 0.8 0.048 0.752
13 0.8 0.048 0.752
12 0.8 0.048 0.752
12 0.752 0.048 0.704
13 0.752 0.048 0.704
1 0.8 0.048 0.752
16 0.8 0.048 0.752
6 0.8 0.048 0.752
15 0.8 0.048 0.752
14 0.8 0.048 0.752
2 0.8 0.048 0.752
11 0.8 0.048 0.752
10 0.8 0.048 0.752
19 0.8 0.048 0.752
7 0.8 0.048 0.752
17 0.8 0.048 0.752
4 0.8 0.048 0.752
3 0.8 0.048 0.752
13 0.8 0.048 0.752
12 0.8 0.048 0.752
13 0.752 0.048 0.704
13 0.704 0.16 0.544
13 0.544 0.016 0.528
12 0.752 0.16 0.592
12 0.592 0.048 0.544
13 0.528 0.048 0.48
12 0.544 0.048 0.496
12 0.496 0.16 0.336
12 0.336 0.016 0.32
13 0.48 0.16 0.32
1 0.8 0.048 0.752
16 0.8 0.048 0.752
6 0.8 0.048 0.752
15 0.8 0.048 0.752
14 0.8 0.048 0.752
2 0.8 0.048 0.752
11 0.8 0.048 0.752
10 0.8 0.048 0.752
19 0.8 0.048 0.752
7 0.8 0.048 0.752
17 0.8 0.048 0.752
19 0.752 0.048 0.704
19 0.704 0.16 0.544
19 0.544 0.016 0.528
7 0.752 0.16 0.592
17 0.752 0.16 0.592
4 0.8 0.048 0.752
3 0.8 0.048 0.752
1 0.8 0.048 0.752
16 0.8 0.048 0.752
6 0.8 0.048 0.752
15 0.8 0.048 0.752
15 0.752 0.048 0.704
15 0.704 0.16 0.544
15 0.544 0.016 0.528
14 0.8 0.048 0.752
2 0.8 0.048 0.752
11 0.8 0.048 0.752
10 0.8 0.048 0.752
10 0.752 0.048 0.704
10 0.704 0.16 0.544
10 0.544 0.016 0.528
4 0.8 0.048 0.752
3 0.8 0.048 0.752
1 0.8 0.048 0.752
16 0.8 0.048 0.752
6 0.8 0.048 0.752
