27 570
18 570
43 571
4 571
22 572
44 573
48 573
19 575
32 575
35 576
24 577
21 577
46 571
12 574
6 580
33 580
8 581
36 581
25 582
13 583
34 583
45 584
21 584
4 585
30 586
17 586
9 587
16 587
7 572
42 572
47 572
5 589
22 590
49 576
19 591
38 592
28 593
26 594
37 594
30 594
1 595
2 571
41 596
14 591
2 597
43 597
10 598
37 599
40 582
49 582
23 601
20 578
4 602
42 603
22 603
11 594
15 604
45 604
24 605
29 592
27 601
9 606
49 607
40 607
26 608
50 596
41 609
6 610
40 611
23 612
30 614
8 571
46 585
2 615
38 616
1 613
25 607
7 590
42 610
26 619
39 579
41 620
10 608
40 621
30 619
9 618
19 606
29 616
13 601
27 612
31 588
8 615
44 600
3 595
25 621
35 582
49 611
