17 105 1.1377
30 106 1.14129
36 107 1.34956
24 108 1.3805
38 109 1.42945
18 110 1.43331
33 111 1.46951
40 112 1.55076
44 113 1.59349
22 114 1.67274
27 115 1.72196
2 116 1.85695
39 117 1.90355
28 118 2.18316
3 119 2.38951
50 120 2.38978
10 121 2.68288
49 122 2.76264
37 123 2.83035
23 124 2.90701
35 125 3.13705
42 126 3.37311
45 127 3.42807
27 128 3.82204
34 129 3.88885
32 130 4.08747
41 131 4.18992
43 132 4.87395
39 133 5.04147
23 134 5.72976
40 135 5.79051
33 136 6.14459
2 137 6.18993
37 138 6.62361
30 139 6.98761
49 140 7.04332
45 141 7.9377
27 142 8.08286
34 143 8.17444
43 144 9.3192
49 145 9.47886
40 146 9.63665
39 147 9.88359
