0 2950
0 2951
0 2952
0 2953
0 2954
0 2955
0 2956
0 2957
0 2958
0 2959
97 2960
90 2960
25 2962
0 2963
0 2965
14 2967
0 2968
93 2970
72 2970
0 2973
99 2974
64 2974
0 2977
96 2978
0 2981
0 2983
0 2988
42 2989
22 2990
0 2992
86 2994
26 2994
41 2994
14 2994
0 2996
21 2998
0 2999
0 3003
73 3004
17 3006
0 3007
31 3009
92 3010
0 3011
83 2993
87 2975
0 3012
0 3014
49 3015
0 3017
41 3005
20 3021
0 3022
5 3008
19 2970
99 2970
71 2972
85 3023
68 3023
0 3024
44 2976
80 2995
67 2995
0 3027
28 3028
0 3029
34 3000
0 3030
72 2986
9 3019
97 3034
0 3035
46 3037
38 3009
0 3039
62 2994
0 3042
8 2980
4 3044
23 2961
0 3045
37 3002
10 2964
0 3049
65 2984
0 3052
61 3038
0 3055
84 2994
0 3057
33 3058
0 3059
14 3048
0 3061
40 3062
96 3062
89 3034
0 3063
95 3036
60 3064
0 3065
81 3025
55 3026
74 3070
0 3071
78 2998
0 3072
66 3047
0 3075
82 3032
0 3078
56 3008
93 3080
0 3081
21 3068
16 3083
0 3085
0 3087
35 3060
0 3088
0 3089
47 2969
70 3010
0 3091
42 3092
39 2974
0 3093
12 3086
76 2997
0 3095
11 2982
0 3096
92 3076
19 2986
0 3098
51 2971
72 3080
13 2991
0 3100
64 3040
0 3104
36 3013
79 3043
0 3106
89 3074
2 3016
0 3107
52 3006
0 3108
61 3109
57 3023
0 3111
26 3041
0 3112
72 3113
19 3113
92 3113
0 3114
62 3048
17 3048
49 3115
0 3116
24 3031
18 2985
59 3033
45 2987
0 3119
1 3054
0 3120
0 3121
0 3122
90 3001
0 3123
32 3018
29 3020
67 3051
0 3124
80 3125
0 3126
7 3056
20 3103
0 3127
30 2978
0 3128
40 3115
0 3131
0 3132
93 3133
72 3133
19 3133
92 3133
0 3134
86 3102
28 3083
0 3136
83 3094
0 3138
0 3139
3 3050
0 3140
34 3099
0 3141
79 3142
96 3069
0 3144
81 3145
0 3146
31 3002
0 3149
63 2966
10 3097
0 3151
23 3110
0 3153
46 3070
0 3154
65 3105
0 3155
0 3156
0 3158
1 3159
61 3152
0 3161
50 3066
16 3163
0 3165
78 3086
18 3166
100 2960
12 3145
0 3167
55 3148
0 3169
0 3171
69 2989
0 3173
66 3092
0 3175
56 3137
0 3176
48 3046
0 3177
0 3178
5 2969
0 3179
0 3180
0 3181
47 3130
0 3182
39 3150
0 3183
11 3133
92 3160
0 3184
0 3185
70 3113
0 3186
0 3187
42 3170
0 3188
0 3189
36 3143
68 3084
0 3190
0 3191
52 3147
0 3192
0 3193
0 3194
14 3041
0 3195
8 2997
26 3166
0 3196
0 3197
0 3198
0 3199
67 3163
27 2995
0 3200
73 3028
0 3201
0 3202
75 3021
0 3203
94 3053
6 3079
0 3204
40 3174
0 3205
0 3206
0 3207
87 3062
0 3208
53 3037
0 3209
3 3070
0 3210
54 2979
0 3211
43 3073
0 3212
0 3213
45 3159
9 3090
0 3214
74 3162
46 3162
77 3067
37 3135
0 3215
63 2997
0 3216
0 3217
0 3218
76 3109
0 3219
58 3082
0 3220
0 3221
0 3222
0 3223
0 3224
97 3101
12 3082
0 3225
