14 514
28 514
18 516
29 517
36 518
3 519
32 520
30 521
13 522
2 522
31 522
8 524
22 524
19 525
37 527
26 529
9 526
25 526
39 521
27 530
31 531
2 531
12 532
40 532
17 533
11 518
39 534
33 533
24 533
29 539
15 515
33 538
17 538
16 540
5 535
35 541
23 542
38 542
6 537
2 543
8 545
31 543
20 522
14 547
3 549
17 546
31 551
18 539
29 552
27 540
16 555
33 546
39 553
36 544
2 556
11 515
15 550
23 547
8 560
14 557
17 561
35 562
12 541
6 559
20 551
31 556
34 536
32 548
7 520
1 523
10 530
27 555
37 533
30 534
24 538
33 561
11 550
9 545
5 554
