58 146 1.0102
43 147 1.02388
20 148 1.16214
34 149 1.42989
51 150 1.46329
53 151 1.48507
44 152 1.53991
36 153 1.56724
50 154 1.60384
27 155 1.61993
30 156 1.81833
15 157 1.84666
31 158 2.00711
41 159 2.22473
25 160 2.2614
17 161 2.47131
40 162 2.5135
14 163 2.54704
57 164 2.70998
9 165 2.7144
7 166 2.91832
24 167 3.09766
8 168 3.2606
58 169 3.38492
49 170 3.56506
59 171 3.81527
43 172 3.87025
44 173 4.10711
55 174 4.66535
32 175 4.79979
47 176 4.89101
57 177 5.21606
27 178 5.64971
31 179 5.76874
20 180 5.80262
9 181 6.13504
7 182 6.37583
43 183 6.75612
49 184 7.12867
40 185 7.30621
8 186 7.37989
1 187 7.675
58 188 7.69383
59 189 8.41335
55 190 8.58845
50 191 9.23066
40 192 9.43169
47 193 9.82392
9 194 9.91733
