1 2211 1.03203
70 2214 1.18547
21 2215 1.24077
2 2217 1.33226
24 2218 1.34023
46 2220 1.35783
8 2221 1.37734
5 2222 1.38426
39 2224 1.52606
10 2226 1.6455
47 2228 1.73103
38 2230 1.77786
60 2233 2.00073
37 2234 2.00096
16 2235 2.01012
9 2237 2.04956
13 2238 2.0884
69 2240 2.16525
26 2241 2.17851
14 2243 2.29273
6 2244 2.30181
66 2245 2.30795
25 2247 2.36678
57 2248 2.39733
68 2249 2.41038
20 2251 2.5445
55 2253 2.5989
54 2256 2.75274
53 2258 2.9389
33 2260 3.01289
67 2261 3.038
12 2263 3.07262
36 2264 3.12269
27 2266 3.17486
22 2268 3.32099
19 2271 3.50053
40 2272 3.507
70 2273 3.52438
56 2275 3.56972
42 2276 3.60762
62 2278 3.65276
65 2279 3.6754
45 2281 3.75953
18 2282 3.8022
17 2283 3.81619
64 2284 3.82973
7 2287 3.98062
4 2288 4.00906
58 2291 4.14923
63 2292 4.17264
41 2293 4.1797
37 2296 4.42562
35 2300 4.69876
34 2301 4.7184
31 2303 4.82992
15 2304 4.83792
28 2305 4.84352
44 2308 4.96672
60 2309 5.0412
38 2322 6.20257
58 2324 6.261
14 2327 6.49076
24 2328 6.5149
54 2333 6.92663
67 2336 7.09271
55 2342 7.58807
8 2343 7.64299
35 2350 8.24277
50 2353 8.36173
12 2354 8.41794
4 2357 8.63537
64 2359 8.70894
14 2362 8.88111
65 2363 8.88168
17 2366 9.07124
5 2369 9.27912
60 2376 9.86759
66 2378 9.97359
