70 682
41 682
44 683
29 683
35 683
17 683
12 685
37 686
33 686
60 687
68 688
22 688
14 689
3 689
24 691
49 691
46 693
23 694
50 695
55 696
43 696
32 696
57 697
2 698
38 698
27 692
61 692
9 699
21 699
29 684
16 700
65 700
70 700
56 702
5 702
8 702
59 702
48 703
18 703
47 696
40 705
28 706
15 706
32 707
35 708
25 708
63 709
53 710
37 710
5 712
36 713
20 701
35 701
62 714
1 714
28 714
51 714
60 714
48 714
39 716
8 716
14 716
7 716
66 717
42 690
44 684
69 714
1 715
47 704
10 719
14 720
67 721
56 721
12 714
65 722
64 723
43 711
55 707
51 724
13 725
68 725
8 726
6 727
58 728
29 729
4 730
45 731
9 731
16 731
12 733
67 730
39 721
9 735
32 711
16 736
32 737
27 738
60 739
24 740
69 741
48 741
28 724
56 742
51 739
36 740
45 735
13 738
30 700
45 748
13 749
70 722
34 694
23 718
58 745
4 742
52 705
40 734
56 752
66 744
53 719
10 743
43 737
32 751
20 729
29 750
26 713
9 748
65 731
42 746
2 728
