34 0.8 0.048 0.752
26 0.8 0.048 0.752
47 0.8 0.048 0.752
56 0.8 0.048 0.752
34 0.752 0.144 0.608
34 0.608 0.16 0.448
26 0.752 0.16 0.592
26 0.592 0.016 0.576
34 0.448 0.016 0.432
26 0.576 0.048 0.528
34 0.432 0.048 0.384
47 0.752 0.048 0.704
56 0.752 0.048 0.704
26 0.528 0.096 0.432
26 0.432 0.16 0.272
47 0.704 0.16 0.544
47 0.544 0.016 0.528
34 0.384 0.016 0.368
47 0.528 0.048 0.48
26 0.272 0.048 0.224
34 0.368 0.048 0.32
56 0.704 0.048 0.656
47 0.48 0.048 0.432
47 0.432 0.16 0.272
56 0.656 0.16 0.496
47 0.272 0.16 0.112
26 0.224 0.16 0.064
34 0.32 0.16 0.16
56 0.496 0.16 0.336
28 0.8 0.048 0.752
3 0.8 0.048 0.752
25 0.8 0.048 0.752
27 0.8 0.048 0.752
54 0.8 0.048 0.752
28 0.752 0.192 0.56
28 0.56 0.16 0.4
3 0.752 0.16 0.592
3 0.592 0.016 0.576
28 0.4 0.016 0.384
3 0.576 0.048 0.528
5 0.8 0.048 0.752
13 0.8 0.048 0.752
28 0.384 0.048 0.336
3 0.528 0.096 0.432
3 0.432 0.16 0.272
25 0.752 0.16 0.592
25 0.592 0.016 0.576
28 0.336 0.016 0.32
25 0.576 0.048 0.528
27 0.752 0.048 0.704
28 0.32 0.048 0.272
54 0.752 0.048 0.704
25 0.528 0.096 0.432
25 0.432 0.16 0.272
27 0.704 0.16 0.544
27 0.544 0.016 0.528
28 0.272 0.016 0.256
27 0.528 0.048 0.48
25 0.272 0.048 0.224
28 0.256 0.048 0.208
54 0.704 0.048 0.656
27 0.48 0.048 0.432
27 0.432 0.16 0.272
54 0.656 0.16 0.496
5 0.752 0.16 0.592
5 0.592 0.016 0.576
3 0.272 0.016 0.256
5 0.576 0.048 0.528
3 0.256 0.048 0.208
13 0.752 0.048 0.704
5 0.528 0.048 0.48
5 0.48 0.16 0.32
13 0.704 0.16 0.544
13 0.544 0.016 0.528
3 0.208 0.016 0.192
13 0.528 0.048 0.48
3 0.192 0.048 0.144
5 0.32 0.048 0.272
27 0.272 0.16 0.112
25 0.224 0.16 0.064
28 0.208 0.16 0.048
54 0.496 0.16 0.336
3 0.144 0.16 -0.016
13 0.48 0.16 0.32
6 0.8 0.048 0.752
50 0.8 0.048 0.752
6 0.752 0.048 0.704
6 0.704 0.16 0.544
50 0.752 0.16 0.592
50 0.592 0.016 0.576
6 0.544 0.016 0.528
50 0.576 0.048 0.528
6 0.528 0.048 0.48
21 0.8 0.048 0.752
50 0.528 0.048 0.48
50 0.48 0.16 0.32
6 0.48 0.16 0.32
21 0.752 0.16 0.592
21 0.592 0.016 0.576
50 0.32 0.016 0.304
21 0.576 0.048 0.528
24 0.8 0.048 0.752
50 0.304 0.048 0.256
21 0.528 0.048 0.48
21 0.48 0.16 0.32
24 0.752 0.16 0.592
24 0.592 0.016 0.576
21 0.32 0.016 0.304
24 0.576 0.048 0.528
21 0.304 0.048 0.256
37 0.8 0.048 0.752
24 0.528 0.048 0.48
24 0.48 0.16 0.32
50 0.256 0.16 0.096
21 0.256 0.16 0.096
37 0.752 0.16 0.592
37 0.592 0.016 0.576
24 0.32 0.016 0.304
37 0.576 0.048 0.528
7 0.8 0.048 0.752
18 0.8 0.048 0.752
24 0.304 0.048 0.256
37 0.528 0.096 0.432
37 0.432 0.16 0.272
7 0.752 0.16 0.592
7 0.592 0.016 0.576
37 0.272 0.016 0.256
7 0.576 0.048 0.528
18 0.752 0.048 0.704
37 0.256 0.048 0.208
51 0.8 0.048 0.752
7 0.528 0.096 0.432
7 0.432 0.16 0.272
18 0.704 0.16 0.544
18 0.544 0.016 0.528
37 0.208 0.016 0.192
18 0.528 0.048 0.48
7 0.272 0.048 0.224
37 0.192 0.048 0.144
51 0.752 0.048 0.704
18 0.48 0.048 0.432
18 0.432 0.16 0.272
24 0.256 0.16 0.096
18 0.272 0.16 0.112
7 0.224 0.16 0.064
37 0.144 0.16 -0.016
51 0.704 0.16 0.544
51 0.544 0.016 0.528
18 0.112 0.016 0.096
51 0.528 0.048 0.48
7 0.064 0.048 0.016
18 0.096 0.048 0.048
23 0.8 0.048 0.752
30 0.8 0.048 0.752
49 0.8 0.048 0.752
51 0.48 0.144 0.336
51 0.336 0.16 0.176
7 0.016 0.16 -0.144
18 0.048 0.16 -0.112
23 0.752 0.16 0.592
23 0.592 0.016 0.576
51 0.176 0.016 0.16
23 0.576 0.048 0.528
4 0.8 0.048 0.752
30 0.752 0.048 0.704
49 0.752 0.048 0.704
51 0.16 0.048 0.112
23 0.528 0.144 0.384
23 0.384 0.16 0.224
30 0.704 0.16 0.544
30 0.544 0.016 0.528
51 0.112 0.016 0.096
30 0.528 0.048 0.48
4 0.752 0.048 0.704
23 0.224 0.048 0.176
49 0.704 0.048 0.656
51 0.096 0.048 0.048
30 0.48 0.096 0.384
30 0.384 0.16 0.224
49 0.656 0.16 0.496
30 0.224 0.16 0.064
4 0.704 0.16 0.544
4 0.544 0.016 0.528
30 0.064 0.016 0.048
4 0.528 0.048 0.48
23 0.176 0.048 0.128
30 0.048 0.048 -1.11022e-16
49 0.496 0.048 0.448
23 0.128 0.16 -0.032
49 0.448 0.16 0.288
51 0.048 0.16 -0.112
12 0.8 0.048 0.752
9 0.8 0.048 0.752
11 0.8 0.048 0.752
14 0.8 0.048 0.752
46 0.8 0.048 0.752
12 0.752 0.192 0.56
12 0.56 0.16 0.4
9 0.752 0.16 0.592
9 0.592 0.016 0.576
12 0.4 0.016 0.384
9 0.576 0.048 0.528
11 0.752 0.048 0.704
12 0.384 0.048 0.336
14 0.752 0.048 0.704
46 0.752 0.048 0.704
57 0.8 0.048 0.752
9 0.528 0.192 0.336
9 0.336 0.16 0.176
11 0.704 0.16 0.544
11 0.544 0.016 0.528
12 0.336 0.016 0.32
11 0.528 0.048 0.48
9 0.176 0.048 0.128
12 0.32 0.048 0.272
14 0.704 0.048 0.656
46 0.704 0.048 0.656
57 0.752 0.048 0.704
11 0.48 0.144 0.336
11 0.336 0.16 0.176
14 0.656 0.16 0.496
46 0.656 0.16 0.496
11 0.176 0.16 0.016
9 0.128 0.16 -0.032
12 0.272 0.16 0.112
14 0.496 0.16 0.336
46 0.496 0.16 0.336
57 0.704 0.16 0.544
57 0.544 0.016 0.528
11 0.016 0.016 -9.71445e-17
57 0.528 0.048 0.48
9 0 0.048 -0.048
11 0 0.048 -0.048
14 0.336 0.048 0.288
29 0.8 0.048 0.752
10 0.8 0.048 0.752
36 0.8 0.048 0.752
43 0.8 0.048 0.752
29 0.752 0.144 0.608
29 0.608 0.16 0.448
10 0.752 0.16 0.592
10 0.592 0.016 0.576
29 0.448 0.016 0.432
10 0.576 0.048 0.528
29 0.432 0.048 0.384
36 0.752 0.048 0.704
43 0.752 0.048 0.704
10 0.528 0.096 0.432
10 0.432 0.16 0.272
36 0.704 0.16 0.544
36 0.544 0.016 0.528
29 0.384 0.016 0.368
36 0.528 0.048 0.48
10 0.272 0.048 0.224
29 0.368 0.048 0.32
43 0.704 0.16 0.544
43 0.544 0.016 0.528
29 0.32 0.016 0.304
43 0.528 0.048 0.48
10 0.224 0.048 0.176
29 0.304 0.048 0.256
48 0.8 0.048 0.752
43 0.48 0.048 0.432
43 0.432 0.16 0.272
36 0.48 0.16 0.32
43 0.272 0.16 0.112
10 0.176 0.16 0.016
29 0.256 0.16 0.096
48 0.752 0.16 0.592
48 0.592 0.016 0.576
43 0.112 0.016 0.096
48 0.576 0.048 0.528
20 0.8 0.048 0.752
43 0.096 0.048 0.048
48 0.528 0.048 0.48
48 0.48 0.16 0.32
20 0.752 0.16 0.592
20 0.592 0.016 0.576
48 0.32 0.016 0.304
20 0.576 0.048 0.528
19 0.8 0.048 0.752
48 0.304 0.048 0.256
60 0.8 0.048 0.752
20 0.528 0.096 0.432
20 0.432 0.16 0.272
43 0.048 0.16 -0.112
19 0.752 0.16 0.592
19 0.592 0.016 0.576
20 0.272 0.016 0.256
19 0.576 0.048 0.528
20 0.256 0.048 0.208
60 0.752 0.048 0.704
19 0.528 0.048 0.48
19 0.48 0.16 0.32
48 0.256 0.16 0.096
60 0.704 0.16 0.544
60 0.544 0.016 0.528
20 0.208 0.016 0.192
60 0.528 0.048 0.48
19 0.32 0.048 0.272
20 0.192 0.048 0.144
20 0.144 0.16 -0.016
60 0.48 0.16 0.32
2 0.8 0.048 0.752
8 0.8 0.048 0.752
15 0.8 0.048 0.752
33 0.8 0.048 0.752
2 0.752 0.192 0.56
2 0.56 0.16 0.4
2 0.4 0.016 0.384
8 0.752 0.16 0.592
8 0.592 0.016 0.576
2 0.384 0.016 0.368
8 0.576 0.048 0.528
2 0.368 0.048 0.32
15 0.752 0.048 0.704
33 0.752 0.048 0.704
8 0.528 0.144 0.384
8 0.384 0.16 0.224
15 0.704 0.16 0.544
15 0.544 0.016 0.528
2 0.32 0.016 0.304
15 0.528 0.048 0.48
2 0.304 0.048 0.256
8 0.224 0.048 0.176
33 0.704 0.048 0.656
35 0.8 0.048 0.752
15 0.48 0.144 0.336
15 0.336 0.16 0.176
33 0.656 0.16 0.496
15 0.176 0.16 0.016
2 0.256 0.16 0.096
8 0.176 0.16 0.016
33 0.496 0.16 0.336
35 0.752 0.16 0.592
35 0.592 0.016 0.576
15 0.016 0.016 -9.71445e-17
35 0.576 0.048 0.528
15 0 0.048 -0.048
33 0.336 0.048 0.288
35 0.528 0.048 0.48
35 0.48 0.16 0.32
15 0 0.16 -0.16
33 0.288 0.16 0.128
13 0.700236 0.048 0.652236
3 0.376966 0.048 0.328966
5 0.634689 0.048 0.586689
4 0.8 0.048 0.752
22 0.8 0.048 0.752
23 0.370457 0.048 0.322457
30 0.377535 0.048 0.329535
49 0.662169 0.048 0.614169
4 0.752 0.096 0.656
4 0.656 0.16 0.496
22 0.752 0.16 0.592
22 0.592 0.016 0.576
4 0.496 0.016 0.48
22 0.576 0.048 0.528
4 0.48 0.048 0.432
39 0.8 0.048 0.752
42 0.8 0.048 0.752
22 0.528 0.096 0.432
22 0.432 0.16 0.272
23 0.322457 0.16 0.162457
30 0.329535 0.16 0.169535
49 0.614169 0.16 0.454169
4 0.432 0.16 0.272
39 0.752 0.16 0.592
39 0.592 0.016 0.576
22 0.272 0.016 0.256
39 0.576 0.048 0.528
22 0.256 0.048 0.208
32 0.8 0.048 0.752
42 0.752 0.048 0.704
39 0.528 0.096 0.432
39 0.432 0.16 0.272
42 0.704 0.16 0.544
42 0.544 0.016 0.528
22 0.208 0.016 0.192
42 0.528 0.048 0.48
22 0.192 0.048 0.144
32 0.752 0.048 0.704
39 0.272 0.048 0.224
42 0.48 0.048 0.432
42 0.432 0.16 0.272
42 0.272 0.16 0.112
22 0.144 0.16 -0.016
32 0.704 0.16 0.544
32 0.544 0.016 0.528
42 0.112 0.016 0.096
32 0.528 0.048 0.48
39 0.224 0.048 0.176
42 0.096 0.048 0.048
39 0.176 0.16 0.016
3 0.40399 0.048 0.35599
5 0.659999 0.048 0.611999
13 0.8 0.048 0.752
57 0.8 0.048 0.752
9 0.373268 0.048 0.325268
11 0.380148 0.048 0.332148
14 0.66926 0.048 0.62126
57 0.752 0.048 0.704
57 0.704 0.16 0.544
9 0.325268 0.16 0.165268
11 0.332148 0.16 0.172148
14 0.62126 0.16 0.46126
49 0.606145 0.048 0.558145
4 0.350841 0.048 0.302841
23 0.239734 0.048 0.191734
30 0.247764 0.048 0.199764
51 0.440439 0.048 0.392439
58 0.8 0.048 0.752
1 0.8 0.048 0.752
58 0.752 0.048 0.704
58 0.704 0.16 0.544
1 0.752 0.16 0.592
1 0.592 0.016 0.576
58 0.544 0.016 0.528
1 0.576 0.048 0.528
58 0.528 0.048 0.48
53 0.8 0.048 0.752
16 0.8 0.048 0.752
55 0.8 0.048 0.752
53 0.752 0.096 0.656
53 0.656 0.16 0.496
16 0.752 0.16 0.592
16 0.592 0.016 0.576
53 0.496 0.016 0.48
16 0.576 0.048 0.528
53 0.48 0.048 0.432
55 0.752 0.048 0.704
16 0.528 0.048 0.48
16 0.48 0.16 0.32
55 0.704 0.16 0.544
55 0.544 0.016 0.528
53 0.432 0.016 0.416
55 0.528 0.048 0.48
16 0.32 0.048 0.272
53 0.416 0.048 0.368
53 0.368 0.16 0.208
55 0.48 0.16 0.32
36 0.695486 0.048 0.647486
10 0.403739 0.048 0.355739
29 0.469984 0.048 0.421984
60 0.692043 0.048 0.644043
19 0.65325 0.048 0.60525
20 0.380985 0.048 0.332985
43 0.369651 0.048 0.321651
10 0.355739 0.048 0.307739
29 0.421984 0.048 0.373984
48 0.470184 0.048 0.422184
24 0.69876 0.048 0.65076
18 0.606042 0.048 0.558042
21 0.763065 0.048 0.715065
37 0.59783 0.048 0.54983
24 0.65076 0.144 0.50676
24 0.50676 0.16 0.34676
18 0.558042 0.16 0.398042
21 0.715065 0.16 0.555065
21 0.555065 0.016 0.539065
24 0.34676 0.016 0.33076
21 0.539065 0.048 0.491065
24 0.33076 0.048 0.28276
50 0.701306 0.048 0.653306
21 0.491065 0.048 0.443065
21 0.443065 0.16 0.283065
37 0.54983 0.16 0.38983
24 0.28276 0.16 0.12276
50 0.653306 0.16 0.493306
13 0.8 0.048 0.752
3 0.651585 0.048 0.603585
5 0.8 0.048 0.752
38 0.8 0.048 0.752
45 0.8 0.048 0.752
59 0.8 0.048 0.752
38 0.752 0.096 0.656
38 0.656 0.16 0.496
45 0.752 0.16 0.592
45 0.592 0.016 0.576
38 0.496 0.016 0.48
45 0.576 0.048 0.528
38 0.48 0.048 0.432
59 0.752 0.048 0.704
45 0.528 0.048 0.48
45 0.48 0.16 0.32
59 0.704 0.16 0.544
59 0.544 0.016 0.528
38 0.432 0.016 0.416
59 0.528 0.048 0.48
38 0.416 0.048 0.368
45 0.32 0.048 0.272
38 0.368 0.16 0.208
59 0.48 0.16 0.32
32 0.8 0.048 0.752
39 0.388781 0.048 0.340781
42 0.417947 0.048 0.369947
3 0.682471 0.048 0.634471
5 0.8 0.048 0.752
13 0.8 0.048 0.752
46 0.8 0.048 0.752
9 0.534309 0.048 0.486309
11 0.543586 0.048 0.495586
12 0.8 0.048 0.752
46 0.752 0.048 0.704
46 0.704 0.16 0.544
9 0.486309 0.16 0.326309
11 0.495586 0.16 0.335586
12 0.752 0.16 0.592
12 0.592 0.016 0.576
46 0.544 0.016 0.528
12 0.576 0.048 0.528
9 0.326309 0.048 0.278309
11 0.335586 0.048 0.287586
14 0.8 0.048 0.752
46 0.528 0.048 0.48
57 0.8 0.048 0.752
12 0.528 0.048 0.48
12 0.48 0.16 0.32
9 0.278309 0.16 0.118309
11 0.287586 0.16 0.127586
14 0.752 0.16 0.592
14 0.592 0.016 0.576
12 0.32 0.016 0.304
14 0.576 0.048 0.528
9 0.118309 0.048 0.0703093
11 0.127586 0.048 0.0795856
12 0.304 0.048 0.256
57 0.752 0.048 0.704
46 0.48 0.16 0.32
57 0.704 0.16 0.544
42 0.442402 0.048 0.394402
22 0.435491 0.048 0.387491
32 0.8 0.048 0.752
39 0.416156 0.048 0.368156
49 0.8 0.048 0.752
4 0.677522 0.048 0.629522
23 0.568414 0.048 0.520414
30 0.563324 0.048 0.515324
49 0.752 0.048 0.704
49 0.704 0.16 0.544
4 0.629522 0.16 0.469522
23 0.520414 0.16 0.360414
30 0.515324 0.16 0.355324
1 0.8 0.048 0.752
58 0.8 0.048 0.752
55 0.701077 0.048 0.653077
16 0.643771 0.048 0.595771
53 0.579318 0.048 0.531318
37 0.691187 0.048 0.643187
7 0.8 0.048 0.752
18 0.694324 0.048 0.646324
24 0.410078 0.048 0.362078
37 0.643187 0.048 0.595187
37 0.595187 0.16 0.435187
7 0.752 0.16 0.592
18 0.646324 0.16 0.486324
24 0.362078 0.16 0.202078
30 0.42823 0.048 0.38023
4 0.549103 0.048 0.501103
23 0.439302 0.048 0.391302
49 0.616508 0.048 0.568508
51 0.8 0.048 0.752
30 0.38023 0.096 0.28423
30 0.28423 0.16 0.12423
4 0.501103 0.16 0.341103
23 0.391302 0.16 0.231302
49 0.568508 0.16 0.408508
51 0.752 0.16 0.592
51 0.592 0.016 0.576
30 0.12423 0.016 0.10823
51 0.576 0.048 0.528
7 0.592 0.048 0.544
18 0.486324 0.048 0.438324
23 0.231302 0.048 0.183302
30 0.10823 0.048 0.0602305
36 0.8 0.048 0.752
10 0.673935 0.048 0.625935
29 0.757687 0.048 0.709687
60 0.8 0.048 0.752
19 0.8 0.048 0.752
20 0.715457 0.048 0.667457
43 0.70508 0.048 0.65708
10 0.625935 0.048 0.577935
29 0.709687 0.048 0.661687
48 0.798854 0.048 0.750854
43 0.65708 0.096 0.56108
43 0.56108 0.16 0.40108
10 0.577935 0.16 0.417935
29 0.661687 0.16 0.501687
29 0.501687 0.016 0.485687
43 0.40108 0.016 0.38508
29 0.485687 0.048 0.437687
10 0.417935 0.048 0.369935
36 0.752 0.048 0.704
43 0.38508 0.048 0.33708
48 0.750854 0.16 0.590854
48 0.590854 0.016 0.574854
43 0.33708 0.016 0.32108
48 0.574854 0.048 0.526854
20 0.667457 0.048 0.619457
43 0.32108 0.048 0.27308
48 0.526854 0.048 0.478854
48 0.478854 0.16 0.318854
20 0.619457 0.16 0.459457
43 0.27308 0.16 0.11308
35 0.8 0.048 0.752
15 0.685456 0.048 0.637456
33 0.799109 0.048 0.751109
35 0.752 0.096 0.656
35 0.656 0.16 0.496
15 0.637456 0.16 0.477456
33 0.751109 0.16 0.591109
33 0.591109 0.016 0.575109
35 0.496 0.016 0.48
33 0.575109 0.048 0.527109
2 0.793732 0.048 0.745732
8 0.774461 0.048 0.726461
15 0.477456 0.048 0.429456
35 0.48 0.048 0.432
33 0.527109 0.048 0.479109
33 0.479109 0.16 0.319109
2 0.745732 0.16 0.585732
2 0.585732 0.016 0.569732
33 0.319109 0.016 0.303109
2 0.569732 0.048 0.521732
8 0.726461 0.048 0.678461
15 0.429456 0.048 0.381456
33 0.303109 0.048 0.255109
8 0.678461 0.16 0.518461
15 0.381456 0.16 0.221456
35 0.432 0.16 0.272
13 0.8 0.048 0.752
3 0.8 0.048 0.752
5 0.8 0.048 0.752
59 0.689196 0.048 0.641196
38 0.572763 0.048 0.524763
45 0.642749 0.048 0.594749
32 0.8 0.048 0.752
39 0.663274 0.048 0.615274
42 0.704981 0.048 0.656981
3 0.8 0.048 0.752
5 0.8 0.048 0.752
13 0.8 0.048 0.752
14 0.8 0.048 0.752
9 0.443212 0.048 0.395212
11 0.454958 0.048 0.406958
12 0.632506 0.048 0.584506
57 0.8 0.048 0.752
20 0.684906 0.048 0.636906
19 0.8 0.048 0.752
48 0.542003 0.048 0.494003
60 0.8 0.048 0.752
42 0.734063 0.048 0.686063
32 0.8 0.048 0.752
39 0.691237 0.048 0.643237
44 0.8 0.048 0.752
40 0.8 0.048 0.752
44 0.752 0.048 0.704
44 0.704 0.16 0.544
40 0.752 0.16 0.592
40 0.592 0.016 0.576
44 0.544 0.016 0.528
40 0.576 0.048 0.528
44 0.528 0.048 0.48
1 0.8 0.048 0.752
58 0.8 0.048 0.752
55 0.8 0.048 0.752
53 0.8 0.048 0.752
51 0.8 0.048 0.752
7 0.8 0.048 0.752
18 0.8 0.048 0.752
23 0.55285 0.048 0.50485
30 0.444771 0.048 0.396771
51 0.752 0.048 0.704
51 0.704 0.16 0.544
7 0.752 0.16 0.592
18 0.752 0.16 0.592
18 0.592 0.016 0.576
51 0.544 0.016 0.528
18 0.576 0.048 0.528
7 0.592 0.048 0.544
24 0.582695 0.048 0.534695
51 0.528 0.048 0.48
18 0.528 0.048 0.48
18 0.48 0.16 0.32
23 0.50485 0.16 0.34485
30 0.396771 0.16 0.236771
7 0.544 0.16 0.384
24 0.534695 0.16 0.374695
51 0.48 0.16 0.32
36 0.8 0.048 0.752
10 0.745092 0.048 0.697092
29 0.8 0.048 0.752
60 0.8 0.048 0.752
19 0.8 0.048 0.752
20 0.784217 0.048 0.736217
29 0.752 0.048 0.704
10 0.697092 0.048 0.649092
36 0.752 0.048 0.704
43 0.486737 0.048 0.438737
2 0.8 0.048 0.752
8 0.8 0.048 0.752
15 0.591744 0.048 0.543744
33 0.6315 0.048 0.5835
2 0.752 0.048 0.704
2 0.704 0.16 0.544
8 0.752 0.16 0.592
15 0.543744 0.16 0.383744
33 0.5835 0.16 0.4235
13 0.8 0.048 0.752
3 0.8 0.048 0.752
5 0.8 0.048 0.752
59 0.8 0.048 0.752
38 0.8 0.048 0.752
45 0.8 0.048 0.752
15 0.534195 0.048 0.486195
2 0.694593 0.048 0.646593
8 0.670983 0.048 0.622983
33 0.572886 0.048 0.524886
15 0.486195 0.048 0.438195
15 0.438195 0.16 0.278195
2 0.646593 0.16 0.486593
8 0.622983 0.16 0.462983
33 0.524886 0.16 0.364886
50 0.8 0.048 0.752
6 0.8 0.048 0.752
21 0.8 0.048 0.752
50 0.752 0.048 0.704
50 0.704 0.16 0.544
6 0.752 0.16 0.592
6 0.592 0.016 0.576
50 0.544 0.016 0.528
6 0.576 0.048 0.528
50 0.528 0.048 0.48
21 0.752 0.16 0.592
32 0.8 0.048 0.752
39 0.8 0.048 0.752
42 0.8 0.048 0.752
3 0.8 0.048 0.752
5 0.8 0.048 0.752
13 0.8 0.048 0.752
14 0.8 0.048 0.752
9 0.766605 0.048 0.718605
11 0.787293 0.048 0.739293
12 0.8 0.048 0.752
57 0.8 0.048 0.752
14 0.752 0.048 0.704
14 0.704 0.16 0.544
9 0.718605 0.16 0.558605
11 0.739293 0.16 0.579293
11 0.579293 0.016 0.563293
14 0.544 0.016 0.528
11 0.563293 0.048 0.515293
9 0.558605 0.048 0.510605
12 0.752 0.048 0.704
14 0.528 0.048 0.48
46 0.8 0.048 0.752
57 0.752 0.048 0.704
12 0.704 0.16 0.544
57 0.704 0.16 0.544
22 0.8 0.048 0.752
4 0.8 0.048 0.752
39 0.8 0.048 0.752
22 0.752 0.048 0.704
22 0.704 0.16 0.544
4 0.752 0.16 0.592
4 0.592 0.016 0.576
22 0.544 0.016 0.528
4 0.576 0.048 0.528
22 0.528 0.048 0.48
23 0.568111 0.048 0.520111
30 0.539239 0.048 0.491239
49 0.8 0.048 0.752
39 0.752 0.16 0.592
20 0.8 0.048 0.752
19 0.8 0.048 0.752
48 0.8 0.048 0.752
60 0.8 0.048 0.752
42 0.8 0.048 0.752
32 0.8 0.048 0.752
39 0.592 0.048 0.544
33 0.439219 0.048 0.391219
2 0.559821 0.048 0.511821
15 0.418497 0.048 0.370497
35 0.8 0.048 0.752
33 0.391219 0.048 0.343219
33 0.343219 0.16 0.183219
2 0.511821 0.16 0.351821
15 0.370497 0.16 0.210497
35 0.752 0.16 0.592
35 0.592 0.016 0.576
33 0.183219 0.016 0.167219
35 0.576 0.048 0.528
33 0.167219 0.048 0.119219
40 0.8 0.048 0.752
44 0.8 0.048 0.752
1 0.8 0.048 0.752
58 0.8 0.048 0.752
55 0.8 0.048 0.752
16 0.8 0.048 0.752
53 0.8 0.048 0.752
36 0.8 0.048 0.752
10 0.8 0.048 0.752
29 0.8 0.048 0.752
60 0.8 0.048 0.752
19 0.8 0.048 0.752
20 0.8 0.048 0.752
14 0.632929 0.048 0.584929
9 0.667841 0.048 0.619841
11 0.660975 0.048 0.612975
12 0.694777 0.048 0.646777
57 0.697449 0.048 0.649449
14 0.584929 0.048 0.536929
14 0.536929 0.16 0.376929
9 0.619841 0.16 0.459841
11 0.612975 0.16 0.452975
12 0.646777 0.16 0.486777
57 0.649449 0.16 0.489449
29 0.752 0.048 0.704
10 0.752 0.048 0.704
36 0.752 0.048 0.704
43 0.8 0.048 0.752
51 0.693687 0.048 0.645687
7 0.764633 0.048 0.716633
18 0.702527 0.048 0.654527
23 0.675084 0.048 0.627084
30 0.569121 0.048 0.521121
51 0.645687 0.048 0.597687
51 0.597687 0.16 0.437687
7 0.716633 0.16 0.556633
18 0.654527 0.16 0.494527
23 0.627084 0.16 0.467084
30 0.521121 0.16 0.361121
54 0.8 0.048 0.752
25 0.8 0.048 0.752
27 0.8 0.048 0.752
28 0.8 0.048 0.752
54 0.752 0.048 0.704
54 0.704 0.16 0.544
25 0.752 0.16 0.592
27 0.752 0.16 0.592
28 0.752 0.16 0.592
28 0.592 0.016 0.576
54 0.544 0.016 0.528
28 0.576 0.048 0.528
25 0.592 0.048 0.544
27 0.592 0.048 0.544
54 0.528 0.048 0.48
13 0.8 0.048 0.752
3 0.8 0.048 0.752
5 0.8 0.048 0.752
13 0.752 0.048 0.704
13 0.704 0.16 0.544
13 0.544 0.016 0.528
3 0.752 0.16 0.592
5 0.752 0.16 0.592
59 0.8 0.048 0.752
38 0.8 0.048 0.752
45 0.8 0.048 0.752
6 0.8 0.048 0.752
50 0.8 0.048 0.752
32 0.8 0.048 0.752
39 0.8 0.048 0.752
42 0.8 0.048 0.752
3 0.664004 0.048 0.616004
5 0.667106 0.048 0.619106
13 0.675504 0.048 0.627504
3 0.616004 0.096 0.520004
3 0.520004 0.16 0.360004
3 0.360004 0.016 0.344004
5 0.619106 0.16 0.459106
13 0.627504 0.16 0.467504
11 0.679381 0.048 0.631381
9 0.688584 0.048 0.640584
12 0.710361 0.048 0.662361
14 0.60557 0.048 0.55757
57 0.714948 0.048 0.666948
4 0.8 0.048 0.752
22 0.8 0.048 0.752
23 0.690011 0.048 0.642011
30 0.661524 0.048 0.613524
49 0.8 0.048 0.752
4 0.752 0.048 0.704
4 0.704 0.16 0.544
22 0.752 0.16 0.592
23 0.642011 0.16 0.482011
30 0.613524 0.16 0.453524
49 0.752 0.16 0.592
20 0.8 0.048 0.752
19 0.8 0.048 0.752
48 0.8 0.048 0.752
60 0.8 0.048 0.752
42 0.8 0.048 0.752
32 0.8 0.048 0.752
39 0.8 0.048 0.752
35 0.8 0.048 0.752
33 0.496713 0.048 0.448713
40 0.8 0.048 0.752
44 0.8 0.048 0.752
1 0.8 0.048 0.752
58 0.8 0.048 0.752
55 0.8 0.048 0.752
16 0.8 0.048 0.752
53 0.8 0.048 0.752
52 0.8 0.048 0.752
31 0.8 0.048 0.752
52 0.752 0.048 0.704
52 0.704 0.16 0.544
31 0.752 0.16 0.592
31 0.592 0.016 0.576
52 0.544 0.016 0.528
31 0.576 0.048 0.528
52 0.528 0.048 0.48
36 0.8 0.048 0.752
29 0.8 0.048 0.752
60 0.8 0.048 0.752
19 0.8 0.048 0.752
20 0.8 0.048 0.752
29 0.752 0.048 0.704
10 0.8 0.048 0.752
36 0.752 0.048 0.704
43 0.8 0.048 0.752
28 0.8 0.048 0.752
25 0.8 0.048 0.752
27 0.8 0.048 0.752
54 0.8 0.048 0.752
59 0.8 0.048 0.752
38 0.8 0.048 0.752
45 0.8 0.048 0.752
6 0.8 0.048 0.752
50 0.8 0.048 0.752
32 0.8 0.048 0.752
39 0.8 0.048 0.752
42 0.8 0.048 0.752
11 0.8 0.048 0.752
9 0.8 0.048 0.752
12 0.8 0.048 0.752
14 0.8 0.048 0.752
57 0.8 0.048 0.752
20 0.8 0.048 0.752
19 0.8 0.048 0.752
48 0.8 0.048 0.752
60 0.8 0.048 0.752
42 0.8 0.048 0.752
32 0.8 0.048 0.752
39 0.8 0.048 0.752
35 0.8 0.048 0.752
33 0.8 0.048 0.752
40 0.8 0.048 0.752
44 0.8 0.048 0.752
1 0.8 0.048 0.752
58 0.8 0.048 0.752
55 0.8 0.048 0.752
53 0.8 0.048 0.752
31 0.8 0.048 0.752
52 0.8 0.048 0.752
36 0.8 0.048 0.752
10 0.8 0.048 0.752
29 0.8 0.048 0.752
60 0.8 0.048 0.752
19 0.8 0.048 0.752
20 0.8 0.048 0.752
60 0.752 0.048 0.704
60 0.704 0.16 0.544
60 0.544 0.016 0.528
19 0.752 0.16 0.592
20 0.752 0.16 0.592
34 0.8 0.048 0.752
26 0.8 0.048 0.752
56 0.8 0.048 0.752
34 0.752 0.048 0.704
34 0.704 0.16 0.544
26 0.752 0.16 0.592
56 0.752 0.16 0.592
56 0.592 0.016 0.576
34 0.544 0.016 0.528
56 0.576 0.048 0.528
26 0.592 0.048 0.544
34 0.528 0.048 0.48
47 0.8 0.048 0.752
29 0.752 0.048 0.704
10 0.752 0.048 0.704
36 0.752 0.048 0.704
43 0.8 0.048 0.752
17 0.8 0.048 0.752
41 0.8 0.048 0.752
17 0.752 0.048 0.704
17 0.704 0.16 0.544
41 0.752 0.16 0.592
41 0.592 0.016 0.576
17 0.544 0.016 0.528
41 0.576 0.048 0.528
17 0.528 0.048 0.48
46 0.8 0.048 0.752
11 0.8 0.048 0.752
12 0.8 0.048 0.752
46 0.752 0.048 0.704
46 0.704 0.16 0.544
11 0.752 0.16 0.592
12 0.752 0.16 0.592
12 0.592 0.016 0.576
46 0.544 0.016 0.528
12 0.576 0.048 0.528
9 0.8 0.048 0.752
11 0.592 0.048 0.544
46 0.528 0.048 0.48
57 0.8 0.048 0.752
28 0.8 0.048 0.752
25 0.8 0.048 0.752
27 0.8 0.048 0.752
54 0.8 0.048 0.752
59 0.8 0.048 0.752
38 0.8 0.048 0.752
45 0.8 0.048 0.752
6 0.8 0.048 0.752
50 0.8 0.048 0.752
32 0.8 0.048 0.752
39 0.8 0.048 0.752
42 0.8 0.048 0.752
11 0.702396 0.048 0.654396
9 0.8 0.048 0.752
12 0.67985 0.048 0.63185
14 0.8 0.048 0.752
46 0.551518 0.048 0.503518
57 0.8 0.048 0.752
20 0.8 0.048 0.752
19 0.8 0.048 0.752
48 0.8 0.048 0.752
60 0.8 0.048 0.752
20 0.752 0.048 0.704
20 0.704 0.16 0.544
19 0.752 0.16 0.592
48 0.752 0.16 0.592
60 0.752 0.16 0.592
60 0.592 0.016 0.576
20 0.544 0.016 0.528
60 0.576 0.048 0.528
19 0.592 0.048 0.544
20 0.528 0.048 0.48
42 0.8 0.048 0.752
32 0.8 0.048 0.752
39 0.8 0.048 0.752
35 0.8 0.048 0.752
33 0.8 0.048 0.752
40 0.8 0.048 0.752
44 0.8 0.048 0.752
1 0.8 0.048 0.752
58 0.8 0.048 0.752
55 0.8 0.048 0.752
53 0.8 0.048 0.752
31 0.8 0.048 0.752
52 0.8 0.048 0.752
36 0.8 0.048 0.752
10 0.8 0.048 0.752
29 0.8 0.048 0.752
56 0.8 0.048 0.752
26 0.8 0.048 0.752
34 0.8 0.048 0.752
47 0.8 0.048 0.752
29 0.752 0.048 0.704
10 0.752 0.048 0.704
36 0.752 0.048 0.704
43 0.8 0.048 0.752
41 0.8 0.048 0.752
17 0.8 0.048 0.752
12 0.8 0.048 0.752
9 0.8 0.048 0.752
11 0.8 0.048 0.752
46 0.8 0.048 0.752
57 0.8 0.048 0.752
12 0.752 0.048 0.704
12 0.704 0.16 0.544
12 0.544 0.016 0.528
9 0.752 0.16 0.592
11 0.752 0.16 0.592
46 0.752 0.16 0.592
57 0.752 0.16 0.592
28 0.8 0.048 0.752
25 0.8 0.048 0.752
27 0.8 0.048 0.752
54 0.8 0.048 0.752
59 0.8 0.048 0.752
38 0.8 0.048 0.752
45 0.8 0.048 0.752
6 0.8 0.048 0.752
50 0.8 0.048 0.752
32 0.8 0.048 0.752
39 0.8 0.048 0.752
42 0.8 0.048 0.752
11 0.738208 0.048 0.690208
9 0.735933 0.048 0.687933
12 0.671995 0.048 0.623995
14 0.8 0.048 0.752
46 0.663598 0.048 0.615598
57 0.747932 0.048 0.699932
60 0.8 0.048 0.752
19 0.8 0.048 0.752
20 0.8 0.048 0.752
42 0.8 0.048 0.752
32 0.8 0.048 0.752
39 0.8 0.048 0.752
44 0.8 0.048 0.752
40 0.8 0.048 0.752
35 0.8 0.048 0.752
33 0.8 0.048 0.752
40 0.752 0.048 0.704
44 0.752 0.048 0.704
1 0.8 0.048 0.752
58 0.8 0.048 0.752
55 0.8 0.048 0.752
53 0.8 0.048 0.752
31 0.8 0.048 0.752
52 0.8 0.048 0.752
36 0.8 0.048 0.752
10 0.8 0.048 0.752
29 0.8 0.048 0.752
56 0.8 0.048 0.752
26 0.8 0.048 0.752
34 0.8 0.048 0.752
47 0.8 0.048 0.752
29 0.752 0.048 0.704
10 0.752 0.048 0.704
36 0.752 0.048 0.704
43 0.8 0.048 0.752
41 0.8 0.048 0.752
17 0.8 0.048 0.752
28 0.8 0.048 0.752
25 0.8 0.048 0.752
27 0.8 0.048 0.752
54 0.8 0.048 0.752
59 0.8 0.048 0.752
38 0.8 0.048 0.752
45 0.8 0.048 0.752
6 0.8 0.048 0.752
6 0.752 0.048 0.704
6 0.704 0.16 0.544
6 0.544 0.016 0.528
32 0.8 0.048 0.752
39 0.8 0.048 0.752
42 0.8 0.048 0.752
11 0.8 0.048 0.752
9 0.8 0.048 0.752
12 0.8 0.048 0.752
14 0.8 0.048 0.752
46 0.8 0.048 0.752
57 0.8 0.048 0.752
60 0.8 0.048 0.752
19 0.8 0.048 0.752
20 0.8 0.048 0.752
42 0.8 0.048 0.752
32 0.8 0.048 0.752
39 0.8 0.048 0.752
44 0.8 0.048 0.752
40 0.8 0.048 0.752
35 0.8 0.048 0.752
33 0.8 0.048 0.752
40 0.752 0.048 0.704
44 0.752 0.048 0.704
1 0.8 0.048 0.752
58 0.8 0.048 0.752
55 0.8 0.048 0.752
16 0.8 0.048 0.752
53 0.8 0.048 0.752
31 0.8 0.048 0.752
52 0.8 0.048 0.752
36 0.8 0.048 0.752
29 0.8 0.048 0.752
56 0.8 0.048 0.752
26 0.8 0.048 0.752
34 0.8 0.048 0.752
47 0.8 0.048 0.752
29 0.752 0.048 0.704
10 0.8 0.048 0.752
36 0.752 0.048 0.704
43 0.8 0.048 0.752
41 0.8 0.048 0.752
17 0.8 0.048 0.752
53 0.8 0.048 0.752
16 0.8 0.048 0.752
55 0.8 0.048 0.752
28 0.8 0.048 0.752
25 0.8 0.048 0.752
27 0.8 0.048 0.752
54 0.8 0.048 0.752
59 0.8 0.048 0.752
38 0.8 0.048 0.752
45 0.8 0.048 0.752
12 0.8 0.048 0.752
9 0.8 0.048 0.752
11 0.8 0.048 0.752
46 0.8 0.048 0.752
12 0.752 0.048 0.704
12 0.704 0.16 0.544
9 0.752 0.16 0.592
11 0.752 0.16 0.592
46 0.752 0.16 0.592
46 0.592 0.016 0.576
12 0.544 0.016 0.528
46 0.576 0.048 0.528
9 0.592 0.048 0.544
11 0.592 0.048 0.544
12 0.528 0.048 0.48
32 0.8 0.048 0.752
39 0.8 0.048 0.752
42 0.8 0.048 0.752
11 0.616183 0.048 0.568183
9 0.620454 0.048 0.572454
12 0.48 0.048 0.432
14 0.8 0.048 0.752
46 0.528 0.048 0.48
57 0.8 0.048 0.752
54 0.8 0.048 0.752
25 0.8 0.048 0.752
27 0.8 0.048 0.752
28 0.8 0.048 0.752
60 0.8 0.048 0.752
19 0.8 0.048 0.752
20 0.8 0.048 0.752
42 0.8 0.048 0.752
32 0.8 0.048 0.752
39 0.8 0.048 0.752
58 0.8 0.048 0.752
1 0.8 0.048 0.752
44 0.8 0.048 0.752
40 0.8 0.048 0.752
35 0.8 0.048 0.752
33 0.8 0.048 0.752
40 0.752 0.048 0.704
44 0.752 0.048 0.704
1 0.752 0.048 0.704
58 0.752 0.048 0.704
55 0.8 0.048 0.752
16 0.8 0.048 0.752
53 0.8 0.048 0.752
13 0.8 0.048 0.752
3 0.8 0.048 0.752
5 0.8 0.048 0.752
13 0.752 0.048 0.704
13 0.704 0.16 0.544
3 0.752 0.16 0.592
3 0.592 0.016 0.576
13 0.544 0.016 0.528
3 0.576 0.048 0.528
5 0.752 0.048 0.704
13 0.528 0.048 0.48
5 0.704 0.16 0.544
31 0.8 0.048 0.752
52 0.8 0.048 0.752
36 0.8 0.048 0.752
29 0.8 0.048 0.752
56 0.8 0.048 0.752
26 0.8 0.048 0.752
34 0.8 0.048 0.752
47 0.8 0.048 0.752
29 0.752 0.048 0.704
10 0.8 0.048 0.752
36 0.752 0.048 0.704
43 0.8 0.048 0.752
41 0.8 0.048 0.752
17 0.8 0.048 0.752
30 0.8 0.048 0.752
4 0.8 0.048 0.752
23 0.8 0.048 0.752
49 0.8 0.048 0.752
51 0.8 0.048 0.752
53 0.8 0.048 0.752
16 0.8 0.048 0.752
55 0.8 0.048 0.752
28 0.8 0.048 0.752
25 0.8 0.048 0.752
27 0.8 0.048 0.752
54 0.8 0.048 0.752
59 0.8 0.048 0.752
38 0.8 0.048 0.752
45 0.8 0.048 0.752
22 0.8 0.048 0.752
4 0.8 0.048 0.752
39 0.8 0.048 0.752
49 0.8 0.048 0.752
46 0.8 0.048 0.752
11 0.8 0.048 0.752
12 0.8 0.048 0.752
24 0.8 0.048 0.752
7 0.8 0.048 0.752
18 0.8 0.048 0.752
37 0.8 0.048 0.752
32 0.8 0.048 0.752
39 0.752 0.048 0.704
42 0.8 0.048 0.752
11 0.8 0.048 0.752
9 0.8 0.048 0.752
12 0.752 0.048 0.704
14 0.8 0.048 0.752
46 0.752 0.048 0.704
57 0.8 0.048 0.752
54 0.8 0.048 0.752
25 0.8 0.048 0.752
27 0.8 0.048 0.752
28 0.8 0.048 0.752
60 0.8 0.048 0.752
19 0.8 0.048 0.752
20 0.8 0.048 0.752
42 0.8 0.048 0.752
32 0.8 0.048 0.752
58 0.8 0.048 0.752
1 0.8 0.048 0.752
44 0.8 0.048 0.752
40 0.8 0.048 0.752
35 0.8 0.048 0.752
33 0.8 0.048 0.752
35 0.752 0.048 0.704
35 0.704 0.16 0.544
35 0.544 0.016 0.528
33 0.752 0.16 0.592
40 0.752 0.048 0.704
44 0.752 0.048 0.704
33 0.663319 0.048 0.615319
2 0.8 0.048 0.752
35 0.528 0.048 0.48
33 0.615319 0.048 0.567319
33 0.567319 0.16 0.407319
33 0.407319 0.016 0.391319
2 0.752 0.16 0.592
35 0.48 0.16 0.32
1 0.752 0.048 0.704
58 0.752 0.048 0.704
55 0.8 0.048 0.752
16 0.8 0.048 0.752
53 0.8 0.048 0.752
3 0.8 0.048 0.752
5 0.8 0.048 0.752
13 0.8 0.048 0.752
31 0.8 0.048 0.752
52 0.8 0.048 0.752
36 0.8 0.048 0.752
56 0.8 0.048 0.752
26 0.8 0.048 0.752
34 0.8 0.048 0.752
47 0.8 0.048 0.752
29 0.8 0.048 0.752
10 0.8 0.048 0.752
43 0.8 0.048 0.752
41 0.8 0.048 0.752
17 0.8 0.048 0.752
30 0.8 0.048 0.752
4 0.8 0.048 0.752
23 0.8 0.048 0.752
49 0.8 0.048 0.752
51 0.8 0.048 0.752
53 0.8 0.048 0.752
16 0.8 0.048 0.752
55 0.8 0.048 0.752
38 0.8 0.048 0.752
45 0.8 0.048 0.752
59 0.8 0.048 0.752
28 0.8 0.048 0.752
27 0.8 0.048 0.752
54 0.8 0.048 0.752
59 0.8 0.048 0.752
38 0.8 0.048 0.752
45 0.8 0.048 0.752
59 0.752 0.048 0.704
59 0.704 0.16 0.544
59 0.544 0.016 0.528
38 0.752 0.16 0.592
45 0.752 0.16 0.592
22 0.8 0.048 0.752
4 0.8 0.048 0.752
39 0.8 0.048 0.752
49 0.8 0.048 0.752
46 0.8 0.048 0.752
9 0.8 0.048 0.752
11 0.8 0.048 0.752
12 0.8 0.048 0.752
24 0.8 0.048 0.752
7 0.8 0.048 0.752
18 0.8 0.048 0.752
37 0.8 0.048 0.752
51 0.8 0.048 0.752
32 0.8 0.048 0.752
39 0.752 0.048 0.704
42 0.8 0.048 0.752
43 0.8 0.048 0.752
10 0.8 0.048 0.752
29 0.8 0.048 0.752
11 0.8 0.048 0.752
9 0.8 0.048 0.752
12 0.752 0.048 0.704
14 0.8 0.048 0.752
46 0.752 0.048 0.704
57 0.8 0.048 0.752
54 0.8 0.048 0.752
25 0.8 0.048 0.752
27 0.8 0.048 0.752
28 0.8 0.048 0.752
60 0.8 0.048 0.752
19 0.8 0.048 0.752
48 0.8 0.048 0.752
42 0.8 0.048 0.752
32 0.8 0.048 0.752
39 0.776489 0.048 0.728489
58 0.8 0.048 0.752
1 0.8 0.048 0.752
44 0.8 0.048 0.752
40 0.8 0.048 0.752
44 0.752 0.048 0.704
44 0.704 0.16 0.544
44 0.544 0.016 0.528
40 0.752 0.16 0.592
50 0.8 0.048 0.752
6 0.8 0.048 0.752
21 0.8 0.048 0.752
50 0.752 0.048 0.704
50 0.704 0.16 0.544
6 0.752 0.16 0.592
6 0.592 0.016 0.576
50 0.544 0.016 0.528
6 0.576 0.048 0.528
50 0.528 0.048 0.48
21 0.752 0.16 0.592
40 0.592 0.048 0.544
44 0.528 0.048 0.48
1 0.752 0.048 0.704
58 0.752 0.048 0.704
55 0.8 0.048 0.752
16 0.8 0.048 0.752
53 0.8 0.048 0.752
3 0.8 0.048 0.752
5 0.8 0.048 0.752
13 0.8 0.048 0.752
31 0.8 0.048 0.752
52 0.8 0.048 0.752
36 0.8 0.048 0.752
29 0.8 0.048 0.752
56 0.8 0.048 0.752
26 0.8 0.048 0.752
34 0.8 0.048 0.752
47 0.8 0.048 0.752
29 0.752 0.048 0.704
10 0.8 0.048 0.752
36 0.752 0.048 0.704
43 0.8 0.048 0.752
41 0.8 0.048 0.752
17 0.8 0.048 0.752
30 0.8 0.048 0.752
4 0.8 0.048 0.752
23 0.8 0.048 0.752
49 0.8 0.048 0.752
51 0.8 0.048 0.752
53 0.8 0.048 0.752
16 0.8 0.048 0.752
55 0.8 0.048 0.752
38 0.8 0.048 0.752
45 0.8 0.048 0.752
59 0.8 0.048 0.752
38 0.752 0.048 0.704
38 0.704 0.16 0.544
45 0.752 0.16 0.592
59 0.752 0.16 0.592
59 0.592 0.016 0.576
38 0.544 0.016 0.528
59 0.576 0.048 0.528
38 0.528 0.048 0.48
45 0.592 0.048 0.544
28 0.8 0.048 0.752
27 0.8 0.048 0.752
54 0.8 0.048 0.752
22 0.8 0.048 0.752
4 0.8 0.048 0.752
39 0.8 0.048 0.752
46 0.8 0.048 0.752
11 0.8 0.048 0.752
12 0.8 0.048 0.752
24 0.8 0.048 0.752
7 0.8 0.048 0.752
18 0.8 0.048 0.752
37 0.8 0.048 0.752
51 0.8 0.048 0.752
32 0.8 0.048 0.752
39 0.752 0.048 0.704
42 0.8 0.048 0.752
43 0.8 0.048 0.752
10 0.8 0.048 0.752
29 0.8 0.048 0.752
20 0.8 0.048 0.752
19 0.8 0.048 0.752
48 0.8 0.048 0.752
11 0.8 0.048 0.752
9 0.8 0.048 0.752
12 0.752 0.048 0.704
14 0.8 0.048 0.752
46 0.752 0.048 0.704
57 0.8 0.048 0.752
54 0.8 0.048 0.752
25 0.8 0.048 0.752
27 0.8 0.048 0.752
28 0.8 0.048 0.752
60 0.8 0.048 0.752
19 0.8 0.048 0.752
42 0.8 0.048 0.752
8 0.8 0.048 0.752
32 0.8 0.048 0.752
39 0.776413 0.048 0.728413
58 0.8 0.048 0.752
1 0.8 0.048 0.752
6 0.8 0.048 0.752
50 0.8 0.048 0.752
40 0.8 0.048 0.752
44 0.8 0.048 0.752
17 0.8 0.048 0.752
41 0.8 0.048 0.752
1 0.752 0.048 0.704
58 0.752 0.048 0.704
55 0.8 0.048 0.752
53 0.8 0.048 0.752
3 0.8 0.048 0.752
5 0.8 0.048 0.752
13 0.8 0.048 0.752
31 0.8 0.048 0.752
52 0.8 0.048 0.752
36 0.8 0.048 0.752
29 0.8 0.048 0.752
56 0.8 0.048 0.752
26 0.8 0.048 0.752
34 0.8 0.048 0.752
47 0.8 0.048 0.752
29 0.752 0.048 0.704
10 0.8 0.048 0.752
36 0.752 0.048 0.704
43 0.8 0.048 0.752
41 0.8 0.048 0.752
17 0.8 0.048 0.752
30 0.8 0.048 0.752
23 0.8 0.048 0.752
49 0.8 0.048 0.752
51 0.8 0.048 0.752
53 0.8 0.048 0.752
16 0.8 0.048 0.752
55 0.8 0.048 0.752
52 0.8 0.048 0.752
31 0.8 0.048 0.752
59 0.8 0.048 0.752
38 0.8 0.048 0.752
45 0.8 0.048 0.752
28 0.8 0.048 0.752
27 0.8 0.048 0.752
54 0.8 0.048 0.752
22 0.8 0.048 0.752
4 0.8 0.048 0.752
32 0.8 0.048 0.752
39 0.8 0.048 0.752
46 0.8 0.048 0.752
9 0.8 0.048 0.752
11 0.8 0.048 0.752
12 0.8 0.048 0.752
24 0.8 0.048 0.752
7 0.8 0.048 0.752
18 0.8 0.048 0.752
37 0.8 0.048 0.752
51 0.8 0.048 0.752
32 0.752 0.048 0.704
22 0.8 0.048 0.752
39 0.752 0.048 0.704
42 0.8 0.048 0.752
43 0.8 0.048 0.752
10 0.8 0.048 0.752
29 0.8 0.048 0.752
20 0.8 0.048 0.752
19 0.8 0.048 0.752
48 0.8 0.048 0.752
60 0.8 0.048 0.752
11 0.8 0.048 0.752
9 0.8 0.048 0.752
12 0.752 0.048 0.704
14 0.8 0.048 0.752
46 0.752 0.048 0.704
57 0.8 0.048 0.752
54 0.8 0.048 0.752
25 0.8 0.048 0.752
27 0.8 0.048 0.752
28 0.8 0.048 0.752
60 0.8 0.048 0.752
19 0.8 0.048 0.752
20 0.752 0.048 0.704
48 0.752 0.048 0.704
42 0.8 0.048 0.752
32 0.777851 0.048 0.729851
39 0.775838 0.048 0.727838
58 0.8 0.048 0.752
1 0.8 0.048 0.752
6 0.8 0.048 0.752
50 0.8 0.048 0.752
40 0.8 0.048 0.752
44 0.8 0.048 0.752
17 0.8 0.048 0.752
41 0.8 0.048 0.752
1 0.752 0.048 0.704
58 0.752 0.048 0.704
55 0.8 0.048 0.752
53 0.8 0.048 0.752
3 0.8 0.048 0.752
5 0.8 0.048 0.752
13 0.8 0.048 0.752
31 0.8 0.048 0.752
52 0.8 0.048 0.752
36 0.8 0.048 0.752
56 0.8 0.048 0.752
26 0.8 0.048 0.752
34 0.8 0.048 0.752
47 0.8 0.048 0.752
34 0.752 0.048 0.704
26 0.752 0.048 0.704
47 0.752 0.048 0.704
56 0.752 0.048 0.704
29 0.8 0.048 0.752
10 0.8 0.048 0.752
43 0.8 0.048 0.752
41 0.8 0.048 0.752
17 0.8 0.048 0.752
30 0.8 0.048 0.752
23 0.8 0.048 0.752
49 0.8 0.048 0.752
53 0.8 0.048 0.752
16 0.8 0.048 0.752
55 0.8 0.048 0.752
53 0.752 0.048 0.704
53 0.704 0.16 0.544
53 0.544 0.016 0.528
16 0.752 0.16 0.592
55 0.752 0.16 0.592
52 0.8 0.048 0.752
31 0.8 0.048 0.752
59 0.8 0.048 0.752
38 0.8 0.048 0.752
45 0.8 0.048 0.752
28 0.8 0.048 0.752
25 0.8 0.048 0.752
27 0.8 0.048 0.752
54 0.8 0.048 0.752
22 0.8 0.048 0.752
4 0.8 0.048 0.752
32 0.8 0.048 0.752
39 0.8 0.048 0.752
46 0.8 0.048 0.752
11 0.8 0.048 0.752
12 0.8 0.048 0.752
24 0.8 0.048 0.752
7 0.8 0.048 0.752
18 0.8 0.048 0.752
37 0.8 0.048 0.752
51 0.8 0.048 0.752
32 0.752 0.048 0.704
22 0.8 0.048 0.752
39 0.752 0.048 0.704
42 0.8 0.048 0.752
43 0.8 0.048 0.752
10 0.8 0.048 0.752
29 0.8 0.048 0.752
20 0.8 0.048 0.752
19 0.8 0.048 0.752
48 0.8 0.048 0.752
60 0.8 0.048 0.752
11 0.8 0.048 0.752
9 0.8 0.048 0.752
12 0.752 0.048 0.704
14 0.8 0.048 0.752
46 0.752 0.048 0.704
57 0.8 0.048 0.752
54 0.8 0.048 0.752
25 0.8 0.048 0.752
27 0.8 0.048 0.752
28 0.8 0.048 0.752
60 0.8 0.048 0.752
19 0.8 0.048 0.752
48 0.752 0.048 0.704
42 0.8 0.048 0.752
8 0.8 0.048 0.752
32 0.781778 0.048 0.733778
39 0.779444 0.048 0.731444
58 0.8 0.048 0.752
1 0.8 0.048 0.752
6 0.8 0.048 0.752
50 0.8 0.048 0.752
40 0.8 0.048 0.752
17 0.8 0.048 0.752
41 0.8 0.048 0.752
1 0.752 0.048 0.704
58 0.752 0.048 0.704
55 0.8 0.048 0.752
53 0.8 0.048 0.752
3 0.8 0.048 0.752
5 0.8 0.048 0.752
13 0.8 0.048 0.752
3 0.752 0.048 0.704
3 0.704 0.16 0.544
3 0.544 0.016 0.528
5 0.752 0.16 0.592
13 0.752 0.16 0.592
31 0.8 0.048 0.752
52 0.8 0.048 0.752
36 0.8 0.048 0.752
29 0.8 0.048 0.752
56 0.8 0.048 0.752
26 0.8 0.048 0.752
34 0.8 0.048 0.752
47 0.8 0.048 0.752
34 0.752 0.048 0.704
26 0.752 0.048 0.704
47 0.752 0.048 0.704
56 0.752 0.048 0.704
29 0.752 0.048 0.704
10 0.8 0.048 0.752
36 0.752 0.048 0.704
43 0.8 0.048 0.752
41 0.8 0.048 0.752
17 0.8 0.048 0.752
30 0.8 0.048 0.752
4 0.8 0.048 0.752
7 0.8 0.048 0.752
23 0.8 0.048 0.752
49 0.8 0.048 0.752
51 0.8 0.048 0.752
52 0.8 0.048 0.752
31 0.8 0.048 0.752
59 0.8 0.048 0.752
38 0.8 0.048 0.752
45 0.8 0.048 0.752
28 0.8 0.048 0.752
25 0.8 0.048 0.752
27 0.8 0.048 0.752
54 0.8 0.048 0.752
28 0.752 0.048 0.704
28 0.704 0.16 0.544
28 0.544 0.016 0.528
25 0.752 0.16 0.592
27 0.752 0.16 0.592
54 0.752 0.16 0.592
22 0.8 0.048 0.752
4 0.8 0.048 0.752
32 0.8 0.048 0.752
39 0.8 0.048 0.752
46 0.8 0.048 0.752
9 0.8 0.048 0.752
11 0.8 0.048 0.752
12 0.8 0.048 0.752
24 0.8 0.048 0.752
7 0.8 0.048 0.752
18 0.8 0.048 0.752
37 0.8 0.048 0.752
51 0.8 0.048 0.752
32 0.752 0.048 0.704
22 0.8 0.048 0.752
39 0.752 0.048 0.704
42 0.8 0.048 0.752
43 0.8 0.048 0.752
10 0.8 0.048 0.752
29 0.8 0.048 0.752
20 0.8 0.048 0.752
19 0.8 0.048 0.752
48 0.8 0.048 0.752
11 0.8 0.048 0.752
9 0.8 0.048 0.752
12 0.752 0.048 0.704
46 0.752 0.048 0.704
57 0.8 0.048 0.752
54 0.738152 0.048 0.690152
25 0.740798 0.048 0.692798
27 0.741149 0.048 0.693149
28 0.682155 0.048 0.634155
54 0.690152 0.048 0.642152
54 0.642152 0.16 0.482152
25 0.692798 0.16 0.532798
27 0.693149 0.16 0.533149
28 0.634155 0.16 0.474155
60 0.8 0.048 0.752
19 0.8 0.048 0.752
48 0.752 0.048 0.704
42 0.8 0.048 0.752
32 0.78105 0.048 0.73305
39 0.782975 0.048 0.734975
58 0.8 0.048 0.752
1 0.8 0.048 0.752
35 0.8 0.048 0.752
33 0.8 0.048 0.752
35 0.752 0.048 0.704
35 0.704 0.16 0.544
33 0.752 0.16 0.592
33 0.592 0.016 0.576
35 0.544 0.016 0.528
33 0.576 0.048 0.528
2 0.8 0.048 0.752
15 0.8 0.048 0.752
35 0.528 0.048 0.48
6 0.8 0.048 0.752
21 0.8 0.048 0.752
50 0.8 0.048 0.752
40 0.8 0.048 0.752
17 0.8 0.048 0.752
41 0.8 0.048 0.752
1 0.752 0.048 0.704
58 0.752 0.048 0.704
55 0.8 0.048 0.752
53 0.8 0.048 0.752
31 0.8 0.048 0.752
52 0.8 0.048 0.752
36 0.8 0.048 0.752
56 0.8 0.048 0.752
26 0.8 0.048 0.752
34 0.8 0.048 0.752
47 0.8 0.048 0.752
56 0.752 0.048 0.704
56 0.704 0.16 0.544
56 0.544 0.016 0.528
26 0.752 0.16 0.592
34 0.752 0.16 0.592
47 0.752 0.16 0.592
34 0.592 0.048 0.544
26 0.592 0.048 0.544
47 0.592 0.048 0.544
56 0.528 0.048 0.48
34 0.544 0.048 0.496
34 0.496 0.16 0.336
34 0.336 0.016 0.32
26 0.544 0.16 0.384
47 0.544 0.16 0.384
56 0.48 0.16 0.32
29 0.8 0.048 0.752
10 0.8 0.048 0.752
43 0.8 0.048 0.752
41 0.8 0.048 0.752
17 0.8 0.048 0.752
30 0.8 0.048 0.752
4 0.8 0.048 0.752
7 0.8 0.048 0.752
18 0.8 0.048 0.752
23 0.8 0.048 0.752
49 0.8 0.048 0.752
51 0.8 0.048 0.752
13 0.8 0.048 0.752
3 0.8 0.048 0.752
5 0.8 0.048 0.752
13 0.752 0.048 0.704
13 0.704 0.16 0.544
3 0.752 0.16 0.592
3 0.592 0.016 0.576
13 0.544 0.016 0.528
3 0.576 0.048 0.528
5 0.752 0.048 0.704
13 0.528 0.048 0.48
5 0.704 0.16 0.544
52 0.8 0.048 0.752
31 0.8 0.048 0.752
59 0.8 0.048 0.752
38 0.8 0.048 0.752
45 0.8 0.048 0.752
22 0.8 0.048 0.752
4 0.8 0.048 0.752
39 0.8 0.048 0.752
46 0.8 0.048 0.752
11 0.8 0.048 0.752
12 0.8 0.048 0.752
24 0.8 0.048 0.752
7 0.8 0.048 0.752
18 0.8 0.048 0.752
37 0.8 0.048 0.752
51 0.8 0.048 0.752
32 0.8 0.048 0.752
39 0.752 0.048 0.704
42 0.8 0.048 0.752
43 0.8 0.048 0.752
10 0.8 0.048 0.752
29 0.8 0.048 0.752
20 0.8 0.048 0.752
19 0.8 0.048 0.752
48 0.8 0.048 0.752
60 0.8 0.048 0.752
20 0.752 0.048 0.704
20 0.704 0.16 0.544
20 0.544 0.016 0.528
19 0.752 0.16 0.592
48 0.752 0.16 0.592
60 0.752 0.16 0.592
11 0.8 0.048 0.752
9 0.8 0.048 0.752
12 0.752 0.048 0.704
14 0.8 0.048 0.752
46 0.752 0.048 0.704
60 0.668613 0.048 0.620613
19 0.669742 0.048 0.621742
20 0.528 0.048 0.48
48 0.592 0.048 0.544
42 0.8 0.048 0.752
32 0.8 0.048 0.752
39 0.782496 0.048 0.734496
58 0.8 0.048 0.752
1 0.8 0.048 0.752
33 0.8 0.048 0.752
2 0.8 0.048 0.752
15 0.8 0.048 0.752
35 0.8 0.048 0.752
6 0.8 0.048 0.752
50 0.8 0.048 0.752
40 0.8 0.048 0.752
17 0.8 0.048 0.752
41 0.8 0.048 0.752
1 0.752 0.048 0.704
58 0.752 0.048 0.704
55 0.8 0.048 0.752
53 0.8 0.048 0.752
31 0.8 0.048 0.752
52 0.8 0.048 0.752
36 0.8 0.048 0.752
29 0.8 0.048 0.752
29 0.752 0.048 0.704
10 0.8 0.048 0.752
36 0.752 0.048 0.704
43 0.8 0.048 0.752
29 0.704 0.048 0.656
29 0.656 0.16 0.496
29 0.496 0.016 0.48
10 0.752 0.16 0.592
36 0.704 0.16 0.544
43 0.752 0.16 0.592
41 0.8 0.048 0.752
17 0.8 0.048 0.752
30 0.8 0.048 0.752
4 0.8 0.048 0.752
7 0.8 0.048 0.752
23 0.8 0.048 0.752
49 0.8 0.048 0.752
51 0.8 0.048 0.752
3 0.8 0.048 0.752
5 0.8 0.048 0.752
13 0.8 0.048 0.752
52 0.8 0.048 0.752
31 0.8 0.048 0.752
59 0.8 0.048 0.752
38 0.8 0.048 0.752
45 0.8 0.048 0.752
22 0.8 0.048 0.752
4 0.8 0.048 0.752
32 0.8 0.048 0.752
39 0.8 0.048 0.752
46 0.8 0.048 0.752
11 0.8 0.048 0.752
24 0.8 0.048 0.752
18 0.8 0.048 0.752
37 0.8 0.048 0.752
51 0.8 0.048 0.752
32 0.752 0.048 0.704
22 0.8 0.048 0.752
39 0.752 0.048 0.704
42 0.8 0.048 0.752
43 0.8 0.048 0.752
10 0.734968 0.048 0.686968
29 0.702846 0.048 0.654846
43 0.752 0.048 0.704
43 0.704 0.16 0.544
10 0.686968 0.16 0.526968
29 0.654846 0.16 0.494846
11 0.8 0.048 0.752
9 0.8 0.048 0.752
12 0.8 0.048 0.752
14 0.8 0.048 0.752
46 0.752 0.048 0.704
57 0.8 0.048 0.752
11 0.752 0.048 0.704
11 0.704 0.16 0.544
11 0.544 0.016 0.528
9 0.752 0.16 0.592
12 0.752 0.16 0.592
14 0.752 0.16 0.592
46 0.704 0.16 0.544
57 0.752 0.16 0.592
60 0.8 0.048 0.752
19 0.8 0.048 0.752
20 0.8 0.048 0.752
48 0.8 0.048 0.752
42 0.8 0.048 0.752
32 0.779576 0.048 0.731576
39 0.777829 0.048 0.729829
58 0.8 0.048 0.752
1 0.8 0.048 0.752
33 0.8 0.048 0.752
15 0.8 0.048 0.752
35 0.8 0.048 0.752
6 0.8 0.048 0.752
21 0.8 0.048 0.752
50 0.8 0.048 0.752
40 0.8 0.048 0.752
17 0.8 0.048 0.752
41 0.8 0.048 0.752
1 0.752 0.048 0.704
58 0.752 0.048 0.704
55 0.8 0.048 0.752
53 0.8 0.048 0.752
31 0.8 0.048 0.752
52 0.8 0.048 0.752
36 0.8 0.048 0.752
29 0.647055 0.048 0.599055
41 0.8 0.048 0.752
17 0.8 0.048 0.752
30 0.8 0.048 0.752
7 0.8 0.048 0.752
23 0.8 0.048 0.752
49 0.8 0.048 0.752
51 0.8 0.048 0.752
3 0.8 0.048 0.752
5 0.8 0.048 0.752
13 0.8 0.048 0.752
28 0.8 0.048 0.752
3 0.752 0.048 0.704
3 0.704 0.16 0.544
5 0.752 0.16 0.592
13 0.752 0.16 0.592
28 0.752 0.16 0.592
28 0.592 0.016 0.576
3 0.544 0.016 0.528
28 0.576 0.048 0.528
3 0.528 0.048 0.48
27 0.8 0.048 0.752
54 0.8 0.048 0.752
52 0.8 0.048 0.752
31 0.8 0.048 0.752
59 0.8 0.048 0.752
38 0.8 0.048 0.752
45 0.8 0.048 0.752
22 0.8 0.048 0.752
4 0.8 0.048 0.752
39 0.8 0.048 0.752
46 0.8 0.048 0.752
11 0.8 0.048 0.752
12 0.8 0.048 0.752
46 0.752 0.048 0.704
46 0.704 0.16 0.544
11 0.752 0.16 0.592
11 0.592 0.016 0.576
46 0.544 0.016 0.528
11 0.576 0.048 0.528
9 0.8 0.048 0.752
12 0.752 0.048 0.704
14 0.8 0.048 0.752
46 0.528 0.048 0.48
57 0.8 0.048 0.752
12 0.704 0.16 0.544
24 0.8 0.048 0.752
18 0.8 0.048 0.752
37 0.8 0.048 0.752
51 0.8 0.048 0.752
32 0.8 0.048 0.752
39 0.752 0.048 0.704
42 0.8 0.048 0.752
60 0.8 0.048 0.752
19 0.8 0.048 0.752
48 0.8 0.048 0.752
42 0.8 0.048 0.752
32 0.8 0.048 0.752
39 0.782909 0.048 0.734909
58 0.8 0.048 0.752
1 0.8 0.048 0.752
33 0.8 0.048 0.752
15 0.8 0.048 0.752
35 0.8 0.048 0.752
6 0.8 0.048 0.752
50 0.8 0.048 0.752
40 0.8 0.048 0.752
17 0.8 0.048 0.752
41 0.8 0.048 0.752
17 0.752 0.048 0.704
17 0.704 0.16 0.544
17 0.544 0.016 0.528
41 0.752 0.16 0.592
1 0.752 0.048 0.704
58 0.752 0.048 0.704
55 0.8 0.048 0.752
53 0.8 0.048 0.752
31 0.8 0.048 0.752
52 0.8 0.048 0.752
36 0.8 0.048 0.752
29 0.8 0.048 0.752
41 0.746492 0.048 0.698492
17 0.677299 0.048 0.629299
30 0.8 0.048 0.752
7 0.8 0.048 0.752
23 0.8 0.048 0.752
49 0.8 0.048 0.752
51 0.8 0.048 0.752
28 0.8 0.048 0.752
3 0.8 0.048 0.752
27 0.8 0.048 0.752
54 0.8 0.048 0.752
52 0.8 0.048 0.752
31 0.8 0.048 0.752
59 0.8 0.048 0.752
38 0.8 0.048 0.752
45 0.8 0.048 0.752
22 0.8 0.048 0.752
4 0.8 0.048 0.752
32 0.8 0.048 0.752
39 0.8 0.048 0.752
11 0.8 0.048 0.752
9 0.8 0.048 0.752
12 0.8 0.048 0.752
14 0.8 0.048 0.752
46 0.8 0.048 0.752
24 0.8 0.048 0.752
18 0.8 0.048 0.752
37 0.8 0.048 0.752
51 0.8 0.048 0.752
32 0.752 0.048 0.704
22 0.8 0.048 0.752
39 0.752 0.048 0.704
42 0.8 0.048 0.752
60 0.8 0.048 0.752
19 0.8 0.048 0.752
48 0.8 0.048 0.752
42 0.8 0.048 0.752
32 0.777317 0.048 0.729317
39 0.774872 0.048 0.726872
58 0.8 0.048 0.752
1 0.8 0.048 0.752
33 0.8 0.048 0.752
15 0.8 0.048 0.752
35 0.8 0.048 0.752
6 0.8 0.048 0.752
21 0.8 0.048 0.752
50 0.8 0.048 0.752
40 0.8 0.048 0.752
1 0.752 0.048 0.704
58 0.752 0.048 0.704
55 0.8 0.048 0.752
53 0.8 0.048 0.752
31 0.8 0.048 0.752
52 0.8 0.048 0.752
36 0.8 0.048 0.752
29 0.8 0.048 0.752
41 0.8 0.048 0.752
17 0.8 0.048 0.752
30 0.8 0.048 0.752
7 0.8 0.048 0.752
23 0.8 0.048 0.752
49 0.8 0.048 0.752
51 0.8 0.048 0.752
30 0.752 0.048 0.704
30 0.704 0.16 0.544
30 0.544 0.016 0.528
7 0.752 0.16 0.592
23 0.752 0.16 0.592
49 0.752 0.16 0.592
51 0.752 0.16 0.592
28 0.8 0.048 0.752
54 0.8 0.048 0.752
52 0.8 0.048 0.752
31 0.8 0.048 0.752
59 0.8 0.048 0.752
38 0.8 0.048 0.752
45 0.8 0.048 0.752
22 0.8 0.048 0.752
4 0.8 0.048 0.752
39 0.8 0.048 0.752
22 0.752 0.048 0.704
22 0.704 0.16 0.544
22 0.544 0.016 0.528
4 0.752 0.16 0.592
39 0.752 0.16 0.592
11 0.8 0.048 0.752
9 0.8 0.048 0.752
12 0.8 0.048 0.752
46 0.8 0.048 0.752
24 0.8 0.048 0.752
18 0.8 0.048 0.752
37 0.8 0.048 0.752
51 0.741073 0.048 0.693073
32 0.8 0.048 0.752
39 0.592 0.048 0.544
42 0.8 0.048 0.752
32 0.752 0.048 0.704
32 0.704 0.16 0.544
32 0.544 0.016 0.528
39 0.544 0.16 0.384
42 0.752 0.16 0.592
60 0.8 0.048 0.752
19 0.8 0.048 0.752
42 0.66373 0.048 0.61573
32 0.600819 0.048 0.552819
39 0.463581 0.048 0.415581
42 0.61573 0.096 0.51973
42 0.51973 0.16 0.35973
42 0.35973 0.016 0.34373
32 0.552819 0.16 0.392819
39 0.415581 0.16 0.255581
58 0.8 0.048 0.752
1 0.8 0.048 0.752
33 0.8 0.048 0.752
15 0.8 0.048 0.752
35 0.8 0.048 0.752
6 0.8 0.048 0.752
21 0.8 0.048 0.752
50 0.8 0.048 0.752
40 0.8 0.048 0.752
1 0.752 0.048 0.704
58 0.752 0.048 0.704
55 0.8 0.048 0.752
53 0.8 0.048 0.752
31 0.8 0.048 0.752
52 0.8 0.048 0.752
36 0.8 0.048 0.752
29 0.8 0.048 0.752
41 0.8 0.048 0.752
17 0.8 0.048 0.752
28 0.8 0.048 0.752
27 0.8 0.048 0.752
54 0.8 0.048 0.752
52 0.8 0.048 0.752
31 0.8 0.048 0.752
59 0.8 0.048 0.752
38 0.8 0.048 0.752
45 0.8 0.048 0.752
11 0.8 0.048 0.752
9 0.8 0.048 0.752
12 0.8 0.048 0.752
14 0.8 0.048 0.752
46 0.8 0.048 0.752
24 0.8 0.048 0.752
18 0.8 0.048 0.752
37 0.8 0.048 0.752
51 0.8 0.048 0.752
60 0.8 0.048 0.752
19 0.8 0.048 0.752
48 0.8 0.048 0.752
58 0.8 0.048 0.752
1 0.8 0.048 0.752
33 0.8 0.048 0.752
2 0.8 0.048 0.752
15 0.8 0.048 0.752
35 0.8 0.048 0.752
6 0.8 0.048 0.752
50 0.8 0.048 0.752
40 0.8 0.048 0.752
1 0.752 0.048 0.704
58 0.752 0.048 0.704
55 0.8 0.048 0.752
53 0.8 0.048 0.752
31 0.8 0.048 0.752
52 0.8 0.048 0.752
36 0.8 0.048 0.752
29 0.8 0.048 0.752
41 0.8 0.048 0.752
17 0.8 0.048 0.752
28 0.8 0.048 0.752
5 0.8 0.048 0.752
27 0.8 0.048 0.752
54 0.8 0.048 0.752
52 0.8 0.048 0.752
31 0.8 0.048 0.752
59 0.8 0.048 0.752
38 0.8 0.048 0.752
45 0.8 0.048 0.752
59 0.752 0.048 0.704
59 0.704 0.16 0.544
59 0.544 0.016 0.528
38 0.752 0.16 0.592
45 0.752 0.16 0.592
11 0.8 0.048 0.752
9 0.8 0.048 0.752
12 0.8 0.048 0.752
14 0.8 0.048 0.752
46 0.8 0.048 0.752
24 0.8 0.048 0.752
18 0.8 0.048 0.752
37 0.8 0.048 0.752
60 0.8 0.048 0.752
19 0.8 0.048 0.752
58 0.8 0.048 0.752
1 0.8 0.048 0.752
33 0.8 0.048 0.752
2 0.8 0.048 0.752
15 0.8 0.048 0.752
35 0.8 0.048 0.752
6 0.8 0.048 0.752
21 0.8 0.048 0.752
50 0.8 0.048 0.752
40 0.8 0.048 0.752
40 0.752 0.048 0.704
40 0.704 0.16 0.544
40 0.544 0.016 0.528
1 0.752 0.048 0.704
58 0.752 0.048 0.704
55 0.8 0.048 0.752
53 0.8 0.048 0.752
31 0.8 0.048 0.752
52 0.8 0.048 0.752
31 0.752 0.048 0.704
31 0.704 0.16 0.544
31 0.544 0.016 0.528
52 0.752 0.16 0.592
36 0.8 0.048 0.752
29 0.8 0.048 0.752
57 0.8 0.048 0.752
41 0.8 0.048 0.752
17 0.8 0.048 0.752
28 0.8 0.048 0.752
27 0.8 0.048 0.752
54 0.8 0.048 0.752
52 0.663618 0.048 0.615618
31 0.602768 0.048 0.554768
52 0.615618 0.096 0.519618
52 0.519618 0.16 0.359618
52 0.359618 0.016 0.343618
31 0.554768 0.16 0.394768
11 0.8 0.048 0.752
9 0.8 0.048 0.752
12 0.8 0.048 0.752
46 0.8 0.048 0.752
24 0.8 0.048 0.752
18 0.8 0.048 0.752
37 0.8 0.048 0.752
51 0.8 0.048 0.752
60 0.8 0.048 0.752
19 0.8 0.048 0.752
58 0.8 0.048 0.752
1 0.8 0.048 0.752
58 0.752 0.048 0.704
58 0.704 0.16 0.544
58 0.544 0.016 0.528
1 0.752 0.16 0.592
33 0.8 0.048 0.752
2 0.8 0.048 0.752
15 0.8 0.048 0.752
35 0.8 0.048 0.752
6 0.8 0.048 0.752
21 0.8 0.048 0.752
50 0.8 0.048 0.752
1 0.592 0.048 0.544
58 0.528 0.048 0.48
1 0.544 0.048 0.496
1 0.496 0.16 0.336
1 0.336 0.016 0.32
58 0.48 0.16 0.32
55 0.8 0.048 0.752
53 0.8 0.048 0.752
36 0.8 0.048 0.752
14 0.8 0.048 0.752
57 0.8 0.048 0.752
41 0.8 0.048 0.752
17 0.8 0.048 0.752
28 0.8 0.048 0.752
27 0.8 0.048 0.752
54 0.8 0.048 0.752
11 0.8 0.048 0.752
9 0.8 0.048 0.752
12 0.8 0.048 0.752
46 0.8 0.048 0.752
24 0.8 0.048 0.752
18 0.8 0.048 0.752
37 0.8 0.048 0.752
51 0.8 0.048 0.752
60 0.8 0.048 0.752
19 0.8 0.048 0.752
48 0.8 0.048 0.752
33 0.8 0.048 0.752
2 0.8 0.048 0.752
15 0.8 0.048 0.752
35 0.8 0.048 0.752
6 0.8 0.048 0.752
21 0.8 0.048 0.752
50 0.8 0.048 0.752
55 0.8 0.048 0.752
53 0.8 0.048 0.752
55 0.752 0.048 0.704
55 0.704 0.16 0.544
55 0.544 0.016 0.528
53 0.752 0.16 0.592
36 0.8 0.048 0.752
57 0.8 0.048 0.752
41 0.8 0.048 0.752
17 0.8 0.048 0.752
28 0.8 0.048 0.752
27 0.8 0.048 0.752
54 0.8 0.048 0.752
11 0.8 0.048 0.752
9 0.8 0.048 0.752
12 0.8 0.048 0.752
46 0.8 0.048 0.752
24 0.8 0.048 0.752
37 0.8 0.048 0.752
60 0.8 0.048 0.752
19 0.8 0.048 0.752
26 0.8 0.048 0.752
48 0.8 0.048 0.752
33 0.8 0.048 0.752
2 0.8 0.048 0.752
8 0.8 0.048 0.752
15 0.8 0.048 0.752
35 0.8 0.048 0.752
6 0.8 0.048 0.752
21 0.8 0.048 0.752
50 0.8 0.048 0.752
36 0.8 0.048 0.752
14 0.8 0.048 0.752
29 0.8 0.048 0.752
57 0.8 0.048 0.752
41 0.8 0.048 0.752
17 0.8 0.048 0.752
28 0.8 0.048 0.752
27 0.8 0.048 0.752
54 0.8 0.048 0.752
11 0.8 0.048 0.752
9 0.8 0.048 0.752
12 0.8 0.048 0.752
46 0.8 0.048 0.752
24 0.8 0.048 0.752
18 0.8 0.048 0.752
37 0.8 0.048 0.752
60 0.8 0.048 0.752
19 0.8 0.048 0.752
26 0.8 0.048 0.752
48 0.8 0.048 0.752
60 0.752 0.048 0.704
60 0.704 0.16 0.544
60 0.544 0.016 0.528
19 0.752 0.16 0.592
26 0.752 0.16 0.592
48 0.752 0.16 0.592
33 0.8 0.048 0.752
2 0.8 0.048 0.752
15 0.8 0.048 0.752
35 0.8 0.048 0.752
6 0.8 0.048 0.752
21 0.8 0.048 0.752
50 0.8 0.048 0.752
36 0.8 0.048 0.752
14 0.8 0.048 0.752
29 0.8 0.048 0.752
57 0.8 0.048 0.752
41 0.8 0.048 0.752
17 0.8 0.048 0.752
28 0.8 0.048 0.752
27 0.8 0.048 0.752
54 0.8 0.048 0.752
