29 2012 0 100 1 1.06896 2.06896
13 2039 0 100 1.16701e-08 2.12461 2.12461
38 2042 0 100 1.16701e-08 2.31051 2.31051
35 2018 0 100 1 1.3444 2.3444
3 2015 0 100 2 1.22273 3.22273
26 2025 0 100 2 1.57295 3.57295
42 2052 0 100 1 2.77849 3.77849
19 2037 0 100 2 1.98696 3.98696
54 2070 0 100 0.5 3.64345 4.14345
39 2051 0 100 1.5 2.76305 4.26305
47 2089 0 100 1.16701e-08 4.36924 4.36924
18 2067 0 100 1 3.40612 4.40612
45 2091 0 100 1.16701e-08 4.42472 4.42472
17 2036 0 100 2.5 1.97215 4.47215
12 2026 0 100 3 1.6091 4.6091
10 2062 0 100 1.5 3.18682 4.68682
53 2049 0 100 2 2.75283 4.75283
15 2020 0 100 3.5 1.38065 4.88065
6 2033 0 100 3 1.92359 4.92359
60 2097 0 100 0.5 4.67632 5.17632
21 2084 0 100 1.5 4.19685 5.69685
49 2075 0 100 2 3.77259 5.77259
32 2066 0 100 2.5 3.37872 5.87872
37 2063 0 100 3 3.19188 6.19188
55 2031 0 100 4.5 1.80951 6.30951
48 2013 0 100 5.5 1.15373 6.65373
27 2053 0 100 4 2.83435 6.83435
29 2119 0 100 1.5 5.84722 7.34722
13 2106 0 100 2.5 4.90124 7.40124
57 2094 0 100 3 4.56976 7.56976
5 2046 0 100 5.5 2.48361 7.98361
28 2102 0 100 3.5 4.86271 8.36271
56 2078 0 100 4.5 3.90085 8.40085
3 2114 0 100 3 5.65108 8.65108
31 2105 0 100 4 4.87171 8.87171
22 2071 0 100 5.5 3.65495 9.15495
39 2134 0 100 2.5 6.86269 9.36269
46 2059 0 100 6.5 3.05177 9.55177
11 2098 0 100 5 4.67723 9.67723
18 2140 0 100 2.5 7.17926 9.67926
53 2142 0 100 2.5 7.35373 9.85373
12 2151 0 100 2 7.93038 9.93038
10 2146 0 100 2.5 7.58295 10.0829
6 2177 0 100 0.5 9.73468 10.2347
2 2087 0 100 6 4.31035 10.3103
30 2118 0 100 5 5.83927 10.8393
55 2174 0 100 2 9.48715 11.4871
14 2043 0 100 9.5 2.3505 11.8505
14 2122 0 100 6 5.98136 11.9814
20 2170 0 100 3 9.17838 12.1784
27 2116 0 100 6.5 5.75933 12.2593
52 2022 0 100 11 1.40433 12.4043
41 2082 0 100 8.5 4.13332 12.6333
16 2099 0 100 8 4.71291 12.7129
59 2057 0 100 10 3.01112 13.0111
51 2085 0 100 9 4.21093 13.2109
1 2028 0 100 12 1.67886 13.6789
42 2138 0 100 7 7.12845 14.1285
54 2153 0 100 6.5 8.05189 14.5519
