29 711
14 711
45 713
33 713
16 713
27 714
44 714
32 715
31 715
12 715
28 716
52 716
48 717
66 717
39 717
50 718
1 718
25 718
68 719
5 712
56 720
33 721
30 721
23 722
64 722
19 716
9 723
7 723
46 724
6 724
15 725
12 726
35 727
8 727
17 728
2 728
49 729
55 729
43 730
1 731
59 731
10 715
37 732
4 732
70 732
36 732
42 732
20 733
62 733
65 734
54 735
41 740
57 740
13 741
3 742
32 742
60 742
38 742
4 736
18 738
67 736
11 736
61 743
22 743
69 744
33 744
63 719
23 748
53 748
68 748
36 737
21 750
41 750
1 750
28 751
52 751
26 752
35 753
67 747
36 747
31 755
43 738
53 749
32 757
60 757
65 757
48 758
66 758
11 746
19 760
41 763
12 755
50 764
29 761
3 761
66 762
45 765
70 754
27 767
20 753
20 769
60 759
29 759
4 772
49 738
18 773
34 739
49 739
32 775
65 770
61 757
31 777
21 763
60 779
40 730
67 772
37 736
45 776
43 773
56 745
61 784
60 784
51 725
15 756
17 741
13 768
27 778
9 767
58 758
66 783
20 781
26 780
46 752
47 735
54 774
23 771
40 773
41 782
21 758
48 762
69 765
68 766
