5 522 1.0525
36 523 1.13824
29 524 1.39662
31 525 1.40942
24 526 1.42352
37 527 1.42589
8 528 1.57995
2 529 1.72596
3 530 1.8438
17 531 1.87318
14 532 2.20979
30 533 2.27069
33 534 2.36139
4 535 2.46402
23 536 2.50886
34 537 2.51338
21 538 2.5223
26 539 2.52852
39 540 2.60418
19 541 2.6262
12 542 3.81194
11 543 3.88364
2 544 3.95574
37 545 4.01072
9 546 4.14892
10 547 4.18208
15 548 4.23036
6 549 4.31051
5 550 4.31295
7 551 4.38542
38 552 4.41141
32 553 4.57371
27 554 4.63288
18 555 4.92361
4 556 5.37843
19 557 5.47594
23 558 5.93306
34 559 6.04363
12 560 6.04609
39 561 6.19303
9 562 7.12891
7 563 7.34701
39 564 8.22868
19 565 8.34931
34 566 8.49068
36 567 9.05749
35 568 9.5426
13 569 9.6538
18 570 9.73517
