53 149
20 149
34 149
4 149
16 149
57 149
59 149
39 149
41 149
9 150
28 150
47 153
17 153
21 153
23 153
32 153
10 153
7 153
18 153
52 153
26 156
25 156
27 156
14 156
15 156
31 156
56 157
33 157
58 157
22 157
5 157
8 157
19 157
2 157
12 160
57 162
60 151
19 158
29 154
44 164
4 165
20 165
58 166
33 166
38 167
17 170
24 170
30 170
32 170
25 171
26 171
27 171
7 172
10 172
37 157
11 149
8 168
59 169
15 171
16 165
47 175
42 173
41 177
51 175
1 159
51 159
47 159
27 180
25 180
49 150
51 181
6 157
9 183
59 177
16 177
58 182
41 184
35 152
13 155
40 174
55 156
3 167
38 188
31 176
45 180
11 177
59 190
27 192
16 186
4 177
53 165
7 187
20 179
48 172
17 175
1 181
47 181
43 178
9 189
51 193
36 161
6 182
56 166
22 168
58 191
42 185
46 163
3 194
55 194
54 156
17 193
1 193
53 179
