0 2706
0 2707
0 2708
0 2709
0 2711
0 2712
0 2713
0 2714
0 2715
0 2718
0 2721
0 2723
9 2724
48 2725
0 2726
0 2728
68 2731
0 2732
28 2734
75 2736
0 2737
52 2738
36 2739
0 2740
33 2725
0 2742
0 2744
90 2730
3 2745
17 2746
0 2748
45 2719
81 2749
0 2750
0 2753
0 2755
87 2757
58 2758
0 2759
47 2760
62 2760
84 2761
0 2762
69 2763
79 2763
0 2764
86 2767
0 2768
59 2771
0 2773
55 2774
44 2774
0 2776
0 2778
0 2780
0 2781
0 2782
24 2756
5 2774
8 2774
72 2783
25 2743
0 2785
73 2786
10 2787
36 2787
0 2788
70 2789
0 2790
38 2722
80 2791
6 2792
47 2792
62 2792
0 2793
11 2769
60 2795
64 2772
63 2772
0 2796
43 2783
0 2797
49 2717
0 2799
0 2803
44 2804
15 2751
8 2806
0 2808
0 2811
39 2727
0 2813
22 2814
0 2817
78 2802
0 2819
37 2821
57 2752
82 2807
0 2822
20 2794
83 2809
21 2823
76 2770
14 2810
0 2826
89 2827
67 2775
0 2828
42 2786
74 2746
0 2830
77 2735
0 2831
0 2834
7 2825
0 2835
51 2784
0 2836
10 2837
4 2816
0 2838
40 2800
0 2840
73 2842
0 2843
17 2845
67 2845
0 2846
1 2815
23 2761
0 2848
0 2849
9 2832
70 2851
54 2739
0 2853
0 2854
0 2855
13 2777
65 2747
0 2858
12 2779
30 2736
0 2859
84 2833
52 2792
0 2861
59 2795
0 2862
0 2864
56 2730
16 2798
6 2857
0 2865
66 2818
0 2866
81 2852
0 2867
0 2868
0 2870
8 2856
61 2760
0 2871
0 2874
5 2804
31 2766
0 2875
75 2771
30 2771
0 2877
40 2878
90 2863
0 2880
0 2881
44 2800
0 2883
0 2884
41 2772
0 2887
64 2889
18 2812
0 2890
63 2829
0 2891
26 2734
0 2892
25 2850
28 2791
0 2893
11 2886
0 2897
76 2898
0 2899
0 2900
80 2872
71 2720
0 2903
0 2904
0 2906
0 2908
0 2910
35 2733
0 2911
52 2912
29 2805
0 2913
0 2914
20 2898
37 2907
22 2869
0 2916
0 2917
74 2873
0 2918
0 2919
14 2894
0 2920
24 2879
26 2879
64 2879
85 2729
0 2922
78 2882
37 2882
0 2923
50 2765
0 2924
0 2925
63 2879
0 2927
0 2928
0 2929
34 2724
23 2905
0 2930
0 2931
48 2787
0 2932
0 2933
0 2934
0 2935
1 2915
0 2936
0 2937
0 2938
62 2820
0 2939
60 2896
47 2824
0 2940
56 2863
0 2941
0 2942
29 2882
0 2943
79 2806
0 2944
0 2945
2 2774
69 2844
0 2946
16 2909
0 2947
0 2948
0 2949
55 2841
0 2950
0 2951
0 2952
0 2953
0 2954
0 2955
0 2956
0 2957
88 2763
0 2958
0 2959
32 2754
0 2960
49 2888
0 2961
0 2962
0 2963
0 2965
0 2966
