8 1408 1.00608
12 1411 1.15476
29 1412 1.19219
15 1413 1.21026
16 1414 1.22574
14 1416 1.28696
20 1418 1.43292
22 1421 1.55663
4 1424 1.79956
5 1431 2.38562
10 1433 2.51257
25 1435 2.55989
24 1437 2.70462
28 1438 2.7064
26 1440 2.82228
6 1442 2.87658
11 1444 2.94341
1 1449 3.40794
9 1452 3.57235
17 1453 3.57704
23 1457 3.88496
3 1461 4.19831
19 1462 4.22468
12 1466 4.49517
13 1468 4.58846
21 1469 4.61093
27 1471 4.71601
7 1473 4.78388
14 1479 5.28459
20 1487 6.02504
9 1495 6.65328
19 1502 7.28203
6 1506 7.60557
17 1510 7.90719
10 1515 8.29595
27 1522 8.92146
16 1534 9.95172
