0 1586
0 1587
0 1588
0 1589
0 1590
0 1594
0 1595
0 1597
22 1598
0 1600
0 1601
0 1603
0 1608
0 1609
0 1611
0 1613
0 1614
0 1616
0 1619
0 1620
0 1623
7 1625
14 1627
23 1627
0 1628
25 1615
0 1629
1 1599
0 1630
0 1631
0 1632
0 1634
21 1596
0 1635
23 1636
0 1637
0 1638
2 1639
8 1640
0 1641
0 1642
0 1643
0 1644
31 1648
0 1649
26 1639
34 1612
0 1650
0 1651
27 1652
0 1653
30 1617
0 1655
0 1657
0 1659
0 1661
0 1662
0 1664
0 1667
6 1602
0 1669
9 1633
19 1625
0 1670
0 1671
14 1672
0 1673
0 1674
0 1675
0 1676
2 1677
0 1678
16 1663
0 1679
7 1681
15 1636
34 1686
0 1687
40 1610
0 1688
19 1681
0 1689
0 1690
0 1692
23 1672
0 1693
0 1695
39 1605
0 1696
0 1697
0 1698
4 1645
6 1699
0 1700
0 1701
0 1702
0 1703
0 1704
0 1705
1 1640
24 1668
0 1707
13 1626
0 1708
0 1709
0 1710
0 1711
0 1712
0 1713
0 1714
3 1598
0 1715
17 1646
32 1648
0 1716
31 1706
0 1717
0 1718
26 1677
0 1720
2 1686
0 1722
0 1723
0 1724
29 1604
0 1725
34 1726
0 1727
0 1728
0 1729
0 1730
0 1732
33 1607
0 1733
0 1734
0 1735
0 1736
0 1737
0 1738
0 1739
20 1647
0 1740
0 1741
36 1660
0 1746
15 1731
35 1627
0 1747
0 1748
14 1663
0 1749
0 1750
18 1622
0 1751
0 1752
16 1721
0 1754
39 1646
0 1755
0 1756
0 1757
11 1615
0 1758
0 1759
25 1666
0 1760
0 1761
0 1762
0 1763
0 1764
0 1765
0 1766
8 1683
0 1767
27 1691
21 1652
0 1768
0 1769
0 1770
22 1658
0 1771
0 1772
0 1773
0 1774
0 1775
0 1776
0 1777
0 1778
0 1779
28 1665
0 1780
0 1781
