31 957
42 957
95 958
90 958
83 959
52 959
88 959
36 960
21 960
6 960
72 961
13 961
24 961
32 962
46 962
51 962
99 962
78 963
62 963
25 964
68 964
5 965
55 965
76 965
71 966
73 967
20 967
69 968
82 968
63 968
59 969
1 970
48 972
26 973
15 974
70 974
14 974
3 975
46 976
45 976
58 977
80 980
85 980
34 971
60 981
9 981
79 972
28 972
18 982
57 982
96 983
50 983
43 983
86 984
67 984
94 986
75 986
36 986
21 986
84 987
74 987
61 987
91 987
10 987
81 988
17 988
2 989
39 990
78 990
49 992
30 992
11 978
29 985
93 994
52 994
79 994
48 994
65 994
89 994
25 994
77 995
92 979
66 997
8 998
53 998
97 999
44 1002
72 1003
13 1003
21 993
36 993
75 993
94 993
98 1004
54 1004
1 985
31 1005
56 1006
5 1007
55 1007
19 1008
84 1008
38 1009
35 1009
65 1000
57 991
47 1012
96 1012
82 1013
16 1013
69 1013
89 996
41 1014
61 1015
37 1016
64 982
95 1018
36 1010
87 1020
49 1020
4 1011
51 1022
80 985
33 1024
5 1024
12 1025
70 1026
75 1017
74 1027
79 1028
52 1030
83 1030
8 1011
13 1031
22 1021
98 1021
16 1023
58 1006
100 1032
81 1033
56 996
73 1034
15 1034
46 1035
18 1035
27 1029
3 1037
94 1017
32 1036
50 1019
38 1019
94 1038
40 1003
82 1023
1 1039
29 1039
91 1015
61 1041
13 1042
47 1043
93 1044
80 1045
38 1049
73 1050
39 1016
37 1021
22 1023
82 1040
16 1017
98 1051
50 1049
21 1010
23 986
36 1047
16 1057
60 1018
95 1052
47 1050
73 1049
75 1057
72 1031
13 1060
40 1042
33 1029
91 1041
27 1055
70 1043
95 1043
74 1056
19 1027
1 1045
86 985
82 1057
48 1028
79 1053
39 1021
52 1044
79 1044
22 1057
7 1001
93 1058
52 1058
64 1054
46 1048
60 1043
