20 469 0 100 0.7 1.05946 1.05946
16 471 0 100 1.7 1.54544 2.54544
5 472 0 100 1.2 2.77608 3.27608
14 476 0 100 2.2 3.18461 4.68461
11 484 0 100 1.2 5.19677 5.69677
15 468 0 100 5.7 1.03782 6.03782
9 475 0 100 4.2 3.11165 6.61165
8 487 0 100 1.7 6.40951 7.40951
8 477 0 100 4.7 3.4835 7.4835
16 482 0 100 3.7 4.57743 7.57743
7 486 0 100 2.2 6.29604 7.79604
4 488 0 100 1.2 7.90559 8.40559
19 473 0 100 8.2 2.80429 10.3043
11 474 0 100 8.7 2.91518 10.9152
20 479 0 100 8.2 3.80571 11.3057
15 490 0 100 2.7 9.30635 11.3064
16 491 0 100 3.7 9.86216 12.8622
12 483 0 100 9.2 4.99005 13.4901
4 478 0 100 10.7 3.73784 13.7378
5 485 0 100 8.7 5.85825 13.8583
