34 0.8 0.048 0.752
10 0.8 0.048 0.752
34 0.752 0.048 0.704
34 0.704 0.16 0.544
10 0.752 0.16 0.592
10 0.592 0.016 0.576
34 0.544 0.016 0.528
10 0.576 0.048 0.528
24 0.8 0.048 0.752
34 0.528 0.048 0.48
10 0.528 0.048 0.48
10 0.48 0.16 0.32
24 0.752 0.16 0.592
24 0.592 0.016 0.576
10 0.32 0.016 0.304
24 0.576 0.048 0.528
10 0.304 0.048 0.256
34 0.48 0.16 0.32
31 0.8 0.048 0.752
37 0.8 0.048 0.752
39 0.8 0.048 0.752
31 0.752 0.096 0.656
31 0.656 0.16 0.496
37 0.752 0.16 0.592
37 0.592 0.016 0.576
31 0.496 0.016 0.48
37 0.576 0.048 0.528
31 0.48 0.048 0.432
39 0.752 0.16 0.592
39 0.592 0.016 0.576
31 0.432 0.016 0.416
39 0.576 0.048 0.528
31 0.416 0.048 0.368
28 0.8 0.048 0.752
12 0.8 0.048 0.752
50 0.8 0.048 0.752
28 0.752 0.096 0.656
28 0.656 0.16 0.496
12 0.752 0.16 0.592
12 0.592 0.016 0.576
28 0.496 0.016 0.48
12 0.576 0.048 0.528
28 0.48 0.048 0.432
45 0.8 0.048 0.752
47 0.8 0.048 0.752
50 0.752 0.048 0.704
12 0.528 0.144 0.384
12 0.384 0.16 0.224
50 0.704 0.16 0.544
50 0.544 0.016 0.528
28 0.432 0.016 0.416
50 0.528 0.048 0.48
12 0.224 0.048 0.176
28 0.416 0.048 0.368
28 0.368 0.16 0.208
45 0.752 0.16 0.592
45 0.592 0.016 0.576
12 0.176 0.016 0.16
45 0.576 0.048 0.528
12 0.16 0.048 0.112
41 0.8 0.048 0.752
47 0.752 0.048 0.704
45 0.528 0.096 0.432
45 0.432 0.16 0.272
47 0.704 0.16 0.544
47 0.544 0.016 0.528
12 0.112 0.016 0.096
47 0.528 0.048 0.48
12 0.096 0.048 0.048
41 0.752 0.048 0.704
45 0.272 0.048 0.224
47 0.48 0.048 0.432
47 0.432 0.16 0.272
50 0.48 0.16 0.32
47 0.272 0.16 0.112
12 0.048 0.16 -0.112
41 0.704 0.16 0.544
41 0.544 0.016 0.528
47 0.112 0.016 0.096
41 0.528 0.048 0.48
29 0.8 0.048 0.752
45 0.224 0.048 0.176
47 0.096 0.048 0.048
41 0.48 0.048 0.432
41 0.432 0.16 0.272
45 0.176 0.16 0.016
29 0.752 0.16 0.592
29 0.592 0.016 0.576
41 0.272 0.016 0.256
29 0.576 0.048 0.528
13 0.8 0.048 0.752
41 0.256 0.048 0.208
29 0.528 0.048 0.48
29 0.48 0.16 0.32
45 0.016 0.16 -0.144
47 0.048 0.16 -0.112
13 0.752 0.16 0.592
13 0.592 0.016 0.576
29 0.32 0.016 0.304
13 0.576 0.048 0.528
29 0.304 0.048 0.256
41 0.208 0.16 0.048
4 0.8 0.048 0.752
21 0.8 0.048 0.752
4 0.752 0.048 0.704
4 0.704 0.16 0.544
21 0.752 0.16 0.592
21 0.592 0.016 0.576
4 0.544 0.016 0.528
21 0.576 0.048 0.528
4 0.528 0.048 0.48
5 0.8 0.048 0.752
6 0.8 0.048 0.752
8 0.8 0.048 0.752
23 0.8 0.048 0.752
48 0.8 0.048 0.752
5 0.752 0.192 0.56
5 0.56 0.16 0.4
6 0.752 0.16 0.592
6 0.592 0.016 0.576
5 0.4 0.016 0.384
6 0.576 0.048 0.528
5 0.384 0.048 0.336
8 0.752 0.048 0.704
23 0.752 0.048 0.704
6 0.528 0.096 0.432
6 0.432 0.16 0.272
8 0.704 0.16 0.544
8 0.544 0.016 0.528
5 0.336 0.016 0.32
8 0.528 0.048 0.48
5 0.32 0.048 0.272
6 0.272 0.048 0.224
23 0.704 0.048 0.656
48 0.752 0.048 0.704
8 0.48 0.096 0.384
8 0.384 0.16 0.224
23 0.656 0.16 0.496
48 0.704 0.16 0.544
48 0.544 0.016 0.528
5 0.272 0.016 0.256
48 0.528 0.048 0.48
5 0.256 0.048 0.208
8 0.224 0.048 0.176
23 0.496 0.048 0.448
8 0.176 0.16 0.016
5 0.208 0.16 0.048
6 0.224 0.16 0.064
23 0.448 0.16 0.288
48 0.48 0.16 0.32
27 0.8 0.048 0.752
17 0.8 0.048 0.752
19 0.8 0.048 0.752
32 0.8 0.048 0.752
33 0.8 0.048 0.752
40 0.8 0.048 0.752
43 0.8 0.048 0.752
17 0.752 0.24 0.512
17 0.512 0.16 0.352
19 0.752 0.16 0.592
19 0.592 0.016 0.576
17 0.352 0.016 0.336
19 0.576 0.048 0.528
17 0.336 0.048 0.288
32 0.752 0.048 0.704
33 0.752 0.048 0.704
40 0.752 0.048 0.704
43 0.752 0.048 0.704
19 0.528 0.192 0.336
19 0.336 0.16 0.176
32 0.704 0.16 0.544
32 0.544 0.016 0.528
17 0.288 0.016 0.272
32 0.528 0.048 0.48
17 0.272 0.048 0.224
19 0.176 0.048 0.128
40 0.704 0.048 0.656
43 0.704 0.048 0.656
32 0.48 0.096 0.384
32 0.384 0.16 0.224
33 0.704 0.16 0.544
33 0.544 0.016 0.528
17 0.224 0.016 0.208
33 0.528 0.048 0.48
17 0.208 0.048 0.16
19 0.128 0.048 0.08
40 0.656 0.048 0.608
33 0.48 0.048 0.432
33 0.432 0.16 0.272
40 0.608 0.16 0.448
43 0.656 0.16 0.496
32 0.224 0.16 0.064
33 0.272 0.16 0.112
43 0.496 0.16 0.336
17 0.16 0.16 -2.77556e-17
19 0.08 0.16 -0.08
40 0.448 0.16 0.288
2 0.8 0.048 0.752
24 0.8 0.048 0.752
10 0.622761 0.048 0.574761
34 0.705043 0.048 0.657043
37 0.8 0.048 0.752
31 0.733314 0.048 0.685314
39 0.8 0.048 0.752
31 0.685314 0.048 0.637314
50 0.706849 0.048 0.658849
12 0.373049 0.048 0.325049
28 0.57824 0.048 0.53024
45 0.364617 0.048 0.316617
47 0.363162 0.048 0.315162
13 0.8 0.048 0.752
29 0.63896 0.048 0.59096
21 0.8 0.048 0.752
4 0.8 0.048 0.752
47 0.468201 0.048 0.420201
12 0.473942 0.048 0.425942
41 0.49061 0.048 0.44261
45 0.394066 0.048 0.346066
50 0.734064 0.048 0.686064
48 0.696915 0.048 0.648915
5 0.420314 0.048 0.372314
8 0.394301 0.048 0.346301
23 0.660848 0.048 0.612848
30 0.8 0.048 0.752
9 0.8 0.048 0.752
22 0.8 0.048 0.752
30 0.752 0.096 0.656
30 0.656 0.16 0.496
9 0.752 0.16 0.592
9 0.592 0.016 0.576
30 0.496 0.016 0.48
9 0.576 0.048 0.528
22 0.752 0.048 0.704
30 0.48 0.048 0.432
9 0.528 0.048 0.48
9 0.48 0.16 0.32
22 0.704 0.16 0.544
22 0.544 0.016 0.528
30 0.432 0.016 0.416
22 0.528 0.048 0.48
9 0.32 0.048 0.272
30 0.416 0.048 0.368
22 0.48 0.16 0.32
30 0.368 0.16 0.208
23 0.612848 0.048 0.564848
5 0.372314 0.048 0.324314
6 0.500404 0.048 0.452404
8 0.41932 0.048 0.37132
48 0.648915 0.048 0.600915
46 0.8 0.048 0.752
3 0.8 0.048 0.752
20 0.8 0.048 0.752
35 0.8 0.048 0.752
46 0.752 0.144 0.608
46 0.608 0.16 0.448
3 0.752 0.16 0.592
3 0.592 0.016 0.576
46 0.448 0.016 0.432
3 0.576 0.048 0.528
20 0.752 0.048 0.704
35 0.752 0.048 0.704
46 0.432 0.048 0.384
3 0.528 0.096 0.432
3 0.432 0.16 0.272
20 0.704 0.16 0.544
20 0.544 0.016 0.528
46 0.384 0.016 0.368
20 0.528 0.048 0.48
3 0.272 0.048 0.224
35 0.704 0.048 0.656
46 0.368 0.048 0.32
49 0.8 0.048 0.752
20 0.48 0.096 0.384
20 0.384 0.16 0.224
35 0.656 0.16 0.496
20 0.224 0.16 0.064
3 0.224 0.16 0.064
35 0.496 0.16 0.336
46 0.32 0.16 0.16
49 0.752 0.16 0.592
49 0.592 0.016 0.576
20 0.064 0.016 0.048
49 0.576 0.048 0.528
20 0.048 0.048 -1.11022e-16
38 0.8 0.048 0.752
28 0.753531 0.048 0.705531
38 0.752 0.048 0.704
38 0.704 0.16 0.544
28 0.705531 0.16 0.545531
28 0.545531 0.016 0.529531
38 0.544 0.016 0.528
28 0.529531 0.048 0.481531
12 0.496694 0.048 0.448694
38 0.528 0.048 0.48
50 0.765305 0.048 0.717305
18 0.8 0.048 0.752
27 0.8 0.048 0.752
2 0.8 0.048 0.752
24 0.8 0.048 0.752
10 0.8 0.048 0.752
37 0.8 0.048 0.752
31 0.8 0.048 0.752
39 0.8 0.048 0.752
50 0.8 0.048 0.752
12 0.600139 0.048 0.552139
28 0.62655 0.048 0.57855
45 0.649422 0.048 0.601422
47 0.643762 0.048 0.595762
13 0.8 0.048 0.752
29 0.8 0.048 0.752
21 0.8 0.048 0.752
4 0.8 0.048 0.752
47 0.74632 0.048 0.69832
12 0.704385 0.048 0.656385
41 0.8 0.048 0.752
45 0.679265 0.048 0.631265
50 0.8 0.048 0.752
47 0.69832 0.096 0.60232
47 0.60232 0.16 0.44232
12 0.656385 0.16 0.496385
12 0.496385 0.016 0.480385
47 0.44232 0.016 0.42632
12 0.480385 0.048 0.432385
28 0.65377 0.048 0.60577
45 0.631265 0.048 0.583265
47 0.42632 0.048 0.37832
50 0.752 0.048 0.704
41 0.752 0.16 0.592
41 0.592 0.016 0.576
47 0.37832 0.016 0.36232
41 0.576 0.048 0.528
29 0.8 0.048 0.752
45 0.583265 0.048 0.535265
47 0.36232 0.048 0.31432
41 0.528 0.048 0.48
41 0.48 0.16 0.32
45 0.535265 0.16 0.375265
50 0.704 0.16 0.544
29 0.752 0.16 0.592
29 0.592 0.016 0.576
41 0.32 0.016 0.304
29 0.576 0.048 0.528
13 0.8 0.048 0.752
41 0.304 0.048 0.256
45 0.375265 0.048 0.327265
45 0.327265 0.16 0.167265
47 0.31432 0.16 0.15432
48 0.8 0.048 0.752
5 0.697283 0.048 0.649283
8 0.666346 0.048 0.618346
23 0.8 0.048 0.752
22 0.707751 0.048 0.659751
9 0.659674 0.048 0.611674
30 0.57762 0.048 0.52962
23 0.752 0.048 0.704
5 0.649283 0.048 0.601283
6 0.8 0.048 0.752
8 0.692037 0.048 0.644037
48 0.752 0.048 0.704
23 0.704 0.048 0.656
23 0.656 0.16 0.496
5 0.601283 0.16 0.441283
6 0.752 0.16 0.592
8 0.644037 0.16 0.484037
48 0.704 0.16 0.544
49 0.8 0.048 0.752
28 0.754711 0.048 0.706711
12 0.509815 0.048 0.461815
38 0.8 0.048 0.752
50 0.615415 0.048 0.567415
18 0.8 0.048 0.752
27 0.8 0.048 0.752
41 0.403042 0.048 0.355042
29 0.6746 0.048 0.6266
45 0.312596 0.048 0.264596
47 0.298195 0.048 0.250195
16 0.8 0.048 0.752
7 0.8 0.048 0.752
11 0.8 0.048 0.752
16 0.752 0.096 0.656
16 0.656 0.16 0.496
7 0.752 0.16 0.592
7 0.592 0.016 0.576
16 0.496 0.016 0.48
7 0.576 0.048 0.528
11 0.752 0.048 0.704
16 0.48 0.048 0.432
7 0.528 0.048 0.48
7 0.48 0.16 0.32
11 0.704 0.16 0.544
11 0.544 0.016 0.528
16 0.432 0.016 0.416
11 0.528 0.048 0.48
7 0.32 0.048 0.272
16 0.416 0.048 0.368
11 0.48 0.16 0.32
16 0.368 0.16 0.208
40 0.8 0.048 0.752
17 0.7429 0.048 0.6949
19 0.758275 0.048 0.710275
32 0.8 0.048 0.752
33 0.8 0.048 0.752
40 0.752 0.048 0.704
40 0.704 0.16 0.544
17 0.6949 0.16 0.5349
17 0.5349 0.016 0.5189
40 0.544 0.016 0.528
17 0.5189 0.048 0.4709
19 0.710275 0.048 0.662275
32 0.752 0.048 0.704
33 0.752 0.048 0.704
40 0.528 0.048 0.48
43 0.8 0.048 0.752
17 0.4709 0.048 0.4229
17 0.4229 0.16 0.2629
19 0.662275 0.16 0.502275
32 0.704 0.16 0.544
33 0.704 0.16 0.544
19 0.502275 0.16 0.342275
32 0.544 0.16 0.384
33 0.544 0.16 0.384
40 0.48 0.16 0.32
43 0.752 0.16 0.592
43 0.592 0.016 0.576
17 0.2629 0.016 0.2469
43 0.576 0.048 0.528
17 0.2469 0.048 0.1989
19 0.342275 0.048 0.294275
32 0.384 0.048 0.336
2 0.8 0.048 0.752
24 0.8 0.048 0.752
10 0.8 0.048 0.752
37 0.8 0.048 0.752
31 0.8 0.048 0.752
39 0.8 0.048 0.752
31 0.752 0.048 0.704
50 0.796104 0.048 0.748104
12 0.61736 0.048 0.56936
28 0.8 0.048 0.752
45 0.415276 0.048 0.367276
47 0.3274 0.048 0.2794
13 0.8 0.048 0.752
29 0.772216 0.048 0.724216
21 0.8 0.048 0.752
4 0.8 0.048 0.752
12 0.719435 0.048 0.671435
28 0.8 0.048 0.752
45 0.440037 0.048 0.392037
50 0.8 0.048 0.752
29 0.799697 0.048 0.751697
13 0.8 0.048 0.752
41 0.577897 0.048 0.529897
47 0.428819 0.048 0.380819
48 0.8 0.048 0.752
5 0.8 0.048 0.752
8 0.779344 0.048 0.731344
23 0.8 0.048 0.752
22 0.8 0.048 0.752
9 0.8 0.048 0.752
30 0.8 0.048 0.752
49 0.8 0.048 0.752
28 0.8 0.048 0.752
12 0.747063 0.048 0.699063
38 0.8 0.048 0.752
50 0.8 0.048 0.752
18 0.8 0.048 0.752
27 0.8 0.048 0.752
41 0.671741 0.048 0.623741
13 0.8 0.048 0.752
29 0.8 0.048 0.752
45 0.542102 0.048 0.494102
47 0.528609 0.048 0.480609
11 0.689661 0.048 0.641661
7 0.652745 0.048 0.604745
16 0.581304 0.048 0.533304
43 0.8 0.048 0.752
17 0.566608 0.048 0.518608
19 0.664621 0.048 0.616621
32 0.714127 0.048 0.666127
2 0.8 0.048 0.752
24 0.8 0.048 0.752
10 0.8 0.048 0.752
34 0.8 0.048 0.752
37 0.8 0.048 0.752
31 0.8 0.048 0.752
39 0.8 0.048 0.752
31 0.752 0.048 0.704
50 0.8 0.048 0.752
12 0.8 0.048 0.752
45 0.639337 0.048 0.591337
47 0.556241 0.048 0.508241
13 0.8 0.048 0.752
29 0.8 0.048 0.752
21 0.8 0.048 0.752
4 0.8 0.048 0.752
12 0.8 0.048 0.752
28 0.8 0.048 0.752
50 0.8 0.048 0.752
29 0.8 0.048 0.752
13 0.8 0.048 0.752
41 0.8 0.048 0.752
45 0.661372 0.048 0.613372
47 0.665589 0.048 0.617589
48 0.8 0.048 0.752
5 0.8 0.048 0.752
8 0.8 0.048 0.752
23 0.8 0.048 0.752
22 0.8 0.048 0.752
9 0.8 0.048 0.752
30 0.8 0.048 0.752
49 0.8 0.048 0.752
20 0.8 0.048 0.752
28 0.8 0.048 0.752
12 0.8 0.048 0.752
38 0.8 0.048 0.752
50 0.8 0.048 0.752
5 0.8 0.048 0.752
6 0.8 0.048 0.752
8 0.8 0.048 0.752
23 0.8 0.048 0.752
48 0.8 0.048 0.752
18 0.8 0.048 0.752
27 0.8 0.048 0.752
25 0.8 0.048 0.752
26 0.8 0.048 0.752
44 0.8 0.048 0.752
26 0.752 0.048 0.704
26 0.704 0.16 0.544
44 0.752 0.16 0.592
44 0.592 0.016 0.576
26 0.544 0.016 0.528
44 0.576 0.048 0.528
26 0.528 0.048 0.48
35 0.8 0.048 0.752
3 0.8 0.048 0.752
20 0.8 0.048 0.752
46 0.8 0.048 0.752
35 0.752 0.096 0.656
35 0.656 0.16 0.496
3 0.752 0.16 0.592
20 0.752 0.16 0.592
20 0.592 0.016 0.576
35 0.496 0.016 0.48
20 0.576 0.048 0.528
3 0.592 0.048 0.544
35 0.48 0.048 0.432
46 0.752 0.048 0.704
49 0.8 0.048 0.752
20 0.528 0.048 0.48
20 0.48 0.16 0.32
46 0.704 0.16 0.544
46 0.544 0.016 0.528
35 0.432 0.016 0.416
46 0.528 0.048 0.48
3 0.544 0.048 0.496
20 0.32 0.048 0.272
35 0.416 0.048 0.368
3 0.496 0.16 0.336
35 0.368 0.16 0.208
46 0.48 0.16 0.32
49 0.752 0.16 0.592
41 0.8 0.048 0.752
13 0.8 0.048 0.752
29 0.8 0.048 0.752
45 0.757402 0.048 0.709402
47 0.765196 0.048 0.717196
41 0.752 0.048 0.704
41 0.704 0.16 0.544
13 0.752 0.16 0.592
29 0.752 0.16 0.592
45 0.709402 0.16 0.549402
47 0.717196 0.16 0.557196
47 0.557196 0.016 0.541196
41 0.544 0.016 0.528
47 0.541196 0.048 0.493196
12 0.8 0.048 0.752
29 0.592 0.048 0.544
41 0.528 0.048 0.48
45 0.549402 0.048 0.501402
50 0.8 0.048 0.752
11 0.8 0.048 0.752
7 0.8 0.048 0.752
16 0.8 0.048 0.752
36 0.8 0.048 0.752
43 0.8 0.048 0.752
17 0.8 0.048 0.752
19 0.8 0.048 0.752
32 0.8 0.048 0.752
2 0.8 0.048 0.752
24 0.8 0.048 0.752
10 0.8 0.048 0.752
37 0.8 0.048 0.752
31 0.8 0.048 0.752
39 0.8 0.048 0.752
31 0.752 0.048 0.704
39 0.752 0.048 0.704
39 0.704 0.16 0.544
39 0.544 0.016 0.528
31 0.704 0.16 0.544
50 0.8 0.048 0.752
12 0.8 0.048 0.752
28 0.8 0.048 0.752
45 0.649769 0.048 0.601769
47 0.570057 0.048 0.522057
13 0.743253 0.048 0.695253
29 0.698481 0.048 0.650481
41 0.637149 0.048 0.589149
15 0.8 0.048 0.752
21 0.8 0.048 0.752
4 0.8 0.048 0.752
12 0.8 0.048 0.752
28 0.8 0.048 0.752
50 0.8 0.048 0.752
29 0.72751 0.048 0.67951
13 0.771352 0.048 0.723352
41 0.662912 0.048 0.614912
48 0.8 0.048 0.752
5 0.8 0.048 0.752
8 0.8 0.048 0.752
23 0.8 0.048 0.752
22 0.8 0.048 0.752
9 0.8 0.048 0.752
30 0.8 0.048 0.752
49 0.8 0.048 0.752
28 0.8 0.048 0.752
12 0.8 0.048 0.752
38 0.8 0.048 0.752
50 0.8 0.048 0.752
5 0.8 0.048 0.752
6 0.8 0.048 0.752
8 0.8 0.048 0.752
23 0.8 0.048 0.752
48 0.8 0.048 0.752
18 0.8 0.048 0.752
27 0.8 0.048 0.752
25 0.8 0.048 0.752
44 0.8 0.048 0.752
26 0.8 0.048 0.752
46 0.704756 0.048 0.656756
3 0.717703 0.048 0.669703
20 0.642222 0.048 0.594222
35 0.586152 0.048 0.538152
47 0.8 0.048 0.752
12 0.8 0.048 0.752
41 0.766843 0.048 0.718843
45 0.8 0.048 0.752
50 0.8 0.048 0.752
11 0.8 0.048 0.752
7 0.8 0.048 0.752
16 0.8 0.048 0.752
36 0.8 0.048 0.752
36 0.752 0.048 0.704
36 0.704 0.16 0.544
36 0.544 0.016 0.528
43 0.8 0.048 0.752
17 0.8 0.048 0.752
19 0.8 0.048 0.752
32 0.8 0.048 0.752
2 0.8 0.048 0.752
24 0.8 0.048 0.752
10 0.8 0.048 0.752
37 0.8 0.048 0.752
31 0.8 0.048 0.752
42 0.8 0.048 0.752
50 0.8 0.048 0.752
12 0.8 0.048 0.752
28 0.8 0.048 0.752
45 0.8 0.048 0.752
47 0.8 0.048 0.752
13 0.8 0.048 0.752
29 0.8 0.048 0.752
41 0.8 0.048 0.752
31 0.8 0.048 0.752
37 0.8 0.048 0.752
39 0.8 0.048 0.752
31 0.752 0.048 0.704
31 0.704 0.16 0.544
37 0.752 0.16 0.592
39 0.752 0.16 0.592
39 0.592 0.016 0.576
31 0.544 0.016 0.528
39 0.576 0.048 0.528
31 0.528 0.048 0.48
15 0.8 0.048 0.752
14 0.8 0.048 0.752
21 0.8 0.048 0.752
4 0.8 0.048 0.752
12 0.8 0.048 0.752
28 0.8 0.048 0.752
45 0.8 0.048 0.752
50 0.8 0.048 0.752
29 0.8 0.048 0.752
13 0.8 0.048 0.752
41 0.8 0.048 0.752
45 0.752 0.048 0.704
48 0.8 0.048 0.752
5 0.8 0.048 0.752
8 0.8 0.048 0.752
23 0.8 0.048 0.752
22 0.8 0.048 0.752
9 0.8 0.048 0.752
30 0.8 0.048 0.752
49 0.8 0.048 0.752
20 0.8 0.048 0.752
28 0.8 0.048 0.752
12 0.8 0.048 0.752
38 0.8 0.048 0.752
50 0.8 0.048 0.752
28 0.752 0.048 0.704
28 0.704 0.16 0.544
28 0.544 0.016 0.528
12 0.752 0.16 0.592
38 0.752 0.16 0.592
50 0.752 0.16 0.592
5 0.8 0.048 0.752
8 0.8 0.048 0.752
23 0.8 0.048 0.752
48 0.8 0.048 0.752
18 0.8 0.048 0.752
27 0.8 0.048 0.752
25 0.8 0.048 0.752
44 0.8 0.048 0.752
26 0.8 0.048 0.752
46 0.8 0.048 0.752
3 0.8 0.048 0.752
20 0.8 0.048 0.752
35 0.8 0.048 0.752
47 0.8 0.048 0.752
41 0.8 0.048 0.752
45 0.8 0.048 0.752
50 0.662054 0.048 0.614054
47 0.752 0.048 0.704
47 0.704 0.16 0.544
47 0.544 0.016 0.528
41 0.752 0.16 0.592
45 0.752 0.16 0.592
50 0.614054 0.16 0.454054
11 0.8 0.048 0.752
7 0.8 0.048 0.752
16 0.8 0.048 0.752
43 0.8 0.048 0.752
17 0.8 0.048 0.752
32 0.8 0.048 0.752
40 0.8 0.048 0.752
2 0.8 0.048 0.752
24 0.8 0.048 0.752
10 0.8 0.048 0.752
37 0.8 0.048 0.752
31 0.776038 0.048 0.728038
42 0.8 0.048 0.752
1 0.8 0.048 0.752
50 0.596789 0.048 0.548789
12 0.743626 0.048 0.695626
45 0.748811 0.048 0.700811
47 0.606282 0.048 0.558282
13 0.8 0.048 0.752
29 0.8 0.048 0.752
41 0.741957 0.048 0.693957
13 0.752 0.048 0.704
13 0.704 0.16 0.544
13 0.544 0.016 0.528
29 0.752 0.16 0.592
41 0.693957 0.16 0.533957
39 0.8 0.048 0.752
31 0.8 0.048 0.752
15 0.8 0.048 0.752
14 0.8 0.048 0.752
21 0.8 0.048 0.752
4 0.8 0.048 0.752
12 0.8 0.048 0.752
28 0.762061 0.048 0.714061
45 0.773425 0.048 0.725425
50 0.622808 0.048 0.574808
12 0.752 0.048 0.704
12 0.704 0.16 0.544
29 0.670151 0.048 0.622151
13 0.603694 0.048 0.555694
41 0.612127 0.048 0.564127
47 0.709974 0.048 0.661974
29 0.622151 0.048 0.574151
29 0.574151 0.16 0.414151
28 0.714061 0.16 0.554061
28 0.554061 0.016 0.538061
12 0.544 0.016 0.528
28 0.538061 0.048 0.490061
12 0.528 0.048 0.48
38 0.8 0.048 0.752
50 0.574808 0.048 0.526808
28 0.490061 0.048 0.442061
28 0.442061 0.16 0.282061
45 0.725425 0.16 0.565425
50 0.526808 0.16 0.366808
13 0.555694 0.16 0.395694
41 0.564127 0.16 0.404127
47 0.661974 0.16 0.501974
12 0.48 0.16 0.32
38 0.752 0.16 0.592
38 0.592 0.016 0.576
28 0.282061 0.016 0.266061
38 0.576 0.048 0.528
28 0.266061 0.048 0.218061
50 0.366808 0.16 0.206808
48 0.8 0.048 0.752
5 0.8 0.048 0.752
8 0.8 0.048 0.752
23 0.8 0.048 0.752
10 0.8 0.048 0.752
9 0.8 0.048 0.752
24 0.8 0.048 0.752
22 0.8 0.048 0.752
9 0.752 0.048 0.704
30 0.8 0.048 0.752
49 0.8 0.048 0.752
49 0.752 0.048 0.704
49 0.704 0.16 0.544
49 0.544 0.016 0.528
5 0.8 0.048 0.752
8 0.8 0.048 0.752
23 0.8 0.048 0.752
48 0.8 0.048 0.752
18 0.8 0.048 0.752
27 0.8 0.048 0.752
25 0.8 0.048 0.752
44 0.8 0.048 0.752
26 0.8 0.048 0.752
46 0.8 0.048 0.752
3 0.8 0.048 0.752
20 0.8 0.048 0.752
35 0.8 0.048 0.752
46 0.752 0.048 0.704
46 0.704 0.16 0.544
46 0.544 0.016 0.528
3 0.752 0.16 0.592
20 0.752 0.16 0.592
35 0.752 0.16 0.592
11 0.8 0.048 0.752
7 0.8 0.048 0.752
16 0.8 0.048 0.752
43 0.8 0.048 0.752
17 0.8 0.048 0.752
19 0.8 0.048 0.752
32 0.8 0.048 0.752
2 0.8 0.048 0.752
24 0.8 0.048 0.752
10 0.8 0.048 0.752
37 0.8 0.048 0.752
31 0.8 0.048 0.752
42 0.8 0.048 0.752
1 0.8 0.048 0.752
50 0.502061 0.048 0.454061
12 0.541788 0.048 0.493788
28 0.518668 0.048 0.470668
45 0.8 0.048 0.752
47 0.728901 0.048 0.680901
39 0.8 0.048 0.752
31 0.8 0.048 0.752
15 0.8 0.048 0.752
14 0.8 0.048 0.752
16 0.8 0.048 0.752
14 0.752 0.048 0.704
14 0.704 0.16 0.544
16 0.752 0.16 0.592
16 0.592 0.016 0.576
14 0.544 0.016 0.528
16 0.576 0.048 0.528
7 0.8 0.048 0.752
11 0.8 0.048 0.752
14 0.528 0.048 0.48
21 0.8 0.048 0.752
4 0.8 0.048 0.752
38 0.8 0.048 0.752
28 0.543183 0.048 0.495183
48 0.8 0.048 0.752
5 0.8 0.048 0.752
8 0.8 0.048 0.752
23 0.8 0.048 0.752
10 0.8 0.048 0.752
9 0.8 0.048 0.752
24 0.8 0.048 0.752
22 0.8 0.048 0.752
9 0.752 0.048 0.704
30 0.8 0.048 0.752
5 0.8 0.048 0.752
8 0.8 0.048 0.752
23 0.8 0.048 0.752
48 0.8 0.048 0.752
18 0.8 0.048 0.752
18 0.752 0.048 0.704
18 0.704 0.16 0.544
18 0.544 0.016 0.528
27 0.8 0.048 0.752
25 0.8 0.048 0.752
44 0.8 0.048 0.752
26 0.8 0.048 0.752
11 0.8 0.048 0.752
7 0.8 0.048 0.752
16 0.681046 0.048 0.633046
30 0.8 0.048 0.752
9 0.783893 0.048 0.735893
22 0.8 0.048 0.752
43 0.8 0.048 0.752
17 0.8 0.048 0.752
19 0.8 0.048 0.752
32 0.8 0.048 0.752
40 0.8 0.048 0.752
2 0.8 0.048 0.752
35 0.8 0.048 0.752
3 0.8 0.048 0.752
20 0.8 0.048 0.752
46 0.8 0.048 0.752
35 0.752 0.048 0.704
35 0.704 0.16 0.544
3 0.752 0.16 0.592
20 0.752 0.16 0.592
46 0.752 0.16 0.592
46 0.592 0.016 0.576
35 0.544 0.016 0.528
46 0.576 0.048 0.528
3 0.592 0.048 0.544
20 0.592 0.048 0.544
35 0.528 0.048 0.48
24 0.8 0.048 0.752
10 0.8 0.048 0.752
34 0.8 0.048 0.752
37 0.8 0.048 0.752
31 0.8 0.048 0.752
42 0.8 0.048 0.752
1 0.8 0.048 0.752
50 0.8 0.048 0.752
12 0.8 0.048 0.752
45 0.8 0.048 0.752
47 0.8 0.048 0.752
34 0.8 0.048 0.752
39 0.8 0.048 0.752
31 0.8 0.048 0.752
15 0.8 0.048 0.752
16 0.8 0.048 0.752
7 0.8 0.048 0.752
11 0.8 0.048 0.752
14 0.8 0.048 0.752
21 0.8 0.048 0.752
4 0.8 0.048 0.752
25 0.8 0.048 0.752
21 0.752 0.048 0.704
21 0.704 0.16 0.544
21 0.544 0.016 0.528
4 0.752 0.16 0.592
25 0.752 0.16 0.592
26 0.8 0.048 0.752
44 0.8 0.048 0.752
40 0.8 0.048 0.752
17 0.8 0.048 0.752
19 0.8 0.048 0.752
32 0.8 0.048 0.752
33 0.8 0.048 0.752
40 0.752 0.048 0.704
40 0.704 0.16 0.544
17 0.752 0.16 0.592
17 0.592 0.016 0.576
40 0.544 0.016 0.528
17 0.576 0.048 0.528
19 0.752 0.048 0.704
32 0.752 0.048 0.704
33 0.752 0.048 0.704
40 0.528 0.048 0.48
43 0.8 0.048 0.752
19 0.704 0.16 0.544
32 0.704 0.16 0.544
33 0.704 0.16 0.544
38 0.8 0.048 0.752
28 0.8 0.048 0.752
48 0.8 0.048 0.752
5 0.8 0.048 0.752
8 0.8 0.048 0.752
23 0.8 0.048 0.752
10 0.8 0.048 0.752
24 0.8 0.048 0.752
22 0.8 0.048 0.752
9 0.8 0.048 0.752
30 0.8 0.048 0.752
5 0.8 0.048 0.752
8 0.8 0.048 0.752
23 0.8 0.048 0.752
48 0.8 0.048 0.752
27 0.8 0.048 0.752
25 0.738844 0.048 0.690844
44 0.8 0.048 0.752
26 0.8 0.048 0.752
11 0.8 0.048 0.752
7 0.8 0.048 0.752
16 0.8 0.048 0.752
30 0.8 0.048 0.752
9 0.8 0.048 0.752
22 0.8 0.048 0.752
4 0.8 0.048 0.752
21 0.75479 0.048 0.70679
4 0.752 0.096 0.656
4 0.656 0.16 0.496
4 0.496 0.016 0.48
21 0.70679 0.16 0.54679
21 0.54679 0.016 0.53079
4 0.48 0.016 0.464
21 0.53079 0.048 0.48279
4 0.464 0.048 0.416
43 0.8 0.048 0.752
17 0.750826 0.048 0.702826
19 0.769507 0.048 0.721507
32 0.701864 0.048 0.653864
33 0.764432 0.048 0.716432
43 0.752 0.048 0.704
43 0.704 0.16 0.544
43 0.544 0.016 0.528
17 0.702826 0.16 0.542826
19 0.721507 0.16 0.561507
32 0.653864 0.16 0.493864
33 0.716432 0.16 0.556432
2 0.8 0.048 0.752
46 0.8 0.048 0.752
3 0.8 0.048 0.752
20 0.8 0.048 0.752
35 0.8 0.048 0.752
24 0.8 0.048 0.752
9 0.8 0.048 0.752
10 0.8 0.048 0.752
37 0.8 0.048 0.752
42 0.8 0.048 0.752
1 0.8 0.048 0.752
50 0.8 0.048 0.752
12 0.8 0.048 0.752
45 0.8 0.048 0.752
47 0.8 0.048 0.752
34 0.8 0.048 0.752
39 0.8 0.048 0.752
31 0.8 0.048 0.752
15 0.8 0.048 0.752
16 0.8 0.048 0.752
7 0.8 0.048 0.752
11 0.8 0.048 0.752
14 0.8 0.048 0.752
26 0.8 0.048 0.752
44 0.8 0.048 0.752
17 0.697875 0.048 0.649875
19 0.703366 0.048 0.655366
32 0.711083 0.048 0.663083
33 0.700595 0.048 0.652595
40 0.8 0.048 0.752
43 0.677952 0.048 0.629952
17 0.649875 0.048 0.601875
17 0.601875 0.16 0.441875
19 0.655366 0.16 0.495366
32 0.663083 0.16 0.503083
33 0.652595 0.16 0.492595
40 0.752 0.16 0.592
43 0.629952 0.16 0.469952
38 0.8 0.048 0.752
28 0.8 0.048 0.752
48 0.8 0.048 0.752
5 0.8 0.048 0.752
8 0.8 0.048 0.752
23 0.8 0.048 0.752
10 0.8 0.048 0.752
9 0.8 0.048 0.752
24 0.8 0.048 0.752
22 0.8 0.048 0.752
9 0.752 0.048 0.704
30 0.8 0.048 0.752
5 0.8 0.048 0.752
8 0.8 0.048 0.752
23 0.8 0.048 0.752
48 0.8 0.048 0.752
27 0.8 0.048 0.752
25 0.8 0.048 0.752
21 0.773514 0.048 0.725514
44 0.8 0.048 0.752
26 0.8 0.048 0.752
11 0.8 0.048 0.752
7 0.8 0.048 0.752
16 0.8 0.048 0.752
30 0.8 0.048 0.752
9 0.777636 0.048 0.729636
22 0.8 0.048 0.752
21 0.799857 0.048 0.751857
4 0.790694 0.048 0.742694
25 0.8 0.048 0.752
2 0.8 0.048 0.752
2 0.752 0.048 0.704
2 0.704 0.16 0.544
2 0.544 0.016 0.528
46 0.8 0.048 0.752
3 0.8 0.048 0.752
20 0.8 0.048 0.752
35 0.8 0.048 0.752
24 0.8 0.048 0.752
10 0.8 0.048 0.752
47 0.8 0.048 0.752
41 0.8 0.048 0.752
45 0.8 0.048 0.752
50 0.8 0.048 0.752
47 0.752 0.048 0.704
47 0.704 0.16 0.544
41 0.752 0.16 0.592
41 0.592 0.016 0.576
47 0.544 0.016 0.528
41 0.576 0.048 0.528
13 0.8 0.048 0.752
29 0.8 0.048 0.752
45 0.752 0.048 0.704
47 0.528 0.048 0.48
41 0.528 0.048 0.48
41 0.48 0.16 0.32
45 0.704 0.16 0.544
50 0.752 0.16 0.592
13 0.752 0.16 0.592
13 0.592 0.016 0.576
41 0.32 0.016 0.304
13 0.576 0.048 0.528
29 0.752 0.048 0.704
41 0.304 0.048 0.256
29 0.704 0.16 0.544
45 0.544 0.16 0.384
47 0.48 0.16 0.32
37 0.8 0.048 0.752
39 0.8 0.048 0.752
42 0.8 0.048 0.752
1 0.8 0.048 0.752
50 0.662852 0.048 0.614852
12 0.8 0.048 0.752
45 0.461218 0.048 0.413218
47 0.32 0.048 0.272
34 0.8 0.048 0.752
39 0.8 0.048 0.752
31 0.8 0.048 0.752
37 0.8 0.048 0.752
15 0.8 0.048 0.752
16 0.8 0.048 0.752
7 0.8 0.048 0.752
11 0.8 0.048 0.752
14 0.8 0.048 0.752
26 0.8 0.048 0.752
44 0.8 0.048 0.752
38 0.8 0.048 0.752
28 0.8 0.048 0.752
48 0.8 0.048 0.752
5 0.8 0.048 0.752
8 0.8 0.048 0.752
23 0.8 0.048 0.752
48 0.752 0.048 0.704
48 0.704 0.16 0.544
48 0.544 0.016 0.528
5 0.752 0.16 0.592
8 0.752 0.16 0.592
23 0.752 0.16 0.592
41 0.483985 0.048 0.435985
13 0.68357 0.048 0.63557
29 0.765477 0.048 0.717477
45 0.561932 0.048 0.513932
47 0.427529 0.048 0.379529
10 0.8 0.048 0.752
9 0.8 0.048 0.752
24 0.8 0.048 0.752
22 0.8 0.048 0.752
9 0.752 0.048 0.704
30 0.8 0.048 0.752
5 0.667379 0.048 0.619379
8 0.662265 0.048 0.614265
23 0.666517 0.048 0.618517
48 0.605752 0.048 0.557752
5 0.619379 0.048 0.571379
5 0.571379 0.16 0.411379
8 0.614265 0.16 0.454265
23 0.618517 0.16 0.458517
48 0.557752 0.16 0.397752
49 0.8 0.048 0.752
3 0.8 0.048 0.752
20 0.8 0.048 0.752
27 0.8 0.048 0.752
25 0.8 0.048 0.752
44 0.8 0.048 0.752
26 0.8 0.048 0.752
11 0.8 0.048 0.752
7 0.8 0.048 0.752
16 0.8 0.048 0.752
30 0.8 0.048 0.752
9 0.778232 0.048 0.730232
22 0.8 0.048 0.752
21 0.8 0.048 0.752
4 0.8 0.048 0.752
46 0.8 0.048 0.752
3 0.8 0.048 0.752
20 0.8 0.048 0.752
35 0.8 0.048 0.752
24 0.8 0.048 0.752
9 0.8 0.048 0.752
10 0.8 0.048 0.752
13 0.8 0.048 0.752
29 0.8 0.048 0.752
37 0.8 0.048 0.752
31 0.8 0.048 0.752
42 0.8 0.048 0.752
1 0.8 0.048 0.752
50 0.8 0.048 0.752
12 0.8 0.048 0.752
45 0.742742 0.048 0.694742
47 0.598303 0.048 0.550303
34 0.8 0.048 0.752
39 0.8 0.048 0.752
31 0.8 0.048 0.752
15 0.8 0.048 0.752
16 0.8 0.048 0.752
7 0.8 0.048 0.752
11 0.8 0.048 0.752
16 0.752 0.048 0.704
16 0.704 0.16 0.544
16 0.544 0.016 0.528
7 0.752 0.16 0.592
11 0.752 0.16 0.592
26 0.8 0.048 0.752
44 0.8 0.048 0.752
38 0.8 0.048 0.752
28 0.8 0.048 0.752
41 0.8 0.048 0.752
13 0.8 0.048 0.752
29 0.8 0.048 0.752
45 0.8 0.048 0.752
47 0.700244 0.048 0.652244
41 0.752 0.048 0.704
41 0.704 0.16 0.544
13 0.752 0.16 0.592
29 0.752 0.16 0.592
45 0.752 0.16 0.592
47 0.652244 0.16 0.492244
10 0.8 0.048 0.752
9 0.8 0.048 0.752
24 0.8 0.048 0.752
22 0.8 0.048 0.752
9 0.752 0.048 0.704
30 0.8 0.048 0.752
49 0.8 0.048 0.752
27 0.8 0.048 0.752
25 0.8 0.048 0.752
44 0.8 0.048 0.752
26 0.8 0.048 0.752
11 0.8 0.048 0.752
7 0.736169 0.048 0.688169
16 0.685068 0.048 0.637068
30 0.8 0.048 0.752
9 0.774144 0.048 0.726144
22 0.8 0.048 0.752
21 0.8 0.048 0.752
4 0.8 0.048 0.752
46 0.8 0.048 0.752
3 0.8 0.048 0.752
20 0.8 0.048 0.752
35 0.8 0.048 0.752
24 0.8 0.048 0.752
9 0.8 0.048 0.752
10 0.8 0.048 0.752
13 0.8 0.048 0.752
29 0.743778 0.048 0.695778
41 0.693773 0.048 0.645773
37 0.8 0.048 0.752
31 0.8 0.048 0.752
42 0.8 0.048 0.752
42 0.752 0.048 0.704
42 0.704 0.16 0.544
42 0.544 0.016 0.528
1 0.8 0.048 0.752
50 0.8 0.048 0.752
12 0.8 0.048 0.752
45 0.8 0.048 0.752
47 0.717652 0.048 0.669652
34 0.8 0.048 0.752
39 0.8 0.048 0.752
31 0.8 0.048 0.752
15 0.8 0.048 0.752
26 0.8 0.048 0.752
44 0.8 0.048 0.752
38 0.8 0.048 0.752
28 0.8 0.048 0.752
10 0.8 0.048 0.752
9 0.8 0.048 0.752
24 0.8 0.048 0.752
22 0.8 0.048 0.752
9 0.752 0.048 0.704
30 0.8 0.048 0.752
22 0.752 0.048 0.704
22 0.704 0.16 0.544
22 0.544 0.016 0.528
9 0.704 0.16 0.544
30 0.752 0.16 0.592
49 0.8 0.048 0.752
3 0.8 0.048 0.752
27 0.8 0.048 0.752
25 0.8 0.048 0.752
44 0.8 0.048 0.752
26 0.8 0.048 0.752
11 0.8 0.048 0.752
7 0.8 0.048 0.752
16 0.8 0.048 0.752
30 0.745317 0.048 0.697317
9 0.61633 0.048 0.56833
22 0.602447 0.048 0.554447
30 0.697317 0.048 0.649317
30 0.649317 0.16 0.489317
9 0.56833 0.16 0.40833
22 0.554447 0.16 0.394447
21 0.8 0.048 0.752
4 0.8 0.048 0.752
31 0.8 0.048 0.752
39 0.8 0.048 0.752
46 0.8 0.048 0.752
3 0.8 0.048 0.752
20 0.8 0.048 0.752
35 0.8 0.048 0.752
24 0.8 0.048 0.752
10 0.8 0.048 0.752
24 0.752 0.048 0.704
24 0.704 0.16 0.544
24 0.544 0.016 0.528
10 0.752 0.16 0.592
13 0.8 0.048 0.752
29 0.8 0.048 0.752
41 0.8 0.048 0.752
37 0.8 0.048 0.752
1 0.8 0.048 0.752
50 0.8 0.048 0.752
12 0.8 0.048 0.752
45 0.8 0.048 0.752
47 0.8 0.048 0.752
34 0.8 0.048 0.752
15 0.8 0.048 0.752
34 0.752 0.048 0.704
34 0.704 0.16 0.544
34 0.544 0.016 0.528
15 0.752 0.16 0.592
39 0.8 0.048 0.752
31 0.8 0.048 0.752
15 0.6651 0.048 0.6171
34 0.528 0.048 0.48
15 0.6171 0.048 0.5691
15 0.5691 0.16 0.4091
15 0.4091 0.016 0.3931
34 0.48 0.16 0.32
26 0.8 0.048 0.752
44 0.8 0.048 0.752
38 0.8 0.048 0.752
28 0.8 0.048 0.752
10 0.73768 0.048 0.68968
9 0.706354 0.048 0.658354
24 0.750749 0.048 0.702749
10 0.68968 0.048 0.64168
10 0.64168 0.16 0.48168
9 0.658354 0.16 0.498354
24 0.702749 0.16 0.542749
24 0.542749 0.016 0.526749
10 0.48168 0.016 0.46568
24 0.526749 0.048 0.478749
10 0.46568 0.048 0.41768
36 0.8 0.048 0.752
49 0.8 0.048 0.752
27 0.8 0.048 0.752
25 0.8 0.048 0.752
44 0.8 0.048 0.752
26 0.8 0.048 0.752
44 0.752 0.048 0.704
44 0.704 0.16 0.544
44 0.544 0.016 0.528
26 0.752 0.16 0.592
11 0.8 0.048 0.752
7 0.8 0.048 0.752
16 0.8 0.048 0.752
21 0.8 0.048 0.752
4 0.8 0.048 0.752
31 0.8 0.048 0.752
39 0.8 0.048 0.752
46 0.8 0.048 0.752
3 0.8 0.048 0.752
20 0.8 0.048 0.752
35 0.8 0.048 0.752
13 0.8 0.048 0.752
29 0.8 0.048 0.752
41 0.8 0.048 0.752
37 0.8 0.048 0.752
1 0.8 0.048 0.752
50 0.8 0.048 0.752
12 0.8 0.048 0.752
28 0.8 0.048 0.752
45 0.8 0.048 0.752
47 0.8 0.048 0.752
39 0.8 0.048 0.752
31 0.8 0.048 0.752
26 0.8 0.048 0.752
44 0.752314 0.048 0.704314
26 0.752 0.048 0.704
26 0.704 0.16 0.544
44 0.704314 0.16 0.544314
44 0.544314 0.016 0.528314
26 0.544 0.016 0.528
44 0.528314 0.048 0.480314
26 0.528 0.048 0.48
18 0.8 0.048 0.752
38 0.8 0.048 0.752
28 0.8 0.048 0.752
24 0.8 0.048 0.752
9 0.8 0.048 0.752
10 0.781436 0.048 0.733436
36 0.8 0.048 0.752
49 0.8 0.048 0.752
27 0.8 0.048 0.752
25 0.8 0.048 0.752
11 0.8 0.048 0.752
7 0.8 0.048 0.752
16 0.8 0.048 0.752
21 0.8 0.048 0.752
4 0.8 0.048 0.752
4 0.752 0.048 0.704
21 0.752 0.048 0.704
31 0.8 0.048 0.752
39 0.8 0.048 0.752
46 0.8 0.048 0.752
3 0.8 0.048 0.752
20 0.8 0.048 0.752
35 0.8 0.048 0.752
48 0.8 0.048 0.752
5 0.8 0.048 0.752
23 0.8 0.048 0.752
13 0.8 0.048 0.752
29 0.8 0.048 0.752
41 0.8 0.048 0.752
37 0.8 0.048 0.752
39 0.8 0.048 0.752
40 0.8 0.048 0.752
17 0.8 0.048 0.752
19 0.8 0.048 0.752
32 0.8 0.048 0.752
33 0.8 0.048 0.752
43 0.8 0.048 0.752
40 0.752 0.048 0.704
40 0.704 0.16 0.544
17 0.752 0.16 0.592
19 0.752 0.16 0.592
32 0.752 0.16 0.592
33 0.752 0.16 0.592
43 0.752 0.16 0.592
43 0.592 0.016 0.576
40 0.544 0.016 0.528
43 0.576 0.048 0.528
17 0.592 0.048 0.544
19 0.592 0.048 0.544
32 0.592 0.048 0.544
33 0.592 0.048 0.544
40 0.528 0.048 0.48
1 0.8 0.048 0.752
50 0.8 0.048 0.752
12 0.8 0.048 0.752
28 0.8 0.048 0.752
45 0.8 0.048 0.752
47 0.8 0.048 0.752
39 0.8 0.048 0.752
31 0.8 0.048 0.752
44 0.8 0.048 0.752
26 0.8 0.048 0.752
18 0.8 0.048 0.752
38 0.8 0.048 0.752
36 0.8 0.048 0.752
24 0.8 0.048 0.752
9 0.8 0.048 0.752
10 0.8 0.048 0.752
28 0.8 0.048 0.752
12 0.8 0.048 0.752
50 0.8 0.048 0.752
28 0.752 0.048 0.704
28 0.704 0.16 0.544
12 0.752 0.16 0.592
12 0.592 0.016 0.576
28 0.544 0.016 0.528
12 0.576 0.048 0.528
28 0.528 0.048 0.48
45 0.8 0.048 0.752
47 0.8 0.048 0.752
50 0.752 0.048 0.704
12 0.528 0.048 0.48
12 0.48 0.16 0.32
50 0.704 0.16 0.544
28 0.48 0.16 0.32
45 0.752 0.16 0.592
47 0.752 0.16 0.592
47 0.592 0.016 0.576
12 0.32 0.016 0.304
47 0.576 0.048 0.528
12 0.304 0.048 0.256
13 0.8 0.048 0.752
41 0.8 0.048 0.752
45 0.592 0.048 0.544
50 0.544 0.048 0.496
50 0.496 0.16 0.336
36 0.8 0.048 0.752
38 0.8 0.048 0.752
36 0.752 0.048 0.704
36 0.704 0.16 0.544
36 0.544 0.016 0.528
38 0.752 0.16 0.592
49 0.8 0.048 0.752
27 0.8 0.048 0.752
25 0.8 0.048 0.752
35 0.8 0.048 0.752
3 0.8 0.048 0.752
20 0.8 0.048 0.752
46 0.8 0.048 0.752
11 0.8 0.048 0.752
7 0.8 0.048 0.752
16 0.8 0.048 0.752
21 0.8 0.048 0.752
4 0.8 0.048 0.752
4 0.752 0.048 0.704
21 0.752 0.048 0.704
31 0.8 0.048 0.752
39 0.8 0.048 0.752
12 0.406025 0.048 0.358025
28 0.471745 0.048 0.423745
45 0.69499 0.048 0.64699
47 0.677195 0.048 0.629195
50 0.492011 0.048 0.444011
46 0.8 0.048 0.752
3 0.8 0.048 0.752
20 0.8 0.048 0.752
35 0.8 0.048 0.752
48 0.8 0.048 0.752
5 0.8 0.048 0.752
13 0.8 0.048 0.752
29 0.8 0.048 0.752
41 0.8 0.048 0.752
47 0.629195 0.048 0.581195
37 0.8 0.048 0.752
43 0.8 0.048 0.752
17 0.8 0.048 0.752
19 0.8 0.048 0.752
32 0.8 0.048 0.752
33 0.8 0.048 0.752
40 0.8 0.048 0.752
1 0.8 0.048 0.752
50 0.517399 0.048 0.469399
12 0.358025 0.048 0.310025
45 0.722211 0.048 0.674211
50 0.469399 0.048 0.421399
50 0.421399 0.16 0.261399
12 0.310025 0.16 0.150025
45 0.674211 0.16 0.514211
39 0.8 0.048 0.752
31 0.8 0.048 0.752
44 0.8 0.048 0.752
26 0.8 0.048 0.752
18 0.8 0.048 0.752
38 0.8 0.048 0.752
36 0.8 0.048 0.752
38 0.752 0.048 0.704
38 0.704 0.16 0.544
36 0.752 0.16 0.592
36 0.592 0.016 0.576
38 0.544 0.016 0.528
36 0.576 0.048 0.528
38 0.528 0.048 0.48
24 0.8 0.048 0.752
9 0.8 0.048 0.752
10 0.8 0.048 0.752
47 0.8 0.048 0.752
12 0.382413 0.048 0.334413
41 0.8 0.048 0.752
45 0.66185 0.048 0.61385
50 0.408738 0.048 0.360738
47 0.752 0.048 0.704
47 0.704 0.16 0.544
47 0.544 0.016 0.528
12 0.334413 0.16 0.174413
41 0.752 0.16 0.592
45 0.61385 0.16 0.45385
50 0.360738 0.16 0.200738
14 0.8 0.048 0.752
2 0.8 0.048 0.752
49 0.8 0.048 0.752
27 0.8 0.048 0.752
25 0.8 0.048 0.752
35 0.8 0.048 0.752
3 0.8 0.048 0.752
20 0.8 0.048 0.752
46 0.8 0.048 0.752
11 0.8 0.048 0.752
7 0.8 0.048 0.752
16 0.8 0.048 0.752
21 0.8 0.048 0.752
4 0.8 0.048 0.752
4 0.752 0.048 0.704
21 0.752 0.048 0.704
31 0.8 0.048 0.752
39 0.8 0.048 0.752
46 0.8 0.048 0.752
3 0.8 0.048 0.752
20 0.8 0.048 0.752
35 0.8 0.048 0.752
48 0.8 0.048 0.752
5 0.8 0.048 0.752
8 0.8 0.048 0.752
23 0.8 0.048 0.752
13 0.8 0.048 0.752
29 0.8 0.048 0.752
41 0.736339 0.048 0.688339
47 0.679998 0.048 0.631998
37 0.8 0.048 0.752
43 0.8 0.048 0.752
17 0.8 0.048 0.752
19 0.8 0.048 0.752
32 0.8 0.048 0.752
33 0.8 0.048 0.752
1 0.8 0.048 0.752
39 0.8 0.048 0.752
31 0.8 0.048 0.752
44 0.8 0.048 0.752
26 0.8 0.048 0.752
18 0.8 0.048 0.752
36 0.8 0.048 0.752
24 0.8 0.048 0.752
9 0.8 0.048 0.752
10 0.8 0.048 0.752
14 0.8 0.048 0.752
2 0.8 0.048 0.752
49 0.8 0.048 0.752
27 0.8 0.048 0.752
25 0.8 0.048 0.752
35 0.8 0.048 0.752
3 0.8 0.048 0.752
20 0.8 0.048 0.752
46 0.8 0.048 0.752
35 0.752 0.048 0.704
35 0.704 0.16 0.544
35 0.544 0.016 0.528
3 0.752 0.16 0.592
20 0.752 0.16 0.592
46 0.752 0.16 0.592
11 0.8 0.048 0.752
7 0.8 0.048 0.752
16 0.8 0.048 0.752
21 0.8 0.048 0.752
4 0.8 0.048 0.752
4 0.752 0.048 0.704
21 0.752 0.048 0.704
31 0.8 0.048 0.752
39 0.8 0.048 0.752
12 0.701826 0.048 0.653826
41 0.8 0.048 0.752
45 0.8 0.048 0.752
47 0.8 0.048 0.752
50 0.729817 0.048 0.681817
12 0.653826 0.096 0.557826
12 0.557826 0.16 0.397826
41 0.752 0.16 0.592
45 0.752 0.16 0.592
47 0.752 0.16 0.592
47 0.592 0.016 0.576
12 0.397826 0.016 0.381826
47 0.576 0.048 0.528
12 0.381826 0.048 0.333826
13 0.8 0.048 0.752
41 0.592 0.048 0.544
45 0.592 0.048 0.544
50 0.681817 0.048 0.633817
47 0.528 0.048 0.48
47 0.48 0.16 0.32
50 0.633817 0.16 0.473817
12 0.333826 0.16 0.173826
13 0.752 0.16 0.592
41 0.544 0.16 0.384
45 0.544 0.16 0.384
50 0.473817 0.16 0.313817
46 0.665885 0.048 0.617885
3 0.668384 0.048 0.620384
20 0.667137 0.048 0.619137
35 0.598041 0.048 0.550041
48 0.8 0.048 0.752
5 0.8 0.048 0.752
8 0.8 0.048 0.752
23 0.8 0.048 0.752
13 0.592 0.048 0.544
29 0.8 0.048 0.752
41 0.384 0.048 0.336
47 0.32 0.048 0.272
37 0.8 0.048 0.752
43 0.8 0.048 0.752
17 0.8 0.048 0.752
19 0.8 0.048 0.752
32 0.8 0.048 0.752
33 0.8 0.048 0.752
40 0.8 0.048 0.752
1 0.8 0.048 0.752
39 0.8 0.048 0.752
31 0.8 0.048 0.752
44 0.8 0.048 0.752
26 0.8 0.048 0.752
18 0.8 0.048 0.752
18 0.752 0.048 0.704
18 0.704 0.16 0.544
18 0.544 0.016 0.528
36 0.8 0.048 0.752
24 0.8 0.048 0.752
9 0.8 0.048 0.752
10 0.8 0.048 0.752
14 0.8 0.048 0.752
2 0.8 0.048 0.752
49 0.8 0.048 0.752
27 0.8 0.048 0.752
25 0.8 0.048 0.752
18 0.677783 0.048 0.629783
25 0.752 0.096 0.656
25 0.656 0.16 0.496
25 0.496 0.016 0.48
18 0.629783 0.16 0.469783
11 0.8 0.048 0.752
7 0.8 0.048 0.752
16 0.8 0.048 0.752
21 0.8 0.048 0.752
4 0.8 0.048 0.752
21 0.752 0.048 0.704
21 0.704 0.16 0.544
4 0.752 0.16 0.592
4 0.592 0.048 0.544
21 0.544 0.048 0.496
4 0.544 0.048 0.496
4 0.496 0.16 0.336
4 0.336 0.016 0.32
21 0.496 0.16 0.336
31 0.8 0.048 0.752
39 0.8 0.048 0.752
46 0.8 0.048 0.752
3 0.8 0.048 0.752
20 0.8 0.048 0.752
35 0.8 0.048 0.752
48 0.8 0.048 0.752
5 0.8 0.048 0.752
13 0.8 0.048 0.752
29 0.8 0.048 0.752
41 0.715013 0.048 0.667013
47 0.64645 0.048 0.59845
37 0.8 0.048 0.752
43 0.8 0.048 0.752
17 0.8 0.048 0.752
19 0.8 0.048 0.752
32 0.8 0.048 0.752
33 0.8 0.048 0.752
40 0.8 0.048 0.752
1 0.8 0.048 0.752
39 0.8 0.048 0.752
31 0.8 0.048 0.752
44 0.8 0.048 0.752
26 0.8 0.048 0.752
36 0.8 0.048 0.752
24 0.8 0.048 0.752
9 0.8 0.048 0.752
10 0.8 0.048 0.752
22 0.8 0.048 0.752
30 0.8 0.048 0.752
24 0.752 0.048 0.704
24 0.704 0.16 0.544
9 0.752 0.16 0.592
10 0.752 0.16 0.592
22 0.752 0.16 0.592
22 0.592 0.016 0.576
24 0.544 0.016 0.528
22 0.576 0.048 0.528
9 0.592 0.048 0.544
24 0.528 0.048 0.48
30 0.752 0.048 0.704
30 0.704 0.16 0.544
14 0.8 0.048 0.752
2 0.8 0.048 0.752
49 0.8 0.048 0.752
27 0.8 0.048 0.752
11 0.8 0.048 0.752
7 0.8 0.048 0.752
16 0.8 0.048 0.752
31 0.8 0.048 0.752
39 0.8 0.048 0.752
46 0.8 0.048 0.752
3 0.8 0.048 0.752
20 0.8 0.048 0.752
35 0.8 0.048 0.752
48 0.8 0.048 0.752
5 0.8 0.048 0.752
23 0.8 0.048 0.752
13 0.8 0.048 0.752
29 0.8 0.048 0.752
41 0.8 0.048 0.752
47 0.8 0.048 0.752
37 0.8 0.048 0.752
39 0.8 0.048 0.752
43 0.8 0.048 0.752
17 0.8 0.048 0.752
19 0.8 0.048 0.752
32 0.8 0.048 0.752
33 0.8 0.048 0.752
40 0.8 0.048 0.752
1 0.8 0.048 0.752
1 0.752 0.048 0.704
1 0.704 0.16 0.544
1 0.544 0.016 0.528
39 0.8 0.048 0.752
31 0.8 0.048 0.752
37 0.8 0.048 0.752
44 0.8 0.048 0.752
26 0.8 0.048 0.752
36 0.8 0.048 0.752
38 0.8 0.048 0.752
22 0.8 0.048 0.752
9 0.8 0.048 0.752
24 0.8 0.048 0.752
30 0.8 0.048 0.752
14 0.8 0.048 0.752
2 0.8 0.048 0.752
49 0.8 0.048 0.752
27 0.8 0.048 0.752
11 0.8 0.048 0.752
7 0.8 0.048 0.752
16 0.8 0.048 0.752
31 0.8 0.048 0.752
39 0.8 0.048 0.752
46 0.8 0.048 0.752
3 0.8 0.048 0.752
20 0.8 0.048 0.752
35 0.8 0.048 0.752
48 0.8 0.048 0.752
5 0.8 0.048 0.752
23 0.8 0.048 0.752
48 0.752 0.048 0.704
48 0.704 0.16 0.544
48 0.544 0.016 0.528
5 0.752 0.16 0.592
23 0.752 0.16 0.592
13 0.8 0.048 0.752
29 0.8 0.048 0.752
41 0.8 0.048 0.752
47 0.8 0.048 0.752
37 0.8 0.048 0.752
43 0.8 0.048 0.752
17 0.8 0.048 0.752
19 0.8 0.048 0.752
32 0.8 0.048 0.752
33 0.8 0.048 0.752
40 0.8 0.048 0.752
39 0.8 0.048 0.752
31 0.8 0.048 0.752
37 0.8 0.048 0.752
44 0.8 0.048 0.752
26 0.8 0.048 0.752
36 0.8 0.048 0.752
38 0.8 0.048 0.752
22 0.8 0.048 0.752
9 0.8 0.048 0.752
10 0.8 0.048 0.752
24 0.8 0.048 0.752
30 0.8 0.048 0.752
14 0.8 0.048 0.752
2 0.8 0.048 0.752
49 0.8 0.048 0.752
27 0.8 0.048 0.752
11 0.8 0.048 0.752
7 0.8 0.048 0.752
16 0.8 0.048 0.752
31 0.8 0.048 0.752
39 0.8 0.048 0.752
46 0.8 0.048 0.752
3 0.8 0.048 0.752
20 0.8 0.048 0.752
35 0.8 0.048 0.752
13 0.8 0.048 0.752
29 0.8 0.048 0.752
41 0.8 0.048 0.752
47 0.8 0.048 0.752
37 0.8 0.048 0.752
39 0.8 0.048 0.752
43 0.8 0.048 0.752
17 0.8 0.048 0.752
19 0.8 0.048 0.752
32 0.8 0.048 0.752
33 0.8 0.048 0.752
40 0.8 0.048 0.752
39 0.8 0.048 0.752
31 0.8 0.048 0.752
37 0.8 0.048 0.752
44 0.8 0.048 0.752
26 0.8 0.048 0.752
36 0.8 0.048 0.752
38 0.8 0.048 0.752
22 0.8 0.048 0.752
9 0.8 0.048 0.752
10 0.8 0.048 0.752
24 0.8 0.048 0.752
30 0.8 0.048 0.752
14 0.8 0.048 0.752
2 0.8 0.048 0.752
49 0.8 0.048 0.752
27 0.8 0.048 0.752
11 0.8 0.048 0.752
7 0.8 0.048 0.752
16 0.8 0.048 0.752
31 0.8 0.048 0.752
37 0.8 0.048 0.752
39 0.8 0.048 0.752
46 0.8 0.048 0.752
3 0.8 0.048 0.752
20 0.8 0.048 0.752
35 0.8 0.048 0.752
13 0.8 0.048 0.752
29 0.8 0.048 0.752
41 0.8 0.048 0.752
47 0.8 0.048 0.752
37 0.752 0.048 0.704
31 0.752 0.048 0.704
39 0.8 0.048 0.752
43 0.8 0.048 0.752
17 0.8 0.048 0.752
19 0.8 0.048 0.752
32 0.8 0.048 0.752
33 0.8 0.048 0.752
40 0.8 0.048 0.752
39 0.8 0.048 0.752
31 0.77682 0.048 0.72882
37 0.778951 0.048 0.730951
44 0.8 0.048 0.752
36 0.8 0.048 0.752
38 0.8 0.048 0.752
22 0.8 0.048 0.752
9 0.8 0.048 0.752
10 0.8 0.048 0.752
24 0.8 0.048 0.752
30 0.8 0.048 0.752
14 0.8 0.048 0.752
2 0.8 0.048 0.752
49 0.8 0.048 0.752
27 0.8 0.048 0.752
11 0.8 0.048 0.752
7 0.8 0.048 0.752
16 0.8 0.048 0.752
31 0.8 0.048 0.752
37 0.8 0.048 0.752
39 0.8 0.048 0.752
46 0.8 0.048 0.752
3 0.8 0.048 0.752
20 0.8 0.048 0.752
35 0.8 0.048 0.752
13 0.8 0.048 0.752
29 0.8 0.048 0.752
41 0.8 0.048 0.752
47 0.8 0.048 0.752
37 0.752 0.048 0.704
31 0.752 0.048 0.704
39 0.8 0.048 0.752
43 0.8 0.048 0.752
17 0.8 0.048 0.752
19 0.8 0.048 0.752
32 0.8 0.048 0.752
33 0.8 0.048 0.752
40 0.8 0.048 0.752
39 0.8 0.048 0.752
31 0.774727 0.048 0.726727
37 0.782478 0.048 0.734478
44 0.8 0.048 0.752
36 0.8 0.048 0.752
38 0.8 0.048 0.752
22 0.8 0.048 0.752
9 0.8 0.048 0.752
24 0.8 0.048 0.752
30 0.8 0.048 0.752
14 0.8 0.048 0.752
2 0.8 0.048 0.752
49 0.8 0.048 0.752
27 0.8 0.048 0.752
11 0.8 0.048 0.752
7 0.8 0.048 0.752
16 0.8 0.048 0.752
31 0.8 0.048 0.752
37 0.8 0.048 0.752
39 0.8 0.048 0.752
31 0.752 0.048 0.704
31 0.704 0.16 0.544
31 0.544 0.016 0.528
37 0.752 0.16 0.592
39 0.752 0.16 0.592
46 0.8 0.048 0.752
3 0.8 0.048 0.752
20 0.8 0.048 0.752
35 0.8 0.048 0.752
13 0.8 0.048 0.752
29 0.8 0.048 0.752
41 0.8 0.048 0.752
47 0.8 0.048 0.752
37 0.592 0.048 0.544
31 0.528 0.048 0.48
39 0.663808 0.048 0.615808
37 0.544 0.048 0.496
37 0.496 0.16 0.336
31 0.48 0.16 0.32
39 0.615808 0.16 0.455808
43 0.8 0.048 0.752
17 0.8 0.048 0.752
19 0.8 0.048 0.752
32 0.8 0.048 0.752
33 0.8 0.048 0.752
40 0.8 0.048 0.752
39 0.534403 0.048 0.486403
31 0.391163 0.048 0.343163
37 0.409713 0.048 0.361713
39 0.486403 0.048 0.438403
39 0.438403 0.16 0.278403
39 0.278403 0.016 0.262403
31 0.343163 0.16 0.183163
37 0.361713 0.16 0.201713
44 0.8 0.048 0.752
36 0.8 0.048 0.752
22 0.8 0.048 0.752
9 0.8 0.048 0.752
10 0.8 0.048 0.752
24 0.8 0.048 0.752
30 0.8 0.048 0.752
14 0.8 0.048 0.752
2 0.8 0.048 0.752
49 0.8 0.048 0.752
27 0.8 0.048 0.752
11 0.8 0.048 0.752
7 0.8 0.048 0.752
16 0.8 0.048 0.752
46 0.8 0.048 0.752
3 0.8 0.048 0.752
20 0.8 0.048 0.752
35 0.8 0.048 0.752
13 0.8 0.048 0.752
29 0.8 0.048 0.752
41 0.8 0.048 0.752
47 0.8 0.048 0.752
43 0.8 0.048 0.752
17 0.8 0.048 0.752
19 0.8 0.048 0.752
32 0.8 0.048 0.752
33 0.8 0.048 0.752
40 0.8 0.048 0.752
44 0.8 0.048 0.752
36 0.8 0.048 0.752
38 0.8 0.048 0.752
36 0.752 0.048 0.704
36 0.704 0.16 0.544
36 0.544 0.016 0.528
38 0.752 0.16 0.592
22 0.8 0.048 0.752
9 0.8 0.048 0.752
10 0.8 0.048 0.752
24 0.8 0.048 0.752
30 0.8 0.048 0.752
14 0.8 0.048 0.752
2 0.8 0.048 0.752
49 0.8 0.048 0.752
27 0.8 0.048 0.752
11 0.8 0.048 0.752
7 0.8 0.048 0.752
16 0.8 0.048 0.752
