72 0.8 0.048 0.752
1 0.8 0.048 0.752
5 0.8 0.048 0.752
22 0.8 0.048 0.752
35 0.8 0.048 0.752
70 0.8 0.048 0.752
71 0.8 0.048 0.752
75 0.8 0.048 0.752
72 0.752 0.336 0.416
72 0.416 0.16 0.256
1 0.752 0.16 0.592
1 0.592 0.016 0.576
72 0.256 0.016 0.24
1 0.576 0.048 0.528
5 0.752 0.048 0.704
35 0.752 0.048 0.704
70 0.752 0.048 0.704
71 0.752 0.048 0.704
72 0.24 0.048 0.192
75 0.752 0.048 0.704
1 0.528 0.24 0.288
1 0.288 0.16 0.128
5 0.704 0.16 0.544
5 0.544 0.016 0.528
72 0.192 0.016 0.176
5 0.528 0.048 0.48
1 0.128 0.048 0.08
22 0.752 0.048 0.704
35 0.704 0.048 0.656
70 0.704 0.048 0.656
71 0.704 0.048 0.656
72 0.176 0.048 0.128
75 0.704 0.048 0.656
5 0.48 0.24 0.24
5 0.24 0.16 0.08
22 0.704 0.16 0.544
22 0.544 0.016 0.528
72 0.128 0.016 0.112
22 0.528 0.048 0.48
5 0.08 0.048 0.032
35 0.656 0.048 0.608
61 0.8 0.048 0.752
71 0.656 0.048 0.608
72 0.112 0.048 0.064
22 0.48 0.144 0.336
22 0.336 0.16 0.176
35 0.608 0.16 0.448
70 0.656 0.16 0.496
71 0.608 0.16 0.448
75 0.656 0.16 0.496
1 0.08 0.16 -0.08
22 0.176 0.16 0.016
70 0.496 0.16 0.336
75 0.496 0.16 0.336
5 0.032 0.16 -0.128
35 0.448 0.16 0.288
61 0.752 0.16 0.592
61 0.592 0.016 0.576
22 0.016 0.016 -9.71445e-17
61 0.576 0.048 0.528
22 0 0.048 -0.048
38 0.8 0.048 0.752
61 0.528 0.048 0.48
61 0.48 0.16 0.32
71 0.448 0.16 0.288
72 0.064 0.16 -0.096
22 0 0.16 -0.16
38 0.752 0.16 0.592
38 0.592 0.016 0.576
61 0.32 0.016 0.304
38 0.576 0.048 0.528
61 0.304 0.048 0.256
20 0.8 0.048 0.752
6 0.8 0.048 0.752
18 0.8 0.048 0.752
27 0.8 0.048 0.752
37 0.8 0.048 0.752
57 0.8 0.048 0.752
20 0.752 0.24 0.512
20 0.512 0.16 0.352
6 0.752 0.16 0.592
6 0.592 0.016 0.576
20 0.352 0.016 0.336
6 0.576 0.048 0.528
18 0.752 0.048 0.704
20 0.336 0.048 0.288
50 0.8 0.048 0.752
53 0.8 0.048 0.752
57 0.752 0.048 0.704
73 0.8 0.048 0.752
80 0.8 0.048 0.752
6 0.528 0.288 0.24
6 0.24 0.16 0.08
18 0.704 0.16 0.544
18 0.544 0.016 0.528
20 0.288 0.016 0.272
18 0.528 0.048 0.48
6 0.08 0.048 0.032
20 0.272 0.048 0.224
27 0.752 0.048 0.704
37 0.752 0.048 0.704
57 0.704 0.048 0.656
18 0.48 0.144 0.336
18 0.336 0.16 0.176
27 0.704 0.16 0.544
27 0.544 0.016 0.528
20 0.224 0.016 0.208
27 0.528 0.048 0.48
18 0.176 0.048 0.128
20 0.208 0.048 0.16
37 0.704 0.048 0.656
27 0.48 0.048 0.432
27 0.432 0.16 0.272
37 0.656 0.16 0.496
57 0.656 0.16 0.496
50 0.752 0.16 0.592
50 0.592 0.016 0.576
6 0.032 0.016 0.016
50 0.576 0.048 0.528
6 0.016 0.048 -0.032
53 0.752 0.048 0.704
57 0.496 0.048 0.448
73 0.752 0.048 0.704
80 0.752 0.048 0.704
50 0.528 0.144 0.384
50 0.384 0.16 0.224
53 0.704 0.16 0.544
53 0.544 0.016 0.528
6 0 0.016 -0.016
53 0.528 0.048 0.48
6 0 0.048 -0.048
50 0.224 0.048 0.176
57 0.448 0.048 0.4
73 0.704 0.048 0.656
80 0.704 0.048 0.656
53 0.48 0.096 0.384
53 0.384 0.16 0.224
73 0.656 0.16 0.496
80 0.656 0.16 0.496
6 0 0.16 -0.16
27 0.272 0.16 0.112
57 0.4 0.16 0.24
18 0.128 0.16 -0.032
20 0.16 0.16 -2.77556e-17
37 0.496 0.16 0.336
53 0.224 0.16 0.064
6 0 0.16 -0.16
50 0.176 0.16 0.016
57 0.24 0.16 0.08
73 0.496 0.16 0.336
80 0.496 0.16 0.336
88 0.8 0.048 0.752
19 0.8 0.048 0.752
31 0.8 0.048 0.752
51 0.8 0.048 0.752
63 0.8 0.048 0.752
88 0.752 0.192 0.56
88 0.56 0.16 0.4
19 0.752 0.16 0.592
19 0.592 0.016 0.576
88 0.4 0.016 0.384
19 0.576 0.048 0.528
63 0.752 0.048 0.704
85 0.8 0.048 0.752
88 0.384 0.048 0.336
19 0.528 0.096 0.432
19 0.432 0.16 0.272
31 0.752 0.16 0.592
31 0.592 0.016 0.576
88 0.336 0.016 0.32
31 0.576 0.048 0.528
28 0.8 0.048 0.752
51 0.752 0.048 0.704
63 0.704 0.048 0.656
88 0.32 0.048 0.272
31 0.528 0.144 0.384
31 0.384 0.16 0.224
51 0.704 0.16 0.544
51 0.544 0.016 0.528
88 0.272 0.016 0.256
51 0.528 0.048 0.48
28 0.752 0.048 0.704
31 0.224 0.048 0.176
63 0.656 0.048 0.608
88 0.256 0.048 0.208
51 0.48 0.096 0.384
51 0.384 0.16 0.224
63 0.608 0.16 0.448
85 0.752 0.16 0.592
85 0.592 0.016 0.576
19 0.272 0.016 0.256
85 0.576 0.048 0.528
19 0.256 0.048 0.208
63 0.448 0.048 0.4
51 0.224 0.16 0.064
28 0.704 0.16 0.544
28 0.544 0.016 0.528
51 0.064 0.016 0.048
28 0.528 0.048 0.48
31 0.176 0.048 0.128
43 0.8 0.048 0.752
51 0.048 0.048 -1.11022e-16
28 0.48 0.048 0.432
28 0.432 0.16 0.272
31 0.128 0.16 -0.032
63 0.4 0.16 0.24
88 0.208 0.16 0.048
31 0 0.16 -0.16
43 0.752 0.16 0.592
43 0.592 0.016 0.576
28 0.272 0.016 0.256
43 0.576 0.048 0.528
28 0.256 0.048 0.208
44 0.8 0.048 0.752
43 0.528 0.048 0.48
43 0.48 0.16 0.32
51 0 0.16 -0.16
28 0.208 0.16 0.048
44 0.752 0.16 0.592
44 0.592 0.016 0.576
43 0.32 0.016 0.304
44 0.576 0.048 0.528
43 0.304 0.048 0.256
2 0.8 0.048 0.752
9 0.8 0.048 0.752
36 0.8 0.048 0.752
54 0.8 0.048 0.752
2 0.752 0.144 0.608
2 0.608 0.16 0.448
9 0.752 0.16 0.592
9 0.592 0.016 0.576
2 0.448 0.016 0.432
9 0.576 0.048 0.528
2 0.432 0.048 0.384
36 0.752 0.048 0.704
54 0.752 0.048 0.704
9 0.528 0.096 0.432
9 0.432 0.16 0.272
36 0.704 0.16 0.544
36 0.544 0.016 0.528
2 0.384 0.016 0.368
36 0.528 0.048 0.48
2 0.368 0.048 0.32
9 0.272 0.048 0.224
54 0.704 0.048 0.656
36 0.48 0.048 0.432
36 0.432 0.16 0.272
54 0.656 0.16 0.496
36 0.272 0.16 0.112
2 0.32 0.16 0.16
9 0.224 0.16 0.064
54 0.496 0.16 0.336
33 0.8 0.048 0.752
23 0.8 0.048 0.752
48 0.8 0.048 0.752
82 0.8 0.048 0.752
33 0.752 0.144 0.608
33 0.608 0.16 0.448
23 0.752 0.16 0.592
23 0.592 0.016 0.576
33 0.448 0.016 0.432
23 0.576 0.048 0.528
16 0.8 0.048 0.752
33 0.432 0.048 0.384
23 0.528 0.048 0.48
23 0.48 0.16 0.32
48 0.752 0.16 0.592
48 0.592 0.016 0.576
33 0.384 0.016 0.368
48 0.576 0.048 0.528
33 0.368 0.048 0.32
82 0.752 0.048 0.704
48 0.528 0.048 0.48
48 0.48 0.16 0.32
82 0.704 0.16 0.544
82 0.544 0.016 0.528
33 0.32 0.016 0.304
82 0.528 0.048 0.48
33 0.304 0.048 0.256
48 0.32 0.048 0.272
16 0.752 0.16 0.592
16 0.592 0.016 0.576
23 0.32 0.016 0.304
16 0.576 0.048 0.528
11 0.8 0.048 0.752
23 0.304 0.048 0.256
16 0.528 0.048 0.48
16 0.48 0.16 0.32
33 0.256 0.16 0.096
82 0.48 0.16 0.32
11 0.752 0.16 0.592
11 0.592 0.016 0.576
16 0.32 0.016 0.304
11 0.576 0.048 0.528
16 0.304 0.048 0.256
67 0.8 0.048 0.752
83 0.8 0.048 0.752
89 0.8 0.048 0.752
11 0.528 0.144 0.384
11 0.384 0.16 0.224
23 0.256 0.16 0.096
16 0.256 0.16 0.096
67 0.752 0.16 0.592
67 0.592 0.016 0.576
11 0.224 0.016 0.208
67 0.576 0.048 0.528
11 0.208 0.048 0.16
83 0.752 0.048 0.704
89 0.752 0.048 0.704
67 0.528 0.096 0.432
67 0.432 0.16 0.272
83 0.704 0.16 0.544
83 0.544 0.016 0.528
11 0.16 0.016 0.144
83 0.528 0.048 0.48
11 0.144 0.048 0.096
67 0.272 0.048 0.224
89 0.704 0.048 0.656
83 0.48 0.048 0.432
83 0.432 0.16 0.272
89 0.656 0.16 0.496
83 0.272 0.16 0.112
11 0.096 0.16 -0.064
67 0.224 0.16 0.064
89 0.496 0.16 0.336
62 0.8 0.048 0.752
56 0.8 0.048 0.752
58 0.8 0.048 0.752
65 0.8 0.048 0.752
62 0.752 0.144 0.608
62 0.608 0.16 0.448
56 0.752 0.16 0.592
56 0.592 0.016 0.576
62 0.448 0.016 0.432
56 0.576 0.048 0.528
58 0.752 0.048 0.704
60 0.8 0.048 0.752
62 0.432 0.048 0.384
65 0.752 0.048 0.704
56 0.528 0.144 0.384
56 0.384 0.16 0.224
58 0.704 0.16 0.544
58 0.544 0.016 0.528
62 0.384 0.016 0.368
58 0.528 0.048 0.48
56 0.224 0.048 0.176
60 0.752 0.048 0.704
62 0.368 0.048 0.32
65 0.704 0.048 0.656
58 0.48 0.096 0.384
58 0.384 0.16 0.224
65 0.656 0.16 0.496
58 0.224 0.16 0.064
56 0.176 0.16 0.016
60 0.704 0.16 0.544
60 0.544 0.016 0.528
58 0.064 0.016 0.048
60 0.528 0.048 0.48
56 0.016 0.048 -0.032
58 0.048 0.048 -1.11022e-16
65 0.496 0.048 0.448
89 0.411025 0.048 0.363025
62 0.32 0.16 0.16
65 0.448 0.16 0.288
34 0.8 0.048 0.752
40 0.8 0.048 0.752
34 0.752 0.048 0.704
34 0.704 0.16 0.544
40 0.752 0.16 0.592
40 0.592 0.016 0.576
34 0.544 0.016 0.528
40 0.576 0.048 0.528
3 0.8 0.048 0.752
30 0.8 0.048 0.752
34 0.528 0.048 0.48
40 0.528 0.096 0.432
40 0.432 0.16 0.272
3 0.752 0.16 0.592
3 0.592 0.016 0.576
40 0.272 0.016 0.256
3 0.576 0.048 0.528
30 0.752 0.048 0.704
40 0.256 0.048 0.208
3 0.528 0.048 0.48
3 0.48 0.16 0.32
30 0.704 0.16 0.544
30 0.544 0.016 0.528
40 0.208 0.016 0.192
30 0.528 0.048 0.48
3 0.32 0.048 0.272
40 0.192 0.048 0.144
79 0.8 0.048 0.752
30 0.48 0.048 0.432
30 0.432 0.16 0.272
34 0.48 0.16 0.32
30 0.272 0.16 0.112
3 0.272 0.16 0.112
40 0.144 0.16 -0.016
79 0.752 0.16 0.592
79 0.592 0.016 0.576
30 0.112 0.016 0.096
79 0.576 0.048 0.528
30 0.096 0.048 0.048
54 0.480688 0.048 0.432688
2 0.234182 0.048 0.186182
9 0.213658 0.048 0.165658
36 0.186882 0.048 0.138882
38 0.8 0.048 0.752
22 0.379112 0.048 0.331112
61 0.63432 0.048 0.58632
64 0.8 0.048 0.752
14 0.8 0.048 0.752
26 0.8 0.048 0.752
32 0.8 0.048 0.752
64 0.752 0.144 0.608
64 0.608 0.16 0.448
14 0.752 0.16 0.592
14 0.592 0.016 0.576
64 0.448 0.016 0.432
14 0.576 0.048 0.528
26 0.752 0.048 0.704
32 0.752 0.048 0.704
64 0.432 0.048 0.384
14 0.528 0.096 0.432
14 0.432 0.16 0.272
26 0.704 0.16 0.544
26 0.544 0.016 0.528
64 0.384 0.016 0.368
26 0.528 0.048 0.48
8 0.8 0.048 0.752
14 0.272 0.048 0.224
15 0.8 0.048 0.752
32 0.704 0.048 0.656
64 0.368 0.048 0.32
26 0.48 0.144 0.336
26 0.336 0.16 0.176
32 0.656 0.16 0.496
26 0.176 0.16 0.016
8 0.752 0.16 0.592
8 0.592 0.016 0.576
26 0.016 0.016 -9.71445e-17
8 0.576 0.048 0.528
15 0.752 0.048 0.704
21 0.8 0.048 0.752
26 0 0.048 -0.048
32 0.496 0.048 0.448
41 0.8 0.048 0.752
8 0.528 0.144 0.384
8 0.384 0.16 0.224
14 0.224 0.16 0.064
15 0.704 0.16 0.544
15 0.544 0.016 0.528
26 0 0.016 -0.016
15 0.528 0.048 0.48
8 0.224 0.048 0.176
21 0.752 0.048 0.704
26 0 0.048 -0.048
32 0.448 0.048 0.4
15 0.48 0.048 0.432
15 0.432 0.16 0.272
32 0.4 0.16 0.24
64 0.32 0.16 0.16
15 0.272 0.16 0.112
41 0.752 0.16 0.592
41 0.592 0.016 0.576
8 0.176 0.016 0.16
41 0.576 0.048 0.528
8 0.16 0.048 0.112
21 0.704 0.048 0.656
45 0.8 0.048 0.752
49 0.8 0.048 0.752
41 0.528 0.144 0.384
41 0.384 0.16 0.224
8 0.112 0.16 -0.048
21 0.656 0.16 0.496
26 0 0.16 -0.16
32 0.24 0.16 0.08
8 0 0.16 -0.16
21 0.496 0.16 0.336
45 0.752 0.16 0.592
45 0.592 0.016 0.576
41 0.224 0.016 0.208
45 0.576 0.048 0.528
21 0.336 0.048 0.288
41 0.208 0.048 0.16
49 0.752 0.048 0.704
45 0.528 0.048 0.48
45 0.48 0.16 0.32
49 0.704 0.16 0.544
49 0.544 0.016 0.528
41 0.16 0.016 0.144
49 0.528 0.048 0.48
21 0.288 0.048 0.24
41 0.144 0.048 0.096
45 0.32 0.048 0.272
21 0.24 0.16 0.08
41 0.096 0.16 -0.064
49 0.48 0.16 0.32
46 0.8 0.048 0.752
7 0.8 0.048 0.752
13 0.8 0.048 0.752
24 0.8 0.048 0.752
29 0.8 0.048 0.752
59 0.8 0.048 0.752
69 0.8 0.048 0.752
90 0.8 0.048 0.752
46 0.752 0.336 0.416
46 0.416 0.16 0.256
7 0.752 0.16 0.592
7 0.592 0.016 0.576
46 0.256 0.016 0.24
7 0.576 0.048 0.528
13 0.752 0.048 0.704
24 0.752 0.048 0.704
29 0.752 0.048 0.704
46 0.24 0.048 0.192
84 0.8 0.048 0.752
90 0.752 0.048 0.704
7 0.528 0.24 0.288
7 0.288 0.16 0.128
13 0.704 0.16 0.544
13 0.544 0.016 0.528
46 0.192 0.016 0.176
13 0.528 0.048 0.48
7 0.128 0.048 0.08
24 0.704 0.048 0.656
29 0.704 0.048 0.656
46 0.176 0.048 0.128
90 0.704 0.048 0.656
13 0.48 0.144 0.336
13 0.336 0.16 0.176
24 0.656 0.16 0.496
29 0.656 0.16 0.496
59 0.752 0.16 0.592
59 0.592 0.016 0.576
46 0.128 0.016 0.112
59 0.576 0.048 0.528
24 0.496 0.048 0.448
46 0.112 0.048 0.064
69 0.752 0.048 0.704
76 0.8 0.048 0.752
59 0.528 0.096 0.432
59 0.432 0.16 0.272
69 0.704 0.16 0.544
69 0.544 0.016 0.528
46 0.064 0.016 0.048
69 0.528 0.048 0.48
24 0.448 0.048 0.4
46 0.048 0.048 0
59 0.272 0.048 0.224
76 0.752 0.048 0.704
69 0.48 0.048 0.432
69 0.432 0.16 0.272
90 0.656 0.16 0.496
13 0.176 0.16 0.016
84 0.752 0.16 0.592
84 0.592 0.016 0.576
7 0.08 0.016 0.064
84 0.576 0.048 0.528
7 0.064 0.048 0.016
29 0.496 0.048 0.448
7 0.016 0.16 -0.144
29 0.448 0.16 0.288
90 0.496 0.16 0.336
69 0.272 0.16 0.112
24 0.4 0.16 0.24
46 0 0.16 -0.16
59 0.224 0.16 0.064
76 0.704 0.16 0.544
76 0.544 0.016 0.528
69 0.112 0.016 0.096
76 0.528 0.048 0.48
10 0.8 0.048 0.752
59 0.064 0.048 0.016
69 0.096 0.048 0.048
76 0.48 0.048 0.432
76 0.432 0.16 0.272
10 0.752 0.16 0.592
10 0.592 0.016 0.576
76 0.272 0.016 0.256
10 0.576 0.048 0.528
76 0.256 0.048 0.208
59 0.016 0.16 -0.144
69 0.048 0.16 -0.112
85 0.8 0.048 0.752
19 0.589785 0.048 0.541785
63 0.619454 0.048 0.571454
88 0.423024 0.048 0.375024
85 0.752 0.048 0.704
85 0.704 0.16 0.544
19 0.541785 0.16 0.381785
63 0.571454 0.16 0.411454
88 0.375024 0.16 0.215024
44 0.8 0.048 0.752
43 0.629056 0.048 0.581056
16 0.471938 0.048 0.423938
11 0.377076 0.048 0.329076
23 0.463816 0.048 0.415816
33 0.399577 0.048 0.351577
82 0.679869 0.048 0.631869
48 0.647154 0.048 0.599154
60 0.8 0.048 0.752
56 0.380892 0.048 0.332892
58 0.376139 0.048 0.328139
62 0.535695 0.048 0.487695
65 0.67438 0.048 0.62638
60 0.752 0.048 0.704
60 0.704 0.16 0.544
56 0.332892 0.16 0.172892
58 0.328139 0.16 0.168139
62 0.487695 0.16 0.327695
65 0.62638 0.16 0.46638
25 0.8 0.048 0.752
39 0.8 0.048 0.752
78 0.8 0.048 0.752
86 0.8 0.048 0.752
25 0.752 0.192 0.56
25 0.56 0.16 0.4
25 0.4 0.016 0.384
39 0.752 0.16 0.592
39 0.592 0.016 0.576
25 0.384 0.016 0.368
39 0.576 0.048 0.528
25 0.368 0.048 0.32
78 0.752 0.048 0.704
86 0.752 0.048 0.704
39 0.528 0.144 0.384
39 0.384 0.16 0.224
78 0.704 0.16 0.544
78 0.544 0.016 0.528
25 0.32 0.016 0.304
78 0.528 0.048 0.48
25 0.304 0.048 0.256
39 0.224 0.048 0.176
86 0.704 0.048 0.656
78 0.48 0.096 0.384
78 0.384 0.16 0.224
86 0.656 0.16 0.496
78 0.224 0.16 0.064
25 0.256 0.16 0.096
39 0.176 0.16 0.016
86 0.496 0.16 0.336
79 0.8 0.048 0.752
54 0.8 0.048 0.752
2 0.556037 0.048 0.508037
9 0.549558 0.048 0.501558
36 0.514901 0.048 0.466901
54 0.752 0.048 0.704
54 0.704 0.16 0.544
2 0.508037 0.16 0.348037
9 0.501558 0.16 0.341558
36 0.466901 0.16 0.306901
55 0.8 0.048 0.752
17 0.8 0.048 0.752
42 0.8 0.048 0.752
68 0.8 0.048 0.752
77 0.8 0.048 0.752
81 0.8 0.048 0.752
87 0.8 0.048 0.752
55 0.752 0.288 0.464
55 0.464 0.16 0.304
17 0.752 0.16 0.592
17 0.592 0.016 0.576
55 0.304 0.016 0.288
17 0.576 0.048 0.528
42 0.752 0.048 0.704
55 0.288 0.048 0.24
68 0.752 0.048 0.704
77 0.752 0.048 0.704
81 0.752 0.048 0.704
87 0.752 0.048 0.704
17 0.528 0.24 0.288
17 0.288 0.16 0.128
42 0.704 0.16 0.544
42 0.544 0.016 0.528
55 0.24 0.016 0.224
42 0.528 0.048 0.48
17 0.128 0.048 0.08
55 0.224 0.048 0.176
68 0.704 0.048 0.656
77 0.704 0.048 0.656
81 0.704 0.048 0.656
87 0.704 0.048 0.656
42 0.48 0.192 0.288
42 0.288 0.16 0.128
68 0.656 0.16 0.496
77 0.656 0.16 0.496
81 0.656 0.16 0.496
87 0.656 0.16 0.496
42 0.128 0.16 -0.032
17 0.08 0.16 -0.08
55 0.176 0.16 0.016
68 0.496 0.16 0.336
77 0.496 0.16 0.336
81 0.496 0.16 0.336
87 0.496 0.16 0.336
89 0.8 0.048 0.752
11 0.479792 0.048 0.431792
67 0.590577 0.048 0.542577
83 0.643798 0.048 0.595798
38 0.8 0.048 0.752
61 0.8 0.048 0.752
58 0.389918 0.048 0.341918
56 0.325426 0.048 0.277426
60 0.762602 0.048 0.714602
62 0.480739 0.048 0.432739
65 0.610424 0.048 0.562424
58 0.341918 0.048 0.293918
58 0.293918 0.16 0.133918
56 0.277426 0.16 0.117426
60 0.714602 0.16 0.554602
62 0.432739 0.16 0.272739
65 0.562424 0.16 0.402424
49 0.695853 0.048 0.647853
21 0.45568 0.048 0.40768
41 0.382797 0.048 0.334797
45 0.643245 0.048 0.595245
86 0.559158 0.048 0.511158
25 0.31856 0.048 0.27056
39 0.252036 0.048 0.204036
78 0.287069 0.048 0.239069
84 0.8 0.048 0.752
7 0.373609 0.048 0.325609
29 0.671383 0.048 0.623383
84 0.752 0.048 0.704
84 0.704 0.16 0.544
10 0.8 0.048 0.752
36 0.540338 0.048 0.492338
69 0.381475 0.048 0.333475
76 0.582423 0.048 0.534423
7 0.325609 0.16 0.165609
29 0.623383 0.16 0.463383
21 0.481666 0.048 0.433666
8 0.447328 0.048 0.399328
15 0.544624 0.048 0.496624
41 0.413173 0.048 0.365173
45 0.595245 0.048 0.547245
49 0.721153 0.048 0.673153
44 0.8 0.048 0.752
43 0.8 0.048 0.752
66 0.8 0.048 0.752
52 0.8 0.048 0.752
70 0.8 0.048 0.752
66 0.752 0.096 0.656
66 0.656 0.16 0.496
52 0.752 0.16 0.592
52 0.592 0.016 0.576
66 0.496 0.016 0.48
52 0.576 0.048 0.528
66 0.48 0.048 0.432
70 0.752 0.048 0.704
52 0.528 0.048 0.48
52 0.48 0.16 0.32
70 0.704 0.16 0.544
70 0.544 0.016 0.528
66 0.432 0.016 0.416
70 0.528 0.048 0.48
1 0.8 0.048 0.752
5 0.8 0.048 0.752
35 0.8 0.048 0.752
52 0.32 0.048 0.272
66 0.416 0.048 0.368
71 0.8 0.048 0.752
72 0.8 0.048 0.752
75 0.8 0.048 0.752
70 0.48 0.192 0.288
70 0.288 0.16 0.128
70 0.128 0.16 -0.032
1 0.752 0.16 0.592
5 0.752 0.16 0.592
35 0.752 0.16 0.592
35 0.592 0.016 0.576
70 0 0.016 -0.016
35 0.576 0.048 0.528
1 0.592 0.048 0.544
5 0.592 0.048 0.544
22 0.8 0.048 0.752
70 0 0.048 -0.048
71 0.752 0.048 0.704
72 0.752 0.048 0.704
75 0.752 0.048 0.704
35 0.528 0.192 0.336
35 0.336 0.16 0.176
52 0.272 0.16 0.112
66 0.368 0.16 0.208
71 0.704 0.16 0.544
71 0.544 0.016 0.528
70 0 0.016 -0.016
71 0.528 0.048 0.48
1 0.544 0.048 0.496
5 0.544 0.048 0.496
22 0.752 0.048 0.704
35 0.176 0.048 0.128
70 0 0.048 -0.048
72 0.704 0.048 0.656
75 0.704 0.048 0.656
71 0.48 0.144 0.336
71 0.336 0.16 0.176
72 0.656 0.16 0.496
75 0.656 0.16 0.496
71 0.176 0.16 0.016
1 0.496 0.16 0.336
5 0.496 0.16 0.336
22 0.704 0.16 0.544
22 0.544 0.016 0.528
71 0.016 0.016 -9.71445e-17
22 0.528 0.048 0.48
5 0.336 0.048 0.288
35 0.128 0.048 0.08
38 0.8 0.048 0.752
61 0.8 0.048 0.752
71 0 0.048 -0.048
22 0.48 0.048 0.432
22 0.432 0.16 0.272
35 0.08 0.16 -0.08
70 0 0.16 -0.16
72 0.496 0.16 0.336
75 0.496 0.16 0.336
5 0.288 0.16 0.128
35 0 0.16 -0.16
38 0.752 0.16 0.592
61 0.752 0.16 0.592
61 0.592 0.016 0.576
22 0.272 0.016 0.256
61 0.576 0.048 0.528
22 0.256 0.048 0.208
38 0.592 0.048 0.544
71 0 0.16 -0.16
16 0.8 0.048 0.752
11 0.658981 0.048 0.610981
23 0.786445 0.048 0.738445
33 0.72077 0.048 0.67277
16 0.752 0.144 0.608
16 0.608 0.16 0.448
11 0.610981 0.16 0.450981
23 0.738445 0.16 0.578445
23 0.578445 0.016 0.562445
16 0.448 0.016 0.432
23 0.562445 0.048 0.514445
16 0.432 0.048 0.384
33 0.67277 0.048 0.62477
23 0.514445 0.048 0.466445
23 0.466445 0.16 0.306445
33 0.62477 0.16 0.46477
16 0.384 0.16 0.224
33 0.46477 0.16 0.30477
82 0.8 0.048 0.752
48 0.8 0.048 0.752
79 0.8 0.048 0.752
57 0.8 0.048 0.752
6 0.8 0.048 0.752
18 0.8 0.048 0.752
20 0.8 0.048 0.752
27 0.8 0.048 0.752
50 0.8 0.048 0.752
53 0.8 0.048 0.752
80 0.8 0.048 0.752
57 0.752 0.144 0.608
57 0.608 0.16 0.448
6 0.752 0.16 0.592
6 0.592 0.016 0.576
57 0.448 0.016 0.432
6 0.576 0.048 0.528
18 0.752 0.048 0.704
20 0.752 0.048 0.704
50 0.752 0.048 0.704
53 0.752 0.048 0.704
57 0.432 0.048 0.384
73 0.8 0.048 0.752
80 0.752 0.048 0.704
6 0.528 0.144 0.384
6 0.384 0.16 0.224
18 0.704 0.16 0.544
20 0.704 0.16 0.544
20 0.544 0.016 0.528
57 0.384 0.016 0.368
20 0.528 0.048 0.48
6 0.224 0.048 0.176
18 0.544 0.048 0.496
27 0.752 0.048 0.704
37 0.8 0.048 0.752
57 0.368 0.048 0.32
20 0.48 0.048 0.432
20 0.432 0.16 0.272
27 0.704 0.16 0.544
50 0.704 0.16 0.544
53 0.704 0.16 0.544
80 0.704 0.16 0.544
80 0.544 0.016 0.528
57 0.32 0.016 0.304
80 0.528 0.048 0.48
6 0.176 0.048 0.128
50 0.544 0.048 0.496
53 0.544 0.048 0.496
57 0.304 0.048 0.256
73 0.752 0.048 0.704
80 0.48 0.048 0.432
80 0.432 0.16 0.272
20 0.272 0.16 0.112
80 0.272 0.16 0.112
18 0.496 0.16 0.336
27 0.544 0.16 0.384
37 0.752 0.16 0.592
37 0.592 0.016 0.576
20 0.112 0.016 0.096
37 0.576 0.048 0.528
18 0.336 0.048 0.288
20 0.096 0.048 0.048
27 0.384 0.048 0.336
6 0.128 0.16 -0.032
50 0.496 0.16 0.336
53 0.496 0.16 0.336
57 0.256 0.16 0.096
73 0.704 0.16 0.544
73 0.544 0.016 0.528
80 0.112 0.016 0.096
73 0.528 0.048 0.48
6 0 0.048 -0.048
50 0.336 0.048 0.288
53 0.336 0.048 0.288
80 0.096 0.048 0.048
89 0.8 0.048 0.752
11 0.601229 0.048 0.553229
67 0.8 0.048 0.752
83 0.8 0.048 0.752
89 0.752 0.048 0.704
89 0.704 0.16 0.544
11 0.553229 0.16 0.393229
67 0.752 0.16 0.592
83 0.752 0.16 0.592
22 0.430725 0.048 0.382725
5 0.348187 0.048 0.300187
38 0.8 0.048 0.752
61 0.8 0.048 0.752
38 0.752 0.048 0.704
22 0.382725 0.048 0.334725
61 0.752 0.048 0.704
76 0.8 0.048 0.752
10 0.8 0.048 0.752
46 0.659235 0.048 0.611235
59 0.74252 0.048 0.69452
69 0.633467 0.048 0.585467
76 0.752 0.096 0.656
76 0.656 0.16 0.496
10 0.752 0.16 0.592
46 0.611235 0.16 0.451235
59 0.69452 0.16 0.53452
69 0.585467 0.16 0.425467
49 0.8 0.048 0.752
21 0.727598 0.048 0.679598
41 0.670849 0.048 0.622849
45 0.8 0.048 0.752
86 0.8 0.048 0.752
25 0.649884 0.048 0.601884
39 0.582208 0.048 0.534208
78 0.616327 0.048 0.568327
86 0.752 0.096 0.656
86 0.656 0.16 0.496
25 0.601884 0.16 0.441884
39 0.534208 0.16 0.374208
78 0.568327 0.16 0.408327
10 0.592 0.048 0.544
69 0.500328 0.048 0.452328
76 0.571836 0.048 0.523836
21 0.754508 0.048 0.706508
8 0.768629 0.048 0.720629
15 0.8 0.048 0.752
41 0.693145 0.048 0.645145
45 0.752 0.048 0.704
49 0.8 0.048 0.752
21 0.706508 0.096 0.610508
21 0.610508 0.16 0.450508
8 0.720629 0.16 0.560629
8 0.560629 0.016 0.544629
21 0.450508 0.016 0.434508
8 0.544629 0.048 0.496629
15 0.752 0.048 0.704
21 0.434508 0.048 0.386508
32 0.8 0.048 0.752
41 0.645145 0.048 0.597145
45 0.704 0.048 0.656
49 0.752 0.048 0.704
8 0.496629 0.096 0.400629
8 0.400629 0.16 0.240629
15 0.704 0.16 0.544
41 0.597145 0.16 0.437145
45 0.656 0.16 0.496
49 0.704 0.16 0.544
15 0.544 0.16 0.384
21 0.386508 0.16 0.226508
32 0.752 0.16 0.592
32 0.592 0.016 0.576
8 0.240629 0.016 0.224629
32 0.576 0.048 0.528
8 0.224629 0.048 0.176629
14 0.8 0.048 0.752
15 0.384 0.048 0.336
26 0.8 0.048 0.752
32 0.528 0.048 0.48
32 0.48 0.16 0.32
41 0.437145 0.16 0.277145
45 0.496 0.16 0.336
49 0.544 0.16 0.384
8 0.176629 0.16 0.0166292
14 0.752 0.16 0.592
15 0.336 0.16 0.176
26 0.752 0.16 0.592
26 0.592 0.016 0.576
32 0.32 0.016 0.304
26 0.576 0.048 0.528
14 0.592 0.048 0.544
15 0.176 0.048 0.128
32 0.304 0.048 0.256
44 0.8 0.048 0.752
43 0.8 0.048 0.752
51 0.8 0.048 0.752
28 0.8 0.048 0.752
31 0.8 0.048 0.752
63 0.8 0.048 0.752
88 0.8 0.048 0.752
51 0.752 0.144 0.608
51 0.608 0.16 0.448
28 0.752 0.16 0.592
28 0.592 0.016 0.576
51 0.448 0.016 0.432
28 0.576 0.048 0.528
31 0.752 0.048 0.704
51 0.432 0.048 0.384
88 0.752 0.048 0.704
28 0.528 0.048 0.48
28 0.48 0.16 0.32
31 0.704 0.16 0.544
63 0.752 0.16 0.592
63 0.592 0.016 0.576
51 0.384 0.016 0.368
63 0.576 0.048 0.528
19 0.8 0.048 0.752
31 0.544 0.048 0.496
51 0.368 0.048 0.32
85 0.8 0.048 0.752
88 0.704 0.048 0.656
63 0.528 0.096 0.432
63 0.432 0.16 0.272
88 0.656 0.16 0.496
19 0.752 0.16 0.592
19 0.592 0.016 0.576
63 0.272 0.016 0.256
19 0.576 0.048 0.528
63 0.256 0.048 0.208
68 0.8 0.048 0.752
85 0.752 0.048 0.704
88 0.496 0.048 0.448
19 0.528 0.048 0.48
19 0.48 0.16 0.32
31 0.496 0.16 0.336
51 0.32 0.16 0.16
85 0.704 0.16 0.544
88 0.448 0.16 0.288
63 0.208 0.16 0.048
68 0.752 0.16 0.592
68 0.592 0.016 0.576
19 0.32 0.016 0.304
68 0.576 0.048 0.528
17 0.519357 0.048 0.471357
19 0.304 0.048 0.256
42 0.523786 0.048 0.475786
55 0.61889 0.048 0.57089
77 0.8 0.048 0.752
81 0.8 0.048 0.752
87 0.8 0.048 0.752
68 0.528 0.192 0.336
68 0.336 0.16 0.176
85 0.544 0.16 0.384
88 0.288 0.16 0.128
17 0.471357 0.16 0.311357
19 0.256 0.16 0.096
42 0.475786 0.16 0.315786
55 0.57089 0.16 0.41089
77 0.752 0.16 0.592
77 0.592 0.016 0.576
68 0.176 0.016 0.16
77 0.576 0.048 0.528
17 0.311357 0.048 0.263357
42 0.315786 0.048 0.267786
55 0.41089 0.048 0.36289
68 0.16 0.048 0.112
81 0.752 0.048 0.704
87 0.752 0.048 0.704
77 0.528 0.096 0.432
77 0.432 0.16 0.272
81 0.704 0.16 0.544
81 0.544 0.016 0.528
68 0.112 0.016 0.096
81 0.528 0.048 0.48
17 0.263357 0.048 0.215357
42 0.267786 0.048 0.219786
55 0.36289 0.048 0.31489
68 0.096 0.048 0.048
77 0.272 0.048 0.224
87 0.704 0.048 0.656
81 0.48 0.048 0.432
81 0.432 0.16 0.272
87 0.656 0.16 0.496
81 0.272 0.16 0.112
17 0.215357 0.16 0.0553571
42 0.219786 0.16 0.0597865
55 0.31489 0.16 0.15489
68 0.048 0.16 -0.112
77 0.224 0.16 0.064
87 0.496 0.16 0.336
61 0.779716 0.048 0.731716
5 0.447905 0.048 0.399905
22 0.487306 0.048 0.439306
38 0.781168 0.048 0.733168
4 0.8 0.048 0.752
47 0.8 0.048 0.752
74 0.8 0.048 0.752
4 0.752 0.096 0.656
4 0.656 0.16 0.496
47 0.752 0.16 0.592
47 0.592 0.016 0.576
4 0.496 0.016 0.48
47 0.576 0.048 0.528
4 0.48 0.048 0.432
12 0.8 0.048 0.752
74 0.752 0.048 0.704
47 0.528 0.096 0.432
47 0.432 0.16 0.272
74 0.704 0.16 0.544
74 0.544 0.016 0.528
4 0.432 0.016 0.416
74 0.528 0.048 0.48
4 0.416 0.048 0.368
12 0.752 0.048 0.704
47 0.272 0.048 0.224
74 0.48 0.048 0.432
74 0.432 0.16 0.272
74 0.272 0.16 0.112
4 0.368 0.16 0.208
12 0.704 0.16 0.544
12 0.544 0.016 0.528
74 0.112 0.016 0.096
12 0.528 0.048 0.48
47 0.224 0.048 0.176
74 0.096 0.048 0.048
47 0.176 0.16 0.016
82 0.8 0.048 0.752
48 0.8 0.048 0.752
43 0.8 0.048 0.752
44 0.8 0.048 0.752
79 0.8 0.048 0.752
30 0.8 0.048 0.752
45 0.490118 0.048 0.442118
37 0.8 0.048 0.752
18 0.663059 0.048 0.615059
20 0.418982 0.048 0.370982
27 0.709292 0.048 0.661292
73 0.8 0.048 0.752
6 0.378578 0.048 0.330578
50 0.661623 0.048 0.613623
53 0.675692 0.048 0.627692
57 0.460599 0.048 0.412599
80 0.433248 0.048 0.385248
7 0.687818 0.048 0.639818
13 0.8 0.048 0.752
24 0.8 0.048 0.752
29 0.8 0.048 0.752
46 0.672991 0.048 0.624991
84 0.8 0.048 0.752
90 0.8 0.048 0.752
7 0.639818 0.192 0.447818
7 0.447818 0.16 0.287818
13 0.752 0.16 0.592
24 0.752 0.16 0.592
24 0.592 0.016 0.576
7 0.287818 0.016 0.271818
24 0.576 0.048 0.528
7 0.271818 0.048 0.223818
13 0.592 0.048 0.544
29 0.752 0.048 0.704
46 0.624991 0.048 0.576991
59 0.755727 0.048 0.707727
90 0.752 0.048 0.704
24 0.528 0.144 0.384
24 0.384 0.16 0.224
29 0.704 0.16 0.544
29 0.544 0.016 0.528
7 0.223818 0.016 0.207818
29 0.528 0.048 0.48
7 0.207818 0.048 0.159818
13 0.544 0.048 0.496
24 0.224 0.048 0.176
46 0.576991 0.048 0.528991
84 0.752 0.048 0.704
90 0.704 0.048 0.656
29 0.48 0.096 0.384
29 0.384 0.16 0.224
46 0.528991 0.16 0.368991
84 0.704 0.16 0.544
90 0.656 0.16 0.496
29 0.224 0.16 0.064
59 0.707727 0.16 0.547727
7 0.159818 0.16 -0.000181869
13 0.496 0.16 0.336
24 0.176 0.16 0.016
46 0.368991 0.16 0.208991
84 0.544 0.16 0.384
90 0.496 0.16 0.336
65 0.8 0.048 0.752
56 0.8 0.048 0.752
58 0.8 0.048 0.752
60 0.8 0.048 0.752
62 0.8 0.048 0.752
65 0.752 0.048 0.704
65 0.704 0.16 0.544
56 0.752 0.16 0.592
58 0.752 0.16 0.592
60 0.752 0.16 0.592
62 0.752 0.16 0.592
62 0.592 0.016 0.576
65 0.544 0.016 0.528
62 0.576 0.048 0.528
56 0.592 0.048 0.544
58 0.592 0.048 0.544
60 0.592 0.048 0.544
65 0.528 0.048 0.48
30 0.8 0.048 0.752
3 0.8 0.048 0.752
40 0.8 0.048 0.752
30 0.752 0.048 0.704
30 0.704 0.16 0.544
3 0.752 0.16 0.592
40 0.752 0.16 0.592
40 0.592 0.016 0.576
30 0.544 0.016 0.528
40 0.576 0.048 0.528
3 0.592 0.048 0.544
30 0.528 0.048 0.48
34 0.8 0.048 0.752
40 0.528 0.048 0.48
40 0.48 0.16 0.32
3 0.544 0.16 0.384
30 0.48 0.16 0.32
34 0.752 0.16 0.592
34 0.592 0.016 0.576
40 0.32 0.016 0.304
34 0.576 0.048 0.528
40 0.304 0.048 0.256
87 0.556517 0.048 0.508517
17 0.356304 0.048 0.308304
42 0.371323 0.048 0.323323
55 0.383238 0.048 0.335238
68 0.294857 0.048 0.246857
77 0.295675 0.048 0.247675
81 0.410883 0.048 0.362883
22 0.659036 0.048 0.611036
5 0.622072 0.048 0.574072
38 0.8 0.048 0.752
61 0.8 0.048 0.752
69 0.750753 0.048 0.702753
59 0.626065 0.048 0.578065
76 0.8 0.048 0.752
38 0.752 0.048 0.704
22 0.611036 0.048 0.563036
61 0.752 0.048 0.704
38 0.704 0.048 0.656
38 0.656 0.16 0.496
38 0.496 0.016 0.48
22 0.563036 0.16 0.403036
61 0.704 0.16 0.544
49 0.682205 0.048 0.634205
8 0.317678 0.048 0.269678
21 0.535335 0.048 0.487335
41 0.578212 0.048 0.530212
45 0.654837 0.048 0.606837
79 0.8 0.048 0.752
41 0.530212 0.048 0.482212
8 0.340739 0.048 0.292739
21 0.487335 0.048 0.439335
45 0.606837 0.048 0.558837
49 0.710565 0.048 0.662565
79 0.752 0.048 0.704
71 0.689643 0.048 0.641643
1 0.8 0.048 0.752
5 0.647646 0.048 0.599646
35 0.755353 0.048 0.707353
70 0.66159 0.048 0.61359
72 0.8 0.048 0.752
75 0.8 0.048 0.752
71 0.641643 0.144 0.497643
71 0.497643 0.16 0.337643
1 0.752 0.16 0.592
5 0.599646 0.16 0.439646
35 0.707353 0.16 0.547353
70 0.61359 0.16 0.45359
72 0.752 0.16 0.592
72 0.592 0.016 0.576
71 0.337643 0.016 0.321643
72 0.576 0.048 0.528
1 0.592 0.048 0.544
5 0.439646 0.048 0.391646
35 0.547353 0.048 0.499353
70 0.45359 0.048 0.40559
71 0.321643 0.048 0.273643
75 0.752 0.048 0.704
72 0.528 0.048 0.48
72 0.48 0.16 0.32
75 0.704 0.16 0.544
75 0.544 0.016 0.528
71 0.273643 0.016 0.257643
75 0.528 0.048 0.48
1 0.544 0.048 0.496
5 0.391646 0.048 0.343646
35 0.499353 0.048 0.451353
70 0.40559 0.048 0.35759
71 0.257643 0.048 0.209643
72 0.32 0.048 0.272
1 0.496 0.16 0.336
5 0.343646 0.16 0.183646
35 0.451353 0.16 0.291353
70 0.35759 0.16 0.19759
71 0.209643 0.16 0.0496426
75 0.48 0.16 0.32
10 0.8 0.048 0.752
69 0.776516 0.048 0.728516
76 0.8 0.048 0.752
26 0.8 0.048 0.752
8 0.292739 0.048 0.244739
14 0.8 0.048 0.752
15 0.50399 0.048 0.45599
32 0.62499 0.048 0.57699
64 0.8 0.048 0.752
26 0.752 0.096 0.656
26 0.656 0.16 0.496
26 0.496 0.016 0.48
8 0.244739 0.16 0.0847388
14 0.752 0.16 0.592
15 0.45599 0.16 0.29599
32 0.57699 0.16 0.41699
64 0.752 0.16 0.592
64 0.592 0.016 0.576
26 0.48 0.016 0.464
64 0.576 0.048 0.528
14 0.592 0.048 0.544
26 0.464 0.048 0.416
32 0.41699 0.048 0.36899
64 0.528 0.048 0.48
64 0.48 0.16 0.32
14 0.544 0.16 0.384
26 0.416 0.16 0.256
32 0.36899 0.16 0.20899
44 0.8 0.048 0.752
43 0.8 0.048 0.752
61 0.615328 0.048 0.567328
22 0.557633 0.048 0.509633
38 0.55185 0.048 0.50385
61 0.567328 0.048 0.519328
61 0.519328 0.16 0.359328
22 0.509633 0.16 0.349633
38 0.50385 0.16 0.34385
80 0.690317 0.048 0.642317
6 0.632215 0.048 0.584215
50 0.8 0.048 0.752
53 0.8 0.048 0.752
57 0.711981 0.048 0.663981
73 0.8 0.048 0.752
80 0.642317 0.048 0.594317
80 0.594317 0.16 0.434317
6 0.584215 0.16 0.424215
50 0.752 0.16 0.592
53 0.752 0.16 0.592
57 0.663981 0.16 0.503981
57 0.503981 0.016 0.487981
80 0.434317 0.016 0.418317
57 0.487981 0.048 0.439981
6 0.424215 0.048 0.376215
18 0.8 0.048 0.752
20 0.666372 0.048 0.618372
50 0.592 0.048 0.544
53 0.592 0.048 0.544
80 0.418317 0.048 0.370317
57 0.439981 0.048 0.391981
57 0.391981 0.16 0.231981
73 0.752 0.16 0.592
6 0.376215 0.16 0.216215
18 0.752 0.16 0.592
20 0.618372 0.16 0.458372
50 0.544 0.16 0.384
53 0.544 0.16 0.384
80 0.370317 0.16 0.210317
19 0.540394 0.048 0.492394
63 0.490741 0.048 0.442741
85 0.8 0.048 0.752
12 0.8 0.048 0.752
47 0.381091 0.048 0.333091
82 0.8 0.048 0.752
48 0.8 0.048 0.752
43 0.8 0.048 0.752
44 0.8 0.048 0.752
79 0.8 0.048 0.752
41 0.70554 0.048 0.65754
45 0.716104 0.048 0.668104
37 0.8 0.048 0.752
18 0.664829 0.048 0.616829
20 0.532052 0.048 0.484052
27 0.8 0.048 0.752
73 0.666278 0.048 0.618278
6 0.292931 0.048 0.244931
50 0.460187 0.048 0.412187
53 0.456468 0.048 0.408468
80 0.286902 0.048 0.238902
40 0.472624 0.048 0.424624
3 0.686265 0.048 0.638265
30 0.61582 0.048 0.56782
34 0.8 0.048 0.752
40 0.424624 0.048 0.376624
40 0.376624 0.16 0.216624
3 0.638265 0.16 0.478265
30 0.56782 0.16 0.40782
34 0.752 0.16 0.592
62 0.8 0.048 0.752
56 0.8 0.048 0.752
58 0.8 0.048 0.752
60 0.8 0.048 0.752
65 0.8 0.048 0.752
34 0.662622 0.048 0.614622
40 0.374017 0.048 0.326017
87 0.8 0.048 0.752
17 0.673513 0.048 0.625513
42 0.702714 0.048 0.654714
55 0.707215 0.048 0.659215
68 0.607916 0.048 0.559916
77 0.621252 0.048 0.573252
81 0.726498 0.048 0.678498
87 0.752 0.096 0.656
87 0.656 0.16 0.496
17 0.625513 0.16 0.465513
42 0.654714 0.16 0.494714
55 0.659215 0.16 0.499215
55 0.499215 0.016 0.483215
87 0.496 0.016 0.48
55 0.483215 0.048 0.435215
17 0.465513 0.048 0.417513
42 0.494714 0.048 0.446714
68 0.559916 0.048 0.511916
77 0.573252 0.048 0.525252
81 0.678498 0.048 0.630498
87 0.48 0.048 0.432
55 0.435215 0.048 0.387215
55 0.387215 0.16 0.227215
68 0.511916 0.16 0.351916
77 0.525252 0.16 0.365252
81 0.630498 0.16 0.470498
17 0.417513 0.16 0.257513
42 0.446714 0.16 0.286714
68 0.351916 0.16 0.191916
77 0.365252 0.16 0.205252
81 0.470498 0.16 0.310498
87 0.432 0.16 0.272
22 0.576888 0.048 0.528888
5 0.488946 0.048 0.440946
38 0.645014 0.048 0.597014
61 0.660005 0.048 0.612005
22 0.528888 0.048 0.480888
22 0.480888 0.16 0.320888
5 0.440946 0.16 0.280946
38 0.597014 0.16 0.437014
61 0.612005 0.16 0.452005
69 0.8 0.048 0.752
10 0.8 0.048 0.752
24 0.53629 0.048 0.48829
46 0.725378 0.048 0.677378
59 0.8 0.048 0.752
76 0.8 0.048 0.752
69 0.752 0.048 0.704
69 0.704 0.16 0.544
10 0.752 0.16 0.592
24 0.48829 0.16 0.32829
46 0.677378 0.16 0.517378
46 0.517378 0.016 0.501378
69 0.544 0.016 0.528
46 0.501378 0.048 0.453378
13 0.8 0.048 0.752
24 0.32829 0.048 0.28029
29 0.597929 0.048 0.549929
59 0.752 0.048 0.704
69 0.528 0.048 0.48
90 0.8 0.048 0.752
46 0.453378 0.048 0.405378
46 0.405378 0.16 0.245378
59 0.704 0.16 0.544
76 0.752 0.16 0.592
13 0.752 0.16 0.592
24 0.28029 0.16 0.12029
29 0.549929 0.16 0.389929
59 0.544 0.16 0.384
69 0.48 0.16 0.32
90 0.752 0.16 0.592
90 0.592 0.016 0.576
46 0.245378 0.016 0.229378
90 0.576 0.048 0.528
7 0.515966 0.048 0.467966
13 0.592 0.048 0.544
24 0.12029 0.048 0.0722902
29 0.389929 0.048 0.341929
46 0.229378 0.048 0.181378
59 0.384 0.048 0.336
26 0.558032 0.048 0.510032
14 0.685849 0.048 0.637849
15 0.599017 0.048 0.551017
32 0.511332 0.048 0.463332
38 0.437014 0.048 0.389014
22 0.398407 0.048 0.350407
61 0.452005 0.048 0.404005
49 0.8 0.048 0.752
8 0.382422 0.048 0.334422
21 0.8 0.048 0.752
41 0.8 0.048 0.752
45 0.8 0.048 0.752
79 0.8 0.048 0.752
49 0.752 0.096 0.656
49 0.656 0.16 0.496
49 0.496 0.016 0.48
8 0.334422 0.16 0.174422
21 0.752 0.16 0.592
21 0.592 0.016 0.576
49 0.48 0.016 0.464
21 0.576 0.048 0.528
8 0.174422 0.048 0.126422
15 0.551017 0.048 0.503017
41 0.752 0.048 0.704
45 0.752 0.048 0.704
49 0.464 0.048 0.416
41 0.704 0.16 0.544
45 0.704 0.16 0.544
79 0.752 0.16 0.592
41 0.544 0.048 0.496
8 0.19785 0.048 0.14985
21 0.528 0.048 0.48
45 0.544 0.048 0.496
49 0.490706 0.048 0.442706
75 0.704984 0.048 0.656984
1 0.715095 0.048 0.667095
5 0.356898 0.048 0.308898
35 0.667922 0.048 0.619922
70 0.568244 0.048 0.520244
71 0.419394 0.048 0.371394
72 0.653275 0.048 0.605275
75 0.656984 0.048 0.608984
75 0.608984 0.16 0.448984
1 0.667095 0.16 0.507095
5 0.308898 0.16 0.148898
35 0.619922 0.16 0.459922
70 0.520244 0.16 0.360244
71 0.371394 0.16 0.211394
72 0.605275 0.16 0.445275
10 0.66363 0.048 0.61563
76 0.671064 0.048 0.623064
44 0.8 0.048 0.752
43 0.8 0.048 0.752
78 0.8 0.048 0.752
39 0.8 0.048 0.752
86 0.8 0.048 0.752
19 0.8 0.048 0.752
63 0.8 0.048 0.752
85 0.8 0.048 0.752
88 0.8 0.048 0.752
19 0.752 0.096 0.656
19 0.656 0.16 0.496
63 0.752 0.16 0.592
63 0.592 0.016 0.576
19 0.496 0.016 0.48
63 0.576 0.048 0.528
19 0.48 0.048 0.432
31 0.8 0.048 0.752
51 0.8 0.048 0.752
85 0.752 0.048 0.704
88 0.752 0.048 0.704
63 0.528 0.096 0.432
63 0.432 0.16 0.272
85 0.704 0.16 0.544
88 0.704 0.16 0.544
88 0.544 0.016 0.528
19 0.432 0.016 0.416
88 0.528 0.048 0.48
19 0.416 0.048 0.368
31 0.752 0.048 0.704
51 0.752 0.048 0.704
63 0.272 0.048 0.224
85 0.544 0.048 0.496
88 0.48 0.048 0.432
88 0.432 0.16 0.272
88 0.272 0.16 0.112
19 0.368 0.16 0.208
31 0.704 0.16 0.544
51 0.704 0.16 0.544
51 0.544 0.016 0.528
88 0.112 0.016 0.096
51 0.528 0.048 0.48
28 0.8 0.048 0.752
31 0.544 0.048 0.496
63 0.224 0.048 0.176
88 0.096 0.048 0.048
63 0.176 0.16 0.016
85 0.496 0.16 0.336
12 0.8 0.048 0.752
47 0.712702 0.048 0.664702
74 0.8 0.048 0.752
82 0.8 0.048 0.752
48 0.8 0.048 0.752
43 0.8 0.048 0.752
44 0.8 0.048 0.752
64 0.8 0.048 0.752
14 0.8 0.048 0.752
26 0.663459 0.048 0.615459
11 0.8 0.048 0.752
16 0.8 0.048 0.752
67 0.8 0.048 0.752
83 0.8 0.048 0.752
89 0.8 0.048 0.752
11 0.752 0.048 0.704
11 0.704 0.16 0.544
16 0.752 0.16 0.592
16 0.592 0.016 0.576
11 0.544 0.016 0.528
16 0.576 0.048 0.528
11 0.528 0.048 0.48
23 0.8 0.048 0.752
33 0.8 0.048 0.752
16 0.528 0.048 0.48
16 0.48 0.16 0.32
67 0.752 0.16 0.592
83 0.752 0.16 0.592
89 0.752 0.16 0.592
11 0.48 0.16 0.32
23 0.752 0.16 0.592
33 0.752 0.16 0.592
33 0.592 0.016 0.576
16 0.32 0.016 0.304
33 0.576 0.048 0.528
16 0.304 0.048 0.256
23 0.592 0.048 0.544
79 0.8 0.048 0.752
41 0.72082 0.048 0.67282
45 0.647052 0.048 0.599052
49 0.594512 0.048 0.546512
79 0.752 0.048 0.704
79 0.704 0.16 0.544
41 0.67282 0.16 0.51282
45 0.599052 0.16 0.439052
49 0.546512 0.16 0.386512
37 0.8 0.048 0.752
18 0.8 0.048 0.752
20 0.8 0.048 0.752
27 0.8 0.048 0.752
73 0.8 0.048 0.752
6 0.610936 0.048 0.562936
50 0.784588 0.048 0.736588
53 0.783277 0.048 0.735277
80 0.606112 0.048 0.558112
62 0.8 0.048 0.752
56 0.8 0.048 0.752
58 0.8 0.048 0.752
65 0.8 0.048 0.752
8 0.371796 0.048 0.323796
15 0.8 0.048 0.752
21 0.779274 0.048 0.731274
26 0.762684 0.048 0.714684
32 0.759214 0.048 0.711214
41 0.591974 0.048 0.543974
45 0.598198 0.048 0.550198
49 0.460891 0.048 0.412891
8 0.323796 0.048 0.275796
8 0.275796 0.16 0.115796
15 0.752 0.16 0.592
21 0.731274 0.16 0.571274
26 0.714684 0.16 0.554684
32 0.711214 0.16 0.551214
32 0.551214 0.016 0.535214
8 0.115796 0.016 0.0997962
32 0.535214 0.048 0.487214
8 0.0997962 0.048 0.0517962
15 0.592 0.048 0.544
26 0.554684 0.048 0.506684
41 0.543974 0.16 0.383974
45 0.550198 0.16 0.390198
49 0.412891 0.16 0.252891
34 0.8 0.048 0.752
40 0.690303 0.048 0.642303
90 0.8 0.048 0.752
7 0.8 0.048 0.752
13 0.8 0.048 0.752
24 0.440043 0.048 0.392043
29 0.704016 0.048 0.656016
46 0.553914 0.048 0.505914
90 0.752 0.048 0.704
90 0.704 0.16 0.544
7 0.752 0.16 0.592
7 0.592 0.016 0.576
90 0.544 0.016 0.528
7 0.576 0.048 0.528
13 0.752 0.048 0.704
29 0.656016 0.048 0.608016
46 0.505914 0.048 0.457914
84 0.8 0.048 0.752
90 0.528 0.048 0.48
13 0.704 0.16 0.544
24 0.392043 0.16 0.232043
29 0.608016 0.16 0.448016
46 0.457914 0.16 0.297914
26 0.582893 0.048 0.534893
8 0.130265 0.048 0.0822654
15 0.617951 0.048 0.569951
32 0.560804 0.048 0.512804
64 0.8 0.048 0.752
38 0.758626 0.048 0.710626
22 0.716314 0.048 0.668314
61 0.789444 0.048 0.741444
70 0.727433 0.048 0.679433
1 0.8 0.048 0.752
35 0.754916 0.048 0.706916
52 0.8 0.048 0.752
66 0.8 0.048 0.752
71 0.586655 0.048 0.538655
72 0.74572 0.048 0.69772
75 0.8 0.048 0.752
70 0.679433 0.096 0.583433
70 0.583433 0.16 0.423433
1 0.752 0.16 0.592
35 0.706916 0.16 0.546916
52 0.752 0.16 0.592
66 0.752 0.16 0.592
66 0.592 0.016 0.576
70 0.423433 0.016 0.407433
66 0.576 0.048 0.528
52 0.592 0.048 0.544
70 0.407433 0.048 0.359433
71 0.538655 0.16 0.378655
72 0.69772 0.16 0.53772
75 0.752 0.16 0.592
21 0.642513 0.048 0.594513
8 0.0822654 0.048 0.0342654
15 0.569951 0.048 0.521951
41 0.463052 0.048 0.415052
45 0.462487 0.048 0.414487
49 0.323046 0.048 0.275046
41 0.415052 0.048 0.367052
8 0.108047 0.048 0.0600471
21 0.594513 0.048 0.546513
45 0.414487 0.048 0.366487
49 0.350179 0.048 0.302179
79 0.690305 0.048 0.642305
10 0.8 0.048 0.752
2 0.8 0.048 0.752
36 0.8 0.048 0.752
10 0.752 0.048 0.704
10 0.704 0.16 0.544
2 0.752 0.16 0.592
2 0.592 0.016 0.576
10 0.544 0.016 0.528
2 0.576 0.048 0.528
9 0.8 0.048 0.752
10 0.528 0.048 0.48
36 0.752 0.048 0.704
54 0.8 0.048 0.752
36 0.704 0.16 0.544
44 0.8 0.048 0.752
43 0.8 0.048 0.752
78 0.8 0.048 0.752
25 0.8 0.048 0.752
39 0.8 0.048 0.752
78 0.752 0.048 0.704
78 0.704 0.16 0.544
25 0.752 0.16 0.592
25 0.592 0.016 0.576
78 0.544 0.016 0.528
25 0.576 0.048 0.528
39 0.752 0.048 0.704
78 0.528 0.048 0.48
86 0.8 0.048 0.752
39 0.704 0.16 0.544
90 0.632807 0.048 0.584807
7 0.672102 0.048 0.624102
13 0.692366 0.048 0.644366
24 0.384049 0.048 0.336049
29 0.598483 0.048 0.550483
46 0.449564 0.048 0.401564
59 0.8 0.048 0.752
84 0.8 0.048 0.752
51 0.8 0.048 0.752
28 0.8 0.048 0.752
31 0.8 0.048 0.752
63 0.394468 0.048 0.346468
88 0.423365 0.048 0.375365
51 0.752 0.048 0.704
51 0.704 0.16 0.544
51 0.544 0.016 0.528
28 0.752 0.16 0.592
31 0.752 0.16 0.592
63 0.346468 0.16 0.186468
88 0.375365 0.16 0.215365
12 0.8 0.048 0.752
47 0.8 0.048 0.752
74 0.8 0.048 0.752
82 0.8 0.048 0.752
48 0.8 0.048 0.752
43 0.8 0.048 0.752
44 0.8 0.048 0.752
64 0.8 0.048 0.752
14 0.8 0.048 0.752
33 0.8 0.048 0.752
16 0.631428 0.048 0.583428
23 0.8 0.048 0.752
37 0.8 0.048 0.752
18 0.8 0.048 0.752
20 0.8 0.048 0.752
27 0.8 0.048 0.752
73 0.8 0.048 0.752
6 0.8 0.048 0.752
50 0.8 0.048 0.752
53 0.8 0.048 0.752
80 0.8 0.048 0.752
46 0.479453 0.048 0.431453
13 0.723869 0.048 0.675869
24 0.410017 0.048 0.362017
29 0.701788 0.048 0.653788
59 0.8 0.048 0.752
90 0.655798 0.048 0.607798
62 0.8 0.048 0.752
56 0.8 0.048 0.752
58 0.8 0.048 0.752
60 0.8 0.048 0.752
65 0.8 0.048 0.752
32 0.8 0.048 0.752
8 0.293033 0.048 0.245033
15 0.8 0.048 0.752
26 0.8 0.048 0.752
64 0.8 0.048 0.752
34 0.8 0.048 0.752
40 0.8 0.048 0.752
68 0.8 0.048 0.752
17 0.8 0.048 0.752
19 0.734339 0.048 0.686339
42 0.8 0.048 0.752
55 0.8 0.048 0.752
77 0.8 0.048 0.752
81 0.8 0.048 0.752
85 0.8 0.048 0.752
87 0.8 0.048 0.752
68 0.752 0.144 0.608
68 0.608 0.16 0.448
68 0.448 0.016 0.432
17 0.752 0.16 0.592
19 0.686339 0.16 0.526339
19 0.526339 0.016 0.510339
68 0.432 0.016 0.416
19 0.510339 0.048 0.462339
63 0.410388 0.048 0.362388
68 0.416 0.048 0.368
85 0.752 0.048 0.704
88 0.364779 0.048 0.316779
42 0.752 0.16 0.592
55 0.752 0.16 0.592
77 0.752 0.16 0.592
81 0.752 0.16 0.592
85 0.704 0.16 0.544
87 0.752 0.16 0.592
87 0.592 0.016 0.576
68 0.368 0.016 0.352
87 0.576 0.048 0.528
17 0.592 0.048 0.544
42 0.592 0.048 0.544
55 0.592 0.048 0.544
68 0.352 0.048 0.304
77 0.592 0.048 0.544
81 0.592 0.048 0.544
7 0.8 0.048 0.752
13 0.8 0.048 0.752
29 0.726788 0.048 0.678788
84 0.8 0.048 0.752
90 0.765792 0.048 0.717792
26 0.8 0.048 0.752
15 0.8 0.048 0.752
32 0.8 0.048 0.752
64 0.8 0.048 0.752
38 0.8 0.048 0.752
22 0.8 0.048 0.752
61 0.8 0.048 0.752
66 0.8 0.048 0.752
52 0.8 0.048 0.752
70 0.729969 0.048 0.681969
21 0.8 0.048 0.752
8 0.318875 0.048 0.270875
15 0.752 0.048 0.704
41 0.741007 0.048 0.693007
45 0.73613 0.048 0.68813
49 0.596763 0.048 0.548763
41 0.693007 0.048 0.645007
8 0.34869 0.048 0.30069
21 0.752 0.048 0.704
45 0.68813 0.048 0.64013
49 0.62205 0.048 0.57405
79 0.8 0.048 0.752
41 0.645007 0.048 0.597007
41 0.597007 0.16 0.437007
8 0.30069 0.16 0.14069
21 0.704 0.16 0.544
45 0.64013 0.16 0.48013
49 0.57405 0.16 0.41405
79 0.752 0.16 0.592
74 0.8 0.048 0.752
4 0.8 0.048 0.752
12 0.8 0.048 0.752
47 0.8 0.048 0.752
74 0.752 0.048 0.704
74 0.704 0.16 0.544
4 0.752 0.16 0.592
4 0.592 0.016 0.576
74 0.544 0.016 0.528
4 0.576 0.048 0.528
74 0.528 0.048 0.48
12 0.752 0.16 0.592
47 0.752 0.16 0.592
2 0.8 0.048 0.752
9 0.8 0.048 0.752
36 0.8 0.048 0.752
54 0.8 0.048 0.752
44 0.8 0.048 0.752
43 0.8 0.048 0.752
25 0.8 0.048 0.752
39 0.8 0.048 0.752
78 0.8 0.048 0.752
86 0.8 0.048 0.752
90 0.8 0.048 0.752
7 0.8 0.048 0.752
13 0.8 0.048 0.752
24 0.664557 0.048 0.616557
29 0.8 0.048 0.752
46 0.736976 0.048 0.688976
84 0.8 0.048 0.752
12 0.667654 0.048 0.619654
47 0.665281 0.048 0.617281
74 0.625246 0.048 0.577246
82 0.8 0.048 0.752
48 0.8 0.048 0.752
43 0.8 0.048 0.752
44 0.8 0.048 0.752
64 0.8 0.048 0.752
14 0.8 0.048 0.752
26 0.8 0.048 0.752
33 0.8 0.048 0.752
16 0.8 0.048 0.752
23 0.8 0.048 0.752
37 0.8 0.048 0.752
20 0.8 0.048 0.752
27 0.8 0.048 0.752
73 0.8 0.048 0.752
6 0.8 0.048 0.752
50 0.8 0.048 0.752
53 0.8 0.048 0.752
80 0.8 0.048 0.752
46 0.767159 0.048 0.719159
13 0.8 0.048 0.752
24 0.687149 0.048 0.639149
29 0.8 0.048 0.752
59 0.8 0.048 0.752
76 0.8 0.048 0.752
90 0.8 0.048 0.752
62 0.8 0.048 0.752
56 0.8 0.048 0.752
60 0.8 0.048 0.752
65 0.8 0.048 0.752
32 0.8 0.048 0.752
8 0.368574 0.048 0.320574
15 0.8 0.048 0.752
26 0.8 0.048 0.752
64 0.8 0.048 0.752
34 0.8 0.048 0.752
40 0.8 0.048 0.752
19 0.8 0.048 0.752
63 0.751619 0.048 0.703619
68 0.671809 0.048 0.623809
85 0.8 0.048 0.752
87 0.8 0.048 0.752
17 0.8 0.048 0.752
42 0.8 0.048 0.752
55 0.8 0.048 0.752
68 0.623809 0.048 0.575809
77 0.8 0.048 0.752
81 0.8 0.048 0.752
7 0.8 0.048 0.752
29 0.8 0.048 0.752
84 0.8 0.048 0.752
90 0.8 0.048 0.752
88 0.76747 0.048 0.71947
51 0.8 0.048 0.752
63 0.703619 0.048 0.655619
85 0.8 0.048 0.752
88 0.71947 0.048 0.67147
88 0.67147 0.16 0.51147
51 0.752 0.16 0.592
51 0.592 0.016 0.576
88 0.51147 0.016 0.49547
51 0.576 0.048 0.528
28 0.8 0.048 0.752
31 0.8 0.048 0.752
63 0.655619 0.048 0.607619
88 0.49547 0.048 0.44747
63 0.607619 0.16 0.447619
85 0.752 0.16 0.592
26 0.8 0.048 0.752
8 0.391759 0.048 0.343759
15 0.8 0.048 0.752
32 0.8 0.048 0.752
64 0.8 0.048 0.752
38 0.8 0.048 0.752
22 0.8 0.048 0.752
61 0.8 0.048 0.752
66 0.8 0.048 0.752
52 0.8 0.048 0.752
70 0.8 0.048 0.752
21 0.8 0.048 0.752
8 0.343759 0.048 0.295759
15 0.752 0.048 0.704
41 0.8 0.048 0.752
45 0.8 0.048 0.752
49 0.717479 0.048 0.669479
4 0.8 0.048 0.752
74 0.799304 0.048 0.751304
2 0.8 0.048 0.752
9 0.8 0.048 0.752
36 0.8 0.048 0.752
54 0.8 0.048 0.752
44 0.8 0.048 0.752
43 0.8 0.048 0.752
25 0.8 0.048 0.752
39 0.8 0.048 0.752
78 0.8 0.048 0.752
86 0.8 0.048 0.752
90 0.8 0.048 0.752
7 0.8 0.048 0.752
13 0.8 0.048 0.752
24 0.8 0.048 0.752
29 0.8 0.048 0.752
46 0.8 0.048 0.752
84 0.8 0.048 0.752
12 0.8 0.048 0.752
47 0.8 0.048 0.752
74 0.8 0.048 0.752
82 0.8 0.048 0.752
48 0.8 0.048 0.752
43 0.8 0.048 0.752
44 0.8 0.048 0.752
64 0.8 0.048 0.752
14 0.8 0.048 0.752
26 0.8 0.048 0.752
32 0.8 0.048 0.752
33 0.8 0.048 0.752
16 0.8 0.048 0.752
23 0.8 0.048 0.752
37 0.8 0.048 0.752
18 0.8 0.048 0.752
20 0.8 0.048 0.752
27 0.8 0.048 0.752
73 0.8 0.048 0.752
6 0.8 0.048 0.752
50 0.8 0.048 0.752
53 0.8 0.048 0.752
57 0.8 0.048 0.752
80 0.8 0.048 0.752
46 0.8 0.048 0.752
13 0.8 0.048 0.752
24 0.8 0.048 0.752
29 0.8 0.048 0.752
59 0.8 0.048 0.752
69 0.8 0.048 0.752
76 0.8 0.048 0.752
90 0.8 0.048 0.752
46 0.752 0.048 0.704
46 0.704 0.16 0.544
13 0.752 0.16 0.592
24 0.752 0.16 0.592
29 0.752 0.16 0.592
59 0.752 0.16 0.592
69 0.752 0.16 0.592
69 0.592 0.016 0.576
46 0.544 0.016 0.528
69 0.576 0.048 0.528
10 0.8 0.048 0.752
24 0.592 0.048 0.544
46 0.528 0.048 0.48
59 0.592 0.048 0.544
76 0.752 0.048 0.704
69 0.528 0.048 0.48
69 0.48 0.16 0.32
76 0.704 0.16 0.544
90 0.752 0.16 0.592
10 0.752 0.16 0.592
10 0.592 0.016 0.576
69 0.32 0.016 0.304
10 0.576 0.048 0.528
36 0.8 0.048 0.752
69 0.304 0.048 0.256
76 0.544 0.048 0.496
24 0.544 0.16 0.384
46 0.48 0.16 0.32
59 0.544 0.16 0.384
76 0.496 0.16 0.336
62 0.8 0.048 0.752
56 0.8 0.048 0.752
58 0.8 0.048 0.752
60 0.8 0.048 0.752
65 0.8 0.048 0.752
32 0.8 0.048 0.752
15 0.8 0.048 0.752
26 0.8 0.048 0.752
64 0.8 0.048 0.752
20 0.8 0.048 0.752
18 0.8 0.048 0.752
27 0.8 0.048 0.752
37 0.8 0.048 0.752
50 0.8 0.048 0.752
57 0.8 0.048 0.752
34 0.8 0.048 0.752
40 0.8 0.048 0.752
19 0.8 0.048 0.752
17 0.8 0.048 0.752
68 0.8 0.048 0.752
85 0.8 0.048 0.752
87 0.8 0.048 0.752
17 0.752 0.048 0.704
27 0.752 0.048 0.704
42 0.8 0.048 0.752
55 0.8 0.048 0.752
68 0.752 0.048 0.704
77 0.8 0.048 0.752
81 0.8 0.048 0.752
7 0.8 0.048 0.752
13 0.743558 0.048 0.695558
29 0.666685 0.048 0.618685
84 0.8 0.048 0.752
90 0.747953 0.048 0.699953
51 0.8 0.048 0.752
28 0.8 0.048 0.752
31 0.8 0.048 0.752
63 0.8 0.048 0.752
88 0.8 0.048 0.752
26 0.8 0.048 0.752
15 0.8 0.048 0.752
32 0.8 0.048 0.752
64 0.8 0.048 0.752
38 0.8 0.048 0.752
22 0.8 0.048 0.752
61 0.8 0.048 0.752
66 0.8 0.048 0.752
52 0.8 0.048 0.752
70 0.8 0.048 0.752
21 0.8 0.048 0.752
8 0.662758 0.048 0.614758
15 0.752 0.048 0.704
41 0.8 0.048 0.752
45 0.8 0.048 0.752
49 0.8 0.048 0.752
4 0.8 0.048 0.752
47 0.8 0.048 0.752
74 0.8 0.048 0.752
2 0.8 0.048 0.752
9 0.8 0.048 0.752
36 0.8 0.048 0.752
54 0.8 0.048 0.752
44 0.8 0.048 0.752
43 0.8 0.048 0.752
25 0.8 0.048 0.752
39 0.8 0.048 0.752
86 0.8 0.048 0.752
90 0.8 0.048 0.752
7 0.8 0.048 0.752
13 0.8 0.048 0.752
24 0.686611 0.048 0.638611
29 0.76698 0.048 0.71898
46 0.62218 0.048 0.57418
84 0.8 0.048 0.752
90 0.752 0.048 0.704
90 0.704 0.16 0.544
7 0.752 0.16 0.592
13 0.752 0.16 0.592
24 0.638611 0.16 0.478611
29 0.71898 0.16 0.55898
46 0.57418 0.16 0.41418
84 0.752 0.16 0.592
12 0.8 0.048 0.752
47 0.8 0.048 0.752
74 0.8 0.048 0.752
82 0.8 0.048 0.752
48 0.8 0.048 0.752
43 0.8 0.048 0.752
44 0.8 0.048 0.752
69 0.558903 0.048 0.510903
10 0.8 0.048 0.752
24 0.558489 0.048 0.510489
46 0.490035 0.048 0.442035
59 0.689983 0.048 0.641983
76 0.640645 0.048 0.592645
64 0.8 0.048 0.752
14 0.8 0.048 0.752
26 0.8 0.048 0.752
32 0.8 0.048 0.752
33 0.8 0.048 0.752
16 0.8 0.048 0.752
23 0.8 0.048 0.752
37 0.8 0.048 0.752
18 0.8 0.048 0.752
20 0.8 0.048 0.752
27 0.8 0.048 0.752
73 0.8 0.048 0.752
6 0.8 0.048 0.752
50 0.8 0.048 0.752
53 0.8 0.048 0.752
57 0.8 0.048 0.752
80 0.8 0.048 0.752
10 0.8 0.048 0.752
36 0.8 0.048 0.752
76 0.665422 0.048 0.617422
62 0.8 0.048 0.752
56 0.8 0.048 0.752
58 0.8 0.048 0.752
60 0.8 0.048 0.752
65 0.8 0.048 0.752
32 0.8 0.048 0.752
8 0.8 0.048 0.752
14 0.8 0.048 0.752
15 0.8 0.048 0.752
26 0.8 0.048 0.752
64 0.8 0.048 0.752
20 0.8 0.048 0.752
18 0.8 0.048 0.752
27 0.8 0.048 0.752
37 0.8 0.048 0.752
50 0.8 0.048 0.752
57 0.8 0.048 0.752
34 0.8 0.048 0.752
40 0.8 0.048 0.752
19 0.8 0.048 0.752
17 0.8 0.048 0.752
68 0.8 0.048 0.752
85 0.8 0.048 0.752
87 0.8 0.048 0.752
17 0.752 0.048 0.704
42 0.8 0.048 0.752
55 0.8 0.048 0.752
77 0.8 0.048 0.752
81 0.8 0.048 0.752
7 0.8 0.048 0.752
13 0.8 0.048 0.752
29 0.786454 0.048 0.738454
84 0.8 0.048 0.752
90 0.764804 0.048 0.716804
51 0.8 0.048 0.752
28 0.8 0.048 0.752
31 0.8 0.048 0.752
63 0.8 0.048 0.752
88 0.8 0.048 0.752
26 0.8 0.048 0.752
8 0.8 0.048 0.752
15 0.8 0.048 0.752
32 0.8 0.048 0.752
26 0.752 0.048 0.704
26 0.704 0.16 0.544
8 0.752 0.16 0.592
8 0.592 0.016 0.576
26 0.544 0.016 0.528
8 0.576 0.048 0.528
15 0.752 0.048 0.704
21 0.8 0.048 0.752
26 0.528 0.048 0.48
32 0.752 0.048 0.704
41 0.8 0.048 0.752
49 0.8 0.048 0.752
8 0.528 0.048 0.48
8 0.48 0.16 0.32
15 0.704 0.16 0.544
32 0.704 0.16 0.544
15 0.544 0.16 0.384
21 0.752 0.16 0.592
26 0.48 0.16 0.32
32 0.544 0.16 0.384
41 0.752 0.16 0.592
49 0.752 0.16 0.592
49 0.592 0.016 0.576
8 0.32 0.016 0.304
49 0.576 0.048 0.528
8 0.304 0.048 0.256
21 0.592 0.048 0.544
41 0.592 0.048 0.544
45 0.8 0.048 0.752
38 0.8 0.048 0.752
22 0.8 0.048 0.752
61 0.8 0.048 0.752
66 0.8 0.048 0.752
52 0.8 0.048 0.752
70 0.8 0.048 0.752
21 0.544 0.048 0.496
8 0.256 0.048 0.208
15 0.384 0.048 0.336
41 0.544 0.048 0.496
45 0.8 0.048 0.752
49 0.528 0.048 0.48
4 0.8 0.048 0.752
47 0.8 0.048 0.752
74 0.8 0.048 0.752
2 0.8 0.048 0.752
9 0.8 0.048 0.752
36 0.8 0.048 0.752
54 0.8 0.048 0.752
44 0.8 0.048 0.752
43 0.8 0.048 0.752
11 0.8 0.048 0.752
67 0.8 0.048 0.752
83 0.8 0.048 0.752
89 0.8 0.048 0.752
25 0.8 0.048 0.752
39 0.8 0.048 0.752
78 0.8 0.048 0.752
86 0.8 0.048 0.752
78 0.8 0.048 0.752
25 0.8 0.048 0.752
39 0.8 0.048 0.752
12 0.8 0.048 0.752
47 0.8 0.048 0.752
74 0.8 0.048 0.752
82 0.8 0.048 0.752
48 0.8 0.048 0.752
30 0.8 0.048 0.752
3 0.8 0.048 0.752
40 0.8 0.048 0.752
43 0.8 0.048 0.752
44 0.8 0.048 0.752
69 0.8 0.048 0.752
10 0.8 0.048 0.752
59 0.8 0.048 0.752
76 0.8 0.048 0.752
64 0.8 0.048 0.752
14 0.8 0.048 0.752
32 0.528819 0.048 0.480819
33 0.8 0.048 0.752
16 0.8 0.048 0.752
23 0.8 0.048 0.752
16 0.752 0.048 0.704
11 0.8 0.048 0.752
23 0.752 0.048 0.704
33 0.752 0.048 0.704
67 0.8 0.048 0.752
37 0.8 0.048 0.752
20 0.8 0.048 0.752
27 0.8 0.048 0.752
73 0.8 0.048 0.752
6 0.8 0.048 0.752
50 0.8 0.048 0.752
53 0.8 0.048 0.752
57 0.8 0.048 0.752
80 0.8 0.048 0.752
10 0.8 0.048 0.752
36 0.8 0.048 0.752
69 0.8 0.048 0.752
76 0.8 0.048 0.752
62 0.8 0.048 0.752
56 0.8 0.048 0.752
58 0.8 0.048 0.752
60 0.8 0.048 0.752
65 0.8 0.048 0.752
32 0.629914 0.048 0.581914
15 0.633328 0.048 0.585328
26 0.624159 0.048 0.576159
64 0.8 0.048 0.752
32 0.581914 0.048 0.533914
32 0.533914 0.16 0.373914
15 0.585328 0.16 0.425328
26 0.576159 0.16 0.416159
64 0.752 0.16 0.592
20 0.8 0.048 0.752
18 0.8 0.048 0.752
27 0.8 0.048 0.752
37 0.8 0.048 0.752
57 0.8 0.048 0.752
34 0.8 0.048 0.752
40 0.8 0.048 0.752
44 0.8 0.048 0.752
19 0.8 0.048 0.752
17 0.8 0.048 0.752
85 0.8 0.048 0.752
87 0.8 0.048 0.752
17 0.752 0.048 0.704
42 0.8 0.048 0.752
55 0.8 0.048 0.752
68 0.8 0.048 0.752
77 0.8 0.048 0.752
81 0.8 0.048 0.752
7 0.8 0.048 0.752
13 0.8 0.048 0.752
24 0.8 0.048 0.752
29 0.8 0.048 0.752
46 0.8 0.048 0.752
84 0.8 0.048 0.752
90 0.8 0.048 0.752
51 0.8 0.048 0.752
28 0.8 0.048 0.752
31 0.8 0.048 0.752
63 0.8 0.048 0.752
88 0.8 0.048 0.752
49 0.8 0.048 0.752
21 0.8 0.048 0.752
41 0.8 0.048 0.752
45 0.8 0.048 0.752
38 0.8 0.048 0.752
22 0.8 0.048 0.752
61 0.8 0.048 0.752
66 0.8 0.048 0.752
52 0.8 0.048 0.752
70 0.8 0.048 0.752
21 0.752 0.048 0.704
8 0.582193 0.048 0.534193
41 0.752 0.048 0.704
45 0.8 0.048 0.752
49 0.752 0.048 0.704
4 0.8 0.048 0.752
47 0.8 0.048 0.752
74 0.8 0.048 0.752
2 0.8 0.048 0.752
9 0.8 0.048 0.752
36 0.8 0.048 0.752
54 0.8 0.048 0.752
44 0.8 0.048 0.752
43 0.8 0.048 0.752
11 0.8 0.048 0.752
16 0.8 0.048 0.752
67 0.8 0.048 0.752
83 0.8 0.048 0.752
89 0.8 0.048 0.752
25 0.8 0.048 0.752
39 0.8 0.048 0.752
78 0.8 0.048 0.752
86 0.8 0.048 0.752
78 0.8 0.048 0.752
39 0.8 0.048 0.752
12 0.8 0.048 0.752
47 0.8 0.048 0.752
74 0.8 0.048 0.752
82 0.8 0.048 0.752
48 0.8 0.048 0.752
30 0.8 0.048 0.752
3 0.8 0.048 0.752
40 0.8 0.048 0.752
43 0.8 0.048 0.752
28 0.8 0.048 0.752
44 0.8 0.048 0.752
69 0.8 0.048 0.752
10 0.8 0.048 0.752
59 0.8 0.048 0.752
76 0.8 0.048 0.752
64 0.8 0.048 0.752
14 0.8 0.048 0.752
26 0.63501 0.048 0.58701
32 0.595385 0.048 0.547385
64 0.752 0.048 0.704
64 0.704 0.16 0.544
14 0.752 0.16 0.592
26 0.58701 0.16 0.42701
32 0.547385 0.16 0.387385
33 0.8 0.048 0.752
16 0.8 0.048 0.752
23 0.8 0.048 0.752
82 0.8 0.048 0.752
16 0.752 0.048 0.704
11 0.8 0.048 0.752
23 0.752 0.048 0.704
33 0.752 0.048 0.704
67 0.8 0.048 0.752
37 0.8 0.048 0.752
18 0.8 0.048 0.752
20 0.8 0.048 0.752
27 0.8 0.048 0.752
73 0.8 0.048 0.752
6 0.8 0.048 0.752
50 0.8 0.048 0.752
53 0.8 0.048 0.752
57 0.8 0.048 0.752
80 0.8 0.048 0.752
10 0.8 0.048 0.752
69 0.8 0.048 0.752
76 0.8 0.048 0.752
62 0.8 0.048 0.752
56 0.8 0.048 0.752
60 0.8 0.048 0.752
65 0.8 0.048 0.752
20 0.8 0.048 0.752
18 0.8 0.048 0.752
27 0.8 0.048 0.752
37 0.8 0.048 0.752
50 0.8 0.048 0.752
57 0.8 0.048 0.752
34 0.8 0.048 0.752
40 0.8 0.048 0.752
44 0.8 0.048 0.752
19 0.8 0.048 0.752
17 0.8 0.048 0.752
68 0.8 0.048 0.752
85 0.8 0.048 0.752
88 0.8 0.048 0.752
19 0.752 0.048 0.704
19 0.704 0.16 0.544
87 0.8 0.048 0.752
17 0.752 0.048 0.704
42 0.8 0.048 0.752
55 0.8 0.048 0.752
68 0.752 0.048 0.704
77 0.8 0.048 0.752
81 0.8 0.048 0.752
17 0.704 0.16 0.544
68 0.704 0.16 0.544
85 0.752 0.16 0.592
88 0.752 0.16 0.592
88 0.592 0.016 0.576
19 0.544 0.016 0.528
88 0.576 0.048 0.528
19 0.528 0.048 0.48
31 0.8 0.048 0.752
51 0.8 0.048 0.752
63 0.8 0.048 0.752
85 0.592 0.048 0.544
7 0.8 0.048 0.752
13 0.8 0.048 0.752
24 0.8 0.048 0.752
29 0.8 0.048 0.752
46 0.8 0.048 0.752
84 0.8 0.048 0.752
90 0.8 0.048 0.752
51 0.752 0.048 0.704
28 0.8 0.048 0.752
31 0.752 0.048 0.704
63 0.752 0.048 0.704
88 0.599234 0.048 0.551234
49 0.8 0.048 0.752
8 0.8 0.048 0.752
15 0.8 0.048 0.752
21 0.8 0.048 0.752
41 0.8 0.048 0.752
45 0.8 0.048 0.752
38 0.8 0.048 0.752
22 0.8 0.048 0.752
61 0.8 0.048 0.752
66 0.8 0.048 0.752
52 0.8 0.048 0.752
70 0.8 0.048 0.752
21 0.752 0.048 0.704
41 0.752 0.048 0.704
45 0.8 0.048 0.752
49 0.752 0.048 0.704
4 0.8 0.048 0.752
47 0.8 0.048 0.752
74 0.8 0.048 0.752
2 0.8 0.048 0.752
9 0.8 0.048 0.752
36 0.8 0.048 0.752
54 0.8 0.048 0.752
71 0.8 0.048 0.752
1 0.8 0.048 0.752
5 0.8 0.048 0.752
35 0.8 0.048 0.752
70 0.8 0.048 0.752
72 0.8 0.048 0.752
75 0.8 0.048 0.752
71 0.752 0.048 0.704
71 0.704 0.16 0.544
1 0.752 0.16 0.592
5 0.752 0.16 0.592
35 0.752 0.16 0.592
70 0.752 0.16 0.592
70 0.592 0.016 0.576
71 0.544 0.016 0.528
70 0.576 0.048 0.528
1 0.592 0.048 0.544
52 0.8 0.048 0.752
66 0.8 0.048 0.752
71 0.528 0.048 0.48
72 0.752 0.048 0.704
75 0.752 0.048 0.704
72 0.704 0.16 0.544
75 0.704 0.16 0.544
44 0.8 0.048 0.752
34 0.8 0.048 0.752
43 0.8 0.048 0.752
11 0.8 0.048 0.752
16 0.8 0.048 0.752
67 0.8 0.048 0.752
83 0.8 0.048 0.752
89 0.8 0.048 0.752
25 0.8 0.048 0.752
39 0.8 0.048 0.752
78 0.8 0.048 0.752
86 0.8 0.048 0.752
25 0.752 0.048 0.704
25 0.704 0.16 0.544
25 0.544 0.016 0.528
39 0.752 0.16 0.592
78 0.752 0.16 0.592
86 0.752 0.16 0.592
68 0.690285 0.048 0.642285
17 0.692284 0.048 0.644284
19 0.626014 0.048 0.578014
42 0.8 0.048 0.752
55 0.8 0.048 0.752
77 0.8 0.048 0.752
81 0.8 0.048 0.752
87 0.8 0.048 0.752
68 0.642285 0.048 0.594285
68 0.594285 0.16 0.434285
17 0.644284 0.16 0.484284
19 0.578014 0.16 0.418014
42 0.752 0.16 0.592
55 0.752 0.16 0.592
77 0.752 0.16 0.592
81 0.752 0.16 0.592
87 0.752 0.16 0.592
78 0.662812 0.048 0.614812
25 0.604312 0.048 0.556312
39 0.663269 0.048 0.615269
78 0.614812 0.096 0.518812
78 0.518812 0.16 0.358812
78 0.358812 0.016 0.342812
25 0.556312 0.16 0.396312
39 0.615269 0.16 0.455269
12 0.8 0.048 0.752
47 0.8 0.048 0.752
74 0.8 0.048 0.752
82 0.8 0.048 0.752
33 0.8 0.048 0.752
48 0.8 0.048 0.752
80 0.8 0.048 0.752
6 0.8 0.048 0.752
50 0.8 0.048 0.752
53 0.8 0.048 0.752
57 0.8 0.048 0.752
73 0.8 0.048 0.752
30 0.8 0.048 0.752
3 0.8 0.048 0.752
40 0.8 0.048 0.752
43 0.8 0.048 0.752
28 0.8 0.048 0.752
44 0.8 0.048 0.752
69 0.8 0.048 0.752
10 0.8 0.048 0.752
59 0.8 0.048 0.752
76 0.8 0.048 0.752
33 0.8 0.048 0.752
23 0.8 0.048 0.752
48 0.8 0.048 0.752
82 0.8 0.048 0.752
16 0.8 0.048 0.752
11 0.8 0.048 0.752
23 0.752 0.048 0.704
67 0.8 0.048 0.752
37 0.8 0.048 0.752
20 0.8 0.048 0.752
27 0.8 0.048 0.752
73 0.8 0.048 0.752
6 0.8 0.048 0.752
50 0.8 0.048 0.752
53 0.8 0.048 0.752
57 0.8 0.048 0.752
80 0.8 0.048 0.752
10 0.8 0.048 0.752
36 0.8 0.048 0.752
59 0.8 0.048 0.752
69 0.8 0.048 0.752
76 0.8 0.048 0.752
62 0.8 0.048 0.752
56 0.8 0.048 0.752
60 0.8 0.048 0.752
65 0.8 0.048 0.752
20 0.8 0.048 0.752
18 0.8 0.048 0.752
27 0.8 0.048 0.752
37 0.8 0.048 0.752
57 0.8 0.048 0.752
34 0.8 0.048 0.752
40 0.8 0.048 0.752
44 0.8 0.048 0.752
87 0.8 0.048 0.752
17 0.704561 0.048 0.656561
42 0.8 0.048 0.752
55 0.8 0.048 0.752
68 0.663208 0.048 0.615208
77 0.8 0.048 0.752
81 0.8 0.048 0.752
88 0.8 0.048 0.752
19 0.634421 0.048 0.586421
31 0.8 0.048 0.752
51 0.8 0.048 0.752
63 0.8 0.048 0.752
65 0.8 0.048 0.752
56 0.8 0.048 0.752
58 0.8 0.048 0.752
60 0.752 0.048 0.704
62 0.8 0.048 0.752
7 0.8 0.048 0.752
13 0.8 0.048 0.752
24 0.8 0.048 0.752
29 0.8 0.048 0.752
46 0.8 0.048 0.752
84 0.8 0.048 0.752
90 0.8 0.048 0.752
51 0.752 0.048 0.704
28 0.8 0.048 0.752
31 0.752 0.048 0.704
63 0.752 0.048 0.704
88 0.8 0.048 0.752
49 0.8 0.048 0.752
21 0.8 0.048 0.752
41 0.8 0.048 0.752
45 0.8 0.048 0.752
38 0.8 0.048 0.752
22 0.8 0.048 0.752
61 0.8 0.048 0.752
66 0.8 0.048 0.752
52 0.8 0.048 0.752
70 0.8 0.048 0.752
21 0.752 0.048 0.704
8 0.8 0.048 0.752
41 0.752 0.048 0.704
45 0.8 0.048 0.752
49 0.752 0.048 0.704
4 0.8 0.048 0.752
47 0.8 0.048 0.752
74 0.8 0.048 0.752
4 0.752 0.048 0.704
4 0.704 0.16 0.544
4 0.544 0.016 0.528
47 0.752 0.16 0.592
74 0.752 0.16 0.592
2 0.8 0.048 0.752
9 0.8 0.048 0.752
36 0.8 0.048 0.752
54 0.8 0.048 0.752
70 0.8 0.048 0.752
1 0.8 0.048 0.752
52 0.8 0.048 0.752
66 0.8 0.048 0.752
71 0.8 0.048 0.752
72 0.8 0.048 0.752
75 0.8 0.048 0.752
44 0.8 0.048 0.752
34 0.8 0.048 0.752
43 0.8 0.048 0.752
11 0.8 0.048 0.752
16 0.8 0.048 0.752
67 0.8 0.048 0.752
83 0.8 0.048 0.752
89 0.8 0.048 0.752
19 0.731472 0.048 0.683472
17 0.8 0.048 0.752
68 0.765007 0.048 0.717007
85 0.8 0.048 0.752
12 0.8 0.048 0.752
47 0.66804 0.048 0.62004
74 0.741157 0.048 0.693157
82 0.8 0.048 0.752
33 0.8 0.048 0.752
48 0.8 0.048 0.752
80 0.8 0.048 0.752
6 0.8 0.048 0.752
50 0.8 0.048 0.752
53 0.8 0.048 0.752
73 0.8 0.048 0.752
30 0.8 0.048 0.752
3 0.8 0.048 0.752
40 0.8 0.048 0.752
8 0.8 0.048 0.752
15 0.8 0.048 0.752
26 0.8 0.048 0.752
32 0.8 0.048 0.752
8 0.752 0.048 0.704
8 0.704 0.16 0.544
15 0.752 0.16 0.592
26 0.752 0.16 0.592
26 0.592 0.016 0.576
8 0.544 0.016 0.528
26 0.576 0.048 0.528
8 0.528 0.048 0.48
15 0.592 0.048 0.544
32 0.752 0.048 0.704
64 0.8 0.048 0.752
32 0.704 0.16 0.544
43 0.8 0.048 0.752
28 0.8 0.048 0.752
44 0.8 0.048 0.752
69 0.8 0.048 0.752
46 0.8 0.048 0.752
59 0.8 0.048 0.752
76 0.8 0.048 0.752
69 0.752 0.048 0.704
69 0.704 0.16 0.544
46 0.752 0.16 0.592
46 0.592 0.016 0.576
69 0.544 0.016 0.528
46 0.576 0.048 0.528
7 0.8 0.048 0.752
13 0.8 0.048 0.752
24 0.8 0.048 0.752
29 0.8 0.048 0.752
59 0.752 0.048 0.704
69 0.528 0.048 0.48
90 0.8 0.048 0.752
59 0.704 0.16 0.544
76 0.752 0.16 0.592
33 0.8 0.048 0.752
23 0.8 0.048 0.752
82 0.8 0.048 0.752
16 0.8 0.048 0.752
11 0.8 0.048 0.752
23 0.752 0.048 0.704
67 0.8 0.048 0.752
37 0.8 0.048 0.752
20 0.8 0.048 0.752
27 0.8 0.048 0.752
73 0.8 0.048 0.752
6 0.8 0.048 0.752
50 0.8 0.048 0.752
53 0.8 0.048 0.752
80 0.8 0.048 0.752
10 0.8 0.048 0.752
36 0.8 0.048 0.752
69 0.55579 0.048 0.50779
76 0.663648 0.048 0.615648
62 0.8 0.048 0.752
58 0.8 0.048 0.752
60 0.8 0.048 0.752
65 0.8 0.048 0.752
20 0.8 0.048 0.752
18 0.8 0.048 0.752
27 0.8 0.048 0.752
37 0.8 0.048 0.752
57 0.8 0.048 0.752
34 0.8 0.048 0.752
40 0.8 0.048 0.752
44 0.8 0.048 0.752
87 0.8 0.048 0.752
17 0.8 0.048 0.752
42 0.8 0.048 0.752
55 0.8 0.048 0.752
77 0.8 0.048 0.752
81 0.8 0.048 0.752
88 0.8 0.048 0.752
28 0.8 0.048 0.752
31 0.8 0.048 0.752
51 0.8 0.048 0.752
63 0.8 0.048 0.752
85 0.8 0.048 0.752
65 0.8 0.048 0.752
56 0.8 0.048 0.752
58 0.752 0.048 0.704
60 0.752 0.048 0.704
62 0.8 0.048 0.752
7 0.8 0.048 0.752
13 0.8 0.048 0.752
24 0.8 0.048 0.752
29 0.8 0.048 0.752
46 0.674553 0.048 0.626553
84 0.8 0.048 0.752
90 0.8 0.048 0.752
51 0.752 0.048 0.704
28 0.8 0.048 0.752
31 0.752 0.048 0.704
63 0.752 0.048 0.704
88 0.8 0.048 0.752
49 0.8 0.048 0.752
21 0.8 0.048 0.752
41 0.8 0.048 0.752
45 0.8 0.048 0.752
38 0.8 0.048 0.752
22 0.8 0.048 0.752
61 0.8 0.048 0.752
66 0.8 0.048 0.752
52 0.8 0.048 0.752
70 0.8 0.048 0.752
21 0.752 0.048 0.704
8 0.702128 0.048 0.654128
41 0.752 0.048 0.704
45 0.8 0.048 0.752
49 0.752 0.048 0.704
2 0.8 0.048 0.752
9 0.8 0.048 0.752
36 0.8 0.048 0.752
54 0.8 0.048 0.752
70 0.8 0.048 0.752
1 0.8 0.048 0.752
52 0.8 0.048 0.752
66 0.8 0.048 0.752
71 0.8 0.048 0.752
72 0.8 0.048 0.752
75 0.8 0.048 0.752
44 0.8 0.048 0.752
34 0.8 0.048 0.752
43 0.8 0.048 0.752
11 0.8 0.048 0.752
16 0.8 0.048 0.752
67 0.8 0.048 0.752
83 0.8 0.048 0.752
89 0.8 0.048 0.752
19 0.8 0.048 0.752
68 0.8 0.048 0.752
85 0.8 0.048 0.752
12 0.8 0.048 0.752
47 0.8 0.048 0.752
74 0.8 0.048 0.752
82 0.8 0.048 0.752
33 0.8 0.048 0.752
48 0.8 0.048 0.752
80 0.8 0.048 0.752
6 0.8 0.048 0.752
50 0.8 0.048 0.752
53 0.8 0.048 0.752
57 0.8 0.048 0.752
73 0.8 0.048 0.752
30 0.8 0.048 0.752
3 0.8 0.048 0.752
40 0.8 0.048 0.752
26 0.8 0.048 0.752
8 0.8 0.048 0.752
15 0.8 0.048 0.752
32 0.8 0.048 0.752
64 0.8 0.048 0.752
43 0.8 0.048 0.752
44 0.8 0.048 0.752
46 0.8 0.048 0.752
7 0.8 0.048 0.752
13 0.8 0.048 0.752
24 0.8 0.048 0.752
29 0.8 0.048 0.752
59 0.8 0.048 0.752
76 0.8 0.048 0.752
90 0.8 0.048 0.752
33 0.8 0.048 0.752
23 0.8 0.048 0.752
16 0.8 0.048 0.752
11 0.8 0.048 0.752
23 0.752 0.048 0.704
67 0.8 0.048 0.752
37 0.8 0.048 0.752
20 0.8 0.048 0.752
27 0.8 0.048 0.752
73 0.8 0.048 0.752
6 0.8 0.048 0.752
50 0.8 0.048 0.752
53 0.8 0.048 0.752
57 0.8 0.048 0.752
80 0.8 0.048 0.752
10 0.8 0.048 0.752
36 0.8 0.048 0.752
69 0.8 0.048 0.752
62 0.8 0.048 0.752
56 0.8 0.048 0.752
58 0.8 0.048 0.752
60 0.8 0.048 0.752
65 0.8 0.048 0.752
20 0.8 0.048 0.752
18 0.8 0.048 0.752
27 0.8 0.048 0.752
37 0.8 0.048 0.752
50 0.8 0.048 0.752
57 0.8 0.048 0.752
34 0.8 0.048 0.752
44 0.8 0.048 0.752
87 0.8 0.048 0.752
17 0.8 0.048 0.752
42 0.8 0.048 0.752
55 0.8 0.048 0.752
68 0.8 0.048 0.752
77 0.8 0.048 0.752
81 0.8 0.048 0.752
88 0.8 0.048 0.752
28 0.8 0.048 0.752
31 0.8 0.048 0.752
51 0.8 0.048 0.752
63 0.8 0.048 0.752
85 0.8 0.048 0.752
65 0.8 0.048 0.752
56 0.8 0.048 0.752
58 0.752 0.048 0.704
60 0.752 0.048 0.704
62 0.8 0.048 0.752
7 0.8 0.048 0.752
13 0.8 0.048 0.752
24 0.8 0.048 0.752
29 0.8 0.048 0.752
46 0.8 0.048 0.752
84 0.8 0.048 0.752
90 0.8 0.048 0.752
51 0.752 0.048 0.704
28 0.8 0.048 0.752
31 0.752 0.048 0.704
63 0.752 0.048 0.704
88 0.8 0.048 0.752
49 0.8 0.048 0.752
21 0.8 0.048 0.752
41 0.8 0.048 0.752
45 0.8 0.048 0.752
38 0.8 0.048 0.752
22 0.8 0.048 0.752
61 0.8 0.048 0.752
66 0.8 0.048 0.752
52 0.8 0.048 0.752
70 0.8 0.048 0.752
21 0.752 0.048 0.704
8 0.8 0.048 0.752
41 0.752 0.048 0.704
45 0.8 0.048 0.752
49 0.752 0.048 0.704
21 0.704 0.048 0.656
21 0.656 0.16 0.496
8 0.752 0.16 0.592
41 0.704 0.16 0.544
45 0.752 0.16 0.592
49 0.704 0.16 0.544
2 0.8 0.048 0.752
9 0.8 0.048 0.752
36 0.8 0.048 0.752
54 0.8 0.048 0.752
70 0.8 0.048 0.752
1 0.8 0.048 0.752
52 0.8 0.048 0.752
66 0.8 0.048 0.752
72 0.8 0.048 0.752
75 0.8 0.048 0.752
44 0.8 0.048 0.752
34 0.8 0.048 0.752
43 0.8 0.048 0.752
11 0.8 0.048 0.752
16 0.8 0.048 0.752
67 0.8 0.048 0.752
83 0.8 0.048 0.752
89 0.8 0.048 0.752
74 0.8 0.048 0.752
4 0.8 0.048 0.752
12 0.8 0.048 0.752
47 0.8 0.048 0.752
74 0.752 0.048 0.704
74 0.704 0.16 0.544
4 0.752 0.16 0.592
4 0.592 0.016 0.576
74 0.544 0.016 0.528
4 0.576 0.048 0.528
12 0.752 0.048 0.704
47 0.752 0.048 0.704
74 0.528 0.048 0.48
12 0.704 0.16 0.544
47 0.704 0.16 0.544
19 0.8 0.048 0.752
68 0.8 0.048 0.752
85 0.8 0.048 0.752
12 0.623445 0.048 0.575445
4 0.528 0.048 0.48
47 0.614109 0.048 0.566109
74 0.554997 0.048 0.506997
82 0.8 0.048 0.752
33 0.8 0.048 0.752
48 0.8 0.048 0.752
80 0.8 0.048 0.752
6 0.8 0.048 0.752
18 0.8 0.048 0.752
50 0.8 0.048 0.752
53 0.8 0.048 0.752
57 0.8 0.048 0.752
73 0.8 0.048 0.752
30 0.8 0.048 0.752
3 0.8 0.048 0.752
40 0.8 0.048 0.752
79 0.8 0.048 0.752
26 0.8 0.048 0.752
8 0.742678 0.048 0.694678
15 0.8 0.048 0.752
32 0.8 0.048 0.752
64 0.8 0.048 0.752
43 0.8 0.048 0.752
44 0.8 0.048 0.752
46 0.8 0.048 0.752
7 0.8 0.048 0.752
13 0.8 0.048 0.752
24 0.8 0.048 0.752
29 0.8 0.048 0.752
59 0.8 0.048 0.752
69 0.8 0.048 0.752
76 0.8 0.048 0.752
90 0.8 0.048 0.752
33 0.8 0.048 0.752
23 0.8 0.048 0.752
16 0.8 0.048 0.752
11 0.8 0.048 0.752
23 0.752 0.048 0.704
67 0.8 0.048 0.752
83 0.8 0.048 0.752
37 0.8 0.048 0.752
20 0.8 0.048 0.752
27 0.8 0.048 0.752
73 0.8 0.048 0.752
6 0.8 0.048 0.752
50 0.8 0.048 0.752
53 0.8 0.048 0.752
57 0.8 0.048 0.752
80 0.8 0.048 0.752
10 0.8 0.048 0.752
59 0.8 0.048 0.752
69 0.8 0.048 0.752
76 0.8 0.048 0.752
62 0.8 0.048 0.752
56 0.8 0.048 0.752
60 0.8 0.048 0.752
65 0.8 0.048 0.752
20 0.8 0.048 0.752
18 0.8 0.048 0.752
27 0.8 0.048 0.752
37 0.8 0.048 0.752
50 0.8 0.048 0.752
57 0.8 0.048 0.752
34 0.8 0.048 0.752
44 0.8 0.048 0.752
87 0.8 0.048 0.752
17 0.8 0.048 0.752
27 0.752 0.048 0.704
42 0.8 0.048 0.752
55 0.8 0.048 0.752
77 0.8 0.048 0.752
81 0.8 0.048 0.752
88 0.8 0.048 0.752
28 0.8 0.048 0.752
31 0.8 0.048 0.752
51 0.8 0.048 0.752
63 0.8 0.048 0.752
85 0.8 0.048 0.752
65 0.8 0.048 0.752
56 0.8 0.048 0.752
58 0.8 0.048 0.752
60 0.752 0.048 0.704
62 0.8 0.048 0.752
7 0.8 0.048 0.752
13 0.8 0.048 0.752
24 0.8 0.048 0.752
29 0.8 0.048 0.752
46 0.8 0.048 0.752
84 0.8 0.048 0.752
90 0.8 0.048 0.752
51 0.752 0.048 0.704
28 0.8 0.048 0.752
31 0.752 0.048 0.704
63 0.752 0.048 0.704
88 0.8 0.048 0.752
49 0.8 0.048 0.752
21 0.8 0.048 0.752
41 0.8 0.048 0.752
45 0.8 0.048 0.752
79 0.8 0.048 0.752
49 0.752 0.048 0.704
49 0.704 0.16 0.544
21 0.752 0.16 0.592
21 0.592 0.016 0.576
49 0.544 0.016 0.528
21 0.576 0.048 0.528
41 0.752 0.048 0.704
45 0.752 0.048 0.704
49 0.528 0.048 0.48
41 0.704 0.16 0.544
45 0.704 0.16 0.544
79 0.752 0.16 0.592
38 0.8 0.048 0.752
22 0.8 0.048 0.752
61 0.8 0.048 0.752
66 0.8 0.048 0.752
52 0.8 0.048 0.752
70 0.8 0.048 0.752
2 0.8 0.048 0.752
9 0.8 0.048 0.752
36 0.8 0.048 0.752
54 0.8 0.048 0.752
70 0.8 0.048 0.752
1 0.8 0.048 0.752
52 0.8 0.048 0.752
66 0.8 0.048 0.752
72 0.8 0.048 0.752
75 0.8 0.048 0.752
44 0.8 0.048 0.752
34 0.8 0.048 0.752
43 0.8 0.048 0.752
44 0.752 0.048 0.704
44 0.704 0.16 0.544
44 0.544 0.016 0.528
34 0.752 0.16 0.592
43 0.752 0.16 0.592
11 0.8 0.048 0.752
16 0.8 0.048 0.752
67 0.8 0.048 0.752
83 0.8 0.048 0.752
89 0.8 0.048 0.752
4 0.8 0.048 0.752
12 0.8 0.048 0.752
47 0.8 0.048 0.752
74 0.8 0.048 0.752
19 0.8 0.048 0.752
17 0.8 0.048 0.752
68 0.8 0.048 0.752
85 0.8 0.048 0.752
12 0.8 0.048 0.752
4 0.752 0.048 0.704
47 0.8 0.048 0.752
82 0.8 0.048 0.752
48 0.8 0.048 0.752
80 0.8 0.048 0.752
6 0.8 0.048 0.752
18 0.8 0.048 0.752
50 0.8 0.048 0.752
53 0.8 0.048 0.752
57 0.8 0.048 0.752
73 0.8 0.048 0.752
30 0.8 0.048 0.752
3 0.8 0.048 0.752
40 0.8 0.048 0.752
26 0.8 0.048 0.752
8 0.8 0.048 0.752
15 0.8 0.048 0.752
32 0.8 0.048 0.752
64 0.8 0.048 0.752
43 0.662397 0.048 0.614397
44 0.605937 0.048 0.557937
43 0.614397 0.096 0.518397
43 0.518397 0.16 0.358397
43 0.358397 0.016 0.342397
44 0.557937 0.16 0.397937
46 0.8 0.048 0.752
7 0.8 0.048 0.752
13 0.8 0.048 0.752
24 0.8 0.048 0.752
29 0.8 0.048 0.752
59 0.8 0.048 0.752
69 0.8 0.048 0.752
90 0.8 0.048 0.752
33 0.8 0.048 0.752
23 0.8 0.048 0.752
16 0.8 0.048 0.752
11 0.8 0.048 0.752
23 0.752 0.048 0.704
67 0.8 0.048 0.752
37 0.8 0.048 0.752
18 0.8 0.048 0.752
20 0.8 0.048 0.752
27 0.8 0.048 0.752
73 0.8 0.048 0.752
6 0.8 0.048 0.752
50 0.8 0.048 0.752
53 0.8 0.048 0.752
57 0.8 0.048 0.752
80 0.8 0.048 0.752
10 0.8 0.048 0.752
59 0.8 0.048 0.752
69 0.8 0.048 0.752
76 0.8 0.048 0.752
71 0.8 0.048 0.752
1 0.8 0.048 0.752
5 0.8 0.048 0.752
22 0.8 0.048 0.752
35 0.8 0.048 0.752
72 0.8 0.048 0.752
75 0.8 0.048 0.752
62 0.8 0.048 0.752
56 0.8 0.048 0.752
60 0.8 0.048 0.752
65 0.8 0.048 0.752
20 0.8 0.048 0.752
18 0.8 0.048 0.752
27 0.8 0.048 0.752
37 0.8 0.048 0.752
50 0.8 0.048 0.752
57 0.8 0.048 0.752
34 0.8 0.048 0.752
40 0.8 0.048 0.752
44 0.620906 0.048 0.572906
34 0.752 0.048 0.704
34 0.704 0.16 0.544
40 0.752 0.16 0.592
44 0.572906 0.16 0.412906
87 0.8 0.048 0.752
17 0.8 0.048 0.752
27 0.752 0.048 0.704
42 0.8 0.048 0.752
55 0.8 0.048 0.752
77 0.8 0.048 0.752
81 0.8 0.048 0.752
88 0.8 0.048 0.752
28 0.8 0.048 0.752
31 0.8 0.048 0.752
51 0.8 0.048 0.752
63 0.8 0.048 0.752
85 0.8 0.048 0.752
88 0.752 0.048 0.704
88 0.704 0.16 0.544
28 0.752 0.16 0.592
31 0.752 0.16 0.592
51 0.752 0.16 0.592
63 0.752 0.16 0.592
85 0.752 0.16 0.592
65 0.8 0.048 0.752
56 0.8 0.048 0.752
58 0.8 0.048 0.752
60 0.752 0.048 0.704
62 0.8 0.048 0.752
7 0.8 0.048 0.752
13 0.8 0.048 0.752
24 0.8 0.048 0.752
29 0.8 0.048 0.752
46 0.8 0.048 0.752
84 0.8 0.048 0.752
90 0.8 0.048 0.752
51 0.592 0.048 0.544
28 0.66703 0.048 0.61903
31 0.592 0.048 0.544
63 0.592 0.048 0.544
88 0.622507 0.048 0.574507
51 0.544 0.048 0.496
51 0.496 0.16 0.336
51 0.336 0.016 0.32
28 0.61903 0.16 0.45903
31 0.544 0.16 0.384
63 0.544 0.16 0.384
88 0.574507 0.16 0.414507
21 0.8 0.048 0.752
41 0.8 0.048 0.752
45 0.8 0.048 0.752
49 0.8 0.048 0.752
38 0.8 0.048 0.752
22 0.8 0.048 0.752
61 0.8 0.048 0.752
66 0.8 0.048 0.752
52 0.8 0.048 0.752
70 0.8 0.048 0.752
2 0.8 0.048 0.752
9 0.8 0.048 0.752
36 0.8 0.048 0.752
54 0.8 0.048 0.752
70 0.8 0.048 0.752
1 0.8 0.048 0.752
52 0.8 0.048 0.752
66 0.8 0.048 0.752
72 0.8 0.048 0.752
75 0.8 0.048 0.752
11 0.8 0.048 0.752
16 0.8 0.048 0.752
67 0.8 0.048 0.752
83 0.8 0.048 0.752
89 0.8 0.048 0.752
4 0.8 0.048 0.752
12 0.8 0.048 0.752
47 0.8 0.048 0.752
74 0.8 0.048 0.752
19 0.8 0.048 0.752
17 0.8 0.048 0.752
55 0.8 0.048 0.752
68 0.8 0.048 0.752
77 0.8 0.048 0.752
81 0.8 0.048 0.752
85 0.743924 0.048 0.695924
19 0.752 0.048 0.704
19 0.704 0.16 0.544
19 0.544 0.016 0.528
17 0.752 0.16 0.592
55 0.752 0.16 0.592
68 0.752 0.16 0.592
77 0.752 0.16 0.592
81 0.752 0.16 0.592
85 0.695924 0.16 0.535924
12 0.8 0.048 0.752
4 0.752 0.048 0.704
47 0.8 0.048 0.752
74 0.8 0.048 0.752
82 0.8 0.048 0.752
48 0.8 0.048 0.752
80 0.8 0.048 0.752
6 0.8 0.048 0.752
18 0.8 0.048 0.752
50 0.8 0.048 0.752
53 0.8 0.048 0.752
57 0.8 0.048 0.752
73 0.8 0.048 0.752
30 0.8 0.048 0.752
3 0.8 0.048 0.752
40 0.739668 0.048 0.691668
79 0.8 0.048 0.752
26 0.8 0.048 0.752
8 0.8 0.048 0.752
15 0.8 0.048 0.752
32 0.8 0.048 0.752
64 0.8 0.048 0.752
46 0.8 0.048 0.752
7 0.8 0.048 0.752
13 0.8 0.048 0.752
24 0.8 0.048 0.752
29 0.8 0.048 0.752
59 0.8 0.048 0.752
69 0.8 0.048 0.752
76 0.8 0.048 0.752
90 0.8 0.048 0.752
33 0.8 0.048 0.752
23 0.8 0.048 0.752
16 0.8 0.048 0.752
11 0.8 0.048 0.752
23 0.752 0.048 0.704
67 0.8 0.048 0.752
37 0.8 0.048 0.752
20 0.8 0.048 0.752
27 0.8 0.048 0.752
73 0.8 0.048 0.752
6 0.8 0.048 0.752
50 0.8 0.048 0.752
53 0.8 0.048 0.752
57 0.8 0.048 0.752
80 0.8 0.048 0.752
10 0.8 0.048 0.752
69 0.8 0.048 0.752
71 0.8 0.048 0.752
1 0.8 0.048 0.752
5 0.8 0.048 0.752
22 0.8 0.048 0.752
35 0.8 0.048 0.752
72 0.8 0.048 0.752
75 0.8 0.048 0.752
62 0.8 0.048 0.752
56 0.8 0.048 0.752
60 0.8 0.048 0.752
65 0.8 0.048 0.752
20 0.8 0.048 0.752
18 0.8 0.048 0.752
27 0.8 0.048 0.752
37 0.8 0.048 0.752
50 0.8 0.048 0.752
57 0.8 0.048 0.752
20 0.752 0.048 0.704
20 0.704 0.16 0.544
20 0.544 0.016 0.528
18 0.752 0.16 0.592
27 0.752 0.16 0.592
37 0.752 0.16 0.592
50 0.752 0.16 0.592
57 0.752 0.16 0.592
87 0.8 0.048 0.752
17 0.8 0.048 0.752
27 0.592 0.048 0.544
42 0.8 0.048 0.752
55 0.8 0.048 0.752
68 0.8 0.048 0.752
77 0.8 0.048 0.752
81 0.8 0.048 0.752
65 0.8 0.048 0.752
56 0.8 0.048 0.752
58 0.8 0.048 0.752
60 0.752 0.048 0.704
62 0.8 0.048 0.752
7 0.8 0.048 0.752
13 0.8 0.048 0.752
24 0.8 0.048 0.752
29 0.8 0.048 0.752
46 0.8 0.048 0.752
84 0.8 0.048 0.752
90 0.8 0.048 0.752
21 0.8 0.048 0.752
41 0.8 0.048 0.752
45 0.8 0.048 0.752
49 0.8 0.048 0.752
38 0.8 0.048 0.752
22 0.8 0.048 0.752
61 0.8 0.048 0.752
66 0.8 0.048 0.752
52 0.8 0.048 0.752
70 0.8 0.048 0.752
2 0.8 0.048 0.752
9 0.8 0.048 0.752
36 0.8 0.048 0.752
54 0.8 0.048 0.752
70 0.8 0.048 0.752
1 0.8 0.048 0.752
52 0.8 0.048 0.752
66 0.8 0.048 0.752
72 0.8 0.048 0.752
75 0.8 0.048 0.752
11 0.8 0.048 0.752
16 0.8 0.048 0.752
67 0.8 0.048 0.752
83 0.8 0.048 0.752
89 0.8 0.048 0.752
4 0.8 0.048 0.752
47 0.8 0.048 0.752
74 0.8 0.048 0.752
12 0.8 0.048 0.752
47 0.8 0.048 0.752
74 0.8 0.048 0.752
82 0.8 0.048 0.752
48 0.8 0.048 0.752
80 0.8 0.048 0.752
6 0.8 0.048 0.752
18 0.736979 0.048 0.688979
50 0.8 0.048 0.752
53 0.8 0.048 0.752
57 0.8 0.048 0.752
73 0.8 0.048 0.752
80 0.752 0.048 0.704
80 0.704 0.16 0.544
80 0.544 0.016 0.528
6 0.752 0.16 0.592
18 0.688979 0.16 0.528979
50 0.752 0.16 0.592
53 0.752 0.16 0.592
57 0.752 0.16 0.592
73 0.752 0.16 0.592
30 0.8 0.048 0.752
3 0.8 0.048 0.752
40 0.8 0.048 0.752
79 0.8 0.048 0.752
26 0.8 0.048 0.752
8 0.8 0.048 0.752
15 0.8 0.048 0.752
32 0.8 0.048 0.752
64 0.8 0.048 0.752
46 0.8 0.048 0.752
7 0.8 0.048 0.752
13 0.8 0.048 0.752
24 0.8 0.048 0.752
29 0.8 0.048 0.752
59 0.8 0.048 0.752
69 0.8 0.048 0.752
76 0.8 0.048 0.752
90 0.8 0.048 0.752
33 0.8 0.048 0.752
23 0.8 0.048 0.752
16 0.8 0.048 0.752
11 0.8 0.048 0.752
23 0.752 0.048 0.704
67 0.8 0.048 0.752
37 0.8 0.048 0.752
18 0.606137 0.048 0.558137
20 0.753591 0.048 0.705591
27 0.770471 0.048 0.722471
73 0.663101 0.048 0.615101
6 0.665795 0.048 0.617795
50 0.665905 0.048 0.617905
53 0.666409 0.048 0.618409
57 0.671615 0.048 0.623615
80 0.600958 0.048 0.552958
73 0.615101 0.048 0.567101
73 0.567101 0.16 0.407101
73 0.407101 0.016 0.391101
6 0.617795 0.16 0.457795
50 0.617905 0.16 0.457905
53 0.618409 0.16 0.458409
57 0.623615 0.16 0.463615
80 0.552958 0.16 0.392958
10 0.8 0.048 0.752
59 0.8 0.048 0.752
69 0.8 0.048 0.752
76 0.8 0.048 0.752
71 0.8 0.048 0.752
1 0.8 0.048 0.752
5 0.8 0.048 0.752
22 0.8 0.048 0.752
35 0.8 0.048 0.752
72 0.8 0.048 0.752
75 0.8 0.048 0.752
62 0.8 0.048 0.752
56 0.8 0.048 0.752
60 0.8 0.048 0.752
65 0.8 0.048 0.752
87 0.8 0.048 0.752
17 0.8 0.048 0.752
42 0.8 0.048 0.752
55 0.8 0.048 0.752
68 0.8 0.048 0.752
77 0.8 0.048 0.752
81 0.8 0.048 0.752
65 0.8 0.048 0.752
56 0.8 0.048 0.752
58 0.8 0.048 0.752
60 0.752 0.048 0.704
62 0.8 0.048 0.752
7 0.8 0.048 0.752
13 0.8 0.048 0.752
24 0.8 0.048 0.752
29 0.8 0.048 0.752
46 0.8 0.048 0.752
84 0.8 0.048 0.752
90 0.8 0.048 0.752
21 0.8 0.048 0.752
41 0.8 0.048 0.752
45 0.8 0.048 0.752
49 0.8 0.048 0.752
38 0.8 0.048 0.752
22 0.8 0.048 0.752
61 0.8 0.048 0.752
66 0.8 0.048 0.752
52 0.8 0.048 0.752
70 0.8 0.048 0.752
2 0.8 0.048 0.752
9 0.8 0.048 0.752
36 0.8 0.048 0.752
54 0.8 0.048 0.752
70 0.8 0.048 0.752
1 0.8 0.048 0.752
52 0.8 0.048 0.752
66 0.8 0.048 0.752
72 0.8 0.048 0.752
75 0.8 0.048 0.752
11 0.8 0.048 0.752
16 0.8 0.048 0.752
67 0.8 0.048 0.752
83 0.8 0.048 0.752
89 0.8 0.048 0.752
4 0.8 0.048 0.752
47 0.8 0.048 0.752
74 0.8 0.048 0.752
12 0.8 0.048 0.752
47 0.8 0.048 0.752
74 0.8 0.048 0.752
82 0.8 0.048 0.752
48 0.8 0.048 0.752
82 0.752 0.048 0.704
82 0.704 0.16 0.544
82 0.544 0.016 0.528
48 0.752 0.16 0.592
30 0.8 0.048 0.752
3 0.8 0.048 0.752
40 0.8 0.048 0.752
79 0.8 0.048 0.752
26 0.8 0.048 0.752
8 0.8 0.048 0.752
15 0.8 0.048 0.752
32 0.8 0.048 0.752
64 0.8 0.048 0.752
46 0.8 0.048 0.752
13 0.8 0.048 0.752
24 0.8 0.048 0.752
29 0.8 0.048 0.752
59 0.8 0.048 0.752
69 0.8 0.048 0.752
76 0.8 0.048 0.752
90 0.8 0.048 0.752
33 0.8 0.048 0.752
23 0.8 0.048 0.752
33 0.752 0.048 0.704
33 0.704 0.16 0.544
33 0.544 0.016 0.528
23 0.752 0.16 0.592
16 0.8 0.048 0.752
11 0.8 0.048 0.752
23 0.592 0.048 0.544
67 0.8 0.048 0.752
37 0.8 0.048 0.752
20 0.8 0.048 0.752
27 0.8 0.048 0.752
10 0.8 0.048 0.752
59 0.8 0.048 0.752
69 0.8 0.048 0.752
76 0.8 0.048 0.752
71 0.8 0.048 0.752
1 0.8 0.048 0.752
5 0.8 0.048 0.752
35 0.8 0.048 0.752
72 0.8 0.048 0.752
75 0.8 0.048 0.752
62 0.8 0.048 0.752
56 0.8 0.048 0.752
60 0.8 0.048 0.752
65 0.8 0.048 0.752
87 0.8 0.048 0.752
17 0.8 0.048 0.752
27 0.8 0.048 0.752
37 0.8 0.048 0.752
42 0.8 0.048 0.752
55 0.8 0.048 0.752
77 0.8 0.048 0.752
81 0.8 0.048 0.752
65 0.8 0.048 0.752
56 0.8 0.048 0.752
58 0.8 0.048 0.752
60 0.752 0.048 0.704
62 0.8 0.048 0.752
7 0.8 0.048 0.752
13 0.8 0.048 0.752
24 0.8 0.048 0.752
29 0.8 0.048 0.752
46 0.8 0.048 0.752
84 0.8 0.048 0.752
90 0.8 0.048 0.752
21 0.8 0.048 0.752
41 0.8 0.048 0.752
45 0.8 0.048 0.752
49 0.8 0.048 0.752
38 0.8 0.048 0.752
22 0.8 0.048 0.752
61 0.8 0.048 0.752
66 0.8 0.048 0.752
52 0.8 0.048 0.752
70 0.8 0.048 0.752
2 0.8 0.048 0.752
9 0.8 0.048 0.752
36 0.8 0.048 0.752
54 0.8 0.048 0.752
70 0.8 0.048 0.752
1 0.8 0.048 0.752
52 0.8 0.048 0.752
66 0.8 0.048 0.752
72 0.8 0.048 0.752
75 0.8 0.048 0.752
11 0.8 0.048 0.752
67 0.8 0.048 0.752
83 0.8 0.048 0.752
89 0.8 0.048 0.752
11 0.752 0.048 0.704
11 0.704 0.16 0.544
11 0.544 0.016 0.528
67 0.752 0.16 0.592
83 0.752 0.16 0.592
89 0.752 0.16 0.592
4 0.8 0.048 0.752
12 0.8 0.048 0.752
47 0.8 0.048 0.752
74 0.8 0.048 0.752
12 0.8 0.048 0.752
47 0.8 0.048 0.752
74 0.8 0.048 0.752
30 0.8 0.048 0.752
3 0.8 0.048 0.752
40 0.8 0.048 0.752
79 0.8 0.048 0.752
26 0.8 0.048 0.752
8 0.8 0.048 0.752
15 0.8 0.048 0.752
32 0.8 0.048 0.752
64 0.8 0.048 0.752
46 0.8 0.048 0.752
7 0.8 0.048 0.752
13 0.8 0.048 0.752
24 0.8 0.048 0.752
29 0.8 0.048 0.752
59 0.8 0.048 0.752
69 0.8 0.048 0.752
76 0.8 0.048 0.752
90 0.8 0.048 0.752
16 0.8 0.048 0.752
23 0.8 0.048 0.752
67 0.744423 0.048 0.696423
37 0.8 0.048 0.752
20 0.8 0.048 0.752
27 0.8 0.048 0.752
10 0.8 0.048 0.752
59 0.8 0.048 0.752
69 0.8 0.048 0.752
76 0.8 0.048 0.752
71 0.8 0.048 0.752
1 0.8 0.048 0.752
5 0.8 0.048 0.752
35 0.8 0.048 0.752
72 0.8 0.048 0.752
75 0.8 0.048 0.752
62 0.8 0.048 0.752
56 0.8 0.048 0.752
60 0.8 0.048 0.752
65 0.8 0.048 0.752
62 0.752 0.048 0.704
62 0.704 0.16 0.544
62 0.544 0.016 0.528
56 0.752 0.16 0.592
60 0.752 0.16 0.592
65 0.752 0.16 0.592
87 0.8 0.048 0.752
17 0.8 0.048 0.752
27 0.8 0.048 0.752
37 0.8 0.048 0.752
42 0.8 0.048 0.752
55 0.8 0.048 0.752
77 0.8 0.048 0.752
81 0.8 0.048 0.752
65 0.665147 0.048 0.617147
56 0.668566 0.048 0.620566
58 0.8 0.048 0.752
60 0.592 0.048 0.544
62 0.603065 0.048 0.555065
65 0.617147 0.048 0.569147
65 0.569147 0.16 0.409147
56 0.620566 0.16 0.460566
58 0.752 0.16 0.592
60 0.544 0.16 0.384
62 0.555065 0.16 0.395065
7 0.8 0.048 0.752
13 0.8 0.048 0.752
24 0.8 0.048 0.752
29 0.8 0.048 0.752
46 0.8 0.048 0.752
84 0.8 0.048 0.752
90 0.8 0.048 0.752
7 0.752 0.048 0.704
7 0.704 0.16 0.544
7 0.544 0.016 0.528
13 0.752 0.16 0.592
24 0.752 0.16 0.592
29 0.752 0.16 0.592
46 0.752 0.16 0.592
84 0.752 0.16 0.592
90 0.752 0.16 0.592
21 0.8 0.048 0.752
15 0.8 0.048 0.752
41 0.8 0.048 0.752
45 0.8 0.048 0.752
49 0.8 0.048 0.752
38 0.8 0.048 0.752
22 0.8 0.048 0.752
61 0.8 0.048 0.752
66 0.8 0.048 0.752
52 0.8 0.048 0.752
2 0.8 0.048 0.752
9 0.8 0.048 0.752
36 0.8 0.048 0.752
54 0.8 0.048 0.752
70 0.8 0.048 0.752
1 0.8 0.048 0.752
52 0.8 0.048 0.752
66 0.8 0.048 0.752
72 0.8 0.048 0.752
75 0.8 0.048 0.752
4 0.8 0.048 0.752
47 0.8 0.048 0.752
74 0.8 0.048 0.752
12 0.8 0.048 0.752
47 0.8 0.048 0.752
74 0.8 0.048 0.752
30 0.8 0.048 0.752
3 0.8 0.048 0.752
40 0.8 0.048 0.752
79 0.8 0.048 0.752
26 0.8 0.048 0.752
8 0.8 0.048 0.752
15 0.8 0.048 0.752
32 0.8 0.048 0.752
64 0.8 0.048 0.752
46 0.8 0.048 0.752
13 0.8 0.048 0.752
24 0.8 0.048 0.752
29 0.8 0.048 0.752
59 0.8 0.048 0.752
69 0.8 0.048 0.752
76 0.8 0.048 0.752
90 0.8 0.048 0.752
46 0.752 0.048 0.704
46 0.704 0.16 0.544
46 0.544 0.016 0.528
13 0.752 0.16 0.592
24 0.752 0.16 0.592
29 0.752 0.16 0.592
59 0.752 0.16 0.592
69 0.752 0.16 0.592
76 0.752 0.16 0.592
90 0.752 0.16 0.592
16 0.8 0.048 0.752
23 0.8 0.048 0.752
67 0.8 0.048 0.752
37 0.8 0.048 0.752
20 0.8 0.048 0.752
27 0.8 0.048 0.752
87 0.8 0.048 0.752
10 0.8 0.048 0.752
59 0.667203 0.048 0.619203
69 0.662253 0.048 0.614253
76 0.664259 0.048 0.616259
10 0.752 0.048 0.704
10 0.704 0.16 0.544
10 0.544 0.016 0.528
59 0.619203 0.16 0.459203
69 0.614253 0.16 0.454253
76 0.616259 0.16 0.456259
71 0.8 0.048 0.752
1 0.8 0.048 0.752
5 0.8 0.048 0.752
35 0.8 0.048 0.752
72 0.8 0.048 0.752
75 0.8 0.048 0.752
87 0.8 0.048 0.752
17 0.8 0.048 0.752
27 0.8 0.048 0.752
42 0.8 0.048 0.752
55 0.8 0.048 0.752
68 0.8 0.048 0.752
77 0.8 0.048 0.752
81 0.8 0.048 0.752
21 0.8 0.048 0.752
15 0.8 0.048 0.752
41 0.8 0.048 0.752
45 0.8 0.048 0.752
49 0.8 0.048 0.752
38 0.8 0.048 0.752
22 0.8 0.048 0.752
61 0.8 0.048 0.752
66 0.8 0.048 0.752
52 0.8 0.048 0.752
70 0.8 0.048 0.752
2 0.8 0.048 0.752
9 0.8 0.048 0.752
36 0.8 0.048 0.752
54 0.8 0.048 0.752
2 0.752 0.048 0.704
2 0.704 0.16 0.544
2 0.544 0.016 0.528
9 0.752 0.16 0.592
36 0.752 0.16 0.592
54 0.752 0.16 0.592
70 0.8 0.048 0.752
1 0.8 0.048 0.752
52 0.8 0.048 0.752
66 0.8 0.048 0.752
72 0.8 0.048 0.752
75 0.8 0.048 0.752
4 0.8 0.048 0.752
47 0.8 0.048 0.752
74 0.8 0.048 0.752
12 0.8 0.048 0.752
47 0.8 0.048 0.752
74 0.8 0.048 0.752
30 0.8 0.048 0.752
3 0.8 0.048 0.752
40 0.8 0.048 0.752
79 0.8 0.048 0.752
26 0.8 0.048 0.752
8 0.8 0.048 0.752
15 0.8 0.048 0.752
32 0.8 0.048 0.752
64 0.8 0.048 0.752
16 0.8 0.048 0.752
23 0.8 0.048 0.752
33 0.8 0.048 0.752
67 0.8 0.048 0.752
16 0.752 0.048 0.704
16 0.704 0.16 0.544
23 0.752 0.16 0.592
33 0.752 0.16 0.592
33 0.592 0.016 0.576
16 0.544 0.016 0.528
33 0.576 0.048 0.528
16 0.528 0.048 0.48
23 0.592 0.048 0.544
67 0.752 0.16 0.592
37 0.8 0.048 0.752
18 0.8 0.048 0.752
20 0.8 0.048 0.752
27 0.8 0.048 0.752
71 0.8 0.048 0.752
1 0.8 0.048 0.752
5 0.8 0.048 0.752
35 0.8 0.048 0.752
72 0.8 0.048 0.752
75 0.8 0.048 0.752
87 0.8 0.048 0.752
27 0.8 0.048 0.752
37 0.8 0.048 0.752
42 0.8 0.048 0.752
55 0.8 0.048 0.752
68 0.8 0.048 0.752
77 0.8 0.048 0.752
81 0.8 0.048 0.752
21 0.8 0.048 0.752
15 0.8 0.048 0.752
41 0.8 0.048 0.752
45 0.8 0.048 0.752
49 0.8 0.048 0.752
38 0.8 0.048 0.752
22 0.8 0.048 0.752
61 0.8 0.048 0.752
66 0.8 0.048 0.752
52 0.8 0.048 0.752
70 0.8 0.048 0.752
1 0.8 0.048 0.752
52 0.8 0.048 0.752
72 0.8 0.048 0.752
75 0.8 0.048 0.752
4 0.8 0.048 0.752
47 0.8 0.048 0.752
74 0.8 0.048 0.752
12 0.8 0.048 0.752
47 0.8 0.048 0.752
74 0.8 0.048 0.752
12 0.752 0.048 0.704
12 0.704 0.16 0.544
12 0.544 0.016 0.528
47 0.752 0.16 0.592
74 0.752 0.16 0.592
30 0.8 0.048 0.752
3 0.8 0.048 0.752
40 0.8 0.048 0.752
79 0.8 0.048 0.752
26 0.8 0.048 0.752
8 0.8 0.048 0.752
15 0.8 0.048 0.752
32 0.8 0.048 0.752
64 0.8 0.048 0.752
33 0.8 0.048 0.752
16 0.8 0.048 0.752
23 0.8 0.048 0.752
37 0.8 0.048 0.752
18 0.8 0.048 0.752
20 0.8 0.048 0.752
27 0.8 0.048 0.752
71 0.8 0.048 0.752
5 0.8 0.048 0.752
22 0.8 0.048 0.752
35 0.8 0.048 0.752
72 0.8 0.048 0.752
75 0.8 0.048 0.752
87 0.8 0.048 0.752
17 0.8 0.048 0.752
27 0.8 0.048 0.752
42 0.8 0.048 0.752
55 0.8 0.048 0.752
68 0.8 0.048 0.752
77 0.8 0.048 0.752
81 0.8 0.048 0.752
21 0.8 0.048 0.752
15 0.8 0.048 0.752
41 0.8 0.048 0.752
45 0.8 0.048 0.752
49 0.8 0.048 0.752
38 0.8 0.048 0.752
22 0.8 0.048 0.752
61 0.8 0.048 0.752
66 0.8 0.048 0.752
52 0.8 0.048 0.752
66 0.752 0.048 0.704
66 0.704 0.16 0.544
66 0.544 0.016 0.528
52 0.752 0.16 0.592
70 0.8 0.048 0.752
1 0.8 0.048 0.752
52 0.669284 0.048 0.621284
75 0.8 0.048 0.752
70 0.752 0.048 0.704
70 0.704 0.16 0.544
70 0.544 0.016 0.528
1 0.752 0.16 0.592
52 0.621284 0.16 0.461284
75 0.752 0.16 0.592
4 0.8 0.048 0.752
12 0.8 0.048 0.752
47 0.8 0.048 0.752
74 0.8 0.048 0.752
4 0.752 0.048 0.704
4 0.704 0.16 0.544
12 0.752 0.16 0.592
12 0.592 0.016 0.576
4 0.544 0.016 0.528
12 0.576 0.048 0.528
4 0.528 0.048 0.48
47 0.752 0.048 0.704
74 0.752 0.048 0.704
47 0.704 0.16 0.544
74 0.704 0.16 0.544
30 0.8 0.048 0.752
3 0.8 0.048 0.752
40 0.8 0.048 0.752
79 0.8 0.048 0.752
26 0.8 0.048 0.752
8 0.8 0.048 0.752
15 0.8 0.048 0.752
32 0.8 0.048 0.752
64 0.8 0.048 0.752
33 0.8 0.048 0.752
16 0.8 0.048 0.752
23 0.8 0.048 0.752
82 0.8 0.048 0.752
33 0.752 0.048 0.704
33 0.704 0.16 0.544
16 0.752 0.16 0.592
23 0.752 0.16 0.592
82 0.752 0.16 0.592
82 0.592 0.016 0.576
33 0.544 0.016 0.528
82 0.576 0.048 0.528
33 0.528 0.048 0.48
48 0.8 0.048 0.752
37 0.8 0.048 0.752
18 0.8 0.048 0.752
20 0.8 0.048 0.752
27 0.8 0.048 0.752
87 0.8 0.048 0.752
71 0.8 0.048 0.752
1 0.737095 0.048 0.689095
5 0.8 0.048 0.752
35 0.8 0.048 0.752
72 0.8 0.048 0.752
75 0.743195 0.048 0.695195
87 0.8 0.048 0.752
17 0.8 0.048 0.752
27 0.8 0.048 0.752
37 0.8 0.048 0.752
42 0.8 0.048 0.752
55 0.8 0.048 0.752
68 0.8 0.048 0.752
77 0.8 0.048 0.752
21 0.8 0.048 0.752
41 0.8 0.048 0.752
45 0.8 0.048 0.752
49 0.8 0.048 0.752
38 0.8 0.048 0.752
22 0.8 0.048 0.752
61 0.8 0.048 0.752
12 0.8 0.048 0.752
47 0.8 0.048 0.752
74 0.8 0.048 0.752
30 0.8 0.048 0.752
3 0.8 0.048 0.752
40 0.8 0.048 0.752
79 0.8 0.048 0.752
26 0.8 0.048 0.752
8 0.8 0.048 0.752
15 0.8 0.048 0.752
32 0.8 0.048 0.752
64 0.8 0.048 0.752
26 0.752 0.048 0.704
26 0.704 0.16 0.544
26 0.544 0.016 0.528
8 0.752 0.16 0.592
15 0.752 0.16 0.592
32 0.752 0.16 0.592
64 0.752 0.16 0.592
82 0.8 0.048 0.752
33 0.8 0.048 0.752
48 0.8 0.048 0.752
37 0.8 0.048 0.752
20 0.8 0.048 0.752
27 0.8 0.048 0.752
87 0.8 0.048 0.752
71 0.8 0.048 0.752
1 0.8 0.048 0.752
5 0.8 0.048 0.752
35 0.8 0.048 0.752
72 0.8 0.048 0.752
75 0.8 0.048 0.752
87 0.8 0.048 0.752
17 0.8 0.048 0.752
27 0.8 0.048 0.752
37 0.8 0.048 0.752
42 0.8 0.048 0.752
55 0.8 0.048 0.752
68 0.8 0.048 0.752
77 0.8 0.048 0.752
21 0.8 0.048 0.752
41 0.8 0.048 0.752
45 0.8 0.048 0.752
49 0.8 0.048 0.752
38 0.8 0.048 0.752
22 0.8 0.048 0.752
61 0.8 0.048 0.752
12 0.8 0.048 0.752
47 0.8 0.048 0.752
74 0.8 0.048 0.752
30 0.8 0.048 0.752
3 0.8 0.048 0.752
40 0.8 0.048 0.752
79 0.8 0.048 0.752
30 0.752 0.048 0.704
30 0.704 0.16 0.544
30 0.544 0.016 0.528
3 0.752 0.16 0.592
40 0.752 0.16 0.592
79 0.752 0.16 0.592
82 0.8 0.048 0.752
33 0.8 0.048 0.752
48 0.8 0.048 0.752
37 0.8 0.048 0.752
20 0.8 0.048 0.752
27 0.8 0.048 0.752
87 0.8 0.048 0.752
71 0.8 0.048 0.752
1 0.8 0.048 0.752
5 0.8 0.048 0.752
35 0.8 0.048 0.752
72 0.8 0.048 0.752
75 0.8 0.048 0.752
87 0.8 0.048 0.752
27 0.8 0.048 0.752
37 0.8 0.048 0.752
42 0.8 0.048 0.752
55 0.8 0.048 0.752
68 0.8 0.048 0.752
77 0.8 0.048 0.752
21 0.8 0.048 0.752
15 0.8 0.048 0.752
41 0.8 0.048 0.752
45 0.8 0.048 0.752
49 0.8 0.048 0.752
38 0.8 0.048 0.752
22 0.8 0.048 0.752
61 0.8 0.048 0.752
12 0.8 0.048 0.752
47 0.8 0.048 0.752
74 0.8 0.048 0.752
82 0.8 0.048 0.752
48 0.8 0.048 0.752
37 0.8 0.048 0.752
20 0.8 0.048 0.752
27 0.8 0.048 0.752
87 0.8 0.048 0.752
71 0.8 0.048 0.752
1 0.8 0.048 0.752
5 0.8 0.048 0.752
35 0.8 0.048 0.752
72 0.8 0.048 0.752
75 0.8 0.048 0.752
87 0.8 0.048 0.752
27 0.8 0.048 0.752
37 0.8 0.048 0.752
42 0.8 0.048 0.752
55 0.8 0.048 0.752
68 0.8 0.048 0.752
77 0.8 0.048 0.752
