31 107 0 100 2.5 1.03564 3.53564
36 127 0 100 0.5 3.44052 3.94052
38 118 0 100 2.5 1.84447 4.34447
41 120 0 100 2 2.40891 4.40891
28 108 0 100 3.5 1.08177 4.58177
46 117 0 100 3 1.81623 4.81623
35 126 0 100 1.5 3.39926 4.89926
18 119 0 100 3.5 1.85998 5.35998
4 109 0 100 4.5 1.16334 5.66334
4 139 0 100 1.16701e-08 5.93346 5.93346
40 122 0 100 3.5 2.45375 5.95375
2 115 0 100 5 1.49169 6.49169
5 111 0 100 5.5 1.23597 6.73597
14 131 0 100 3 4.15036 7.15036
42 129 0 100 3.5 4.04923 7.54923
30 116 0 100 6 1.76601 7.76601
34 106 0 100 7 1.01118 8.01118
34 136 0 100 2.5 5.60172 8.10172
15 128 0 100 4.5 3.6351 8.1351
26 125 0 100 5 3.39191 8.39191
36 144 0 100 1 8.34416 9.34416
28 149 0 100 0.5 9.29914 9.79914
35 150 0 100 1 9.39276 10.3928
18 145 0 100 2 8.68789 10.6879
25 124 0 100 7.5 3.38551 10.8855
4 146 0 100 2 8.95095 10.9509
1 132 0 100 7 4.56478 11.5648
48 147 0 100 3 9.01287 12.0129
31 143 0 100 6 7.96961 13.9696
31 130 0 100 10 4.13091 14.1309
47 110 0 100 13.5 1.19823 14.6982
