26 2996 0 100 0.5 1.30886 1.80886
63 3002 0 100 0.5 1.44736 1.94736
81 3012 0 100 0.5 1.66763 2.16763
7 3015 0 100 0.5 1.72758 2.22758
70 3004 0 100 1 1.46426 2.46426
91 2994 0 100 1.5 1.28026 2.78026
42 3037 0 100 1 2.408 3.408
100 2989 0 100 2.5 1.08554 3.58554
17 3027 0 100 1.5 2.09852 3.59852
54 3050 0 100 0.5 3.10535 3.60535
5 3067 0 100 1.16701e-08 3.62704 3.62704
88 2999 0 100 2.5 1.37912 3.87912
72 3021 0 100 2 1.92538 3.92538
62 3025 0 100 2 2.06157 4.06157
13 3095 0 100 1.16701e-08 4.46522 4.46522
78 3023 0 100 2.5 1.9797 4.4797
19 3096 0 100 1.16701e-08 4.48864 4.48864
1 3069 0 100 1 3.6463 4.6463
48 3103 0 100 1.16701e-08 4.75723 4.75723
34 2998 0 100 4 1.37494 5.37494
80 3129 0 100 1.16701e-08 5.99754 5.99754
27 3116 0 100 1 5.23719 6.23719
79 3108 0 100 1.5 4.897 6.397
3 3052 0 100 3.5 3.14718 6.64718
24 3136 0 100 0.5 6.25994 6.75994
49 3081 0 100 3 4.08937 7.08937
96 3082 0 100 3 4.09303 7.09303
2 3051 0 100 4 3.13866 7.13866
66 3101 0 100 3 4.66781 7.66781
51 3104 0 100 3 4.78567 7.78567
46 3022 0 100 6 1.96964 7.96964
74 3065 0 100 4.5 3.60147 8.10147
15 3001 0 100 7 1.41801 8.41801
57 3093 0 100 4 4.41954 8.41954
38 3094 0 100 4 4.4423 8.4423
42 3121 0 100 3 5.60092 8.60092
82 3155 0 100 1.5 7.2294 8.7294
95 3054 0 100 5.5 3.24309 8.74309
68 3043 0 100 6 2.80155 8.80155
9 2997 0 100 7.5 1.33728 8.83728
87 3008 0 100 7.5 1.52848 9.02848
50 3076 0 100 5.5 3.89106 9.39106
69 2987 0 100 8.5 1.01137 9.51137
94 3099 0 100 5 4.61939 9.61939
92 3068 0 100 6 3.63107 9.63107
48 3163 0 100 2 7.89648 9.89648
10 3011 0 100 8.5 1.65348 10.1535
10 3115 0 100 5 5.22487 10.2249
29 3074 0 100 6.5 3.81295 10.3129
60 3175 0 100 2 8.67027 10.6703
53 3060 0 100 7.5 3.37916 10.8792
58 3075 0 100 7 3.88089 10.8809
14 3047 0 100 8 2.92322 10.9232
65 3088 0 100 7 4.28918 11.2892
27 3179 0 100 2.5 8.87197 11.372
25 3149 0 100 4.5 7.05186 11.5519
24 3006 0 100 10.5 1.47989 11.9799
7 3123 0 100 7 5.66295 12.6629
18 3071 0 100 9 3.68415 12.6842
89 3143 0 100 6 6.6996 12.6996
7 3194 0 100 3 9.8116 12.8116
20 3084 0 100 9 4.17463 13.1746
99 3055 0 100 10 3.27996 13.28
67 3058 0 100 10 3.32644 13.3264
4 3147 0 100 6.5 6.97165 13.4717
69 3127 0 100 9 5.82958 14.8296
13 3170 0 100 6.5 8.37553 14.8755
78 3181 0 100 6 8.99176 14.9918
