0 1404
0 1405
0 1406
0 1407
0 1409
0 1410
0 1411
0 1412
0 1415
0 1417
0 1420
0 1421
24 1422
26 1423
0 1424
10 1427
0 1428
0 1429
0 1430
0 1432
0 1434
30 1427
0 1435
25 1418
23 1436
0 1437
0 1440
0 1443
1 1425
0 1444
0 1446
0 1447
0 1449
0 1450
0 1451
28 1445
0 1452
5 1419
0 1453
0 1455
0 1456
0 1457
17 1416
0 1458
0 1459
0 1460
19 1442
0 1462
18 1464
5 1464
0 1465
0 1466
0 1467
27 1438
0 1468
16 1469
29 1473
0 1476
0 1478
18 1469
0 1479
0 1483
23 1484
8 1470
0 1485
0 1486
0 1491
0 1493
0 1495
0 1496
0 1499
3 1431
0 1500
0 1501
0 1503
0 1507
25 1494
0 1508
0 1509
0 1510
0 1511
9 1441
10 1492
21 1413
0 1512
4 1463
0 1513
0 1514
0 1515
1 1490
0 1516
0 1517
0 1518
0 1519
0 1521
11 1439
0 1522
5 1469
0 1524
0 1525
18 1502
0 1526
0 1527
0 1528
16 1506
29 1523
0 1530
0 1531
0 1532
0 1534
0 1535
27 1470
0 1536
0 1539
0 1540
8 1520
0 1544
0 1545
0 1546
0 1549
0 1550
13 1436
0 1551
0 1552
23 1537
2 1433
0 1554
0 1555
0 1556
20 1477
0 1557
0 1559
0 1560
3 1533
24 1488
0 1561
22 1448
0 1562
0 1563
0 1565
0 1566
15 1454
26 1498
0 1567
0 1568
21 1538
9 1538
0 1569
0 1570
0 1571
0 1572
0 1573
0 1574
0 1575
0 1576
0 1577
0 1578
28 1464
0 1579
0 1580
0 1581
0 1582
0 1583
0 1584
17 1473
0 1585
0 1586
0 1587
19 1529
0 1588
0 1589
0 1590
0 1591
