13 578 1.18268
16 579 1.1857
20 580 1.19327
7 581 1.38018
25 582 1.39372
10 583 1.44157
17 584 1.47033
28 585 1.54305
40 586 1.5578
48 587 1.70765
15 588 1.74202
31 589 1.94007
46 590 1.97133
9 591 2.06782
49 592 2.15053
38 593 2.27307
36 594 2.63362
37 595 2.63753
33 596 2.73231
6 597 2.82726
4 598 2.92963
8 599 3.12431
32 600 3.30982
35 601 3.43177
30 602 3.4559
3 603 3.50069
23 604 3.59765
27 605 3.68031
19 606 3.7723
34 607 3.95943
43 608 4.11033
31 609 4.14944
24 610 4.24082
29 611 4.42765
39 612 4.44444
11 613 4.91688
36 614 4.95117
8 615 5.20048
25 616 5.88166
35 617 5.89565
40 618 6.03642
30 619 6.24909
15 620 6.35706
43 621 6.73476
31 622 7.67203
17 623 7.95316
33 624 8.08038
27 625 8.34201
19 626 8.39879
23 627 8.42736
30 628 8.80708
29 629 8.84538
36 630 9.20947
46 631 9.4512
11 632 9.92611
37 633 9.97274
31 634 9.9931
