89 962 0 100 0.7 1.47478 1.47478
21 971 0 100 2.2 1.71289 3.21289
83 1019 0 100 0.7 4.21942 4.21942
49 1004 0 100 2.2 3.35169 4.85169
82 1036 0 100 1.2 5.80974 6.30974
95 1037 0 100 1.7 5.87231 6.87231
57 1027 0 100 3.2 4.82331 7.32331
33 1032 0 100 2.7 5.56632 7.56632
98 1006 0 100 5.2 3.45549 7.95549
40 1043 0 100 1.7 7.06543 8.06543
99 1023 0 100 4.2 4.61955 8.11955
11 1051 0 100 0.7 8.57727 8.57727
21 1038 0 100 3.7 6.0837 9.0837
37 1022 0 100 5.2 4.59947 9.09947
37 1050 0 100 1.7 8.38875 9.38875
91 1035 0 100 4.7 5.73152 9.73152
79 1011 0 100 7.2 3.88767 10.3877
30 1053 0 100 2.7 8.76854 10.7685
77 1034 0 100 6.2 5.66907 11.1691
97 997 0 100 9.2 2.89184 11.3918
27 1054 0 100 3.2 8.93578 11.4358
89 1046 0 100 4.7 7.87442 11.8744
90 1047 0 100 4.7 7.95531 11.9553
57 1044 0 100 6.2 7.08648 12.5865
45 1048 0 100 5.2 8.18486 12.6849
33 1055 0 100 4.7 9.00995 13.0099
54 1015 0 100 9.7 4.02165 13.0216
68 1056 0 100 4.7 9.45765 13.4576
18 1031 0 100 9.2 5.18715 13.6871
11 1029 0 100 9.7 4.96454 13.9645
