51 645 0 100 0.7 1.42057 1.42057
37 661 0 100 0.7 2.68349 2.68349
25 663 0 100 0.7 2.85853 2.85853
9 670 0 100 0.7 3.80648 3.80648
38 648 0 100 4.2 1.50621 5.00621
42 682 0 100 0.7 5.75915 5.75915
19 684 0 100 0.7 6.2593 6.2593
53 666 0 100 4.7 3.0261 7.0261
37 689 0 100 1.2 7.43856 7.93856
45 686 0 100 2.2 6.74114 8.24114
8 677 0 100 4.2 4.76657 8.26657
50 681 0 100 3.7 5.51745 8.51745
58 678 0 100 4.7 4.76805 8.76805
5 674 0 100 5.2 4.51569 9.01569
22 697 0 100 1.2 9.22031 9.72031
59 642 0 100 9.2 1.27714 9.77714
18 664 0 100 7.7 2.91027 9.91027
41 637 0 100 9.7 1.08004 10.08
38 698 0 100 1.7 9.33852 10.3385
15 680 0 100 6.7 4.89806 10.8981
52 694 0 100 3.2 8.69208 11.1921
52 679 0 100 7.2 4.83164 11.3316
19 654 0 100 10.2 2.06237 11.5624
19 693 0 100 3.7 8.5723 11.5723
27 667 0 100 9.2 3.36848 11.8685
55 695 0 100 4.2 9.00068 12.5007
55 671 0 100 9.2 4.17961 12.6796
21 700 0 100 4.2 9.58424 13.0842
