28 138 0 100 0.2 2.72443 2.92443
41 137 0 100 0.9 2.39456 3.29456
32 140 0 100 0.6 2.83545 3.43545
27 135 0 100 1.6 2.17614 3.77614
2 139 0 100 1.2 2.73818 3.93818
10 149 0 100 0.7 3.41344 4.11344
13 136 0 100 2.2 2.21177 4.41177
48 142 0 100 1.4 3.04954 4.44954
5 151 0 100 0.8 3.87206 4.67206
20 141 0 100 1.8 3.00585 4.80585
38 134 0 100 2.9 2.13492 5.03492
46 147 0 100 1.9 3.29239 5.19239
40 154 0 100 1.4 4.00711 5.40711
29 132 0 100 3.6 2.01779 5.61779
17 164 0 100 0.1 5.57995 5.67995
34 156 0 100 1.6 4.24377 5.84377
17 146 0 100 2.8 3.25327 6.05327
45 150 0 100 2.4 3.66879 6.06879
16 133 0 100 4.1 2.06185 6.16185
31 144 0 100 3.3 3.14055 6.44055
31 166 0 100 0.5 5.99325 6.49325
3 152 0 100 2.8 3.93941 6.73941
3 168 0 100 0.6 6.18949 6.78949
42 161 0 100 2.1 4.83538 6.93538
47 167 0 100 1.1 6.06779 7.16779
47 148 0 100 3.9 3.40507 7.30507
14 155 0 100 3.4 4.02114 7.42114
8 145 0 100 4.3 3.19937 7.49937
30 143 0 100 4.6 3.09239 7.69239
50 158 0 100 3.3 4.53729 7.83729
36 162 0 100 3.2 4.85205 8.05205
44 153 0 100 4.2 3.95487 8.15487
28 170 0 100 1.9 6.29502 8.19502
44 179 0 100 3.50103e-08 8.45696 8.45696
41 169 0 100 2.3 6.20501 8.50501
12 176 0 100 0.7 8.07456 8.77456
12 160 0 100 4.1 4.74886 8.84886
33 159 0 100 4.4 4.60039 9.00039
2 173 0 100 1.4 7.73282 9.13282
9 157 0 100 4.9 4.28007 9.18007
10 175 0 100 1.5 7.92487 9.42487
13 165 0 100 3.8 5.8842 9.6842
48 172 0 100 2.8 6.96134 9.76134
5 186 0 100 0.4 9.5151 9.9151
20 185 0 100 0.6 9.42855 10.0285
20 163 0 100 4.6 5.45476 10.0548
25 177 0 100 2.1 8.15458 10.2546
40 182 0 100 1.7 8.94446 10.6445
49 174 0 100 3.2 7.7663 10.9663
16 171 0 100 4.7 6.35085 11.0508
45 178 0 100 2.8 8.32431 11.1243
16 184 0 100 2.1 9.20859 11.3086
47 187 0 100 2.8 9.73216 12.5322
14 188 0 100 2.9 9.78815 12.6882
50 181 0 100 4.1 8.91339 13.0134
36 180 0 100 4.5 8.74168 13.2417
28 183 0 100 4.4 9.04289 13.4429
