57 2265 2.01355
1 2266 2.07002
39 2268 2.1265
60 2270 2.23511
6 2271 2.25997
46 2273 2.2977
43 2275 2.39693
9 2276 2.44628
11 2277 2.4594
26 2278 2.46879
48 2279 2.48607
17 2281 2.51591
30 2282 2.54275
35 2283 2.55942
28 2285 2.5944
55 2286 2.59707
7 2287 2.60188
20 2288 2.6132
12 2290 2.78494
38 2292 2.79376
59 2293 2.8091
54 2294 2.88763
58 2297 3.01116
14 2298 3.02589
23 2300 3.1253
4 2301 3.16532
31 2303 3.2655
53 2304 3.27666
40 2306 3.37567
32 2308 3.40105
29 2311 3.62813
52 2314 3.87169
18 2317 4.01466
49 2318 4.02785
44 2319 4.03544
5 2321 4.10886
41 2322 4.12682
25 2324 4.20797
37 2326 4.32078
50 2328 4.46176
45 2330 4.49171
8 2331 4.53172
34 2332 4.53259
24 2333 4.58885
10 2334 4.58937
2 2336 4.6574
7 2337 4.68518
19 2339 4.69408
6 2340 4.72502
22 2341 4.73065
46 2342 4.75844
27 2344 4.82053
33 2345 4.85232
15 2346 4.87416
3 2348 4.89145
47 2349 4.92912
42 2350 4.93188
51 2351 4.93905
38 2354 5.09072
39 2367 6.37289
11 2369 6.41593
57 2372 6.66155
17 2375 6.84366
47 2377 6.94133
58 2378 6.95785
6 2381 7.1347
4 2382 7.14962
45 2385 7.3033
51 2389 7.63136
36 2390 7.66356
42 2392 7.6956
19 2395 7.93145
15 2399 8.25806
7 2402 8.4365
8 2404 8.52064
26 2405 8.53259
9 2406 8.55784
37 2409 8.75574
52 2410 8.78132
10 2415 9.11595
54 2416 9.18978
14 2419 9.2992
16 2420 9.33382
43 2426 9.8715
5 2427 9.87869
