27 3319 0 100 1.16701e-08 2.56316 2.56316
55 3321 0 100 1.16701e-08 2.65583 2.65583
31 3308 0 100 0.8 2.28231 3.08231
17 3317 0 100 0.6 2.50951 3.10951
76 3326 0 100 0.6 2.7588 3.3588
18 3316 0 100 1 2.48987 3.48987
13 3301 0 100 1.4 2.09885 3.49885
59 3339 0 100 0.3 3.2942 3.5942
4 3357 0 100 1.16701e-08 3.6267 3.6267
83 3347 0 100 0.2 3.44896 3.64896
52 3298 0 100 1.7 2.0122 3.7122
84 3362 0 100 0.1 3.74572 3.84572
49 3350 0 100 0.4 3.4996 3.8996
2 3305 0 100 1.8 2.21633 4.01633
3 3334 0 100 1 3.05196 4.05196
73 3309 0 100 1.8 2.33011 4.13011
66 3378 0 100 0.1 4.14936 4.24936
69 3372 0 100 0.3 3.98402 4.28402
30 3356 0 100 0.8 3.6151 4.4151
90 3312 0 100 2.1 2.44168 4.54168
24 3368 0 100 0.6 3.9499 4.5499
6 3315 0 100 2.2 2.46058 4.66058
44 3329 0 100 1.9 2.83042 4.73042
42 3328 0 100 2 2.82016 4.82016
33 3369 0 100 0.9 3.9581 4.8581
81 3322 0 100 2.2 2.66696 4.86696
19 3360 0 100 1.3 3.73848 5.03848
93 3381 0 100 1 4.17578 5.17578
46 3343 0 100 1.9 3.32773 5.22773
96 3354 0 100 1.8 3.57388 5.37388
57 3408 0 100 0.5 4.91395 5.41395
77 3342 0 100 2.1 3.31553 5.41553
32 3386 0 100 1.1 4.3277 5.4277
67 3299 0 100 3.7 2.0188 5.7188
50 3346 0 100 2.3 3.44743 5.74743
51 3363 0 100 2.1 3.79441 5.89441
92 3358 0 100 2.3 3.63211 5.93211
9 3303 0 100 3.9 2.18678 6.08678
9 3390 0 100 1.8 4.41196 6.21196
21 3341 0 100 2.9 3.31547 6.21547
34 3336 0 100 3.1 3.22842 6.32842
74 3403 0 100 1.7 4.75167 6.45167
79 3351 0 100 3 3.514 6.514
98 3314 0 100 4.1 2.45636 6.55636
63 3353 0 100 3 3.5675 6.5675
23 3307 0 100 4.3 2.27019 6.57019
28 3304 0 100 4.4 2.18714 6.58714
10 3311 0 100 4.2 2.39049 6.59049
94 3332 0 100 3.6 3.00759 6.60759
8 3387 0 100 2.3 4.34302 6.64302
75 3399 0 100 2 4.6458 6.6458
53 3405 0 100 1.8 4.85939 6.65939
14 3396 0 100 2.1 4.6023 6.7023
37 3397 0 100 2.1 4.62228 6.72228
28 3428 0 100 0.7 6.05612 6.75612
39 3375 0 100 2.7 4.0703 6.7703
8 3436 0 100 0.3 6.56769 6.86769
91 3401 0 100 2.2 4.6941 6.8941
39 3445 0 100 1.16701e-08 7.03325 7.03325
45 3324 0 100 4.4 2.73285 7.13285
16 3371 0 100 3.2 3.98097 7.18097
54 3379 0 100 3.1 4.15609 7.25609
70 3385 0 100 3 4.28476 7.28476
70 3456 0 100 1.16701e-08 7.38256 7.38256
47 3395 0 100 2.9 4.60014 7.50014
12 3323 0 100 4.8 2.71472 7.51472
78 3327 0 100 4.7 2.81708 7.51708
99 3411 0 100 2.6 4.95242 7.55242
89 3400 0 100 2.9 4.65961 7.55961
5 3447 0 100 0.6 7.04802 7.64802
5 3348 0 100 4.2 3.44975 7.64975
55 3449 0 100 0.6 7.10865 7.70865
22 3365 0 100 3.9 3.88803 7.78803
27 3426 0 100 1.8 5.98835 7.78835
26 3337 0 100 4.7 3.23313 7.93313
15 3349 0 100 4.5 3.46251 7.96251
71 3355 0 100 4.4 3.58184 7.98184
26 3418 0 100 2.7 5.34404 8.04404
71 3468 0 100 0.1 8.01529 8.11529
1 3370 0 100 4.2 3.96426 8.16426
87 3340 0 100 5 3.29751 8.29751
97 3389 0 100 4 4.34645 8.34645
7 3392 0 100 3.9 4.47745 8.37745
40 3376 0 100 4.3 4.0881 8.3881
48 3406 0 100 3.5 4.90855 8.40855
7 3452 0 100 1.2 7.21133 8.41133
20 3409 0 100 3.5 4.93015 8.43015
61 3380 0 100 4.4 4.17346 8.57346
36 3382 0 100 4.4 4.17879 8.57879
84 3425 0 100 2.6 5.98106 8.58106
43 3407 0 100 3.7 4.91285 8.61285
49 3443 0 100 1.7 6.93451 8.63451
43 3454 0 100 1.3 7.33627 8.63627
61 3439 0 100 1.9 6.73978 8.63978
25 3366 0 100 4.8 3.91227 8.71227
56 3383 0 100 4.5 4.224 8.724
56 3465 0 100 1 7.76671 8.76671
64 3374 0 100 4.7 4.06824 8.76824
83 3476 0 100 0.5 8.29973 8.79973
52 3431 0 100 2.6 6.28191 8.88191
25 3460 0 100 1.4 7.5546 8.9546
69 3433 0 100 2.9 6.36558 9.26558
72 3393 0 100 4.8 4.48431 9.28431
73 3414 0 100 4.2 5.08751 9.28751
66 3458 0 100 2 7.47498 9.47498
69 3479 0 100 1 8.54053 9.54053
33 3448 0 100 2.6 7.07155 9.67155
44 3442 0 100 2.8 6.90903 9.70903
42 3483 0 100 1.3 8.57994 9.87994
68 3412 0 100 4.9 4.99568 9.89568
81 3462 0 100 2.2 7.70202 9.90202
6 3492 0 100 0.9 9.06965 9.96965
19 3490 0 100 1.3 8.99547 10.2955
46 3473 0 100 2.2 8.23976 10.4398
93 3510 0 100 0.8 9.64862 10.4486
41 3475 0 100 2.3 8.29967 10.5997
32 3497 0 100 1.4 9.21418 10.6142
77 3450 0 100 3.5 7.1152 10.6152
57 3507 0 100 1.1 9.59107 10.6911
67 3496 0 100 1.8 9.19292 10.9929
67 3438 0 100 4.3 6.72427 11.0243
51 3481 0 100 2.5 8.56624 11.0662
9 3463 0 100 3.6 7.72017 11.3202
11 3508 0 100 1.8 9.61219 11.4122
21 3489 0 100 2.5 8.98556 11.4856
14 3471 0 100 3.5 8.10339 11.6034
53 3501 0 100 2.2 9.43455 11.6346
37 3505 0 100 2.1 9.53947 11.6395
100 3502 0 100 2.2 9.44255 11.6426
94 3498 0 100 2.5 9.21801 11.718
38 3511 0 100 2.1 9.66326 11.7633
60 3482 0 100 3.2 8.57093 11.7709
95 3493 0 100 2.7 9.1019 11.8019
63 3512 0 100 2.2 9.67535 11.8753
39 3504 0 100 2.7 9.53449 12.2345
78 3470 0 100 4.5 8.10276 12.6028
89 3494 0 100 3.5 9.11603 12.616
48 3487 0 100 4.6 8.84783 13.4478
73 3517 0 100 4.6 9.95126 14.5513
72 3515 0 100 4.7 9.86572 14.5657
