71 874 2.04612
63 875 2.07923
39 876 2.09612
11 877 2.12369
9 878 2.16763
2 879 2.2267
76 880 2.23799
52 881 2.28697
41 882 2.32336
1 883 2.35259
70 884 2.39436
36 885 2.45608
56 886 2.50552
50 887 2.51682
61 888 2.5621
10 889 2.56944
65 890 2.69339
20 891 2.73205
27 892 2.76917
3 893 2.81968
28 894 2.82758
30 895 2.85604
12 896 2.89649
32 897 2.90883
31 898 2.91919
15 899 2.94654
46 900 3.05674
25 901 3.06353
45 902 3.10999
26 903 3.16885
23 904 3.23708
18 905 3.34729
4 906 3.46788
51 907 3.48917
74 908 3.652
48 909 3.66926
60 910 3.74953
44 911 3.79084
62 912 3.8586
57 913 3.90792
47 914 4.00352
80 915 4.07235
67 916 4.12998
75 917 4.26186
22 918 4.31673
17 919 4.34705
42 920 4.38231
38 921 4.40687
58 922 4.40939
59 923 4.42846
64 924 4.44759
37 925 4.46222
35 926 4.493
33 927 4.60402
21 928 4.60791
78 929 4.67676
77 930 4.69689
8 931 4.73227
13 932 4.76633
68 933 4.79852
66 934 4.83031
49 935 4.85011
16 936 4.86558
3 937 5.15793
39 938 5.42001
30 939 5.49195
11 940 5.52559
2 941 5.67973
9 942 6.01224
76 943 6.0504
27 944 6.07166
60 945 6.12145
15 946 6.40418
28 947 6.42721
24 948 6.68463
51 949 6.75623
23 950 6.85386
67 951 6.89739
36 952 6.92884
64 953 7.01304
61 954 7.05718
63 955 7.0767
53 956 7.10921
44 957 7.2651
5 958 7.35379
45 959 7.42874
13 960 7.59959
8 961 7.80365
32 962 7.80851
18 963 7.8146
68 964 7.81912
57 965 7.87211
25 966 7.90673
21 967 7.92783
55 968 8.00979
22 969 8.06235
33 970 8.09083
59 971 8.10885
29 972 8.17876
39 973 8.33999
7 974 8.51156
47 975 8.73001
69 976 8.80935
16 977 8.85847
60 978 9.03766
6 979 9.16678
37 980 9.20043
11 981 9.22817
67 982 9.66906
62 983 9.84305
71 984 9.88732
3 985 9.9349
27 986 9.98141
