18 690
48 690
16 690
45 690
3 691
39 691
11 691
28 691
35 692
26 692
50 692
27 692
41 693
48 694
16 694
54 695
57 695
50 696
26 696
35 696
1 696
45 694
33 690
32 697
43 697
23 697
14 697
42 697
10 698
53 698
17 698
58 699
60 699
46 700
56 701
4 701
6 701
23 702
14 702
38 703
24 703
9 703
20 703
13 703
5 703
51 703
51 704
5 704
20 704
9 704
24 704
39 706
3 706
28 707
39 707
17 708
53 708
9 709
13 709
5 709
20 711
24 711
9 711
13 711
6 712
56 712
2 696
57 713
7 692
1 714
50 714
16 715
33 715
18 715
48 715
4 712
21 712
13 716
9 716
24 716
26 717
27 717
7 717
50 717
35 717
2 717
11 707
25 691
36 706
21 718
4 718
56 718
4 720
52 721
55 721
38 704
43 723
32 723
23 723
20 716
18 724
48 724
33 724
5 711
49 703
51 709
12 698
51 698
60 725
53 726
33 727
48 727
10 708
10 728
24 729
9 729
20 729
13 729
51 729
5 729
49 729
12 729
53 729
17 729
10 729
15 699
25 730
11 730
39 730
36 730
55 731
11 732
25 732
39 732
27 733
50 733
7 733
35 733
26 733
58 725
14 723
35 735
50 735
7 735
27 735
20 736
13 736
51 736
5 736
49 736
12 736
53 736
17 736
19 697
42 702
52 731
29 721
32 738
43 738
23 738
14 738
42 738
31 695
54 713
23 739
32 739
57 737
4 740
59 693
41 722
28 741
25 741
44 689
17 743
49 743
12 743
13 744
9 744
24 744
20 744
5 744
51 744
49 744
17 744
51 745
13 745
9 745
24 745
20 745
5 745
49 745
37 710
39 741
50 746
27 746
35 746
48 747
34 705
39 748
28 748
8 700
46 742
54 750
57 750
27 751
50 751
56 720
6 718
22 701
9 752
20 752
13 752
58 753
21 740
40 712
5 754
20 754
13 754
51 754
16 724
33 747
45 715
18 727
30 734
15 755
21 756
2 733
26 735
2 735
7 746
26 746
2 746
1 717
35 751
57 757
20 758
9 758
13 758
51 758
18 759
48 759
33 759
45 759
35 760
28 761
33 762
45 762
48 762
23 763
59 764
47 719
51 765
20 765
13 765
55 766
52 766
11 741
39 761
11 761
14 767
25 748
11 768
52 769
3 730
36 732
3 732
38 749
9 765
24 752
5 758
49 754
4 770
22 770
56 770
22 771
56 771
50 772
26 772
7 772
35 772
17 745
53 743
12 744
10 736
58 755
60 753
32 763
43 739
42 767
19 738
55 769
29 766
54 757
31 750
41 764
44 773
6 770
4 771
6 771
40 756
16 759
18 762
27 772
