44 689 2.00575
18 690 2.08296
3 691 2.08548
35 692 2.11741
41 693 2.12393
48 694 2.1558
54 695 2.28916
50 696 2.36281
32 697 2.54764
10 698 2.58339
58 699 2.62039
46 700 2.62561
56 701 2.67312
23 702 2.71084
38 703 2.75351
51 704 2.75868
34 705 2.78582
39 706 2.85114
28 707 2.87176
17 708 2.92789
9 709 2.954
37 710 3.02308
20 711 3.03634
6 712 3.0446
57 713 3.13286
1 714 3.39456
16 715 3.54539
13 716 3.65455
26 717 3.70341
21 718 3.86489
47 719 3.92486
4 720 4.00566
52 721 4.14279
41 722 4.18224
43 723 4.28424
18 724 4.39901
60 725 4.52377
53 726 4.58124
33 727 4.6324
10 728 4.79417
24 729 4.80711
25 730 4.86242
55 731 4.86763
11 732 4.88701
27 733 4.90563
30 734 4.90743
35 735 5.42901
20 736 5.44202
57 737 5.58298
32 738 5.95793
23 739 6.06625
4 740 6.06805
28 741 6.43615
46 742 6.45208
17 743 6.58501
13 744 6.59282
51 745 6.67794
50 746 6.7896
48 747 6.83742
39 748 6.89004
38 749 7.01115
54 750 7.06223
27 751 7.12492
9 752 7.35567
58 753 7.36482
5 754 7.55868
15 755 7.61295
21 756 8.23682
57 757 8.4328
20 758 8.45561
18 759 8.52548
35 760 8.52982
28 761 8.53719
33 762 8.60378
23 763 8.64966
59 764 8.73755
51 765 8.841
55 766 8.96411
14 767 9.08089
11 768 9.09167
52 769 9.12541
4 770 9.76444
22 771 9.77791
50 772 9.79316
44 773 9.89131
