34 0.8 0.048 0.752
26 0.8 0.048 0.752
34 0.752 0.048 0.704
34 0.704 0.16 0.544
26 0.752 0.16 0.592
26 0.592 0.016 0.576
34 0.544 0.016 0.528
26 0.576 0.048 0.528
34 0.528 0.048 0.48
10 0.8 0.048 0.752
7 0.8 0.048 0.752
35 0.8 0.048 0.752
7 0.752 0.048 0.704
7 0.704 0.16 0.544
35 0.752 0.16 0.592
35 0.592 0.016 0.576
7 0.544 0.016 0.528
35 0.576 0.048 0.528
6 0.8 0.048 0.752
7 0.528 0.048 0.48
17 0.8 0.048 0.752
35 0.528 0.096 0.432
35 0.432 0.16 0.272
6 0.752 0.16 0.592
6 0.592 0.016 0.576
35 0.272 0.016 0.256
6 0.576 0.048 0.528
4 0.8 0.048 0.752
17 0.752 0.048 0.704
35 0.256 0.048 0.208
6 0.528 0.096 0.432
6 0.432 0.16 0.272
7 0.48 0.16 0.32
17 0.704 0.16 0.544
17 0.544 0.016 0.528
35 0.208 0.016 0.192
17 0.528 0.048 0.48
4 0.752 0.048 0.704
6 0.272 0.048 0.224
35 0.192 0.048 0.144
17 0.48 0.048 0.432
17 0.432 0.16 0.272
17 0.272 0.16 0.112
4 0.704 0.16 0.544
4 0.544 0.016 0.528
17 0.112 0.016 0.096
4 0.528 0.048 0.48
6 0.224 0.048 0.176
17 0.096 0.048 0.048
39 0.8 0.048 0.752
4 0.48 0.048 0.432
4 0.432 0.16 0.272
6 0.176 0.16 0.016
35 0.144 0.16 -0.016
6 0.016 0.16 -0.144
17 0.048 0.16 -0.112
39 0.752 0.16 0.592
39 0.592 0.016 0.576
4 0.272 0.016 0.256
39 0.576 0.048 0.528
4 0.256 0.048 0.208
15 0.8 0.048 0.752
31 0.8 0.048 0.752
40 0.8 0.048 0.752
39 0.528 0.144 0.384
39 0.384 0.16 0.224
4 0.208 0.16 0.048
15 0.752 0.16 0.592
15 0.592 0.016 0.576
39 0.224 0.016 0.208
15 0.576 0.048 0.528
31 0.752 0.048 0.704
39 0.208 0.048 0.16
40 0.752 0.048 0.704
15 0.528 0.096 0.432
15 0.432 0.16 0.272
31 0.704 0.16 0.544
31 0.544 0.016 0.528
39 0.16 0.016 0.144
31 0.528 0.048 0.48
15 0.272 0.048 0.224
39 0.144 0.048 0.096
40 0.704 0.048 0.656
31 0.48 0.048 0.432
31 0.432 0.16 0.272
40 0.656 0.16 0.496
31 0.272 0.16 0.112
15 0.224 0.16 0.064
39 0.096 0.16 -0.064
40 0.496 0.16 0.336
13 0.8 0.048 0.752
5 0.8 0.048 0.752
11 0.8 0.048 0.752
23 0.8 0.048 0.752
29 0.8 0.048 0.752
13 0.752 0.192 0.56
13 0.56 0.16 0.4
5 0.752 0.16 0.592
5 0.592 0.016 0.576
13 0.4 0.016 0.384
5 0.576 0.048 0.528
13 0.384 0.048 0.336
14 0.8 0.048 0.752
29 0.752 0.048 0.704
5 0.528 0.096 0.432
5 0.432 0.16 0.272
11 0.752 0.16 0.592
11 0.592 0.016 0.576
13 0.336 0.016 0.32
11 0.576 0.048 0.528
13 0.32 0.048 0.272
23 0.752 0.048 0.704
29 0.704 0.048 0.656
11 0.528 0.096 0.432
11 0.432 0.16 0.272
23 0.704 0.16 0.544
23 0.544 0.016 0.528
13 0.272 0.016 0.256
23 0.528 0.048 0.48
11 0.272 0.048 0.224
13 0.256 0.048 0.208
29 0.656 0.16 0.496
14 0.752 0.16 0.592
14 0.592 0.016 0.576
5 0.272 0.016 0.256
14 0.576 0.048 0.528
5 0.256 0.048 0.208
13 0.208 0.16 0.048
23 0.48 0.16 0.32
29 0.496 0.16 0.336
19 0.8 0.048 0.752
2 0.8 0.048 0.752
20 0.8 0.048 0.752
27 0.8 0.048 0.752
36 0.8 0.048 0.752
19 0.752 0.192 0.56
19 0.56 0.16 0.4
2 0.752 0.16 0.592
2 0.592 0.016 0.576
19 0.4 0.016 0.384
2 0.576 0.048 0.528
19 0.384 0.048 0.336
20 0.752 0.048 0.704
27 0.752 0.048 0.704
36 0.752 0.048 0.704
2 0.528 0.144 0.384
2 0.384 0.16 0.224
20 0.704 0.16 0.544
20 0.544 0.016 0.528
19 0.336 0.016 0.32
20 0.528 0.048 0.48
2 0.224 0.048 0.176
19 0.32 0.048 0.272
27 0.704 0.048 0.656
36 0.704 0.048 0.656
20 0.48 0.096 0.384
20 0.384 0.16 0.224
27 0.656 0.16 0.496
36 0.656 0.16 0.496
20 0.224 0.16 0.064
2 0.176 0.16 0.016
19 0.272 0.16 0.112
27 0.496 0.16 0.336
36 0.496 0.16 0.336
1 0.8 0.048 0.752
40 0.566649 0.048 0.518649
15 0.285201 0.048 0.237201
31 0.346028 0.048 0.298028
39 0.228823 0.048 0.180823
26 0.8 0.048 0.752
34 0.8 0.048 0.752
10 0.8 0.048 0.752
25 0.8 0.048 0.752
23 0.705385 0.048 0.657385
23 0.657385 0.048 0.609385
11 0.604713 0.048 0.556713
13 0.42196 0.048 0.37396
25 0.752 0.048 0.704
14 0.8 0.048 0.752
5 0.578358 0.048 0.530358
1 0.8 0.048 0.752
4 0.5625 0.048 0.5145
6 0.529702 0.048 0.481702
17 0.521489 0.048 0.473489
39 0.410462 0.048 0.362462
5 0.673714 0.048 0.625714
13 0.531471 0.048 0.483471
14 0.8 0.048 0.752
29 0.8 0.048 0.752
5 0.625714 0.048 0.577714
5 0.577714 0.16 0.417714
13 0.483471 0.16 0.323471
14 0.752 0.16 0.592
29 0.752 0.16 0.592
29 0.592 0.016 0.576
5 0.417714 0.016 0.401714
29 0.576 0.048 0.528
5 0.401714 0.048 0.353714
11 0.630933 0.048 0.582933
13 0.323471 0.048 0.275471
22 0.8 0.048 0.752
18 0.8 0.048 0.752
22 0.752 0.048 0.704
22 0.704 0.16 0.544
18 0.752 0.16 0.592
18 0.592 0.016 0.576
22 0.544 0.016 0.528
18 0.576 0.048 0.528
22 0.528 0.048 0.48
17 0.553433 0.048 0.505433
4 0.588324 0.048 0.540324
6 0.552307 0.048 0.504307
35 0.605697 0.048 0.557697
17 0.505433 0.048 0.457433
17 0.457433 0.16 0.297433
4 0.540324 0.16 0.380324
6 0.504307 0.16 0.344307
35 0.557697 0.16 0.397697
40 0.8 0.048 0.752
4 0.380324 0.048 0.332324
15 0.608669 0.048 0.560669
31 0.663519 0.048 0.615519
39 0.51879 0.048 0.47079
16 0.8 0.048 0.752
12 0.8 0.048 0.752
30 0.8 0.048 0.752
33 0.8 0.048 0.752
16 0.752 0.144 0.608
16 0.608 0.16 0.448
12 0.752 0.16 0.592
12 0.592 0.016 0.576
16 0.448 0.016 0.432
12 0.576 0.048 0.528
16 0.432 0.048 0.384
30 0.752 0.048 0.704
12 0.528 0.048 0.48
12 0.48 0.16 0.32
30 0.704 0.16 0.544
30 0.544 0.016 0.528
16 0.384 0.016 0.368
30 0.528 0.048 0.48
12 0.32 0.048 0.272
16 0.368 0.048 0.32
33 0.752 0.16 0.592
33 0.592 0.016 0.576
16 0.32 0.016 0.304
33 0.576 0.048 0.528
16 0.304 0.048 0.256
16 0.256 0.16 0.096
30 0.48 0.16 0.32
26 0.8 0.048 0.752
34 0.8 0.048 0.752
10 0.8 0.048 0.752
25 0.8 0.048 0.752
23 0.8 0.048 0.752
11 0.8 0.048 0.752
13 0.497048 0.048 0.449048
29 0.754795 0.048 0.706795
14 0.8 0.048 0.752
5 0.58113 0.048 0.53313
1 0.8 0.048 0.752
36 0.8 0.048 0.752
2 0.8 0.048 0.752
19 0.8 0.048 0.752
20 0.8 0.048 0.752
27 0.8 0.048 0.752
36 0.752 0.096 0.656
36 0.656 0.16 0.496
2 0.752 0.16 0.592
19 0.752 0.16 0.592
19 0.592 0.016 0.576
36 0.496 0.016 0.48
19 0.576 0.048 0.528
2 0.592 0.048 0.544
20 0.752 0.048 0.704
27 0.752 0.048 0.704
36 0.48 0.048 0.432
19 0.528 0.048 0.48
19 0.48 0.16 0.32
20 0.704 0.16 0.544
27 0.704 0.16 0.544
27 0.544 0.016 0.528
36 0.432 0.016 0.416
27 0.528 0.048 0.48
2 0.544 0.048 0.496
19 0.32 0.048 0.272
20 0.544 0.048 0.496
36 0.416 0.048 0.368
2 0.496 0.16 0.336
20 0.496 0.16 0.336
27 0.48 0.16 0.32
36 0.368 0.16 0.208
4 0.6328 0.048 0.5848
6 0.650761 0.048 0.602761
17 0.601281 0.048 0.553281
39 0.694743 0.048 0.646743
40 0.8 0.048 0.752
4 0.5848 0.048 0.5368
4 0.5368 0.16 0.3768
6 0.602761 0.16 0.442761
17 0.553281 0.16 0.393281
39 0.646743 0.16 0.486743
40 0.752 0.16 0.592
29 0.8 0.048 0.752
5 0.678503 0.048 0.630503
11 0.8 0.048 0.752
13 0.603113 0.048 0.555113
23 0.8 0.048 0.752
29 0.752 0.048 0.704
29 0.704 0.16 0.544
5 0.630503 0.16 0.470503
11 0.752 0.16 0.592
13 0.555113 0.16 0.395113
23 0.752 0.16 0.592
18 0.8 0.048 0.752
22 0.8 0.048 0.752
40 0.662846 0.048 0.614846
4 0.448737 0.048 0.400737
15 0.8 0.048 0.752
31 0.8 0.048 0.752
39 0.63531 0.048 0.58731
40 0.614846 0.048 0.566846
40 0.566846 0.16 0.406846
4 0.400737 0.16 0.240737
15 0.752 0.16 0.592
31 0.752 0.16 0.592
39 0.58731 0.16 0.42731
30 0.702123 0.048 0.654123
12 0.651838 0.048 0.603838
16 0.47079 0.048 0.42279
33 0.8 0.048 0.752
16 0.42279 0.048 0.37479
26 0.8 0.048 0.752
34 0.8 0.048 0.752
10 0.8 0.048 0.752
25 0.8 0.048 0.752
23 0.8 0.048 0.752
23 0.752 0.048 0.704
11 0.8 0.048 0.752
13 0.612531 0.048 0.564531
25 0.752 0.048 0.704
14 0.8 0.048 0.752
5 0.695121 0.048 0.647121
9 0.8 0.048 0.752
24 0.8 0.048 0.752
32 0.8 0.048 0.752
9 0.752 0.096 0.656
9 0.656 0.16 0.496
24 0.752 0.16 0.592
24 0.592 0.016 0.576
9 0.496 0.016 0.48
24 0.576 0.048 0.528
9 0.48 0.048 0.432
32 0.752 0.16 0.592
32 0.592 0.016 0.576
9 0.432 0.016 0.416
32 0.576 0.048 0.528
9 0.416 0.048 0.368
28 0.8 0.048 0.752
32 0.528 0.048 0.48
32 0.48 0.16 0.32
9 0.368 0.16 0.208
28 0.752 0.16 0.592
28 0.592 0.016 0.576
32 0.32 0.016 0.304
28 0.576 0.048 0.528
32 0.304 0.048 0.256
39 0.646746 0.048 0.598746
4 0.535413 0.048 0.487413
15 0.8 0.048 0.752
31 0.8 0.048 0.752
40 0.636458 0.048 0.588458
1 0.8 0.048 0.752
27 0.692912 0.048 0.644912
2 0.705698 0.048 0.657698
19 0.649605 0.048 0.601605
20 0.707263 0.048 0.659263
36 0.586533 0.048 0.538533
35 0.8 0.048 0.752
6 0.8 0.048 0.752
7 0.8 0.048 0.752
17 0.76088 0.048 0.71288
35 0.752 0.048 0.704
35 0.704 0.16 0.544
6 0.752 0.16 0.592
7 0.752 0.16 0.592
7 0.592 0.016 0.576
35 0.544 0.016 0.528
7 0.576 0.048 0.528
35 0.528 0.048 0.48
17 0.71288 0.16 0.55288
18 0.8 0.048 0.752
22 0.8 0.048 0.752
30 0.8 0.048 0.752
12 0.8 0.048 0.752
16 0.762405 0.048 0.714405
33 0.8 0.048 0.752
16 0.714405 0.048 0.666405
26 0.8 0.048 0.752
34 0.8 0.048 0.752
10 0.8 0.048 0.752
25 0.8 0.048 0.752
23 0.8 0.048 0.752
11 0.8 0.048 0.752
13 0.8 0.048 0.752
29 0.8 0.048 0.752
14 0.8 0.048 0.752
5 0.8 0.048 0.752
24 0.8 0.048 0.752
9 0.596978 0.048 0.548978
28 0.8 0.048 0.752
32 0.628777 0.048 0.580777
39 0.8 0.048 0.752
4 0.8 0.048 0.752
15 0.8 0.048 0.752
31 0.8 0.048 0.752
40 0.8 0.048 0.752
1 0.8 0.048 0.752
27 0.8 0.048 0.752
2 0.8 0.048 0.752
19 0.8 0.048 0.752
20 0.8 0.048 0.752
36 0.8 0.048 0.752
7 0.8 0.048 0.752
35 0.8 0.048 0.752
18 0.8 0.048 0.752
22 0.8 0.048 0.752
3 0.8 0.048 0.752
38 0.8 0.048 0.752
3 0.752 0.048 0.704
3 0.704 0.16 0.544
38 0.752 0.16 0.592
38 0.592 0.016 0.576
3 0.544 0.016 0.528
38 0.576 0.048 0.528
3 0.528 0.048 0.48
30 0.8 0.048 0.752
12 0.8 0.048 0.752
16 0.8 0.048 0.752
33 0.8 0.048 0.752
16 0.752 0.048 0.704
33 0.752 0.048 0.704
33 0.704 0.16 0.544
33 0.544 0.016 0.528
16 0.704 0.16 0.544
26 0.8 0.048 0.752
34 0.8 0.048 0.752
10 0.8 0.048 0.752
25 0.8 0.048 0.752
23 0.8 0.048 0.752
11 0.8 0.048 0.752
13 0.8 0.048 0.752
29 0.8 0.048 0.752
14 0.8 0.048 0.752
5 0.8 0.048 0.752
24 0.8 0.048 0.752
9 0.8 0.048 0.752
28 0.8 0.048 0.752
32 0.8 0.048 0.752
39 0.8 0.048 0.752
15 0.8 0.048 0.752
31 0.8 0.048 0.752
40 0.8 0.048 0.752
1 0.8 0.048 0.752
27 0.8 0.048 0.752
2 0.8 0.048 0.752
19 0.8 0.048 0.752
20 0.8 0.048 0.752
36 0.8 0.048 0.752
7 0.8 0.048 0.752
35 0.8 0.048 0.752
18 0.8 0.048 0.752
22 0.8 0.048 0.752
38 0.8 0.048 0.752
3 0.8 0.048 0.752
30 0.8 0.048 0.752
12 0.8 0.048 0.752
26 0.8 0.048 0.752
34 0.8 0.048 0.752
10 0.8 0.048 0.752
25 0.8 0.048 0.752
23 0.8 0.048 0.752
23 0.752 0.048 0.704
11 0.8 0.048 0.752
13 0.8 0.048 0.752
25 0.752 0.048 0.704
14 0.8 0.048 0.752
5 0.8 0.048 0.752
24 0.8 0.048 0.752
9 0.8 0.048 0.752
28 0.8 0.048 0.752
32 0.8 0.048 0.752
39 0.8 0.048 0.752
15 0.8 0.048 0.752
31 0.8 0.048 0.752
40 0.8 0.048 0.752
1 0.8 0.048 0.752
27 0.8 0.048 0.752
2 0.8 0.048 0.752
19 0.8 0.048 0.752
20 0.8 0.048 0.752
36 0.8 0.048 0.752
13 0.8 0.048 0.752
5 0.8 0.048 0.752
11 0.8 0.048 0.752
23 0.781412 0.048 0.733412
29 0.8 0.048 0.752
13 0.752 0.048 0.704
13 0.704 0.16 0.544
5 0.752 0.16 0.592
5 0.592 0.016 0.576
13 0.544 0.016 0.528
5 0.576 0.048 0.528
13 0.528 0.048 0.48
14 0.8 0.048 0.752
29 0.752 0.048 0.704
11 0.752 0.16 0.592
23 0.733412 0.16 0.573412
29 0.704 0.16 0.544
7 0.8 0.048 0.752
6 0.8 0.048 0.752
35 0.8 0.048 0.752
37 0.8 0.048 0.752
18 0.8 0.048 0.752
22 0.8 0.048 0.752
32 0.8 0.048 0.752
9 0.8 0.048 0.752
28 0.8 0.048 0.752
32 0.752 0.048 0.704
32 0.704 0.16 0.544
9 0.752 0.16 0.592
9 0.592 0.016 0.576
32 0.544 0.016 0.528
9 0.576 0.048 0.528
24 0.8 0.048 0.752
32 0.528 0.048 0.48
28 0.752 0.16 0.592
34 0.8 0.048 0.752
26 0.8 0.048 0.752
38 0.8 0.048 0.752
3 0.8 0.048 0.752
30 0.8 0.048 0.752
12 0.8 0.048 0.752
26 0.8 0.048 0.752
34 0.8 0.048 0.752
10 0.8 0.048 0.752
33 0.8 0.048 0.752
16 0.8 0.048 0.752
33 0.752 0.048 0.704
33 0.704 0.16 0.544
16 0.752 0.16 0.592
16 0.592 0.016 0.576
33 0.544 0.016 0.528
16 0.576 0.048 0.528
12 0.8 0.048 0.752
30 0.8 0.048 0.752
33 0.528 0.048 0.48
8 0.8 0.048 0.752
21 0.8 0.048 0.752
25 0.8 0.048 0.752
23 0.8 0.048 0.752
23 0.752 0.048 0.704
11 0.8 0.048 0.752
13 0.780449 0.048 0.732449
25 0.752 0.048 0.704
29 0.8 0.048 0.752
14 0.8 0.048 0.752
5 0.8 0.048 0.752
14 0.752 0.048 0.704
14 0.704 0.16 0.544
14 0.544 0.016 0.528
5 0.752 0.16 0.592
24 0.8 0.048 0.752
9 0.8 0.048 0.752
28 0.8 0.048 0.752
32 0.695546 0.048 0.647546
39 0.8 0.048 0.752
15 0.8 0.048 0.752
31 0.8 0.048 0.752
40 0.8 0.048 0.752
1 0.8 0.048 0.752
27 0.8 0.048 0.752
2 0.8 0.048 0.752
19 0.8 0.048 0.752
20 0.8 0.048 0.752
36 0.8 0.048 0.752
5 0.662932 0.048 0.614932
11 0.8 0.048 0.752
13 0.8 0.048 0.752
14 0.603636 0.048 0.555636
29 0.8 0.048 0.752
5 0.614932 0.096 0.518932
5 0.518932 0.16 0.358932
5 0.358932 0.016 0.342932
11 0.752 0.16 0.592
13 0.752 0.16 0.592
14 0.555636 0.16 0.395636
29 0.752 0.16 0.592
7 0.8 0.048 0.752
6 0.8 0.048 0.752
35 0.8 0.048 0.752
37 0.8 0.048 0.752
18 0.8 0.048 0.752
22 0.8 0.048 0.752
9 0.8 0.048 0.752
24 0.8 0.048 0.752
32 0.8 0.048 0.752
34 0.8 0.048 0.752
26 0.8 0.048 0.752
38 0.8 0.048 0.752
3 0.8 0.048 0.752
30 0.8 0.048 0.752
12 0.8 0.048 0.752
16 0.8 0.048 0.752
26 0.8 0.048 0.752
34 0.8 0.048 0.752
10 0.8 0.048 0.752
16 0.752 0.048 0.704
12 0.8 0.048 0.752
30 0.8 0.048 0.752
33 0.8 0.048 0.752
5 0.561451 0.048 0.513451
11 0.8 0.048 0.752
13 0.8 0.048 0.752
14 0.608551 0.048 0.560551
29 0.8 0.048 0.752
5 0.513451 0.096 0.417451
5 0.417451 0.16 0.257451
11 0.752 0.16 0.592
13 0.752 0.16 0.592
13 0.592 0.016 0.576
5 0.257451 0.016 0.241451
13 0.576 0.048 0.528
5 0.241451 0.048 0.193451
11 0.592 0.048 0.544
23 0.8 0.048 0.752
29 0.752 0.048 0.704
14 0.560551 0.16 0.400551
29 0.704 0.16 0.544
8 0.8 0.048 0.752
21 0.8 0.048 0.752
25 0.8 0.048 0.752
23 0.8 0.048 0.752
23 0.752 0.048 0.704
11 0.619317 0.048 0.571317
13 0.607165 0.048 0.559165
25 0.752 0.048 0.704
24 0.8 0.048 0.752
9 0.8 0.048 0.752
28 0.8 0.048 0.752
32 0.8 0.048 0.752
39 0.8 0.048 0.752
15 0.8 0.048 0.752
31 0.8 0.048 0.752
40 0.8 0.048 0.752
1 0.8 0.048 0.752
27 0.8 0.048 0.752
2 0.8 0.048 0.752
19 0.8 0.048 0.752
20 0.8 0.048 0.752
36 0.8 0.048 0.752
7 0.8 0.048 0.752
6 0.8 0.048 0.752
35 0.8 0.048 0.752
37 0.8 0.048 0.752
37 0.752 0.048 0.704
37 0.704 0.16 0.544
37 0.544 0.016 0.528
18 0.8 0.048 0.752
22 0.8 0.048 0.752
9 0.8 0.048 0.752
24 0.8 0.048 0.752
32 0.8 0.048 0.752
34 0.8 0.048 0.752
26 0.8 0.048 0.752
38 0.8 0.048 0.752
3 0.8 0.048 0.752
30 0.8 0.048 0.752
12 0.8 0.048 0.752
16 0.8 0.048 0.752
26 0.8 0.048 0.752
34 0.8 0.048 0.752
10 0.8 0.048 0.752
16 0.752 0.048 0.704
12 0.8 0.048 0.752
30 0.8 0.048 0.752
33 0.8 0.048 0.752
13 0.8 0.048 0.752
5 0.568524 0.048 0.520524
11 0.8 0.048 0.752
23 0.8 0.048 0.752
29 0.8 0.048 0.752
8 0.8 0.048 0.752
21 0.8 0.048 0.752
25 0.8 0.048 0.752
23 0.8 0.048 0.752
23 0.752 0.048 0.704
11 0.8 0.048 0.752
13 0.8 0.048 0.752
25 0.752 0.048 0.704
29 0.8 0.048 0.752
24 0.8 0.048 0.752
9 0.8 0.048 0.752
28 0.8 0.048 0.752
32 0.8 0.048 0.752
39 0.8 0.048 0.752
15 0.8 0.048 0.752
31 0.8 0.048 0.752
40 0.8 0.048 0.752
39 0.752 0.048 0.704
39 0.704 0.16 0.544
39 0.544 0.016 0.528
15 0.752 0.16 0.592
31 0.752 0.16 0.592
40 0.752 0.16 0.592
1 0.8 0.048 0.752
27 0.8 0.048 0.752
2 0.8 0.048 0.752
19 0.8 0.048 0.752
20 0.8 0.048 0.752
36 0.8 0.048 0.752
7 0.8 0.048 0.752
6 0.8 0.048 0.752
35 0.8 0.048 0.752
18 0.8 0.048 0.752
22 0.8 0.048 0.752
38 0.8 0.048 0.752
9 0.8 0.048 0.752
24 0.8 0.048 0.752
34 0.8 0.048 0.752
26 0.8 0.048 0.752
38 0.8 0.048 0.752
3 0.8 0.048 0.752
18 0.8 0.048 0.752
30 0.8 0.048 0.752
12 0.8 0.048 0.752
16 0.8 0.048 0.752
26 0.8 0.048 0.752
34 0.8 0.048 0.752
10 0.8 0.048 0.752
16 0.752 0.048 0.704
12 0.8 0.048 0.752
30 0.8 0.048 0.752
33 0.8 0.048 0.752
13 0.8 0.048 0.752
5 0.8 0.048 0.752
11 0.8 0.048 0.752
23 0.8 0.048 0.752
29 0.8 0.048 0.752
8 0.8 0.048 0.752
21 0.8 0.048 0.752
25 0.8 0.048 0.752
23 0.8 0.048 0.752
23 0.752 0.048 0.704
11 0.8 0.048 0.752
13 0.8 0.048 0.752
25 0.752 0.048 0.704
24 0.8 0.048 0.752
9 0.8 0.048 0.752
28 0.8 0.048 0.752
32 0.8 0.048 0.752
1 0.8 0.048 0.752
27 0.8 0.048 0.752
2 0.8 0.048 0.752
19 0.8 0.048 0.752
20 0.8 0.048 0.752
36 0.8 0.048 0.752
36 0.752 0.048 0.704
2 0.752 0.048 0.704
19 0.752 0.048 0.704
20 0.752 0.048 0.704
27 0.752 0.048 0.704
7 0.8 0.048 0.752
6 0.8 0.048 0.752
35 0.8 0.048 0.752
18 0.8 0.048 0.752
22 0.8 0.048 0.752
38 0.8 0.048 0.752
9 0.8 0.048 0.752
24 0.8 0.048 0.752
32 0.8 0.048 0.752
34 0.8 0.048 0.752
26 0.8 0.048 0.752
38 0.8 0.048 0.752
3 0.8 0.048 0.752
18 0.8 0.048 0.752
30 0.8 0.048 0.752
12 0.8 0.048 0.752
16 0.8 0.048 0.752
26 0.8 0.048 0.752
34 0.8 0.048 0.752
10 0.8 0.048 0.752
16 0.752 0.048 0.704
12 0.8 0.048 0.752
30 0.8 0.048 0.752
33 0.8 0.048 0.752
13 0.8 0.048 0.752
5 0.8 0.048 0.752
11 0.8 0.048 0.752
23 0.8 0.048 0.752
29 0.8 0.048 0.752
8 0.8 0.048 0.752
21 0.8 0.048 0.752
25 0.8 0.048 0.752
23 0.8 0.048 0.752
23 0.752 0.048 0.704
11 0.8 0.048 0.752
13 0.8 0.048 0.752
25 0.752 0.048 0.704
22 0.8 0.048 0.752
18 0.8 0.048 0.752
38 0.8 0.048 0.752
24 0.8 0.048 0.752
9 0.8 0.048 0.752
24 0.752 0.048 0.704
24 0.704 0.16 0.544
28 0.8 0.048 0.752
32 0.8 0.048 0.752
24 0.544 0.016 0.528
9 0.752 0.16 0.592
1 0.8 0.048 0.752
27 0.8 0.048 0.752
2 0.8 0.048 0.752
19 0.8 0.048 0.752
20 0.8 0.048 0.752
36 0.8 0.048 0.752
36 0.752 0.048 0.704
2 0.752 0.048 0.704
19 0.752 0.048 0.704
20 0.752 0.048 0.704
27 0.752 0.048 0.704
7 0.8 0.048 0.752
6 0.8 0.048 0.752
35 0.8 0.048 0.752
18 0.8 0.048 0.752
22 0.8 0.048 0.752
38 0.8 0.048 0.752
9 0.669705 0.048 0.621705
24 0.671956 0.048 0.623956
9 0.621705 0.048 0.573705
9 0.573705 0.16 0.413705
24 0.623956 0.16 0.463956
34 0.8 0.048 0.752
26 0.8 0.048 0.752
33 0.8 0.048 0.752
16 0.8 0.048 0.752
38 0.8 0.048 0.752
3 0.8 0.048 0.752
18 0.8 0.048 0.752
22 0.8 0.048 0.752
30 0.8 0.048 0.752
12 0.8 0.048 0.752
16 0.8 0.048 0.752
26 0.8 0.048 0.752
34 0.8 0.048 0.752
10 0.8 0.048 0.752
16 0.752 0.048 0.704
12 0.8 0.048 0.752
30 0.8 0.048 0.752
33 0.8 0.048 0.752
13 0.8 0.048 0.752
5 0.8 0.048 0.752
11 0.8 0.048 0.752
23 0.8 0.048 0.752
29 0.8 0.048 0.752
8 0.8 0.048 0.752
21 0.8 0.048 0.752
25 0.8 0.048 0.752
23 0.8 0.048 0.752
23 0.752 0.048 0.704
11 0.8 0.048 0.752
13 0.8 0.048 0.752
25 0.752 0.048 0.704
22 0.8 0.048 0.752
18 0.8 0.048 0.752
38 0.8 0.048 0.752
28 0.8 0.048 0.752
32 0.8 0.048 0.752
1 0.8 0.048 0.752
35 0.8 0.048 0.752
4 0.8 0.048 0.752
6 0.8 0.048 0.752
7 0.8 0.048 0.752
17 0.8 0.048 0.752
27 0.8 0.048 0.752
2 0.8 0.048 0.752
19 0.8 0.048 0.752
20 0.8 0.048 0.752
36 0.8 0.048 0.752
36 0.752 0.048 0.704
2 0.752 0.048 0.704
19 0.752 0.048 0.704
20 0.752 0.048 0.704
27 0.752 0.048 0.704
31 0.8 0.048 0.752
7 0.8 0.048 0.752
6 0.8 0.048 0.752
35 0.8 0.048 0.752
18 0.8 0.048 0.752
22 0.8 0.048 0.752
38 0.8 0.048 0.752
34 0.8 0.048 0.752
26 0.8 0.048 0.752
33 0.8 0.048 0.752
12 0.8 0.048 0.752
16 0.8 0.048 0.752
38 0.8 0.048 0.752
18 0.8 0.048 0.752
22 0.8 0.048 0.752
30 0.8 0.048 0.752
12 0.752 0.048 0.704
16 0.8 0.048 0.752
26 0.8 0.048 0.752
34 0.8 0.048 0.752
10 0.8 0.048 0.752
16 0.752 0.048 0.704
12 0.781216 0.048 0.733216
30 0.8 0.048 0.752
33 0.8 0.048 0.752
13 0.8 0.048 0.752
5 0.8 0.048 0.752
11 0.8 0.048 0.752
23 0.8 0.048 0.752
29 0.8 0.048 0.752
8 0.8 0.048 0.752
21 0.8 0.048 0.752
25 0.8 0.048 0.752
23 0.8 0.048 0.752
3 0.8 0.048 0.752
23 0.752 0.048 0.704
11 0.8 0.048 0.752
13 0.8 0.048 0.752
25 0.752 0.048 0.704
22 0.8 0.048 0.752
18 0.8 0.048 0.752
38 0.8 0.048 0.752
28 0.8 0.048 0.752
32 0.8 0.048 0.752
1 0.8 0.048 0.752
35 0.8 0.048 0.752
4 0.8 0.048 0.752
6 0.8 0.048 0.752
7 0.8 0.048 0.752
17 0.8 0.048 0.752
27 0.8 0.048 0.752
2 0.8 0.048 0.752
19 0.8 0.048 0.752
20 0.8 0.048 0.752
36 0.8 0.048 0.752
36 0.752 0.048 0.704
2 0.752 0.048 0.704
19 0.752 0.048 0.704
20 0.752 0.048 0.704
27 0.752 0.048 0.704
7 0.8 0.048 0.752
6 0.8 0.048 0.752
35 0.8 0.048 0.752
18 0.8 0.048 0.752
22 0.8 0.048 0.752
38 0.8 0.048 0.752
34 0.8 0.048 0.752
26 0.8 0.048 0.752
33 0.8 0.048 0.752
12 0.8 0.048 0.752
16 0.8 0.048 0.752
30 0.8 0.048 0.752
38 0.8 0.048 0.752
3 0.8 0.048 0.752
18 0.8 0.048 0.752
22 0.8 0.048 0.752
38 0.752 0.048 0.704
38 0.704 0.16 0.544
38 0.544 0.016 0.528
3 0.752 0.16 0.592
18 0.752 0.16 0.592
22 0.752 0.16 0.592
30 0.8 0.048 0.752
12 0.752 0.048 0.704
16 0.8 0.048 0.752
33 0.8 0.048 0.752
26 0.8 0.048 0.752
34 0.8 0.048 0.752
10 0.8 0.048 0.752
16 0.752 0.048 0.704
12 0.779 0.048 0.731
30 0.8 0.048 0.752
33 0.752 0.048 0.704
13 0.8 0.048 0.752
5 0.8 0.048 0.752
11 0.8 0.048 0.752
23 0.8 0.048 0.752
29 0.8 0.048 0.752
8 0.8 0.048 0.752
21 0.8 0.048 0.752
25 0.8 0.048 0.752
11 0.752 0.048 0.704
23 0.8 0.048 0.752
3 0.734198 0.048 0.686198
38 0.601689 0.048 0.553689
3 0.686198 0.048 0.638198
3 0.638198 0.16 0.478198
38 0.553689 0.16 0.393689
23 0.752 0.048 0.704
11 0.779541 0.048 0.731541
13 0.8 0.048 0.752
25 0.752 0.048 0.704
22 0.667273 0.048 0.619273
18 0.736276 0.048 0.688276
38 0.393689 0.048 0.345689
28 0.8 0.048 0.752
32 0.8 0.048 0.752
1 0.8 0.048 0.752
1 0.752 0.048 0.704
1 0.704 0.16 0.544
1 0.544 0.016 0.528
35 0.8 0.048 0.752
4 0.8 0.048 0.752
6 0.8 0.048 0.752
7 0.8 0.048 0.752
17 0.8 0.048 0.752
27 0.8 0.048 0.752
2 0.8 0.048 0.752
19 0.8 0.048 0.752
20 0.8 0.048 0.752
36 0.8 0.048 0.752
36 0.752 0.048 0.704
2 0.752 0.048 0.704
19 0.752 0.048 0.704
20 0.752 0.048 0.704
27 0.752 0.048 0.704
7 0.8 0.048 0.752
6 0.8 0.048 0.752
35 0.8 0.048 0.752
32 0.8 0.048 0.752
28 0.8 0.048 0.752
18 0.8 0.048 0.752
22 0.770584 0.048 0.722584
38 0.493396 0.048 0.445396
34 0.8 0.048 0.752
26 0.8 0.048 0.752
33 0.8 0.048 0.752
16 0.8 0.048 0.752
14 0.8 0.048 0.752
5 0.8 0.048 0.752
14 0.752 0.048 0.704
14 0.704 0.16 0.544
5 0.752 0.16 0.592
5 0.592 0.016 0.576
14 0.544 0.016 0.528
5 0.576 0.048 0.528
13 0.8 0.048 0.752
14 0.528 0.048 0.48
29 0.8 0.048 0.752
30 0.8 0.048 0.752
12 0.8 0.048 0.752
16 0.8 0.048 0.752
26 0.8 0.048 0.752
34 0.8 0.048 0.752
10 0.8 0.048 0.752
10 0.752 0.048 0.704
10 0.704 0.16 0.544
10 0.544 0.016 0.528
16 0.752 0.048 0.704
12 0.8 0.048 0.752
30 0.8 0.048 0.752
33 0.8 0.048 0.752
13 0.8 0.048 0.752
5 0.598551 0.048 0.550551
11 0.8 0.048 0.752
23 0.8 0.048 0.752
29 0.8 0.048 0.752
8 0.8 0.048 0.752
21 0.8 0.048 0.752
25 0.8 0.048 0.752
23 0.8 0.048 0.752
23 0.752 0.048 0.704
11 0.8 0.048 0.752
25 0.752 0.048 0.704
22 0.8 0.048 0.752
18 0.8 0.048 0.752
38 0.670899 0.048 0.622899
22 0.752 0.048 0.704
22 0.704 0.16 0.544
18 0.752 0.16 0.592
38 0.622899 0.16 0.462899
28 0.8 0.048 0.752
32 0.8 0.048 0.752
35 0.8 0.048 0.752
4 0.8 0.048 0.752
6 0.8 0.048 0.752
7 0.8 0.048 0.752
17 0.8 0.048 0.752
27 0.8 0.048 0.752
2 0.8 0.048 0.752
19 0.8 0.048 0.752
20 0.8 0.048 0.752
36 0.8 0.048 0.752
36 0.752 0.048 0.704
2 0.752 0.048 0.704
19 0.752 0.048 0.704
20 0.752 0.048 0.704
27 0.752 0.048 0.704
7 0.8 0.048 0.752
6 0.8 0.048 0.752
35 0.8 0.048 0.752
32 0.8 0.048 0.752
28 0.8 0.048 0.752
18 0.736963 0.048 0.688963
22 0.697276 0.048 0.649276
38 0.614225 0.048 0.566225
18 0.688963 0.048 0.640963
18 0.640963 0.16 0.480963
22 0.649276 0.16 0.489276
38 0.566225 0.16 0.406225
34 0.8 0.048 0.752
26 0.8 0.048 0.752
33 0.8 0.048 0.752
16 0.8 0.048 0.752
30 0.8 0.048 0.752
33 0.752 0.048 0.704
33 0.704 0.16 0.544
33 0.544 0.016 0.528
16 0.752 0.16 0.592
30 0.752 0.16 0.592
5 0.8 0.048 0.752
13 0.8 0.048 0.752
14 0.8 0.048 0.752
29 0.8 0.048 0.752
30 0.665574 0.048 0.617574
12 0.8 0.048 0.752
16 0.670381 0.048 0.622381
30 0.617574 0.048 0.569574
30 0.569574 0.16 0.409574
12 0.752 0.16 0.592
16 0.622381 0.16 0.462381
26 0.8 0.048 0.752
34 0.8 0.048 0.752
16 0.462381 0.048 0.414381
12 0.670186 0.048 0.622186
30 0.482455 0.048 0.434455
33 0.602622 0.048 0.554622
13 0.8 0.048 0.752
5 0.8 0.048 0.752
11 0.8 0.048 0.752
29 0.8 0.048 0.752
8 0.8 0.048 0.752
21 0.8 0.048 0.752
25 0.8 0.048 0.752
23 0.8 0.048 0.752
23 0.752 0.048 0.704
11 0.8 0.048 0.752
25 0.752 0.048 0.704
28 0.8 0.048 0.752
32 0.8 0.048 0.752
35 0.8 0.048 0.752
6 0.8 0.048 0.752
7 0.8 0.048 0.752
17 0.8 0.048 0.752
27 0.8 0.048 0.752
2 0.8 0.048 0.752
19 0.8 0.048 0.752
20 0.8 0.048 0.752
36 0.8 0.048 0.752
36 0.752 0.048 0.704
2 0.752 0.048 0.704
19 0.752 0.048 0.704
20 0.752 0.048 0.704
27 0.752 0.048 0.704
7 0.8 0.048 0.752
6 0.8 0.048 0.752
35 0.8 0.048 0.752
32 0.8 0.048 0.752
28 0.8 0.048 0.752
34 0.8 0.048 0.752
26 0.8 0.048 0.752
34 0.752 0.048 0.704
34 0.704 0.16 0.544
34 0.544 0.016 0.528
26 0.752 0.16 0.592
5 0.8 0.048 0.752
13 0.8 0.048 0.752
14 0.8 0.048 0.752
29 0.8 0.048 0.752
26 0.734194 0.048 0.686194
34 0.607118 0.048 0.559118
26 0.686194 0.048 0.638194
26 0.638194 0.16 0.478194
26 0.478194 0.016 0.462194
34 0.559118 0.16 0.399118
16 0.795568 0.048 0.747568
12 0.8 0.048 0.752
30 0.8 0.048 0.752
33 0.8 0.048 0.752
16 0.747568 0.048 0.699568
16 0.699568 0.16 0.539568
12 0.752 0.16 0.592
30 0.752 0.16 0.592
30 0.592 0.016 0.576
16 0.539568 0.016 0.523568
30 0.576 0.048 0.528
12 0.592 0.048 0.544
16 0.523568 0.048 0.475568
33 0.752 0.048 0.704
33 0.704 0.16 0.544
13 0.8 0.048 0.752
5 0.8 0.048 0.752
11 0.8 0.048 0.752
29 0.8 0.048 0.752
8 0.8 0.048 0.752
21 0.8 0.048 0.752
25 0.8 0.048 0.752
23 0.8 0.048 0.752
25 0.752 0.048 0.704
25 0.704 0.16 0.544
25 0.544 0.016 0.528
23 0.752 0.16 0.592
23 0.592 0.048 0.544
11 0.8 0.048 0.752
25 0.528 0.048 0.48
23 0.544 0.048 0.496
23 0.496 0.16 0.336
11 0.752 0.16 0.592
25 0.48 0.16 0.32
39 0.8 0.048 0.752
15 0.8 0.048 0.752
31 0.8 0.048 0.752
40 0.8 0.048 0.752
28 0.8 0.048 0.752
32 0.8 0.048 0.752
35 0.8 0.048 0.752
6 0.8 0.048 0.752
7 0.8 0.048 0.752
17 0.8 0.048 0.752
27 0.8 0.048 0.752
2 0.8 0.048 0.752
19 0.8 0.048 0.752
20 0.8 0.048 0.752
36 0.8 0.048 0.752
36 0.752 0.048 0.704
2 0.752 0.048 0.704
19 0.752 0.048 0.704
20 0.752 0.048 0.704
27 0.752 0.048 0.704
7 0.8 0.048 0.752
6 0.8 0.048 0.752
35 0.8 0.048 0.752
37 0.8 0.048 0.752
32 0.8 0.048 0.752
28 0.8 0.048 0.752
5 0.8 0.048 0.752
13 0.8 0.048 0.752
14 0.8 0.048 0.752
29 0.8 0.048 0.752
5 0.752 0.048 0.704
5 0.704 0.16 0.544
5 0.544 0.016 0.528
13 0.752 0.16 0.592
14 0.752 0.16 0.592
29 0.752 0.16 0.592
30 0.8 0.048 0.752
12 0.8 0.048 0.752
16 0.8 0.048 0.752
33 0.8 0.048 0.752
13 0.6701 0.048 0.6221
5 0.604429 0.048 0.556429
11 0.8 0.048 0.752
29 0.668684 0.048 0.620684
8 0.8 0.048 0.752
21 0.8 0.048 0.752
21 0.752 0.048 0.704
21 0.704 0.16 0.544
21 0.544 0.016 0.528
39 0.8 0.048 0.752
4 0.8 0.048 0.752
15 0.8 0.048 0.752
31 0.8 0.048 0.752
40 0.8 0.048 0.752
28 0.8 0.048 0.752
32 0.8 0.048 0.752
35 0.8 0.048 0.752
6 0.8 0.048 0.752
7 0.8 0.048 0.752
27 0.8 0.048 0.752
2 0.8 0.048 0.752
19 0.8 0.048 0.752
20 0.8 0.048 0.752
36 0.8 0.048 0.752
36 0.752 0.048 0.704
2 0.752 0.048 0.704
19 0.752 0.048 0.704
20 0.752 0.048 0.704
27 0.752 0.048 0.704
7 0.8 0.048 0.752
6 0.8 0.048 0.752
35 0.8 0.048 0.752
37 0.8 0.048 0.752
32 0.8 0.048 0.752
28 0.8 0.048 0.752
30 0.8 0.048 0.752
12 0.8 0.048 0.752
16 0.8 0.048 0.752
33 0.8 0.048 0.752
13 0.8 0.048 0.752
5 0.8 0.048 0.752
11 0.8 0.048 0.752
29 0.8 0.048 0.752
8 0.8 0.048 0.752
39 0.8 0.048 0.752
4 0.8 0.048 0.752
15 0.8 0.048 0.752
31 0.8 0.048 0.752
40 0.8 0.048 0.752
28 0.8 0.048 0.752
32 0.8 0.048 0.752
35 0.8 0.048 0.752
6 0.8 0.048 0.752
7 0.8 0.048 0.752
27 0.8 0.048 0.752
2 0.8 0.048 0.752
19 0.8 0.048 0.752
20 0.8 0.048 0.752
36 0.8 0.048 0.752
36 0.752 0.048 0.704
2 0.752 0.048 0.704
19 0.752 0.048 0.704
20 0.752 0.048 0.704
27 0.752 0.048 0.704
7 0.8 0.048 0.752
6 0.8 0.048 0.752
35 0.8 0.048 0.752
7 0.752 0.048 0.704
7 0.704 0.16 0.544
7 0.544 0.016 0.528
6 0.752 0.16 0.592
35 0.752 0.16 0.592
37 0.8 0.048 0.752
32 0.8 0.048 0.752
28 0.8 0.048 0.752
30 0.8 0.048 0.752
12 0.8 0.048 0.752
16 0.8 0.048 0.752
33 0.8 0.048 0.752
13 0.8 0.048 0.752
5 0.8 0.048 0.752
11 0.8 0.048 0.752
29 0.8 0.048 0.752
8 0.8 0.048 0.752
39 0.8 0.048 0.752
15 0.8 0.048 0.752
40 0.8 0.048 0.752
39 0.752 0.048 0.704
39 0.704 0.16 0.544
39 0.544 0.016 0.528
15 0.752 0.16 0.592
40 0.752 0.16 0.592
28 0.8 0.048 0.752
32 0.8 0.048 0.752
35 0.8 0.048 0.752
6 0.8 0.048 0.752
7 0.8 0.048 0.752
35 0.752 0.048 0.704
35 0.704 0.16 0.544
6 0.752 0.16 0.592
7 0.752 0.16 0.592
7 0.592 0.016 0.576
35 0.544 0.016 0.528
7 0.576 0.048 0.528
6 0.592 0.048 0.544
35 0.528 0.048 0.48
27 0.8 0.048 0.752
2 0.8 0.048 0.752
19 0.8 0.048 0.752
20 0.8 0.048 0.752
36 0.8 0.048 0.752
36 0.752 0.048 0.704
2 0.752 0.048 0.704
19 0.752 0.048 0.704
20 0.752 0.048 0.704
27 0.752 0.048 0.704
31 0.8 0.048 0.752
36 0.704 0.048 0.656
36 0.656 0.16 0.496
36 0.496 0.016 0.48
2 0.704 0.16 0.544
19 0.704 0.16 0.544
20 0.704 0.16 0.544
27 0.704 0.16 0.544
31 0.752 0.16 0.592
37 0.8 0.048 0.752
32 0.8 0.048 0.752
28 0.8 0.048 0.752
30 0.8 0.048 0.752
12 0.8 0.048 0.752
16 0.8 0.048 0.752
33 0.8 0.048 0.752
13 0.8 0.048 0.752
5 0.8 0.048 0.752
11 0.8 0.048 0.752
29 0.8 0.048 0.752
8 0.8 0.048 0.752
28 0.8 0.048 0.752
32 0.8 0.048 0.752
28 0.752 0.048 0.704
28 0.704 0.16 0.544
32 0.752 0.16 0.592
7 0.8 0.048 0.752
6 0.8 0.048 0.752
35 0.8 0.048 0.752
27 0.8 0.048 0.752
2 0.8 0.048 0.752
19 0.8 0.048 0.752
20 0.8 0.048 0.752
36 0.8 0.048 0.752
37 0.8 0.048 0.752
32 0.665418 0.048 0.617418
28 0.694247 0.048 0.646247
32 0.617418 0.048 0.569418
32 0.569418 0.16 0.409418
28 0.646247 0.16 0.486247
30 0.8 0.048 0.752
12 0.8 0.048 0.752
16 0.8 0.048 0.752
33 0.8 0.048 0.752
13 0.8 0.048 0.752
5 0.8 0.048 0.752
11 0.8 0.048 0.752
29 0.8 0.048 0.752
8 0.8 0.048 0.752
7 0.8 0.048 0.752
6 0.8 0.048 0.752
35 0.8 0.048 0.752
27 0.8 0.048 0.752
2 0.8 0.048 0.752
19 0.8 0.048 0.752
20 0.8 0.048 0.752
36 0.8 0.048 0.752
37 0.8 0.048 0.752
30 0.8 0.048 0.752
12 0.8 0.048 0.752
16 0.8 0.048 0.752
33 0.8 0.048 0.752
13 0.8 0.048 0.752
5 0.8 0.048 0.752
11 0.8 0.048 0.752
23 0.8 0.048 0.752
29 0.8 0.048 0.752
13 0.752 0.048 0.704
13 0.704 0.16 0.544
5 0.752 0.16 0.592
11 0.752 0.16 0.592
23 0.752 0.16 0.592
23 0.592 0.016 0.576
13 0.544 0.016 0.528
23 0.576 0.048 0.528
11 0.592 0.048 0.544
13 0.528 0.048 0.48
25 0.8 0.048 0.752
23 0.528 0.048 0.48
23 0.48 0.16 0.32
29 0.752 0.16 0.592
11 0.544 0.16 0.384
13 0.48 0.16 0.32
25 0.752 0.16 0.592
25 0.592 0.016 0.576
23 0.32 0.016 0.304
25 0.576 0.048 0.528
23 0.304 0.048 0.256
8 0.8 0.048 0.752
7 0.8 0.048 0.752
6 0.8 0.048 0.752
35 0.8 0.048 0.752
27 0.8 0.048 0.752
2 0.8 0.048 0.752
19 0.8 0.048 0.752
20 0.8 0.048 0.752
36 0.8 0.048 0.752
37 0.8 0.048 0.752
30 0.8 0.048 0.752
12 0.8 0.048 0.752
16 0.8 0.048 0.752
33 0.8 0.048 0.752
25 0.8 0.048 0.752
23 0.62931 0.048 0.58131
8 0.8 0.048 0.752
7 0.8 0.048 0.752
6 0.8 0.048 0.752
35 0.8 0.048 0.752
27 0.8 0.048 0.752
2 0.8 0.048 0.752
19 0.8 0.048 0.752
20 0.8 0.048 0.752
36 0.8 0.048 0.752
37 0.8 0.048 0.752
30 0.8 0.048 0.752
12 0.8 0.048 0.752
16 0.8 0.048 0.752
33 0.8 0.048 0.752
25 0.8 0.048 0.752
23 0.8 0.048 0.752
8 0.8 0.048 0.752
7 0.8 0.048 0.752
6 0.8 0.048 0.752
35 0.8 0.048 0.752
27 0.8 0.048 0.752
2 0.8 0.048 0.752
19 0.8 0.048 0.752
20 0.8 0.048 0.752
36 0.8 0.048 0.752
37 0.8 0.048 0.752
30 0.8 0.048 0.752
12 0.8 0.048 0.752
16 0.8 0.048 0.752
33 0.8 0.048 0.752
25 0.8 0.048 0.752
23 0.8 0.048 0.752
8 0.8 0.048 0.752
7 0.8 0.048 0.752
6 0.8 0.048 0.752
35 0.8 0.048 0.752
27 0.8 0.048 0.752
2 0.8 0.048 0.752
19 0.8 0.048 0.752
20 0.8 0.048 0.752
36 0.8 0.048 0.752
37 0.8 0.048 0.752
30 0.8 0.048 0.752
12 0.8 0.048 0.752
16 0.8 0.048 0.752
33 0.8 0.048 0.752
25 0.8 0.048 0.752
23 0.8 0.048 0.752
8 0.8 0.048 0.752
7 0.8 0.048 0.752
6 0.8 0.048 0.752
35 0.8 0.048 0.752
27 0.8 0.048 0.752
2 0.8 0.048 0.752
19 0.8 0.048 0.752
20 0.8 0.048 0.752
36 0.8 0.048 0.752
37 0.8 0.048 0.752
