30 367
51 367
63 367
80 367
57 367
63 367
97 367
52 367
97 367
76 370
83 370
84 370
92 370
16 370
38 370
53 370
59 370
76 370
83 370
16 370
26 370
38 370
54 370
82 370
20 370
95 370
43 371
79 371
87 371
43 371
81 371
18 371
79 371
85 371
87 371
22 371
46 371
69 371
77 371
81 371
73 372
96 372
32 372
74 372
96 372
6 374
13 374
34 374
36 374
89 374
93 374
99 374
13 374
36 374
89 374
91 374
93 374
60 374
70 374
94 375
98 375
11 379
64 379
22 380
37 380
46 380
67 380
81 380
27 377
43 377
58 377
68 377
87 377
14 385
21 385
26 385
45 385
53 385
54 385
59 385
21 385
26 385
53 385
59 385
21 385
24 385
26 385
44 385
53 385
59 385
84 385
41 392
65 392
90 393
37 410
43 410
67 410
69 410
77 410
16 390
21 390
38 390
59 390
76 390
83 390
