39 212 0 100 1 2.10526 3.10526
69 203 0 100 2 1.4574 3.4574
46 223 0 100 0.5 3.48046 3.98046
32 205 0 100 3 1.65696 4.65696
50 227 0 100 0.5 4.28243 4.78243
35 208 0 100 3 1.83301 4.83301
32 235 0 100 1.16701e-08 4.92785 4.92785
17 215 0 100 3.5 2.54555 6.04555
64 234 0 100 1.5 4.74075 6.24075
65 218 0 100 4 2.73549 6.73549
63 237 0 100 1.5 5.43988 6.93988
40 199 0 100 6 1.11813 7.11813
26 210 0 100 5.5 1.89872 7.39872
33 216 0 100 5 2.69836 7.69836
42 198 0 100 7 1.00724 8.00724
62 204 0 100 6.5 1.63388 8.13388
39 246 0 100 0.5 7.84219 8.34219
9 226 0 100 5 4.21663 9.21663
60 239 0 100 4 5.51708 9.51708
60 221 0 100 6.5 3.06067 9.56067
50 242 0 100 3.5 6.60131 10.1013
2 217 0 100 8 2.71794 10.7179
45 207 0 100 9 1.78388 10.7839
59 219 0 100 8 2.78905 10.7891
41 201 0 100 10 1.27544 11.2754
17 247 0 100 3 8.37527 11.3753
64 248 0 100 3 8.50086 11.5009
40 250 0 100 2 9.96254 11.9625
40 236 0 100 7 5.1933 12.1933
65 243 0 100 5 7.31055 12.3106
63 220 0 100 9.5 2.94416 12.4442
58 249 0 100 4 8.83114 12.8311
39 233 0 100 9 4.68437 13.6844
4 241 0 100 7.5 6.39141 13.8914
9 245 0 100 7 7.51161 14.5116
