31 2969 1.02293
78 2970 1.03001
63 2971 1.05715
39 2972 1.07619
33 2974 1.09022
56 2975 1.11811
89 2976 1.17245
69 2978 1.21806
8 2980 1.33825
94 2982 1.39507
37 2983 1.39964
43 2985 1.50356
85 2986 1.51384
74 2987 1.57792
9 2989 1.59173
99 2990 1.63186
21 2991 1.67274
10 2993 1.74212
65 2994 1.74775
87 2996 1.80797
57 2998 1.92473
3 2999 1.96111
90 3001 2.04452
49 3002 2.0561
60 3003 2.07143
22 3006 2.21186
7 3007 2.22069
93 3008 2.26974
42 3010 2.30804
61 3011 2.30813
19 3012 2.31047
24 3013 2.31813
13 3014 2.37163
91 3016 2.45931
52 3018 2.52067
77 3019 2.57841
18 3021 2.58839
40 3022 2.61085
12 3023 2.61883
32 3024 2.67935
51 3026 2.68779
38 3027 2.72218
26 3029 2.78818
5 3030 2.84838
2 3031 2.87718
41 3032 2.88158
25 3034 2.89424
71 3035 2.98171
29 3038 3.09535
47 3039 3.10902
80 3041 3.21524
82 3043 3.33679
72 3044 3.34204
36 3045 3.36031
31 3046 3.36668
14 3048 3.4068
1 3049 3.42901
28 3050 3.43129
86 3051 3.46164
96 3052 3.47049
16 3054 3.53606
94 3056 3.61644
84 3058 3.72978
53 3060 3.80751
63 3062 3.92333
4 3063 3.93671
15 3064 3.95089
39 3065 3.96571
11 3068 4.11611
62 3069 4.13873
34 3071 4.18598
64 3073 4.35642
88 3075 4.40695
44 3076 4.47153
3 3078 4.49471
97 3079 4.51475
6 3081 4.64907
27 3082 4.66948
23 3083 4.67354
83 3084 4.67858
30 3085 4.68044
13 3087 4.69001
40 3088 4.69023
68 3089 4.76418
100 3091 4.7834
76 3092 4.7995
58 3093 4.82588
35 3094 4.85287
46 3096 4.88846
45 3097 4.89617
17 3098 4.95636
42 3100 4.9938
87 3101 5.03671
57 3104 5.26459
9 3109 5.58851
18 3110 5.61974
24 3113 5.84622
22 3114 5.87062
4 3119 6.23795
93 3122 6.44035
49 3123 6.46271
65 3124 6.4792
80 3130 6.92109
59 3131 6.96137
44 3135 7.19424
42 3139 7.48586
11 3140 7.58298
25 3142 7.60044
9 3144 7.74696
100 3145 7.74891
41 3147 7.82872
28 3150 8.07861
62 3152 8.12089
53 3154 8.19613
32 3158 8.49475
87 3162 8.7979
47 3163 8.85968
65 3167 9.18201
8 3170 9.32831
76 3172 9.45732
79 3177 9.83678
