40 2451 1.10092
61 2452 1.12058
71 2454 1.15883
50 2455 1.18176
46 2456 1.1826
15 2457 1.19202
32 2458 1.198
69 2460 1.26828
58 2462 1.36884
49 2464 1.47315
44 2465 1.48729
39 2466 1.50956
67 2467 1.52047
60 2469 1.5463
75 2471 1.71918
14 2473 1.74782
70 2475 1.85175
26 2476 1.85271
30 2479 2.07146
5 2480 2.08947
2 2481 2.10737
55 2483 2.16171
28 2484 2.23201
21 2486 2.29663
74 2489 2.43656
80 2490 2.45785
38 2491 2.50894
47 2493 2.56147
48 2494 2.62846
16 2496 2.68845
34 2498 2.81641
66 2499 2.827
36 2502 2.93511
56 2504 3.06265
51 2505 3.07565
6 2506 3.09366
62 2507 3.11794
35 2508 3.13214
54 2510 3.22338
33 2512 3.30327
52 2513 3.30604
69 2515 3.33342
24 2516 3.36803
53 2520 3.63628
41 2521 3.67608
8 2522 3.68069
19 2523 3.6968
37 2525 3.73405
22 2526 3.76373
23 2527 3.78158
59 2528 3.79285
57 2529 3.81753
3 2530 3.8215
13 2532 3.9222
78 2534 3.9582
64 2536 4.04351
77 2537 4.11849
46 2538 4.12275
45 2540 4.2039
20 2542 4.25926
12 2544 4.40022
31 2546 4.49933
9 2548 4.53343
11 2549 4.54713
43 2552 4.77578
72 2553 4.82504
65 2555 4.91466
4 2557 4.99238
55 2562 5.42838
56 2564 5.47255
26 2567 5.65443
49 2568 5.702
37 2570 5.7349
71 2571 5.73559
67 2573 5.85515
58 2574 5.87327
75 2577 6.03496
36 2580 6.272
5 2583 6.43598
28 2584 6.4442
29 2588 6.75596
66 2590 6.87208
51 2592 6.97906
13 2594 7.03265
70 2596 7.21352
34 2598 7.2358
69 2599 7.26622
74 2600 7.32276
15 2602 7.42515
21 2604 7.46355
64 2607 7.64383
6 2608 7.71513
40 2610 7.75009
47 2611 7.7945
42 2613 7.92339
77 2615 7.97886
22 2616 8.01565
43 2618 8.06654
80 2619 8.08599
62 2623 8.37067
25 2627 8.69788
49 2629 8.7363
39 2632 8.99721
1 2635 9.16941
54 2636 9.17676
55 2642 9.69766
60 2643 9.72093
