9 1990 0 100 1.16701e-08 1.17648 1.17648
53 2006 0 100 0.5 1.93552 2.43552
50 2017 0 100 0.5 2.21076 2.71076
47 2027 0 100 0.5 2.48194 2.98194
32 2009 0 100 1 1.99726 2.99726
15 1994 0 100 2.5 1.29853 3.79853
38 2059 0 100 1.16701e-08 4.09944 4.09944
1 1988 0 100 3 1.1069 4.1069
58 2031 0 100 2 2.63187 4.63187
16 2060 0 100 0.5 4.15034 4.65034
56 1998 0 100 4 1.53811 5.53811
8 2041 0 100 2.5 3.1764 5.6764
56 2084 0 100 0.5 5.37851 5.87851
20 2011 0 100 4 2.01393 6.01393
48 2014 0 100 4 2.1039 6.1039
44 2044 0 100 3 3.29804 6.29804
54 2076 0 100 1.5 4.87855 6.37855
17 2002 0 100 5 1.71799 6.71799
19 2033 0 100 4 2.72552 6.72552
23 2075 0 100 2 4.81715 6.81715
40 2020 0 100 5 2.35033 7.35033
24 2052 0 100 4 3.71354 7.71354
4 2064 0 100 3.5 4.32485 7.82485
32 2110 0 100 1 7.00393 8.00393
49 1989 0 100 7.5 1.138 8.638
7 2026 0 100 6.5 2.46265 8.96265
26 2029 0 100 6.5 2.56893 9.06893
15 2095 0 100 3 6.10773 9.10773
46 2000 0 100 7.5 1.63244 9.13244
1 2134 0 100 0.5 8.72994 9.22994
16 2107 0 100 3 6.79699 9.79699
3 2021 0 100 8 2.38524 10.3852
12 2007 0 100 8.5 1.9569 10.4569
56 2139 0 100 2 9.01669 11.0167
9 2065 0 100 7 4.36893 11.3689
36 2024 0 100 9 2.44272 11.4427
2 2099 0 100 5.5 6.4563 11.9563
53 2063 0 100 8.5 4.30791 12.8079
47 2094 0 100 7.5 6.10115 13.6011
60 2069 0 100 9.5 4.52777 14.0278
38 2100 0 100 8 6.47741 14.4774
