18 551
25 551
14 552
38 553
40 553
21 554
24 554
45 551
47 555
49 555
50 555
37 556
33 556
43 556
46 556
13 556
12 557
48 557
11 558
16 558
8 560
42 561
21 561
29 562
9 563
41 559
10 565
33 566
2 567
1 569
28 569
7 569
49 570
19 571
38 571
35 559
30 573
44 574
36 574
42 574
22 564
26 565
34 575
3 576
46 576
4 568
41 568
25 578
5 579
7 580
32 582
15 584
26 585
43 572
19 572
8 587
20 573
30 588
19 590
14 564
22 596
3 572
3 602
47 570
49 589
6 586
27 560
8 598
20 600
11 593
36 584
44 582
15 595
32 599
31 567
2 591
37 577
43 590
19 602
36 595
34 603
23 575
7 604
26 605
17 581
39 583
25 597
