45 124
8 124
12 124
23 124
36 124
39 124
47 124
7 125
24 125
24 126
38 127
6 127
19 127
35 127
43 127
49 127
2 127
33 127
3 127
47 128
45 128
25 129
27 130
18 130
26 131
16 131
31 132
4 132
28 132
48 133
9 124
1 134
20 134
32 135
4 136
18 137
2 138
41 140
22 140
36 128
5 124
49 142
40 133
50 130
9 143
47 143
45 143
36 143
27 137
50 137
37 134
44 140
44 144
41 144
37 145
30 127
33 138
30 138
38 142
42 127
47 149
45 149
48 151
2 152
13 125
7 126
13 126
24 150
7 150
13 150
17 125
33 152
26 125
21 131
26 155
34 129
25 153
34 153
18 156
27 156
4 148
31 136
46 132
10 139
45 157
49 159
2 159
38 159
29 141
44 160
15 146
13 161
7 161
11 135
32 154
11 154
9 149
9 162
47 157
9 157
36 149
5 143
17 163
31 164
40 151
50 156
1 145
34 166
37 158
1 158
48 167
41 160
14 147
38 168
47 169
45 169
36 169
30 152
33 159
30 159
49 168
2 168
33 168
30 168
42 159
24 161
26 163
21 155
25 166
4 164
46 165
9 169
5 169
40 167
