88 345 0 100 1.16701e-08 2.64671 2.64671
87 348 0 100 1.16701e-08 2.89414 2.89414
86 334 0 100 0.9 2.05647 2.95647
50 350 0 100 1.16701e-08 3.04052 3.04052
12 341 0 100 0.9 2.41662 3.31662
78 353 0 100 2.33402e-08 3.63624 3.63624
67 355 0 100 1.16701e-08 3.64487 3.64487
73 357 0 100 1.16701e-08 3.83356 3.83356
80 339 0 100 1.7 2.32642 4.02642
56 335 0 100 2.2 2.09619 4.29619
24 347 0 100 1.6 2.85294 4.45294
21 338 0 100 2.3 2.18187 4.48187
21 362 0 100 1.16701e-08 4.81594 4.81594
30 352 0 100 1.3 3.59279 4.89279
79 343 0 100 2.4 2.50858 4.90858
74 337 0 100 3.1 2.18088 5.28088
57 351 0 100 1.8 3.52372 5.32372
51 336 0 100 3.5 2.14924 5.64924
83 349 0 100 2.7 3.0149 5.7149
76 354 0 100 2.2 3.64259 5.84259
46 360 0 100 1.5 4.42003 5.92003
51 363 0 100 1.3 4.84832 6.14832
16 346 0 100 3.4 2.83017 6.23017
31 333 0 100 4.3 2.03893 6.33893
83 371 0 100 7.00206e-08 6.37894 6.37894
1 340 0 100 4.3 2.3812 6.6812
5 365 0 100 1.4 5.62021 7.02021
5 342 0 100 4.6 2.46599 7.06599
14 344 0 100 4.9 2.59121 7.49121
88 366 0 100 2.2 5.77847 7.97847
88 382 0 100 2.33402e-08 8.07843 8.07843
85 356 0 100 4.4 3.79731 8.19731
50 369 0 100 2.2 6.07104 8.27104
89 361 0 100 4 4.61134 8.61134
89 381 0 100 0.6 8.06248 8.66248
58 359 0 100 4.4 4.40091 8.80091
78 379 0 100 1.2 7.88535 9.08535
59 372 0 100 2.9 6.42289 9.32289
59 358 0 100 5 4.32845 9.32845
56 370 0 100 3.2 6.27261 9.47261
24 368 0 100 3.8 6.01264 9.81264
61 364 0 100 5.1 4.87536 9.97536
30 378 0 100 2.6 7.44183 10.0418
30 387 0 100 0.2 9.86856 10.0686
79 367 0 100 4.4 5.90572 10.3057
74 386 0 100 0.7 9.80811 10.5081
54 388 0 100 0.7 9.91812 10.6181
57 375 0 100 3.9 6.83585 10.7359
16 373 0 100 4.3 6.70698 11.007
31 374 0 100 4.3 6.76111 11.0611
46 380 0 100 3.2 7.94128 11.1413
4 376 0 100 4.2 6.94488 11.1449
51 384 0 100 2.3 9.09776 11.3978
68 383 0 100 2.9 8.78589 11.6859
1 377 0 100 4.9 6.9876 11.8876
84 385 0 100 2.9 9.40047 12.3005
