0 1240
0 1241
0 1242
0 1243
0 1244
0 1245
0 1246
5 1252
9 1252
0 1253
0 1254
0 1255
0 1257
0 1267
7 1264
0 1269
3 1268
0 1270
0 1271
0 1273
1 1260
0 1274
0 1278
0 1280
0 1281
6 1266
0 1304
0 1306
0 1307
10 1259
0 1308
0 1309
8 1256
0 1311
0 1312
0 1317
9 1279
0 1318
5 1305
0 1320
0 1321
0 1327
7 1295
0 1328
0 1329
3 1310
0 1330
0 1331
0 1332
4 1283
1 1319
0 1333
0 1334
0 1338
2 1286
0 1339
0 1360
0 1361
0 1362
0 1363
0 1364
0 1365
0 1366
9 1341
0 1372
0 1373
0 1374
0 1375
0 1381
0 1382
0 1383
0 1384
0 1385
0 1386
0 1387
0 1388
0 1391
0 1392
