2 749
54 749
38 750
4 750
31 751
58 751
67 751
33 752
11 752
70 752
57 752
8 752
18 753
64 753
28 753
42 753
45 754
12 754
21 754
13 755
20 755
32 755
25 755
56 755
61 756
9 756
48 756
8 757
70 757
57 757
44 757
33 757
67 758
58 758
57 759
8 759
70 759
44 759
22 760
34 760
27 760
10 760
68 760
29 760
24 760
65 760
52 752
53 752
66 752
23 761
9 761
61 761
62 761
49 761
27 762
34 762
17 754
62 763
61 763
9 763
48 763
16 764
30 764
69 764
30 765
9 766
61 766
62 766
49 767
62 767
61 767
9 767
46 764
69 768
16 768
46 768
53 769
66 769
15 769
37 769
52 770
8 770
44 770
70 770
65 772
3 772
19 772
41 772
7 750
5 773
38 773
4 773
54 774
60 775
4 776
64 777
18 777
42 777
50 778
37 779
15 779
66 779
42 780
64 780
66 781
15 781
68 782
10 782
27 782
44 783
70 783
52 783
41 784
65 784
19 784
3 784
29 784
68 784
14 771
7 785
4 785
38 785
15 786
70 787
21 788
12 788
45 788
12 789
45 789
23 763
18 780
35 753
28 777
48 767
29 790
46 791
16 791
55 752
66 786
69 791
26 778
58 792
3 793
19 793
65 793
19 794
65 794
3 794
32 795
56 795
25 795
20 795
25 796
20 796
56 796
18 797
64 797
28 797
42 797
56 798
25 798
1 749
10 799
2 774
1 774
68 790
2 800
29 794
40 775
16 802
69 802
32 796
39 755
20 798
13 795
43 756
69 803
50 804
38 805
7 805
23 767
49 763
47 761
51 766
44 806
63 751
31 758
67 792
63 792
31 807
60 809
19 811
65 811
6 769
37 781
15 752
55 786
37 786
61 813
23 813
9 813
66 808
55 808
37 808
53 779
13 814
32 814
39 814
25 814
56 814
52 787
53 787
15 815
55 779
70 806
52 806
53 806
52 817
70 817
65 818
8 783
57 770
32 819
39 819
25 819
11 757
44 817
49 820
61 820
23 820
48 813
33 759
45 821
25 822
39 822
32 822
9 820
22 762
33 823
34 782
22 782
27 799
34 799
22 799
37 824
15 824
55 824
53 824
7 810
64 825
28 825
42 825
10 790
27 790
70 826
11 826
33 826
44 826
8 826
57 826
54 827
2 827
62 828
49 828
61 828
23 828
29 816
68 794
23 829
61 829
49 829
62 829
28 830
64 830
24 784
3 811
19 818
41 793
68 831
29 831
24 831
36 772
17 788
12 821
21 789
52 826
53 826
55 826
15 826
37 826
2 834
30 791
69 833
30 833
46 802
16 803
41 835
19 835
36 835
65 835
24 835
29 835
4 805
38 810
4 810
5 785
3 836
24 836
65 836
36 836
41 836
38 837
21 838
45 838
17 838
47 839
61 839
49 839
63 840
67 840
58 840
46 841
30 841
69 841
58 842
67 842
59 801
14 812
68 835
10 835
27 835
34 835
11 843
33 843
44 843
70 843
52 843
57 843
18 825
42 830
35 797
65 844
24 844
29 844
68 844
10 844
27 844
32 845
39 845
57 846
52 846
70 846
33 846
44 846
50 832
10 847
68 847
29 847
24 847
65 847
36 847
67 848
45 849
21 849
26 804
1 827
54 834
41 847
24 850
65 850
41 850
39 851
40 809
56 819
25 845
13 822
56 822
32 851
25 851
20 814
43 813
48 820
9 828
62 839
51 829
63 842
31 840
58 848
6 826
66 824
8 843
11 846
22 835
34 844
3 847
36 850
19 836
17 849
12 838
16 841
