1 593 2.05758
6 594 2.08508
40 595 2.24697
23 596 2.36166
26 597 2.43296
50 598 2.44935
19 599 2.58487
31 600 2.66812
43 601 2.72514
47 602 2.78887
18 603 2.85525
27 604 2.94559
16 605 3.02102
8 606 3.11558
46 607 3.12458
49 608 3.1531
39 609 3.21489
21 610 3.22259
14 611 3.25699
12 612 3.25865
48 613 3.32293
28 614 3.32299
5 615 3.44382
7 616 3.46945
22 617 3.53068
11 618 3.7418
42 619 3.76757
15 620 3.81035
38 621 3.90275
29 622 4.08596
20 623 4.31672
35 624 4.4462
45 625 4.60217
37 626 4.6634
13 627 4.7739
2 628 4.81402
34 629 4.87549
36 630 4.96902
30 631 4.98414
39 632 5.33482
40 633 5.34923
16 634 5.53731
42 635 5.77377
28 636 5.77543
22 637 6.04388
50 638 6.4708
7 639 6.64214
43 640 6.8598
20 641 6.90514
19 642 7.15377
46 643 7.25838
47 644 7.33822
49 645 7.37413
15 646 7.4478
18 647 7.4766
12 648 7.67292
21 649 7.68154
30 650 7.74613
3 651 7.79565
34 652 7.91001
8 653 7.99332
48 654 8.12338
16 655 8.14819
14 656 8.23298
31 657 8.33039
38 658 8.68643
45 659 8.87907
29 660 8.92779
1 661 8.93216
2 662 9.0844
20 663 9.11734
50 664 9.21091
25 665 9.50409
27 666 9.57649
42 667 9.91252
33 668 9.99895
