22 0.8 0.048 0.752
4 0.8 0.048 0.752
9 0.8 0.048 0.752
10 0.8 0.048 0.752
22 0.752 0.144 0.608
22 0.608 0.16 0.448
4 0.752 0.16 0.592
4 0.592 0.016 0.576
22 0.448 0.016 0.432
4 0.576 0.048 0.528
10 0.752 0.048 0.704
22 0.432 0.048 0.384
4 0.528 0.048 0.48
4 0.48 0.16 0.32
9 0.752 0.16 0.592
9 0.592 0.016 0.576
22 0.384 0.016 0.368
9 0.576 0.048 0.528
10 0.704 0.048 0.656
22 0.368 0.048 0.32
27 0.8 0.048 0.752
9 0.528 0.096 0.432
9 0.432 0.16 0.272
10 0.656 0.16 0.496
10 0.496 0.16 0.336
22 0.32 0.16 0.16
27 0.752 0.16 0.592
27 0.592 0.016 0.576
9 0.272 0.016 0.256
27 0.576 0.048 0.528
8 0.8 0.048 0.752
9 0.256 0.048 0.208
27 0.528 0.048 0.48
27 0.48 0.16 0.32
8 0.752 0.16 0.592
8 0.592 0.016 0.576
27 0.32 0.016 0.304
8 0.576 0.048 0.528
2 0.8 0.048 0.752
27 0.304 0.048 0.256
30 0.8 0.048 0.752
8 0.528 0.096 0.432
8 0.432 0.16 0.272
9 0.208 0.16 0.048
2 0.752 0.16 0.592
2 0.592 0.016 0.576
8 0.272 0.016 0.256
2 0.576 0.048 0.528
8 0.256 0.048 0.208
30 0.752 0.048 0.704
2 0.528 0.048 0.48
2 0.48 0.16 0.32
27 0.256 0.16 0.096
30 0.704 0.16 0.544
30 0.544 0.016 0.528
8 0.208 0.016 0.192
30 0.528 0.048 0.48
2 0.32 0.048 0.272
8 0.192 0.048 0.144
8 0.144 0.16 -0.016
30 0.48 0.16 0.32
21 0.8 0.048 0.752
7 0.8 0.048 0.752
24 0.8 0.048 0.752
21 0.752 0.096 0.656
21 0.656 0.16 0.496
7 0.752 0.16 0.592
7 0.592 0.016 0.576
21 0.496 0.016 0.48
7 0.576 0.048 0.528
21 0.48 0.048 0.432
24 0.752 0.048 0.704
7 0.528 0.048 0.48
7 0.48 0.16 0.32
24 0.704 0.16 0.544
24 0.544 0.016 0.528
21 0.432 0.016 0.416
24 0.528 0.048 0.48
7 0.32 0.048 0.272
21 0.416 0.048 0.368
21 0.368 0.16 0.208
24 0.48 0.16 0.32
11 0.8 0.048 0.752
19 0.8 0.048 0.752
11 0.752 0.048 0.704
11 0.704 0.16 0.544
19 0.752 0.16 0.592
19 0.592 0.016 0.576
11 0.544 0.016 0.528
19 0.576 0.048 0.528
11 0.528 0.048 0.48
1 0.8 0.048 0.752
14 0.8 0.048 0.752
29 0.8 0.048 0.752
13 0.8 0.048 0.752
29 0.752 0.048 0.704
29 0.704 0.16 0.544
13 0.752 0.16 0.592
13 0.592 0.016 0.576
29 0.544 0.016 0.528
13 0.576 0.048 0.528
29 0.528 0.048 0.48
28 0.8 0.048 0.752
30 0.697651 0.048 0.649651
2 0.643227 0.048 0.595227
8 0.381586 0.048 0.333586
30 0.649651 0.048 0.601651
30 0.601651 0.16 0.441651
30 0.441651 0.016 0.425651
2 0.595227 0.16 0.435227
8 0.333586 0.16 0.173586
24 0.691233 0.048 0.643233
7 0.632279 0.048 0.584279
21 0.576177 0.048 0.528177
19 0.8 0.048 0.752
11 0.8 0.048 0.752
6 0.8 0.048 0.752
27 0.543237 0.048 0.495237
8 0.330938 0.048 0.282938
9 0.497136 0.048 0.449136
27 0.495237 0.048 0.447237
27 0.447237 0.16 0.287237
27 0.287237 0.016 0.271237
8 0.282938 0.16 0.122938
9 0.449136 0.16 0.289136
23 0.8 0.048 0.752
15 0.8 0.048 0.752
23 0.752 0.048 0.704
23 0.704 0.16 0.544
15 0.752 0.16 0.592
15 0.592 0.016 0.576
23 0.544 0.016 0.528
15 0.576 0.048 0.528
23 0.528 0.048 0.48
1 0.8 0.048 0.752
16 0.8 0.048 0.752
14 0.8 0.048 0.752
17 0.8 0.048 0.752
9 0.438616 0.048 0.390616
22 0.755899 0.048 0.707899
27 0.420768 0.048 0.372768
9 0.390616 0.048 0.342616
9 0.342616 0.16 0.182616
22 0.707899 0.16 0.547899
22 0.547899 0.016 0.531899
9 0.182616 0.016 0.166616
22 0.531899 0.048 0.483899
4 0.8 0.048 0.752
9 0.166616 0.048 0.118616
10 0.8 0.048 0.752
22 0.483899 0.048 0.435899
22 0.435899 0.16 0.275899
27 0.372768 0.16 0.212768
4 0.752 0.16 0.592
9 0.118616 0.16 -0.0413843
10 0.752 0.16 0.592
10 0.592 0.016 0.576
22 0.275899 0.016 0.259899
10 0.576 0.048 0.528
4 0.592 0.048 0.544
22 0.259899 0.048 0.211899
13 0.8 0.048 0.752
29 0.8 0.048 0.752
28 0.8 0.048 0.752
24 0.8 0.048 0.752
7 0.8 0.048 0.752
21 0.8 0.048 0.752
19 0.8 0.048 0.752
11 0.8 0.048 0.752
20 0.8 0.048 0.752
3 0.8 0.048 0.752
20 0.752 0.048 0.704
20 0.704 0.16 0.544
3 0.752 0.16 0.592
3 0.592 0.016 0.576
20 0.544 0.016 0.528
3 0.576 0.048 0.528
20 0.528 0.048 0.48
6 0.8 0.048 0.752
15 0.8 0.048 0.752
23 0.8 0.048 0.752
1 0.8 0.048 0.752
16 0.8 0.048 0.752
14 0.8 0.048 0.752
17 0.8 0.048 0.752
16 0.8 0.048 0.752
10 0.8 0.048 0.752
4 0.8 0.048 0.752
9 0.376312 0.048 0.328312
22 0.582191 0.048 0.534191
13 0.8 0.048 0.752
29 0.8 0.048 0.752
28 0.8 0.048 0.752
8 0.705999 0.048 0.657999
2 0.8 0.048 0.752
27 0.662504 0.048 0.614504
30 0.8 0.048 0.752
8 0.657999 0.096 0.561999
8 0.561999 0.16 0.401999
2 0.752 0.16 0.592
27 0.614504 0.16 0.454504
30 0.752 0.16 0.592
30 0.592 0.016 0.576
8 0.401999 0.016 0.385999
30 0.576 0.048 0.528
2 0.592 0.048 0.544
8 0.385999 0.048 0.337999
24 0.8 0.048 0.752
7 0.8 0.048 0.752
21 0.8 0.048 0.752
19 0.8 0.048 0.752
11 0.8 0.048 0.752
26 0.8 0.048 0.752
25 0.8 0.048 0.752
26 0.752 0.048 0.704
26 0.704 0.16 0.544
25 0.752 0.16 0.592
25 0.592 0.016 0.576
26 0.544 0.016 0.528
25 0.576 0.048 0.528
26 0.528 0.048 0.48
3 0.8 0.048 0.752
20 0.8 0.048 0.752
6 0.8 0.048 0.752
15 0.8 0.048 0.752
23 0.8 0.048 0.752
1 0.8 0.048 0.752
16 0.8 0.048 0.752
14 0.8 0.048 0.752
17 0.8 0.048 0.752
10 0.8 0.048 0.752
4 0.8 0.048 0.752
9 0.702651 0.048 0.654651
22 0.8 0.048 0.752
13 0.8 0.048 0.752
29 0.8 0.048 0.752
28 0.8 0.048 0.752
30 0.8 0.048 0.752
2 0.8 0.048 0.752
8 0.719644 0.048 0.671644
24 0.8 0.048 0.752
7 0.8 0.048 0.752
21 0.8 0.048 0.752
19 0.8 0.048 0.752
11 0.8 0.048 0.752
25 0.8 0.048 0.752
26 0.8 0.048 0.752
3 0.8 0.048 0.752
20 0.8 0.048 0.752
6 0.8 0.048 0.752
15 0.8 0.048 0.752
23 0.8 0.048 0.752
1 0.8 0.048 0.752
16 0.8 0.048 0.752
18 0.8 0.048 0.752
14 0.8 0.048 0.752
17 0.8 0.048 0.752
10 0.8 0.048 0.752
4 0.8 0.048 0.752
9 0.8 0.048 0.752
22 0.8 0.048 0.752
13 0.8 0.048 0.752
29 0.8 0.048 0.752
5 0.8 0.048 0.752
28 0.8 0.048 0.752
28 0.752 0.048 0.704
28 0.704 0.16 0.544
28 0.544 0.016 0.528
30 0.8 0.048 0.752
2 0.8 0.048 0.752
8 0.8 0.048 0.752
24 0.8 0.048 0.752
7 0.8 0.048 0.752
21 0.8 0.048 0.752
19 0.8 0.048 0.752
11 0.8 0.048 0.752
25 0.8 0.048 0.752
26 0.8 0.048 0.752
3 0.8 0.048 0.752
20 0.8 0.048 0.752
6 0.8 0.048 0.752
15 0.8 0.048 0.752
23 0.8 0.048 0.752
1 0.8 0.048 0.752
16 0.8 0.048 0.752
18 0.8 0.048 0.752
14 0.8 0.048 0.752
17 0.8 0.048 0.752
10 0.8 0.048 0.752
4 0.8 0.048 0.752
22 0.8 0.048 0.752
13 0.8 0.048 0.752
5 0.8 0.048 0.752
5 0.752 0.048 0.704
5 0.704 0.16 0.544
5 0.544 0.016 0.528
30 0.8 0.048 0.752
2 0.8 0.048 0.752
8 0.8 0.048 0.752
24 0.8 0.048 0.752
7 0.8 0.048 0.752
21 0.8 0.048 0.752
19 0.8 0.048 0.752
11 0.8 0.048 0.752
25 0.8 0.048 0.752
26 0.8 0.048 0.752
3 0.8 0.048 0.752
20 0.8 0.048 0.752
3 0.752 0.048 0.704
3 0.704 0.16 0.544
3 0.544 0.016 0.528
20 0.752 0.16 0.592
6 0.8 0.048 0.752
15 0.8 0.048 0.752
23 0.8 0.048 0.752
1 0.8 0.048 0.752
16 0.8 0.048 0.752
17 0.8 0.048 0.752
18 0.8 0.048 0.752
14 0.8 0.048 0.752
12 0.8 0.048 0.752
21 0.8 0.048 0.752
12 0.752 0.048 0.704
12 0.704 0.16 0.544
21 0.752 0.16 0.592
21 0.592 0.016 0.576
12 0.544 0.016 0.528
21 0.576 0.048 0.528
12 0.528 0.048 0.48
24 0.8 0.048 0.752
17 0.8 0.048 0.752
16 0.8 0.048 0.752
10 0.8 0.048 0.752
4 0.8 0.048 0.752
22 0.8 0.048 0.752
13 0.8 0.048 0.752
29 0.8 0.048 0.752
30 0.8 0.048 0.752
2 0.8 0.048 0.752
8 0.8 0.048 0.752
24 0.8 0.048 0.752
21 0.680922 0.048 0.632922
24 0.752 0.048 0.704
24 0.704 0.16 0.544
24 0.544 0.016 0.528
21 0.632922 0.16 0.472922
19 0.8 0.048 0.752
11 0.8 0.048 0.752
25 0.8 0.048 0.752
26 0.8 0.048 0.752
6 0.8 0.048 0.752
15 0.8 0.048 0.752
23 0.8 0.048 0.752
1 0.8 0.048 0.752
16 0.8 0.048 0.752
17 0.8 0.048 0.752
18 0.8 0.048 0.752
14 0.8 0.048 0.752
21 0.689525 0.048 0.641525
12 0.8 0.048 0.752
24 0.75689 0.048 0.70889
21 0.641525 0.048 0.593525
21 0.593525 0.16 0.433525
12 0.752 0.16 0.592
24 0.70889 0.16 0.54889
24 0.54889 0.016 0.53289
21 0.433525 0.016 0.417525
24 0.53289 0.048 0.48489
12 0.592 0.048 0.544
21 0.417525 0.048 0.369525
17 0.8 0.048 0.752
23 0.8 0.048 0.752
15 0.8 0.048 0.752
10 0.8 0.048 0.752
4 0.8 0.048 0.752
22 0.8 0.048 0.752
13 0.8 0.048 0.752
29 0.8 0.048 0.752
30 0.8 0.048 0.752
2 0.8 0.048 0.752
8 0.8 0.048 0.752
19 0.8 0.048 0.752
11 0.8 0.048 0.752
25 0.8 0.048 0.752
26 0.8 0.048 0.752
29 0.8 0.048 0.752
13 0.8 0.048 0.752
6 0.8 0.048 0.752
15 0.8 0.048 0.752
23 0.8 0.048 0.752
1 0.8 0.048 0.752
16 0.8 0.048 0.752
18 0.8 0.048 0.752
22 0.8 0.048 0.752
9 0.8 0.048 0.752
10 0.8 0.048 0.752
27 0.8 0.048 0.752
22 0.752 0.096 0.656
22 0.656 0.16 0.496
9 0.752 0.16 0.592
9 0.592 0.016 0.576
22 0.496 0.016 0.48
9 0.576 0.048 0.528
22 0.48 0.048 0.432
27 0.752 0.048 0.704
9 0.528 0.048 0.48
9 0.48 0.16 0.32
10 0.752 0.16 0.592
27 0.704 0.16 0.544
27 0.544 0.016 0.528
22 0.432 0.016 0.416
27 0.528 0.048 0.48
9 0.32 0.048 0.272
22 0.416 0.048 0.368
22 0.368 0.16 0.208
27 0.48 0.16 0.32
14 0.8 0.048 0.752
24 0.8 0.048 0.752
21 0.740229 0.048 0.692229
17 0.8 0.048 0.752
23 0.8 0.048 0.752
15 0.8 0.048 0.752
10 0.664189 0.048 0.616189
4 0.8 0.048 0.752
22 0.208 0.048 0.16
13 0.8 0.048 0.752
29 0.8 0.048 0.752
30 0.8 0.048 0.752
2 0.8 0.048 0.752
8 0.8 0.048 0.752
19 0.8 0.048 0.752
11 0.8 0.048 0.752
19 0.752 0.048 0.704
19 0.704 0.16 0.544
19 0.544 0.016 0.528
11 0.752 0.16 0.592
25 0.8 0.048 0.752
26 0.8 0.048 0.752
29 0.8 0.048 0.752
13 0.8 0.048 0.752
6 0.8 0.048 0.752
15 0.8 0.048 0.752
23 0.8 0.048 0.752
1 0.8 0.048 0.752
16 0.8 0.048 0.752
18 0.8 0.048 0.752
21 0.8 0.048 0.752
12 0.8 0.048 0.752
24 0.8 0.048 0.752
21 0.752 0.048 0.704
21 0.704 0.16 0.544
12 0.752 0.16 0.592
12 0.592 0.016 0.576
21 0.544 0.016 0.528
12 0.576 0.048 0.528
21 0.528 0.048 0.48
24 0.752 0.16 0.592
27 0.694363 0.048 0.646363
9 0.647316 0.048 0.599316
22 0.534805 0.048 0.486805
14 0.8 0.048 0.752
11 0.8 0.048 0.752
19 0.752355 0.048 0.704355
11 0.752 0.048 0.704
11 0.704 0.16 0.544
19 0.704355 0.16 0.544355
19 0.544355 0.016 0.528355
11 0.544 0.016 0.528
19 0.528355 0.048 0.480355
11 0.528 0.048 0.48
24 0.663747 0.048 0.615747
7 0.8 0.048 0.752
21 0.55059 0.048 0.50259
17 0.8 0.048 0.752
23 0.8 0.048 0.752
15 0.8 0.048 0.752
23 0.752 0.048 0.704
23 0.704 0.16 0.544
23 0.544 0.016 0.528
15 0.752 0.16 0.592
10 0.8 0.048 0.752
4 0.8 0.048 0.752
22 0.486805 0.048 0.438805
13 0.8 0.048 0.752
20 0.8 0.048 0.752
3 0.8 0.048 0.752
20 0.752 0.048 0.704
20 0.704 0.16 0.544
3 0.752 0.16 0.592
3 0.592 0.016 0.576
20 0.544 0.016 0.528
3 0.576 0.048 0.528
20 0.528 0.048 0.48
30 0.8 0.048 0.752
2 0.8 0.048 0.752
8 0.8 0.048 0.752
25 0.8 0.048 0.752
26 0.8 0.048 0.752
29 0.8 0.048 0.752
13 0.8 0.048 0.752
6 0.8 0.048 0.752
6 0.752 0.048 0.704
6 0.704 0.16 0.544
6 0.544 0.016 0.528
15 0.8 0.048 0.752
23 0.749555 0.048 0.701555
1 0.8 0.048 0.752
16 0.8 0.048 0.752
18 0.8 0.048 0.752
12 0.8 0.048 0.752
21 0.8 0.048 0.752
27 0.8 0.048 0.752
9 0.8 0.048 0.752
22 0.8 0.048 0.752
14 0.8 0.048 0.752
19 0.8 0.048 0.752
11 0.8 0.048 0.752
24 0.8 0.048 0.752
7 0.8 0.048 0.752
21 0.8 0.048 0.752
17 0.8 0.048 0.752
10 0.8 0.048 0.752
4 0.8 0.048 0.752
9 0.752 0.048 0.704
22 0.752 0.048 0.704
13 0.8 0.048 0.752
29 0.8 0.048 0.752
3 0.8 0.048 0.752
20 0.8 0.048 0.752
30 0.8 0.048 0.752
2 0.8 0.048 0.752
8 0.8 0.048 0.752
25 0.8 0.048 0.752
26 0.8 0.048 0.752
8 0.8 0.048 0.752
2 0.8 0.048 0.752
30 0.8 0.048 0.752
8 0.752 0.048 0.704
8 0.704 0.16 0.544
8 0.544 0.016 0.528
2 0.752 0.16 0.592
30 0.752 0.16 0.592
29 0.8 0.048 0.752
13 0.8 0.048 0.752
15 0.8 0.048 0.752
23 0.8 0.048 0.752
1 0.8 0.048 0.752
16 0.8 0.048 0.752
17 0.8 0.048 0.752
18 0.8 0.048 0.752
12 0.8 0.048 0.752
27 0.8 0.048 0.752
9 0.8 0.048 0.752
22 0.8 0.048 0.752
27 0.752 0.048 0.704
27 0.704 0.16 0.544
27 0.544 0.016 0.528
9 0.752 0.16 0.592
22 0.752 0.16 0.592
14 0.8 0.048 0.752
19 0.8 0.048 0.752
11 0.8 0.048 0.752
24 0.8 0.048 0.752
21 0.8 0.048 0.752
17 0.8 0.048 0.752
10 0.8 0.048 0.752
4 0.8 0.048 0.752
22 0.592 0.048 0.544
13 0.8 0.048 0.752
29 0.8 0.048 0.752
3 0.8 0.048 0.752
20 0.8 0.048 0.752
30 0.8 0.048 0.752
2 0.8 0.048 0.752
8 0.8 0.048 0.752
28 0.8 0.048 0.752
25 0.8 0.048 0.752
26 0.8 0.048 0.752
29 0.8 0.048 0.752
13 0.8 0.048 0.752
15 0.8 0.048 0.752
23 0.8 0.048 0.752
1 0.8 0.048 0.752
16 0.8 0.048 0.752
18 0.8 0.048 0.752
12 0.8 0.048 0.752
26 0.8 0.048 0.752
25 0.8 0.048 0.752
14 0.8 0.048 0.752
19 0.8 0.048 0.752
11 0.8 0.048 0.752
24 0.8 0.048 0.752
7 0.8 0.048 0.752
21 0.8 0.048 0.752
17 0.8 0.048 0.752
10 0.8 0.048 0.752
4 0.8 0.048 0.752
22 0.8 0.048 0.752
13 0.8 0.048 0.752
29 0.8 0.048 0.752
3 0.8 0.048 0.752
20 0.8 0.048 0.752
30 0.8 0.048 0.752
2 0.8 0.048 0.752
8 0.8 0.048 0.752
28 0.8 0.048 0.752
5 0.8 0.048 0.752
25 0.8 0.048 0.752
26 0.8 0.048 0.752
29 0.8 0.048 0.752
13 0.8 0.048 0.752
15 0.8 0.048 0.752
23 0.8 0.048 0.752
1 0.8 0.048 0.752
1 0.752 0.048 0.704
1 0.704 0.16 0.544
1 0.544 0.016 0.528
16 0.8 0.048 0.752
18 0.8 0.048 0.752
12 0.8 0.048 0.752
26 0.8 0.048 0.752
25 0.8 0.048 0.752
14 0.8 0.048 0.752
19 0.8 0.048 0.752
11 0.8 0.048 0.752
24 0.8 0.048 0.752
21 0.8 0.048 0.752
17 0.8 0.048 0.752
10 0.8 0.048 0.752
4 0.8 0.048 0.752
22 0.8 0.048 0.752
13 0.8 0.048 0.752
29 0.8 0.048 0.752
11 0.8 0.048 0.752
19 0.8 0.048 0.752
3 0.8 0.048 0.752
20 0.8 0.048 0.752
30 0.8 0.048 0.752
2 0.8 0.048 0.752
8 0.8 0.048 0.752
28 0.8 0.048 0.752
5 0.8 0.048 0.752
25 0.8 0.048 0.752
26 0.8 0.048 0.752
29 0.8 0.048 0.752
13 0.8 0.048 0.752
15 0.8 0.048 0.752
23 0.8 0.048 0.752
16 0.8 0.048 0.752
18 0.8 0.048 0.752
12 0.8 0.048 0.752
26 0.8 0.048 0.752
25 0.8 0.048 0.752
14 0.8 0.048 0.752
19 0.8 0.048 0.752
11 0.8 0.048 0.752
24 0.8 0.048 0.752
21 0.8 0.048 0.752
17 0.8 0.048 0.752
10 0.8 0.048 0.752
4 0.8 0.048 0.752
22 0.8 0.048 0.752
13 0.8 0.048 0.752
29 0.8 0.048 0.752
13 0.752 0.048 0.704
13 0.704 0.16 0.544
13 0.544 0.016 0.528
29 0.752 0.16 0.592
11 0.8 0.048 0.752
19 0.8 0.048 0.752
3 0.8 0.048 0.752
20 0.8 0.048 0.752
30 0.8 0.048 0.752
2 0.8 0.048 0.752
8 0.8 0.048 0.752
28 0.8 0.048 0.752
5 0.8 0.048 0.752
25 0.8 0.048 0.752
26 0.8 0.048 0.752
29 0.747719 0.048 0.699719
13 0.671205 0.048 0.623205
29 0.699719 0.048 0.651719
29 0.651719 0.16 0.491719
13 0.623205 0.16 0.463205
15 0.8 0.048 0.752
23 0.8 0.048 0.752
16 0.8 0.048 0.752
18 0.8 0.048 0.752
12 0.8 0.048 0.752
26 0.8 0.048 0.752
25 0.8 0.048 0.752
14 0.8 0.048 0.752
19 0.8 0.048 0.752
11 0.8 0.048 0.752
24 0.8 0.048 0.752
21 0.8 0.048 0.752
17 0.8 0.048 0.752
10 0.8 0.048 0.752
4 0.8 0.048 0.752
22 0.8 0.048 0.752
11 0.8 0.048 0.752
19 0.8 0.048 0.752
3 0.8 0.048 0.752
20 0.8 0.048 0.752
30 0.8 0.048 0.752
2 0.8 0.048 0.752
8 0.8 0.048 0.752
28 0.8 0.048 0.752
5 0.8 0.048 0.752
5 0.752 0.048 0.704
5 0.704 0.16 0.544
5 0.544 0.016 0.528
25 0.8 0.048 0.752
26 0.8 0.048 0.752
22 0.8 0.048 0.752
9 0.8 0.048 0.752
10 0.8 0.048 0.752
27 0.8 0.048 0.752
22 0.752 0.048 0.704
22 0.704 0.16 0.544
9 0.752 0.16 0.592
10 0.752 0.16 0.592
27 0.752 0.16 0.592
27 0.592 0.016 0.576
22 0.544 0.016 0.528
27 0.576 0.048 0.528
9 0.592 0.048 0.544
22 0.528 0.048 0.48
15 0.8 0.048 0.752
23 0.8 0.048 0.752
16 0.8 0.048 0.752
18 0.8 0.048 0.752
12 0.8 0.048 0.752
23 0.8 0.048 0.752
15 0.752 0.048 0.704
26 0.8 0.048 0.752
25 0.8 0.048 0.752
14 0.8 0.048 0.752
19 0.8 0.048 0.752
11 0.8 0.048 0.752
24 0.8 0.048 0.752
7 0.8 0.048 0.752
21 0.8 0.048 0.752
17 0.8 0.048 0.752
10 0.738969 0.048 0.690969
4 0.8 0.048 0.752
22 0.636724 0.048 0.588724
11 0.8 0.048 0.752
19 0.8 0.048 0.752
3 0.8 0.048 0.752
20 0.8 0.048 0.752
3 0.752 0.048 0.704
3 0.704 0.16 0.544
3 0.544 0.016 0.528
20 0.752 0.16 0.592
30 0.8 0.048 0.752
2 0.8 0.048 0.752
8 0.8 0.048 0.752
28 0.8 0.048 0.752
20 0.669331 0.048 0.621331
3 0.528 0.048 0.48
25 0.8 0.048 0.752
26 0.8 0.048 0.752
27 0.8 0.048 0.752
9 0.8 0.048 0.752
22 0.8 0.048 0.752
15 0.8 0.048 0.752
23 0.8 0.048 0.752
16 0.8 0.048 0.752
18 0.8 0.048 0.752
12 0.8 0.048 0.752
23 0.8 0.048 0.752
15 0.752 0.048 0.704
26 0.8 0.048 0.752
25 0.8 0.048 0.752
14 0.8 0.048 0.752
19 0.8 0.048 0.752
11 0.8 0.048 0.752
24 0.8 0.048 0.752
7 0.8 0.048 0.752
21 0.8 0.048 0.752
24 0.752 0.048 0.704
24 0.704 0.16 0.544
24 0.544 0.016 0.528
7 0.752 0.16 0.592
21 0.752 0.16 0.592
17 0.8 0.048 0.752
10 0.8 0.048 0.752
4 0.8 0.048 0.752
22 0.8 0.048 0.752
11 0.8 0.048 0.752
19 0.8 0.048 0.752
30 0.8 0.048 0.752
2 0.8 0.048 0.752
8 0.8 0.048 0.752
28 0.8 0.048 0.752
20 0.8 0.048 0.752
3 0.8 0.048 0.752
20 0.752 0.048 0.704
20 0.704 0.16 0.544
3 0.752 0.16 0.592
3 0.592 0.016 0.576
20 0.544 0.016 0.528
3 0.576 0.048 0.528
20 0.528 0.048 0.48
25 0.8 0.048 0.752
26 0.8 0.048 0.752
27 0.8 0.048 0.752
9 0.8 0.048 0.752
22 0.8 0.048 0.752
15 0.8 0.048 0.752
23 0.8 0.048 0.752
16 0.8 0.048 0.752
18 0.8 0.048 0.752
12 0.8 0.048 0.752
23 0.8 0.048 0.752
15 0.752 0.048 0.704
26 0.8 0.048 0.752
25 0.8 0.048 0.752
14 0.8 0.048 0.752
14 0.752 0.048 0.704
14 0.704 0.16 0.544
14 0.544 0.016 0.528
19 0.8 0.048 0.752
11 0.8 0.048 0.752
17 0.8 0.048 0.752
10 0.8 0.048 0.752
4 0.8 0.048 0.752
22 0.8 0.048 0.752
11 0.8 0.048 0.752
19 0.8 0.048 0.752
30 0.8 0.048 0.752
2 0.8 0.048 0.752
8 0.8 0.048 0.752
28 0.8 0.048 0.752
3 0.8 0.048 0.752
20 0.8 0.048 0.752
25 0.8 0.048 0.752
26 0.8 0.048 0.752
25 0.752 0.048 0.704
25 0.704 0.16 0.544
25 0.544 0.016 0.528
26 0.752 0.16 0.592
27 0.8 0.048 0.752
9 0.8 0.048 0.752
22 0.8 0.048 0.752
15 0.8 0.048 0.752
23 0.8 0.048 0.752
16 0.8 0.048 0.752
18 0.8 0.048 0.752
12 0.8 0.048 0.752
21 0.8 0.048 0.752
23 0.8 0.048 0.752
15 0.752 0.048 0.704
26 0.739752 0.048 0.691752
25 0.678784 0.048 0.630784
26 0.691752 0.048 0.643752
26 0.643752 0.16 0.483752
25 0.630784 0.16 0.470784
19 0.8 0.048 0.752
11 0.8 0.048 0.752
19 0.752 0.048 0.704
19 0.704 0.16 0.544
19 0.544 0.016 0.528
11 0.752 0.16 0.592
17 0.8 0.048 0.752
10 0.8 0.048 0.752
4 0.8 0.048 0.752
22 0.8 0.048 0.752
11 0.670004 0.048 0.622004
19 0.604888 0.048 0.556888
11 0.622004 0.096 0.526004
11 0.526004 0.16 0.366004
11 0.366004 0.016 0.350004
19 0.556888 0.16 0.396888
30 0.8 0.048 0.752
2 0.8 0.048 0.752
8 0.8 0.048 0.752
28 0.8 0.048 0.752
3 0.8 0.048 0.752
20 0.8 0.048 0.752
27 0.8 0.048 0.752
9 0.8 0.048 0.752
22 0.8 0.048 0.752
15 0.8 0.048 0.752
23 0.8 0.048 0.752
15 0.752 0.048 0.704
15 0.704 0.16 0.544
15 0.544 0.016 0.528
23 0.752 0.16 0.592
16 0.8 0.048 0.752
18 0.8 0.048 0.752
12 0.8 0.048 0.752
21 0.8 0.048 0.752
23 0.670356 0.048 0.622356
15 0.528 0.048 0.48
23 0.622356 0.048 0.574356
23 0.574356 0.16 0.414356
23 0.414356 0.016 0.398356
15 0.48 0.16 0.32
17 0.8 0.048 0.752
10 0.8 0.048 0.752
4 0.8 0.048 0.752
22 0.8 0.048 0.752
30 0.8 0.048 0.752
2 0.8 0.048 0.752
8 0.8 0.048 0.752
27 0.8 0.048 0.752
28 0.8 0.048 0.752
3 0.8 0.048 0.752
20 0.8 0.048 0.752
27 0.8 0.048 0.752
9 0.8 0.048 0.752
30 0.8 0.048 0.752
16 0.8 0.048 0.752
18 0.8 0.048 0.752
12 0.8 0.048 0.752
21 0.8 0.048 0.752
17 0.8 0.048 0.752
10 0.8 0.048 0.752
4 0.8 0.048 0.752
22 0.8 0.048 0.752
30 0.8 0.048 0.752
2 0.8 0.048 0.752
8 0.8 0.048 0.752
30 0.752 0.048 0.704
30 0.704 0.16 0.544
30 0.544 0.016 0.528
2 0.752 0.16 0.592
8 0.752 0.16 0.592
28 0.8 0.048 0.752
3 0.8 0.048 0.752
20 0.8 0.048 0.752
27 0.8 0.048 0.752
9 0.8 0.048 0.752
22 0.8 0.048 0.752
27 0.752 0.048 0.704
27 0.704 0.16 0.544
27 0.544 0.016 0.528
9 0.752 0.16 0.592
22 0.752 0.16 0.592
16 0.8 0.048 0.752
18 0.8 0.048 0.752
12 0.8 0.048 0.752
21 0.8 0.048 0.752
17 0.8 0.048 0.752
10 0.8 0.048 0.752
4 0.8 0.048 0.752
22 0.748999 0.048 0.700999
28 0.8 0.048 0.752
3 0.8 0.048 0.752
20 0.8 0.048 0.752
16 0.8 0.048 0.752
18 0.8 0.048 0.752
18 0.752 0.048 0.704
18 0.704 0.16 0.544
18 0.544 0.016 0.528
12 0.8 0.048 0.752
21 0.8 0.048 0.752
17 0.8 0.048 0.752
10 0.8 0.048 0.752
4 0.8 0.048 0.752
22 0.8 0.048 0.752
28 0.8 0.048 0.752
3 0.8 0.048 0.752
20 0.8 0.048 0.752
16 0.8 0.048 0.752
12 0.8 0.048 0.752
21 0.8 0.048 0.752
17 0.8 0.048 0.752
10 0.8 0.048 0.752
4 0.8 0.048 0.752
22 0.8 0.048 0.752
28 0.8 0.048 0.752
3 0.8 0.048 0.752
20 0.8 0.048 0.752
16 0.8 0.048 0.752
12 0.8 0.048 0.752
17 0.8 0.048 0.752
10 0.8 0.048 0.752
4 0.8 0.048 0.752
22 0.8 0.048 0.752
28 0.8 0.048 0.752
28 0.752 0.048 0.704
28 0.704 0.16 0.544
28 0.544 0.016 0.528
3 0.8 0.048 0.752
20 0.8 0.048 0.752
16 0.8 0.048 0.752
12 0.8 0.048 0.752
21 0.8 0.048 0.752
17 0.8 0.048 0.752
10 0.8 0.048 0.752
4 0.8 0.048 0.752
22 0.8 0.048 0.752
3 0.8 0.048 0.752
20 0.8 0.048 0.752
3 0.752 0.048 0.704
3 0.704 0.16 0.544
3 0.544 0.016 0.528
20 0.752 0.16 0.592
16 0.8 0.048 0.752
12 0.8 0.048 0.752
21 0.8 0.048 0.752
17 0.8 0.048 0.752
