35 765 2.01844
49 766 2.11961
32 767 2.13135
9 768 2.19578
58 769 2.21263
60 770 2.21584
25 771 2.31901
30 772 2.34649
2 773 2.37893
17 774 2.47947
12 775 2.49874
8 776 2.50404
66 777 2.6006
68 778 2.66744
64 779 2.67747
1 780 2.88312
3 781 2.88673
11 782 2.9151
51 783 2.94652
46 784 3.06988
7 785 3.17027
62 786 3.19502
26 787 3.21156
22 788 3.24091
24 789 3.36901
42 790 3.41515
39 791 3.4713
45 792 3.58089
50 793 3.7153
59 794 3.77822
61 795 3.81684
37 796 3.91161
29 797 3.99838
69 798 4.01255
10 799 4.05449
38 800 4.07837
53 801 4.18043
19 802 4.21902
16 803 4.22444
63 804 4.24228
55 805 4.3269
40 806 4.32831
48 807 4.35302
47 808 4.38972
57 809 4.41933
70 810 4.44046
41 811 4.48712
52 812 4.51098
30 813 4.56024
56 814 4.56632
32 815 4.5687
54 816 4.57431
27 817 4.73244
67 818 4.7357
44 819 4.79361
68 820 4.82134
11 821 4.95879
15 822 4.96299
18 823 4.96776
58 824 5.69825
42 825 5.75977
46 826 5.87302
12 827 6.00051
64 828 6.06433
49 829 6.11176
56 830 6.61798
37 831 6.63526
1 832 6.65136
17 833 6.76238
19 834 6.76928
25 835 6.98995
36 836 7.03538
60 837 7.04008
66 838 7.08564
39 839 7.23233
11 840 7.23759
63 841 7.33456
26 842 7.43082
51 843 7.54943
3 844 7.77117
69 845 8.11826
38 846 8.23409
52 847 8.28467
57 848 8.34029
67 849 8.35013
50 850 8.44673
40 851 8.7178
4 852 8.74168
53 853 8.80931
70 854 8.86227
37 855 8.92879
68 856 8.95076
44 857 9.01122
1 858 9.08179
35 859 9.25229
30 860 9.48518
18 861 9.61485
62 862 9.61586
42 863 9.64394
60 864 9.73602
66 865 9.77162
