63 378 1.06675
29 379 1.08869
69 380 1.14805
85 381 1.18009
19 382 1.19029
89 383 1.20457
56 384 1.23594
58 385 1.26226
8 386 1.28145
80 387 1.32138
35 388 1.33982
22 389 1.38437
73 390 1.61825
16 391 1.61963
77 392 1.73404
61 393 1.78712
84 394 1.8278
26 395 1.84912
91 396 1.90222
75 397 1.90332
76 398 1.94817
95 399 2.0473
43 400 2.08671
12 401 2.09647
52 402 2.17964
38 403 2.36324
14 404 2.4112
50 405 2.59021
67 406 2.59558
51 407 2.60536
65 408 2.78455
15 409 2.78883
92 410 2.79659
60 411 2.80617
34 412 2.88339
90 413 2.90339
54 414 3.11736
37 415 3.21256
40 416 3.46493
63 417 3.66586
19 418 3.73692
87 419 3.86851
82 420 3.90968
29 421 3.97005
53 422 4.29864
57 423 4.38456
100 424 4.49495
47 425 4.52179
48 426 4.55465
64 427 4.82355
15 428 4.89472
38 429 5.63383
92 430 5.85754
82 431 5.96084
91 432 5.9845
52 433 6.3812
34 434 6.62468
59 435 6.7456
75 436 6.93525
87 437 7.05464
90 438 7.0631
64 439 7.14523
63 440 7.3085
60 441 7.43108
54 442 7.48046
65 443 7.50629
12 444 7.55582
40 445 8.23782
92 446 8.33468
37 447 8.49095
61 448 8.63933
48 449 8.84109
28 450 9.89953
90 451 9.92275
