63 0.8 0.048 0.752
9 0.8 0.048 0.752
25 0.8 0.048 0.752
56 0.8 0.048 0.752
63 0.752 0.144 0.608
63 0.608 0.16 0.448
9 0.752 0.16 0.592
9 0.592 0.016 0.576
63 0.448 0.016 0.432
9 0.576 0.048 0.528
25 0.752 0.048 0.704
56 0.752 0.048 0.704
63 0.432 0.048 0.384
9 0.528 0.096 0.432
9 0.432 0.16 0.272
25 0.704 0.16 0.544
25 0.544 0.016 0.528
63 0.384 0.016 0.368
25 0.528 0.048 0.48
9 0.272 0.048 0.224
56 0.704 0.048 0.656
63 0.368 0.048 0.32
78 0.8 0.048 0.752
25 0.48 0.096 0.384
25 0.384 0.16 0.224
56 0.656 0.16 0.496
25 0.224 0.16 0.064
9 0.224 0.16 0.064
56 0.496 0.16 0.336
63 0.32 0.16 0.16
78 0.752 0.16 0.592
78 0.592 0.016 0.576
25 0.064 0.016 0.048
78 0.576 0.048 0.528
25 0.048 0.048 -1.11022e-16
52 0.8 0.048 0.752
78 0.528 0.048 0.48
78 0.48 0.16 0.32
25 0 0.16 -0.16
52 0.752 0.16 0.592
52 0.592 0.016 0.576
78 0.32 0.016 0.304
52 0.576 0.048 0.528
41 0.8 0.048 0.752
78 0.304 0.048 0.256
93 0.8 0.048 0.752
52 0.528 0.096 0.432
52 0.432 0.16 0.272
41 0.752 0.16 0.592
41 0.592 0.016 0.576
52 0.272 0.016 0.256
41 0.576 0.048 0.528
52 0.256 0.048 0.208
93 0.752 0.048 0.704
41 0.528 0.048 0.48
41 0.48 0.16 0.32
78 0.256 0.16 0.096
93 0.704 0.16 0.544
93 0.544 0.016 0.528
52 0.208 0.016 0.192
93 0.528 0.048 0.48
41 0.32 0.048 0.272
52 0.192 0.048 0.144
52 0.144 0.16 -0.016
93 0.48 0.16 0.32
29 0.8 0.048 0.752
51 0.8 0.048 0.752
70 0.8 0.048 0.752
80 0.8 0.048 0.752
29 0.752 0.144 0.608
29 0.608 0.16 0.448
51 0.752 0.16 0.592
51 0.592 0.016 0.576
29 0.448 0.016 0.432
51 0.576 0.048 0.528
24 0.8 0.048 0.752
29 0.432 0.048 0.384
44 0.8 0.048 0.752
64 0.8 0.048 0.752
70 0.752 0.048 0.704
51 0.528 0.192 0.336
51 0.336 0.16 0.176
70 0.704 0.16 0.544
70 0.544 0.016 0.528
29 0.384 0.016 0.368
70 0.528 0.048 0.48
29 0.368 0.048 0.32
51 0.176 0.048 0.128
64 0.752 0.048 0.704
70 0.48 0.048 0.432
70 0.432 0.16 0.272
80 0.752 0.16 0.592
80 0.592 0.016 0.576
29 0.32 0.016 0.304
80 0.576 0.048 0.528
3 0.8 0.048 0.752
29 0.304 0.048 0.256
65 0.8 0.048 0.752
80 0.528 0.096 0.432
80 0.432 0.16 0.272
24 0.752 0.16 0.592
24 0.592 0.016 0.576
51 0.128 0.016 0.112
24 0.576 0.048 0.528
44 0.752 0.048 0.704
51 0.112 0.048 0.064
64 0.704 0.048 0.656
24 0.528 0.096 0.432
24 0.432 0.16 0.272
44 0.704 0.16 0.544
44 0.544 0.016 0.528
51 0.064 0.016 0.048
44 0.528 0.048 0.48
24 0.272 0.048 0.224
51 0.048 0.048 -1.11022e-16
70 0.272 0.16 0.112
51 0 0.16 -0.16
64 0.656 0.16 0.496
3 0.752 0.16 0.592
3 0.592 0.016 0.576
80 0.272 0.016 0.256
3 0.576 0.048 0.528
62 0.8 0.048 0.752
65 0.752 0.048 0.704
80 0.256 0.048 0.208
3 0.528 0.096 0.432
3 0.432 0.16 0.272
29 0.256 0.16 0.096
65 0.704 0.16 0.544
65 0.544 0.016 0.528
80 0.208 0.016 0.192
65 0.528 0.048 0.48
3 0.272 0.048 0.224
62 0.752 0.048 0.704
69 0.8 0.048 0.752
80 0.192 0.048 0.144
89 0.8 0.048 0.752
65 0.48 0.144 0.336
65 0.336 0.16 0.176
44 0.48 0.16 0.32
51 0 0.16 -0.16
64 0.496 0.16 0.336
65 0.176 0.16 0.016
3 0.224 0.16 0.064
62 0.704 0.16 0.544
62 0.544 0.016 0.528
65 0.016 0.016 -9.71445e-17
62 0.528 0.048 0.48
3 0.064 0.048 0.016
23 0.8 0.048 0.752
65 0 0.048 -0.048
68 0.8 0.048 0.752
69 0.752 0.048 0.704
89 0.752 0.048 0.704
62 0.48 0.192 0.288
62 0.288 0.16 0.128
69 0.704 0.16 0.544
69 0.544 0.016 0.528
65 0 0.016 -0.016
69 0.528 0.048 0.48
23 0.752 0.048 0.704
53 0.8 0.048 0.752
62 0.128 0.048 0.08
65 0 0.048 -0.048
68 0.752 0.048 0.704
87 0.8 0.048 0.752
89 0.704 0.048 0.656
69 0.48 0.24 0.24
69 0.24 0.16 0.08
80 0.144 0.16 -0.016
89 0.656 0.16 0.496
3 0.016 0.16 -0.144
69 0.08 0.16 -0.08
23 0.704 0.16 0.544
23 0.544 0.016 0.528
69 0 0.016 -0.016
23 0.528 0.048 0.48
7 0.8 0.048 0.752
35 0.8 0.048 0.752
49 0.8 0.048 0.752
53 0.752 0.048 0.704
62 0.08 0.048 0.032
66 0.8 0.048 0.752
68 0.704 0.048 0.656
69 0 0.048 -0.048
87 0.752 0.048 0.704
89 0.496 0.048 0.448
23 0.48 0.336 0.144
23 0.144 0.16 -0.016
53 0.704 0.16 0.544
53 0.544 0.016 0.528
69 0 0.016 -0.016
53 0.528 0.048 0.48
7 0.752 0.048 0.704
10 0.8 0.048 0.752
23 0 0.048 -0.048
35 0.752 0.048 0.704
49 0.752 0.048 0.704
66 0.752 0.048 0.704
68 0.656 0.048 0.608
69 0 0.048 -0.048
87 0.704 0.048 0.656
89 0.448 0.048 0.4
53 0.48 0.336 0.144
53 0.144 0.16 -0.016
62 0.032 0.16 -0.128
65 0 0.16 -0.16
68 0.608 0.16 0.448
87 0.656 0.16 0.496
89 0.4 0.16 0.24
53 0 0.16 -0.16
62 0 0.16 -0.16
7 0.704 0.16 0.544
7 0.544 0.016 0.528
53 0 0.016 -0.016
7 0.528 0.048 0.48
10 0.752 0.048 0.704
23 0 0.048 -0.048
35 0.704 0.048 0.656
49 0.704 0.048 0.656
53 0 0.048 -0.048
66 0.704 0.048 0.656
68 0.448 0.048 0.4
87 0.496 0.048 0.448
7 0.48 0.192 0.288
7 0.288 0.16 0.128
10 0.704 0.16 0.544
10 0.544 0.016 0.528
53 0 0.016 -0.016
10 0.528 0.048 0.48
7 0.128 0.048 0.08
35 0.656 0.048 0.608
49 0.656 0.048 0.608
53 0 0.048 -0.048
66 0.656 0.048 0.608
87 0.448 0.048 0.4
10 0.48 0.144 0.336
10 0.336 0.16 0.176
23 0 0.16 -0.16
35 0.608 0.16 0.448
49 0.608 0.16 0.448
66 0.608 0.16 0.448
68 0.4 0.16 0.24
69 0 0.16 -0.16
87 0.4 0.16 0.24
89 0.24 0.16 0.08
10 0.176 0.16 0.016
23 0 0.16 -0.16
68 0.24 0.16 0.08
7 0.08 0.16 -0.08
35 0.448 0.16 0.288
49 0.448 0.16 0.288
53 0 0.16 -0.16
66 0.448 0.16 0.288
87 0.24 0.16 0.08
85 0.8 0.048 0.752
18 0.8 0.048 0.752
40 0.8 0.048 0.752
46 0.8 0.048 0.752
61 0.8 0.048 0.752
99 0.8 0.048 0.752
85 0.752 0.288 0.464
85 0.464 0.16 0.304
85 0.304 0.016 0.288
18 0.752 0.16 0.592
18 0.592 0.016 0.576
85 0.288 0.016 0.272
18 0.576 0.048 0.528
40 0.752 0.048 0.704
61 0.752 0.048 0.704
85 0.272 0.048 0.224
18 0.528 0.144 0.384
18 0.384 0.16 0.224
40 0.704 0.16 0.544
40 0.544 0.016 0.528
85 0.224 0.016 0.208
40 0.528 0.048 0.48
18 0.224 0.048 0.176
61 0.704 0.048 0.656
85 0.208 0.048 0.16
40 0.48 0.096 0.384
40 0.384 0.16 0.224
46 0.752 0.16 0.592
46 0.592 0.016 0.576
85 0.16 0.016 0.144
46 0.576 0.048 0.528
61 0.656 0.048 0.608
85 0.144 0.048 0.096
99 0.752 0.048 0.704
46 0.528 0.096 0.432
46 0.432 0.16 0.272
61 0.608 0.16 0.448
99 0.704 0.16 0.544
99 0.544 0.016 0.528
85 0.096 0.016 0.08
99 0.528 0.048 0.48
46 0.272 0.048 0.224
61 0.448 0.048 0.4
85 0.08 0.048 0.032
40 0.224 0.16 0.064
18 0.176 0.16 0.016
61 0.4 0.16 0.24
85 0.032 0.16 -0.128
99 0.48 0.16 0.32
19 0.8 0.048 0.752
2 0.8 0.048 0.752
33 0.8 0.048 0.752
34 0.8 0.048 0.752
39 0.8 0.048 0.752
19 0.752 0.192 0.56
19 0.56 0.16 0.4
2 0.752 0.16 0.592
2 0.592 0.016 0.576
19 0.4 0.016 0.384
2 0.576 0.048 0.528
19 0.384 0.048 0.336
34 0.752 0.048 0.704
39 0.752 0.048 0.704
59 0.8 0.048 0.752
2 0.528 0.144 0.384
2 0.384 0.16 0.224
33 0.752 0.16 0.592
33 0.592 0.016 0.576
19 0.336 0.016 0.32
33 0.576 0.048 0.528
10 0.0913534 0.048 0.0433534
19 0.32 0.048 0.272
35 0.360829 0.048 0.312829
39 0.704 0.048 0.656
49 0.364496 0.048 0.316496
33 0.528 0.048 0.48
33 0.48 0.16 0.32
34 0.704 0.16 0.544
34 0.544 0.016 0.528
19 0.272 0.016 0.256
34 0.528 0.048 0.48
2 0.224 0.048 0.176
19 0.256 0.048 0.208
59 0.752 0.048 0.704
34 0.48 0.048 0.432
34 0.432 0.16 0.272
39 0.656 0.16 0.496
34 0.272 0.16 0.112
10 0.0433534 0.16 -0.116647
35 0.312829 0.16 0.152829
39 0.496 0.16 0.336
49 0.316496 0.16 0.156496
2 0.176 0.16 0.016
19 0.208 0.16 0.048
59 0.704 0.16 0.544
59 0.544 0.016 0.528
34 0.112 0.016 0.096
59 0.528 0.048 0.48
2 0.016 0.048 -0.032
34 0.096 0.048 0.048
76 0.8 0.048 0.752
59 0.48 0.048 0.432
59 0.432 0.16 0.272
2 0 0.16 -0.16
34 0.048 0.16 -0.112
76 0.752 0.16 0.592
76 0.592 0.016 0.576
59 0.272 0.016 0.256
76 0.576 0.048 0.528
59 0.256 0.048 0.208
83 0.8 0.048 0.752
76 0.528 0.048 0.48
76 0.48 0.16 0.32
59 0.208 0.16 0.048
83 0.752 0.16 0.592
83 0.592 0.016 0.576
76 0.32 0.016 0.304
83 0.576 0.048 0.528
27 0.8 0.048 0.752
76 0.304 0.048 0.256
83 0.528 0.048 0.48
83 0.48 0.16 0.32
27 0.752 0.16 0.592
27 0.592 0.016 0.576
83 0.32 0.016 0.304
27 0.576 0.048 0.528
83 0.304 0.048 0.256
88 0.8 0.048 0.752
27 0.528 0.048 0.48
27 0.48 0.16 0.32
76 0.256 0.16 0.096
83 0.256 0.16 0.096
88 0.752 0.16 0.592
88 0.592 0.016 0.576
27 0.32 0.016 0.304
88 0.576 0.048 0.528
27 0.304 0.048 0.256
31 0.8 0.048 0.752
54 0.8 0.048 0.752
81 0.8 0.048 0.752
88 0.528 0.144 0.384
88 0.384 0.16 0.224
27 0.256 0.16 0.096
31 0.752 0.16 0.592
31 0.592 0.016 0.576
88 0.224 0.016 0.208
31 0.576 0.048 0.528
37 0.8 0.048 0.752
54 0.752 0.048 0.704
81 0.752 0.048 0.704
88 0.208 0.048 0.16
97 0.8 0.048 0.752
31 0.528 0.192 0.336
31 0.336 0.16 0.176
54 0.704 0.16 0.544
54 0.544 0.016 0.528
88 0.16 0.016 0.144
54 0.528 0.048 0.48
31 0.176 0.048 0.128
37 0.752 0.048 0.704
81 0.704 0.048 0.656
88 0.144 0.048 0.096
97 0.752 0.048 0.704
54 0.48 0.144 0.336
54 0.336 0.16 0.176
81 0.656 0.16 0.496
54 0.176 0.16 0.016
31 0.128 0.16 -0.032
37 0.704 0.16 0.544
37 0.544 0.016 0.528
54 0.016 0.016 -9.71445e-17
37 0.528 0.048 0.48
5 0.8 0.048 0.752
31 0 0.048 -0.048
50 0.8 0.048 0.752
54 0 0.048 -0.048
97 0.704 0.048 0.656
37 0.48 0.144 0.336
37 0.336 0.16 0.176
81 0.496 0.16 0.336
88 0.096 0.16 -0.064
97 0.656 0.16 0.496
5 0.752 0.16 0.592
5 0.592 0.016 0.576
37 0.176 0.016 0.16
5 0.576 0.048 0.528
37 0.16 0.048 0.112
50 0.752 0.048 0.704
94 0.8 0.048 0.752
5 0.528 0.096 0.432
5 0.432 0.16 0.272
31 0 0.16 -0.16
50 0.704 0.16 0.544
50 0.544 0.016 0.528
37 0.112 0.016 0.096
50 0.528 0.048 0.48
5 0.272 0.048 0.224
37 0.096 0.048 0.048
94 0.752 0.048 0.704
50 0.48 0.048 0.432
50 0.432 0.16 0.272
54 0 0.16 -0.16
97 0.496 0.16 0.336
50 0.272 0.16 0.112
5 0.224 0.16 0.064
37 0.048 0.16 -0.112
94 0.704 0.16 0.544
94 0.544 0.016 0.528
50 0.112 0.016 0.096
94 0.528 0.048 0.48
5 0.064 0.048 0.016
50 0.096 0.048 0.048
56 0.486771 0.048 0.438771
9 0.138148 0.048 0.0901476
25 0.0725653 0.048 0.0245653
63 0.308839 0.048 0.260839
58 0.8 0.048 0.752
1 0.8 0.048 0.752
11 0.8 0.048 0.752
77 0.8 0.048 0.752
79 0.8 0.048 0.752
100 0.8 0.048 0.752
58 0.752 0.24 0.512
58 0.512 0.16 0.352
1 0.752 0.16 0.592
1 0.592 0.016 0.576
58 0.352 0.016 0.336
1 0.576 0.048 0.528
6 0.8 0.048 0.752
11 0.752 0.048 0.704
58 0.336 0.048 0.288
77 0.752 0.048 0.704
79 0.752 0.048 0.704
90 0.8 0.048 0.752
100 0.752 0.048 0.704
1 0.528 0.288 0.24
1 0.24 0.16 0.08
11 0.704 0.16 0.544
11 0.544 0.016 0.528
58 0.288 0.016 0.272
11 0.528 0.048 0.48
1 0.08 0.048 0.032
6 0.752 0.048 0.704
58 0.272 0.048 0.224
77 0.704 0.048 0.656
79 0.704 0.048 0.656
90 0.752 0.048 0.704
100 0.704 0.048 0.656
11 0.48 0.24 0.24
11 0.24 0.16 0.08
77 0.656 0.16 0.496
79 0.656 0.16 0.496
100 0.656 0.16 0.496
11 0.08 0.16 -0.08
1 0.032 0.16 -0.128
6 0.704 0.16 0.544
6 0.544 0.016 0.528
11 0 0.016 -0.016
6 0.528 0.048 0.48
1 0 0.048 -0.048
11 0 0.048 -0.048
77 0.496 0.048 0.448
90 0.704 0.048 0.656
100 0.496 0.048 0.448
6 0.48 0.048 0.432
6 0.432 0.16 0.272
58 0.224 0.16 0.064
77 0.448 0.16 0.288
79 0.496 0.16 0.336
90 0.656 0.16 0.496
100 0.448 0.16 0.288
1 0 0.16 -0.16
11 0 0.16 -0.16
77 0.288 0.16 0.128
90 0.496 0.16 0.336
100 0.288 0.16 0.128
8 0.8 0.048 0.752
13 0.8 0.048 0.752
16 0.8 0.048 0.752
21 0.8 0.048 0.752
38 0.8 0.048 0.752
8 0.752 0.192 0.56
8 0.56 0.16 0.4
13 0.752 0.16 0.592
13 0.592 0.016 0.576
8 0.4 0.016 0.384
13 0.576 0.048 0.528
8 0.384 0.048 0.336
14 0.8 0.048 0.752
16 0.752 0.048 0.704
21 0.752 0.048 0.704
38 0.752 0.048 0.704
13 0.528 0.192 0.336
13 0.336 0.16 0.176
16 0.704 0.16 0.544
16 0.544 0.016 0.528
8 0.336 0.016 0.32
16 0.528 0.048 0.48
8 0.32 0.048 0.272
13 0.176 0.048 0.128
14 0.752 0.048 0.704
21 0.704 0.048 0.656
38 0.704 0.048 0.656
16 0.48 0.144 0.336
16 0.336 0.16 0.176
21 0.656 0.16 0.496
38 0.656 0.16 0.496
16 0.176 0.16 0.016
8 0.272 0.16 0.112
13 0.128 0.16 -0.032
14 0.704 0.16 0.544
14 0.544 0.016 0.528
16 0.016 0.016 -9.71445e-17
14 0.528 0.048 0.48
13 0 0.048 -0.048
16 0 0.048 -0.048
43 0.8 0.048 0.752
14 0.48 0.048 0.432
14 0.432 0.16 0.272
21 0.496 0.16 0.336
38 0.496 0.16 0.336
13 0 0.16 -0.16
16 0 0.16 -0.16
43 0.752 0.16 0.592
43 0.592 0.016 0.576
14 0.272 0.016 0.256
43 0.576 0.048 0.528
14 0.256 0.048 0.208
42 0.8 0.048 0.752
73 0.8 0.048 0.752
43 0.528 0.096 0.432
43 0.432 0.16 0.272
14 0.208 0.16 0.048
42 0.752 0.16 0.592
42 0.592 0.016 0.576
43 0.272 0.016 0.256
42 0.576 0.048 0.528
4 0.8 0.048 0.752
43 0.256 0.048 0.208
48 0.8 0.048 0.752
73 0.752 0.048 0.704
42 0.528 0.144 0.384
42 0.384 0.16 0.224
73 0.704 0.16 0.544
73 0.544 0.016 0.528
43 0.208 0.016 0.192
73 0.528 0.048 0.48
4 0.752 0.048 0.704
42 0.224 0.048 0.176
43 0.192 0.048 0.144
48 0.752 0.048 0.704
73 0.48 0.096 0.384
73 0.384 0.16 0.224
73 0.224 0.16 0.064
4 0.704 0.16 0.544
4 0.544 0.016 0.528
73 0.064 0.016 0.048
4 0.528 0.048 0.48
42 0.176 0.048 0.128
48 0.704 0.048 0.656
73 0.048 0.048 -1.11022e-16
4 0.48 0.048 0.432
4 0.432 0.16 0.272
42 0.128 0.16 -0.032
43 0.144 0.16 -0.016
48 0.656 0.16 0.496
42 0 0.16 -0.16
48 0.496 0.16 0.336
73 0 0.16 -0.16
22 0.8 0.048 0.752
55 0.8 0.048 0.752
60 0.8 0.048 0.752
72 0.8 0.048 0.752
98 0.8 0.048 0.752
22 0.752 0.192 0.56
22 0.56 0.16 0.4
55 0.752 0.16 0.592
55 0.592 0.016 0.576
22 0.4 0.016 0.384
55 0.576 0.048 0.528
22 0.384 0.048 0.336
60 0.752 0.048 0.704
72 0.752 0.048 0.704
96 0.8 0.048 0.752
98 0.752 0.048 0.704
55 0.528 0.192 0.336
55 0.336 0.16 0.176
60 0.704 0.16 0.544
60 0.544 0.016 0.528
22 0.336 0.016 0.32
60 0.528 0.048 0.48
22 0.32 0.048 0.272
55 0.176 0.048 0.128
72 0.704 0.048 0.656
96 0.752 0.048 0.704
98 0.704 0.048 0.656
60 0.48 0.144 0.336
60 0.336 0.16 0.176
72 0.656 0.16 0.496
98 0.656 0.16 0.496
60 0.176 0.16 0.016
22 0.272 0.16 0.112
55 0.128 0.16 -0.032
72 0.496 0.16 0.336
96 0.704 0.16 0.544
96 0.544 0.016 0.528
60 0.016 0.016 -9.71445e-17
96 0.528 0.048 0.48
15 0.8 0.048 0.752
55 0 0.048 -0.048
60 0 0.048 -0.048
72 0.336 0.048 0.288
96 0.48 0.048 0.432
96 0.432 0.16 0.272
98 0.496 0.16 0.336
15 0.752 0.16 0.592
15 0.592 0.016 0.576
96 0.272 0.016 0.256
15 0.576 0.048 0.528
57 0.8 0.048 0.752
96 0.256 0.048 0.208
15 0.528 0.048 0.48
15 0.48 0.16 0.32
55 0 0.16 -0.16
60 0 0.16 -0.16
72 0.288 0.16 0.128
57 0.752 0.16 0.592
57 0.592 0.016 0.576
15 0.32 0.016 0.304
57 0.576 0.048 0.528
15 0.304 0.048 0.256
96 0.208 0.16 0.048
93 0.700125 0.048 0.652125
41 0.641046 0.048 0.593046
52 0.378232 0.048 0.330232
44 0.70128 0.048 0.65328
24 0.602681 0.048 0.554681
69 0.452539 0.048 0.404539
3 0.442671 0.048 0.394671
23 0.383099 0.048 0.335099
53 0.357926 0.048 0.309926
62 0.378951 0.048 0.330951
65 0.381059 0.048 0.333059
68 0.454883 0.048 0.406883
89 0.463943 0.048 0.415943
99 0.696884 0.048 0.648884
46 0.590403 0.048 0.542403
61 0.618024 0.048 0.570024
99 0.648884 0.048 0.600884
99 0.600884 0.16 0.440884
46 0.542403 0.16 0.382403
61 0.570024 0.16 0.410024
94 0.8 0.048 0.752
5 0.384257 0.048 0.336257
50 0.432764 0.048 0.384764
89 0.494088 0.048 0.446088
23 0.406486 0.048 0.358486
53 0.383219 0.048 0.335219
62 0.409841 0.048 0.361841
65 0.411399 0.048 0.363399
68 0.478993 0.048 0.430993
69 0.404539 0.048 0.356539
87 0.520309 0.048 0.472309
77 0.49183 0.048 0.44383
1 0.305174 0.048 0.257174
6 0.6492 0.048 0.6012
11 0.301265 0.048 0.253265
58 0.439887 0.048 0.391887
79 0.707591 0.048 0.659591
90 0.705019 0.048 0.657019
100 0.441068 0.048 0.393068
77 0.44383 0.096 0.34783
77 0.34783 0.16 0.18783
1 0.257174 0.16 0.0971743
6 0.6012 0.16 0.4412
11 0.253265 0.16 0.093265
58 0.391887 0.16 0.231887
79 0.659591 0.16 0.499591
79 0.499591 0.016 0.483591
77 0.18783 0.016 0.17183
79 0.483591 0.048 0.435591
1 0.0971743 0.048 0.0491743
11 0.093265 0.048 0.045265
58 0.231887 0.048 0.183887
77 0.17183 0.048 0.12383
100 0.393068 0.048 0.345068
90 0.657019 0.16 0.497019
90 0.497019 0.016 0.481019
77 0.12383 0.016 0.10783
90 0.481019 0.048 0.433019
1 0.0491743 0.048 0.00117435
6 0.4412 0.048 0.3932
11 0.045265 0.048 -0.00273496
58 0.183887 0.048 0.135887
77 0.10783 0.048 0.0598303
100 0.345068 0.048 0.297068
100 0.297068 0.16 0.137068
56 0.8 0.048 0.752
9 0.466465 0.048 0.418465
25 0.40035 0.048 0.35235
63 0.629068 0.048 0.581068
56 0.752 0.048 0.704
56 0.704 0.16 0.544
9 0.418465 0.16 0.258465
25 0.35235 0.16 0.19235
63 0.581068 0.16 0.421068
61 0.482831 0.048 0.434831
18 0.476364 0.048 0.428364
46 0.455616 0.048 0.407616
85 0.526561 0.048 0.478561
99 0.518827 0.048 0.470827
80 0.529091 0.048 0.481091
3 0.548591 0.048 0.500591
29 0.699018 0.048 0.651018
65 0.434864 0.048 0.386864
80 0.481091 0.048 0.433091
80 0.433091 0.16 0.273091
3 0.500591 0.16 0.340591
29 0.651018 0.16 0.491018
65 0.386864 0.16 0.226864
84 0.8 0.048 0.752
32 0.8 0.048 0.752
47 0.8 0.048 0.752
95 0.8 0.048 0.752
84 0.752 0.144 0.608
84 0.608 0.16 0.448
32 0.752 0.16 0.592
32 0.592 0.016 0.576
84 0.448 0.016 0.432
32 0.576 0.048 0.528
47 0.752 0.048 0.704
84 0.432 0.048 0.384
95 0.752 0.048 0.704
32 0.528 0.096 0.432
32 0.432 0.16 0.272
47 0.704 0.16 0.544
47 0.544 0.016 0.528
84 0.384 0.016 0.368
47 0.528 0.048 0.48
32 0.272 0.048 0.224
84 0.368 0.048 0.32
91 0.8 0.048 0.752
95 0.704 0.048 0.656
47 0.48 0.096 0.384
47 0.384 0.16 0.224
95 0.656 0.16 0.496
47 0.224 0.16 0.064
32 0.224 0.16 0.064
84 0.32 0.16 0.16
91 0.752 0.16 0.592
91 0.592 0.016 0.576
47 0.064 0.016 0.048
91 0.576 0.048 0.528
47 0.048 0.048 -1.11022e-16
74 0.8 0.048 0.752
82 0.8 0.048 0.752
95 0.496 0.048 0.448
91 0.528 0.096 0.432
91 0.432 0.16 0.272
95 0.448 0.16 0.288
47 0 0.16 -0.16
74 0.752 0.16 0.592
74 0.592 0.016 0.576
91 0.272 0.016 0.256
74 0.576 0.048 0.528
45 0.8 0.048 0.752
82 0.752 0.048 0.704
91 0.256 0.048 0.208
74 0.528 0.096 0.432
74 0.432 0.16 0.272
82 0.704 0.16 0.544
82 0.544 0.016 0.528
91 0.208 0.016 0.192
82 0.528 0.048 0.48
12 0.8 0.048 0.752
45 0.752 0.048 0.704
74 0.272 0.048 0.224
91 0.192 0.048 0.144
82 0.48 0.096 0.384
82 0.384 0.16 0.224
95 0.288 0.16 0.128
82 0.224 0.16 0.064
12 0.752 0.16 0.592
12 0.592 0.016 0.576
82 0.064 0.016 0.048
12 0.576 0.048 0.528
30 0.8 0.048 0.752
45 0.704 0.048 0.656
82 0.048 0.048 -1.11022e-16
12 0.528 0.096 0.432
12 0.432 0.16 0.272
45 0.656 0.16 0.496
74 0.224 0.16 0.064
91 0.144 0.16 -0.016
30 0.752 0.16 0.592
30 0.592 0.016 0.576
12 0.272 0.016 0.256
30 0.576 0.048 0.528
12 0.256 0.048 0.208
45 0.496 0.048 0.448
45 0.448 0.16 0.288
82 0 0.16 -0.16
35 0.663063 0.048 0.615063
7 0.524551 0.048 0.476551
10 0.450586 0.048 0.402586
23 0.437875 0.048 0.389875
49 0.609399 0.048 0.561399
53 0.412808 0.048 0.364808
66 0.8 0.048 0.752
87 0.623205 0.048 0.575205
35 0.615063 0.144 0.471063
35 0.471063 0.16 0.311063
7 0.476551 0.16 0.316551
10 0.402586 0.16 0.242586
23 0.389875 0.16 0.229875
49 0.561399 0.16 0.401399
53 0.364808 0.16 0.204808
66 0.752 0.16 0.592
66 0.592 0.016 0.576
35 0.311063 0.016 0.295063
66 0.576 0.048 0.528
7 0.316551 0.048 0.268551
10 0.242586 0.048 0.194586
23 0.229875 0.048 0.181875
35 0.295063 0.048 0.247063
49 0.401399 0.048 0.353399
53 0.204808 0.048 0.156808
68 0.502249 0.048 0.454249
87 0.575205 0.048 0.527205
66 0.528 0.048 0.48
66 0.48 0.16 0.32
87 0.527205 0.16 0.367205
7 0.268551 0.16 0.108551
10 0.194586 0.16 0.0345864
23 0.181875 0.16 0.0218754
35 0.247063 0.16 0.0870628
49 0.353399 0.16 0.193399
53 0.156808 0.16 -0.00319237
68 0.454249 0.16 0.294249
87 0.367205 0.16 0.207205
26 0.8 0.048 0.752
71 0.8 0.048 0.752
75 0.8 0.048 0.752
86 0.8 0.048 0.752
26 0.752 0.144 0.608
26 0.608 0.16 0.448
71 0.752 0.16 0.592
71 0.592 0.016 0.576
26 0.448 0.016 0.432
71 0.576 0.048 0.528
26 0.432 0.048 0.384
36 0.8 0.048 0.752
75 0.752 0.048 0.704
86 0.752 0.048 0.704
71 0.528 0.144 0.384
71 0.384 0.16 0.224
75 0.704 0.16 0.544
75 0.544 0.016 0.528
26 0.384 0.016 0.368
75 0.528 0.048 0.48
26 0.368 0.048 0.32
36 0.752 0.048 0.704
71 0.224 0.048 0.176
86 0.704 0.048 0.656
75 0.48 0.096 0.384
75 0.384 0.16 0.224
86 0.656 0.16 0.496
75 0.224 0.16 0.064
26 0.32 0.16 0.16
36 0.704 0.16 0.544
36 0.544 0.016 0.528
75 0.064 0.016 0.048
36 0.528 0.048 0.48
57 0.8 0.048 0.752
71 0.176 0.048 0.128
75 0.048 0.048 -1.11022e-16
86 0.496 0.048 0.448
71 0.128 0.16 -0.032
86 0.448 0.16 0.288
57 0.752 0.048 0.704
15 0.638637 0.048 0.590637
76 0.697433 0.048 0.649433
34 0.520152 0.048 0.472152
59 0.64771 0.048 0.59971
83 0.616459 0.048 0.568459
76 0.649433 0.096 0.553433
76 0.553433 0.16 0.393433
34 0.472152 0.16 0.312152
59 0.59971 0.16 0.43971
83 0.568459 0.16 0.408459
93 0.8 0.048 0.752
41 0.8 0.048 0.752
52 0.701799 0.048 0.653799
43 0.596981 0.048 0.548981
14 0.640934 0.048 0.592934
42 0.592869 0.048 0.544869
43 0.548981 0.048 0.500981
43 0.500981 0.16 0.340981
14 0.592934 0.16 0.432934
42 0.544869 0.16 0.384869
44 0.8 0.048 0.752
24 0.8 0.048 0.752
12 0.433579 0.048 0.385579
30 0.758415 0.048 0.710415
45 0.510451 0.048 0.462451
73 0.587895 0.048 0.539895
4 0.8 0.048 0.752
42 0.384869 0.048 0.336869
48 0.8 0.048 0.752
73 0.539895 0.048 0.491895
73 0.491895 0.16 0.331895
4 0.752 0.16 0.592
42 0.336869 0.16 0.176869
48 0.752 0.16 0.592
48 0.592 0.016 0.576
73 0.331895 0.016 0.315895
48 0.576 0.048 0.528
4 0.592 0.048 0.544
42 0.176869 0.048 0.128869
67 0.8 0.048 0.752
73 0.315895 0.048 0.267895
48 0.528 0.048 0.48
48 0.48 0.16 0.32
4 0.544 0.16 0.384
42 0.128869 0.16 -0.0311312
67 0.752 0.16 0.592
67 0.592 0.016 0.576
48 0.32 0.016 0.304
67 0.576 0.048 0.528
20 0.8 0.048 0.752
48 0.304 0.048 0.256
92 0.8 0.048 0.752
67 0.528 0.096 0.432
67 0.432 0.16 0.272
73 0.267895 0.16 0.107895
20 0.752 0.16 0.592
20 0.592 0.016 0.576
67 0.272 0.016 0.256
20 0.576 0.048 0.528
67 0.256 0.048 0.208
92 0.752 0.048 0.704
20 0.528 0.048 0.48
20 0.48 0.16 0.32
48 0.256 0.16 0.096
92 0.704 0.16 0.544
92 0.544 0.016 0.528
67 0.208 0.016 0.192
92 0.528 0.048 0.48
20 0.32 0.048 0.272
67 0.192 0.048 0.144
67 0.144 0.16 -0.016
92 0.48 0.16 0.32
16 0.601805 0.048 0.553805
8 0.8 0.048 0.752
13 0.688684 0.048 0.640684
14 0.432934 0.048 0.384934
21 0.8 0.048 0.752
16 0.553805 0.096 0.457805
16 0.457805 0.16 0.297805
8 0.752 0.16 0.592
8 0.592 0.016 0.576
16 0.297805 0.016 0.281805
8 0.576 0.048 0.528
13 0.640684 0.048 0.592684
14 0.384934 0.048 0.336934
16 0.281805 0.048 0.233805
21 0.752 0.048 0.704
38 0.8 0.048 0.752
8 0.528 0.096 0.432
8 0.432 0.16 0.272
13 0.592684 0.16 0.432684
14 0.336934 0.16 0.176934
21 0.704 0.16 0.544
21 0.544 0.016 0.528
16 0.233805 0.016 0.217805
21 0.528 0.048 0.48
8 0.272 0.048 0.224
13 0.432684 0.048 0.384684
16 0.217805 0.048 0.169805
38 0.752 0.048 0.704
21 0.48 0.096 0.384
21 0.384 0.16 0.224
14 0.176934 0.16 0.0169336
21 0.224 0.16 0.064
21 0.064 0.016 0.048
8 0.224 0.16 0.064
13 0.384684 0.16 0.224684
16 0.169805 0.16 0.00980489
38 0.704 0.16 0.544
38 0.544 0.016 0.528
21 0.048 0.016 0.032
38 0.528 0.048 0.48
8 0.064 0.048 0.016
13 0.224684 0.048 0.176684
21 0.032 0.048 -0.016
38 0.48 0.048 0.432
38 0.432 0.16 0.272
8 0.016 0.16 -0.144
13 0.176684 0.16 0.0166842
21 0 0.16 -0.16
69 0.726442 0.048 0.678442
23 0.248276 0.048 0.200276
62 0.651738 0.048 0.603738
65 0.446356 0.048 0.398356
68 0.523706 0.048 0.475706
87 0.434451 0.048 0.386451
89 0.755884 0.048 0.707884
52 0.732183 0.048 0.684183
41 0.8 0.048 0.752
78 0.8 0.048 0.752
93 0.8 0.048 0.752
52 0.684183 0.048 0.636183
52 0.636183 0.16 0.476183
41 0.752 0.16 0.592
78 0.752 0.16 0.592
78 0.592 0.016 0.576
52 0.476183 0.016 0.460183
78 0.576 0.048 0.528
9 0.627298 0.048 0.579298
25 0.564249 0.048 0.516249
52 0.460183 0.048 0.412183
78 0.528 0.048 0.48
78 0.48 0.16 0.32
93 0.752 0.16 0.592
9 0.579298 0.16 0.419298
25 0.516249 0.16 0.356249
52 0.412183 0.16 0.252183
94 0.8 0.048 0.752
5 0.697158 0.048 0.649158
50 0.764262 0.048 0.716262
89 0.78185 0.048 0.73385
23 0.275616 0.048 0.227616
53 0.29973 0.048 0.25173
62 0.67383 0.048 0.62583
65 0.473102 0.048 0.425102
66 0.618738 0.048 0.570738
68 0.549025 0.048 0.501025
69 0.678442 0.048 0.630442
87 0.386451 0.048 0.338451
89 0.73385 0.048 0.68585
89 0.68585 0.16 0.52585
23 0.227616 0.16 0.0676157
53 0.25173 0.16 0.0917296
62 0.62583 0.16 0.46583
65 0.425102 0.16 0.265102
66 0.570738 0.16 0.410738
68 0.501025 0.16 0.341025
69 0.630442 0.16 0.470442
87 0.338451 0.16 0.178451
79 0.8 0.048 0.752
1 0.37477 0.048 0.32677
11 0.372078 0.048 0.324078
58 0.517264 0.048 0.469264
77 0.440355 0.048 0.392355
100 0.523016 0.048 0.475016
90 0.8 0.048 0.752
1 0.32677 0.048 0.27877
6 0.76548 0.048 0.71748
11 0.324078 0.048 0.276078
58 0.469264 0.048 0.421264
77 0.392355 0.048 0.344355
100 0.475016 0.048 0.427016
61 0.8 0.048 0.752
18 0.795726 0.048 0.747726
40 0.8 0.048 0.752
46 0.78798 0.048 0.73998
85 0.8 0.048 0.752
61 0.752 0.096 0.656
61 0.656 0.16 0.496
18 0.747726 0.16 0.587726
40 0.752 0.16 0.592
40 0.592 0.016 0.576
61 0.496 0.016 0.48
40 0.576 0.048 0.528
17 0.8 0.048 0.752
18 0.587726 0.048 0.539726
61 0.48 0.048 0.432
40 0.528 0.048 0.48
40 0.48 0.16 0.32
46 0.73998 0.16 0.57998
85 0.752 0.16 0.592
85 0.592 0.016 0.576
61 0.432 0.016 0.416
85 0.576 0.048 0.528
18 0.539726 0.048 0.491726
46 0.57998 0.048 0.53198
61 0.416 0.048 0.368
99 0.8 0.048 0.752
17 0.752 0.16 0.592
17 0.592 0.016 0.576
40 0.32 0.016 0.304
17 0.576 0.048 0.528
40 0.304 0.048 0.256
18 0.491726 0.16 0.331726
61 0.368 0.16 0.208
30 0.8 0.048 0.752
12 0.536975 0.048 0.488975
36 0.8 0.048 0.752
57 0.8 0.048 0.752
71 0.365742 0.048 0.317742
75 0.372906 0.048 0.324906
86 0.669078 0.048 0.621078
36 0.752 0.048 0.704
36 0.704 0.16 0.544
57 0.752 0.16 0.592
71 0.317742 0.16 0.157742
75 0.324906 0.16 0.164906
86 0.621078 0.16 0.461078
38 0.490854 0.048 0.442854
8 0.141736 0.048 0.0937365
13 0.162695 0.048 0.114695
16 0.232168 0.048 0.184168
21 0.147689 0.048 0.0996895
57 0.592 0.048 0.544
36 0.544 0.048 0.496
86 0.461078 0.048 0.413078
91 0.450566 0.048 0.402566
74 0.514083 0.048 0.466083
82 0.45165 0.048 0.40365
95 0.588934 0.048 0.540934
95 0.615328 0.048 0.567328
32 0.663315 0.048 0.615315
47 0.523229 0.048 0.475229
84 0.690148 0.048 0.642148
91 0.482378 0.048 0.434378
95 0.567328 0.048 0.519328
95 0.519328 0.16 0.359328
32 0.615315 0.16 0.455315
47 0.475229 0.16 0.315229
84 0.642148 0.16 0.482148
91 0.434378 0.16 0.274378
93 0.8 0.048 0.752
41 0.8 0.048 0.752
52 0.540004 0.048 0.492004
44 0.8 0.048 0.752
24 0.8 0.048 0.752
64 0.8 0.048 0.752
44 0.752 0.048 0.704
44 0.704 0.16 0.544
24 0.752 0.16 0.592
64 0.752 0.16 0.592
64 0.592 0.016 0.576
44 0.544 0.016 0.528
64 0.576 0.048 0.528
24 0.592 0.048 0.544
29 0.8 0.048 0.752
44 0.528 0.048 0.48
51 0.8 0.048 0.752
70 0.8 0.048 0.752
50 0.8 0.048 0.752
5 0.8 0.048 0.752
94 0.8 0.048 0.752
67 0.38274 0.048 0.33474
20 0.63883 0.048 0.59083
48 0.475065 0.048 0.427065
92 0.616752 0.048 0.568752
67 0.33474 0.048 0.28674
67 0.28674 0.16 0.12674
67 0.12674 0.016 0.11074
20 0.59083 0.16 0.43083
48 0.427065 0.16 0.267065
92 0.568752 0.16 0.408752
12 0.712807 0.048 0.664807
30 0.8 0.048 0.752
45 0.8 0.048 0.752
82 0.547946 0.048 0.499946
12 0.664807 0.096 0.568807
12 0.568807 0.16 0.408807
30 0.752 0.16 0.592
45 0.752 0.16 0.592
45 0.592 0.016 0.576
12 0.408807 0.016 0.392807
45 0.576 0.048 0.528
12 0.392807 0.048 0.344807
30 0.592 0.048 0.544
74 0.614715 0.048 0.566715
82 0.499946 0.048 0.451946
91 0.348381 0.048 0.300381
82 0.451946 0.16 0.291946
51 0.752 0.048 0.704
24 0.544 0.048 0.496
64 0.528 0.048 0.48
70 0.752 0.048 0.704
92 0.483517 0.048 0.435517
20 0.43083 0.048 0.38283
67 0.11074 0.048 0.0627399
92 0.435517 0.048 0.387517
92 0.387517 0.16 0.227517
92 0.227517 0.016 0.211517
20 0.38283 0.16 0.22283
67 0.0627399 0.16 -0.0972601
69 0.8 0.048 0.752
3 0.8 0.048 0.752
23 0.375668 0.048 0.327668
62 0.756921 0.048 0.708921
65 0.569721 0.048 0.521721
68 0.64534 0.048 0.59734
89 0.8 0.048 0.752
69 0.752 0.096 0.656
69 0.656 0.16 0.496
3 0.752 0.16 0.592
23 0.327668 0.16 0.167668
62 0.708921 0.16 0.548921
65 0.521721 0.16 0.361721
68 0.59734 0.16 0.43734
89 0.752 0.16 0.592
94 0.8 0.048 0.752
5 0.8 0.048 0.752
50 0.8 0.048 0.752
79 0.8 0.048 0.752
1 0.649739 0.048 0.601739
11 0.666093 0.048 0.618093
58 0.789574 0.048 0.741574
77 0.711189 0.048 0.663189
90 0.8 0.048 0.752
100 0.797658 0.048 0.749658
79 0.752 0.144 0.608
79 0.608 0.16 0.448
90 0.752 0.048 0.704
1 0.601739 0.048 0.553739
6 0.8 0.048 0.752
11 0.618093 0.048 0.570093
58 0.741574 0.048 0.693574
77 0.663189 0.048 0.615189
79 0.448 0.048 0.4
100 0.749658 0.048 0.701658
90 0.704 0.144 0.56
90 0.56 0.16 0.4
90 0.4 0.16 0.24
1 0.553739 0.16 0.393739
6 0.752 0.16 0.592
11 0.570093 0.16 0.410093
58 0.693574 0.16 0.533574
58 0.533574 0.016 0.517574
90 0.24 0.016 0.224
58 0.517574 0.048 0.469574
1 0.393739 0.048 0.345739
11 0.410093 0.048 0.362093
77 0.615189 0.048 0.567189
79 0.4 0.048 0.352
90 0.224 0.048 0.176
100 0.701658 0.048 0.653658
58 0.469574 0.048 0.421574
58 0.421574 0.16 0.261574
77 0.567189 0.16 0.407189
79 0.352 0.16 0.192
100 0.653658 0.16 0.493658
1 0.345739 0.16 0.185739
11 0.362093 0.16 0.202093
77 0.407189 0.16 0.247189
79 0.192 0.16 0.032
90 0.176 0.16 0.016
100 0.493658 0.16 0.333658
65 0.517421 0.048 0.469421
3 0.668703 0.048 0.620703
62 0.698585 0.048 0.650585
69 0.572171 0.048 0.524171
85 0.8 0.048 0.752
18 0.705736 0.048 0.657736
40 0.623425 0.048 0.575425
46 0.8 0.048 0.752
61 0.582347 0.048 0.534347
99 0.8 0.048 0.752
17 0.8 0.048 0.752
40 0.575425 0.048 0.527425
15 0.8 0.048 0.752
57 0.8 0.048 0.752
96 0.8 0.048 0.752
15 0.752 0.048 0.704
15 0.704 0.16 0.544
57 0.752 0.16 0.592
96 0.752 0.16 0.592
96 0.592 0.016 0.576
15 0.544 0.016 0.528
96 0.576 0.048 0.528
15 0.528 0.048 0.48
60 0.8 0.048 0.752
22 0.8 0.048 0.752
55 0.8 0.048 0.752
72 0.8 0.048 0.752
98 0.8 0.048 0.752
60 0.752 0.144 0.608
60 0.608 0.16 0.448
22 0.752 0.16 0.592
22 0.592 0.016 0.576
60 0.448 0.016 0.432
22 0.576 0.048 0.528
55 0.752 0.048 0.704
60 0.432 0.048 0.384
72 0.752 0.048 0.704
98 0.752 0.048 0.704
22 0.528 0.096 0.432
22 0.432 0.16 0.272
55 0.704 0.16 0.544
72 0.704 0.16 0.544
72 0.544 0.016 0.528
60 0.384 0.016 0.368
72 0.528 0.048 0.48
22 0.272 0.048 0.224
55 0.544 0.048 0.496
60 0.368 0.048 0.32
98 0.704 0.048 0.656
72 0.48 0.048 0.432
72 0.432 0.16 0.272
98 0.656 0.16 0.496
72 0.272 0.16 0.112
22 0.224 0.16 0.064
55 0.496 0.16 0.336
60 0.32 0.16 0.16
98 0.496 0.16 0.336
30 0.684728 0.048 0.636728
12 0.49145 0.048 0.44345
45 0.672671 0.048 0.624671
38 0.8 0.048 0.752
8 0.473117 0.048 0.425117
13 0.493573 0.048 0.445573
21 0.467377 0.048 0.419377
34 0.8 0.048 0.752
2 0.8 0.048 0.752
19 0.8 0.048 0.752
59 0.8 0.048 0.752
34 0.752 0.096 0.656
34 0.656 0.16 0.496
2 0.752 0.16 0.592
19 0.752 0.16 0.592
19 0.592 0.016 0.576
34 0.496 0.016 0.48
19 0.576 0.048 0.528
2 0.592 0.048 0.544
34 0.48 0.048 0.432
39 0.8 0.048 0.752
19 0.528 0.048 0.48
19 0.48 0.16 0.32
59 0.752 0.16 0.592
59 0.592 0.016 0.576
34 0.432 0.016 0.416
59 0.576 0.048 0.528
2 0.544 0.048 0.496
34 0.416 0.048 0.368
76 0.8 0.048 0.752
2 0.496 0.16 0.336
34 0.368 0.16 0.208
39 0.752 0.16 0.592
39 0.592 0.016 0.576
19 0.32 0.016 0.304
39 0.576 0.048 0.528
19 0.304 0.048 0.256
33 0.8 0.048 0.752
57 0.6643 0.048 0.6163
36 0.8 0.048 0.752
86 0.787145 0.048 0.739145
57 0.6163 0.048 0.5683
57 0.5683 0.16 0.4083
36 0.752 0.16 0.592
86 0.739145 0.16 0.579145
86 0.579145 0.016 0.563145
57 0.4083 0.016 0.3923
86 0.563145 0.048 0.515145
36 0.592 0.048 0.544
57 0.3923 0.048 0.3443
71 0.549636 0.048 0.501636
75 0.541588 0.048 0.493588
91 0.522371 0.048 0.474371
45 0.69504 0.048 0.64704
74 0.795067 0.048 0.747067
82 0.512642 0.048 0.464642
75 0.567058 0.048 0.519058
26 0.8 0.048 0.752
36 0.622863 0.048 0.574863
71 0.57855 0.048 0.53055
86 0.585253 0.048 0.537253
75 0.519058 0.048 0.471058
75 0.471058 0.16 0.311058
26 0.752 0.16 0.592
26 0.592 0.016 0.576
75 0.311058 0.016 0.295058
26 0.576 0.048 0.528
71 0.53055 0.048 0.48255
75 0.295058 0.048 0.247058
99 0.8 0.048 0.752
36 0.574863 0.16 0.414863
71 0.48255 0.16 0.32255
86 0.537253 0.16 0.377253
14 0.614126 0.048 0.566126
16 0.553541 0.048 0.505541
43 0.8 0.048 0.752
14 0.566126 0.048 0.518126
14 0.518126 0.16 0.358126
16 0.505541 0.16 0.345541
43 0.752 0.16 0.592
93 0.8 0.048 0.752
41 0.8 0.048 0.752
52 0.8 0.048 0.752
64 0.8 0.048 0.752
24 0.8 0.048 0.752
44 0.8 0.048 0.752
51 0.8 0.048 0.752
70 0.8 0.048 0.752
50 0.8 0.048 0.752
5 0.8 0.048 0.752
37 0.8 0.048 0.752
94 0.8 0.048 0.752
50 0.752 0.048 0.704
50 0.704 0.16 0.544
5 0.752 0.16 0.592
37 0.752 0.16 0.592
37 0.592 0.016 0.576
50 0.544 0.016 0.528
37 0.576 0.048 0.528
5 0.592 0.048 0.544
31 0.8 0.048 0.752
50 0.528 0.048 0.48
54 0.8 0.048 0.752
94 0.752 0.048 0.704
97 0.8 0.048 0.752
37 0.528 0.096 0.432
37 0.432 0.16 0.272
94 0.704 0.16 0.544
5 0.544 0.16 0.384
31 0.752 0.16 0.592
50 0.48 0.16 0.32
54 0.752 0.16 0.592
54 0.592 0.016 0.576
37 0.272 0.016 0.256
54 0.576 0.048 0.528
31 0.592 0.048 0.544
37 0.256 0.048 0.208
81 0.8 0.048 0.752
88 0.8 0.048 0.752
97 0.752 0.048 0.704
54 0.528 0.144 0.384
54 0.384 0.16 0.224
94 0.544 0.16 0.384
97 0.704 0.16 0.544
97 0.544 0.016 0.528
37 0.208 0.016 0.192
97 0.528 0.048 0.48
31 0.544 0.048 0.496
37 0.192 0.048 0.144
54 0.224 0.048 0.176
81 0.752 0.048 0.704
97 0.48 0.048 0.432
97 0.432 0.16 0.272
88 0.752 0.16 0.592
88 0.592 0.016 0.576
54 0.176 0.016 0.16
88 0.576 0.048 0.528
54 0.16 0.048 0.112
81 0.704 0.048 0.656
88 0.528 0.048 0.48
88 0.48 0.16 0.32
97 0.272 0.16 0.112
31 0.496 0.16 0.336
37 0.144 0.16 -0.016
54 0.112 0.16 -0.048
81 0.656 0.16 0.496
54 0 0.16 -0.16
81 0.496 0.16 0.336
45 0.795217 0.048 0.747217
12 0.674079 0.048 0.626079
30 0.8 0.048 0.752
74 0.8 0.048 0.752
82 0.617625 0.048 0.569625
91 0.625381 0.048 0.577381
45 0.747217 0.048 0.699217
45 0.699217 0.16 0.539217
12 0.626079 0.16 0.466079
30 0.752 0.16 0.592
74 0.752 0.16 0.592
82 0.569625 0.16 0.409625
91 0.577381 0.16 0.417381
51 0.752 0.048 0.704
24 0.752 0.048 0.704
29 0.8 0.048 0.752
64 0.752 0.048 0.704
70 0.752 0.048 0.704
51 0.704 0.048 0.656
51 0.656 0.16 0.496
24 0.704 0.16 0.544
29 0.752 0.16 0.592
29 0.592 0.016 0.576
51 0.496 0.016 0.48
29 0.576 0.048 0.528
51 0.48 0.048 0.432
70 0.704 0.048 0.656
64 0.704 0.16 0.544
70 0.656 0.16 0.496
94 0.455811 0.048 0.407811
5 0.460369 0.048 0.412369
37 0.0757957 0.048 0.0277957
50 0.39554 0.048 0.34754
65 0.8 0.048 0.752
3 0.8 0.048 0.752
23 0.68789 0.048 0.63989
62 0.8 0.048 0.752
69 0.8 0.048 0.752
80 0.8 0.048 0.752
89 0.8 0.048 0.752
85 0.8 0.048 0.752
18 0.8 0.048 0.752
46 0.8 0.048 0.752
61 0.8 0.048 0.752
99 0.8 0.048 0.752
17 0.8 0.048 0.752
40 0.8 0.048 0.752
79 0.477502 0.048 0.429502
96 0.8 0.048 0.752
15 0.8 0.048 0.752
72 0.487651 0.048 0.439651
92 0.66451 0.048 0.61651
20 0.753526 0.048 0.705526
67 0.531541 0.048 0.483541
30 0.744678 0.048 0.696678
12 0.616204 0.048 0.568204
38 0.8 0.048 0.752
8 0.792619 0.048 0.744619
13 0.8 0.048 0.752
16 0.713645 0.048 0.665645
21 0.8 0.048 0.752
98 0.787448 0.048 0.739448
38 0.752 0.144 0.608
38 0.608 0.16 0.448
8 0.744619 0.16 0.584619
13 0.752 0.16 0.592
16 0.665645 0.16 0.505645
16 0.505645 0.016 0.489645
38 0.448 0.016 0.432
16 0.489645 0.048 0.441645
8 0.584619 0.048 0.536619
13 0.592 0.048 0.544
14 0.727516 0.048 0.679516
21 0.752 0.048 0.704
38 0.432 0.048 0.384
43 0.8 0.048 0.752
16 0.441645 0.048 0.393645
16 0.393645 0.16 0.233645
21 0.704 0.16 0.544
21 0.544 0.016 0.528
38 0.384 0.016 0.368
21 0.528 0.048 0.48
8 0.536619 0.048 0.488619
13 0.544 0.048 0.496
16 0.233645 0.048 0.185645
38 0.368 0.048 0.32
98 0.739448 0.16 0.579448
98 0.579448 0.016 0.563448
38 0.32 0.016 0.304
98 0.563448 0.048 0.515448
22 0.504017 0.048 0.456017
38 0.304 0.048 0.256
55 0.787055 0.048 0.739055
60 0.599046 0.048 0.551046
72 0.439651 0.048 0.391651
98 0.515448 0.048 0.467448
98 0.467448 0.16 0.307448
8 0.488619 0.16 0.328619
13 0.496 0.16 0.336
14 0.679516 0.16 0.519516
21 0.48 0.16 0.32
43 0.752 0.16 0.592
22 0.456017 0.16 0.296017
38 0.256 0.16 0.096
55 0.739055 0.16 0.579055
60 0.551046 0.16 0.391046
72 0.391651 0.16 0.231651
59 0.8 0.048 0.752
2 0.706797 0.048 0.658797
27 0.8 0.048 0.752
34 0.586675 0.048 0.538675
76 0.8 0.048 0.752
83 0.8 0.048 0.752
59 0.752 0.096 0.656
59 0.656 0.16 0.496
39 0.8 0.048 0.752
19 0.638393 0.048 0.590393
33 0.8 0.048 0.752
2 0.658797 0.16 0.498797
27 0.752 0.16 0.592
27 0.592 0.016 0.576
59 0.496 0.016 0.48
27 0.576 0.048 0.528
59 0.48 0.048 0.432
76 0.752 0.048 0.704
83 0.752 0.048 0.704
27 0.528 0.048 0.48
27 0.48 0.16 0.32
34 0.538675 0.16 0.378675
76 0.704 0.16 0.544
83 0.704 0.16 0.544
83 0.544 0.016 0.528
59 0.432 0.016 0.416
83 0.528 0.048 0.48
27 0.32 0.048 0.272
59 0.416 0.048 0.368
76 0.544 0.048 0.496
59 0.368 0.16 0.208
76 0.496 0.16 0.336
83 0.48 0.16 0.32
86 0.680926 0.048 0.632926
36 0.70732 0.048 0.65932
71 0.626545 0.048 0.578545
75 0.550495 0.048 0.502495
86 0.632926 0.048 0.584926
86 0.584926 0.16 0.424926
36 0.65932 0.16 0.49932
71 0.578545 0.16 0.418545
75 0.502495 0.16 0.342495
91 0.644802 0.048 0.596802
45 0.757932 0.048 0.709932
47 0.8 0.048 0.752
74 0.8 0.048 0.752
82 0.634371 0.048 0.586371
95 0.8 0.048 0.752
91 0.596802 0.096 0.500802
91 0.500802 0.16 0.340802
45 0.709932 0.16 0.549932
47 0.752 0.16 0.592
47 0.592 0.016 0.576
91 0.340802 0.016 0.324802
47 0.576 0.048 0.528
32 0.8 0.048 0.752
84 0.8 0.048 0.752
91 0.324802 0.048 0.276802
95 0.752 0.048 0.704
47 0.528 0.048 0.48
47 0.48 0.16 0.32
74 0.752 0.16 0.592
82 0.586371 0.16 0.426371
95 0.704 0.16 0.544
32 0.752 0.16 0.592
84 0.752 0.16 0.592
84 0.592 0.016 0.576
47 0.32 0.016 0.304
84 0.576 0.048 0.528
28 0.8 0.048 0.752
32 0.592 0.048 0.544
47 0.304 0.048 0.256
95 0.544 0.048 0.496
84 0.528 0.048 0.48
84 0.48 0.16 0.32
91 0.276802 0.16 0.116802
95 0.496 0.16 0.336
28 0.752 0.16 0.592
28 0.592 0.016 0.576
84 0.32 0.016 0.304
28 0.576 0.048 0.528
84 0.304 0.048 0.256
32 0.544 0.16 0.384
47 0.256 0.16 0.096
95 0.336 0.16 0.176
26 0.8 0.048 0.752
71 0.489461 0.048 0.441461
75 0.416061 0.048 0.368061
90 0.461035 0.048 0.413035
1 0.715317 0.048 0.667317
6 0.8 0.048 0.752
11 0.740114 0.048 0.692114
77 0.772187 0.048 0.724187
79 0.506013 0.048 0.458013
100 0.8 0.048 0.752
90 0.413035 0.144 0.269035
90 0.269035 0.16 0.109035
1 0.667317 0.16 0.507317
6 0.752 0.16 0.592
11 0.692114 0.16 0.532114
11 0.532114 0.016 0.516114
90 0.109035 0.016 0.0930349
11 0.516114 0.048 0.468114
1 0.507317 0.048 0.459317
6 0.592 0.048 0.544
58 0.700274 0.048 0.652274
77 0.724187 0.048 0.676187
79 0.458013 0.048 0.410013
90 0.0930349 0.048 0.0450349
100 0.752 0.048 0.704
11 0.468114 0.096 0.372114
11 0.372114 0.16 0.212114
77 0.676187 0.16 0.516187
77 0.516187 0.016 0.500187
90 0.0450349 0.016 0.0290349
77 0.500187 0.048 0.452187
1 0.459317 0.048 0.411317
6 0.544 0.048 0.496
11 0.212114 0.048 0.164114
58 0.652274 0.048 0.604274
79 0.410013 0.048 0.362013
90 0.0290349 0.048 -0.0189651
100 0.704 0.048 0.656
77 0.452187 0.048 0.404187
77 0.404187 0.16 0.244187
79 0.362013 0.16 0.202013
100 0.656 0.16 0.496
77 0.244187 0.16 0.0841865
1 0.411317 0.16 0.251317
6 0.496 0.16 0.336
11 0.164114 0.16 0.00411368
58 0.604274 0.16 0.444274
79 0.202013 0.16 0.042013
90 0 0.16 -0.16
100 0.496 0.16 0.336
40 0.8 0.048 0.752
18 0.8 0.048 0.752
61 0.8 0.048 0.752
40 0.752 0.048 0.704
40 0.704 0.16 0.544
18 0.752 0.16 0.592
61 0.752 0.16 0.592
61 0.592 0.016 0.576
40 0.544 0.016 0.528
61 0.576 0.048 0.528
18 0.592 0.048 0.544
40 0.528 0.048 0.48
46 0.8 0.048 0.752
85 0.8 0.048 0.752
93 0.8 0.048 0.752
41 0.8 0.048 0.752
52 0.8 0.048 0.752
64 0.8 0.048 0.752
24 0.8 0.048 0.752
51 0.794849 0.048 0.746849
70 0.8 0.048 0.752
64 0.752 0.048 0.704
64 0.704 0.16 0.544
64 0.544 0.016 0.528
24 0.752 0.16 0.592
51 0.746849 0.16 0.586849
70 0.752 0.16 0.592
29 0.8 0.048 0.752
70 0.592 0.048 0.544
80 0.8 0.048 0.752
29 0.752 0.048 0.704
29 0.704 0.16 0.544
29 0.544 0.016 0.528
70 0.544 0.16 0.384
80 0.752 0.16 0.592
54 0.44292 0.048 0.39492
31 0.706341 0.048 0.658341
37 0.335074 0.048 0.287074
81 0.715219 0.048 0.667219
88 0.781337 0.048 0.733337
97 0.559452 0.048 0.511452
54 0.39492 0.048 0.34692
54 0.34692 0.16 0.18692
31 0.658341 0.16 0.498341
37 0.287074 0.16 0.127074
81 0.667219 0.16 0.507219
81 0.507219 0.016 0.491219
54 0.18692 0.016 0.17092
81 0.491219 0.048 0.443219
31 0.498341 0.048 0.450341
54 0.17092 0.048 0.12292
88 0.733337 0.048 0.685337
97 0.511452 0.048 0.463452
88 0.685337 0.16 0.525337
97 0.463452 0.16 0.303452
63 0.8 0.048 0.752
9 0.8 0.048 0.752
25 0.8 0.048 0.752
56 0.8 0.048 0.752
63 0.752 0.048 0.704
63 0.704 0.16 0.544
9 0.752 0.16 0.592
25 0.752 0.16 0.592
25 0.592 0.016 0.576
63 0.544 0.016 0.528
25 0.576 0.048 0.528
9 0.592 0.048 0.544
56 0.752 0.048 0.704
63 0.528 0.048 0.48
56 0.704 0.16 0.544
94 0.77909 0.048 0.73109
5 0.7864 0.048 0.7384
50 0.720609 0.048 0.672609
19 0.8 0.048 0.752
2 0.720888 0.048 0.672888
34 0.612779 0.048 0.564779
39 0.8 0.048 0.752
19 0.752 0.048 0.704
19 0.704 0.16 0.544
2 0.672888 0.16 0.512888
34 0.564779 0.16 0.404779
39 0.752 0.16 0.592
65 0.8 0.048 0.752
3 0.8 0.048 0.752
23 0.8 0.048 0.752
62 0.8 0.048 0.752
69 0.8 0.048 0.752
80 0.737268 0.048 0.689268
65 0.752 0.048 0.704
65 0.704 0.16 0.544
65 0.544 0.016 0.528
3 0.752 0.16 0.592
23 0.752 0.16 0.592
62 0.752 0.16 0.592
69 0.752 0.16 0.592
80 0.689268 0.16 0.529268
85 0.8 0.048 0.752
18 0.8 0.048 0.752
46 0.8 0.048 0.752
61 0.751897 0.048 0.703897
99 0.8 0.048 0.752
17 0.8 0.048 0.752
40 0.702396 0.048 0.654396
58 0.739439 0.048 0.691439
79 0.338553 0.048 0.290553
96 0.8 0.048 0.752
15 0.8 0.048 0.752
55 0.8 0.048 0.752
60 0.693255 0.048 0.645255
96 0.752 0.048 0.704
96 0.704 0.16 0.544
15 0.752 0.16 0.592
55 0.752 0.16 0.592
60 0.645255 0.16 0.485255
92 0.8 0.048 0.752
20 0.8 0.048 0.752
67 0.8 0.048 0.752
92 0.752 0.048 0.704
92 0.704 0.16 0.544
20 0.752 0.16 0.592
67 0.752 0.16 0.592
67 0.592 0.016 0.576
92 0.544 0.016 0.528
67 0.576 0.048 0.528
20 0.592 0.048 0.544
48 0.8 0.048 0.752
92 0.528 0.048 0.48
67 0.528 0.048 0.48
67 0.48 0.16 0.32
20 0.544 0.16 0.384
48 0.752 0.16 0.592
48 0.592 0.016 0.576
67 0.32 0.016 0.304
48 0.576 0.048 0.528
4 0.8 0.048 0.752
42 0.8 0.048 0.752
67 0.304 0.048 0.256
73 0.8 0.048 0.752
48 0.528 0.048 0.48
48 0.48 0.16 0.32
92 0.48 0.16 0.32
4 0.752 0.16 0.592
42 0.752 0.16 0.592
67 0.256 0.16 0.096
73 0.752 0.16 0.592
73 0.592 0.016 0.576
48 0.32 0.016 0.304
73 0.576 0.048 0.528
4 0.592 0.048 0.544
42 0.592 0.048 0.544
48 0.304 0.048 0.256
30 0.8 0.048 0.752
12 0.8 0.048 0.752
45 0.8 0.048 0.752
21 0.699439 0.048 0.651439
8 0.689938 0.048 0.641938
13 0.712424 0.048 0.664424
16 0.571976 0.048 0.523976
38 0.479499 0.048 0.431499
87 0.8 0.048 0.752
7 0.8 0.048 0.752
10 0.8 0.048 0.752
23 0.592 0.048 0.544
35 0.8 0.048 0.752
49 0.8 0.048 0.752
53 0.8 0.048 0.752
66 0.8 0.048 0.752
68 0.8 0.048 0.752
89 0.8 0.048 0.752
87 0.752 0.192 0.56
87 0.56 0.16 0.4
7 0.752 0.16 0.592
10 0.752 0.16 0.592
23 0.544 0.16 0.384
35 0.752 0.16 0.592
35 0.592 0.016 0.576
87 0.4 0.016 0.384
35 0.576 0.048 0.528
7 0.592 0.048 0.544
10 0.592 0.048 0.544
33 0.8 0.048 0.752
49 0.752 0.048 0.704
53 0.752 0.048 0.704
66 0.752 0.048 0.704
87 0.384 0.048 0.336
35 0.528 0.096 0.432
35 0.432 0.16 0.272
49 0.704 0.16 0.544
49 0.544 0.016 0.528
87 0.336 0.016 0.32
49 0.528 0.048 0.48
7 0.544 0.048 0.496
10 0.544 0.048 0.496
23 0.384 0.048 0.336
33 0.752 0.048 0.704
35 0.272 0.048 0.224
53 0.704 0.048 0.656
66 0.704 0.048 0.656
68 0.752 0.048 0.704
87 0.32 0.048 0.272
49 0.48 0.096 0.384
49 0.384 0.16 0.224
53 0.656 0.16 0.496
66 0.656 0.16 0.496
68 0.704 0.16 0.544
68 0.544 0.016 0.528
87 0.272 0.016 0.256
68 0.528 0.048 0.48
7 0.496 0.048 0.448
23 0.336 0.048 0.288
49 0.224 0.048 0.176
53 0.496 0.048 0.448
62 0.592 0.048 0.544
66 0.496 0.048 0.448
69 0.664363 0.048 0.616363
87 0.256 0.048 0.208
89 0.752 0.048 0.704
89 0.704 0.16 0.544
49 0.176 0.16 0.016
7 0.448 0.16 0.288
10 0.496 0.16 0.336
23 0.288 0.16 0.128
33 0.704 0.16 0.544
35 0.224 0.16 0.064
53 0.448 0.16 0.288
66 0.448 0.16 0.288
68 0.48 0.16 0.32
87 0.208 0.16 0.048
39 0.670334 0.048 0.622334
19 0.698485 0.048 0.650485
33 0.622562 0.048 0.574562
83 0.682735 0.048 0.634735
27 0.643588 0.048 0.595588
76 0.71061 0.048 0.66261
28 0.8 0.048 0.752
84 0.642949 0.048 0.594949
26 0.8 0.048 0.752
36 0.8 0.048 0.752
71 0.8 0.048 0.752
75 0.745889 0.048 0.697889
86 0.8 0.048 0.752
82 0.8 0.048 0.752
12 0.8 0.048 0.752
45 0.8 0.048 0.752
74 0.8 0.048 0.752
91 0.48471 0.048 0.43671
82 0.752 0.048 0.704
82 0.704 0.16 0.544
12 0.752 0.16 0.592
12 0.592 0.016 0.576
82 0.544 0.016 0.528
12 0.576 0.048 0.528
30 0.8 0.048 0.752
45 0.752 0.048 0.704
82 0.528 0.048 0.48
45 0.704 0.16 0.544
74 0.752 0.16 0.592
91 0.43671 0.16 0.27671
61 0.8 0.048 0.752
18 0.8 0.048 0.752
40 0.8 0.048 0.752
46 0.8 0.048 0.752
85 0.8 0.048 0.752
99 0.8 0.048 0.752
29 0.761162 0.048 0.713162
51 0.8 0.048 0.752
64 0.8 0.048 0.752
70 0.68038 0.048 0.63238
29 0.713162 0.096 0.617162
29 0.617162 0.16 0.457162
51 0.752 0.16 0.592
51 0.592 0.016 0.576
29 0.457162 0.016 0.441162
51 0.576 0.048 0.528
24 0.8 0.048 0.752
29 0.441162 0.048 0.393162
64 0.752 0.048 0.704
70 0.63238 0.048 0.58438
51 0.528 0.048 0.48
51 0.48 0.16 0.32
64 0.704 0.16 0.544
64 0.544 0.016 0.528
29 0.393162 0.016 0.377162
64 0.528 0.048 0.48
24 0.752 0.048 0.704
29 0.377162 0.048 0.329162
44 0.8 0.048 0.752
51 0.32 0.048 0.272
70 0.58438 0.048 0.53638
64 0.48 0.048 0.432
64 0.432 0.16 0.272
70 0.53638 0.16 0.37638
64 0.272 0.16 0.112
24 0.704 0.16 0.544
29 0.329162 0.16 0.169162
44 0.752 0.16 0.592
44 0.592 0.016 0.576
64 0.112 0.016 0.096
44 0.576 0.048 0.528
24 0.544 0.048 0.496
64 0.096 0.048 0.048
51 0.272 0.16 0.112
70 0.37638 0.16 0.21638
93 0.8 0.048 0.752
41 0.8 0.048 0.752
52 0.8 0.048 0.752
81 0.8 0.048 0.752
31 0.8 0.048 0.752
54 0.509421 0.048 0.461421
88 0.8 0.048 0.752
97 0.671965 0.048 0.623965
25 0.8 0.048 0.752
9 0.8 0.048 0.752
56 0.8 0.048 0.752
63 0.8 0.048 0.752
78 0.8 0.048 0.752
94 0.8 0.048 0.752
5 0.8 0.048 0.752
50 0.8 0.048 0.752
37 0.577991 0.048 0.529991
5 0.752 0.048 0.704
31 0.8 0.048 0.752
50 0.8 0.048 0.752
97 0.623965 0.048 0.575965
37 0.529991 0.048 0.481991
37 0.481991 0.16 0.321991
5 0.704 0.16 0.544
31 0.752 0.16 0.592
50 0.752 0.16 0.592
50 0.592 0.016 0.576
37 0.321991 0.016 0.305991
50 0.576 0.048 0.528
5 0.544 0.048 0.496
37 0.305991 0.048 0.257991
94 0.752 0.048 0.704
97 0.575965 0.16 0.415965
85 0.8 0.048 0.752
18 0.8 0.048 0.752
40 0.8 0.048 0.752
46 0.8 0.048 0.752
61 0.8 0.048 0.752
99 0.8 0.048 0.752
17 0.8 0.048 0.752
40 0.752 0.048 0.704
58 0.8 0.048 0.752
73 0.8 0.048 0.752
4 0.8 0.048 0.752
42 0.8 0.048 0.752
48 0.63858 0.048 0.59058
53 0.67022 0.048 0.62222
7 0.576678 0.048 0.528678
10 0.716005 0.048 0.668005
23 0.499737 0.048 0.451737
49 0.319071 0.048 0.271071
66 0.593734 0.048 0.545734
68 0.713718 0.048 0.665718
69 0.8 0.048 0.752
87 0.339559 0.048 0.291559
89 0.8 0.048 0.752
30 0.8 0.048 0.752
12 0.8 0.048 0.752
21 0.8 0.048 0.752
8 0.8 0.048 0.752
13 0.8 0.048 0.752
38 0.8 0.048 0.752
68 0.665718 0.048 0.617718
7 0.598697 0.048 0.550697
23 0.451737 0.048 0.403737
49 0.350179 0.048 0.302179
53 0.62222 0.048 0.57422
62 0.8 0.048 0.752
66 0.619309 0.048 0.571309
69 0.8 0.048 0.752
87 0.365438 0.048 0.317438
89 0.752 0.048 0.704
39 0.8 0.048 0.752
19 0.8 0.048 0.752
33 0.8 0.048 0.752
83 0.8 0.048 0.752
27 0.8 0.048 0.752
76 0.8 0.048 0.752
57 0.8 0.048 0.752
36 0.8 0.048 0.752
86 0.8 0.048 0.752
28 0.8 0.048 0.752
6 0.8 0.048 0.752
84 0.8 0.048 0.752
26 0.8 0.048 0.752
36 0.8 0.048 0.752
71 0.8 0.048 0.752
75 0.8 0.048 0.752
86 0.8 0.048 0.752
12 0.8 0.048 0.752
30 0.8 0.048 0.752
45 0.8 0.048 0.752
82 0.8 0.048 0.752
61 0.8 0.048 0.752
18 0.8 0.048 0.752
40 0.8 0.048 0.752
46 0.8 0.048 0.752
85 0.8 0.048 0.752
99 0.8 0.048 0.752
44 0.8 0.048 0.752
24 0.8 0.048 0.752
51 0.492238 0.048 0.444238
64 0.433763 0.048 0.385763
100 0.8 0.048 0.752
1 0.8 0.048 0.752
6 0.8 0.048 0.752
11 0.8 0.048 0.752
77 0.8 0.048 0.752
47 0.8 0.048 0.752
32 0.8 0.048 0.752
84 0.8 0.048 0.752
91 0.743511 0.048 0.695511
95 0.8 0.048 0.752
47 0.752 0.096 0.656
47 0.656 0.16 0.496
32 0.752 0.16 0.592
84 0.752 0.16 0.592
84 0.592 0.016 0.576
47 0.496 0.016 0.48
84 0.576 0.048 0.528
28 0.8 0.048 0.752
32 0.592 0.048 0.544
47 0.48 0.048 0.432
95 0.752 0.048 0.704
91 0.695511 0.16 0.535511
91 0.535511 0.016 0.519511
47 0.432 0.016 0.416
91 0.519511 0.048 0.471511
32 0.544 0.048 0.496
47 0.416 0.048 0.368
74 0.8 0.048 0.752
82 0.8 0.048 0.752
95 0.704 0.048 0.656
91 0.471511 0.048 0.423511
91 0.423511 0.16 0.263511
95 0.656 0.16 0.496
32 0.496 0.16 0.336
47 0.368 0.16 0.208
74 0.752 0.16 0.592
82 0.752 0.16 0.592
82 0.592 0.016 0.576
91 0.263511 0.016 0.247511
82 0.576 0.048 0.528
12 0.8 0.048 0.752
45 0.8 0.048 0.752
74 0.592 0.048 0.544
91 0.247511 0.048 0.199511
95 0.496 0.16 0.336
48 0.8 0.048 0.752
4 0.8 0.048 0.752
20 0.8 0.048 0.752
67 0.61981 0.048 0.57181
73 0.8 0.048 0.752
92 0.8 0.048 0.752
48 0.752 0.096 0.656
48 0.656 0.16 0.496
4 0.752 0.16 0.592
20 0.752 0.16 0.592
67 0.57181 0.16 0.41181
73 0.752 0.16 0.592
92 0.752 0.16 0.592
92 0.592 0.016 0.576
48 0.496 0.016 0.48
92 0.576 0.048 0.528
20 0.592 0.048 0.544
48 0.48 0.048 0.432
67 0.41181 0.048 0.36381
93 0.8 0.048 0.752
41 0.8 0.048 0.752
52 0.8 0.048 0.752
81 0.8 0.048 0.752
31 0.8 0.048 0.752
54 0.8 0.048 0.752
88 0.8 0.048 0.752
97 0.787309 0.048 0.739309
25 0.8 0.048 0.752
9 0.8 0.048 0.752
56 0.8 0.048 0.752
63 0.8 0.048 0.752
78 0.8 0.048 0.752
94 0.8 0.048 0.752
5 0.8 0.048 0.752
50 0.8 0.048 0.752
50 0.8 0.048 0.752
5 0.752 0.048 0.704
37 0.622958 0.048 0.574958
94 0.752 0.048 0.704
85 0.8 0.048 0.752
18 0.8 0.048 0.752
40 0.8 0.048 0.752
46 0.8 0.048 0.752
61 0.8 0.048 0.752
99 0.8 0.048 0.752
17 0.8 0.048 0.752
40 0.752 0.048 0.704
58 0.8 0.048 0.752
79 0.8 0.048 0.752
73 0.739399 0.048 0.691399
4 0.8 0.048 0.752
42 0.8 0.048 0.752
48 0.576697 0.048 0.528697
53 0.8 0.048 0.752
7 0.8 0.048 0.752
23 0.771183 0.048 0.723183
35 0.746205 0.048 0.698205
49 0.599749 0.048 0.551749
66 0.8 0.048 0.752
68 0.8 0.048 0.752
69 0.8 0.048 0.752
87 0.622778 0.048 0.574778
89 0.8 0.048 0.752
53 0.752 0.048 0.704
53 0.704 0.16 0.544
7 0.752 0.16 0.592
23 0.723183 0.16 0.563183
35 0.698205 0.16 0.538205
49 0.551749 0.16 0.391749
66 0.752 0.16 0.592
68 0.752 0.16 0.592
69 0.752 0.16 0.592
87 0.574778 0.16 0.414778
89 0.752 0.16 0.592
64 0.608216 0.048 0.560216
24 0.8 0.048 0.752
29 0.8 0.048 0.752
44 0.8 0.048 0.752
51 0.744241 0.048 0.696241
70 0.8 0.048 0.752
64 0.560216 0.048 0.512216
64 0.512216 0.16 0.352216
24 0.752 0.16 0.592
29 0.752 0.16 0.592
29 0.592 0.016 0.576
64 0.352216 0.016 0.336216
29 0.576 0.048 0.528
51 0.696241 0.048 0.648241
64 0.336216 0.048 0.288216
70 0.752 0.048 0.704
44 0.752 0.16 0.592
51 0.648241 0.16 0.488241
70 0.704 0.16 0.544
30 0.8 0.048 0.752
12 0.8 0.048 0.752
45 0.8 0.048 0.752
21 0.8 0.048 0.752
8 0.8 0.048 0.752
13 0.8 0.048 0.752
16 0.8 0.048 0.752
38 0.8 0.048 0.752
68 0.592 0.048 0.544
7 0.667377 0.048 0.619377
23 0.563183 0.048 0.515183
53 0.544 0.048 0.496
62 0.8 0.048 0.752
66 0.669538 0.048 0.621538
69 0.663795 0.048 0.615795
87 0.485664 0.048 0.437664
89 0.592 0.048 0.544
39 0.8 0.048 0.752
19 0.8 0.048 0.752
33 0.8 0.048 0.752
34 0.8 0.048 0.752
83 0.8 0.048 0.752
27 0.8 0.048 0.752
76 0.8 0.048 0.752
57 0.8 0.048 0.752
36 0.8 0.048 0.752
86 0.8 0.048 0.752
15 0.8 0.048 0.752
96 0.8 0.048 0.752
28 0.8 0.048 0.752
6 0.8 0.048 0.752
32 0.642538 0.048 0.594538
84 0.8 0.048 0.752
90 0.8 0.048 0.752
28 0.752 0.048 0.704
28 0.704 0.16 0.544
6 0.752 0.16 0.592
32 0.594538 0.16 0.434538
84 0.752 0.16 0.592
90 0.752 0.16 0.592
90 0.592 0.016 0.576
28 0.544 0.016 0.528
90 0.576 0.048 0.528
1 0.8 0.048 0.752
6 0.592 0.048 0.544
11 0.8 0.048 0.752
28 0.528 0.048 0.48
77 0.8 0.048 0.752
26 0.8 0.048 0.752
36 0.8 0.048 0.752
71 0.8 0.048 0.752
75 0.8 0.048 0.752
86 0.8 0.048 0.752
12 0.8 0.048 0.752
30 0.8 0.048 0.752
45 0.8 0.048 0.752
61 0.8 0.048 0.752
18 0.8 0.048 0.752
46 0.8 0.048 0.752
85 0.8 0.048 0.752
99 0.8 0.048 0.752
44 0.741776 0.048 0.693776
24 0.748747 0.048 0.700747
51 0.56535 0.048 0.51735
64 0.434202 0.048 0.386202
100 0.8 0.048 0.752
1 0.8 0.048 0.752
6 0.615522 0.048 0.567522
11 0.8 0.048 0.752
58 0.8 0.048 0.752
77 0.8 0.048 0.752
79 0.8 0.048 0.752
90 0.604108 0.048 0.556108
84 0.66614 0.048 0.61814
28 0.555437 0.048 0.507437
32 0.506884 0.048 0.458884
47 0.582483 0.048 0.534483
95 0.709694 0.048 0.661694
84 0.61814 0.048 0.57014
84 0.57014 0.16 0.41014
82 0.8 0.048 0.752
45 0.8 0.048 0.752
74 0.8 0.048 0.752
91 0.579979 0.048 0.531979
28 0.507437 0.16 0.347437
32 0.458884 0.16 0.298884
47 0.534483 0.16 0.374483
95 0.661694 0.16 0.501694
92 0.8 0.048 0.752
20 0.8 0.048 0.752
48 0.756035 0.048 0.708035
67 0.737458 0.048 0.689458
92 0.752 0.048 0.704
92 0.704 0.16 0.544
20 0.752 0.16 0.592
48 0.708035 0.16 0.548035
67 0.689458 0.16 0.529458
67 0.529458 0.016 0.513458
92 0.544 0.016 0.528
67 0.513458 0.048 0.465458
20 0.592 0.048 0.544
48 0.548035 0.048 0.500035
92 0.528 0.048 0.48
93 0.8 0.048 0.752
41 0.8 0.048 0.752
52 0.8 0.048 0.752
81 0.8 0.048 0.752
31 0.8 0.048 0.752
54 0.8 0.048 0.752
88 0.8 0.048 0.752
97 0.8 0.048 0.752
25 0.8 0.048 0.752
9 0.8 0.048 0.752
56 0.8 0.048 0.752
63 0.8 0.048 0.752
94 0.8 0.048 0.752
5 0.8 0.048 0.752
37 0.8 0.048 0.752
50 0.8 0.048 0.752
94 0.752 0.048 0.704
94 0.704 0.16 0.544
94 0.544 0.016 0.528
5 0.752 0.16 0.592
37 0.752 0.16 0.592
50 0.752 0.16 0.592
50 0.671999 0.048 0.623999
5 0.592 0.048 0.544
37 0.592 0.048 0.544
94 0.528 0.048 0.48
85 0.8 0.048 0.752
18 0.8 0.048 0.752
40 0.8 0.048 0.752
46 0.8 0.048 0.752
61 0.8 0.048 0.752
99 0.8 0.048 0.752
17 0.8 0.048 0.752
40 0.752 0.048 0.704
73 0.8 0.048 0.752
4 0.8 0.048 0.752
42 0.8 0.048 0.752
48 0.648843 0.048 0.600843
29 0.8 0.048 0.752
51 0.8 0.048 0.752
64 0.606845 0.048 0.558845
70 0.8 0.048 0.752
30 0.8 0.048 0.752
12 0.8 0.048 0.752
30 0.752 0.048 0.704
30 0.704 0.16 0.544
30 0.544 0.016 0.528
12 0.752 0.16 0.592
21 0.8 0.048 0.752
8 0.8 0.048 0.752
13 0.8 0.048 0.752
16 0.8 0.048 0.752
38 0.8 0.048 0.752
68 0.8 0.048 0.752
7 0.8 0.048 0.752
23 0.8 0.048 0.752
53 0.8 0.048 0.752
62 0.8 0.048 0.752
66 0.8 0.048 0.752
69 0.8 0.048 0.752
87 0.8 0.048 0.752
89 0.8 0.048 0.752
39 0.8 0.048 0.752
19 0.8 0.048 0.752
33 0.8 0.048 0.752
83 0.8 0.048 0.752
27 0.8 0.048 0.752
76 0.8 0.048 0.752
57 0.8 0.048 0.752
15 0.8 0.048 0.752
96 0.8 0.048 0.752
90 0.8 0.048 0.752
1 0.8 0.048 0.752
6 0.8 0.048 0.752
11 0.8 0.048 0.752
28 0.651623 0.048 0.603623
77 0.8 0.048 0.752
100 0.8 0.048 0.752
26 0.8 0.048 0.752
36 0.8 0.048 0.752
71 0.8 0.048 0.752
75 0.8 0.048 0.752
86 0.8 0.048 0.752
12 0.664436 0.048 0.616436
30 0.604886 0.048 0.556886
45 0.8 0.048 0.752
82 0.8 0.048 0.752
12 0.616436 0.096 0.520436
12 0.520436 0.16 0.360436
12 0.360436 0.016 0.344436
30 0.556886 0.16 0.396886
45 0.752 0.16 0.592
82 0.752 0.16 0.592
61 0.8 0.048 0.752
46 0.8 0.048 0.752
85 0.8 0.048 0.752
99 0.8 0.048 0.752
44 0.8 0.048 0.752
24 0.8 0.048 0.752
64 0.708582 0.048 0.660582
100 0.8 0.048 0.752
1 0.8 0.048 0.752
6 0.8 0.048 0.752
11 0.8 0.048 0.752
58 0.8 0.048 0.752
77 0.8 0.048 0.752
79 0.8 0.048 0.752
90 0.8 0.048 0.752
82 0.663303 0.048 0.615303
45 0.666455 0.048 0.618455
74 0.8 0.048 0.752
91 0.8 0.048 0.752
82 0.615303 0.048 0.567303
82 0.567303 0.16 0.407303
82 0.407303 0.016 0.391303
45 0.618455 0.16 0.458455
74 0.752 0.16 0.592
91 0.752 0.16 0.592
67 0.8 0.048 0.752
20 0.8 0.048 0.752
48 0.8 0.048 0.752
92 0.8 0.048 0.752
93 0.8 0.048 0.752
41 0.8 0.048 0.752
52 0.8 0.048 0.752
81 0.8 0.048 0.752
31 0.8 0.048 0.752
54 0.8 0.048 0.752
88 0.8 0.048 0.752
97 0.8 0.048 0.752
38 0.8 0.048 0.752
8 0.8 0.048 0.752
13 0.8 0.048 0.752
16 0.8 0.048 0.752
21 0.8 0.048 0.752
25 0.8 0.048 0.752
9 0.8 0.048 0.752
56 0.8 0.048 0.752
63 0.8 0.048 0.752
50 0.8 0.048 0.752
5 0.8 0.048 0.752
37 0.8 0.048 0.752
94 0.8 0.048 0.752
50 0.752 0.048 0.704
50 0.704 0.16 0.544
5 0.752 0.16 0.592
37 0.752 0.16 0.592
94 0.752 0.16 0.592
94 0.592 0.016 0.576
50 0.544 0.016 0.528
94 0.576 0.048 0.528
5 0.592 0.048 0.544
50 0.528 0.048 0.48
85 0.8 0.048 0.752
18 0.8 0.048 0.752
40 0.8 0.048 0.752
46 0.8 0.048 0.752
61 0.8 0.048 0.752
17 0.8 0.048 0.752
18 0.752 0.048 0.704
40 0.752 0.048 0.704
73 0.8 0.048 0.752
4 0.8 0.048 0.752
42 0.8 0.048 0.752
48 0.8 0.048 0.752
29 0.8 0.048 0.752
51 0.8 0.048 0.752
70 0.8 0.048 0.752
92 0.8 0.048 0.752
20 0.8 0.048 0.752
48 0.8 0.048 0.752
67 0.8 0.048 0.752
92 0.752 0.048 0.704
92 0.704 0.16 0.544
20 0.752 0.16 0.592
48 0.752 0.16 0.592
48 0.592 0.016 0.576
92 0.544 0.016 0.528
48 0.576 0.048 0.528
20 0.592 0.048 0.544
67 0.752 0.048 0.704
73 0.8 0.048 0.752
92 0.528 0.048 0.48
67 0.704 0.16 0.544
21 0.8 0.048 0.752
8 0.8 0.048 0.752
13 0.8 0.048 0.752
16 0.8 0.048 0.752
38 0.8 0.048 0.752
68 0.8 0.048 0.752
7 0.8 0.048 0.752
23 0.8 0.048 0.752
53 0.8 0.048 0.752
62 0.8 0.048 0.752
66 0.8 0.048 0.752
69 0.8 0.048 0.752
87 0.8 0.048 0.752
89 0.8 0.048 0.752
39 0.8 0.048 0.752
19 0.8 0.048 0.752
33 0.8 0.048 0.752
34 0.8 0.048 0.752
83 0.8 0.048 0.752
27 0.8 0.048 0.752
57 0.8 0.048 0.752
15 0.8 0.048 0.752
36 0.8 0.048 0.752
86 0.8 0.048 0.752
15 0.752 0.048 0.704
57 0.752 0.048 0.704
96 0.8 0.048 0.752
90 0.8 0.048 0.752
1 0.8 0.048 0.752
6 0.8 0.048 0.752
11 0.8 0.048 0.752
28 0.8 0.048 0.752
77 0.8 0.048 0.752
100 0.8 0.048 0.752
90 0.752 0.048 0.704
90 0.704 0.16 0.544
90 0.544 0.016 0.528
1 0.752 0.16 0.592
6 0.752 0.16 0.592
11 0.752 0.16 0.592
28 0.752 0.16 0.592
77 0.752 0.16 0.592
100 0.752 0.16 0.592
26 0.8 0.048 0.752
36 0.8 0.048 0.752
71 0.8 0.048 0.752
75 0.8 0.048 0.752
86 0.8 0.048 0.752
82 0.688044 0.048 0.640044
45 0.767282 0.048 0.719282
74 0.8 0.048 0.752
91 0.8 0.048 0.752
82 0.640044 0.048 0.592044
82 0.592044 0.16 0.432044
45 0.719282 0.16 0.559282
74 0.752 0.16 0.592
91 0.752 0.16 0.592
91 0.592 0.016 0.576
82 0.432044 0.016 0.416044
91 0.576 0.048 0.528
45 0.559282 0.048 0.511282
47 0.8 0.048 0.752
74 0.592 0.048 0.544
82 0.416044 0.048 0.368044
95 0.8 0.048 0.752
91 0.528 0.048 0.48
91 0.48 0.16 0.32
45 0.511282 0.16 0.351282
47 0.752 0.16 0.592
47 0.592 0.016 0.576
91 0.32 0.016 0.304
47 0.576 0.048 0.528
32 0.8 0.048 0.752
84 0.8 0.048 0.752
91 0.304 0.048 0.256
95 0.752 0.048 0.704
74 0.544 0.16 0.384
82 0.368044 0.16 0.208044
95 0.704 0.16 0.544
61 0.8 0.048 0.752
46 0.8 0.048 0.752
85 0.8 0.048 0.752
99 0.8 0.048 0.752
44 0.8 0.048 0.752
24 0.8 0.048 0.752
64 0.8 0.048 0.752
100 0.667269 0.048 0.619269
1 0.669026 0.048 0.621026
6 0.667308 0.048 0.619308
11 0.668053 0.048 0.620053
58 0.8 0.048 0.752
77 0.663704 0.048 0.615704
79 0.8 0.048 0.752
90 0.604175 0.048 0.556175
100 0.619269 0.096 0.523269
100 0.523269 0.16 0.363269
100 0.363269 0.016 0.347269
1 0.621026 0.16 0.461026
6 0.619308 0.16 0.459308
11 0.620053 0.16 0.460053
58 0.752 0.16 0.592
77 0.615704 0.16 0.455704
79 0.752 0.16 0.592
90 0.556175 0.16 0.396175
67 0.700485 0.048 0.652485
20 0.687275 0.048 0.639275
48 0.668654 0.048 0.620654
92 0.631017 0.048 0.583017
93 0.8 0.048 0.752
41 0.8 0.048 0.752
52 0.8 0.048 0.752
81 0.8 0.048 0.752
31 0.8 0.048 0.752
54 0.8 0.048 0.752
88 0.8 0.048 0.752
97 0.8 0.048 0.752
38 0.8 0.048 0.752
8 0.8 0.048 0.752
13 0.8 0.048 0.752
16 0.8 0.048 0.752
21 0.8 0.048 0.752
25 0.8 0.048 0.752
9 0.8 0.048 0.752
56 0.8 0.048 0.752
63 0.8 0.048 0.752
94 0.8 0.048 0.752
5 0.8 0.048 0.752
50 0.8 0.048 0.752
85 0.8 0.048 0.752
18 0.8 0.048 0.752
46 0.8 0.048 0.752
61 0.8 0.048 0.752
17 0.8 0.048 0.752
18 0.752 0.048 0.704
40 0.8 0.048 0.752
17 0.752 0.048 0.704
17 0.704 0.16 0.544
17 0.544 0.016 0.528
18 0.704 0.16 0.544
40 0.752 0.16 0.592
73 0.8 0.048 0.752
4 0.8 0.048 0.752
42 0.8 0.048 0.752
48 0.771615 0.048 0.723615
67 0.8 0.048 0.752
29 0.8 0.048 0.752
51 0.8 0.048 0.752
70 0.8 0.048 0.752
48 0.799951 0.048 0.751951
20 0.8 0.048 0.752
67 0.752 0.048 0.704
73 0.8 0.048 0.752
92 0.8 0.048 0.752
21 0.8 0.048 0.752
8 0.8 0.048 0.752
13 0.8 0.048 0.752
16 0.8 0.048 0.752
38 0.8 0.048 0.752
68 0.8 0.048 0.752
7 0.8 0.048 0.752
23 0.8 0.048 0.752
49 0.8 0.048 0.752
53 0.8 0.048 0.752
66 0.8 0.048 0.752
69 0.8 0.048 0.752
87 0.8 0.048 0.752
89 0.8 0.048 0.752
52 0.8 0.048 0.752
78 0.8 0.048 0.752
93 0.8 0.048 0.752
39 0.8 0.048 0.752
19 0.8 0.048 0.752
33 0.8 0.048 0.752
34 0.8 0.048 0.752
83 0.8 0.048 0.752
27 0.8 0.048 0.752
57 0.8 0.048 0.752
15 0.8 0.048 0.752
36 0.8 0.048 0.752
86 0.8 0.048 0.752
15 0.752 0.048 0.704
57 0.752 0.048 0.704
96 0.8 0.048 0.752
26 0.8 0.048 0.752
71 0.8 0.048 0.752
75 0.8 0.048 0.752
86 0.8 0.048 0.752
47 0.8 0.048 0.752
32 0.8 0.048 0.752
84 0.8 0.048 0.752
91 0.628801 0.048 0.580801
95 0.8 0.048 0.752
61 0.8 0.048 0.752
46 0.8 0.048 0.752
85 0.8 0.048 0.752
99 0.8 0.048 0.752
61 0.752 0.048 0.704
61 0.704 0.16 0.544
61 0.544 0.016 0.528
46 0.752 0.16 0.592
85 0.752 0.16 0.592
99 0.752 0.16 0.592
44 0.8 0.048 0.752
24 0.8 0.048 0.752
51 0.8 0.048 0.752
64 0.8 0.048 0.752
91 0.656811 0.048 0.608811
45 0.722808 0.048 0.674808
47 0.8 0.048 0.752
74 0.8 0.048 0.752
82 0.658975 0.048 0.610975
95 0.8 0.048 0.752
91 0.608811 0.048 0.560811
91 0.560811 0.16 0.400811
45 0.674808 0.16 0.514808
47 0.752 0.16 0.592
74 0.752 0.16 0.592
82 0.610975 0.16 0.450975
95 0.752 0.16 0.592
67 0.8 0.048 0.752
20 0.8 0.048 0.752
48 0.8 0.048 0.752
73 0.8 0.048 0.752
92 0.8 0.048 0.752
93 0.8 0.048 0.752
41 0.8 0.048 0.752
52 0.8 0.048 0.752
81 0.8 0.048 0.752
31 0.8 0.048 0.752
54 0.8 0.048 0.752
88 0.8 0.048 0.752
97 0.8 0.048 0.752
34 0.8 0.048 0.752
2 0.8 0.048 0.752
19 0.8 0.048 0.752
39 0.8 0.048 0.752
76 0.8 0.048 0.752
38 0.8 0.048 0.752
8 0.8 0.048 0.752
13 0.8 0.048 0.752
21 0.8 0.048 0.752
25 0.8 0.048 0.752
9 0.8 0.048 0.752
56 0.8 0.048 0.752
63 0.8 0.048 0.752
94 0.8 0.048 0.752
5 0.8 0.048 0.752
50 0.8 0.048 0.752
59 0.8 0.048 0.752
2 0.8 0.048 0.752
76 0.8 0.048 0.752
85 0.8 0.048 0.752
18 0.8 0.048 0.752
46 0.8 0.048 0.752
61 0.756882 0.048 0.708882
99 0.8 0.048 0.752
73 0.8 0.048 0.752
4 0.8 0.048 0.752
42 0.8 0.048 0.752
48 0.8 0.048 0.752
67 0.8 0.048 0.752
29 0.8 0.048 0.752
51 0.8 0.048 0.752
64 0.8 0.048 0.752
70 0.8 0.048 0.752
48 0.8 0.048 0.752
67 0.752 0.048 0.704
73 0.8 0.048 0.752
21 0.8 0.048 0.752
8 0.8 0.048 0.752
13 0.8 0.048 0.752
16 0.8 0.048 0.752
38 0.8 0.048 0.752
68 0.8 0.048 0.752
7 0.8 0.048 0.752
23 0.8 0.048 0.752
49 0.8 0.048 0.752
53 0.8 0.048 0.752
66 0.8 0.048 0.752
69 0.8 0.048 0.752
87 0.8 0.048 0.752
89 0.8 0.048 0.752
52 0.8 0.048 0.752
78 0.8 0.048 0.752
93 0.8 0.048 0.752
39 0.8 0.048 0.752
19 0.8 0.048 0.752
33 0.8 0.048 0.752
34 0.8 0.048 0.752
83 0.8 0.048 0.752
27 0.8 0.048 0.752
57 0.8 0.048 0.752
15 0.8 0.048 0.752
36 0.8 0.048 0.752
75 0.8 0.048 0.752
86 0.8 0.048 0.752
57 0.752 0.096 0.656
57 0.656 0.16 0.496
57 0.496 0.016 0.48
15 0.752 0.16 0.592
36 0.752 0.16 0.592
75 0.752 0.16 0.592
75 0.592 0.016 0.576
57 0.48 0.016 0.464
75 0.576 0.048 0.528
26 0.8 0.048 0.752
36 0.592 0.048 0.544
57 0.464 0.048 0.416
71 0.8 0.048 0.752
86 0.752 0.048 0.704
75 0.528 0.048 0.48
75 0.48 0.16 0.32
86 0.704 0.16 0.544
26 0.752 0.16 0.592
36 0.544 0.16 0.384
57 0.416 0.16 0.256
71 0.752 0.16 0.592
86 0.544 0.16 0.384
15 0.592 0.048 0.544
57 0.256 0.048 0.208
96 0.8 0.048 0.752
26 0.668781 0.048 0.620781
71 0.662497 0.048 0.614497
75 0.392792 0.048 0.344792
86 0.462054 0.048 0.414054
75 0.344792 0.048 0.296792
26 0.620781 0.048 0.572781
36 0.458786 0.048 0.410786
57 0.279732 0.048 0.231732
71 0.614497 0.048 0.566497
86 0.414054 0.048 0.366054
47 0.8 0.048 0.752
32 0.8 0.048 0.752
84 0.8 0.048 0.752
91 0.694533 0.048 0.646533
95 0.8 0.048 0.752
44 0.8 0.048 0.752
24 0.8 0.048 0.752
64 0.8 0.048 0.752
87 0.8 0.048 0.752
7 0.8 0.048 0.752
10 0.8 0.048 0.752
23 0.8 0.048 0.752
35 0.8 0.048 0.752
49 0.8 0.048 0.752
53 0.8 0.048 0.752
66 0.8 0.048 0.752
68 0.8 0.048 0.752
89 0.8 0.048 0.752
67 0.8 0.048 0.752
20 0.8 0.048 0.752
48 0.8 0.048 0.752
73 0.8 0.048 0.752
92 0.8 0.048 0.752
90 0.8 0.048 0.752
1 0.8 0.048 0.752
6 0.8 0.048 0.752
11 0.8 0.048 0.752
77 0.8 0.048 0.752
100 0.8 0.048 0.752
90 0.752 0.048 0.704
90 0.704 0.16 0.544
1 0.752 0.16 0.592
6 0.752 0.16 0.592
11 0.752 0.16 0.592
77 0.752 0.16 0.592
100 0.752 0.16 0.592
100 0.592 0.016 0.576
90 0.544 0.016 0.528
100 0.576 0.048 0.528
1 0.592 0.048 0.544
6 0.592 0.048 0.544
11 0.592 0.048 0.544
58 0.8 0.048 0.752
77 0.592 0.048 0.544
79 0.8 0.048 0.752
90 0.528 0.048 0.48
93 0.8 0.048 0.752
41 0.8 0.048 0.752
52 0.8 0.048 0.752
81 0.8 0.048 0.752
31 0.8 0.048 0.752
54 0.8 0.048 0.752
88 0.8 0.048 0.752
97 0.8 0.048 0.752
34 0.8 0.048 0.752
2 0.8 0.048 0.752
19 0.8 0.048 0.752
39 0.8 0.048 0.752
59 0.8 0.048 0.752
38 0.8 0.048 0.752
8 0.8 0.048 0.752
13 0.8 0.048 0.752
21 0.8 0.048 0.752
64 0.8 0.048 0.752
24 0.8 0.048 0.752
29 0.8 0.048 0.752
44 0.8 0.048 0.752
51 0.8 0.048 0.752
70 0.8 0.048 0.752
25 0.8 0.048 0.752
9 0.8 0.048 0.752
56 0.8 0.048 0.752
63 0.8 0.048 0.752
94 0.8 0.048 0.752
5 0.8 0.048 0.752
59 0.8 0.048 0.752
2 0.8 0.048 0.752
34 0.8 0.048 0.752
76 0.8 0.048 0.752
85 0.8 0.048 0.752
18 0.8 0.048 0.752
40 0.8 0.048 0.752
46 0.8 0.048 0.752
61 0.8 0.048 0.752
99 0.8 0.048 0.752
73 0.8 0.048 0.752
4 0.8 0.048 0.752
42 0.8 0.048 0.752
48 0.8 0.048 0.752
67 0.8 0.048 0.752
63 0.8 0.048 0.752
9 0.8 0.048 0.752
25 0.8 0.048 0.752
56 0.8 0.048 0.752
29 0.8 0.048 0.752
51 0.8 0.048 0.752
70 0.8 0.048 0.752
48 0.8 0.048 0.752
20 0.8 0.048 0.752
67 0.752 0.048 0.704
73 0.8 0.048 0.752
92 0.8 0.048 0.752
21 0.8 0.048 0.752
8 0.8 0.048 0.752
13 0.8 0.048 0.752
38 0.8 0.048 0.752
21 0.752 0.048 0.704
21 0.704 0.16 0.544
21 0.544 0.016 0.528
8 0.752 0.16 0.592
13 0.752 0.16 0.592
38 0.752 0.16 0.592
68 0.8 0.048 0.752
7 0.8 0.048 0.752
23 0.8 0.048 0.752
53 0.8 0.048 0.752
66 0.8 0.048 0.752
69 0.8 0.048 0.752
87 0.8 0.048 0.752
89 0.8 0.048 0.752
52 0.8 0.048 0.752
78 0.8 0.048 0.752
93 0.8 0.048 0.752
39 0.8 0.048 0.752
19 0.8 0.048 0.752
33 0.8 0.048 0.752
34 0.8 0.048 0.752
83 0.8 0.048 0.752
27 0.8 0.048 0.752
15 0.8 0.048 0.752
57 0.540553 0.048 0.492553
96 0.8 0.048 0.752
26 0.8 0.048 0.752
71 0.8 0.048 0.752
75 0.664534 0.048 0.616534
60 0.8 0.048 0.752
22 0.8 0.048 0.752
55 0.8 0.048 0.752
72 0.8 0.048 0.752
98 0.8 0.048 0.752
75 0.616534 0.048 0.568534
26 0.752 0.048 0.704
36 0.776472 0.048 0.728472
57 0.565433 0.048 0.517433
71 0.752 0.048 0.704
86 0.731433 0.048 0.683433
75 0.568534 0.048 0.520534
75 0.520534 0.16 0.360534
26 0.704 0.16 0.544
36 0.728472 0.16 0.568472
57 0.517433 0.16 0.357433
71 0.704 0.16 0.544
86 0.683433 0.16 0.523433
47 0.8 0.048 0.752
32 0.8 0.048 0.752
84 0.8 0.048 0.752
91 0.8 0.048 0.752
95 0.8 0.048 0.752
44 0.8 0.048 0.752
24 0.8 0.048 0.752
51 0.8 0.048 0.752
64 0.8 0.048 0.752
54 0.8 0.048 0.752
31 0.8 0.048 0.752
37 0.8 0.048 0.752
81 0.8 0.048 0.752
88 0.8 0.048 0.752
97 0.8 0.048 0.752
54 0.752 0.048 0.704
54 0.704 0.16 0.544
31 0.752 0.16 0.592
37 0.752 0.16 0.592
37 0.592 0.016 0.576
54 0.544 0.016 0.528
37 0.576 0.048 0.528
5 0.8 0.048 0.752
31 0.592 0.048 0.544
50 0.8 0.048 0.752
54 0.528 0.048 0.48
97 0.752 0.048 0.704
37 0.528 0.048 0.48
37 0.48 0.16 0.32
81 0.752 0.16 0.592
88 0.752 0.16 0.592
97 0.704 0.16 0.544
5 0.752 0.16 0.592
31 0.544 0.16 0.384
50 0.752 0.16 0.592
50 0.592 0.016 0.576
37 0.32 0.016 0.304
50 0.576 0.048 0.528
5 0.592 0.048 0.544
37 0.304 0.048 0.256
94 0.8 0.048 0.752
54 0.48 0.16 0.32
97 0.544 0.16 0.384
65 0.8 0.048 0.752
3 0.8 0.048 0.752
23 0.8 0.048 0.752
62 0.8 0.048 0.752
69 0.8 0.048 0.752
80 0.8 0.048 0.752
87 0.8 0.048 0.752
7 0.8 0.048 0.752
10 0.8 0.048 0.752
23 0.752 0.048 0.704
35 0.8 0.048 0.752
49 0.8 0.048 0.752
53 0.8 0.048 0.752
66 0.8 0.048 0.752
68 0.8 0.048 0.752
89 0.8 0.048 0.752
67 0.8 0.048 0.752
20 0.8 0.048 0.752
48 0.8 0.048 0.752
73 0.8 0.048 0.752
92 0.8 0.048 0.752
12 0.8 0.048 0.752
30 0.8 0.048 0.752
12 0.752 0.048 0.704
12 0.704 0.16 0.544
30 0.752 0.16 0.592
30 0.592 0.016 0.576
12 0.544 0.016 0.528
30 0.576 0.048 0.528
12 0.528 0.048 0.48
100 0.8 0.048 0.752
1 0.8 0.048 0.752
6 0.8 0.048 0.752
11 0.8 0.048 0.752
58 0.8 0.048 0.752
77 0.8 0.048 0.752
79 0.8 0.048 0.752
90 0.8 0.048 0.752
93 0.8 0.048 0.752
41 0.8 0.048 0.752
52 0.8 0.048 0.752
81 0.66497 0.048 0.61697
54 0.462436 0.048 0.414436
88 0.744825 0.048 0.696825
97 0.5317 0.048 0.4837
34 0.8 0.048 0.752
2 0.8 0.048 0.752
19 0.8 0.048 0.752
59 0.8 0.048 0.752
76 0.8 0.048 0.752
38 0.735769 0.048 0.687769
8 0.8 0.048 0.752
13 0.8 0.048 0.752
16 0.8 0.048 0.752
21 0.744976 0.048 0.696976
38 0.687769 0.048 0.639769
38 0.639769 0.16 0.479769
8 0.752 0.16 0.592
13 0.752 0.16 0.592
16 0.752 0.16 0.592
21 0.696976 0.16 0.536976
21 0.536976 0.016 0.520976
38 0.479769 0.016 0.463769
21 0.520976 0.048 0.472976
8 0.592 0.048 0.544
13 0.592 0.048 0.544
16 0.592 0.048 0.544
38 0.463769 0.048 0.415769
64 0.8 0.048 0.752
24 0.8 0.048 0.752
29 0.8 0.048 0.752
44 0.8 0.048 0.752
51 0.8 0.048 0.752
70 0.8 0.048 0.752
25 0.8 0.048 0.752
9 0.8 0.048 0.752
56 0.8 0.048 0.752
63 0.8 0.048 0.752
94 0.8 0.048 0.752
5 0.688327 0.048 0.640327
50 0.755158 0.048 0.707158
59 0.8 0.048 0.752
2 0.8 0.048 0.752
27 0.8 0.048 0.752
34 0.8 0.048 0.752
76 0.8 0.048 0.752
85 0.8 0.048 0.752
18 0.8 0.048 0.752
40 0.8 0.048 0.752
46 0.8 0.048 0.752
61 0.8 0.048 0.752
99 0.8 0.048 0.752
73 0.8 0.048 0.752
4 0.8 0.048 0.752
42 0.8 0.048 0.752
48 0.8 0.048 0.752
67 0.8 0.048 0.752
73 0.752 0.048 0.704
73 0.704 0.16 0.544
73 0.544 0.016 0.528
4 0.752 0.16 0.592
42 0.752 0.16 0.592
48 0.752 0.16 0.592
67 0.752 0.16 0.592
63 0.8 0.048 0.752
9 0.8 0.048 0.752
25 0.8 0.048 0.752
56 0.8 0.048 0.752
29 0.8 0.048 0.752
51 0.8 0.048 0.752
70 0.8 0.048 0.752
48 0.667066 0.048 0.619066
20 0.8 0.048 0.752
67 0.592 0.048 0.544
73 0.607285 0.048 0.559285
92 0.8 0.048 0.752
48 0.619066 0.096 0.523066
48 0.523066 0.16 0.363066
48 0.363066 0.016 0.347066
20 0.752 0.16 0.592
67 0.544 0.16 0.384
73 0.559285 0.16 0.399285
92 0.752 0.16 0.592
68 0.8 0.048 0.752
7 0.8 0.048 0.752
23 0.8 0.048 0.752
49 0.8 0.048 0.752
53 0.8 0.048 0.752
62 0.8 0.048 0.752
66 0.8 0.048 0.752
69 0.8 0.048 0.752
87 0.8 0.048 0.752
89 0.8 0.048 0.752
52 0.8 0.048 0.752
41 0.8 0.048 0.752
78 0.8 0.048 0.752
93 0.8 0.048 0.752
39 0.8 0.048 0.752
19 0.8 0.048 0.752
33 0.8 0.048 0.752
34 0.8 0.048 0.752
83 0.8 0.048 0.752
27 0.8 0.048 0.752
15 0.8 0.048 0.752
57 0.663313 0.048 0.615313
96 0.8 0.048 0.752
15 0.752 0.048 0.704
15 0.704 0.16 0.544
57 0.615313 0.16 0.455313
96 0.752 0.16 0.592
26 0.8 0.048 0.752
36 0.8 0.048 0.752
71 0.8 0.048 0.752
75 0.72428 0.048 0.67628
86 0.8 0.048 0.752
60 0.8 0.048 0.752
22 0.8 0.048 0.752
55 0.8 0.048 0.752
72 0.8 0.048 0.752
98 0.8 0.048 0.752
47 0.8 0.048 0.752
32 0.8 0.048 0.752
84 0.8 0.048 0.752
95 0.8 0.048 0.752
44 0.8 0.048 0.752
24 0.8 0.048 0.752
51 0.8 0.048 0.752
64 0.8 0.048 0.752
50 0.8 0.048 0.752
5 0.8 0.048 0.752
31 0.764609 0.048 0.716609
94 0.8 0.048 0.752
65 0.8 0.048 0.752
3 0.8 0.048 0.752
23 0.8 0.048 0.752
62 0.8 0.048 0.752
69 0.8 0.048 0.752
80 0.8 0.048 0.752
87 0.8 0.048 0.752
7 0.8 0.048 0.752
10 0.8 0.048 0.752
23 0.752 0.048 0.704
35 0.8 0.048 0.752
49 0.8 0.048 0.752
53 0.8 0.048 0.752
66 0.8 0.048 0.752
68 0.8 0.048 0.752
89 0.8 0.048 0.752
67 0.529346 0.048 0.481346
20 0.733095 0.048 0.685095
48 0.49606 0.048 0.44806
73 0.545039 0.048 0.497039
92 0.740397 0.048 0.692397
67 0.481346 0.048 0.433346
67 0.433346 0.16 0.273346
20 0.685095 0.16 0.525095
48 0.44806 0.16 0.28806
73 0.497039 0.16 0.337039
92 0.692397 0.16 0.532397
30 0.8 0.048 0.752
12 0.8 0.048 0.752
100 0.8 0.048 0.752
1 0.8 0.048 0.752
6 0.8 0.048 0.752
11 0.8 0.048 0.752
58 0.8 0.048 0.752
77 0.8 0.048 0.752
79 0.8 0.048 0.752
90 0.8 0.048 0.752
93 0.8 0.048 0.752
41 0.8 0.048 0.752
52 0.8 0.048 0.752
81 0.8 0.048 0.752
31 0.787837 0.048 0.739837
54 0.788882 0.048 0.740882
88 0.8 0.048 0.752
97 0.8 0.048 0.752
34 0.8 0.048 0.752
2 0.8 0.048 0.752
19 0.8 0.048 0.752
39 0.8 0.048 0.752
59 0.8 0.048 0.752
76 0.8 0.048 0.752
21 0.8 0.048 0.752
8 0.8 0.048 0.752
13 0.8 0.048 0.752
16 0.8 0.048 0.752
38 0.788235 0.048 0.740235
64 0.8 0.048 0.752
24 0.8 0.048 0.752
44 0.8 0.048 0.752
51 0.8 0.048 0.752
70 0.8 0.048 0.752
25 0.8 0.048 0.752
9 0.8 0.048 0.752
56 0.8 0.048 0.752
63 0.8 0.048 0.752
25 0.752 0.048 0.704
25 0.704 0.16 0.544
25 0.544 0.016 0.528
9 0.752 0.16 0.592
56 0.752 0.16 0.592
63 0.752 0.16 0.592
94 0.8 0.048 0.752
5 0.8 0.048 0.752
50 0.8 0.048 0.752
40 0.8 0.048 0.752
18 0.8 0.048 0.752
59 0.8 0.048 0.752
2 0.8 0.048 0.752
34 0.8 0.048 0.752
76 0.8 0.048 0.752
83 0.8 0.048 0.752
85 0.8 0.048 0.752
46 0.8 0.048 0.752
61 0.8 0.048 0.752
99 0.8 0.048 0.752
63 0.66806 0.048 0.62006
9 0.667085 0.048 0.619085
25 0.601061 0.048 0.553061
56 0.666596 0.048 0.618596
78 0.8 0.048 0.752
63 0.62006 0.096 0.52406
63 0.52406 0.16 0.36406
63 0.36406 0.016 0.34806
9 0.619085 0.16 0.459085
25 0.553061 0.16 0.393061
56 0.618596 0.16 0.458596
78 0.752 0.16 0.592
29 0.8 0.048 0.752
51 0.8 0.048 0.752
70 0.8 0.048 0.752
92 0.753474 0.048 0.705474
20 0.742083 0.048 0.694083
48 0.438355 0.048 0.390355
67 0.489628 0.048 0.441628
68 0.8 0.048 0.752
7 0.8 0.048 0.752
23 0.8 0.048 0.752
49 0.8 0.048 0.752
53 0.8 0.048 0.752
66 0.8 0.048 0.752
69 0.8 0.048 0.752
87 0.8 0.048 0.752
89 0.8 0.048 0.752
52 0.8 0.048 0.752
41 0.8 0.048 0.752
78 0.592 0.048 0.544
93 0.8 0.048 0.752
52 0.752 0.048 0.704
52 0.704 0.16 0.544
52 0.544 0.016 0.528
41 0.752 0.16 0.592
78 0.544 0.16 0.384
93 0.752 0.16 0.592
39 0.8 0.048 0.752
2 0.8 0.048 0.752
19 0.8 0.048 0.752
33 0.8 0.048 0.752
83 0.8 0.048 0.752
27 0.8 0.048 0.752
26 0.8 0.048 0.752
36 0.8 0.048 0.752
71 0.8 0.048 0.752
75 0.8 0.048 0.752
86 0.8 0.048 0.752
60 0.8 0.048 0.752
22 0.8 0.048 0.752
55 0.8 0.048 0.752
72 0.8 0.048 0.752
98 0.8 0.048 0.752
47 0.8 0.048 0.752
32 0.8 0.048 0.752
84 0.8 0.048 0.752
91 0.8 0.048 0.752
95 0.8 0.048 0.752
44 0.8 0.048 0.752
24 0.8 0.048 0.752
51 0.8 0.048 0.752
64 0.8 0.048 0.752
50 0.8 0.048 0.752
5 0.8 0.048 0.752
31 0.8 0.048 0.752
37 0.8 0.048 0.752
94 0.8 0.048 0.752
37 0.752 0.048 0.704
31 0.752 0.048 0.704
50 0.752 0.048 0.704
54 0.8 0.048 0.752
97 0.8 0.048 0.752
37 0.704 0.048 0.656
37 0.656 0.16 0.496
31 0.704 0.16 0.544
50 0.704 0.16 0.544
54 0.752 0.16 0.592
54 0.592 0.016 0.576
37 0.496 0.016 0.48
54 0.576 0.048 0.528
31 0.544 0.048 0.496
37 0.48 0.048 0.432
81 0.8 0.048 0.752
88 0.8 0.048 0.752
97 0.752 0.048 0.704
97 0.704 0.16 0.544
65 0.8 0.048 0.752
3 0.8 0.048 0.752
62 0.8 0.048 0.752
69 0.8 0.048 0.752
80 0.8 0.048 0.752
87 0.8 0.048 0.752
7 0.8 0.048 0.752
10 0.8 0.048 0.752
23 0.8 0.048 0.752
35 0.8 0.048 0.752
49 0.8 0.048 0.752
53 0.8 0.048 0.752
66 0.8 0.048 0.752
68 0.8 0.048 0.752
89 0.8 0.048 0.752
30 0.8 0.048 0.752
12 0.8 0.048 0.752
100 0.8 0.048 0.752
1 0.8 0.048 0.752
6 0.8 0.048 0.752
11 0.8 0.048 0.752
58 0.8 0.048 0.752
77 0.8 0.048 0.752
90 0.8 0.048 0.752
93 0.74002 0.048 0.69202
41 0.743066 0.048 0.695066
52 0.681723 0.048 0.633723
81 0.8 0.048 0.752
54 0.68156 0.048 0.63356
88 0.8 0.048 0.752
97 0.697249 0.048 0.649249
34 0.8 0.048 0.752
2 0.8 0.048 0.752
19 0.8 0.048 0.752
39 0.8 0.048 0.752
59 0.8 0.048 0.752
76 0.8 0.048 0.752
21 0.8 0.048 0.752
8 0.8 0.048 0.752
13 0.8 0.048 0.752
16 0.8 0.048 0.752
38 0.8 0.048 0.752
61 0.8 0.048 0.752
46 0.8 0.048 0.752
85 0.8 0.048 0.752
99 0.8 0.048 0.752
64 0.8 0.048 0.752
24 0.8 0.048 0.752
44 0.8 0.048 0.752
51 0.8 0.048 0.752
70 0.8 0.048 0.752
94 0.8 0.048 0.752
5 0.8 0.048 0.752
50 0.769942 0.048 0.721942
40 0.8 0.048 0.752
17 0.8 0.048 0.752
18 0.8 0.048 0.752
40 0.752 0.048 0.704
40 0.704 0.16 0.544
17 0.752 0.16 0.592
17 0.592 0.016 0.576
40 0.544 0.016 0.528
17 0.576 0.048 0.528
40 0.528 0.048 0.48
58 0.8 0.048 0.752
79 0.8 0.048 0.752
18 0.752 0.16 0.592
59 0.8 0.048 0.752
2 0.8 0.048 0.752
27 0.8 0.048 0.752
34 0.8 0.048 0.752
76 0.8 0.048 0.752
83 0.8 0.048 0.752
85 0.8 0.048 0.752
46 0.8 0.048 0.752
61 0.8 0.048 0.752
99 0.8 0.048 0.752
29 0.8 0.048 0.752
51 0.8 0.048 0.752
70 0.8 0.048 0.752
29 0.752 0.048 0.704
29 0.704 0.16 0.544
29 0.544 0.016 0.528
51 0.752 0.16 0.592
70 0.752 0.16 0.592
92 0.8 0.048 0.752
20 0.8 0.048 0.752
48 0.769637 0.048 0.721637
67 0.8 0.048 0.752
92 0.752 0.048 0.704
92 0.704 0.16 0.544
20 0.752 0.16 0.592
48 0.721637 0.16 0.561637
48 0.561637 0.016 0.545637
92 0.544 0.016 0.528
48 0.545637 0.048 0.497637
20 0.592 0.048 0.544
42 0.8 0.048 0.752
67 0.752 0.048 0.704
73 0.8 0.048 0.752
92 0.528 0.048 0.48
48 0.497637 0.048 0.449637
48 0.449637 0.16 0.289637
67 0.704 0.16 0.544
20 0.544 0.16 0.384
42 0.752 0.16 0.592
67 0.544 0.16 0.384
73 0.752 0.16 0.592
73 0.592 0.016 0.576
48 0.289637 0.016 0.273637
73 0.576 0.048 0.528
4 0.8 0.048 0.752
42 0.592 0.048 0.544
48 0.273637 0.048 0.225637
67 0.384 0.048 0.336
92 0.48 0.16 0.32
68 0.8 0.048 0.752
7 0.8 0.048 0.752
23 0.8 0.048 0.752
49 0.8 0.048 0.752
53 0.8 0.048 0.752
66 0.8 0.048 0.752
69 0.8 0.048 0.752
87 0.8 0.048 0.752
89 0.8 0.048 0.752
39 0.8 0.048 0.752
19 0.8 0.048 0.752
33 0.8 0.048 0.752
34 0.8 0.048 0.752
83 0.8 0.048 0.752
27 0.8 0.048 0.752
59 0.8 0.048 0.752
76 0.8 0.048 0.752
26 0.8 0.048 0.752
36 0.8 0.048 0.752
71 0.8 0.048 0.752
75 0.8 0.048 0.752
60 0.8 0.048 0.752
22 0.8 0.048 0.752
55 0.8 0.048 0.752
72 0.8 0.048 0.752
98 0.8 0.048 0.752
47 0.8 0.048 0.752
32 0.8 0.048 0.752
82 0.8 0.048 0.752
84 0.8 0.048 0.752
91 0.8 0.048 0.752
95 0.8 0.048 0.752
44 0.8 0.048 0.752
24 0.8 0.048 0.752
51 0.668762 0.048 0.620762
64 0.8 0.048 0.752
50 0.8 0.048 0.752
5 0.8 0.048 0.752
31 0.8 0.048 0.752
37 0.8 0.048 0.752
94 0.8 0.048 0.752
54 0.8 0.048 0.752
31 0.752 0.048 0.704
37 0.752 0.048 0.704
81 0.8 0.048 0.752
88 0.8 0.048 0.752
97 0.8 0.048 0.752
65 0.8 0.048 0.752
3 0.8 0.048 0.752
62 0.8 0.048 0.752
69 0.8 0.048 0.752
80 0.8 0.048 0.752
65 0.752 0.048 0.704
65 0.704 0.16 0.544
65 0.544 0.016 0.528
3 0.752 0.16 0.592
62 0.752 0.16 0.592
69 0.752 0.16 0.592
80 0.752 0.16 0.592
87 0.8 0.048 0.752
7 0.8 0.048 0.752
10 0.8 0.048 0.752
23 0.8 0.048 0.752
35 0.8 0.048 0.752
49 0.8 0.048 0.752
53 0.8 0.048 0.752
66 0.8 0.048 0.752
68 0.8 0.048 0.752
89 0.8 0.048 0.752
30 0.8 0.048 0.752
12 0.8 0.048 0.752
100 0.8 0.048 0.752
1 0.8 0.048 0.752
6 0.8 0.048 0.752
11 0.8 0.048 0.752
58 0.8 0.048 0.752
77 0.8 0.048 0.752
90 0.8 0.048 0.752
93 0.8 0.048 0.752
41 0.8 0.048 0.752
52 0.8 0.048 0.752
81 0.8 0.048 0.752
54 0.8 0.048 0.752
88 0.8 0.048 0.752
97 0.8 0.048 0.752
34 0.8 0.048 0.752
2 0.8 0.048 0.752
19 0.8 0.048 0.752
39 0.8 0.048 0.752
21 0.8 0.048 0.752
8 0.8 0.048 0.752
13 0.8 0.048 0.752
16 0.8 0.048 0.752
38 0.8 0.048 0.752
43 0.8 0.048 0.752
61 0.8 0.048 0.752
85 0.8 0.048 0.752
99 0.8 0.048 0.752
64 0.8 0.048 0.752
24 0.8 0.048 0.752
29 0.749304 0.048 0.701304
44 0.8 0.048 0.752
51 0.769798 0.048 0.721798
70 0.8 0.048 0.752
64 0.752 0.048 0.704
64 0.704 0.16 0.544
24 0.752 0.16 0.592
29 0.701304 0.16 0.541304
29 0.541304 0.016 0.525304
64 0.544 0.016 0.528
29 0.525304 0.048 0.477304
51 0.721798 0.048 0.673798
64 0.528 0.048 0.48
70 0.752 0.048 0.704
80 0.748422 0.048 0.700422
44 0.752 0.16 0.592
51 0.673798 0.16 0.513798
70 0.704 0.16 0.544
94 0.8 0.048 0.752
5 0.8 0.048 0.752
50 0.8 0.048 0.752
17 0.8 0.048 0.752
18 0.8 0.048 0.752
58 0.8 0.048 0.752
79 0.8 0.048 0.752
59 0.8 0.048 0.752
2 0.8 0.048 0.752
76 0.8 0.048 0.752
85 0.8 0.048 0.752
46 0.8 0.048 0.752
61 0.8 0.048 0.752
99 0.8 0.048 0.752
73 0.8 0.048 0.752
4 0.8 0.048 0.752
42 0.8 0.048 0.752
48 0.596068 0.048 0.548068
67 0.71109 0.048 0.66309
48 0.624997 0.048 0.576997
4 0.752 0.048 0.704
20 0.76058 0.048 0.71258
67 0.66309 0.048 0.61509
73 0.752 0.048 0.704
92 0.688736 0.048 0.640736
48 0.576997 0.048 0.528997
48 0.528997 0.16 0.368997
4 0.704 0.16 0.544
20 0.71258 0.16 0.55258
67 0.61509 0.16 0.45509
73 0.704 0.16 0.544
92 0.640736 0.16 0.480736
68 0.8 0.048 0.752
7 0.8 0.048 0.752
23 0.8 0.048 0.752
49 0.8 0.048 0.752
53 0.8 0.048 0.752
66 0.8 0.048 0.752
69 0.8 0.048 0.752
87 0.8 0.048 0.752
89 0.8 0.048 0.752
68 0.752 0.048 0.704
68 0.704 0.16 0.544
68 0.544 0.016 0.528
7 0.752 0.16 0.592
23 0.752 0.16 0.592
49 0.752 0.16 0.592
53 0.752 0.16 0.592
66 0.752 0.16 0.592
69 0.752 0.16 0.592
87 0.752 0.16 0.592
89 0.752 0.16 0.592
39 0.8 0.048 0.752
2 0.8 0.048 0.752
19 0.8 0.048 0.752
33 0.8 0.048 0.752
34 0.8 0.048 0.752
83 0.8 0.048 0.752
27 0.8 0.048 0.752
26 0.8 0.048 0.752
71 0.8 0.048 0.752
75 0.8 0.048 0.752
86 0.8 0.048 0.752
60 0.8 0.048 0.752
22 0.8 0.048 0.752
55 0.8 0.048 0.752
72 0.8 0.048 0.752
98 0.8 0.048 0.752
47 0.8 0.048 0.752
32 0.8 0.048 0.752
82 0.8 0.048 0.752
84 0.8 0.048 0.752
91 0.8 0.048 0.752
95 0.8 0.048 0.752
44 0.8 0.048 0.752
24 0.8 0.048 0.752
51 0.740052 0.048 0.692052
64 0.701827 0.048 0.653827
50 0.8 0.048 0.752
5 0.8 0.048 0.752
31 0.8 0.048 0.752
37 0.8 0.048 0.752
94 0.8 0.048 0.752
54 0.8 0.048 0.752
31 0.752 0.048 0.704
37 0.752 0.048 0.704
81 0.8 0.048 0.752
97 0.8 0.048 0.752
87 0.740148 0.048 0.692148
7 0.745425 0.048 0.697425
10 0.8 0.048 0.752
23 0.7446 0.048 0.6966
35 0.8 0.048 0.752
49 0.667266 0.048 0.619266
53 0.745704 0.048 0.697704
66 0.743645 0.048 0.695645
68 0.677278 0.048 0.629278
89 0.745906 0.048 0.697906
87 0.692148 0.048 0.644148
87 0.644148 0.16 0.484148
7 0.697425 0.16 0.537425
10 0.752 0.16 0.592
23 0.6966 0.16 0.5366
35 0.752 0.16 0.592
49 0.619266 0.16 0.459266
53 0.697704 0.16 0.537704
66 0.695645 0.16 0.535645
68 0.629278 0.16 0.469278
89 0.697906 0.16 0.537906
30 0.8 0.048 0.752
12 0.8 0.048 0.752
100 0.8 0.048 0.752
1 0.8 0.048 0.752
6 0.8 0.048 0.752
11 0.8 0.048 0.752
58 0.8 0.048 0.752
77 0.8 0.048 0.752
79 0.8 0.048 0.752
90 0.8 0.048 0.752
93 0.8 0.048 0.752
41 0.8 0.048 0.752
52 0.8 0.048 0.752
81 0.8 0.048 0.752
31 0.778795 0.048 0.730795
54 0.8 0.048 0.752
88 0.8 0.048 0.752
97 0.8 0.048 0.752
34 0.8 0.048 0.752
2 0.8 0.048 0.752
19 0.8 0.048 0.752
33 0.8 0.048 0.752
39 0.8 0.048 0.752
59 0.8 0.048 0.752
34 0.752 0.048 0.704
34 0.704 0.16 0.544
34 0.544 0.016 0.528
2 0.752 0.16 0.592
19 0.752 0.16 0.592
33 0.752 0.16 0.592
39 0.752 0.16 0.592
59 0.752 0.16 0.592
21 0.8 0.048 0.752
8 0.8 0.048 0.752
13 0.8 0.048 0.752
16 0.8 0.048 0.752
38 0.8 0.048 0.752
61 0.8 0.048 0.752
40 0.8 0.048 0.752
46 0.8 0.048 0.752
85 0.8 0.048 0.752
99 0.8 0.048 0.752
61 0.752 0.048 0.704
61 0.704 0.16 0.544
40 0.752 0.16 0.592
40 0.592 0.016 0.576
61 0.544 0.016 0.528
40 0.576 0.048 0.528
18 0.8 0.048 0.752
61 0.528 0.048 0.48
46 0.752 0.16 0.592
85 0.752 0.16 0.592
99 0.752 0.16 0.592
29 0.8 0.048 0.752
70 0.8 0.048 0.752
80 0.8 0.048 0.752
94 0.8 0.048 0.752
5 0.8 0.048 0.752
50 0.8 0.048 0.752
17 0.8 0.048 0.752
18 0.8 0.048 0.752
58 0.8 0.048 0.752
79 0.8 0.048 0.752
59 0.666496 0.048 0.618496
2 0.668188 0.048 0.620188
34 0.607913 0.048 0.559913
76 0.8 0.048 0.752
59 0.618496 0.096 0.522496
59 0.522496 0.16 0.362496
59 0.362496 0.016 0.346496
2 0.620188 0.16 0.460188
34 0.559913 0.16 0.399913
76 0.752 0.16 0.592
85 0.744854 0.048 0.696854
46 0.740646 0.048 0.692646
61 0.55358 0.048 0.50558
99 0.667024 0.048 0.619024
73 0.8 0.048 0.752
4 0.8 0.048 0.752
42 0.8 0.048 0.752
48 0.673228 0.048 0.625228
67 0.8 0.048 0.752
39 0.747566 0.048 0.699566
2 0.61398 0.048 0.56598
19 0.8 0.048 0.752
33 0.8 0.048 0.752
34 0.546914 0.048 0.498914
83 0.8 0.048 0.752
27 0.8 0.048 0.752
83 0.752 0.048 0.704
83 0.704 0.16 0.544
83 0.544 0.016 0.528
27 0.752 0.16 0.592
28 0.8 0.048 0.752
32 0.8 0.048 0.752
84 0.8 0.048 0.752
26 0.8 0.048 0.752
71 0.8 0.048 0.752
75 0.8 0.048 0.752
86 0.8 0.048 0.752
90 0.8 0.048 0.752
1 0.8 0.048 0.752
6 0.8 0.048 0.752
77 0.8 0.048 0.752
100 0.8 0.048 0.752
60 0.8 0.048 0.752
22 0.8 0.048 0.752
55 0.8 0.048 0.752
72 0.8 0.048 0.752
98 0.8 0.048 0.752
47 0.8 0.048 0.752
32 0.8 0.048 0.752
84 0.752 0.048 0.704
91 0.8 0.048 0.752
95 0.8 0.048 0.752
44 0.8 0.048 0.752
24 0.8 0.048 0.752
51 0.8 0.048 0.752
64 0.8 0.048 0.752
50 0.8 0.048 0.752
5 0.8 0.048 0.752
31 0.8 0.048 0.752
37 0.8 0.048 0.752
94 0.8 0.048 0.752
54 0.8 0.048 0.752
31 0.752 0.048 0.704
37 0.752 0.048 0.704
81 0.8 0.048 0.752
97 0.8 0.048 0.752
30 0.8 0.048 0.752
12 0.8 0.048 0.752
100 0.8 0.048 0.752
1 0.8 0.048 0.752
6 0.8 0.048 0.752
11 0.8 0.048 0.752
58 0.8 0.048 0.752
77 0.8 0.048 0.752
79 0.8 0.048 0.752
90 0.8 0.048 0.752
93 0.8 0.048 0.752
41 0.8 0.048 0.752
52 0.8 0.048 0.752
81 0.8 0.048 0.752
31 0.782435 0.048 0.734435
54 0.8 0.048 0.752
88 0.8 0.048 0.752
97 0.8 0.048 0.752
81 0.752 0.048 0.704
81 0.704 0.16 0.544
81 0.544 0.016 0.528
31 0.734435 0.16 0.574435
54 0.752 0.16 0.592
88 0.752 0.16 0.592
97 0.752 0.16 0.592
21 0.8 0.048 0.752
8 0.8 0.048 0.752
13 0.8 0.048 0.752
16 0.8 0.048 0.752
38 0.8 0.048 0.752
43 0.8 0.048 0.752
40 0.8 0.048 0.752
18 0.8 0.048 0.752
29 0.8 0.048 0.752
51 0.8 0.048 0.752
64 0.8 0.048 0.752
70 0.8 0.048 0.752
80 0.8 0.048 0.752
94 0.8 0.048 0.752
5 0.8 0.048 0.752
50 0.8 0.048 0.752
17 0.8 0.048 0.752
18 0.8 0.048 0.752
40 0.8 0.048 0.752
58 0.8 0.048 0.752
79 0.8 0.048 0.752
85 0.8 0.048 0.752
46 0.8 0.048 0.752
61 0.8 0.048 0.752
99 0.8 0.048 0.752
73 0.8 0.048 0.752
4 0.8 0.048 0.752
42 0.8 0.048 0.752
48 0.8 0.048 0.752
67 0.8 0.048 0.752
39 0.8 0.048 0.752
2 0.8 0.048 0.752
19 0.8 0.048 0.752
33 0.8 0.048 0.752
34 0.8 0.048 0.752
28 0.8 0.048 0.752
6 0.8 0.048 0.752
32 0.8 0.048 0.752
84 0.8 0.048 0.752
26 0.8 0.048 0.752
71 0.8 0.048 0.752
75 0.8 0.048 0.752
90 0.8 0.048 0.752
1 0.8 0.048 0.752
6 0.8 0.048 0.752
28 0.752 0.048 0.704
77 0.8 0.048 0.752
100 0.8 0.048 0.752
60 0.8 0.048 0.752
22 0.8 0.048 0.752
55 0.8 0.048 0.752
72 0.8 0.048 0.752
98 0.8 0.048 0.752
47 0.8 0.048 0.752
32 0.8 0.048 0.752
84 0.752 0.048 0.704
91 0.8 0.048 0.752
95 0.8 0.048 0.752
44 0.8 0.048 0.752
24 0.8 0.048 0.752
51 0.8 0.048 0.752
50 0.8 0.048 0.752
5 0.8 0.048 0.752
31 0.8 0.048 0.752
37 0.8 0.048 0.752
94 0.8 0.048 0.752
54 0.8 0.048 0.752
31 0.752 0.048 0.704
37 0.752 0.048 0.704
81 0.8 0.048 0.752
97 0.8 0.048 0.752
54 0.752 0.048 0.704
54 0.704 0.16 0.544
31 0.704 0.16 0.544
37 0.704 0.16 0.544
81 0.752 0.16 0.592
81 0.592 0.016 0.576
54 0.544 0.016 0.528
81 0.576 0.048 0.528
31 0.544 0.048 0.496
37 0.544 0.048 0.496
54 0.528 0.048 0.48
88 0.8 0.048 0.752
97 0.752 0.048 0.704
97 0.704 0.16 0.544
30 0.8 0.048 0.752
12 0.8 0.048 0.752
45 0.8 0.048 0.752
30 0.752 0.048 0.704
30 0.704 0.16 0.544
30 0.544 0.016 0.528
12 0.752 0.16 0.592
45 0.752 0.16 0.592
100 0.8 0.048 0.752
1 0.8 0.048 0.752
6 0.8 0.048 0.752
11 0.8 0.048 0.752
58 0.8 0.048 0.752
77 0.8 0.048 0.752
90 0.8 0.048 0.752
93 0.8 0.048 0.752
41 0.8 0.048 0.752
52 0.8 0.048 0.752
21 0.8 0.048 0.752
8 0.8 0.048 0.752
13 0.8 0.048 0.752
16 0.8 0.048 0.752
38 0.8 0.048 0.752
43 0.8 0.048 0.752
40 0.8 0.048 0.752
17 0.8 0.048 0.752
18 0.8 0.048 0.752
29 0.8 0.048 0.752
51 0.8 0.048 0.752
70 0.8 0.048 0.752
94 0.8 0.048 0.752
5 0.8 0.048 0.752
50 0.8 0.048 0.752
17 0.8 0.048 0.752
18 0.8 0.048 0.752
40 0.8 0.048 0.752
58 0.8 0.048 0.752
79 0.8 0.048 0.752
85 0.8 0.048 0.752
46 0.8 0.048 0.752
61 0.8 0.048 0.752
99 0.8 0.048 0.752
73 0.8 0.048 0.752
4 0.8 0.048 0.752
42 0.8 0.048 0.752
48 0.8 0.048 0.752
67 0.8 0.048 0.752
39 0.8 0.048 0.752
2 0.8 0.048 0.752
19 0.8 0.048 0.752
33 0.8 0.048 0.752
34 0.8 0.048 0.752
28 0.8 0.048 0.752
32 0.8 0.048 0.752
90 0.8 0.048 0.752
26 0.8 0.048 0.752
36 0.8 0.048 0.752
71 0.8 0.048 0.752
75 0.8 0.048 0.752
90 0.8 0.048 0.752
1 0.8 0.048 0.752
6 0.8 0.048 0.752
28 0.752 0.048 0.704
77 0.8 0.048 0.752
100 0.8 0.048 0.752
60 0.8 0.048 0.752
22 0.8 0.048 0.752
55 0.8 0.048 0.752
72 0.8 0.048 0.752
96 0.8 0.048 0.752
98 0.8 0.048 0.752
47 0.8 0.048 0.752
32 0.8 0.048 0.752
82 0.8 0.048 0.752
84 0.8 0.048 0.752
91 0.8 0.048 0.752
95 0.8 0.048 0.752
47 0.752 0.048 0.704
47 0.704 0.16 0.544
47 0.544 0.016 0.528
32 0.752 0.16 0.592
82 0.752 0.16 0.592
84 0.752 0.16 0.592
91 0.752 0.16 0.592
95 0.752 0.16 0.592
44 0.8 0.048 0.752
24 0.8 0.048 0.752
51 0.8 0.048 0.752
50 0.8 0.048 0.752
5 0.8 0.048 0.752
31 0.8 0.048 0.752
37 0.8 0.048 0.752
54 0.8 0.048 0.752
94 0.8 0.048 0.752
81 0.8 0.048 0.752
31 0.752 0.048 0.704
54 0.752 0.048 0.704
88 0.8 0.048 0.752
97 0.8 0.048 0.752
100 0.8 0.048 0.752
1 0.8 0.048 0.752
6 0.8 0.048 0.752
11 0.8 0.048 0.752
58 0.8 0.048 0.752
77 0.8 0.048 0.752
79 0.8 0.048 0.752
90 0.8 0.048 0.752
93 0.8 0.048 0.752
41 0.8 0.048 0.752
52 0.8 0.048 0.752
21 0.8 0.048 0.752
8 0.8 0.048 0.752
13 0.8 0.048 0.752
16 0.8 0.048 0.752
38 0.8 0.048 0.752
43 0.8 0.048 0.752
40 0.8 0.048 0.752
17 0.8 0.048 0.752
18 0.8 0.048 0.752
29 0.8 0.048 0.752
70 0.8 0.048 0.752
94 0.8 0.048 0.752
5 0.8 0.048 0.752
50 0.8 0.048 0.752
17 0.8 0.048 0.752
18 0.8 0.048 0.752
40 0.8 0.048 0.752
79 0.8 0.048 0.752
85 0.8 0.048 0.752
46 0.8 0.048 0.752
61 0.8 0.048 0.752
99 0.8 0.048 0.752
73 0.8 0.048 0.752
4 0.8 0.048 0.752
42 0.8 0.048 0.752
48 0.8 0.048 0.752
67 0.8 0.048 0.752
39 0.8 0.048 0.752
2 0.8 0.048 0.752
19 0.8 0.048 0.752
33 0.8 0.048 0.752
34 0.8 0.048 0.752
28 0.8 0.048 0.752
1 0.8 0.048 0.752
6 0.8 0.048 0.752
32 0.8 0.048 0.752
90 0.8 0.048 0.752
26 0.8 0.048 0.752
71 0.8 0.048 0.752
75 0.8 0.048 0.752
90 0.8 0.048 0.752
1 0.752 0.048 0.704
6 0.8 0.048 0.752
28 0.752 0.048 0.704
77 0.8 0.048 0.752
100 0.8 0.048 0.752
60 0.8 0.048 0.752
22 0.8 0.048 0.752
55 0.8 0.048 0.752
72 0.8 0.048 0.752
96 0.8 0.048 0.752
98 0.8 0.048 0.752
44 0.8 0.048 0.752
24 0.8 0.048 0.752
51 0.8 0.048 0.752
64 0.8 0.048 0.752
50 0.8 0.048 0.752
5 0.8 0.048 0.752
37 0.8 0.048 0.752
54 0.8 0.048 0.752
94 0.8 0.048 0.752
81 0.8 0.048 0.752
31 0.8 0.048 0.752
88 0.8 0.048 0.752
97 0.8 0.048 0.752
100 0.8 0.048 0.752
1 0.8 0.048 0.752
11 0.8 0.048 0.752
58 0.8 0.048 0.752
77 0.8 0.048 0.752
79 0.8 0.048 0.752
90 0.8 0.048 0.752
93 0.8 0.048 0.752
41 0.8 0.048 0.752
52 0.8 0.048 0.752
21 0.8 0.048 0.752
8 0.8 0.048 0.752
13 0.8 0.048 0.752
16 0.8 0.048 0.752
38 0.8 0.048 0.752
43 0.8 0.048 0.752
40 0.8 0.048 0.752
17 0.8 0.048 0.752
18 0.8 0.048 0.752
40 0.752 0.048 0.704
40 0.704 0.16 0.544
40 0.544 0.016 0.528
17 0.752 0.16 0.592
18 0.752 0.16 0.592
29 0.8 0.048 0.752
70 0.8 0.048 0.752
94 0.8 0.048 0.752
5 0.8 0.048 0.752
50 0.8 0.048 0.752
17 0.669375 0.048 0.621375
18 0.663963 0.048 0.615963
40 0.60742 0.048 0.55942
79 0.8 0.048 0.752
85 0.8 0.048 0.752
46 0.8 0.048 0.752
61 0.8 0.048 0.752
99 0.8 0.048 0.752
85 0.752 0.048 0.704
85 0.704 0.16 0.544
46 0.752 0.16 0.592
61 0.752 0.16 0.592
99 0.752 0.16 0.592
73 0.8 0.048 0.752
4 0.8 0.048 0.752
42 0.8 0.048 0.752
48 0.8 0.048 0.752
67 0.8 0.048 0.752
39 0.8 0.048 0.752
19 0.8 0.048 0.752
33 0.8 0.048 0.752
34 0.8 0.048 0.752
28 0.8 0.048 0.752
1 0.8 0.048 0.752
6 0.8 0.048 0.752
32 0.8 0.048 0.752
84 0.8 0.048 0.752
90 0.8 0.048 0.752
26 0.8 0.048 0.752
71 0.8 0.048 0.752
75 0.8 0.048 0.752
26 0.752 0.048 0.704
26 0.704 0.16 0.544
26 0.544 0.016 0.528
71 0.752 0.16 0.592
75 0.752 0.16 0.592
90 0.8 0.048 0.752
1 0.752 0.048 0.704
6 0.8 0.048 0.752
28 0.752 0.048 0.704
77 0.8 0.048 0.752
100 0.8 0.048 0.752
60 0.8 0.048 0.752
22 0.8 0.048 0.752
55 0.8 0.048 0.752
72 0.8 0.048 0.752
96 0.8 0.048 0.752
98 0.8 0.048 0.752
44 0.8 0.048 0.752
24 0.8 0.048 0.752
51 0.8 0.048 0.752
64 0.8 0.048 0.752
50 0.8 0.048 0.752
5 0.8 0.048 0.752
37 0.8 0.048 0.752
94 0.8 0.048 0.752
81 0.8 0.048 0.752
31 0.8 0.048 0.752
37 0.752 0.048 0.704
54 0.8 0.048 0.752
88 0.8 0.048 0.752
97 0.8 0.048 0.752
100 0.8 0.048 0.752
1 0.8 0.048 0.752
6 0.8 0.048 0.752
11 0.8 0.048 0.752
58 0.8 0.048 0.752
77 0.8 0.048 0.752
90 0.8 0.048 0.752
93 0.8 0.048 0.752
41 0.8 0.048 0.752
52 0.8 0.048 0.752
21 0.8 0.048 0.752
8 0.8 0.048 0.752
13 0.8 0.048 0.752
16 0.8 0.048 0.752
38 0.8 0.048 0.752
43 0.8 0.048 0.752
29 0.8 0.048 0.752
64 0.8 0.048 0.752
70 0.8 0.048 0.752
80 0.8 0.048 0.752
94 0.8 0.048 0.752
5 0.8 0.048 0.752
50 0.8 0.048 0.752
17 0.8 0.048 0.752
18 0.8 0.048 0.752
40 0.8 0.048 0.752
58 0.8 0.048 0.752
79 0.8 0.048 0.752
73 0.8 0.048 0.752
4 0.8 0.048 0.752
14 0.8 0.048 0.752
42 0.8 0.048 0.752
48 0.8 0.048 0.752
67 0.8 0.048 0.752
39 0.8 0.048 0.752
19 0.8 0.048 0.752
33 0.8 0.048 0.752
34 0.8 0.048 0.752
28 0.8 0.048 0.752
6 0.8 0.048 0.752
32 0.8 0.048 0.752
90 0.8 0.048 0.752
90 0.8 0.048 0.752
1 0.8 0.048 0.752
6 0.8 0.048 0.752
28 0.752 0.048 0.704
77 0.8 0.048 0.752
100 0.8 0.048 0.752
60 0.8 0.048 0.752
22 0.8 0.048 0.752
55 0.8 0.048 0.752
72 0.8 0.048 0.752
96 0.8 0.048 0.752
98 0.8 0.048 0.752
60 0.752 0.048 0.704
60 0.704 0.16 0.544
60 0.544 0.016 0.528
22 0.752 0.16 0.592
55 0.752 0.16 0.592
72 0.752 0.16 0.592
96 0.752 0.16 0.592
98 0.752 0.16 0.592
44 0.8 0.048 0.752
24 0.8 0.048 0.752
51 0.8 0.048 0.752
50 0.8 0.048 0.752
5 0.8 0.048 0.752
94 0.8 0.048 0.752
81 0.8 0.048 0.752
31 0.8 0.048 0.752
37 0.8 0.048 0.752
54 0.8 0.048 0.752
88 0.8 0.048 0.752
97 0.8 0.048 0.752
100 0.8 0.048 0.752
1 0.8 0.048 0.752
6 0.8 0.048 0.752
11 0.8 0.048 0.752
58 0.8 0.048 0.752
77 0.8 0.048 0.752
79 0.8 0.048 0.752
90 0.8 0.048 0.752
93 0.8 0.048 0.752
41 0.8 0.048 0.752
52 0.8 0.048 0.752
21 0.8 0.048 0.752
8 0.8 0.048 0.752
13 0.8 0.048 0.752
16 0.8 0.048 0.752
38 0.8 0.048 0.752
43 0.8 0.048 0.752
21 0.752 0.048 0.704
21 0.704 0.16 0.544
21 0.544 0.016 0.528
8 0.752 0.16 0.592
13 0.752 0.16 0.592
16 0.752 0.16 0.592
38 0.752 0.16 0.592
43 0.752 0.16 0.592
29 0.8 0.048 0.752
64 0.8 0.048 0.752
70 0.8 0.048 0.752
94 0.8 0.048 0.752
5 0.8 0.048 0.752
50 0.8 0.048 0.752
17 0.8 0.048 0.752
18 0.8 0.048 0.752
40 0.8 0.048 0.752
79 0.8 0.048 0.752
73 0.8 0.048 0.752
4 0.8 0.048 0.752
14 0.8 0.048 0.752
42 0.8 0.048 0.752
48 0.8 0.048 0.752
67 0.8 0.048 0.752
39 0.8 0.048 0.752
19 0.8 0.048 0.752
33 0.8 0.048 0.752
34 0.8 0.048 0.752
28 0.8 0.048 0.752
1 0.8 0.048 0.752
6 0.8 0.048 0.752
32 0.8 0.048 0.752
77 0.8 0.048 0.752
90 0.8 0.048 0.752
90 0.8 0.048 0.752
1 0.752 0.048 0.704
6 0.8 0.048 0.752
28 0.752 0.048 0.704
77 0.752 0.048 0.704
100 0.8 0.048 0.752
44 0.8 0.048 0.752
24 0.8 0.048 0.752
51 0.8 0.048 0.752
64 0.8 0.048 0.752
50 0.8 0.048 0.752
5 0.8 0.048 0.752
37 0.8 0.048 0.752
94 0.8 0.048 0.752
81 0.8 0.048 0.752
31 0.8 0.048 0.752
37 0.752 0.048 0.704
54 0.8 0.048 0.752
88 0.8 0.048 0.752
97 0.8 0.048 0.752
100 0.8 0.048 0.752
1 0.8 0.048 0.752
11 0.8 0.048 0.752
58 0.8 0.048 0.752
77 0.780476 0.048 0.732476
90 0.8 0.048 0.752
93 0.8 0.048 0.752
41 0.8 0.048 0.752
52 0.8 0.048 0.752
29 0.8 0.048 0.752
64 0.8 0.048 0.752
70 0.8 0.048 0.752
94 0.8 0.048 0.752
5 0.8 0.048 0.752
50 0.8 0.048 0.752
17 0.8 0.048 0.752
18 0.8 0.048 0.752
40 0.8 0.048 0.752
58 0.8 0.048 0.752
79 0.8 0.048 0.752
73 0.8 0.048 0.752
4 0.8 0.048 0.752
14 0.8 0.048 0.752
42 0.8 0.048 0.752
67 0.8 0.048 0.752
39 0.8 0.048 0.752
19 0.8 0.048 0.752
33 0.8 0.048 0.752
34 0.8 0.048 0.752
28 0.8 0.048 0.752
1 0.8 0.048 0.752
6 0.8 0.048 0.752
32 0.8 0.048 0.752
84 0.8 0.048 0.752
90 0.8 0.048 0.752
95 0.8 0.048 0.752
90 0.8 0.048 0.752
1 0.752 0.048 0.704
6 0.8 0.048 0.752
28 0.752 0.048 0.704
77 0.8 0.048 0.752
44 0.8 0.048 0.752
24 0.8 0.048 0.752
51 0.8 0.048 0.752
64 0.8 0.048 0.752
50 0.8 0.048 0.752
5 0.8 0.048 0.752
31 0.8 0.048 0.752
37 0.8 0.048 0.752
94 0.8 0.048 0.752
81 0.8 0.048 0.752
31 0.752 0.048 0.704
37 0.752 0.048 0.704
54 0.8 0.048 0.752
88 0.8 0.048 0.752
97 0.8 0.048 0.752
100 0.8 0.048 0.752
1 0.8 0.048 0.752
6 0.8 0.048 0.752
11 0.8 0.048 0.752
58 0.8 0.048 0.752
77 0.8 0.048 0.752
79 0.8 0.048 0.752
90 0.8 0.048 0.752
93 0.8 0.048 0.752
41 0.8 0.048 0.752
52 0.8 0.048 0.752
29 0.8 0.048 0.752
51 0.8 0.048 0.752
64 0.8 0.048 0.752
70 0.8 0.048 0.752
94 0.8 0.048 0.752
5 0.8 0.048 0.752
50 0.8 0.048 0.752
17 0.8 0.048 0.752
18 0.8 0.048 0.752
40 0.8 0.048 0.752
58 0.8 0.048 0.752
79 0.8 0.048 0.752
73 0.8 0.048 0.752
4 0.8 0.048 0.752
14 0.8 0.048 0.752
42 0.8 0.048 0.752
48 0.8 0.048 0.752
67 0.8 0.048 0.752
39 0.8 0.048 0.752
19 0.8 0.048 0.752
33 0.8 0.048 0.752
34 0.8 0.048 0.752
28 0.8 0.048 0.752
1 0.8 0.048 0.752
6 0.8 0.048 0.752
32 0.8 0.048 0.752
84 0.8 0.048 0.752
90 0.8 0.048 0.752
90 0.8 0.048 0.752
1 0.752 0.048 0.704
6 0.8 0.048 0.752
28 0.752 0.048 0.704
77 0.8 0.048 0.752
44 0.8 0.048 0.752
24 0.8 0.048 0.752
51 0.8 0.048 0.752
44 0.752 0.048 0.704
44 0.704 0.16 0.544
44 0.544 0.016 0.528
24 0.752 0.16 0.592
51 0.752 0.16 0.592
50 0.8 0.048 0.752
5 0.8 0.048 0.752
31 0.8 0.048 0.752
37 0.8 0.048 0.752
94 0.8 0.048 0.752
81 0.8 0.048 0.752
31 0.752 0.048 0.704
37 0.752 0.048 0.704
54 0.8 0.048 0.752
88 0.8 0.048 0.752
97 0.8 0.048 0.752
100 0.8 0.048 0.752
1 0.8 0.048 0.752
6 0.8 0.048 0.752
11 0.8 0.048 0.752
58 0.8 0.048 0.752
77 0.8 0.048 0.752
79 0.8 0.048 0.752
93 0.8 0.048 0.752
41 0.8 0.048 0.752
52 0.8 0.048 0.752
29 0.8 0.048 0.752
51 0.738217 0.048 0.690217
64 0.8 0.048 0.752
70 0.8 0.048 0.752
29 0.752 0.048 0.704
29 0.704 0.16 0.544
29 0.544 0.016 0.528
51 0.690217 0.16 0.530217
64 0.752 0.16 0.592
70 0.752 0.16 0.592
94 0.8 0.048 0.752
5 0.8 0.048 0.752
50 0.8 0.048 0.752
17 0.8 0.048 0.752
18 0.8 0.048 0.752
40 0.8 0.048 0.752
58 0.8 0.048 0.752
79 0.8 0.048 0.752
73 0.8 0.048 0.752
4 0.8 0.048 0.752
14 0.8 0.048 0.752
42 0.8 0.048 0.752
67 0.8 0.048 0.752
39 0.8 0.048 0.752
19 0.8 0.048 0.752
33 0.8 0.048 0.752
34 0.8 0.048 0.752
28 0.8 0.048 0.752
1 0.8 0.048 0.752
6 0.8 0.048 0.752
32 0.8 0.048 0.752
95 0.8 0.048 0.752
90 0.8 0.048 0.752
1 0.752 0.048 0.704
6 0.8 0.048 0.752
11 0.8 0.048 0.752
77 0.8 0.048 0.752
50 0.8 0.048 0.752
5 0.8 0.048 0.752
37 0.8 0.048 0.752
94 0.8 0.048 0.752
81 0.8 0.048 0.752
31 0.8 0.048 0.752
37 0.752 0.048 0.704
54 0.8 0.048 0.752
97 0.8 0.048 0.752
100 0.8 0.048 0.752
6 0.8 0.048 0.752
11 0.8 0.048 0.752
58 0.8 0.048 0.752
77 0.8 0.048 0.752
79 0.8 0.048 0.752
90 0.8 0.048 0.752
93 0.8 0.048 0.752
41 0.8 0.048 0.752
52 0.8 0.048 0.752
78 0.8 0.048 0.752
94 0.8 0.048 0.752
5 0.8 0.048 0.752
50 0.8 0.048 0.752
17 0.8 0.048 0.752
18 0.8 0.048 0.752
58 0.8 0.048 0.752
79 0.8 0.048 0.752
73 0.8 0.048 0.752
4 0.8 0.048 0.752
14 0.8 0.048 0.752
42 0.8 0.048 0.752
48 0.8 0.048 0.752
67 0.8 0.048 0.752
39 0.8 0.048 0.752
19 0.8 0.048 0.752
33 0.8 0.048 0.752
34 0.8 0.048 0.752
39 0.752 0.048 0.704
39 0.704 0.16 0.544
19 0.752 0.16 0.592
33 0.752 0.16 0.592
34 0.752 0.16 0.592
28 0.8 0.048 0.752
1 0.8 0.048 0.752
6 0.8 0.048 0.752
32 0.8 0.048 0.752
77 0.8 0.048 0.752
90 0.8 0.048 0.752
1 0.752 0.048 0.704
6 0.8 0.048 0.752
77 0.752 0.048 0.704
50 0.8 0.048 0.752
5 0.8 0.048 0.752
37 0.8 0.048 0.752
94 0.8 0.048 0.752
81 0.8 0.048 0.752
31 0.8 0.048 0.752
37 0.752 0.048 0.704
54 0.8 0.048 0.752
88 0.8 0.048 0.752
97 0.8 0.048 0.752
