3 1433 0 100 1.16701e-08 2.71625 2.71625
12 1438 0 100 0.5 2.90281 3.40281
30 1436 0 100 1 2.82737 3.82737
28 1440 0 100 1.5 2.98398 4.48398
6 1426 0 100 2.5 2.17074 4.67074
15 1435 0 100 3.5 2.80566 6.30566
15 1489 0 100 1.16701e-08 6.46999 6.46999
22 1443 0 100 3.5 3.2258 6.7258
27 1461 0 100 3 4.10377 7.10377
8 1453 0 100 3.5 3.67509 7.17509
19 1460 0 100 3.5 4.05887 7.55887
18 1468 0 100 3 4.59619 7.59619
3 1499 0 100 1 7.10123 8.10123
20 1419 0 100 6.5 1.78196 8.28196
26 1456 0 100 4.5 3.84207 8.34207
23 1422 0 100 6.5 2.01279 8.51279
4 1450 0 100 5.5 3.55883 9.05883
4 1498 0 100 2 7.06848 9.06848
9 1412 0 100 8 1.40245 9.40245
29 1525 0 100 0.5 9.43476 9.93476
29 1448 0 100 6.5 3.44719 9.94719
7 1408 0 100 9 1.12916 10.1292
10 1451 0 100 8 3.58351 11.5835
24 1463 0 100 8.5 4.19865 12.6987
14 1493 0 100 6 6.83658 12.8366
30 1482 0 100 8.5 5.84724 14.3472
28 1496 0 100 8 6.98858 14.9886
