3 1240 0 100 0.5 1.92013 2.42013
20 1250 0 100 1 2.47737 3.47737
15 1246 0 100 2 2.22358 4.22358
5 1272 0 100 0.5 3.8131 4.3131
4 1239 0 100 2.5 1.91968 4.41968
1 1228 0 100 3.5 1.0968 4.5968
12 1260 0 100 2 3.01127 5.01127
6 1235 0 100 3.5 1.58572 5.08572
18 1253 0 100 3 2.61952 5.61952
2 1262 0 100 3 3.04755 6.04755
8 1283 0 100 1.5 4.76037 6.26037
19 1285 0 100 2.5 4.90632 7.40632
14 1230 0 100 7 1.1803 8.1803
4 1311 0 100 2.5 7.05169 9.55169
5 1306 0 100 3 6.66626 9.66626
1 1325 0 100 1.5 8.28045 9.78045
10 1269 0 100 6.5 3.55404 10.054
13 1264 0 100 7 3.19793 10.1979
18 1327 0 100 2.5 8.35896 10.859
16 1258 0 100 8.5 2.84238 11.3424
16 1346 0 100 1.5 9.98049 11.4805
9 1251 0 100 9.5 2.49517 11.9952
20 1298 0 100 8 6.07615 14.0762
15 1332 0 100 6 8.7282 14.7282
