3 66 0 100 1.16701e-08 1.02371 1.02371
24 70 0 100 2.33402e-08 1.37029 1.37029
23 75 0 100 1.16701e-08 1.73415 1.73415
13 77 0 100 1 2.41025 3.41025
37 67 0 100 2.5 1.11783 3.61783
6 76 0 100 2 1.78163 3.78163
2 88 0 100 2.33402e-08 3.87895 3.87895
16 72 0 100 3 1.44233 4.44233
3 86 0 100 2.5 3.76532 6.26532
25 87 0 100 3 3.83538 6.83538
40 99 0 100 0.5 6.46819 6.9682
9 98 0 100 1 6.39507 7.39507
21 90 0 100 3.5 4.20035 7.70035
21 100 0 100 1 6.80897 7.80897
13 94 0 100 3.5 5.3307 8.8307
11 74 0 100 7.5 1.70674 9.20674
16 96 0 100 4 5.66893 9.66893
20 97 0 100 4 6.06891 10.0689
14 68 0 100 9 1.25393 10.2539
22 84 0 100 7 3.66334 10.6633
34 93 0 100 6 5.00764 11.0076
28 83 0 100 8 3.27099 11.271
28 102 0 100 3.5 7.87424 11.3742
33 85 0 100 8 3.74866 11.7487
40 105 0 100 3 9.02425 12.0243
29 82 0 100 9.5 2.87516 12.3752
9 81 0 100 10 2.58608 12.5861
13 104 0 100 5 9.00134 14.0013
2 101 0 100 7 7.17735 14.1773
