46 381 1.0245
13 382 1.0698
72 383 1.08671
58 384 1.16323
42 385 1.19684
33 386 1.21183
18 387 1.2738
98 388 1.29842
8 389 1.30302
51 390 1.34381
38 391 1.41293
41 392 1.52083
88 393 1.52218
10 394 1.53603
5 395 1.58197
70 396 1.6235
87 397 1.66847
36 398 1.67512
84 399 1.75148
91 400 1.99051
43 401 2.06217
40 402 2.14109
47 403 2.21128
71 404 2.27641
7 405 2.27831
100 406 2.31995
90 407 2.37186
56 408 2.59676
69 409 3.09069
65 410 3.11307
35 411 3.32694
14 412 3.378
13 413 3.5605
19 414 3.64269
44 415 3.67361
16 416 3.9058
86 417 4.01
20 418 4.03374
53 419 4.04214
38 420 4.05096
41 421 4.15577
99 422 4.25053
5 423 4.28859
63 424 4.50681
80 425 4.52222
88 426 4.61529
50 427 4.64355
98 428 4.72036
56 429 5.17039
51 430 5.25235
8 431 5.39038
58 432 5.46602
10 433 5.68726
72 434 5.89283
100 435 6.19254
91 436 6.56782
44 437 6.76011
86 438 7.05611
98 439 7.26051
90 440 7.32499
8 441 7.47004
80 442 7.7797
5 443 8.64694
50 444 9.22867
7 445 9.61072
17 446 9.62521
80 447 9.8142
39 448 9.88105
