47 155 0 100 1.16701e-08 1.22168 1.22168
53 161 0 100 1.16701e-08 1.53981 1.53981
34 151 0 100 1 1.00898 2.00898
17 153 0 100 1.5 1.07471 2.57471
36 150 0 100 2 1.00839 3.00839
42 158 0 100 3 1.42866 4.42866
9 162 0 100 3 1.64905 4.64905
9 182 0 100 2.33402e-08 4.68267 4.68267
25 152 0 100 4.5 1.01628 5.51628
11 154 0 100 5 1.18441 6.18441
45 179 0 100 3 4.12637 7.12637
41 166 0 100 5 2.28909 7.28909
35 159 0 100 6 1.45244 7.45244
35 178 0 100 3.5 3.97646 7.47646
58 192 0 100 1 6.80393 7.80393
58 176 0 100 4 3.83362 7.83362
16 193 0 100 0.5 7.47471 7.97471
15 169 0 100 5.5 2.76911 8.26911
36 180 0 100 4.5 4.13768 8.63768
56 165 0 100 7 2.24682 9.24682
56 183 0 100 4.5 4.76079 9.26079
3 197 0 100 1 8.98394 9.98394
51 195 0 100 2.5 8.11769 10.6177
11 187 0 100 5 6.12517 11.1252
55 172 0 100 8.5 3.50878 12.0088
45 194 0 100 4.5 7.85029 12.3503
16 175 0 100 9.5 3.75889 13.2589
57 186 0 100 7.5 5.99602 13.496
22 189 0 100 8.5 6.42288 14.9229
