42 2724 0 100 1.16701e-08 1.59541 1.59541
30 2725 0 100 0.5 1.62155 2.12155
5 2718 0 100 1 1.37174 2.37174
36 2775 0 100 1.16701e-08 3.1498 3.1498
9 2734 0 100 1.5 1.84741 3.34741
89 2738 0 100 1.5 2.00158 3.50158
78 2711 0 100 2.5 1.08585 3.58585
11 2761 0 100 1 2.80598 3.80598
63 2793 0 100 1.16701e-08 3.80991 3.80991
50 2741 0 100 2 2.07861 4.07861
65 2773 0 100 1 3.12191 4.12191
12 2783 0 100 1 3.45516 4.45516
10 2746 0 100 2.5 2.22425 4.72425
59 2772 0 100 2 3.0882 5.0882
24 2733 0 100 3.5 1.8305 5.3305
22 2795 0 100 2 3.87328 5.87328
75 2755 0 100 3.5 2.56769 6.06769
83 2819 0 100 1.5 4.75855 6.25855
81 2846 0 100 1.16701e-08 6.26744 6.26744
41 2716 0 100 5 1.28015 6.28015
42 2830 0 100 1.5 5.2381 6.7381
86 2812 0 100 2.5 4.43978 6.93978
88 2821 0 100 2.5 4.80979 7.30979
6 2802 0 100 3.5 4.0562 7.5562
5 2842 0 100 1.5 6.17824 7.67824
26 2714 0 100 6.5 1.20349 7.70349
85 2730 0 100 6 1.79482 7.79482
85 2847 0 100 1.5 6.32269 7.82269
13 2720 0 100 6.5 1.41757 7.91757
77 2739 0 100 6 2.0127 8.0127
77 2843 0 100 2 6.20764 8.20764
14 2818 0 100 3.5 4.74937 8.24937
14 2858 0 100 1.5 6.88 8.38
64 2797 0 100 4.5 3.95524 8.45524
89 2848 0 100 2.5 6.32466 8.82466
69 2871 0 100 1 7.90253 8.90253
11 2859 0 100 2 6.91484 8.91484
47 2888 0 100 1.16701e-08 9.00743 9.00743
44 2788 0 100 5.5 3.65492 9.15492
37 2760 0 100 6.5 2.80236 9.30236
37 2822 0 100 4.5 4.81434 9.31434
1 2727 0 100 8 1.63621 9.63621
32 2719 0 100 8.5 1.3723 9.8723
10 2895 0 100 0.5 9.52619 10.0262
18 2785 0 100 6.5 3.56894 10.0689
28 2786 0 100 6.5 3.61287 10.1129
74 2728 0 100 8.5 1.65491 10.1549
40 2762 0 100 7.5 2.80975 10.3098
59 2879 0 100 2 8.45583 10.4558
76 2777 0 100 7.5 3.21726 10.7173
49 2807 0 100 6.5 4.25581 10.7558
48 2745 0 100 9 2.20647 11.2065
71 2820 0 100 7 4.80758 11.8076
86 2736 0 100 10 1.91697 11.917
4 2744 0 100 10 2.19531 12.1953
80 2791 0 100 8.5 3.73736 12.2374
27 2759 0 100 9.5 2.7846 12.2846
30 2839 0 100 6.5 5.93254 12.4325
82 2779 0 100 9.5 3.26065 12.7607
53 2792 0 100 9 3.7896 12.7896
9 2808 0 100 9.5 4.27095 13.771
70 2826 0 100 10 4.93645 14.9365
