7 0.8 0.048 0.752
7 0.752 0.048 0.704
16 0.8 0.048 0.752
17 0.8 0.048 0.752
18 0.8 0.048 0.752
47 0.8 0.048 0.752
7 0.776872 0.048 0.728872
16 0.8 0.048 0.752
17 0.8 0.048 0.752
18 0.8 0.048 0.752
47 0.8 0.048 0.752
16 0.8 0.048 0.752
17 0.8 0.048 0.752
18 0.8 0.048 0.752
47 0.8 0.048 0.752
25 0.8 0.048 0.752
48 0.8 0.048 0.752
25 0.8 0.048 0.752
48 0.8 0.048 0.752
9 0.8 0.048 0.752
25 0.8 0.048 0.752
48 0.8 0.048 0.752
9 0.8 0.048 0.752
9 0.8 0.048 0.752
9 0.752 0.048 0.704
10 0.8 0.048 0.752
39 0.8 0.048 0.752
10 0.8 0.048 0.752
39 0.8 0.048 0.752
34 0.8 0.048 0.752
8 0.8 0.048 0.752
36 0.8 0.048 0.752
26 0.8 0.048 0.752
33 0.8 0.048 0.752
10 0.8 0.048 0.752
39 0.8 0.048 0.752
3 0.8 0.048 0.752
1 0.8 0.048 0.752
46 0.8 0.048 0.752
20 0.8 0.048 0.752
2 0.8 0.048 0.752
2 0.752 0.048 0.704
14 0.8 0.048 0.752
14 0.752 0.048 0.704
27 0.8 0.048 0.752
41 0.8 0.048 0.752
41 0.752 0.048 0.704
20 0.752 0.144 0.608
20 0.608 0.16 0.448
2 0.704 0.16 0.544
14 0.704 0.16 0.544
27 0.752 0.16 0.592
41 0.704 0.16 0.544
41 0.544 0.016 0.528
20 0.448 0.016 0.432
41 0.528 0.048 0.48
2 0.544 0.048 0.496
14 0.544 0.048 0.496
20 0.432 0.048 0.384
27 0.592 0.048 0.544
27 0.623451 0.048 0.575451
14 0.496 0.048 0.448
20 0.384 0.048 0.336
41 0.48 0.048 0.432
22 0.8 0.048 0.752
8 0.8 0.048 0.752
9 0.8 0.048 0.752
1 0.8 0.048 0.752
3 0.8 0.048 0.752
26 0.8 0.048 0.752
33 0.8 0.048 0.752
49 0.8 0.048 0.752
34 0.8 0.048 0.752
8 0.8 0.048 0.752
22 0.8 0.048 0.752
36 0.8 0.048 0.752
33 0.8 0.048 0.752
19 0.8 0.048 0.752
50 0.8 0.048 0.752
40 0.8 0.048 0.752
44 0.8 0.048 0.752
17 0.8 0.048 0.752
16 0.8 0.048 0.752
18 0.8 0.048 0.752
47 0.8 0.048 0.752
3 0.8 0.048 0.752
1 0.8 0.048 0.752
46 0.8 0.048 0.752
24 0.8 0.048 0.752
31 0.8 0.048 0.752
40 0.8 0.048 0.752
44 0.8 0.048 0.752
45 0.8 0.048 0.752
41 0.8 0.048 0.752
2 0.8 0.048 0.752
14 0.8 0.048 0.752
20 0.724337 0.048 0.676337
27 0.8 0.048 0.752
27 0.8 0.048 0.752
14 0.752 0.048 0.704
14 0.704 0.048 0.656
20 0.676337 0.048 0.628337
41 0.752 0.048 0.704
27 0.752 0.048 0.704
27 0.704 0.16 0.544
14 0.656 0.16 0.496
20 0.628337 0.16 0.468337
41 0.704 0.16 0.544
48 0.8 0.048 0.752
25 0.8 0.048 0.752
24 0.8 0.048 0.752
31 0.8 0.048 0.752
32 0.8 0.048 0.752
38 0.8 0.048 0.752
40 0.8 0.048 0.752
44 0.8 0.048 0.752
45 0.8 0.048 0.752
45 0.752 0.048 0.704
24 0.752 0.048 0.704
31 0.752 0.048 0.704
40 0.752 0.048 0.704
44 0.752 0.048 0.704
45 0.704 0.048 0.656
45 0.656 0.16 0.496
45 0.496 0.016 0.48
22 0.8 0.048 0.752
8 0.8 0.048 0.752
34 0.8 0.048 0.752
9 0.8 0.048 0.752
31 0.774907 0.048 0.726907
32 0.8 0.048 0.752
38 0.8 0.048 0.752
45 0.552807 0.048 0.504807
40 0.774796 0.048 0.726796
24 0.777904 0.048 0.729904
31 0.726907 0.048 0.678907
44 0.775781 0.048 0.727781
1 0.8 0.048 0.752
3 0.8 0.048 0.752
46 0.8 0.048 0.752
49 0.8 0.048 0.752
26 0.8 0.048 0.752
33 0.8 0.048 0.752
5 0.8 0.048 0.752
32 0.8 0.048 0.752
38 0.8 0.048 0.752
26 0.8 0.048 0.752
33 0.752 0.048 0.704
36 0.8 0.048 0.752
49 0.752 0.048 0.704
34 0.8 0.048 0.752
8 0.8 0.048 0.752
36 0.752 0.048 0.704
26 0.752 0.048 0.704
33 0.781782 0.048 0.733782
19 0.8 0.048 0.752
50 0.8 0.048 0.752
35 0.8 0.048 0.752
46 0.8 0.048 0.752
5 0.8 0.048 0.752
21 0.8 0.048 0.752
29 0.8 0.048 0.752
17 0.8 0.048 0.752
7 0.8 0.048 0.752
7 0.752 0.048 0.704
16 0.8 0.048 0.752
18 0.8 0.048 0.752
47 0.8 0.048 0.752
17 0.752 0.048 0.704
17 0.704 0.16 0.544
7 0.704 0.16 0.544
7 0.544 0.016 0.528
17 0.544 0.016 0.528
7 0.528 0.048 0.48
16 0.752 0.048 0.704
17 0.528 0.048 0.48
18 0.752 0.048 0.704
47 0.752 0.048 0.704
16 0.704 0.16 0.544
18 0.704 0.16 0.544
47 0.704 0.16 0.544
3 0.8 0.048 0.752
1 0.8 0.048 0.752
46 0.8 0.048 0.752
5 0.8 0.048 0.752
11 0.8 0.048 0.752
21 0.8 0.048 0.752
29 0.8 0.048 0.752
47 0.620231 0.048 0.572231
7 0.558142 0.048 0.510142
16 0.623616 0.048 0.575616
17 0.48 0.048 0.432
18 0.544 0.048 0.496
41 0.8 0.048 0.752
2 0.8 0.048 0.752
14 0.8 0.048 0.752
20 0.8 0.048 0.752
27 0.8 0.048 0.752
2 0.752 0.048 0.704
14 0.752 0.048 0.704
20 0.752 0.048 0.704
37 0.8 0.048 0.752
41 0.752 0.048 0.704
50 0.8 0.048 0.752
19 0.8 0.048 0.752
48 0.8 0.048 0.752
25 0.8 0.048 0.752
11 0.8 0.048 0.752
13 0.8 0.048 0.752
21 0.8 0.048 0.752
29 0.8 0.048 0.752
33 0.8 0.048 0.752
26 0.8 0.048 0.752
36 0.8 0.048 0.752
49 0.8 0.048 0.752
22 0.8 0.048 0.752
8 0.8 0.048 0.752
32 0.8 0.048 0.752
38 0.8 0.048 0.752
16 0.646075 0.048 0.598075
7 0.590078 0.048 0.542078
17 0.585181 0.048 0.537181
18 0.641485 0.048 0.593485
47 0.649954 0.048 0.601954
9 0.8 0.048 0.752
11 0.8 0.048 0.752
13 0.8 0.048 0.752
30 0.8 0.048 0.752
40 0.8 0.048 0.752
24 0.8 0.048 0.752
31 0.8 0.048 0.752
44 0.8 0.048 0.752
45 0.8 0.048 0.752
1 0.8 0.048 0.752
3 0.8 0.048 0.752
46 0.8 0.048 0.752
49 0.8 0.048 0.752
26 0.8 0.048 0.752
33 0.8 0.048 0.752
13 0.8 0.048 0.752
23 0.8 0.048 0.752
30 0.8 0.048 0.752
42 0.8 0.048 0.752
43 0.8 0.048 0.752
26 0.8 0.048 0.752
33 0.752 0.048 0.704
36 0.8 0.048 0.752
49 0.752 0.048 0.704
10 0.8 0.048 0.752
39 0.8 0.048 0.752
34 0.8 0.048 0.752
8 0.8 0.048 0.752
36 0.752 0.048 0.704
26 0.752 0.048 0.704
33 0.78039 0.048 0.73239
19 0.8 0.048 0.752
50 0.8 0.048 0.752
35 0.8 0.048 0.752
46 0.8 0.048 0.752
4 0.8 0.048 0.752
12 0.8 0.048 0.752
28 0.8 0.048 0.752
43 0.752 0.048 0.704
23 0.8 0.048 0.752
30 0.752 0.048 0.704
42 0.8 0.048 0.752
43 0.704 0.048 0.656
43 0.656 0.16 0.496
43 0.496 0.016 0.48
23 0.752 0.048 0.704
42 0.752 0.048 0.704
43 0.554077 0.048 0.506077
7 0.763101 0.048 0.715101
16 0.8 0.048 0.752
18 0.8 0.048 0.752
3 0.8 0.048 0.752
1 0.8 0.048 0.752
46 0.8 0.048 0.752
42 0.780624 0.048 0.732624
23 0.781914 0.048 0.733914
43 0.506077 0.048 0.458077
42 0.732624 0.048 0.684624
42 0.684624 0.16 0.524624
42 0.524624 0.016 0.508624
23 0.733914 0.048 0.685914
35 0.8 0.048 0.752
42 0.508624 0.048 0.460624
43 0.536168 0.048 0.488168
46 0.752 0.048 0.704
47 0.8 0.048 0.752
16 0.8 0.048 0.752
17 0.759205 0.048 0.711205
18 0.752 0.048 0.704
41 0.8 0.048 0.752
2 0.8 0.048 0.752
14 0.8 0.048 0.752
20 0.8 0.048 0.752
27 0.8 0.048 0.752
2 0.752 0.048 0.704
14 0.752 0.048 0.704
20 0.752 0.048 0.704
37 0.8 0.048 0.752
41 0.752 0.048 0.704
50 0.8 0.048 0.752
19 0.8 0.048 0.752
48 0.8 0.048 0.752
25 0.8 0.048 0.752
1 0.8 0.048 0.752
3 0.8 0.048 0.752
35 0.8 0.048 0.752
46 0.77599 0.048 0.72799
33 0.8 0.048 0.752
26 0.8 0.048 0.752
36 0.8 0.048 0.752
49 0.8 0.048 0.752
22 0.8 0.048 0.752
8 0.8 0.048 0.752
32 0.8 0.048 0.752
38 0.8 0.048 0.752
5 0.8 0.048 0.752
16 0.8 0.048 0.752
7 0.8 0.048 0.752
17 0.8 0.048 0.752
18 0.8 0.048 0.752
47 0.8 0.048 0.752
9 0.8 0.048 0.752
1 0.8 0.048 0.752
3 0.8 0.048 0.752
35 0.8 0.048 0.752
46 0.798131 0.048 0.750131
40 0.8 0.048 0.752
24 0.8 0.048 0.752
31 0.8 0.048 0.752
44 0.8 0.048 0.752
45 0.8 0.048 0.752
1 0.8 0.048 0.752
3 0.8 0.048 0.752
46 0.8 0.048 0.752
1 0.752 0.048 0.704
1 0.704 0.16 0.544
1 0.544 0.016 0.528
49 0.8 0.048 0.752
26 0.8 0.048 0.752
33 0.8 0.048 0.752
1 0.528 0.048 0.48
3 0.752 0.048 0.704
34 0.8 0.048 0.752
26 0.8 0.048 0.752
33 0.752 0.048 0.704
36 0.8 0.048 0.752
49 0.752 0.048 0.704
10 0.8 0.048 0.752
39 0.8 0.048 0.752
34 0.8 0.048 0.752
8 0.8 0.048 0.752
8 0.752 0.048 0.704
34 0.752 0.096 0.656
34 0.656 0.16 0.496
34 0.496 0.016 0.48
36 0.752 0.048 0.704
26 0.752 0.048 0.704
33 0.779833 0.048 0.731833
38 0.8 0.048 0.752
32 0.8 0.048 0.752
19 0.8 0.048 0.752
4 0.8 0.048 0.752
50 0.8 0.048 0.752
35 0.8 0.048 0.752
46 0.8 0.048 0.752
4 0.752 0.048 0.704
12 0.8 0.048 0.752
19 0.752 0.048 0.704
28 0.8 0.048 0.752
8 0.704 0.048 0.656
22 0.8 0.048 0.752
34 0.48 0.048 0.432
28 0.752 0.048 0.704
4 0.704 0.048 0.656
12 0.8 0.048 0.752
7 0.8 0.048 0.752
16 0.8 0.048 0.752
3 0.8 0.048 0.752
1 0.631438 0.048 0.583438
8 0.72871 0.048 0.68071
22 0.8 0.048 0.752
34 0.508647 0.048 0.460647
47 0.8 0.048 0.752
16 0.8 0.048 0.752
17 0.8 0.048 0.752
18 0.8 0.048 0.752
41 0.8 0.048 0.752
2 0.8 0.048 0.752
14 0.8 0.048 0.752
20 0.8 0.048 0.752
27 0.8 0.048 0.752
2 0.752 0.048 0.704
14 0.752 0.048 0.704
20 0.752 0.048 0.704
37 0.8 0.048 0.752
41 0.752 0.048 0.704
50 0.8 0.048 0.752
19 0.8 0.048 0.752
48 0.8 0.048 0.752
25 0.8 0.048 0.752
46 0.8 0.048 0.752
35 0.8 0.048 0.752
8 0.7544 0.048 0.7064
22 0.8 0.048 0.752
33 0.8 0.048 0.752
26 0.8 0.048 0.752
36 0.8 0.048 0.752
49 0.8 0.048 0.752
22 0.8 0.048 0.752
8 0.7064 0.048 0.6584
32 0.8 0.048 0.752
38 0.8 0.048 0.752
5 0.8 0.048 0.752
16 0.8 0.048 0.752
7 0.8 0.048 0.752
17 0.8 0.048 0.752
18 0.8 0.048 0.752
47 0.8 0.048 0.752
9 0.8 0.048 0.752
37 0.8 0.048 0.752
40 0.8 0.048 0.752
24 0.8 0.048 0.752
31 0.8 0.048 0.752
44 0.8 0.048 0.752
45 0.8 0.048 0.752
49 0.8 0.048 0.752
26 0.8 0.048 0.752
33 0.8 0.048 0.752
2 0.8 0.048 0.752
14 0.8 0.048 0.752
37 0.8 0.048 0.752
41 0.8 0.048 0.752
26 0.8 0.048 0.752
33 0.752 0.048 0.704
49 0.752 0.048 0.704
10 0.8 0.048 0.752
39 0.8 0.048 0.752
36 0.8 0.048 0.752
33 0.780227 0.048 0.732227
38 0.8 0.048 0.752
5 0.8 0.048 0.752
32 0.8 0.048 0.752
19 0.8 0.048 0.752
4 0.8 0.048 0.752
50 0.8 0.048 0.752
35 0.8 0.048 0.752
1 0.8 0.048 0.752
3 0.8 0.048 0.752
46 0.8 0.048 0.752
4 0.752 0.048 0.704
12 0.8 0.048 0.752
19 0.752 0.048 0.704
28 0.8 0.048 0.752
18 0.8 0.048 0.752
16 0.8 0.048 0.752
17 0.8 0.048 0.752
47 0.8 0.048 0.752
2 0.8 0.048 0.752
14 0.8 0.048 0.752
20 0.8 0.048 0.752
27 0.8 0.048 0.752
37 0.8 0.048 0.752
41 0.8 0.048 0.752
28 0.752 0.048 0.704
4 0.704 0.048 0.656
12 0.8 0.048 0.752
7 0.8 0.048 0.752
16 0.8 0.048 0.752
47 0.752 0.048 0.704
3 0.8 0.048 0.752
1 0.8 0.048 0.752
24 0.8 0.048 0.752
31 0.8 0.048 0.752
40 0.8 0.048 0.752
45 0.8 0.048 0.752
25 0.8 0.048 0.752
48 0.8 0.048 0.752
2 0.8 0.048 0.752
14 0.8 0.048 0.752
20 0.8 0.048 0.752
27 0.8 0.048 0.752
41 0.8 0.048 0.752
47 0.78161 0.048 0.73361
7 0.8 0.048 0.752
16 0.8 0.048 0.752
17 0.8 0.048 0.752
18 0.8 0.048 0.752
41 0.752 0.048 0.704
2 0.752 0.048 0.704
14 0.752 0.048 0.704
20 0.752 0.048 0.704
27 0.752 0.048 0.704
2 0.704 0.048 0.656
14 0.704 0.048 0.656
20 0.704 0.048 0.656
37 0.8 0.048 0.752
37 0.752 0.048 0.704
41 0.704 0.048 0.656
2 0.656 0.048 0.608
2 0.608 0.16 0.448
14 0.656 0.16 0.496
20 0.656 0.16 0.496
37 0.704 0.16 0.544
37 0.544 0.016 0.528
2 0.448 0.016 0.432
37 0.528 0.048 0.48
2 0.432 0.048 0.384
14 0.496 0.048 0.448
41 0.656 0.16 0.496
12 0.8 0.048 0.752
4 0.8 0.048 0.752
28 0.782657 0.048 0.734657
8 0.8 0.048 0.752
22 0.8 0.048 0.752
34 0.8 0.048 0.752
34 0.752 0.048 0.704
8 0.752 0.048 0.704
8 0.704 0.16 0.544
22 0.752 0.16 0.592
34 0.704 0.16 0.544
34 0.544 0.016 0.528
8 0.544 0.016 0.528
34 0.528 0.048 0.48
8 0.528 0.048 0.48
50 0.8 0.048 0.752
19 0.8 0.048 0.752
48 0.8 0.048 0.752
25 0.8 0.048 0.752
29 0.8 0.048 0.752
11 0.8 0.048 0.752
21 0.8 0.048 0.752
46 0.8 0.048 0.752
1 0.8 0.048 0.752
3 0.8 0.048 0.752
35 0.8 0.048 0.752
20 0.566802 0.048 0.518802
27 0.776337 0.048 0.728337
33 0.8 0.048 0.752
26 0.8 0.048 0.752
36 0.8 0.048 0.752
49 0.8 0.048 0.752
22 0.664383 0.048 0.616383
8 0.48 0.048 0.432
32 0.8 0.048 0.752
38 0.8 0.048 0.752
5 0.8 0.048 0.752
16 0.8 0.048 0.752
7 0.8 0.048 0.752
17 0.8 0.048 0.752
18 0.8 0.048 0.752
47 0.8 0.048 0.752
9 0.8 0.048 0.752
40 0.8 0.048 0.752
24 0.8 0.048 0.752
31 0.8 0.048 0.752
44 0.8 0.048 0.752
45 0.8 0.048 0.752
49 0.8 0.048 0.752
26 0.8 0.048 0.752
33 0.8 0.048 0.752
20 0.659462 0.048 0.611462
2 0.535763 0.048 0.487763
14 0.68207 0.048 0.63407
14 0.63407 0.048 0.58607
27 0.8 0.048 0.752
41 0.646947 0.048 0.598947
20 0.611462 0.048 0.563462
20 0.563462 0.16 0.403462
2 0.487763 0.16 0.327763
14 0.58607 0.16 0.42607
27 0.752 0.16 0.592
41 0.598947 0.16 0.438947
36 0.8 0.048 0.752
21 0.8 0.048 0.752
11 0.8 0.048 0.752
29 0.8 0.048 0.752
26 0.8 0.048 0.752
33 0.752 0.048 0.704
36 0.752 0.048 0.704
49 0.752 0.048 0.704
10 0.8 0.048 0.752
39 0.8 0.048 0.752
36 0.704 0.048 0.656
26 0.752 0.048 0.704
33 0.78395 0.048 0.73595
36 0.656 0.048 0.608
36 0.608 0.16 0.448
36 0.448 0.016 0.432
38 0.8 0.048 0.752
32 0.8 0.048 0.752
19 0.8 0.048 0.752
4 0.8 0.048 0.752
50 0.8 0.048 0.752
35 0.8 0.048 0.752
1 0.8 0.048 0.752
3 0.8 0.048 0.752
46 0.8 0.048 0.752
4 0.752 0.048 0.704
12 0.8 0.048 0.752
19 0.752 0.048 0.704
28 0.8 0.048 0.752
18 0.8 0.048 0.752
16 0.8 0.048 0.752
17 0.8 0.048 0.752
47 0.8 0.048 0.752
26 0.704 0.048 0.656
33 0.73595 0.048 0.68795
36 0.509028 0.048 0.461028
28 0.752 0.048 0.704
4 0.704 0.048 0.656
12 0.8 0.048 0.752
6 0.8 0.048 0.752
7 0.8 0.048 0.752
16 0.8 0.048 0.752
17 0.8 0.048 0.752
47 0.752 0.048 0.704
3 0.8 0.048 0.752
1 0.8 0.048 0.752
35 0.8 0.048 0.752
46 0.8 0.048 0.752
24 0.8 0.048 0.752
31 0.8 0.048 0.752
32 0.8 0.048 0.752
45 0.8 0.048 0.752
25 0.8 0.048 0.752
48 0.8 0.048 0.752
26 0.73085 0.048 0.68285
33 0.765974 0.048 0.717974
36 0.535001 0.048 0.487001
49 0.8 0.048 0.752
44 0.8 0.048 0.752
40 0.8 0.048 0.752
45 0.752 0.048 0.704
47 0.783022 0.048 0.735022
7 0.8 0.048 0.752
16 0.8 0.048 0.752
17 0.752 0.048 0.704
18 0.8 0.048 0.752
41 0.670325 0.048 0.622325
2 0.554406 0.048 0.506406
14 0.578466 0.048 0.530466
20 0.546356 0.048 0.498356
27 0.740709 0.048 0.692709
37 0.8 0.048 0.752
2 0.506406 0.048 0.458406
14 0.530466 0.048 0.482466
12 0.8 0.048 0.752
4 0.8 0.048 0.752
28 0.776307 0.048 0.728307
34 0.8 0.048 0.752
8 0.8 0.048 0.752
50 0.8 0.048 0.752
19 0.8 0.048 0.752
48 0.8 0.048 0.752
25 0.8 0.048 0.752
29 0.8 0.048 0.752
11 0.8 0.048 0.752
21 0.8 0.048 0.752
46 0.8 0.048 0.752
1 0.8 0.048 0.752
35 0.8 0.048 0.752
26 0.755279 0.048 0.707279
33 0.792857 0.048 0.744857
49 0.8 0.048 0.752
33 0.744857 0.048 0.696857
26 0.707279 0.048 0.659279
36 0.562773 0.048 0.514773
36 0.514773 0.048 0.466773
49 0.752 0.048 0.704
33 0.696857 0.048 0.648857
33 0.648857 0.16 0.488857
26 0.659279 0.16 0.499279
36 0.466773 0.16 0.306773
49 0.704 0.16 0.544
22 0.8 0.048 0.752
8 0.752 0.048 0.704
32 0.8 0.048 0.752
24 0.8 0.048 0.752
38 0.8 0.048 0.752
5 0.8 0.048 0.752
16 0.8 0.048 0.752
7 0.8 0.048 0.752
17 0.8 0.048 0.752
18 0.8 0.048 0.752
47 0.8 0.048 0.752
15 0.8 0.048 0.752
6 0.8 0.048 0.752
15 0.752 0.048 0.704
15 0.704 0.16 0.544
15 0.544 0.016 0.528
9 0.8 0.048 0.752
15 0.528 0.048 0.48
49 0.62048 0.048 0.57248
11 0.8 0.048 0.752
13 0.8 0.048 0.752
21 0.8 0.048 0.752
29 0.8 0.048 0.752
40 0.8 0.048 0.752
31 0.8 0.048 0.752
44 0.8 0.048 0.752
45 0.8 0.048 0.752
30 0.8 0.048 0.752
13 0.8 0.048 0.752
49 0.644215 0.048 0.596215
26 0.645123 0.048 0.597123
33 0.635368 0.048 0.587368
13 0.752 0.048 0.704
11 0.8 0.048 0.752
30 0.752 0.048 0.704
6 0.8 0.048 0.752
15 0.559474 0.048 0.511474
21 0.8 0.048 0.752
11 0.752 0.048 0.704
29 0.8 0.048 0.752
26 0.671197 0.048 0.623197
33 0.587368 0.048 0.539368
36 0.460941 0.048 0.412941
49 0.596215 0.048 0.548215
10 0.8 0.048 0.752
39 0.8 0.048 0.752
39 0.752 0.048 0.704
10 0.752 0.048 0.704
31 0.8 0.048 0.752
24 0.8 0.048 0.752
45 0.8 0.048 0.752
38 0.8 0.048 0.752
32 0.8 0.048 0.752
19 0.8 0.048 0.752
4 0.8 0.048 0.752
50 0.8 0.048 0.752
35 0.8 0.048 0.752
1 0.8 0.048 0.752
46 0.8 0.048 0.752
4 0.752 0.048 0.704
12 0.8 0.048 0.752
19 0.752 0.048 0.704
28 0.8 0.048 0.752
18 0.8 0.048 0.752
16 0.8 0.048 0.752
17 0.8 0.048 0.752
47 0.8 0.048 0.752
6 0.8 0.048 0.752
15 0.581949 0.048 0.533949
28 0.752 0.048 0.704
4 0.704 0.048 0.656
12 0.8 0.048 0.752
6 0.752 0.048 0.704
15 0.533949 0.048 0.485949
6 0.704 0.048 0.656
6 0.656 0.16 0.496
6 0.496 0.016 0.48
7 0.8 0.048 0.752
16 0.8 0.048 0.752
17 0.8 0.048 0.752
47 0.752 0.048 0.704
3 0.8 0.048 0.752
1 0.8 0.048 0.752
35 0.8 0.048 0.752
24 0.8 0.048 0.752
31 0.8 0.048 0.752
32 0.8 0.048 0.752
45 0.8 0.048 0.752
23 0.8 0.048 0.752
42 0.8 0.048 0.752
43 0.8 0.048 0.752
14 0.8 0.048 0.752
2 0.8 0.048 0.752
20 0.8 0.048 0.752
27 0.8 0.048 0.752
41 0.8 0.048 0.752
25 0.8 0.048 0.752
48 0.8 0.048 0.752
4 0.728346 0.048 0.680346
6 0.552925 0.048 0.504925
12 0.752 0.048 0.704
28 0.782892 0.048 0.734892
44 0.8 0.048 0.752
40 0.8 0.048 0.752
47 0.7784 0.048 0.7304
7 0.8 0.048 0.752
16 0.8 0.048 0.752
17 0.752 0.048 0.704
18 0.8 0.048 0.752
41 0.752 0.048 0.704
2 0.752 0.048 0.704
14 0.752 0.048 0.704
20 0.752 0.048 0.704
27 0.752 0.048 0.704
37 0.8 0.048 0.752
37 0.752 0.048 0.704
2 0.704 0.048 0.656
41 0.704 0.048 0.656
12 0.774974 0.048 0.726974
4 0.75321 0.048 0.70521
28 0.734892 0.048 0.686892
12 0.726974 0.048 0.678974
12 0.678974 0.16 0.518974
12 0.518974 0.016 0.502974
34 0.8 0.048 0.752
8 0.8 0.048 0.752
50 0.8 0.048 0.752
19 0.8 0.048 0.752
48 0.8 0.048 0.752
25 0.8 0.048 0.752
29 0.8 0.048 0.752
11 0.8 0.048 0.752
21 0.8 0.048 0.752
46 0.8 0.048 0.752
1 0.8 0.048 0.752
3 0.8 0.048 0.752
35 0.8 0.048 0.752
4 0.70521 0.048 0.65721
12 0.502974 0.048 0.454974
19 0.8 0.048 0.752
28 0.757109 0.048 0.709109
22 0.8 0.048 0.752
32 0.8 0.048 0.752
24 0.8 0.048 0.752
38 0.8 0.048 0.752
5 0.8 0.048 0.752
17 0.780065 0.048 0.732065
7 0.8 0.048 0.752
16 0.8 0.048 0.752
18 0.8 0.048 0.752
47 0.8 0.048 0.752
16 0.752 0.048 0.704
7 0.752 0.048 0.704
17 0.8 0.048 0.752
18 0.8 0.048 0.752
47 0.752 0.048 0.704
9 0.8 0.048 0.752
4 0.730243 0.048 0.682243
12 0.529115 0.048 0.481115
19 0.8 0.048 0.752
28 0.782177 0.048 0.734177
50 0.8 0.048 0.752
11 0.8 0.048 0.752
21 0.8 0.048 0.752
29 0.8 0.048 0.752
40 0.8 0.048 0.752
31 0.8 0.048 0.752
44 0.8 0.048 0.752
45 0.8 0.048 0.752
30 0.8 0.048 0.752
13 0.8 0.048 0.752
49 0.8 0.048 0.752
26 0.8 0.048 0.752
33 0.8 0.048 0.752
13 0.752 0.048 0.704
30 0.752 0.048 0.704
19 0.8 0.048 0.752
50 0.8 0.048 0.752
21 0.8 0.048 0.752
11 0.8 0.048 0.752
29 0.8 0.048 0.752
26 0.8 0.048 0.752
33 0.752 0.048 0.704
36 0.78399 0.048 0.73599
36 0.73599 0.048 0.68799
49 0.752 0.048 0.704
26 0.752 0.048 0.704
26 0.704 0.16 0.544
33 0.704 0.16 0.544
36 0.68799 0.16 0.52799
36 0.52799 0.016 0.51199
26 0.544 0.016 0.528
36 0.51199 0.048 0.46399
26 0.528 0.048 0.48
33 0.544 0.048 0.496
49 0.704 0.16 0.544
10 0.8 0.048 0.752
39 0.8 0.048 0.752
39 0.752 0.048 0.704
10 0.752 0.048 0.704
31 0.8 0.048 0.752
24 0.8 0.048 0.752
45 0.8 0.048 0.752
38 0.8 0.048 0.752
5 0.8 0.048 0.752
32 0.8 0.048 0.752
19 0.752 0.048 0.704
4 0.8 0.048 0.752
50 0.8 0.048 0.752
35 0.8 0.048 0.752
1 0.8 0.048 0.752
46 0.8 0.048 0.752
4 0.752 0.048 0.704
12 0.624562 0.048 0.576562
19 0.704 0.048 0.656
28 0.8 0.048 0.752
18 0.8 0.048 0.752
16 0.8 0.048 0.752
17 0.8 0.048 0.752
47 0.8 0.048 0.752
50 0.752 0.048 0.704
28 0.752 0.048 0.704
4 0.704 0.048 0.656
12 0.654278 0.048 0.606278
7 0.8 0.048 0.752
16 0.8 0.048 0.752
17 0.8 0.048 0.752
47 0.752 0.048 0.704
3 0.8 0.048 0.752
1 0.8 0.048 0.752
24 0.8 0.048 0.752
31 0.8 0.048 0.752
45 0.8 0.048 0.752
23 0.8 0.048 0.752
42 0.8 0.048 0.752
43 0.8 0.048 0.752
14 0.8 0.048 0.752
2 0.8 0.048 0.752
20 0.8 0.048 0.752
27 0.8 0.048 0.752
41 0.8 0.048 0.752
25 0.8 0.048 0.752
48 0.8 0.048 0.752
44 0.8 0.048 0.752
40 0.8 0.048 0.752
47 0.779902 0.048 0.731902
7 0.8 0.048 0.752
16 0.8 0.048 0.752
17 0.752 0.048 0.704
18 0.8 0.048 0.752
41 0.752 0.048 0.704
2 0.752 0.048 0.704
14 0.752 0.048 0.704
20 0.752 0.048 0.704
27 0.752 0.048 0.704
37 0.8 0.048 0.752
37 0.752 0.048 0.704
2 0.704 0.048 0.656
41 0.704 0.048 0.656
34 0.8 0.048 0.752
8 0.8 0.048 0.752
50 0.8 0.048 0.752
19 0.8 0.048 0.752
48 0.8 0.048 0.752
25 0.8 0.048 0.752
29 0.8 0.048 0.752
11 0.8 0.048 0.752
21 0.8 0.048 0.752
46 0.8 0.048 0.752
1 0.8 0.048 0.752
35 0.8 0.048 0.752
22 0.8 0.048 0.752
8 0.752 0.048 0.704
32 0.8 0.048 0.752
38 0.8 0.048 0.752
5 0.8 0.048 0.752
38 0.752 0.048 0.704
17 0.777958 0.048 0.729958
7 0.8 0.048 0.752
16 0.8 0.048 0.752
18 0.8 0.048 0.752
47 0.8 0.048 0.752
16 0.752 0.048 0.704
7 0.752 0.048 0.704
17 0.8 0.048 0.752
18 0.8 0.048 0.752
47 0.752 0.048 0.704
9 0.8 0.048 0.752
7 0.704 0.048 0.656
11 0.8 0.048 0.752
13 0.8 0.048 0.752
21 0.8 0.048 0.752
29 0.8 0.048 0.752
40 0.8 0.048 0.752
44 0.8 0.048 0.752
30 0.8 0.048 0.752
13 0.8 0.048 0.752
49 0.8 0.048 0.752
26 0.775452 0.048 0.727452
26 0.727452 0.048 0.679452
33 0.8 0.048 0.752
49 0.752 0.048 0.704
49 0.704 0.16 0.544
26 0.679452 0.16 0.519452
26 0.519452 0.016 0.503452
49 0.544 0.016 0.528
26 0.503452 0.048 0.455452
33 0.752 0.048 0.704
49 0.528 0.048 0.48
33 0.704 0.16 0.544
13 0.752 0.048 0.704
11 0.8 0.048 0.752
30 0.752 0.048 0.704
7 0.731402 0.048 0.683402
16 0.775519 0.048 0.727519
17 0.8 0.048 0.752
18 0.8 0.048 0.752
47 0.8 0.048 0.752
21 0.8 0.048 0.752
11 0.752 0.048 0.704
29 0.8 0.048 0.752
36 0.8 0.048 0.752
10 0.8 0.048 0.752
39 0.8 0.048 0.752
39 0.752 0.048 0.704
10 0.752 0.048 0.704
31 0.8 0.048 0.752
24 0.8 0.048 0.752
45 0.8 0.048 0.752
38 0.8 0.048 0.752
5 0.8 0.048 0.752
32 0.8 0.048 0.752
19 0.8 0.048 0.752
50 0.8 0.048 0.752
35 0.8 0.048 0.752
1 0.8 0.048 0.752
46 0.8 0.048 0.752
4 0.8 0.048 0.752
12 0.8 0.048 0.752
28 0.8 0.048 0.752
18 0.8 0.048 0.752
16 0.79819 0.048 0.75019
17 0.8 0.048 0.752
47 0.8 0.048 0.752
18 0.752 0.048 0.704
18 0.704 0.16 0.544
18 0.544 0.016 0.528
7 0.757674 0.048 0.709674
16 0.75019 0.048 0.70219
17 0.752 0.048 0.704
18 0.528 0.048 0.48
47 0.752 0.048 0.704
28 0.752 0.048 0.704
4 0.752 0.048 0.704
12 0.8 0.048 0.752
7 0.779848 0.048 0.731848
16 0.777229 0.048 0.729229
17 0.778298 0.048 0.730298
47 0.704 0.048 0.656
3 0.8 0.048 0.752
1 0.8 0.048 0.752
24 0.8 0.048 0.752
31 0.8 0.048 0.752
32 0.8 0.048 0.752
45 0.8 0.048 0.752
23 0.8 0.048 0.752
42 0.8 0.048 0.752
43 0.8 0.048 0.752
14 0.8 0.048 0.752
2 0.8 0.048 0.752
20 0.8 0.048 0.752
27 0.8 0.048 0.752
41 0.8 0.048 0.752
25 0.8 0.048 0.752
48 0.8 0.048 0.752
16 0.729229 0.048 0.681229
17 0.730298 0.048 0.682298
18 0.556928 0.048 0.508928
47 0.733802 0.048 0.685802
48 0.752 0.048 0.704
44 0.8 0.048 0.752
40 0.8 0.048 0.752
47 0.685802 0.048 0.637802
7 0.8 0.048 0.752
16 0.755755 0.048 0.707755
17 0.682298 0.048 0.634298
18 0.508928 0.048 0.460928
41 0.752 0.048 0.704
2 0.752 0.048 0.704
14 0.752 0.048 0.704
20 0.752 0.048 0.704
27 0.752 0.048 0.704
37 0.8 0.048 0.752
2 0.704 0.048 0.656
34 0.8 0.048 0.752
8 0.8 0.048 0.752
50 0.8 0.048 0.752
19 0.8 0.048 0.752
48 0.783 0.048 0.735
25 0.8 0.048 0.752
48 0.735 0.048 0.687
48 0.687 0.16 0.527
48 0.527 0.016 0.511
29 0.8 0.048 0.752
11 0.8 0.048 0.752
21 0.8 0.048 0.752
46 0.8 0.048 0.752
1 0.8 0.048 0.752
35 0.8 0.048 0.752
25 0.752 0.048 0.704
48 0.511 0.048 0.463
22 0.8 0.048 0.752
8 0.752 0.048 0.704
32 0.8 0.048 0.752
24 0.8 0.048 0.752
38 0.8 0.048 0.752
5 0.8 0.048 0.752
38 0.752 0.048 0.704
17 0.705995 0.048 0.657995
7 0.8 0.048 0.752
16 0.783226 0.048 0.735226
18 0.540326 0.048 0.492326
47 0.708788 0.048 0.660788
16 0.735226 0.048 0.687226
7 0.752 0.048 0.704
17 0.729916 0.048 0.681916
18 0.570119 0.048 0.522119
47 0.660788 0.048 0.612788
9 0.8 0.048 0.752
25 0.777495 0.048 0.729495
48 0.537475 0.048 0.489475
11 0.8 0.048 0.752
13 0.8 0.048 0.752
21 0.8 0.048 0.752
29 0.8 0.048 0.752
40 0.8 0.048 0.752
31 0.8 0.048 0.752
44 0.8 0.048 0.752
45 0.8 0.048 0.752
30 0.8 0.048 0.752
13 0.8 0.048 0.752
26 0.8 0.048 0.752
33 0.8 0.048 0.752
49 0.8 0.048 0.752
13 0.752 0.048 0.704
11 0.8 0.048 0.752
30 0.752 0.048 0.704
9 0.8 0.048 0.752
21 0.8 0.048 0.752
11 0.752 0.048 0.704
29 0.8 0.048 0.752
36 0.8 0.048 0.752
26 0.8 0.048 0.752
33 0.752 0.048 0.704
10 0.8 0.048 0.752
39 0.8 0.048 0.752
39 0.752 0.048 0.704
9 0.752 0.048 0.704
10 0.752 0.048 0.704
31 0.8 0.048 0.752
24 0.8 0.048 0.752
40 0.8 0.048 0.752
45 0.8 0.048 0.752
38 0.8 0.048 0.752
5 0.8 0.048 0.752
32 0.8 0.048 0.752
19 0.8 0.048 0.752
50 0.8 0.048 0.752
35 0.8 0.048 0.752
1 0.8 0.048 0.752
46 0.8 0.048 0.752
4 0.8 0.048 0.752
12 0.8 0.048 0.752
28 0.8 0.048 0.752
9 0.782238 0.048 0.734238
39 0.776827 0.048 0.728827
28 0.752 0.048 0.704
4 0.752 0.048 0.704
12 0.8 0.048 0.752
1 0.8 0.048 0.752
3 0.8 0.048 0.752
35 0.8 0.048 0.752
46 0.8 0.048 0.752
7 0.8 0.048 0.752
16 0.8 0.048 0.752
17 0.8 0.048 0.752
47 0.8 0.048 0.752
3 0.752 0.048 0.704
1 0.752 0.048 0.704
24 0.8 0.048 0.752
31 0.8 0.048 0.752
45 0.8 0.048 0.752
23 0.8 0.048 0.752
42 0.8 0.048 0.752
43 0.8 0.048 0.752
14 0.8 0.048 0.752
2 0.8 0.048 0.752
20 0.8 0.048 0.752
27 0.8 0.048 0.752
41 0.8 0.048 0.752
25 0.8 0.048 0.752
48 0.713796 0.048 0.665796
9 0.8 0.048 0.752
10 0.8 0.048 0.752
39 0.8 0.048 0.752
44 0.8 0.048 0.752
40 0.8 0.048 0.752
47 0.8 0.048 0.752
7 0.8 0.048 0.752
16 0.8 0.048 0.752
17 0.752 0.048 0.704
18 0.750105 0.048 0.702105
8 0.8 0.048 0.752
22 0.8 0.048 0.752
34 0.8 0.048 0.752
41 0.752 0.048 0.704
2 0.752 0.048 0.704
14 0.752 0.048 0.704
20 0.752 0.048 0.704
27 0.752 0.048 0.704
37 0.8 0.048 0.752
2 0.704 0.048 0.656
34 0.752 0.048 0.704
8 0.752 0.048 0.704
50 0.8 0.048 0.752
19 0.8 0.048 0.752
29 0.8 0.048 0.752
11 0.8 0.048 0.752
21 0.8 0.048 0.752
46 0.8 0.048 0.752
1 0.778863 0.048 0.730863
35 0.8 0.048 0.752
10 0.8 0.048 0.752
39 0.8 0.048 0.752
22 0.8 0.048 0.752
8 0.704 0.048 0.656
32 0.8 0.048 0.752
38 0.8 0.048 0.752
5 0.8 0.048 0.752
38 0.752 0.048 0.704
17 0.781786 0.048 0.733786
7 0.8 0.048 0.752
16 0.8 0.048 0.752
18 0.77289 0.048 0.72489
47 0.8 0.048 0.752
16 0.752 0.048 0.704
7 0.752 0.048 0.704
17 0.8 0.048 0.752
18 0.8 0.048 0.752
47 0.752 0.048 0.704
9 0.8 0.048 0.752
39 0.8 0.048 0.752
11 0.8 0.048 0.752
13 0.8 0.048 0.752
21 0.8 0.048 0.752
29 0.8 0.048 0.752
40 0.8 0.048 0.752
31 0.8 0.048 0.752
44 0.8 0.048 0.752
45 0.8 0.048 0.752
30 0.8 0.048 0.752
13 0.8 0.048 0.752
26 0.8 0.048 0.752
33 0.8 0.048 0.752
49 0.8 0.048 0.752
13 0.752 0.048 0.704
11 0.8 0.048 0.752
30 0.752 0.048 0.704
21 0.8 0.048 0.752
11 0.752 0.048 0.704
29 0.8 0.048 0.752
36 0.8 0.048 0.752
10 0.8 0.048 0.752
39 0.8 0.048 0.752
39 0.752 0.048 0.704
9 0.8 0.048 0.752
10 0.752 0.048 0.704
45 0.8 0.048 0.752
24 0.8 0.048 0.752
31 0.8 0.048 0.752
31 0.752 0.048 0.704
24 0.752 0.048 0.704
40 0.8 0.048 0.752
45 0.752 0.048 0.704
38 0.8 0.048 0.752
5 0.8 0.048 0.752
32 0.8 0.048 0.752
19 0.8 0.048 0.752
50 0.8 0.048 0.752
35 0.8 0.048 0.752
1 0.8 0.048 0.752
46 0.8 0.048 0.752
4 0.8 0.048 0.752
12 0.8 0.048 0.752
28 0.8 0.048 0.752
28 0.752 0.048 0.704
4 0.752 0.048 0.704
12 0.8 0.048 0.752
1 0.8 0.048 0.752
3 0.8 0.048 0.752
35 0.8 0.048 0.752
46 0.8 0.048 0.752
7 0.8 0.048 0.752
16 0.8 0.048 0.752
17 0.8 0.048 0.752
47 0.8 0.048 0.752
3 0.752 0.048 0.704
1 0.752 0.048 0.704
24 0.8 0.048 0.752
31 0.782055 0.048 0.734055
32 0.8 0.048 0.752
45 0.8 0.048 0.752
23 0.8 0.048 0.752
42 0.8 0.048 0.752
43 0.8 0.048 0.752
14 0.8 0.048 0.752
2 0.8 0.048 0.752
20 0.8 0.048 0.752
27 0.8 0.048 0.752
41 0.8 0.048 0.752
25 0.8 0.048 0.752
48 0.8 0.048 0.752
43 0.8 0.048 0.752
23 0.752 0.048 0.704
42 0.8 0.048 0.752
44 0.8 0.048 0.752
40 0.8 0.048 0.752
47 0.8 0.048 0.752
7 0.8 0.048 0.752
16 0.8 0.048 0.752
17 0.752 0.048 0.704
18 0.8 0.048 0.752
8 0.8 0.048 0.752
22 0.8 0.048 0.752
34 0.8 0.048 0.752
41 0.752 0.048 0.704
2 0.752 0.048 0.704
14 0.752 0.048 0.704
20 0.752 0.048 0.704
27 0.752 0.048 0.704
37 0.8 0.048 0.752
2 0.704 0.048 0.656
34 0.752 0.048 0.704
3 0.779832 0.048 0.731832
8 0.752 0.048 0.704
50 0.8 0.048 0.752
19 0.8 0.048 0.752
29 0.8 0.048 0.752
11 0.8 0.048 0.752
21 0.8 0.048 0.752
46 0.8 0.048 0.752
1 0.779432 0.048 0.731432
35 0.8 0.048 0.752
40 0.8 0.048 0.752
44 0.752 0.048 0.704
22 0.8 0.048 0.752
8 0.704 0.048 0.656
32 0.8 0.048 0.752
38 0.8 0.048 0.752
5 0.8 0.048 0.752
17 0.778267 0.048 0.730267
7 0.8 0.048 0.752
16 0.8 0.048 0.752
18 0.8 0.048 0.752
47 0.8 0.048 0.752
16 0.752 0.048 0.704
7 0.752 0.048 0.704
17 0.8 0.048 0.752
18 0.8 0.048 0.752
47 0.752 0.048 0.704
9 0.8 0.048 0.752
39 0.8 0.048 0.752
31 0.8 0.048 0.752
40 0.8 0.048 0.752
44 0.778902 0.048 0.730902
45 0.8 0.048 0.752
11 0.8 0.048 0.752
21 0.8 0.048 0.752
29 0.8 0.048 0.752
40 0.752 0.048 0.704
31 0.752 0.048 0.704
44 0.730902 0.048 0.682902
40 0.704 0.048 0.656
40 0.656 0.16 0.496
40 0.496 0.016 0.48
30 0.8 0.048 0.752
13 0.8 0.048 0.752
26 0.8 0.048 0.752
33 0.8 0.048 0.752
49 0.8 0.048 0.752
13 0.752 0.048 0.704
11 0.8 0.048 0.752
30 0.752 0.048 0.704
24 0.8 0.048 0.752
31 0.781159 0.048 0.733159
40 0.55274 0.048 0.50474
44 0.75787 0.048 0.70987
45 0.8 0.048 0.752
2 0.8 0.048 0.752
14 0.8 0.048 0.752
20 0.8 0.048 0.752
27 0.8 0.048 0.752
37 0.8 0.048 0.752
41 0.8 0.048 0.752
21 0.8 0.048 0.752
11 0.752 0.048 0.704
29 0.8 0.048 0.752
36 0.8 0.048 0.752
33 0.752 0.048 0.704
10 0.8 0.048 0.752
39 0.8 0.048 0.752
39 0.752 0.048 0.704
9 0.8 0.048 0.752
10 0.752 0.048 0.704
45 0.752 0.048 0.704
24 0.752 0.048 0.704
31 0.8 0.048 0.752
45 0.704 0.048 0.656
45 0.656 0.16 0.496
45 0.496 0.016 0.48
31 0.752 0.048 0.704
24 0.704 0.048 0.656
40 0.50474 0.048 0.45674
45 0.48 0.048 0.432
31 0.704 0.048 0.656
31 0.656 0.16 0.496
31 0.496 0.016 0.48
38 0.8 0.048 0.752
5 0.8 0.048 0.752
32 0.8 0.048 0.752
19 0.8 0.048 0.752
50 0.8 0.048 0.752
35 0.8 0.048 0.752
1 0.8 0.048 0.752
46 0.8 0.048 0.752
4 0.8 0.048 0.752
12 0.8 0.048 0.752
28 0.8 0.048 0.752
24 0.731099 0.048 0.683099
31 0.48 0.048 0.432
32 0.8 0.048 0.752
38 0.8 0.048 0.752
45 0.503081 0.048 0.455081
28 0.752 0.048 0.704
4 0.752 0.048 0.704
12 0.8 0.048 0.752
1 0.8 0.048 0.752
3 0.8 0.048 0.752
35 0.8 0.048 0.752
7 0.8 0.048 0.752
16 0.8 0.048 0.752
17 0.8 0.048 0.752
18 0.8 0.048 0.752
47 0.8 0.048 0.752
3 0.752 0.048 0.704
1 0.752 0.048 0.704
24 0.758465 0.048 0.710465
31 0.503051 0.048 0.455051
32 0.752 0.048 0.704
45 0.530337 0.048 0.482337
24 0.710465 0.048 0.662465
24 0.662465 0.16 0.502465
24 0.502465 0.016 0.486465
23 0.8 0.048 0.752
42 0.8 0.048 0.752
43 0.8 0.048 0.752
14 0.8 0.048 0.752
2 0.8 0.048 0.752
20 0.8 0.048 0.752
27 0.8 0.048 0.752
41 0.8 0.048 0.752
25 0.8 0.048 0.752
48 0.8 0.048 0.752
5 0.8 0.048 0.752
24 0.486465 0.048 0.438465
32 0.779743 0.048 0.731743
38 0.8 0.048 0.752
43 0.8 0.048 0.752
23 0.752 0.048 0.704
42 0.8 0.048 0.752
44 0.8 0.048 0.752
31 0.455051 0.048 0.407051
40 0.611434 0.048 0.563434
47 0.8 0.048 0.752
7 0.8 0.048 0.752
16 0.8 0.048 0.752
17 0.752 0.048 0.704
18 0.752 0.048 0.704
8 0.8 0.048 0.752
22 0.8 0.048 0.752
34 0.8 0.048 0.752
41 0.752 0.048 0.704
2 0.752 0.048 0.704
14 0.752 0.048 0.704
20 0.752 0.048 0.704
27 0.752 0.048 0.704
37 0.8 0.048 0.752
2 0.704 0.048 0.656
34 0.752 0.048 0.704
8 0.752 0.048 0.704
50 0.8 0.048 0.752
19 0.8 0.048 0.752
29 0.8 0.048 0.752
5 0.8 0.048 0.752
11 0.8 0.048 0.752
21 0.8 0.048 0.752
46 0.8 0.048 0.752
35 0.8 0.048 0.752
5 0.752 0.048 0.704
32 0.8 0.048 0.752
38 0.8 0.048 0.752
22 0.8 0.048 0.752
8 0.704 0.048 0.656
32 0.752 0.048 0.704
38 0.752 0.048 0.704
5 0.704 0.048 0.656
29 0.752 0.048 0.704
38 0.704 0.048 0.656
5 0.656 0.048 0.608
5 0.608 0.16 0.448
5 0.448 0.016 0.432
17 0.774462 0.048 0.726462
7 0.8 0.048 0.752
16 0.8 0.048 0.752
18 0.775624 0.048 0.727624
47 0.8 0.048 0.752
12 0.8 0.048 0.752
4 0.8 0.048 0.752
28 0.8 0.048 0.752
16 0.752 0.048 0.704
7 0.752 0.048 0.704
17 0.798674 0.048 0.750674
18 0.8 0.048 0.752
47 0.752 0.048 0.704
9 0.8 0.048 0.752
39 0.8 0.048 0.752
5 0.504847 0.048 0.456847
21 0.8 0.048 0.752
29 0.781929 0.048 0.733929
11 0.8 0.048 0.752
21 0.752 0.048 0.704
29 0.733929 0.048 0.685929
30 0.8 0.048 0.752
13 0.8 0.048 0.752
26 0.8 0.048 0.752
33 0.8 0.048 0.752
49 0.8 0.048 0.752
13 0.752 0.048 0.704
30 0.752 0.048 0.704
11 0.8 0.048 0.752
21 0.777812 0.048 0.729812
29 0.761252 0.048 0.713252
2 0.8 0.048 0.752
14 0.8 0.048 0.752
20 0.8 0.048 0.752
27 0.8 0.048 0.752
37 0.8 0.048 0.752
41 0.8 0.048 0.752
21 0.729812 0.048 0.681812
5 0.528103 0.048 0.480103
11 0.752 0.048 0.704
29 0.713252 0.048 0.665252
21 0.681812 0.048 0.633812
21 0.633812 0.16 0.473812
21 0.473812 0.016 0.457812
36 0.8 0.048 0.752
33 0.752 0.048 0.704
10 0.8 0.048 0.752
39 0.8 0.048 0.752
39 0.752 0.048 0.704
9 0.8 0.048 0.752
10 0.752 0.048 0.704
38 0.8 0.048 0.752
5 0.557493 0.048 0.509493
32 0.8 0.048 0.752
19 0.8 0.048 0.752
50 0.8 0.048 0.752
35 0.8 0.048 0.752
1 0.8 0.048 0.752
46 0.8 0.048 0.752
4 0.8 0.048 0.752
12 0.8 0.048 0.752
28 0.8 0.048 0.752
11 0.783131 0.048 0.735131
13 0.780627 0.048 0.732627
21 0.5307 0.048 0.4827
29 0.738735 0.048 0.690735
30 0.8 0.048 0.752
28 0.752 0.048 0.704
4 0.752 0.048 0.704
12 0.8 0.048 0.752
1 0.8 0.048 0.752
3 0.8 0.048 0.752
35 0.8 0.048 0.752
46 0.8 0.048 0.752
42 0.8 0.048 0.752
23 0.8 0.048 0.752
43 0.8 0.048 0.752
7 0.8 0.048 0.752
16 0.8 0.048 0.752
17 0.8 0.048 0.752
18 0.8 0.048 0.752
47 0.8 0.048 0.752
3 0.752 0.048 0.704
1 0.752 0.048 0.704
23 0.752 0.048 0.704
42 0.752 0.048 0.704
43 0.752 0.048 0.704
14 0.8 0.048 0.752
2 0.8 0.048 0.752
20 0.8 0.048 0.752
27 0.8 0.048 0.752
41 0.8 0.048 0.752
25 0.8 0.048 0.752
48 0.8 0.048 0.752
11 0.8 0.048 0.752
13 0.8 0.048 0.752
30 0.8 0.048 0.752
43 0.775801 0.048 0.727801
43 0.727801 0.048 0.679801
23 0.704 0.048 0.656
42 0.77832 0.048 0.73032
44 0.8 0.048 0.752
40 0.8 0.048 0.752
47 0.8 0.048 0.752
7 0.8 0.048 0.752
16 0.8 0.048 0.752
17 0.752 0.048 0.704
18 0.752 0.048 0.704
8 0.8 0.048 0.752
22 0.8 0.048 0.752
34 0.8 0.048 0.752
41 0.752 0.048 0.704
2 0.752 0.048 0.704
14 0.752 0.048 0.704
20 0.752 0.048 0.704
27 0.752 0.048 0.704
37 0.8 0.048 0.752
2 0.704 0.048 0.656
34 0.752 0.048 0.704
3 0.782332 0.048 0.734332
8 0.752 0.048 0.704
50 0.8 0.048 0.752
19 0.8 0.048 0.752
29 0.8 0.048 0.752
5 0.666157 0.048 0.618157
5 0.618157 0.048 0.570157
11 0.8 0.048 0.752
21 0.630933 0.048 0.582933
29 0.752 0.048 0.704
29 0.704 0.16 0.544
5 0.570157 0.16 0.410157
11 0.752 0.16 0.592
21 0.582933 0.16 0.422933
46 0.8 0.048 0.752
1 0.775301 0.048 0.727301
35 0.8 0.048 0.752
13 0.8 0.048 0.752
23 0.73171 0.048 0.68371
30 0.8 0.048 0.752
42 0.73032 0.048 0.68232
43 0.753481 0.048 0.705481
22 0.8 0.048 0.752
8 0.704 0.048 0.656
32 0.8 0.048 0.752
38 0.8 0.048 0.752
17 0.782546 0.048 0.734546
7 0.8 0.048 0.752
16 0.8 0.048 0.752
18 0.778361 0.048 0.730361
47 0.8 0.048 0.752
12 0.8 0.048 0.752
4 0.8 0.048 0.752
28 0.8 0.048 0.752
16 0.752 0.048 0.704
7 0.752 0.048 0.704
17 0.8 0.048 0.752
18 0.8 0.048 0.752
47 0.752 0.048 0.704
9 0.8 0.048 0.752
39 0.8 0.048 0.752
23 0.757488 0.048 0.709488
42 0.755338 0.048 0.707338
43 0.779967 0.048 0.731967
11 0.663609 0.048 0.615609
21 0.496434 0.048 0.448434
29 0.618966 0.048 0.570966
30 0.8 0.048 0.752
13 0.8 0.048 0.752
26 0.8 0.048 0.752
33 0.8 0.048 0.752
36 0.8 0.048 0.752
49 0.8 0.048 0.752
13 0.752 0.048 0.704
30 0.752 0.048 0.704
23 0.784651 0.048 0.736651
35 0.8 0.048 0.752
42 0.779945 0.048 0.731945
46 0.8 0.048 0.752
2 0.8 0.048 0.752
14 0.8 0.048 0.752
27 0.8 0.048 0.752
37 0.8 0.048 0.752
41 0.8 0.048 0.752
36 0.8 0.048 0.752
26 0.8 0.048 0.752
33 0.752 0.048 0.704
10 0.8 0.048 0.752
39 0.8 0.048 0.752
39 0.752 0.048 0.704
9 0.8 0.048 0.752
10 0.752 0.048 0.704
38 0.8 0.048 0.752
32 0.8 0.048 0.752
19 0.8 0.048 0.752
50 0.8 0.048 0.752
35 0.8 0.048 0.752
1 0.8 0.048 0.752
46 0.8 0.048 0.752
35 0.752 0.048 0.704
35 0.704 0.16 0.544
35 0.544 0.016 0.528
4 0.8 0.048 0.752
12 0.8 0.048 0.752
28 0.8 0.048 0.752
1 0.752 0.048 0.704
3 0.8 0.048 0.752
35 0.528 0.048 0.48
46 0.752 0.048 0.704
28 0.752 0.048 0.704
4 0.752 0.048 0.704
12 0.8 0.048 0.752
1 0.780492 0.048 0.732492
3 0.8 0.048 0.752
35 0.553761 0.048 0.505761
1 0.732492 0.048 0.684492
1 0.684492 0.16 0.524492
1 0.524492 0.016 0.508492
49 0.8 0.048 0.752
26 0.8 0.048 0.752
33 0.780472 0.048 0.732472
42 0.8 0.048 0.752
23 0.8 0.048 0.752
43 0.8 0.048 0.752
7 0.8 0.048 0.752
16 0.8 0.048 0.752
17 0.8 0.048 0.752
47 0.8 0.048 0.752
3 0.752 0.048 0.704
1 0.508492 0.048 0.460492
34 0.8 0.048 0.752
3 0.704 0.048 0.656
3 0.656 0.16 0.496
3 0.496 0.016 0.48
23 0.752 0.048 0.704
42 0.752 0.048 0.704
43 0.752 0.048 0.704
14 0.8 0.048 0.752
2 0.8 0.048 0.752
20 0.8 0.048 0.752
27 0.8 0.048 0.752
41 0.8 0.048 0.752
25 0.8 0.048 0.752
48 0.8 0.048 0.752
1 0.460492 0.048 0.412492
3 0.48 0.048 0.432
34 0.752 0.048 0.704
43 0.779042 0.048 0.731042
23 0.704 0.048 0.656
42 0.777809 0.048 0.729809
44 0.8 0.048 0.752
40 0.8 0.048 0.752
47 0.8 0.048 0.752
7 0.8 0.048 0.752
16 0.8 0.048 0.752
17 0.752 0.048 0.704
18 0.8 0.048 0.752
8 0.8 0.048 0.752
22 0.8 0.048 0.752
34 0.775859 0.048 0.727859
41 0.752 0.048 0.704
2 0.752 0.048 0.704
14 0.752 0.048 0.704
20 0.752 0.048 0.704
27 0.752 0.048 0.704
37 0.8 0.048 0.752
2 0.704 0.048 0.656
34 0.727859 0.048 0.679859
3 0.502814 0.048 0.454814
8 0.752 0.048 0.704
34 0.679859 0.048 0.631859
34 0.631859 0.16 0.471859
34 0.471859 0.016 0.455859
50 0.8 0.048 0.752
19 0.8 0.048 0.752
46 0.8 0.048 0.752
1 0.491025 0.048 0.443025
35 0.576608 0.048 0.528608
1 0.443025 0.048 0.395025
3 0.454814 0.048 0.406814
8 0.704 0.048 0.656
34 0.455859 0.048 0.407859
22 0.8 0.048 0.752
8 0.656 0.048 0.608
32 0.8 0.048 0.752
38 0.8 0.048 0.752
17 0.779873 0.048 0.731873
7 0.8 0.048 0.752
16 0.8 0.048 0.752
18 0.8 0.048 0.752
47 0.8 0.048 0.752
12 0.8 0.048 0.752
4 0.8 0.048 0.752
28 0.8 0.048 0.752
16 0.752 0.048 0.704
7 0.752 0.048 0.704
17 0.8 0.048 0.752
18 0.8 0.048 0.752
47 0.752 0.048 0.704
9 0.8 0.048 0.752
39 0.8 0.048 0.752
8 0.678094 0.048 0.630094
22 0.752 0.048 0.704
34 0.482037 0.048 0.434037
11 0.8 0.048 0.752
21 0.8 0.048 0.752
21 0.752 0.048 0.704
29 0.8 0.048 0.752
11 0.752 0.048 0.704
11 0.704 0.16 0.544
21 0.704 0.16 0.544
21 0.544 0.016 0.528
11 0.544 0.016 0.528
21 0.528 0.048 0.48
11 0.528 0.048 0.48
29 0.752 0.048 0.704
29 0.704 0.16 0.544
30 0.8 0.048 0.752
13 0.8 0.048 0.752
26 0.8 0.048 0.752
33 0.8 0.048 0.752
49 0.8 0.048 0.752
15 0.8 0.048 0.752
6 0.8 0.048 0.752
13 0.752 0.048 0.704
30 0.752 0.048 0.704
8 0.708569 0.048 0.660569
22 0.778446 0.048 0.730446
2 0.8 0.048 0.752
14 0.8 0.048 0.752
37 0.8 0.048 0.752
41 0.8 0.048 0.752
36 0.8 0.048 0.752
33 0.752 0.048 0.704
10 0.8 0.048 0.752
39 0.8 0.048 0.752
39 0.752 0.048 0.704
9 0.8 0.048 0.752
10 0.752 0.048 0.704
48 0.8 0.048 0.752
25 0.8 0.048 0.752
38 0.8 0.048 0.752
5 0.8 0.048 0.752
32 0.8 0.048 0.752
19 0.8 0.048 0.752
50 0.8 0.048 0.752
4 0.8 0.048 0.752
12 0.8 0.048 0.752
28 0.8 0.048 0.752
22 0.8 0.048 0.752
37 0.8 0.048 0.752
28 0.752 0.048 0.704
4 0.752 0.048 0.704
12 0.8 0.048 0.752
49 0.8 0.048 0.752
26 0.8 0.048 0.752
33 0.775065 0.048 0.727065
42 0.8 0.048 0.752
23 0.8 0.048 0.752
43 0.8 0.048 0.752
7 0.8 0.048 0.752
17 0.8 0.048 0.752
18 0.8 0.048 0.752
47 0.8 0.048 0.752
23 0.752 0.048 0.704
42 0.752 0.048 0.704
43 0.752 0.048 0.704
14 0.8 0.048 0.752
2 0.8 0.048 0.752
20 0.8 0.048 0.752
27 0.8 0.048 0.752
41 0.8 0.048 0.752
25 0.8 0.048 0.752
48 0.8 0.048 0.752
2 0.752 0.048 0.704
37 0.8 0.048 0.752
43 0.781639 0.048 0.733639
23 0.704 0.048 0.656
42 0.776364 0.048 0.728364
44 0.8 0.048 0.752
40 0.8 0.048 0.752
45 0.8 0.048 0.752
47 0.8 0.048 0.752
7 0.8 0.048 0.752
16 0.8 0.048 0.752
17 0.752 0.048 0.704
18 0.752 0.048 0.704
8 0.8 0.048 0.752
34 0.736341 0.048 0.688341
34 0.688341 0.048 0.640341
8 0.752 0.048 0.704
8 0.704 0.16 0.544
34 0.640341 0.16 0.480341
41 0.752 0.048 0.704
2 0.704 0.048 0.656
14 0.752 0.048 0.704
20 0.752 0.048 0.704
27 0.752 0.048 0.704
37 0.752 0.048 0.704
2 0.656 0.048 0.608
37 0.704 0.048 0.656
37 0.656 0.16 0.496
37 0.496 0.016 0.48
50 0.8 0.048 0.752
19 0.8 0.048 0.752
46 0.8 0.048 0.752
35 0.8 0.048 0.752
2 0.681898 0.048 0.633898
14 0.780741 0.048 0.732741
27 0.781135 0.048 0.733135
37 0.558729 0.048 0.510729
41 0.778067 0.048 0.730067
22 0.8 0.048 0.752
32 0.8 0.048 0.752
38 0.8 0.048 0.752
17 0.780766 0.048 0.732766
7 0.8 0.048 0.752
16 0.8 0.048 0.752
18 0.78064 0.048 0.73264
47 0.8 0.048 0.752
12 0.8 0.048 0.752
4 0.8 0.048 0.752
28 0.8 0.048 0.752
16 0.752 0.048 0.704
7 0.752 0.048 0.704
17 0.8 0.048 0.752
18 0.8 0.048 0.752
47 0.752 0.048 0.704
9 0.8 0.048 0.752
39 0.8 0.048 0.752
2 0.707706 0.048 0.659706
14 0.8 0.048 0.752
20 0.8 0.048 0.752
27 0.8 0.048 0.752
41 0.8 0.048 0.752
21 0.8 0.048 0.752
11 0.8 0.048 0.752
29 0.8 0.048 0.752
30 0.8 0.048 0.752
13 0.8 0.048 0.752
26 0.8 0.048 0.752
33 0.8 0.048 0.752
36 0.8 0.048 0.752
49 0.8 0.048 0.752
15 0.8 0.048 0.752
6 0.8 0.048 0.752
13 0.752 0.048 0.704
30 0.752 0.048 0.704
14 0.8 0.048 0.752
20 0.8 0.048 0.752
27 0.8 0.048 0.752
41 0.8 0.048 0.752
2 0.733042 0.048 0.685042
14 0.752 0.048 0.704
37 0.664423 0.048 0.616423
37 0.616423 0.048 0.568423
41 0.752 0.048 0.704
2 0.685042 0.048 0.637042
2 0.637042 0.16 0.477042
14 0.704 0.16 0.544
37 0.568423 0.16 0.408423
41 0.704 0.16 0.544
36 0.8 0.048 0.752
26 0.8 0.048 0.752
33 0.752 0.048 0.704
10 0.8 0.048 0.752
39 0.8 0.048 0.752
39 0.752 0.048 0.704
9 0.8 0.048 0.752
10 0.752 0.048 0.704
48 0.8 0.048 0.752
25 0.8 0.048 0.752
38 0.8 0.048 0.752
5 0.8 0.048 0.752
32 0.8 0.048 0.752
19 0.8 0.048 0.752
50 0.8 0.048 0.752
4 0.8 0.048 0.752
12 0.8 0.048 0.752
28 0.8 0.048 0.752
28 0.752 0.048 0.704
4 0.752 0.048 0.704
12 0.8 0.048 0.752
49 0.8 0.048 0.752
26 0.8 0.048 0.752
33 0.77756 0.048 0.72956
42 0.8 0.048 0.752
23 0.8 0.048 0.752
43 0.8 0.048 0.752
7 0.8 0.048 0.752
16 0.8 0.048 0.752
17 0.8 0.048 0.752
18 0.8 0.048 0.752
47 0.8 0.048 0.752
23 0.752 0.048 0.704
42 0.752 0.048 0.704
43 0.752 0.048 0.704
14 0.700506 0.048 0.652506
2 0.628577 0.048 0.580577
20 0.8 0.048 0.752
27 0.8 0.048 0.752
41 0.688336 0.048 0.640336
25 0.8 0.048 0.752
48 0.8 0.048 0.752
36 0.8 0.048 0.752
43 0.783664 0.048 0.735664
23 0.704 0.048 0.656
42 0.782202 0.048 0.734202
44 0.8 0.048 0.752
40 0.8 0.048 0.752
45 0.8 0.048 0.752
47 0.8 0.048 0.752
7 0.8 0.048 0.752
16 0.8 0.048 0.752
17 0.752 0.048 0.704
18 0.752 0.048 0.704
41 0.640336 0.048 0.592336
2 0.580577 0.048 0.532577
14 0.652506 0.048 0.604506
20 0.752 0.048 0.704
27 0.752 0.048 0.704
50 0.8 0.048 0.752
19 0.8 0.048 0.752
46 0.8 0.048 0.752
1 0.8 0.048 0.752
35 0.8 0.048 0.752
26 0.8 0.048 0.752
33 0.8 0.048 0.752
36 0.8 0.048 0.752
22 0.8 0.048 0.752
8 0.8 0.048 0.752
32 0.8 0.048 0.752
38 0.8 0.048 0.752
17 0.77505 0.048 0.72705
7 0.8 0.048 0.752
16 0.8 0.048 0.752
18 0.78305 0.048 0.73505
47 0.8 0.048 0.752
12 0.8 0.048 0.752
4 0.8 0.048 0.752
28 0.8 0.048 0.752
16 0.752 0.048 0.704
7 0.752 0.048 0.704
17 0.8 0.048 0.752
18 0.8 0.048 0.752
47 0.752 0.048 0.704
9 0.8 0.048 0.752
39 0.8 0.048 0.752
26 0.8 0.048 0.752
33 0.8 0.048 0.752
36 0.8 0.048 0.752
49 0.8 0.048 0.752
21 0.8 0.048 0.752
11 0.8 0.048 0.752
29 0.8 0.048 0.752
30 0.8 0.048 0.752
13 0.8 0.048 0.752
26 0.8 0.048 0.752
33 0.8 0.048 0.752
36 0.752 0.048 0.704
49 0.8 0.048 0.752
26 0.752 0.048 0.704
26 0.704 0.16 0.544
26 0.544 0.016 0.528
15 0.8 0.048 0.752
6 0.8 0.048 0.752
13 0.752 0.048 0.704
30 0.752 0.048 0.704
26 0.528 0.048 0.48
33 0.752 0.048 0.704
49 0.752 0.048 0.704
6 0.752 0.048 0.704
15 0.752 0.048 0.704
36 0.77448 0.048 0.72648
26 0.557161 0.048 0.509161
33 0.704 0.048 0.656
10 0.8 0.048 0.752
39 0.8 0.048 0.752
39 0.752 0.048 0.704
9 0.8 0.048 0.752
10 0.752 0.048 0.704
48 0.8 0.048 0.752
25 0.8 0.048 0.752
38 0.8 0.048 0.752
5 0.8 0.048 0.752
32 0.8 0.048 0.752
19 0.8 0.048 0.752
50 0.8 0.048 0.752
4 0.8 0.048 0.752
12 0.8 0.048 0.752
28 0.8 0.048 0.752
49 0.780207 0.048 0.732207
28 0.752 0.048 0.704
4 0.752 0.048 0.704
12 0.8 0.048 0.752
18 0.8 0.048 0.752
7 0.8 0.048 0.752
16 0.8 0.048 0.752
17 0.8 0.048 0.752
47 0.8 0.048 0.752
49 0.732207 0.048 0.684207
26 0.580534 0.048 0.532534
26 0.532534 0.048 0.484534
33 0.734319 0.048 0.686319
49 0.684207 0.048 0.636207
49 0.636207 0.16 0.476207
26 0.484534 0.16 0.324534
33 0.686319 0.16 0.526319
42 0.8 0.048 0.752
23 0.8 0.048 0.752
43 0.8 0.048 0.752
7 0.752 0.048 0.704
16 0.752 0.048 0.704
17 0.8 0.048 0.752
18 0.8 0.048 0.752
47 0.752 0.048 0.704
23 0.752 0.048 0.704
42 0.752 0.048 0.704
43 0.752 0.048 0.704
14 0.8 0.048 0.752
2 0.8 0.048 0.752
20 0.8 0.048 0.752
27 0.8 0.048 0.752
41 0.8 0.048 0.752
25 0.8 0.048 0.752
48 0.8 0.048 0.752
6 0.8 0.048 0.752
15 0.8 0.048 0.752
43 0.78198 0.048 0.73398
23 0.704 0.048 0.656
42 0.775108 0.048 0.727108
44 0.8 0.048 0.752
40 0.8 0.048 0.752
45 0.8 0.048 0.752
47 0.777996 0.048 0.729996
7 0.778813 0.048 0.730813
16 0.779274 0.048 0.731274
17 0.752 0.048 0.704
18 0.752 0.048 0.704
41 0.752 0.048 0.704
2 0.752 0.048 0.704
14 0.752 0.048 0.704
20 0.752 0.048 0.704
27 0.752 0.048 0.704
50 0.8 0.048 0.752
19 0.8 0.048 0.752
46 0.8 0.048 0.752
1 0.8 0.048 0.752
35 0.8 0.048 0.752
6 0.8 0.048 0.752
15 0.8 0.048 0.752
22 0.8 0.048 0.752
32 0.8 0.048 0.752
24 0.8 0.048 0.752
24 0.752 0.048 0.704
38 0.8 0.048 0.752
32 0.752 0.048 0.704
32 0.704 0.16 0.544
24 0.704 0.16 0.544
24 0.544 0.016 0.528
32 0.544 0.016 0.528
24 0.528 0.048 0.48
31 0.8 0.048 0.752
31 0.752 0.048 0.704
32 0.528 0.048 0.48
40 0.8 0.048 0.752
40 0.752 0.048 0.704
45 0.8 0.048 0.752
45 0.752 0.048 0.704
24 0.48 0.144 0.336
24 0.336 0.16 0.176
38 0.752 0.16 0.592
31 0.704 0.16 0.544
40 0.704 0.16 0.544
40 0.544 0.016 0.528
24 0.176 0.016 0.16
40 0.528 0.048 0.48
24 0.16 0.048 0.112
31 0.544 0.048 0.496
44 0.8 0.048 0.752
45 0.704 0.048 0.656
45 0.656 0.16 0.496
17 0.777225 0.048 0.729225
7 0.8 0.048 0.752
16 0.8 0.048 0.752
18 0.776094 0.048 0.728094
47 0.8 0.048 0.752
12 0.8 0.048 0.752
4 0.8 0.048 0.752
28 0.8 0.048 0.752
16 0.752 0.048 0.704
7 0.752 0.048 0.704
17 0.799914 0.048 0.751914
18 0.798276 0.048 0.750276
47 0.752 0.048 0.704
9 0.8 0.048 0.752
39 0.8 0.048 0.752
4 0.752 0.048 0.704
6 0.8 0.048 0.752
12 0.752 0.048 0.704
15 0.8 0.048 0.752
28 0.8 0.048 0.752
21 0.8 0.048 0.752
11 0.8 0.048 0.752
29 0.8 0.048 0.752
30 0.8 0.048 0.752
13 0.8 0.048 0.752
15 0.8 0.048 0.752
6 0.8 0.048 0.752
13 0.752 0.048 0.704
30 0.752 0.048 0.704
4 0.780732 0.048 0.732732
12 0.782709 0.048 0.734709
28 0.8 0.048 0.752
6 0.752 0.048 0.704
15 0.752 0.048 0.704
36 0.8 0.048 0.752
26 0.618002 0.048 0.570002
33 0.8 0.048 0.752
10 0.8 0.048 0.752
39 0.8 0.048 0.752
39 0.752 0.048 0.704
9 0.8 0.048 0.752
10 0.752 0.048 0.704
48 0.8 0.048 0.752
25 0.8 0.048 0.752
38 0.738062 0.048 0.690062
5 0.8 0.048 0.752
32 0.63454 0.048 0.58654
19 0.8 0.048 0.752
50 0.8 0.048 0.752
4 0.8 0.048 0.752
12 0.8 0.048 0.752
28 0.8 0.048 0.752
4 0.752 0.048 0.704
4 0.704 0.16 0.544
4 0.544 0.016 0.528
4 0.528 0.048 0.48
12 0.752 0.048 0.704
19 0.8 0.048 0.752
28 0.752 0.048 0.704
50 0.752 0.048 0.704
28 0.704 0.048 0.656
4 0.48 0.048 0.432
12 0.774522 0.048 0.726522
28 0.656 0.048 0.608
28 0.608 0.16 0.448
28 0.448 0.016 0.432
18 0.8 0.048 0.752
7 0.8 0.048 0.752
16 0.8 0.048 0.752
17 0.8 0.048 0.752
47 0.8 0.048 0.752
42 0.8 0.048 0.752
23 0.8 0.048 0.752
43 0.8 0.048 0.752
7 0.752 0.048 0.704
16 0.752 0.048 0.704
17 0.8 0.048 0.752
18 0.8 0.048 0.752
47 0.752 0.048 0.704
23 0.752 0.048 0.704
42 0.752 0.048 0.704
43 0.752 0.048 0.704
14 0.8 0.048 0.752
2 0.8 0.048 0.752
20 0.8 0.048 0.752
27 0.8 0.048 0.752
41 0.8 0.048 0.752
25 0.8 0.048 0.752
48 0.8 0.048 0.752
19 0.8 0.048 0.752
50 0.778635 0.048 0.730635
43 0.782967 0.048 0.734967
23 0.704 0.048 0.656
42 0.7825 0.048 0.7345
44 0.8 0.048 0.752
40 0.7789 0.048 0.7309
45 0.791688 0.048 0.743688
47 0.777659 0.048 0.729659
7 0.780131 0.048 0.732131
16 0.774595 0.048 0.726595
17 0.752 0.048 0.704
18 0.752 0.048 0.704
41 0.752 0.048 0.704
2 0.752 0.048 0.704
14 0.752 0.048 0.704
20 0.752 0.048 0.704
27 0.752 0.048 0.704
50 0.8 0.048 0.752
19 0.752 0.048 0.704
50 0.752 0.048 0.704
50 0.704 0.16 0.544
50 0.544 0.016 0.528
46 0.8 0.048 0.752
35 0.8 0.048 0.752
19 0.774825 0.048 0.726825
50 0.528 0.048 0.48
22 0.8 0.048 0.752
40 0.8 0.048 0.752
24 0.48202 0.048 0.43402
44 0.8 0.048 0.752
45 0.8 0.048 0.752
17 0.776365 0.048 0.728365
7 0.8 0.048 0.752
16 0.8 0.048 0.752
18 0.775554 0.048 0.727554
47 0.8 0.048 0.752
12 0.8 0.048 0.752
4 0.65648 0.048 0.60848
28 0.582536 0.048 0.534536
16 0.752 0.048 0.704
7 0.752 0.048 0.704
17 0.8 0.048 0.752
18 0.8 0.048 0.752
47 0.752 0.048 0.704
9 0.8 0.048 0.752
39 0.8 0.048 0.752
21 0.8 0.048 0.752
11 0.8 0.048 0.752
29 0.8 0.048 0.752
30 0.8 0.048 0.752
13 0.8 0.048 0.752
15 0.8 0.048 0.752
6 0.8 0.048 0.752
13 0.752 0.048 0.704
30 0.752 0.048 0.704
6 0.752 0.048 0.704
15 0.752 0.048 0.704
36 0.8 0.048 0.752
26 0.8 0.048 0.752
33 0.8 0.048 0.752
10 0.8 0.048 0.752
39 0.8 0.048 0.752
39 0.752 0.048 0.704
9 0.8 0.048 0.752
10 0.752 0.048 0.704
48 0.8 0.048 0.752
25 0.8 0.048 0.752
38 0.8 0.048 0.752
5 0.8 0.048 0.752
32 0.8 0.048 0.752
19 0.8 0.048 0.752
50 0.708008 0.048 0.660008
18 0.8 0.048 0.752
7 0.8 0.048 0.752
16 0.8 0.048 0.752
17 0.8 0.048 0.752
47 0.8 0.048 0.752
42 0.8 0.048 0.752
23 0.8 0.048 0.752
43 0.8 0.048 0.752
7 0.752 0.048 0.704
16 0.752 0.048 0.704
17 0.8 0.048 0.752
18 0.8 0.048 0.752
47 0.752 0.048 0.704
7 0.704 0.048 0.656
7 0.656 0.16 0.496
7 0.496 0.016 0.48
23 0.752 0.048 0.704
42 0.752 0.048 0.704
43 0.752 0.048 0.704
14 0.8 0.048 0.752
2 0.8 0.048 0.752
20 0.8 0.048 0.752
27 0.8 0.048 0.752
41 0.8 0.048 0.752
25 0.8 0.048 0.752
48 0.8 0.048 0.752
7 0.48 0.048 0.432
16 0.704 0.048 0.656
17 0.752 0.048 0.704
18 0.752 0.048 0.704
47 0.77857 0.048 0.73057
43 0.774892 0.048 0.726892
23 0.704 0.048 0.656
42 0.781452 0.048 0.733452
44 0.8 0.048 0.752
40 0.8 0.048 0.752
47 0.73057 0.048 0.68257
7 0.502978 0.048 0.454978
16 0.734038 0.048 0.686038
17 0.704 0.048 0.656
18 0.704 0.048 0.656
47 0.68257 0.048 0.63457
47 0.63457 0.16 0.47457
47 0.47457 0.016 0.45857
41 0.752 0.048 0.704
2 0.752 0.048 0.704
14 0.752 0.048 0.704
20 0.752 0.048 0.704
27 0.752 0.048 0.704
46 0.8 0.048 0.752
1 0.8 0.048 0.752
35 0.8 0.048 0.752
7 0.454978 0.048 0.406978
16 0.686038 0.048 0.638038
17 0.72689 0.048 0.67889
18 0.729596 0.048 0.681596
47 0.535457 0.048 0.487457
22 0.8 0.048 0.752
8 0.8 0.048 0.752
40 0.8 0.048 0.752
24 0.796193 0.048 0.748193
31 0.8 0.048 0.752
44 0.8 0.048 0.752
45 0.8 0.048 0.752
17 0.67889 0.048 0.63089
7 0.48051 0.048 0.43251
16 0.715066 0.048 0.667066
18 0.681596 0.048 0.633596
47 0.487457 0.048 0.439457
17 0.63089 0.048 0.58289
17 0.58289 0.16 0.42289
17 0.42289 0.016 0.40689
12 0.8 0.048 0.752
4 0.8 0.048 0.752
28 0.8 0.048 0.752
16 0.667066 0.048 0.619066
7 0.43251 0.048 0.38451
17 0.485914 0.048 0.437914
18 0.710095 0.048 0.662095
47 0.439457 0.048 0.391457
16 0.619066 0.048 0.571066
16 0.571066 0.16 0.411066
16 0.411066 0.016 0.395066
9 0.8 0.048 0.752
39 0.8 0.048 0.752
16 0.395066 0.048 0.347066
17 0.437914 0.048 0.389914
18 0.662095 0.048 0.614095
47 0.46404 0.048 0.41604
21 0.8 0.048 0.752
11 0.8 0.048 0.752
29 0.8 0.048 0.752
30 0.8 0.048 0.752
13 0.8 0.048 0.752
43 0.8 0.048 0.752
15 0.8 0.048 0.752
6 0.8 0.048 0.752
13 0.752 0.048 0.704
30 0.752 0.048 0.704
25 0.8 0.048 0.752
48 0.8 0.048 0.752
6 0.752 0.048 0.704
15 0.752 0.048 0.704
36 0.8 0.048 0.752
26 0.8 0.048 0.752
33 0.8 0.048 0.752
10 0.8 0.048 0.752
39 0.8 0.048 0.752
39 0.752 0.048 0.704
9 0.8 0.048 0.752
10 0.752 0.048 0.704
48 0.752 0.048 0.704
25 0.752 0.048 0.704
48 0.704 0.048 0.656
48 0.656 0.16 0.496
48 0.496 0.016 0.48
38 0.8 0.048 0.752
5 0.8 0.048 0.752
32 0.8 0.048 0.752
19 0.8 0.048 0.752
50 0.8 0.048 0.752
25 0.774299 0.048 0.726299
48 0.559278 0.048 0.511278
18 0.764408 0.048 0.716408
7 0.60347 0.048 0.55547
7 0.55547 0.048 0.50747
16 0.571993 0.048 0.523993
17 0.544013 0.048 0.496013
47 0.573399 0.048 0.525399
18 0.716408 0.048 0.668408
18 0.668408 0.16 0.508408
7 0.50747 0.16 0.34747
16 0.523993 0.16 0.363993
17 0.496013 0.16 0.336013
47 0.525399 0.16 0.365399
42 0.8 0.048 0.752
23 0.8 0.048 0.752
43 0.8 0.048 0.752
23 0.752 0.048 0.704
42 0.752 0.048 0.704
43 0.752 0.048 0.704
14 0.8 0.048 0.752
2 0.8 0.048 0.752
20 0.8 0.048 0.752
27 0.8 0.048 0.752
41 0.8 0.048 0.752
25 0.8 0.048 0.752
48 0.581835 0.048 0.533835
25 0.752 0.048 0.704
25 0.704 0.16 0.544
25 0.544 0.016 0.528
9 0.8 0.048 0.752
25 0.528 0.048 0.48
48 0.533835 0.048 0.485835
43 0.774402 0.048 0.726402
23 0.704 0.048 0.656
30 0.8 0.048 0.752
42 0.783112 0.048 0.735112
44 0.8 0.048 0.752
40 0.8 0.048 0.752
41 0.752 0.048 0.704
2 0.752 0.048 0.704
14 0.752 0.048 0.704
20 0.752 0.048 0.704
27 0.752 0.048 0.704
46 0.8 0.048 0.752
35 0.8 0.048 0.752
9 0.8 0.048 0.752
39 0.8 0.048 0.752
22 0.8 0.048 0.752
40 0.8 0.048 0.752
44 0.8 0.048 0.752
45 0.8 0.048 0.752
12 0.8 0.048 0.752
4 0.8 0.048 0.752
28 0.8 0.048 0.752
9 0.8 0.048 0.752
39 0.8 0.048 0.752
9 0.752 0.048 0.704
10 0.8 0.048 0.752
39 0.752 0.048 0.704
21 0.8 0.048 0.752
11 0.8 0.048 0.752
29 0.8 0.048 0.752
30 0.8 0.048 0.752
13 0.8 0.048 0.752
43 0.8 0.048 0.752
15 0.8 0.048 0.752
6 0.8 0.048 0.752
13 0.752 0.048 0.704
30 0.752 0.048 0.704
10 0.8 0.048 0.752
39 0.77513 0.048 0.72713
6 0.752 0.048 0.704
15 0.752 0.048 0.704
36 0.8 0.048 0.752
26 0.8 0.048 0.752
33 0.8 0.048 0.752
10 0.752 0.048 0.704
39 0.72713 0.048 0.67913
10 0.704 0.048 0.656
10 0.656 0.16 0.496
10 0.496 0.016 0.48
39 0.67913 0.048 0.63113
9 0.782551 0.048 0.734551
10 0.48 0.048 0.432
38 0.8 0.048 0.752
5 0.8 0.048 0.752
32 0.8 0.048 0.752
19 0.8 0.048 0.752
50 0.8 0.048 0.752
10 0.508943 0.048 0.460943
42 0.8 0.048 0.752
23 0.8 0.048 0.752
43 0.8 0.048 0.752
23 0.752 0.048 0.704
42 0.752 0.048 0.704
43 0.752 0.048 0.704
14 0.8 0.048 0.752
2 0.8 0.048 0.752
20 0.8 0.048 0.752
27 0.8 0.048 0.752
41 0.8 0.048 0.752
43 0.77892 0.048 0.73092
23 0.704 0.048 0.656
30 0.8 0.048 0.752
42 0.78247 0.048 0.73447
44 0.8 0.048 0.752
40 0.8 0.048 0.752
41 0.752 0.048 0.704
2 0.752 0.048 0.704
14 0.752 0.048 0.704
20 0.752 0.048 0.704
27 0.752 0.048 0.704
46 0.8 0.048 0.752
1 0.8 0.048 0.752
35 0.8 0.048 0.752
22 0.8 0.048 0.752
8 0.8 0.048 0.752
40 0.8 0.048 0.752
31 0.8 0.048 0.752
44 0.8 0.048 0.752
45 0.8 0.048 0.752
12 0.8 0.048 0.752
4 0.8 0.048 0.752
28 0.8 0.048 0.752
9 0.8 0.048 0.752
39 0.8 0.048 0.752
21 0.8 0.048 0.752
11 0.8 0.048 0.752
29 0.8 0.048 0.752
30 0.8 0.048 0.752
13 0.8 0.048 0.752
43 0.8 0.048 0.752
15 0.8 0.048 0.752
6 0.8 0.048 0.752
13 0.752 0.048 0.704
11 0.8 0.048 0.752
11 0.752 0.048 0.704
30 0.752 0.048 0.704
13 0.704 0.048 0.656
13 0.656 0.16 0.496
11 0.704 0.16 0.544
11 0.544 0.016 0.528
13 0.496 0.016 0.48
11 0.528 0.048 0.48
13 0.48 0.048 0.432
21 0.8 0.048 0.752
29 0.8 0.048 0.752
30 0.704 0.16 0.544
6 0.752 0.048 0.704
15 0.752 0.048 0.704
36 0.8 0.048 0.752
26 0.8 0.048 0.752
33 0.8 0.048 0.752
39 0.8 0.048 0.752
9 0.8 0.048 0.752
10 0.770508 0.048 0.722508
38 0.8 0.048 0.752
5 0.8 0.048 0.752
32 0.8 0.048 0.752
19 0.8 0.048 0.752
50 0.8 0.048 0.752
40 0.8 0.048 0.752
44 0.8 0.048 0.752
42 0.8 0.048 0.752
23 0.8 0.048 0.752
43 0.8 0.048 0.752
23 0.752 0.048 0.704
42 0.752 0.048 0.704
43 0.752 0.048 0.704
14 0.8 0.048 0.752
2 0.8 0.048 0.752
20 0.8 0.048 0.752
27 0.8 0.048 0.752
41 0.8 0.048 0.752
24 0.8 0.048 0.752
31 0.8 0.048 0.752
40 0.8 0.048 0.752
44 0.8 0.048 0.752
45 0.8 0.048 0.752
43 0.774721 0.048 0.726721
23 0.704 0.048 0.656
30 0.765282 0.048 0.717282
42 0.782722 0.048 0.734722
44 0.8 0.048 0.752
40 0.752 0.048 0.704
45 0.752 0.048 0.704
44 0.752 0.048 0.704
44 0.704 0.16 0.544
44 0.544 0.016 0.528
41 0.752 0.048 0.704
2 0.752 0.048 0.704
14 0.752 0.048 0.704
20 0.752 0.048 0.704
27 0.752 0.048 0.704
46 0.8 0.048 0.752
35 0.8 0.048 0.752
24 0.8 0.048 0.752
31 0.8 0.048 0.752
40 0.781036 0.048 0.733036
44 0.528 0.048 0.48
45 0.777926 0.048 0.729926
22 0.8 0.048 0.752
8 0.8 0.048 0.752
40 0.733036 0.048 0.685036
24 0.752 0.048 0.704
31 0.752 0.048 0.704
44 0.556365 0.048 0.508365
45 0.729926 0.048 0.681926
12 0.8 0.048 0.752
4 0.8 0.048 0.752
28 0.8 0.048 0.752
9 0.8 0.048 0.752
39 0.8 0.048 0.752
24 0.77692 0.048 0.72892
31 0.783989 0.048 0.735989
32 0.8 0.048 0.752
38 0.8 0.048 0.752
45 0.755503 0.048 0.707503
21 0.8 0.048 0.752
11 0.779262 0.048 0.731262
29 0.8 0.048 0.752
30 0.8 0.048 0.752
13 0.8 0.048 0.752
43 0.8 0.048 0.752
15 0.8 0.048 0.752
6 0.8 0.048 0.752
11 0.8 0.048 0.752
13 0.752 0.048 0.704
21 0.8 0.048 0.752
29 0.8 0.048 0.752
5 0.8 0.048 0.752
32 0.8 0.048 0.752
38 0.8 0.048 0.752
6 0.752 0.048 0.704
15 0.752 0.048 0.704
36 0.8 0.048 0.752
26 0.8 0.048 0.752
33 0.8 0.048 0.752
39 0.8 0.048 0.752
9 0.8 0.048 0.752
10 0.8 0.048 0.752
38 0.752 0.048 0.704
5 0.8 0.048 0.752
32 0.752 0.048 0.704
38 0.704 0.048 0.656
38 0.656 0.16 0.496
38 0.496 0.016 0.48
19 0.8 0.048 0.752
50 0.8 0.048 0.752
5 0.752 0.048 0.704
29 0.8 0.048 0.752
38 0.557753 0.048 0.509753
42 0.8 0.048 0.752
23 0.8 0.048 0.752
43 0.8 0.048 0.752
23 0.752 0.048 0.704
42 0.752 0.048 0.704
43 0.752 0.048 0.704
14 0.8 0.048 0.752
2 0.8 0.048 0.752
20 0.8 0.048 0.752
27 0.8 0.048 0.752
41 0.8 0.048 0.752
5 0.779022 0.048 0.731022
11 0.8 0.048 0.752
21 0.8 0.048 0.752
29 0.8 0.048 0.752
43 0.783463 0.048 0.735463
23 0.704 0.048 0.656
30 0.8 0.048 0.752
42 0.783656 0.048 0.735656
41 0.752 0.048 0.704
2 0.752 0.048 0.704
14 0.752 0.048 0.704
20 0.752 0.048 0.704
27 0.752 0.048 0.704
46 0.8 0.048 0.752
35 0.8 0.048 0.752
11 0.8 0.048 0.752
13 0.8 0.048 0.752
21 0.8 0.048 0.752
29 0.8 0.048 0.752
22 0.8 0.048 0.752
8 0.8 0.048 0.752
40 0.8 0.048 0.752
24 0.8 0.048 0.752
31 0.8 0.048 0.752
44 0.8 0.048 0.752
45 0.8 0.048 0.752
12 0.8 0.048 0.752
4 0.8 0.048 0.752
28 0.8 0.048 0.752
9 0.8 0.048 0.752
39 0.8 0.048 0.752
11 0.8 0.048 0.752
13 0.8 0.048 0.752
21 0.8 0.048 0.752
30 0.8 0.048 0.752
21 0.752 0.048 0.704
11 0.752 0.048 0.704
29 0.8 0.048 0.752
30 0.752 0.048 0.704
13 0.8 0.048 0.752
30 0.704 0.048 0.656
30 0.656 0.16 0.496
30 0.496 0.016 0.48
15 0.8 0.048 0.752
6 0.8 0.048 0.752
11 0.781562 0.048 0.733562
13 0.752 0.048 0.704
21 0.783904 0.048 0.735904
29 0.8 0.048 0.752
13 0.704 0.048 0.656
23 0.8 0.048 0.752
30 0.557257 0.048 0.509257
43 0.8 0.048 0.752
6 0.752 0.048 0.704
15 0.752 0.048 0.704
36 0.8 0.048 0.752
26 0.8 0.048 0.752
33 0.8 0.048 0.752
39 0.8 0.048 0.752
9 0.8 0.048 0.752
10 0.8 0.048 0.752
19 0.8 0.048 0.752
50 0.8 0.048 0.752
23 0.8 0.048 0.752
30 0.581684 0.048 0.533684
42 0.8 0.048 0.752
43 0.8 0.048 0.752
42 0.8 0.048 0.752
23 0.8 0.048 0.752
35 0.8 0.048 0.752
35 0.752 0.048 0.704
43 0.752 0.048 0.704
42 0.752 0.096 0.656
42 0.656 0.16 0.496
42 0.496 0.016 0.48
23 0.752 0.048 0.704
42 0.48 0.048 0.432
43 0.704 0.048 0.656
23 0.704 0.048 0.656
23 0.656 0.16 0.496
23 0.496 0.016 0.48
14 0.8 0.048 0.752
2 0.8 0.048 0.752
20 0.8 0.048 0.752
27 0.8 0.048 0.752
41 0.8 0.048 0.752
23 0.48 0.048 0.432
35 0.704 0.048 0.656
42 0.432 0.048 0.384
43 0.72847 0.048 0.68047
46 0.8 0.048 0.752
43 0.68047 0.048 0.63247
23 0.432 0.048 0.384
30 0.608975 0.048 0.560975
30 0.560975 0.048 0.512975
42 0.454975 0.048 0.406975
43 0.63247 0.048 0.58447
43 0.58447 0.16 0.42447
23 0.384 0.16 0.224
30 0.512975 0.16 0.352975
42 0.406975 0.16 0.246975
41 0.752 0.048 0.704
2 0.752 0.048 0.704
14 0.752 0.048 0.704
20 0.752 0.048 0.704
27 0.752 0.048 0.704
46 0.8 0.048 0.752
35 0.727446 0.048 0.679446
46 0.752 0.048 0.704
46 0.704 0.16 0.544
46 0.544 0.016 0.528
35 0.679446 0.048 0.631446
42 0.246975 0.048 0.198975
46 0.528 0.048 0.48
22 0.8 0.048 0.752
8 0.8 0.048 0.752
40 0.8 0.048 0.752
24 0.8 0.048 0.752
31 0.8 0.048 0.752
44 0.8 0.048 0.752
45 0.8 0.048 0.752
12 0.8 0.048 0.752
4 0.8 0.048 0.752
28 0.8 0.048 0.752
9 0.8 0.048 0.752
39 0.8 0.048 0.752
1 0.8 0.048 0.752
3 0.8 0.048 0.752
35 0.709614 0.048 0.661614
46 0.559146 0.048 0.511146
21 0.8 0.048 0.752
11 0.8 0.048 0.752
29 0.8 0.048 0.752
15 0.8 0.048 0.752
6 0.8 0.048 0.752
11 0.8 0.048 0.752
13 0.8 0.048 0.752
21 0.8 0.048 0.752
29 0.8 0.048 0.752
1 0.8 0.048 0.752
3 0.8 0.048 0.752
8 0.8 0.048 0.752
34 0.8 0.048 0.752
6 0.752 0.048 0.704
15 0.752 0.048 0.704
36 0.8 0.048 0.752
26 0.8 0.048 0.752
33 0.8 0.048 0.752
39 0.8 0.048 0.752
9 0.8 0.048 0.752
10 0.8 0.048 0.752
19 0.8 0.048 0.752
50 0.8 0.048 0.752
1 0.8 0.048 0.752
3 0.8 0.048 0.752
8 0.8 0.048 0.752
34 0.8 0.048 0.752
14 0.8 0.048 0.752
2 0.8 0.048 0.752
20 0.8 0.048 0.752
27 0.8 0.048 0.752
41 0.8 0.048 0.752
8 0.8 0.048 0.752
22 0.8 0.048 0.752
34 0.8 0.048 0.752
41 0.752 0.048 0.704
2 0.752 0.048 0.704
14 0.752 0.048 0.704
20 0.752 0.048 0.704
27 0.752 0.048 0.704
22 0.8 0.048 0.752
37 0.8 0.048 0.752
22 0.8 0.048 0.752
22 0.752 0.048 0.704
22 0.704 0.16 0.544
22 0.544 0.016 0.528
40 0.8 0.048 0.752
31 0.8 0.048 0.752
44 0.8 0.048 0.752
45 0.8 0.048 0.752
12 0.8 0.048 0.752
4 0.8 0.048 0.752
28 0.8 0.048 0.752
9 0.8 0.048 0.752
39 0.8 0.048 0.752
37 0.8 0.048 0.752
21 0.8 0.048 0.752
11 0.8 0.048 0.752
29 0.8 0.048 0.752
15 0.8 0.048 0.752
6 0.8 0.048 0.752
11 0.8 0.048 0.752
13 0.8 0.048 0.752
21 0.8 0.048 0.752
29 0.8 0.048 0.752
2 0.8 0.048 0.752
14 0.8 0.048 0.752
27 0.8 0.048 0.752
37 0.8 0.048 0.752
6 0.752 0.048 0.704
15 0.752 0.048 0.704
36 0.8 0.048 0.752
26 0.8 0.048 0.752
33 0.8 0.048 0.752
39 0.8 0.048 0.752
9 0.8 0.048 0.752
10 0.8 0.048 0.752
19 0.8 0.048 0.752
50 0.8 0.048 0.752
2 0.8 0.048 0.752
14 0.8 0.048 0.752
20 0.8 0.048 0.752
27 0.8 0.048 0.752
41 0.8 0.048 0.752
14 0.8 0.048 0.752
2 0.8 0.048 0.752
20 0.8 0.048 0.752
27 0.8 0.048 0.752
41 0.8 0.048 0.752
14 0.752 0.048 0.704
14 0.704 0.16 0.544
14 0.544 0.016 0.528
2 0.752 0.048 0.704
14 0.528 0.048 0.48
20 0.752 0.048 0.704
27 0.752 0.048 0.704
41 0.752 0.048 0.704
41 0.704 0.048 0.656
2 0.704 0.048 0.656
14 0.48 0.048 0.432
20 0.704 0.048 0.656
27 0.704 0.048 0.656
41 0.656 0.048 0.608
41 0.608 0.16 0.448
41 0.448 0.016 0.432
20 0.73246 0.048 0.68446
40 0.8 0.048 0.752
31 0.8 0.048 0.752
44 0.8 0.048 0.752
45 0.8 0.048 0.752
12 0.8 0.048 0.752
4 0.8 0.048 0.752
28 0.8 0.048 0.752
9 0.8 0.048 0.752
39 0.8 0.048 0.752
21 0.8 0.048 0.752
11 0.8 0.048 0.752
29 0.8 0.048 0.752
15 0.8 0.048 0.752
6 0.8 0.048 0.752
11 0.8 0.048 0.752
13 0.8 0.048 0.752
21 0.8 0.048 0.752
29 0.8 0.048 0.752
36 0.8 0.048 0.752
6 0.752 0.048 0.704
15 0.752 0.048 0.704
36 0.752 0.048 0.704
26 0.8 0.048 0.752
33 0.8 0.048 0.752
36 0.704 0.048 0.656
36 0.656 0.16 0.496
36 0.496 0.016 0.48
39 0.8 0.048 0.752
9 0.8 0.048 0.752
10 0.8 0.048 0.752
19 0.8 0.048 0.752
50 0.8 0.048 0.752
26 0.752 0.048 0.704
33 0.8 0.048 0.752
36 0.551612 0.048 0.503612
26 0.783131 0.048 0.735131
33 0.8 0.048 0.752
36 0.578599 0.048 0.530599
49 0.8 0.048 0.752
26 0.8 0.048 0.752
33 0.8 0.048 0.752
49 0.8 0.048 0.752
40 0.8 0.048 0.752
44 0.8 0.048 0.752
45 0.8 0.048 0.752
12 0.8 0.048 0.752
4 0.8 0.048 0.752
28 0.8 0.048 0.752
