62 769
28 769
9 769
38 770
43 771
45 771
11 772
59 773
7 773
46 774
18 774
67 774
49 775
68 775
30 776
2 776
29 777
15 777
19 779
3 779
61 779
34 780
32 780
44 781
78 782
8 782
5 783
55 783
27 784
6 786
53 786
52 786
33 788
40 788
17 778
64 790
48 790
73 793
80 781
74 781
66 785
56 795
71 796
76 796
53 787
79 789
21 791
69 791
25 791
1 797
51 797
41 797
43 793
14 794
36 794
13 794
23 782
63 782
4 799
19 799
47 799
35 801
31 802
29 802
20 802
49 802
16 770
59 770
26 772
8 803
61 804
12 805
58 781
43 781
80 807
77 800
38 809
57 810
65 811
36 812
28 813
39 813
60 805
3 815
78 817
63 817
18 800
54 818
5 818
72 820
52 820
50 812
10 816
74 822
58 822
63 819
62 824
64 825
51 826
1 826
69 828
21 828
29 814
75 801
46 829
19 829
36 825
71 831
54 831
42 806
12 806
69 806
11 832
59 827
20 821
54 833
23 817
35 834
12 835
77 836
72 806
74 838
69 835
4 840
58 838
31 841
64 841
28 842
36 845
33 811
20 844
65 817
34 770
16 827
74 847
51 831
54 846
75 834
35 848
37 798
70 808
24 792
6 823
44 807
80 839
58 847
73 822
26 832
11 843
33 817
46 840
22 782
78 837
