36 0.8 0.048 0.752
7 0.8 0.048 0.752
21 0.8 0.048 0.752
33 0.8 0.048 0.752
36 0.752 0.144 0.608
36 0.608 0.16 0.448
7 0.752 0.16 0.592
21 0.752 0.16 0.592
21 0.592 0.016 0.576
36 0.448 0.016 0.432
21 0.576 0.048 0.528
5 0.8 0.048 0.752
7 0.592 0.048 0.544
13 0.8 0.048 0.752
36 0.432 0.048 0.384
21 0.528 0.144 0.384
21 0.384 0.16 0.224
33 0.752 0.16 0.592
5 0.752 0.16 0.592
7 0.544 0.16 0.384
13 0.752 0.16 0.592
36 0.384 0.16 0.224
19 0.8 0.048 0.752
33 0.668022 0.048 0.620022
19 0.752 0.048 0.704
19 0.704 0.16 0.544
33 0.620022 0.16 0.460022
13 0.669838 0.048 0.621838
5 0.666191 0.048 0.618191
7 0.454299 0.048 0.406299
21 0.302933 0.048 0.254933
13 0.621838 0.048 0.573838
13 0.573838 0.16 0.413838
5 0.618191 0.16 0.458191
7 0.406299 0.16 0.246299
21 0.254933 0.16 0.094933
37 0.8 0.048 0.752
38 0.8 0.048 0.752
37 0.752 0.048 0.704
37 0.704 0.16 0.544
38 0.752 0.16 0.592
38 0.592 0.016 0.576
37 0.544 0.016 0.528
38 0.576 0.048 0.528
37 0.528 0.048 0.48
2 0.8 0.048 0.752
8 0.8 0.048 0.752
2 0.752 0.048 0.704
2 0.704 0.16 0.544
8 0.752 0.16 0.592
8 0.592 0.016 0.576
2 0.544 0.016 0.528
8 0.576 0.048 0.528
2 0.528 0.048 0.48
9 0.8 0.048 0.752
8 0.528 0.048 0.48
8 0.48 0.16 0.32
2 0.48 0.16 0.32
9 0.752 0.16 0.592
9 0.592 0.016 0.576
8 0.32 0.016 0.304
9 0.576 0.048 0.528
8 0.304 0.048 0.256
32 0.8 0.048 0.752
25 0.8 0.048 0.752
10 0.8 0.048 0.752
24 0.8 0.048 0.752
35 0.8 0.048 0.752
25 0.752 0.144 0.608
25 0.608 0.16 0.448
10 0.752 0.16 0.592
24 0.752 0.16 0.592
24 0.592 0.016 0.576
25 0.448 0.016 0.432
24 0.576 0.048 0.528
10 0.592 0.048 0.544
25 0.432 0.048 0.384
35 0.752 0.048 0.704
24 0.528 0.096 0.432
24 0.432 0.16 0.272
35 0.704 0.16 0.544
10 0.544 0.16 0.384
25 0.384 0.16 0.224
35 0.544 0.16 0.384
38 0.8 0.048 0.752
37 0.8 0.048 0.752
22 0.8 0.048 0.752
31 0.8 0.048 0.752
31 0.752 0.048 0.704
31 0.704 0.16 0.544
31 0.544 0.016 0.528
35 0.457543 0.048 0.409543
10 0.458405 0.048 0.410405
24 0.351807 0.048 0.303807
25 0.294742 0.048 0.246742
18 0.8 0.048 0.752
30 0.8 0.048 0.752
18 0.752 0.048 0.704
18 0.704 0.16 0.544
30 0.752 0.16 0.592
30 0.592 0.016 0.576
18 0.544 0.016 0.528
30 0.576 0.048 0.528
18 0.528 0.048 0.48
9 0.8 0.048 0.752
2 0.693699 0.048 0.645699
8 0.643988 0.048 0.595988
32 0.8 0.048 0.752
38 0.8 0.048 0.752
37 0.8 0.048 0.752
16 0.8 0.048 0.752
12 0.8 0.048 0.752
20 0.8 0.048 0.752
27 0.8 0.048 0.752
16 0.752 0.144 0.608
16 0.608 0.16 0.448
12 0.752 0.16 0.592
20 0.752 0.16 0.592
20 0.592 0.016 0.576
16 0.448 0.016 0.432
20 0.576 0.048 0.528
12 0.592 0.048 0.544
16 0.432 0.048 0.384
20 0.528 0.048 0.48
20 0.48 0.16 0.32
27 0.752 0.16 0.592
12 0.544 0.16 0.384
16 0.384 0.16 0.224
22 0.8 0.048 0.752
35 0.780158 0.048 0.732158
10 0.791151 0.048 0.743151
24 0.660507 0.048 0.612507
25 0.628563 0.048 0.580563
35 0.732158 0.096 0.636158
35 0.636158 0.16 0.476158
10 0.743151 0.16 0.583151
10 0.583151 0.016 0.567151
35 0.476158 0.016 0.460158
10 0.567151 0.048 0.519151
24 0.612507 0.048 0.564507
25 0.580563 0.048 0.532563
35 0.460158 0.048 0.412158
10 0.519151 0.048 0.471151
10 0.471151 0.16 0.311151
24 0.564507 0.16 0.404507
25 0.532563 0.16 0.372563
24 0.404507 0.16 0.244507
25 0.372563 0.16 0.212563
35 0.412158 0.16 0.252158
30 0.8 0.048 0.752
18 0.8 0.048 0.752
9 0.8 0.048 0.752
2 0.8 0.048 0.752
8 0.8 0.048 0.752
29 0.8 0.048 0.752
4 0.8 0.048 0.752
6 0.8 0.048 0.752
29 0.752 0.096 0.656
29 0.656 0.16 0.496
4 0.752 0.16 0.592
4 0.592 0.016 0.576
29 0.496 0.016 0.48
4 0.576 0.048 0.528
29 0.48 0.048 0.432
6 0.752 0.16 0.592
40 0.8 0.048 0.752
26 0.8 0.048 0.752
40 0.752 0.048 0.704
40 0.704 0.16 0.544
26 0.752 0.16 0.592
26 0.592 0.016 0.576
40 0.544 0.016 0.528
26 0.576 0.048 0.528
17 0.8 0.048 0.752
40 0.528 0.048 0.48
26 0.528 0.048 0.48
26 0.48 0.16 0.32
17 0.752 0.16 0.592
17 0.592 0.016 0.576
26 0.32 0.016 0.304
17 0.576 0.048 0.528
26 0.304 0.048 0.256
40 0.48 0.16 0.32
32 0.8 0.048 0.752
14 0.8 0.048 0.752
15 0.8 0.048 0.752
14 0.752 0.048 0.704
14 0.704 0.16 0.544
15 0.752 0.16 0.592
15 0.592 0.016 0.576
14 0.544 0.016 0.528
15 0.576 0.048 0.528
14 0.528 0.048 0.48
40 0.464555 0.048 0.416555
38 0.8 0.048 0.752
37 0.8 0.048 0.752
22 0.8 0.048 0.752
11 0.8 0.048 0.752
30 0.8 0.048 0.752
18 0.8 0.048 0.752
9 0.8 0.048 0.752
2 0.8 0.048 0.752
8 0.8 0.048 0.752
5 0.8 0.048 0.752
7 0.8 0.048 0.752
13 0.8 0.048 0.752
21 0.8 0.048 0.752
36 0.8 0.048 0.752
5 0.752 0.096 0.656
5 0.656 0.16 0.496
7 0.752 0.16 0.592
7 0.592 0.016 0.576
5 0.496 0.016 0.48
7 0.576 0.048 0.528
5 0.48 0.048 0.432
13 0.752 0.048 0.704
21 0.752 0.048 0.704
33 0.8 0.048 0.752
36 0.752 0.048 0.704
7 0.528 0.096 0.432
7 0.432 0.16 0.272
13 0.704 0.16 0.544
21 0.704 0.16 0.544
36 0.704 0.16 0.544
5 0.432 0.16 0.272
13 0.544 0.16 0.384
21 0.544 0.16 0.384
33 0.752 0.16 0.592
33 0.592 0.016 0.576
7 0.272 0.016 0.256
33 0.576 0.048 0.528
7 0.256 0.048 0.208
19 0.8 0.048 0.752
36 0.544 0.048 0.496
36 0.496 0.16 0.336
4 0.8 0.048 0.752
29 0.8 0.048 0.752
17 0.8 0.048 0.752
26 0.64664 0.048 0.59864
39 0.8 0.048 0.752
34 0.8 0.048 0.752
39 0.752 0.048 0.704
39 0.704 0.16 0.544
34 0.752 0.16 0.592
34 0.592 0.016 0.576
39 0.544 0.016 0.528
34 0.576 0.048 0.528
39 0.528 0.048 0.48
32 0.8 0.048 0.752
15 0.8 0.048 0.752
14 0.8 0.048 0.752
40 0.792583 0.048 0.744583
15 0.752 0.048 0.704
15 0.704 0.16 0.544
14 0.752 0.16 0.592
40 0.744583 0.16 0.584583
40 0.584583 0.016 0.568583
15 0.544 0.016 0.528
40 0.568583 0.048 0.520583
14 0.592 0.048 0.544
15 0.528 0.048 0.48
26 0.8 0.048 0.752
40 0.520583 0.048 0.472583
40 0.472583 0.16 0.312583
14 0.544 0.16 0.384
15 0.48 0.16 0.32
26 0.752 0.16 0.592
26 0.592 0.016 0.576
40 0.312583 0.016 0.296583
26 0.576 0.048 0.528
17 0.8 0.048 0.752
40 0.296583 0.048 0.248583
8 0.8 0.048 0.752
2 0.8 0.048 0.752
9 0.8 0.048 0.752
8 0.752 0.048 0.704
8 0.704 0.16 0.544
2 0.752 0.16 0.592
2 0.592 0.016 0.576
8 0.544 0.016 0.528
2 0.576 0.048 0.528
8 0.528 0.048 0.48
9 0.752 0.048 0.704
9 0.704 0.16 0.544
38 0.8 0.048 0.752
37 0.8 0.048 0.752
22 0.8 0.048 0.752
11 0.8 0.048 0.752
30 0.8 0.048 0.752
18 0.8 0.048 0.752
9 0.623597 0.048 0.575597
2 0.606968 0.048 0.558968
8 0.623247 0.048 0.575247
33 0.8 0.048 0.752
7 0.588748 0.048 0.540748
19 0.8 0.048 0.752
36 0.700006 0.048 0.652006
33 0.752 0.048 0.704
33 0.704 0.16 0.544
7 0.540748 0.16 0.380748
19 0.752 0.16 0.592
36 0.652006 0.16 0.492006
15 0.467613 0.048 0.419613
14 0.607092 0.048 0.559092
40 0.403064 0.048 0.355064
15 0.419613 0.048 0.371613
15 0.371613 0.16 0.211613
14 0.559092 0.16 0.399092
40 0.355064 0.16 0.195064
4 0.8 0.048 0.752
29 0.8 0.048 0.752
17 0.8 0.048 0.752
26 0.678453 0.048 0.630453
12 0.8 0.048 0.752
16 0.8 0.048 0.752
20 0.8 0.048 0.752
12 0.752 0.048 0.704
12 0.704 0.16 0.544
16 0.752 0.16 0.592
16 0.592 0.016 0.576
12 0.544 0.016 0.528
16 0.576 0.048 0.528
12 0.528 0.048 0.48
20 0.752 0.048 0.704
27 0.8 0.048 0.752
16 0.528 0.048 0.48
16 0.48 0.16 0.32
20 0.704 0.16 0.544
12 0.48 0.16 0.32
20 0.544 0.16 0.384
27 0.752 0.16 0.592
27 0.592 0.016 0.576
16 0.32 0.016 0.304
27 0.576 0.048 0.528
16 0.304 0.048 0.256
28 0.8 0.048 0.752
27 0.528 0.048 0.48
27 0.48 0.16 0.32
16 0.256 0.16 0.096
28 0.752 0.16 0.592
28 0.592 0.016 0.576
27 0.32 0.016 0.304
28 0.576 0.048 0.528
27 0.304 0.048 0.256
34 0.8 0.048 0.752
39 0.8 0.048 0.752
32 0.8 0.048 0.752
23 0.8 0.048 0.752
26 0.8 0.048 0.752
17 0.8 0.048 0.752
40 0.422568 0.048 0.374568
2 0.8 0.048 0.752
8 0.8 0.048 0.752
9 0.8 0.048 0.752
2 0.752 0.048 0.704
2 0.704 0.16 0.544
2 0.544 0.016 0.528
8 0.752 0.16 0.592
9 0.752 0.16 0.592
38 0.8 0.048 0.752
37 0.8 0.048 0.752
22 0.8 0.048 0.752
11 0.8 0.048 0.752
30 0.8 0.048 0.752
18 0.8 0.048 0.752
9 0.669705 0.048 0.621705
2 0.6058 0.048 0.5578
8 0.747042 0.048 0.699042
9 0.621705 0.048 0.573705
9 0.573705 0.16 0.413705
9 0.413705 0.016 0.397705
2 0.5578 0.16 0.3978
8 0.699042 0.16 0.539042
4 0.8 0.048 0.752
29 0.8 0.048 0.752
37 0.8 0.048 0.752
38 0.8 0.048 0.752
17 0.8 0.048 0.752
26 0.8 0.048 0.752
28 0.8 0.048 0.752
27 0.633374 0.048 0.585374
34 0.8 0.048 0.752
39 0.8 0.048 0.752
32 0.8 0.048 0.752
23 0.8 0.048 0.752
26 0.8 0.048 0.752
17 0.8 0.048 0.752
40 0.751319 0.048 0.703319
3 0.8 0.048 0.752
38 0.8 0.048 0.752
37 0.8 0.048 0.752
22 0.8 0.048 0.752
11 0.8 0.048 0.752
30 0.8 0.048 0.752
18 0.8 0.048 0.752
27 0.8 0.048 0.752
16 0.772804 0.048 0.724804
28 0.8 0.048 0.752
27 0.752 0.096 0.656
27 0.656 0.16 0.496
27 0.496 0.016 0.48
16 0.724804 0.16 0.564804
28 0.752 0.16 0.592
4 0.8 0.048 0.752
29 0.8 0.048 0.752
37 0.8 0.048 0.752
38 0.8 0.048 0.752
17 0.8 0.048 0.752
26 0.8 0.048 0.752
31 0.8 0.048 0.752
17 0.752 0.048 0.704
17 0.704 0.16 0.544
26 0.752 0.16 0.592
31 0.752 0.16 0.592
31 0.592 0.016 0.576
17 0.544 0.016 0.528
31 0.576 0.048 0.528
17 0.528 0.048 0.48
28 0.670895 0.048 0.622895
27 0.558716 0.048 0.510716
28 0.622895 0.048 0.574895
28 0.574895 0.16 0.414895
28 0.414895 0.016 0.398895
27 0.510716 0.16 0.350716
18 0.8 0.048 0.752
30 0.8 0.048 0.752
9 0.8 0.048 0.752
2 0.8 0.048 0.752
8 0.8 0.048 0.752
9 0.752 0.096 0.656
9 0.656 0.16 0.496
2 0.752 0.16 0.592
2 0.592 0.016 0.576
9 0.496 0.016 0.48
2 0.576 0.048 0.528
8 0.752 0.048 0.704
9 0.48 0.048 0.432
2 0.528 0.048 0.48
2 0.48 0.16 0.32
8 0.704 0.16 0.544
8 0.544 0.16 0.384
9 0.432 0.16 0.272
34 0.8 0.048 0.752
39 0.8 0.048 0.752
32 0.8 0.048 0.752
23 0.8 0.048 0.752
26 0.8 0.048 0.752
17 0.624915 0.048 0.576915
40 0.8 0.048 0.752
26 0.752 0.048 0.704
26 0.704 0.16 0.544
17 0.576915 0.16 0.416915
40 0.752 0.16 0.592
3 0.8 0.048 0.752
38 0.8 0.048 0.752
37 0.8 0.048 0.752
17 0.494556 0.048 0.446556
26 0.615298 0.048 0.567298
31 0.761519 0.048 0.713519
1 0.8 0.048 0.752
22 0.8 0.048 0.752
11 0.8 0.048 0.752
30 0.8 0.048 0.752
18 0.8 0.048 0.752
36 0.8 0.048 0.752
7 0.8 0.048 0.752
19 0.8 0.048 0.752
21 0.8 0.048 0.752
33 0.8 0.048 0.752
36 0.752 0.048 0.704
36 0.704 0.16 0.544
7 0.752 0.16 0.592
7 0.592 0.016 0.576
36 0.544 0.016 0.528
7 0.576 0.048 0.528
5 0.8 0.048 0.752
21 0.752 0.048 0.704
36 0.528 0.048 0.48
7 0.528 0.048 0.48
7 0.48 0.16 0.32
19 0.752 0.16 0.592
21 0.704 0.16 0.544
33 0.752 0.16 0.592
5 0.752 0.16 0.592
5 0.592 0.016 0.576
7 0.32 0.016 0.304
5 0.576 0.048 0.528
7 0.304 0.048 0.256
13 0.8 0.048 0.752
21 0.544 0.048 0.496
21 0.496 0.16 0.336
36 0.48 0.16 0.32
6 0.8 0.048 0.752
29 0.8 0.048 0.752
6 0.752 0.048 0.704
6 0.704 0.16 0.544
29 0.752 0.16 0.592
29 0.592 0.016 0.576
6 0.544 0.016 0.528
29 0.576 0.048 0.528
4 0.8 0.048 0.752
6 0.528 0.048 0.48
4 0.752 0.048 0.704
29 0.528 0.048 0.48
37 0.8 0.048 0.752
38 0.8 0.048 0.752
31 0.8 0.048 0.752
18 0.8 0.048 0.752
30 0.8 0.048 0.752
40 0.8 0.048 0.752
26 0.791289 0.048 0.743289
34 0.8 0.048 0.752
39 0.8 0.048 0.752
34 0.752 0.048 0.704
34 0.704 0.16 0.544
34 0.544 0.016 0.528
39 0.752 0.16 0.592
32 0.8 0.048 0.752
23 0.8 0.048 0.752
3 0.8 0.048 0.752
38 0.8 0.048 0.752
37 0.8 0.048 0.752
17 0.8 0.048 0.752
26 0.8 0.048 0.752
31 0.8 0.048 0.752
40 0.8 0.048 0.752
1 0.8 0.048 0.752
22 0.8 0.048 0.752
11 0.8 0.048 0.752
30 0.8 0.048 0.752
18 0.8 0.048 0.752
5 0.8 0.048 0.752
7 0.634942 0.048 0.586942
13 0.8 0.048 0.752
21 0.718881 0.048 0.670881
7 0.586942 0.048 0.538942
5 0.752 0.048 0.704
13 0.8 0.048 0.752
21 0.670881 0.048 0.622881
33 0.8 0.048 0.752
36 0.699296 0.048 0.651296
7 0.538942 0.048 0.490942
7 0.490942 0.16 0.330942
5 0.704 0.16 0.544
13 0.752 0.16 0.592
21 0.622881 0.16 0.462881
33 0.752 0.16 0.592
36 0.651296 0.16 0.491296
29 0.8 0.048 0.752
4 0.8 0.048 0.752
6 0.8 0.048 0.752
4 0.752 0.048 0.704
29 0.752 0.048 0.704
37 0.8 0.048 0.752
38 0.8 0.048 0.752
31 0.8 0.048 0.752
17 0.8 0.048 0.752
18 0.8 0.048 0.752
30 0.8 0.048 0.752
40 0.8 0.048 0.752
26 0.8 0.048 0.752
32 0.8 0.048 0.752
32 0.752 0.048 0.704
32 0.704 0.16 0.544
32 0.544 0.016 0.528
23 0.8 0.048 0.752
3 0.8 0.048 0.752
25 0.8 0.048 0.752
38 0.8 0.048 0.752
37 0.8 0.048 0.752
17 0.8 0.048 0.752
26 0.8 0.048 0.752
31 0.8 0.048 0.752
1 0.8 0.048 0.752
22 0.8 0.048 0.752
16 0.8 0.048 0.752
12 0.8 0.048 0.752
20 0.8 0.048 0.752
27 0.8 0.048 0.752
16 0.752 0.096 0.656
16 0.656 0.16 0.496
12 0.752 0.16 0.592
12 0.592 0.016 0.576
16 0.496 0.016 0.48
12 0.576 0.048 0.528
16 0.48 0.048 0.432
20 0.752 0.048 0.704
20 0.704 0.16 0.544
27 0.752 0.16 0.592
11 0.8 0.048 0.752
30 0.8 0.048 0.752
18 0.8 0.048 0.752
8 0.8 0.048 0.752
2 0.8 0.048 0.752
9 0.8 0.048 0.752
8 0.752 0.048 0.704
8 0.704 0.16 0.544
2 0.752 0.16 0.592
9 0.752 0.16 0.592
9 0.592 0.016 0.576
8 0.544 0.016 0.528
9 0.576 0.048 0.528
2 0.592 0.048 0.544
8 0.528 0.048 0.48
5 0.8 0.048 0.752
7 0.715963 0.048 0.667963
13 0.8 0.048 0.752
21 0.8 0.048 0.752
29 0.8 0.048 0.752
4 0.8 0.048 0.752
6 0.8 0.048 0.752
4 0.752 0.048 0.704
29 0.752 0.048 0.704
37 0.8 0.048 0.752
38 0.8 0.048 0.752
37 0.752 0.048 0.704
37 0.704 0.16 0.544
37 0.544 0.016 0.528
38 0.752 0.16 0.592
14 0.8 0.048 0.752
15 0.8 0.048 0.752
31 0.8 0.048 0.752
17 0.8 0.048 0.752
18 0.8 0.048 0.752
30 0.8 0.048 0.752
40 0.8 0.048 0.752
26 0.8 0.048 0.752
39 0.8 0.048 0.752
34 0.8 0.048 0.752
39 0.752 0.048 0.704
39 0.704 0.16 0.544
34 0.752 0.16 0.592
34 0.592 0.016 0.576
39 0.544 0.016 0.528
34 0.576 0.048 0.528
39 0.528 0.048 0.48
23 0.8 0.048 0.752
3 0.8 0.048 0.752
25 0.8 0.048 0.752
35 0.8 0.048 0.752
25 0.752 0.048 0.704
25 0.704 0.16 0.544
35 0.752 0.16 0.592
35 0.592 0.016 0.576
25 0.544 0.016 0.528
35 0.576 0.048 0.528
10 0.8 0.048 0.752
24 0.8 0.048 0.752
25 0.528 0.048 0.48
38 0.8 0.048 0.752
37 0.750926 0.048 0.702926
17 0.8 0.048 0.752
26 0.8 0.048 0.752
31 0.8 0.048 0.752
1 0.8 0.048 0.752
22 0.8 0.048 0.752
12 0.8 0.048 0.752
16 0.8 0.048 0.752
20 0.8 0.048 0.752
11 0.8 0.048 0.752
30 0.8 0.048 0.752
18 0.8 0.048 0.752
9 0.8 0.048 0.752
2 0.8 0.048 0.752
8 0.8 0.048 0.752
5 0.8 0.048 0.752
7 0.8 0.048 0.752
13 0.8 0.048 0.752
21 0.8 0.048 0.752
29 0.8 0.048 0.752
4 0.8 0.048 0.752
6 0.8 0.048 0.752
4 0.752 0.048 0.704
29 0.752 0.048 0.704
14 0.8 0.048 0.752
15 0.8 0.048 0.752
31 0.8 0.048 0.752
17 0.8 0.048 0.752
18 0.8 0.048 0.752
30 0.8 0.048 0.752
18 0.752 0.048 0.704
18 0.704 0.16 0.544
18 0.544 0.016 0.528
30 0.752 0.16 0.592
40 0.8 0.048 0.752
26 0.8 0.048 0.752
34 0.8 0.048 0.752
39 0.8 0.048 0.752
23 0.8 0.048 0.752
3 0.8 0.048 0.752
35 0.8 0.048 0.752
10 0.8 0.048 0.752
24 0.8 0.048 0.752
25 0.8 0.048 0.752
38 0.8 0.048 0.752
37 0.8 0.048 0.752
17 0.8 0.048 0.752
26 0.8 0.048 0.752
31 0.8 0.048 0.752
1 0.8 0.048 0.752
22 0.8 0.048 0.752
12 0.8 0.048 0.752
16 0.8 0.048 0.752
20 0.8 0.048 0.752
11 0.8 0.048 0.752
30 0.8 0.048 0.752
18 0.754295 0.048 0.706295
9 0.8 0.048 0.752
2 0.8 0.048 0.752
8 0.8 0.048 0.752
5 0.8 0.048 0.752
7 0.8 0.048 0.752
13 0.8 0.048 0.752
21 0.8 0.048 0.752
29 0.8 0.048 0.752
4 0.8 0.048 0.752
6 0.8 0.048 0.752
4 0.752 0.048 0.704
29 0.752 0.048 0.704
14 0.8 0.048 0.752
15 0.8 0.048 0.752
31 0.8 0.048 0.752
17 0.8 0.048 0.752
40 0.8 0.048 0.752
26 0.8 0.048 0.752
34 0.8 0.048 0.752
39 0.8 0.048 0.752
23 0.8 0.048 0.752
3 0.8 0.048 0.752
35 0.8 0.048 0.752
10 0.8 0.048 0.752
24 0.8 0.048 0.752
38 0.8 0.048 0.752
37 0.8 0.048 0.752
17 0.8 0.048 0.752
26 0.8 0.048 0.752
31 0.8 0.048 0.752
17 0.752 0.048 0.704
17 0.704 0.16 0.544
17 0.544 0.016 0.528
26 0.752 0.16 0.592
31 0.752 0.16 0.592
1 0.8 0.048 0.752
22 0.8 0.048 0.752
12 0.8 0.048 0.752
16 0.8 0.048 0.752
20 0.8 0.048 0.752
27 0.8 0.048 0.752
16 0.752 0.048 0.704
28 0.8 0.048 0.752
27 0.752 0.096 0.656
27 0.656 0.16 0.496
16 0.704 0.16 0.544
16 0.544 0.016 0.528
27 0.496 0.016 0.48
16 0.528 0.048 0.48
12 0.752 0.048 0.704
20 0.752 0.048 0.704
27 0.48 0.048 0.432
28 0.752 0.16 0.592
11 0.8 0.048 0.752
30 0.8 0.048 0.752
18 0.8 0.048 0.752
9 0.8 0.048 0.752
2 0.8 0.048 0.752
8 0.8 0.048 0.752
5 0.8 0.048 0.752
7 0.8 0.048 0.752
13 0.8 0.048 0.752
21 0.8 0.048 0.752
29 0.8 0.048 0.752
6 0.8 0.048 0.752
4 0.8 0.048 0.752
14 0.8 0.048 0.752
15 0.8 0.048 0.752
14 0.752 0.048 0.704
14 0.704 0.16 0.544
14 0.544 0.016 0.528
15 0.752 0.16 0.592
31 0.74422 0.048 0.69622
17 0.675925 0.048 0.627925
6 0.8 0.048 0.752
29 0.752 0.048 0.704
36 0.8 0.048 0.752
7 0.8 0.048 0.752
21 0.8 0.048 0.752
33 0.8 0.048 0.752
40 0.8 0.048 0.752
26 0.8 0.048 0.752
34 0.8 0.048 0.752
39 0.8 0.048 0.752
23 0.8 0.048 0.752
3 0.8 0.048 0.752
35 0.8 0.048 0.752
10 0.8 0.048 0.752
24 0.8 0.048 0.752
25 0.8 0.048 0.752
38 0.8 0.048 0.752
37 0.8 0.048 0.752
1 0.8 0.048 0.752
22 0.8 0.048 0.752
12 0.8 0.048 0.752
16 0.8 0.048 0.752
20 0.8 0.048 0.752
16 0.752 0.048 0.704
12 0.752 0.048 0.704
20 0.752 0.048 0.704
27 0.8 0.048 0.752
11 0.8 0.048 0.752
30 0.8 0.048 0.752
18 0.8 0.048 0.752
9 0.8 0.048 0.752
8 0.8 0.048 0.752
5 0.8 0.048 0.752
7 0.8 0.048 0.752
13 0.8 0.048 0.752
21 0.8 0.048 0.752
33 0.8 0.048 0.752
36 0.8 0.048 0.752
29 0.8 0.048 0.752
4 0.8 0.048 0.752
6 0.8 0.048 0.752
29 0.752 0.048 0.704
29 0.704 0.16 0.544
29 0.544 0.016 0.528
4 0.752 0.16 0.592
6 0.752 0.16 0.592
4 0.592 0.048 0.544
29 0.528 0.048 0.48
4 0.544 0.048 0.496
4 0.496 0.16 0.336
4 0.336 0.016 0.32
29 0.48 0.16 0.32
31 0.8 0.048 0.752
17 0.8 0.048 0.752
6 0.663596 0.048 0.615596
29 0.32 0.048 0.272
6 0.615596 0.048 0.567596
6 0.567596 0.16 0.407596
6 0.407596 0.016 0.391596
29 0.272 0.16 0.112
36 0.8 0.048 0.752
5 0.8 0.048 0.752
7 0.8 0.048 0.752
21 0.8 0.048 0.752
33 0.8 0.048 0.752
40 0.8 0.048 0.752
26 0.8 0.048 0.752
34 0.8 0.048 0.752
39 0.8 0.048 0.752
23 0.8 0.048 0.752
3 0.8 0.048 0.752
28 0.8 0.048 0.752
27 0.8 0.048 0.752
28 0.752 0.048 0.704
28 0.704 0.16 0.544
27 0.752 0.16 0.592
27 0.592 0.016 0.576
28 0.544 0.016 0.528
27 0.576 0.048 0.528
28 0.528 0.048 0.48
35 0.8 0.048 0.752
10 0.8 0.048 0.752
24 0.8 0.048 0.752
25 0.8 0.048 0.752
38 0.8 0.048 0.752
37 0.8 0.048 0.752
1 0.8 0.048 0.752
22 0.8 0.048 0.752
32 0.8 0.048 0.752
12 0.8 0.048 0.752
16 0.8 0.048 0.752
20 0.8 0.048 0.752
16 0.752 0.048 0.704
12 0.752 0.048 0.704
20 0.752 0.048 0.704
11 0.8 0.048 0.752
30 0.8 0.048 0.752
18 0.8 0.048 0.752
9 0.8 0.048 0.752
8 0.8 0.048 0.752
5 0.8 0.048 0.752
7 0.8 0.048 0.752
13 0.8 0.048 0.752
21 0.8 0.048 0.752
33 0.8 0.048 0.752
36 0.8 0.048 0.752
31 0.8 0.048 0.752
17 0.8 0.048 0.752
8 0.8 0.048 0.752
2 0.8 0.048 0.752
9 0.8 0.048 0.752
36 0.8 0.048 0.752
7 0.8 0.048 0.752
21 0.8 0.048 0.752
33 0.8 0.048 0.752
40 0.8 0.048 0.752
17 0.8 0.048 0.752
26 0.8 0.048 0.752
40 0.752 0.048 0.704
40 0.704 0.16 0.544
17 0.752 0.16 0.592
17 0.592 0.016 0.576
40 0.544 0.016 0.528
17 0.576 0.048 0.528
26 0.752 0.048 0.704
31 0.8 0.048 0.752
40 0.528 0.048 0.48
26 0.704 0.16 0.544
34 0.8 0.048 0.752
39 0.8 0.048 0.752
37 0.8 0.048 0.752
38 0.8 0.048 0.752
23 0.8 0.048 0.752
3 0.8 0.048 0.752
3 0.752 0.048 0.704
3 0.704 0.16 0.544
3 0.544 0.016 0.528
27 0.8 0.048 0.752
16 0.8 0.048 0.752
28 0.8 0.048 0.752
35 0.8 0.048 0.752
10 0.8 0.048 0.752
24 0.8 0.048 0.752
25 0.8 0.048 0.752
38 0.8 0.048 0.752
37 0.8 0.048 0.752
1 0.8 0.048 0.752
22 0.8 0.048 0.752
32 0.8 0.048 0.752
12 0.8 0.048 0.752
16 0.8 0.048 0.752
20 0.8 0.048 0.752
16 0.752 0.048 0.704
12 0.752 0.048 0.704
20 0.752 0.048 0.704
27 0.8 0.048 0.752
11 0.8 0.048 0.752
30 0.8 0.048 0.752
18 0.8 0.048 0.752
9 0.8 0.048 0.752
2 0.8 0.048 0.752
8 0.8 0.048 0.752
5 0.8 0.048 0.752
7 0.8 0.048 0.752
13 0.8 0.048 0.752
21 0.8 0.048 0.752
31 0.8 0.048 0.752
17 0.8 0.048 0.752
8 0.8 0.048 0.752
2 0.752 0.048 0.704
9 0.8 0.048 0.752
8 0.752 0.048 0.704
8 0.704 0.16 0.544
8 0.544 0.016 0.528
2 0.704 0.16 0.544
9 0.752 0.16 0.592
36 0.8 0.048 0.752
7 0.8 0.048 0.752
21 0.8 0.048 0.752
33 0.8 0.048 0.752
17 0.8 0.048 0.752
26 0.8 0.048 0.752
31 0.8 0.048 0.752
40 0.8 0.048 0.752
34 0.8 0.048 0.752
39 0.8 0.048 0.752
37 0.8 0.048 0.752
38 0.8 0.048 0.752
23 0.8 0.048 0.752
27 0.8 0.048 0.752
16 0.8 0.048 0.752
28 0.8 0.048 0.752
35 0.8 0.048 0.752
10 0.8 0.048 0.752
24 0.8 0.048 0.752
25 0.8 0.048 0.752
38 0.8 0.048 0.752
37 0.8 0.048 0.752
1 0.8 0.048 0.752
22 0.8 0.048 0.752
32 0.8 0.048 0.752
12 0.8 0.048 0.752
16 0.8 0.048 0.752
20 0.8 0.048 0.752
16 0.752 0.048 0.704
12 0.752 0.048 0.704
20 0.752 0.048 0.704
27 0.8 0.048 0.752
11 0.8 0.048 0.752
30 0.8 0.048 0.752
18 0.8 0.048 0.752
9 0.8 0.048 0.752
2 0.8 0.048 0.752
8 0.8 0.048 0.752
5 0.8 0.048 0.752
7 0.8 0.048 0.752
13 0.8 0.048 0.752
21 0.8 0.048 0.752
33 0.8 0.048 0.752
5 0.752 0.048 0.704
5 0.704 0.16 0.544
5 0.544 0.016 0.528
7 0.752 0.16 0.592
13 0.752 0.16 0.592
21 0.752 0.16 0.592
33 0.752 0.16 0.592
31 0.8 0.048 0.752
17 0.8 0.048 0.752
26 0.8 0.048 0.752
36 0.8 0.048 0.752
7 0.735924 0.048 0.687924
19 0.8 0.048 0.752
21 0.662816 0.048 0.614816
33 0.739935 0.048 0.691935
17 0.8 0.048 0.752
26 0.8 0.048 0.752
31 0.8 0.048 0.752
40 0.8 0.048 0.752
34 0.8 0.048 0.752
39 0.8 0.048 0.752
37 0.8 0.048 0.752
38 0.8 0.048 0.752
23 0.8 0.048 0.752
27 0.8 0.048 0.752
16 0.8 0.048 0.752
28 0.8 0.048 0.752
27 0.752 0.048 0.704
27 0.704 0.16 0.544
27 0.544 0.016 0.528
16 0.752 0.16 0.592
28 0.752 0.16 0.592
35 0.8 0.048 0.752
10 0.8 0.048 0.752
24 0.8 0.048 0.752
25 0.8 0.048 0.752
25 0.752 0.048 0.704
35 0.8 0.048 0.752
38 0.8 0.048 0.752
37 0.8 0.048 0.752
1 0.8 0.048 0.752
22 0.8 0.048 0.752
32 0.8 0.048 0.752
12 0.8 0.048 0.752
16 0.740164 0.048 0.692164
20 0.8 0.048 0.752
12 0.752 0.048 0.704
12 0.704 0.16 0.544
12 0.544 0.016 0.528
16 0.692164 0.16 0.532164
20 0.752 0.16 0.592
16 0.532164 0.048 0.484164
12 0.528 0.048 0.48
20 0.592 0.048 0.544
27 0.599388 0.048 0.551388
16 0.484164 0.048 0.436164
16 0.436164 0.16 0.276164
16 0.276164 0.016 0.260164
12 0.48 0.16 0.32
20 0.544 0.16 0.384
27 0.551388 0.16 0.391388
11 0.8 0.048 0.752
30 0.8 0.048 0.752
18 0.8 0.048 0.752
9 0.8 0.048 0.752
8 0.8 0.048 0.752
31 0.8 0.048 0.752
17 0.8 0.048 0.752
36 0.8 0.048 0.752
7 0.8 0.048 0.752
21 0.8 0.048 0.752
33 0.8 0.048 0.752
17 0.8 0.048 0.752
26 0.8 0.048 0.752
31 0.8 0.048 0.752
40 0.8 0.048 0.752
34 0.8 0.048 0.752
39 0.8 0.048 0.752
37 0.8 0.048 0.752
38 0.8 0.048 0.752
23 0.8 0.048 0.752
23 0.752 0.048 0.704
23 0.704 0.16 0.544
23 0.544 0.016 0.528
35 0.8 0.048 0.752
10 0.8 0.048 0.752
24 0.8 0.048 0.752
25 0.8 0.048 0.752
38 0.8 0.048 0.752
37 0.8 0.048 0.752
1 0.8 0.048 0.752
22 0.8 0.048 0.752
32 0.8 0.048 0.752
11 0.8 0.048 0.752
30 0.8 0.048 0.752
18 0.8 0.048 0.752
9 0.8 0.048 0.752
8 0.8 0.048 0.752
31 0.8 0.048 0.752
17 0.8 0.048 0.752
36 0.8 0.048 0.752
7 0.8 0.048 0.752
21 0.8 0.048 0.752
33 0.8 0.048 0.752
17 0.8 0.048 0.752
26 0.8 0.048 0.752
31 0.8 0.048 0.752
40 0.8 0.048 0.752
34 0.8 0.048 0.752
39 0.8 0.048 0.752
37 0.8 0.048 0.752
38 0.8 0.048 0.752
35 0.8 0.048 0.752
10 0.8 0.048 0.752
24 0.8 0.048 0.752
25 0.8 0.048 0.752
38 0.8 0.048 0.752
37 0.8 0.048 0.752
1 0.8 0.048 0.752
22 0.8 0.048 0.752
32 0.8 0.048 0.752
11 0.8 0.048 0.752
30 0.8 0.048 0.752
18 0.8 0.048 0.752
9 0.8 0.048 0.752
8 0.8 0.048 0.752
31 0.8 0.048 0.752
17 0.8 0.048 0.752
36 0.8 0.048 0.752
7 0.8 0.048 0.752
21 0.8 0.048 0.752
33 0.8 0.048 0.752
17 0.8 0.048 0.752
26 0.8 0.048 0.752
31 0.8 0.048 0.752
40 0.8 0.048 0.752
34 0.8 0.048 0.752
39 0.8 0.048 0.752
37 0.8 0.048 0.752
38 0.8 0.048 0.752
37 0.752 0.048 0.704
37 0.704 0.16 0.544
37 0.544 0.016 0.528
38 0.752 0.16 0.592
35 0.8 0.048 0.752
10 0.8 0.048 0.752
24 0.8 0.048 0.752
25 0.8 0.048 0.752
38 0.668231 0.048 0.620231
37 0.606615 0.048 0.558615
38 0.620231 0.048 0.572231
38 0.572231 0.16 0.412231
38 0.412231 0.016 0.396231
37 0.558615 0.16 0.398615
1 0.8 0.048 0.752
22 0.8 0.048 0.752
32 0.8 0.048 0.752
11 0.8 0.048 0.752
30 0.8 0.048 0.752
18 0.8 0.048 0.752
9 0.8 0.048 0.752
8 0.8 0.048 0.752
31 0.8 0.048 0.752
17 0.8 0.048 0.752
36 0.8 0.048 0.752
7 0.8 0.048 0.752
21 0.8 0.048 0.752
33 0.8 0.048 0.752
17 0.8 0.048 0.752
26 0.8 0.048 0.752
31 0.8 0.048 0.752
40 0.8 0.048 0.752
34 0.8 0.048 0.752
39 0.8 0.048 0.752
35 0.8 0.048 0.752
10 0.8 0.048 0.752
24 0.8 0.048 0.752
25 0.8 0.048 0.752
1 0.8 0.048 0.752
22 0.8 0.048 0.752
32 0.8 0.048 0.752
11 0.8 0.048 0.752
30 0.8 0.048 0.752
18 0.8 0.048 0.752
30 0.752 0.048 0.704
30 0.704 0.16 0.544
30 0.544 0.016 0.528
18 0.752 0.16 0.592
9 0.8 0.048 0.752
8 0.8 0.048 0.752
31 0.8 0.048 0.752
17 0.8 0.048 0.752
36 0.8 0.048 0.752
7 0.8 0.048 0.752
21 0.8 0.048 0.752
33 0.8 0.048 0.752
17 0.8 0.048 0.752
26 0.8 0.048 0.752
31 0.8 0.048 0.752
40 0.8 0.048 0.752
34 0.8 0.048 0.752
39 0.8 0.048 0.752
35 0.8 0.048 0.752
10 0.8 0.048 0.752
24 0.8 0.048 0.752
25 0.8 0.048 0.752
1 0.8 0.048 0.752
22 0.8 0.048 0.752
32 0.8 0.048 0.752
11 0.8 0.048 0.752
9 0.8 0.048 0.752
8 0.8 0.048 0.752
31 0.8 0.048 0.752
17 0.8 0.048 0.752
36 0.8 0.048 0.752
7 0.8 0.048 0.752
21 0.8 0.048 0.752
33 0.8 0.048 0.752
17 0.8 0.048 0.752
26 0.8 0.048 0.752
31 0.8 0.048 0.752
40 0.8 0.048 0.752
34 0.8 0.048 0.752
39 0.8 0.048 0.752
35 0.8 0.048 0.752
10 0.8 0.048 0.752
24 0.8 0.048 0.752
25 0.8 0.048 0.752
25 0.752 0.048 0.704
35 0.8 0.048 0.752
1 0.8 0.048 0.752
22 0.8 0.048 0.752
32 0.8 0.048 0.752
37 0.8 0.048 0.752
32 0.752 0.048 0.704
32 0.704 0.16 0.544
37 0.752 0.16 0.592
37 0.592 0.016 0.576
32 0.544 0.016 0.528
37 0.576 0.048 0.528
32 0.528 0.048 0.48
38 0.8 0.048 0.752
37 0.528 0.048 0.48
37 0.48 0.16 0.32
32 0.48 0.16 0.32
38 0.752 0.16 0.592
38 0.592 0.016 0.576
37 0.32 0.016 0.304
38 0.576 0.048 0.528
37 0.304 0.048 0.256
11 0.8 0.048 0.752
14 0.8 0.048 0.752
11 0.752 0.096 0.656
11 0.656 0.16 0.496
11 0.496 0.016 0.48
14 0.752 0.16 0.592
9 0.8 0.048 0.752
8 0.8 0.048 0.752
31 0.8 0.048 0.752
17 0.8 0.048 0.752
36 0.8 0.048 0.752
7 0.8 0.048 0.752
21 0.8 0.048 0.752
33 0.8 0.048 0.752
17 0.8 0.048 0.752
26 0.8 0.048 0.752
31 0.8 0.048 0.752
40 0.8 0.048 0.752
34 0.8 0.048 0.752
39 0.8 0.048 0.752
35 0.8 0.048 0.752
10 0.8 0.048 0.752
24 0.8 0.048 0.752
25 0.8 0.048 0.752
1 0.8 0.048 0.752
22 0.8 0.048 0.752
38 0.8 0.048 0.752
37 0.630792 0.048 0.582792
9 0.8 0.048 0.752
8 0.8 0.048 0.752
31 0.8 0.048 0.752
17 0.8 0.048 0.752
36 0.8 0.048 0.752
7 0.8 0.048 0.752
19 0.8 0.048 0.752
21 0.8 0.048 0.752
33 0.8 0.048 0.752
17 0.8 0.048 0.752
26 0.8 0.048 0.752
31 0.8 0.048 0.752
40 0.8 0.048 0.752
34 0.8 0.048 0.752
39 0.8 0.048 0.752
35 0.8 0.048 0.752
10 0.8 0.048 0.752
24 0.8 0.048 0.752
25 0.8 0.048 0.752
1 0.8 0.048 0.752
22 0.8 0.048 0.752
38 0.8 0.048 0.752
37 0.8 0.048 0.752
9 0.8 0.048 0.752
8 0.8 0.048 0.752
31 0.8 0.048 0.752
17 0.8 0.048 0.752
36 0.8 0.048 0.752
7 0.8 0.048 0.752
19 0.8 0.048 0.752
33 0.8 0.048 0.752
17 0.8 0.048 0.752
26 0.8 0.048 0.752
31 0.8 0.048 0.752
40 0.8 0.048 0.752
34 0.8 0.048 0.752
39 0.8 0.048 0.752
35 0.8 0.048 0.752
10 0.8 0.048 0.752
24 0.8 0.048 0.752
25 0.8 0.048 0.752
1 0.8 0.048 0.752
22 0.8 0.048 0.752
38 0.8 0.048 0.752
37 0.8 0.048 0.752
9 0.8 0.048 0.752
8 0.8 0.048 0.752
19 0.8 0.048 0.752
9 0.752 0.048 0.704
9 0.704 0.16 0.544
9 0.544 0.016 0.528
8 0.752 0.16 0.592
19 0.752 0.16 0.592
31 0.8 0.048 0.752
17 0.8 0.048 0.752
36 0.8 0.048 0.752
7 0.8 0.048 0.752
19 0.743453 0.048 0.695453
21 0.8 0.048 0.752
33 0.8 0.048 0.752
36 0.752 0.048 0.704
36 0.704 0.16 0.544
36 0.544 0.016 0.528
7 0.752 0.16 0.592
19 0.695453 0.16 0.535453
21 0.752 0.16 0.592
33 0.752 0.16 0.592
17 0.8 0.048 0.752
26 0.8 0.048 0.752
31 0.8 0.048 0.752
40 0.8 0.048 0.752
34 0.8 0.048 0.752
39 0.8 0.048 0.752
35 0.8 0.048 0.752
10 0.8 0.048 0.752
24 0.8 0.048 0.752
25 0.8 0.048 0.752
1 0.8 0.048 0.752
22 0.8 0.048 0.752
38 0.8 0.048 0.752
37 0.8 0.048 0.752
31 0.8 0.048 0.752
