45 634 0 100 2.7 1.08212 3.08212
7 645 0 100 2.2 1.94224 3.44224
19 636 0 100 3.7 1.25362 4.25362
24 674 0 100 0.7 4.49449 4.49449
38 669 0 100 1.7 4.14662 5.14662
22 679 0 100 1.2 5.51296 6.01296
18 651 0 100 5.2 2.38758 6.88758
39 686 0 100 1.2 6.6722 7.1722
11 680 0 100 3.2 5.59566 8.09566
53 670 0 100 4.7 4.18003 8.18003
45 685 0 100 2.7 6.36999 8.36999
51 650 0 100 7.2 2.35253 8.85253
19 695 0 100 1.7 8.62104 9.62104
4 684 0 100 4.7 6.01286 10.0129
28 681 0 100 5.2 5.70896 10.209
55 690 0 100 3.2 8.17126 10.6713
50 664 0 100 8.2 3.27976 10.7798
49 677 0 100 6.7 4.94545 10.9455
57 655 0 100 9.2 2.65214 11.1521
57 687 0 100 5.2 6.7979 11.2979
42 635 0 100 11.2 1.1001 11.6001
42 666 0 100 8.7 3.94938 11.9494
8 676 0 100 8.2 4.58921 12.0892
12 694 0 100 4.7 8.59895 12.599
21 657 0 100 10.7 2.96134 12.9613
21 688 0 100 6.2 7.48604 12.986
3 673 0 100 10.2 4.47329 13.9733
3 693 0 100 6.2 8.56896 14.069
46 672 0 100 10.7 4.24953 14.2495
19 682 0 100 9.7 5.77328 14.7733
