8 717 0 100 0.7 2.65804 2.65804
45 715 0 100 2.2 2.34842 3.84842
17 737 0 100 1.2 4.22868 4.72868
9 713 0 100 3.2 2.23035 4.73035
37 719 0 100 2.7 2.94673 4.94673
6 730 0 100 2.7 3.45073 5.45073
23 714 0 100 4.7 2.27977 6.27977
43 753 0 100 0.7 6.4812 6.4812
35 743 0 100 3.2 4.56733 7.06733
56 758 0 100 1.2 7.32931 7.82931
26 740 0 100 4.2 4.51005 8.01005
13 744 0 100 4.2 4.58878 8.08878
46 748 0 100 3.7 5.469 8.469
68 705 0 100 8.7 1.42405 9.42405
39 741 0 100 5.7 4.55566 9.55566
25 721 0 100 7.2 3.13506 9.63506
9 747 0 100 5.7 5.07586 10.0759
9 765 0 100 2.2 8.7136 10.2136
23 746 0 100 7.2 4.94656 11.4466
58 711 0 100 10.2 2.07028 11.5703
2 759 0 100 5.2 7.33312 11.8331
19 734 0 100 8.7 3.96181 11.9618
50 726 0 100 9.7 3.20243 12.2024
18 762 0 100 5.2 8.07127 12.5713
56 742 0 100 9.2 4.55567 13.0557
11 764 0 100 5.7 8.69669 13.6967
10 752 0 100 8.7 6.27288 14.2729
5 728 0 100 12.2 3.3404 14.8404
