58 633
34 633
19 636
20 637
47 637
36 638
56 638
12 638
60 638
28 639
44 639
4 639
31 639
42 635
5 641
26 642
17 642
14 643
57 643
1 643
27 644
54 644
7 645
11 646
10 646
2 647
23 648
6 649
18 651
8 651
37 645
44 652
4 652
56 653
36 653
43 653
55 654
52 654
40 648
59 648
57 655
30 656
48 656
21 657
22 658
45 634
16 660
15 660
40 662
12 656
56 656
37 663
50 664
3 645
4 665
44 665
58 661
7 663
14 658
39 667
41 667
53 670
11 670
12 671
48 671
46 672
24 636
3 673
24 674
19 674
48 675
8 676
41 668
23 662
55 664
38 669
11 680
28 681
19 682
55 683
22 679
35 651
39 686
16 681
57 687
33 640
20 672
8 689
46 640
53 680
40 670
11 691
45 685
28 692
51 650
53 696
19 695
4 684
38 681
16 692
55 690
32 664
49 677
3 693
29 655
22 687
50 683
13 635
26 678
42 666
18 676
35 689
12 694
8 697
27 657
21 688
37 673
51 693
33 672
24 682
