20 84
10 84
1 85
37 85
37 86
6 83
39 83
8 83
29 85
1 86
19 87
34 88
23 89
38 89
26 91
3 91
4 91
17 92
14 92
35 92
27 89
2 95
9 95
13 94
27 97
38 97
40 92
18 84
38 100
12 98
5 87
40 102
29 103
1 103
25 98
25 106
33 108
39 107
30 88
15 88
22 91
19 109
26 110
16 95
31 90
6 107
24 83
7 96
11 93
34 113
37 103
21 101
36 99
27 100
2 115
23 97
38 117
23 117
32 104
13 111
28 105
17 102
29 120
18 116
40 122
20 112
18 112
24 124
5 109
19 121
5 121
25 123
12 106
33 114
30 113
15 113
26 118
22 110
16 115
6 126
39 124
7 119
11 125
37 120
27 117
17 122
