1 1438 0 100 0.9 2.89436 3.79436
2 1436 0 100 1.5 2.76523 4.26523
14 1425 0 100 2.2 2.1107 4.3107
20 1427 0 100 3.2 2.19345 5.39345
7 1454 0 100 1.4 4.06105 5.46105
6 1458 0 100 1.4 4.2375 5.6375
16 1440 0 100 2.7 2.95172 5.65172
19 1423 0 100 3.7 2.04358 5.74358
17 1466 0 100 1.2 4.561 5.761
5 1451 0 100 2.2 3.86118 6.06118
15 1434 0 100 3.5 2.65877 6.15877
13 1455 0 100 2.1 4.09292 6.19292
10 1430 0 100 4.3 2.36678 6.66678
18 1469 0 100 2.4 4.72837 7.12837
12 1426 0 100 5 2.13325 7.13325
9 1461 0 100 3 4.36579 7.36579
3 1460 0 100 3.1 4.34338 7.44338
8 1448 0 100 4.2 3.63207 7.83207
4 1464 0 100 3.6 4.43982 8.03982
11 1463 0 100 4.3 4.41649 8.71649
1 1512 0 100 0.4 8.60004 9.00004
14 1523 0 100 0.3 9.24096 9.54096
2 1489 0 100 3 6.614 9.614
7 1520 0 100 1.6 9.02711 10.6271
6 1501 0 100 3.1 7.71203 10.812
17 1516 0 100 2.3 8.7147 11.0147
19 1507 0 100 2.8 8.27091 11.0709
5 1510 0 100 2.9 8.41348 11.3135
15 1514 0 100 2.8 8.69331 11.4933
13 1528 0 100 1.9 9.60679 11.5068
9 1529 0 100 3 9.6577 12.6577
