20 50 0.048 49.952
10 50 0.048 49.952
20 49.952 0.16 49.792
10 49.952 0.16 49.792
10 49.792 0.048 49.744
20 49.792 0.048 49.744
28 50 0.048 49.952
40 50 0.048 49.952
28 49.952 0.16 49.792
40 49.952 0.16 49.792
40 49.792 0.048 49.744
28 49.792 0.048 49.744
10 50 0.048 49.952
20 50 0.048 49.952
40 49.9279 0.048 49.8799
28 50 0.048 49.952
4 50 0.048 49.952
10 50 0.048 49.952
20 50 0.048 49.952
40 50 0.048 49.952
28 50 0.048 49.952
14 50 0.048 49.952
4 50 0.048 49.952
8 50 0.048 49.952
24 50 0.048 49.952
8 49.952 0.16 49.792
24 49.952 0.16 49.792
24 49.792 0.048 49.744
8 49.792 0.048 49.744
10 50 0.048 49.952
20 50 0.048 49.952
40 50 0.048 49.952
28 50 0.048 49.952
14 50 0.048 49.952
37 50 0.048 49.952
19 50 0.048 49.952
37 49.952 0.16 49.792
19 49.952 0.16 49.792
19 49.792 0.048 49.744
37 49.792 0.048 49.744
4 50 0.048 49.952
24 50 0.048 49.952
8 50 0.048 49.952
10 50 0.048 49.952
20 50 0.048 49.952
40 50 0.048 49.952
8 49.952 0.048 49.904
28 50 0.048 49.952
40 49.952 0.16 49.792
8 49.904 0.16 49.744
8 49.744 0.048 49.696
24 49.952 0.048 49.904
40 49.792 0.048 49.744
28 49.952 0.16 49.792
14 50 0.048 49.952
19 50 0.048 49.952
37 49.8634 0.048 49.8154
4 50 0.048 49.952
24 50 0.048 49.952
8 49.8602 0.048 49.8122
25 50 0.048 49.952
24 49.952 0.16 49.792
8 49.8122 0.16 49.6522
25 49.952 0.16 49.792
25 49.792 0.048 49.744
23 50 0.048 49.952
24 49.792 0.048 49.744
25 49.744 0.16 49.584
23 49.952 0.16 49.792
23 49.792 0.048 49.744
25 49.584 0.048 49.536
24 49.744 0.16 49.584
10 50 0.048 49.952
20 50 0.048 49.952
8 49.6522 0.048 49.6042
24 49.584 0.048 49.536
8 49.6042 0.16 49.4442
24 49.536 0.16 49.376
24 49.376 0.048 49.328
8 49.4442 0.048 49.3962
25 49.536 0.048 49.488
24 49.328 0.16 49.168
8 49.3962 0.16 49.2362
25 49.488 0.16 49.328
25 49.328 0.048 49.28
23 49.744 0.048 49.696
24 49.168 0.048 49.12
14 50 0.048 49.952
19 50 0.048 49.952
37 50 0.048 49.952
35 50 0.048 49.952
13 50 0.048 49.952
35 49.952 0.16 49.792
13 49.952 0.16 49.792
13 49.792 0.048 49.744
11 50 0.048 49.952
35 49.792 0.048 49.744
13 49.744 0.16 49.584
11 49.952 0.16 49.792
11 49.792 0.048 49.744
13 49.584 0.048 49.536
35 49.744 0.16 49.584
4 50 0.048 49.952
23 49.8942 0.048 49.8462
25 49.5138 0.048 49.4658
10 50 0.048 49.952
20 50 0.048 49.952
25 49.4658 0.048 49.4178
23 49.8462 0.048 49.7982
24 49.2667 0.048 49.2187
39 50 0.048 49.952
18 50 0.048 49.952
36 50 0.048 49.952
39 49.952 0.16 49.792
18 49.952 0.16 49.792
18 49.792 0.048 49.744
36 49.952 0.048 49.904
39 49.792 0.048 49.744
18 49.744 0.16 49.584
36 49.904 0.16 49.744
36 49.744 0.16 49.584
36 49.584 0.048 49.536
18 49.584 0.048 49.536
39 49.744 0.048 49.696
39 49.696 0.16 49.536
12 50 0.048 49.952
2 50 0.048 49.952
15 50 0.048 49.952
21 50 0.048 49.952
12 49.952 0.16 49.792
2 49.952 0.16 49.792
15 49.952 0.16 49.792
15 49.792 0.048 49.744
2 49.792 0.048 49.744
12 49.792 0.048 49.744
15 49.744 0.16 49.584
21 49.952 0.16 49.792
2 49.744 0.16 49.584
2 49.584 0.048 49.536
12 49.744 0.048 49.696
15 49.584 0.048 49.536
12 49.696 0.16 49.536
14 50 0.048 49.952
19 50 0.048 49.952
37 50 0.048 49.952
26 50 0.048 49.952
29 50 0.048 49.952
26 49.952 0.16 49.792
29 49.952 0.16 49.792
29 49.792 0.048 49.744
26 49.792 0.048 49.744
11 50 0.048 49.952
13 49.8239 0.048 49.7759
4 50 0.048 49.952
23 49.9537 0.048 49.9057
25 49.6274 0.048 49.5794
10 50 0.048 49.952
20 50 0.048 49.952
25 49.5794 0.048 49.5314
23 49.9057 0.048 49.8577
24 49.57 0.048 49.522
36 49.6957 0.048 49.6477
18 49.7154 0.048 49.6674
39 49.7539 0.048 49.7059
2 49.6656 0.048 49.6176
12 49.6595 0.048 49.6115
15 49.9292 0.048 49.8812
14 50 0.048 49.952
19 50 0.048 49.952
37 50 0.048 49.952
29 49.9066 0.048 49.8586
26 50 0.048 49.952
11 50 0.048 49.952
13 49.9448 0.048 49.8968
4 50 0.048 49.952
5 50 0.048 49.952
23 50 0.048 49.952
25 49.6957 0.048 49.6477
10 50 0.048 49.952
20 50 0.048 49.952
25 49.6477 0.048 49.5997
23 49.952 0.048 49.904
1 50 0.048 49.952
22 50 0.048 49.952
32 50 0.048 49.952
1 49.952 0.16 49.792
22 49.952 0.16 49.792
32 49.952 0.16 49.792
36 49.9072 0.048 49.8592
18 49.8599 0.048 49.8119
39 49.9502 0.048 49.9022
2 49.774 0.048 49.726
12 49.7253 0.048 49.6773
15 50 0.048 49.952
14 50 0.048 49.952
19 50 0.048 49.952
37 50 0.048 49.952
29 50 0.048 49.952
26 50 0.048 49.952
11 50 0.048 49.952
13 50 0.048 49.952
4 50 0.048 49.952
5 50 0.048 49.952
23 50 0.048 49.952
25 49.7294 0.048 49.6814
10 50 0.048 49.952
20 50 0.048 49.952
25 49.6814 0.048 49.6334
23 49.952 0.048 49.904
36 50 0.048 49.952
18 49.9563 0.048 49.9083
39 50 0.048 49.952
2 49.9164 0.048 49.8684
12 50 0.048 49.952
15 50 0.048 49.952
21 50 0.048 49.952
2 49.8684 0.16 49.7084
12 49.952 0.16 49.792
15 49.952 0.16 49.792
21 49.952 0.16 49.792
21 49.792 0.048 49.744
2 49.7084 0.048 49.6604
12 49.792 0.048 49.744
27 50 0.048 49.952
27 49.952 0.16 49.792
14 50 0.048 49.952
19 50 0.048 49.952
37 50 0.048 49.952
29 50 0.048 49.952
26 50 0.048 49.952
11 50 0.048 49.952
13 50 0.048 49.952
4 50 0.048 49.952
5 50 0.048 49.952
23 50 0.048 49.952
25 49.8287 0.048 49.7807
34 50 0.048 49.952
6 50 0.048 49.952
17 50 0.048 49.952
31 50 0.048 49.952
34 49.952 0.16 49.792
6 49.952 0.16 49.792
17 49.952 0.16 49.792
17 49.792 0.048 49.744
31 49.952 0.048 49.904
34 49.792 0.048 49.744
17 49.744 0.16 49.584
31 49.904 0.16 49.744
31 49.744 0.16 49.584
31 49.584 0.048 49.536
17 49.584 0.048 49.536
34 49.744 0.048 49.696
34 49.696 0.16 49.536
10 50 0.048 49.952
20 50 0.048 49.952
25 49.7807 0.048 49.7327
23 49.952 0.048 49.904
36 50 0.048 49.952
18 50 0.048 49.952
39 50 0.048 49.952
21 50 0.048 49.952
2 49.8814 0.048 49.8334
12 50 0.048 49.952
14 50 0.048 49.952
19 50 0.048 49.952
37 50 0.048 49.952
15 49.9043 0.048 49.8563
2 50 0.048 49.952
12 49.952 0.048 49.904
15 49.8563 0.16 49.6963
2 49.952 0.16 49.792
2 49.792 0.048 49.744
12 49.904 0.048 49.856
15 49.6963 0.048 49.6483
21 50 0.048 49.952
2 49.744 0.16 49.584
12 49.856 0.16 49.696
12 49.696 0.16 49.536
12 49.536 0.048 49.488
2 49.584 0.048 49.536
15 49.6483 0.048 49.6003
21 49.952 0.048 49.904
15 49.6003 0.16 49.4403
21 49.904 0.16 49.744
29 50 0.048 49.952
26 50 0.048 49.952
11 50 0.048 49.952
13 50 0.048 49.952
4 50 0.048 49.952
5 50 0.048 49.952
23 50 0.048 49.952
25 49.898 0.048 49.85
31 49.6544 0.048 49.6064
17 49.8197 0.048 49.7717
34 49.6758 0.048 49.6278
10 50 0.048 49.952
20 50 0.048 49.952
25 49.85 0.048 49.802
23 49.952 0.048 49.904
36 50 0.048 49.952
18 50 0.048 49.952
39 50 0.048 49.952
21 49.744 0.048 49.696
2 49.536 0.048 49.488
12 49.8326 0.048 49.7846
15 49.685 0.048 49.637
14 50 0.048 49.952
19 50 0.048 49.952
37 50 0.048 49.952
12 49.7846 0.048 49.7366
2 49.6437 0.048 49.5957
15 49.637 0.048 49.589
21 49.9559 0.048 49.9079
29 50 0.048 49.952
26 50 0.048 49.952
11 50 0.048 49.952
13 50 0.048 49.952
4 50 0.048 49.952
5 50 0.048 49.952
23 50 0.048 49.952
25 50 0.048 49.952
31 49.7709 0.048 49.7229
17 49.9696 0.048 49.9216
34 49.8467 0.048 49.7987
10 50 0.048 49.952
20 50 0.048 49.952
25 49.952 0.048 49.904
23 49.952 0.048 49.904
36 50 0.048 49.952
18 50 0.048 49.952
39 50 0.048 49.952
21 49.9079 0.048 49.8599
12 50 0.048 49.952
14 50 0.048 49.952
19 50 0.048 49.952
37 50 0.048 49.952
12 49.952 0.048 49.904
2 49.7051 0.048 49.6571
15 49.8188 0.048 49.7708
21 50 0.048 49.952
29 50 0.048 49.952
26 50 0.048 49.952
11 50 0.048 49.952
13 50 0.048 49.952
4 50 0.048 49.952
5 50 0.048 49.952
23 50 0.048 49.952
25 50 0.048 49.952
31 49.8581 0.048 49.8101
17 50 0.048 49.952
34 50 0.048 49.952
10 50 0.048 49.952
20 50 0.048 49.952
25 49.952 0.048 49.904
23 49.952 0.048 49.904
36 50 0.048 49.952
18 50 0.048 49.952
39 50 0.048 49.952
21 49.952 0.048 49.904
2 49.6571 0.048 49.6091
12 50 0.048 49.952
15 49.981 0.048 49.933
14 50 0.048 49.952
19 50 0.048 49.952
37 50 0.048 49.952
12 49.952 0.048 49.904
2 49.899 0.048 49.851
15 49.933 0.048 49.885
21 50 0.048 49.952
29 50 0.048 49.952
26 50 0.048 49.952
11 50 0.048 49.952
13 50 0.048 49.952
4 50 0.048 49.952
5 50 0.048 49.952
23 50 0.048 49.952
25 50 0.048 49.952
31 50 0.048 49.952
17 50 0.048 49.952
34 50 0.048 49.952
10 50 0.048 49.952
20 50 0.048 49.952
25 49.952 0.048 49.904
23 49.952 0.048 49.904
36 50 0.048 49.952
18 50 0.048 49.952
39 50 0.048 49.952
21 49.952 0.048 49.904
2 49.851 0.048 49.803
12 50 0.048 49.952
15 50 0.048 49.952
21 49.904 0.16 49.744
2 49.803 0.16 49.643
12 49.952 0.16 49.792
15 49.952 0.16 49.792
14 50 0.048 49.952
19 50 0.048 49.952
37 50 0.048 49.952
12 49.792 0.048 49.744
2 49.9523 0.048 49.9043
15 49.792 0.048 49.744
21 50 0.048 49.952
12 49.744 0.16 49.584
2 49.9043 0.16 49.7443
15 49.744 0.16 49.584
21 49.952 0.16 49.792
29 50 0.048 49.952
26 50 0.048 49.952
11 50 0.048 49.952
13 50 0.048 49.952
32 50 0.048 49.952
1 50 0.048 49.952
22 50 0.048 49.952
32 49.952 0.16 49.792
1 49.952 0.16 49.792
1 49.792 0.048 49.744
22 49.952 0.048 49.904
32 49.792 0.048 49.744
1 49.744 0.16 49.584
22 49.904 0.16 49.744
22 49.744 0.16 49.584
22 49.584 0.048 49.536
1 49.584 0.048 49.536
32 49.744 0.048 49.696
32 49.696 0.16 49.536
4 50 0.048 49.952
16 50 0.048 49.952
7 50 0.048 49.952
16 49.952 0.16 49.792
7 49.952 0.16 49.792
7 49.792 0.048 49.744
16 49.792 0.048 49.744
33 50 0.048 49.952
9 50 0.048 49.952
33 49.952 0.16 49.792
9 49.952 0.16 49.792
9 49.792 0.048 49.744
33 49.792 0.048 49.744
5 50 0.048 49.952
23 50 0.048 49.952
25 50 0.048 49.952
31 50 0.048 49.952
17 50 0.048 49.952
34 50 0.048 49.952
10 50 0.048 49.952
20 50 0.048 49.952
25 49.952 0.048 49.904
23 49.952 0.048 49.904
36 50 0.048 49.952
18 50 0.048 49.952
39 50 0.048 49.952
14 50 0.048 49.952
19 50 0.048 49.952
37 50 0.048 49.952
29 50 0.048 49.952
26 50 0.048 49.952
11 50 0.048 49.952
13 50 0.048 49.952
22 49.9098 0.048 49.8618
1 49.9257 0.048 49.8777
32 49.7016 0.048 49.6536
4 50 0.048 49.952
7 49.8808 0.048 49.8328
9 50 0.048 49.952
16 49.9433 0.048 49.8953
9 49.952 0.048 49.904
33 50 0.048 49.952
5 50 0.048 49.952
23 50 0.048 49.952
25 50 0.048 49.952
31 50 0.048 49.952
17 50 0.048 49.952
34 50 0.048 49.952
10 50 0.048 49.952
20 50 0.048 49.952
25 49.952 0.048 49.904
23 49.952 0.048 49.904
36 50 0.048 49.952
18 50 0.048 49.952
39 50 0.048 49.952
14 50 0.048 49.952
19 50 0.048 49.952
37 50 0.048 49.952
29 50 0.048 49.952
26 50 0.048 49.952
11 50 0.048 49.952
13 50 0.048 49.952
22 50 0.048 49.952
1 50 0.048 49.952
32 49.9745 0.048 49.9265
4 50 0.048 49.952
7 50 0.048 49.952
16 50 0.048 49.952
9 50 0.048 49.952
33 50 0.048 49.952
5 50 0.048 49.952
23 50 0.048 49.952
25 50 0.048 49.952
31 50 0.048 49.952
17 50 0.048 49.952
34 50 0.048 49.952
10 50 0.048 49.952
20 50 0.048 49.952
25 49.952 0.048 49.904
23 49.952 0.048 49.904
36 50 0.048 49.952
18 50 0.048 49.952
39 50 0.048 49.952
14 50 0.048 49.952
19 50 0.048 49.952
37 50 0.048 49.952
19 49.952 0.16 49.792
37 49.952 0.16 49.792
29 50 0.048 49.952
26 50 0.048 49.952
11 50 0.048 49.952
13 50 0.048 49.952
22 50 0.048 49.952
1 50 0.048 49.952
32 50 0.048 49.952
4 50 0.048 49.952
7 50 0.048 49.952
9 50 0.048 49.952
16 50 0.048 49.952
9 49.952 0.048 49.904
7 49.952 0.048 49.904
33 50 0.048 49.952
5 50 0.048 49.952
23 50 0.048 49.952
25 50 0.048 49.952
31 50 0.048 49.952
17 50 0.048 49.952
34 50 0.048 49.952
10 50 0.048 49.952
20 50 0.048 49.952
25 49.952 0.048 49.904
23 49.952 0.048 49.904
36 50 0.048 49.952
18 50 0.048 49.952
39 50 0.048 49.952
14 50 0.048 49.952
29 50 0.048 49.952
26 50 0.048 49.952
11 50 0.048 49.952
13 50 0.048 49.952
22 50 0.048 49.952
1 50 0.048 49.952
32 50 0.048 49.952
4 50 0.048 49.952
7 50 0.048 49.952
9 50 0.048 49.952
16 50 0.048 49.952
9 49.952 0.048 49.904
7 49.952 0.048 49.904
33 50 0.048 49.952
5 50 0.048 49.952
23 50 0.048 49.952
25 50 0.048 49.952
31 50 0.048 49.952
17 50 0.048 49.952
34 50 0.048 49.952
10 50 0.048 49.952
20 50 0.048 49.952
25 49.952 0.048 49.904
23 49.952 0.048 49.904
24 50 0.048 49.952
8 50 0.048 49.952
24 49.952 0.16 49.792
8 49.952 0.16 49.792
8 49.792 0.048 49.744
24 49.792 0.048 49.744
40 50 0.048 49.952
8 49.744 0.16 49.584
24 49.744 0.16 49.584
40 49.952 0.16 49.792
40 49.792 0.048 49.744
8 49.584 0.048 49.536
28 50 0.048 49.952
40 49.744 0.16 49.584
8 49.536 0.16 49.376
28 49.952 0.16 49.792
28 49.792 0.048 49.744
40 49.584 0.048 49.536
36 50 0.048 49.952
18 50 0.048 49.952
39 50 0.048 49.952
14 50 0.048 49.952
29 50 0.048 49.952
26 50 0.048 49.952
11 50 0.048 49.952
13 50 0.048 49.952
22 50 0.048 49.952
1 50 0.048 49.952
32 50 0.048 49.952
4 50 0.048 49.952
7 50 0.048 49.952
9 50 0.048 49.952
16 50 0.048 49.952
9 49.952 0.048 49.904
7 49.952 0.048 49.904
33 50 0.048 49.952
5 50 0.048 49.952
23 50 0.048 49.952
25 50 0.048 49.952
31 50 0.048 49.952
17 50 0.048 49.952
34 50 0.048 49.952
10 50 0.048 49.952
20 50 0.048 49.952
25 49.952 0.048 49.904
23 49.952 0.048 49.904
28 50 0.048 49.952
40 49.7358 0.048 49.6878
36 50 0.048 49.952
18 50 0.048 49.952
39 50 0.048 49.952
36 49.952 0.16 49.792
18 49.952 0.16 49.792
39 49.952 0.16 49.792
14 50 0.048 49.952
29 50 0.048 49.952
26 50 0.048 49.952
11 50 0.048 49.952
13 50 0.048 49.952
22 50 0.048 49.952
1 50 0.048 49.952
32 50 0.048 49.952
4 50 0.048 49.952
7 50 0.048 49.952
9 50 0.048 49.952
16 50 0.048 49.952
33 50 0.048 49.952
7 49.952 0.16 49.792
9 49.952 0.16 49.792
16 49.952 0.16 49.792
33 49.952 0.16 49.792
33 49.792 0.048 49.744
7 49.792 0.048 49.744
9 49.792 0.048 49.744
9 49.744 0.048 49.696
7 49.744 0.048 49.696
33 49.744 0.048 49.696
9 49.696 0.16 49.536
7 49.696 0.16 49.536
7 49.536 0.048 49.488
9 49.536 0.048 49.488
16 49.792 0.048 49.744
33 49.696 0.048 49.648
7 49.488 0.16 49.328
33 49.648 0.16 49.488
9 49.488 0.16 49.328
16 49.744 0.16 49.584
16 49.584 0.048 49.536
7 49.328 0.048 49.28
33 49.488 0.16 49.328
5 50 0.048 49.952
30 50 0.048 49.952
3 50 0.048 49.952
30 49.952 0.16 49.792
3 49.952 0.16 49.792
3 49.792 0.048 49.744
30 49.792 0.048 49.744
23 50 0.048 49.952
25 50 0.048 49.952
31 50 0.048 49.952
17 50 0.048 49.952
34 50 0.048 49.952
10 50 0.048 49.952
20 50 0.048 49.952
25 49.952 0.048 49.904
23 49.952 0.048 49.904
28 50 0.048 49.952
40 49.9134 0.048 49.8654
14 50 0.048 49.952
29 50 0.048 49.952
26 50 0.048 49.952
11 50 0.048 49.952
13 50 0.048 49.952
22 50 0.048 49.952
1 50 0.048 49.952
32 50 0.048 49.952
4 50 0.048 49.952
33 49.6505 0.048 49.6025
7 49.5331 0.048 49.4851
9 49.4436 0.048 49.3956
33 49.6025 0.16 49.4425
7 49.4851 0.16 49.3251
9 49.3956 0.16 49.2356
9 49.2356 0.048 49.1876
7 49.3251 0.048 49.2771
33 49.4425 0.048 49.3945
16 49.6833 0.048 49.6353
7 49.2771 0.048 49.2291
5 50 0.048 49.952
3 49.8743 0.048 49.8263
30 49.9794 0.048 49.9314
23 50 0.048 49.952
25 50 0.048 49.952
31 50 0.048 49.952
17 50 0.048 49.952
34 50 0.048 49.952
10 50 0.048 49.952
20 50 0.048 49.952
25 49.952 0.048 49.904
23 49.952 0.048 49.904
28 50 0.048 49.952
40 50 0.048 49.952
14 50 0.048 49.952
29 50 0.048 49.952
26 50 0.048 49.952
11 50 0.048 49.952
13 50 0.048 49.952
22 50 0.048 49.952
1 50 0.048 49.952
32 50 0.048 49.952
4 50 0.048 49.952
9 49.4129 0.048 49.3649
7 49.3412 0.048 49.2932
33 49.7711 0.048 49.7231
16 49.9827 0.048 49.9347
7 49.2932 0.048 49.2452
5 50 0.048 49.952
3 50 0.048 49.952
30 50 0.048 49.952
23 50 0.048 49.952
25 50 0.048 49.952
31 50 0.048 49.952
17 50 0.048 49.952
34 50 0.048 49.952
10 50 0.048 49.952
20 50 0.048 49.952
25 49.952 0.048 49.904
23 49.952 0.048 49.904
28 50 0.048 49.952
40 50 0.048 49.952
7 49.5128 0.048 49.4648
9 49.3649 0.048 49.3169
16 49.9347 0.048 49.8867
14 50 0.048 49.952
29 50 0.048 49.952
26 50 0.048 49.952
11 50 0.048 49.952
13 50 0.048 49.952
22 50 0.048 49.952
1 50 0.048 49.952
32 50 0.048 49.952
4 50 0.048 49.952
9 49.6073 0.048 49.5593
7 49.4648 0.048 49.4168
33 50 0.048 49.952
16 50 0.048 49.952
7 49.4168 0.048 49.3688
5 50 0.048 49.952
3 50 0.048 49.952
30 50 0.048 49.952
23 50 0.048 49.952
25 50 0.048 49.952
31 50 0.048 49.952
17 50 0.048 49.952
34 50 0.048 49.952
10 50 0.048 49.952
20 50 0.048 49.952
25 49.952 0.048 49.904
23 49.952 0.048 49.904
28 50 0.048 49.952
40 50 0.048 49.952
7 49.6734 0.048 49.6254
9 49.5593 0.048 49.5113
16 49.952 0.048 49.904
14 50 0.048 49.952
29 50 0.048 49.952
26 50 0.048 49.952
11 50 0.048 49.952
13 50 0.048 49.952
22 50 0.048 49.952
1 50 0.048 49.952
32 50 0.048 49.952
4 50 0.048 49.952
9 49.7116 0.048 49.6636
7 49.6254 0.048 49.5774
33 50 0.048 49.952
16 50 0.048 49.952
7 49.5774 0.048 49.5294
5 50 0.048 49.952
3 50 0.048 49.952
30 50 0.048 49.952
23 50 0.048 49.952
25 50 0.048 49.952
31 50 0.048 49.952
17 50 0.048 49.952
34 50 0.048 49.952
10 50 0.048 49.952
20 50 0.048 49.952
25 49.952 0.048 49.904
23 49.952 0.048 49.904
24 50 0.048 49.952
28 50 0.048 49.952
40 50 0.048 49.952
6 50 0.048 49.952
18 50 0.048 49.952
36 50 0.048 49.952
39 50 0.048 49.952
18 49.952 0.16 49.792
36 49.952 0.16 49.792
36 49.792 0.048 49.744
18 49.792 0.048 49.744
39 49.952 0.048 49.904
36 49.744 0.16 49.584
39 49.904 0.16 49.744
18 49.744 0.16 49.584
39 49.744 0.16 49.584
39 49.584 0.048 49.536
18 49.584 0.048 49.536
36 49.584 0.048 49.536
7 49.732 0.048 49.684
9 49.6636 0.048 49.6156
16 49.952 0.048 49.904
14 50 0.048 49.952
19 50 0.048 49.952
37 50 0.048 49.952
19 49.952 0.16 49.792
37 49.952 0.16 49.792
37 49.792 0.048 49.744
19 49.792 0.048 49.744
13 50 0.048 49.952
11 50 0.048 49.952
35 50 0.048 49.952
13 49.952 0.16 49.792
11 49.952 0.16 49.792
35 49.952 0.16 49.792
35 49.792 0.048 49.744
13 49.792 0.048 49.744
29 50 0.048 49.952
26 50 0.048 49.952
29 49.952 0.16 49.792
26 49.952 0.16 49.792
2 50 0.048 49.952
12 50 0.048 49.952
15 50 0.048 49.952
21 50 0.048 49.952
2 49.952 0.16 49.792
12 49.952 0.16 49.792
15 49.952 0.16 49.792
15 49.792 0.048 49.744
2 49.792 0.048 49.744
12 49.792 0.048 49.744
15 49.744 0.16 49.584
21 49.952 0.16 49.792
2 49.744 0.16 49.584
12 49.744 0.16 49.584
12 49.584 0.048 49.536
2 49.584 0.048 49.536
15 49.584 0.048 49.536
21 49.792 0.048 49.744
12 49.536 0.16 49.376
2 49.536 0.16 49.376
15 49.536 0.16 49.376
21 49.744 0.16 49.584
21 49.584 0.048 49.536
2 49.376 0.048 49.328
12 49.376 0.048 49.328
11 49.792 0.048 49.744
13 49.744 0.048 49.696
22 50 0.048 49.952
1 50 0.048 49.952
32 50 0.048 49.952
4 50 0.048 49.952
9 49.9876 0.048 49.9396
7 49.684 0.048 49.636
33 50 0.048 49.952
16 50 0.048 49.952
7 49.636 0.048 49.588
5 50 0.048 49.952
3 50 0.048 49.952
30 50 0.048 49.952
23 50 0.048 49.952
25 50 0.048 49.952
31 50 0.048 49.952
17 50 0.048 49.952
34 50 0.048 49.952
29 49.792 0.048 49.744
26 49.792 0.048 49.744
29 49.744 0.16 49.584
26 49.744 0.16 49.584
10 50 0.048 49.952
20 50 0.048 49.952
25 49.952 0.048 49.904
23 49.952 0.048 49.904
24 50 0.048 49.952
38 50 0.048 49.952
28 50 0.048 49.952
40 50 0.048 49.952
6 50 0.048 49.952
39 49.6408 0.048 49.5928
18 49.7262 0.048 49.6782
36 49.7666 0.048 49.7186
7 49.8497 0.048 49.8017
9 49.9396 0.048 49.8916
16 49.952 0.048 49.904
14 50 0.048 49.952
37 49.9992 0.048 49.9512
19 50 0.048 49.952
35 50 0.048 49.952
13 49.876 0.048 49.828
21 49.6868 0.048 49.6388
2 49.5923 0.048 49.5443
12 49.4474 0.048 49.3994
11 50 0.048 49.952
13 49.828 0.048 49.78
22 50 0.048 49.952
1 50 0.048 49.952
32 50 0.048 49.952
4 50 0.048 49.952
9 50 0.048 49.952
7 49.8017 0.048 49.7537
33 50 0.048 49.952
16 50 0.048 49.952
7 49.7537 0.048 49.7057
5 50 0.048 49.952
3 50 0.048 49.952
30 50 0.048 49.952
23 50 0.048 49.952
25 50 0.048 49.952
31 50 0.048 49.952
17 50 0.048 49.952
34 50 0.048 49.952
10 50 0.048 49.952
20 50 0.048 49.952
25 49.952 0.048 49.904
23 49.952 0.048 49.904
38 50 0.048 49.952
28 50 0.048 49.952
40 50 0.048 49.952
6 50 0.048 49.952
39 49.843 0.048 49.795
18 50 0.048 49.952
36 49.8835 0.048 49.8355
7 50 0.048 49.952
9 49.952 0.048 49.904
16 49.952 0.048 49.904
14 50 0.048 49.952
37 50 0.048 49.952
19 50 0.048 49.952
35 50 0.048 49.952
13 49.9928 0.048 49.9448
26 49.8212 0.048 49.7732
29 50 0.048 49.952
26 49.7732 0.16 49.6132
29 49.952 0.16 49.792
29 49.792 0.048 49.744
26 49.6132 0.048 49.5652
21 50 0.048 49.952
12 49.789 0.048 49.741
11 50 0.048 49.952
13 49.9448 0.048 49.8968
22 50 0.048 49.952
1 50 0.048 49.952
32 50 0.048 49.952
4 50 0.048 49.952
9 50 0.048 49.952
7 49.952 0.048 49.904
33 50 0.048 49.952
16 50 0.048 49.952
7 49.904 0.048 49.856
5 50 0.048 49.952
3 50 0.048 49.952
30 50 0.048 49.952
23 50 0.048 49.952
25 50 0.048 49.952
31 50 0.048 49.952
17 50 0.048 49.952
34 50 0.048 49.952
10 50 0.048 49.952
20 50 0.048 49.952
17 50 0.048 49.952
31 49.952 0.048 49.904
34 49.952 0.048 49.904
17 49.952 0.16 49.792
31 49.904 0.16 49.744
34 49.904 0.16 49.744
34 49.744 0.048 49.696
17 49.792 0.048 49.744
31 49.744 0.048 49.696
25 49.952 0.048 49.904
23 49.952 0.048 49.904
38 50 0.048 49.952
28 50 0.048 49.952
40 50 0.048 49.952
6 50 0.048 49.952
6 49.952 0.16 49.792
39 49.9405 0.048 49.8925
18 50 0.048 49.952
36 49.9594 0.048 49.9114
7 50 0.048 49.952
9 49.952 0.048 49.904
16 49.952 0.048 49.904
14 50 0.048 49.952
37 50 0.048 49.952
19 50 0.048 49.952
35 50 0.048 49.952
13 50 0.048 49.952
29 50 0.048 49.952
26 49.666 0.048 49.618
21 50 0.048 49.952
12 49.9642 0.048 49.9162
11 50 0.048 49.952
13 49.952 0.048 49.904
22 50 0.048 49.952
1 50 0.048 49.952
32 50 0.048 49.952
4 50 0.048 49.952
9 50 0.048 49.952
7 49.952 0.048 49.904
33 50 0.048 49.952
16 50 0.048 49.952
7 49.904 0.048 49.856
5 50 0.048 49.952
3 50 0.048 49.952
30 50 0.048 49.952
23 50 0.048 49.952
25 50 0.048 49.952
31 49.8101 0.048 49.7621
17 49.744 0.048 49.696
34 49.923 0.048 49.875
10 50 0.048 49.952
20 50 0.048 49.952
34 49.875 0.048 49.827
17 50 0.048 49.952
31 49.7621 0.048 49.7141
34 49.827 0.16 49.667
17 49.952 0.16 49.792
31 49.7141 0.16 49.5541
25 49.952 0.048 49.904
23 49.952 0.048 49.904
24 50 0.048 49.952
38 50 0.048 49.952
28 50 0.048 49.952
40 50 0.048 49.952
39 50 0.048 49.952
18 50 0.048 49.952
36 50 0.048 49.952
7 50 0.048 49.952
9 49.952 0.048 49.904
16 49.952 0.048 49.904
14 50 0.048 49.952
37 50 0.048 49.952
19 50 0.048 49.952
35 50 0.048 49.952
13 50 0.048 49.952
29 50 0.048 49.952
26 50 0.048 49.952
21 50 0.048 49.952
12 50 0.048 49.952
11 50 0.048 49.952
13 49.952 0.048 49.904
22 50 0.048 49.952
1 50 0.048 49.952
32 50 0.048 49.952
4 50 0.048 49.952
9 50 0.048 49.952
7 49.952 0.048 49.904
33 50 0.048 49.952
16 50 0.048 49.952
7 49.904 0.048 49.856
8 50 0.048 49.952
24 50 0.048 49.952
8 49.952 0.16 49.792
24 49.952 0.16 49.792
24 49.792 0.048 49.744
8 49.792 0.048 49.744
25 50 0.048 49.952
5 50 0.048 49.952
3 50 0.048 49.952
30 50 0.048 49.952
23 50 0.048 49.952
25 49.952 0.048 49.904
31 49.7592 0.048 49.7112
17 49.792 0.048 49.744
34 49.774 0.048 49.726
31 49.7112 0.16 49.5512
17 49.744 0.16 49.584
34 49.726 0.16 49.566
10 50 0.048 49.952
20 50 0.048 49.952
25 49.904 0.048 49.856
23 49.952 0.048 49.904
24 49.744 0.048 49.696
38 50 0.048 49.952
28 50 0.048 49.952
40 50 0.048 49.952
39 50 0.048 49.952
18 50 0.048 49.952
36 50 0.048 49.952
7 50 0.048 49.952
9 49.952 0.048 49.904
16 49.952 0.048 49.904
14 50 0.048 49.952
37 50 0.048 49.952
19 50 0.048 49.952
35 50 0.048 49.952
13 50 0.048 49.952
29 50 0.048 49.952
26 50 0.048 49.952
21 50 0.048 49.952
12 50 0.048 49.952
11 50 0.048 49.952
13 49.952 0.048 49.904
22 50 0.048 49.952
1 50 0.048 49.952
32 50 0.048 49.952
4 50 0.048 49.952
9 50 0.048 49.952
7 49.952 0.048 49.904
33 50 0.048 49.952
16 50 0.048 49.952
7 49.904 0.048 49.856
24 49.9408 0.048 49.8928
8 49.9131 0.048 49.8651
5 50 0.048 49.952
3 50 0.048 49.952
30 50 0.048 49.952
23 50 0.048 49.952
25 50 0.048 49.952
10 50 0.048 49.952
20 50 0.048 49.952
25 49.952 0.048 49.904
23 49.952 0.048 49.904
38 50 0.048 49.952
28 50 0.048 49.952
40 50 0.048 49.952
39 50 0.048 49.952
18 50 0.048 49.952
36 50 0.048 49.952
7 50 0.048 49.952
9 49.952 0.048 49.904
16 49.952 0.048 49.904
14 50 0.048 49.952
37 50 0.048 49.952
19 50 0.048 49.952
35 50 0.048 49.952
13 50 0.048 49.952
29 50 0.048 49.952
26 50 0.048 49.952
21 50 0.048 49.952
12 50 0.048 49.952
11 50 0.048 49.952
13 49.952 0.048 49.904
22 50 0.048 49.952
1 50 0.048 49.952
32 50 0.048 49.952
4 50 0.048 49.952
9 50 0.048 49.952
7 49.952 0.048 49.904
33 50 0.048 49.952
16 50 0.048 49.952
7 49.904 0.048 49.856
24 50 0.048 49.952
8 50 0.048 49.952
5 50 0.048 49.952
3 50 0.048 49.952
30 50 0.048 49.952
23 50 0.048 49.952
25 50 0.048 49.952
10 50 0.048 49.952
20 50 0.048 49.952
25 49.952 0.048 49.904
23 49.952 0.048 49.904
38 50 0.048 49.952
28 50 0.048 49.952
40 50 0.048 49.952
12 49.952 0.048 49.904
2 50 0.048 49.952
15 50 0.048 49.952
21 49.952 0.048 49.904
12 49.904 0.16 49.744
2 49.952 0.16 49.792
2 49.792 0.048 49.744
12 49.744 0.048 49.696
15 49.952 0.048 49.904
2 49.744 0.16 49.584
15 49.904 0.16 49.744
21 49.904 0.16 49.744
12 49.696 0.16 49.536
15 49.744 0.16 49.584
15 49.584 0.048 49.536
2 49.584 0.048 49.536
12 49.536 0.048 49.488
39 50 0.048 49.952
18 50 0.048 49.952
36 50 0.048 49.952
7 50 0.048 49.952
9 49.952 0.048 49.904
16 49.952 0.048 49.904
14 50 0.048 49.952
37 50 0.048 49.952
19 50 0.048 49.952
35 50 0.048 49.952
13 50 0.048 49.952
35 49.952 0.16 49.792
13 49.952 0.16 49.792
29 50 0.048 49.952
26 50 0.048 49.952
21 50 0.048 49.952
12 49.7558 0.048 49.7078
11 50 0.048 49.952
13 49.792 0.048 49.744
22 50 0.048 49.952
1 50 0.048 49.952
32 50 0.048 49.952
4 50 0.048 49.952
9 50 0.048 49.952
7 49.952 0.048 49.904
33 50 0.048 49.952
16 50 0.048 49.952
7 49.904 0.048 49.856
24 50 0.048 49.952
8 50 0.048 49.952
5 50 0.048 49.952
3 50 0.048 49.952
30 50 0.048 49.952
23 50 0.048 49.952
25 50 0.048 49.952
10 50 0.048 49.952
20 50 0.048 49.952
25 49.952 0.048 49.904
23 49.952 0.048 49.904
24 49.952 0.048 49.904
38 50 0.048 49.952
28 50 0.048 49.952
40 50 0.048 49.952
15 49.8892 0.048 49.8412
2 49.6646 0.048 49.6166
12 49.7078 0.048 49.6598
39 50 0.048 49.952
18 50 0.048 49.952
36 50 0.048 49.952
7 50 0.048 49.952
9 49.952 0.048 49.904
16 49.952 0.048 49.904
14 50 0.048 49.952
37 50 0.048 49.952
19 50 0.048 49.952
29 50 0.048 49.952
26 50 0.048 49.952
21 50 0.048 49.952
12 49.8613 0.048 49.8133
11 50 0.048 49.952
13 50 0.048 49.952
11 49.952 0.16 49.792
13 49.952 0.16 49.792
22 50 0.048 49.952
1 50 0.048 49.952
32 50 0.048 49.952
4 50 0.048 49.952
9 50 0.048 49.952
7 49.952 0.048 49.904
33 50 0.048 49.952
16 50 0.048 49.952
24 50 0.048 49.952
8 50 0.048 49.952
5 50 0.048 49.952
3 50 0.048 49.952
30 50 0.048 49.952
23 50 0.048 49.952
25 50 0.048 49.952
10 50 0.048 49.952
20 50 0.048 49.952
25 49.952 0.048 49.904
23 49.952 0.048 49.904
38 50 0.048 49.952
28 50 0.048 49.952
40 50 0.048 49.952
15 50 0.048 49.952
2 49.8226 0.048 49.7746
12 49.8133 0.048 49.7653
39 50 0.048 49.952
18 50 0.048 49.952
36 50 0.048 49.952
7 50 0.048 49.952
9 49.952 0.048 49.904
14 50 0.048 49.952
37 50 0.048 49.952
19 50 0.048 49.952
29 50 0.048 49.952
26 50 0.048 49.952
21 50 0.048 49.952
12 49.9164 0.048 49.8684
22 50 0.048 49.952
1 50 0.048 49.952
32 50 0.048 49.952
4 50 0.048 49.952
9 50 0.048 49.952
7 49.952 0.048 49.904
33 50 0.048 49.952
16 50 0.048 49.952
24 50 0.048 49.952
8 50 0.048 49.952
5 50 0.048 49.952
3 50 0.048 49.952
30 50 0.048 49.952
23 50 0.048 49.952
25 50 0.048 49.952
10 50 0.048 49.952
20 50 0.048 49.952
25 49.952 0.048 49.904
23 49.952 0.048 49.904
38 50 0.048 49.952
28 50 0.048 49.952
40 50 0.048 49.952
15 50 0.048 49.952
2 50 0.048 49.952
12 49.8684 0.048 49.8204
39 50 0.048 49.952
18 50 0.048 49.952
36 50 0.048 49.952
7 50 0.048 49.952
14 50 0.048 49.952
37 50 0.048 49.952
19 50 0.048 49.952
29 50 0.048 49.952
26 50 0.048 49.952
21 50 0.048 49.952
12 49.9706 0.048 49.9226
22 50 0.048 49.952
1 50 0.048 49.952
32 50 0.048 49.952
4 50 0.048 49.952
9 50 0.048 49.952
33 50 0.048 49.952
16 50 0.048 49.952
24 50 0.048 49.952
8 50 0.048 49.952
5 50 0.048 49.952
20 50 0.048 49.952
10 50 0.048 49.952
3 50 0.048 49.952
30 50 0.048 49.952
23 50 0.048 49.952
25 50 0.048 49.952
1 49.952 0.048 49.904
22 50 0.048 49.952
32 49.952 0.048 49.904
1 49.904 0.16 49.744
22 49.952 0.16 49.792
32 49.904 0.16 49.744
32 49.744 0.048 49.696
1 49.744 0.048 49.696
22 49.792 0.048 49.744
10 49.952 0.048 49.904
20 49.952 0.048 49.904
25 49.952 0.048 49.904
23 49.952 0.048 49.904
38 50 0.048 49.952
28 50 0.048 49.952
40 50 0.048 49.952
15 50 0.048 49.952
2 50 0.048 49.952
12 49.9226 0.048 49.8746
39 50 0.048 49.952
18 50 0.048 49.952
36 50 0.048 49.952
7 50 0.048 49.952
14 50 0.048 49.952
14 49.952 0.16 49.792
37 50 0.048 49.952
19 50 0.048 49.952
29 50 0.048 49.952
26 50 0.048 49.952
21 50 0.048 49.952
12 50 0.048 49.952
22 49.744 0.048 49.696
1 49.946 0.048 49.898
32 50 0.048 49.952
4 50 0.048 49.952
9 50 0.048 49.952
33 50 0.048 49.952
16 50 0.048 49.952
24 50 0.048 49.952
8 50 0.048 49.952
5 50 0.048 49.952
20 50 0.048 49.952
10 50 0.048 49.952
3 50 0.048 49.952
30 50 0.048 49.952
23 50 0.048 49.952
25 50 0.048 49.952
32 49.952 0.048 49.904
1 49.898 0.048 49.85
22 50 0.048 49.952
10 49.952 0.048 49.904
20 49.952 0.048 49.904
25 49.952 0.048 49.904
23 49.952 0.048 49.904
38 50 0.048 49.952
28 50 0.048 49.952
40 50 0.048 49.952
15 50 0.048 49.952
2 50 0.048 49.952
12 49.952 0.048 49.904
39 50 0.048 49.952
18 50 0.048 49.952
36 50 0.048 49.952
7 50 0.048 49.952
37 50 0.048 49.952
19 50 0.048 49.952
29 50 0.048 49.952
26 50 0.048 49.952
21 50 0.048 49.952
12 50 0.048 49.952
22 49.952 0.048 49.904
1 49.965 0.048 49.917
32 50 0.048 49.952
4 50 0.048 49.952
9 50 0.048 49.952
33 50 0.048 49.952
16 50 0.048 49.952
16 49.952 0.16 49.792
24 50 0.048 49.952
8 50 0.048 49.952
5 50 0.048 49.952
20 50 0.048 49.952
10 50 0.048 49.952
3 50 0.048 49.952
30 50 0.048 49.952
23 50 0.048 49.952
25 50 0.048 49.952
32 49.952 0.048 49.904
1 49.917 0.048 49.869
22 50 0.048 49.952
10 49.952 0.048 49.904
20 49.952 0.048 49.904
25 49.952 0.048 49.904
23 49.952 0.048 49.904
38 50 0.048 49.952
28 50 0.048 49.952
40 50 0.048 49.952
15 50 0.048 49.952
2 50 0.048 49.952
12 49.952 0.048 49.904
39 50 0.048 49.952
18 50 0.048 49.952
36 50 0.048 49.952
7 50 0.048 49.952
37 50 0.048 49.952
19 50 0.048 49.952
29 50 0.048 49.952
26 50 0.048 49.952
21 50 0.048 49.952
12 50 0.048 49.952
22 49.952 0.048 49.904
1 50 0.048 49.952
32 50 0.048 49.952
4 50 0.048 49.952
9 50 0.048 49.952
33 50 0.048 49.952
24 50 0.048 49.952
8 50 0.048 49.952
5 50 0.048 49.952
20 50 0.048 49.952
10 50 0.048 49.952
3 50 0.048 49.952
30 50 0.048 49.952
23 50 0.048 49.952
25 50 0.048 49.952
32 49.952 0.048 49.904
1 49.952 0.048 49.904
22 50 0.048 49.952
10 49.952 0.048 49.904
20 49.952 0.048 49.904
25 49.952 0.048 49.904
23 49.952 0.048 49.904
38 50 0.048 49.952
28 50 0.048 49.952
40 50 0.048 49.952
15 50 0.048 49.952
2 50 0.048 49.952
12 49.952 0.048 49.904
39 50 0.048 49.952
18 50 0.048 49.952
36 50 0.048 49.952
7 50 0.048 49.952
9 49.952 0.048 49.904
7 49.952 0.16 49.792
9 49.904 0.16 49.744
37 50 0.048 49.952
19 50 0.048 49.952
29 50 0.048 49.952
26 50 0.048 49.952
21 50 0.048 49.952
12 50 0.048 49.952
22 49.952 0.048 49.904
1 50 0.048 49.952
32 50 0.048 49.952
4 50 0.048 49.952
9 50 0.048 49.952
7 49.792 0.048 49.744
33 50 0.048 49.952
9 49.952 0.16 49.792
7 49.744 0.16 49.584
33 49.952 0.16 49.792
24 50 0.048 49.952
8 50 0.048 49.952
5 50 0.048 49.952
20 50 0.048 49.952
10 50 0.048 49.952
3 50 0.048 49.952
30 50 0.048 49.952
23 50 0.048 49.952
25 50 0.048 49.952
32 49.952 0.048 49.904
1 49.952 0.048 49.904
22 50 0.048 49.952
10 49.952 0.048 49.904
20 49.952 0.048 49.904
25 49.952 0.048 49.904
23 49.952 0.048 49.904
38 50 0.048 49.952
28 50 0.048 49.952
40 50 0.048 49.952
15 50 0.048 49.952
2 50 0.048 49.952
12 49.952 0.048 49.904
39 50 0.048 49.952
18 50 0.048 49.952
36 50 0.048 49.952
37 50 0.048 49.952
19 50 0.048 49.952
29 50 0.048 49.952
26 50 0.048 49.952
21 50 0.048 49.952
12 50 0.048 49.952
22 49.952 0.048 49.904
1 50 0.048 49.952
32 50 0.048 49.952
4 50 0.048 49.952
24 50 0.048 49.952
8 50 0.048 49.952
5 50 0.048 49.952
20 50 0.048 49.952
10 50 0.048 49.952
3 50 0.048 49.952
30 50 0.048 49.952
23 50 0.048 49.952
25 50 0.048 49.952
32 49.952 0.048 49.904
1 49.952 0.048 49.904
22 50 0.048 49.952
10 49.952 0.048 49.904
20 49.952 0.048 49.904
25 49.952 0.048 49.904
23 49.952 0.048 49.904
38 50 0.048 49.952
28 50 0.048 49.952
40 50 0.048 49.952
15 50 0.048 49.952
2 50 0.048 49.952
12 49.952 0.048 49.904
39 50 0.048 49.952
18 50 0.048 49.952
36 50 0.048 49.952
37 50 0.048 49.952
19 50 0.048 49.952
29 50 0.048 49.952
26 50 0.048 49.952
21 50 0.048 49.952
2 50 0.048 49.952
12 50 0.048 49.952
22 49.952 0.048 49.904
1 50 0.048 49.952
32 50 0.048 49.952
4 50 0.048 49.952
24 50 0.048 49.952
8 50 0.048 49.952
5 50 0.048 49.952
5 49.952 0.16 49.792
20 50 0.048 49.952
10 50 0.048 49.952
3 50 0.048 49.952
30 50 0.048 49.952
23 50 0.048 49.952
25 50 0.048 49.952
32 49.952 0.048 49.904
1 49.952 0.048 49.904
22 50 0.048 49.952
10 49.952 0.048 49.904
20 49.952 0.048 49.904
25 49.952 0.048 49.904
23 49.952 0.048 49.904
38 50 0.048 49.952
28 50 0.048 49.952
40 50 0.048 49.952
15 50 0.048 49.952
2 49.952 0.048 49.904
12 49.952 0.048 49.904
39 50 0.048 49.952
18 50 0.048 49.952
36 50 0.048 49.952
37 50 0.048 49.952
19 50 0.048 49.952
29 50 0.048 49.952
26 50 0.048 49.952
21 50 0.048 49.952
2 50 0.048 49.952
12 50 0.048 49.952
22 49.952 0.048 49.904
1 50 0.048 49.952
32 50 0.048 49.952
4 50 0.048 49.952
24 50 0.048 49.952
8 50 0.048 49.952
40 49.952 0.048 49.904
8 49.952 0.048 49.904
28 50 0.048 49.952
40 49.904 0.16 49.744
8 49.904 0.16 49.744
8 49.744 0.048 49.696
24 49.952 0.048 49.904
28 49.952 0.048 49.904
40 49.744 0.048 49.696
28 49.904 0.16 49.744
20 50 0.048 49.952
10 50 0.048 49.952
3 50 0.048 49.952
30 50 0.048 49.952
23 50 0.048 49.952
25 50 0.048 49.952
32 49.952 0.048 49.904
1 49.952 0.048 49.904
22 50 0.048 49.952
10 49.952 0.048 49.904
20 49.952 0.048 49.904
25 49.952 0.048 49.904
23 49.952 0.048 49.904
38 50 0.048 49.952
28 49.744 0.048 49.696
40 49.8135 0.048 49.7655
15 50 0.048 49.952
2 49.952 0.048 49.904
12 49.952 0.048 49.904
39 50 0.048 49.952
18 50 0.048 49.952
36 50 0.048 49.952
37 50 0.048 49.952
19 50 0.048 49.952
29 50 0.048 49.952
26 50 0.048 49.952
21 50 0.048 49.952
12 50 0.048 49.952
22 49.952 0.048 49.904
1 50 0.048 49.952
32 50 0.048 49.952
4 50 0.048 49.952
24 50 0.048 49.952
8 49.8476 0.048 49.7996
8 49.7996 0.048 49.7516
24 49.952 0.048 49.904
20 50 0.048 49.952
10 50 0.048 49.952
3 50 0.048 49.952
30 50 0.048 49.952
23 50 0.048 49.952
25 50 0.048 49.952
23 49.952 0.16 49.792
25 49.952 0.16 49.792
32 49.952 0.048 49.904
1 49.952 0.048 49.904
22 50 0.048 49.952
10 49.952 0.048 49.904
20 49.952 0.048 49.904
25 49.792 0.048 49.744
23 49.792 0.048 49.744
25 49.744 0.16 49.584
23 49.744 0.16 49.584
38 50 0.048 49.952
28 49.9915 0.048 49.9435
40 50 0.048 49.952
15 50 0.048 49.952
2 50 0.048 49.952
12 49.952 0.048 49.904
39 50 0.048 49.952
18 50 0.048 49.952
36 50 0.048 49.952
33 50 0.048 49.952
9 50 0.048 49.952
33 49.952 0.16 49.792
9 49.952 0.16 49.792
9 49.792 0.048 49.744
7 50 0.048 49.952
33 49.792 0.048 49.744
9 49.744 0.16 49.584
7 49.952 0.16 49.792
7 49.792 0.048 49.744
9 49.584 0.048 49.536
16 50 0.048 49.952
7 49.744 0.16 49.584
33 49.744 0.16 49.584
9 49.536 0.16 49.376
16 49.952 0.16 49.792
16 49.792 0.048 49.744
7 49.584 0.048 49.536
37 50 0.048 49.952
19 50 0.048 49.952
29 50 0.048 49.952
26 50 0.048 49.952
21 50 0.048 49.952
12 50 0.048 49.952
22 49.952 0.048 49.904
1 50 0.048 49.952
32 50 0.048 49.952
4 50 0.048 49.952
24 50 0.048 49.952
8 50 0.048 49.952
8 49.952 0.048 49.904
24 49.952 0.048 49.904
40 49.952 0.048 49.904
20 50 0.048 49.952
10 50 0.048 49.952
3 50 0.048 49.952
30 50 0.048 49.952
32 49.952 0.048 49.904
1 49.952 0.048 49.904
22 50 0.048 49.952
10 49.952 0.048 49.904
20 49.952 0.048 49.904
38 50 0.048 49.952
28 50 0.048 49.952
40 50 0.048 49.952
15 50 0.048 49.952
2 50 0.048 49.952
12 49.952 0.048 49.904
39 50 0.048 49.952
18 50 0.048 49.952
36 50 0.048 49.952
16 49.8615 0.048 49.8135
7 49.7545 0.048 49.7065
14 50 0.048 49.952
16 49.8135 0.16 49.6535
7 49.7065 0.16 49.5465
14 49.952 0.16 49.792
14 49.792 0.048 49.744
16 49.6535 0.048 49.6055
37 50 0.048 49.952
19 50 0.048 49.952
29 50 0.048 49.952
26 50 0.048 49.952
21 50 0.048 49.952
12 50 0.048 49.952
22 49.952 0.048 49.904
1 50 0.048 49.952
32 50 0.048 49.952
4 50 0.048 49.952
24 50 0.048 49.952
8 50 0.048 49.952
24 49.952 0.16 49.792
8 49.952 0.16 49.792
8 49.792 0.048 49.744
24 49.792 0.048 49.744
40 49.952 0.048 49.904
8 49.744 0.16 49.584
24 49.744 0.16 49.584
40 49.904 0.16 49.744
20 50 0.048 49.952
10 50 0.048 49.952
3 50 0.048 49.952
30 50 0.048 49.952
32 49.952 0.048 49.904
1 49.952 0.048 49.904
22 50 0.048 49.952
10 49.952 0.048 49.904
20 49.952 0.048 49.904
38 50 0.048 49.952
28 50 0.048 49.952
40 50 0.048 49.952
15 50 0.048 49.952
2 50 0.048 49.952
12 49.952 0.048 49.904
39 50 0.048 49.952
18 50 0.048 49.952
36 50 0.048 49.952
14 50 0.048 49.952
16 49.7114 0.048 49.6634
37 50 0.048 49.952
19 50 0.048 49.952
29 50 0.048 49.952
26 50 0.048 49.952
21 50 0.048 49.952
12 50 0.048 49.952
22 49.952 0.048 49.904
1 50 0.048 49.952
32 50 0.048 49.952
4 50 0.048 49.952
20 50 0.048 49.952
10 50 0.048 49.952
3 50 0.048 49.952
30 50 0.048 49.952
32 49.952 0.048 49.904
1 49.952 0.048 49.904
22 50 0.048 49.952
10 49.952 0.048 49.904
20 49.952 0.048 49.904
24 49.9718 0.048 49.9238
8 49.8861 0.048 49.8381
24 49.9238 0.16 49.7638
8 49.8381 0.16 49.6781
8 49.6781 0.048 49.6301
24 49.7638 0.048 49.7158
40 49.952 0.048 49.904
8 49.6301 0.16 49.4701
24 49.7158 0.16 49.5558
40 49.904 0.16 49.744
40 49.744 0.048 49.696
8 49.4701 0.048 49.4221
28 50 0.048 49.952
40 49.696 0.16 49.536
8 49.4221 0.16 49.2621
28 49.952 0.16 49.792
38 50 0.048 49.952
28 49.792 0.048 49.744
40 49.7553 0.048 49.7073
28 49.744 0.16 49.584
40 49.7073 0.16 49.5473
15 50 0.048 49.952
2 50 0.048 49.952
12 49.952 0.048 49.904
39 50 0.048 49.952
18 50 0.048 49.952
36 50 0.048 49.952
35 50 0.048 49.952
13 50 0.048 49.952
35 49.952 0.16 49.792
13 49.952 0.16 49.792
13 49.792 0.048 49.744
11 50 0.048 49.952
35 49.792 0.048 49.744
13 49.744 0.16 49.584
11 49.952 0.16 49.792
11 49.792 0.048 49.744
13 49.584 0.048 49.536
35 49.744 0.16 49.584
14 50 0.048 49.952
16 49.9623 0.048 49.9143
37 50 0.048 49.952
19 50 0.048 49.952
29 50 0.048 49.952
26 50 0.048 49.952
21 50 0.048 49.952
12 50 0.048 49.952
22 49.952 0.048 49.904
1 50 0.048 49.952
32 50 0.048 49.952
4 50 0.048 49.952
2 50 0.048 49.952
12 49.952 0.048 49.904
15 50 0.048 49.952
2 49.952 0.16 49.792
12 49.904 0.16 49.744
12 49.744 0.048 49.696
2 49.792 0.048 49.744
15 49.952 0.048 49.904
21 49.952 0.048 49.904
15 49.904 0.16 49.744
20 50 0.048 49.952
10 50 0.048 49.952
3 50 0.048 49.952
30 50 0.048 49.952
32 49.952 0.048 49.904
1 49.952 0.048 49.904
22 50 0.048 49.952
18 50 0.048 49.952
36 50 0.048 49.952
39 50 0.048 49.952
18 49.952 0.16 49.792
36 49.952 0.16 49.792
36 49.792 0.048 49.744
18 49.792 0.048 49.744
39 49.952 0.048 49.904
39 49.904 0.16 49.744
10 49.952 0.048 49.904
20 49.952 0.048 49.904
38 50 0.048 49.952
15 49.744 0.048 49.696
2 49.744 0.048 49.696
12 49.696 0.048 49.648
39 49.744 0.048 49.696
18 49.744 0.048 49.696
36 49.744 0.048 49.696
11 49.9665 0.048 49.9185
13 49.639 0.048 49.591
14 50 0.048 49.952
16 50 0.048 49.952
37 50 0.048 49.952
19 50 0.048 49.952
34 50 0.048 49.952
17 50 0.048 49.952
31 50 0.048 49.952
34 49.952 0.16 49.792
17 49.952 0.16 49.792
17 49.792 0.048 49.744
31 49.952 0.048 49.904
34 49.792 0.048 49.744
17 49.744 0.16 49.584
31 49.904 0.16 49.744
31 49.744 0.16 49.584
31 49.584 0.048 49.536
17 49.584 0.048 49.536
34 49.744 0.048 49.696
34 49.696 0.16 49.536
29 50 0.048 49.952
26 50 0.048 49.952
21 50 0.048 49.952
12 49.9275 0.048 49.8795
22 49.952 0.048 49.904
1 50 0.048 49.952
32 50 0.048 49.952
4 50 0.048 49.952
12 49.8795 0.048 49.8315
2 49.9917 0.048 49.9437
15 49.8036 0.048 49.7556
21 49.952 0.048 49.904
20 50 0.048 49.952
10 50 0.048 49.952
20 49.952 0.16 49.792
10 49.952 0.16 49.792
3 50 0.048 49.952
30 50 0.048 49.952
32 49.952 0.048 49.904
1 49.952 0.048 49.904
22 50 0.048 49.952
36 49.8598 0.048 49.8118
18 49.9742 0.048 49.9262
39 50 0.048 49.952
10 49.792 0.048 49.744
20 49.792 0.048 49.744
10 49.744 0.16 49.584
20 49.744 0.16 49.584
38 50 0.048 49.952
15 49.7556 0.048 49.7076
2 49.9437 0.048 49.8957
12 49.8315 0.048 49.7835
39 49.952 0.048 49.904
18 49.9262 0.048 49.8782
36 49.8118 0.048 49.7638
11 50 0.048 49.952
13 49.9203 0.048 49.8723
14 50 0.048 49.952
16 50 0.048 49.952
37 50 0.048 49.952
19 50 0.048 49.952
31 49.8461 0.048 49.7981
17 49.86 0.048 49.812
34 49.8628 0.048 49.8148
29 50 0.048 49.952
26 50 0.048 49.952
21 50 0.048 49.952
12 49.9278 0.048 49.8798
22 49.952 0.048 49.904
1 50 0.048 49.952
32 50 0.048 49.952
4 50 0.048 49.952
12 49.8798 0.048 49.8318
2 49.9969 0.048 49.9489
15 50 0.048 49.952
21 49.952 0.048 49.904
3 50 0.048 49.952
30 50 0.048 49.952
32 49.952 0.048 49.904
1 49.952 0.048 49.904
22 50 0.048 49.952
36 50 0.048 49.952
18 50 0.048 49.952
39 50 0.048 49.952
38 50 0.048 49.952
15 49.952 0.048 49.904
2 49.9489 0.048 49.9009
12 49.8318 0.048 49.7838
39 49.952 0.048 49.904
18 49.952 0.048 49.904
36 49.952 0.048 49.904
11 50 0.048 49.952
13 50 0.048 49.952
14 50 0.048 49.952
16 50 0.048 49.952
37 50 0.048 49.952
19 50 0.048 49.952
31 49.9687 0.048 49.9207
17 50 0.048 49.952
34 50 0.048 49.952
27 50 0.048 49.952
29 50 0.048 49.952
26 50 0.048 49.952
21 50 0.048 49.952
12 49.8954 0.048 49.8474
22 49.952 0.048 49.904
1 50 0.048 49.952
32 50 0.048 49.952
4 50 0.048 49.952
12 49.8474 0.048 49.7994
2 50 0.048 49.952
15 50 0.048 49.952
21 49.952 0.048 49.904
3 50 0.048 49.952
30 50 0.048 49.952
32 49.952 0.048 49.904
1 49.952 0.048 49.904
22 50 0.048 49.952
36 50 0.048 49.952
18 50 0.048 49.952
39 50 0.048 49.952
38 50 0.048 49.952
15 49.952 0.048 49.904
2 49.952 0.048 49.904
12 49.7994 0.048 49.7514
39 49.952 0.048 49.904
18 49.952 0.048 49.904
36 49.952 0.048 49.904
11 50 0.048 49.952
13 50 0.048 49.952
14 50 0.048 49.952
16 50 0.048 49.952
37 50 0.048 49.952
19 50 0.048 49.952
31 50 0.048 49.952
17 50 0.048 49.952
34 50 0.048 49.952
27 50 0.048 49.952
29 50 0.048 49.952
26 50 0.048 49.952
21 50 0.048 49.952
12 49.91 0.048 49.862
22 49.952 0.048 49.904
1 50 0.048 49.952
32 50 0.048 49.952
4 50 0.048 49.952
4 49.952 0.16 49.792
12 49.862 0.048 49.814
2 50 0.048 49.952
15 50 0.048 49.952
21 49.952 0.048 49.904
3 50 0.048 49.952
30 50 0.048 49.952
32 49.952 0.048 49.904
1 49.952 0.048 49.904
22 50 0.048 49.952
36 50 0.048 49.952
18 50 0.048 49.952
39 50 0.048 49.952
38 50 0.048 49.952
15 49.952 0.048 49.904
2 49.952 0.048 49.904
12 49.814 0.048 49.766
39 49.952 0.048 49.904
18 49.952 0.048 49.904
36 49.952 0.048 49.904
11 50 0.048 49.952
13 50 0.048 49.952
14 50 0.048 49.952
16 50 0.048 49.952
37 50 0.048 49.952
19 50 0.048 49.952
31 50 0.048 49.952
17 50 0.048 49.952
34 50 0.048 49.952
27 50 0.048 49.952
29 50 0.048 49.952
26 50 0.048 49.952
21 50 0.048 49.952
12 50 0.048 49.952
22 49.952 0.048 49.904
1 50 0.048 49.952
32 50 0.048 49.952
12 49.952 0.048 49.904
2 50 0.048 49.952
15 50 0.048 49.952
21 49.952 0.048 49.904
3 50 0.048 49.952
30 50 0.048 49.952
32 49.952 0.048 49.904
1 49.952 0.048 49.904
22 50 0.048 49.952
36 50 0.048 49.952
18 50 0.048 49.952
39 50 0.048 49.952
13 50 0.048 49.952
11 50 0.048 49.952
35 50 0.048 49.952
13 49.952 0.16 49.792
11 49.952 0.16 49.792
35 49.952 0.16 49.792
35 49.792 0.048 49.744
13 49.792 0.048 49.744
38 50 0.048 49.952
15 49.952 0.048 49.904
2 49.952 0.048 49.904
12 49.904 0.048 49.856
39 49.952 0.048 49.904
18 49.952 0.048 49.904
36 49.952 0.048 49.904
11 49.792 0.048 49.744
13 49.744 0.048 49.696
14 50 0.048 49.952
16 50 0.048 49.952
37 50 0.048 49.952
19 50 0.048 49.952
31 50 0.048 49.952
17 50 0.048 49.952
34 50 0.048 49.952
27 50 0.048 49.952
29 50 0.048 49.952
26 50 0.048 49.952
21 50 0.048 49.952
12 49.9817 0.048 49.9337
22 49.952 0.048 49.904
1 50 0.048 49.952
32 50 0.048 49.952
12 49.9337 0.048 49.8857
2 50 0.048 49.952
15 50 0.048 49.952
21 49.952 0.048 49.904
3 50 0.048 49.952
30 50 0.048 49.952
32 49.952 0.048 49.904
1 49.952 0.048 49.904
22 50 0.048 49.952
36 50 0.048 49.952
18 50 0.048 49.952
39 50 0.048 49.952
35 50 0.048 49.952
13 49.9602 0.048 49.9122
38 50 0.048 49.952
15 49.952 0.048 49.904
2 49.952 0.048 49.904
12 49.8857 0.048 49.8377
39 49.952 0.048 49.904
18 49.952 0.048 49.904
36 49.952 0.048 49.904
11 49.8646 0.048 49.8166
13 49.9122 0.048 49.8642
14 50 0.048 49.952
16 50 0.048 49.952
37 50 0.048 49.952
19 50 0.048 49.952
31 50 0.048 49.952
17 50 0.048 49.952
34 50 0.048 49.952
27 50 0.048 49.952
29 50 0.048 49.952
26 50 0.048 49.952
21 50 0.048 49.952
12 50 0.048 49.952
22 49.952 0.048 49.904
1 50 0.048 49.952
32 50 0.048 49.952
12 49.952 0.048 49.904
2 50 0.048 49.952
15 50 0.048 49.952
21 49.952 0.048 49.904
3 50 0.048 49.952
30 50 0.048 49.952
32 49.952 0.048 49.904
1 49.952 0.048 49.904
22 50 0.048 49.952
36 50 0.048 49.952
18 50 0.048 49.952
39 50 0.048 49.952
35 50 0.048 49.952
13 50 0.048 49.952
38 50 0.048 49.952
15 49.952 0.048 49.904
2 49.952 0.048 49.904
12 49.904 0.048 49.856
39 49.952 0.048 49.904
18 49.952 0.048 49.904
36 49.952 0.048 49.904
11 50 0.048 49.952
13 49.952 0.048 49.904
14 50 0.048 49.952
16 50 0.048 49.952
37 50 0.048 49.952
19 50 0.048 49.952
31 50 0.048 49.952
17 50 0.048 49.952
34 50 0.048 49.952
27 50 0.048 49.952
29 50 0.048 49.952
26 50 0.048 49.952
21 50 0.048 49.952
12 50 0.048 49.952
22 49.952 0.048 49.904
1 50 0.048 49.952
32 50 0.048 49.952
12 49.952 0.048 49.904
2 50 0.048 49.952
15 50 0.048 49.952
21 49.952 0.048 49.904
3 50 0.048 49.952
30 50 0.048 49.952
3 49.952 0.16 49.792
30 49.952 0.16 49.792
32 49.952 0.048 49.904
1 49.952 0.048 49.904
22 50 0.048 49.952
36 50 0.048 49.952
18 50 0.048 49.952
39 50 0.048 49.952
35 50 0.048 49.952
13 50 0.048 49.952
38 50 0.048 49.952
15 49.952 0.048 49.904
2 49.952 0.048 49.904
12 49.904 0.048 49.856
39 49.952 0.048 49.904
18 49.952 0.048 49.904
36 49.952 0.048 49.904
11 50 0.048 49.952
13 49.952 0.048 49.904
14 50 0.048 49.952
37 50 0.048 49.952
19 50 0.048 49.952
31 50 0.048 49.952
17 50 0.048 49.952
34 50 0.048 49.952
27 50 0.048 49.952
29 50 0.048 49.952
26 50 0.048 49.952
21 50 0.048 49.952
12 50 0.048 49.952
22 49.952 0.048 49.904
1 50 0.048 49.952
32 50 0.048 49.952
12 49.952 0.048 49.904
2 50 0.048 49.952
15 50 0.048 49.952
21 49.952 0.048 49.904
32 49.952 0.048 49.904
1 49.952 0.048 49.904
22 50 0.048 49.952
36 50 0.048 49.952
18 50 0.048 49.952
39 50 0.048 49.952
35 50 0.048 49.952
13 50 0.048 49.952
38 50 0.048 49.952
15 49.952 0.048 49.904
2 49.952 0.048 49.904
12 49.904 0.048 49.856
39 49.952 0.048 49.904
18 49.952 0.048 49.904
36 49.952 0.048 49.904
11 50 0.048 49.952
13 49.952 0.048 49.904
14 50 0.048 49.952
37 50 0.048 49.952
19 50 0.048 49.952
31 50 0.048 49.952
17 50 0.048 49.952
34 50 0.048 49.952
27 50 0.048 49.952
29 50 0.048 49.952
26 50 0.048 49.952
21 50 0.048 49.952
12 50 0.048 49.952
22 49.952 0.048 49.904
1 50 0.048 49.952
32 50 0.048 49.952
12 49.952 0.048 49.904
2 50 0.048 49.952
15 50 0.048 49.952
21 49.952 0.048 49.904
32 49.952 0.048 49.904
1 49.952 0.048 49.904
22 50 0.048 49.952
36 50 0.048 49.952
18 50 0.048 49.952
39 50 0.048 49.952
35 50 0.048 49.952
13 50 0.048 49.952
38 50 0.048 49.952
15 49.952 0.048 49.904
2 49.952 0.048 49.904
12 49.904 0.048 49.856
39 49.952 0.048 49.904
18 49.952 0.048 49.904
36 49.952 0.048 49.904
11 50 0.048 49.952
13 49.952 0.048 49.904
14 50 0.048 49.952
37 50 0.048 49.952
19 50 0.048 49.952
31 50 0.048 49.952
17 50 0.048 49.952
34 50 0.048 49.952
27 50 0.048 49.952
29 50 0.048 49.952
26 50 0.048 49.952
21 50 0.048 49.952
12 50 0.048 49.952
22 49.952 0.048 49.904
1 50 0.048 49.952
32 50 0.048 49.952
22 49.904 0.16 49.744
1 49.952 0.16 49.792
32 49.952 0.16 49.792
12 49.952 0.048 49.904
2 50 0.048 49.952
15 50 0.048 49.952
21 49.952 0.048 49.904
32 49.792 0.048 49.744
1 49.792 0.048 49.744
22 49.9722 0.048 49.9242
32 49.744 0.16 49.584
1 49.744 0.16 49.584
22 49.9242 0.16 49.7642
22 49.7642 0.048 49.7162
1 49.584 0.048 49.536
32 49.584 0.048 49.536
22 49.7162 0.16 49.5562
1 49.536 0.16 49.376
32 49.536 0.16 49.376
36 50 0.048 49.952
18 50 0.048 49.952
39 50 0.048 49.952
35 50 0.048 49.952
13 50 0.048 49.952
38 50 0.048 49.952
15 49.952 0.048 49.904
2 49.952 0.048 49.904
12 49.904 0.048 49.856
39 49.952 0.048 49.904
18 49.952 0.048 49.904
36 49.952 0.048 49.904
11 50 0.048 49.952
13 49.952 0.048 49.904
14 50 0.048 49.952
37 50 0.048 49.952
19 50 0.048 49.952
31 50 0.048 49.952
17 50 0.048 49.952
34 50 0.048 49.952
27 50 0.048 49.952
29 50 0.048 49.952
26 50 0.048 49.952
21 50 0.048 49.952
12 50 0.048 49.952
12 49.952 0.048 49.904
2 50 0.048 49.952
15 50 0.048 49.952
21 49.952 0.048 49.904
36 50 0.048 49.952
18 50 0.048 49.952
39 50 0.048 49.952
35 50 0.048 49.952
13 50 0.048 49.952
38 50 0.048 49.952
15 49.952 0.048 49.904
2 49.952 0.048 49.904
12 49.904 0.048 49.856
39 49.952 0.048 49.904
18 49.952 0.048 49.904
36 49.952 0.048 49.904
6 50 0.048 49.952
11 50 0.048 49.952
13 49.952 0.048 49.904
14 50 0.048 49.952
37 50 0.048 49.952
19 50 0.048 49.952
31 50 0.048 49.952
17 50 0.048 49.952
34 50 0.048 49.952
27 50 0.048 49.952
29 50 0.048 49.952
26 50 0.048 49.952
21 50 0.048 49.952
12 50 0.048 49.952
12 49.952 0.048 49.904
2 50 0.048 49.952
15 50 0.048 49.952
21 49.952 0.048 49.904
36 50 0.048 49.952
18 50 0.048 49.952
39 50 0.048 49.952
35 50 0.048 49.952
13 50 0.048 49.952
38 50 0.048 49.952
15 49.952 0.048 49.904
2 49.952 0.048 49.904
12 49.904 0.048 49.856
39 49.952 0.048 49.904
18 49.952 0.048 49.904
36 49.952 0.048 49.904
6 50 0.048 49.952
11 50 0.048 49.952
13 49.952 0.048 49.904
14 50 0.048 49.952
37 50 0.048 49.952
19 50 0.048 49.952
31 50 0.048 49.952
17 50 0.048 49.952
34 50 0.048 49.952
27 50 0.048 49.952
27 49.952 0.16 49.792
29 50 0.048 49.952
26 50 0.048 49.952
21 50 0.048 49.952
12 50 0.048 49.952
12 49.952 0.048 49.904
2 50 0.048 49.952
15 50 0.048 49.952
21 49.952 0.048 49.904
26 49.952 0.048 49.904
29 49.952 0.048 49.904
36 50 0.048 49.952
18 50 0.048 49.952
39 50 0.048 49.952
35 50 0.048 49.952
13 50 0.048 49.952
8 50 0.048 49.952
24 50 0.048 49.952
28 50 0.048 49.952
8 49.952 0.16 49.792
24 49.952 0.16 49.792
24 49.792 0.048 49.744
8 49.792 0.048 49.744
28 49.952 0.16 49.792
38 50 0.048 49.952
15 49.952 0.048 49.904
2 49.952 0.048 49.904
12 49.904 0.048 49.856
39 49.952 0.048 49.904
18 49.952 0.048 49.904
36 49.952 0.048 49.904
6 50 0.048 49.952
11 50 0.048 49.952
13 49.952 0.048 49.904
14 50 0.048 49.952
37 50 0.048 49.952
19 50 0.048 49.952
31 50 0.048 49.952
17 50 0.048 49.952
34 50 0.048 49.952
29 50 0.048 49.952
26 50 0.048 49.952
21 50 0.048 49.952
12 50 0.048 49.952
12 49.952 0.048 49.904
2 50 0.048 49.952
15 50 0.048 49.952
21 49.952 0.048 49.904
30 50 0.048 49.952
3 50 0.048 49.952
30 49.952 0.16 49.792
3 49.952 0.16 49.792
3 49.792 0.048 49.744
30 49.792 0.048 49.744
26 49.952 0.048 49.904
29 49.952 0.048 49.904
36 50 0.048 49.952
18 50 0.048 49.952
39 50 0.048 49.952
35 50 0.048 49.952
13 50 0.048 49.952
24 50 0.048 49.952
8 49.9948 0.048 49.9468
38 50 0.048 49.952
15 49.952 0.048 49.904
2 49.952 0.048 49.904
12 49.904 0.048 49.856
39 49.952 0.048 49.904
18 49.952 0.048 49.904
36 49.952 0.048 49.904
6 50 0.048 49.952
11 50 0.048 49.952
13 49.952 0.048 49.904
14 50 0.048 49.952
16 50 0.048 49.952
37 50 0.048 49.952
19 50 0.048 49.952
31 50 0.048 49.952
17 50 0.048 49.952
34 50 0.048 49.952
29 50 0.048 49.952
26 50 0.048 49.952
16 49.952 0.048 49.904
7 50 0.048 49.952
16 49.904 0.16 49.744
7 49.952 0.16 49.792
7 49.792 0.048 49.744
9 50 0.048 49.952
16 49.744 0.048 49.696
7 49.744 0.16 49.584
9 49.952 0.16 49.792
9 49.792 0.048 49.744
7 49.584 0.048 49.536
33 50 0.048 49.952
9 49.744 0.16 49.584
16 49.696 0.16 49.536
7 49.536 0.16 49.376
33 49.952 0.16 49.792
33 49.792 0.048 49.744
9 49.584 0.048 49.536
21 50 0.048 49.952
12 50 0.048 49.952
12 49.952 0.048 49.904
2 50 0.048 49.952
15 50 0.048 49.952
21 49.952 0.048 49.904
3 49.8658 0.048 49.8178
30 50 0.048 49.952
26 49.952 0.048 49.904
29 49.952 0.048 49.904
36 50 0.048 49.952
18 50 0.048 49.952
39 50 0.048 49.952
35 50 0.048 49.952
13 50 0.048 49.952
24 50 0.048 49.952
8 50 0.048 49.952
38 50 0.048 49.952
38 49.952 0.16 49.792
15 49.952 0.048 49.904
2 49.952 0.048 49.904
12 49.904 0.048 49.856
39 49.952 0.048 49.904
18 49.952 0.048 49.904
36 49.952 0.048 49.904
6 50 0.048 49.952
11 50 0.048 49.952
13 49.952 0.048 49.904
14 50 0.048 49.952
37 50 0.048 49.952
19 50 0.048 49.952
31 50 0.048 49.952
17 50 0.048 49.952
34 50 0.048 49.952
29 50 0.048 49.952
26 50 0.048 49.952
33 49.8897 0.048 49.8417
9 49.6515 0.048 49.6035
21 50 0.048 49.952
2 50 0.048 49.952
12 50 0.048 49.952
12 49.952 0.048 49.904
2 49.952 0.048 49.904
15 50 0.048 49.952
21 49.952 0.048 49.904
3 50 0.048 49.952
30 50 0.048 49.952
26 49.952 0.048 49.904
29 49.952 0.048 49.904
36 50 0.048 49.952
18 50 0.048 49.952
39 50 0.048 49.952
35 50 0.048 49.952
13 50 0.048 49.952
24 50 0.048 49.952
8 50 0.048 49.952
15 49.952 0.048 49.904
2 49.904 0.048 49.856
12 49.904 0.048 49.856
39 49.952 0.048 49.904
18 49.952 0.048 49.904
36 49.952 0.048 49.904
6 50 0.048 49.952
11 50 0.048 49.952
13 49.952 0.048 49.904
14 50 0.048 49.952
37 50 0.048 49.952
19 50 0.048 49.952
31 50 0.048 49.952
17 50 0.048 49.952
34 50 0.048 49.952
29 50 0.048 49.952
26 50 0.048 49.952
33 50 0.048 49.952
9 49.8103 0.048 49.7623
21 50 0.048 49.952
2 50 0.048 49.952
12 50 0.048 49.952
12 49.952 0.048 49.904
2 49.952 0.048 49.904
15 50 0.048 49.952
21 49.952 0.048 49.904
9 49.7623 0.048 49.7143
7 49.7979 0.048 49.7499
33 49.952 0.048 49.904
9 49.7143 0.16 49.5543
7 49.7499 0.16 49.5899
7 49.5899 0.048 49.5419
9 49.5543 0.048 49.5063
16 50 0.048 49.952
7 49.5419 0.16 49.3819
33 49.904 0.16 49.744
9 49.5063 0.16 49.3463
16 49.952 0.16 49.792
16 49.792 0.048 49.744
7 49.3819 0.048 49.3339
17 49.952 0.048 49.904
31 49.952 0.048 49.904
34 49.952 0.048 49.904
17 49.904 0.16 49.744
31 49.904 0.16 49.744
34 49.904 0.16 49.744
34 49.744 0.048 49.696
17 49.744 0.048 49.696
31 49.744 0.048 49.696
3 50 0.048 49.952
30 50 0.048 49.952
26 49.952 0.048 49.904
29 49.952 0.048 49.904
36 50 0.048 49.952
18 50 0.048 49.952
39 50 0.048 49.952
35 50 0.048 49.952
13 50 0.048 49.952
24 50 0.048 49.952
8 50 0.048 49.952
15 49.952 0.048 49.904
2 49.904 0.048 49.856
12 49.904 0.048 49.856
39 49.952 0.048 49.904
18 49.952 0.048 49.904
36 49.952 0.048 49.904
6 50 0.048 49.952
11 50 0.048 49.952
13 49.952 0.048 49.904
14 50 0.048 49.952
16 49.744 0.048 49.696
37 50 0.048 49.952
19 50 0.048 49.952
31 50 0.048 49.952
17 50 0.048 49.952
34 49.9432 0.048 49.8952
29 50 0.048 49.952
26 50 0.048 49.952
33 49.8773 0.048 49.8293
9 49.5484 0.048 49.5004
21 50 0.048 49.952
2 50 0.048 49.952
12 50 0.048 49.952
21 49.952 0.16 49.792
2 49.952 0.16 49.792
12 49.952 0.16 49.792
12 49.792 0.048 49.744
2 49.792 0.048 49.744
15 50 0.048 49.952
21 49.792 0.048 49.744
12 49.744 0.16 49.584
2 49.744 0.16 49.584
15 49.952 0.16 49.792
21 49.744 0.16 49.584
16 49.9164 0.048 49.8684
7 49.606 0.048 49.558
14 50 0.048 49.952
34 49.8952 0.048 49.8472
17 49.952 0.048 49.904
31 49.952 0.048 49.904
3 50 0.048 49.952
30 50 0.048 49.952
26 49.952 0.048 49.904
29 49.952 0.048 49.904
36 50 0.048 49.952
18 50 0.048 49.952
39 50 0.048 49.952
35 50 0.048 49.952
13 50 0.048 49.952
24 50 0.048 49.952
8 50 0.048 49.952
15 49.792 0.048 49.744
2 49.584 0.048 49.536
12 49.584 0.048 49.536
39 49.952 0.048 49.904
18 49.952 0.048 49.904
36 49.952 0.048 49.904
6 50 0.048 49.952
11 50 0.048 49.952
13 49.952 0.048 49.904
14 49.952 0.048 49.904
37 50 0.048 49.952
19 50 0.048 49.952
31 50 0.048 49.952
17 50 0.048 49.952
34 50 0.048 49.952
29 50 0.048 49.952
26 50 0.048 49.952
33 50 0.048 49.952
9 49.7928 0.048 49.7448
16 50 0.048 49.952
7 49.6759 0.048 49.6279
34 49.952 0.048 49.904
17 49.952 0.048 49.904
31 49.952 0.048 49.904
3 50 0.048 49.952
30 50 0.048 49.952
26 49.952 0.048 49.904
29 49.952 0.048 49.904
36 50 0.048 49.952
18 50 0.048 49.952
39 50 0.048 49.952
35 50 0.048 49.952
13 50 0.048 49.952
24 50 0.048 49.952
8 50 0.048 49.952
15 50 0.048 49.952
2 49.7739 0.048 49.7259
12 49.6939 0.048 49.6459
15 49.952 0.16 49.792
2 49.7259 0.16 49.5659
12 49.6459 0.16 49.4859
39 49.952 0.048 49.904
18 49.952 0.048 49.904
36 49.952 0.048 49.904
6 50 0.048 49.952
11 50 0.048 49.952
13 49.952 0.048 49.904
14 50 0.048 49.952
37 50 0.048 49.952
19 50 0.048 49.952
31 50 0.048 49.952
17 50 0.048 49.952
34 50 0.048 49.952
29 50 0.048 49.952
26 50 0.048 49.952
33 50 0.048 49.952
9 49.8871 0.048 49.8391
16 50 0.048 49.952
7 49.7709 0.048 49.7229
34 49.952 0.048 49.904
17 49.952 0.048 49.904
31 49.952 0.048 49.904
3 50 0.048 49.952
30 50 0.048 49.952
26 49.952 0.048 49.904
29 49.952 0.048 49.904
36 50 0.048 49.952
18 50 0.048 49.952
39 50 0.048 49.952
35 50 0.048 49.952
13 50 0.048 49.952
24 50 0.048 49.952
8 50 0.048 49.952
39 49.952 0.048 49.904
18 49.952 0.048 49.904
36 49.952 0.048 49.904
6 50 0.048 49.952
11 50 0.048 49.952
13 49.952 0.048 49.904
14 50 0.048 49.952
37 50 0.048 49.952
19 50 0.048 49.952
31 50 0.048 49.952
17 50 0.048 49.952
34 50 0.048 49.952
29 50 0.048 49.952
26 50 0.048 49.952
33 50 0.048 49.952
9 50 0.048 49.952
16 50 0.048 49.952
7 50 0.048 49.952
34 49.952 0.048 49.904
17 49.952 0.048 49.904
31 49.952 0.048 49.904
3 50 0.048 49.952
30 50 0.048 49.952
26 49.952 0.048 49.904
29 49.952 0.048 49.904
36 50 0.048 49.952
18 50 0.048 49.952
39 50 0.048 49.952
35 50 0.048 49.952
13 50 0.048 49.952
24 50 0.048 49.952
8 50 0.048 49.952
39 49.952 0.048 49.904
18 49.952 0.048 49.904
36 49.952 0.048 49.904
6 50 0.048 49.952
11 50 0.048 49.952
13 49.952 0.048 49.904
14 50 0.048 49.952
37 50 0.048 49.952
19 50 0.048 49.952
37 49.952 0.16 49.792
19 49.952 0.16 49.792
31 50 0.048 49.952
17 50 0.048 49.952
34 50 0.048 49.952
19 49.792 0.048 49.744
37 49.792 0.048 49.744
19 49.744 0.16 49.584
37 49.744 0.16 49.584
29 50 0.048 49.952
26 50 0.048 49.952
33 50 0.048 49.952
9 50 0.048 49.952
16 50 0.048 49.952
7 50 0.048 49.952
34 49.952 0.048 49.904
17 49.952 0.048 49.904
31 49.952 0.048 49.904
3 50 0.048 49.952
30 50 0.048 49.952
26 49.952 0.048 49.904
29 49.952 0.048 49.904
36 50 0.048 49.952
18 50 0.048 49.952
39 50 0.048 49.952
35 50 0.048 49.952
13 50 0.048 49.952
24 50 0.048 49.952
8 50 0.048 49.952
39 49.952 0.048 49.904
18 49.952 0.048 49.904
36 49.952 0.048 49.904
6 50 0.048 49.952
11 50 0.048 49.952
13 49.952 0.048 49.904
14 50 0.048 49.952
31 50 0.048 49.952
17 50 0.048 49.952
34 50 0.048 49.952
29 50 0.048 49.952
26 50 0.048 49.952
33 50 0.048 49.952
9 50 0.048 49.952
10 50 0.048 49.952
20 50 0.048 49.952
10 49.952 0.16 49.792
20 49.952 0.16 49.792
20 49.792 0.048 49.744
10 49.792 0.048 49.744
16 50 0.048 49.952
7 50 0.048 49.952
34 49.952 0.048 49.904
17 49.952 0.048 49.904
31 49.952 0.048 49.904
3 50 0.048 49.952
30 50 0.048 49.952
26 49.952 0.048 49.904
29 49.952 0.048 49.904
36 50 0.048 49.952
18 50 0.048 49.952
39 50 0.048 49.952
35 50 0.048 49.952
13 50 0.048 49.952
24 50 0.048 49.952
8 50 0.048 49.952
39 49.952 0.048 49.904
18 49.952 0.048 49.904
36 49.952 0.048 49.904
6 50 0.048 49.952
11 50 0.048 49.952
13 49.952 0.048 49.904
14 50 0.048 49.952
31 50 0.048 49.952
17 50 0.048 49.952
34 50 0.048 49.952
29 50 0.048 49.952
26 50 0.048 49.952
33 50 0.048 49.952
9 50 0.048 49.952
20 50 0.048 49.952
10 50 0.048 49.952
16 50 0.048 49.952
7 50 0.048 49.952
34 49.952 0.048 49.904
17 49.952 0.048 49.904
31 49.952 0.048 49.904
3 50 0.048 49.952
30 50 0.048 49.952
26 49.952 0.048 49.904
29 49.952 0.048 49.904
36 50 0.048 49.952
18 50 0.048 49.952
39 50 0.048 49.952
36 49.952 0.16 49.792
18 49.952 0.16 49.792
39 49.952 0.16 49.792
35 50 0.048 49.952
13 50 0.048 49.952
24 50 0.048 49.952
8 50 0.048 49.952
39 49.792 0.048 49.744
18 49.792 0.048 49.744
36 49.792 0.048 49.744
39 49.744 0.16 49.584
18 49.744 0.16 49.584
36 49.744 0.16 49.584
6 50 0.048 49.952
11 50 0.048 49.952
13 49.952 0.048 49.904
14 50 0.048 49.952
31 50 0.048 49.952
17 50 0.048 49.952
34 50 0.048 49.952
29 50 0.048 49.952
26 50 0.048 49.952
33 50 0.048 49.952
9 50 0.048 49.952
20 50 0.048 49.952
10 50 0.048 49.952
16 50 0.048 49.952
34 49.952 0.048 49.904
17 49.952 0.048 49.904
31 49.952 0.048 49.904
3 50 0.048 49.952
30 50 0.048 49.952
26 49.952 0.048 49.904
29 49.952 0.048 49.904
35 50 0.048 49.952
13 50 0.048 49.952
24 50 0.048 49.952
8 50 0.048 49.952
6 50 0.048 49.952
11 50 0.048 49.952
13 49.952 0.048 49.904
23 50 0.048 49.952
25 50 0.048 49.952
23 49.952 0.16 49.792
25 49.952 0.16 49.792
25 49.792 0.048 49.744
23 49.792 0.048 49.744
14 50 0.048 49.952
31 50 0.048 49.952
17 50 0.048 49.952
34 50 0.048 49.952
29 50 0.048 49.952
26 50 0.048 49.952
33 50 0.048 49.952
9 50 0.048 49.952
20 50 0.048 49.952
10 50 0.048 49.952
16 50 0.048 49.952
34 49.952 0.048 49.904
17 49.952 0.048 49.904
31 49.952 0.048 49.904
3 50 0.048 49.952
30 50 0.048 49.952
26 49.952 0.048 49.904
29 49.952 0.048 49.904
35 50 0.048 49.952
13 50 0.048 49.952
24 50 0.048 49.952
8 50 0.048 49.952
6 50 0.048 49.952
11 50 0.048 49.952
13 49.952 0.048 49.904
25 49.9133 0.048 49.8653
23 49.9003 0.048 49.8523
14 50 0.048 49.952
31 50 0.048 49.952
17 50 0.048 49.952
34 50 0.048 49.952
29 50 0.048 49.952
26 50 0.048 49.952
33 50 0.048 49.952
9 50 0.048 49.952
20 50 0.048 49.952
10 50 0.048 49.952
16 50 0.048 49.952
34 49.952 0.048 49.904
17 49.952 0.048 49.904
31 49.952 0.048 49.904
3 50 0.048 49.952
30 50 0.048 49.952
26 49.952 0.048 49.904
29 49.952 0.048 49.904
35 50 0.048 49.952
13 50 0.048 49.952
24 50 0.048 49.952
8 50 0.048 49.952
6 50 0.048 49.952
11 50 0.048 49.952
13 49.952 0.048 49.904
25 50 0.048 49.952
23 50 0.048 49.952
14 50 0.048 49.952
31 50 0.048 49.952
17 50 0.048 49.952
34 50 0.048 49.952
29 50 0.048 49.952
26 50 0.048 49.952
33 50 0.048 49.952
9 50 0.048 49.952
20 50 0.048 49.952
10 50 0.048 49.952
16 50 0.048 49.952
34 49.952 0.048 49.904
17 49.952 0.048 49.904
31 49.952 0.048 49.904
3 50 0.048 49.952
30 50 0.048 49.952
26 49.952 0.048 49.904
29 49.952 0.048 49.904
35 50 0.048 49.952
13 50 0.048 49.952
24 50 0.048 49.952
8 50 0.048 49.952
6 50 0.048 49.952
11 50 0.048 49.952
13 49.952 0.048 49.904
25 50 0.048 49.952
23 50 0.048 49.952
14 50 0.048 49.952
31 50 0.048 49.952
17 50 0.048 49.952
34 50 0.048 49.952
29 50 0.048 49.952
26 50 0.048 49.952
29 49.952 0.16 49.792
26 49.952 0.16 49.792
33 50 0.048 49.952
9 50 0.048 49.952
20 50 0.048 49.952
10 50 0.048 49.952
16 50 0.048 49.952
34 49.952 0.048 49.904
17 49.952 0.048 49.904
31 49.952 0.048 49.904
3 50 0.048 49.952
30 50 0.048 49.952
26 49.792 0.048 49.744
29 49.792 0.048 49.744
26 49.744 0.16 49.584
29 49.744 0.16 49.584
35 50 0.048 49.952
13 50 0.048 49.952
24 50 0.048 49.952
8 50 0.048 49.952
6 50 0.048 49.952
11 50 0.048 49.952
13 49.952 0.048 49.904
25 50 0.048 49.952
23 50 0.048 49.952
14 50 0.048 49.952
31 50 0.048 49.952
17 50 0.048 49.952
34 50 0.048 49.952
33 50 0.048 49.952
9 50 0.048 49.952
12 50 0.048 49.952
2 50 0.048 49.952
15 50 0.048 49.952
21 50 0.048 49.952
12 49.952 0.16 49.792
2 49.952 0.16 49.792
15 49.952 0.16 49.792
15 49.792 0.048 49.744
2 49.792 0.048 49.744
12 49.792 0.048 49.744
15 49.744 0.16 49.584
21 49.952 0.16 49.792
2 49.744 0.16 49.584
2 49.584 0.048 49.536
12 49.744 0.048 49.696
15 49.584 0.048 49.536
12 49.696 0.16 49.536
20 50 0.048 49.952
10 50 0.048 49.952
16 50 0.048 49.952
7 50 0.048 49.952
34 49.952 0.048 49.904
17 49.952 0.048 49.904
31 49.952 0.048 49.904
3 50 0.048 49.952
30 50 0.048 49.952
35 50 0.048 49.952
13 50 0.048 49.952
24 50 0.048 49.952
8 50 0.048 49.952
6 50 0.048 49.952
11 50 0.048 49.952
13 49.952 0.048 49.904
25 50 0.048 49.952
23 50 0.048 49.952
14 50 0.048 49.952
31 50 0.048 49.952
17 50 0.048 49.952
34 50 0.048 49.952
33 50 0.048 49.952
9 50 0.048 49.952
2 49.7735 0.048 49.7255
12 49.8377 0.048 49.7897
15 49.8628 0.048 49.8148
20 50 0.048 49.952
10 50 0.048 49.952
16 50 0.048 49.952
7 50 0.048 49.952
34 49.952 0.048 49.904
17 49.952 0.048 49.904
31 49.952 0.048 49.904
3 50 0.048 49.952
30 50 0.048 49.952
35 50 0.048 49.952
13 50 0.048 49.952
24 50 0.048 49.952
8 50 0.048 49.952
6 50 0.048 49.952
6 49.952 0.16 49.792
11 50 0.048 49.952
13 49.952 0.048 49.904
25 50 0.048 49.952
23 50 0.048 49.952
14 50 0.048 49.952
31 50 0.048 49.952
17 50 0.048 49.952
34 50 0.048 49.952
33 50 0.048 49.952
9 50 0.048 49.952
2 49.996 0.048 49.948
12 50 0.048 49.952
15 50 0.048 49.952
20 50 0.048 49.952
10 50 0.048 49.952
16 50 0.048 49.952
7 50 0.048 49.952
34 49.952 0.048 49.904
17 49.952 0.048 49.904
31 49.952 0.048 49.904
3 50 0.048 49.952
30 50 0.048 49.952
35 50 0.048 49.952
13 50 0.048 49.952
24 50 0.048 49.952
8 50 0.048 49.952
11 50 0.048 49.952
13 49.952 0.048 49.904
25 50 0.048 49.952
23 50 0.048 49.952
14 50 0.048 49.952
31 50 0.048 49.952
17 50 0.048 49.952
34 50 0.048 49.952
33 50 0.048 49.952
9 50 0.048 49.952
2 50 0.048 49.952
12 50 0.048 49.952
15 50 0.048 49.952
20 50 0.048 49.952
10 50 0.048 49.952
16 50 0.048 49.952
7 50 0.048 49.952
34 49.952 0.048 49.904
17 49.952 0.048 49.904
31 49.952 0.048 49.904
34 49.904 0.16 49.744
17 49.904 0.16 49.744
31 49.904 0.16 49.744
3 50 0.048 49.952
30 50 0.048 49.952
35 50 0.048 49.952
13 50 0.048 49.952
24 50 0.048 49.952
8 50 0.048 49.952
11 50 0.048 49.952
13 49.952 0.048 49.904
25 50 0.048 49.952
23 50 0.048 49.952
14 50 0.048 49.952
31 50 0.048 49.952
17 50 0.048 49.952
34 50 0.048 49.952
31 49.952 0.16 49.792
17 49.952 0.16 49.792
34 49.952 0.16 49.792
33 50 0.048 49.952
9 50 0.048 49.952
2 50 0.048 49.952
12 50 0.048 49.952
15 50 0.048 49.952
20 50 0.048 49.952
10 50 0.048 49.952
16 50 0.048 49.952
7 50 0.048 49.952
3 50 0.048 49.952
30 50 0.048 49.952
35 50 0.048 49.952
13 50 0.048 49.952
24 50 0.048 49.952
8 50 0.048 49.952
11 50 0.048 49.952
13 49.952 0.048 49.904
25 50 0.048 49.952
23 50 0.048 49.952
14 50 0.048 49.952
33 50 0.048 49.952
9 50 0.048 49.952
2 50 0.048 49.952
12 50 0.048 49.952
15 50 0.048 49.952
20 50 0.048 49.952
10 50 0.048 49.952
16 50 0.048 49.952
7 50 0.048 49.952
3 50 0.048 49.952
30 50 0.048 49.952
35 50 0.048 49.952
13 50 0.048 49.952
24 50 0.048 49.952
8 50 0.048 49.952
11 50 0.048 49.952
13 49.952 0.048 49.904
25 50 0.048 49.952
23 50 0.048 49.952
14 50 0.048 49.952
33 50 0.048 49.952
9 50 0.048 49.952
2 50 0.048 49.952
12 50 0.048 49.952
15 50 0.048 49.952
20 50 0.048 49.952
10 50 0.048 49.952
16 50 0.048 49.952
7 50 0.048 49.952
3 50 0.048 49.952
30 50 0.048 49.952
35 50 0.048 49.952
13 50 0.048 49.952
35 49.952 0.16 49.792
13 49.952 0.16 49.792
24 50 0.048 49.952
8 50 0.048 49.952
11 50 0.048 49.952
13 49.792 0.048 49.744
25 50 0.048 49.952
23 50 0.048 49.952
14 50 0.048 49.952
33 50 0.048 49.952
9 50 0.048 49.952
2 50 0.048 49.952
12 50 0.048 49.952
15 50 0.048 49.952
21 50 0.048 49.952
2 49.952 0.16 49.792
12 49.952 0.16 49.792
15 49.952 0.16 49.792
21 49.952 0.16 49.792
21 49.792 0.048 49.744
2 49.792 0.048 49.744
12 49.792 0.048 49.744
20 50 0.048 49.952
10 50 0.048 49.952
16 50 0.048 49.952
7 50 0.048 49.952
3 50 0.048 49.952
30 50 0.048 49.952
24 50 0.048 49.952
8 50 0.048 49.952
11 50 0.048 49.952
13 50 0.048 49.952
11 49.952 0.16 49.792
13 49.952 0.16 49.792
25 50 0.048 49.952
23 50 0.048 49.952
14 50 0.048 49.952
33 50 0.048 49.952
9 50 0.048 49.952
21 49.8684 0.048 49.8204
2 49.9229 0.048 49.8749
12 49.981 0.048 49.933
20 50 0.048 49.952
10 50 0.048 49.952
16 50 0.048 49.952
7 50 0.048 49.952
3 50 0.048 49.952
30 50 0.048 49.952
24 50 0.048 49.952
8 50 0.048 49.952
25 50 0.048 49.952
23 50 0.048 49.952
14 50 0.048 49.952
33 50 0.048 49.952
9 50 0.048 49.952
21 50 0.048 49.952
2 50 0.048 49.952
12 50 0.048 49.952
20 50 0.048 49.952
10 50 0.048 49.952
16 50 0.048 49.952
7 50 0.048 49.952
3 50 0.048 49.952
30 50 0.048 49.952
24 50 0.048 49.952
8 50 0.048 49.952
25 50 0.048 49.952
23 50 0.048 49.952
14 50 0.048 49.952
14 49.952 0.16 49.792
33 50 0.048 49.952
9 50 0.048 49.952
21 50 0.048 49.952
2 50 0.048 49.952
12 50 0.048 49.952
20 50 0.048 49.952
10 50 0.048 49.952
16 50 0.048 49.952
7 50 0.048 49.952
3 50 0.048 49.952
30 50 0.048 49.952
24 50 0.048 49.952
8 50 0.048 49.952
25 50 0.048 49.952
23 50 0.048 49.952
33 50 0.048 49.952
9 50 0.048 49.952
21 50 0.048 49.952
2 50 0.048 49.952
12 50 0.048 49.952
20 50 0.048 49.952
10 50 0.048 49.952
16 50 0.048 49.952
7 50 0.048 49.952
16 49.952 0.16 49.792
7 49.952 0.16 49.792
3 50 0.048 49.952
30 50 0.048 49.952
24 50 0.048 49.952
8 50 0.048 49.952
25 50 0.048 49.952
23 50 0.048 49.952
33 50 0.048 49.952
9 50 0.048 49.952
21 50 0.048 49.952
2 50 0.048 49.952
12 50 0.048 49.952
20 50 0.048 49.952
10 50 0.048 49.952
3 50 0.048 49.952
30 50 0.048 49.952
24 50 0.048 49.952
8 50 0.048 49.952
25 50 0.048 49.952
23 50 0.048 49.952
33 50 0.048 49.952
9 50 0.048 49.952
21 50 0.048 49.952
2 50 0.048 49.952
12 50 0.048 49.952
20 50 0.048 49.952
10 50 0.048 49.952
3 50 0.048 49.952
30 50 0.048 49.952
24 50 0.048 49.952
8 50 0.048 49.952
25 50 0.048 49.952
23 50 0.048 49.952
33 50 0.048 49.952
9 50 0.048 49.952
33 49.952 0.16 49.792
9 49.952 0.16 49.792
21 50 0.048 49.952
2 50 0.048 49.952
12 50 0.048 49.952
20 50 0.048 49.952
10 50 0.048 49.952
3 50 0.048 49.952
30 50 0.048 49.952
24 50 0.048 49.952
8 50 0.048 49.952
25 50 0.048 49.952
23 50 0.048 49.952
21 50 0.048 49.952
12 50 0.048 49.952
20 50 0.048 49.952
10 50 0.048 49.952
3 50 0.048 49.952
30 50 0.048 49.952
24 50 0.048 49.952
8 50 0.048 49.952
25 50 0.048 49.952
23 50 0.048 49.952
21 50 0.048 49.952
2 50 0.048 49.952
12 50 0.048 49.952
20 50 0.048 49.952
10 50 0.048 49.952
3 50 0.048 49.952
30 50 0.048 49.952
24 50 0.048 49.952
8 50 0.048 49.952
25 50 0.048 49.952
23 50 0.048 49.952
21 50 0.048 49.952
2 50 0.048 49.952
12 50 0.048 49.952
20 50 0.048 49.952
10 50 0.048 49.952
3 50 0.048 49.952
30 50 0.048 49.952
24 50 0.048 49.952
8 50 0.048 49.952
25 50 0.048 49.952
23 50 0.048 49.952
25 49.952 0.16 49.792
23 49.952 0.16 49.792
21 50 0.048 49.952
2 50 0.048 49.952
12 50 0.048 49.952
20 50 0.048 49.952
10 50 0.048 49.952
3 50 0.048 49.952
30 50 0.048 49.952
24 50 0.048 49.952
8 50 0.048 49.952
21 50 0.048 49.952
2 50 0.048 49.952
12 50 0.048 49.952
20 50 0.048 49.952
10 50 0.048 49.952
3 50 0.048 49.952
30 50 0.048 49.952
24 50 0.048 49.952
8 50 0.048 49.952
25 50 0.048 49.952
24 49.952 0.16 49.792
8 49.952 0.16 49.792
25 49.952 0.16 49.792
21 50 0.048 49.952
2 50 0.048 49.952
12 50 0.048 49.952
20 50 0.048 49.952
10 50 0.048 49.952
3 50 0.048 49.952
30 50 0.048 49.952
21 50 0.048 49.952
12 50 0.048 49.952
20 50 0.048 49.952
10 50 0.048 49.952
3 50 0.048 49.952
30 50 0.048 49.952
21 50 0.048 49.952
2 50 0.048 49.952
12 50 0.048 49.952
20 50 0.048 49.952
10 50 0.048 49.952
3 50 0.048 49.952
30 50 0.048 49.952
21 50 0.048 49.952
2 50 0.048 49.952
12 50 0.048 49.952
20 50 0.048 49.952
10 50 0.048 49.952
20 49.952 0.16 49.792
10 49.952 0.16 49.792
3 50 0.048 49.952
30 50 0.048 49.952
21 50 0.048 49.952
12 50 0.048 49.952
3 50 0.048 49.952
30 50 0.048 49.952
21 50 0.048 49.952
12 50 0.048 49.952
3 50 0.048 49.952
30 50 0.048 49.952
21 50 0.048 49.952
12 50 0.048 49.952
3 50 0.048 49.952
30 50 0.048 49.952
21 50 0.048 49.952
12 50 0.048 49.952
3 50 0.048 49.952
30 50 0.048 49.952
21 50 0.048 49.952
12 50 0.048 49.952
3 50 0.048 49.952
30 50 0.048 49.952
21 50 0.048 49.952
12 50 0.048 49.952
3 50 0.048 49.952
30 50 0.048 49.952
21 50 0.048 49.952
12 50 0.048 49.952
3 50 0.048 49.952
30 50 0.048 49.952
3 49.952 0.16 49.792
30 49.952 0.16 49.792
21 50 0.048 49.952
12 50 0.048 49.952
21 50 0.048 49.952
2 50 0.048 49.952
12 50 0.048 49.952
21 50 0.048 49.952
2 50 0.048 49.952
12 50 0.048 49.952
21 50 0.048 49.952
2 50 0.048 49.952
12 50 0.048 49.952
21 50 0.048 49.952
2 50 0.048 49.952
12 50 0.048 49.952
21 50 0.048 49.952
2 50 0.048 49.952
12 50 0.048 49.952
21 50 0.048 49.952
2 50 0.048 49.952
12 50 0.048 49.952
21 50 0.048 49.952
2 50 0.048 49.952
12 50 0.048 49.952
21 50 0.048 49.952
2 50 0.048 49.952
12 50 0.048 49.952
21 50 0.048 49.952
2 50 0.048 49.952
12 50 0.048 49.952
21 49.952 0.16 49.792
2 49.952 0.16 49.792
12 49.952 0.16 49.792
