20 555
28 556
8 559
37 560
40 556
24 559
25 559
8 556
24 556
35 561
13 561
39 562
18 562
12 563
15 563
26 564
1 566
2 563
27 567
34 568
17 568
15 569
2 569
21 563
12 569
32 570
1 570
16 571
33 572
19 560
24 573
8 573
40 573
36 562
7 571
9 572
7 572
30 574
33 571
18 577
36 577
19 578
13 579
29 564
2 580
15 580
12 580
29 581
26 583
17 584
6 576
34 584
8 585
31 568
12 586
2 586
35 579
11 561
1 588
14 558
16 572
7 575
9 571
5 565
40 589
23 559
25 556
33 590
9 590
7 590
16 590
24 585
8 589
24 591
8 591
40 591
28 573
35 592
13 592
2 593
18 594
34 595
17 595
20 587
10 555
4 557
13 597
3 574
22 570
32 588
22 588
27 596
8 600
30 601
16 602
7 602
9 602
38 582
9 603
7 603
17 604
21 580
12 593
15 586
37 578
19 605
10 606
36 594
39 577
23 607
29 583
26 599
12 608
15 608
6 598
34 604
31 595
35 597
2 608
11 592
14 590
16 603
33 602
25 607
24 600
20 606
3 601
21 608
