32 378
53 378
20 378
6 378
26 378
30 378
94 379
13 379
25 379
51 379
28 379
34 379
10 379
16 379
62 380
1 380
55 380
61 380
54 380
40 380
67 380
5 380
7 380
97 380
49 381
27 381
31 381
44 382
2 382
65 385
72 385
86 385
87 385
47 385
48 385
81 385
76 385
18 385
90 385
29 385
50 385
64 386
39 386
79 386
84 386
58 386
78 380
100 387
11 387
23 387
33 387
15 387
21 381
5 384
83 390
4 390
8 390
85 390
22 390
52 392
34 394
38 394
41 394
68 394
94 394
37 394
74 394
31 395
55 383
62 383
61 383
70 383
17 397
3 397
12 397
98 384
14 384
80 384
75 384
36 391
90 398
81 393
71 378
8 396
73 399
46 399
54 384
59 400
22 400
15 389
53 401
20 401
6 401
93 402
96 402
68 403
34 403
51 403
29 398
67 404
35 404
84 405
49 395
55 384
62 384
66 385
12 407
82 403
80 408
20 409
51 406
69 410
9 397
89 411
92 412
65 412
91 412
100 414
76 415
63 404
57 387
82 417
94 418
68 418
56 382
85 411
24 411
43 386
17 419
58 405
64 405
91 416
75 420
5 420
54 420
55 421
33 422
31 410
36 411
73 419
83 423
99 407
24 424
85 424
62 421
64 425
84 425
59 428
62 430
67 431
84 432
31 434
42 390
51 436
12 437
89 438
91 439
60 391
19 378
6 409
20 426
32 401
71 401
94 435
53 429
45 378
17 407
99 437
51 435
88 382
51 445
99 447
33 443
93 422
62 444
30 401
75 431
67 441
98 413
90 415
48 388
87 412
76 442
92 416
91 446
19 401
17 437
49 410
69 434
12 447
31 448
94 445
44 427
56 433
43 425
