14 1778 1.00253
20 1780 1.12581
24 1782 1.2068
32 1783 1.23994
25 1784 1.26846
13 1787 1.39333
34 1790 1.59868
27 1791 1.65566
2 1792 1.67043
22 1795 1.82697
21 1796 1.83333
9 1798 1.94529
39 1801 2.10658
30 1802 2.11503
36 1804 2.22259
49 1805 2.28182
37 1807 2.3538
47 1808 2.38
10 1810 2.46579
11 1813 2.61177
28 1814 2.65573
43 1816 2.72497
5 1817 2.75454
6 1819 2.8358
45 1820 2.87842
19 1821 2.87976
15 1824 3.05315
29 1829 3.42711
42 1830 3.44788
26 1832 3.51403
40 1834 3.6121
50 1835 3.61535
23 1837 3.6933
41 1838 3.69837
17 1840 3.80766
31 1841 3.82071
8 1844 4.00153
3 1845 4.02925
7 1848 4.23139
48 1849 4.28566
46 1854 4.59664
12 1855 4.68209
18 1857 4.7071
1 1859 4.84778
39 1870 5.80557
26 1874 6.10241
15 1875 6.18889
50 1879 6.45764
13 1881 6.51119
27 1882 6.55181
22 1884 6.68846
46 1888 6.94333
11 1893 7.35665
36 1896 7.51105
19 1898 7.59769
49 1899 7.67898
10 1908 8.44431
6 1911 8.59968
48 1914 8.82597
43 1919 9.23192
20 1921 9.35286
21 1922 9.38212
37 1925 9.57313
