0 1567
0 1568
0 1569
0 1570
0 1571
0 1572
0 1573
0 1574
0 1575
0 1576
0 1577
13 1578
0 1580
0 1582
0 1584
0 1585
0 1586
0 1587
0 1588
0 1590
0 1592
0 1593
28 1595
0 1596
24 1599
0 1600
0 1603
0 1605
0 1606
23 1594
17 1609
21 1609
0 1610
0 1612
0 1614
0 1616
0 1618
0 1619
18 1611
22 1583
32 1589
0 1622
4 1623
38 1623
26 1626
8 1626
23 1626
0 1627
0 1629
0 1630
0 1633
13 1634
0 1635
0 1637
0 1638
0 1639
33 1598
0 1642
38 1624
8 1628
0 1644
0 1645
40 1581
0 1646
0 1649
12 1601
1 1602
0 1650
0 1651
7 1617
0 1652
0 1654
31 1597
0 1655
27 1623
0 1656
0 1657
0 1658
39 1609
0 1659
0 1661
21 1625
0 1662
0 1665
0 1666
11 1611
0 1668
0 1669
22 1670
0 1672
0 1673
15 1607
29 1599
0 1675
0 1676
0 1677
0 1678
0 1680
16 1640
0 1682
0 1683
34 1636
0 1684
0 1685
0 1686
10 1620
0 1687
0 1688
0 1689
0 1690
0 1691
35 1647
0 1693
0 1694
23 1628
32 1670
30 1604
0 1696
37 1578
20 1579
0 1697
6 1608
0 1698
0 1701
0 1704
0 1705
14 1595
0 1707
2 1641
9 1648
28 1667
0 1708
19 1613
0 1710
3 1615
0 1712
0 1715
0 1716
40 1703
0 1718
0 1719
0 1720
7 1699
12 1700
0 1721
0 1722
0 1723
0 1724
36 1631
0 1725
39 1692
0 1726
0 1727
0 1728
0 1729
17 1653
0 1730
0 1731
0 1732
0 1733
0 1734
0 1735
33 1681
28 1681
2 1681
0 1736
0 1737
0 1738
0 1739
0 1740
24 1660
0 1741
0 1742
0 1743
0 1744
0 1745
0 1746
25 1626
0 1747
0 1748
0 1749
0 1750
5 1621
0 1751
8 1623
0 1752
10 1628
0 1753
4 1664
0 1754
26 1679
0 1755
0 1756
0 1757
0 1758
0 1759
27 1706
0 1761
0 1762
0 1763
0 1764
0 1765
0 1766
