27 574 0 100 0.7 1.21542 1.21542
47 577 0 100 0.7 1.26721 1.26721
23 571 0 100 2.2 1.03646 2.53646
19 580 0 100 2.2 1.54736 3.04736
7 593 0 100 1.2 3.00022 3.50022
31 604 0 100 0.7 4.00378 4.00378
14 592 0 100 2.2 2.90258 4.40258
15 589 0 100 2.7 2.7303 4.7303
21 586 0 100 3.7 2.07752 5.07752
48 602 0 100 2.7 3.82628 5.82628
42 613 0 100 1.2 5.78908 6.28908
1 619 0 100 0.7 7.46076 7.46076
45 618 0 100 1.2 7.20595 7.70595
45 597 0 100 5.2 3.37612 7.87612
19 624 0 100 0.7 8.21815 8.21815
25 585 0 100 7.2 1.91909 8.41909
11 612 0 100 3.7 5.49153 8.49153
38 608 0 100 4.7 4.73142 8.73142
39 610 0 100 4.7 4.8475 8.8475
39 617 0 100 2.7 6.99731 8.99731
15 611 0 100 5.2 5.47314 9.97314
5 596 0 100 7.7 3.16468 10.1647
21 626 0 100 2.2 8.87549 10.3755
33 591 0 100 8.7 2.79694 10.7969
42 623 0 100 4.2 8.05302 11.553
6 609 0 100 7.7 4.84081 11.8408
20 607 0 100 8.2 4.48556 11.9856
29 605 0 100 8.7 4.0354 12.0354
50 606 0 100 8.7 4.30817 12.3082
1 601 0 100 9.7 3.72088 12.7209
19 603 0 100 10.2 3.96572 13.4657
26 625 0 100 6.2 8.83431 14.3343
26 614 0 100 9.2 5.84572 14.3457
14 616 0 100 8.7 6.87648 14.8765
