3 766
11 766
16 767
34 767
15 768
71 768
58 769
56 769
17 769
52 769
41 770
62 770
77 771
40 771
53 772
19 772
8 772
63 772
6 773
79 774
60 775
75 775
17 776
72 776
74 776
47 776
45 776
61 776
39 777
7 777
66 778
35 778
29 779
49 779
69 780
48 782
55 782
21 782
14 784
51 784
20 784
57 784
45 781
9 786
31 772
28 787
65 783
27 788
25 788
61 785
36 790
33 790
73 790
44 791
58 791
67 792
76 792
8 793
63 793
19 794
26 795
80 795
14 795
24 796
70 798
59 799
20 800
12 800
60 800
78 801
56 801
17 801
72 801
51 802
42 803
30 804
50 804
73 808
55 809
48 809
22 810
43 811
13 812
6 790
17 813
23 814
64 803
16 815
15 816
5 818
77 819
68 820
70 820
31 821
8 821
53 821
36 821
33 821
12 807
64 822
26 812
10 824
56 825
78 825
59 826
27 819
2 823
3 828
30 830
53 827
27 829
1 805
56 805
74 801
72 806
46 776
20 836
13 836
44 833
56 833
55 839
41 803
47 789
42 822
26 836
12 837
80 812
26 842
64 841
13 843
4 774
79 834
66 796
24 840
3 846
39 828
31 838
38 772
8 831
36 832
32 797
20 848
80 848
10 845
37 773
29 786
9 835
15 847
67 816
74 789
46 797
41 822
42 841
23 807
26 848
64 848
42 848
59 850
68 826
54 817
77 829
27 849
30 844
16 830
5 839
