43 2954 1.02365
51 2955 1.05426
9 2957 1.0963
28 2958 1.12638
98 2959 1.15223
38 2961 1.18075
82 2962 1.20792
88 2964 1.25749
85 2965 1.30973
67 2966 1.34512
10 2969 1.48824
18 2970 1.50214
39 2971 1.54057
86 2973 1.56565
90 2974 1.58803
59 2975 1.64508
1 2976 1.6477
24 2978 1.65663
80 2980 1.79094
2 2981 1.7935
69 2983 1.86348
66 2984 1.8648
4 2985 1.86632
76 2986 1.9114
8 2987 1.93248
97 2989 1.99159
72 2990 2.01403
22 2991 2.02458
21 2992 2.02501
70 2994 2.0973
52 2995 2.13349
84 2997 2.21145
20 2998 2.24721
96 3000 2.26941
54 3001 2.34862
78 3003 2.38586
93 3005 2.4938
19 3006 2.50595
71 3007 2.514
62 3008 2.53524
29 3010 2.62588
5 3012 2.67912
94 3013 2.69041
46 3014 2.70712
74 3015 2.74819
45 3017 2.77145
27 3018 2.78829
35 3019 2.82936
64 3020 2.8416
87 3022 2.93665
17 3024 3.00077
49 3025 3.04186
32 3026 3.04783
16 3027 3.05606
40 3029 3.1325
83 3031 3.20473
25 3032 3.20749
14 3033 3.22645
36 3034 3.25415
31 3036 3.29333
68 3037 3.3057
6 3038 3.34787
33 3040 3.3623
82 3041 3.42447
75 3043 3.49509
81 3044 3.50462
73 3047 3.68345
44 3049 3.79829
47 3050 3.82861
24 3052 3.88207
2 3053 3.90722
92 3054 3.92858
77 3056 4.04992
63 3058 4.12142
50 3060 4.21444
41 3062 4.28081
18 3063 4.28466
15 3065 4.37744
1 3066 4.40637
53 3067 4.42641
37 3069 4.47624
62 3072 4.6862
34 3074 4.80727
12 3075 4.8401
42 3076 4.85047
48 3077 4.85091
7 3079 4.94544
29 3081 4.97441
10 3083 5.06974
8 3084 5.09238
83 3090 5.62601
72 3092 5.68775
35 3096 6.0398
96 3101 6.36548
76 3104 6.64093
71 3105 6.6551
6 3107 6.74741
60 3114 7.31689
18 3115 7.33949
10 3118 7.48243
98 3120 7.56365
88 3121 7.61707
46 3122 7.62902
33 3125 7.82394
91 3126 7.82757
9 3129 8.0031
82 3131 8.08963
49 3134 8.27358
39 3135 8.30897
29 3136 8.31219
32 3139 8.4817
37 3141 8.57781
62 3142 8.62421
4 3145 8.79884
94 3146 8.81269
67 3148 8.88813
92 3154 9.39082
89 3155 9.41329
87 3157 9.49168
55 3161 9.76701
61 3163 9.93423
