23 0.8 0.048 0.752
23 0.752 0.048 0.704
3 0.8 0.048 0.752
23 0.704 0.048 0.656
3 0.8 0.048 0.752
25 0.8 0.048 0.752
3 0.8 0.048 0.752
25 0.8 0.048 0.752
14 0.8 0.048 0.752
24 0.8 0.048 0.752
29 0.8 0.048 0.752
14 0.8 0.048 0.752
24 0.8 0.048 0.752
29 0.8 0.048 0.752
1 0.8 0.048 0.752
14 0.8 0.048 0.752
24 0.8 0.048 0.752
29 0.8 0.048 0.752
1 0.8 0.048 0.752
1 0.8 0.048 0.752
27 0.8 0.048 0.752
27 0.8 0.048 0.752
9 0.8 0.048 0.752
7 0.8 0.048 0.752
11 0.8 0.048 0.752
11 0.752 0.048 0.704
15 0.8 0.048 0.752
21 0.8 0.048 0.752
28 0.8 0.048 0.752
9 0.752 0.048 0.704
9 0.704 0.16 0.544
7 0.752 0.16 0.592
11 0.704 0.16 0.544
11 0.544 0.016 0.528
9 0.544 0.016 0.528
11 0.528 0.048 0.48
7 0.592 0.048 0.544
9 0.528 0.048 0.48
15 0.752 0.048 0.704
21 0.752 0.048 0.704
28 0.752 0.048 0.704
15 0.704 0.16 0.544
21 0.704 0.16 0.544
28 0.704 0.16 0.544
27 0.8 0.048 0.752
11 0.55542 0.048 0.50742
9 0.630035 0.048 0.582035
11 0.582176 0.048 0.534176
15 0.76919 0.048 0.72119
21 0.768415 0.048 0.720415
28 0.694935 0.048 0.646935
2 0.8 0.048 0.752
18 0.8 0.048 0.752
18 0.752 0.048 0.704
2 0.752 0.048 0.704
2 0.704 0.16 0.544
18 0.704 0.16 0.544
18 0.544 0.016 0.528
2 0.544 0.016 0.528
18 0.528 0.048 0.48
2 0.528 0.048 0.48
7 0.8 0.048 0.752
9 0.656193 0.048 0.608193
11 0.613139 0.048 0.565139
15 0.8 0.048 0.752
21 0.8 0.048 0.752
28 0.726625 0.048 0.678625
7 0.8 0.048 0.752
9 0.682546 0.048 0.634546
15 0.8 0.048 0.752
19 0.8 0.048 0.752
21 0.8 0.048 0.752
28 0.748889 0.048 0.700889
11 0.722011 0.048 0.674011
7 0.752 0.048 0.704
9 0.713998 0.048 0.665998
15 0.752 0.048 0.704
21 0.752 0.048 0.704
28 0.780018 0.048 0.732018
19 0.8 0.048 0.752
22 0.8 0.048 0.752
3 0.8 0.048 0.752
25 0.8 0.048 0.752
19 0.8 0.048 0.752
22 0.8 0.048 0.752
6 0.8 0.048 0.752
22 0.8 0.048 0.752
18 0.8 0.048 0.752
2 0.8 0.048 0.752
6 0.8 0.048 0.752
5 0.8 0.048 0.752
11 0.8 0.048 0.752
7 0.8 0.048 0.752
9 0.8 0.048 0.752
15 0.8 0.048 0.752
21 0.8 0.048 0.752
28 0.8 0.048 0.752
5 0.8 0.048 0.752
3 0.8 0.048 0.752
25 0.8 0.048 0.752
5 0.8 0.048 0.752
18 0.8 0.048 0.752
2 0.8 0.048 0.752
11 0.8 0.048 0.752
7 0.8 0.048 0.752
9 0.8 0.048 0.752
15 0.8 0.048 0.752
21 0.8 0.048 0.752
28 0.8 0.048 0.752
20 0.8 0.048 0.752
17 0.8 0.048 0.752
3 0.8 0.048 0.752
25 0.8 0.048 0.752
29 0.8 0.048 0.752
14 0.8 0.048 0.752
24 0.8 0.048 0.752
2 0.8 0.048 0.752
18 0.8 0.048 0.752
13 0.8 0.048 0.752
2 0.8 0.048 0.752
18 0.8 0.048 0.752
28 0.8 0.048 0.752
7 0.8 0.048 0.752
9 0.8 0.048 0.752
11 0.8 0.048 0.752
15 0.8 0.048 0.752
21 0.8 0.048 0.752
18 0.8 0.048 0.752
2 0.8 0.048 0.752
2 0.752 0.048 0.704
4 0.8 0.048 0.752
27 0.8 0.048 0.752
1 0.8 0.048 0.752
1 0.752 0.048 0.704
27 0.752 0.048 0.704
27 0.704 0.16 0.544
1 0.704 0.16 0.544
1 0.544 0.016 0.528
27 0.544 0.016 0.528
1 0.528 0.048 0.48
27 0.528 0.048 0.48
23 0.8 0.048 0.752
4 0.8 0.048 0.752
12 0.8 0.048 0.752
16 0.8 0.048 0.752
22 0.8 0.048 0.752
11 0.8 0.048 0.752
7 0.8 0.048 0.752
9 0.8 0.048 0.752
15 0.8 0.048 0.752
21 0.8 0.048 0.752
28 0.8 0.048 0.752
4 0.8 0.048 0.752
12 0.8 0.048 0.752
16 0.8 0.048 0.752
17 0.8 0.048 0.752
20 0.8 0.048 0.752
20 0.752 0.048 0.704
17 0.8 0.048 0.752
3 0.8 0.048 0.752
25 0.8 0.048 0.752
29 0.8 0.048 0.752
14 0.8 0.048 0.752
24 0.8 0.048 0.752
12 0.8 0.048 0.752
16 0.8 0.048 0.752
14 0.8 0.048 0.752
24 0.8 0.048 0.752
29 0.8 0.048 0.752
13 0.8 0.048 0.752
8 0.8 0.048 0.752
28 0.8 0.048 0.752
7 0.8 0.048 0.752
9 0.8 0.048 0.752
11 0.8 0.048 0.752
15 0.8 0.048 0.752
21 0.8 0.048 0.752
18 0.8 0.048 0.752
2 0.8 0.048 0.752
8 0.8 0.048 0.752
10 0.8 0.048 0.752
5 0.8 0.048 0.752
6 0.8 0.048 0.752
1 0.8 0.048 0.752
27 0.8 0.048 0.752
23 0.8 0.048 0.752
22 0.8 0.048 0.752
24 0.8 0.048 0.752
14 0.8 0.048 0.752
29 0.8 0.048 0.752
11 0.8 0.048 0.752
7 0.8 0.048 0.752
9 0.8 0.048 0.752
15 0.8 0.048 0.752
21 0.8 0.048 0.752
28 0.8 0.048 0.752
10 0.8 0.048 0.752
12 0.8 0.048 0.752
4 0.8 0.048 0.752
4 0.752 0.048 0.704
16 0.8 0.048 0.752
12 0.752 0.048 0.704
12 0.704 0.16 0.544
4 0.704 0.16 0.544
4 0.544 0.016 0.528
12 0.544 0.016 0.528
4 0.528 0.048 0.48
12 0.528 0.048 0.48
16 0.752 0.048 0.704
16 0.704 0.16 0.544
17 0.8 0.048 0.752
20 0.8 0.048 0.752
20 0.752 0.048 0.704
17 0.8 0.048 0.752
3 0.8 0.048 0.752
25 0.8 0.048 0.752
29 0.8 0.048 0.752
14 0.8 0.048 0.752
24 0.8 0.048 0.752
10 0.8 0.048 0.752
14 0.8 0.048 0.752
24 0.8 0.048 0.752
29 0.8 0.048 0.752
13 0.8 0.048 0.752
15 0.8 0.048 0.752
7 0.8 0.048 0.752
9 0.8 0.048 0.752
11 0.8 0.048 0.752
21 0.8 0.048 0.752
28 0.8 0.048 0.752
10 0.8 0.048 0.752
28 0.8 0.048 0.752
7 0.8 0.048 0.752
9 0.8 0.048 0.752
11 0.752 0.048 0.704
15 0.8 0.048 0.752
21 0.8 0.048 0.752
18 0.8 0.048 0.752
2 0.8 0.048 0.752
10 0.8 0.048 0.752
5 0.8 0.048 0.752
26 0.8 0.048 0.752
6 0.8 0.048 0.752
1 0.8 0.048 0.752
27 0.8 0.048 0.752
7 0.8 0.048 0.752
9 0.8 0.048 0.752
11 0.8 0.048 0.752
15 0.8 0.048 0.752
21 0.8 0.048 0.752
28 0.8 0.048 0.752
23 0.8 0.048 0.752
26 0.8 0.048 0.752
22 0.8 0.048 0.752
19 0.8 0.048 0.752
19 0.752 0.048 0.704
22 0.752 0.048 0.704
22 0.704 0.16 0.544
19 0.704 0.16 0.544
19 0.544 0.016 0.528
22 0.544 0.016 0.528
19 0.528 0.048 0.48
22 0.528 0.048 0.48
24 0.8 0.048 0.752
14 0.8 0.048 0.752
29 0.8 0.048 0.752
11 0.8 0.048 0.752
7 0.8 0.048 0.752
9 0.8 0.048 0.752
15 0.8 0.048 0.752
21 0.8 0.048 0.752
28 0.8 0.048 0.752
16 0.8 0.048 0.752
12 0.8 0.048 0.752
26 0.8 0.048 0.752
4 0.8 0.048 0.752
12 0.752 0.048 0.704
17 0.8 0.048 0.752
20 0.8 0.048 0.752
20 0.752 0.048 0.704
17 0.8 0.048 0.752
3 0.8 0.048 0.752
25 0.8 0.048 0.752
29 0.8 0.048 0.752
14 0.8 0.048 0.752
24 0.8 0.048 0.752
13 0.8 0.048 0.752
14 0.8 0.048 0.752
24 0.8 0.048 0.752
29 0.8 0.048 0.752
13 0.752 0.048 0.704
13 0.704 0.048 0.656
13 0.656 0.16 0.496
13 0.496 0.016 0.48
15 0.8 0.048 0.752
7 0.8 0.048 0.752
9 0.8 0.048 0.752
11 0.8 0.048 0.752
21 0.8 0.048 0.752
28 0.8 0.048 0.752
13 0.55676 0.048 0.50876
28 0.8 0.048 0.752
7 0.8 0.048 0.752
9 0.8 0.048 0.752
11 0.752 0.048 0.704
15 0.8 0.048 0.752
21 0.8 0.048 0.752
18 0.8 0.048 0.752
2 0.8 0.048 0.752
13 0.580784 0.048 0.532784
20 0.8 0.048 0.752
10 0.8 0.048 0.752
5 0.8 0.048 0.752
26 0.8 0.048 0.752
6 0.8 0.048 0.752
1 0.8 0.048 0.752
21 0.8 0.048 0.752
7 0.8 0.048 0.752
9 0.8 0.048 0.752
11 0.8 0.048 0.752
15 0.8 0.048 0.752
28 0.8 0.048 0.752
7 0.752 0.048 0.704
9 0.752 0.048 0.704
11 0.752 0.048 0.704
15 0.752 0.048 0.704
21 0.752 0.048 0.704
28 0.752 0.048 0.704
23 0.8 0.048 0.752
8 0.8 0.048 0.752
17 0.8 0.048 0.752
20 0.8 0.048 0.752
19 0.8 0.048 0.752
22 0.8 0.048 0.752
24 0.8 0.048 0.752
14 0.8 0.048 0.752
29 0.8 0.048 0.752
9 0.777819 0.048 0.729819
7 0.777985 0.048 0.729985
11 0.783392 0.048 0.735392
15 0.778451 0.048 0.730451
21 0.783795 0.048 0.735795
28 0.78105 0.048 0.73305
11 0.735392 0.048 0.687392
7 0.729985 0.048 0.681985
9 0.729819 0.048 0.681819
15 0.730451 0.048 0.682451
21 0.735795 0.048 0.687795
28 0.73305 0.048 0.68505
16 0.8 0.048 0.752
12 0.8 0.048 0.752
17 0.8 0.048 0.752
20 0.8 0.048 0.752
4 0.8 0.048 0.752
12 0.752 0.048 0.704
17 0.752 0.048 0.704
20 0.752 0.048 0.704
17 0.704 0.048 0.656
17 0.656 0.16 0.496
17 0.496 0.016 0.48
20 0.704 0.048 0.656
17 0.558855 0.048 0.510855
3 0.8 0.048 0.752
25 0.8 0.048 0.752
29 0.8 0.048 0.752
14 0.8 0.048 0.752
24 0.8 0.048 0.752
17 0.510855 0.048 0.462855
30 0.8 0.048 0.752
14 0.8 0.048 0.752
24 0.8 0.048 0.752
29 0.8 0.048 0.752
15 0.8 0.048 0.752
7 0.8 0.048 0.752
9 0.757214 0.048 0.709214
11 0.8 0.048 0.752
21 0.8 0.048 0.752
28 0.755968 0.048 0.707968
30 0.752 0.048 0.704
30 0.704 0.048 0.656
30 0.656 0.16 0.496
30 0.496 0.016 0.48
30 0.556861 0.048 0.508861
28 0.779709 0.048 0.731709
7 0.8 0.048 0.752
9 0.783799 0.048 0.735799
11 0.752 0.048 0.704
15 0.8 0.048 0.752
21 0.8 0.048 0.752
25 0.8 0.048 0.752
3 0.8 0.048 0.752
18 0.8 0.048 0.752
2 0.8 0.048 0.752
30 0.584518 0.048 0.536518
10 0.8 0.048 0.752
5 0.8 0.048 0.752
26 0.8 0.048 0.752
6 0.8 0.048 0.752
1 0.8 0.048 0.752
21 0.8 0.048 0.752
7 0.8 0.048 0.752
9 0.8 0.048 0.752
11 0.8 0.048 0.752
15 0.8 0.048 0.752
28 0.8 0.048 0.752
7 0.752 0.048 0.704
9 0.752 0.048 0.704
11 0.752 0.048 0.704
15 0.752 0.048 0.704
21 0.752 0.048 0.704
28 0.752 0.048 0.704
23 0.8 0.048 0.752
8 0.8 0.048 0.752
19 0.8 0.048 0.752
24 0.8 0.048 0.752
14 0.8 0.048 0.752
29 0.8 0.048 0.752
9 0.775154 0.048 0.727154
7 0.782342 0.048 0.734342
11 0.778368 0.048 0.730368
15 0.777404 0.048 0.729404
21 0.777063 0.048 0.729063
28 0.775328 0.048 0.727328
11 0.730368 0.048 0.682368
7 0.734342 0.048 0.686342
9 0.727154 0.048 0.679154
15 0.729404 0.048 0.681404
21 0.729063 0.048 0.681063
28 0.727328 0.048 0.679328
16 0.8 0.048 0.752
12 0.8 0.048 0.752
4 0.8 0.048 0.752
12 0.752 0.048 0.704
20 0.8 0.048 0.752
17 0.8 0.048 0.752
3 0.8 0.048 0.752
25 0.8 0.048 0.752
29 0.8 0.048 0.752
14 0.8 0.048 0.752
24 0.8 0.048 0.752
23 0.8 0.048 0.752
14 0.8 0.048 0.752
24 0.8 0.048 0.752
29 0.8 0.048 0.752
15 0.8 0.048 0.752
7 0.8 0.048 0.752
9 0.752954 0.048 0.704954
11 0.8 0.048 0.752
21 0.8 0.048 0.752
28 0.75796 0.048 0.70996
23 0.8 0.048 0.752
28 0.783395 0.048 0.735395
7 0.8 0.048 0.752
9 0.783763 0.048 0.735763
11 0.752 0.048 0.704
15 0.8 0.048 0.752
21 0.8 0.048 0.752
25 0.8 0.048 0.752
3 0.8 0.048 0.752
18 0.8 0.048 0.752
2 0.8 0.048 0.752
3 0.8 0.048 0.752
23 0.8 0.048 0.752
10 0.8 0.048 0.752
5 0.8 0.048 0.752
27 0.8 0.048 0.752
26 0.8 0.048 0.752
6 0.8 0.048 0.752
1 0.8 0.048 0.752
21 0.8 0.048 0.752
7 0.8 0.048 0.752
9 0.8 0.048 0.752
11 0.8 0.048 0.752
15 0.8 0.048 0.752
28 0.8 0.048 0.752
7 0.752 0.048 0.704
9 0.752 0.048 0.704
11 0.752 0.048 0.704
15 0.752 0.048 0.704
21 0.752 0.048 0.704
28 0.752 0.048 0.704
23 0.8 0.048 0.752
8 0.8 0.048 0.752
3 0.8 0.048 0.752
23 0.752 0.048 0.704
25 0.8 0.048 0.752
19 0.8 0.048 0.752
22 0.8 0.048 0.752
2 0.8 0.048 0.752
18 0.8 0.048 0.752
24 0.8 0.048 0.752
14 0.8 0.048 0.752
29 0.8 0.048 0.752
9 0.782067 0.048 0.734067
7 0.776234 0.048 0.728234
11 0.783211 0.048 0.735211
15 0.780563 0.048 0.732563
21 0.776663 0.048 0.728663
28 0.774356 0.048 0.726356
11 0.735211 0.048 0.687211
7 0.728234 0.048 0.680234
9 0.734067 0.048 0.686067
15 0.732563 0.048 0.684563
21 0.728663 0.048 0.680663
28 0.726356 0.048 0.678356
16 0.8 0.048 0.752
4 0.8 0.048 0.752
12 0.8 0.048 0.752
3 0.8 0.048 0.752
25 0.8 0.048 0.752
4 0.752 0.048 0.704
12 0.752 0.048 0.704
16 0.752 0.048 0.704
20 0.8 0.048 0.752
17 0.8 0.048 0.752
3 0.752 0.048 0.704
25 0.8 0.048 0.752
3 0.704 0.048 0.656
3 0.656 0.16 0.496
3 0.496 0.016 0.48
29 0.8 0.048 0.752
14 0.8 0.048 0.752
24 0.8 0.048 0.752
3 0.558697 0.048 0.510697
24 0.752 0.048 0.704
25 0.752 0.048 0.704
29 0.752 0.048 0.704
14 0.8 0.048 0.752
24 0.779693 0.048 0.731693
29 0.77436 0.048 0.72636
15 0.8 0.048 0.752
7 0.8 0.048 0.752
9 0.759809 0.048 0.711809
11 0.8 0.048 0.752
21 0.8 0.048 0.752
28 0.75797 0.048 0.70997
14 0.8 0.048 0.752
24 0.731693 0.048 0.683693
29 0.72636 0.048 0.67836
28 0.782791 0.048 0.734791
7 0.8 0.048 0.752
9 0.785926 0.048 0.737926
11 0.752 0.048 0.704
15 0.8 0.048 0.752
21 0.8 0.048 0.752
25 0.8 0.048 0.752
3 0.585668 0.048 0.537668
18 0.8 0.048 0.752
2 0.8 0.048 0.752
14 0.8 0.048 0.752
29 0.75121 0.048 0.70321
10 0.8 0.048 0.752
5 0.8 0.048 0.752
27 0.8 0.048 0.752
26 0.8 0.048 0.752
6 0.8 0.048 0.752
1 0.8 0.048 0.752
21 0.8 0.048 0.752
7 0.8 0.048 0.752
9 0.8 0.048 0.752
11 0.8 0.048 0.752
15 0.8 0.048 0.752
28 0.8 0.048 0.752
7 0.752 0.048 0.704
9 0.752 0.048 0.704
11 0.752 0.048 0.704
15 0.752 0.048 0.704
21 0.752 0.048 0.704
28 0.752 0.048 0.704
23 0.8 0.048 0.752
8 0.8 0.048 0.752
1 0.8 0.048 0.752
19 0.8 0.048 0.752
22 0.8 0.048 0.752
2 0.8 0.048 0.752
18 0.8 0.048 0.752
24 0.8 0.048 0.752
14 0.8 0.048 0.752
29 0.8 0.048 0.752
9 0.780201 0.048 0.732201
7 0.774224 0.048 0.726224
11 0.780375 0.048 0.732375
15 0.783093 0.048 0.735093
21 0.774375 0.048 0.726375
28 0.776419 0.048 0.728419
11 0.732375 0.048 0.684375
7 0.726224 0.048 0.678224
9 0.732201 0.048 0.684201
15 0.735093 0.048 0.687093
21 0.726375 0.048 0.678375
28 0.728419 0.048 0.680419
16 0.8 0.048 0.752
12 0.8 0.048 0.752
1 0.8 0.048 0.752
27 0.8 0.048 0.752
4 0.8 0.048 0.752
12 0.752 0.048 0.704
20 0.8 0.048 0.752
17 0.8 0.048 0.752
29 0.8 0.048 0.752
14 0.8 0.048 0.752
24 0.8 0.048 0.752
1 0.8 0.048 0.752
27 0.8 0.048 0.752
14 0.8 0.048 0.752
24 0.8 0.048 0.752
29 0.8 0.048 0.752
15 0.8 0.048 0.752
7 0.8 0.048 0.752
9 0.758949 0.048 0.710949
11 0.8 0.048 0.752
21 0.8 0.048 0.752
28 0.757786 0.048 0.709786
27 0.8 0.048 0.752
28 0.784137 0.048 0.736137
7 0.8 0.048 0.752
9 0.784318 0.048 0.736318
11 0.752 0.048 0.704
15 0.8 0.048 0.752
21 0.8 0.048 0.752
22 0.8 0.048 0.752
19 0.8 0.048 0.752
25 0.8 0.048 0.752
3 0.8 0.048 0.752
18 0.8 0.048 0.752
2 0.8 0.048 0.752
10 0.8 0.048 0.752
5 0.8 0.048 0.752
27 0.8 0.048 0.752
26 0.8 0.048 0.752
6 0.8 0.048 0.752
1 0.8 0.048 0.752
21 0.8 0.048 0.752
7 0.8 0.048 0.752
9 0.8 0.048 0.752
11 0.8 0.048 0.752
15 0.8 0.048 0.752
28 0.8 0.048 0.752
7 0.752 0.048 0.704
9 0.752 0.048 0.704
11 0.752 0.048 0.704
15 0.752 0.048 0.704
21 0.752 0.048 0.704
28 0.752 0.048 0.704
23 0.8 0.048 0.752
8 0.8 0.048 0.752
7 0.775154 0.048 0.727154
9 0.704 0.048 0.656
11 0.704 0.048 0.656
15 0.779185 0.048 0.731185
21 0.779652 0.048 0.731652
19 0.8 0.048 0.752
2 0.8 0.048 0.752
18 0.8 0.048 0.752
24 0.8 0.048 0.752
14 0.8 0.048 0.752
29 0.8 0.048 0.752
9 0.729768 0.048 0.681768
7 0.727154 0.048 0.679154
11 0.731434 0.048 0.683434
15 0.731185 0.048 0.683185
21 0.731652 0.048 0.683652
9 0.681768 0.048 0.633768
9 0.633768 0.16 0.473768
9 0.473768 0.016 0.457768
11 0.683434 0.048 0.635434
7 0.679154 0.048 0.631154
9 0.457768 0.048 0.409768
15 0.683185 0.048 0.635185
21 0.683652 0.048 0.635652
11 0.635434 0.048 0.587434
11 0.587434 0.16 0.427434
11 0.427434 0.016 0.411434
16 0.8 0.048 0.752
4 0.8 0.048 0.752
12 0.8 0.048 0.752
7 0.704213 0.048 0.656213
9 0.409768 0.048 0.361768
11 0.411434 0.048 0.363434
15 0.705231 0.048 0.657231
21 0.711866 0.048 0.663866
28 0.779467 0.048 0.731467
4 0.752 0.048 0.704
12 0.752 0.048 0.704
16 0.752 0.048 0.704
20 0.8 0.048 0.752
29 0.8 0.048 0.752
14 0.8 0.048 0.752
24 0.8 0.048 0.752
7 0.730946 0.048 0.682946
9 0.432151 0.048 0.384151
15 0.733682 0.048 0.685682
19 0.8 0.048 0.752
21 0.735244 0.048 0.687244
28 0.8 0.048 0.752
12 0.774933 0.048 0.726933
4 0.780488 0.048 0.732488
16 0.781421 0.048 0.733421
14 0.8 0.048 0.752
24 0.8 0.048 0.752
29 0.8 0.048 0.752
15 0.685682 0.048 0.637682
7 0.682946 0.048 0.634946
9 0.384151 0.048 0.336151
21 0.687244 0.048 0.639244
28 0.752 0.048 0.704
15 0.637682 0.048 0.589682
15 0.589682 0.16 0.429682
15 0.429682 0.016 0.413682
19 0.8 0.048 0.752
22 0.8 0.048 0.752
28 0.781198 0.048 0.733198
28 0.733198 0.048 0.685198
7 0.709564 0.048 0.661564
15 0.493641 0.048 0.445641
21 0.719169 0.048 0.671169
28 0.685198 0.048 0.637198
28 0.637198 0.16 0.477198
28 0.477198 0.016 0.461198
22 0.752 0.048 0.704
19 0.8 0.048 0.752
22 0.704 0.048 0.656
22 0.656 0.16 0.496
22 0.496 0.016 0.48
25 0.8 0.048 0.752
3 0.8 0.048 0.752
18 0.8 0.048 0.752
2 0.8 0.048 0.752
19 0.752 0.048 0.704
22 0.555709 0.048 0.507709
10 0.8 0.048 0.752
5 0.8 0.048 0.752
27 0.8 0.048 0.752
26 0.8 0.048 0.752
6 0.8 0.048 0.752
1 0.8 0.048 0.752
21 0.751061 0.048 0.703061
7 0.735049 0.048 0.687049
9 0.559121 0.048 0.511121
11 0.666391 0.048 0.618391
11 0.618391 0.048 0.570391
15 0.51754 0.048 0.46954
28 0.605051 0.048 0.557051
21 0.703061 0.048 0.655061
21 0.655061 0.16 0.495061
7 0.687049 0.16 0.527049
9 0.511121 0.16 0.351121
11 0.570391 0.16 0.410391
15 0.46954 0.16 0.30954
28 0.557051 0.16 0.397051
7 0.527049 0.048 0.479049
9 0.351121 0.048 0.303121
11 0.410391 0.048 0.362391
15 0.30954 0.048 0.26154
21 0.495061 0.048 0.447061
28 0.397051 0.048 0.349051
23 0.8 0.048 0.752
8 0.8 0.048 0.752
6 0.8 0.048 0.752
22 0.578704 0.048 0.530704
19 0.8 0.048 0.752
2 0.8 0.048 0.752
18 0.8 0.048 0.752
24 0.8 0.048 0.752
14 0.8 0.048 0.752
29 0.8 0.048 0.752
16 0.8 0.048 0.752
4 0.8 0.048 0.752
12 0.8 0.048 0.752
6 0.8 0.048 0.752
4 0.752 0.048 0.704
12 0.752 0.048 0.704
16 0.752 0.048 0.704
20 0.8 0.048 0.752
29 0.8 0.048 0.752
14 0.8 0.048 0.752
24 0.8 0.048 0.752
5 0.8 0.048 0.752
6 0.8 0.048 0.752
12 0.783185 0.048 0.735185
4 0.782247 0.048 0.734247
16 0.783243 0.048 0.735243
14 0.8 0.048 0.752
24 0.8 0.048 0.752
29 0.8 0.048 0.752
5 0.8 0.048 0.752
25 0.8 0.048 0.752
3 0.8 0.048 0.752
18 0.8 0.048 0.752
2 0.8 0.048 0.752
5 0.8 0.048 0.752
10 0.8 0.048 0.752
5 0.752 0.048 0.704
5 0.704 0.048 0.656
5 0.656 0.16 0.496
5 0.496 0.016 0.48
27 0.8 0.048 0.752
26 0.8 0.048 0.752
6 0.8 0.048 0.752
1 0.8 0.048 0.752
7 0.8 0.048 0.752
9 0.683797 0.048 0.635797
11 0.73713 0.048 0.68913
11 0.68913 0.048 0.64113
15 0.653181 0.048 0.605181
21 0.8 0.048 0.752
28 0.725986 0.048 0.677986
7 0.752 0.048 0.704
7 0.704 0.16 0.544
9 0.635797 0.16 0.475797
11 0.64113 0.16 0.48113
15 0.605181 0.16 0.445181
21 0.752 0.16 0.592
28 0.677986 0.16 0.517986
23 0.8 0.048 0.752
8 0.8 0.048 0.752
19 0.8 0.048 0.752
22 0.8 0.048 0.752
28 0.517986 0.048 0.469986
2 0.8 0.048 0.752
24 0.8 0.048 0.752
14 0.8 0.048 0.752
29 0.8 0.048 0.752
13 0.8 0.048 0.752
16 0.8 0.048 0.752
4 0.8 0.048 0.752
12 0.8 0.048 0.752
4 0.752 0.048 0.704
12 0.752 0.048 0.704
16 0.752 0.048 0.704
20 0.8 0.048 0.752
29 0.8 0.048 0.752
14 0.8 0.048 0.752
24 0.8 0.048 0.752
12 0.777981 0.048 0.729981
4 0.781045 0.048 0.733045
16 0.777312 0.048 0.729312
14 0.8 0.048 0.752
24 0.8 0.048 0.752
29 0.8 0.048 0.752
30 0.8 0.048 0.752
25 0.8 0.048 0.752
3 0.8 0.048 0.752
18 0.8 0.048 0.752
18 0.752 0.048 0.704
10 0.8 0.048 0.752
27 0.8 0.048 0.752
26 0.8 0.048 0.752
6 0.8 0.048 0.752
1 0.8 0.048 0.752
23 0.8 0.048 0.752
8 0.8 0.048 0.752
2 0.8 0.048 0.752
18 0.777037 0.048 0.729037
19 0.8 0.048 0.752
22 0.8 0.048 0.752
28 0.8 0.048 0.752
28 0.752 0.048 0.704
19 0.752 0.048 0.704
19 0.704 0.16 0.544
28 0.704 0.16 0.544
28 0.544 0.016 0.528
19 0.544 0.016 0.528
28 0.528 0.048 0.48
7 0.8 0.048 0.752
15 0.8 0.048 0.752
15 0.752 0.048 0.704
19 0.528 0.048 0.48
21 0.8 0.048 0.752
28 0.48 0.048 0.432
28 0.432 0.16 0.272
7 0.752 0.16 0.592
15 0.704 0.16 0.544
15 0.544 0.016 0.528
28 0.272 0.016 0.256
15 0.528 0.048 0.48
7 0.592 0.048 0.544
9 0.8 0.048 0.752
11 0.8 0.048 0.752
11 0.752 0.048 0.704
21 0.752 0.048 0.704
28 0.256 0.048 0.208
15 0.48 0.048 0.432
15 0.432 0.16 0.272
21 0.704 0.16 0.544
7 0.544 0.16 0.384
9 0.752 0.16 0.592
11 0.704 0.16 0.544
11 0.544 0.016 0.528
15 0.272 0.016 0.256
11 0.528 0.048 0.48
7 0.384 0.048 0.336
9 0.592 0.048 0.544
15 0.256 0.048 0.208
21 0.544 0.048 0.496
21 0.496 0.16 0.336
2 0.8 0.048 0.752
18 0.8 0.048 0.752
2 0.752 0.048 0.704
2 0.704 0.16 0.544
2 0.544 0.016 0.528
24 0.8 0.048 0.752
14 0.8 0.048 0.752
29 0.8 0.048 0.752
13 0.8 0.048 0.752
16 0.8 0.048 0.752
4 0.8 0.048 0.752
12 0.8 0.048 0.752
2 0.528 0.048 0.48
18 0.752 0.048 0.704
4 0.752 0.048 0.704
12 0.752 0.048 0.704
16 0.752 0.048 0.704
20 0.8 0.048 0.752
17 0.8 0.048 0.752
29 0.8 0.048 0.752
14 0.8 0.048 0.752
24 0.8 0.048 0.752
2 0.551973 0.048 0.503973
4 0.780579 0.048 0.732579
12 0.778062 0.048 0.730062
12 0.730062 0.048 0.682062
4 0.732579 0.048 0.684579
16 0.777952 0.048 0.729952
12 0.682062 0.048 0.634062
12 0.634062 0.16 0.474062
12 0.474062 0.016 0.458062
14 0.8 0.048 0.752
24 0.8 0.048 0.752
29 0.8 0.048 0.752
4 0.760234 0.048 0.712234
12 0.537035 0.048 0.489035
16 0.8 0.048 0.752
30 0.8 0.048 0.752
25 0.8 0.048 0.752
3 0.8 0.048 0.752
18 0.8 0.048 0.752
4 0.787068 0.048 0.739068
12 0.559926 0.048 0.511926
16 0.8 0.048 0.752
10 0.8 0.048 0.752
27 0.8 0.048 0.752
1 0.8 0.048 0.752
26 0.8 0.048 0.752
6 0.8 0.048 0.752
1 0.752 0.048 0.704
27 0.752 0.048 0.704
23 0.8 0.048 0.752
8 0.8 0.048 0.752
8 0.752 0.048 0.704
16 0.8 0.048 0.752
11 0.8 0.048 0.752
7 0.714608 0.048 0.666608
9 0.8 0.048 0.752
15 0.594987 0.048 0.546987
21 0.711511 0.048 0.663511
24 0.8 0.048 0.752
14 0.8 0.048 0.752
29 0.8 0.048 0.752
13 0.8 0.048 0.752
16 0.8 0.048 0.752
4 0.8 0.048 0.752
12 0.653404 0.048 0.605404
12 0.605404 0.048 0.557404
16 0.752 0.048 0.704
16 0.704 0.16 0.544
4 0.752 0.16 0.592
12 0.557404 0.16 0.397404
8 0.781661 0.048 0.733661
4 0.592 0.048 0.544
12 0.397404 0.048 0.349404
16 0.544 0.048 0.496
20 0.8 0.048 0.752
29 0.8 0.048 0.752
14 0.8 0.048 0.752
24 0.8 0.048 0.752
8 0.8 0.048 0.752
14 0.8 0.048 0.752
24 0.8 0.048 0.752
29 0.8 0.048 0.752
10 0.8 0.048 0.752
28 0.8 0.048 0.752
7 0.8 0.048 0.752
15 0.769873 0.048 0.721873
15 0.721873 0.048 0.673873
19 0.8 0.048 0.752
21 0.8 0.048 0.752
28 0.752 0.048 0.704
28 0.704 0.16 0.544
7 0.752 0.16 0.592
15 0.673873 0.16 0.513873
15 0.513873 0.016 0.497873
28 0.544 0.016 0.528
15 0.497873 0.048 0.449873
7 0.592 0.048 0.544
9 0.8 0.048 0.752
11 0.8 0.048 0.752
21 0.752 0.048 0.704
28 0.528 0.048 0.48
19 0.752 0.16 0.592
21 0.704 0.16 0.544
30 0.8 0.048 0.752
25 0.8 0.048 0.752
3 0.8 0.048 0.752
18 0.8 0.048 0.752
2 0.8 0.048 0.752
17 0.8 0.048 0.752
10 0.8 0.048 0.752
10 0.752 0.048 0.704
10 0.704 0.048 0.656
10 0.656 0.16 0.496
10 0.496 0.016 0.48
27 0.8 0.048 0.752
1 0.8 0.048 0.752
26 0.8 0.048 0.752
6 0.8 0.048 0.752
1 0.752 0.048 0.704
23 0.8 0.048 0.752
8 0.8 0.048 0.752
10 0.559207 0.048 0.511207
11 0.8 0.048 0.752
7 0.693949 0.048 0.645949
9 0.8 0.048 0.752
15 0.602687 0.048 0.554687
21 0.692403 0.048 0.644403
24 0.8 0.048 0.752
14 0.8 0.048 0.752
29 0.8 0.048 0.752
13 0.8 0.048 0.752
4 0.8 0.048 0.752
12 0.717937 0.048 0.669937
16 0.8 0.048 0.752
20 0.8 0.048 0.752
29 0.8 0.048 0.752
14 0.8 0.048 0.752
24 0.8 0.048 0.752
26 0.8 0.048 0.752
14 0.8 0.048 0.752
24 0.8 0.048 0.752
29 0.8 0.048 0.752
22 0.8 0.048 0.752
26 0.8 0.048 0.752
15 0.782597 0.048 0.734597
7 0.8 0.048 0.752
9 0.8 0.048 0.752
11 0.8 0.048 0.752
21 0.8 0.048 0.752
28 0.8 0.048 0.752
30 0.8 0.048 0.752
25 0.8 0.048 0.752
3 0.8 0.048 0.752
18 0.8 0.048 0.752
17 0.8 0.048 0.752
26 0.8 0.048 0.752
27 0.8 0.048 0.752
1 0.8 0.048 0.752
26 0.752 0.048 0.704
6 0.8 0.048 0.752
1 0.752 0.048 0.704
27 0.752 0.048 0.704
23 0.8 0.048 0.752
8 0.8 0.048 0.752
13 0.8 0.048 0.752
11 0.8 0.048 0.752
7 0.8 0.048 0.752
9 0.8 0.048 0.752
15 0.8 0.048 0.752
21 0.8 0.048 0.752
24 0.8 0.048 0.752
14 0.8 0.048 0.752
29 0.8 0.048 0.752
13 0.8 0.048 0.752
13 0.752 0.048 0.704
13 0.704 0.16 0.544
13 0.544 0.016 0.528
9 0.8 0.048 0.752
7 0.8 0.048 0.752
11 0.8 0.048 0.752
15 0.752 0.048 0.704
21 0.752 0.048 0.704
13 0.528 0.048 0.48
4 0.8 0.048 0.752
12 0.8 0.048 0.752
16 0.8 0.048 0.752
20 0.8 0.048 0.752
17 0.8 0.048 0.752
29 0.8 0.048 0.752
14 0.8 0.048 0.752
24 0.8 0.048 0.752
13 0.556893 0.048 0.508893
20 0.8 0.048 0.752
14 0.8 0.048 0.752
24 0.8 0.048 0.752
29 0.8 0.048 0.752
22 0.8 0.048 0.752
17 0.8 0.048 0.752
20 0.8 0.048 0.752
15 0.8 0.048 0.752
7 0.8 0.048 0.752
9 0.8 0.048 0.752
11 0.8 0.048 0.752
21 0.8 0.048 0.752
28 0.8 0.048 0.752
30 0.8 0.048 0.752
25 0.8 0.048 0.752
3 0.8 0.048 0.752
18 0.8 0.048 0.752
17 0.8 0.048 0.752
17 0.752 0.048 0.704
17 0.704 0.16 0.544
17 0.544 0.016 0.528
17 0.528 0.048 0.48
27 0.8 0.048 0.752
1 0.8 0.048 0.752
26 0.8 0.048 0.752
6 0.8 0.048 0.752
1 0.752 0.048 0.704
27 0.752 0.048 0.704
23 0.8 0.048 0.752
8 0.8 0.048 0.752
17 0.555423 0.048 0.507423
30 0.8 0.048 0.752
11 0.8 0.048 0.752
7 0.8 0.048 0.752
9 0.8 0.048 0.752
15 0.8 0.048 0.752
21 0.8 0.048 0.752
24 0.8 0.048 0.752
14 0.8 0.048 0.752
29 0.8 0.048 0.752
9 0.8 0.048 0.752
7 0.8 0.048 0.752
11 0.8 0.048 0.752
15 0.752 0.048 0.704
21 0.752 0.048 0.704
30 0.8 0.048 0.752
4 0.8 0.048 0.752
12 0.8 0.048 0.752
16 0.8 0.048 0.752
20 0.8 0.048 0.752
29 0.8 0.048 0.752
14 0.8 0.048 0.752
24 0.8 0.048 0.752
30 0.8 0.048 0.752
14 0.8 0.048 0.752
24 0.8 0.048 0.752
29 0.8 0.048 0.752
22 0.8 0.048 0.752
15 0.8 0.048 0.752
7 0.8 0.048 0.752
9 0.8 0.048 0.752
11 0.8 0.048 0.752
21 0.8 0.048 0.752
30 0.8 0.048 0.752
25 0.8 0.048 0.752
3 0.8 0.048 0.752
18 0.8 0.048 0.752
2 0.8 0.048 0.752
27 0.8 0.048 0.752
1 0.8 0.048 0.752
26 0.8 0.048 0.752
6 0.8 0.048 0.752
1 0.752 0.048 0.704
27 0.752 0.048 0.704
23 0.8 0.048 0.752
23 0.752 0.048 0.704
23 0.704 0.16 0.544
23 0.544 0.016 0.528
8 0.8 0.048 0.752
23 0.528 0.048 0.48
11 0.8 0.048 0.752
7 0.8 0.048 0.752
9 0.8 0.048 0.752
15 0.8 0.048 0.752
21 0.8 0.048 0.752
24 0.8 0.048 0.752
14 0.8 0.048 0.752
29 0.8 0.048 0.752
9 0.8 0.048 0.752
7 0.8 0.048 0.752
11 0.8 0.048 0.752
15 0.752 0.048 0.704
21 0.752 0.048 0.704
23 0.551578 0.048 0.503578
4 0.8 0.048 0.752
12 0.8 0.048 0.752
16 0.8 0.048 0.752
20 0.8 0.048 0.752
29 0.8 0.048 0.752
14 0.8 0.048 0.752
24 0.8 0.048 0.752
3 0.8 0.048 0.752
23 0.582023 0.048 0.534023
25 0.8 0.048 0.752
14 0.8 0.048 0.752
24 0.8 0.048 0.752
29 0.8 0.048 0.752
22 0.8 0.048 0.752
3 0.8 0.048 0.752
25 0.8 0.048 0.752
15 0.8 0.048 0.752
7 0.8 0.048 0.752
9 0.8 0.048 0.752
11 0.8 0.048 0.752
21 0.8 0.048 0.752
30 0.8 0.048 0.752
25 0.8 0.048 0.752
3 0.752 0.048 0.704
25 0.752 0.048 0.704
25 0.704 0.16 0.544
25 0.544 0.016 0.528
18 0.8 0.048 0.752
2 0.8 0.048 0.752
3 0.777146 0.048 0.729146
24 0.8 0.048 0.752
25 0.528 0.048 0.48
27 0.8 0.048 0.752
1 0.8 0.048 0.752
26 0.8 0.048 0.752
6 0.8 0.048 0.752
1 0.752 0.048 0.704
27 0.752 0.048 0.704
8 0.8 0.048 0.752
14 0.8 0.048 0.752
24 0.8 0.048 0.752
29 0.8 0.048 0.752
11 0.8 0.048 0.752
7 0.8 0.048 0.752
9 0.8 0.048 0.752
15 0.8 0.048 0.752
21 0.8 0.048 0.752
24 0.8 0.048 0.752
14 0.752 0.048 0.704
29 0.8 0.048 0.752
24 0.752 0.048 0.704
24 0.704 0.16 0.544
24 0.544 0.016 0.528
9 0.8 0.048 0.752
7 0.8 0.048 0.752
11 0.8 0.048 0.752
15 0.752 0.048 0.704
21 0.752 0.048 0.704
14 0.779605 0.048 0.731605
24 0.528 0.048 0.48
29 0.752 0.048 0.704
4 0.8 0.048 0.752
12 0.8 0.048 0.752
16 0.8 0.048 0.752
20 0.8 0.048 0.752
17 0.8 0.048 0.752
29 0.783124 0.048 0.735124
14 0.731605 0.048 0.683605
24 0.552077 0.048 0.504077
29 0.735124 0.048 0.687124
29 0.687124 0.16 0.527124
29 0.527124 0.016 0.511124
14 0.755325 0.048 0.707325
29 0.511124 0.048 0.463124
14 0.707325 0.048 0.659325
24 0.574804 0.048 0.526804
24 0.526804 0.048 0.478804
29 0.535068 0.048 0.487068
14 0.659325 0.048 0.611325
14 0.611325 0.16 0.451325
24 0.478804 0.16 0.318804
29 0.487068 0.16 0.327068
22 0.8 0.048 0.752
1 0.8 0.048 0.752
15 0.8 0.048 0.752
7 0.8 0.048 0.752
9 0.8 0.048 0.752
11 0.8 0.048 0.752
21 0.8 0.048 0.752
28 0.8 0.048 0.752
30 0.8 0.048 0.752
18 0.8 0.048 0.752
2 0.8 0.048 0.752
1 0.8 0.048 0.752
27 0.8 0.048 0.752
27 0.752 0.048 0.704
1 0.752 0.048 0.704
27 0.704 0.048 0.656
27 0.656 0.16 0.496
27 0.496 0.016 0.48
26 0.8 0.048 0.752
6 0.8 0.048 0.752
1 0.704 0.048 0.656
27 0.48 0.048 0.432
1 0.656 0.048 0.608
1 0.608 0.16 0.448
1 0.448 0.016 0.432
8 0.8 0.048 0.752
1 0.5097 0.048 0.4617
27 0.504111 0.048 0.456111
11 0.8 0.048 0.752
7 0.8 0.048 0.752
9 0.8 0.048 0.752
15 0.8 0.048 0.752
21 0.8 0.048 0.752
9 0.8 0.048 0.752
7 0.8 0.048 0.752
11 0.8 0.048 0.752
15 0.752 0.048 0.704
21 0.752 0.048 0.704
4 0.8 0.048 0.752
12 0.8 0.048 0.752
16 0.8 0.048 0.752
20 0.8 0.048 0.752
17 0.8 0.048 0.752
7 0.8 0.048 0.752
9 0.8 0.048 0.752
11 0.8 0.048 0.752
22 0.8 0.048 0.752
7 0.8 0.048 0.752
9 0.8 0.048 0.752
11 0.8 0.048 0.752
15 0.8 0.048 0.752
21 0.8 0.048 0.752
15 0.752 0.048 0.704
7 0.752 0.048 0.704
9 0.752 0.048 0.704
11 0.8 0.048 0.752
21 0.752 0.048 0.704
15 0.704 0.048 0.656
15 0.656 0.16 0.496
15 0.496 0.016 0.48
30 0.8 0.048 0.752
18 0.8 0.048 0.752
2 0.8 0.048 0.752
7 0.776416 0.048 0.728416
9 0.776817 0.048 0.728817
11 0.752 0.048 0.704
15 0.559704 0.048 0.511704
19 0.8 0.048 0.752
21 0.778292 0.048 0.730292
28 0.8 0.048 0.752
26 0.8 0.048 0.752
6 0.8 0.048 0.752
8 0.8 0.048 0.752
15 0.588056 0.048 0.540056
19 0.8 0.048 0.752
21 0.8 0.048 0.752
28 0.8 0.048 0.752
11 0.779557 0.048 0.731557
7 0.8 0.048 0.752
9 0.8 0.048 0.752
15 0.540056 0.048 0.492056
21 0.752 0.048 0.704
9 0.8 0.048 0.752
7 0.8 0.048 0.752
11 0.8 0.048 0.752
15 0.492056 0.048 0.444056
21 0.704 0.048 0.656
19 0.8 0.048 0.752
22 0.8 0.048 0.752
28 0.8 0.048 0.752
4 0.8 0.048 0.752
12 0.8 0.048 0.752
16 0.8 0.048 0.752
20 0.8 0.048 0.752
17 0.8 0.048 0.752
22 0.8 0.048 0.752
22 0.752 0.048 0.704
22 0.704 0.048 0.656
22 0.656 0.16 0.496
22 0.496 0.016 0.48
6 0.8 0.048 0.752
22 0.556566 0.048 0.508566
30 0.8 0.048 0.752
18 0.8 0.048 0.752
2 0.8 0.048 0.752
6 0.8 0.048 0.752
26 0.8 0.048 0.752
6 0.752 0.048 0.704
6 0.704 0.048 0.656
6 0.656 0.16 0.496
6 0.496 0.016 0.48
8 0.8 0.048 0.752
5 0.8 0.048 0.752
6 0.552435 0.048 0.504435
11 0.8 0.048 0.752
7 0.8 0.048 0.752
9 0.8 0.048 0.752
15 0.8 0.048 0.752
21 0.8 0.048 0.752
9 0.8 0.048 0.752
7 0.8 0.048 0.752
11 0.8 0.048 0.752
15 0.752 0.048 0.704
21 0.752 0.048 0.704
5 0.8 0.048 0.752
4 0.8 0.048 0.752
12 0.8 0.048 0.752
16 0.8 0.048 0.752
20 0.8 0.048 0.752
17 0.8 0.048 0.752
5 0.8 0.048 0.752
30 0.8 0.048 0.752
18 0.8 0.048 0.752
2 0.8 0.048 0.752
26 0.8 0.048 0.752
8 0.8 0.048 0.752
11 0.8 0.048 0.752
7 0.8 0.048 0.752
9 0.8 0.048 0.752
15 0.8 0.048 0.752
21 0.8 0.048 0.752
9 0.8 0.048 0.752
7 0.8 0.048 0.752
11 0.8 0.048 0.752
15 0.752 0.048 0.704
21 0.752 0.048 0.704
4 0.8 0.048 0.752
12 0.8 0.048 0.752
16 0.8 0.048 0.752
20 0.8 0.048 0.752
17 0.8 0.048 0.752
2 0.8 0.048 0.752
18 0.8 0.048 0.752
2 0.8 0.048 0.752
18 0.8 0.048 0.752
30 0.8 0.048 0.752
18 0.8 0.048 0.752
2 0.8 0.048 0.752
18 0.752 0.048 0.704
18 0.704 0.16 0.544
18 0.544 0.016 0.528
2 0.752 0.048 0.704
18 0.528 0.048 0.48
26 0.8 0.048 0.752
8 0.8 0.048 0.752
4 0.8 0.048 0.752
12 0.8 0.048 0.752
16 0.8 0.048 0.752
11 0.8 0.048 0.752
7 0.8 0.048 0.752
9 0.8 0.048 0.752
15 0.8 0.048 0.752
21 0.8 0.048 0.752
9 0.8 0.048 0.752
7 0.8 0.048 0.752
11 0.8 0.048 0.752
15 0.752 0.048 0.704
21 0.752 0.048 0.704
4 0.8 0.048 0.752
12 0.8 0.048 0.752
16 0.8 0.048 0.752
4 0.752 0.048 0.704
12 0.752 0.048 0.704
16 0.752 0.048 0.704
4 0.704 0.048 0.656
4 0.656 0.16 0.496
4 0.496 0.016 0.48
20 0.8 0.048 0.752
4 0.554414 0.048 0.506414
16 0.775311 0.048 0.727311
8 0.8 0.048 0.752
30 0.8 0.048 0.752
8 0.8 0.048 0.752
26 0.8 0.048 0.752
8 0.8 0.048 0.752
8 0.752 0.048 0.704
8 0.704 0.16 0.544
8 0.544 0.016 0.528
8 0.528 0.048 0.48
11 0.8 0.048 0.752
7 0.8 0.048 0.752
9 0.8 0.048 0.752
15 0.8 0.048 0.752
21 0.8 0.048 0.752
9 0.8 0.048 0.752
7 0.8 0.048 0.752
11 0.8 0.048 0.752
15 0.752 0.048 0.704
21 0.752 0.048 0.704
10 0.8 0.048 0.752
20 0.8 0.048 0.752
17 0.8 0.048 0.752
10 0.8 0.048 0.752
10 0.8 0.048 0.752
30 0.8 0.048 0.752
26 0.8 0.048 0.752
26 0.752 0.048 0.704
26 0.704 0.048 0.656
26 0.656 0.16 0.496
26 0.496 0.016 0.48
26 0.5593 0.048 0.5113
11 0.8 0.048 0.752
7 0.8 0.048 0.752
9 0.8 0.048 0.752
15 0.8 0.048 0.752
21 0.8 0.048 0.752
9 0.8 0.048 0.752
7 0.8 0.048 0.752
11 0.8 0.048 0.752
15 0.752 0.048 0.704
21 0.752 0.048 0.704
26 0.583192 0.048 0.535192
20 0.8 0.048 0.752
13 0.8 0.048 0.752
30 0.8 0.048 0.752
