9 1394 1.21412
2 1398 1.49643
3 1402 1.78965
20 1413 2.78851
29 1414 2.81122
13 1416 2.88187
28 1418 2.93608
27 1420 3.07019
23 1421 3.128
22 1423 3.15978
17 1425 3.24881
14 1427 3.3682
10 1430 3.54251
5 1431 3.54445
6 1432 3.56547
24 1434 3.69708
12 1436 3.74513
15 1438 3.89123
26 1441 4.05862
7 1442 4.11437
16 1444 4.2246
21 1449 4.60793
8 1450 4.63342
9 1452 4.71192
30 1455 4.90774
25 1457 4.9916
27 1464 5.54797
2 1466 5.67139
22 1475 6.47511
12 1480 6.8465
13 1489 7.72221
30 1493 7.98603
28 1504 8.98587
17 1505 9.02759
22 1510 9.40637
9 1514 9.72663
