42 789 0 100 1.2 2.12605 2.62605
56 813 0 100 0.7 4.15309 4.15309
66 814 0 100 1.2 4.22874 4.72874
73 825 0 100 1.2 5.6729 6.1729
17 794 0 100 4.7 2.69144 6.69144
17 832 0 100 1.2 6.56517 7.06517
72 817 0 100 3.2 4.62116 7.12116
78 835 0 100 0.7 7.39331 7.39331
20 831 0 100 1.7 6.50818 7.50818
42 816 0 100 4.2 4.28742 7.78742
6 827 0 100 3.2 5.78704 8.28704
24 836 0 100 1.2 7.80318 8.30318
51 838 0 100 0.7 8.30528 8.30528
55 812 0 100 5.2 4.10903 8.60903
18 770 0 100 8.2 1.29375 8.79375
56 777 0 100 8.2 1.42616 8.92616
33 797 0 100 7.7 2.78072 9.78072
29 819 0 100 6.2 4.76215 10.2621
46 830 0 100 4.7 6.49601 10.496
65 828 0 100 5.7 6.25156 11.2516
43 841 0 100 3.2 8.9849 11.4849
73 786 0 100 10.2 2.02667 11.5267
43 824 0 100 6.7 5.64058 11.6406
26 815 0 100 8.2 4.26518 11.7652
75 802 0 100 9.7 3.28118 12.2812
69 798 0 100 10.7 3.00398 13.004
42 834 0 100 6.7 7.2152 13.2152
24 804 0 100 10.7 3.41296 13.413
25 820 0 100 10.2 4.8106 14.3106
25 844 0 100 5.2 9.88527 14.3853
7 821 0 100 9.7 5.43011 14.4301
80 823 0 100 9.7 5.61596 14.616
