41 627 0 100 0.7 1.43293 1.43293
46 645 0 100 0.7 3.24497 3.24497
48 647 0 100 0.7 3.31335 3.31335
21 628 0 100 3.2 1.45015 3.95015
5 660 0 100 1.2 4.09628 4.59628
22 663 0 100 1.7 4.44441 5.44441
23 650 0 100 2.7 3.48831 5.48831
8 654 0 100 2.7 3.85029 5.85029
13 665 0 100 2.2 4.54788 6.04788
2 671 0 100 1.2 5.75137 6.25137
36 669 0 100 2.2 4.91484 6.41484
27 648 0 100 4.2 3.36556 6.86556
7 659 0 100 3.7 4.04316 7.04316
1 646 0 100 4.7 3.29446 7.29446
1 672 0 100 2.2 5.97266 7.47266
60 629 0 100 6.7 1.72703 7.72703
35 675 0 100 2.7 6.56116 8.56116
9 656 0 100 5.7 3.9808 8.9808
50 658 0 100 6.7 4.04292 10.0429
49 652 0 100 7.2 3.71688 10.2169
45 686 0 100 1.7 9.9217 10.9217
11 679 0 100 5.2 6.93523 11.4352
36 683 0 100 3.2 9.00341 11.5034
28 666 0 100 7.7 4.68484 11.6848
27 677 0 100 6.2 6.71334 12.2133
12 662 0 100 9.7 4.25311 13.2531
21 680 0 100 7.2 8.05676 14.5568
17 678 0 100 8.7 6.80194 14.8019
