27 525 1.08277
1 526 1.14881
35 527 1.22556
25 528 1.34226
20 529 1.3494
15 530 1.4858
7 531 1.53553
3 532 1.57945
23 533 1.81815
8 534 1.8898
39 535 2.09554
4 536 2.1307
24 537 2.19888
40 538 2.45292
30 539 2.63743
6 540 2.71859
38 541 2.77466
13 542 2.86606
27 543 3.16877
1 544 3.37015
25 545 3.45422
20 546 3.62975
36 547 3.90286
21 548 3.91626
31 549 4.17489
12 550 4.21135
37 551 4.24487
17 552 4.26744
7 553 4.38611
28 554 4.48824
26 555 4.70626
24 556 5.35154
35 557 5.42123
23 558 5.62294
3 559 6.49538
17 560 6.54628
37 561 6.71928
28 562 7.02364
40 563 7.11507
16 564 7.5381
31 565 7.676
23 566 7.76301
27 567 8.25897
12 568 8.70992
7 569 9.08925
