3 208 0 100 1.16701e-08 1.56822 1.56822
25 206 0 100 0.5 1.41034 1.91034
70 220 0 100 1.16701e-08 2.55096 2.55096
28 216 0 100 0.5 2.17984 2.67984
4 223 0 100 1.16701e-08 3.46749 3.46749
35 200 0 100 2.5 1.06321 3.56321
31 203 0 100 3 1.28687 4.28687
6 229 0 100 0.5 4.20362 4.70362
36 214 0 100 3.5 2.00864 5.50864
36 237 0 100 0.5 5.01852 5.51852
29 235 0 100 1 4.64856 5.64856
11 205 0 100 4.5 1.34265 5.84265
42 207 0 100 4.5 1.41405 5.91405
16 225 0 100 2 3.992 5.992
53 233 0 100 2.5 4.57066 7.07066
56 224 0 100 4 3.49062 7.49062
41 211 0 100 6 1.76857 7.76857
28 238 0 100 2 6.0243 8.0243
12 212 0 100 6.5 1.89327 8.39327
39 253 0 100 1.16701e-08 9.12127 9.12127
39 231 0 100 5 4.41368 9.41368
6 209 0 100 8.5 1.58293 10.0829
6 247 0 100 2 8.12141 10.1214
29 210 0 100 9 1.72939 10.7294
11 250 0 100 2.5 8.55193 11.0519
37 199 0 100 10.5 1.00318 11.5032
37 226 0 100 7.5 4.12804 11.628
67 221 0 100 9 2.89169 11.8917
53 244 0 100 5 7.54492 12.5449
46 222 0 100 9.5 3.45509 12.9551
2 228 0 100 9 4.18935 13.1893
40 230 0 100 9.5 4.24463 13.7446
4 248 0 100 5.5 8.39651 13.8965
68 227 0 100 10 4.18104 14.181
64 255 0 100 5 9.49272 14.4927
