32 0.8 0.048 0.752
40 0.8 0.048 0.752
32 0.752 0.048 0.704
32 0.704 0.16 0.544
40 0.752 0.16 0.592
40 0.592 0.016 0.576
32 0.544 0.016 0.528
40 0.576 0.048 0.528
32 0.528 0.048 0.48
45 0.8 0.048 0.752
40 0.528 0.048 0.48
40 0.48 0.16 0.32
32 0.48 0.16 0.32
45 0.752 0.16 0.592
45 0.592 0.016 0.576
40 0.32 0.016 0.304
45 0.576 0.048 0.528
8 0.8 0.048 0.752
40 0.304 0.048 0.256
45 0.528 0.048 0.48
45 0.48 0.16 0.32
8 0.752 0.16 0.592
8 0.592 0.016 0.576
45 0.32 0.016 0.304
8 0.576 0.048 0.528
45 0.304 0.048 0.256
40 0.256 0.16 0.096
26 0.8 0.048 0.752
34 0.8 0.048 0.752
35 0.8 0.048 0.752
26 0.752 0.096 0.656
26 0.656 0.16 0.496
34 0.752 0.16 0.592
34 0.592 0.016 0.576
26 0.496 0.016 0.48
34 0.576 0.048 0.528
11 0.8 0.048 0.752
26 0.48 0.048 0.432
35 0.752 0.048 0.704
34 0.528 0.096 0.432
34 0.432 0.16 0.272
35 0.704 0.16 0.544
35 0.544 0.016 0.528
26 0.432 0.016 0.416
35 0.528 0.048 0.48
11 0.752 0.048 0.704
26 0.416 0.048 0.368
34 0.272 0.048 0.224
35 0.48 0.048 0.432
35 0.432 0.16 0.272
35 0.272 0.16 0.112
11 0.704 0.16 0.544
11 0.544 0.016 0.528
35 0.112 0.016 0.096
11 0.528 0.048 0.48
34 0.224 0.048 0.176
35 0.096 0.048 0.048
26 0.368 0.16 0.208
34 0.176 0.16 0.016
3 0.8 0.048 0.752
27 0.8 0.048 0.752
29 0.8 0.048 0.752
33 0.8 0.048 0.752
44 0.8 0.048 0.752
3 0.752 0.192 0.56
3 0.56 0.16 0.4
27 0.752 0.16 0.592
27 0.592 0.016 0.576
3 0.4 0.016 0.384
27 0.576 0.048 0.528
3 0.384 0.048 0.336
14 0.8 0.048 0.752
16 0.8 0.048 0.752
29 0.752 0.048 0.704
33 0.752 0.048 0.704
44 0.752 0.048 0.704
27 0.528 0.24 0.288
27 0.288 0.16 0.128
29 0.704 0.16 0.544
29 0.544 0.016 0.528
3 0.336 0.016 0.32
29 0.528 0.048 0.48
3 0.32 0.048 0.272
27 0.128 0.048 0.08
33 0.704 0.048 0.656
44 0.704 0.048 0.656
29 0.48 0.096 0.384
29 0.384 0.16 0.224
33 0.656 0.16 0.496
44 0.656 0.16 0.496
14 0.752 0.16 0.592
14 0.592 0.016 0.576
27 0.08 0.016 0.064
14 0.576 0.048 0.528
16 0.752 0.048 0.704
27 0.064 0.048 0.016
33 0.496 0.048 0.448
44 0.496 0.048 0.448
14 0.528 0.048 0.48
14 0.48 0.16 0.32
16 0.704 0.16 0.544
16 0.544 0.016 0.528
27 0.016 0.016 -8.32667e-17
16 0.528 0.048 0.48
14 0.32 0.048 0.272
27 0 0.048 -0.048
33 0.448 0.048 0.4
44 0.448 0.048 0.4
29 0.224 0.16 0.064
3 0.272 0.16 0.112
27 0 0.16 -0.16
33 0.4 0.16 0.24
44 0.4 0.16 0.24
16 0.48 0.16 0.32
27 0 0.16 -0.16
33 0.24 0.16 0.08
44 0.24 0.16 0.08
5 0.8 0.048 0.752
7 0.8 0.048 0.752
10 0.8 0.048 0.752
13 0.8 0.048 0.752
38 0.8 0.048 0.752
5 0.752 0.192 0.56
5 0.56 0.16 0.4
7 0.752 0.16 0.592
7 0.592 0.016 0.576
5 0.4 0.016 0.384
7 0.576 0.048 0.528
5 0.384 0.048 0.336
10 0.752 0.048 0.704
38 0.752 0.048 0.704
7 0.528 0.096 0.432
7 0.432 0.16 0.272
10 0.704 0.16 0.544
10 0.544 0.016 0.528
5 0.336 0.016 0.32
10 0.528 0.048 0.48
5 0.32 0.048 0.272
7 0.272 0.048 0.224
38 0.704 0.048 0.656
10 0.48 0.048 0.432
10 0.432 0.16 0.272
13 0.752 0.16 0.592
13 0.592 0.016 0.576
5 0.272 0.016 0.256
13 0.576 0.048 0.528
1 0.8 0.048 0.752
5 0.256 0.048 0.208
13 0.528 0.048 0.48
13 0.48 0.16 0.32
38 0.656 0.16 0.496
10 0.272 0.16 0.112
7 0.224 0.16 0.064
38 0.496 0.16 0.336
1 0.752 0.16 0.592
1 0.592 0.016 0.576
13 0.32 0.016 0.304
1 0.576 0.048 0.528
13 0.304 0.048 0.256
5 0.208 0.16 0.048
8 0.8 0.048 0.752
45 0.624256 0.048 0.576256
11 0.8 0.048 0.752
34 0.397816 0.048 0.349816
35 0.423336 0.048 0.375336
16 0.68683 0.048 0.63883
14 0.635879 0.048 0.587879
27 0.368477 0.048 0.320477
33 0.448205 0.048 0.400205
44 0.462357 0.048 0.414357
18 0.8 0.048 0.752
15 0.8 0.048 0.752
21 0.8 0.048 0.752
31 0.8 0.048 0.752
18 0.752 0.144 0.608
18 0.608 0.16 0.448
15 0.752 0.16 0.592
15 0.592 0.016 0.576
18 0.448 0.016 0.432
15 0.576 0.048 0.528
18 0.432 0.048 0.384
21 0.752 0.048 0.704
31 0.752 0.048 0.704
15 0.528 0.096 0.432
15 0.432 0.16 0.272
21 0.704 0.16 0.544
21 0.544 0.016 0.528
18 0.384 0.016 0.368
21 0.528 0.048 0.48
15 0.272 0.048 0.224
18 0.368 0.048 0.32
25 0.8 0.048 0.752
21 0.48 0.048 0.432
21 0.432 0.16 0.272
31 0.704 0.16 0.544
31 0.544 0.016 0.528
18 0.32 0.016 0.304
31 0.528 0.048 0.48
15 0.224 0.048 0.176
18 0.304 0.048 0.256
21 0.272 0.16 0.112
31 0.48 0.16 0.32
15 0.176 0.16 0.016
18 0.256 0.16 0.096
25 0.752 0.16 0.592
25 0.592 0.016 0.576
21 0.112 0.016 0.096
25 0.576 0.048 0.528
20 0.8 0.048 0.752
21 0.096 0.048 0.048
25 0.528 0.048 0.48
25 0.48 0.16 0.32
20 0.752 0.16 0.592
20 0.592 0.016 0.576
25 0.32 0.016 0.304
20 0.576 0.048 0.528
25 0.304 0.048 0.256
30 0.8 0.048 0.752
20 0.528 0.048 0.48
20 0.48 0.16 0.32
21 0.048 0.16 -0.112
25 0.256 0.16 0.096
30 0.752 0.16 0.592
30 0.592 0.016 0.576
20 0.32 0.016 0.304
30 0.576 0.048 0.528
20 0.304 0.048 0.256
1 0.8 0.048 0.752
13 0.63402 0.048 0.58602
27 0.393384 0.048 0.345384
3 0.561398 0.048 0.513398
14 0.662228 0.048 0.614228
16 0.716695 0.048 0.668695
29 0.437333 0.048 0.389333
33 0.472671 0.048 0.424671
44 0.492931 0.048 0.444931
27 0.345384 0.048 0.297384
27 0.297384 0.16 0.137384
3 0.513398 0.16 0.353398
14 0.614228 0.16 0.454228
16 0.668695 0.16 0.508695
29 0.389333 0.16 0.229333
33 0.424671 0.16 0.264671
44 0.444931 0.16 0.284931
40 0.615077 0.048 0.567077
32 0.8 0.048 0.752
45 0.728458 0.048 0.680458
40 0.567077 0.096 0.471077
40 0.471077 0.16 0.311077
32 0.752 0.16 0.592
32 0.592 0.016 0.576
40 0.311077 0.016 0.295077
32 0.576 0.048 0.528
40 0.295077 0.048 0.247077
45 0.680458 0.16 0.520458
45 0.520458 0.016 0.504458
40 0.247077 0.016 0.231077
45 0.504458 0.048 0.456458
8 0.8 0.048 0.752
40 0.231077 0.048 0.183077
50 0.8 0.048 0.752
46 0.8 0.048 0.752
19 0.8 0.048 0.752
46 0.752 0.048 0.704
46 0.704 0.16 0.544
19 0.752 0.16 0.592
19 0.592 0.016 0.576
46 0.544 0.016 0.528
19 0.576 0.048 0.528
17 0.8 0.048 0.752
23 0.8 0.048 0.752
46 0.528 0.048 0.48
19 0.528 0.096 0.432
19 0.432 0.16 0.272
17 0.752 0.16 0.592
17 0.592 0.016 0.576
19 0.272 0.016 0.256
17 0.576 0.048 0.528
19 0.256 0.048 0.208
23 0.752 0.048 0.704
43 0.8 0.048 0.752
17 0.528 0.096 0.432
17 0.432 0.16 0.272
23 0.704 0.16 0.544
23 0.544 0.016 0.528
19 0.208 0.016 0.192
23 0.528 0.048 0.48
17 0.272 0.048 0.224
19 0.192 0.048 0.144
43 0.752 0.048 0.704
23 0.48 0.048 0.432
23 0.432 0.16 0.272
46 0.48 0.16 0.32
23 0.272 0.16 0.112
17 0.224 0.16 0.064
19 0.144 0.16 -0.016
43 0.704 0.16 0.544
43 0.544 0.016 0.528
23 0.112 0.016 0.096
43 0.528 0.048 0.48
17 0.064 0.048 0.016
23 0.096 0.048 0.048
43 0.48 0.048 0.432
43 0.432 0.16 0.272
43 0.272 0.016 0.256
17 0.016 0.16 -0.144
23 0.048 0.16 -0.112
2 0.8 0.048 0.752
24 0.8 0.048 0.752
2 0.752 0.048 0.704
2 0.704 0.16 0.544
24 0.752 0.16 0.592
24 0.592 0.016 0.576
2 0.544 0.016 0.528
24 0.576 0.048 0.528
2 0.528 0.048 0.48
8 0.8 0.048 0.752
45 0.688865 0.048 0.640865
11 0.8 0.048 0.752
34 0.730101 0.048 0.682101
35 0.73912 0.048 0.69112
16 0.8 0.048 0.752
14 0.758132 0.048 0.710132
27 0.44248 0.048 0.39448
33 0.56545 0.048 0.51745
44 0.586386 0.048 0.538386
16 0.752 0.096 0.656
16 0.656 0.16 0.496
14 0.710132 0.16 0.550132
27 0.39448 0.16 0.23448
33 0.51745 0.16 0.35745
44 0.538386 0.16 0.378386
35 0.768164 0.048 0.720164
11 0.752 0.048 0.704
26 0.8 0.048 0.752
34 0.682101 0.048 0.634101
35 0.720164 0.048 0.672164
35 0.672164 0.16 0.512164
11 0.704 0.16 0.544
26 0.752 0.16 0.592
26 0.592 0.016 0.576
35 0.512164 0.016 0.496164
26 0.576 0.048 0.528
34 0.634101 0.048 0.586101
35 0.496164 0.048 0.448164
34 0.586101 0.16 0.426101
31 0.70206 0.048 0.65406
15 0.377453 0.048 0.329453
18 0.480206 0.048 0.432206
30 0.8 0.048 0.752
20 0.632464 0.048 0.584464
1 0.8 0.048 0.752
13 0.8 0.048 0.752
37 0.8 0.048 0.752
9 0.8 0.048 0.752
37 0.752 0.048 0.704
37 0.704 0.16 0.544
9 0.752 0.16 0.592
9 0.592 0.016 0.576
37 0.544 0.016 0.528
9 0.576 0.048 0.528
36 0.8 0.048 0.752
37 0.528 0.048 0.48
9 0.528 0.048 0.48
9 0.48 0.16 0.32
36 0.752 0.16 0.592
36 0.592 0.016 0.576
9 0.32 0.016 0.304
36 0.576 0.048 0.528
9 0.304 0.048 0.256
12 0.8 0.048 0.752
36 0.528 0.048 0.48
36 0.48 0.16 0.32
37 0.48 0.16 0.32
9 0.256 0.16 0.096
12 0.752 0.16 0.592
12 0.592 0.016 0.576
36 0.32 0.016 0.304
12 0.576 0.048 0.528
36 0.304 0.048 0.256
49 0.8 0.048 0.752
12 0.528 0.048 0.48
12 0.48 0.16 0.32
36 0.256 0.16 0.096
49 0.752 0.16 0.592
49 0.592 0.016 0.576
12 0.32 0.016 0.304
49 0.576 0.048 0.528
12 0.304 0.048 0.256
32 0.8 0.048 0.752
45 0.797732 0.048 0.749732
8 0.8 0.048 0.752
40 0.55749 0.048 0.50949
50 0.8 0.048 0.752
24 0.8 0.048 0.752
2 0.8 0.048 0.752
16 0.720821 0.048 0.672821
4 0.8 0.048 0.752
8 0.8 0.048 0.752
45 0.8 0.048 0.752
11 0.8 0.048 0.752
34 0.8 0.048 0.752
26 0.8 0.048 0.752
34 0.752 0.048 0.704
35 0.8 0.048 0.752
31 0.8 0.048 0.752
15 0.700899 0.048 0.652899
18 0.8 0.048 0.752
21 0.743995 0.048 0.695995
30 0.8 0.048 0.752
20 0.8 0.048 0.752
1 0.8 0.048 0.752
13 0.8 0.048 0.752
44 0.8 0.048 0.752
3 0.8 0.048 0.752
14 0.8 0.048 0.752
16 0.8 0.048 0.752
27 0.683106 0.048 0.635106
29 0.8 0.048 0.752
33 0.8 0.048 0.752
44 0.752 0.096 0.656
44 0.656 0.16 0.496
3 0.752 0.16 0.592
3 0.592 0.016 0.576
44 0.496 0.016 0.48
3 0.576 0.048 0.528
27 0.635106 0.048 0.587106
29 0.752 0.048 0.704
33 0.752 0.048 0.704
44 0.48 0.048 0.432
3 0.528 0.048 0.48
3 0.48 0.16 0.32
14 0.752 0.16 0.592
16 0.752 0.16 0.592
27 0.587106 0.16 0.427106
29 0.704 0.16 0.544
33 0.704 0.16 0.544
33 0.544 0.016 0.528
44 0.432 0.016 0.416
33 0.528 0.048 0.48
3 0.32 0.048 0.272
14 0.592 0.048 0.544
16 0.592 0.048 0.544
27 0.427106 0.048 0.379106
29 0.544 0.048 0.496
44 0.416 0.048 0.368
27 0.379106 0.16 0.219106
29 0.496 0.16 0.336
33 0.48 0.16 0.32
44 0.368 0.16 0.208
49 0.8 0.048 0.752
12 0.625846 0.048 0.577846
49 0.752 0.048 0.704
49 0.704 0.16 0.544
49 0.544 0.016 0.528
12 0.577846 0.16 0.417846
25 0.8 0.048 0.752
20 0.8 0.048 0.752
25 0.752 0.048 0.704
25 0.704 0.16 0.544
20 0.752 0.16 0.592
20 0.592 0.016 0.576
25 0.544 0.016 0.528
20 0.576 0.048 0.528
25 0.528 0.048 0.48
30 0.8 0.048 0.752
32 0.8 0.048 0.752
40 0.8 0.048 0.752
45 0.8 0.048 0.752
8 0.8 0.048 0.752
40 0.752 0.048 0.704
50 0.8 0.048 0.752
9 0.552101 0.048 0.504101
36 0.611728 0.048 0.563728
37 0.774469 0.048 0.726469
9 0.504101 0.096 0.408101
9 0.408101 0.16 0.248101
36 0.563728 0.16 0.403728
37 0.726469 0.16 0.566469
37 0.566469 0.016 0.550469
9 0.248101 0.016 0.232101
37 0.550469 0.048 0.502469
9 0.232101 0.048 0.184101
24 0.8 0.048 0.752
2 0.8 0.048 0.752
16 0.765161 0.048 0.717161
48 0.8 0.048 0.752
4 0.8 0.048 0.752
8 0.8 0.048 0.752
45 0.8 0.048 0.752
11 0.8 0.048 0.752
34 0.8 0.048 0.752
35 0.8 0.048 0.752
26 0.8 0.048 0.752
34 0.752 0.048 0.704
35 0.8 0.048 0.752
31 0.8 0.048 0.752
15 0.8 0.048 0.752
18 0.8 0.048 0.752
21 0.8 0.048 0.752
30 0.8 0.048 0.752
20 0.8 0.048 0.752
6 0.8 0.048 0.752
28 0.8 0.048 0.752
39 0.8 0.048 0.752
42 0.8 0.048 0.752
6 0.752 0.144 0.608
6 0.608 0.16 0.448
28 0.752 0.16 0.592
28 0.592 0.016 0.576
6 0.448 0.016 0.432
28 0.576 0.048 0.528
6 0.432 0.048 0.384
42 0.752 0.048 0.704
28 0.528 0.048 0.48
28 0.48 0.16 0.32
39 0.752 0.16 0.592
39 0.592 0.016 0.576
6 0.384 0.016 0.368
39 0.576 0.048 0.528
6 0.368 0.048 0.32
22 0.8 0.048 0.752
39 0.528 0.048 0.48
39 0.48 0.16 0.32
42 0.704 0.16 0.544
42 0.544 0.016 0.528
6 0.32 0.016 0.304
42 0.528 0.048 0.48
6 0.304 0.048 0.256
28 0.32 0.048 0.272
42 0.48 0.16 0.32
6 0.256 0.16 0.096
22 0.752 0.16 0.592
22 0.592 0.016 0.576
39 0.32 0.016 0.304
22 0.576 0.048 0.528
39 0.304 0.048 0.256
1 0.8 0.048 0.752
13 0.8 0.048 0.752
33 0.702287 0.048 0.654287
3 0.640925 0.048 0.592925
14 0.8 0.048 0.752
16 0.8 0.048 0.752
27 0.58727 0.048 0.53927
29 0.715894 0.048 0.667894
44 0.579276 0.048 0.531276
20 0.8 0.048 0.752
25 0.8 0.048 0.752
30 0.8 0.048 0.752
32 0.8 0.048 0.752
40 0.8 0.048 0.752
45 0.8 0.048 0.752
8 0.8 0.048 0.752
40 0.752 0.048 0.704
50 0.8 0.048 0.752
21 0.8 0.048 0.752
15 0.8 0.048 0.752
18 0.8 0.048 0.752
31 0.8 0.048 0.752
21 0.752 0.048 0.704
21 0.704 0.16 0.544
15 0.752 0.16 0.592
18 0.752 0.16 0.592
18 0.592 0.016 0.576
21 0.544 0.016 0.528
18 0.576 0.048 0.528
15 0.592 0.048 0.544
21 0.528 0.048 0.48
31 0.752 0.048 0.704
31 0.704 0.16 0.544
37 0.8 0.048 0.752
24 0.8 0.048 0.752
2 0.8 0.048 0.752
13 0.8 0.048 0.752
1 0.8 0.048 0.752
5 0.8 0.048 0.752
13 0.752 0.096 0.656
13 0.656 0.16 0.496
13 0.496 0.016 0.48
1 0.752 0.16 0.592
5 0.752 0.16 0.592
5 0.592 0.016 0.576
13 0.48 0.016 0.464
5 0.576 0.048 0.528
7 0.8 0.048 0.752
13 0.464 0.048 0.416
38 0.8 0.048 0.752
5 0.528 0.096 0.432
5 0.432 0.16 0.272
7 0.752 0.16 0.592
13 0.416 0.16 0.256
38 0.752 0.16 0.592
38 0.592 0.016 0.576
5 0.272 0.016 0.256
38 0.576 0.048 0.528
5 0.256 0.048 0.208
7 0.592 0.048 0.544
10 0.8 0.048 0.752
48 0.8 0.048 0.752
41 0.8 0.048 0.752
4 0.8 0.048 0.752
8 0.8 0.048 0.752
45 0.8 0.048 0.752
36 0.8 0.048 0.752
9 0.780838 0.048 0.732838
12 0.8 0.048 0.752
36 0.752 0.096 0.656
36 0.656 0.16 0.496
9 0.732838 0.16 0.572838
9 0.572838 0.016 0.556838
36 0.496 0.016 0.48
9 0.556838 0.048 0.508838
36 0.48 0.048 0.432
37 0.8 0.048 0.752
12 0.752 0.16 0.592
12 0.592 0.016 0.576
36 0.432 0.016 0.416
12 0.576 0.048 0.528
36 0.416 0.048 0.368
49 0.8 0.048 0.752
12 0.528 0.048 0.48
12 0.48 0.16 0.32
36 0.368 0.16 0.208
49 0.752 0.16 0.592
49 0.592 0.016 0.576
12 0.32 0.016 0.304
49 0.576 0.048 0.528
12 0.304 0.048 0.256
11 0.8 0.048 0.752
34 0.8 0.048 0.752
35 0.8 0.048 0.752
26 0.8 0.048 0.752
34 0.752 0.048 0.704
35 0.8 0.048 0.752
31 0.770072 0.048 0.722072
15 0.775871 0.048 0.727871
18 0.682577 0.048 0.634577
21 0.710856 0.048 0.662856
30 0.8 0.048 0.752
20 0.8 0.048 0.752
25 0.8 0.048 0.752
42 0.700038 0.048 0.652038
6 0.462046 0.048 0.414046
28 0.646038 0.048 0.598038
22 0.8 0.048 0.752
6 0.414046 0.048 0.366046
39 0.639453 0.048 0.591453
1 0.73911 0.048 0.69111
13 0.407171 0.048 0.359171
33 0.8 0.048 0.752
14 0.8 0.048 0.752
16 0.8 0.048 0.752
27 0.8 0.048 0.752
29 0.8 0.048 0.752
44 0.8 0.048 0.752
39 0.667304 0.048 0.619304
6 0.441191 0.048 0.393191
22 0.8 0.048 0.752
28 0.675622 0.048 0.627622
20 0.8 0.048 0.752
25 0.8 0.048 0.752
30 0.8 0.048 0.752
47 0.8 0.048 0.752
32 0.8 0.048 0.752
45 0.8 0.048 0.752
8 0.8 0.048 0.752
40 0.8 0.048 0.752
5 0.438262 0.048 0.390262
7 0.767796 0.048 0.719796
38 0.757078 0.048 0.709078
50 0.8 0.048 0.752
18 0.8 0.048 0.752
15 0.8 0.048 0.752
21 0.8 0.048 0.752
31 0.8 0.048 0.752
37 0.8 0.048 0.752
9 0.661227 0.048 0.613227
43 0.8 0.048 0.752
17 0.8 0.048 0.752
23 0.8 0.048 0.752
43 0.752 0.048 0.704
43 0.704 0.16 0.544
17 0.752 0.16 0.592
23 0.752 0.16 0.592
23 0.592 0.016 0.576
43 0.544 0.016 0.528
23 0.576 0.048 0.528
17 0.592 0.048 0.544
19 0.8 0.048 0.752
43 0.528 0.048 0.48
23 0.528 0.048 0.48
23 0.48 0.16 0.32
17 0.544 0.16 0.384
19 0.752 0.16 0.592
19 0.592 0.016 0.576
23 0.32 0.016 0.304
19 0.576 0.048 0.528
17 0.384 0.048 0.336
23 0.304 0.048 0.256
46 0.8 0.048 0.752
19 0.528 0.048 0.48
19 0.48 0.16 0.32
43 0.48 0.16 0.32
17 0.336 0.16 0.176
23 0.256 0.16 0.096
46 0.752 0.16 0.592
46 0.592 0.016 0.576
19 0.32 0.016 0.304
46 0.576 0.048 0.528
19 0.304 0.048 0.256
24 0.8 0.048 0.752
2 0.8 0.048 0.752
38 0.8 0.048 0.752
5 0.537165 0.048 0.489165
7 0.8 0.048 0.752
10 0.8 0.048 0.752
48 0.8 0.048 0.752
41 0.8 0.048 0.752
4 0.8 0.048 0.752
8 0.8 0.048 0.752
45 0.8 0.048 0.752
9 0.8 0.048 0.752
36 0.573897 0.048 0.525897
37 0.8 0.048 0.752
49 0.8 0.048 0.752
12 0.625755 0.048 0.577755
11 0.8 0.048 0.752
34 0.8 0.048 0.752
35 0.8 0.048 0.752
26 0.8 0.048 0.752
34 0.752 0.048 0.704
35 0.8 0.048 0.752
26 0.752 0.048 0.704
26 0.704 0.16 0.544
26 0.544 0.016 0.528
34 0.704 0.16 0.544
35 0.752 0.16 0.592
31 0.8 0.048 0.752
15 0.8 0.048 0.752
18 0.8 0.048 0.752
21 0.8 0.048 0.752
30 0.8 0.048 0.752
20 0.8 0.048 0.752
25 0.8 0.048 0.752
12 0.653845 0.048 0.605845
36 0.525897 0.048 0.477897
49 0.752 0.048 0.704
42 0.8 0.048 0.752
6 0.686355 0.048 0.638355
28 0.8 0.048 0.752
22 0.8 0.048 0.752
6 0.638355 0.048 0.590355
39 0.8 0.048 0.752
1 0.8 0.048 0.752
13 0.730243 0.048 0.682243
33 0.8 0.048 0.752
3 0.8 0.048 0.752
14 0.8 0.048 0.752
16 0.8 0.048 0.752
27 0.8 0.048 0.752
29 0.8 0.048 0.752
44 0.8 0.048 0.752
39 0.8 0.048 0.752
6 0.666446 0.048 0.618446
22 0.8 0.048 0.752
28 0.8 0.048 0.752
39 0.752 0.048 0.704
39 0.704 0.16 0.544
6 0.618446 0.16 0.458446
22 0.752 0.16 0.592
28 0.752 0.16 0.592
20 0.8 0.048 0.752
25 0.8 0.048 0.752
30 0.8 0.048 0.752
47 0.8 0.048 0.752
32 0.8 0.048 0.752
45 0.8 0.048 0.752
8 0.8 0.048 0.752
40 0.8 0.048 0.752
5 0.716043 0.048 0.668043
7 0.8 0.048 0.752
13 0.756155 0.048 0.708155
38 0.8 0.048 0.752
5 0.668043 0.048 0.620043
5 0.620043 0.16 0.460043
7 0.752 0.16 0.592
13 0.708155 0.16 0.548155
13 0.548155 0.016 0.532155
5 0.460043 0.016 0.444043
13 0.532155 0.048 0.484155
1 0.8 0.048 0.752
5 0.444043 0.048 0.396043
38 0.752 0.16 0.592
50 0.8 0.048 0.752
18 0.8 0.048 0.752
15 0.8 0.048 0.752
21 0.8 0.048 0.752
31 0.8 0.048 0.752
37 0.8 0.048 0.752
9 0.8 0.048 0.752
46 0.8 0.048 0.752
19 0.616726 0.048 0.568726
24 0.8 0.048 0.752
2 0.8 0.048 0.752
16 0.8 0.048 0.752
38 0.744806 0.048 0.696806
5 0.547041 0.048 0.499041
7 0.747671 0.048 0.699671
10 0.8 0.048 0.752
19 0.638953 0.048 0.590953
17 0.625115 0.048 0.577115
23 0.546483 0.048 0.498483
46 0.8 0.048 0.752
48 0.8 0.048 0.752
41 0.8 0.048 0.752
4 0.8 0.048 0.752
8 0.8 0.048 0.752
45 0.8 0.048 0.752
9 0.8 0.048 0.752
36 0.8 0.048 0.752
37 0.8 0.048 0.752
49 0.8 0.048 0.752
12 0.8 0.048 0.752
11 0.8 0.048 0.752
34 0.8 0.048 0.752
35 0.8 0.048 0.752
31 0.8 0.048 0.752
15 0.8 0.048 0.752
18 0.8 0.048 0.752
30 0.8 0.048 0.752
20 0.8 0.048 0.752
12 0.8 0.048 0.752
36 0.752 0.048 0.704
49 0.752 0.048 0.704
12 0.752 0.048 0.704
12 0.704 0.16 0.544
36 0.704 0.16 0.544
36 0.544 0.016 0.528
12 0.544 0.016 0.528
36 0.528 0.048 0.48
9 0.752 0.048 0.704
12 0.528 0.048 0.48
49 0.704 0.16 0.544
42 0.8 0.048 0.752
6 0.756339 0.048 0.708339
28 0.8 0.048 0.752
39 0.8 0.048 0.752
22 0.8 0.048 0.752
39 0.752 0.048 0.704
23 0.644419 0.048 0.596419
17 0.726227 0.048 0.678227
19 0.737132 0.048 0.689132
43 0.8 0.048 0.752
23 0.596419 0.048 0.548419
23 0.548419 0.16 0.388419
17 0.678227 0.16 0.518227
19 0.689132 0.16 0.529132
43 0.752 0.16 0.592
43 0.592 0.016 0.576
23 0.388419 0.016 0.372419
43 0.576 0.048 0.528
17 0.518227 0.048 0.470227
23 0.372419 0.048 0.324419
1 0.8 0.048 0.752
13 0.797568 0.048 0.749568
33 0.8 0.048 0.752
14 0.8 0.048 0.752
16 0.8 0.048 0.752
27 0.8 0.048 0.752
29 0.8 0.048 0.752
44 0.8 0.048 0.752
20 0.8 0.048 0.752
25 0.8 0.048 0.752
30 0.8 0.048 0.752
47 0.8 0.048 0.752
32 0.8 0.048 0.752
40 0.8 0.048 0.752
45 0.8 0.048 0.752
8 0.8 0.048 0.752
40 0.752 0.048 0.704
13 0.8 0.048 0.752
1 0.8 0.048 0.752
5 0.724092 0.048 0.676092
50 0.8 0.048 0.752
18 0.8 0.048 0.752
15 0.8 0.048 0.752
21 0.8 0.048 0.752
31 0.8 0.048 0.752
18 0.752 0.048 0.704
18 0.704 0.16 0.544
18 0.544 0.016 0.528
15 0.752 0.16 0.592
21 0.752 0.16 0.592
31 0.752 0.16 0.592
37 0.8 0.048 0.752
9 0.8 0.048 0.752
44 0.8 0.048 0.752
3 0.8 0.048 0.752
14 0.8 0.048 0.752
16 0.8 0.048 0.752
27 0.8 0.048 0.752
29 0.8 0.048 0.752
33 0.8 0.048 0.752
46 0.8 0.048 0.752
19 0.681805 0.048 0.633805
24 0.8 0.048 0.752
2 0.8 0.048 0.752
14 0.752 0.048 0.704
16 0.8 0.048 0.752
38 0.8 0.048 0.752
5 0.8 0.048 0.752
7 0.8 0.048 0.752
10 0.8 0.048 0.752
19 0.70908 0.048 0.66108
17 0.708634 0.048 0.660634
23 0.548569 0.048 0.500569
19 0.66108 0.048 0.61308
19 0.61308 0.16 0.45308
17 0.660634 0.16 0.500634
23 0.500569 0.16 0.340569
48 0.8 0.048 0.752
41 0.8 0.048 0.752
4 0.8 0.048 0.752
8 0.8 0.048 0.752
3 0.8 0.048 0.752
45 0.8 0.048 0.752
9 0.8 0.048 0.752
36 0.8 0.048 0.752
37 0.8 0.048 0.752
49 0.8 0.048 0.752
12 0.788875 0.048 0.740875
40 0.8 0.048 0.752
32 0.8 0.048 0.752
45 0.752 0.048 0.704
11 0.8 0.048 0.752
26 0.8 0.048 0.752
34 0.8 0.048 0.752
35 0.8 0.048 0.752
26 0.752 0.048 0.704
26 0.704 0.16 0.544
34 0.752 0.16 0.592
35 0.752 0.16 0.592
35 0.592 0.016 0.576
26 0.544 0.016 0.528
35 0.576 0.048 0.528
26 0.528 0.048 0.48
34 0.592 0.048 0.544
31 0.8 0.048 0.752
15 0.8 0.048 0.752
18 0.672879 0.048 0.624879
21 0.8 0.048 0.752
30 0.8 0.048 0.752
20 0.8 0.048 0.752
36 0.752 0.048 0.704
9 0.752 0.048 0.704
12 0.8 0.048 0.752
42 0.8 0.048 0.752
28 0.8 0.048 0.752
22 0.8 0.048 0.752
6 0.8 0.048 0.752
43 0.8 0.048 0.752
17 0.649262 0.048 0.601262
23 0.490156 0.048 0.442156
1 0.8 0.048 0.752
13 0.8 0.048 0.752
33 0.8 0.048 0.752
14 0.8 0.048 0.752
16 0.8 0.048 0.752
27 0.8 0.048 0.752
29 0.8 0.048 0.752
44 0.8 0.048 0.752
20 0.8 0.048 0.752
25 0.8 0.048 0.752
30 0.8 0.048 0.752
47 0.8 0.048 0.752
32 0.8 0.048 0.752
40 0.8 0.048 0.752
45 0.8 0.048 0.752
8 0.8 0.048 0.752
40 0.752 0.048 0.704
13 0.8 0.048 0.752
1 0.8 0.048 0.752
5 0.8 0.048 0.752
50 0.8 0.048 0.752
37 0.8 0.048 0.752
9 0.8 0.048 0.752
44 0.8 0.048 0.752
14 0.8 0.048 0.752
16 0.8 0.048 0.752
27 0.8 0.048 0.752
29 0.8 0.048 0.752
33 0.8 0.048 0.752
46 0.8 0.048 0.752
19 0.752274 0.048 0.704274
24 0.8 0.048 0.752
2 0.8 0.048 0.752
14 0.752 0.048 0.704
16 0.8 0.048 0.752
38 0.8 0.048 0.752
5 0.8 0.048 0.752
7 0.8 0.048 0.752
10 0.8 0.048 0.752
48 0.8 0.048 0.752
41 0.8 0.048 0.752
4 0.8 0.048 0.752
8 0.8 0.048 0.752
45 0.8 0.048 0.752
9 0.8 0.048 0.752
36 0.8 0.048 0.752
37 0.8 0.048 0.752
49 0.8 0.048 0.752
40 0.8 0.048 0.752
45 0.752 0.048 0.704
11 0.8 0.048 0.752
34 0.8 0.048 0.752
35 0.8 0.048 0.752
35 0.8 0.048 0.752
11 0.752 0.048 0.704
34 0.752 0.048 0.704
31 0.8 0.048 0.752
15 0.8 0.048 0.752
18 0.8 0.048 0.752
21 0.8 0.048 0.752
30 0.8 0.048 0.752
20 0.8 0.048 0.752
36 0.752 0.048 0.704
9 0.752 0.048 0.704
12 0.8 0.048 0.752
42 0.8 0.048 0.752
28 0.8 0.048 0.752
22 0.8 0.048 0.752
6 0.8 0.048 0.752
39 0.8 0.048 0.752
25 0.8 0.048 0.752
20 0.752 0.048 0.704
43 0.8 0.048 0.752
17 0.8 0.048 0.752
23 0.8 0.048 0.752
1 0.8 0.048 0.752
13 0.8 0.048 0.752
33 0.8 0.048 0.752
14 0.8 0.048 0.752
16 0.8 0.048 0.752
27 0.8 0.048 0.752
29 0.8 0.048 0.752
44 0.8 0.048 0.752
20 0.776903 0.048 0.728903
25 0.8 0.048 0.752
30 0.8 0.048 0.752
47 0.8 0.048 0.752
32 0.8 0.048 0.752
45 0.8 0.048 0.752
8 0.8 0.048 0.752
40 0.8 0.048 0.752
45 0.752 0.048 0.704
45 0.704 0.16 0.544
45 0.544 0.016 0.528
8 0.752 0.16 0.592
40 0.752 0.16 0.592
13 0.8 0.048 0.752
1 0.8 0.048 0.752
5 0.8 0.048 0.752
50 0.8 0.048 0.752
37 0.8 0.048 0.752
9 0.8 0.048 0.752
44 0.8 0.048 0.752
14 0.8 0.048 0.752
16 0.8 0.048 0.752
27 0.8 0.048 0.752
29 0.8 0.048 0.752
33 0.8 0.048 0.752
46 0.8 0.048 0.752
2 0.8 0.048 0.752
24 0.8 0.048 0.752
24 0.752 0.048 0.704
2 0.752 0.048 0.704
14 0.752 0.048 0.704
38 0.8 0.048 0.752
5 0.8 0.048 0.752
7 0.8 0.048 0.752
10 0.8 0.048 0.752
48 0.8 0.048 0.752
41 0.8 0.048 0.752
4 0.8 0.048 0.752
8 0.8 0.048 0.752
3 0.8 0.048 0.752
45 0.762529 0.048 0.714529
9 0.8 0.048 0.752
36 0.8 0.048 0.752
37 0.8 0.048 0.752
49 0.8 0.048 0.752
12 0.8 0.048 0.752
40 0.8 0.048 0.752
32 0.8 0.048 0.752
45 0.714529 0.048 0.666529
40 0.752 0.048 0.704
40 0.704 0.16 0.544
32 0.752 0.16 0.592
45 0.666529 0.16 0.506529
45 0.506529 0.016 0.490529
40 0.544 0.016 0.528
45 0.490529 0.048 0.442529
8 0.752 0.048 0.704
40 0.528 0.048 0.48
11 0.8 0.048 0.752
34 0.8 0.048 0.752
35 0.8 0.048 0.752
26 0.8 0.048 0.752
34 0.752 0.048 0.704
6 0.8 0.048 0.752
28 0.8 0.048 0.752
39 0.8 0.048 0.752
31 0.8 0.048 0.752
15 0.8 0.048 0.752
18 0.8 0.048 0.752
21 0.8 0.048 0.752
30 0.8 0.048 0.752
20 0.8 0.048 0.752
36 0.752 0.048 0.704
9 0.752 0.048 0.704
12 0.8 0.048 0.752
42 0.8 0.048 0.752
28 0.752 0.048 0.704
22 0.8 0.048 0.752
6 0.8 0.048 0.752
39 0.752 0.048 0.704
25 0.8 0.048 0.752
20 0.752 0.048 0.704
43 0.8 0.048 0.752
23 0.8 0.048 0.752
18 0.8 0.048 0.752
15 0.8 0.048 0.752
21 0.752 0.048 0.704
31 0.752 0.048 0.704
18 0.752 0.048 0.704
18 0.704 0.16 0.544
15 0.752 0.16 0.592
21 0.704 0.16 0.544
21 0.544 0.016 0.528
18 0.544 0.016 0.528
21 0.528 0.048 0.48
15 0.592 0.048 0.544
18 0.528 0.048 0.48
31 0.704 0.048 0.656
31 0.656 0.16 0.496
1 0.8 0.048 0.752
13 0.8 0.048 0.752
33 0.8 0.048 0.752
14 0.8 0.048 0.752
16 0.8 0.048 0.752
27 0.8 0.048 0.752
29 0.8 0.048 0.752
44 0.8 0.048 0.752
33 0.752 0.048 0.704
33 0.704 0.16 0.544
33 0.544 0.016 0.528
14 0.752 0.16 0.592
16 0.752 0.16 0.592
27 0.752 0.16 0.592
29 0.752 0.16 0.592
44 0.752 0.16 0.592
20 0.779276 0.048 0.731276
25 0.8 0.048 0.752
30 0.8 0.048 0.752
47 0.8 0.048 0.752
32 0.744016 0.048 0.696016
40 0.631825 0.048 0.583825
13 0.8 0.048 0.752
1 0.8 0.048 0.752
5 0.8 0.048 0.752
50 0.8 0.048 0.752
37 0.8 0.048 0.752
9 0.8 0.048 0.752
44 0.742487 0.048 0.694487
14 0.750128 0.048 0.702128
16 0.743076 0.048 0.695076
27 0.733834 0.048 0.685834
29 0.74332 0.048 0.69532
33 0.678845 0.048 0.630845
44 0.694487 0.048 0.646487
44 0.646487 0.16 0.486487
14 0.702128 0.16 0.542128
16 0.695076 0.16 0.535076
27 0.685834 0.16 0.525834
29 0.69532 0.16 0.53532
33 0.630845 0.16 0.470845
46 0.8 0.048 0.752
2 0.8 0.048 0.752
24 0.8 0.048 0.752
2 0.752 0.048 0.704
2 0.704 0.16 0.544
2 0.544 0.016 0.528
24 0.752 0.16 0.592
24 0.592 0.048 0.544
2 0.528 0.048 0.48
14 0.542128 0.048 0.494128
16 0.607015 0.048 0.559015
38 0.8 0.048 0.752
5 0.8 0.048 0.752
7 0.8 0.048 0.752
10 0.8 0.048 0.752
48 0.8 0.048 0.752
41 0.8 0.048 0.752
1 0.8 0.048 0.752
4 0.8 0.048 0.752
8 0.8 0.048 0.752
3 0.8 0.048 0.752
45 0.8 0.048 0.752
9 0.8 0.048 0.752
36 0.8 0.048 0.752
37 0.8 0.048 0.752
49 0.8 0.048 0.752
45 0.752 0.048 0.704
8 0.752 0.048 0.704
40 0.8 0.048 0.752
11 0.8 0.048 0.752
35 0.8 0.048 0.752
34 0.8 0.048 0.752
6 0.8 0.048 0.752
22 0.8 0.048 0.752
28 0.8 0.048 0.752
39 0.8 0.048 0.752
31 0.8 0.048 0.752
15 0.8 0.048 0.752
18 0.781568 0.048 0.733568
21 0.8 0.048 0.752
30 0.8 0.048 0.752
20 0.8 0.048 0.752
25 0.8 0.048 0.752
36 0.752 0.048 0.704
9 0.752 0.048 0.704
12 0.8 0.048 0.752
42 0.8 0.048 0.752
28 0.752 0.048 0.704
22 0.752 0.048 0.704
6 0.8 0.048 0.752
39 0.752 0.048 0.704
25 0.752 0.048 0.704
20 0.752 0.048 0.704
30 0.752 0.048 0.704
43 0.8 0.048 0.752
17 0.8 0.048 0.752
23 0.8 0.048 0.752
21 0.752 0.048 0.704
15 0.8 0.048 0.752
18 0.8 0.048 0.752
31 0.752 0.048 0.704
1 0.8 0.048 0.752
13 0.8 0.048 0.752
41 0.8 0.048 0.752
12 0.8 0.048 0.752
36 0.77703 0.048 0.72903
49 0.8 0.048 0.752
20 0.77819 0.048 0.73019
25 0.780837 0.048 0.732837
30 0.777653 0.048 0.729653
47 0.8 0.048 0.752
32 0.8 0.048 0.752
40 0.8 0.048 0.752
13 0.8 0.048 0.752
1 0.8 0.048 0.752
5 0.8 0.048 0.752
50 0.8 0.048 0.752
37 0.8 0.048 0.752
9 0.8 0.048 0.752
46 0.8 0.048 0.752
24 0.8 0.048 0.752
2 0.8 0.048 0.752
38 0.8 0.048 0.752
7 0.8 0.048 0.752
10 0.8 0.048 0.752
48 0.8 0.048 0.752
41 0.8 0.048 0.752
4 0.8 0.048 0.752
8 0.8 0.048 0.752
3 0.8 0.048 0.752
45 0.8 0.048 0.752
9 0.8 0.048 0.752
36 0.8 0.048 0.752
37 0.8 0.048 0.752
49 0.8 0.048 0.752
22 0.8 0.048 0.752
45 0.752 0.048 0.704
8 0.752 0.048 0.704
40 0.8 0.048 0.752
11 0.8 0.048 0.752
35 0.8 0.048 0.752
26 0.8 0.048 0.752
34 0.8 0.048 0.752
6 0.8 0.048 0.752
28 0.8 0.048 0.752
39 0.8 0.048 0.752
31 0.8 0.048 0.752
15 0.8 0.048 0.752
18 0.8 0.048 0.752
30 0.8 0.048 0.752
20 0.8 0.048 0.752
25 0.8 0.048 0.752
36 0.752 0.048 0.704
9 0.752 0.048 0.704
12 0.8 0.048 0.752
42 0.8 0.048 0.752
28 0.752 0.048 0.704
22 0.8 0.048 0.752
49 0.752 0.048 0.704
25 0.752 0.048 0.704
20 0.752 0.048 0.704
30 0.752 0.048 0.704
43 0.8 0.048 0.752
23 0.8 0.048 0.752
21 0.8 0.048 0.752
15 0.8 0.048 0.752
18 0.8 0.048 0.752
1 0.8 0.048 0.752
13 0.8 0.048 0.752
41 0.8 0.048 0.752
12 0.8 0.048 0.752
36 0.77607 0.048 0.72807
20 0.781083 0.048 0.733083
25 0.774266 0.048 0.726266
30 0.780842 0.048 0.732842
47 0.8 0.048 0.752
32 0.8 0.048 0.752
40 0.8 0.048 0.752
13 0.8 0.048 0.752
1 0.8 0.048 0.752
5 0.8 0.048 0.752
50 0.8 0.048 0.752
37 0.8 0.048 0.752
9 0.8 0.048 0.752
46 0.8 0.048 0.752
19 0.8 0.048 0.752
24 0.8 0.048 0.752
2 0.8 0.048 0.752
38 0.8 0.048 0.752
5 0.8 0.048 0.752
7 0.8 0.048 0.752
10 0.8 0.048 0.752
48 0.8 0.048 0.752
41 0.8 0.048 0.752
1 0.8 0.048 0.752
4 0.8 0.048 0.752
8 0.8 0.048 0.752
3 0.8 0.048 0.752
45 0.8 0.048 0.752
9 0.8 0.048 0.752
36 0.8 0.048 0.752
37 0.8 0.048 0.752
49 0.8 0.048 0.752
22 0.8 0.048 0.752
45 0.752 0.048 0.704
8 0.752 0.048 0.704
40 0.8 0.048 0.752
11 0.8 0.048 0.752
35 0.8 0.048 0.752
26 0.8 0.048 0.752
34 0.8 0.048 0.752
6 0.8 0.048 0.752
28 0.8 0.048 0.752
39 0.8 0.048 0.752
42 0.8 0.048 0.752
31 0.8 0.048 0.752
15 0.8 0.048 0.752
18 0.8 0.048 0.752
30 0.8 0.048 0.752
20 0.8 0.048 0.752
25 0.8 0.048 0.752
36 0.752 0.048 0.704
9 0.752 0.048 0.704
12 0.8 0.048 0.752
42 0.752 0.048 0.704
6 0.8 0.048 0.752
28 0.752 0.048 0.704
39 0.752 0.048 0.704
42 0.704 0.048 0.656
42 0.656 0.16 0.496
22 0.8 0.048 0.752
49 0.752 0.048 0.704
42 0.496 0.016 0.48
6 0.752 0.16 0.592
28 0.704 0.16 0.544
39 0.704 0.16 0.544
25 0.752 0.048 0.704
20 0.752 0.048 0.704
30 0.752 0.048 0.704
43 0.8 0.048 0.752
23 0.8 0.048 0.752
21 0.8 0.048 0.752
15 0.8 0.048 0.752
18 0.8 0.048 0.752
1 0.8 0.048 0.752
13 0.8 0.048 0.752
41 0.8 0.048 0.752
12 0.8 0.048 0.752
36 0.775816 0.048 0.727816
20 0.782685 0.048 0.734685
25 0.783845 0.048 0.735845
30 0.781264 0.048 0.733264
47 0.8 0.048 0.752
32 0.8 0.048 0.752
40 0.8 0.048 0.752
13 0.8 0.048 0.752
1 0.8 0.048 0.752
5 0.8 0.048 0.752
23 0.8 0.048 0.752
17 0.8 0.048 0.752
43 0.8 0.048 0.752
50 0.8 0.048 0.752
37 0.8 0.048 0.752
9 0.8 0.048 0.752
46 0.8 0.048 0.752
19 0.8 0.048 0.752
24 0.8 0.048 0.752
2 0.8 0.048 0.752
38 0.8 0.048 0.752
7 0.8 0.048 0.752
10 0.8 0.048 0.752
48 0.8 0.048 0.752
41 0.8 0.048 0.752
1 0.8 0.048 0.752
4 0.8 0.048 0.752
8 0.8 0.048 0.752
45 0.8 0.048 0.752
9 0.8 0.048 0.752
36 0.8 0.048 0.752
37 0.8 0.048 0.752
49 0.8 0.048 0.752
22 0.8 0.048 0.752
49 0.752 0.048 0.704
49 0.704 0.16 0.544
49 0.544 0.016 0.528
22 0.752 0.16 0.592
45 0.752 0.048 0.704
8 0.752 0.048 0.704
40 0.8 0.048 0.752
11 0.8 0.048 0.752
35 0.8 0.048 0.752
26 0.8 0.048 0.752
34 0.8 0.048 0.752
6 0.8 0.048 0.752
28 0.8 0.048 0.752
39 0.8 0.048 0.752
31 0.8 0.048 0.752
15 0.8 0.048 0.752
18 0.8 0.048 0.752
30 0.8 0.048 0.752
20 0.8 0.048 0.752
25 0.8 0.048 0.752
36 0.752 0.048 0.704
9 0.752 0.048 0.704
12 0.8 0.048 0.752
36 0.704 0.048 0.656
36 0.656 0.16 0.496
36 0.496 0.016 0.48
9 0.704 0.16 0.544
12 0.752 0.16 0.592
22 0.671878 0.048 0.623878
49 0.528 0.048 0.48
25 0.752 0.048 0.704
20 0.752 0.048 0.704
30 0.752 0.048 0.704
43 0.8 0.048 0.752
23 0.8 0.048 0.752
21 0.8 0.048 0.752
15 0.8 0.048 0.752
18 0.8 0.048 0.752
1 0.8 0.048 0.752
13 0.8 0.048 0.752
41 0.8 0.048 0.752
12 0.664162 0.048 0.616162
36 0.55148 0.048 0.50348
12 0.616162 0.096 0.520162
12 0.520162 0.16 0.360162
12 0.360162 0.016 0.344162
36 0.50348 0.16 0.34348
20 0.781505 0.048 0.733505
25 0.783002 0.048 0.735002
30 0.774225 0.048 0.726225
47 0.8 0.048 0.752
32 0.8 0.048 0.752
40 0.8 0.048 0.752
13 0.8 0.048 0.752
1 0.8 0.048 0.752
5 0.8 0.048 0.752
23 0.8 0.048 0.752
43 0.8 0.048 0.752
50 0.8 0.048 0.752
37 0.8 0.048 0.752
9 0.691536 0.048 0.643536
37 0.752 0.048 0.704
37 0.704 0.16 0.544
37 0.544 0.016 0.528
9 0.643536 0.16 0.483536
33 0.8 0.048 0.752
14 0.8 0.048 0.752
16 0.8 0.048 0.752
27 0.8 0.048 0.752
29 0.8 0.048 0.752
44 0.8 0.048 0.752
46 0.8 0.048 0.752
19 0.8 0.048 0.752
24 0.8 0.048 0.752
2 0.8 0.048 0.752
38 0.8 0.048 0.752
7 0.8 0.048 0.752
10 0.8 0.048 0.752
38 0.752 0.048 0.704
38 0.704 0.16 0.544
7 0.752 0.16 0.592
10 0.752 0.16 0.592
48 0.8 0.048 0.752
5 0.8 0.048 0.752
7 0.592 0.048 0.544
13 0.8 0.048 0.752
41 0.8 0.048 0.752
1 0.8 0.048 0.752
4 0.8 0.048 0.752
8 0.8 0.048 0.752
45 0.8 0.048 0.752
9 0.71012 0.048 0.66212
37 0.673541 0.048 0.625541
9 0.66212 0.048 0.61412
9 0.61412 0.16 0.45412
37 0.625541 0.16 0.465541
45 0.752 0.048 0.704
8 0.752 0.048 0.704
40 0.8 0.048 0.752
11 0.8 0.048 0.752
35 0.8 0.048 0.752
26 0.8 0.048 0.752
34 0.8 0.048 0.752
6 0.8 0.048 0.752
22 0.8 0.048 0.752
28 0.8 0.048 0.752
39 0.8 0.048 0.752
31 0.8 0.048 0.752
15 0.8 0.048 0.752
18 0.8 0.048 0.752
21 0.8 0.048 0.752
30 0.8 0.048 0.752
20 0.8 0.048 0.752
25 0.8 0.048 0.752
22 0.752 0.048 0.704
49 0.8 0.048 0.752
22 0.704 0.048 0.656
22 0.656 0.16 0.496
49 0.752 0.16 0.592
49 0.592 0.016 0.576
22 0.496 0.016 0.48
49 0.576 0.048 0.528
22 0.48 0.048 0.432
25 0.752 0.048 0.704
20 0.752 0.048 0.704
30 0.752 0.048 0.704
43 0.8 0.048 0.752
23 0.8 0.048 0.752
21 0.752 0.048 0.704
15 0.8 0.048 0.752
18 0.8 0.048 0.752
31 0.752 0.048 0.704
1 0.8 0.048 0.752
13 0.8 0.048 0.752
41 0.8 0.048 0.752
1 0.752 0.048 0.704
1 0.704 0.16 0.544
1 0.544 0.016 0.528
13 0.752 0.16 0.592
41 0.752 0.16 0.592
20 0.783262 0.048 0.735262
25 0.776032 0.048 0.728032
30 0.774607 0.048 0.726607
47 0.8 0.048 0.752
32 0.8 0.048 0.752
40 0.8 0.048 0.752
13 0.67143 0.048 0.62343
1 0.605225 0.048 0.557225
5 0.8 0.048 0.752
13 0.62343 0.096 0.52743
13 0.52743 0.16 0.36743
13 0.36743 0.016 0.35143
1 0.557225 0.16 0.397225
5 0.752 0.16 0.592
23 0.8 0.048 0.752
43 0.8 0.048 0.752
50 0.8 0.048 0.752
33 0.8 0.048 0.752
3 0.8 0.048 0.752
14 0.8 0.048 0.752
16 0.8 0.048 0.752
27 0.8 0.048 0.752
29 0.8 0.048 0.752
44 0.8 0.048 0.752
46 0.8 0.048 0.752
19 0.8 0.048 0.752
24 0.8 0.048 0.752
2 0.8 0.048 0.752
48 0.8 0.048 0.752
48 0.752 0.048 0.704
48 0.704 0.16 0.544
48 0.544 0.016 0.528
5 0.740275 0.048 0.692275
7 0.8 0.048 0.752
13 0.499042 0.048 0.451042
41 0.8 0.048 0.752
1 0.549893 0.048 0.501893
41 0.752 0.048 0.704
41 0.704 0.16 0.544
1 0.501893 0.16 0.341893
4 0.8 0.048 0.752
8 0.8 0.048 0.752
45 0.8 0.048 0.752
26 0.8 0.048 0.752
34 0.8 0.048 0.752
35 0.8 0.048 0.752
45 0.752 0.048 0.704
8 0.752 0.048 0.704
40 0.8 0.048 0.752
11 0.8 0.048 0.752
35 0.8 0.048 0.752
26 0.752 0.048 0.704
34 0.752 0.048 0.704
6 0.8 0.048 0.752
22 0.8 0.048 0.752
28 0.8 0.048 0.752
39 0.8 0.048 0.752
6 0.752 0.048 0.704
6 0.704 0.16 0.544
22 0.752 0.16 0.592
22 0.592 0.016 0.576
6 0.544 0.016 0.528
22 0.576 0.048 0.528
6 0.528 0.048 0.48
49 0.8 0.048 0.752
28 0.752 0.16 0.592
39 0.752 0.16 0.592
31 0.8 0.048 0.752
15 0.8 0.048 0.752
18 0.8 0.048 0.752
21 0.8 0.048 0.752
30 0.8 0.048 0.752
20 0.8 0.048 0.752
25 0.8 0.048 0.752
49 0.752 0.048 0.704
22 0.528 0.048 0.48
25 0.752 0.048 0.704
20 0.752 0.048 0.704
30 0.752 0.048 0.704
43 0.8 0.048 0.752
23 0.8 0.048 0.752
21 0.752 0.048 0.704
15 0.8 0.048 0.752
18 0.8 0.048 0.752
31 0.752 0.048 0.704
20 0.782621 0.048 0.734621
25 0.77554 0.048 0.72754
30 0.78342 0.048 0.73542
47 0.8 0.048 0.752
32 0.8 0.048 0.752
23 0.8 0.048 0.752
43 0.8 0.048 0.752
50 0.8 0.048 0.752
33 0.8 0.048 0.752
14 0.8 0.048 0.752
16 0.8 0.048 0.752
27 0.8 0.048 0.752
29 0.8 0.048 0.752
44 0.8 0.048 0.752
46 0.8 0.048 0.752
24 0.8 0.048 0.752
2 0.8 0.048 0.752
5 0.8 0.048 0.752
7 0.8 0.048 0.752
10 0.8 0.048 0.752
13 0.8 0.048 0.752
38 0.8 0.048 0.752
5 0.752 0.096 0.656
5 0.656 0.16 0.496
7 0.752 0.16 0.592
10 0.752 0.16 0.592
13 0.752 0.16 0.592
13 0.592 0.016 0.576
5 0.496 0.016 0.48
13 0.576 0.048 0.528
1 0.711425 0.048 0.663425
5 0.48 0.048 0.432
13 0.528 0.048 0.48
13 0.48 0.16 0.32
38 0.752 0.16 0.592
38 0.592 0.016 0.576
5 0.432 0.016 0.416
38 0.576 0.048 0.528
5 0.416 0.048 0.368
7 0.592 0.048 0.544
10 0.592 0.048 0.544
1 0.663425 0.16 0.503425
1 0.503425 0.016 0.487425
13 0.32 0.016 0.304
1 0.487425 0.048 0.439425
13 0.304 0.048 0.256
41 0.8 0.048 0.752
5 0.368 0.16 0.208
18 0.8 0.048 0.752
15 0.8 0.048 0.752
21 0.8 0.048 0.752
31 0.8 0.048 0.752
4 0.8 0.048 0.752
8 0.8 0.048 0.752
45 0.8 0.048 0.752
26 0.8 0.048 0.752
34 0.8 0.048 0.752
35 0.8 0.048 0.752
45 0.752 0.048 0.704
8 0.752 0.048 0.704
40 0.8 0.048 0.752
11 0.8 0.048 0.752
11 0.752 0.048 0.704
11 0.704 0.16 0.544
11 0.544 0.016 0.528
35 0.8 0.048 0.752
26 0.752 0.048 0.704
34 0.752 0.048 0.704
22 0.8 0.048 0.752
6 0.8 0.048 0.752
49 0.8 0.048 0.752
31 0.8 0.048 0.752
15 0.8 0.048 0.752
18 0.8 0.048 0.752
21 0.8 0.048 0.752
30 0.8 0.048 0.752
20 0.8 0.048 0.752
25 0.8 0.048 0.752
30 0.752 0.048 0.704
30 0.704 0.16 0.544
30 0.544 0.016 0.528
20 0.752 0.16 0.592
25 0.752 0.16 0.592
49 0.752 0.048 0.704
22 0.752 0.048 0.704
25 0.592 0.048 0.544
20 0.592 0.048 0.544
30 0.528 0.048 0.48
43 0.8 0.048 0.752
23 0.8 0.048 0.752
21 0.752 0.048 0.704
15 0.8 0.048 0.752
18 0.8 0.048 0.752
20 0.617128 0.048 0.569128
25 0.61709 0.048 0.56909
30 0.554334 0.048 0.506334
20 0.569128 0.096 0.473128
20 0.473128 0.16 0.313128
20 0.313128 0.016 0.297128
25 0.56909 0.16 0.40909
30 0.506334 0.16 0.346334
47 0.8 0.048 0.752
32 0.8 0.048 0.752
40 0.8 0.048 0.752
23 0.8 0.048 0.752
43 0.8 0.048 0.752
50 0.8 0.048 0.752
33 0.8 0.048 0.752
14 0.8 0.048 0.752
16 0.8 0.048 0.752
27 0.8 0.048 0.752
29 0.8 0.048 0.752
44 0.8 0.048 0.752
46 0.8 0.048 0.752
24 0.8 0.048 0.752
2 0.8 0.048 0.752
38 0.8 0.048 0.752
7 0.8 0.048 0.752
10 0.8 0.048 0.752
1 0.8 0.048 0.752
13 0.629304 0.048 0.581304
41 0.8 0.048 0.752
18 0.8 0.048 0.752
15 0.8 0.048 0.752
21 0.8 0.048 0.752
31 0.8 0.048 0.752
18 0.752 0.048 0.704
18 0.704 0.16 0.544
18 0.544 0.016 0.528
15 0.752 0.16 0.592
21 0.752 0.16 0.592
31 0.752 0.16 0.592
4 0.8 0.048 0.752
8 0.8 0.048 0.752
45 0.8 0.048 0.752
26 0.8 0.048 0.752
34 0.8 0.048 0.752
35 0.8 0.048 0.752
45 0.752 0.048 0.704
8 0.752 0.048 0.704
40 0.8 0.048 0.752
35 0.8 0.048 0.752
26 0.752 0.048 0.704
34 0.752 0.048 0.704
22 0.8 0.048 0.752
6 0.8 0.048 0.752
39 0.8 0.048 0.752
49 0.8 0.048 0.752
31 0.737832 0.048 0.689832
15 0.663366 0.048 0.615366
18 0.602079 0.048 0.554079
21 0.737045 0.048 0.689045
31 0.689832 0.048 0.641832
31 0.641832 0.16 0.481832
15 0.615366 0.16 0.455366
18 0.554079 0.16 0.394079
21 0.689045 0.16 0.529045
49 0.752 0.048 0.704
22 0.752 0.048 0.704
25 0.712569 0.048 0.664569
20 0.597412 0.048 0.549412
30 0.652064 0.048 0.604064
25 0.664569 0.096 0.568569
25 0.568569 0.16 0.408569
20 0.549412 0.16 0.389412
30 0.604064 0.16 0.444064
43 0.8 0.048 0.752
23 0.8 0.048 0.752
21 0.529045 0.048 0.481045
15 0.532086 0.048 0.484086
18 0.467281 0.048 0.419281
31 0.481832 0.048 0.433832
47 0.8 0.048 0.752
32 0.8 0.048 0.752
40 0.8 0.048 0.752
23 0.8 0.048 0.752
43 0.8 0.048 0.752
50 0.8 0.048 0.752
33 0.8 0.048 0.752
14 0.8 0.048 0.752
16 0.8 0.048 0.752
27 0.8 0.048 0.752
29 0.8 0.048 0.752
44 0.8 0.048 0.752
46 0.8 0.048 0.752
24 0.8 0.048 0.752
2 0.8 0.048 0.752
38 0.8 0.048 0.752
7 0.8 0.048 0.752
10 0.8 0.048 0.752
1 0.8 0.048 0.752
13 0.8 0.048 0.752
41 0.8 0.048 0.752
4 0.8 0.048 0.752
8 0.8 0.048 0.752
45 0.8 0.048 0.752
26 0.8 0.048 0.752
34 0.8 0.048 0.752
35 0.8 0.048 0.752
45 0.752 0.048 0.704
8 0.752 0.048 0.704
40 0.8 0.048 0.752
35 0.8 0.048 0.752
26 0.752 0.048 0.704
34 0.752 0.048 0.704
22 0.8 0.048 0.752
6 0.8 0.048 0.752
49 0.8 0.048 0.752
49 0.752 0.048 0.704
22 0.752 0.048 0.704
43 0.8 0.048 0.752
23 0.8 0.048 0.752
21 0.8 0.048 0.752
15 0.8 0.048 0.752
18 0.784838 0.048 0.736838
31 0.8 0.048 0.752
21 0.752 0.048 0.704
21 0.704 0.16 0.544
15 0.752 0.16 0.592
18 0.736838 0.16 0.576838
31 0.752 0.16 0.592
31 0.592 0.016 0.576
21 0.544 0.016 0.528
31 0.576 0.048 0.528
15 0.592 0.048 0.544
18 0.576838 0.048 0.528838
21 0.528 0.048 0.48
47 0.8 0.048 0.752
32 0.8 0.048 0.752
40 0.8 0.048 0.752
32 0.752 0.048 0.704
32 0.704 0.16 0.544
40 0.752 0.16 0.592
23 0.8 0.048 0.752
43 0.8 0.048 0.752
50 0.8 0.048 0.752
33 0.8 0.048 0.752
14 0.8 0.048 0.752
16 0.8 0.048 0.752
27 0.8 0.048 0.752
29 0.8 0.048 0.752
44 0.8 0.048 0.752
46 0.8 0.048 0.752
17 0.8 0.048 0.752
24 0.8 0.048 0.752
2 0.8 0.048 0.752
38 0.8 0.048 0.752
7 0.8 0.048 0.752
10 0.8 0.048 0.752
1 0.8 0.048 0.752
13 0.8 0.048 0.752
41 0.8 0.048 0.752
4 0.8 0.048 0.752
8 0.8 0.048 0.752
45 0.8 0.048 0.752
8 0.752 0.048 0.704
8 0.704 0.16 0.544
8 0.544 0.016 0.528
45 0.752 0.16 0.592
26 0.8 0.048 0.752
34 0.8 0.048 0.752
35 0.8 0.048 0.752
45 0.592 0.048 0.544
8 0.528 0.048 0.48
40 0.8 0.048 0.752
45 0.544 0.048 0.496
45 0.496 0.16 0.336
45 0.336 0.016 0.32
8 0.48 0.16 0.32
40 0.752 0.16 0.592
35 0.8 0.048 0.752
26 0.752 0.048 0.704
34 0.752 0.048 0.704
22 0.8 0.048 0.752
6 0.8 0.048 0.752
49 0.8 0.048 0.752
49 0.752 0.048 0.704
22 0.752 0.048 0.704
43 0.8 0.048 0.752
23 0.8 0.048 0.752
31 0.8 0.048 0.752
15 0.8 0.048 0.752
18 0.8 0.048 0.752
21 0.8 0.048 0.752
47 0.8 0.048 0.752
23 0.8 0.048 0.752
43 0.8 0.048 0.752
50 0.8 0.048 0.752
33 0.8 0.048 0.752
14 0.8 0.048 0.752
16 0.8 0.048 0.752
27 0.8 0.048 0.752
29 0.8 0.048 0.752
44 0.8 0.048 0.752
33 0.752 0.048 0.704
33 0.704 0.16 0.544
33 0.544 0.016 0.528
14 0.752 0.16 0.592
16 0.752 0.16 0.592
27 0.752 0.16 0.592
29 0.752 0.16 0.592
44 0.752 0.16 0.592
46 0.8 0.048 0.752
19 0.8 0.048 0.752
24 0.8 0.048 0.752
2 0.8 0.048 0.752
38 0.8 0.048 0.752
7 0.8 0.048 0.752
10 0.8 0.048 0.752
1 0.8 0.048 0.752
13 0.8 0.048 0.752
41 0.8 0.048 0.752
4 0.8 0.048 0.752
26 0.8 0.048 0.752
34 0.8 0.048 0.752
35 0.8 0.048 0.752
35 0.8 0.048 0.752
26 0.752 0.048 0.704
34 0.752 0.048 0.704
22 0.8 0.048 0.752
6 0.8 0.048 0.752
49 0.8 0.048 0.752
49 0.752 0.048 0.704
22 0.752 0.048 0.704
43 0.8 0.048 0.752
23 0.8 0.048 0.752
31 0.8 0.048 0.752
15 0.8 0.048 0.752
18 0.8 0.048 0.752
21 0.8 0.048 0.752
47 0.8 0.048 0.752
47 0.752 0.048 0.704
47 0.704 0.16 0.544
47 0.544 0.016 0.528
23 0.8 0.048 0.752
43 0.8 0.048 0.752
50 0.8 0.048 0.752
46 0.8 0.048 0.752
17 0.8 0.048 0.752
24 0.8 0.048 0.752
2 0.8 0.048 0.752
38 0.8 0.048 0.752
7 0.8 0.048 0.752
10 0.8 0.048 0.752
1 0.8 0.048 0.752
5 0.8 0.048 0.752
13 0.8 0.048 0.752
41 0.8 0.048 0.752
4 0.8 0.048 0.752
26 0.8 0.048 0.752
34 0.8 0.048 0.752
35 0.8 0.048 0.752
35 0.8 0.048 0.752
26 0.752 0.048 0.704
34 0.752 0.048 0.704
22 0.8 0.048 0.752
6 0.8 0.048 0.752
49 0.8 0.048 0.752
49 0.752 0.048 0.704
22 0.752 0.048 0.704
43 0.8 0.048 0.752
23 0.8 0.048 0.752
43 0.752 0.048 0.704
43 0.704 0.16 0.544
43 0.544 0.016 0.528
23 0.752 0.16 0.592
31 0.8 0.048 0.752
15 0.8 0.048 0.752
18 0.8 0.048 0.752
21 0.8 0.048 0.752
23 0.663857 0.048 0.615857
43 0.602339 0.048 0.554339
23 0.615857 0.096 0.519857
23 0.519857 0.16 0.359857
23 0.359857 0.016 0.343857
43 0.554339 0.16 0.394339
50 0.8 0.048 0.752
46 0.8 0.048 0.752
17 0.8 0.048 0.752
19 0.8 0.048 0.752
24 0.8 0.048 0.752
2 0.8 0.048 0.752
38 0.8 0.048 0.752
7 0.8 0.048 0.752
10 0.8 0.048 0.752
1 0.8 0.048 0.752
13 0.8 0.048 0.752
41 0.8 0.048 0.752
4 0.8 0.048 0.752
4 0.752 0.048 0.704
4 0.704 0.16 0.544
4 0.544 0.016 0.528
26 0.8 0.048 0.752
34 0.8 0.048 0.752
35 0.8 0.048 0.752
35 0.8 0.048 0.752
26 0.752 0.048 0.704
34 0.752 0.048 0.704
22 0.8 0.048 0.752
6 0.8 0.048 0.752
39 0.8 0.048 0.752
49 0.8 0.048 0.752
49 0.752 0.048 0.704
22 0.752 0.048 0.704
31 0.8 0.048 0.752
15 0.8 0.048 0.752
18 0.8 0.048 0.752
21 0.8 0.048 0.752
50 0.8 0.048 0.752
42 0.8 0.048 0.752
50 0.752 0.096 0.656
50 0.656 0.16 0.496
50 0.496 0.016 0.48
42 0.752 0.16 0.592
42 0.592 0.016 0.576
50 0.48 0.016 0.464
42 0.576 0.048 0.528
28 0.8 0.048 0.752
50 0.464 0.048 0.416
42 0.528 0.048 0.48
42 0.48 0.16 0.32
28 0.752 0.16 0.592
50 0.416 0.16 0.256
46 0.8 0.048 0.752
19 0.8 0.048 0.752
24 0.8 0.048 0.752
2 0.8 0.048 0.752
38 0.8 0.048 0.752
7 0.8 0.048 0.752
10 0.8 0.048 0.752
1 0.8 0.048 0.752
13 0.8 0.048 0.752
41 0.8 0.048 0.752
26 0.8 0.048 0.752
34 0.8 0.048 0.752
35 0.8 0.048 0.752
35 0.8 0.048 0.752
26 0.752 0.048 0.704
34 0.752 0.048 0.704
22 0.8 0.048 0.752
6 0.8 0.048 0.752
39 0.8 0.048 0.752
49 0.8 0.048 0.752
22 0.752 0.048 0.704
22 0.704 0.16 0.544
22 0.544 0.016 0.528
6 0.752 0.16 0.592
39 0.752 0.16 0.592
49 0.752 0.16 0.592
49 0.592 0.048 0.544
22 0.528 0.048 0.48
49 0.544 0.048 0.496
49 0.496 0.16 0.336
22 0.48 0.16 0.32
31 0.8 0.048 0.752
15 0.8 0.048 0.752
18 0.8 0.048 0.752
21 0.8 0.048 0.752
46 0.8 0.048 0.752
19 0.8 0.048 0.752
24 0.8 0.048 0.752
2 0.8 0.048 0.752
38 0.8 0.048 0.752
7 0.8 0.048 0.752
10 0.8 0.048 0.752
1 0.8 0.048 0.752
13 0.8 0.048 0.752
41 0.8 0.048 0.752
26 0.8 0.048 0.752
34 0.8 0.048 0.752
35 0.8 0.048 0.752
35 0.8 0.048 0.752
26 0.752 0.048 0.704
34 0.752 0.048 0.704
31 0.8 0.048 0.752
15 0.8 0.048 0.752
18 0.8 0.048 0.752
21 0.8 0.048 0.752
46 0.8 0.048 0.752
19 0.8 0.048 0.752
24 0.8 0.048 0.752
2 0.8 0.048 0.752
38 0.8 0.048 0.752
7 0.8 0.048 0.752
10 0.8 0.048 0.752
1 0.8 0.048 0.752
41 0.8 0.048 0.752
1 0.752 0.048 0.704
1 0.704 0.16 0.544
1 0.544 0.016 0.528
41 0.752 0.16 0.592
26 0.8 0.048 0.752
34 0.8 0.048 0.752
35 0.8 0.048 0.752
35 0.8 0.048 0.752
26 0.752 0.048 0.704
34 0.752 0.048 0.704
31 0.8 0.048 0.752
15 0.8 0.048 0.752
18 0.8 0.048 0.752
21 0.8 0.048 0.752
46 0.8 0.048 0.752
19 0.8 0.048 0.752
24 0.8 0.048 0.752
2 0.8 0.048 0.752
38 0.8 0.048 0.752
7 0.8 0.048 0.752
10 0.8 0.048 0.752
26 0.8 0.048 0.752
34 0.8 0.048 0.752
35 0.8 0.048 0.752
26 0.752 0.048 0.704
26 0.704 0.16 0.544
26 0.544 0.016 0.528
34 0.752 0.16 0.592
35 0.752 0.16 0.592
35 0.663397 0.048 0.615397
26 0.528 0.048 0.48
34 0.592 0.048 0.544
35 0.615397 0.048 0.567397
35 0.567397 0.16 0.407397
35 0.407397 0.016 0.391397
26 0.48 0.16 0.32
34 0.544 0.16 0.384
31 0.8 0.048 0.752
15 0.8 0.048 0.752
18 0.8 0.048 0.752
21 0.8 0.048 0.752
46 0.8 0.048 0.752
19 0.8 0.048 0.752
24 0.8 0.048 0.752
2 0.8 0.048 0.752
38 0.8 0.048 0.752
7 0.8 0.048 0.752
10 0.8 0.048 0.752
