14 0.8 0.048 0.752
14 0.752 0.048 0.704
14 0.704 0.048 0.656
17 0.8 0.048 0.752
17 0.8 0.048 0.752
25 0.8 0.048 0.752
17 0.8 0.048 0.752
25 0.8 0.048 0.752
40 0.8 0.048 0.752
2 0.8 0.048 0.752
25 0.8 0.048 0.752
40 0.8 0.048 0.752
2 0.8 0.048 0.752
3 0.8 0.048 0.752
40 0.8 0.048 0.752
2 0.8 0.048 0.752
3 0.8 0.048 0.752
15 0.8 0.048 0.752
3 0.8 0.048 0.752
15 0.8 0.048 0.752
23 0.8 0.048 0.752
32 0.8 0.048 0.752
18 0.8 0.048 0.752
20 0.8 0.048 0.752
20 0.752 0.048 0.704
28 0.8 0.048 0.752
34 0.8 0.048 0.752
36 0.8 0.048 0.752
32 0.752 0.048 0.704
32 0.704 0.16 0.544
18 0.752 0.16 0.592
20 0.704 0.16 0.544
20 0.544 0.016 0.528
32 0.544 0.016 0.528
20 0.528 0.048 0.48
18 0.592 0.048 0.544
31 0.8 0.048 0.752
32 0.528 0.048 0.48
34 0.752 0.048 0.704
28 0.752 0.16 0.592
34 0.704 0.16 0.544
36 0.752 0.16 0.592
28 0.592 0.048 0.544
4 0.8 0.048 0.752
29 0.8 0.048 0.752
32 0.48 0.048 0.432
36 0.592 0.048 0.544
15 0.8 0.048 0.752
23 0.8 0.048 0.752
8 0.8 0.048 0.752
19 0.8 0.048 0.752
11 0.8 0.048 0.752
30 0.8 0.048 0.752
15 0.8 0.048 0.752
23 0.8 0.048 0.752
8 0.8 0.048 0.752
30 0.8 0.048 0.752
8 0.8 0.048 0.752
11 0.8 0.048 0.752
19 0.8 0.048 0.752
30 0.8 0.048 0.752
11 0.8 0.048 0.752
19 0.8 0.048 0.752
30 0.8 0.048 0.752
20 0.8 0.048 0.752
18 0.8 0.048 0.752
31 0.8 0.048 0.752
32 0.8 0.048 0.752
34 0.8 0.048 0.752
28 0.8 0.048 0.752
4 0.8 0.048 0.752
29 0.8 0.048 0.752
32 0.752 0.048 0.704
36 0.8 0.048 0.752
11 0.8 0.048 0.752
19 0.8 0.048 0.752
22 0.8 0.048 0.752
19 0.8 0.048 0.752
11 0.8 0.048 0.752
30 0.8 0.048 0.752
30 0.752 0.048 0.704
19 0.752 0.048 0.704
19 0.704 0.16 0.544
11 0.752 0.16 0.592
30 0.704 0.16 0.544
30 0.544 0.016 0.528
19 0.544 0.016 0.528
30 0.528 0.048 0.48
8 0.8 0.048 0.752
8 0.752 0.048 0.704
11 0.592 0.048 0.544
19 0.528 0.048 0.48
30 0.48 0.048 0.432
30 0.432 0.16 0.272
8 0.704 0.16 0.544
8 0.544 0.016 0.528
30 0.272 0.016 0.256
8 0.528 0.048 0.48
11 0.544 0.048 0.496
30 0.256 0.048 0.208
11 0.496 0.16 0.336
15 0.8 0.048 0.752
23 0.8 0.048 0.752
4 0.8 0.048 0.752
28 0.8 0.048 0.752
29 0.8 0.048 0.752
36 0.8 0.048 0.752
36 0.752 0.048 0.704
4 0.752 0.048 0.704
4 0.704 0.16 0.544
28 0.752 0.16 0.592
29 0.752 0.16 0.592
36 0.704 0.16 0.544
36 0.544 0.016 0.528
4 0.544 0.016 0.528
36 0.528 0.048 0.48
4 0.528 0.048 0.48
28 0.592 0.048 0.544
29 0.592 0.048 0.544
32 0.8 0.048 0.752
10 0.8 0.048 0.752
13 0.8 0.048 0.752
21 0.8 0.048 0.752
22 0.8 0.048 0.752
10 0.8 0.048 0.752
13 0.8 0.048 0.752
21 0.8 0.048 0.752
22 0.8 0.048 0.752
10 0.8 0.048 0.752
13 0.8 0.048 0.752
21 0.8 0.048 0.752
38 0.8 0.048 0.752
20 0.8 0.048 0.752
18 0.8 0.048 0.752
31 0.8 0.048 0.752
32 0.8 0.048 0.752
34 0.8 0.048 0.752
31 0.752 0.048 0.704
18 0.752 0.048 0.704
20 0.752 0.048 0.704
34 0.752 0.048 0.704
28 0.767982 0.048 0.719982
4 0.63542 0.048 0.58742
29 0.695788 0.048 0.647788
32 0.752 0.048 0.704
36 0.636702 0.048 0.588702
38 0.8 0.048 0.752
22 0.8 0.048 0.752
10 0.8 0.048 0.752
13 0.8 0.048 0.752
21 0.8 0.048 0.752
24 0.8 0.048 0.752
38 0.8 0.048 0.752
8 0.8 0.048 0.752
11 0.703026 0.048 0.655026
30 0.586255 0.048 0.538255
37 0.8 0.048 0.752
5 0.8 0.048 0.752
12 0.8 0.048 0.752
16 0.8 0.048 0.752
39 0.8 0.048 0.752
23 0.8 0.048 0.752
15 0.8 0.048 0.752
26 0.8 0.048 0.752
5 0.752 0.048 0.704
27 0.8 0.048 0.752
27 0.752 0.048 0.704
26 0.752 0.048 0.704
26 0.704 0.16 0.544
5 0.704 0.16 0.544
27 0.704 0.16 0.544
27 0.544 0.016 0.528
26 0.544 0.016 0.528
27 0.528 0.048 0.48
26 0.528 0.048 0.48
15 0.752 0.048 0.704
23 0.8 0.048 0.752
36 0.8 0.048 0.752
4 0.8 0.048 0.752
28 0.8 0.048 0.752
29 0.8 0.048 0.752
32 0.8 0.048 0.752
24 0.8 0.048 0.752
40 0.8 0.048 0.752
25 0.8 0.048 0.752
25 0.752 0.048 0.704
40 0.752 0.048 0.704
40 0.704 0.16 0.544
25 0.704 0.16 0.544
25 0.544 0.016 0.528
40 0.544 0.016 0.528
25 0.528 0.048 0.48
40 0.528 0.048 0.48
11 0.8 0.048 0.752
8 0.8 0.048 0.752
19 0.8 0.048 0.752
30 0.683382 0.048 0.635382
30 0.635382 0.048 0.587382
11 0.752 0.048 0.704
11 0.704 0.16 0.544
8 0.752 0.16 0.592
19 0.752 0.16 0.592
30 0.587382 0.16 0.427382
24 0.8 0.048 0.752
34 0.8 0.048 0.752
18 0.8 0.048 0.752
20 0.8 0.048 0.752
31 0.8 0.048 0.752
32 0.8 0.048 0.752
17 0.8 0.048 0.752
31 0.752 0.048 0.704
20 0.8 0.048 0.752
18 0.8 0.048 0.752
32 0.8 0.048 0.752
34 0.8 0.048 0.752
31 0.704 0.048 0.656
18 0.752 0.048 0.704
18 0.704 0.048 0.656
20 0.752 0.048 0.704
34 0.752 0.048 0.704
31 0.656 0.096 0.56
31 0.56 0.16 0.4
31 0.4 0.016 0.384
28 0.8 0.048 0.752
4 0.8 0.048 0.752
29 0.8 0.048 0.752
32 0.752 0.048 0.704
36 0.8 0.048 0.752
18 0.728 0.048 0.68
20 0.782508 0.048 0.734508
31 0.460956 0.048 0.412956
32 0.776487 0.048 0.728487
34 0.778924 0.048 0.730924
21 0.8 0.048 0.752
10 0.8 0.048 0.752
13 0.8 0.048 0.752
22 0.8 0.048 0.752
22 0.752 0.048 0.704
10 0.752 0.048 0.704
13 0.8 0.048 0.752
21 0.752 0.048 0.704
18 0.753604 0.048 0.705604
20 0.8 0.048 0.752
28 0.8 0.048 0.752
31 0.492607 0.048 0.444607
32 0.8 0.048 0.752
34 0.8 0.048 0.752
36 0.8 0.048 0.752
8 0.8 0.048 0.752
11 0.770021 0.048 0.722021
30 0.648728 0.048 0.600728
37 0.8 0.048 0.752
5 0.8 0.048 0.752
12 0.8 0.048 0.752
16 0.8 0.048 0.752
39 0.8 0.048 0.752
23 0.8 0.048 0.752
15 0.8 0.048 0.752
33 0.8 0.048 0.752
27 0.8 0.048 0.752
26 0.8 0.048 0.752
15 0.752 0.048 0.704
3 0.8 0.048 0.752
3 0.752 0.048 0.704
23 0.8 0.048 0.752
15 0.704 0.048 0.656
15 0.656 0.16 0.496
3 0.704 0.16 0.544
3 0.544 0.016 0.528
15 0.496 0.016 0.48
3 0.528 0.048 0.48
2 0.8 0.048 0.752
2 0.752 0.048 0.704
15 0.48 0.048 0.432
3 0.48 0.048 0.432
3 0.432 0.16 0.272
23 0.752 0.16 0.592
2 0.704 0.16 0.544
2 0.544 0.016 0.528
3 0.272 0.016 0.256
2 0.528 0.048 0.48
3 0.256 0.048 0.208
36 0.8 0.048 0.752
4 0.8 0.048 0.752
28 0.8 0.048 0.752
29 0.8 0.048 0.752
29 0.752 0.048 0.704
32 0.8 0.048 0.752
36 0.752 0.096 0.656
36 0.656 0.16 0.496
36 0.496 0.016 0.48
4 0.752 0.048 0.704
18 0.775886 0.048 0.727886
20 0.8 0.048 0.752
28 0.752 0.048 0.704
29 0.704 0.048 0.656
32 0.752 0.048 0.704
34 0.8 0.048 0.752
36 0.48 0.048 0.432
6 0.8 0.048 0.752
1 0.8 0.048 0.752
9 0.8 0.048 0.752
9 0.752 0.048 0.704
6 0.752 0.048 0.704
6 0.704 0.16 0.544
1 0.752 0.16 0.592
9 0.704 0.16 0.544
9 0.544 0.016 0.528
6 0.544 0.016 0.528
9 0.528 0.048 0.48
1 0.592 0.048 0.544
6 0.528 0.048 0.48
25 0.8 0.048 0.752
40 0.8 0.048 0.752
24 0.8 0.048 0.752
4 0.782608 0.048 0.734608
28 0.783228 0.048 0.735228
29 0.728637 0.048 0.680637
36 0.511396 0.048 0.463396
34 0.8 0.048 0.752
18 0.8 0.048 0.752
20 0.8 0.048 0.752
31 0.674255 0.048 0.626255
31 0.626255 0.048 0.578255
32 0.77771 0.048 0.72971
34 0.752 0.048 0.704
34 0.704 0.16 0.544
18 0.752 0.16 0.592
20 0.752 0.16 0.592
31 0.578255 0.16 0.418255
32 0.72971 0.16 0.56971
17 0.8 0.048 0.752
4 0.8 0.048 0.752
35 0.8 0.048 0.752
20 0.666401 0.048 0.618401
18 0.670716 0.048 0.622716
31 0.418255 0.048 0.370255
32 0.643601 0.048 0.595601
34 0.614801 0.048 0.566801
28 0.8 0.048 0.752
4 0.752 0.048 0.704
29 0.751272 0.048 0.703272
32 0.595601 0.048 0.547601
32 0.547601 0.048 0.499601
36 0.537699 0.048 0.489699
28 0.752 0.048 0.704
28 0.704 0.16 0.544
4 0.704 0.16 0.544
29 0.703272 0.16 0.543272
32 0.499601 0.16 0.339601
36 0.489699 0.16 0.329699
35 0.8 0.048 0.752
10 0.8 0.048 0.752
13 0.8 0.048 0.752
21 0.8 0.048 0.752
22 0.8 0.048 0.752
21 0.8 0.048 0.752
10 0.752 0.048 0.704
13 0.752 0.048 0.704
22 0.752 0.048 0.704
22 0.704 0.048 0.656
10 0.704 0.048 0.656
13 0.775929 0.048 0.727929
21 0.752 0.048 0.704
33 0.8 0.048 0.752
35 0.8 0.048 0.752
8 0.8 0.048 0.752
11 0.8 0.048 0.752
30 0.8 0.048 0.752
37 0.8 0.048 0.752
5 0.8 0.048 0.752
12 0.8 0.048 0.752
16 0.8 0.048 0.752
39 0.8 0.048 0.752
13 0.727929 0.048 0.679929
10 0.726302 0.048 0.678302
21 0.779005 0.048 0.731005
22 0.734992 0.048 0.686992
23 0.8 0.048 0.752
15 0.8 0.048 0.752
33 0.8 0.048 0.752
33 0.752 0.048 0.704
33 0.704 0.16 0.544
33 0.544 0.016 0.528
27 0.8 0.048 0.752
26 0.8 0.048 0.752
2 0.8 0.048 0.752
3 0.572057 0.048 0.524057
33 0.528 0.048 0.48
9 0.8 0.048 0.752
1 0.8 0.048 0.752
6 0.8 0.048 0.752
25 0.8 0.048 0.752
40 0.8 0.048 0.752
24 0.8 0.048 0.752
1 0.8 0.048 0.752
6 0.8 0.048 0.752
9 0.8 0.048 0.752
38 0.8 0.048 0.752
14 0.8 0.048 0.752
17 0.8 0.048 0.752
1 0.8 0.048 0.752
6 0.8 0.048 0.752
9 0.8 0.048 0.752
20 0.8 0.048 0.752
18 0.8 0.048 0.752
31 0.74643 0.048 0.69843
31 0.69843 0.048 0.65043
32 0.711906 0.048 0.663906
34 0.8 0.048 0.752
20 0.752 0.048 0.704
20 0.704 0.16 0.544
18 0.752 0.16 0.592
31 0.65043 0.16 0.49043
34 0.752 0.16 0.592
18 0.669614 0.048 0.621614
20 0.616555 0.048 0.568555
31 0.564288 0.048 0.516288
31 0.516288 0.048 0.468288
32 0.74047 0.048 0.69247
34 0.592 0.048 0.544
18 0.621614 0.048 0.573614
18 0.573614 0.16 0.413614
20 0.568555 0.16 0.408555
31 0.468288 0.16 0.308288
32 0.69247 0.16 0.53247
34 0.544 0.16 0.384
1 0.8 0.048 0.752
6 0.8 0.048 0.752
9 0.8 0.048 0.752
10 0.8 0.048 0.752
13 0.8 0.048 0.752
21 0.8 0.048 0.752
22 0.8 0.048 0.752
21 0.8 0.048 0.752
10 0.752 0.048 0.704
13 0.752 0.048 0.704
22 0.752 0.048 0.704
16 0.8 0.048 0.752
12 0.8 0.048 0.752
37 0.8 0.048 0.752
39 0.8 0.048 0.752
22 0.704 0.048 0.656
10 0.704 0.048 0.656
13 0.778867 0.048 0.730867
21 0.752 0.048 0.704
8 0.8 0.048 0.752
11 0.8 0.048 0.752
30 0.8 0.048 0.752
37 0.752 0.048 0.704
5 0.8 0.048 0.752
12 0.752 0.048 0.704
16 0.752 0.048 0.704
39 0.8 0.048 0.752
13 0.730867 0.048 0.682867
10 0.735726 0.048 0.687726
21 0.782078 0.048 0.734078
22 0.734357 0.048 0.686357
32 0.608362 0.048 0.560362
18 0.48443 0.048 0.43643
20 0.479657 0.048 0.431657
28 0.8 0.048 0.752
29 0.8 0.048 0.752
34 0.531456 0.048 0.483456
36 0.8 0.048 0.752
23 0.8 0.048 0.752
3 0.8 0.048 0.752
3 0.752 0.048 0.704
15 0.8 0.048 0.752
23 0.752 0.048 0.704
23 0.704 0.16 0.544
3 0.704 0.16 0.544
3 0.544 0.016 0.528
23 0.544 0.016 0.528
3 0.528 0.048 0.48
2 0.8 0.048 0.752
15 0.752 0.048 0.704
23 0.528 0.048 0.48
15 0.704 0.16 0.544
27 0.8 0.048 0.752
26 0.8 0.048 0.752
2 0.752 0.048 0.704
3 0.48 0.048 0.432
26 0.8 0.048 0.752
27 0.752 0.048 0.704
9 0.8 0.048 0.752
1 0.8 0.048 0.752
6 0.8 0.048 0.752
25 0.8 0.048 0.752
40 0.8 0.048 0.752
24 0.8 0.048 0.752
5 0.8 0.048 0.752
26 0.8 0.048 0.752
27 0.781553 0.048 0.733553
38 0.8 0.048 0.752
14 0.8 0.048 0.752
17 0.8 0.048 0.752
5 0.8 0.048 0.752
16 0.8 0.048 0.752
26 0.8 0.048 0.752
37 0.8 0.048 0.752
5 0.8 0.048 0.752
12 0.8 0.048 0.752
16 0.8 0.048 0.752
37 0.8 0.048 0.752
39 0.8 0.048 0.752
29 0.8 0.048 0.752
4 0.8 0.048 0.752
28 0.8 0.048 0.752
32 0.8 0.048 0.752
36 0.8 0.048 0.752
10 0.8 0.048 0.752
13 0.8 0.048 0.752
21 0.8 0.048 0.752
22 0.8 0.048 0.752
21 0.8 0.048 0.752
10 0.752 0.048 0.704
13 0.752 0.048 0.704
22 0.752 0.048 0.704
16 0.8 0.048 0.752
12 0.8 0.048 0.752
37 0.8 0.048 0.752
39 0.8 0.048 0.752
16 0.752 0.048 0.704
16 0.704 0.16 0.544
16 0.544 0.016 0.528
22 0.704 0.048 0.656
10 0.704 0.048 0.656
13 0.776315 0.048 0.728315
21 0.752 0.048 0.704
1 0.8 0.048 0.752
6 0.8 0.048 0.752
9 0.8 0.048 0.752
12 0.752 0.048 0.704
16 0.528 0.048 0.48
37 0.752 0.048 0.704
39 0.752 0.048 0.704
39 0.704 0.048 0.656
12 0.704 0.048 0.656
16 0.48 0.048 0.432
37 0.704 0.048 0.656
39 0.656 0.048 0.608
39 0.608 0.16 0.448
39 0.448 0.016 0.432
8 0.8 0.048 0.752
11 0.8 0.048 0.752
30 0.8 0.048 0.752
37 0.656 0.048 0.608
12 0.656 0.048 0.608
16 0.432 0.048 0.384
39 0.511462 0.048 0.463462
37 0.608 0.048 0.56
37 0.56 0.16 0.4
37 0.4 0.016 0.384
13 0.728315 0.048 0.680315
10 0.731499 0.048 0.683499
21 0.774228 0.048 0.726228
22 0.734797 0.048 0.686797
32 0.8 0.048 0.752
18 0.8 0.048 0.752
20 0.8 0.048 0.752
28 0.8 0.048 0.752
29 0.8 0.048 0.752
34 0.8 0.048 0.752
36 0.8 0.048 0.752
3 0.8 0.048 0.752
2 0.8 0.048 0.752
15 0.8 0.048 0.752
23 0.8 0.048 0.752
27 0.8 0.048 0.752
26 0.8 0.048 0.752
2 0.752 0.048 0.704
3 0.752 0.048 0.704
12 0.683205 0.048 0.635205
16 0.455115 0.048 0.407115
9 0.8 0.048 0.752
1 0.8 0.048 0.752
6 0.8 0.048 0.752
25 0.8 0.048 0.752
40 0.8 0.048 0.752
7 0.8 0.048 0.752
24 0.8 0.048 0.752
38 0.8 0.048 0.752
14 0.8 0.048 0.752
36 0.8 0.048 0.752
4 0.8 0.048 0.752
28 0.8 0.048 0.752
29 0.8 0.048 0.752
32 0.8 0.048 0.752
17 0.8 0.048 0.752
35 0.8 0.048 0.752
7 0.8 0.048 0.752
29 0.8 0.048 0.752
4 0.8 0.048 0.752
28 0.8 0.048 0.752
32 0.8 0.048 0.752
36 0.8 0.048 0.752
10 0.8 0.048 0.752
13 0.8 0.048 0.752
21 0.8 0.048 0.752
22 0.8 0.048 0.752
21 0.8 0.048 0.752
10 0.752 0.048 0.704
13 0.752 0.048 0.704
22 0.752 0.048 0.704
5 0.8 0.048 0.752
26 0.8 0.048 0.752
26 0.752 0.048 0.704
5 0.752 0.048 0.704
5 0.704 0.16 0.544
26 0.704 0.16 0.544
26 0.544 0.016 0.528
5 0.544 0.016 0.528
26 0.528 0.048 0.48
5 0.528 0.048 0.48
27 0.8 0.048 0.752
22 0.704 0.048 0.656
10 0.704 0.048 0.656
13 0.782628 0.048 0.734628
21 0.752 0.048 0.704
1 0.8 0.048 0.752
6 0.8 0.048 0.752
9 0.8 0.048 0.752
7 0.8 0.048 0.752
8 0.8 0.048 0.752
11 0.8 0.048 0.752
30 0.8 0.048 0.752
12 0.8 0.048 0.752
16 0.710377 0.048 0.662377
37 0.75609 0.048 0.70809
37 0.70809 0.048 0.66009
39 0.8 0.048 0.752
39 0.752 0.048 0.704
12 0.752 0.096 0.656
12 0.656 0.16 0.496
16 0.662377 0.16 0.502377
37 0.66009 0.16 0.50009
39 0.704 0.16 0.544
39 0.544 0.016 0.528
12 0.496 0.016 0.48
39 0.528 0.048 0.48
12 0.48 0.048 0.432
16 0.502377 0.048 0.454377
37 0.50009 0.048 0.45209
13 0.734628 0.048 0.686628
10 0.730852 0.048 0.682852
21 0.77727 0.048 0.72927
22 0.733889 0.048 0.685889
32 0.8 0.048 0.752
18 0.8 0.048 0.752
20 0.8 0.048 0.752
28 0.8 0.048 0.752
29 0.8 0.048 0.752
34 0.8 0.048 0.752
36 0.8 0.048 0.752
3 0.8 0.048 0.752
15 0.8 0.048 0.752
23 0.8 0.048 0.752
31 0.8 0.048 0.752
18 0.8 0.048 0.752
20 0.8 0.048 0.752
34 0.752 0.048 0.704
27 0.8 0.048 0.752
26 0.552129 0.048 0.504129
2 0.8 0.048 0.752
7 0.8 0.048 0.752
9 0.8 0.048 0.752
1 0.8 0.048 0.752
6 0.8 0.048 0.752
25 0.8 0.048 0.752
40 0.8 0.048 0.752
7 0.8 0.048 0.752
24 0.8 0.048 0.752
30 0.8 0.048 0.752
8 0.8 0.048 0.752
11 0.8 0.048 0.752
19 0.8 0.048 0.752
38 0.8 0.048 0.752
14 0.8 0.048 0.752
36 0.8 0.048 0.752
4 0.8 0.048 0.752
28 0.8 0.048 0.752
29 0.8 0.048 0.752
32 0.8 0.048 0.752
17 0.8 0.048 0.752
4 0.8 0.048 0.752
29 0.8 0.048 0.752
36 0.8 0.048 0.752
35 0.8 0.048 0.752
29 0.8 0.048 0.752
4 0.8 0.048 0.752
28 0.8 0.048 0.752
32 0.8 0.048 0.752
36 0.8 0.048 0.752
10 0.8 0.048 0.752
13 0.8 0.048 0.752
21 0.8 0.048 0.752
22 0.8 0.048 0.752
21 0.8 0.048 0.752
10 0.752 0.048 0.704
13 0.752 0.048 0.704
22 0.752 0.048 0.704
26 0.8 0.048 0.752
5 0.8 0.048 0.752
27 0.8 0.048 0.752
22 0.704 0.048 0.656
10 0.704 0.048 0.656
13 0.778252 0.048 0.730252
21 0.752 0.048 0.704
1 0.8 0.048 0.752
6 0.8 0.048 0.752
9 0.8 0.048 0.752
14 0.8 0.048 0.752
8 0.8 0.048 0.752
11 0.8 0.048 0.752
30 0.8 0.048 0.752
39 0.8 0.048 0.752
12 0.8 0.048 0.752
16 0.8 0.048 0.752
37 0.8 0.048 0.752
13 0.730252 0.048 0.682252
10 0.734334 0.048 0.686334
21 0.778718 0.048 0.730718
22 0.731379 0.048 0.683379
32 0.8 0.048 0.752
18 0.8 0.048 0.752
20 0.8 0.048 0.752
28 0.8 0.048 0.752
29 0.8 0.048 0.752
34 0.8 0.048 0.752
36 0.8 0.048 0.752
3 0.8 0.048 0.752
2 0.8 0.048 0.752
15 0.8 0.048 0.752
23 0.8 0.048 0.752
31 0.8 0.048 0.752
18 0.8 0.048 0.752
20 0.8 0.048 0.752
34 0.752 0.048 0.704
27 0.8 0.048 0.752
26 0.8 0.048 0.752
2 0.752 0.048 0.704
3 0.752 0.048 0.704
14 0.8 0.048 0.752
9 0.8 0.048 0.752
1 0.8 0.048 0.752
6 0.8 0.048 0.752
25 0.8 0.048 0.752
40 0.8 0.048 0.752
19 0.8 0.048 0.752
11 0.8 0.048 0.752
30 0.8 0.048 0.752
7 0.8 0.048 0.752
24 0.8 0.048 0.752
30 0.752 0.048 0.704
8 0.8 0.048 0.752
11 0.752 0.048 0.704
19 0.752 0.048 0.704
14 0.8 0.048 0.752
38 0.8 0.048 0.752
14 0.8 0.048 0.752
36 0.8 0.048 0.752
4 0.8 0.048 0.752
28 0.8 0.048 0.752
29 0.8 0.048 0.752
32 0.8 0.048 0.752
17 0.8 0.048 0.752
4 0.8 0.048 0.752
29 0.8 0.048 0.752
36 0.8 0.048 0.752
35 0.8 0.048 0.752
29 0.8 0.048 0.752
4 0.8 0.048 0.752
28 0.8 0.048 0.752
32 0.8 0.048 0.752
36 0.8 0.048 0.752
10 0.8 0.048 0.752
13 0.8 0.048 0.752
21 0.8 0.048 0.752
22 0.8 0.048 0.752
21 0.8 0.048 0.752
10 0.752 0.048 0.704
13 0.752 0.048 0.704
22 0.752 0.048 0.704
26 0.8 0.048 0.752
5 0.8 0.048 0.752
27 0.8 0.048 0.752
22 0.704 0.048 0.656
10 0.704 0.048 0.656
13 0.776011 0.048 0.728011
21 0.752 0.048 0.704
1 0.8 0.048 0.752
6 0.8 0.048 0.752
9 0.8 0.048 0.752
17 0.8 0.048 0.752
8 0.8 0.048 0.752
11 0.8 0.048 0.752
30 0.8 0.048 0.752
39 0.8 0.048 0.752
12 0.8 0.048 0.752
16 0.8 0.048 0.752
37 0.8 0.048 0.752
13 0.728011 0.048 0.680011
10 0.7319 0.048 0.6839
21 0.779709 0.048 0.731709
22 0.727667 0.048 0.679667
32 0.8 0.048 0.752
18 0.8 0.048 0.752
20 0.8 0.048 0.752
28 0.8 0.048 0.752
29 0.8 0.048 0.752
34 0.8 0.048 0.752
36 0.8 0.048 0.752
3 0.8 0.048 0.752
2 0.8 0.048 0.752
15 0.8 0.048 0.752
23 0.8 0.048 0.752
31 0.8 0.048 0.752
18 0.8 0.048 0.752
20 0.8 0.048 0.752
34 0.752 0.048 0.704
27 0.8 0.048 0.752
26 0.8 0.048 0.752
2 0.752 0.048 0.704
3 0.752 0.048 0.704
17 0.8 0.048 0.752
25 0.8 0.048 0.752
40 0.8 0.048 0.752
9 0.8 0.048 0.752
1 0.8 0.048 0.752
6 0.8 0.048 0.752
25 0.752 0.048 0.704
40 0.752 0.048 0.704
25 0.704 0.048 0.656
25 0.656 0.16 0.496
25 0.496 0.016 0.48
33 0.8 0.048 0.752
19 0.8 0.048 0.752
11 0.8 0.048 0.752
30 0.8 0.048 0.752
7 0.8 0.048 0.752
24 0.8 0.048 0.752
30 0.752 0.048 0.704
8 0.8 0.048 0.752
11 0.752 0.048 0.704
19 0.752 0.048 0.704
6 0.8 0.048 0.752
1 0.8 0.048 0.752
9 0.752 0.048 0.704
17 0.8 0.048 0.752
25 0.552834 0.048 0.504834
40 0.782184 0.048 0.734184
38 0.8 0.048 0.752
14 0.8 0.048 0.752
36 0.8 0.048 0.752
28 0.8 0.048 0.752
29 0.8 0.048 0.752
32 0.8 0.048 0.752
17 0.8 0.048 0.752
2 0.8 0.048 0.752
25 0.582293 0.048 0.534293
40 0.8 0.048 0.752
4 0.8 0.048 0.752
29 0.8 0.048 0.752
35 0.8 0.048 0.752
2 0.8 0.048 0.752
3 0.8 0.048 0.752
29 0.8 0.048 0.752
4 0.8 0.048 0.752
28 0.8 0.048 0.752
32 0.8 0.048 0.752
36 0.8 0.048 0.752
10 0.8 0.048 0.752
13 0.8 0.048 0.752
21 0.8 0.048 0.752
22 0.8 0.048 0.752
21 0.8 0.048 0.752
10 0.752 0.048 0.704
13 0.752 0.048 0.704
22 0.752 0.048 0.704
26 0.8 0.048 0.752
5 0.8 0.048 0.752
27 0.8 0.048 0.752
16 0.8 0.048 0.752
12 0.8 0.048 0.752
37 0.8 0.048 0.752
37 0.752 0.048 0.704
39 0.8 0.048 0.752
16 0.752 0.048 0.704
16 0.704 0.16 0.544
12 0.752 0.16 0.592
37 0.704 0.16 0.544
37 0.544 0.016 0.528
16 0.544 0.016 0.528
37 0.528 0.048 0.48
12 0.592 0.048 0.544
16 0.528 0.048 0.48
39 0.752 0.048 0.704
39 0.704 0.16 0.544
22 0.704 0.048 0.656
10 0.704 0.048 0.656
13 0.775962 0.048 0.727962
21 0.752 0.048 0.704
1 0.8 0.048 0.752
6 0.8 0.048 0.752
9 0.8 0.048 0.752
2 0.8 0.048 0.752
3 0.8 0.048 0.752
15 0.8 0.048 0.752
23 0.8 0.048 0.752
8 0.8 0.048 0.752
11 0.8 0.048 0.752
30 0.8 0.048 0.752
39 0.616539 0.048 0.568539
12 0.544 0.048 0.496
16 0.48 0.048 0.432
37 0.48 0.048 0.432
13 0.727962 0.048 0.679962
10 0.727349 0.048 0.679349
21 0.780626 0.048 0.732626
22 0.735631 0.048 0.687631
32 0.8 0.048 0.752
18 0.8 0.048 0.752
20 0.8 0.048 0.752
28 0.8 0.048 0.752
29 0.8 0.048 0.752
36 0.8 0.048 0.752
3 0.752 0.048 0.704
23 0.752 0.048 0.704
3 0.704 0.048 0.656
3 0.656 0.16 0.496
3 0.496 0.016 0.48
23 0.704 0.048 0.656
3 0.48 0.048 0.432
15 0.8 0.048 0.752
23 0.656 0.048 0.608
23 0.608 0.16 0.448
23 0.448 0.016 0.432
31 0.8 0.048 0.752
18 0.8 0.048 0.752
20 0.8 0.048 0.752
34 0.8 0.048 0.752
27 0.8 0.048 0.752
26 0.8 0.048 0.752
2 0.8 0.048 0.752
3 0.510578 0.048 0.462578
15 0.752 0.048 0.704
23 0.509192 0.048 0.461192
9 0.8 0.048 0.752
1 0.8 0.048 0.752
6 0.8 0.048 0.752
33 0.8 0.048 0.752
19 0.8 0.048 0.752
11 0.8 0.048 0.752
30 0.8 0.048 0.752
7 0.8 0.048 0.752
24 0.8 0.048 0.752
30 0.752 0.048 0.704
8 0.8 0.048 0.752
11 0.752 0.048 0.704
19 0.752 0.048 0.704
6 0.8 0.048 0.752
1 0.8 0.048 0.752
9 0.752 0.048 0.704
15 0.779896 0.048 0.731896
23 0.53713 0.048 0.48913
38 0.8 0.048 0.752
14 0.8 0.048 0.752
36 0.8 0.048 0.752
4 0.8 0.048 0.752
28 0.8 0.048 0.752
29 0.8 0.048 0.752
32 0.8 0.048 0.752
17 0.8 0.048 0.752
8 0.8 0.048 0.752
4 0.8 0.048 0.752
28 0.8 0.048 0.752
29 0.8 0.048 0.752
36 0.8 0.048 0.752
35 0.8 0.048 0.752
8 0.8 0.048 0.752
11 0.8 0.048 0.752
30 0.8 0.048 0.752
29 0.8 0.048 0.752
4 0.8 0.048 0.752
28 0.8 0.048 0.752
32 0.8 0.048 0.752
36 0.8 0.048 0.752
10 0.8 0.048 0.752
13 0.8 0.048 0.752
21 0.8 0.048 0.752
22 0.8 0.048 0.752
21 0.8 0.048 0.752
10 0.752 0.048 0.704
13 0.752 0.048 0.704
22 0.752 0.048 0.704
26 0.8 0.048 0.752
5 0.8 0.048 0.752
27 0.8 0.048 0.752
37 0.8 0.048 0.752
12 0.8 0.048 0.752
16 0.8 0.048 0.752
39 0.8 0.048 0.752
22 0.704 0.048 0.656
10 0.704 0.048 0.656
13 0.774388 0.048 0.726388
21 0.752 0.048 0.704
1 0.8 0.048 0.752
6 0.8 0.048 0.752
9 0.8 0.048 0.752
8 0.8 0.048 0.752
11 0.8 0.048 0.752
19 0.8 0.048 0.752
30 0.8 0.048 0.752
8 0.8 0.048 0.752
11 0.752 0.048 0.704
30 0.752 0.048 0.704
8 0.752 0.048 0.704
8 0.704 0.16 0.544
8 0.544 0.016 0.528
39 0.8 0.048 0.752
12 0.752 0.048 0.704
16 0.752 0.048 0.704
37 0.752 0.048 0.704
13 0.726388 0.048 0.678388
10 0.731216 0.048 0.683216
21 0.777998 0.048 0.729998
22 0.734706 0.048 0.686706
32 0.8 0.048 0.752
18 0.8 0.048 0.752
20 0.8 0.048 0.752
28 0.8 0.048 0.752
29 0.8 0.048 0.752
36 0.8 0.048 0.752
31 0.8 0.048 0.752
18 0.8 0.048 0.752
20 0.8 0.048 0.752
34 0.8 0.048 0.752
40 0.8 0.048 0.752
25 0.8 0.048 0.752
27 0.8 0.048 0.752
26 0.8 0.048 0.752
2 0.8 0.048 0.752
3 0.763228 0.048 0.715228
11 0.779996 0.048 0.731996
19 0.8 0.048 0.752
30 0.780997 0.048 0.732997
9 0.8 0.048 0.752
1 0.8 0.048 0.752
6 0.8 0.048 0.752
33 0.8 0.048 0.752
19 0.8 0.048 0.752
11 0.8 0.048 0.752
30 0.8 0.048 0.752
19 0.752 0.048 0.704
19 0.704 0.16 0.544
19 0.544 0.016 0.528
7 0.8 0.048 0.752
24 0.8 0.048 0.752
30 0.752 0.048 0.704
8 0.60764 0.048 0.55964
8 0.55964 0.048 0.51164
11 0.752 0.048 0.704
19 0.528 0.048 0.48
30 0.704 0.048 0.656
30 0.656 0.16 0.496
8 0.51164 0.16 0.35164
11 0.704 0.16 0.544
19 0.48 0.16 0.32
6 0.8 0.048 0.752
1 0.8 0.048 0.752
9 0.752 0.048 0.704
19 0.32 0.048 0.272
38 0.8 0.048 0.752
14 0.8 0.048 0.752
36 0.8 0.048 0.752
4 0.8 0.048 0.752
28 0.8 0.048 0.752
29 0.8 0.048 0.752
32 0.8 0.048 0.752
17 0.8 0.048 0.752
13 0.8 0.048 0.752
22 0.8 0.048 0.752
4 0.8 0.048 0.752
28 0.8 0.048 0.752
29 0.8 0.048 0.752
36 0.8 0.048 0.752
35 0.8 0.048 0.752
10 0.8 0.048 0.752
13 0.8 0.048 0.752
21 0.8 0.048 0.752
22 0.8 0.048 0.752
29 0.8 0.048 0.752
4 0.8 0.048 0.752
28 0.8 0.048 0.752
32 0.8 0.048 0.752
36 0.8 0.048 0.752
10 0.752 0.048 0.704
13 0.752 0.048 0.704
21 0.752 0.048 0.704
22 0.752 0.048 0.704
10 0.704 0.048 0.656
10 0.656 0.16 0.496
10 0.496 0.016 0.48
21 0.782841 0.048 0.734841
10 0.48 0.048 0.432
13 0.704 0.048 0.656
22 0.704 0.048 0.656
21 0.734841 0.048 0.686841
21 0.686841 0.16 0.526841
21 0.526841 0.016 0.510841
26 0.8 0.048 0.752
5 0.8 0.048 0.752
27 0.8 0.048 0.752
37 0.8 0.048 0.752
12 0.8 0.048 0.752
16 0.8 0.048 0.752
39 0.8 0.048 0.752
22 0.656 0.048 0.608
10 0.432 0.048 0.384
13 0.731851 0.048 0.683851
21 0.510841 0.048 0.462841
22 0.608 0.048 0.56
22 0.56 0.16 0.4
22 0.4 0.016 0.384
1 0.8 0.048 0.752
6 0.8 0.048 0.752
9 0.8 0.048 0.752
10 0.461199 0.048 0.413199
13 0.683851 0.048 0.635851
21 0.462841 0.048 0.414841
22 0.461737 0.048 0.413737
39 0.8 0.048 0.752
12 0.752 0.048 0.704
16 0.752 0.048 0.704
37 0.752 0.048 0.704
13 0.635851 0.048 0.587851
10 0.413199 0.048 0.365199
21 0.486361 0.048 0.438361
22 0.413737 0.048 0.365737
13 0.587851 0.048 0.539851
13 0.539851 0.16 0.379851
13 0.379851 0.016 0.363851
32 0.8 0.048 0.752
18 0.8 0.048 0.752
20 0.8 0.048 0.752
28 0.8 0.048 0.752
29 0.8 0.048 0.752
36 0.8 0.048 0.752
31 0.8 0.048 0.752
18 0.8 0.048 0.752
20 0.8 0.048 0.752
34 0.8 0.048 0.752
40 0.8 0.048 0.752
25 0.8 0.048 0.752
27 0.8 0.048 0.752
5 0.8 0.048 0.752
26 0.8 0.048 0.752
2 0.8 0.048 0.752
3 0.8 0.048 0.752
10 0.438456 0.048 0.390456
13 0.435411 0.048 0.387411
38 0.8 0.048 0.752
9 0.8 0.048 0.752
1 0.8 0.048 0.752
6 0.8 0.048 0.752
33 0.8 0.048 0.752
7 0.8 0.048 0.752
24 0.8 0.048 0.752
6 0.8 0.048 0.752
1 0.8 0.048 0.752
9 0.752 0.048 0.704
38 0.8 0.048 0.752
38 0.8 0.048 0.752
38 0.752 0.048 0.704
38 0.704 0.16 0.544
38 0.544 0.016 0.528
14 0.8 0.048 0.752
36 0.8 0.048 0.752
4 0.8 0.048 0.752
28 0.8 0.048 0.752
29 0.8 0.048 0.752
32 0.8 0.048 0.752
17 0.8 0.048 0.752
24 0.8 0.048 0.752
38 0.528 0.048 0.48
4 0.8 0.048 0.752
29 0.8 0.048 0.752
36 0.8 0.048 0.752
15 0.8 0.048 0.752
3 0.8 0.048 0.752
3 0.752 0.048 0.704
23 0.8 0.048 0.752
15 0.752 0.048 0.704
15 0.704 0.16 0.544
3 0.704 0.16 0.544
3 0.544 0.016 0.528
15 0.544 0.016 0.528
3 0.528 0.048 0.48
2 0.8 0.048 0.752
15 0.528 0.048 0.48
23 0.752 0.048 0.704
23 0.704 0.16 0.544
35 0.8 0.048 0.752
24 0.8 0.048 0.752
29 0.8 0.048 0.752
28 0.8 0.048 0.752
32 0.8 0.048 0.752
36 0.8 0.048 0.752
26 0.8 0.048 0.752
5 0.8 0.048 0.752
27 0.8 0.048 0.752
37 0.8 0.048 0.752
12 0.8 0.048 0.752
16 0.8 0.048 0.752
39 0.8 0.048 0.752
1 0.8 0.048 0.752
6 0.8 0.048 0.752
9 0.8 0.048 0.752
24 0.8 0.048 0.752
31 0.8 0.048 0.752
39 0.8 0.048 0.752
12 0.752 0.048 0.704
16 0.752 0.048 0.704
37 0.752 0.048 0.704
32 0.8 0.048 0.752
18 0.8 0.048 0.752
28 0.8 0.048 0.752
29 0.8 0.048 0.752
34 0.8 0.048 0.752
36 0.8 0.048 0.752
5 0.8 0.048 0.752
26 0.8 0.048 0.752
27 0.8 0.048 0.752
31 0.8 0.048 0.752
18 0.8 0.048 0.752
20 0.8 0.048 0.752
34 0.752 0.048 0.704
31 0.752 0.048 0.704
31 0.704 0.16 0.544
31 0.544 0.016 0.528
40 0.8 0.048 0.752
25 0.8 0.048 0.752
27 0.752 0.048 0.704
5 0.752 0.048 0.704
26 0.752 0.048 0.704
2 0.8 0.048 0.752
3 0.633234 0.048 0.585234
18 0.752 0.048 0.704
20 0.752 0.048 0.704
31 0.528 0.048 0.48
34 0.779547 0.048 0.731547
9 0.8 0.048 0.752
1 0.8 0.048 0.752
6 0.8 0.048 0.752
33 0.8 0.048 0.752
7 0.8 0.048 0.752
24 0.8 0.048 0.752
6 0.8 0.048 0.752
1 0.8 0.048 0.752
9 0.752 0.048 0.704
18 0.777613 0.048 0.729613
20 0.781931 0.048 0.733931
31 0.551084 0.048 0.503084
32 0.8 0.048 0.752
34 0.8 0.048 0.752
14 0.8 0.048 0.752
36 0.8 0.048 0.752
4 0.8 0.048 0.752
28 0.8 0.048 0.752
29 0.8 0.048 0.752
32 0.752 0.048 0.704
36 0.752 0.048 0.704
36 0.704 0.16 0.544
36 0.544 0.016 0.528
17 0.8 0.048 0.752
18 0.8 0.048 0.752
20 0.8 0.048 0.752
28 0.752 0.048 0.704
29 0.8 0.048 0.752
32 0.777087 0.048 0.729087
34 0.8 0.048 0.752
36 0.599876 0.048 0.551876
4 0.8 0.048 0.752
28 0.777224 0.048 0.729224
36 0.551876 0.048 0.503876
3 0.8 0.048 0.752
15 0.8 0.048 0.752
23 0.8 0.048 0.752
35 0.8 0.048 0.752
4 0.8 0.048 0.752
28 0.729224 0.048 0.681224
29 0.8 0.048 0.752
32 0.8 0.048 0.752
36 0.583599 0.048 0.535599
29 0.752 0.048 0.704
4 0.752 0.048 0.704
28 0.753224 0.048 0.705224
32 0.752 0.048 0.704
36 0.535599 0.048 0.487599
29 0.704 0.048 0.656
29 0.656 0.16 0.496
29 0.496 0.016 0.48
26 0.8 0.048 0.752
5 0.8 0.048 0.752
27 0.8 0.048 0.752
37 0.8 0.048 0.752
12 0.8 0.048 0.752
16 0.8 0.048 0.752
39 0.8 0.048 0.752
1 0.8 0.048 0.752
6 0.8 0.048 0.752
9 0.8 0.048 0.752
4 0.780355 0.048 0.732355
35 0.8 0.048 0.752
36 0.565371 0.048 0.517371
39 0.8 0.048 0.752
12 0.752 0.048 0.704
16 0.752 0.048 0.704
37 0.752 0.048 0.704
32 0.779117 0.048 0.731117
18 0.8 0.048 0.752
20 0.8 0.048 0.752
28 0.776464 0.048 0.728464
29 0.559033 0.048 0.511033
36 0.517371 0.048 0.469371
5 0.8 0.048 0.752
26 0.8 0.048 0.752
27 0.8 0.048 0.752
40 0.8 0.048 0.752
25 0.8 0.048 0.752
27 0.752 0.048 0.704
5 0.752 0.048 0.704
26 0.752 0.048 0.704
2 0.8 0.048 0.752
35 0.8 0.048 0.752
9 0.8 0.048 0.752
1 0.8 0.048 0.752
6 0.8 0.048 0.752
33 0.8 0.048 0.752
7 0.8 0.048 0.752
24 0.8 0.048 0.752
6 0.8 0.048 0.752
1 0.8 0.048 0.752
9 0.752 0.048 0.704
33 0.8 0.048 0.752
35 0.8 0.048 0.752
14 0.8 0.048 0.752
17 0.8 0.048 0.752
33 0.8 0.048 0.752
4 0.8 0.048 0.752
28 0.8 0.048 0.752
29 0.741878 0.048 0.693878
29 0.693878 0.048 0.645878
36 0.694063 0.048 0.646063
4 0.752 0.048 0.704
4 0.704 0.16 0.544
28 0.752 0.16 0.592
29 0.645878 0.16 0.485878
36 0.646063 0.16 0.486063
3 0.8 0.048 0.752
23 0.8 0.048 0.752
12 0.8 0.048 0.752
16 0.8 0.048 0.752
37 0.8 0.048 0.752
39 0.8 0.048 0.752
35 0.8 0.048 0.752
6 0.8 0.048 0.752
33 0.8 0.048 0.752
26 0.8 0.048 0.752
5 0.8 0.048 0.752
27 0.8 0.048 0.752
37 0.8 0.048 0.752
12 0.8 0.048 0.752
16 0.8 0.048 0.752
39 0.8 0.048 0.752
1 0.8 0.048 0.752
6 0.8 0.048 0.752
9 0.8 0.048 0.752
1 0.752 0.048 0.704
1 0.704 0.16 0.544
1 0.544 0.016 0.528
1 0.528 0.048 0.48
6 0.752 0.048 0.704
9 0.8 0.048 0.752
39 0.8 0.048 0.752
12 0.752 0.048 0.704
16 0.752 0.048 0.704
37 0.752 0.048 0.704
32 0.8 0.048 0.752
18 0.8 0.048 0.752
20 0.8 0.048 0.752
28 0.743726 0.048 0.695726
29 0.640254 0.048 0.592254
34 0.8 0.048 0.752
36 0.638405 0.048 0.590405
5 0.8 0.048 0.752
26 0.8 0.048 0.752
27 0.8 0.048 0.752
40 0.8 0.048 0.752
25 0.8 0.048 0.752
27 0.752 0.048 0.704
5 0.752 0.048 0.704
26 0.752 0.048 0.704
2 0.8 0.048 0.752
1 0.558242 0.048 0.510242
6 0.77582 0.048 0.72782
9 0.8 0.048 0.752
9 0.752 0.048 0.704
1 0.510242 0.048 0.462242
6 0.72782 0.048 0.67982
9 0.704 0.048 0.656
9 0.656 0.16 0.496
9 0.496 0.016 0.48
33 0.8 0.048 0.752
7 0.8 0.048 0.752
24 0.8 0.048 0.752
6 0.756065 0.048 0.708065
1 0.538059 0.048 0.490059
9 0.48 0.048 0.432
1 0.490059 0.048 0.442059
14 0.8 0.048 0.752
17 0.8 0.048 0.752
27 0.8 0.048 0.752
16 0.8 0.048 0.752
12 0.8 0.048 0.752
37 0.8 0.048 0.752
39 0.8 0.048 0.752
3 0.8 0.048 0.752
15 0.8 0.048 0.752
23 0.8 0.048 0.752
12 0.8 0.048 0.752
16 0.8 0.048 0.752
37 0.8 0.048 0.752
39 0.8 0.048 0.752
35 0.8 0.048 0.752
5 0.8 0.048 0.752
26 0.8 0.048 0.752
27 0.8 0.048 0.752
26 0.752 0.048 0.704
5 0.8 0.048 0.752
27 0.8 0.048 0.752
26 0.704 0.048 0.656
26 0.656 0.16 0.496
26 0.496 0.016 0.48
37 0.8 0.048 0.752
12 0.8 0.048 0.752
16 0.8 0.048 0.752
39 0.8 0.048 0.752
5 0.752 0.048 0.704
26 0.554224 0.048 0.506224
27 0.752 0.048 0.704
39 0.8 0.048 0.752
12 0.752 0.048 0.704
16 0.752 0.048 0.704
37 0.752 0.048 0.704
32 0.8 0.048 0.752
18 0.8 0.048 0.752
20 0.8 0.048 0.752
28 0.8 0.048 0.752
29 0.8 0.048 0.752
34 0.8 0.048 0.752
36 0.8 0.048 0.752
5 0.775184 0.048 0.727184
26 0.506224 0.048 0.458224
27 0.77438 0.048 0.72638
5 0.727184 0.048 0.679184
5 0.679184 0.16 0.519184
5 0.519184 0.016 0.503184
40 0.8 0.048 0.752
25 0.8 0.048 0.752
27 0.72638 0.048 0.67838
5 0.503184 0.048 0.455184
26 0.458224 0.048 0.410224
2 0.8 0.048 0.752
5 0.455184 0.048 0.407184
12 0.781708 0.048 0.733708
16 0.776759 0.048 0.728759
26 0.488099 0.048 0.440099
37 0.778525 0.048 0.730525
39 0.752 0.048 0.704
33 0.8 0.048 0.752
7 0.8 0.048 0.752
24 0.8 0.048 0.752
22 0.8 0.048 0.752
10 0.8 0.048 0.752
13 0.8 0.048 0.752
21 0.8 0.048 0.752
6 0.8 0.048 0.752
1 0.8 0.048 0.752
9 0.8 0.048 0.752
12 0.8 0.048 0.752
16 0.8 0.048 0.752
37 0.8 0.048 0.752
39 0.7828 0.048 0.7348
14 0.8 0.048 0.752
17 0.8 0.048 0.752
12 0.8 0.048 0.752
16 0.8 0.048 0.752
37 0.8 0.048 0.752
39 0.8 0.048 0.752
16 0.752 0.048 0.704
12 0.752 0.048 0.704
37 0.752 0.048 0.704
39 0.752 0.048 0.704
16 0.704 0.048 0.656
16 0.656 0.16 0.496
16 0.496 0.016 0.48
3 0.8 0.048 0.752
15 0.8 0.048 0.752
23 0.8 0.048 0.752
12 0.782107 0.048 0.734107
16 0.559911 0.048 0.511911
37 0.779102 0.048 0.731102
39 0.783212 0.048 0.735212
35 0.8 0.048 0.752
21 0.8 0.048 0.752
10 0.8 0.048 0.752
13 0.8 0.048 0.752
22 0.8 0.048 0.752
37 0.8 0.048 0.752
12 0.8 0.048 0.752
16 0.583121 0.048 0.535121
39 0.8 0.048 0.752
39 0.8 0.048 0.752
12 0.752 0.048 0.704
16 0.535121 0.048 0.487121
37 0.752 0.048 0.704
32 0.8 0.048 0.752
18 0.8 0.048 0.752
20 0.8 0.048 0.752
28 0.8 0.048 0.752
29 0.8 0.048 0.752
34 0.8 0.048 0.752
36 0.8 0.048 0.752
40 0.8 0.048 0.752
25 0.8 0.048 0.752
27 0.8 0.048 0.752
5 0.783408 0.048 0.735408
26 0.732439 0.048 0.684439
2 0.8 0.048 0.752
3 0.8 0.048 0.752
7 0.8 0.048 0.752
33 0.8 0.048 0.752
7 0.8 0.048 0.752
7 0.752 0.048 0.704
7 0.704 0.16 0.544
7 0.544 0.016 0.528
24 0.8 0.048 0.752
22 0.8 0.048 0.752
10 0.8 0.048 0.752
13 0.8 0.048 0.752
21 0.8 0.048 0.752
6 0.8 0.048 0.752
9 0.8 0.048 0.752
7 0.528 0.048 0.48
14 0.8 0.048 0.752
17 0.8 0.048 0.752
7 0.553792 0.048 0.505792
3 0.8 0.048 0.752
2 0.8 0.048 0.752
15 0.8 0.048 0.752
23 0.8 0.048 0.752
12 0.8 0.048 0.752
16 0.786078 0.048 0.738078
37 0.8 0.048 0.752
39 0.8 0.048 0.752
35 0.8 0.048 0.752
7 0.576076 0.048 0.528076
21 0.8 0.048 0.752
10 0.8 0.048 0.752
13 0.8 0.048 0.752
22 0.8 0.048 0.752
37 0.8 0.048 0.752
12 0.8 0.048 0.752
16 0.8 0.048 0.752
39 0.8 0.048 0.752
39 0.8 0.048 0.752
12 0.752 0.048 0.704
16 0.752 0.048 0.704
37 0.752 0.048 0.704
32 0.8 0.048 0.752
20 0.8 0.048 0.752
28 0.8 0.048 0.752
29 0.8 0.048 0.752
34 0.8 0.048 0.752
36 0.8 0.048 0.752
40 0.8 0.048 0.752
25 0.8 0.048 0.752
27 0.8 0.048 0.752
5 0.8 0.048 0.752
26 0.8 0.048 0.752
2 0.8 0.048 0.752
33 0.8 0.048 0.752
24 0.8 0.048 0.752
22 0.8 0.048 0.752
10 0.8 0.048 0.752
13 0.8 0.048 0.752
21 0.8 0.048 0.752
6 0.8 0.048 0.752
9 0.8 0.048 0.752
14 0.8 0.048 0.752
14 0.752 0.048 0.704
14 0.704 0.16 0.544
14 0.544 0.016 0.528
17 0.8 0.048 0.752
14 0.528 0.048 0.48
3 0.8 0.048 0.752
15 0.8 0.048 0.752
23 0.8 0.048 0.752
12 0.8 0.048 0.752
16 0.8 0.048 0.752
37 0.8 0.048 0.752
39 0.8 0.048 0.752
35 0.8 0.048 0.752
14 0.550075 0.048 0.502075
21 0.8 0.048 0.752
10 0.8 0.048 0.752
13 0.8 0.048 0.752
22 0.8 0.048 0.752
37 0.8 0.048 0.752
12 0.8 0.048 0.752
16 0.8 0.048 0.752
39 0.8 0.048 0.752
14 0.580438 0.048 0.532438
39 0.8 0.048 0.752
12 0.752 0.048 0.704
16 0.752 0.048 0.704
37 0.752 0.048 0.704
32 0.8 0.048 0.752
18 0.8 0.048 0.752
20 0.8 0.048 0.752
28 0.8 0.048 0.752
29 0.8 0.048 0.752
34 0.8 0.048 0.752
36 0.8 0.048 0.752
40 0.8 0.048 0.752
25 0.8 0.048 0.752
27 0.8 0.048 0.752
5 0.8 0.048 0.752
26 0.8 0.048 0.752
2 0.8 0.048 0.752
33 0.8 0.048 0.752
24 0.8 0.048 0.752
22 0.8 0.048 0.752
10 0.8 0.048 0.752
13 0.8 0.048 0.752
21 0.8 0.048 0.752
6 0.8 0.048 0.752
1 0.8 0.048 0.752
9 0.8 0.048 0.752
17 0.8 0.048 0.752
17 0.8 0.048 0.752
17 0.752 0.048 0.704
17 0.704 0.16 0.544
17 0.544 0.016 0.528
17 0.528 0.048 0.48
3 0.8 0.048 0.752
15 0.8 0.048 0.752
23 0.8 0.048 0.752
12 0.8 0.048 0.752
16 0.8 0.048 0.752
37 0.8 0.048 0.752
39 0.8 0.048 0.752
35 0.8 0.048 0.752
17 0.550449 0.048 0.502449
25 0.8 0.048 0.752
40 0.8 0.048 0.752
21 0.8 0.048 0.752
10 0.8 0.048 0.752
13 0.8 0.048 0.752
22 0.8 0.048 0.752
37 0.8 0.048 0.752
12 0.8 0.048 0.752
16 0.8 0.048 0.752
39 0.8 0.048 0.752
2 0.8 0.048 0.752
25 0.8 0.048 0.752
40 0.8 0.048 0.752
39 0.8 0.048 0.752
12 0.752 0.048 0.704
16 0.752 0.048 0.704
37 0.752 0.048 0.704
32 0.8 0.048 0.752
20 0.8 0.048 0.752
28 0.8 0.048 0.752
29 0.8 0.048 0.752
34 0.8 0.048 0.752
36 0.8 0.048 0.752
40 0.8 0.048 0.752
25 0.8 0.048 0.752
40 0.752 0.048 0.704
40 0.704 0.16 0.544
40 0.544 0.016 0.528
27 0.8 0.048 0.752
5 0.8 0.048 0.752
26 0.8 0.048 0.752
2 0.8 0.048 0.752
2 0.752 0.048 0.704
2 0.704 0.16 0.544
2 0.544 0.016 0.528
2 0.528 0.048 0.48
40 0.528 0.048 0.48
33 0.8 0.048 0.752
24 0.8 0.048 0.752
22 0.8 0.048 0.752
10 0.8 0.048 0.752
13 0.8 0.048 0.752
21 0.8 0.048 0.752
6 0.8 0.048 0.752
9 0.8 0.048 0.752
2 0.552556 0.048 0.504556
3 0.8 0.048 0.752
15 0.8 0.048 0.752
23 0.8 0.048 0.752
3 0.8 0.048 0.752
15 0.8 0.048 0.752
23 0.8 0.048 0.752
3 0.752 0.048 0.704
15 0.8 0.048 0.752
23 0.752 0.048 0.704
3 0.704 0.048 0.656
3 0.656 0.16 0.496
3 0.496 0.016 0.48
12 0.8 0.048 0.752
16 0.8 0.048 0.752
37 0.8 0.048 0.752
39 0.8 0.048 0.752
35 0.8 0.048 0.752
15 0.752 0.048 0.704
23 0.775451 0.048 0.727451
21 0.8 0.048 0.752
10 0.8 0.048 0.752
13 0.8 0.048 0.752
22 0.8 0.048 0.752
37 0.8 0.048 0.752
12 0.8 0.048 0.752
16 0.8 0.048 0.752
39 0.8 0.048 0.752
39 0.8 0.048 0.752
12 0.752 0.048 0.704
16 0.752 0.048 0.704
37 0.752 0.048 0.704
32 0.8 0.048 0.752
18 0.8 0.048 0.752
20 0.8 0.048 0.752
28 0.8 0.048 0.752
29 0.8 0.048 0.752
34 0.8 0.048 0.752
36 0.8 0.048 0.752
27 0.8 0.048 0.752
5 0.8 0.048 0.752
26 0.8 0.048 0.752
8 0.8 0.048 0.752
30 0.8 0.048 0.752
33 0.8 0.048 0.752
24 0.8 0.048 0.752
22 0.8 0.048 0.752
13 0.8 0.048 0.752
21 0.8 0.048 0.752
6 0.8 0.048 0.752
1 0.8 0.048 0.752
9 0.8 0.048 0.752
8 0.8 0.048 0.752
11 0.8 0.048 0.752
19 0.8 0.048 0.752
30 0.8 0.048 0.752
8 0.8 0.048 0.752
11 0.8 0.048 0.752
19 0.8 0.048 0.752
30 0.8 0.048 0.752
12 0.8 0.048 0.752
16 0.8 0.048 0.752
37 0.8 0.048 0.752
39 0.8 0.048 0.752
35 0.8 0.048 0.752
19 0.8 0.048 0.752
21 0.8 0.048 0.752
10 0.8 0.048 0.752
13 0.8 0.048 0.752
22 0.8 0.048 0.752
37 0.8 0.048 0.752
12 0.8 0.048 0.752
16 0.8 0.048 0.752
39 0.8 0.048 0.752
22 0.8 0.048 0.752
39 0.8 0.048 0.752
12 0.752 0.048 0.704
16 0.752 0.048 0.704
37 0.752 0.048 0.704
32 0.8 0.048 0.752
18 0.8 0.048 0.752
20 0.8 0.048 0.752
28 0.8 0.048 0.752
29 0.8 0.048 0.752
34 0.8 0.048 0.752
36 0.8 0.048 0.752
27 0.8 0.048 0.752
5 0.8 0.048 0.752
26 0.8 0.048 0.752
10 0.8 0.048 0.752
13 0.8 0.048 0.752
21 0.8 0.048 0.752
22 0.8 0.048 0.752
33 0.8 0.048 0.752
24 0.8 0.048 0.752
22 0.752 0.048 0.704
10 0.752 0.048 0.704
13 0.8 0.048 0.752
21 0.8 0.048 0.752
22 0.704 0.048 0.656
22 0.656 0.16 0.496
22 0.496 0.016 0.48
6 0.8 0.048 0.752
9 0.8 0.048 0.752
10 0.775973 0.048 0.727973
13 0.752 0.048 0.704
21 0.752 0.048 0.704
22 0.55166 0.048 0.50366
10 0.8 0.048 0.752
13 0.781171 0.048 0.733171
21 0.77828 0.048 0.73028
38 0.8 0.048 0.752
12 0.8 0.048 0.752
16 0.8 0.048 0.752
37 0.8 0.048 0.752
39 0.8 0.048 0.752
35 0.8 0.048 0.752
38 0.8 0.048 0.752
21 0.8 0.048 0.752
10 0.8 0.048 0.752
13 0.8 0.048 0.752
22 0.653298 0.048 0.605298
22 0.605298 0.048 0.557298
21 0.752 0.048 0.704
21 0.704 0.16 0.544
10 0.752 0.16 0.592
13 0.752 0.16 0.592
22 0.557298 0.16 0.397298
37 0.8 0.048 0.752
12 0.8 0.048 0.752
16 0.8 0.048 0.752
39 0.8 0.048 0.752
24 0.8 0.048 0.752
38 0.8 0.048 0.752
39 0.8 0.048 0.752
12 0.752 0.048 0.704
16 0.752 0.048 0.704
37 0.752 0.048 0.704
32 0.8 0.048 0.752
28 0.8 0.048 0.752
34 0.8 0.048 0.752
36 0.8 0.048 0.752
27 0.8 0.048 0.752
5 0.8 0.048 0.752
26 0.8 0.048 0.752
24 0.8 0.048 0.752
33 0.8 0.048 0.752
24 0.8 0.048 0.752
24 0.752 0.048 0.704
24 0.704 0.16 0.544
24 0.544 0.016 0.528
6 0.8 0.048 0.752
9 0.8 0.048 0.752
24 0.528 0.048 0.48
31 0.8 0.048 0.752
12 0.8 0.048 0.752
16 0.8 0.048 0.752
37 0.8 0.048 0.752
39 0.8 0.048 0.752
35 0.8 0.048 0.752
18 0.8 0.048 0.752
20 0.8 0.048 0.752
31 0.8 0.048 0.752
34 0.8 0.048 0.752
37 0.8 0.048 0.752
12 0.8 0.048 0.752
16 0.8 0.048 0.752
39 0.8 0.048 0.752
18 0.8 0.048 0.752
20 0.8 0.048 0.752
28 0.8 0.048 0.752
29 0.8 0.048 0.752
31 0.8 0.048 0.752
32 0.8 0.048 0.752
34 0.8 0.048 0.752
36 0.8 0.048 0.752
39 0.8 0.048 0.752
12 0.752 0.048 0.704
16 0.752 0.048 0.704
37 0.752 0.048 0.704
32 0.752 0.048 0.704
18 0.752 0.048 0.704
20 0.752 0.048 0.704
28 0.8 0.048 0.752
29 0.752 0.048 0.704
34 0.752 0.048 0.704
36 0.752 0.048 0.704
32 0.704 0.048 0.656
32 0.656 0.16 0.496
32 0.496 0.016 0.48
27 0.8 0.048 0.752
5 0.8 0.048 0.752
26 0.8 0.048 0.752
4 0.8 0.048 0.752
18 0.775914 0.048 0.727914
28 0.752 0.048 0.704
29 0.783343 0.048 0.735343
32 0.554423 0.048 0.506423
34 0.775113 0.048 0.727113
36 0.77981 0.048 0.73181
33 0.8 0.048 0.752
6 0.8 0.048 0.752
9 0.8 0.048 0.752
4 0.8 0.048 0.752
28 0.775501 0.048 0.727501
29 0.8 0.048 0.752
4 0.8 0.048 0.752
35 0.8 0.048 0.752
12 0.8 0.048 0.752
16 0.8 0.048 0.752
37 0.8 0.048 0.752
39 0.8 0.048 0.752
35 0.8 0.048 0.752
35 0.752 0.048 0.704
35 0.704 0.16 0.544
35 0.544 0.016 0.528
33 0.8 0.048 0.752
35 0.528 0.048 0.48
37 0.8 0.048 0.752
12 0.8 0.048 0.752
16 0.8 0.048 0.752
39 0.8 0.048 0.752
33 0.8 0.048 0.752
35 0.559825 0.048 0.511825
39 0.8 0.048 0.752
12 0.752 0.048 0.704
16 0.752 0.048 0.704
37 0.752 0.048 0.704
27 0.8 0.048 0.752
5 0.8 0.048 0.752
26 0.8 0.048 0.752
33 0.8 0.048 0.752
33 0.752 0.048 0.704
6 0.8 0.048 0.752
9 0.8 0.048 0.752
6 0.752 0.048 0.704
6 0.704 0.16 0.544
6 0.544 0.016 0.528
6 0.528 0.048 0.48
9 0.8 0.048 0.752
1 0.8 0.048 0.752
6 0.550546 0.048 0.502546
9 0.8 0.048 0.752
12 0.8 0.048 0.752
16 0.8 0.048 0.752
37 0.8 0.048 0.752
39 0.8 0.048 0.752
1 0.8 0.048 0.752
9 0.8 0.048 0.752
37 0.8 0.048 0.752
12 0.8 0.048 0.752
16 0.8 0.048 0.752
39 0.8 0.048 0.752
1 0.8 0.048 0.752
39 0.8 0.048 0.752
12 0.752 0.048 0.704
16 0.752 0.048 0.704
37 0.752 0.048 0.704
27 0.8 0.048 0.752
5 0.8 0.048 0.752
26 0.8 0.048 0.752
27 0.752 0.048 0.704
27 0.704 0.16 0.544
27 0.544 0.016 0.528
27 0.528 0.048 0.48
33 0.8 0.048 0.752
5 0.8 0.048 0.752
26 0.8 0.048 0.752
27 0.553572 0.048 0.505572
5 0.8 0.048 0.752
26 0.8 0.048 0.752
27 0.581613 0.048 0.533613
37 0.8 0.048 0.752
12 0.8 0.048 0.752
16 0.8 0.048 0.752
37 0.8 0.048 0.752
39 0.8 0.048 0.752
5 0.8 0.048 0.752
16 0.752 0.048 0.704
37 0.752 0.048 0.704
39 0.752 0.048 0.704
37 0.778051 0.048 0.730051
12 0.8 0.048 0.752
16 0.78336 0.048 0.73536
39 0.782125 0.048 0.734125
37 0.730051 0.048 0.682051
37 0.682051 0.16 0.522051
37 0.522051 0.016 0.506051
12 0.752 0.048 0.704
16 0.73536 0.048 0.68736
37 0.506051 0.048 0.458051
39 0.734125 0.048 0.686125
39 0.762575 0.048 0.714575
12 0.704 0.048 0.656
16 0.68736 0.048 0.63936
37 0.458051 0.048 0.410051
39 0.714575 0.048 0.666575
39 0.666575 0.16 0.506575
39 0.506575 0.016 0.490575
12 0.729786 0.048 0.681786
16 0.715835 0.048 0.667835
33 0.8 0.048 0.752
