10 0.8 0.048 0.752
14 0.8 0.048 0.752
29 0.8 0.048 0.752
10 0.752 0.048 0.704
14 0.752 0.048 0.704
29 0.752 0.048 0.704
10 0.704 0.048 0.656
14 0.776447 0.048 0.728447
20 0.8 0.048 0.752
29 0.774737 0.048 0.726737
62 0.8 0.048 0.752
20 0.8 0.048 0.752
39 0.8 0.048 0.752
62 0.8 0.048 0.752
39 0.8 0.048 0.752
2 0.8 0.048 0.752
39 0.8 0.048 0.752
65 0.8 0.048 0.752
2 0.8 0.048 0.752
56 0.8 0.048 0.752
65 0.8 0.048 0.752
2 0.8 0.048 0.752
19 0.8 0.048 0.752
52 0.8 0.048 0.752
56 0.8 0.048 0.752
19 0.8 0.048 0.752
31 0.8 0.048 0.752
50 0.8 0.048 0.752
52 0.8 0.048 0.752
56 0.8 0.048 0.752
60 0.8 0.048 0.752
8 0.8 0.048 0.752
9 0.8 0.048 0.752
12 0.8 0.048 0.752
17 0.8 0.048 0.752
23 0.8 0.048 0.752
27 0.8 0.048 0.752
31 0.8 0.048 0.752
42 0.8 0.048 0.752
50 0.8 0.048 0.752
52 0.8 0.048 0.752
54 0.8 0.048 0.752
60 0.8 0.048 0.752
3 0.8 0.048 0.752
51 0.8 0.048 0.752
61 0.8 0.048 0.752
61 0.752 0.048 0.704
3 0.8 0.048 0.752
51 0.752 0.048 0.704
42 0.8 0.048 0.752
43 0.8 0.048 0.752
50 0.8 0.048 0.752
54 0.8 0.048 0.752
55 0.8 0.048 0.752
60 0.8 0.048 0.752
60 0.752 0.048 0.704
31 0.8 0.048 0.752
31 0.752 0.048 0.704
42 0.8 0.048 0.752
50 0.752 0.048 0.704
54 0.8 0.048 0.752
60 0.704 0.048 0.656
60 0.656 0.16 0.496
31 0.704 0.16 0.544
31 0.544 0.016 0.528
60 0.496 0.016 0.48
31 0.528 0.048 0.48
19 0.8 0.048 0.752
19 0.752 0.048 0.704
42 0.752 0.048 0.704
50 0.704 0.048 0.656
52 0.8 0.048 0.752
60 0.48 0.048 0.432
31 0.48 0.048 0.432
31 0.432 0.16 0.272
42 0.704 0.16 0.544
50 0.656 0.16 0.496
54 0.752 0.16 0.592
19 0.704 0.16 0.544
19 0.544 0.016 0.528
31 0.272 0.016 0.256
19 0.528 0.048 0.48
31 0.256 0.048 0.208
50 0.496 0.048 0.448
52 0.752 0.048 0.704
56 0.8 0.048 0.752
42 0.544 0.16 0.384
50 0.448 0.16 0.288
52 0.704 0.16 0.544
24 0.8 0.048 0.752
1 0.8 0.048 0.752
1 0.752 0.048 0.704
66 0.8 0.048 0.752
24 0.752 0.048 0.704
24 0.704 0.16 0.544
1 0.704 0.16 0.544
1 0.544 0.016 0.528
24 0.544 0.016 0.528
1 0.528 0.048 0.48
6 0.8 0.048 0.752
24 0.528 0.048 0.48
34 0.8 0.048 0.752
41 0.8 0.048 0.752
66 0.752 0.048 0.704
66 0.704 0.16 0.544
33 0.8 0.048 0.752
43 0.8 0.048 0.752
54 0.592 0.048 0.544
55 0.8 0.048 0.752
8 0.8 0.048 0.752
9 0.8 0.048 0.752
17 0.8 0.048 0.752
33 0.8 0.048 0.752
43 0.8 0.048 0.752
55 0.8 0.048 0.752
38 0.8 0.048 0.752
11 0.8 0.048 0.752
25 0.8 0.048 0.752
53 0.8 0.048 0.752
4 0.8 0.048 0.752
26 0.8 0.048 0.752
8 0.8 0.048 0.752
9 0.8 0.048 0.752
12 0.8 0.048 0.752
17 0.8 0.048 0.752
23 0.8 0.048 0.752
27 0.8 0.048 0.752
33 0.8 0.048 0.752
8 0.8 0.048 0.752
9 0.752 0.048 0.704
12 0.8 0.048 0.752
17 0.752 0.048 0.704
27 0.8 0.048 0.752
8 0.752 0.048 0.704
8 0.704 0.16 0.544
8 0.544 0.016 0.528
22 0.8 0.048 0.752
57 0.8 0.048 0.752
5 0.8 0.048 0.752
8 0.528 0.048 0.48
9 0.777978 0.048 0.729978
12 0.752 0.048 0.704
16 0.8 0.048 0.752
17 0.778067 0.048 0.730067
23 0.8 0.048 0.752
27 0.752 0.048 0.704
3 0.8 0.048 0.752
51 0.8 0.048 0.752
61 0.8 0.048 0.752
11 0.8 0.048 0.752
25 0.8 0.048 0.752
38 0.8 0.048 0.752
67 0.8 0.048 0.752
46 0.8 0.048 0.752
37 0.8 0.048 0.752
61 0.752 0.048 0.704
3 0.8 0.048 0.752
51 0.752 0.048 0.704
21 0.8 0.048 0.752
68 0.8 0.048 0.752
7 0.8 0.048 0.752
28 0.8 0.048 0.752
5 0.8 0.048 0.752
12 0.783775 0.048 0.735775
13 0.8 0.048 0.752
16 0.8 0.048 0.752
23 0.8 0.048 0.752
27 0.783443 0.048 0.735443
30 0.8 0.048 0.752
69 0.8 0.048 0.752
50 0.668336 0.048 0.620336
19 0.8 0.048 0.752
31 0.509549 0.048 0.461549
42 0.698363 0.048 0.650363
52 0.8 0.048 0.752
52 0.752 0.048 0.704
60 0.8 0.048 0.752
50 0.620336 0.048 0.572336
50 0.572336 0.16 0.412336
19 0.752 0.16 0.592
31 0.461549 0.16 0.301549
42 0.650363 0.16 0.490363
52 0.704 0.16 0.544
52 0.544 0.016 0.528
50 0.412336 0.016 0.396336
52 0.528 0.048 0.48
19 0.592 0.048 0.544
31 0.301549 0.048 0.253549
50 0.396336 0.048 0.348336
56 0.8 0.048 0.752
56 0.752 0.048 0.704
52 0.48 0.048 0.432
52 0.432 0.16 0.272
60 0.752 0.16 0.592
19 0.544 0.16 0.384
31 0.253549 0.16 0.0935493
56 0.704 0.16 0.544
56 0.544 0.016 0.528
52 0.272 0.016 0.256
56 0.528 0.048 0.48
19 0.384 0.048 0.336
31 0.0935493 0.048 0.0455493
52 0.256 0.048 0.208
13 0.8 0.048 0.752
5 0.752 0.048 0.704
16 0.8 0.048 0.752
23 0.8 0.048 0.752
30 0.8 0.048 0.752
69 0.8 0.048 0.752
13 0.752 0.048 0.704
13 0.704 0.16 0.544
13 0.544 0.016 0.528
1 0.8 0.048 0.752
6 0.8 0.048 0.752
24 0.8 0.048 0.752
34 0.8 0.048 0.752
41 0.8 0.048 0.752
66 0.8 0.048 0.752
5 0.777505 0.048 0.729505
13 0.528 0.048 0.48
16 0.752 0.048 0.704
23 0.752 0.048 0.704
30 0.752 0.048 0.704
69 0.752 0.048 0.704
57 0.8 0.048 0.752
22 0.8 0.048 0.752
36 0.8 0.048 0.752
63 0.8 0.048 0.752
70 0.8 0.048 0.752
30 0.78096 0.048 0.73296
37 0.8 0.048 0.752
46 0.8 0.048 0.752
69 0.780562 0.048 0.732562
38 0.8 0.048 0.752
11 0.8 0.048 0.752
25 0.8 0.048 0.752
53 0.8 0.048 0.752
4 0.8 0.048 0.752
26 0.8 0.048 0.752
15 0.8 0.048 0.752
18 0.8 0.048 0.752
18 0.752 0.048 0.704
35 0.8 0.048 0.752
48 0.8 0.048 0.752
15 0.752 0.048 0.704
15 0.704 0.16 0.544
18 0.704 0.16 0.544
18 0.544 0.016 0.528
15 0.544 0.016 0.528
18 0.528 0.048 0.48
15 0.528 0.048 0.48
35 0.752 0.048 0.704
35 0.704 0.16 0.544
48 0.752 0.16 0.592
62 0.8 0.048 0.752
10 0.8 0.048 0.752
10 0.752 0.048 0.704
20 0.8 0.048 0.752
62 0.752 0.048 0.704
62 0.704 0.16 0.544
10 0.704 0.16 0.544
10 0.544 0.016 0.528
62 0.544 0.016 0.528
10 0.528 0.048 0.48
14 0.8 0.048 0.752
20 0.752 0.048 0.704
29 0.8 0.048 0.752
62 0.528 0.048 0.48
20 0.704 0.16 0.544
33 0.8 0.048 0.752
43 0.8 0.048 0.752
43 0.752 0.048 0.704
55 0.8 0.048 0.752
55 0.752 0.048 0.704
33 0.752 0.096 0.656
33 0.656 0.16 0.496
43 0.704 0.16 0.544
55 0.704 0.16 0.544
55 0.544 0.016 0.528
33 0.496 0.016 0.48
55 0.528 0.048 0.48
33 0.48 0.048 0.432
43 0.544 0.048 0.496
54 0.8 0.048 0.752
54 0.752 0.048 0.704
55 0.48 0.048 0.432
55 0.432 0.16 0.272
43 0.496 0.16 0.336
54 0.704 0.16 0.544
54 0.544 0.016 0.528
55 0.272 0.016 0.256
54 0.528 0.048 0.48
42 0.715288 0.048 0.667288
42 0.667288 0.048 0.619288
43 0.336 0.048 0.288
55 0.256 0.048 0.208
60 0.748233 0.048 0.700233
60 0.700233 0.048 0.652233
54 0.48 0.096 0.384
54 0.384 0.16 0.224
42 0.619288 0.16 0.459288
43 0.288 0.16 0.128
60 0.652233 0.16 0.492233
58 0.8 0.048 0.752
40 0.8 0.048 0.752
37 0.8 0.048 0.752
46 0.8 0.048 0.752
41 0.8 0.048 0.752
1 0.8 0.048 0.752
6 0.8 0.048 0.752
34 0.8 0.048 0.752
66 0.8 0.048 0.752
22 0.8 0.048 0.752
57 0.8 0.048 0.752
49 0.8 0.048 0.752
59 0.8 0.048 0.752
4 0.8 0.048 0.752
37 0.8 0.048 0.752
46 0.8 0.048 0.752
53 0.8 0.048 0.752
3 0.8 0.048 0.752
51 0.8 0.048 0.752
61 0.8 0.048 0.752
44 0.8 0.048 0.752
11 0.8 0.048 0.752
25 0.8 0.048 0.752
38 0.8 0.048 0.752
67 0.8 0.048 0.752
46 0.752 0.048 0.704
37 0.752 0.048 0.704
46 0.704 0.048 0.656
46 0.656 0.16 0.496
46 0.496 0.016 0.48
61 0.752 0.048 0.704
3 0.8 0.048 0.752
51 0.752 0.048 0.704
21 0.8 0.048 0.752
68 0.8 0.048 0.752
7 0.8 0.048 0.752
28 0.8 0.048 0.752
40 0.8 0.048 0.752
7 0.752 0.048 0.704
58 0.8 0.048 0.752
4 0.8 0.048 0.752
26 0.8 0.048 0.752
32 0.8 0.048 0.752
37 0.782461 0.048 0.734461
53 0.8 0.048 0.752
56 0.8 0.048 0.752
19 0.715971 0.048 0.667971
31 0.41881 0.048 0.37081
50 0.707837 0.048 0.659837
52 0.57382 0.048 0.52582
12 0.8 0.048 0.752
5 0.8 0.048 0.752
8 0.8 0.048 0.752
8 0.752 0.048 0.704
9 0.8 0.048 0.752
9 0.752 0.048 0.704
16 0.8 0.048 0.752
17 0.8 0.048 0.752
17 0.752 0.048 0.704
23 0.8 0.048 0.752
27 0.8 0.048 0.752
12 0.752 0.144 0.608
12 0.608 0.16 0.448
5 0.752 0.16 0.592
8 0.704 0.16 0.544
9 0.704 0.16 0.544
16 0.752 0.16 0.592
17 0.704 0.16 0.544
17 0.544 0.016 0.528
12 0.448 0.016 0.432
17 0.528 0.048 0.48
8 0.544 0.048 0.496
9 0.544 0.048 0.496
12 0.432 0.048 0.384
27 0.752 0.048 0.704
23 0.752 0.16 0.592
27 0.704 0.16 0.544
64 0.8 0.048 0.752
67 0.8 0.048 0.752
19 0.667971 0.048 0.619971
31 0.445831 0.048 0.397831
50 0.659837 0.048 0.611837
52 0.52582 0.048 0.47782
56 0.8 0.048 0.752
1 0.8 0.048 0.752
6 0.8 0.048 0.752
24 0.8 0.048 0.752
34 0.8 0.048 0.752
41 0.8 0.048 0.752
66 0.8 0.048 0.752
4 0.8 0.048 0.752
26 0.8 0.048 0.752
32 0.8 0.048 0.752
53 0.8 0.048 0.752
57 0.8 0.048 0.752
22 0.8 0.048 0.752
36 0.8 0.048 0.752
63 0.8 0.048 0.752
70 0.8 0.048 0.752
7 0.8 0.048 0.752
28 0.8 0.048 0.752
28 0.752 0.048 0.704
40 0.8 0.048 0.752
68 0.8 0.048 0.752
7 0.752 0.048 0.704
7 0.704 0.16 0.544
28 0.704 0.16 0.544
28 0.544 0.016 0.528
7 0.544 0.016 0.528
28 0.528 0.048 0.48
7 0.528 0.048 0.48
68 0.752 0.048 0.704
40 0.752 0.16 0.592
68 0.704 0.16 0.544
27 0.615046 0.048 0.567046
5 0.664697 0.048 0.616697
8 0.566856 0.048 0.518856
8 0.518856 0.048 0.470856
9 0.645982 0.048 0.597982
9 0.597982 0.048 0.549982
12 0.458686 0.048 0.410686
17 0.55955 0.048 0.51155
23 0.741633 0.048 0.693633
27 0.567046 0.096 0.471046
27 0.471046 0.16 0.311046
5 0.616697 0.16 0.456697
8 0.470856 0.16 0.310856
9 0.549982 0.16 0.389982
12 0.410686 0.16 0.250686
17 0.51155 0.16 0.35155
23 0.693633 0.16 0.533633
34 0.752 0.048 0.704
1 0.8 0.048 0.752
6 0.8 0.048 0.752
24 0.8 0.048 0.752
41 0.8 0.048 0.752
66 0.8 0.048 0.752
26 0.8 0.048 0.752
32 0.8 0.048 0.752
51 0.8 0.048 0.752
61 0.8 0.048 0.752
38 0.8 0.048 0.752
11 0.8 0.048 0.752
25 0.8 0.048 0.752
53 0.8 0.048 0.752
4 0.8 0.048 0.752
18 0.8 0.048 0.752
15 0.8 0.048 0.752
35 0.8 0.048 0.752
48 0.8 0.048 0.752
10 0.8 0.048 0.752
14 0.8 0.048 0.752
20 0.8 0.048 0.752
29 0.8 0.048 0.752
62 0.8 0.048 0.752
42 0.8 0.048 0.752
31 0.55605 0.048 0.50805
31 0.50805 0.048 0.46005
50 0.760169 0.048 0.712169
54 0.674812 0.048 0.626812
60 0.8 0.048 0.752
42 0.752 0.048 0.704
42 0.704 0.16 0.544
31 0.46005 0.16 0.30005
50 0.712169 0.16 0.552169
54 0.626812 0.16 0.466812
60 0.752 0.16 0.592
58 0.8 0.048 0.752
40 0.664323 0.048 0.616323
3 0.8 0.048 0.752
51 0.8 0.048 0.752
61 0.8 0.048 0.752
41 0.8 0.048 0.752
1 0.8 0.048 0.752
6 0.8 0.048 0.752
34 0.8 0.048 0.752
66 0.8 0.048 0.752
22 0.8 0.048 0.752
57 0.8 0.048 0.752
49 0.8 0.048 0.752
59 0.8 0.048 0.752
3 0.8 0.048 0.752
51 0.8 0.048 0.752
61 0.8 0.048 0.752
3 0.752 0.048 0.704
51 0.752 0.048 0.704
61 0.752 0.048 0.704
3 0.704 0.048 0.656
3 0.656 0.16 0.496
3 0.496 0.016 0.48
67 0.8 0.048 0.752
11 0.8 0.048 0.752
38 0.8 0.048 0.752
64 0.8 0.048 0.752
44 0.8 0.048 0.752
11 0.752 0.048 0.704
25 0.8 0.048 0.752
38 0.752 0.048 0.704
67 0.752 0.048 0.704
61 0.704 0.048 0.656
3 0.559503 0.048 0.511503
51 0.704 0.048 0.656
61 0.656 0.048 0.608
61 0.608 0.16 0.448
61 0.448 0.016 0.432
16 0.8 0.048 0.752
5 0.676754 0.048 0.628754
12 0.47668 0.048 0.42868
13 0.8 0.048 0.752
23 0.684954 0.048 0.636954
27 0.523377 0.048 0.475377
30 0.8 0.048 0.752
69 0.8 0.048 0.752
21 0.8 0.048 0.752
68 0.768278 0.048 0.720278
7 0.698018 0.048 0.650018
28 0.7062 0.048 0.6582
40 0.772517 0.048 0.724517
7 0.650018 0.048 0.602018
58 0.8 0.048 0.752
69 0.8 0.048 0.752
13 0.8 0.048 0.752
13 0.752 0.048 0.704
16 0.752 0.048 0.704
30 0.752 0.048 0.704
69 0.752 0.048 0.704
69 0.704 0.16 0.544
13 0.704 0.16 0.544
13 0.544 0.016 0.528
69 0.544 0.016 0.528
13 0.528 0.048 0.48
5 0.628754 0.048 0.580754
16 0.704 0.048 0.656
23 0.71664 0.048 0.66864
30 0.704 0.048 0.656
69 0.528 0.048 0.48
16 0.656 0.16 0.496
30 0.656 0.16 0.496
15 0.8 0.048 0.752
18 0.8 0.048 0.752
35 0.8 0.048 0.752
56 0.8 0.048 0.752
19 0.8 0.048 0.752
31 0.456446 0.048 0.408446
52 0.8 0.048 0.752
17 0.650033 0.048 0.602033
8 0.618039 0.048 0.570039
9 0.605763 0.048 0.557763
12 0.505304 0.048 0.457304
27 0.554953 0.048 0.506953
64 0.8 0.048 0.752
11 0.8 0.048 0.752
67 0.777314 0.048 0.729314
19 0.752 0.048 0.704
31 0.483963 0.048 0.435963
50 0.782927 0.048 0.734927
52 0.752 0.048 0.704
56 0.8 0.048 0.752
1 0.8 0.048 0.752
6 0.8 0.048 0.752
24 0.8 0.048 0.752
34 0.8 0.048 0.752
41 0.8 0.048 0.752
66 0.8 0.048 0.752
15 0.8 0.048 0.752
18 0.8 0.048 0.752
35 0.8 0.048 0.752
48 0.8 0.048 0.752
57 0.8 0.048 0.752
22 0.8 0.048 0.752
36 0.8 0.048 0.752
63 0.8 0.048 0.752
70 0.8 0.048 0.752
28 0.8 0.048 0.752
7 0.746785 0.048 0.698785
68 0.8 0.048 0.752
34 0.752 0.048 0.704
1 0.8 0.048 0.752
6 0.8 0.048 0.752
24 0.8 0.048 0.752
41 0.8 0.048 0.752
66 0.8 0.048 0.752
15 0.8 0.048 0.752
18 0.8 0.048 0.752
35 0.8 0.048 0.752
48 0.8 0.048 0.752
38 0.8 0.048 0.752
11 0.8 0.048 0.752
25 0.8 0.048 0.752
31 0.51071 0.048 0.46271
19 0.8 0.048 0.752
42 0.8 0.048 0.752
50 0.8 0.048 0.752
52 0.8 0.048 0.752
53 0.8 0.048 0.752
4 0.8 0.048 0.752
18 0.752 0.048 0.704
15 0.752 0.048 0.704
35 0.8 0.048 0.752
10 0.8 0.048 0.752
14 0.8 0.048 0.752
20 0.8 0.048 0.752
29 0.8 0.048 0.752
62 0.8 0.048 0.752
58 0.8 0.048 0.752
40 0.8 0.048 0.752
6 0.8 0.048 0.752
41 0.8 0.048 0.752
48 0.8 0.048 0.752
41 0.752 0.048 0.704
1 0.8 0.048 0.752
6 0.752 0.048 0.704
34 0.8 0.048 0.752
66 0.8 0.048 0.752
66 0.752 0.048 0.704
41 0.704 0.096 0.608
41 0.608 0.16 0.448
41 0.448 0.016 0.432
22 0.8 0.048 0.752
57 0.8 0.048 0.752
49 0.8 0.048 0.752
59 0.8 0.048 0.752
1 0.752 0.048 0.704
6 0.779776 0.048 0.731776
34 0.8 0.048 0.752
41 0.502991 0.048 0.454991
66 0.704 0.048 0.656
67 0.8 0.048 0.752
64 0.8 0.048 0.752
44 0.8 0.048 0.752
11 0.8 0.048 0.752
25 0.8 0.048 0.752
38 0.8 0.048 0.752
16 0.8 0.048 0.752
5 0.8 0.048 0.752
12 0.767426 0.048 0.719426
12 0.719426 0.048 0.671426
13 0.777375 0.048 0.729375
23 0.8 0.048 0.752
30 0.8 0.048 0.752
69 0.776201 0.048 0.728201
16 0.752 0.048 0.704
16 0.704 0.16 0.544
5 0.752 0.16 0.592
12 0.671426 0.16 0.511426
12 0.511426 0.016 0.495426
16 0.544 0.016 0.528
12 0.495426 0.048 0.447426
5 0.592 0.048 0.544
8 0.8 0.048 0.752
8 0.752 0.048 0.704
9 0.8 0.048 0.752
9 0.752 0.048 0.704
16 0.528 0.048 0.48
17 0.8 0.048 0.752
23 0.752 0.048 0.704
27 0.8 0.048 0.752
12 0.447426 0.096 0.351426
12 0.351426 0.16 0.191426
13 0.729375 0.16 0.569375
23 0.704 0.16 0.544
30 0.752 0.16 0.592
69 0.728201 0.16 0.568201
5 0.544 0.16 0.384
8 0.704 0.16 0.544
9 0.704 0.16 0.544
9 0.544 0.016 0.528
12 0.191426 0.016 0.175426
9 0.528 0.048 0.48
8 0.544 0.048 0.496
12 0.175426 0.048 0.127426
17 0.752 0.048 0.704
27 0.752 0.048 0.704
17 0.704 0.16 0.544
23 0.544 0.16 0.384
27 0.704 0.16 0.544
36 0.8 0.048 0.752
45 0.8 0.048 0.752
47 0.8 0.048 0.752
63 0.8 0.048 0.752
70 0.8 0.048 0.752
21 0.8 0.048 0.752
68 0.8 0.048 0.752
7 0.8 0.048 0.752
28 0.8 0.048 0.752
40 0.8 0.048 0.752
7 0.752 0.048 0.704
58 0.8 0.048 0.752
13 0.647313 0.048 0.599313
5 0.384 0.048 0.336
16 0.48 0.048 0.432
23 0.461106 0.048 0.413106
30 0.592 0.048 0.544
69 0.64286 0.048 0.59486
1 0.779336 0.048 0.731336
6 0.8 0.048 0.752
24 0.8 0.048 0.752
34 0.8 0.048 0.752
41 0.526391 0.048 0.478391
66 0.726654 0.048 0.678654
56 0.8 0.048 0.752
19 0.8 0.048 0.752
31 0.690704 0.048 0.642704
50 0.8 0.048 0.752
52 0.8 0.048 0.752
17 0.615146 0.048 0.567146
8 0.57252 0.048 0.52452
9 0.558272 0.048 0.510272
12 0.204176 0.048 0.156176
27 0.615893 0.048 0.567893
30 0.620335 0.048 0.572335
5 0.407259 0.048 0.359259
13 0.599313 0.048 0.551313
16 0.504933 0.048 0.456933
69 0.665856 0.048 0.617856
64 0.8 0.048 0.752
67 0.8 0.048 0.752
19 0.752 0.048 0.704
31 0.717416 0.048 0.669416
50 0.752 0.048 0.704
52 0.752 0.048 0.704
56 0.8 0.048 0.752
1 0.8 0.048 0.752
6 0.8 0.048 0.752
24 0.8 0.048 0.752
34 0.8 0.048 0.752
41 0.549805 0.048 0.501805
66 0.750853 0.048 0.702853
1 0.752 0.048 0.704
1 0.704 0.16 0.544
1 0.544 0.016 0.528
1 0.528 0.048 0.48
24 0.752 0.048 0.704
34 0.752 0.048 0.704
66 0.702853 0.048 0.654853
59 0.8 0.048 0.752
49 0.8 0.048 0.752
57 0.8 0.048 0.752
22 0.8 0.048 0.752
36 0.8 0.048 0.752
63 0.8 0.048 0.752
70 0.8 0.048 0.752
28 0.8 0.048 0.752
7 0.8 0.048 0.752
68 0.8 0.048 0.752
66 0.730994 0.048 0.682994
1 0.551403 0.048 0.503403
6 0.752 0.048 0.704
6 0.704 0.048 0.656
24 0.704 0.048 0.656
34 0.704 0.048 0.656
41 0.571917 0.048 0.523917
41 0.523917 0.048 0.475917
66 0.682994 0.096 0.586994
66 0.586994 0.16 0.426994
1 0.503403 0.16 0.343403
6 0.656 0.16 0.496
24 0.656 0.16 0.496
34 0.656 0.16 0.496
41 0.475917 0.16 0.315917
34 0.496 0.048 0.448
1 0.343403 0.048 0.295403
6 0.573162 0.048 0.525162
6 0.525162 0.048 0.477162
41 0.315917 0.048 0.267917
66 0.426994 0.048 0.378994
34 0.448 0.048 0.4
34 0.4 0.16 0.24
1 0.295403 0.16 0.135403
6 0.477162 0.16 0.317162
41 0.267917 0.16 0.107917
66 0.378994 0.16 0.218994
22 0.8 0.048 0.752
24 0.566887 0.048 0.518887
38 0.8 0.048 0.752
11 0.8 0.048 0.752
25 0.8 0.048 0.752
31 0.747103 0.048 0.699103
19 0.8 0.048 0.752
50 0.8 0.048 0.752
52 0.8 0.048 0.752
56 0.8 0.048 0.752
60 0.8 0.048 0.752
53 0.8 0.048 0.752
4 0.8 0.048 0.752
18 0.8 0.048 0.752
15 0.8 0.048 0.752
35 0.8 0.048 0.752
48 0.8 0.048 0.752
10 0.8 0.048 0.752
14 0.8 0.048 0.752
20 0.8 0.048 0.752
29 0.8 0.048 0.752
62 0.8 0.048 0.752
58 0.8 0.048 0.752
7 0.8 0.048 0.752
40 0.8 0.048 0.752
22 0.8 0.048 0.752
57 0.8 0.048 0.752
63 0.8 0.048 0.752
70 0.8 0.048 0.752
22 0.752 0.048 0.704
57 0.752 0.048 0.704
22 0.704 0.048 0.656
22 0.656 0.16 0.496
22 0.496 0.016 0.48
49 0.8 0.048 0.752
59 0.8 0.048 0.752
22 0.554294 0.048 0.506294
36 0.8 0.048 0.752
57 0.779917 0.048 0.731917
63 0.8 0.048 0.752
70 0.8 0.048 0.752
67 0.8 0.048 0.752
64 0.8 0.048 0.752
44 0.8 0.048 0.752
11 0.8 0.048 0.752
25 0.8 0.048 0.752
38 0.8 0.048 0.752
9 0.8 0.048 0.752
8 0.8 0.048 0.752
12 0.450539 0.048 0.402539
17 0.8 0.048 0.752
27 0.8 0.048 0.752
36 0.752 0.048 0.704
45 0.8 0.048 0.752
45 0.752 0.048 0.704
47 0.8 0.048 0.752
47 0.752 0.048 0.704
57 0.731917 0.048 0.683917
63 0.752 0.048 0.704
70 0.8 0.048 0.752
36 0.704 0.144 0.56
36 0.56 0.16 0.4
36 0.4 0.016 0.384
21 0.8 0.048 0.752
43 0.8 0.048 0.752
33 0.8 0.048 0.752
54 0.8 0.048 0.752
55 0.8 0.048 0.752
70 0.752 0.048 0.704
36 0.384 0.048 0.336
57 0.683917 0.048 0.635917
63 0.704 0.048 0.656
70 0.704 0.048 0.656
70 0.656 0.16 0.496
70 0.496 0.016 0.48
68 0.8 0.048 0.752
7 0.8 0.048 0.752
28 0.8 0.048 0.752
40 0.8 0.048 0.752
7 0.752 0.048 0.704
58 0.8 0.048 0.752
13 0.8 0.048 0.752
5 0.666599 0.048 0.618599
12 0.402539 0.048 0.354539
16 0.761612 0.048 0.713612
23 0.779626 0.048 0.731626
30 0.8 0.048 0.752
69 0.8 0.048 0.752
36 0.412403 0.048 0.364403
45 0.704 0.048 0.656
47 0.704 0.048 0.656
57 0.708332 0.048 0.660332
63 0.734539 0.048 0.686539
70 0.48 0.048 0.432
56 0.8 0.048 0.752
19 0.8 0.048 0.752
50 0.8 0.048 0.752
52 0.8 0.048 0.752
5 0.695236 0.048 0.647236
12 0.434058 0.048 0.386058
13 0.752 0.048 0.704
16 0.792237 0.048 0.744237
23 0.731626 0.048 0.683626
27 0.752 0.048 0.704
30 0.8 0.048 0.752
69 0.752 0.048 0.704
17 0.8 0.048 0.752
8 0.8 0.048 0.752
9 0.8 0.048 0.752
12 0.386058 0.048 0.338058
27 0.774585 0.048 0.726585
30 0.752 0.048 0.704
5 0.647236 0.048 0.599236
13 0.704 0.048 0.656
16 0.744237 0.048 0.696237
16 0.696237 0.048 0.648237
69 0.776903 0.048 0.728903
30 0.704 0.048 0.656
30 0.656 0.16 0.496
5 0.599236 0.16 0.439236
13 0.656 0.16 0.496
16 0.648237 0.16 0.488237
69 0.728903 0.16 0.568903
64 0.8 0.048 0.752
67 0.8 0.048 0.752
19 0.752 0.048 0.704
31 0.8 0.048 0.752
50 0.752 0.048 0.704
52 0.752 0.048 0.704
56 0.8 0.048 0.752
36 0.438374 0.048 0.390374
45 0.72652 0.048 0.67852
47 0.731221 0.048 0.683221
59 0.8 0.048 0.752
49 0.8 0.048 0.752
57 0.731851 0.048 0.683851
36 0.390374 0.048 0.342374
63 0.756913 0.048 0.708913
70 0.50888 0.048 0.46088
28 0.8 0.048 0.752
7 0.8 0.048 0.752
68 0.8 0.048 0.752
28 0.752 0.048 0.704
28 0.704 0.16 0.544
28 0.544 0.016 0.528
14 0.8 0.048 0.752
10 0.8 0.048 0.752
29 0.8 0.048 0.752
28 0.528 0.048 0.48
47 0.756024 0.048 0.708024
68 0.752 0.048 0.704
38 0.8 0.048 0.752
11 0.8 0.048 0.752
25 0.8 0.048 0.752
31 0.8 0.048 0.752
19 0.8 0.048 0.752
42 0.8 0.048 0.752
50 0.8 0.048 0.752
52 0.8 0.048 0.752
60 0.8 0.048 0.752
53 0.8 0.048 0.752
4 0.8 0.048 0.752
18 0.8 0.048 0.752
15 0.8 0.048 0.752
35 0.8 0.048 0.752
10 0.8 0.048 0.752
14 0.752 0.048 0.704
20 0.8 0.048 0.752
29 0.8 0.048 0.752
62 0.8 0.048 0.752
62 0.752 0.048 0.704
10 0.752 0.048 0.704
20 0.752 0.048 0.704
29 0.752 0.048 0.704
29 0.704 0.048 0.656
62 0.704 0.048 0.656
62 0.656 0.16 0.496
10 0.704 0.16 0.544
20 0.704 0.16 0.544
29 0.656 0.16 0.496
51 0.8 0.048 0.752
3 0.8 0.048 0.752
61 0.8 0.048 0.752
24 0.8 0.048 0.752
1 0.57135 0.048 0.52335
1 0.52335 0.048 0.47535
66 0.667093 0.048 0.619093
24 0.752 0.048 0.704
24 0.704 0.16 0.544
1 0.47535 0.16 0.31535
66 0.619093 0.16 0.459093
52 0.8 0.048 0.752
19 0.8 0.048 0.752
31 0.8 0.048 0.752
50 0.752 0.048 0.704
56 0.8 0.048 0.752
58 0.8 0.048 0.752
7 0.8 0.048 0.752
40 0.8 0.048 0.752
7 0.752 0.048 0.704
28 0.553033 0.048 0.505033
40 0.752 0.048 0.704
68 0.778439 0.048 0.730439
45 0.8 0.048 0.752
36 0.491748 0.048 0.443748
47 0.784155 0.048 0.736155
63 0.8 0.048 0.752
63 0.752 0.048 0.704
70 0.611612 0.048 0.563612
70 0.563612 0.048 0.515612
45 0.752 0.096 0.656
45 0.656 0.16 0.496
36 0.443748 0.16 0.283748
47 0.736155 0.16 0.576155
63 0.704 0.16 0.544
63 0.544 0.016 0.528
45 0.496 0.016 0.48
63 0.528 0.048 0.48
36 0.283748 0.048 0.235748
45 0.48 0.048 0.432
57 0.8 0.048 0.752
70 0.515612 0.048 0.467612
70 0.467612 0.16 0.307612
39 0.8 0.048 0.752
20 0.544 0.048 0.496
35 0.752 0.048 0.704
15 0.8 0.048 0.752
18 0.8 0.048 0.752
48 0.8 0.048 0.752
29 0.567697 0.048 0.519697
10 0.619723 0.048 0.571723
14 0.8 0.048 0.752
20 0.56603 0.048 0.51803
62 0.570245 0.048 0.522245
49 0.8 0.048 0.752
59 0.8 0.048 0.752
7 0.782684 0.048 0.734684
28 0.581447 0.048 0.533447
40 0.783516 0.048 0.735516
58 0.8 0.048 0.752
67 0.8 0.048 0.752
64 0.8 0.048 0.752
44 0.8 0.048 0.752
11 0.8 0.048 0.752
25 0.8 0.048 0.752
38 0.8 0.048 0.752
9 0.8 0.048 0.752
8 0.8 0.048 0.752
12 0.635382 0.048 0.587382
17 0.8 0.048 0.752
27 0.8 0.048 0.752
21 0.8 0.048 0.752
43 0.8 0.048 0.752
33 0.8 0.048 0.752
54 0.8 0.048 0.752
55 0.8 0.048 0.752
68 0.8 0.048 0.752
7 0.8 0.048 0.752
28 0.60745 0.048 0.55945
40 0.8 0.048 0.752
7 0.752 0.048 0.704
58 0.752 0.048 0.704
40 0.752 0.048 0.704
40 0.704 0.16 0.544
40 0.544 0.016 0.528
13 0.8 0.048 0.752
5 0.732949 0.048 0.684949
16 0.788288 0.048 0.740288
23 0.8 0.048 0.752
30 0.8 0.048 0.752
69 0.8 0.048 0.752
40 0.528 0.048 0.48
44 0.8 0.048 0.752
58 0.782907 0.048 0.734907
56 0.8 0.048 0.752
19 0.8 0.048 0.752
50 0.8 0.048 0.752
52 0.8 0.048 0.752
5 0.759603 0.048 0.711603
12 0.665235 0.048 0.617235
12 0.617235 0.048 0.569235
13 0.752 0.048 0.704
16 0.8 0.048 0.752
23 0.752 0.048 0.704
27 0.752 0.048 0.704
30 0.8 0.048 0.752
69 0.752 0.048 0.704
5 0.711603 0.048 0.663603
5 0.663603 0.16 0.503603
12 0.569235 0.16 0.409235
13 0.704 0.16 0.544
16 0.752 0.16 0.592
23 0.704 0.16 0.544
27 0.704 0.16 0.544
30 0.752 0.16 0.592
69 0.704 0.16 0.544
17 0.8 0.048 0.752
8 0.8 0.048 0.752
9 0.8 0.048 0.752
12 0.409235 0.048 0.361235
27 0.618958 0.048 0.570958
60 0.8 0.048 0.752
31 0.8 0.048 0.752
42 0.8 0.048 0.752
54 0.752 0.048 0.704
64 0.8 0.048 0.752
67 0.8 0.048 0.752
47 0.793651 0.048 0.745651
36 0.380038 0.048 0.332038
45 0.667368 0.048 0.619368
45 0.619368 0.048 0.571368
47 0.745651 0.048 0.697651
47 0.697651 0.16 0.537651
36 0.332038 0.16 0.172038
45 0.571368 0.16 0.411368
19 0.752 0.048 0.704
31 0.752 0.048 0.704
50 0.752 0.048 0.704
52 0.752 0.048 0.704
56 0.8 0.048 0.752
44 0.8 0.048 0.752
59 0.8 0.048 0.752
49 0.8 0.048 0.752
57 0.8 0.048 0.752
63 0.714013 0.048 0.666013
70 0.527789 0.048 0.479789
20 0.740592 0.048 0.692592
10 0.796395 0.048 0.748395
29 0.750038 0.048 0.702038
39 0.8 0.048 0.752
62 0.753514 0.048 0.705514
14 0.8 0.048 0.752
10 0.748395 0.048 0.700395
29 0.702038 0.048 0.654038
25 0.8 0.048 0.752
44 0.8 0.048 0.752
23 0.693429 0.048 0.645429
5 0.654598 0.048 0.606598
12 0.437705 0.048 0.389705
13 0.692603 0.048 0.644603
16 0.665046 0.048 0.617046
27 0.64792 0.048 0.59992
30 0.664551 0.048 0.616551
37 0.8 0.048 0.752
46 0.8 0.048 0.752
46 0.752 0.048 0.704
37 0.752 0.048 0.704
37 0.704 0.16 0.544
46 0.704 0.16 0.544
46 0.544 0.016 0.528
37 0.544 0.016 0.528
46 0.528 0.048 0.48
37 0.528 0.048 0.48
38 0.8 0.048 0.752
11 0.8 0.048 0.752
25 0.8 0.048 0.752
31 0.783933 0.048 0.735933
19 0.8 0.048 0.752
50 0.8 0.048 0.752
52 0.8 0.048 0.752
53 0.8 0.048 0.752
4 0.8 0.048 0.752
18 0.8 0.048 0.752
15 0.8 0.048 0.752
35 0.8 0.048 0.752
10 0.775055 0.048 0.727055
14 0.752 0.048 0.704
20 0.771311 0.048 0.723311
29 0.732882 0.048 0.684882
62 0.779479 0.048 0.731479
51 0.8 0.048 0.752
3 0.8 0.048 0.752
61 0.8 0.048 0.752
52 0.8 0.048 0.752
19 0.8 0.048 0.752
31 0.8 0.048 0.752
50 0.752 0.048 0.704
56 0.8 0.048 0.752
58 0.8 0.048 0.752
40 0.707722 0.048 0.659722
11 0.8 0.048 0.752
25 0.752 0.048 0.704
38 0.8 0.048 0.752
63 0.8 0.048 0.752
36 0.394487 0.048 0.346487
45 0.565419 0.048 0.517419
57 0.8 0.048 0.752
70 0.625188 0.048 0.577188
39 0.8 0.048 0.752
65 0.8 0.048 0.752
2 0.8 0.048 0.752
35 0.752 0.048 0.704
15 0.8 0.048 0.752
18 0.8 0.048 0.752
48 0.8 0.048 0.752
29 0.759266 0.048 0.711266
10 0.799258 0.048 0.751258
14 0.8 0.048 0.752
20 0.8 0.048 0.752
62 0.8 0.048 0.752
26 0.8 0.048 0.752
32 0.8 0.048 0.752
2 0.8 0.048 0.752
65 0.752 0.048 0.704
49 0.8 0.048 0.752
59 0.8 0.048 0.752
6 0.8 0.048 0.752
1 0.76338 0.048 0.71538
41 0.8 0.048 0.752
66 0.8 0.048 0.752
11 0.8 0.048 0.752
25 0.783925 0.048 0.735925
38 0.8 0.048 0.752
64 0.8 0.048 0.752
67 0.8 0.048 0.752
67 0.752 0.048 0.704
64 0.752 0.048 0.704
44 0.8 0.048 0.752
11 0.752 0.048 0.704
25 0.8 0.048 0.752
38 0.752 0.048 0.704
11 0.704 0.048 0.656
11 0.656 0.16 0.496
11 0.496 0.016 0.48
9 0.8 0.048 0.752
8 0.8 0.048 0.752
12 0.606767 0.048 0.558767
17 0.8 0.048 0.752
27 0.8 0.048 0.752
4 0.8 0.048 0.752
53 0.8 0.048 0.752
21 0.8 0.048 0.752
43 0.8 0.048 0.752
33 0.8 0.048 0.752
54 0.8 0.048 0.752
55 0.8 0.048 0.752
32 0.8 0.048 0.752
26 0.8 0.048 0.752
68 0.8 0.048 0.752
7 0.8 0.048 0.752
28 0.8 0.048 0.752
13 0.8 0.048 0.752
5 0.756826 0.048 0.708826
12 0.558767 0.048 0.510767
12 0.510767 0.048 0.462767
16 0.8 0.048 0.752
23 0.8 0.048 0.752
30 0.8 0.048 0.752
69 0.8 0.048 0.752
13 0.752 0.048 0.704
13 0.704 0.16 0.544
5 0.708826 0.16 0.548826
12 0.462767 0.16 0.302767
16 0.752 0.16 0.592
23 0.752 0.16 0.592
30 0.752 0.16 0.592
11 0.55043 0.048 0.50243
38 0.781933 0.048 0.733933
64 0.774285 0.048 0.726285
67 0.781956 0.048 0.733956
56 0.8 0.048 0.752
19 0.8 0.048 0.752
50 0.8 0.048 0.752
52 0.8 0.048 0.752
17 0.8 0.048 0.752
8 0.8 0.048 0.752
9 0.8 0.048 0.752
12 0.375853 0.048 0.327853
27 0.8 0.048 0.752
7 0.752 0.048 0.704
28 0.752 0.048 0.704
40 0.8 0.048 0.752
60 0.8 0.048 0.752
31 0.8 0.048 0.752
42 0.8 0.048 0.752
54 0.752 0.048 0.704
64 0.798414 0.048 0.750414
67 0.733956 0.048 0.685956
64 0.750414 0.048 0.702414
64 0.702414 0.16 0.542414
64 0.542414 0.016 0.526414
19 0.752 0.048 0.704
50 0.752 0.048 0.704
52 0.752 0.048 0.704
56 0.8 0.048 0.752
21 0.8 0.048 0.752
64 0.526414 0.048 0.478414
67 0.764605 0.048 0.716605
55 0.8 0.048 0.752
33 0.8 0.048 0.752
43 0.8 0.048 0.752
54 0.778352 0.048 0.730352
59 0.8 0.048 0.752
49 0.8 0.048 0.752
57 0.8 0.048 0.752
63 0.8 0.048 0.752
70 0.798673 0.048 0.750673
20 0.8 0.048 0.752
10 0.8 0.048 0.752
62 0.8 0.048 0.752
14 0.8 0.048 0.752
10 0.752 0.048 0.704
29 0.8 0.048 0.752
62 0.752 0.048 0.704
21 0.8 0.048 0.752
49 0.8 0.048 0.752
59 0.8 0.048 0.752
23 0.74251 0.048 0.69451
5 0.784769 0.048 0.736769
12 0.400605 0.048 0.352605
13 0.688358 0.048 0.640358
16 0.746953 0.048 0.698953
27 0.8 0.048 0.752
30 0.744894 0.048 0.696894
46 0.8 0.048 0.752
37 0.8 0.048 0.752
38 0.8 0.048 0.752
11 0.651557 0.048 0.603557
25 0.8 0.048 0.752
25 0.752 0.048 0.704
38 0.752 0.048 0.704
38 0.704 0.16 0.544
11 0.603557 0.16 0.443557
25 0.704 0.16 0.544
25 0.544 0.016 0.528
38 0.544 0.016 0.528
25 0.528 0.048 0.48
11 0.443557 0.048 0.395557
38 0.528 0.048 0.48
31 0.8 0.048 0.752
19 0.8 0.048 0.752
50 0.8 0.048 0.752
52 0.8 0.048 0.752
60 0.8 0.048 0.752
53 0.8 0.048 0.752
4 0.8 0.048 0.752
18 0.8 0.048 0.752
15 0.8 0.048 0.752
35 0.8 0.048 0.752
48 0.8 0.048 0.752
10 0.781731 0.048 0.733731
14 0.752 0.048 0.704
20 0.8 0.048 0.752
29 0.8 0.048 0.752
62 0.774748 0.048 0.726748
51 0.8 0.048 0.752
3 0.8 0.048 0.752
61 0.8 0.048 0.752
52 0.8 0.048 0.752
19 0.8 0.048 0.752
31 0.8 0.048 0.752
50 0.752 0.048 0.704
56 0.8 0.048 0.752
58 0.8 0.048 0.752
7 0.8 0.048 0.752
40 0.8 0.048 0.752
48 0.8 0.048 0.752
15 0.8 0.048 0.752
15 0.752 0.048 0.704
18 0.8 0.048 0.752
35 0.752 0.048 0.704
48 0.752 0.048 0.704
48 0.704 0.16 0.544
15 0.704 0.16 0.544
15 0.544 0.016 0.528
48 0.544 0.016 0.528
15 0.528 0.048 0.48
18 0.752 0.048 0.704
35 0.704 0.048 0.656
48 0.528 0.048 0.48
18 0.704 0.16 0.544
35 0.656 0.16 0.496
21 0.8 0.048 0.752
49 0.8 0.048 0.752
59 0.8 0.048 0.752
63 0.8 0.048 0.752
36 0.70627 0.048 0.65827
45 0.8 0.048 0.752
57 0.8 0.048 0.752
70 0.8 0.048 0.752
39 0.8 0.048 0.752
65 0.8 0.048 0.752
2 0.8 0.048 0.752
35 0.496 0.048 0.448
15 0.48 0.048 0.432
18 0.544 0.048 0.496
48 0.48 0.048 0.432
29 0.8 0.048 0.752
10 0.8 0.048 0.752
14 0.8 0.048 0.752
20 0.8 0.048 0.752
62 0.8 0.048 0.752
26 0.8 0.048 0.752
32 0.8 0.048 0.752
2 0.8 0.048 0.752
65 0.752 0.048 0.704
49 0.8 0.048 0.752
59 0.752 0.048 0.704
49 0.752 0.048 0.704
49 0.704 0.16 0.544
49 0.544 0.016 0.528
6 0.8 0.048 0.752
1 0.8 0.048 0.752
41 0.8 0.048 0.752
49 0.528 0.048 0.48
59 0.778717 0.048 0.730717
67 0.8 0.048 0.752
64 0.694816 0.048 0.646816
44 0.8 0.048 0.752
9 0.8 0.048 0.752
8 0.8 0.048 0.752
12 0.572886 0.048 0.524886
17 0.8 0.048 0.752
27 0.8 0.048 0.752
4 0.8 0.048 0.752
53 0.8 0.048 0.752
21 0.8 0.048 0.752
43 0.8 0.048 0.752
33 0.8 0.048 0.752
54 0.8 0.048 0.752
55 0.8 0.048 0.752
32 0.8 0.048 0.752
26 0.8 0.048 0.752
68 0.8 0.048 0.752
7 0.8 0.048 0.752
28 0.8 0.048 0.752
56 0.8 0.048 0.752
19 0.8 0.048 0.752
50 0.8 0.048 0.752
52 0.8 0.048 0.752
17 0.8 0.048 0.752
8 0.8 0.048 0.752
9 0.8 0.048 0.752
12 0.60195 0.048 0.55395
27 0.8 0.048 0.752
7 0.752 0.048 0.704
28 0.752 0.048 0.704
40 0.8 0.048 0.752
58 0.8 0.048 0.752
68 0.752 0.048 0.704
69 0.8 0.048 0.752
5 0.8 0.048 0.752
13 0.8 0.048 0.752
16 0.8 0.048 0.752
16 0.752 0.048 0.704
30 0.8 0.048 0.752
69 0.752 0.048 0.704
69 0.704 0.16 0.544
5 0.752 0.16 0.592
13 0.752 0.16 0.592
16 0.704 0.16 0.544
16 0.544 0.016 0.528
69 0.544 0.016 0.528
16 0.528 0.048 0.48
5 0.592 0.048 0.544
12 0.55395 0.048 0.50595
12 0.50595 0.048 0.45795
13 0.592 0.048 0.544
23 0.8 0.048 0.752
27 0.752 0.048 0.704
30 0.752 0.048 0.704
69 0.528 0.048 0.48
16 0.48 0.048 0.432
16 0.432 0.16 0.272
30 0.704 0.16 0.544
5 0.544 0.16 0.384
12 0.45795 0.16 0.29795
13 0.544 0.16 0.384
23 0.752 0.16 0.592
27 0.704 0.16 0.544
30 0.544 0.16 0.384
60 0.8 0.048 0.752
31 0.8 0.048 0.752
42 0.8 0.048 0.752
54 0.752 0.048 0.704
19 0.752 0.048 0.704
31 0.752 0.048 0.704
50 0.752 0.048 0.704
52 0.752 0.048 0.704
56 0.8 0.048 0.752
55 0.8 0.048 0.752
33 0.8 0.048 0.752
43 0.8 0.048 0.752
54 0.782002 0.048 0.734002
59 0.8 0.048 0.752
49 0.632288 0.048 0.584288
12 0.373602 0.048 0.325602
5 0.458147 0.048 0.410147
8 0.752 0.048 0.704
8 0.704 0.048 0.656
9 0.8 0.048 0.752
13 0.459947 0.048 0.411947
16 0.351274 0.048 0.303274
17 0.8 0.048 0.752
23 0.592 0.048 0.544
27 0.544 0.048 0.496
12 0.325602 0.048 0.277602
12 0.277602 0.16 0.117602
5 0.410147 0.16 0.250147
8 0.656 0.16 0.496
9 0.752 0.16 0.592
13 0.411947 0.16 0.251947
16 0.303274 0.16 0.143274
17 0.752 0.16 0.592
23 0.544 0.16 0.384
27 0.496 0.16 0.336
57 0.8 0.048 0.752
63 0.8 0.048 0.752
70 0.8 0.048 0.752
20 0.8 0.048 0.752
10 0.8 0.048 0.752
29 0.8 0.048 0.752
62 0.8 0.048 0.752
14 0.8 0.048 0.752
10 0.752 0.048 0.704
29 0.752 0.048 0.704
62 0.752 0.048 0.704
23 0.458258 0.048 0.410258
5 0.329444 0.048 0.281444
12 0.117602 0.048 0.0696021
13 0.32556 0.048 0.27756
16 0.143274 0.048 0.095274
27 0.415684 0.048 0.367684
30 0.457827 0.048 0.409827
46 0.8 0.048 0.752
37 0.8 0.048 0.752
25 0.8 0.048 0.752
11 0.777983 0.048 0.729983
38 0.8 0.048 0.752
31 0.780391 0.048 0.732391
19 0.8 0.048 0.752
42 0.8 0.048 0.752
50 0.8 0.048 0.752
52 0.8 0.048 0.752
60 0.8 0.048 0.752
53 0.8 0.048 0.752
4 0.8 0.048 0.752
26 0.8 0.048 0.752
32 0.8 0.048 0.752
18 0.796297 0.048 0.748297
35 0.8 0.048 0.752
48 0.737942 0.048 0.689942
10 0.775602 0.048 0.727602
14 0.752 0.048 0.704
20 0.8 0.048 0.752
29 0.774883 0.048 0.726883
62 0.780215 0.048 0.732215
51 0.8 0.048 0.752
3 0.8 0.048 0.752
61 0.8 0.048 0.752
52 0.8 0.048 0.752
19 0.8 0.048 0.752
31 0.8 0.048 0.752
50 0.752 0.048 0.704
56 0.8 0.048 0.752
58 0.8 0.048 0.752
7 0.8 0.048 0.752
40 0.8 0.048 0.752
15 0.79874 0.048 0.75074
18 0.8 0.048 0.752
35 0.752 0.048 0.704
48 0.769634 0.048 0.721634
10 0.727602 0.048 0.679602
14 0.777818 0.048 0.729818
29 0.726883 0.048 0.678883
63 0.8 0.048 0.752
36 0.8 0.048 0.752
45 0.8 0.048 0.752
57 0.8 0.048 0.752
70 0.8 0.048 0.752
39 0.8 0.048 0.752
65 0.8 0.048 0.752
2 0.8 0.048 0.752
35 0.704 0.048 0.656
15 0.75074 0.048 0.70274
18 0.752 0.048 0.704
48 0.721634 0.048 0.673634
29 0.756502 0.048 0.708502
10 0.757647 0.048 0.709647
14 0.8 0.048 0.752
62 0.8 0.048 0.752
29 0.708502 0.048 0.660502
29 0.660502 0.16 0.500502
29 0.500502 0.016 0.484502
26 0.8 0.048 0.752
32 0.8 0.048 0.752
2 0.8 0.048 0.752
65 0.752 0.048 0.704
6 0.8 0.048 0.752
1 0.8 0.048 0.752
34 0.8 0.048 0.752
41 0.8 0.048 0.752
10 0.709647 0.048 0.661647
14 0.752 0.048 0.704
20 0.8 0.048 0.752
29 0.484502 0.048 0.436502
62 0.752 0.048 0.704
67 0.8 0.048 0.752
64 0.8 0.048 0.752
44 0.8 0.048 0.752
9 0.8 0.048 0.752
8 0.795682 0.048 0.747682
12 0.289992 0.048 0.241992
17 0.8 0.048 0.752
27 0.588801 0.048 0.540801
4 0.8 0.048 0.752
37 0.8 0.048 0.752
37 0.752 0.048 0.704
53 0.8 0.048 0.752
4 0.752 0.048 0.704
4 0.704 0.16 0.544
37 0.704 0.16 0.544
37 0.544 0.016 0.528
4 0.544 0.016 0.528
37 0.528 0.048 0.48
4 0.528 0.048 0.48
46 0.8 0.048 0.752
53 0.752 0.16 0.592
33 0.8 0.048 0.752
17 0.752 0.048 0.704
43 0.8 0.048 0.752
55 0.8 0.048 0.752
21 0.8 0.048 0.752
43 0.752 0.048 0.704
33 0.8 0.048 0.752
54 0.8 0.048 0.752
55 0.752 0.048 0.704
32 0.8 0.048 0.752
26 0.8 0.048 0.752
68 0.8 0.048 0.752
28 0.8 0.048 0.752
10 0.735448 0.048 0.687448
14 0.783193 0.048 0.735193
20 0.8 0.048 0.752
29 0.511077 0.048 0.463077
62 0.77854 0.048 0.73054
56 0.8 0.048 0.752
2 0.8 0.048 0.752
19 0.8 0.048 0.752
17 0.778007 0.048 0.730007
8 0.8 0.048 0.752
9 0.8 0.048 0.752
27 0.615009 0.048 0.567009
33 0.752 0.048 0.704
7 0.8 0.048 0.752
28 0.752 0.048 0.704
40 0.8 0.048 0.752
58 0.8 0.048 0.752
60 0.8 0.048 0.752
31 0.8 0.048 0.752
42 0.8 0.048 0.752
54 0.752 0.048 0.704
19 0.752 0.048 0.704
50 0.8 0.048 0.752
52 0.8 0.048 0.752
56 0.8 0.048 0.752
20 0.8 0.048 0.752
39 0.8 0.048 0.752
62 0.8 0.048 0.752
55 0.8 0.048 0.752
33 0.780417 0.048 0.732417
43 0.777313 0.048 0.729313
54 0.781576 0.048 0.733576
59 0.8 0.048 0.752
49 0.8 0.048 0.752
57 0.8 0.048 0.752
63 0.8 0.048 0.752
70 0.8 0.048 0.752
20 0.8 0.048 0.752
10 0.8 0.048 0.752
29 0.609844 0.048 0.561844
29 0.561844 0.048 0.513844
62 0.8 0.048 0.752
20 0.752 0.048 0.704
20 0.704 0.16 0.544
10 0.752 0.16 0.592
29 0.513844 0.16 0.353844
62 0.752 0.16 0.592
14 0.8 0.048 0.752
10 0.592 0.048 0.544
29 0.353844 0.048 0.305844
62 0.592 0.048 0.544
39 0.8 0.048 0.752
23 0.778947 0.048 0.730947
5 0.656332 0.048 0.608332
12 0.397757 0.048 0.349757
13 0.648314 0.048 0.600314
16 0.466472 0.048 0.418472
27 0.644458 0.048 0.596458
30 0.789553 0.048 0.741553
69 0.8 0.048 0.752
46 0.8 0.048 0.752
37 0.70692 0.048 0.65892
25 0.8 0.048 0.752
11 0.8 0.048 0.752
38 0.8 0.048 0.752
31 0.8 0.048 0.752
19 0.8 0.048 0.752
42 0.8 0.048 0.752
50 0.8 0.048 0.752
52 0.8 0.048 0.752
60 0.8 0.048 0.752
53 0.8 0.048 0.752
4 0.712911 0.048 0.664911
50 0.752 0.048 0.704
19 0.752 0.048 0.704
31 0.752 0.048 0.704
42 0.752 0.048 0.704
52 0.752 0.048 0.704
18 0.8 0.048 0.752
15 0.8 0.048 0.752
35 0.8 0.048 0.752
48 0.8 0.048 0.752
10 0.623714 0.048 0.575714
14 0.752 0.048 0.704
20 0.618124 0.048 0.570124
29 0.375918 0.048 0.327918
62 0.618565 0.048 0.570565
51 0.8 0.048 0.752
3 0.8 0.048 0.752
61 0.8 0.048 0.752
52 0.774761 0.048 0.726761
19 0.78001 0.048 0.73201
31 0.779322 0.048 0.731322
50 0.704 0.048 0.656
56 0.8 0.048 0.752
58 0.8 0.048 0.752
7 0.8 0.048 0.752
40 0.8 0.048 0.752
15 0.8 0.048 0.752
18 0.8 0.048 0.752
35 0.752 0.048 0.704
48 0.8 0.048 0.752
2 0.8 0.048 0.752
65 0.8 0.048 0.752
63 0.8 0.048 0.752
36 0.8 0.048 0.752
45 0.8 0.048 0.752
57 0.8 0.048 0.752
70 0.8 0.048 0.752
39 0.8 0.048 0.752
65 0.8 0.048 0.752
2 0.752 0.048 0.704
56 0.8 0.048 0.752
65 0.752 0.048 0.704
65 0.704 0.16 0.544
65 0.544 0.016 0.528
35 0.704 0.048 0.656
15 0.752 0.048 0.704
18 0.752 0.048 0.704
48 0.752 0.048 0.704
26 0.8 0.048 0.752
32 0.8 0.048 0.752
2 0.783193 0.048 0.735193
56 0.752 0.048 0.704
65 0.528 0.048 0.48
2 0.735193 0.048 0.687193
2 0.687193 0.16 0.527193
2 0.527193 0.016 0.511193
6 0.8 0.048 0.752
1 0.8 0.048 0.752
41 0.8 0.048 0.752
2 0.511193 0.048 0.463193
19 0.8 0.048 0.752
56 0.704 0.048 0.656
65 0.48 0.048 0.432
67 0.8 0.048 0.752
64 0.8 0.048 0.752
44 0.8 0.048 0.752
9 0.8 0.048 0.752
8 0.8 0.048 0.752
12 0.563591 0.048 0.515591
17 0.8 0.048 0.752
27 0.8 0.048 0.752
37 0.8 0.048 0.752
4 0.8 0.048 0.752
46 0.8 0.048 0.752
33 0.8 0.048 0.752
17 0.752 0.048 0.704
43 0.8 0.048 0.752
55 0.8 0.048 0.752
21 0.8 0.048 0.752
43 0.752 0.048 0.704
33 0.8 0.048 0.752
54 0.8 0.048 0.752
55 0.752 0.048 0.704
32 0.8 0.048 0.752
26 0.8 0.048 0.752
68 0.8 0.048 0.752
28 0.8 0.048 0.752
2 0.539392 0.048 0.491392
19 0.8 0.048 0.752
31 0.8 0.048 0.752
50 0.8 0.048 0.752
52 0.8 0.048 0.752
56 0.728907 0.048 0.680907
65 0.502538 0.048 0.454538
56 0.680907 0.048 0.632907
19 0.752 0.048 0.704
52 0.752 0.048 0.704
65 0.454538 0.048 0.406538
56 0.632907 0.048 0.584907
56 0.584907 0.16 0.424907
56 0.424907 0.016 0.408907
17 0.782511 0.048 0.734511
8 0.8 0.048 0.752
9 0.8 0.048 0.752
27 0.8 0.048 0.752
33 0.752 0.048 0.704
7 0.8 0.048 0.752
28 0.752 0.048 0.704
40 0.8 0.048 0.752
58 0.8 0.048 0.752
68 0.752 0.048 0.704
60 0.8 0.048 0.752
42 0.8 0.048 0.752
54 0.752 0.048 0.704
19 0.704 0.048 0.656
31 0.8 0.048 0.752
50 0.752 0.048 0.704
52 0.704 0.048 0.656
56 0.478954 0.048 0.430954
19 0.656 0.048 0.608
19 0.608 0.16 0.448
19 0.448 0.016 0.432
19 0.502636 0.048 0.454636
31 0.752 0.048 0.704
42 0.752 0.048 0.704
50 0.77472 0.048 0.72672
52 0.735551 0.048 0.687551
56 0.430954 0.048 0.382954
60 0.8 0.048 0.752
55 0.8 0.048 0.752
33 0.77882 0.048 0.73082
43 0.774643 0.048 0.726643
54 0.776334 0.048 0.728334
59 0.8 0.048 0.752
49 0.8 0.048 0.752
57 0.8 0.048 0.752
63 0.8 0.048 0.752
70 0.8 0.048 0.752
8 0.8 0.048 0.752
9 0.8 0.048 0.752
12 0.670316 0.048 0.622316
17 0.8 0.048 0.752
27 0.8 0.048 0.752
14 0.8 0.048 0.752
10 0.8 0.048 0.752
29 0.624926 0.048 0.576926
31 0.780641 0.048 0.732641
42 0.782015 0.048 0.734015
50 0.798788 0.048 0.750788
52 0.761039 0.048 0.713039
54 0.8 0.048 0.752
60 0.8 0.048 0.752
23 0.8 0.048 0.752
5 0.8 0.048 0.752
12 0.622316 0.048 0.574316
13 0.8 0.048 0.752
16 0.786878 0.048 0.738878
27 0.752 0.048 0.704
30 0.8 0.048 0.752
46 0.8 0.048 0.752
37 0.8 0.048 0.752
70 0.8 0.048 0.752
57 0.8 0.048 0.752
63 0.8 0.048 0.752
25 0.8 0.048 0.752
11 0.8 0.048 0.752
38 0.8 0.048 0.752
31 0.732641 0.048 0.684641
19 0.529422 0.048 0.481422
42 0.8 0.048 0.752
50 0.750788 0.048 0.702788
52 0.713039 0.048 0.665039
53 0.8 0.048 0.752
4 0.8 0.048 0.752
26 0.8 0.048 0.752
50 0.702788 0.048 0.654788
19 0.481422 0.048 0.433422
31 0.684641 0.048 0.636641
42 0.752 0.048 0.704
52 0.665039 0.048 0.617039
18 0.8 0.048 0.752
15 0.8 0.048 0.752
35 0.8 0.048 0.752
48 0.8 0.048 0.752
10 0.8 0.048 0.752
14 0.752 0.048 0.704
20 0.8 0.048 0.752
29 0.648584 0.048 0.600584
62 0.8 0.048 0.752
51 0.8 0.048 0.752
3 0.8 0.048 0.752
61 0.8 0.048 0.752
52 0.693038 0.048 0.645038
19 0.506256 0.048 0.458256
31 0.715729 0.048 0.667729
50 0.654788 0.048 0.606788
58 0.8 0.048 0.752
7 0.8 0.048 0.752
40 0.8 0.048 0.752
15 0.8 0.048 0.752
18 0.8 0.048 0.752
35 0.752 0.048 0.704
48 0.8 0.048 0.752
33 0.8 0.048 0.752
42 0.704 0.048 0.656
43 0.8 0.048 0.752
54 0.8 0.048 0.752
55 0.8 0.048 0.752
60 0.8 0.048 0.752
63 0.8 0.048 0.752
36 0.8 0.048 0.752
45 0.8 0.048 0.752
57 0.8 0.048 0.752
70 0.8 0.048 0.752
39 0.8 0.048 0.752
35 0.704 0.048 0.656
15 0.752 0.048 0.704
18 0.752 0.048 0.704
48 0.752 0.048 0.704
26 0.8 0.048 0.752
32 0.8 0.048 0.752
6 0.8 0.048 0.752
1 0.8 0.048 0.752
41 0.8 0.048 0.752
66 0.8 0.048 0.752
3 0.8 0.048 0.752
51 0.8 0.048 0.752
61 0.8 0.048 0.752
33 0.8 0.048 0.752
43 0.8 0.048 0.752
54 0.8 0.048 0.752
55 0.8 0.048 0.752
67 0.8 0.048 0.752
38 0.8 0.048 0.752
38 0.752 0.048 0.704
64 0.8 0.048 0.752
67 0.752 0.048 0.704
67 0.704 0.16 0.544
38 0.704 0.16 0.544
38 0.544 0.016 0.528
67 0.544 0.016 0.528
38 0.528 0.048 0.48
11 0.8 0.048 0.752
25 0.8 0.048 0.752
64 0.752 0.048 0.704
67 0.528 0.048 0.48
64 0.704 0.16 0.544
44 0.8 0.048 0.752
9 0.8 0.048 0.752
8 0.8 0.048 0.752
12 0.797109 0.048 0.749109
17 0.8 0.048 0.752
27 0.8 0.048 0.752
37 0.8 0.048 0.752
4 0.8 0.048 0.752
46 0.8 0.048 0.752
33 0.752 0.048 0.704
43 0.8 0.048 0.752
55 0.752 0.048 0.704
33 0.704 0.048 0.656
33 0.656 0.16 0.496
33 0.496 0.016 0.48
21 0.8 0.048 0.752
49 0.8 0.048 0.752
43 0.752 0.048 0.704
33 0.555959 0.048 0.507959
54 0.8 0.048 0.752
55 0.704 0.048 0.656
60 0.8 0.048 0.752
32 0.8 0.048 0.752
26 0.8 0.048 0.752
68 0.8 0.048 0.752
7 0.8 0.048 0.752
28 0.8 0.048 0.752
41 0.8 0.048 0.752
1 0.8 0.048 0.752
6 0.8 0.048 0.752
34 0.8 0.048 0.752
66 0.8 0.048 0.752
8 0.752 0.048 0.704
9 0.8 0.048 0.752
17 0.8 0.048 0.752
27 0.752 0.048 0.704
33 0.507959 0.048 0.459959
55 0.734868 0.048 0.686868
17 0.752 0.048 0.704
8 0.777252 0.048 0.729252
9 0.752 0.048 0.704
12 0.8 0.048 0.752
27 0.775501 0.048 0.727501
17 0.704 0.048 0.656
17 0.656 0.16 0.496
17 0.496 0.016 0.48
7 0.752 0.048 0.704
28 0.752 0.048 0.704
40 0.8 0.048 0.752
58 0.8 0.048 0.752
68 0.752 0.048 0.704
60 0.8 0.048 0.752
42 0.8 0.048 0.752
43 0.782505 0.048 0.734505
54 0.752 0.048 0.704
8 0.729252 0.048 0.681252
9 0.774975 0.048 0.726975
12 0.752 0.048 0.704
16 0.8 0.048 0.752
17 0.555918 0.048 0.507918
23 0.8 0.048 0.752
27 0.727501 0.048 0.679501
55 0.764682 0.048 0.716682
33 0.536495 0.048 0.488495
43 0.734505 0.048 0.686505
54 0.779061 0.048 0.731061
59 0.8 0.048 0.752
49 0.8 0.048 0.752
57 0.8 0.048 0.752
63 0.8 0.048 0.752
70 0.8 0.048 0.752
22 0.8 0.048 0.752
8 0.756989 0.048 0.708989
9 0.8 0.048 0.752
12 0.779555 0.048 0.731555
17 0.507918 0.048 0.459918
27 0.755656 0.048 0.707656
8 0.708989 0.048 0.660989
8 0.660989 0.16 0.500989
8 0.500989 0.016 0.484989
14 0.8 0.048 0.752
10 0.8 0.048 0.752
29 0.8 0.048 0.752
5 0.8 0.048 0.752
8 0.484989 0.048 0.436989
12 0.731555 0.048 0.683555
13 0.8 0.048 0.752
16 0.8 0.048 0.752
17 0.539504 0.048 0.491504
23 0.8 0.048 0.752
27 0.707656 0.048 0.659656
30 0.8 0.048 0.752
23 0.752 0.048 0.704
5 0.752 0.048 0.704
12 0.683555 0.048 0.635555
13 0.752 0.048 0.704
16 0.752 0.048 0.704
27 0.659656 0.048 0.611656
30 0.752 0.048 0.704
23 0.704 0.048 0.656
23 0.656 0.16 0.496
23 0.496 0.016 0.48
46 0.8 0.048 0.752
37 0.8 0.048 0.752
70 0.8 0.048 0.752
36 0.8 0.048 0.752
57 0.8 0.048 0.752
63 0.8 0.048 0.752
25 0.8 0.048 0.752
11 0.8 0.048 0.752
38 0.708639 0.048 0.660639
31 0.8 0.048 0.752
42 0.8 0.048 0.752
50 0.8 0.048 0.752
52 0.8 0.048 0.752
53 0.8 0.048 0.752
4 0.8 0.048 0.752
26 0.8 0.048 0.752
50 0.752 0.048 0.704
19 0.756301 0.048 0.708301
19 0.708301 0.048 0.660301
31 0.752 0.048 0.704
52 0.752 0.048 0.704
50 0.704 0.048 0.656
50 0.656 0.16 0.496
19 0.660301 0.16 0.500301
19 0.500301 0.016 0.484301
50 0.496 0.016 0.48
19 0.484301 0.048 0.436301
50 0.48 0.048 0.432
52 0.704 0.048 0.656
56 0.8 0.048 0.752
31 0.704 0.16 0.544
52 0.656 0.16 0.496
18 0.8 0.048 0.752
15 0.8 0.048 0.752
35 0.8 0.048 0.752
48 0.8 0.048 0.752
10 0.8 0.048 0.752
14 0.752 0.048 0.704
20 0.8 0.048 0.752
29 0.8 0.048 0.752
62 0.8 0.048 0.752
51 0.8 0.048 0.752
3 0.8 0.048 0.752
61 0.8 0.048 0.752
52 0.573677 0.048 0.525677
19 0.514953 0.048 0.466953
31 0.615647 0.048 0.567647
50 0.432 0.048 0.384
56 0.752 0.048 0.704
56 0.704 0.048 0.656
52 0.525677 0.048 0.477677
52 0.477677 0.16 0.317677
19 0.466953 0.16 0.306953
31 0.567647 0.16 0.407647
50 0.384 0.16 0.224
56 0.656 0.16 0.496
58 0.8 0.048 0.752
7 0.8 0.048 0.752
40 0.8 0.048 0.752
15 0.8 0.048 0.752
18 0.8 0.048 0.752
35 0.752 0.048 0.704
48 0.8 0.048 0.752
5 0.783944 0.048 0.735944
12 0.711655 0.048 0.663655
13 0.779717 0.048 0.731717
16 0.781312 0.048 0.733312
23 0.550596 0.048 0.502596
30 0.781432 0.048 0.733432
69 0.8 0.048 0.752
63 0.8 0.048 0.752
36 0.8 0.048 0.752
45 0.8 0.048 0.752
57 0.8 0.048 0.752
70 0.8 0.048 0.752
39 0.8 0.048 0.752
35 0.704 0.048 0.656
15 0.752 0.048 0.704
18 0.752 0.048 0.704
48 0.752 0.048 0.704
26 0.8 0.048 0.752
32 0.8 0.048 0.752
53 0.8 0.048 0.752
6 0.8 0.048 0.752
41 0.8 0.048 0.752
3 0.8 0.048 0.752
51 0.8 0.048 0.752
61 0.8 0.048 0.752
13 0.8 0.048 0.752
30 0.8 0.048 0.752
46 0.8 0.048 0.752
69 0.8 0.048 0.752
38 0.8 0.048 0.752
11 0.8 0.048 0.752
25 0.8 0.048 0.752
67 0.8 0.048 0.752
44 0.8 0.048 0.752
9 0.8 0.048 0.752
8 0.660457 0.048 0.612457
12 0.8 0.048 0.752
17 0.642165 0.048 0.594165
27 0.8 0.048 0.752
37 0.8 0.048 0.752
4 0.8 0.048 0.752
46 0.752 0.048 0.704
21 0.8 0.048 0.752
43 0.8 0.048 0.752
33 0.793536 0.048 0.745536
54 0.8 0.048 0.752
55 0.8 0.048 0.752
60 0.8 0.048 0.752
32 0.8 0.048 0.752
26 0.8 0.048 0.752
68 0.8 0.048 0.752
28 0.8 0.048 0.752
41 0.8 0.048 0.752
1 0.8 0.048 0.752
6 0.8 0.048 0.752
34 0.8 0.048 0.752
66 0.8 0.048 0.752
37 0.8 0.048 0.752
46 0.780088 0.048 0.732088
7 0.8 0.048 0.752
28 0.752 0.048 0.704
40 0.8 0.048 0.752
58 0.8 0.048 0.752
60 0.8 0.048 0.752
42 0.8 0.048 0.752
43 0.8 0.048 0.752
54 0.752 0.048 0.704
45 0.8 0.048 0.752
36 0.8 0.048 0.752
47 0.8 0.048 0.752
63 0.8 0.048 0.752
4 0.8 0.048 0.752
37 0.8 0.048 0.752
46 0.8 0.048 0.752
55 0.8 0.048 0.752
33 0.8 0.048 0.752
43 0.752 0.048 0.704
54 0.776809 0.048 0.728809
59 0.8 0.048 0.752
49 0.8 0.048 0.752
57 0.8 0.048 0.752
22 0.8 0.048 0.752
63 0.752 0.048 0.704
70 0.8 0.048 0.752
22 0.752 0.048 0.704
57 0.752 0.048 0.704
11 0.8 0.048 0.752
25 0.8 0.048 0.752
38 0.8 0.048 0.752
64 0.8 0.048 0.752
67 0.8 0.048 0.752
61 0.8 0.048 0.752
3 0.8 0.048 0.752
51 0.8 0.048 0.752
14 0.8 0.048 0.752
10 0.8 0.048 0.752
29 0.8 0.048 0.752
4 0.8 0.048 0.752
37 0.8 0.048 0.752
53 0.8 0.048 0.752
46 0.8 0.048 0.752
37 0.752 0.048 0.704
70 0.8 0.048 0.752
36 0.8 0.048 0.752
57 0.775983 0.048 0.727983
63 0.783387 0.048 0.735387
25 0.8 0.048 0.752
11 0.752 0.048 0.704
38 0.8 0.048 0.752
31 0.716141 0.048 0.668141
42 0.8 0.048 0.752
50 0.599787 0.048 0.551787
52 0.621252 0.048 0.573252
53 0.8 0.048 0.752
4 0.752 0.048 0.704
53 0.752 0.048 0.704
53 0.704 0.16 0.544
53 0.544 0.016 0.528
19 0.610065 0.048 0.562065
50 0.551787 0.048 0.503787
52 0.573252 0.048 0.525252
56 0.8 0.048 0.752
18 0.8 0.048 0.752
15 0.8 0.048 0.752
35 0.8 0.048 0.752
48 0.8 0.048 0.752
10 0.8 0.048 0.752
14 0.752 0.048 0.704
20 0.8 0.048 0.752
29 0.8 0.048 0.752
62 0.8 0.048 0.752
51 0.8 0.048 0.752
3 0.8 0.048 0.752
61 0.752 0.048 0.704
58 0.8 0.048 0.752
7 0.8 0.048 0.752
40 0.8 0.048 0.752
15 0.8 0.048 0.752
18 0.8 0.048 0.752
35 0.752 0.048 0.704
48 0.8 0.048 0.752
4 0.775675 0.048 0.727675
26 0.8 0.048 0.752
32 0.8 0.048 0.752
53 0.528 0.048 0.48
63 0.8 0.048 0.752
36 0.8 0.048 0.752
45 0.8 0.048 0.752
57 0.7991 0.048 0.7511
70 0.8 0.048 0.752
39 0.8 0.048 0.752
35 0.704 0.048 0.656
15 0.752 0.048 0.704
18 0.752 0.048 0.704
48 0.752 0.048 0.704
26 0.8 0.048 0.752
32 0.752 0.048 0.704
26 0.752 0.048 0.704
26 0.704 0.16 0.544
26 0.544 0.016 0.528
6 0.8 0.048 0.752
1 0.8 0.048 0.752
41 0.8 0.048 0.752
66 0.8 0.048 0.752
1 0.752 0.048 0.704
6 0.8 0.048 0.752
34 0.8 0.048 0.752
41 0.752 0.048 0.704
66 0.752 0.048 0.704
3 0.8 0.048 0.752
51 0.8 0.048 0.752
61 0.8 0.048 0.752
26 0.528 0.048 0.48
32 0.777869 0.048 0.729869
51 0.752 0.048 0.704
53 0.555265 0.048 0.507265
38 0.8 0.048 0.752
11 0.8 0.048 0.752
25 0.8 0.048 0.752
67 0.8 0.048 0.752
44 0.8 0.048 0.752
9 0.8 0.048 0.752
8 0.8 0.048 0.752
12 0.8 0.048 0.752
17 0.8 0.048 0.752
27 0.8 0.048 0.752
37 0.8 0.048 0.752
4 0.799982 0.048 0.751982
46 0.8 0.048 0.752
21 0.8 0.048 0.752
49 0.8 0.048 0.752
43 0.8 0.048 0.752
33 0.8 0.048 0.752
54 0.8 0.048 0.752
55 0.8 0.048 0.752
32 0.729869 0.048 0.681869
26 0.552287 0.048 0.504287
32 0.681869 0.048 0.633869
32 0.633869 0.16 0.473869
32 0.473869 0.016 0.457869
68 0.8 0.048 0.752
7 0.8 0.048 0.752
28 0.8 0.048 0.752
41 0.782327 0.048 0.734327
1 0.774572 0.048 0.726572
6 0.8 0.048 0.752
34 0.8 0.048 0.752
66 0.781197 0.048 0.733197
3 0.8 0.048 0.752
26 0.504287 0.048 0.456287
32 0.535819 0.048 0.487819
51 0.77955 0.048 0.73155
61 0.8 0.048 0.752
7 0.752 0.048 0.704
28 0.752 0.048 0.704
40 0.8 0.048 0.752
58 0.8 0.048 0.752
68 0.752 0.048 0.704
60 0.8 0.048 0.752
42 0.8 0.048 0.752
54 0.752 0.048 0.704
45 0.8 0.048 0.752
36 0.8 0.048 0.752
47 0.8 0.048 0.752
63 0.8 0.048 0.752
3 0.8 0.048 0.752
51 0.8 0.048 0.752
61 0.8 0.048 0.752
55 0.8 0.048 0.752
33 0.8 0.048 0.752
43 0.8 0.048 0.752
54 0.779165 0.048 0.731165
59 0.8 0.048 0.752
49 0.8 0.048 0.752
57 0.8 0.048 0.752
22 0.8 0.048 0.752
63 0.752 0.048 0.704
70 0.8 0.048 0.752
22 0.752 0.048 0.704
57 0.752 0.048 0.704
11 0.8 0.048 0.752
25 0.8 0.048 0.752
38 0.8 0.048 0.752
64 0.8 0.048 0.752
67 0.8 0.048 0.752
61 0.8 0.048 0.752
3 0.8 0.048 0.752
51 0.8 0.048 0.752
14 0.8 0.048 0.752
10 0.8 0.048 0.752
29 0.8 0.048 0.752
3 0.752 0.048 0.704
18 0.8 0.048 0.752
61 0.752 0.048 0.704
36 0.8 0.048 0.752
45 0.8 0.048 0.752
47 0.8 0.048 0.752
63 0.777348 0.048 0.729348
70 0.8 0.048 0.752
46 0.8 0.048 0.752
70 0.752 0.048 0.704
36 0.752 0.048 0.704
57 0.780629 0.048 0.732629
63 0.729348 0.048 0.681348
25 0.8 0.048 0.752
11 0.752 0.048 0.704
38 0.8 0.048 0.752
48 0.8 0.048 0.752
15 0.8 0.048 0.752
18 0.752 0.048 0.704
35 0.8 0.048 0.752
31 0.8 0.048 0.752
19 0.8 0.048 0.752
42 0.8 0.048 0.752
50 0.8 0.048 0.752
52 0.8 0.048 0.752
19 0.752 0.048 0.704
31 0.752 0.048 0.704
50 0.752 0.048 0.704
52 0.752 0.048 0.704
56 0.8 0.048 0.752
18 0.704 0.048 0.656
15 0.752 0.048 0.704
35 0.752 0.048 0.704
48 0.752 0.048 0.704
18 0.656 0.048 0.608
18 0.608 0.16 0.448
18 0.448 0.016 0.432
10 0.8 0.048 0.752
14 0.752 0.048 0.704
20 0.8 0.048 0.752
29 0.8 0.048 0.752
62 0.8 0.048 0.752
51 0.8 0.048 0.752
3 0.781447 0.048 0.733447
61 0.704 0.048 0.656
69 0.8 0.048 0.752
5 0.8 0.048 0.752
13 0.8 0.048 0.752
16 0.8 0.048 0.752
30 0.8 0.048 0.752
58 0.8 0.048 0.752
40 0.8 0.048 0.752
15 0.775231 0.048 0.727231
18 0.5041 0.048 0.4561
35 0.704 0.048 0.656
48 0.779849 0.048 0.731849
15 0.727231 0.048 0.679231
15 0.679231 0.16 0.519231
15 0.519231 0.016 0.503231
15 0.503231 0.048 0.455231
18 0.4561 0.048 0.4081
35 0.656 0.048 0.608
48 0.731849 0.048 0.683849
63 0.752771 0.048 0.704771
36 0.774317 0.048 0.726317
45 0.8 0.048 0.752
57 0.8 0.048 0.752
70 0.77749 0.048 0.72949
39 0.8 0.048 0.752
35 0.608 0.048 0.56
15 0.455231 0.048 0.407231
18 0.4081 0.048 0.3601
48 0.683849 0.048 0.635849
35 0.56 0.048 0.512
35 0.512 0.16 0.352
35 0.352 0.016 0.336
40 0.8 0.048 0.752
7 0.8 0.048 0.752
58 0.8 0.048 0.752
6 0.8 0.048 0.752
1 0.8 0.048 0.752
41 0.8 0.048 0.752
1 0.752 0.048 0.704
6 0.8 0.048 0.752
34 0.8 0.048 0.752
41 0.752 0.048 0.704
66 0.8 0.048 0.752
3 0.8 0.048 0.752
51 0.8 0.048 0.752
61 0.799302 0.048 0.751302
15 0.479885 0.048 0.431885
18 0.431327 0.048 0.383327
35 0.408415 0.048 0.360415
48 0.714016 0.048 0.666016
38 0.8 0.048 0.752
11 0.8 0.048 0.752
25 0.8 0.048 0.752
67 0.8 0.048 0.752
44 0.8 0.048 0.752
9 0.8 0.048 0.752
8 0.8 0.048 0.752
12 0.8 0.048 0.752
17 0.8 0.048 0.752
27 0.8 0.048 0.752
2 0.8 0.048 0.752
56 0.8 0.048 0.752
65 0.8 0.048 0.752
49 0.8 0.048 0.752
21 0.8 0.048 0.752
59 0.8 0.048 0.752
37 0.8 0.048 0.752
4 0.8 0.048 0.752
46 0.8 0.048 0.752
21 0.8 0.048 0.752
49 0.8 0.048 0.752
43 0.8 0.048 0.752
33 0.8 0.048 0.752
54 0.8 0.048 0.752
55 0.8 0.048 0.752
68 0.8 0.048 0.752
28 0.8 0.048 0.752
41 0.779168 0.048 0.731168
1 0.777291 0.048 0.729291
6 0.8 0.048 0.752
34 0.8 0.048 0.752
66 0.8 0.048 0.752
6 0.752 0.048 0.704
15 0.504016 0.048 0.456016
35 0.430595 0.048 0.382595
48 0.739507 0.048 0.691507
7 0.8 0.048 0.752
28 0.752 0.048 0.704
40 0.8 0.048 0.752
60 0.8 0.048 0.752
42 0.8 0.048 0.752
54 0.752 0.048 0.704
45 0.8 0.048 0.752
36 0.8 0.048 0.752
47 0.8 0.048 0.752
63 0.8 0.048 0.752
1 0.8 0.048 0.752
6 0.777842 0.048 0.729842
41 0.8 0.048 0.752
66 0.8 0.048 0.752
55 0.8 0.048 0.752
33 0.8 0.048 0.752
43 0.8 0.048 0.752
54 0.783253 0.048 0.735253
59 0.8 0.048 0.752
21 0.8 0.048 0.752
49 0.8 0.048 0.752
57 0.8 0.048 0.752
22 0.8 0.048 0.752
63 0.752 0.048 0.704
70 0.8 0.048 0.752
22 0.752 0.048 0.704
57 0.752 0.048 0.704
11 0.8 0.048 0.752
25 0.8 0.048 0.752
38 0.8 0.048 0.752
29 0.8 0.048 0.752
10 0.8 0.048 0.752
14 0.8 0.048 0.752
20 0.8 0.048 0.752
62 0.8 0.048 0.752
64 0.8 0.048 0.752
67 0.8 0.048 0.752
61 0.8 0.048 0.752
3 0.8 0.048 0.752
51 0.8 0.048 0.752
14 0.752 0.048 0.704
10 0.752 0.048 0.704
29 0.752 0.048 0.704
1 0.8 0.048 0.752
6 0.8 0.048 0.752
34 0.8 0.048 0.752
41 0.8 0.048 0.752
66 0.8 0.048 0.752
36 0.8 0.048 0.752
45 0.8 0.048 0.752
47 0.8 0.048 0.752
63 0.774725 0.048 0.726725
70 0.8 0.048 0.752
46 0.8 0.048 0.752
37 0.8 0.048 0.752
70 0.752 0.048 0.704
36 0.752 0.048 0.704
57 0.77645 0.048 0.72845
63 0.726725 0.048 0.678725
25 0.8 0.048 0.752
11 0.752 0.048 0.704
38 0.8 0.048 0.752
48 0.8 0.048 0.752
15 0.611985 0.048 0.563985
35 0.604323 0.048 0.556323
31 0.8 0.048 0.752
19 0.8 0.048 0.752
42 0.8 0.048 0.752
50 0.8 0.048 0.752
52 0.8 0.048 0.752
19 0.752 0.048 0.704
50 0.752 0.048 0.704
52 0.752 0.048 0.704
56 0.8 0.048 0.752
10 0.781808 0.048 0.733808
14 0.704 0.048 0.656
20 0.8 0.048 0.752
29 0.779401 0.048 0.731401
62 0.8 0.048 0.752
51 0.8 0.048 0.752
3 0.8 0.048 0.752
61 0.752 0.048 0.704
28 0.8 0.048 0.752
7 0.8 0.048 0.752
68 0.8 0.048 0.752
69 0.8 0.048 0.752
5 0.8 0.048 0.752
13 0.8 0.048 0.752
16 0.8 0.048 0.752
30 0.8 0.048 0.752
58 0.8 0.048 0.752
7 0.752 0.048 0.704
40 0.8 0.048 0.752
1 0.8 0.048 0.752
24 0.8 0.048 0.752
34 0.8 0.048 0.752
41 0.8 0.048 0.752
66 0.8 0.048 0.752
63 0.751136 0.048 0.703136
36 0.776621 0.048 0.728621
45 0.8 0.048 0.752
57 0.799811 0.048 0.751811
70 0.780158 0.048 0.732158
39 0.8 0.048 0.752
40 0.8 0.048 0.752
7 0.774844 0.048 0.726844
58 0.8 0.048 0.752
6 0.8 0.048 0.752
1 0.8 0.048 0.752
41 0.8 0.048 0.752
1 0.752 0.048 0.704
6 0.8 0.048 0.752
34 0.8 0.048 0.752
41 0.752 0.048 0.704
66 0.8 0.048 0.752
3 0.8 0.048 0.752
51 0.8 0.048 0.752
61 0.8 0.048 0.752
22 0.8 0.048 0.752
24 0.8 0.048 0.752
34 0.752 0.048 0.704
38 0.8 0.048 0.752
11 0.8 0.048 0.752
25 0.8 0.048 0.752
67 0.8 0.048 0.752
44 0.8 0.048 0.752
9 0.8 0.048 0.752
8 0.8 0.048 0.752
17 0.8 0.048 0.752
27 0.8 0.048 0.752
2 0.8 0.048 0.752
56 0.8 0.048 0.752
65 0.8 0.048 0.752
49 0.8 0.048 0.752
21 0.8 0.048 0.752
59 0.8 0.048 0.752
37 0.8 0.048 0.752
4 0.8 0.048 0.752
21 0.8 0.048 0.752
49 0.8 0.048 0.752
59 0.752 0.048 0.704
43 0.8 0.048 0.752
33 0.8 0.048 0.752
54 0.8 0.048 0.752
55 0.8 0.048 0.752
68 0.8 0.048 0.752
28 0.8 0.048 0.752
41 0.778792 0.048 0.730792
1 0.78043 0.048 0.73243
6 0.8 0.048 0.752
34 0.781435 0.048 0.733435
66 0.8 0.048 0.752
22 0.8 0.048 0.752
24 0.8 0.048 0.752
57 0.8 0.048 0.752
7 0.797376 0.048 0.749376
28 0.752 0.048 0.704
40 0.8 0.048 0.752
58 0.8 0.048 0.752
60 0.8 0.048 0.752
42 0.8 0.048 0.752
43 0.8 0.048 0.752
54 0.752 0.048 0.704
45 0.8 0.048 0.752
36 0.8 0.048 0.752
47 0.8 0.048 0.752
63 0.8 0.048 0.752
22 0.8 0.048 0.752
57 0.8 0.048 0.752
63 0.752 0.048 0.704
70 0.8 0.048 0.752
56 0.8 0.048 0.752
2 0.8 0.048 0.752
19 0.8 0.048 0.752
50 0.8 0.048 0.752
52 0.8 0.048 0.752
65 0.8 0.048 0.752
65 0.752 0.048 0.704
56 0.752 0.048 0.704
56 0.704 0.16 0.544
2 0.752 0.16 0.592
19 0.752 0.16 0.592
50 0.752 0.16 0.592
52 0.752 0.16 0.592
65 0.704 0.16 0.544
65 0.544 0.016 0.528
56 0.544 0.016 0.528
65 0.528 0.048 0.48
2 0.592 0.048 0.544
56 0.528 0.048 0.48
55 0.8 0.048 0.752
33 0.8 0.048 0.752
43 0.752 0.048 0.704
54 0.777013 0.048 0.729013
59 0.8 0.048 0.752
21 0.8 0.048 0.752
49 0.8 0.048 0.752
57 0.752 0.048 0.704
22 0.752 0.048 0.704
36 0.752 0.048 0.704
63 0.704 0.048 0.656
70 0.752 0.048 0.704
57 0.704 0.048 0.656
57 0.656 0.16 0.496
57 0.496 0.016 0.48
22 0.704 0.048 0.656
57 0.48 0.048 0.432
22 0.656 0.048 0.608
22 0.608 0.16 0.448
22 0.448 0.016 0.432
11 0.8 0.048 0.752
25 0.8 0.048 0.752
38 0.8 0.048 0.752
29 0.8 0.048 0.752
10 0.8 0.048 0.752
14 0.8 0.048 0.752
20 0.8 0.048 0.752
62 0.8 0.048 0.752
64 0.8 0.048 0.752
38 0.752 0.048 0.704
67 0.8 0.048 0.752
61 0.8 0.048 0.752
3 0.8 0.048 0.752
51 0.8 0.048 0.752
14 0.752 0.048 0.704
10 0.752 0.048 0.704
20 0.752 0.048 0.704
29 0.752 0.048 0.704
36 0.781062 0.048 0.733062
45 0.8 0.048 0.752
47 0.8 0.048 0.752
57 0.510065 0.048 0.462065
63 0.731105 0.048 0.683105
70 0.780399 0.048 0.732399
36 0.733062 0.048 0.685062
45 0.752 0.048 0.704
47 0.752 0.048 0.704
63 0.683105 0.048 0.635105
70 0.732399 0.048 0.684399
36 0.685062 0.048 0.637062
36 0.637062 0.16 0.477062
36 0.477062 0.016 0.461062
46 0.8 0.048 0.752
37 0.8 0.048 0.752
70 0.684399 0.048 0.636399
36 0.461062 0.048 0.413062
57 0.462065 0.048 0.414065
63 0.635105 0.048 0.587105
70 0.636399 0.048 0.588399
70 0.588399 0.16 0.428399
70 0.428399 0.016 0.412399
25 0.8 0.048 0.752
11 0.752 0.048 0.704
38 0.782148 0.048 0.734148
48 0.8 0.048 0.752
15 0.8 0.048 0.752
18 0.8 0.048 0.752
18 0.752 0.048 0.704
35 0.8 0.048 0.752
48 0.752 0.048 0.704
48 0.704 0.16 0.544
15 0.752 0.16 0.592
18 0.704 0.16 0.544
18 0.544 0.016 0.528
48 0.544 0.016 0.528
18 0.528 0.048 0.48
15 0.592 0.048 0.544
35 0.752 0.048 0.704
48 0.528 0.048 0.48
35 0.704 0.16 0.544
31 0.8 0.048 0.752
42 0.8 0.048 0.752
50 0.67051 0.048 0.62251
52 0.664999 0.048 0.616999
60 0.8 0.048 0.752
19 0.667984 0.048 0.619984
50 0.62251 0.048 0.57451
52 0.616999 0.048 0.568999
56 0.637639 0.048 0.589639
65 0.632989 0.048 0.584989
10 0.778495 0.048 0.730495
14 0.704 0.048 0.656
20 0.781263 0.048 0.733263
29 0.777302 0.048 0.729302
62 0.8 0.048 0.752
51 0.8 0.048 0.752
3 0.8 0.048 0.752
61 0.752 0.048 0.704
28 0.8 0.048 0.752
7 0.8 0.048 0.752
68 0.8 0.048 0.752
69 0.8 0.048 0.752
5 0.8 0.048 0.752
13 0.8 0.048 0.752
16 0.8 0.048 0.752
30 0.8 0.048 0.752
58 0.8 0.048 0.752
7 0.752 0.048 0.704
40 0.8 0.048 0.752
36 0.490822 0.048 0.442822
45 0.780087 0.048 0.732087
47 0.778038 0.048 0.730038
63 0.657541 0.048 0.609541
70 0.491462 0.048 0.443462
63 0.609541 0.048 0.561541
36 0.442822 0.048 0.394822
57 0.486502 0.048 0.438502
70 0.443462 0.048 0.395462
63 0.561541 0.048 0.513541
63 0.513541 0.16 0.353541
63 0.353541 0.016 0.337541
39 0.8 0.048 0.752
40 0.8 0.048 0.752
7 0.775345 0.048 0.727345
58 0.8 0.048 0.752
6 0.8 0.048 0.752
1 0.8 0.048 0.752
41 0.8 0.048 0.752
66 0.8 0.048 0.752
1 0.752 0.048 0.704
6 0.8 0.048 0.752
34 0.8 0.048 0.752
41 0.752 0.048 0.704
66 0.752 0.048 0.704
3 0.8 0.048 0.752
51 0.8 0.048 0.752
61 0.8 0.048 0.752
36 0.465196 0.048 0.417196
45 0.8 0.048 0.752
47 0.8 0.048 0.752
68 0.8 0.048 0.752
38 0.8 0.048 0.752
11 0.8 0.048 0.752
25 0.8 0.048 0.752
64 0.8 0.048 0.752
67 0.8 0.048 0.752
44 0.8 0.048 0.752
9 0.8 0.048 0.752
8 0.8 0.048 0.752
17 0.8 0.048 0.752
27 0.8 0.048 0.752
2 0.770344 0.048 0.722344
65 0.730371 0.048 0.682371
49 0.8 0.048 0.752
21 0.8 0.048 0.752
59 0.8 0.048 0.752
37 0.8 0.048 0.752
4 0.8 0.048 0.752
46 0.8 0.048 0.752
23 0.8 0.048 0.752
5 0.8 0.048 0.752
12 0.8 0.048 0.752
13 0.8 0.048 0.752
16 0.8 0.048 0.752
27 0.752 0.048 0.704
21 0.8 0.048 0.752
49 0.8 0.048 0.752
59 0.752 0.048 0.704
43 0.8 0.048 0.752
33 0.8 0.048 0.752
54 0.8 0.048 0.752
55 0.8 0.048 0.752
60 0.8 0.048 0.752
68 0.8 0.048 0.752
28 0.8 0.048 0.752
68 0.752 0.048 0.704
68 0.704 0.16 0.544
68 0.544 0.016 0.528
17 0.8 0.048 0.752
8 0.752 0.048 0.704
9 0.8 0.048 0.752
27 0.704 0.048 0.656
41 0.780961 0.048 0.732961
1 0.781254 0.048 0.733254
6 0.8 0.048 0.752
34 0.8 0.048 0.752
66 0.774739 0.048 0.726739
7 0.8 0.048 0.752
28 0.752 0.048 0.704
68 0.528 0.048 0.48
7 0.752 0.048 0.704
28 0.704 0.048 0.656
40 0.8 0.048 0.752
58 0.8 0.048 0.752
7 0.704 0.048 0.656
7 0.656 0.16 0.496
7 0.496 0.016 0.48
60 0.8 0.048 0.752
31 0.8 0.048 0.752
42 0.8 0.048 0.752
43 0.8 0.048 0.752
54 0.752 0.048 0.704
45 0.8 0.048 0.752
36 0.56265 0.048 0.51465
47 0.8 0.048 0.752
7 0.555832 0.048 0.507832
28 0.726635 0.048 0.678635
40 0.8 0.048 0.752
58 0.8 0.048 0.752
68 0.552408 0.048 0.504408
65 0.756814 0.048 0.708814
2 0.8 0.048 0.752
19 0.8 0.048 0.752
56 0.8 0.048 0.752
55 0.8 0.048 0.752
33 0.8 0.048 0.752
43 0.752 0.048 0.704
54 0.781654 0.048 0.733654
59 0.8 0.048 0.752
21 0.8 0.048 0.752
49 0.8 0.048 0.752
11 0.8 0.048 0.752
25 0.8 0.048 0.752
38 0.8 0.048 0.752
67 0.8 0.048 0.752
29 0.8 0.048 0.752
10 0.8 0.048 0.752
14 0.8 0.048 0.752
20 0.8 0.048 0.752
62 0.8 0.048 0.752
64 0.8 0.048 0.752
38 0.752 0.048 0.704
67 0.752 0.048 0.704
61 0.8 0.048 0.752
3 0.8 0.048 0.752
51 0.8 0.048 0.752
14 0.752 0.048 0.704
10 0.752 0.048 0.704
29 0.752 0.048 0.704
7 0.586783 0.048 0.538783
40 0.8 0.048 0.752
58 0.8 0.048 0.752
46 0.8 0.048 0.752
37 0.8 0.048 0.752
25 0.8 0.048 0.752
11 0.752 0.048 0.704
38 0.777926 0.048 0.729926
18 0.8 0.048 0.752
15 0.8 0.048 0.752
35 0.8 0.048 0.752
48 0.8 0.048 0.752
31 0.8 0.048 0.752
19 0.8 0.048 0.752
42 0.8 0.048 0.752
50 0.8 0.048 0.752
52 0.8 0.048 0.752
19 0.752 0.048 0.704
31 0.752 0.048 0.704
50 0.752 0.048 0.704
52 0.752 0.048 0.704
56 0.8 0.048 0.752
10 0.777193 0.048 0.729193
14 0.704 0.048 0.656
20 0.8 0.048 0.752
29 0.78389 0.048 0.73589
62 0.8 0.048 0.752
51 0.8 0.048 0.752
3 0.8 0.048 0.752
32 0.8 0.048 0.752
32 0.752 0.048 0.704
61 0.752 0.048 0.704
51 0.752 0.048 0.704
51 0.704 0.16 0.544
3 0.752 0.16 0.592
32 0.704 0.16 0.544
32 0.544 0.016 0.528
51 0.544 0.016 0.528
32 0.528 0.048 0.48
26 0.8 0.048 0.752
51 0.528 0.048 0.48
61 0.704 0.16 0.544
28 0.8 0.048 0.752
7 0.614489 0.048 0.566489
68 0.655468 0.048 0.607468
69 0.8 0.048 0.752
5 0.8 0.048 0.752
13 0.8 0.048 0.752
30 0.8 0.048 0.752
58 0.752 0.048 0.704
7 0.566489 0.048 0.518489
40 0.8 0.048 0.752
58 0.704 0.048 0.656
58 0.656 0.16 0.496
58 0.496 0.016 0.48
40 0.752 0.048 0.704
58 0.559235 0.048 0.511235
39 0.8 0.048 0.752
8 0.8 0.048 0.752
9 0.8 0.048 0.752
17 0.8 0.048 0.752
27 0.8 0.048 0.752
40 0.783352 0.048 0.735352
7 0.595609 0.048 0.547609
7 0.547609 0.048 0.499609
58 0.511235 0.048 0.463235
40 0.735352 0.048 0.687352
40 0.687352 0.16 0.527352
7 0.499609 0.16 0.339609
58 0.463235 0.16 0.303235
6 0.8 0.048 0.752
1 0.8 0.048 0.752
41 0.8 0.048 0.752
66 0.8 0.048 0.752
1 0.752 0.048 0.704
6 0.8 0.048 0.752
34 0.8 0.048 0.752
41 0.752 0.048 0.704
66 0.752 0.048 0.704
3 0.665524 0.048 0.617524
51 0.552908 0.048 0.504908
51 0.504908 0.048 0.456908
61 0.696259 0.048 0.648259
3 0.617524 0.048 0.569524
3 0.569524 0.16 0.409524
51 0.456908 0.16 0.296908
61 0.648259 0.16 0.488259
44 0.8 0.048 0.752
38 0.8 0.048 0.752
11 0.8 0.048 0.752
25 0.8 0.048 0.752
64 0.8 0.048 0.752
67 0.8 0.048 0.752
44 0.752 0.048 0.704
44 0.704 0.048 0.656
44 0.656 0.16 0.496
44 0.496 0.016 0.48
9 0.8 0.048 0.752
8 0.8 0.048 0.752
17 0.8 0.048 0.752
27 0.8 0.048 0.752
2 0.8 0.048 0.752
65 0.8 0.048 0.752
49 0.8 0.048 0.752
21 0.8 0.048 0.752
59 0.8 0.048 0.752
37 0.8 0.048 0.752
4 0.8 0.048 0.752
23 0.8 0.048 0.752
5 0.8 0.048 0.752
12 0.8 0.048 0.752
13 0.8 0.048 0.752
16 0.8 0.048 0.752
27 0.752 0.048 0.704
21 0.8 0.048 0.752
49 0.8 0.048 0.752
59 0.752 0.048 0.704
43 0.8 0.048 0.752
33 0.8 0.048 0.752
54 0.8 0.048 0.752
55 0.8 0.048 0.752
17 0.8 0.048 0.752
8 0.752 0.048 0.704
9 0.8 0.048 0.752
27 0.704 0.048 0.656
41 0.77809 0.048 0.73009
1 0.775497 0.048 0.727497
6 0.8 0.048 0.752
34 0.8 0.048 0.752
66 0.780101 0.048 0.732101
11 0.8 0.048 0.752
25 0.8 0.048 0.752
44 0.558818 0.048 0.510818
26 0.8 0.048 0.752
32 0.708058 0.048 0.660058
60 0.8 0.048 0.752
31 0.8 0.048 0.752
42 0.8 0.048 0.752
54 0.752 0.048 0.704
50 0.8 0.048 0.752
19 0.8 0.048 0.752
31 0.752 0.048 0.704
52 0.8 0.048 0.752
56 0.8 0.048 0.752
56 0.752 0.048 0.704
50 0.752 0.048 0.704
50 0.704 0.16 0.544
19 0.752 0.16 0.592
31 0.704 0.16 0.544
52 0.752 0.16 0.592
56 0.704 0.16 0.544
56 0.544 0.016 0.528
50 0.544 0.016 0.528
56 0.528 0.048 0.48
19 0.592 0.048 0.544
50 0.528 0.048 0.48
52 0.592 0.048 0.544
45 0.8 0.048 0.752
36 0.8 0.048 0.752
47 0.8 0.048 0.752
63 0.8 0.048 0.752
63 0.752 0.048 0.704
45 0.752 0.048 0.704
45 0.704 0.16 0.544
36 0.752 0.16 0.592
47 0.752 0.16 0.592
63 0.704 0.16 0.544
63 0.544 0.016 0.528
45 0.544 0.016 0.528
63 0.528 0.048 0.48
36 0.592 0.048 0.544
45 0.528 0.048 0.48
57 0.8 0.048 0.752
57 0.752 0.048 0.704
70 0.8 0.048 0.752
63 0.48 0.048 0.432
63 0.432 0.16 0.272
36 0.544 0.16 0.384
57 0.704 0.16 0.544
57 0.544 0.016 0.528
63 0.272 0.016 0.256
57 0.528 0.048 0.48
22 0.8 0.048 0.752
22 0.752 0.048 0.704
63 0.256 0.048 0.208
70 0.752 0.048 0.704
57 0.48 0.048 0.432
57 0.432 0.16 0.272
70 0.704 0.16 0.544
22 0.704 0.16 0.544
22 0.544 0.016 0.528
57 0.272 0.016 0.256
22 0.528 0.048 0.48
57 0.256 0.048 0.208
70 0.544 0.16 0.384
11 0.8 0.048 0.752
25 0.8 0.048 0.752
38 0.8 0.048 0.752
67 0.8 0.048 0.752
65 0.8 0.048 0.752
2 0.8 0.048 0.752
55 0.8 0.048 0.752
33 0.8 0.048 0.752
43 0.8 0.048 0.752
54 0.779413 0.048 0.731413
59 0.8 0.048 0.752
21 0.8 0.048 0.752
49 0.8 0.048 0.752
11 0.8 0.048 0.752
25 0.8 0.048 0.752
38 0.752 0.048 0.704
11 0.752 0.048 0.704
11 0.704 0.16 0.544
11 0.544 0.016 0.528
29 0.8 0.048 0.752
10 0.8 0.048 0.752
14 0.8 0.048 0.752
20 0.8 0.048 0.752
62 0.8 0.048 0.752
64 0.8 0.048 0.752
38 0.704 0.048 0.656
67 0.752 0.048 0.704
33 0.8 0.048 0.752
9 0.8 0.048 0.752
43 0.8 0.048 0.752
55 0.752 0.048 0.704
61 0.717155 0.048 0.669155
3 0.644324 0.048 0.596324
51 0.52682 0.048 0.47882
14 0.752 0.048 0.704
10 0.752 0.048 0.704
29 0.752 0.048 0.704
62 0.752 0.048 0.704
11 0.528 0.048 0.48
25 0.752 0.048 0.704
38 0.729332 0.048 0.681332
64 0.752 0.048 0.704
67 0.781899 0.048 0.733899
46 0.8 0.048 0.752
37 0.8 0.048 0.752
25 0.782105 0.048 0.734105
11 0.48 0.048 0.432
38 0.681332 0.048 0.633332
18 0.8 0.048 0.752
15 0.8 0.048 0.752
35 0.8 0.048 0.752
31 0.621212 0.048 0.573212
42 0.8 0.048 0.752
50 0.621585 0.048 0.573585
52 0.689166 0.048 0.641166
60 0.8 0.048 0.752
19 0.700242 0.048 0.652242
50 0.573585 0.048 0.525585
52 0.641166 0.048 0.593166
56 0.629766 0.048 0.581766
10 0.77945 0.048 0.73145
14 0.704 0.048 0.656
29 0.774425 0.048 0.726425
62 0.776338 0.048 0.728338
32 0.8 0.048 0.752
26 0.8 0.048 0.752
51 0.557663 0.048 0.509663
28 0.8 0.048 0.752
7 0.642817 0.048 0.594817
68 0.8 0.048 0.752
69 0.8 0.048 0.752
5 0.8 0.048 0.752
12 0.8 0.048 0.752
13 0.8 0.048 0.752
16 0.8 0.048 0.752
30 0.8 0.048 0.752
38 0.709719 0.048 0.661719
64 0.775313 0.048 0.727313
67 0.8 0.048 0.752
39 0.8 0.048 0.752
8 0.8 0.048 0.752
9 0.8 0.048 0.752
17 0.8 0.048 0.752
6 0.8 0.048 0.752
1 0.8 0.048 0.752
41 0.8 0.048 0.752
66 0.8 0.048 0.752
1 0.752 0.048 0.704
6 0.8 0.048 0.752
34 0.8 0.048 0.752
41 0.752 0.048 0.704
66 0.752 0.048 0.704
21 0.8 0.048 0.752
49 0.8 0.048 0.752
59 0.8 0.048 0.752
64 0.8 0.048 0.752
38 0.734529 0.048 0.686529
11 0.576997 0.048 0.528997
11 0.528997 0.048 0.480997
25 0.8 0.048 0.752
64 0.752 0.048 0.704
67 0.8 0.048 0.752
38 0.686529 0.048 0.638529
38 0.638529 0.16 0.478529
11 0.480997 0.16 0.320997
25 0.752 0.16 0.592
64 0.704 0.16 0.544
9 0.8 0.048 0.752
8 0.8 0.048 0.752
17 0.8 0.048 0.752
27 0.8 0.048 0.752
2 0.8 0.048 0.752
65 0.8 0.048 0.752
49 0.752 0.048 0.704
21 0.752 0.048 0.704
59 0.752 0.048 0.704
49 0.704 0.048 0.656
49 0.656 0.16 0.496
49 0.496 0.016 0.48
37 0.8 0.048 0.752
4 0.8 0.048 0.752
46 0.8 0.048 0.752
23 0.8 0.048 0.752
5 0.8 0.048 0.752
12 0.8 0.048 0.752
13 0.8 0.048 0.752
16 0.8 0.048 0.752
27 0.752 0.048 0.704
21 0.780437 0.048 0.732437
49 0.557571 0.048 0.509571
59 0.704 0.048 0.656
21 0.732437 0.048 0.684437
21 0.684437 0.16 0.524437
21 0.524437 0.016 0.508437
43 0.8 0.048 0.752
33 0.8 0.048 0.752
54 0.8 0.048 0.752
55 0.8 0.048 0.752
60 0.8 0.048 0.752
17 0.8 0.048 0.752
8 0.752 0.048 0.704
9 0.8 0.048 0.752
27 0.704 0.048 0.656
41 0.780924 0.048 0.732924
1 0.780163 0.048 0.732163
6 0.8 0.048 0.752
34 0.8 0.048 0.752
66 0.783824 0.048 0.735824
21 0.508437 0.048 0.460437
49 0.509571 0.048 0.461571
59 0.731551 0.048 0.683551
26 0.8 0.048 0.752
32 0.8 0.048 0.752
53 0.8 0.048 0.752
53 0.752 0.048 0.704
26 0.752 0.048 0.704
26 0.704 0.16 0.544
32 0.752 0.16 0.592
53 0.704 0.16 0.544
53 0.544 0.016 0.528
26 0.544 0.016 0.528
53 0.528 0.048 0.48
4 0.8 0.048 0.752
4 0.752 0.048 0.704
26 0.528 0.048 0.48
53 0.48 0.048 0.432
53 0.432 0.16 0.272
4 0.704 0.16 0.544
4 0.544 0.016 0.528
53 0.272 0.016 0.256
4 0.528 0.048 0.48
37 0.8 0.048 0.752
53 0.256 0.048 0.208
60 0.8 0.048 0.752
42 0.8 0.048 0.752
43 0.8 0.048 0.752
54 0.752 0.048 0.704
55 0.8 0.048 0.752
56 0.8 0.048 0.752
19 0.8 0.048 0.752
50 0.751034 0.048 0.703034
52 0.8 0.048 0.752
65 0.8 0.048 0.752
22 0.8 0.048 0.752
57 0.583138 0.048 0.535138
49 0.536865 0.048 0.488865
59 0.758261 0.048 0.710261
65 0.752 0.048 0.704
2 0.8 0.048 0.752
56 0.752 0.048 0.704
55 0.8 0.048 0.752
33 0.8 0.048 0.752
43 0.752 0.048 0.704
54 0.780833 0.048 0.732833
60 0.8 0.048 0.752
59 0.710261 0.048 0.662261
21 0.540079 0.048 0.492079
49 0.488865 0.048 0.440865
59 0.662261 0.048 0.614261
59 0.614261 0.16 0.454261
59 0.454261 0.016 0.438261
29 0.8 0.048 0.752
10 0.8 0.048 0.752
14 0.8 0.048 0.752
20 0.8 0.048 0.752
62 0.8 0.048 0.752
64 0.762291 0.048 0.714291
38 0.625884 0.048 0.577884
67 0.8 0.048 0.752
67 0.752 0.048 0.704
64 0.714291 0.048 0.666291
64 0.666291 0.16 0.506291
38 0.577884 0.16 0.417884
67 0.704 0.16 0.544
67 0.544 0.016 0.528
64 0.506291 0.016 0.490291
67 0.528 0.048 0.48
38 0.417884 0.048 0.369884
64 0.490291 0.048 0.442291
33 0.8 0.048 0.752
43 0.77532 0.048 0.72732
55 0.752 0.048 0.704
61 0.8 0.048 0.752
3 0.8 0.048 0.752
51 0.798759 0.048 0.750759
51 0.750759 0.048 0.702759
61 0.752 0.048 0.704
61 0.704 0.16 0.544
3 0.752 0.16 0.592
51 0.702759 0.16 0.542759
51 0.542759 0.016 0.526759
61 0.544 0.016 0.528
51 0.526759 0.048 0.478759
3 0.592 0.048 0.544
32 0.740564 0.048 0.692564
61 0.528 0.048 0.48
14 0.752 0.048 0.704
10 0.752 0.048 0.704
29 0.752 0.048 0.704
62 0.752 0.048 0.704
46 0.8 0.048 0.752
37 0.8 0.048 0.752
25 0.8 0.048 0.752
11 0.542418 0.048 0.494418
18 0.8 0.048 0.752
15 0.8 0.048 0.752
35 0.8 0.048 0.752
31 0.8 0.048 0.752
42 0.8 0.048 0.752
50 0.8 0.048 0.752
52 0.8 0.048 0.752
19 0.8 0.048 0.752
50 0.752 0.048 0.704
52 0.752 0.048 0.704
56 0.8 0.048 0.752
10 0.77711 0.048 0.72911
14 0.704 0.048 0.656
20 0.8 0.048 0.752
29 0.783999 0.048 0.735999
62 0.782338 0.048 0.734338
32 0.692564 0.048 0.644564
26 0.627505 0.048 0.579505
51 0.554426 0.048 0.506426
28 0.8 0.048 0.752
7 0.8 0.048 0.752
68 0.8 0.048 0.752
69 0.8 0.048 0.752
5 0.8 0.048 0.752
12 0.8 0.048 0.752
13 0.8 0.048 0.752
16 0.8 0.048 0.752
30 0.8 0.048 0.752
39 0.8 0.048 0.752
8 0.8 0.048 0.752
9 0.8 0.048 0.752
17 0.8 0.048 0.752
6 0.8 0.048 0.752
1 0.8 0.048 0.752
41 0.8 0.048 0.752
66 0.8 0.048 0.752
1 0.752 0.048 0.704
6 0.8 0.048 0.752
34 0.8 0.048 0.752
41 0.752 0.048 0.704
66 0.752 0.048 0.704
9 0.8 0.048 0.752
8 0.8 0.048 0.752
17 0.8 0.048 0.752
23 0.8 0.048 0.752
27 0.8 0.048 0.752
2 0.8 0.048 0.752
65 0.8 0.048 0.752
37 0.8 0.048 0.752
4 0.781004 0.048 0.733004
46 0.8 0.048 0.752
23 0.8 0.048 0.752
5 0.8 0.048 0.752
9 0.752 0.048 0.704
12 0.8 0.048 0.752
13 0.8 0.048 0.752
16 0.8 0.048 0.752
27 0.752 0.048 0.704
43 0.8 0.048 0.752
33 0.8 0.048 0.752
54 0.8 0.048 0.752
55 0.8 0.048 0.752
60 0.8 0.048 0.752
17 0.8 0.048 0.752
8 0.752 0.048 0.704
9 0.783423 0.048 0.735423
41 0.77428 0.048 0.72628
1 0.783881 0.048 0.735881
6 0.8 0.048 0.752
34 0.8 0.048 0.752
66 0.781977 0.048 0.733977
14 0.8 0.048 0.752
4 0.8 0.048 0.752
37 0.8 0.048 0.752
53 0.580711 0.048 0.532711
60 0.8 0.048 0.752
42 0.8 0.048 0.752
43 0.8 0.048 0.752
54 0.752 0.048 0.704
56 0.8 0.048 0.752
19 0.8 0.048 0.752
50 0.8 0.048 0.752
52 0.8 0.048 0.752
65 0.8 0.048 0.752
22 0.8 0.048 0.752
57 0.8 0.048 0.752
10 0.8 0.048 0.752
14 0.8 0.048 0.752
29 0.8 0.048 0.752
62 0.8 0.048 0.752
65 0.752 0.048 0.704
2 0.8 0.048 0.752
19 0.8 0.048 0.752
56 0.752 0.048 0.704
55 0.8 0.048 0.752
33 0.8 0.048 0.752
43 0.752 0.048 0.704
54 0.781309 0.048 0.733309
29 0.8 0.048 0.752
10 0.8 0.048 0.752
14 0.8 0.048 0.752
20 0.8 0.048 0.752
62 0.8 0.048 0.752
29 0.752 0.048 0.704
29 0.704 0.16 0.544
29 0.544 0.016 0.528
67 0.8 0.048 0.752
11 0.8 0.048 0.752
11 0.752 0.048 0.704
38 0.755514 0.048 0.707514
64 0.8 0.048 0.752
67 0.752 0.048 0.704
67 0.704 0.16 0.544
11 0.704 0.16 0.544
11 0.544 0.016 0.528
67 0.544 0.016 0.528
11 0.528 0.048 0.48
25 0.8 0.048 0.752
38 0.707514 0.048 0.659514
67 0.528 0.048 0.48
38 0.659514 0.16 0.499514
33 0.8 0.048 0.752
8 0.8 0.048 0.752
43 0.779308 0.048 0.731308
55 0.752 0.048 0.704
51 0.8 0.048 0.752
3 0.8 0.048 0.752
61 0.8 0.048 0.752
14 0.752 0.048 0.704
10 0.752 0.048 0.704
29 0.528 0.048 0.48
14 0.704 0.048 0.656
14 0.656 0.16 0.496
14 0.496 0.016 0.48
10 0.704 0.048 0.656
14 0.48 0.048 0.432
20 0.752 0.048 0.704
29 0.48 0.048 0.432
62 0.752 0.048 0.704
46 0.8 0.048 0.752
37 0.8 0.048 0.752
25 0.8 0.048 0.752
11 0.48 0.048 0.432
18 0.8 0.048 0.752
15 0.8 0.048 0.752
35 0.8 0.048 0.752
48 0.8 0.048 0.752
31 0.8 0.048 0.752
42 0.8 0.048 0.752
50 0.8 0.048 0.752
52 0.8 0.048 0.752
19 0.8 0.048 0.752
50 0.752 0.048 0.704
52 0.752 0.048 0.704
56 0.8 0.048 0.752
10 0.734295 0.048 0.686295
14 0.432 0.048 0.384
20 0.776966 0.048 0.728966
29 0.511328 0.048 0.463328
62 0.779267 0.048 0.731267
10 0.686295 0.048 0.638295
10 0.638295 0.16 0.478295
10 0.478295 0.016 0.462295
32 0.8 0.048 0.752
26 0.8 0.048 0.752
28 0.8 0.048 0.752
7 0.8 0.048 0.752
68 0.8 0.048 0.752
69 0.8 0.048 0.752
5 0.8 0.048 0.752
12 0.8 0.048 0.752
13 0.8 0.048 0.752
16 0.8 0.048 0.752
30 0.8 0.048 0.752
10 0.462295 0.048 0.414295
20 0.728966 0.048 0.680966
29 0.463328 0.048 0.415328
39 0.8 0.048 0.752
62 0.731267 0.048 0.683267
39 0.752 0.048 0.704
39 0.704 0.048 0.656
39 0.656 0.16 0.496
39 0.496 0.016 0.48
8 0.8 0.048 0.752
9 0.8 0.048 0.752
17 0.8 0.048 0.752
27 0.8 0.048 0.752
33 0.8 0.048 0.752
6 0.8 0.048 0.752
1 0.8 0.048 0.752
41 0.8 0.048 0.752
66 0.8 0.048 0.752
1 0.752 0.048 0.704
6 0.8 0.048 0.752
34 0.8 0.048 0.752
41 0.752 0.048 0.704
66 0.752 0.048 0.704
20 0.758186 0.048 0.710186
39 0.551939 0.048 0.503939
9 0.8 0.048 0.752
8 0.8 0.048 0.752
12 0.8 0.048 0.752
17 0.8 0.048 0.752
23 0.8 0.048 0.752
27 0.8 0.048 0.752
2 0.8 0.048 0.752
65 0.8 0.048 0.752
37 0.8 0.048 0.752
46 0.8 0.048 0.752
23 0.8 0.048 0.752
5 0.8 0.048 0.752
9 0.752 0.048 0.704
12 0.752 0.048 0.704
13 0.8 0.048 0.752
16 0.8 0.048 0.752
27 0.752 0.048 0.704
43 0.8 0.048 0.752
33 0.8 0.048 0.752
54 0.8 0.048 0.752
55 0.8 0.048 0.752
60 0.8 0.048 0.752
17 0.8 0.048 0.752
8 0.752 0.048 0.704
9 0.780109 0.048 0.732109
27 0.704 0.048 0.656
41 0.774576 0.048 0.726576
1 0.78316 0.048 0.73516
6 0.8 0.048 0.752
34 0.8 0.048 0.752
66 0.779428 0.048 0.731428
2 0.8 0.048 0.752
39 0.579025 0.048 0.531025
65 0.752 0.048 0.704
4 0.8 0.048 0.752
37 0.8 0.048 0.752
53 0.8 0.048 0.752
60 0.8 0.048 0.752
42 0.8 0.048 0.752
43 0.8 0.048 0.752
54 0.752 0.048 0.704
56 0.8 0.048 0.752
19 0.8 0.048 0.752
50 0.8 0.048 0.752
52 0.8 0.048 0.752
65 0.774019 0.048 0.726019
22 0.8 0.048 0.752
2 0.8 0.048 0.752
19 0.8 0.048 0.752
56 0.752 0.048 0.704
65 0.726019 0.048 0.678019
65 0.678019 0.048 0.630019
2 0.752 0.048 0.704
56 0.704 0.048 0.656
65 0.630019 0.048 0.582019
65 0.582019 0.16 0.422019
65 0.422019 0.016 0.406019
55 0.8 0.048 0.752
33 0.8 0.048 0.752
43 0.752 0.048 0.704
54 0.778032 0.048 0.730032
11 0.8 0.048 0.752
25 0.8 0.048 0.752
38 0.8 0.048 0.752
67 0.8 0.048 0.752
33 0.8 0.048 0.752
43 0.78241 0.048 0.73441
55 0.752 0.048 0.704
51 0.8 0.048 0.752
3 0.8 0.048 0.752
61 0.8 0.048 0.752
2 0.7827 0.048 0.7347
19 0.8 0.048 0.752
50 0.8 0.048 0.752
52 0.8 0.048 0.752
56 0.72867 0.048 0.68067
65 0.484926 0.048 0.436926
46 0.8 0.048 0.752
37 0.8 0.048 0.752
25 0.8 0.048 0.752
11 0.752 0.048 0.704
18 0.8 0.048 0.752
15 0.8 0.048 0.752
35 0.8 0.048 0.752
48 0.8 0.048 0.752
31 0.8 0.048 0.752
42 0.8 0.048 0.752
50 0.752 0.048 0.704
52 0.752 0.048 0.704
19 0.752 0.048 0.704
50 0.704 0.048 0.656
52 0.704 0.048 0.656
56 0.757966 0.048 0.709966
19 0.704 0.048 0.656
19 0.656 0.16 0.496
19 0.496 0.016 0.48
32 0.8 0.048 0.752
26 0.8 0.048 0.752
28 0.8 0.048 0.752
7 0.8 0.048 0.752
68 0.8 0.048 0.752
69 0.8 0.048 0.752
5 0.8 0.048 0.752
13 0.8 0.048 0.752
16 0.8 0.048 0.752
30 0.8 0.048 0.752
19 0.557992 0.048 0.509992
31 0.8 0.048 0.752
50 0.733696 0.048 0.685696
52 0.734141 0.048 0.686141
56 0.709966 0.048 0.661966
8 0.8 0.048 0.752
9 0.8 0.048 0.752
17 0.8 0.048 0.752
27 0.8 0.048 0.752
33 0.8 0.048 0.752
6 0.8 0.048 0.752
1 0.8 0.048 0.752
41 0.8 0.048 0.752
66 0.8 0.048 0.752
1 0.752 0.048 0.704
6 0.8 0.048 0.752
34 0.8 0.048 0.752
41 0.752 0.048 0.704
66 0.752 0.048 0.704
31 0.8 0.048 0.752
42 0.8 0.048 0.752
50 0.761392 0.048 0.713392
52 0.757562 0.048 0.709562
54 0.8 0.048 0.752
60 0.8 0.048 0.752
9 0.8 0.048 0.752
8 0.8 0.048 0.752
12 0.8 0.048 0.752
17 0.8 0.048 0.752
23 0.8 0.048 0.752
27 0.8 0.048 0.752
2 0.8 0.048 0.752
65 0.661968 0.048 0.613968
37 0.8 0.048 0.752
46 0.8 0.048 0.752
23 0.8 0.048 0.752
5 0.8 0.048 0.752
9 0.752 0.048 0.704
12 0.752 0.048 0.704
13 0.8 0.048 0.752
16 0.8 0.048 0.752
27 0.752 0.048 0.704
43 0.8 0.048 0.752
33 0.8 0.048 0.752
54 0.8 0.048 0.752
55 0.8 0.048 0.752
60 0.752 0.048 0.704
17 0.8 0.048 0.752
8 0.752 0.048 0.704
9 0.779051 0.048 0.731051
27 0.704 0.048 0.656
33 0.752 0.048 0.704
41 0.783235 0.048 0.735235
1 0.781805 0.048 0.733805
6 0.8 0.048 0.752
34 0.8 0.048 0.752
66 0.779239 0.048 0.731239
31 0.8 0.048 0.752
42 0.8 0.048 0.752
43 0.752 0.048 0.704
54 0.752 0.048 0.704
55 0.8 0.048 0.752
60 0.776845 0.048 0.728845
4 0.8 0.048 0.752
37 0.8 0.048 0.752
53 0.8 0.048 0.752
60 0.728845 0.048 0.680845
31 0.8 0.048 0.752
42 0.8 0.048 0.752
43 0.77576 0.048 0.72776
54 0.704 0.048 0.656
60 0.680845 0.048 0.632845
60 0.632845 0.16 0.472845
60 0.472845 0.016 0.456845
56 0.8 0.048 0.752
19 0.668406 0.048 0.620406
50 0.78601 0.048 0.73801
52 0.788089 0.048 0.740089
22 0.8 0.048 0.752
33 0.778276 0.048 0.730276
42 0.752 0.048 0.704
43 0.72776 0.048 0.67976
54 0.732622 0.048 0.684622
55 0.8 0.048 0.752
60 0.529941 0.048 0.481941
55 0.752 0.048 0.704
33 0.730276 0.048 0.682276
43 0.67976 0.048 0.63176
54 0.684622 0.048 0.636622
55 0.704 0.048 0.656
55 0.656 0.16 0.496
55 0.496 0.016 0.48
11 0.8 0.048 0.752
25 0.8 0.048 0.752
38 0.8 0.048 0.752
33 0.754044 0.048 0.706044
17 0.8 0.048 0.752
43 0.702128 0.048 0.654128
55 0.48 0.048 0.432
33 0.706044 0.048 0.658044
33 0.658044 0.16 0.498044
33 0.498044 0.016 0.482044
51 0.8 0.048 0.752
3 0.8 0.048 0.752
61 0.8 0.048 0.752
8 0.8 0.048 0.752
9 0.8 0.048 0.752
17 0.8 0.048 0.752
33 0.482044 0.048 0.434044
43 0.654128 0.048 0.606128
55 0.510719 0.048 0.462719
46 0.8 0.048 0.752
37 0.8 0.048 0.752
25 0.8 0.048 0.752
11 0.752 0.048 0.704
18 0.8 0.048 0.752
15 0.8 0.048 0.752
35 0.8 0.048 0.752
48 0.8 0.048 0.752
31 0.8 0.048 0.752
42 0.8 0.048 0.752
50 0.8 0.048 0.752
50 0.752 0.048 0.704
52 0.8 0.048 0.752
60 0.557626 0.048 0.509626
31 0.752 0.048 0.704
31 0.704 0.16 0.544
42 0.752 0.16 0.592
50 0.704 0.16 0.544
50 0.544 0.016 0.528
31 0.544 0.016 0.528
50 0.528 0.048 0.48
19 0.769857 0.048 0.721857
19 0.721857 0.048 0.673857
31 0.528 0.048 0.48
52 0.752 0.048 0.704
56 0.8 0.048 0.752
50 0.48 0.048 0.432
50 0.432 0.16 0.272
52 0.704 0.16 0.544
60 0.509626 0.16 0.349626
19 0.673857 0.16 0.513857
19 0.513857 0.016 0.497857
50 0.272 0.016 0.256
19 0.497857 0.048 0.449857
50 0.256 0.048 0.208
52 0.544 0.048 0.496
56 0.752 0.048 0.704
52 0.496 0.16 0.336
56 0.704 0.16 0.544
32 0.8 0.048 0.752
26 0.8 0.048 0.752
28 0.8 0.048 0.752
7 0.8 0.048 0.752
68 0.8 0.048 0.752
69 0.8 0.048 0.752
5 0.8 0.048 0.752
12 0.8 0.048 0.752
13 0.8 0.048 0.752
16 0.8 0.048 0.752
23 0.8 0.048 0.752
30 0.8 0.048 0.752
8 0.8 0.048 0.752
9 0.8 0.048 0.752
12 0.752 0.048 0.704
17 0.8 0.048 0.752
23 0.752 0.048 0.704
27 0.8 0.048 0.752
33 0.508779 0.048 0.460779
8 0.8 0.048 0.752
9 0.752 0.048 0.704
17 0.752 0.048 0.704
27 0.8 0.048 0.752
8 0.752 0.048 0.704
8 0.704 0.16 0.544
8 0.544 0.016 0.528
6 0.8 0.048 0.752
1 0.8 0.048 0.752
41 0.8 0.048 0.752
66 0.8 0.048 0.752
1 0.752 0.048 0.704
6 0.8 0.048 0.752
34 0.8 0.048 0.752
41 0.752 0.048 0.704
66 0.752 0.048 0.704
5 0.8 0.048 0.752
8 0.528 0.048 0.48
9 0.775503 0.048 0.727503
12 0.775267 0.048 0.727267
13 0.8 0.048 0.752
16 0.8 0.048 0.752
17 0.781929 0.048 0.733929
23 0.781737 0.048 0.733737
27 0.752 0.048 0.704
69 0.8 0.048 0.752
9 0.727503 0.048 0.679503
8 0.557265 0.048 0.509265
17 0.733929 0.048 0.685929
23 0.733737 0.048 0.685737
27 0.780193 0.048 0.732193
9 0.679503 0.048 0.631503
9 0.631503 0.16 0.471503
9 0.471503 0.016 0.455503
2 0.8 0.048 0.752
65 0.8 0.048 0.752
37 0.8 0.048 0.752
46 0.8 0.048 0.752
23 0.76144 0.048 0.71344
5 0.752 0.048 0.704
8 0.509265 0.048 0.461265
9 0.455503 0.048 0.407503
12 0.8 0.048 0.752
13 0.752 0.048 0.704
16 0.8 0.048 0.752
27 0.732193 0.048 0.684193
23 0.71344 0.048 0.66544
23 0.66544 0.16 0.50544
23 0.50544 0.016 0.48944
43 0.8 0.048 0.752
33 0.613495 0.048 0.565495
54 0.8 0.048 0.752
55 0.604703 0.048 0.556703
60 0.498107 0.048 0.450107
17 0.765433 0.048 0.717433
8 0.461265 0.048 0.413265
9 0.480568 0.048 0.432568
27 0.684193 0.048 0.636193
33 0.565495 0.048 0.517495
33 0.517495 0.048 0.469495
17 0.717433 0.048 0.669433
17 0.669433 0.16 0.509433
8 0.413265 0.16 0.253265
9 0.432568 0.16 0.272568
27 0.636193 0.16 0.476193
33 0.469495 0.16 0.309495
41 0.778761 0.048 0.730761
1 0.782008 0.048 0.734008
6 0.8 0.048 0.752
34 0.8 0.048 0.752
66 0.781854 0.048 0.733854
5 0.781127 0.048 0.733127
12 0.752 0.048 0.704
13 0.78289 0.048 0.73489
16 0.752 0.048 0.704
23 0.48944 0.048 0.44144
27 0.476193 0.048 0.428193
30 0.8 0.048 0.752
69 0.8 0.048 0.752
4 0.8 0.048 0.752
53 0.8 0.048 0.752
56 0.77459 0.048 0.72659
19 0.679147 0.048 0.631147
50 0.440123 0.048 0.392123
52 0.564366 0.048 0.516366
65 0.8 0.048 0.752
65 0.752 0.048 0.704
56 0.72659 0.048 0.67859
56 0.67859 0.16 0.51859
19 0.631147 0.16 0.471147
52 0.516366 0.16 0.356366
65 0.704 0.16 0.544
65 0.544 0.016 0.528
56 0.51859 0.016 0.50259
65 0.528 0.048 0.48
2 0.8 0.048 0.752
19 0.471147 0.048 0.423147
56 0.50259 0.048 0.45459
22 0.8 0.048 0.752
5 0.8 0.048 0.752
13 0.8 0.048 0.752
16 0.780381 0.048 0.732381
30 0.8 0.048 0.752
69 0.8 0.048 0.752
11 0.8 0.048 0.752
25 0.8 0.048 0.752
38 0.8 0.048 0.752
51 0.8 0.048 0.752
3 0.8 0.048 0.752
61 0.8 0.048 0.752
30 0.8 0.048 0.752
46 0.8 0.048 0.752
46 0.752 0.048 0.704
37 0.8 0.048 0.752
46 0.704 0.048 0.656
46 0.656 0.16 0.496
46 0.496 0.016 0.48
25 0.8 0.048 0.752
11 0.752 0.048 0.704
18 0.8 0.048 0.752
15 0.8 0.048 0.752
35 0.8 0.048 0.752
48 0.8 0.048 0.752
19 0.569839 0.048 0.521839
50 0.540847 0.048 0.492847
52 0.500992 0.048 0.452992
56 0.604809 0.048 0.556809
65 0.631516 0.048 0.583516
32 0.8 0.048 0.752
26 0.8 0.048 0.752
28 0.8 0.048 0.752
7 0.8 0.048 0.752
68 0.8 0.048 0.752
69 0.8 0.048 0.752
5 0.8 0.048 0.752
12 0.8 0.048 0.752
13 0.8 0.048 0.752
16 0.8 0.048 0.752
23 0.676448 0.048 0.628448
23 0.628448 0.048 0.580448
30 0.8 0.048 0.752
69 0.752 0.048 0.704
69 0.704 0.16 0.544
5 0.752 0.16 0.592
12 0.752 0.16 0.592
13 0.752 0.16 0.592
16 0.752 0.16 0.592
23 0.580448 0.16 0.420448
30 0.752 0.16 0.592
37 0.8 0.048 0.752
46 0.55868 0.048 0.51068
6 0.8 0.048 0.752
1 0.8 0.048 0.752
41 0.8 0.048 0.752
66 0.8 0.048 0.752
1 0.752 0.048 0.704
6 0.8 0.048 0.752
34 0.8 0.048 0.752
41 0.752 0.048 0.704
66 0.752 0.048 0.704
4 0.8 0.048 0.752
37 0.8 0.048 0.752
46 0.583455 0.048 0.535455
53 0.8 0.048 0.752
2 0.8 0.048 0.752
65 0.736472 0.048 0.688472
37 0.752 0.048 0.704
46 0.535455 0.048 0.487455
37 0.704 0.048 0.656
37 0.656 0.16 0.496
37 0.496 0.016 0.48
43 0.8 0.048 0.752
33 0.692298 0.048 0.644298
54 0.8 0.048 0.752
55 0.8 0.048 0.752
60 0.8 0.048 0.752
60 0.752 0.048 0.704
43 0.752 0.048 0.704
43 0.704 0.16 0.544
33 0.644298 0.16 0.484298
54 0.752 0.16 0.592
55 0.752 0.16 0.592
60 0.704 0.16 0.544
60 0.544 0.016 0.528
43 0.544 0.016 0.528
60 0.528 0.048 0.48
42 0.8 0.048 0.752
43 0.528 0.048 0.48
54 0.592 0.048 0.544
55 0.592 0.048 0.544
41 0.779387 0.048 0.731387
1 0.783726 0.048 0.735726
6 0.8 0.048 0.752
34 0.8 0.048 0.752
66 0.780429 0.048 0.732429
4 0.8 0.048 0.752
26 0.8 0.048 0.752
32 0.8 0.048 0.752
37 0.550894 0.048 0.502894
53 0.8 0.048 0.752
4 0.752 0.048 0.704
26 0.8 0.048 0.752
53 0.8 0.048 0.752
4 0.704 0.048 0.656
4 0.656 0.16 0.496
4 0.496 0.016 0.48
65 0.761284 0.048 0.713284
2 0.8 0.048 0.752
19 0.749908 0.048 0.701908
56 0.77765 0.048 0.72965
22 0.8 0.048 0.752
4 0.552984 0.048 0.504984
26 0.752 0.048 0.704
32 0.8 0.048 0.752
53 0.752 0.048 0.704
11 0.8 0.048 0.752
25 0.8 0.048 0.752
38 0.8 0.048 0.752
51 0.8 0.048 0.752
3 0.8 0.048 0.752
61 0.8 0.048 0.752
51 0.752 0.048 0.704
51 0.704 0.16 0.544
51 0.544 0.016 0.528
3 0.752 0.048 0.704
26 0.780753 0.048 0.732753
32 0.8 0.048 0.752
51 0.528 0.048 0.48
61 0.752 0.048 0.704
25 0.8 0.048 0.752
11 0.752 0.048 0.704
18 0.8 0.048 0.752
15 0.8 0.048 0.752
35 0.8 0.048 0.752
48 0.8 0.048 0.752
19 0.8 0.048 0.752
31 0.8 0.048 0.752
50 0.8 0.048 0.752
52 0.8 0.048 0.752
56 0.8 0.048 0.752
65 0.8 0.048 0.752
32 0.752 0.048 0.704
26 0.8 0.048 0.752
32 0.704 0.048 0.656
32 0.656 0.16 0.496
32 0.496 0.016 0.48
28 0.8 0.048 0.752
7 0.8 0.048 0.752
68 0.8 0.048 0.752
3 0.779347 0.048 0.731347
51 0.550783 0.048 0.502783
61 0.781116 0.048 0.733116
6 0.8 0.048 0.752
1 0.8 0.048 0.752
41 0.8 0.048 0.752
66 0.8 0.048 0.752
1 0.752 0.048 0.704
6 0.8 0.048 0.752
34 0.8 0.048 0.752
41 0.752 0.048 0.704
66 0.752 0.048 0.704
3 0.8 0.048 0.752
51 0.577501 0.048 0.529501
61 0.8 0.048 0.752
2 0.8 0.048 0.752
65 0.8 0.048 0.752
60 0.8 0.048 0.752
42 0.8 0.048 0.752
43 0.8 0.048 0.752
54 0.8 0.048 0.752
41 0.781962 0.048 0.733962
1 0.774575 0.048 0.726575
6 0.8 0.048 0.752
34 0.8 0.048 0.752
66 0.774911 0.048 0.726911
15 0.8 0.048 0.752
18 0.8 0.048 0.752
35 0.8 0.048 0.752
65 0.8 0.048 0.752
2 0.8 0.048 0.752
19 0.8 0.048 0.752
56 0.8 0.048 0.752
22 0.8 0.048 0.752
57 0.8 0.048 0.752
15 0.8 0.048 0.752
18 0.8 0.048 0.752
35 0.8 0.048 0.752
48 0.8 0.048 0.752
11 0.8 0.048 0.752
25 0.8 0.048 0.752
38 0.8 0.048 0.752
15 0.8 0.048 0.752
18 0.8 0.048 0.752
35 0.8 0.048 0.752
48 0.8 0.048 0.752
25 0.8 0.048 0.752
11 0.752 0.048 0.704
44 0.8 0.048 0.752
44 0.752 0.048 0.704
25 0.752 0.048 0.704
25 0.704 0.16 0.544
11 0.704 0.16 0.544
44 0.704 0.16 0.544
44 0.544 0.016 0.528
25 0.544 0.016 0.528
44 0.528 0.048 0.48
25 0.528 0.048 0.48
18 0.752 0.048 0.704
15 0.752 0.048 0.704
35 0.8 0.048 0.752
48 0.752 0.048 0.704
19 0.8 0.048 0.752
50 0.8 0.048 0.752
52 0.8 0.048 0.752
56 0.8 0.048 0.752
65 0.8 0.048 0.752
28 0.8 0.048 0.752
7 0.8 0.048 0.752
68 0.8 0.048 0.752
1 0.8 0.048 0.752
6 0.8 0.048 0.752
41 0.8 0.048 0.752
48 0.782266 0.048 0.734266
6 0.752 0.048 0.704
1 0.8 0.048 0.752
41 0.8 0.048 0.752
66 0.8 0.048 0.752
6 0.704 0.048 0.656
6 0.656 0.16 0.496
6 0.496 0.016 0.48
1 0.752 0.048 0.704
6 0.551686 0.048 0.503686
34 0.8 0.048 0.752
41 0.752 0.048 0.704
66 0.752 0.048 0.704
1 0.704 0.048 0.656
1 0.656 0.16 0.496
1 0.496 0.016 0.48
1 0.48 0.048 0.432
6 0.503686 0.048 0.455686
41 0.704 0.048 0.656
66 0.704 0.048 0.656
2 0.8 0.048 0.752
65 0.8 0.048 0.752
60 0.8 0.048 0.752
42 0.8 0.048 0.752
43 0.8 0.048 0.752
54 0.8 0.048 0.752
41 0.729208 0.048 0.681208
1 0.509679 0.048 0.461679
6 0.527886 0.048 0.479886
34 0.8 0.048 0.752
66 0.734241 0.048 0.686241
41 0.681208 0.048 0.633208
41 0.633208 0.16 0.473208
41 0.473208 0.016 0.457208
1 0.461679 0.048 0.413679
6 0.479886 0.048 0.431886
24 0.8 0.048 0.752
34 0.752 0.048 0.704
41 0.457208 0.048 0.409208
66 0.686241 0.048 0.638241
65 0.8 0.048 0.752
2 0.8 0.048 0.752
19 0.8 0.048 0.752
56 0.8 0.048 0.752
22 0.8 0.048 0.752
57 0.8 0.048 0.752
70 0.8 0.048 0.752
24 0.8 0.048 0.752
34 0.776314 0.048 0.728314
66 0.714201 0.048 0.666201
11 0.8 0.048 0.752
25 0.780715 0.048 0.732715
38 0.8 0.048 0.752
22 0.8 0.048 0.752
24 0.8 0.048 0.752
44 0.8 0.048 0.752
25 0.8 0.048 0.752
18 0.8 0.048 0.752
15 0.8 0.048 0.752
35 0.8 0.048 0.752
48 0.8 0.048 0.752
19 0.8 0.048 0.752
50 0.8 0.048 0.752
52 0.8 0.048 0.752
56 0.8 0.048 0.752
65 0.8 0.048 0.752
28 0.8 0.048 0.752
7 0.8 0.048 0.752
68 0.8 0.048 0.752
22 0.8 0.048 0.752
57 0.8 0.048 0.752
70 0.8 0.048 0.752
22 0.8 0.048 0.752
36 0.8 0.048 0.752
57 0.8 0.048 0.752
63 0.8 0.048 0.752
70 0.8 0.048 0.752
2 0.8 0.048 0.752
65 0.8 0.048 0.752
60 0.8 0.048 0.752
42 0.8 0.048 0.752
54 0.8 0.048 0.752
55 0.8 0.048 0.752
36 0.8 0.048 0.752
45 0.8 0.048 0.752
47 0.8 0.048 0.752
57 0.8 0.048 0.752
63 0.8 0.048 0.752
70 0.8 0.048 0.752
65 0.8 0.048 0.752
2 0.8 0.048 0.752
19 0.8 0.048 0.752
56 0.8 0.048 0.752
22 0.8 0.048 0.752
57 0.752 0.048 0.704
70 0.8 0.048 0.752
36 0.8 0.048 0.752
45 0.8 0.048 0.752
47 0.8 0.048 0.752
63 0.8 0.048 0.752
68 0.8 0.048 0.752
11 0.8 0.048 0.752
25 0.8 0.048 0.752
38 0.8 0.048 0.752
28 0.8 0.048 0.752
45 0.8 0.048 0.752
47 0.8 0.048 0.752
68 0.8 0.048 0.752
44 0.8 0.048 0.752
25 0.8 0.048 0.752
18 0.8 0.048 0.752
15 0.8 0.048 0.752
35 0.8 0.048 0.752
48 0.8 0.048 0.752
19 0.8 0.048 0.752
50 0.8 0.048 0.752
52 0.8 0.048 0.752
56 0.8 0.048 0.752
65 0.8 0.048 0.752
28 0.8 0.048 0.752
7 0.8 0.048 0.752
7 0.752 0.048 0.704
68 0.8 0.048 0.752
28 0.752 0.096 0.656
28 0.656 0.16 0.496
28 0.496 0.016 0.48
7 0.704 0.048 0.656
28 0.48 0.048 0.432
68 0.752 0.048 0.704
7 0.732859 0.048 0.684859
28 0.510129 0.048 0.462129
40 0.8 0.048 0.752
58 0.8 0.048 0.752
2 0.8 0.048 0.752
65 0.8 0.048 0.752
60 0.8 0.048 0.752
31 0.8 0.048 0.752
31 0.752 0.048 0.704
42 0.8 0.048 0.752
43 0.8 0.048 0.752
54 0.8 0.048 0.752
55 0.8 0.048 0.752
60 0.752 0.048 0.704
60 0.704 0.16 0.544
31 0.704 0.16 0.544
31 0.544 0.016 0.528
60 0.544 0.016 0.528
31 0.528 0.048 0.48
42 0.752 0.048 0.704
52 0.8 0.048 0.752
60 0.528 0.048 0.48
42 0.704 0.16 0.544
54 0.752 0.16 0.592
55 0.752 0.16 0.592
7 0.763085 0.048 0.715085
40 0.8 0.048 0.752
58 0.8 0.048 0.752
65 0.8 0.048 0.752
2 0.8 0.048 0.752
19 0.8 0.048 0.752
56 0.8 0.048 0.752
22 0.8 0.048 0.752
57 0.8 0.048 0.752
70 0.8 0.048 0.752
40 0.8 0.048 0.752
44 0.8 0.048 0.752
58 0.8 0.048 0.752
11 0.8 0.048 0.752
25 0.8 0.048 0.752
38 0.8 0.048 0.752
25 0.752 0.048 0.704
44 0.8 0.048 0.752
44 0.752 0.048 0.704
25 0.7788 0.048 0.7308
44 0.704 0.048 0.656
44 0.656 0.16 0.496
44 0.496 0.016 0.48
18 0.8 0.048 0.752
15 0.8 0.048 0.752
35 0.8 0.048 0.752
19 0.8 0.048 0.752
50 0.8 0.048 0.752
52 0.8 0.048 0.752
56 0.8 0.048 0.752
65 0.8 0.048 0.752
11 0.8 0.048 0.752
25 0.7308 0.048 0.6828
44 0.556549 0.048 0.508549
