8 2240 1.0185
3 2242 1.07533
61 2243 1.09234
60 2245 1.24215
24 2246 1.27183
38 2249 1.40244
53 2250 1.41097
22 2252 1.52622
11 2254 1.58847
46 2255 1.59094
21 2256 1.64296
68 2257 1.65237
50 2259 1.67517
13 2260 1.74825
57 2262 1.79036
15 2264 1.91283
62 2265 1.9138
33 2266 1.92751
58 2267 1.95978
41 2269 1.98597
49 2270 2.0427
44 2272 2.08471
40 2273 2.15258
12 2275 2.18616
64 2276 2.23786
7 2278 2.35401
27 2279 2.3553
34 2280 2.36704
42 2282 2.44064
67 2285 2.57548
16 2286 2.59474
69 2287 2.66388
31 2291 2.9083
36 2294 3.13239
30 2296 3.22883
59 2298 3.28233
66 2299 3.36348
43 2303 3.64594
70 2304 3.64972
5 2306 3.68296
14 2308 3.87085
62 2310 3.91513
51 2311 3.92591
24 2312 3.93918
52 2313 3.95887
45 2315 3.97482
39 2316 3.98345
35 2317 4.00273
29 2318 4.0217
60 2321 4.23195
47 2322 4.23911
20 2324 4.34448
23 2326 4.37548
37 2327 4.38156
65 2329 4.49656
26 2330 4.5222
2 2331 4.54125
6 2332 4.56262
4 2334 4.61549
32 2335 4.64714
7 2337 4.68928
55 2339 4.7751
48 2341 4.96315
69 2345 5.23168
12 2347 5.28401
33 2351 5.6233
50 2355 5.91231
8 2360 6.34648
70 2362 6.38321
3 2364 6.57366
41 2366 6.67076
22 2369 6.80504
45 2374 7.26925
11 2376 7.31541
64 2377 7.33912
61 2378 7.36312
1 2381 7.57096
36 2386 7.87602
48 2387 7.90301
69 2388 7.94877
40 2390 8.05948
2 2392 8.09669
49 2393 8.10538
29 2396 8.33267
28 2398 8.43993
56 2403 8.77411
23 2407 9.11814
17 2408 9.16039
8 2413 9.50419
26 2416 9.72278
50 2417 9.74599
33 2419 9.84809
