41 707
24 707
29 708
18 708
53 708
14 709
51 710
2 710
46 711
56 711
34 712
49 712
54 713
48 713
70 714
62 714
43 715
21 715
6 716
67 716
57 717
37 717
59 718
52 718
17 712
16 719
8 719
63 720
38 721
61 722
15 722
55 722
23 722
3 722
35 724
40 725
65 725
46 725
11 725
9 725
33 726
58 727
44 728
42 728
31 728
27 728
22 730
47 730
18 732
4 733
60 735
26 735
65 736
49 737
10 738
61 738
55 731
14 739
6 732
13 740
19 741
23 734
1 726
1 743
2 744
34 737
69 737
11 737
46 737
42 729
31 729
12 746
36 746
64 748
70 748
15 749
57 749
20 750
41 750
7 751
66 752
40 752
31 753
45 742
69 755
6 756
50 754
22 751
54 751
30 745
44 742
36 747
25 727
70 727
57 759
15 759
51 744
58 748
34 761
2 762
70 758
14 757
43 746
33 763
43 764
22 765
44 766
20 754
40 769
12 747
64 727
42 753
42 771
54 760
15 773
49 761
20 774
11 755
69 772
65 752
68 739
66 769
2 778
14 779
7 765
34 781
22 760
5 723
39 721
29 732
38 768
30 776
45 766
44 753
31 775
32 728
36 739
18 756
68 779
6 780
64 782
51 778
1 763
60 751
16 767
7 760
28 710
1 767
