28 494 0 100 0.7 1.07426 1.07426
2 497 0 100 1.2 1.41429 1.91429
12 504 0 100 1.7 2.29149 3.29149
6 495 0 100 3.7 1.16217 4.16217
19 505 0 100 3.2 2.37684 4.87684
3 496 0 100 5.2 1.32397 5.82397
21 509 0 100 3.7 2.98541 5.98541
14 518 0 100 1.7 5.05764 6.05764
16 510 0 100 4.2 3.00369 6.50369
13 493 0 100 6.2 1.02081 6.52081
2 520 0 100 1.7 6.08912 7.08912
10 501 0 100 6.2 2.16382 7.66382
30 500 0 100 6.7 1.75445 7.75445
20 525 0 100 1.7 7.11305 8.11305
5 508 0 100 6.7 2.72272 8.72272
29 511 0 100 6.7 3.12116 9.12116
18 514 0 100 6.2 3.94521 9.44521
6 516 0 100 6.2 4.14944 9.64944
6 524 0 100 3.7 6.78616 9.78616
1 507 0 100 8.7 2.66031 10.6603
14 531 0 100 2.2 9.6829 11.1829
21 522 0 100 5.7 6.22422 11.2242
24 529 0 100 3.7 8.66004 11.66
8 503 0 100 10.7 2.23555 12.2356
20 513 0 100 10.7 3.54082 13.5408
12 528 0 100 7.2 7.3605 13.8605
