52 316 0 100 1.16701e-08 2.27302 2.27302
62 343 0 100 1.16701e-08 3.08922 3.08922
73 345 0 100 1.16701e-08 3.15433 3.15433
60 338 0 100 2 2.97076 4.97076
65 369 0 100 1.5 4.0755 5.5755
2 379 0 100 1.5 4.68349 6.18349
20 368 0 100 2.5 4.05666 6.55666
50 354 0 100 3.5 3.403 6.903
36 366 0 100 3 4.02055 7.02055
46 378 0 100 2.5 4.6598 7.1598
52 391 0 100 1.5 6.13043 7.63043
73 393 0 100 1.5 7.07504 8.57504
13 346 0 100 5.5 3.18335 8.68335
26 353 0 100 5.5 3.36268 8.86268
28 380 0 100 5.5 4.69212 10.1921
7 384 0 100 5.5 4.86233 10.3623
65 394 0 100 3 7.82079 10.8208
61 382 0 100 6.5 4.82691 11.3269
58 383 0 100 8.5 4.85123 13.3512
68 388 0 100 10 4.92894 14.9289
71 390 0 100 10 4.97191 14.9719
