13 190 0 100 1.16701e-08 3.08064 3.08064
48 179 0 100 1.5 2.45078 3.95078
47 214 0 100 1.16701e-08 4.24112 4.24112
23 218 0 100 1 4.35002 5.35002
41 221 0 100 1 4.48114 5.48114
6 215 0 100 1.5 4.2497 5.7497
14 224 0 100 1.5 4.5712 6.0712
11 225 0 100 2 4.62923 6.62923
35 226 0 100 4 4.67018 8.67018
2 183 0 100 6.5 2.61903 9.11903
29 184 0 100 7 2.75581 9.75581
49 219 0 100 5.5 4.3999 9.8999
37 210 0 100 6.5 3.69806 10.1981
41 234 0 100 2.5 8.25847 10.7585
1 209 0 100 8 3.69366 11.6937
50 212 0 100 8.5 3.77497 12.275
32 208 0 100 9 3.66674 12.6667
44 187 0 100 10 2.89283 12.8928
15 188 0 100 10 2.90446 12.9045
3 192 0 100 10 3.14331 13.1433
13 231 0 100 6.5 6.96194 13.4619
48 233 0 100 6.5 8.08643 14.5864
47 230 0 100 8 6.72245 14.7225
