10 142 0 100 0.5 3.44879 3.94879
8 147 0 100 0.5 3.83402 4.33402
4 145 0 100 1.5 3.5629 5.0629
36 160 0 100 2 4.64163 6.64163
12 162 0 100 2 4.81697 6.81697
38 127 0 100 4.5 2.57128 7.07128
15 161 0 100 2.5 4.78363 7.28363
20 154 0 100 3.5 4.22053 7.72053
16 164 0 100 3 4.95967 7.95967
6 116 0 100 6 2.00553 8.00553
2 151 0 100 4.5 4.11526 8.61526
7 139 0 100 6.5 3.3255 9.8255
4 165 0 100 3 7.32925 10.3293
18 149 0 100 7 3.9822 10.9822
44 152 0 100 7 4.13127 11.1313
37 158 0 100 7 4.56365 11.5637
43 150 0 100 8.5 4.10663 12.6066
21 146 0 100 10 3.75514 13.7551
5 163 0 100 9.5 4.94537 14.4454
10 166 0 100 7 7.45161 14.4516
8 167 0 100 7 7.6892 14.6892
