3 0.7 0.048 0.652
22 0.7 0.048 0.652
25 0.7 0.048 0.652
32 0.7 0.048 0.652
34 0.7 0.048 0.652
50 0.7 0.048 0.652
22 0.652 0.048 0.604
32 0.652 0.048 0.604
34 0.652 0.048 0.604
50 0.652 0.048 0.604
55 0.7 0.048 0.652
61 0.7 0.048 0.652
71 0.7 0.048 0.652
4 0.7 0.048 0.652
55 0.652 0.048 0.604
61 0.652 0.048 0.604
71 0.652 0.048 0.604
4 0.7 0.048 0.652
55 0.670695 0.048 0.622695
57 0.7 0.048 0.652
61 0.665075 0.048 0.617075
71 0.664036 0.048 0.616036
76 0.7 0.048 0.652
52 0.7 0.048 0.652
57 0.7 0.048 0.652
66 0.7 0.048 0.652
76 0.7 0.048 0.652
51 0.7 0.048 0.652
52 0.7 0.048 0.652
66 0.7 0.048 0.652
76 0.7 0.048 0.652
51 0.7 0.048 0.652
52 0.7 0.048 0.652
66 0.7 0.048 0.652
51 0.7 0.048 0.652
48 0.7 0.048 0.652
16 0.7 0.048 0.652
29 0.7 0.048 0.652
47 0.7 0.048 0.652
48 0.7 0.048 0.652
5 0.7 0.048 0.652
16 0.7 0.048 0.652
29 0.7 0.048 0.652
30 0.7 0.048 0.652
47 0.7 0.048 0.652
48 0.7 0.048 0.652
5 0.7 0.048 0.652
16 0.7 0.048 0.652
30 0.7 0.048 0.652
47 0.7 0.048 0.652
53 0.7 0.048 0.652
30 0.7 0.048 0.652
53 0.7 0.048 0.652
2 0.7 0.048 0.652
20 0.7 0.048 0.652
53 0.7 0.048 0.652
62 0.7 0.048 0.652
2 0.7 0.048 0.652
15 0.7 0.048 0.652
20 0.7 0.048 0.652
62 0.7 0.048 0.652
2 0.7 0.048 0.652
11 0.7 0.048 0.652
15 0.7 0.048 0.652
20 0.7 0.048 0.652
62 0.7 0.048 0.652
11 0.7 0.048 0.652
15 0.7 0.048 0.652
19 0.7 0.048 0.652
33 0.7 0.048 0.652
11 0.7 0.048 0.652
19 0.7 0.048 0.652
33 0.7 0.048 0.652
19 0.7 0.048 0.652
33 0.7 0.048 0.652
39 0.7 0.048 0.652
39 0.7 0.048 0.652
79 0.7 0.048 0.652
46 0.7 0.048 0.652
12 0.7 0.048 0.652
17 0.7 0.048 0.652
1 0.7 0.048 0.652
13 0.7 0.048 0.652
37 0.7 0.048 0.652
42 0.7 0.048 0.652
54 0.7 0.048 0.652
73 0.7 0.048 0.652
74 0.7 0.048 0.652
67 0.7 0.048 0.652
6 0.7 0.048 0.652
6 0.652 0.048 0.604
8 0.7 0.048 0.652
26 0.7 0.048 0.652
26 0.652 0.048 0.604
35 0.7 0.048 0.652
35 0.652 0.048 0.604
49 0.7 0.048 0.652
67 0.652 0.144 0.508
67 0.508 0.16 0.348
6 0.604 0.16 0.444
8 0.652 0.16 0.492
26 0.604 0.16 0.444
35 0.604 0.16 0.444
49 0.652 0.16 0.492
33 0.7 0.048 0.652
11 0.7 0.048 0.652
11 0.652 0.048 0.604
19 0.7 0.048 0.652
33 0.652 0.048 0.604
33 0.604 0.16 0.444
11 0.604 0.16 0.444
19 0.652 0.16 0.492
28 0.7 0.048 0.652
36 0.7 0.048 0.652
63 0.7 0.048 0.652
70 0.7 0.048 0.652
34 0.7 0.048 0.652
22 0.7 0.048 0.652
32 0.7 0.048 0.652
50 0.7 0.048 0.652
29 0.7 0.048 0.652
16 0.7 0.048 0.652
47 0.7 0.048 0.652
48 0.7 0.048 0.652
39 0.7 0.048 0.652
44 0.7 0.048 0.652
79 0.7 0.048 0.652
15 0.7 0.048 0.652
2 0.7 0.048 0.652
2 0.652 0.048 0.604
20 0.7 0.048 0.652
20 0.652 0.048 0.604
62 0.7 0.048 0.652
62 0.652 0.048 0.604
15 0.652 0.144 0.508
15 0.508 0.16 0.348
2 0.604 0.16 0.444
20 0.604 0.16 0.444
62 0.604 0.16 0.444
21 0.7 0.048 0.652
24 0.7 0.048 0.652
38 0.7 0.048 0.652
44 0.7 0.048 0.652
45 0.7 0.048 0.652
56 0.7 0.048 0.652
58 0.7 0.048 0.652
59 0.7 0.048 0.652
69 0.7 0.048 0.652
75 0.7 0.048 0.652
10 0.7 0.048 0.652
10 0.652 0.048 0.604
40 0.7 0.048 0.652
68 0.7 0.048 0.652
72 0.7 0.048 0.652
75 0.652 0.048 0.604
75 0.604 0.16 0.444
10 0.604 0.16 0.444
40 0.652 0.16 0.492
68 0.652 0.16 0.492
72 0.652 0.16 0.492
21 0.7 0.048 0.652
24 0.7 0.048 0.652
38 0.7 0.048 0.652
44 0.7 0.048 0.652
45 0.7 0.048 0.652
56 0.7 0.048 0.652
58 0.7 0.048 0.652
59 0.7 0.048 0.652
69 0.7 0.048 0.652
70 0.7 0.048 0.652
28 0.7 0.048 0.652
36 0.7 0.048 0.652
57 0.7 0.048 0.652
76 0.7 0.048 0.652
21 0.7 0.048 0.652
23 0.7 0.048 0.652
24 0.7 0.048 0.652
56 0.7 0.048 0.652
58 0.7 0.048 0.652
59 0.7 0.048 0.652
69 0.7 0.048 0.652
24 0.652 0.048 0.604
21 0.652 0.048 0.604
45 0.7 0.048 0.652
45 0.652 0.048 0.604
56 0.7 0.048 0.652
58 0.652 0.048 0.604
59 0.652 0.048 0.604
69 0.652 0.048 0.604
24 0.604 0.096 0.508
24 0.508 0.16 0.348
55 0.7 0.048 0.652
4 0.7 0.048 0.652
61 0.7 0.048 0.652
71 0.7 0.048 0.652
25 0.7 0.048 0.652
3 0.7 0.048 0.652
27 0.7 0.048 0.652
27 0.652 0.048 0.604
64 0.7 0.048 0.652
64 0.652 0.048 0.604
25 0.652 0.096 0.556
25 0.556 0.16 0.396
3 0.652 0.16 0.492
27 0.604 0.16 0.444
64 0.604 0.16 0.444
7 0.7 0.048 0.652
9 0.7 0.048 0.652
23 0.7 0.048 0.652
24 0.412707 0.048 0.364707
46 0.7 0.048 0.652
12 0.7 0.048 0.652
17 0.7 0.048 0.652
1 0.7 0.048 0.652
13 0.7 0.048 0.652
37 0.7 0.048 0.652
42 0.7 0.048 0.652
54 0.7 0.048 0.652
73 0.7 0.048 0.652
74 0.7 0.048 0.652
78 0.7 0.048 0.652
32 0.7 0.048 0.652
3 0.560543 0.048 0.512543
22 0.7 0.048 0.652
34 0.7 0.048 0.652
50 0.7 0.048 0.652
28 0.7 0.048 0.652
36 0.7 0.048 0.652
63 0.7 0.048 0.652
70 0.7 0.048 0.652
34 0.7 0.048 0.652
22 0.7 0.048 0.652
32 0.652 0.048 0.604
50 0.652 0.048 0.604
29 0.7 0.048 0.652
5 0.7 0.048 0.652
16 0.7 0.048 0.652
47 0.7 0.048 0.652
48 0.7 0.048 0.652
7 0.7 0.048 0.652
9 0.7 0.048 0.652
10 0.691525 0.048 0.643525
23 0.7 0.048 0.652
40 0.7 0.048 0.652
18 0.7 0.048 0.652
6 0.7 0.048 0.652
14 0.7 0.048 0.652
14 0.652 0.048 0.604
26 0.7 0.048 0.652
35 0.7 0.048 0.652
41 0.7 0.048 0.652
41 0.652 0.048 0.604
60 0.7 0.048 0.652
60 0.652 0.048 0.604
65 0.7 0.048 0.652
65 0.652 0.048 0.604
18 0.652 0.192 0.46
18 0.46 0.16 0.3
6 0.652 0.16 0.492
14 0.604 0.16 0.444
26 0.652 0.16 0.492
35 0.652 0.16 0.492
41 0.604 0.16 0.444
60 0.604 0.16 0.444
65 0.604 0.16 0.444
47 0.7 0.048 0.652
5 0.652 0.048 0.604
16 0.7 0.048 0.652
29 0.7 0.048 0.652
30 0.7 0.048 0.652
7 0.7 0.048 0.652
9 0.7 0.048 0.652
10 0.7 0.048 0.652
40 0.7 0.048 0.652
68 0.7 0.048 0.652
72 0.7 0.048 0.652
75 0.7 0.048 0.652
30 0.7 0.048 0.652
5 0.670375 0.048 0.622375
5 0.622375 0.048 0.574375
47 0.652 0.048 0.604
53 0.7 0.048 0.652
30 0.652 0.048 0.604
30 0.604 0.16 0.444
5 0.574375 0.16 0.414375
47 0.604 0.16 0.444
53 0.652 0.16 0.492
58 0.7 0.048 0.652
21 0.7 0.048 0.652
24 0.562683 0.048 0.514683
38 0.7 0.048 0.652
38 0.652 0.048 0.604
44 0.7 0.048 0.652
44 0.652 0.048 0.604
45 0.7 0.048 0.652
45 0.652 0.048 0.604
56 0.7 0.048 0.652
59 0.7 0.048 0.652
69 0.7 0.048 0.652
58 0.652 0.144 0.508
58 0.508 0.16 0.348
21 0.652 0.16 0.492
24 0.514683 0.16 0.354683
38 0.604 0.16 0.444
44 0.604 0.16 0.444
45 0.604 0.16 0.444
56 0.652 0.16 0.492
59 0.652 0.16 0.492
69 0.652 0.16 0.492
10 0.7 0.048 0.652
40 0.7 0.048 0.652
68 0.7 0.048 0.652
72 0.7 0.048 0.652
75 0.7 0.048 0.652
70 0.7 0.048 0.652
28 0.7 0.048 0.652
31 0.7 0.048 0.652
36 0.7 0.048 0.652
6 0.622046 0.048 0.574046
18 0.422657 0.048 0.374657
26 0.621167 0.048 0.573167
35 0.627064 0.048 0.579064
67 0.7 0.048 0.652
61 0.7 0.048 0.652
4 0.7 0.048 0.652
55 0.7 0.048 0.652
71 0.7 0.048 0.652
57 0.7 0.048 0.652
4 0.7 0.048 0.652
4 0.652 0.048 0.604
71 0.652 0.048 0.604
71 0.604 0.048 0.556
76 0.7 0.048 0.652
57 0.652 0.096 0.556
57 0.556 0.16 0.396
4 0.604 0.16 0.444
71 0.556 0.16 0.396
76 0.652 0.16 0.492
12 0.7 0.048 0.652
46 0.7 0.048 0.652
68 0.7 0.048 0.652
75 0.7 0.048 0.652
14 0.630257 0.048 0.582257
41 0.581541 0.048 0.533541
60 0.64417 0.048 0.59617
65 0.638395 0.048 0.590395
80 0.7 0.048 0.652
45 0.506429 0.048 0.458429
21 0.560783 0.048 0.512783
24 0.41949 0.048 0.37149
38 0.572762 0.048 0.524762
44 0.507175 0.048 0.459175
56 0.627954 0.048 0.579954
58 0.474082 0.048 0.426082
59 0.557243 0.048 0.509243
69 0.55734 0.048 0.50934
55 0.7 0.048 0.652
4 0.444 0.048 0.396
61 0.652 0.048 0.604
71 0.456974 0.048 0.408974
64 0.7 0.048 0.652
3 0.7 0.048 0.652
25 0.7 0.048 0.652
27 0.7 0.048 0.652
36 0.7 0.048 0.652
28 0.7 0.048 0.652
31 0.7 0.048 0.652
70 0.7 0.048 0.652
12 0.7 0.048 0.652
17 0.7 0.048 0.652
46 0.7 0.048 0.652
46 0.652 0.048 0.604
12 0.652 0.048 0.604
17 0.652 0.048 0.604
46 0.604 0.048 0.556
46 0.556 0.16 0.396
1 0.7 0.048 0.652
13 0.7 0.048 0.652
37 0.7 0.048 0.652
42 0.7 0.048 0.652
74 0.7 0.048 0.652
78 0.7 0.048 0.652
2 0.7 0.048 0.652
15 0.7 0.048 0.652
20 0.7 0.048 0.652
62 0.7 0.048 0.652
32 0.7 0.048 0.652
3 0.7 0.048 0.652
22 0.7 0.048 0.652
25 0.7 0.048 0.652
34 0.7 0.048 0.652
50 0.7 0.048 0.652
28 0.7 0.048 0.652
36 0.652 0.048 0.604
63 0.7 0.048 0.652
70 0.652 0.048 0.604
34 0.7 0.048 0.652
22 0.7 0.048 0.652
32 0.652 0.048 0.604
50 0.652 0.048 0.604
29 0.7 0.048 0.652
16 0.7 0.048 0.652
47 0.7 0.048 0.652
48 0.7 0.048 0.652
12 0.668562 0.048 0.620562
17 0.67121 0.048 0.62321
46 0.46576 0.048 0.41776
63 0.7 0.048 0.652
9 0.7 0.048 0.652
7 0.7 0.048 0.652
10 0.7 0.048 0.652
23 0.7 0.048 0.652
23 0.652 0.048 0.604
9 0.652 0.048 0.604
9 0.604 0.16 0.444
7 0.652 0.16 0.492
10 0.652 0.16 0.492
23 0.604 0.16 0.444
5 0.661504 0.048 0.613504
30 0.7 0.048 0.652
47 0.652 0.048 0.604
53 0.681543 0.048 0.633543
41 0.660124 0.048 0.612124
6 0.7 0.048 0.652
14 0.7 0.048 0.652
18 0.569037 0.048 0.521037
35 0.7 0.048 0.652
60 0.7 0.048 0.652
65 0.7 0.048 0.652
80 0.7 0.048 0.652
47 0.664625 0.048 0.616625
5 0.613504 0.048 0.565504
16 0.7 0.048 0.652
29 0.7 0.048 0.652
30 0.652 0.048 0.604
17 0.688886 0.048 0.640886
28 0.7 0.048 0.652
63 0.7 0.048 0.652
65 0.7 0.048 0.652
14 0.7 0.048 0.652
18 0.586954 0.048 0.538954
41 0.673299 0.048 0.625299
60 0.7 0.048 0.652
80 0.7 0.048 0.652
31 0.7 0.048 0.652
36 0.7 0.048 0.652
70 0.7 0.048 0.652
22 0.7 0.048 0.652
32 0.7 0.048 0.652
34 0.7 0.048 0.652
50 0.7 0.048 0.652
49 0.7 0.048 0.652
8 0.7 0.048 0.652
26 0.7 0.048 0.652
26 0.652 0.048 0.604
43 0.7 0.048 0.652
67 0.7 0.048 0.652
49 0.652 0.048 0.604
49 0.604 0.16 0.444
8 0.652 0.16 0.492
26 0.604 0.16 0.444
43 0.652 0.16 0.492
67 0.652 0.16 0.492
4 0.65157 0.048 0.60357
55 0.7 0.048 0.652
57 0.639889 0.048 0.591889
61 0.7 0.048 0.652
71 0.599411 0.048 0.551411
28 0.7 0.048 0.652
36 0.7 0.048 0.652
63 0.7 0.048 0.652
70 0.7 0.048 0.652
70 0.652 0.048 0.604
28 0.652 0.048 0.604
31 0.7 0.048 0.652
36 0.652 0.048 0.604
70 0.604 0.048 0.556
70 0.556 0.16 0.396
6 0.7 0.048 0.652
18 0.599625 0.048 0.551625
26 0.444 0.048 0.396
35 0.7 0.048 0.652
67 0.55768 0.048 0.50968
61 0.7 0.048 0.652
4 0.60357 0.048 0.55557
55 0.7 0.048 0.652
71 0.621376 0.048 0.573376
16 0.7 0.048 0.652
29 0.7 0.048 0.652
47 0.7 0.048 0.652
48 0.7 0.048 0.652
48 0.652 0.048 0.604
16 0.652 0.048 0.604
16 0.604 0.16 0.444
29 0.652 0.16 0.492
47 0.652 0.16 0.492
48 0.604 0.16 0.444
20 0.7 0.048 0.652
2 0.7 0.048 0.652
15 0.7 0.048 0.652
62 0.7 0.048 0.652
28 0.669984 0.048 0.621984
31 0.7 0.048 0.652
36 0.670624 0.048 0.622624
70 0.457537 0.048 0.409537
14 0.7 0.048 0.652
41 0.7 0.048 0.652
60 0.7 0.048 0.652
65 0.7 0.048 0.652
80 0.7 0.048 0.652
45 0.7 0.048 0.652
21 0.7 0.048 0.652
24 0.688525 0.048 0.640525
38 0.7 0.048 0.652
44 0.7 0.048 0.652
56 0.7 0.048 0.652
58 0.7 0.048 0.652
59 0.7 0.048 0.652
69 0.7 0.048 0.652
63 0.7 0.048 0.652
28 0.621984 0.048 0.573984
55 0.7 0.048 0.652
4 0.62528 0.048 0.57728
61 0.652 0.048 0.604
71 0.641641 0.048 0.593641
64 0.7 0.048 0.652
3 0.7 0.048 0.652
27 0.7 0.048 0.652
78 0.7 0.048 0.652
1 0.7 0.048 0.652
13 0.7 0.048 0.652
42 0.7 0.048 0.652
42 0.652 0.048 0.604
77 0.7 0.048 0.652
78 0.652 0.048 0.604
78 0.604 0.16 0.444
1 0.652 0.16 0.492
13 0.652 0.16 0.492
42 0.604 0.16 0.444
77 0.652 0.16 0.492
36 0.692523 0.048 0.644523
28 0.634748 0.048 0.586748
31 0.7 0.048 0.652
70 0.473991 0.048 0.425991
31 0.652 0.048 0.604
36 0.644523 0.048 0.596523
70 0.425991 0.048 0.377991
73 0.7 0.048 0.652
1 0.492 0.048 0.444
13 0.554859 0.048 0.506859
37 0.7 0.048 0.652
42 0.444 0.048 0.396
54 0.7 0.048 0.652
74 0.7 0.048 0.652
78 0.444 0.048 0.396
2 0.7 0.048 0.652
15 0.7 0.048 0.652
20 0.7 0.048 0.652
62 0.7 0.048 0.652
66 0.7 0.048 0.652
52 0.7 0.048 0.652
76 0.7 0.048 0.652
76 0.652 0.048 0.604
66 0.652 0.048 0.604
66 0.604 0.16 0.444
52 0.652 0.16 0.492
76 0.604 0.16 0.444
32 0.7 0.048 0.652
22 0.7 0.048 0.652
25 0.7 0.048 0.652
34 0.7 0.048 0.652
50 0.7 0.048 0.652
28 0.65611 0.048 0.60811
36 0.596523 0.048 0.548523
63 0.7 0.048 0.652
70 0.377991 0.048 0.329991
34 0.7 0.048 0.652
22 0.7 0.048 0.652
32 0.652 0.048 0.604
50 0.652 0.048 0.604
29 0.623458 0.048 0.575458
16 0.568767 0.048 0.520767
47 0.622261 0.048 0.574261
48 0.579737 0.048 0.531737
31 0.665 0.048 0.617
37 0.7 0.048 0.652
54 0.7 0.048 0.652
73 0.7 0.048 0.652
74 0.7 0.048 0.652
5 0.7 0.048 0.652
30 0.7 0.048 0.652
47 0.574261 0.048 0.526261
53 0.7 0.048 0.652
41 0.7 0.048 0.652
14 0.7 0.048 0.652
18 0.7 0.048 0.652
60 0.7 0.048 0.652
65 0.7 0.048 0.652
80 0.7 0.048 0.652
62 0.7 0.048 0.652
2 0.7 0.048 0.652
15 0.7 0.048 0.652
20 0.7 0.048 0.652
47 0.592175 0.048 0.544175
5 0.652 0.048 0.604
16 0.583284 0.048 0.535284
29 0.637166 0.048 0.589166
30 0.652 0.048 0.604
21 0.7 0.048 0.652
24 0.7 0.048 0.652
38 0.7 0.048 0.652
38 0.652 0.048 0.604
44 0.7 0.048 0.652
44 0.652 0.048 0.604
45 0.7 0.048 0.652
56 0.7 0.048 0.652
58 0.7 0.048 0.652
59 0.7 0.048 0.652
69 0.7 0.048 0.652
21 0.652 0.096 0.556
21 0.556 0.16 0.396
24 0.652 0.16 0.492
38 0.604 0.16 0.444
44 0.604 0.16 0.444
45 0.652 0.16 0.492
56 0.652 0.16 0.492
58 0.652 0.16 0.492
59 0.652 0.16 0.492
69 0.652 0.16 0.492
53 0.7 0.048 0.652
5 0.664856 0.048 0.616856
30 0.604 0.048 0.556
80 0.7 0.048 0.652
14 0.652 0.048 0.604
41 0.7 0.048 0.652
60 0.7 0.048 0.652
65 0.652 0.048 0.604
1 0.575007 0.048 0.527007
13 0.569046 0.048 0.521046
37 0.7 0.048 0.652
42 0.52489 0.048 0.47689
54 0.7 0.048 0.652
73 0.7 0.048 0.652
74 0.7 0.048 0.652
65 0.666269 0.048 0.618269
14 0.670834 0.048 0.622834
18 0.7 0.048 0.652
41 0.652 0.048 0.604
60 0.652 0.048 0.604
80 0.652 0.048 0.604
54 0.652 0.048 0.604
1 0.527007 0.048 0.479007
37 0.7 0.048 0.652
73 0.652 0.048 0.604
74 0.652 0.048 0.604
31 0.685771 0.048 0.637771
36 0.683048 0.048 0.635048
70 0.459334 0.048 0.411334
38 0.505162 0.048 0.457162
21 0.460181 0.048 0.412181
44 0.444 0.048 0.396
45 0.492 0.048 0.444
56 0.559111 0.048 0.511111
58 0.559675 0.048 0.511675
69 0.556713 0.048 0.508713
22 0.7 0.048 0.652
25 0.7 0.048 0.652
32 0.7 0.048 0.652
34 0.7 0.048 0.652
50 0.7 0.048 0.652
40 0.7 0.048 0.652
7 0.7 0.048 0.652
7 0.652 0.048 0.604
9 0.7 0.048 0.652
10 0.7 0.048 0.652
68 0.7 0.048 0.652
72 0.7 0.048 0.652
75 0.7 0.048 0.652
40 0.652 0.048 0.604
40 0.604 0.16 0.444
7 0.604 0.16 0.444
9 0.652 0.16 0.492
10 0.652 0.16 0.492
68 0.652 0.16 0.492
72 0.652 0.16 0.492
75 0.652 0.16 0.492
51 0.7 0.048 0.652
68 0.492 0.048 0.444
40 0.51358 0.048 0.46558
72 0.492 0.048 0.444
75 0.492 0.048 0.444
4 0.7 0.048 0.652
55 0.7 0.048 0.652
57 0.7 0.048 0.652
61 0.7 0.048 0.652
71 0.7 0.048 0.652
3 0.7 0.048 0.652
25 0.652 0.048 0.604
27 0.7 0.048 0.652
27 0.652 0.048 0.604
64 0.7 0.048 0.652
3 0.652 0.048 0.604
3 0.604 0.16 0.444
25 0.604 0.16 0.444
27 0.604 0.16 0.444
64 0.652 0.16 0.492
1 0.545708 0.048 0.497708
13 0.585421 0.048 0.537421
42 0.538382 0.048 0.490382
74 0.665397 0.048 0.617397
77 0.7 0.048 0.652
78 0.591303 0.048 0.543303
6 0.7 0.048 0.652
18 0.7 0.048 0.652
26 0.7 0.048 0.652
35 0.7 0.048 0.652
67 0.7 0.048 0.652
59 0.629538 0.048 0.581538
21 0.474028 0.048 0.426028
24 0.55871 0.048 0.51071
45 0.509117 0.048 0.461117
56 0.58109 0.048 0.53309
58 0.577628 0.048 0.529628
69 0.573142 0.048 0.525142
61 0.7 0.048 0.652
4 0.652 0.048 0.604
55 0.7 0.048 0.652
71 0.7 0.048 0.652
20 0.7 0.048 0.652
2 0.7 0.048 0.652
15 0.7 0.048 0.652
62 0.7 0.048 0.652
74 0.677986 0.048 0.629986
1 0.561866 0.048 0.513866
37 0.7 0.048 0.652
37 0.652 0.048 0.604
42 0.55793 0.048 0.50993
54 0.7 0.048 0.652
73 0.7 0.048 0.652
73 0.652 0.048 0.604
74 0.629986 0.096 0.533986
74 0.533986 0.16 0.373986
1 0.513866 0.16 0.353866
37 0.604 0.16 0.444
42 0.50993 0.16 0.34993
54 0.652 0.16 0.492
73 0.604 0.16 0.444
13 0.607265 0.048 0.559265
42 0.34993 0.048 0.30193
77 0.7 0.048 0.652
78 0.612814 0.048 0.564814
14 0.7 0.048 0.652
41 0.7 0.048 0.652
60 0.7 0.048 0.652
65 0.7 0.048 0.652
80 0.7 0.048 0.652
45 0.526194 0.048 0.478194
21 0.426028 0.048 0.378028
24 0.580332 0.048 0.532332
38 0.583355 0.048 0.535355
44 0.523765 0.048 0.475765
56 0.599624 0.048 0.551624
58 0.593894 0.048 0.545894
59 0.581538 0.048 0.533538
69 0.590252 0.048 0.542252
63 0.7 0.048 0.652
28 0.7 0.048 0.652
55 0.7 0.048 0.652
4 0.672431 0.048 0.624431
61 0.652 0.048 0.604
71 0.7 0.048 0.652
64 0.555374 0.048 0.507374
3 0.573542 0.048 0.525542
27 0.575473 0.048 0.527473
50 0.7 0.048 0.652
22 0.7 0.048 0.652
25 0.576391 0.048 0.528391
32 0.7 0.048 0.652
34 0.7 0.048 0.652
17 0.7 0.048 0.652
12 0.7 0.048 0.652
12 0.652 0.048 0.604
46 0.7 0.048 0.652
46 0.652 0.048 0.604
17 0.652 0.096 0.556
17 0.556 0.16 0.396
12 0.604 0.16 0.444
46 0.604 0.16 0.444
44 0.540549 0.048 0.492549
21 0.440249 0.048 0.392249
38 0.535355 0.048 0.487355
45 0.478194 0.048 0.430194
56 0.551624 0.048 0.503624
58 0.545894 0.048 0.497894
69 0.542252 0.048 0.494252
10 0.612459 0.048 0.564459
7 0.574247 0.048 0.526247
7 0.526247 0.048 0.478247
9 0.630326 0.048 0.582326
40 0.533518 0.048 0.485518
72 0.573108 0.048 0.525108
10 0.564459 0.048 0.516459
10 0.516459 0.16 0.356459
7 0.478247 0.16 0.318247
9 0.582326 0.16 0.422326
40 0.485518 0.16 0.325518
72 0.525108 0.16 0.365108
76 0.697722 0.048 0.649722
52 0.7 0.048 0.652
57 0.7 0.048 0.652
66 0.7 0.048 0.652
36 0.7 0.048 0.652
28 0.7 0.048 0.652
31 0.7 0.048 0.652
70 0.612404 0.048 0.564404
60 0.7 0.048 0.652
77 0.7 0.048 0.652
80 0.7 0.048 0.652
1 0.417919 0.048 0.369919
13 0.690725 0.048 0.642725
37 0.507642 0.048 0.459642
42 0.36929 0.048 0.32129
54 0.559442 0.048 0.511442
73 0.509295 0.048 0.461295
74 0.443377 0.048 0.395377
2 0.7 0.048 0.652
15 0.7 0.048 0.652
20 0.7 0.048 0.652
62 0.7 0.048 0.652
8 0.7 0.048 0.652
43 0.7 0.048 0.652
49 0.7 0.048 0.652
67 0.7 0.048 0.652
72 0.365108 0.048 0.317108
10 0.420913 0.048 0.372913
40 0.392651 0.048 0.344651
68 0.633757 0.048 0.585757
75 0.638159 0.048 0.590159
13 0.642725 0.048 0.594725
1 0.369919 0.048 0.321919
42 0.390964 0.048 0.342964
77 0.652 0.048 0.604
78 0.633824 0.048 0.585824
32 0.7 0.048 0.652
22 0.7 0.048 0.652
25 0.598285 0.048 0.550285
34 0.7 0.048 0.652
50 0.7 0.048 0.652
28 0.7 0.048 0.652
36 0.652 0.048 0.604
63 0.7 0.048 0.652
34 0.7 0.048 0.652
22 0.7 0.048 0.652
32 0.652 0.048 0.604
50 0.652 0.048 0.604
29 0.7 0.048 0.652
16 0.7 0.048 0.652
47 0.7 0.048 0.652
48 0.7 0.048 0.652
27 0.649775 0.048 0.601775
3 0.587917 0.048 0.539917
25 0.550285 0.048 0.502285
64 0.640999 0.048 0.592999
77 0.604 0.048 0.556
13 0.594725 0.048 0.546725
78 0.653921 0.048 0.605921
14 0.7 0.048 0.652
18 0.7 0.048 0.652
41 0.7 0.048 0.652
60 0.7 0.048 0.652
65 0.7 0.048 0.652
80 0.7 0.048 0.652
5 0.7 0.048 0.652
30 0.7 0.048 0.652
47 0.652 0.048 0.604
53 0.7 0.048 0.652
41 0.652 0.048 0.604
14 0.652 0.048 0.604
18 0.652 0.048 0.604
35 0.7 0.048 0.652
35 0.652 0.048 0.604
60 0.652 0.048 0.604
65 0.652 0.048 0.604
41 0.604 0.096 0.508
41 0.508 0.16 0.348
62 0.7 0.048 0.652
2 0.7 0.048 0.652
15 0.7 0.048 0.652
20 0.7 0.048 0.652
47 0.665425 0.048 0.617425
5 0.652 0.048 0.604
16 0.7 0.048 0.652
29 0.7 0.048 0.652
30 0.652 0.048 0.604
53 0.7 0.048 0.652
5 0.672365 0.048 0.624365
30 0.604 0.048 0.556
80 0.7 0.048 0.652
14 0.604 0.048 0.556
60 0.671687 0.048 0.623687
65 0.604 0.048 0.556
80 0.652 0.048 0.604
80 0.604 0.16 0.444
6 0.7 0.048 0.652
14 0.62385 0.048 0.57585
18 0.664129 0.048 0.616129
35 0.670282 0.048 0.622282
41 0.410844 0.048 0.362844
60 0.623687 0.048 0.575687
65 0.616555 0.048 0.568555
80 0.444 0.048 0.396
65 0.568555 0.048 0.520555
14 0.57585 0.048 0.52785
18 0.616129 0.048 0.568129
41 0.362844 0.048 0.314844
60 0.575687 0.048 0.527687
80 0.396 0.048 0.348
65 0.520555 0.048 0.472555
65 0.472555 0.16 0.312555
54 0.638347 0.048 0.590347
1 0.451421 0.048 0.403421
37 0.663397 0.048 0.615397
73 0.591124 0.048 0.543124
74 0.524818 0.048 0.476818
7 0.440647 0.048 0.392647
9 0.614367 0.048 0.566367
10 0.506093 0.048 0.458093
23 0.7 0.048 0.652
23 0.652 0.048 0.604
7 0.392647 0.048 0.344647
7 0.344647 0.16 0.184647
9 0.566367 0.16 0.406367
10 0.458093 0.16 0.298093
23 0.604 0.16 0.444
31 0.7 0.048 0.652
70 0.691834 0.048 0.643834
70 0.643834 0.048 0.595834
31 0.652 0.048 0.604
31 0.604 0.16 0.444
70 0.595834 0.16 0.435834
38 0.678376 0.048 0.630376
21 0.587729 0.048 0.539729
44 0.621986 0.048 0.573986
45 0.629173 0.048 0.581173
56 0.7 0.048 0.652
58 0.7 0.048 0.652
69 0.682928 0.048 0.634928
22 0.7 0.048 0.652
25 0.628669 0.048 0.580669
32 0.7 0.048 0.652
34 0.7 0.048 0.652
50 0.7 0.048 0.652
19 0.7 0.048 0.652
11 0.7 0.048 0.652
11 0.652 0.048 0.604
33 0.7 0.048 0.652
19 0.652 0.048 0.604
19 0.604 0.16 0.444
11 0.604 0.16 0.444
33 0.652 0.16 0.492
51 0.7 0.048 0.652
43 0.7 0.048 0.652
8 0.7 0.048 0.652
49 0.7 0.048 0.652
68 0.7 0.048 0.652
40 0.543975 0.048 0.495975
72 0.513001 0.048 0.465001
75 0.7 0.048 0.652
4 0.7 0.048 0.652
55 0.7 0.048 0.652
57 0.7 0.048 0.652
61 0.7 0.048 0.652
71 0.7 0.048 0.652
6 0.7 0.048 0.652
18 0.637229 0.048 0.589229
26 0.7 0.048 0.652
35 0.689618 0.048 0.641618
41 0.381869 0.048 0.333869
65 0.377965 0.048 0.329965
67 0.7 0.048 0.652
6 0.652 0.048 0.604
18 0.589229 0.048 0.541229
26 0.652 0.048 0.604
35 0.641618 0.048 0.593618
67 0.652 0.048 0.604
6 0.604 0.048 0.556
6 0.556 0.16 0.396
39 0.7 0.048 0.652
79 0.7 0.048 0.652
59 0.7 0.048 0.652
21 0.602062 0.048 0.554062
24 0.7 0.048 0.652
56 0.7 0.048 0.652
58 0.7 0.048 0.652
69 0.695602 0.048 0.647602
61 0.7 0.048 0.652
4 0.652 0.048 0.604
55 0.7 0.048 0.652
71 0.7 0.048 0.652
11 0.508477 0.048 0.460477
19 0.504996 0.048 0.456996
33 0.552838 0.048 0.504838
48 0.7 0.048 0.652
16 0.7 0.048 0.652
29 0.7 0.048 0.652
56 0.652 0.048 0.604
21 0.554062 0.048 0.506062
24 0.7 0.048 0.652
38 0.692352 0.048 0.644352
44 0.7 0.048 0.652
45 0.7 0.048 0.652
58 0.652 0.048 0.604
59 0.652 0.048 0.604
69 0.7 0.048 0.652
20 0.7 0.048 0.652
2 0.7 0.048 0.652
62 0.7 0.048 0.652
6 0.462387 0.048 0.414387
8 0.7 0.048 0.652
26 0.665181 0.048 0.617181
35 0.655045 0.048 0.607045
49 0.7 0.048 0.652
67 0.6665 0.048 0.6185
14 0.655968 0.048 0.607968
41 0.399062 0.048 0.351062
60 0.660704 0.048 0.612704
65 0.397291 0.048 0.349291
80 0.4784 0.048 0.4304
45 0.652 0.048 0.604
21 0.506062 0.048 0.458062
38 0.7 0.048 0.652
44 0.652 0.048 0.604
56 0.67138 0.048 0.62338
58 0.666861 0.048 0.618861
59 0.604 0.048 0.556
69 0.652 0.048 0.604
63 0.7 0.048 0.652
28 0.7 0.048 0.652
55 0.7 0.048 0.652
4 0.668066 0.048 0.620066
61 0.652 0.048 0.604
71 0.7 0.048 0.652
64 0.7 0.048 0.652
3 0.7 0.048 0.652
25 0.7 0.048 0.652
27 0.7 0.048 0.652
50 0.7 0.048 0.652
22 0.7 0.048 0.652
25 0.652 0.048 0.604
32 0.7 0.048 0.652
34 0.7 0.048 0.652
26 0.617181 0.048 0.569181
6 0.414387 0.048 0.366387
18 0.602189 0.048 0.554189
35 0.675131 0.048 0.627131
49 0.652 0.048 0.604
67 0.6185 0.048 0.5705
26 0.569181 0.048 0.521181
26 0.521181 0.16 0.361181
42 0.607483 0.048 0.559483
1 0.534587 0.048 0.486587
13 0.7 0.048 0.652
37 0.7 0.048 0.652
37 0.652 0.048 0.604
74 0.608826 0.048 0.560826
78 0.7 0.048 0.652
42 0.559483 0.048 0.511483
42 0.511483 0.16 0.351483
1 0.486587 0.16 0.326587
13 0.652 0.16 0.492
37 0.604 0.16 0.444
74 0.560826 0.16 0.400826
78 0.652 0.16 0.492
44 0.665742 0.048 0.617742
21 0.518891 0.048 0.470891
38 0.652 0.048 0.604
45 0.604 0.048 0.556
56 0.62338 0.048 0.57538
69 0.604 0.048 0.556
79 0.7 0.048 0.652
79 0.652 0.048 0.604
44 0.617742 0.048 0.569742
44 0.569742 0.16 0.409742
21 0.470891 0.16 0.310891
38 0.604 0.16 0.444
45 0.556 0.16 0.396
56 0.57538 0.16 0.41538
69 0.556 0.16 0.396
79 0.604 0.16 0.444
76 0.7 0.048 0.652
52 0.7 0.048 0.652
57 0.7 0.048 0.652
66 0.7 0.048 0.652
52 0.652 0.048 0.604
66 0.652 0.048 0.604
76 0.652 0.048 0.604
36 0.7 0.048 0.652
28 0.7 0.048 0.652
70 0.62941 0.048 0.58141
8 0.7 0.048 0.652
26 0.430525 0.048 0.382525
43 0.7 0.048 0.652
49 0.671128 0.048 0.623128
67 0.635836 0.048 0.587836
1 0.396069 0.048 0.348069
13 0.558583 0.048 0.510583
37 0.444 0.048 0.396
42 0.351483 0.048 0.303483
54 0.7 0.048 0.652
73 0.7 0.048 0.652
73 0.652 0.048 0.604
74 0.461586 0.048 0.413586
1 0.348069 0.048 0.300069
1 0.300069 0.16 0.140069
13 0.510583 0.16 0.350583
37 0.396 0.16 0.236
42 0.303483 0.16 0.143483
54 0.652 0.16 0.492
73 0.604 0.16 0.444
74 0.413586 0.16 0.253586
2 0.7 0.048 0.652
15 0.7 0.048 0.652
20 0.7 0.048 0.652
62 0.7 0.048 0.652
8 0.652 0.048 0.604
43 0.652 0.048 0.604
49 0.623128 0.048 0.575128
67 0.587836 0.048 0.539836
8 0.604 0.048 0.556
8 0.556 0.16 0.396
72 0.60247 0.048 0.55447
10 0.491697 0.048 0.443697
40 0.622026 0.048 0.574026
68 0.7 0.048 0.652
75 0.7 0.048 0.652
13 0.350583 0.048 0.302583
1 0.140069 0.048 0.0920687
42 0.210731 0.048 0.162731
74 0.253586 0.048 0.205586
77 0.7 0.048 0.652
78 0.556426 0.048 0.508426
32 0.7 0.048 0.652
22 0.7 0.048 0.652
25 0.669648 0.048 0.621648
34 0.7 0.048 0.652
50 0.7 0.048 0.652
28 0.7 0.048 0.652
36 0.652 0.048 0.604
63 0.7 0.048 0.652
70 0.58141 0.048 0.53341
34 0.7 0.048 0.652
22 0.7 0.048 0.652
32 0.652 0.048 0.604
50 0.652 0.048 0.604
69 0.52807 0.048 0.48007
21 0.371082 0.048 0.323082
24 0.7 0.048 0.652
38 0.506968 0.048 0.458968
44 0.479006 0.048 0.431006
45 0.521809 0.048 0.473809
56 0.483211 0.048 0.435211
58 0.687794 0.048 0.639794
59 0.695371 0.048 0.647371
29 0.7 0.048 0.652
16 0.7 0.048 0.652
47 0.7 0.048 0.652
48 0.7 0.048 0.652
27 0.7 0.048 0.652
3 0.7 0.048 0.652
25 0.621648 0.048 0.573648
64 0.7 0.048 0.652
77 0.652 0.048 0.604
13 0.302583 0.048 0.254583
78 0.571083 0.048 0.523083
8 0.461324 0.048 0.413324
43 0.665955 0.048 0.617955
5 0.7 0.048 0.652
30 0.7 0.048 0.652
47 0.652 0.048 0.604
23 0.7 0.048 0.652
7 0.439581 0.048 0.391581
9 0.65831 0.048 0.61031
62 0.7 0.048 0.652
2 0.7 0.048 0.652
15 0.7 0.048 0.652
20 0.7 0.048 0.652
47 0.66891 0.048 0.62091
5 0.652 0.048 0.604
16 0.7 0.048 0.652
29 0.7 0.048 0.652
30 0.652 0.048 0.604
12 0.7 0.048 0.652
17 0.7 0.048 0.652
46 0.7 0.048 0.652
79 0.57366 0.048 0.52566
39 0.7 0.048 0.652
44 0.494412 0.048 0.446412
53 0.7 0.048 0.652
30 0.604 0.048 0.556
35 0.7 0.048 0.652
6 0.559551 0.048 0.511551
18 0.7 0.048 0.652
26 0.508822 0.048 0.460822
67 0.661838 0.048 0.613838
37 0.361521 0.048 0.313521
1 0.226576 0.048 0.178576
42 0.291763 0.048 0.243763
54 0.622222 0.048 0.574222
73 0.570676 0.048 0.522676
74 0.329797 0.048 0.281797
54 0.574222 0.048 0.526222
1 0.178576 0.048 0.130576
37 0.383389 0.048 0.335389
73 0.522676 0.048 0.474676
74 0.281797 0.048 0.233797
38 0.587547 0.048 0.539547
21 0.457519 0.048 0.409519
24 0.7 0.048 0.652
44 0.446412 0.048 0.398412
45 0.536325 0.048 0.488325
56 0.563621 0.048 0.515621
58 0.7 0.048 0.652
59 0.7 0.048 0.652
69 0.549865 0.048 0.501865
22 0.7 0.048 0.652
32 0.7 0.048 0.652
34 0.7 0.048 0.652
50 0.7 0.048 0.652
71 0.7 0.048 0.652
4 0.7 0.048 0.652
55 0.7 0.048 0.652
57 0.7 0.048 0.652
61 0.7 0.048 0.652
76 0.7 0.048 0.652
51 0.7 0.048 0.652
43 0.7 0.048 0.652
8 0.542258 0.048 0.494258
49 0.7 0.048 0.652
67 0.613838 0.048 0.565838
68 0.7 0.048 0.652
40 0.7 0.048 0.652
72 0.7 0.048 0.652
75 0.7 0.048 0.652
4 0.7 0.048 0.652
55 0.652 0.048 0.604
57 0.652 0.048 0.604
61 0.652 0.048 0.604
71 0.652 0.048 0.604
60 0.7 0.048 0.652
14 0.7 0.048 0.652
18 0.7 0.048 0.652
41 0.616275 0.048 0.568275
65 0.614368 0.048 0.566368
80 0.695842 0.048 0.647842
73 0.542762 0.048 0.494762
1 0.19209 0.048 0.14409
37 0.335389 0.048 0.287389
54 0.595739 0.048 0.547739
74 0.30331 0.048 0.25531
39 0.7 0.048 0.652
79 0.653005 0.048 0.605005
59 0.7 0.048 0.652
21 0.469739 0.048 0.421739
24 0.7 0.048 0.652
38 0.600217 0.048 0.552217
45 0.558075 0.048 0.510075
56 0.581437 0.048 0.533437
58 0.7 0.048 0.652
69 0.570805 0.048 0.522805
61 0.664607 0.048 0.616607
4 0.652 0.048 0.604
55 0.672247 0.048 0.624247
71 0.671724 0.048 0.623724
11 0.7 0.048 0.652
19 0.7 0.048 0.652
33 0.7 0.048 0.652
48 0.7 0.048 0.652
16 0.7 0.048 0.652
29 0.7 0.048 0.652
56 0.533437 0.048 0.485437
21 0.421739 0.048 0.373739
24 0.7 0.048 0.652
38 0.552217 0.048 0.504217
44 0.523855 0.048 0.475855
45 0.572188 0.048 0.524188
58 0.652 0.048 0.604
59 0.652 0.048 0.604
69 0.583874 0.048 0.535874
20 0.7 0.048 0.652
2 0.7 0.048 0.652
15 0.7 0.048 0.652
62 0.7 0.048 0.652
64 0.7 0.048 0.652
14 0.7 0.048 0.652
41 0.634141 0.048 0.586141
60 0.7 0.048 0.652
65 0.635906 0.048 0.587906
80 0.7 0.048 0.652
45 0.524188 0.048 0.476188
21 0.373739 0.048 0.325739
24 0.652 0.048 0.604
38 0.566113 0.048 0.518113
44 0.475855 0.048 0.427855
56 0.548065 0.048 0.500065
58 0.664149 0.048 0.616149
59 0.604 0.048 0.556
69 0.535874 0.048 0.487874
63 0.7 0.048 0.652
28 0.7 0.048 0.652
55 0.684988 0.048 0.636988
4 0.665987 0.048 0.617987
61 0.616607 0.048 0.568607
71 0.689039 0.048 0.641039
64 0.652 0.048 0.604
3 0.7 0.048 0.652
25 0.7 0.048 0.652
27 0.7 0.048 0.652
64 0.604 0.048 0.556
64 0.556 0.16 0.396
50 0.7 0.048 0.652
22 0.7 0.048 0.652
32 0.7 0.048 0.652
34 0.7 0.048 0.652
76 0.7 0.048 0.652
52 0.7 0.048 0.652
57 0.7 0.048 0.652
66 0.7 0.048 0.652
71 0.641039 0.048 0.593039
52 0.652 0.048 0.604
51 0.7 0.048 0.652
66 0.652 0.048 0.604
76 0.652 0.048 0.604
36 0.7 0.048 0.652
28 0.7 0.048 0.652
31 0.7 0.048 0.652
70 0.7 0.048 0.652
3 0.652 0.048 0.604
25 0.652 0.048 0.604
27 0.7 0.048 0.652
64 0.459833 0.048 0.411833
2 0.7 0.048 0.652
15 0.7 0.048 0.652
20 0.7 0.048 0.652
62 0.7 0.048 0.652
72 0.7 0.048 0.652
10 0.7 0.048 0.652
40 0.7 0.048 0.652
68 0.7 0.048 0.652
75 0.7 0.048 0.652
13 0.590273 0.048 0.542273
1 0.281207 0.048 0.233207
42 0.437623 0.048 0.389623
77 0.7 0.048 0.652
78 0.7 0.048 0.652
32 0.7 0.048 0.652
22 0.7 0.048 0.652
25 0.669582 0.048 0.621582
34 0.7 0.048 0.652
50 0.7 0.048 0.652
28 0.7 0.048 0.652
36 0.652 0.048 0.604
63 0.7 0.048 0.652
70 0.652 0.048 0.604
34 0.7 0.048 0.652
22 0.7 0.048 0.652
32 0.652 0.048 0.604
50 0.652 0.048 0.604
69 0.624351 0.048 0.576351
21 0.45228 0.048 0.40428
24 0.7 0.048 0.652
38 0.583628 0.048 0.535628
44 0.563762 0.048 0.515762
45 0.601511 0.048 0.553511
56 0.561274 0.048 0.513274
58 0.680162 0.048 0.632162
59 0.68253 0.048 0.63453
29 0.7 0.048 0.652
16 0.7 0.048 0.652
47 0.7 0.048 0.652
48 0.7 0.048 0.652
27 0.7 0.048 0.652
3 0.672229 0.048 0.624229
25 0.621582 0.048 0.573582
64 0.479477 0.048 0.431477
27 0.652 0.048 0.604
27 0.604 0.16 0.444
77 0.652 0.048 0.604
13 0.542273 0.048 0.494273
78 0.7 0.048 0.652
3 0.624229 0.048 0.576229
25 0.573582 0.048 0.525582
27 0.444 0.048 0.396
32 0.604 0.048 0.556
50 0.604 0.048 0.556
64 0.431477 0.048 0.383477
5 0.7 0.048 0.652
30 0.7 0.048 0.652
47 0.652 0.048 0.604
23 0.7 0.048 0.652
7 0.7 0.048 0.652
9 0.7 0.048 0.652
10 0.7 0.048 0.652
62 0.7 0.048 0.652
2 0.7 0.048 0.652
15 0.7 0.048 0.652
20 0.7 0.048 0.652
47 0.670234 0.048 0.622234
5 0.652 0.048 0.604
16 0.7 0.048 0.652
29 0.7 0.048 0.652
12 0.7 0.048 0.652
17 0.7 0.048 0.652
46 0.7 0.048 0.652
79 0.7 0.048 0.652
53 0.7 0.048 0.652
5 0.666502 0.048 0.618502
30 0.652 0.048 0.604
3 0.638334 0.048 0.590334
22 0.7 0.048 0.652
25 0.587855 0.048 0.539855
27 0.463824 0.048 0.415824
32 0.618014 0.048 0.570014
34 0.7 0.048 0.652
50 0.62302 0.048 0.57502
35 0.7 0.048 0.652
6 0.7 0.048 0.652
18 0.7 0.048 0.652
26 0.7 0.048 0.652
41 0.7 0.048 0.652
41 0.652 0.048 0.604
67 0.7 0.048 0.652
35 0.652 0.048 0.604
35 0.604 0.16 0.444
6 0.652 0.16 0.492
18 0.652 0.16 0.492
26 0.652 0.16 0.492
41 0.604 0.16 0.444
67 0.652 0.16 0.492
37 0.544937 0.048 0.496937
1 0.365411 0.048 0.317411
42 0.520928 0.048 0.472928
54 0.7 0.048 0.652
73 0.7 0.048 0.652
74 0.515624 0.048 0.467624
54 0.652 0.048 0.604
1 0.317411 0.048 0.269411
37 0.562669 0.048 0.514669
73 0.652 0.048 0.604
74 0.467624 0.048 0.419624
38 0.667296 0.048 0.619296
21 0.536158 0.048 0.488158
44 0.582547 0.048 0.534547
45 0.621648 0.048 0.573648
56 0.643313 0.048 0.595313
59 0.7 0.048 0.652
69 0.63798 0.048 0.58998
22 0.652 0.048 0.604
32 0.630105 0.048 0.582105
34 0.7 0.048 0.652
50 0.64416 0.048 0.59616
22 0.604 0.048 0.556
22 0.556 0.16 0.396
71 0.7 0.048 0.652
4 0.7 0.048 0.652
55 0.7 0.048 0.652
57 0.7 0.048 0.652
61 0.7 0.048 0.652
76 0.7 0.048 0.652
51 0.7 0.048 0.652
43 0.7 0.048 0.652
8 0.7 0.048 0.652
49 0.7 0.048 0.652
67 0.492 0.048 0.444
68 0.7 0.048 0.652
40 0.7 0.048 0.652
72 0.7 0.048 0.652
75 0.7 0.048 0.652
4 0.7 0.048 0.652
55 0.652 0.048 0.604
57 0.652 0.048 0.604
61 0.652 0.048 0.604
71 0.652 0.048 0.604
60 0.7 0.048 0.652
14 0.7 0.048 0.652
18 0.561215 0.048 0.513215
41 0.513952 0.048 0.465952
65 0.7 0.048 0.652
80 0.7 0.048 0.652
22 0.456461 0.048 0.408461
32 0.582105 0.048 0.534105
34 0.652 0.048 0.604
50 0.59616 0.048 0.54816
73 0.668858 0.048 0.620858
1 0.330832 0.048 0.282832
37 0.514669 0.048 0.466669
54 0.671367 0.048 0.623367
74 0.484903 0.048 0.436903
39 0.7 0.048 0.652
33 0.7 0.048 0.652
59 0.7 0.048 0.652
21 0.550124 0.048 0.502124
24 0.7 0.048 0.652
38 0.680024 0.048 0.632024
45 0.640002 0.048 0.592002
56 0.661186 0.048 0.613186
58 0.7 0.048 0.652
69 0.655444 0.048 0.607444
61 0.668719 0.048 0.620719
4 0.652 0.048 0.604
55 0.666744 0.048 0.618744
57 0.66959 0.048 0.62159
71 0.667 0.048 0.619
11 0.7 0.048 0.652
19 0.7 0.048 0.652
33 0.7 0.048 0.652
48 0.7 0.048 0.652
16 0.7 0.048 0.652
29 0.7 0.048 0.652
56 0.613186 0.048 0.565186
21 0.502124 0.048 0.454124
24 0.7 0.048 0.652
38 0.632024 0.048 0.584024
44 0.667457 0.048 0.619457
45 0.653563 0.048 0.605563
58 0.652 0.048 0.604
59 0.652 0.048 0.604
69 0.676759 0.048 0.628759
20 0.7 0.048 0.652
2 0.7 0.048 0.652
15 0.7 0.048 0.652
62 0.7 0.048 0.652
55 0.618744 0.048 0.570744
14 0.7 0.048 0.652
60 0.7 0.048 0.652
65 0.7 0.048 0.652
80 0.7 0.048 0.652
45 0.605563 0.048 0.557563
21 0.454124 0.048 0.406124
24 0.652 0.048 0.604
38 0.646548 0.048 0.598548
44 0.619457 0.048 0.571457
56 0.634408 0.048 0.586408
58 0.669711 0.048 0.621711
59 0.604 0.048 0.556
69 0.628759 0.048 0.580759
63 0.7 0.048 0.652
28 0.7 0.048 0.652
55 0.634592 0.048 0.586592
4 0.671915 0.048 0.623915
61 0.620719 0.048 0.572719
71 0.681295 0.048 0.633295
50 0.677943 0.048 0.629943
22 0.478218 0.048 0.430218
32 0.657951 0.048 0.609951
34 0.665327 0.048 0.617327
76 0.7 0.048 0.652
52 0.7 0.048 0.652
57 0.689556 0.048 0.641556
66 0.7 0.048 0.652
71 0.633295 0.048 0.585295
52 0.652 0.048 0.604
51 0.7 0.048 0.652
66 0.652 0.048 0.604
76 0.652 0.048 0.604
36 0.7 0.048 0.652
28 0.7 0.048 0.652
31 0.7 0.048 0.652
70 0.7 0.048 0.652
4 0.693382 0.048 0.645382
55 0.586592 0.048 0.538592
61 0.637846 0.048 0.589846
71 0.585295 0.048 0.537295
2 0.7 0.048 0.652
15 0.7 0.048 0.652
20 0.7 0.048 0.652
62 0.7 0.048 0.652
72 0.7 0.048 0.652
10 0.7 0.048 0.652
40 0.7 0.048 0.652
68 0.7 0.048 0.652
75 0.7 0.048 0.652
13 0.7 0.048 0.652
1 0.409416 0.048 0.361416
42 0.661053 0.048 0.613053
74 0.570636 0.048 0.522636
77 0.7 0.048 0.652
78 0.7 0.048 0.652
32 0.675719 0.048 0.627719
22 0.498544 0.048 0.450544
25 0.7 0.048 0.652
34 0.685314 0.048 0.637314
50 0.692929 0.048 0.644929
28 0.7 0.048 0.652
36 0.652 0.048 0.604
63 0.7 0.048 0.652
70 0.652 0.048 0.604
34 0.7 0.048 0.652
22 0.513572 0.048 0.465572
32 0.627719 0.048 0.579719
50 0.644929 0.048 0.596929
69 0.7 0.048 0.652
21 0.534624 0.048 0.486624
24 0.7 0.048 0.652
38 0.667403 0.048 0.619403
44 0.694595 0.048 0.646595
45 0.692163 0.048 0.644163
56 0.649225 0.048 0.601225
58 0.688503 0.048 0.640503
59 0.685351 0.048 0.637351
29 0.7 0.048 0.652
16 0.7 0.048 0.652
47 0.7 0.048 0.652
48 0.7 0.048 0.652
77 0.652 0.048 0.604
13 0.652 0.048 0.604
78 0.7 0.048 0.652
4 0.7 0.048 0.652
55 0.600868 0.048 0.552868
57 0.7 0.048 0.652
61 0.656884 0.048 0.608884
71 0.599949 0.048 0.551949
76 0.671207 0.048 0.623207
5 0.7 0.048 0.652
30 0.7 0.048 0.652
47 0.652 0.048 0.604
53 0.7 0.048 0.652
23 0.7 0.048 0.652
7 0.7 0.048 0.652
9 0.7 0.048 0.652
10 0.7 0.048 0.652
62 0.7 0.048 0.652
2 0.7 0.048 0.652
15 0.7 0.048 0.652
20 0.7 0.048 0.652
47 0.671105 0.048 0.623105
5 0.652 0.048 0.604
16 0.7 0.048 0.652
29 0.7 0.048 0.652
12 0.7 0.048 0.652
17 0.7 0.048 0.652
46 0.7 0.048 0.652
79 0.7 0.048 0.652
44 0.7 0.048 0.652
53 0.7 0.048 0.652
5 0.664668 0.048 0.616668
30 0.652 0.048 0.604
4 0.7 0.048 0.652
52 0.7 0.048 0.652
57 0.7 0.048 0.652
61 0.670094 0.048 0.622094
66 0.7 0.048 0.652
71 0.617344 0.048 0.569344
76 0.686557 0.048 0.638557
37 0.7 0.048 0.652
1 0.489749 0.048 0.441749
42 0.7 0.048 0.652
54 0.7 0.048 0.652
73 0.7 0.048 0.652
74 0.650866 0.048 0.602866
54 0.652 0.048 0.604
1 0.441749 0.048 0.393749
37 0.7 0.048 0.652
73 0.652 0.048 0.604
74 0.602866 0.048 0.554866
38 0.7 0.048 0.652
44 0.652 0.048 0.604
45 0.7 0.048 0.652
56 0.7 0.048 0.652
58 0.7 0.048 0.652
59 0.7 0.048 0.652
69 0.7 0.048 0.652
71 0.637561 0.048 0.589561
4 0.652 0.048 0.604
55 0.683152 0.048 0.635152
57 0.7 0.048 0.652
61 0.689931 0.048 0.641931
76 0.7 0.048 0.652
51 0.7 0.048 0.652
52 0.7 0.048 0.652
43 0.7 0.048 0.652
8 0.7 0.048 0.652
49 0.7 0.048 0.652
67 0.7 0.048 0.652
68 0.7 0.048 0.652
40 0.7 0.048 0.652
72 0.7 0.048 0.652
75 0.7 0.048 0.652
4 0.665376 0.048 0.617376
55 0.635152 0.048 0.587152
57 0.652 0.048 0.604
61 0.641931 0.048 0.593931
71 0.589561 0.048 0.541561
60 0.7 0.048 0.652
14 0.7 0.048 0.652
18 0.7 0.048 0.652
41 0.7 0.048 0.652
65 0.7 0.048 0.652
80 0.7 0.048 0.652
51 0.652 0.048 0.604
52 0.652 0.048 0.604
66 0.7 0.048 0.652
76 0.652 0.048 0.604
73 0.671169 0.048 0.623169
1 0.457151 0.048 0.409151
37 0.652 0.048 0.604
54 0.670607 0.048 0.622607
74 0.620419 0.048 0.572419
39 0.7 0.048 0.652
59 0.7 0.048 0.652
21 0.678734 0.048 0.630734
24 0.7 0.048 0.652
38 0.7 0.048 0.652
45 0.7 0.048 0.652
56 0.7 0.048 0.652
58 0.7 0.048 0.652
69 0.7 0.048 0.652
61 0.659305 0.048 0.611305
4 0.617376 0.048 0.569376
55 0.648745 0.048 0.600745
57 0.67001 0.048 0.62201
71 0.604495 0.048 0.556495
11 0.7 0.048 0.652
19 0.7 0.048 0.652
33 0.7 0.048 0.652
48 0.7 0.048 0.652
16 0.7 0.048 0.652
29 0.7 0.048 0.652
56 0.652 0.048 0.604
21 0.630734 0.048 0.582734
24 0.7 0.048 0.652
38 0.652 0.048 0.604
44 0.7 0.048 0.652
45 0.7 0.048 0.652
58 0.652 0.048 0.604
59 0.652 0.048 0.604
69 0.7 0.048 0.652
20 0.7 0.048 0.652
2 0.7 0.048 0.652
15 0.7 0.048 0.652
62 0.7 0.048 0.652
51 0.666604 0.048 0.618604
52 0.671471 0.048 0.623471
66 0.7 0.048 0.652
14 0.7 0.048 0.652
60 0.7 0.048 0.652
65 0.7 0.048 0.652
80 0.7 0.048 0.652
45 0.652 0.048 0.604
21 0.582734 0.048 0.534734
24 0.652 0.048 0.604
38 0.670382 0.048 0.622382
44 0.652 0.048 0.604
56 0.67395 0.048 0.62595
58 0.668952 0.048 0.620952
59 0.604 0.048 0.556
69 0.652 0.048 0.604
63 0.7 0.048 0.652
28 0.7 0.048 0.652
55 0.662322 0.048 0.614322
4 0.632791 0.048 0.584791
61 0.611305 0.048 0.563305
71 0.620297 0.048 0.572297
50 0.7 0.048 0.652
22 0.653934 0.048 0.605934
32 0.7 0.048 0.652
34 0.7 0.048 0.652
76 0.7 0.048 0.652
52 0.692186 0.048 0.644186
57 0.683051 0.048 0.635051
66 0.7 0.048 0.652
52 0.644186 0.048 0.596186
51 0.684753 0.048 0.636753
66 0.652 0.048 0.604
76 0.652 0.048 0.604
36 0.7 0.048 0.652
31 0.7 0.048 0.652
70 0.7 0.048 0.652
51 0.636753 0.048 0.588753
2 0.7 0.048 0.652
15 0.7 0.048 0.652
20 0.7 0.048 0.652
62 0.7 0.048 0.652
72 0.7 0.048 0.652
10 0.7 0.048 0.652
40 0.7 0.048 0.652
68 0.7 0.048 0.652
75 0.7 0.048 0.652
13 0.7 0.048 0.652
1 0.5403 0.048 0.4923
42 0.7 0.048 0.652
74 0.7 0.048 0.652
77 0.7 0.048 0.652
78 0.7 0.048 0.652
32 0.7 0.048 0.652
3 0.7 0.048 0.652
22 0.666998 0.048 0.618998
25 0.7 0.048 0.652
34 0.7 0.048 0.652
50 0.7 0.048 0.652
28 0.7 0.048 0.652
63 0.7 0.048 0.652
70 0.652 0.048 0.604
70 0.668505 0.048 0.620505
28 0.652 0.048 0.604
31 0.7 0.048 0.652
36 0.7 0.048 0.652
34 0.7 0.048 0.652
22 0.679872 0.048 0.631872
32 0.652 0.048 0.604
50 0.652 0.048 0.604
69 0.7 0.048 0.652
21 0.672705 0.048 0.624705
24 0.7 0.048 0.652
38 0.688675 0.048 0.640675
44 0.7 0.048 0.652
45 0.7 0.048 0.652
56 0.694025 0.048 0.646025
58 0.686744 0.048 0.638744
59 0.6915 0.048 0.6435
29 0.7 0.048 0.652
16 0.7 0.048 0.652
47 0.7 0.048 0.652
48 0.7 0.048 0.652
77 0.652 0.048 0.604
13 0.652 0.048 0.604
78 0.7 0.048 0.652
48 0.652 0.048 0.604
5 0.7 0.048 0.652
30 0.7 0.048 0.652
47 0.652 0.048 0.604
53 0.7 0.048 0.652
23 0.7 0.048 0.652
7 0.7 0.048 0.652
9 0.7 0.048 0.652
10 0.7 0.048 0.652
62 0.7 0.048 0.652
2 0.7 0.048 0.652
15 0.7 0.048 0.652
20 0.7 0.048 0.652
47 0.673339 0.048 0.625339
5 0.652 0.048 0.604
16 0.7 0.048 0.652
29 0.7 0.048 0.652
30 0.652 0.048 0.604
12 0.7 0.048 0.652
17 0.7 0.048 0.652
46 0.7 0.048 0.652
79 0.7 0.048 0.652
44 0.7 0.048 0.652
53 0.7 0.048 0.652
5 0.664582 0.048 0.616582
30 0.604 0.048 0.556
16 0.652 0.048 0.604
29 0.7 0.048 0.652
48 0.667357 0.048 0.619357
37 0.7 0.048 0.652
1 0.620538 0.048 0.572538
42 0.7 0.048 0.652
54 0.7 0.048 0.652
73 0.7 0.048 0.652
74 0.7 0.048 0.652
54 0.652 0.048 0.604
1 0.572538 0.048 0.524538
37 0.7 0.048 0.652
73 0.652 0.048 0.604
74 0.652 0.048 0.604
38 0.7 0.048 0.652
24 0.7 0.048 0.652
44 0.652 0.048 0.604
45 0.7 0.048 0.652
56 0.7 0.048 0.652
58 0.7 0.048 0.652
59 0.7 0.048 0.652
69 0.7 0.048 0.652
71 0.7 0.048 0.652
4 0.7 0.048 0.652
55 0.7 0.048 0.652
57 0.7 0.048 0.652
61 0.7 0.048 0.652
76 0.7 0.048 0.652
51 0.7 0.048 0.652
52 0.7 0.048 0.652
43 0.7 0.048 0.652
8 0.7 0.048 0.652
49 0.7 0.048 0.652
67 0.7 0.048 0.652
68 0.7 0.048 0.652
40 0.7 0.048 0.652
72 0.7 0.048 0.652
75 0.7 0.048 0.652
4 0.7 0.048 0.652
55 0.652 0.048 0.604
57 0.652 0.048 0.604
61 0.652 0.048 0.604
71 0.652 0.048 0.604
60 0.7 0.048 0.652
14 0.7 0.048 0.652
18 0.7 0.048 0.652
41 0.7 0.048 0.652
65 0.7 0.048 0.652
80 0.7 0.048 0.652
5 0.685764 0.048 0.637764
16 0.672779 0.048 0.624779
29 0.7 0.048 0.652
47 0.69028 0.048 0.64228
48 0.685175 0.048 0.637175
73 0.667808 0.048 0.619808
1 0.585356 0.048 0.537356
37 0.652 0.048 0.604
54 0.667736 0.048 0.619736
74 0.666838 0.048 0.618838
39 0.7 0.048 0.652
59 0.7 0.048 0.652
21 0.7 0.048 0.652
24 0.7 0.048 0.652
38 0.7 0.048 0.652
45 0.7 0.048 0.652
56 0.7 0.048 0.652
58 0.7 0.048 0.652
69 0.7 0.048 0.652
61 0.670448 0.048 0.622448
4 0.652 0.048 0.604
55 0.664522 0.048 0.616522
57 0.672097 0.048 0.624097
71 0.671556 0.048 0.623556
11 0.7 0.048 0.652
19 0.7 0.048 0.652
33 0.7 0.048 0.652
48 0.7 0.048 0.652
16 0.692522 0.048 0.644522
29 0.652 0.048 0.604
56 0.652 0.048 0.604
21 0.652 0.048 0.604
24 0.7 0.048 0.652
38 0.652 0.048 0.604
44 0.7 0.048 0.652
45 0.7 0.048 0.652
58 0.652 0.048 0.604
59 0.652 0.048 0.604
69 0.7 0.048 0.652
20 0.7 0.048 0.652
2 0.7 0.048 0.652
15 0.7 0.048 0.652
62 0.7 0.048 0.652
65 0.7 0.048 0.652
14 0.652 0.048 0.604
18 0.7 0.048 0.652
41 0.7 0.048 0.652
60 0.7 0.048 0.652
80 0.7 0.048 0.652
80 0.652 0.048 0.604
65 0.652 0.048 0.604
65 0.604 0.16 0.444
14 0.604 0.16 0.444
18 0.652 0.16 0.492
41 0.652 0.16 0.492
60 0.652 0.16 0.492
80 0.604 0.16 0.444
5 0.7 0.048 0.652
16 0.644522 0.048 0.596522
29 0.668243 0.048 0.620243
30 0.7 0.048 0.652
47 0.7 0.048 0.652
53 0.7 0.048 0.652
14 0.511573 0.048 0.463573
60 0.492 0.048 0.444
65 0.444 0.048 0.396
80 0.444 0.048 0.396
45 0.652 0.048 0.604
21 0.604 0.048 0.556
24 0.652 0.048 0.604
38 0.665244 0.048 0.617244
44 0.652 0.048 0.604
56 0.665039 0.048 0.617039
58 0.669308 0.048 0.621308
59 0.604 0.048 0.556
69 0.652 0.048 0.604
63 0.7 0.048 0.652
28 0.7 0.048 0.652
55 0.68016 0.048 0.63216
4 0.671793 0.048 0.623793
61 0.622448 0.048 0.574448
71 0.688707 0.048 0.640707
50 0.7 0.048 0.652
22 0.7 0.048 0.652
32 0.7 0.048 0.652
34 0.7 0.048 0.652
76 0.7 0.048 0.652
52 0.7 0.048 0.652
57 0.68436 0.048 0.63636
66 0.7 0.048 0.652
71 0.640707 0.048 0.592707
52 0.652 0.048 0.604
51 0.7 0.048 0.652
66 0.652 0.048 0.604
76 0.652 0.048 0.604
36 0.7 0.048 0.652
28 0.7 0.048 0.652
70 0.7 0.048 0.652
5 0.7 0.048 0.652
30 0.7 0.048 0.652
47 0.7 0.048 0.652
53 0.7 0.048 0.652
2 0.7 0.048 0.652
15 0.7 0.048 0.652
20 0.7 0.048 0.652
62 0.7 0.048 0.652
72 0.7 0.048 0.652
10 0.7 0.048 0.652
40 0.7 0.048 0.652
68 0.7 0.048 0.652
75 0.7 0.048 0.652
13 0.7 0.048 0.652
1 0.665873 0.048 0.617873
42 0.7 0.048 0.652
77 0.7 0.048 0.652
78 0.7 0.048 0.652
32 0.7 0.048 0.652
3 0.7 0.048 0.652
22 0.7 0.048 0.652
25 0.7 0.048 0.652
34 0.7 0.048 0.652
50 0.7 0.048 0.652
28 0.7 0.048 0.652
36 0.652 0.048 0.604
63 0.7 0.048 0.652
70 0.652 0.048 0.604
70 0.668335 0.048 0.620335
28 0.652 0.048 0.604
36 0.671307 0.048 0.623307
34 0.7 0.048 0.652
22 0.7 0.048 0.652
32 0.652 0.048 0.604
50 0.652 0.048 0.604
69 0.7 0.048 0.652
21 0.685008 0.048 0.637008
24 0.7 0.048 0.652
38 0.677853 0.048 0.629853
44 0.7 0.048 0.652
45 0.7 0.048 0.652
56 0.685212 0.048 0.637212
58 0.683185 0.048 0.635185
59 0.693793 0.048 0.645793
29 0.688276 0.048 0.640276
16 0.7 0.048 0.652
47 0.7 0.048 0.652
48 0.7 0.048 0.652
77 0.652 0.048 0.604
13 0.652 0.048 0.604
78 0.7 0.048 0.652
2 0.652 0.048 0.604
30 0.7 0.048 0.652
53 0.7 0.048 0.652
5 0.7 0.048 0.652
30 0.652 0.048 0.604
47 0.652 0.048 0.604
53 0.652 0.048 0.604
23 0.7 0.048 0.652
7 0.7 0.048 0.652
9 0.7 0.048 0.652
62 0.7 0.048 0.652
2 0.669308 0.048 0.621308
15 0.7 0.048 0.652
20 0.7 0.048 0.652
47 0.666174 0.048 0.618174
5 0.652 0.048 0.604
16 0.7 0.048 0.652
29 0.7 0.048 0.652
30 0.604 0.048 0.556
12 0.7 0.048 0.652
17 0.7 0.048 0.652
46 0.7 0.048 0.652
79 0.7 0.048 0.652
53 0.666676 0.048 0.618676
5 0.666301 0.048 0.618301
30 0.556 0.048 0.508
2 0.621308 0.048 0.573308
15 0.7 0.048 0.652
20 0.652 0.048 0.604
62 0.652 0.048 0.604
8 0.7 0.048 0.652
43 0.7 0.048 0.652
49 0.7 0.048 0.652
67 0.7 0.048 0.652
37 0.7 0.048 0.652
1 0.7 0.048 0.652
54 0.7 0.048 0.652
73 0.7 0.048 0.652
74 0.7 0.048 0.652
54 0.652 0.048 0.604
1 0.652 0.048 0.604
37 0.7 0.048 0.652
73 0.652 0.048 0.604
74 0.652 0.048 0.604
38 0.7 0.048 0.652
24 0.7 0.048 0.652
44 0.7 0.048 0.652
45 0.7 0.048 0.652
56 0.7 0.048 0.652
58 0.7 0.048 0.652
59 0.7 0.048 0.652
69 0.7 0.048 0.652
71 0.7 0.048 0.652
4 0.7 0.048 0.652
55 0.7 0.048 0.652
57 0.7 0.048 0.652
61 0.7 0.048 0.652
76 0.7 0.048 0.652
51 0.7 0.048 0.652
52 0.7 0.048 0.652
43 0.7 0.048 0.652
8 0.7 0.048 0.652
49 0.7 0.048 0.652
67 0.652 0.048 0.604
68 0.7 0.048 0.652
40 0.7 0.048 0.652
72 0.7 0.048 0.652
75 0.7 0.048 0.652
4 0.7 0.048 0.652
55 0.652 0.048 0.604
57 0.652 0.048 0.604
61 0.652 0.048 0.604
71 0.652 0.048 0.604
60 0.7 0.048 0.652
14 0.7 0.048 0.652
18 0.7 0.048 0.652
41 0.7 0.048 0.652
65 0.658314 0.048 0.610314
80 0.660414 0.048 0.612414
2 0.635079 0.048 0.587079
15 0.7 0.048 0.652
20 0.669584 0.048 0.621584
62 0.669822 0.048 0.621822
73 0.672612 0.048 0.624612
1 0.672228 0.048 0.624228
37 0.652 0.048 0.604
54 0.669116 0.048 0.621116
74 0.667822 0.048 0.619822
39 0.7 0.048 0.652
59 0.7 0.048 0.652
21 0.7 0.048 0.652
24 0.7 0.048 0.652
38 0.7 0.048 0.652
45 0.7 0.048 0.652
56 0.7 0.048 0.652
58 0.7 0.048 0.652
69 0.7 0.048 0.652
61 0.672198 0.048 0.624198
4 0.652 0.048 0.604
55 0.672706 0.048 0.624706
57 0.664806 0.048 0.616806
71 0.670942 0.048 0.622942
11 0.7 0.048 0.652
19 0.7 0.048 0.652
33 0.7 0.048 0.652
48 0.7 0.048 0.652
16 0.7 0.048 0.652
29 0.7 0.048 0.652
56 0.652 0.048 0.604
21 0.652 0.048 0.604
24 0.7 0.048 0.652
38 0.652 0.048 0.604
44 0.7 0.048 0.652
45 0.7 0.048 0.652
58 0.652 0.048 0.604
59 0.652 0.048 0.604
69 0.7 0.048 0.652
20 0.689157 0.048 0.641157
2 0.649542 0.048 0.601542
15 0.7 0.048 0.652
62 0.689275 0.048 0.641275
26 0.7 0.048 0.652
6 0.7 0.048 0.652
6 0.652 0.048 0.604
35 0.7 0.048 0.652
67 0.7 0.048 0.652
26 0.652 0.048 0.604
26 0.604 0.16 0.444
6 0.604 0.16 0.444
35 0.652 0.16 0.492
67 0.652 0.16 0.492
11 0.652 0.048 0.604
15 0.652 0.048 0.604
19 0.652 0.048 0.604
20 0.641157 0.048 0.593157
14 0.7 0.048 0.652
18 0.7 0.048 0.652
60 0.7 0.048 0.652
65 0.671215 0.048 0.623215
80 0.674972 0.048 0.626972
45 0.652 0.048 0.604
24 0.652 0.048 0.604
38 0.672064 0.048 0.624064
44 0.652 0.048 0.604
56 0.670997 0.048 0.622997
58 0.669974 0.048 0.621974
59 0.604 0.048 0.556
69 0.652 0.048 0.604
63 0.7 0.048 0.652
28 0.7 0.048 0.652
55 0.690085 0.048 0.642085
4 0.668346 0.048 0.620346
61 0.624198 0.048 0.576198
71 0.689173 0.048 0.641173
50 0.7 0.048 0.652
22 0.7 0.048 0.652
32 0.7 0.048 0.652
34 0.7 0.048 0.652
76 0.7 0.048 0.652
52 0.7 0.048 0.652
57 0.678896 0.048 0.630896
66 0.7 0.048 0.652
52 0.652 0.048 0.604
51 0.7 0.048 0.652
66 0.652 0.048 0.604
76 0.652 0.048 0.604
36 0.7 0.048 0.652
28 0.7 0.048 0.652
70 0.7 0.048 0.652
11 0.668724 0.048 0.620724
19 0.671013 0.048 0.623013
33 0.7 0.048 0.652
2 0.7 0.048 0.652
15 0.671098 0.048 0.623098
20 0.659336 0.048 0.611336
62 0.7 0.048 0.652
72 0.7 0.048 0.652
10 0.7 0.048 0.652
40 0.7 0.048 0.652
68 0.7 0.048 0.652
75 0.7 0.048 0.652
13 0.7 0.048 0.652
1 0.7 0.048 0.652
42 0.7 0.048 0.652
77 0.7 0.048 0.652
78 0.7 0.048 0.652
32 0.7 0.048 0.652
3 0.7 0.048 0.652
22 0.7 0.048 0.652
25 0.7 0.048 0.652
34 0.7 0.048 0.652
50 0.7 0.048 0.652
80 0.7 0.048 0.652
14 0.7 0.048 0.652
60 0.7 0.048 0.652
65 0.68877 0.048 0.64077
28 0.7 0.048 0.652
36 0.652 0.048 0.604
63 0.7 0.048 0.652
70 0.652 0.048 0.604
70 0.673895 0.048 0.625895
28 0.652 0.048 0.604
31 0.7 0.048 0.652
36 0.672854 0.048 0.624854
34 0.7 0.048 0.652
22 0.7 0.048 0.652
32 0.652 0.048 0.604
50 0.652 0.048 0.604
69 0.7 0.048 0.652
21 0.7 0.048 0.652
24 0.7 0.048 0.652
38 0.690858 0.048 0.642858
44 0.7 0.048 0.652
45 0.7 0.048 0.652
56 0.68992 0.048 0.64192
58 0.683342 0.048 0.635342
59 0.686113 0.048 0.638113
29 0.7 0.048 0.652
5 0.7 0.048 0.652
16 0.7 0.048 0.652
47 0.7 0.048 0.652
48 0.7 0.048 0.652
77 0.652 0.048 0.604
13 0.652 0.048 0.604
78 0.7 0.048 0.652
11 0.684159 0.048 0.636159
19 0.685934 0.048 0.637934
33 0.7 0.048 0.652
39 0.7 0.048 0.652
5 0.652 0.048 0.604
16 0.652 0.048 0.604
29 0.7 0.048 0.652
30 0.7 0.048 0.652
47 0.652 0.048 0.604
23 0.7 0.048 0.652
7 0.7 0.048 0.652
9 0.7 0.048 0.652
10 0.7 0.048 0.652
62 0.7 0.048 0.652
2 0.7 0.048 0.652
15 0.686085 0.048 0.638085
20 0.7 0.048 0.652
47 0.664735 0.048 0.616735
5 0.604 0.048 0.556
16 0.672263 0.048 0.624263
29 0.652 0.048 0.604
30 0.652 0.048 0.604
12 0.7 0.048 0.652
17 0.7 0.048 0.652
46 0.7 0.048 0.652
24 0.7 0.048 0.652
21 0.7 0.048 0.652
45 0.7 0.048 0.652
56 0.7 0.048 0.652
58 0.7 0.048 0.652
59 0.7 0.048 0.652
69 0.652 0.048 0.604
79 0.7 0.048 0.652
39 0.652 0.048 0.604
53 0.7 0.048 0.652
5 0.620985 0.048 0.572985
30 0.604 0.048 0.556
33 0.7 0.048 0.652
39 0.669451 0.048 0.621451
8 0.7 0.048 0.652
43 0.7 0.048 0.652
49 0.7 0.048 0.652
67 0.693979 0.048 0.645979
37 0.7 0.048 0.652
1 0.7 0.048 0.652
54 0.7 0.048 0.652
73 0.7 0.048 0.652
74 0.7 0.048 0.652
54 0.652 0.048 0.604
1 0.652 0.048 0.604
37 0.7 0.048 0.652
73 0.652 0.048 0.604
74 0.652 0.048 0.604
38 0.7 0.048 0.652
44 0.7 0.048 0.652
45 0.652 0.048 0.604
56 0.7 0.048 0.652
58 0.7 0.048 0.652
69 0.664412 0.048 0.616412
71 0.7 0.048 0.652
4 0.7 0.048 0.652
55 0.7 0.048 0.652
57 0.7 0.048 0.652
61 0.7 0.048 0.652
76 0.7 0.048 0.652
51 0.7 0.048 0.652
52 0.7 0.048 0.652
43 0.7 0.048 0.652
8 0.7 0.048 0.652
49 0.7 0.048 0.652
67 0.645979 0.048 0.597979
68 0.7 0.048 0.652
40 0.7 0.048 0.652
72 0.7 0.048 0.652
75 0.7 0.048 0.652
4 0.7 0.048 0.652
55 0.652 0.048 0.604
57 0.652 0.048 0.604
61 0.652 0.048 0.604
71 0.652 0.048 0.604
60 0.7 0.048 0.652
14 0.7 0.048 0.652
18 0.7 0.048 0.652
41 0.7 0.048 0.652
65 0.7 0.048 0.652
80 0.7 0.048 0.652
39 0.686221 0.048 0.638221
44 0.7 0.048 0.652
79 0.7 0.048 0.652
73 0.670409 0.048 0.622409
1 0.670003 0.048 0.622003
37 0.652 0.048 0.604
54 0.665015 0.048 0.617015
74 0.665027 0.048 0.617027
39 0.638221 0.048 0.590221
39 0.590221 0.048 0.542221
39 0.542221 0.16 0.382221
59 0.7 0.048 0.652
21 0.7 0.048 0.652
24 0.7 0.048 0.652
45 0.673507 0.048 0.625507
56 0.7 0.048 0.652
58 0.7 0.048 0.652
69 0.680427 0.048 0.632427
61 0.673682 0.048 0.625682
4 0.652 0.048 0.604
55 0.66416 0.048 0.61616
57 0.672081 0.048 0.624081
71 0.67086 0.048 0.62286
11 0.7 0.048 0.652
19 0.7 0.048 0.652
33 0.7 0.048 0.652
48 0.7 0.048 0.652
56 0.652 0.048 0.604
21 0.652 0.048 0.604
24 0.7 0.048 0.652
38 0.7 0.048 0.652
44 0.7 0.048 0.652
45 0.694327 0.048 0.646327
58 0.652 0.048 0.604
59 0.652 0.048 0.604
69 0.699351 0.048 0.651351
20 0.7 0.048 0.652
2 0.7 0.048 0.652
15 0.7 0.048 0.652
62 0.7 0.048 0.652
46 0.7 0.048 0.652
12 0.7 0.048 0.652
38 0.652 0.048 0.604
44 0.652 0.048 0.604
45 0.646327 0.048 0.598327
56 0.604 0.048 0.556
58 0.672332 0.048 0.624332
79 0.7 0.048 0.652
14 0.7 0.048 0.652
41 0.7 0.048 0.652
60 0.7 0.048 0.652
65 0.7 0.048 0.652
80 0.7 0.048 0.652
45 0.598327 0.048 0.550327
24 0.652 0.048 0.604
38 0.671963 0.048 0.623963
44 0.604 0.048 0.556
56 0.623947 0.048 0.575947
58 0.624332 0.048 0.576332
59 0.604 0.048 0.556
69 0.651351 0.048 0.603351
45 0.550327 0.048 0.502327
45 0.502327 0.16 0.342327
63 0.7 0.048 0.652
28 0.7 0.048 0.652
55 0.680277 0.048 0.632277
4 0.669468 0.048 0.621468
61 0.625682 0.048 0.577682
71 0.687207 0.048 0.639207
50 0.7 0.048 0.652
22 0.7 0.048 0.652
32 0.7 0.048 0.652
34 0.7 0.048 0.652
76 0.7 0.048 0.652
52 0.7 0.048 0.652
57 0.685633 0.048 0.637633
66 0.7 0.048 0.652
52 0.652 0.048 0.604
51 0.7 0.048 0.652
66 0.652 0.048 0.604
76 0.652 0.048 0.604
36 0.7 0.048 0.652
28 0.7 0.048 0.652
31 0.7 0.048 0.652
70 0.7 0.048 0.652
21 0.668117 0.048 0.620117
24 0.665133 0.048 0.617133
38 0.623963 0.048 0.575963
44 0.619388 0.048 0.571388
45 0.410107 0.048 0.362107
56 0.575947 0.048 0.527947
58 0.645969 0.048 0.597969
59 0.616056 0.048 0.568056
69 0.664854 0.048 0.616854
2 0.7 0.048 0.652
15 0.7 0.048 0.652
20 0.7 0.048 0.652
62 0.7 0.048 0.652
72 0.7 0.048 0.652
40 0.7 0.048 0.652
68 0.7 0.048 0.652
75 0.7 0.048 0.652
13 0.7 0.048 0.652
1 0.7 0.048 0.652
42 0.7 0.048 0.652
77 0.7 0.048 0.652
78 0.7 0.048 0.652
41 0.7 0.048 0.652
14 0.7 0.048 0.652
18 0.7 0.048 0.652
35 0.7 0.048 0.652
60 0.7 0.048 0.652
65 0.7 0.048 0.652
32 0.7 0.048 0.652
22 0.7 0.048 0.652
25 0.7 0.048 0.652
34 0.7 0.048 0.652
50 0.7 0.048 0.652
80 0.7 0.048 0.652
14 0.652 0.048 0.604
60 0.7 0.048 0.652
65 0.652 0.048 0.604
28 0.7 0.048 0.652
36 0.652 0.048 0.604
63 0.7 0.048 0.652
70 0.652 0.048 0.604
70 0.664888 0.048 0.616888
28 0.652 0.048 0.604
31 0.7 0.048 0.652
36 0.668186 0.048 0.620186
34 0.7 0.048 0.652
22 0.7 0.048 0.652
32 0.652 0.048 0.604
50 0.652 0.048 0.604
69 0.686631 0.048 0.638631
21 0.681371 0.048 0.633371
24 0.68052 0.048 0.63252
38 0.644413 0.048 0.596413
44 0.63797 0.048 0.58997
45 0.424423 0.048 0.376423
56 0.594056 0.048 0.546056
58 0.597969 0.048 0.549969
59 0.632609 0.048 0.584609
69 0.638631 0.048 0.590631
69 0.590631 0.16 0.430631
29 0.7 0.048 0.652
16 0.7 0.048 0.652
77 0.652 0.048 0.604
13 0.652 0.048 0.604
78 0.7 0.048 0.652
21 0.633371 0.048 0.585371
24 0.63252 0.048 0.58452
38 0.596413 0.048 0.548413
45 0.376423 0.048 0.328423
56 0.546056 0.048 0.498056
58 0.61014 0.048 0.56214
59 0.584609 0.048 0.536609
69 0.430631 0.048 0.382631
5 0.7 0.048 0.652
30 0.7 0.048 0.652
47 0.7 0.048 0.652
23 0.7 0.048 0.652
7 0.7 0.048 0.652
9 0.7 0.048 0.652
10 0.7 0.048 0.652
62 0.7 0.048 0.652
2 0.7 0.048 0.652
15 0.7 0.048 0.652
20 0.7 0.048 0.652
47 0.7 0.048 0.652
5 0.652 0.048 0.604
16 0.7 0.048 0.652
12 0.7 0.048 0.652
17 0.7 0.048 0.652
46 0.7 0.048 0.652
24 0.651246 0.048 0.603246
21 0.650321 0.048 0.602321
45 0.396784 0.048 0.348784
56 0.561776 0.048 0.513776
58 0.56214 0.048 0.51414
59 0.602075 0.048 0.554075
69 0.382631 0.048 0.334631
24 0.603246 0.048 0.555246
24 0.555246 0.16 0.395246
79 0.7 0.048 0.652
39 0.577931 0.048 0.529931
39 0.529931 0.048 0.481931
44 0.654936 0.048 0.606936
79 0.652 0.048 0.604
79 0.604 0.16 0.444
39 0.481931 0.16 0.321931
44 0.606936 0.16 0.446936
53 0.7 0.048 0.652
30 0.652 0.048 0.604
7 0.7 0.048 0.652
21 0.602321 0.048 0.554321
23 0.7 0.048 0.652
24 0.395246 0.048 0.347246
59 0.554075 0.048 0.506075
8 0.7 0.048 0.652
43 0.7 0.048 0.652
49 0.7 0.048 0.652
67 0.7 0.048 0.652
37 0.7 0.048 0.652
1 0.7 0.048 0.652
54 0.7 0.048 0.652
73 0.7 0.048 0.652
74 0.7 0.048 0.652
54 0.652 0.048 0.604
1 0.652 0.048 0.604
37 0.7 0.048 0.652
73 0.652 0.048 0.604
74 0.652 0.048 0.604
38 0.681296 0.048 0.633296
44 0.446936 0.048 0.398936
45 0.348784 0.048 0.300784
56 0.582764 0.048 0.534764
58 0.578628 0.048 0.530628
69 0.401226 0.048 0.353226
71 0.7 0.048 0.652
4 0.7 0.048 0.652
55 0.7 0.048 0.652
57 0.7 0.048 0.652
61 0.7 0.048 0.652
76 0.7 0.048 0.652
51 0.7 0.048 0.652
52 0.7 0.048 0.652
43 0.7 0.048 0.652
8 0.7 0.048 0.652
49 0.7 0.048 0.652
67 0.652 0.048 0.604
68 0.7 0.048 0.652
40 0.7 0.048 0.652
72 0.7 0.048 0.652
75 0.7 0.048 0.652
4 0.7 0.048 0.652
55 0.652 0.048 0.604
57 0.652 0.048 0.604
61 0.652 0.048 0.604
71 0.652 0.048 0.604
60 0.7 0.048 0.652
14 0.7 0.048 0.652
18 0.7 0.048 0.652
41 0.7 0.048 0.652
65 0.7 0.048 0.652
80 0.7 0.048 0.652
7 0.7 0.048 0.652
9 0.7 0.048 0.652
10 0.7 0.048 0.652
23 0.7 0.048 0.652
73 0.672381 0.048 0.624381
37 0.652 0.048 0.604
54 0.668833 0.048 0.620833
74 0.667289 0.048 0.619289
59 0.629088 0.048 0.581088
21 0.683718 0.048 0.635718
24 0.409202 0.048 0.361202
45 0.367007 0.048 0.319007
56 0.599706 0.048 0.551706
58 0.600317 0.048 0.552317
69 0.420507 0.048 0.372507
61 0.666523 0.048 0.618523
4 0.652 0.048 0.604
55 0.664193 0.048 0.616193
71 0.671514 0.048 0.623514
11 0.7 0.048 0.652
19 0.7 0.048 0.652
33 0.7 0.048 0.652
48 0.7 0.048 0.652
29 0.7 0.048 0.652
56 0.551706 0.048 0.503706
21 0.635718 0.048 0.587718
24 0.428023 0.048 0.380023
38 0.695501 0.048 0.647501
44 0.536006 0.048 0.488006
45 0.37997 0.048 0.33197
58 0.552317 0.048 0.504317
59 0.581088 0.048 0.533088
69 0.4361 0.048 0.3881
20 0.7 0.048 0.652
2 0.7 0.048 0.652
15 0.7 0.048 0.652
62 0.7 0.048 0.652
46 0.7 0.048 0.652
12 0.7 0.048 0.652
17 0.7 0.048 0.652
7 0.7 0.048 0.652
9 0.7 0.048 0.652
10 0.7 0.048 0.652
23 0.7 0.048 0.652
40 0.7 0.048 0.652
72 0.7 0.048 0.652
14 0.7 0.048 0.652
18 0.7 0.048 0.652
60 0.7 0.048 0.652
65 0.7 0.048 0.652
80 0.7 0.048 0.652
63 0.7 0.048 0.652
28 0.7 0.048 0.652
55 0.679181 0.048 0.631181
4 0.671424 0.048 0.623424
61 0.618523 0.048 0.570523
71 0.6918 0.048 0.6438
50 0.7 0.048 0.652
22 0.7 0.048 0.652
32 0.7 0.048 0.652
34 0.7 0.048 0.652
76 0.7 0.048 0.652
52 0.7 0.048 0.652
57 0.7 0.048 0.652
66 0.7 0.048 0.652
71 0.6438 0.048 0.5958
52 0.652 0.048 0.604
51 0.7 0.048 0.652
66 0.652 0.048 0.604
76 0.652 0.048 0.604
36 0.7 0.048 0.652
28 0.7 0.048 0.652
31 0.7 0.048 0.652
70 0.7 0.048 0.652
10 0.7 0.048 0.652
40 0.7 0.048 0.652
68 0.7 0.048 0.652
72 0.7 0.048 0.652
75 0.7 0.048 0.652
2 0.7 0.048 0.652
15 0.7 0.048 0.652
20 0.7 0.048 0.652
62 0.7 0.048 0.652
72 0.652 0.048 0.604
10 0.652 0.048 0.604
40 0.652 0.048 0.604
68 0.7 0.048 0.652
75 0.7 0.048 0.652
72 0.604 0.048 0.556
72 0.556 0.16 0.396
13 0.7 0.048 0.652
1 0.7 0.048 0.652
42 0.7 0.048 0.652
74 0.7 0.048 0.652
77 0.7 0.048 0.652
78 0.7 0.048 0.652
41 0.7 0.048 0.652
6 0.7 0.048 0.652
18 0.7 0.048 0.652
60 0.7 0.048 0.652
65 0.7 0.048 0.652
32 0.7 0.048 0.652
22 0.7 0.048 0.652
25 0.7 0.048 0.652
34 0.7 0.048 0.652
50 0.7 0.048 0.652
80 0.7 0.048 0.652
14 0.7 0.048 0.652
18 0.652 0.048 0.604
60 0.7 0.048 0.652
65 0.652 0.048 0.604
28 0.7 0.048 0.652
36 0.652 0.048 0.604
63 0.7 0.048 0.652
70 0.652 0.048 0.604
70 0.665506 0.048 0.617506
28 0.652 0.048 0.604
31 0.7 0.048 0.652
36 0.669196 0.048 0.621196
34 0.7 0.048 0.652
22 0.7 0.048 0.652
32 0.652 0.048 0.604
50 0.652 0.048 0.604
29 0.7 0.048 0.652
16 0.7 0.048 0.652
47 0.7 0.048 0.652
77 0.652 0.048 0.604
13 0.652 0.048 0.604
42 0.652 0.048 0.604
78 0.7 0.048 0.652
46 0.7 0.048 0.652
68 0.652 0.048 0.604
72 0.46584 0.048 0.41784
75 0.652 0.048 0.604
5 0.7 0.048 0.652
16 0.652 0.048 0.604
30 0.7 0.048 0.652
47 0.652 0.048 0.604
23 0.7 0.048 0.652
7 0.7 0.048 0.652
9 0.7 0.048 0.652
10 0.667046 0.048 0.619046
62 0.7 0.048 0.652
2 0.7 0.048 0.652
15 0.7 0.048 0.652
20 0.7 0.048 0.652
47 0.670225 0.048 0.622225
5 0.652 0.048 0.604
16 0.667177 0.048 0.619177
29 0.7 0.048 0.652
12 0.7 0.048 0.652
17 0.7 0.048 0.652
46 0.652 0.048 0.604
53 0.7 0.048 0.652
30 0.652 0.048 0.604
12 0.7 0.048 0.652
17 0.652 0.048 0.604
46 0.669758 0.048 0.621758
68 0.66763 0.048 0.61963
75 0.671538 0.048 0.623538
8 0.7 0.048 0.652
43 0.7 0.048 0.652
49 0.7 0.048 0.652
67 0.7 0.048 0.652
37 0.7 0.048 0.652
1 0.7 0.048 0.652
42 0.7 0.048 0.652
54 0.7 0.048 0.652
73 0.7 0.048 0.652
74 0.7 0.048 0.652
54 0.652 0.048 0.604
1 0.652 0.048 0.604
37 0.7 0.048 0.652
73 0.652 0.048 0.604
74 0.652 0.048 0.604
38 0.7 0.048 0.652
44 0.681628 0.048 0.633628
45 0.528047 0.048 0.480047
56 0.7 0.048 0.652
58 0.7 0.048 0.652
69 0.586253 0.048 0.538253
71 0.7 0.048 0.652
4 0.7 0.048 0.652
55 0.7 0.048 0.652
57 0.7 0.048 0.652
61 0.7 0.048 0.652
51 0.7 0.048 0.652
52 0.7 0.048 0.652
66 0.7 0.048 0.652
43 0.7 0.048 0.652
8 0.7 0.048 0.652
49 0.7 0.048 0.652
68 0.686453 0.048 0.638453
40 0.7 0.048 0.652
72 0.548659 0.048 0.500659
72 0.500659 0.048 0.452659
75 0.690358 0.048 0.642358
68 0.638453 0.048 0.590453
68 0.590453 0.16 0.430453
40 0.652 0.16 0.492
72 0.452659 0.16 0.292659
75 0.642358 0.16 0.482358
4 0.7 0.048 0.652
55 0.652 0.048 0.604
57 0.652 0.048 0.604
61 0.652 0.048 0.604
71 0.652 0.048 0.604
60 0.7 0.048 0.652
14 0.7 0.048 0.652
18 0.7 0.048 0.652
41 0.7 0.048 0.652
65 0.7 0.048 0.652
80 0.7 0.048 0.652
12 0.7 0.048 0.652
17 0.673383 0.048 0.625383
46 0.682873 0.048 0.634873
73 0.666821 0.048 0.618821
37 0.652 0.048 0.604
54 0.672644 0.048 0.624644
74 0.67305 0.048 0.62505
59 0.7 0.048 0.652
21 0.7 0.048 0.652
24 0.649593 0.048 0.601593
45 0.547072 0.048 0.499072
45 0.499072 0.048 0.451072
56 0.7 0.048 0.652
58 0.7 0.048 0.652
69 0.600302 0.048 0.552302
69 0.552302 0.048 0.504302
59 0.652 0.096 0.556
59 0.556 0.16 0.396
21 0.652 0.16 0.492
24 0.601593 0.16 0.441593
45 0.451072 0.16 0.291072
56 0.652 0.16 0.492
58 0.652 0.16 0.492
69 0.504302 0.16 0.344302
61 0.665393 0.048 0.617393
4 0.652 0.048 0.604
55 0.668223 0.048 0.620223
57 0.671271 0.048 0.623271
71 0.665603 0.048 0.617603
11 0.7 0.048 0.652
19 0.7 0.048 0.652
33 0.7 0.048 0.652
48 0.7 0.048 0.652
56 0.492 0.048 0.444
21 0.492 0.048 0.444
24 0.505908 0.048 0.457908
38 0.7 0.048 0.652
44 0.7 0.048 0.652
45 0.360722 0.048 0.312722
58 0.492 0.048 0.444
59 0.396 0.048 0.348
69 0.407298 0.048 0.359298
20 0.7 0.048 0.652
2 0.7 0.048 0.652
15 0.7 0.048 0.652
62 0.7 0.048 0.652
46 0.696078 0.048 0.648078
12 0.652 0.048 0.604
17 0.686181 0.048 0.638181
12 0.672167 0.048 0.624167
17 0.638181 0.048 0.590181
63 0.7 0.048 0.652
14 0.7 0.048 0.652
18 0.7 0.048 0.652
60 0.7 0.048 0.652
65 0.7 0.048 0.652
80 0.7 0.048 0.652
63 0.652 0.048 0.604
28 0.7 0.048 0.652
63 0.604 0.048 0.556
63 0.556 0.16 0.396
55 0.681242 0.048 0.633242
4 0.665177 0.048 0.617177
61 0.617393 0.048 0.569393
71 0.679046 0.048 0.631046
50 0.7 0.048 0.652
22 0.7 0.048 0.652
32 0.7 0.048 0.652
34 0.7 0.048 0.652
76 0.7 0.048 0.652
52 0.7 0.048 0.652
57 0.688876 0.048 0.640876
66 0.7 0.048 0.652
52 0.652 0.048 0.604
51 0.7 0.048 0.652
66 0.652 0.048 0.604
76 0.652 0.048 0.604
36 0.7 0.048 0.652
28 0.7 0.048 0.652
31 0.7 0.048 0.652
70 0.7 0.048 0.652
28 0.652 0.048 0.604
36 0.652 0.048 0.604
63 0.465672 0.048 0.417672
70 0.652 0.048 0.604
2 0.7 0.048 0.652
15 0.7 0.048 0.652
20 0.7 0.048 0.652
62 0.7 0.048 0.652
13 0.7 0.048 0.652
1 0.7 0.048 0.652
42 0.7 0.048 0.652
78 0.7 0.048 0.652
41 0.7 0.048 0.652
6 0.7 0.048 0.652
18 0.7 0.048 0.652
26 0.7 0.048 0.652
35 0.7 0.048 0.652
60 0.7 0.048 0.652
65 0.7 0.048 0.652
32 0.7 0.048 0.652
22 0.7 0.048 0.652
34 0.7 0.048 0.652
50 0.7 0.048 0.652
6 0.652 0.048 0.604
26 0.652 0.048 0.604
35 0.7 0.048 0.652
41 0.7 0.048 0.652
67 0.7 0.048 0.652
80 0.7 0.048 0.652
14 0.7 0.048 0.652
60 0.7 0.048 0.652
65 0.652 0.048 0.604
28 0.673893 0.048 0.625893
36 0.604 0.048 0.556
63 0.417672 0.048 0.369672
70 0.604 0.048 0.556
28 0.625893 0.048 0.577893
28 0.577893 0.16 0.417893
70 0.616208 0.048 0.568208
28 0.417893 0.048 0.369893
31 0.7 0.048 0.652
36 0.619851 0.048 0.571851
70 0.568208 0.048 0.520208
70 0.520208 0.16 0.360208
34 0.7 0.048 0.652
22 0.7 0.048 0.652
32 0.652 0.048 0.604
50 0.652 0.048 0.604
29 0.7 0.048 0.652
16 0.7 0.048 0.652
47 0.7 0.048 0.652
48 0.7 0.048 0.652
77 0.7 0.048 0.652
13 0.652 0.048 0.604
78 0.7 0.048 0.652
28 0.369893 0.048 0.321893
31 0.652 0.048 0.604
36 0.571851 0.048 0.523851
63 0.436373 0.048 0.388373
70 0.360208 0.048 0.312208
5 0.7 0.048 0.652
16 0.652 0.048 0.604
30 0.7 0.048 0.652
47 0.652 0.048 0.604
23 0.7 0.048 0.652
7 0.7 0.048 0.652
9 0.7 0.048 0.652
10 0.7 0.048 0.652
62 0.7 0.048 0.652
2 0.7 0.048 0.652
15 0.7 0.048 0.652
20 0.7 0.048 0.652
47 0.664013 0.048 0.616013
5 0.652 0.048 0.604
16 0.666561 0.048 0.618561
29 0.7 0.048 0.652
12 0.7 0.048 0.652
17 0.7 0.048 0.652
46 0.7 0.048 0.652
53 0.7 0.048 0.652
30 0.652 0.048 0.604
31 0.671798 0.048 0.623798
36 0.587738 0.048 0.539738
70 0.379546 0.048 0.331546
8 0.7 0.048 0.652
43 0.7 0.048 0.652
49 0.7 0.048 0.652
67 0.7 0.048 0.652
37 0.7 0.048 0.652
1 0.7 0.048 0.652
54 0.7 0.048 0.652
73 0.7 0.048 0.652
74 0.7 0.048 0.652
54 0.652 0.048 0.604
1 0.652 0.048 0.604
37 0.7 0.048 0.652
73 0.652 0.048 0.604
74 0.652 0.048 0.604
38 0.7 0.048 0.652
24 0.65593 0.048 0.60793
44 0.7 0.048 0.652
45 0.497909 0.048 0.449909
56 0.7 0.048 0.652
58 0.7 0.048 0.652
59 0.610816 0.048 0.562816
69 0.560167 0.048 0.512167
79 0.7 0.048 0.652
71 0.7 0.048 0.652
4 0.7 0.048 0.652
55 0.7 0.048 0.652
57 0.7 0.048 0.652
61 0.7 0.048 0.652
51 0.7 0.048 0.652
52 0.7 0.048 0.652
66 0.7 0.048 0.652
43 0.7 0.048 0.652
8 0.7 0.048 0.652
49 0.7 0.048 0.652
67 0.652 0.048 0.604
4 0.7 0.048 0.652
55 0.652 0.048 0.604
57 0.652 0.048 0.604
61 0.652 0.048 0.604
71 0.652 0.048 0.604
60 0.7 0.048 0.652
14 0.7 0.048 0.652
18 0.7 0.048 0.652
41 0.7 0.048 0.652
65 0.7 0.048 0.652
80 0.7 0.048 0.652
31 0.689357 0.048 0.641357
54 0.666084 0.048 0.618084
70 0.394673 0.048 0.346673
73 0.666187 0.048 0.618187
73 0.618187 0.048 0.570187
37 0.652 0.048 0.604
54 0.618084 0.048 0.570084
74 0.672446 0.048 0.624446
73 0.570187 0.048 0.522187
73 0.522187 0.16 0.362187
61 0.672601 0.048 0.624601
4 0.652 0.048 0.604
55 0.669277 0.048 0.621277
57 0.672905 0.048 0.624905
71 0.666752 0.048 0.618752
11 0.7 0.048 0.652
19 0.7 0.048 0.652
33 0.7 0.048 0.652
48 0.7 0.048 0.652
16 0.7 0.048 0.652
29 0.7 0.048 0.652
56 0.7 0.048 0.652
21 0.7 0.048 0.652
24 0.7 0.048 0.652
38 0.7 0.048 0.652
44 0.7 0.048 0.652
45 0.580258 0.048 0.532258
58 0.7 0.048 0.652
59 0.624566 0.048 0.576566
69 0.639033 0.048 0.591033
20 0.7 0.048 0.652
2 0.7 0.048 0.652
15 0.7 0.048 0.652
62 0.7 0.048 0.652
46 0.7 0.048 0.652
12 0.7 0.048 0.652
17 0.7 0.048 0.652
1 0.7 0.048 0.652
37 0.673004 0.048 0.625004
54 0.634742 0.048 0.586742
73 0.429562 0.048 0.381562
74 0.691255 0.048 0.643255
14 0.7 0.048 0.652
18 0.7 0.048 0.652
41 0.7 0.048 0.652
60 0.7 0.048 0.652
65 0.7 0.048 0.652
80 0.7 0.048 0.652
55 0.685978 0.048 0.637978
4 0.665749 0.048 0.617749
61 0.624601 0.048 0.576601
71 0.688444 0.048 0.640444
50 0.7 0.048 0.652
22 0.7 0.048 0.652
32 0.7 0.048 0.652
34 0.7 0.048 0.652
76 0.7 0.048 0.652
52 0.7 0.048 0.652
57 0.692413 0.048 0.644413
66 0.7 0.048 0.652
52 0.652 0.048 0.604
51 0.7 0.048 0.652
66 0.652 0.048 0.604
76 0.652 0.048 0.604
36 0.7 0.048 0.652
28 0.585664 0.048 0.537664
28 0.537664 0.048 0.489664
31 0.7 0.048 0.652
63 0.634295 0.048 0.586295
63 0.586295 0.048 0.538295
70 0.479268 0.048 0.431268
36 0.652 0.096 0.556
36 0.556 0.16 0.396
28 0.489664 0.16 0.329664
31 0.652 0.16 0.492
63 0.538295 0.16 0.378295
70 0.431268 0.16 0.271268
1 0.7 0.048 0.652
13 0.7 0.048 0.652
37 0.691912 0.048 0.643912
42 0.7 0.048 0.652
54 0.655875 0.048 0.607875
73 0.446357 0.048 0.398357
74 0.7 0.048 0.652
78 0.7 0.048 0.652
2 0.7 0.048 0.652
15 0.7 0.048 0.652
20 0.7 0.048 0.652
62 0.7 0.048 0.652
13 0.7 0.048 0.652
1 0.652 0.048 0.604
42 0.7 0.048 0.652
77 0.7 0.048 0.652
78 0.652 0.048 0.604
13 0.652 0.048 0.604
13 0.604 0.16 0.444
41 0.7 0.048 0.652
6 0.7 0.048 0.652
14 0.7 0.048 0.652
18 0.7 0.048 0.652
60 0.7 0.048 0.652
65 0.7 0.048 0.652
80 0.7 0.048 0.652
32 0.7 0.048 0.652
22 0.7 0.048 0.652
34 0.7 0.048 0.652
50 0.7 0.048 0.652
27 0.7 0.048 0.652
3 0.7 0.048 0.652
25 0.7 0.048 0.652
64 0.7 0.048 0.652
64 0.652 0.048 0.604
27 0.652 0.048 0.604
27 0.604 0.16 0.444
3 0.652 0.16 0.492
25 0.652 0.16 0.492
64 0.604 0.16 0.444
6 0.652 0.048 0.604
18 0.652 0.048 0.604
26 0.7 0.048 0.652
35 0.7 0.048 0.652
41 0.7 0.048 0.652
80 0.7 0.048 0.652
14 0.652 0.048 0.604
18 0.604 0.048 0.556
41 0.652 0.048 0.604
60 0.7 0.048 0.652
65 0.652 0.048 0.604
34 0.7 0.048 0.652
22 0.7 0.048 0.652
32 0.652 0.048 0.604
50 0.652 0.048 0.604
29 0.7 0.048 0.652
16 0.7 0.048 0.652
47 0.7 0.048 0.652
48 0.7 0.048 0.652
77 0.652 0.048 0.604
78 0.665695 0.048 0.617695
77 0.604 0.048 0.556
77 0.556 0.16 0.396
1 0.664873 0.048 0.616873
13 0.444 0.048 0.396
42 0.652 0.048 0.604
77 0.464922 0.048 0.416922
78 0.617695 0.048 0.569695
5 0.7 0.048 0.652
16 0.652 0.048 0.604
30 0.7 0.048 0.652
47 0.652 0.048 0.604
23 0.7 0.048 0.652
7 0.7 0.048 0.652
9 0.7 0.048 0.652
10 0.7 0.048 0.652
62 0.7 0.048 0.652
2 0.7 0.048 0.652
15 0.7 0.048 0.652
20 0.7 0.048 0.652
47 0.669745 0.048 0.621745
5 0.652 0.048 0.604
16 0.667127 0.048 0.619127
29 0.7 0.048 0.652
12 0.7 0.048 0.652
17 0.7 0.048 0.652
46 0.7 0.048 0.652
53 0.7 0.048 0.652
30 0.652 0.048 0.604
13 0.464989 0.048 0.416989
42 0.670774 0.048 0.622774
77 0.478329 0.048 0.430329
78 0.634772 0.048 0.586772
8 0.7 0.048 0.652
43 0.7 0.048 0.652
49 0.7 0.048 0.652
67 0.7 0.048 0.652
37 0.7 0.048 0.652
1 0.680935 0.048 0.632935
13 0.483674 0.048 0.435674
42 0.690791 0.048 0.642791
54 0.7 0.048 0.652
73 0.529519 0.048 0.481519
74 0.7 0.048 0.652
54 0.652 0.048 0.604
1 0.632935 0.048 0.584935
37 0.7 0.048 0.652
73 0.481519 0.048 0.433519
74 0.652 0.048 0.604
38 0.7 0.048 0.652
44 0.7 0.048 0.652
45 0.7 0.048 0.652
56 0.7 0.048 0.652
58 0.7 0.048 0.652
69 0.7 0.048 0.652
79 0.7 0.048 0.652
71 0.7 0.048 0.652
4 0.7 0.048 0.652
55 0.7 0.048 0.652
57 0.7 0.048 0.652
61 0.7 0.048 0.652
51 0.7 0.048 0.652
66 0.7 0.048 0.652
43 0.7 0.048 0.652
8 0.7 0.048 0.652
49 0.7 0.048 0.652
67 0.652 0.048 0.604
4 0.7 0.048 0.652
55 0.652 0.048 0.604
57 0.652 0.048 0.604
61 0.652 0.048 0.604
71 0.652 0.048 0.604
60 0.7 0.048 0.652
14 0.7 0.048 0.652
18 0.7 0.048 0.652
41 0.7 0.048 0.652
65 0.7 0.048 0.652
80 0.7 0.048 0.652
14 0.652 0.048 0.604
60 0.652 0.048 0.604
65 0.652 0.048 0.604
77 0.490623 0.048 0.442623
80 0.652 0.048 0.604
61 0.668316 0.048 0.620316
4 0.652 0.048 0.604
55 0.666326 0.048 0.618326
57 0.671457 0.048 0.623457
71 0.670499 0.048 0.622499
11 0.7 0.048 0.652
19 0.7 0.048 0.652
33 0.7 0.048 0.652
48 0.7 0.048 0.652
16 0.7 0.048 0.652
29 0.7 0.048 0.652
56 0.7 0.048 0.652
24 0.7 0.048 0.652
38 0.7 0.048 0.652
44 0.7 0.048 0.652
45 0.7 0.048 0.652
58 0.7 0.048 0.652
59 0.7 0.048 0.652
69 0.7 0.048 0.652
20 0.7 0.048 0.652
2 0.7 0.048 0.652
15 0.7 0.048 0.652
62 0.7 0.048 0.652
46 0.7 0.048 0.652
12 0.7 0.048 0.652
17 0.7 0.048 0.652
14 0.673013 0.048 0.625013
18 0.7 0.048 0.652
41 0.7 0.048 0.652
60 0.664541 0.048 0.616541
65 0.673024 0.048 0.625024
80 0.664102 0.048 0.616102
14 0.625013 0.048 0.577013
18 0.652 0.048 0.604
41 0.652 0.048 0.604
60 0.616541 0.048 0.568541
65 0.625024 0.048 0.577024
80 0.616102 0.048 0.568102
14 0.577013 0.048 0.529013
14 0.529013 0.16 0.369013
55 0.686261 0.048 0.638261
4 0.665857 0.048 0.617857
61 0.620316 0.048 0.572316
71 0.689404 0.048 0.641404
50 0.7 0.048 0.652
22 0.7 0.048 0.652
32 0.7 0.048 0.652
34 0.7 0.048 0.652
76 0.7 0.048 0.652
52 0.7 0.048 0.652
57 0.689199 0.048 0.641199
66 0.7 0.048 0.652
52 0.652 0.048 0.604
66 0.652 0.048 0.604
76 0.652 0.048 0.604
6 0.7 0.048 0.652
14 0.433661 0.048 0.385661
18 0.664972 0.048 0.616972
26 0.7 0.048 0.652
35 0.7 0.048 0.652
41 0.66584 0.048 0.61784
60 0.634835 0.048 0.586835
65 0.637215 0.048 0.589215
64 0.693503 0.048 0.645503
3 0.7 0.048 0.652
27 0.7 0.048 0.652
2 0.7 0.048 0.652
15 0.7 0.048 0.652
20 0.7 0.048 0.652
62 0.7 0.048 0.652
41 0.61784 0.048 0.56984
6 0.652 0.048 0.604
14 0.385661 0.048 0.337661
18 0.616972 0.048 0.568972
35 0.652 0.048 0.604
60 0.586835 0.048 0.538835
65 0.589215 0.048 0.541215
80 0.636656 0.048 0.588656
41 0.56984 0.048 0.52184
41 0.52184 0.16 0.36184
32 0.7 0.048 0.652
22 0.7 0.048 0.652
25 0.7 0.048 0.652
34 0.7 0.048 0.652
50 0.7 0.048 0.652
6 0.604 0.048 0.556
26 0.652 0.048 0.604
35 0.664804 0.048 0.616804
6 0.556 0.048 0.508
6 0.508 0.16 0.348
22 0.7 0.048 0.652
25 0.652 0.048 0.604
32 0.652 0.048 0.604
34 0.7 0.048 0.652
50 0.652 0.048 0.604
80 0.654725 0.048 0.606725
14 0.337661 0.048 0.289661
18 0.568972 0.048 0.520972
41 0.425509 0.048 0.377509
60 0.599252 0.048 0.551252
65 0.541215 0.048 0.493215
34 0.652 0.048 0.604
22 0.652 0.048 0.604
32 0.604 0.048 0.556
50 0.604 0.048 0.556
29 0.7 0.048 0.652
16 0.7 0.048 0.652
47 0.7 0.048 0.652
48 0.7 0.048 0.652
6 0.410986 0.048 0.362986
8 0.7 0.048 0.652
18 0.59012 0.048 0.54212
26 0.671039 0.048 0.623039
35 0.616804 0.048 0.568804
41 0.377509 0.048 0.329509
49 0.7 0.048 0.652
67 0.7 0.048 0.652
5 0.7 0.048 0.652
30 0.7 0.048 0.652
47 0.652 0.048 0.604
23 0.7 0.048 0.652
7 0.7 0.048 0.652
9 0.7 0.048 0.652
10 0.7 0.048 0.652
62 0.7 0.048 0.652
2 0.7 0.048 0.652
15 0.7 0.048 0.652
20 0.7 0.048 0.652
47 0.668875 0.048 0.620875
5 0.652 0.048 0.604
16 0.7 0.048 0.652
29 0.7 0.048 0.652
12 0.7 0.048 0.652
17 0.7 0.048 0.652
46 0.7 0.048 0.652
53 0.7 0.048 0.652
30 0.652 0.048 0.604
6 0.430769 0.048 0.382769
8 0.7 0.048 0.652
26 0.68919 0.048 0.64119
35 0.638379 0.048 0.590379
43 0.7 0.048 0.652
49 0.7 0.048 0.652
67 0.7 0.048 0.652
8 0.652 0.048 0.604
43 0.652 0.048 0.604
49 0.652 0.048 0.604
67 0.652 0.048 0.604
8 0.604 0.048 0.556
8 0.556 0.16 0.396
37 0.7 0.048 0.652
1 0.7 0.048 0.652
13 0.7 0.048 0.652
42 0.7 0.048 0.652
54 0.7 0.048 0.652
73 0.7 0.048 0.652
74 0.7 0.048 0.652
54 0.652 0.048 0.604
37 0.7 0.048 0.652
73 0.652 0.048 0.604
74 0.652 0.048 0.604
38 0.7 0.048 0.652
44 0.7 0.048 0.652
45 0.7 0.048 0.652
56 0.7 0.048 0.652
58 0.7 0.048 0.652
69 0.7 0.048 0.652
79 0.7 0.048 0.652
71 0.7 0.048 0.652
4 0.7 0.048 0.652
55 0.7 0.048 0.652
57 0.7 0.048 0.652
61 0.7 0.048 0.652
51 0.7 0.048 0.652
66 0.7 0.048 0.652
43 0.670533 0.048 0.622533
8 0.457491 0.048 0.409491
49 0.669217 0.048 0.621217
67 0.604 0.048 0.556
43 0.622533 0.048 0.574533
43 0.574533 0.16 0.414533
4 0.7 0.048 0.652
55 0.652 0.048 0.604
57 0.652 0.048 0.604
61 0.652 0.048 0.604
71 0.652 0.048 0.604
60 0.684998 0.048 0.636998
14 0.48612 0.048 0.43812
18 0.671034 0.048 0.623034
41 0.461841 0.048 0.413841
65 0.688618 0.048 0.640618
80 0.7 0.048 0.652
8 0.409491 0.048 0.361491
43 0.414533 0.048 0.366533
49 0.621217 0.048 0.573217
67 0.618929 0.048 0.570929
61 0.668457 0.048 0.620457
4 0.652 0.048 0.604
55 0.667644 0.048 0.619644
57 0.669059 0.048 0.621059
71 0.668831 0.048 0.620831
69 0.7 0.048 0.652
21 0.7 0.048 0.652
24 0.7 0.048 0.652
38 0.7 0.048 0.652
44 0.7 0.048 0.652
45 0.7 0.048 0.652
56 0.7 0.048 0.652
58 0.7 0.048 0.652
59 0.7 0.048 0.652
11 0.7 0.048 0.652
19 0.7 0.048 0.652
33 0.7 0.048 0.652
48 0.7 0.048 0.652
29 0.7 0.048 0.652
56 0.652 0.048 0.604
21 0.652 0.048 0.604
24 0.7 0.048 0.652
38 0.652 0.048 0.604
44 0.652 0.048 0.604
45 0.7 0.048 0.652
58 0.652 0.048 0.604
59 0.652 0.048 0.604
69 0.7 0.048 0.652
20 0.7 0.048 0.652
2 0.7 0.048 0.652
15 0.7 0.048 0.652
62 0.7 0.048 0.652
46 0.7 0.048 0.652
12 0.7 0.048 0.652
17 0.7 0.048 0.652
43 0.429048 0.048 0.381048
55 0.681458 0.048 0.633458
4 0.673958 0.048 0.625958
61 0.620457 0.048 0.572457
71 0.686979 0.048 0.638979
50 0.7 0.048 0.652
22 0.7 0.048 0.652
32 0.7 0.048 0.652
34 0.7 0.048 0.652
76 0.7 0.048 0.652
52 0.7 0.048 0.652
57 0.687911 0.048 0.639911
66 0.7 0.048 0.652
52 0.652 0.048 0.604
66 0.652 0.048 0.604
76 0.652 0.048 0.604
64 0.7 0.048 0.652
3 0.7 0.048 0.652
25 0.7 0.048 0.652
27 0.7 0.048 0.652
2 0.7 0.048 0.652
15 0.7 0.048 0.652
20 0.7 0.048 0.652
62 0.7 0.048 0.652
32 0.7 0.048 0.652
22 0.7 0.048 0.652
25 0.7 0.048 0.652
34 0.7 0.048 0.652
50 0.7 0.048 0.652
22 0.7 0.048 0.652
25 0.652 0.048 0.604
32 0.652 0.048 0.604
34 0.7 0.048 0.652
50 0.652 0.048 0.604
80 0.7 0.048 0.652
14 0.570949 0.048 0.522949
18 0.7 0.048 0.652
60 0.7 0.048 0.652
65 0.7 0.048 0.652
34 0.652 0.048 0.604
22 0.652 0.048 0.604
25 0.604 0.048 0.556
32 0.604 0.048 0.556
50 0.604 0.048 0.556
29 0.7 0.048 0.652
16 0.7 0.048 0.652
47 0.7 0.048 0.652
48 0.7 0.048 0.652
5 0.7 0.048 0.652
16 0.652 0.048 0.604
47 0.652 0.048 0.604
23 0.7 0.048 0.652
7 0.7 0.048 0.652
9 0.7 0.048 0.652
10 0.7 0.048 0.652
62 0.7 0.048 0.652
2 0.7 0.048 0.652
15 0.7 0.048 0.652
20 0.7 0.048 0.652
47 0.667083 0.048 0.619083
5 0.652 0.048 0.604
16 0.671412 0.048 0.623412
29 0.7 0.048 0.652
30 0.7 0.048 0.652
12 0.7 0.048 0.652
17 0.7 0.048 0.652
46 0.7 0.048 0.652
53 0.7 0.048 0.652
30 0.652 0.048 0.604
27 0.7 0.048 0.652
64 0.7 0.048 0.652
37 0.7 0.048 0.652
1 0.7 0.048 0.652
13 0.7 0.048 0.652
42 0.7 0.048 0.652
54 0.7 0.048 0.652
73 0.7 0.048 0.652
74 0.7 0.048 0.652
54 0.652 0.048 0.604
1 0.652 0.048 0.604
37 0.7 0.048 0.652
73 0.652 0.048 0.604
74 0.652 0.048 0.604
38 0.7 0.048 0.652
44 0.7 0.048 0.652
45 0.7 0.048 0.652
56 0.7 0.048 0.652
58 0.7 0.048 0.652
69 0.7 0.048 0.652
71 0.7 0.048 0.652
4 0.7 0.048 0.652
55 0.7 0.048 0.652
57 0.7 0.048 0.652
61 0.7 0.048 0.652
51 0.7 0.048 0.652
66 0.7 0.048 0.652
4 0.7 0.048 0.652
55 0.652 0.048 0.604
57 0.652 0.048 0.604
61 0.652 0.048 0.604
71 0.652 0.048 0.604
60 0.7 0.048 0.652
14 0.7 0.048 0.652
18 0.7 0.048 0.652
41 0.7 0.048 0.652
65 0.7 0.048 0.652
80 0.7 0.048 0.652
3 0.7 0.048 0.652
25 0.686966 0.048 0.638966
27 0.7 0.048 0.652
64 0.7 0.048 0.652
61 0.667872 0.048 0.619872
4 0.652 0.048 0.604
55 0.670599 0.048 0.622599
57 0.670838 0.048 0.622838
71 0.673644 0.048 0.625644
69 0.7 0.048 0.652
21 0.7 0.048 0.652
24 0.7 0.048 0.652
38 0.7 0.048 0.652
44 0.7 0.048 0.652
45 0.7 0.048 0.652
56 0.7 0.048 0.652
58 0.7 0.048 0.652
59 0.7 0.048 0.652
11 0.7 0.048 0.652
19 0.7 0.048 0.652
33 0.7 0.048 0.652
48 0.7 0.048 0.652
29 0.7 0.048 0.652
56 0.652 0.048 0.604
24 0.7 0.048 0.652
38 0.652 0.048 0.604
44 0.652 0.048 0.604
45 0.7 0.048 0.652
58 0.652 0.048 0.604
59 0.652 0.048 0.604
69 0.7 0.048 0.652
20 0.7 0.048 0.652
2 0.7 0.048 0.652
15 0.7 0.048 0.652
62 0.7 0.048 0.652
46 0.7 0.048 0.652
12 0.7 0.048 0.652
17 0.7 0.048 0.652
3 0.7 0.048 0.652
22 0.7 0.048 0.652
25 0.7 0.048 0.652
27 0.7 0.048 0.652
32 0.7 0.048 0.652
34 0.7 0.048 0.652
50 0.7 0.048 0.652
64 0.7 0.048 0.652
55 0.692177 0.048 0.644177
4 0.672285 0.048 0.624285
61 0.619872 0.048 0.571872
71 0.692146 0.048 0.644146
50 0.7 0.048 0.652
22 0.652 0.048 0.604
32 0.7 0.048 0.652
34 0.652 0.048 0.604
76 0.7 0.048 0.652
52 0.7 0.048 0.652
57 0.692448 0.048 0.644448
66 0.7 0.048 0.652
52 0.652 0.048 0.604
66 0.652 0.048 0.604
76 0.652 0.048 0.604
22 0.671929 0.048 0.623929
25 0.7 0.048 0.652
32 0.652 0.048 0.604
34 0.670158 0.048 0.622158
50 0.652 0.048 0.604
64 0.7 0.048 0.652
3 0.7 0.048 0.652
25 0.652 0.048 0.604
27 0.7 0.048 0.652
2 0.7 0.048 0.652
15 0.7 0.048 0.652
20 0.7 0.048 0.652
62 0.7 0.048 0.652
32 0.668115 0.048 0.620115
22 0.623929 0.048 0.575929
34 0.622158 0.048 0.574158
50 0.669999 0.048 0.621999
32 0.620115 0.048 0.572115
32 0.572115 0.16 0.412115
22 0.642799 0.048 0.594799
25 0.664066 0.048 0.616066
32 0.412115 0.048 0.364115
34 0.643659 0.048 0.595659
50 0.621999 0.048 0.573999
22 0.594799 0.048 0.546799
22 0.546799 0.16 0.386799
80 0.7 0.048 0.652
14 0.7 0.048 0.652
18 0.7 0.048 0.652
41 0.7 0.048 0.652
60 0.7 0.048 0.652
65 0.7 0.048 0.652
34 0.595659 0.048 0.547659
22 0.386799 0.048 0.338799
25 0.616066 0.048 0.568066
32 0.364115 0.048 0.316115
50 0.573999 0.048 0.525999
34 0.547659 0.048 0.499659
34 0.499659 0.16 0.339659
29 0.7 0.048 0.652
5 0.7 0.048 0.652
16 0.7 0.048 0.652
47 0.7 0.048 0.652
48 0.7 0.048 0.652
32 0.316115 0.048 0.268115
34 0.339659 0.048 0.291659
50 0.525999 0.048 0.477999
55 0.7 0.048 0.652
5 0.652 0.048 0.604
16 0.652 0.048 0.604
29 0.7 0.048 0.652
30 0.7 0.048 0.652
47 0.652 0.048 0.604
23 0.7 0.048 0.652
7 0.7 0.048 0.652
9 0.7 0.048 0.652
10 0.7 0.048 0.652
62 0.7 0.048 0.652
2 0.7 0.048 0.652
15 0.7 0.048 0.652
20 0.7 0.048 0.652
47 0.666231 0.048 0.618231
5 0.604 0.048 0.556
16 0.664502 0.048 0.616502
29 0.652 0.048 0.604
30 0.652 0.048 0.604
12 0.7 0.048 0.652
17 0.7 0.048 0.652
46 0.7 0.048 0.652
53 0.7 0.048 0.652
30 0.604 0.048 0.556
4 0.7 0.048 0.652
55 0.7 0.048 0.652
61 0.7 0.048 0.652
37 0.7 0.048 0.652
1 0.7 0.048 0.652
13 0.7 0.048 0.652
54 0.7 0.048 0.652
73 0.7 0.048 0.652
74 0.7 0.048 0.652
54 0.652 0.048 0.604
1 0.652 0.048 0.604
37 0.7 0.048 0.652
73 0.652 0.048 0.604
74 0.652 0.048 0.604
38 0.7 0.048 0.652
24 0.7 0.048 0.652
44 0.7 0.048 0.652
45 0.7 0.048 0.652
56 0.7 0.048 0.652
58 0.7 0.048 0.652
59 0.7 0.048 0.652
69 0.7 0.048 0.652
71 0.7 0.048 0.652
4 0.652 0.048 0.604
57 0.7 0.048 0.652
61 0.7 0.048 0.652
51 0.7 0.048 0.652
66 0.7 0.048 0.652
4 0.670638 0.048 0.622638
55 0.7 0.048 0.652
57 0.652 0.048 0.604
61 0.652 0.048 0.604
71 0.652 0.048 0.604
4 0.622638 0.048 0.574638
4 0.574638 0.16 0.414638
60 0.7 0.048 0.652
14 0.7 0.048 0.652
18 0.7 0.048 0.652
41 0.7 0.048 0.652
65 0.7 0.048 0.652
80 0.7 0.048 0.652
4 0.414638 0.048 0.366638
55 0.652 0.048 0.604
57 0.604 0.048 0.556
61 0.604 0.048 0.556
71 0.604 0.048 0.556
61 0.617432 0.048 0.569432
4 0.366638 0.048 0.318638
55 0.668636 0.048 0.620636
57 0.623972 0.048 0.575972
71 0.620481 0.048 0.572481
61 0.569432 0.048 0.521432
61 0.521432 0.16 0.361432
69 0.7 0.048 0.652
21 0.7 0.048 0.652
24 0.7 0.048 0.652
38 0.7 0.048 0.652
44 0.7 0.048 0.652
45 0.7 0.048 0.652
56 0.7 0.048 0.652
58 0.7 0.048 0.652
59 0.7 0.048 0.652
11 0.7 0.048 0.652
19 0.7 0.048 0.652
33 0.7 0.048 0.652
48 0.7 0.048 0.652
29 0.7 0.048 0.652
56 0.652 0.048 0.604
21 0.652 0.048 0.604
24 0.7 0.048 0.652
38 0.652 0.048 0.604
44 0.652 0.048 0.604
45 0.7 0.048 0.652
58 0.652 0.048 0.604
59 0.652 0.048 0.604
69 0.7 0.048 0.652
20 0.7 0.048 0.652
2 0.7 0.048 0.652
15 0.7 0.048 0.652
62 0.7 0.048 0.652
46 0.7 0.048 0.652
12 0.7 0.048 0.652
4 0.386948 0.048 0.338948
57 0.575972 0.048 0.527972
61 0.361432 0.048 0.313432
71 0.572481 0.048 0.524481
76 0.7 0.048 0.652
55 0.681892 0.048 0.633892
4 0.338948 0.048 0.290948
61 0.313432 0.048 0.265432
50 0.7 0.048 0.652
22 0.534466 0.048 0.486466
32 0.532237 0.048 0.484237
34 0.48258 0.048 0.43458
76 0.7 0.048 0.652
52 0.7 0.048 0.652
57 0.58829 0.048 0.54029
66 0.7 0.048 0.652
76 0.652 0.048 0.604
76 0.604 0.16 0.444
52 0.652 0.048 0.604
66 0.652 0.048 0.604
76 0.444 0.048 0.396
52 0.604 0.048 0.556
52 0.556 0.16 0.396
52 0.396 0.048 0.348
57 0.54029 0.048 0.49229
66 0.604 0.048 0.556
76 0.396 0.048 0.348
64 0.7 0.048 0.652
3 0.7 0.048 0.652
25 0.7 0.048 0.652
27 0.7 0.048 0.652
2 0.7 0.048 0.652
15 0.7 0.048 0.652
20 0.7 0.048 0.652
62 0.7 0.048 0.652
80 0.7 0.048 0.652
14 0.7 0.048 0.652
18 0.7 0.048 0.652
41 0.7 0.048 0.652
60 0.7 0.048 0.652
65 0.7 0.048 0.652
29 0.7 0.048 0.652
16 0.7 0.048 0.652
51 0.7 0.048 0.652
52 0.416767 0.048 0.368767
66 0.622569 0.048 0.574569
76 0.410054 0.048 0.362054
5 0.7 0.048 0.652
16 0.652 0.048 0.604
30 0.7 0.048 0.652
47 0.7 0.048 0.652
23 0.7 0.048 0.652
7 0.7 0.048 0.652
9 0.7 0.048 0.652
10 0.7 0.048 0.652
62 0.7 0.048 0.652
2 0.7 0.048 0.652
15 0.7 0.048 0.652
20 0.7 0.048 0.652
47 0.7 0.048 0.652
5 0.652 0.048 0.604
16 0.665035 0.048 0.617035
30 0.652 0.048 0.604
12 0.7 0.048 0.652
17 0.7 0.048 0.652
46 0.7 0.048 0.652
53 0.7 0.048 0.652
30 0.604 0.048 0.556
51 0.7 0.048 0.652
66 0.635103 0.048 0.587103
37 0.7 0.048 0.652
1 0.7 0.048 0.652
13 0.7 0.048 0.652
42 0.7 0.048 0.652
54 0.7 0.048 0.652
73 0.7 0.048 0.652
74 0.7 0.048 0.652
54 0.652 0.048 0.604
1 0.652 0.048 0.604
37 0.7 0.048 0.652
73 0.652 0.048 0.604
74 0.652 0.048 0.604
38 0.7 0.048 0.652
21 0.7 0.048 0.652
24 0.7 0.048 0.652
44 0.7 0.048 0.652
45 0.7 0.048 0.652
56 0.7 0.048 0.652
58 0.7 0.048 0.652
59 0.7 0.048 0.652
69 0.7 0.048 0.652
71 0.7 0.048 0.652
4 0.487025 0.048 0.439025
55 0.7 0.048 0.652
57 0.685509 0.048 0.637509
61 0.515024 0.048 0.467024
51 0.7 0.048 0.652
66 0.651112 0.048 0.603112
60 0.7 0.048 0.652
14 0.7 0.048 0.652
18 0.7 0.048 0.652
35 0.7 0.048 0.652
41 0.7 0.048 0.652
65 0.7 0.048 0.652
80 0.7 0.048 0.652
48 0.7 0.048 0.652
51 0.652 0.048 0.604
69 0.7 0.048 0.652
38 0.7 0.048 0.652
44 0.7 0.048 0.652
45 0.7 0.048 0.652
56 0.7 0.048 0.652
58 0.7 0.048 0.652
59 0.7 0.048 0.652
11 0.7 0.048 0.652
19 0.7 0.048 0.652
33 0.7 0.048 0.652
48 0.7 0.048 0.652
29 0.7 0.048 0.652
48 0.652 0.048 0.604
48 0.604 0.16 0.444
56 0.652 0.048 0.604
38 0.652 0.048 0.604
44 0.652 0.048 0.604
45 0.7 0.048 0.652
58 0.652 0.048 0.604
59 0.652 0.048 0.604
69 0.7 0.048 0.652
20 0.7 0.048 0.652
2 0.7 0.048 0.652
15 0.7 0.048 0.652
62 0.7 0.048 0.652
46 0.7 0.048 0.652
12 0.7 0.048 0.652
17 0.7 0.048 0.652
29 0.7 0.048 0.652
48 0.444 0.048 0.396
55 0.7 0.048 0.652
4 0.575468 0.048 0.527468
61 0.527434 0.048 0.479434
71 0.7 0.048 0.652
50 0.7 0.048 0.652
22 0.7 0.048 0.652
22 0.652 0.048 0.604
32 0.7 0.048 0.652
34 0.7 0.048 0.652
50 0.652 0.048 0.604
50 0.604 0.16 0.444
22 0.604 0.16 0.444
32 0.652 0.16 0.492
34 0.652 0.16 0.492
16 0.7 0.048 0.652
29 0.7 0.048 0.652
47 0.7 0.048 0.652
48 0.464401 0.048 0.416401
64 0.7 0.048 0.652
3 0.7 0.048 0.652
25 0.7 0.048 0.652
27 0.7 0.048 0.652
2 0.7 0.048 0.652
15 0.7 0.048 0.652
20 0.7 0.048 0.652
62 0.7 0.048 0.652
80 0.7 0.048 0.652
14 0.7 0.048 0.652
18 0.7 0.048 0.652
41 0.7 0.048 0.652
60 0.7 0.048 0.652
65 0.7 0.048 0.652
29 0.652 0.048 0.604
16 0.7 0.048 0.652
47 0.7 0.048 0.652
48 0.480698 0.048 0.432698
29 0.604 0.048 0.556
29 0.556 0.16 0.396
5 0.7 0.048 0.652
16 0.652 0.048 0.604
29 0.460142 0.048 0.412142
30 0.7 0.048 0.652
47 0.652 0.048 0.604
5 0.652 0.048 0.604
16 0.604 0.048 0.556
30 0.652 0.048 0.604
47 0.604 0.048 0.556
5 0.604 0.048 0.556
5 0.556 0.16 0.396
23 0.7 0.048 0.652
7 0.7 0.048 0.652
9 0.7 0.048 0.652
10 0.7 0.048 0.652
62 0.7 0.048 0.652
2 0.7 0.048 0.652
15 0.7 0.048 0.652
20 0.7 0.048 0.652
47 0.623011 0.048 0.575011
5 0.396 0.048 0.348
16 0.625523 0.048 0.577523
29 0.412142 0.048 0.364142
30 0.604 0.048 0.556
47 0.575011 0.048 0.527011
47 0.527011 0.16 0.367011
12 0.7 0.048 0.652
17 0.7 0.048 0.652
46 0.7 0.048 0.652
53 0.7 0.048 0.652
30 0.556 0.048 0.508
5 0.417318 0.048 0.369318
16 0.577523 0.048 0.529523
30 0.575906 0.048 0.527906
47 0.367011 0.048 0.319011
53 0.652 0.048 0.604
37 0.7 0.048 0.652
1 0.7 0.048 0.652
13 0.7 0.048 0.652
42 0.7 0.048 0.652
54 0.7 0.048 0.652
73 0.7 0.048 0.652
74 0.7 0.048 0.652
54 0.652 0.048 0.604
1 0.652 0.048 0.604
37 0.7 0.048 0.652
73 0.652 0.048 0.604
74 0.652 0.048 0.604
38 0.7 0.048 0.652
21 0.7 0.048 0.652
24 0.7 0.048 0.652
44 0.7 0.048 0.652
45 0.7 0.048 0.652
56 0.7 0.048 0.652
58 0.7 0.048 0.652
59 0.7 0.048 0.652
69 0.7 0.048 0.652
71 0.7 0.048 0.652
4 0.7 0.048 0.652
55 0.7 0.048 0.652
57 0.7 0.048 0.652
61 0.7 0.048 0.652
51 0.7 0.048 0.652
66 0.7 0.048 0.652
60 0.7 0.048 0.652
14 0.7 0.048 0.652
18 0.7 0.048 0.652
41 0.7 0.048 0.652
65 0.7 0.048 0.652
80 0.7 0.048 0.652
5 0.436055 0.048 0.388055
30 0.590306 0.048 0.542306
53 0.669779 0.048 0.621779
69 0.7 0.048 0.652
24 0.7 0.048 0.652
38 0.7 0.048 0.652
44 0.7 0.048 0.652
45 0.7 0.048 0.652
56 0.7 0.048 0.652
58 0.7 0.048 0.652
59 0.7 0.048 0.652
11 0.7 0.048 0.652
19 0.7 0.048 0.652
33 0.7 0.048 0.652
56 0.652 0.048 0.604
38 0.652 0.048 0.604
44 0.652 0.048 0.604
45 0.7 0.048 0.652
58 0.652 0.048 0.604
59 0.652 0.048 0.604
69 0.7 0.048 0.652
20 0.7 0.048 0.652
2 0.7 0.048 0.652
15 0.7 0.048 0.652
62 0.7 0.048 0.652
46 0.7 0.048 0.652
12 0.7 0.048 0.652
17 0.7 0.048 0.652
2 0.652 0.048 0.604
20 0.652 0.048 0.604
53 0.690712 0.048 0.642712
55 0.7 0.048 0.652
4 0.7 0.048 0.652
61 0.7 0.048 0.652
71 0.7 0.048 0.652
2 0.66842 0.048 0.62042
15 0.7 0.048 0.652
20 0.669625 0.048 0.621625
62 0.7 0.048 0.652
64 0.7 0.048 0.652
3 0.7 0.048 0.652
27 0.7 0.048 0.652
2 0.689117 0.048 0.641117
15 0.652 0.048 0.604
20 0.621625 0.048 0.573625
62 0.7 0.048 0.652
2 0.641117 0.048 0.593117
2 0.593117 0.16 0.433117
80 0.7 0.048 0.652
14 0.7 0.048 0.652
18 0.7 0.048 0.652
41 0.7 0.048 0.652
60 0.7 0.048 0.652
65 0.7 0.048 0.652
2 0.433117 0.048 0.385117
15 0.670817 0.048 0.622817
20 0.636914 0.048 0.588914
62 0.652 0.048 0.604
23 0.7 0.048 0.652
7 0.7 0.048 0.652
9 0.7 0.048 0.652
10 0.7 0.048 0.652
62 0.66886 0.048 0.62086
2 0.45226 0.048 0.40426
15 0.622817 0.048 0.574817
20 0.65478 0.048 0.60678
62 0.62086 0.048 0.57286
62 0.57286 0.16 0.41286
12 0.7 0.048 0.652
17 0.7 0.048 0.652
46 0.7 0.048 0.652
53 0.7 0.048 0.652
30 0.7 0.048 0.652
11 0.7 0.048 0.652
15 0.635271 0.048 0.587271
19 0.7 0.048 0.652
33 0.7 0.048 0.652
62 0.41286 0.048 0.36486
37 0.7 0.048 0.652
1 0.7 0.048 0.652
13 0.7 0.048 0.652
42 0.7 0.048 0.652
54 0.7 0.048 0.652
73 0.7 0.048 0.652
74 0.7 0.048 0.652
54 0.652 0.048 0.604
1 0.652 0.048 0.604
37 0.7 0.048 0.652
73 0.652 0.048 0.604
74 0.652 0.048 0.604
38 0.7 0.048 0.652
21 0.7 0.048 0.652
24 0.7 0.048 0.652
44 0.7 0.048 0.652
45 0.7 0.048 0.652
56 0.7 0.048 0.652
58 0.7 0.048 0.652
59 0.7 0.048 0.652
69 0.7 0.048 0.652
71 0.7 0.048 0.652
4 0.7 0.048 0.652
55 0.7 0.048 0.652
57 0.7 0.048 0.652
61 0.7 0.048 0.652
51 0.7 0.048 0.652
60 0.7 0.048 0.652
14 0.7 0.048 0.652
18 0.7 0.048 0.652
41 0.7 0.048 0.652
65 0.7 0.048 0.652
80 0.7 0.048 0.652
11 0.7 0.048 0.652
19 0.7 0.048 0.652
33 0.7 0.048 0.652
39 0.7 0.048 0.652
69 0.7 0.048 0.652
21 0.7 0.048 0.652
24 0.7 0.048 0.652
38 0.7 0.048 0.652
44 0.7 0.048 0.652
45 0.7 0.048 0.652
56 0.7 0.048 0.652
58 0.7 0.048 0.652
59 0.7 0.048 0.652
11 0.7 0.048 0.652
19 0.7 0.048 0.652
33 0.7 0.048 0.652
11 0.652 0.048 0.604
11 0.604 0.16 0.444
56 0.652 0.048 0.604
38 0.652 0.048 0.604
44 0.652 0.048 0.604
45 0.7 0.048 0.652
58 0.652 0.048 0.604
59 0.652 0.048 0.604
69 0.7 0.048 0.652
20 0.7 0.048 0.652
2 0.533686 0.048 0.485686
15 0.7 0.048 0.652
62 0.49226 0.048 0.44426
46 0.7 0.048 0.652
12 0.7 0.048 0.652
17 0.7 0.048 0.652
11 0.444 0.048 0.396
19 0.652 0.048 0.604
33 0.652 0.048 0.604
39 0.7 0.048 0.652
55 0.7 0.048 0.652
4 0.7 0.048 0.652
61 0.7 0.048 0.652
71 0.7 0.048 0.652
39 0.7 0.048 0.652
79 0.7 0.048 0.652
64 0.7 0.048 0.652
3 0.7 0.048 0.652
27 0.7 0.048 0.652
80 0.7 0.048 0.652
14 0.7 0.048 0.652
18 0.7 0.048 0.652
41 0.7 0.048 0.652
60 0.7 0.048 0.652
65 0.7 0.048 0.652
44 0.7 0.048 0.652
56 0.7 0.048 0.652
69 0.7 0.048 0.652
79 0.7 0.048 0.652
23 0.7 0.048 0.652
7 0.7 0.048 0.652
9 0.7 0.048 0.652
10 0.7 0.048 0.652
12 0.7 0.048 0.652
17 0.7 0.048 0.652
46 0.7 0.048 0.652
53 0.7 0.048 0.652
30 0.7 0.048 0.652
38 0.7 0.048 0.652
44 0.7 0.048 0.652
45 0.7 0.048 0.652
56 0.7 0.048 0.652
58 0.7 0.048 0.652
59 0.7 0.048 0.652
69 0.7 0.048 0.652
79 0.7 0.048 0.652
37 0.7 0.048 0.652
1 0.7 0.048 0.652
13 0.7 0.048 0.652
42 0.7 0.048 0.652
54 0.7 0.048 0.652
73 0.7 0.048 0.652
74 0.7 0.048 0.652
54 0.652 0.048 0.604
1 0.652 0.048 0.604
13 0.652 0.048 0.604
37 0.7 0.048 0.652
42 0.652 0.048 0.604
73 0.652 0.048 0.604
74 0.652 0.048 0.604
38 0.7 0.048 0.652
24 0.7 0.048 0.652
24 0.652 0.048 0.604
44 0.652 0.048 0.604
45 0.652 0.048 0.604
56 0.7 0.048 0.652
58 0.652 0.048 0.604
59 0.7 0.048 0.652
69 0.652 0.048 0.604
38 0.652 0.096 0.556
38 0.556 0.16 0.396
71 0.7 0.048 0.652
4 0.7 0.048 0.652
55 0.7 0.048 0.652
57 0.7 0.048 0.652
61 0.7 0.048 0.652
51 0.7 0.048 0.652
66 0.7 0.048 0.652
60 0.7 0.048 0.652
14 0.7 0.048 0.652
18 0.7 0.048 0.652
41 0.7 0.048 0.652
65 0.7 0.048 0.652
80 0.7 0.048 0.652
21 0.7 0.048 0.652
24 0.673654 0.048 0.625654
38 0.396 0.048 0.348
44 0.667604 0.048 0.619604
45 0.673382 0.048 0.625382
56 0.652 0.048 0.604
58 0.664156 0.048 0.616156
59 0.652 0.048 0.604
69 0.670928 0.048 0.622928
69 0.622928 0.048 0.574928
21 0.7 0.048 0.652
24 0.625654 0.048 0.577654
38 0.413226 0.048 0.365226
44 0.683989 0.048 0.635989
45 0.625382 0.048 0.577382
56 0.671673 0.048 0.623673
58 0.616156 0.048 0.568156
59 0.667568 0.048 0.619568
69 0.574928 0.048 0.526928
69 0.526928 0.16 0.366928
56 0.623673 0.048 0.575673
38 0.365226 0.048 0.317226
44 0.635989 0.048 0.587989
45 0.639063 0.048 0.591063
58 0.568156 0.048 0.520156
59 0.619568 0.048 0.571568
69 0.435073 0.048 0.387073
79 0.7 0.048 0.652
20 0.7 0.048 0.652
2 0.7 0.048 0.652
15 0.7 0.048 0.652
62 0.7 0.048 0.652
46 0.7 0.048 0.652
12 0.7 0.048 0.652
17 0.7 0.048 0.652
21 0.652 0.048 0.604
24 0.640996 0.048 0.592996
38 0.317226 0.048 0.269226
45 0.591063 0.048 0.543063
58 0.585258 0.048 0.537258
59 0.571568 0.048 0.523568
69 0.387073 0.048 0.339073
55 0.7 0.048 0.652
4 0.7 0.048 0.652
61 0.7 0.048 0.652
71 0.7 0.048 0.652
7 0.7 0.048 0.652
9 0.7 0.048 0.652
21 0.666058 0.048 0.618058
23 0.7 0.048 0.652
64 0.7 0.048 0.652
3 0.7 0.048 0.652
27 0.7 0.048 0.652
80 0.7 0.048 0.652
14 0.7 0.048 0.652
18 0.7 0.048 0.652
41 0.7 0.048 0.652
60 0.7 0.048 0.652
65 0.7 0.048 0.652
7 0.7 0.048 0.652
9 0.7 0.048 0.652
10 0.7 0.048 0.652
23 0.7 0.048 0.652
40 0.7 0.048 0.652
23 0.652 0.048 0.604
7 0.652 0.048 0.604
9 0.652 0.048 0.604
10 0.652 0.048 0.604
23 0.604 0.048 0.556
23 0.556 0.16 0.396
12 0.7 0.048 0.652
17 0.7 0.048 0.652
46 0.7 0.048 0.652
53 0.7 0.048 0.652
30 0.7 0.048 0.652
7 0.668258 0.048 0.620258
9 0.664118 0.048 0.616118
10 0.664342 0.048 0.616342
40 0.7 0.048 0.652
68 0.7 0.048 0.652
72 0.7 0.048 0.652
75 0.7 0.048 0.652
37 0.7 0.048 0.652
1 0.7 0.048 0.652
13 0.7 0.048 0.652
42 0.7 0.048 0.652
54 0.7 0.048 0.652
73 0.7 0.048 0.652
74 0.7 0.048 0.652
54 0.652 0.048 0.604
1 0.652 0.048 0.604
13 0.652 0.048 0.604
37 0.7 0.048 0.652
42 0.652 0.048 0.604
73 0.652 0.048 0.604
74 0.652 0.048 0.604
71 0.7 0.048 0.652
4 0.7 0.048 0.652
55 0.7 0.048 0.652
57 0.7 0.048 0.652
61 0.7 0.048 0.652
51 0.7 0.048 0.652
66 0.7 0.048 0.652
60 0.7 0.048 0.652
14 0.7 0.048 0.652
18 0.7 0.048 0.652
41 0.7 0.048 0.652
65 0.7 0.048 0.652
80 0.7 0.048 0.652
40 0.7 0.048 0.652
68 0.7 0.048 0.652
72 0.7 0.048 0.652
75 0.7 0.048 0.652
56 0.7 0.048 0.652
38 0.600761 0.048 0.552761
44 0.7 0.048 0.652
45 0.7 0.048 0.652
58 0.7 0.048 0.652
69 0.665429 0.048 0.617429
79 0.7 0.048 0.652
20 0.7 0.048 0.652
2 0.7 0.048 0.652
15 0.7 0.048 0.652
62 0.7 0.048 0.652
46 0.7 0.048 0.652
12 0.7 0.048 0.652
17 0.7 0.048 0.652
46 0.652 0.048 0.604
46 0.604 0.16 0.444
46 0.444 0.048 0.396
68 0.7 0.048 0.652
75 0.7 0.048 0.652
55 0.7 0.048 0.652
4 0.7 0.048 0.652
61 0.7 0.048 0.652
71 0.7 0.048 0.652
12 0.7 0.048 0.652
17 0.7 0.048 0.652
46 0.463845 0.048 0.415845
64 0.7 0.048 0.652
3 0.7 0.048 0.652
27 0.7 0.048 0.652
80 0.7 0.048 0.652
14 0.7 0.048 0.652
18 0.7 0.048 0.652
41 0.7 0.048 0.652
60 0.7 0.048 0.652
65 0.7 0.048 0.652
12 0.7 0.048 0.652
17 0.7 0.048 0.652
46 0.477579 0.048 0.429579
12 0.652 0.048 0.604
17 0.7 0.048 0.652
46 0.429579 0.048 0.381579
53 0.7 0.048 0.652
30 0.7 0.048 0.652
17 0.652 0.048 0.604
28 0.7 0.048 0.652
36 0.7 0.048 0.652
63 0.7 0.048 0.652
37 0.7 0.048 0.652
1 0.7 0.048 0.652
13 0.7 0.048 0.652
42 0.7 0.048 0.652
54 0.7 0.048 0.652
73 0.7 0.048 0.652
74 0.7 0.048 0.652
54 0.652 0.048 0.604
1 0.652 0.048 0.604
13 0.652 0.048 0.604
37 0.7 0.048 0.652
42 0.652 0.048 0.604
73 0.652 0.048 0.604
74 0.652 0.048 0.604
71 0.7 0.048 0.652
4 0.7 0.048 0.652
55 0.7 0.048 0.652
57 0.7 0.048 0.652
61 0.7 0.048 0.652
51 0.7 0.048 0.652
66 0.7 0.048 0.652
60 0.7 0.048 0.652
14 0.7 0.048 0.652
18 0.7 0.048 0.652
41 0.7 0.048 0.652
65 0.7 0.048 0.652
80 0.7 0.048 0.652
28 0.7 0.048 0.652
36 0.7 0.048 0.652
63 0.7 0.048 0.652
70 0.7 0.048 0.652
56 0.7 0.048 0.652
38 0.7 0.048 0.652
44 0.7 0.048 0.652
45 0.7 0.048 0.652
58 0.7 0.048 0.652
59 0.7 0.048 0.652
69 0.7 0.048 0.652
79 0.7 0.048 0.652
20 0.7 0.048 0.652
2 0.7 0.048 0.652
15 0.7 0.048 0.652
62 0.7 0.048 0.652
28 0.7 0.048 0.652
31 0.7 0.048 0.652
36 0.7 0.048 0.652
70 0.7 0.048 0.652
55 0.7 0.048 0.652
4 0.7 0.048 0.652
61 0.7 0.048 0.652
71 0.7 0.048 0.652
31 0.7 0.048 0.652
36 0.7 0.048 0.652
70 0.7 0.048 0.652
73 0.7 0.048 0.652
64 0.7 0.048 0.652
3 0.7 0.048 0.652
27 0.7 0.048 0.652
80 0.7 0.048 0.652
14 0.7 0.048 0.652
18 0.7 0.048 0.652
41 0.7 0.048 0.652
60 0.7 0.048 0.652
65 0.7 0.048 0.652
1 0.7 0.048 0.652
31 0.7 0.048 0.652
37 0.7 0.048 0.652
54 0.7 0.048 0.652
73 0.7 0.048 0.652
74 0.7 0.048 0.652
12 0.7 0.048 0.652
17 0.7 0.048 0.652
46 0.7 0.048 0.652
53 0.7 0.048 0.652
30 0.7 0.048 0.652
1 0.7 0.048 0.652
13 0.7 0.048 0.652
37 0.7 0.048 0.652
42 0.7 0.048 0.652
54 0.7 0.048 0.652
73 0.7 0.048 0.652
74 0.7 0.048 0.652
37 0.652 0.048 0.604
1 0.652 0.048 0.604
13 0.7 0.048 0.652
42 0.7 0.048 0.652
54 0.652 0.048 0.604
73 0.652 0.048 0.604
74 0.652 0.048 0.604
37 0.604 0.048 0.556
37 0.556 0.16 0.396
54 0.604 0.048 0.556
1 0.604 0.048 0.556
37 0.46286 0.048 0.41486
42 0.652 0.048 0.604
73 0.604 0.048 0.556
74 0.604 0.048 0.556
54 0.556 0.048 0.508
54 0.508 0.16 0.348
71 0.7 0.048 0.652
4 0.7 0.048 0.652
55 0.7 0.048 0.652
57 0.7 0.048 0.652
61 0.7 0.048 0.652
51 0.7 0.048 0.652
66 0.7 0.048 0.652
60 0.7 0.048 0.652
14 0.7 0.048 0.652
18 0.7 0.048 0.652
41 0.7 0.048 0.652
65 0.7 0.048 0.652
80 0.7 0.048 0.652
1 0.620695 0.048 0.572695
13 0.652 0.048 0.604
37 0.41486 0.048 0.36686
42 0.604 0.048 0.556
54 0.413067 0.048 0.365067
74 0.625983 0.048 0.577983
77 0.7 0.048 0.652
78 0.7 0.048 0.652
56 0.7 0.048 0.652
38 0.7 0.048 0.652
44 0.7 0.048 0.652
45 0.7 0.048 0.652
58 0.7 0.048 0.652
59 0.7 0.048 0.652
69 0.7 0.048 0.652
79 0.7 0.048 0.652
20 0.7 0.048 0.652
2 0.7 0.048 0.652
15 0.7 0.048 0.652
62 0.7 0.048 0.652
13 0.673563 0.048 0.625563
77 0.7 0.048 0.652
78 0.7 0.048 0.652
55 0.7 0.048 0.652
4 0.7 0.048 0.652
61 0.7 0.048 0.652
71 0.7 0.048 0.652
14 0.7 0.048 0.652
77 0.7 0.048 0.652
78 0.7 0.048 0.652
80 0.7 0.048 0.652
64 0.7 0.048 0.652
3 0.7 0.048 0.652
27 0.7 0.048 0.652
80 0.7 0.048 0.652
14 0.652 0.048 0.604
18 0.7 0.048 0.652
60 0.7 0.048 0.652
65 0.7 0.048 0.652
80 0.652 0.048 0.604
80 0.604 0.16 0.444
14 0.670119 0.048 0.622119
18 0.7 0.048 0.652
41 0.7 0.048 0.652
60 0.652 0.048 0.604
65 0.7 0.048 0.652
80 0.444 0.048 0.396
12 0.7 0.048 0.652
17 0.7 0.048 0.652
46 0.7 0.048 0.652
53 0.7 0.048 0.652
30 0.7 0.048 0.652
6 0.7 0.048 0.652
14 0.690975 0.048 0.642975
18 0.7 0.048 0.652
35 0.7 0.048 0.652
41 0.7 0.048 0.652
60 0.668387 0.048 0.620387
65 0.7 0.048 0.652
80 0.457905 0.048 0.409905
71 0.7 0.048 0.652
4 0.7 0.048 0.652
55 0.7 0.048 0.652
57 0.7 0.048 0.652
61 0.7 0.048 0.652
51 0.7 0.048 0.652
60 0.689765 0.048 0.641765
14 0.7 0.048 0.652
18 0.7 0.048 0.652
41 0.7 0.048 0.652
65 0.7 0.048 0.652
80 0.471169 0.048 0.423169
60 0.641765 0.048 0.593765
60 0.593765 0.16 0.433765
6 0.7 0.048 0.652
8 0.7 0.048 0.652
18 0.652 0.048 0.604
26 0.7 0.048 0.652
35 0.7 0.048 0.652
41 0.652 0.048 0.604
60 0.433765 0.048 0.385765
65 0.652 0.048 0.604
56 0.7 0.048 0.652
38 0.7 0.048 0.652
44 0.7 0.048 0.652
45 0.7 0.048 0.652
58 0.7 0.048 0.652
59 0.7 0.048 0.652
69 0.7 0.048 0.652
79 0.7 0.048 0.652
20 0.7 0.048 0.652
2 0.7 0.048 0.652
15 0.7 0.048 0.652
62 0.7 0.048 0.652
6 0.7 0.048 0.652
8 0.7 0.048 0.652
26 0.7 0.048 0.652
35 0.7 0.048 0.652
43 0.7 0.048 0.652
49 0.7 0.048 0.652
67 0.7 0.048 0.652
55 0.7 0.048 0.652
4 0.7 0.048 0.652
61 0.7 0.048 0.652
