34 1770 2.01587
3 1771 2.07434
10 1774 2.27868
32 1776 2.28657
15 1777 2.29285
9 1779 2.4291
35 1782 2.63326
20 1786 2.90756
12 1787 2.90967
18 1788 2.93655
11 1790 2.99154
25 1792 3.17157
23 1794 3.21032
13 1795 3.26262
29 1797 3.37898
33 1800 3.52953
14 1802 3.58532
6 1803 3.59614
37 1804 3.61192
21 1805 3.64244
36 1806 3.65531
39 1808 3.69007
22 1809 3.74894
19 1810 3.76212
40 1812 3.82161
24 1814 3.97888
26 1817 4.11053
5 1818 4.16329
7 1821 4.37001
1 1823 4.4462
2 1824 4.4787
8 1826 4.50791
38 1827 4.53502
27 1829 4.63704
31 1831 4.7014
17 1832 4.73813
4 1834 4.79662
30 1835 4.80489
16 1836 4.80727
28 1838 4.8845
18 1840 5.04906
12 1860 6.88334
32 1866 7.39541
8 1870 7.75151
17 1872 7.81227
2 1875 8.00722
25 1878 8.26545
3 1881 8.45318
4 1886 8.8192
9 1887 8.82556
27 1891 9.09437
26 1896 9.56977
6 1898 9.609
