25 2187 2.12546
52 2188 2.17731
45 2190 2.23086
23 2191 2.2328
51 2192 2.26627
35 2193 2.31229
28 2195 2.32241
58 2196 2.33758
2 2198 2.42584
14 2199 2.47342
12 2200 2.49346
3 2202 2.534
16 2203 2.54013
41 2204 2.5954
56 2205 2.60949
8 2207 2.64597
11 2208 2.66702
49 2209 2.66878
10 2210 2.67578
29 2211 2.71383
32 2213 2.73321
46 2214 2.74437
27 2215 2.76268
50 2216 2.80894
48 2218 2.82496
6 2219 2.88885
53 2221 2.97292
40 2222 2.99739
60 2223 3.00031
47 2224 3.01071
39 2226 3.02833
38 2227 3.02997
55 2229 3.15814
42 2235 3.62544
5 2236 3.67954
17 2238 3.77809
57 2240 3.84081
1 2242 3.93724
19 2243 3.94709
33 2245 4.09111
37 2247 4.12093
24 2248 4.14804
13 2250 4.25744
54 2252 4.31883
9 2253 4.37252
43 2255 4.48367
15 2256 4.48487
34 2257 4.49753
18 2258 4.51041
44 2260 4.54873
26 2261 4.58292
59 2262 4.58921
4 2263 4.60713
21 2265 4.68973
20 2266 4.71404
36 2269 4.84761
30 2270 4.9094
31 2272 4.91794
22 2273 4.95142
7 2274 4.98986
29 2275 5.01015
49 2287 6.02095
10 2290 6.29184
47 2294 6.52361
50 2298 6.85042
28 2300 6.93907
23 2301 7.00195
51 2308 7.56902
59 2309 7.59512
35 2310 7.6125
58 2314 7.86268
2 2318 8.12085
40 2320 8.2783
7 2325 8.63139
11 2326 8.71145
36 2330 9.00635
3 2333 9.20977
42 2338 9.52
