0 2165
0 2166
0 2167
0 2168
0 2169
0 2170
0 2171
0 2172
0 2173
0 2174
0 2175
0 2177
0 2178
0 2179
0 2180
0 2181
0 2183
0 2184
0 2185
0 2186
0 2189
0 2194
0 2197
14 2199
0 2201
0 2206
49 2209
29 2211
0 2212
32 2213
46 2214
0 2217
0 2220
53 2221
0 2225
41 2204
0 2228
10 2210
0 2230
35 2193
0 2231
0 2232
47 2224
0 2233
0 2234
5 2236
0 2237
0 2239
0 2241
0 2244
0 2246
0 2249
23 2191
0 2251
58 2196
0 2254
0 2259
0 2264
21 2265
0 2267
51 2192
50 2216
0 2268
28 2195
0 2271
15 2256
29 2275
0 2276
59 2262
0 2277
42 2235
0 2278
0 2279
0 2280
0 2281
0 2282
11 2208
0 2283
0 2284
0 2285
2 2198
40 2222
0 2286
0 2288
0 2289
27 2215
0 2291
7 2274
0 2293
0 2295
0 2296
45 2190
0 2297
36 2269
9 2253
0 2299
0 2302
38 2227
3 2202
0 2303
0 2304
30 2270
0 2306
1 2242
60 2223
0 2307
0 2311
24 2248
0 2312
0 2313
0 2315
0 2316
49 2287
44 2260
33 2245
0 2317
2 2318
20 2266
0 2319
10 2290
0 2321
0 2322
34 2257
0 2323
35 2310
0 2324
0 2327
0 2328
54 2252
0 2329
0 2331
0 2332
37 2247
25 2187
8 2207
3 2333
0 2334
0 2335
0 2336
23 2301
0 2337
47 2294
0 2339
52 2188
0 2340
13 2250
0 2341
50 2298
58 2314
0 2342
28 2300
22 2273
0 2343
39 2226
51 2308
0 2344
0 2345
17 2238
0 2346
57 2240
0 2347
12 2200
0 2348
42 2338
0 2349
55 2229
0 2350
0 2351
48 2218
0 2352
31 2272
43 2255
18 2258
0 2353
0 2354
0 2355
0 2356
6 2219
0 2357
0 2358
16 2203
59 2309
0 2360
0 2361
0 2362
36 2330
0 2363
0 2364
0 2365
0 2366
0 2367
0 2368
0 2370
0 2371
0 2372
19 2243
0 2373
0 2374
0 2375
0 2376
0 2377
0 2378
26 2261
4 2263
0 2379
0 2380
0 2381
0 2382
0 2383
0 2384
0 2385
0 2386
0 2387
0 2388
0 2389
0 2390
0 2391
0 2392
