2 0.7 0.048 0.652
1 0.7 0.048 0.652
2 0.652 0.048 0.604
2 0.604 0.16 0.444
1 0.652 0.16 0.492
4 0.7 0.048 0.652
4 0.652 0.048 0.604
4 0.604 0.16 0.444
6 0.7 0.048 0.652
3 0.7 0.048 0.652
8 0.7 0.048 0.652
10 0.7 0.048 0.652
5 0.7 0.048 0.652
6 0.7 0.048 0.652
7 0.7 0.048 0.652
6 0.652 0.048 0.604
6 0.604 0.16 0.444
7 0.652 0.16 0.492
3 0.7 0.048 0.652
8 0.7 0.048 0.652
10 0.7 0.048 0.652
5 0.7 0.048 0.652
9 0.7 0.048 0.652
3 0.7 0.048 0.652
8 0.7 0.048 0.652
10 0.7 0.048 0.652
10 0.652 0.048 0.604
10 0.604 0.16 0.444
1 0.7 0.048 0.652
2 0.7 0.048 0.652
5 0.7 0.048 0.652
9 0.7 0.048 0.652
3 0.7 0.048 0.652
8 0.7 0.048 0.652
1 0.7 0.048 0.652
2 0.7 0.048 0.652
5 0.7 0.048 0.652
7 0.7 0.048 0.652
6 0.7 0.048 0.652
9 0.7 0.048 0.652
3 0.7 0.048 0.652
8 0.7 0.048 0.652
1 0.7 0.048 0.652
2 0.7 0.048 0.652
5 0.7 0.048 0.652
7 0.7 0.048 0.652
9 0.7 0.048 0.652
3 0.7 0.048 0.652
8 0.7 0.048 0.652
1 0.7 0.048 0.652
2 0.7 0.048 0.652
5 0.7 0.048 0.652
7 0.7 0.048 0.652
9 0.7 0.048 0.652
3 0.7 0.048 0.652
8 0.7 0.048 0.652
8 0.652 0.048 0.604
8 0.604 0.16 0.444
1 0.7 0.048 0.652
2 0.7 0.048 0.652
5 0.7 0.048 0.652
7 0.7 0.048 0.652
6 0.7 0.048 0.652
9 0.7 0.048 0.652
3 0.7 0.048 0.652
1 0.7 0.048 0.652
2 0.7 0.048 0.652
5 0.7 0.048 0.652
7 0.7 0.048 0.652
9 0.7 0.048 0.652
9 0.652 0.048 0.604
9 0.604 0.16 0.444
3 0.7 0.048 0.652
1 0.7 0.048 0.652
2 0.7 0.048 0.652
5 0.7 0.048 0.652
7 0.7 0.048 0.652
6 0.7 0.048 0.652
3 0.7 0.048 0.652
4 0.7 0.048 0.652
2 0.7 0.048 0.652
1 0.7 0.048 0.652
2 0.7 0.048 0.652
10 0.7 0.048 0.652
5 0.7 0.048 0.652
7 0.7 0.048 0.652
3 0.7 0.048 0.652
4 0.7 0.048 0.652
2 0.7 0.048 0.652
1 0.7 0.048 0.652
2 0.7 0.048 0.652
10 0.7 0.048 0.652
5 0.7 0.048 0.652
7 0.7 0.048 0.652
3 0.7 0.048 0.652
4 0.7 0.048 0.652
2 0.7 0.048 0.652
1 0.7 0.048 0.652
2 0.7 0.048 0.652
10 0.7 0.048 0.652
5 0.7 0.048 0.652
5 0.652 0.048 0.604
5 0.604 0.16 0.444
7 0.7 0.048 0.652
3 0.7 0.048 0.652
4 0.7 0.048 0.652
2 0.7 0.048 0.652
1 0.7 0.048 0.652
2 0.7 0.048 0.652
10 0.7 0.048 0.652
7 0.7 0.048 0.652
3 0.7 0.048 0.652
9 0.7 0.048 0.652
4 0.7 0.048 0.652
2 0.7 0.048 0.652
1 0.7 0.048 0.652
2 0.7 0.048 0.652
10 0.7 0.048 0.652
8 0.7 0.048 0.652
7 0.7 0.048 0.652
6 0.7 0.048 0.652
3 0.7 0.048 0.652
9 0.7 0.048 0.652
4 0.7 0.048 0.652
2 0.7 0.048 0.652
1 0.7 0.048 0.652
2 0.7 0.048 0.652
10 0.7 0.048 0.652
8 0.7 0.048 0.652
7 0.7 0.048 0.652
6 0.7 0.048 0.652
3 0.7 0.048 0.652
9 0.7 0.048 0.652
4 0.7 0.048 0.652
2 0.7 0.048 0.652
1 0.7 0.048 0.652
2 0.7 0.048 0.652
10 0.7 0.048 0.652
8 0.7 0.048 0.652
7 0.7 0.048 0.652
6 0.7 0.048 0.652
3 0.7 0.048 0.652
9 0.7 0.048 0.652
4 0.7 0.048 0.652
2 0.7 0.048 0.652
1 0.7 0.048 0.652
2 0.7 0.048 0.652
10 0.7 0.048 0.652
8 0.7 0.048 0.652
8 0.652 0.048 0.604
8 0.604 0.16 0.444
7 0.7 0.048 0.652
6 0.7 0.048 0.652
3 0.7 0.048 0.652
9 0.7 0.048 0.652
4 0.7 0.048 0.652
2 0.7 0.048 0.652
1 0.7 0.048 0.652
2 0.7 0.048 0.652
10 0.7 0.048 0.652
7 0.7 0.048 0.652
6 0.7 0.048 0.652
3 0.7 0.048 0.652
9 0.7 0.048 0.652
4 0.7 0.048 0.652
2 0.7 0.048 0.652
1 0.7 0.048 0.652
2 0.7 0.048 0.652
10 0.7 0.048 0.652
7 0.7 0.048 0.652
6 0.7 0.048 0.652
3 0.7 0.048 0.652
9 0.7 0.048 0.652
4 0.7 0.048 0.652
1 0.7 0.048 0.652
2 0.7 0.048 0.652
1 0.652 0.048 0.604
2 0.7 0.048 0.652
10 0.7 0.048 0.652
7 0.7 0.048 0.652
6 0.7 0.048 0.652
3 0.7 0.048 0.652
9 0.7 0.048 0.652
4 0.7 0.048 0.652
1 0.7 0.048 0.652
2 0.7 0.048 0.652
4 0.652 0.048 0.604
4 0.604 0.16 0.444
1 0.652 0.16 0.492
2 0.652 0.16 0.492
1 0.492 0.048 0.444
2 0.559565 0.048 0.511565
4 0.513592 0.048 0.465592
1 0.444 0.048 0.396
1 0.396 0.16 0.236
2 0.511565 0.16 0.351565
4 0.465592 0.16 0.305592
10 0.7 0.048 0.652
7 0.7 0.048 0.652
6 0.7 0.048 0.652
3 0.7 0.048 0.652
9 0.7 0.048 0.652
10 0.7 0.048 0.652
7 0.7 0.048 0.652
6 0.7 0.048 0.652
3 0.7 0.048 0.652
9 0.7 0.048 0.652
10 0.7 0.048 0.652
7 0.7 0.048 0.652
6 0.7 0.048 0.652
7 0.652 0.048 0.604
7 0.604 0.16 0.444
6 0.652 0.16 0.492
3 0.7 0.048 0.652
9 0.7 0.048 0.652
10 0.7 0.048 0.652
10 0.652 0.048 0.604
10 0.604 0.16 0.444
