16 0.7 0.048 0.652
17 0.7 0.048 0.652
34 0.7 0.048 0.652
16 0.652 0.096 0.556
16 0.556 0.16 0.396
17 0.652 0.16 0.492
34 0.652 0.16 0.492
24 0.7 0.048 0.652
44 0.7 0.048 0.652
24 0.652 0.048 0.604
24 0.604 0.16 0.444
44 0.652 0.16 0.492
21 0.7 0.048 0.652
49 0.7 0.048 0.652
21 0.652 0.048 0.604
21 0.604 0.16 0.444
49 0.652 0.16 0.492
38 0.7 0.048 0.652
12 0.7 0.048 0.652
46 0.7 0.048 0.652
38 0.652 0.096 0.556
38 0.556 0.16 0.396
12 0.652 0.16 0.492
46 0.652 0.16 0.492
17 0.625183 0.048 0.577183
1 0.7 0.048 0.652
16 0.60102 0.048 0.55302
34 0.615898 0.048 0.567898
17 0.577183 0.096 0.481183
17 0.481183 0.16 0.321183
1 0.652 0.16 0.492
16 0.55302 0.16 0.39302
34 0.567898 0.16 0.407898
7 0.7 0.048 0.652
26 0.7 0.048 0.652
9 0.7 0.048 0.652
10 0.7 0.048 0.652
14 0.7 0.048 0.652
26 0.652 0.144 0.508
26 0.508 0.16 0.348
9 0.652 0.16 0.492
10 0.652 0.16 0.492
14 0.652 0.16 0.492
19 0.7 0.048 0.652
5 0.7 0.048 0.652
20 0.7 0.048 0.652
35 0.7 0.048 0.652
36 0.7 0.048 0.652
39 0.7 0.048 0.652
19 0.652 0.24 0.412
19 0.412 0.16 0.252
5 0.652 0.16 0.492
20 0.652 0.16 0.492
35 0.652 0.16 0.492
36 0.652 0.16 0.492
39 0.652 0.16 0.492
42 0.7 0.048 0.652
37 0.7 0.048 0.652
27 0.7 0.048 0.652
37 0.652 0.048 0.604
37 0.604 0.16 0.444
27 0.652 0.16 0.492
20 0.556826 0.048 0.508826
5 0.554236 0.048 0.506236
19 0.313391 0.048 0.265391
29 0.7 0.048 0.652
20 0.508826 0.096 0.412826
20 0.412826 0.16 0.252826
5 0.506236 0.16 0.346236
19 0.265391 0.16 0.105391
29 0.652 0.16 0.492
31 0.7 0.048 0.652
23 0.7 0.048 0.652
31 0.652 0.048 0.604
31 0.604 0.16 0.444
23 0.652 0.16 0.492
47 0.7 0.048 0.652
3 0.7 0.048 0.652
25 0.7 0.048 0.652
28 0.7 0.048 0.652
43 0.7 0.048 0.652
47 0.652 0.192 0.46
47 0.46 0.16 0.3
3 0.652 0.16 0.492
25 0.652 0.16 0.492
28 0.652 0.16 0.492
43 0.652 0.16 0.492
3 0.554887 0.048 0.506887
43 0.492 0.048 0.444
47 0.361516 0.048 0.313516
12 0.689798 0.048 0.641798
38 0.654086 0.048 0.606086
46 0.7 0.048 0.652
12 0.641798 0.048 0.593798
12 0.593798 0.16 0.433798
38 0.606086 0.16 0.446086
46 0.652 0.16 0.492
5 0.409669 0.048 0.361669
19 0.232237 0.048 0.184237
20 0.378022 0.048 0.330022
29 0.622212 0.048 0.574212
5 0.361669 0.048 0.313669
5 0.313669 0.16 0.153669
19 0.184237 0.16 0.0242371
20 0.330022 0.16 0.170022
29 0.574212 0.16 0.414212
43 0.573668 0.048 0.525668
3 0.568128 0.048 0.520128
25 0.62008 0.048 0.57208
28 0.628388 0.048 0.580388
47 0.379557 0.048 0.331557
43 0.525668 0.096 0.429668
43 0.429668 0.16 0.269668
3 0.520128 0.16 0.360128
25 0.57208 0.16 0.41208
28 0.580388 0.16 0.420388
47 0.331557 0.16 0.171557
49 0.7 0.048 0.652
21 0.7 0.048 0.652
14 0.7 0.048 0.652
9 0.7 0.048 0.652
10 0.7 0.048 0.652
26 0.623653 0.048 0.575653
14 0.652 0.096 0.556
14 0.556 0.16 0.396
9 0.652 0.16 0.492
10 0.652 0.16 0.492
26 0.575653 0.16 0.415653
8 0.7 0.048 0.652
7 0.7 0.048 0.652
32 0.7 0.048 0.652
42 0.7 0.048 0.652
28 0.611774 0.048 0.563774
4 0.7 0.048 0.652
25 0.614882 0.048 0.566882
43 0.401754 0.048 0.353754
47 0.363696 0.048 0.315696
28 0.563774 0.096 0.467774
28 0.467774 0.16 0.307774
4 0.652 0.16 0.492
25 0.566882 0.16 0.406882
43 0.353754 0.16 0.193754
47 0.315696 0.16 0.155696
10 0.625559 0.048 0.577559
14 0.595498 0.048 0.547498
26 0.611139 0.048 0.563139
45 0.7 0.048 0.652
3 0.6176 0.048 0.5696
43 0.262524 0.048 0.214524
33 0.7 0.048 0.652
15 0.7 0.048 0.652
18 0.7 0.048 0.652
33 0.652 0.096 0.556
33 0.556 0.16 0.396
15 0.652 0.16 0.492
18 0.652 0.16 0.492
29 0.7 0.048 0.652
5 0.487806 0.048 0.439806
20 0.420143 0.048 0.372143
48 0.7 0.048 0.652
50 0.7 0.048 0.652
29 0.652 0.096 0.556
29 0.556 0.16 0.396
5 0.439806 0.16 0.279806
20 0.372143 0.16 0.212143
48 0.652 0.16 0.492
50 0.652 0.16 0.492
49 0.7 0.048 0.652
21 0.7 0.048 0.652
13 0.7 0.048 0.652
40 0.7 0.048 0.652
41 0.7 0.048 0.652
13 0.652 0.096 0.556
13 0.556 0.16 0.396
40 0.652 0.16 0.492
41 0.652 0.16 0.492
15 0.68081 0.048 0.63281
18 0.691821 0.048 0.643821
33 0.529804 0.048 0.481804
15 0.63281 0.048 0.58481
15 0.58481 0.16 0.42481
18 0.643821 0.16 0.483821
33 0.481804 0.16 0.321804
8 0.7 0.048 0.652
7 0.7 0.048 0.652
32 0.7 0.048 0.652
42 0.7 0.048 0.652
10 0.7 0.048 0.652
10 0.7 0.048 0.652
14 0.7 0.048 0.652
26 0.7 0.048 0.652
42 0.7 0.048 0.652
18 0.616189 0.048 0.568189
15 0.550822 0.048 0.502822
33 0.451629 0.048 0.403629
44 0.7 0.048 0.652
18 0.568189 0.048 0.520189
18 0.520189 0.16 0.360189
15 0.502822 0.16 0.342822
33 0.403629 0.16 0.243629
44 0.652 0.16 0.492
50 0.7 0.048 0.652
29 0.661711 0.048 0.613711
48 0.7 0.048 0.652
50 0.652 0.048 0.604
50 0.604 0.16 0.444
29 0.613711 0.16 0.453711
48 0.652 0.16 0.492
45 0.7 0.048 0.652
3 0.7 0.048 0.652
43 0.539925 0.048 0.491925
47 0.553482 0.048 0.505482
6 0.7 0.048 0.652
2 0.7 0.048 0.652
6 0.652 0.048 0.604
6 0.604 0.16 0.444
2 0.652 0.16 0.492
49 0.7 0.048 0.652
21 0.7 0.048 0.652
25 0.7 0.048 0.652
4 0.7 0.048 0.652
28 0.7 0.048 0.652
43 0.618844 0.048 0.570844
47 0.573472 0.048 0.525472
25 0.652 0.048 0.604
25 0.604 0.16 0.444
4 0.652 0.16 0.492
28 0.652 0.16 0.492
43 0.570844 0.16 0.410844
47 0.525472 0.16 0.365472
8 0.7 0.048 0.652
7 0.7 0.048 0.652
32 0.7 0.048 0.652
39 0.7 0.048 0.652
19 0.7 0.048 0.652
35 0.7 0.048 0.652
36 0.7 0.048 0.652
39 0.652 0.096 0.556
39 0.556 0.16 0.396
19 0.652 0.16 0.492
35 0.652 0.16 0.492
36 0.652 0.16 0.492
42 0.7 0.048 0.652
10 0.7 0.048 0.652
30 0.7 0.048 0.652
30 0.652 0.048 0.604
30 0.604 0.16 0.444
10 0.7 0.048 0.652
14 0.7 0.048 0.652
26 0.7 0.048 0.652
42 0.7 0.048 0.652
1 0.7 0.048 0.652
16 0.7 0.048 0.652
17 0.7 0.048 0.652
34 0.7 0.048 0.652
1 0.652 0.048 0.604
1 0.604 0.16 0.444
16 0.652 0.16 0.492
17 0.652 0.16 0.492
34 0.652 0.16 0.492
45 0.7 0.048 0.652
3 0.7 0.048 0.652
43 0.61291 0.048 0.56491
47 0.631016 0.048 0.583016
48 0.7 0.048 0.652
29 0.7 0.048 0.652
50 0.7 0.048 0.652
49 0.7 0.048 0.652
21 0.7 0.048 0.652
8 0.7 0.048 0.652
7 0.7 0.048 0.652
32 0.7 0.048 0.652
34 0.683355 0.048 0.635355
1 0.635542 0.048 0.587542
16 0.684296 0.048 0.636296
17 0.695941 0.048 0.647941
42 0.7 0.048 0.652
10 0.7 0.048 0.652
27 0.7 0.048 0.652
4 0.7 0.048 0.652
37 0.7 0.048 0.652
27 0.652 0.048 0.604
27 0.604 0.16 0.444
4 0.652 0.16 0.492
37 0.652 0.16 0.492
2 0.7 0.048 0.652
6 0.7 0.048 0.652
23 0.7 0.048 0.652
22 0.7 0.048 0.652
31 0.7 0.048 0.652
23 0.652 0.048 0.604
23 0.604 0.16 0.444
22 0.652 0.16 0.492
31 0.652 0.16 0.492
10 0.7 0.048 0.652
14 0.7 0.048 0.652
26 0.7 0.048 0.652
42 0.7 0.048 0.652
9 0.7 0.048 0.652
14 0.652 0.048 0.604
26 0.652 0.048 0.604
45 0.7 0.048 0.652
3 0.7 0.048 0.652
43 0.7 0.048 0.652
47 0.7 0.048 0.652
22 0.558551 0.048 0.510551
23 0.505712 0.048 0.457712
11 0.7 0.048 0.652
48 0.7 0.048 0.652
29 0.7 0.048 0.652
50 0.7 0.048 0.652
49 0.7 0.048 0.652
21 0.7 0.048 0.652
41 0.7 0.048 0.652
13 0.7 0.048 0.652
40 0.7 0.048 0.652
41 0.652 0.048 0.604
41 0.604 0.16 0.444
13 0.652 0.16 0.492
40 0.652 0.16 0.492
36 0.7 0.048 0.652
19 0.7 0.048 0.652
35 0.7 0.048 0.652
39 0.7 0.048 0.652
36 0.652 0.048 0.604
36 0.604 0.16 0.444
19 0.652 0.16 0.492
35 0.652 0.16 0.492
39 0.652 0.16 0.492
8 0.7 0.048 0.652
7 0.7 0.048 0.652
32 0.7 0.048 0.652
34 0.7 0.048 0.652
1 0.7 0.048 0.652
16 0.7 0.048 0.652
17 0.7 0.048 0.652
42 0.7 0.048 0.652
10 0.7 0.048 0.652
35 0.620901 0.048 0.572901
19 0.623211 0.048 0.575211
36 0.573396 0.048 0.525396
39 0.62372 0.048 0.57572
4 0.7 0.048 0.652
25 0.7 0.048 0.652
28 0.7 0.048 0.652
4 0.652 0.048 0.604
4 0.604 0.16 0.444
25 0.652 0.16 0.492
28 0.652 0.16 0.492
44 0.7 0.048 0.652
18 0.7 0.048 0.652
24 0.7 0.048 0.652
2 0.7 0.048 0.652
6 0.7 0.048 0.652
40 0.621238 0.048 0.573238
13 0.684487 0.048 0.636487
16 0.7 0.048 0.652
41 0.58275 0.048 0.53475
46 0.7 0.048 0.652
9 0.7 0.048 0.652
38 0.7 0.048 0.652
10 0.7 0.048 0.652
14 0.7 0.048 0.652
26 0.7 0.048 0.652
42 0.7 0.048 0.652
9 0.652 0.048 0.604
14 0.652 0.048 0.604
46 0.652 0.048 0.604
45 0.7 0.048 0.652
3 0.7 0.048 0.652
43 0.7 0.048 0.652
47 0.7 0.048 0.652
22 0.7 0.048 0.652
11 0.7 0.048 0.652
48 0.7 0.048 0.652
29 0.7 0.048 0.652
50 0.7 0.048 0.652
49 0.7 0.048 0.652
21 0.7 0.048 0.652
8 0.7 0.048 0.652
7 0.7 0.048 0.652
32 0.7 0.048 0.652
34 0.7 0.048 0.652
1 0.7 0.048 0.652
16 0.7 0.048 0.652
17 0.7 0.048 0.652
42 0.7 0.048 0.652
35 0.7 0.048 0.652
19 0.7 0.048 0.652
36 0.7 0.048 0.652
39 0.7 0.048 0.652
44 0.7 0.048 0.652
18 0.7 0.048 0.652
24 0.7 0.048 0.652
2 0.7 0.048 0.652
6 0.7 0.048 0.652
40 0.7 0.048 0.652
13 0.7 0.048 0.652
16 0.7 0.048 0.652
41 0.7 0.048 0.652
46 0.7 0.048 0.652
9 0.7 0.048 0.652
38 0.7 0.048 0.652
10 0.7 0.048 0.652
14 0.7 0.048 0.652
26 0.7 0.048 0.652
9 0.652 0.048 0.604
46 0.652 0.048 0.604
45 0.7 0.048 0.652
3 0.7 0.048 0.652
43 0.7 0.048 0.652
47 0.7 0.048 0.652
22 0.7 0.048 0.652
11 0.7 0.048 0.652
48 0.7 0.048 0.652
29 0.7 0.048 0.652
50 0.7 0.048 0.652
49 0.7 0.048 0.652
21 0.7 0.048 0.652
8 0.7 0.048 0.652
7 0.7 0.048 0.652
32 0.7 0.048 0.652
34 0.7 0.048 0.652
1 0.7 0.048 0.652
17 0.7 0.048 0.652
42 0.7 0.048 0.652
10 0.7 0.048 0.652
35 0.7 0.048 0.652
19 0.7 0.048 0.652
36 0.7 0.048 0.652
39 0.7 0.048 0.652
35 0.652 0.048 0.604
35 0.604 0.16 0.444
19 0.652 0.16 0.492
36 0.652 0.16 0.492
39 0.652 0.16 0.492
44 0.7 0.048 0.652
18 0.7 0.048 0.652
24 0.7 0.048 0.652
2 0.7 0.048 0.652
6 0.7 0.048 0.652
40 0.7 0.048 0.652
13 0.7 0.048 0.652
16 0.7 0.048 0.652
41 0.7 0.048 0.652
46 0.7 0.048 0.652
9 0.7 0.048 0.652
38 0.7 0.048 0.652
10 0.7 0.048 0.652
14 0.7 0.048 0.652
26 0.7 0.048 0.652
42 0.7 0.048 0.652
9 0.652 0.048 0.604
14 0.652 0.048 0.604
46 0.652 0.048 0.604
45 0.7 0.048 0.652
3 0.7 0.048 0.652
43 0.7 0.048 0.652
47 0.7 0.048 0.652
22 0.7 0.048 0.652
30 0.7 0.048 0.652
11 0.7 0.048 0.652
48 0.7 0.048 0.652
29 0.7 0.048 0.652
50 0.7 0.048 0.652
49 0.7 0.048 0.652
21 0.7 0.048 0.652
8 0.7 0.048 0.652
8 0.652 0.048 0.604
8 0.604 0.16 0.444
7 0.7 0.048 0.652
32 0.7 0.048 0.652
34 0.7 0.048 0.652
1 0.7 0.048 0.652
17 0.7 0.048 0.652
42 0.7 0.048 0.652
10 0.7 0.048 0.652
22 0.7 0.048 0.652
44 0.7 0.048 0.652
18 0.7 0.048 0.652
24 0.7 0.048 0.652
2 0.7 0.048 0.652
6 0.7 0.048 0.652
40 0.7 0.048 0.652
13 0.7 0.048 0.652
16 0.7 0.048 0.652
41 0.7 0.048 0.652
46 0.7 0.048 0.652
9 0.7 0.048 0.652
38 0.7 0.048 0.652
10 0.7 0.048 0.652
14 0.7 0.048 0.652
26 0.7 0.048 0.652
9 0.652 0.048 0.604
14 0.652 0.048 0.604
46 0.652 0.048 0.604
45 0.7 0.048 0.652
3 0.7 0.048 0.652
47 0.7 0.048 0.652
22 0.7 0.048 0.652
30 0.7 0.048 0.652
11 0.7 0.048 0.652
48 0.7 0.048 0.652
29 0.7 0.048 0.652
49 0.7 0.048 0.652
21 0.7 0.048 0.652
7 0.7 0.048 0.652
32 0.7 0.048 0.652
34 0.7 0.048 0.652
1 0.7 0.048 0.652
16 0.7 0.048 0.652
17 0.7 0.048 0.652
42 0.7 0.048 0.652
22 0.7 0.048 0.652
44 0.7 0.048 0.652
18 0.7 0.048 0.652
24 0.7 0.048 0.652
2 0.7 0.048 0.652
6 0.7 0.048 0.652
40 0.7 0.048 0.652
13 0.7 0.048 0.652
16 0.7 0.048 0.652
41 0.7 0.048 0.652
46 0.7 0.048 0.652
38 0.7 0.048 0.652
10 0.7 0.048 0.652
14 0.7 0.048 0.652
26 0.7 0.048 0.652
42 0.7 0.048 0.652
9 0.7 0.048 0.652
14 0.652 0.048 0.604
26 0.652 0.048 0.604
45 0.7 0.048 0.652
3 0.7 0.048 0.652
47 0.7 0.048 0.652
22 0.7 0.048 0.652
42 0.7 0.048 0.652
30 0.7 0.048 0.652
11 0.7 0.048 0.652
48 0.7 0.048 0.652
49 0.7 0.048 0.652
21 0.7 0.048 0.652
49 0.652 0.048 0.604
49 0.604 0.16 0.444
21 0.652 0.16 0.492
7 0.7 0.048 0.652
32 0.7 0.048 0.652
34 0.7 0.048 0.652
1 0.7 0.048 0.652
16 0.7 0.048 0.652
17 0.7 0.048 0.652
42 0.7 0.048 0.652
10 0.7 0.048 0.652
22 0.7 0.048 0.652
44 0.7 0.048 0.652
18 0.7 0.048 0.652
24 0.7 0.048 0.652
2 0.7 0.048 0.652
6 0.7 0.048 0.652
40 0.7 0.048 0.652
13 0.7 0.048 0.652
16 0.7 0.048 0.652
41 0.7 0.048 0.652
46 0.7 0.048 0.652
9 0.7 0.048 0.652
38 0.7 0.048 0.652
10 0.7 0.048 0.652
14 0.7 0.048 0.652
26 0.7 0.048 0.652
42 0.7 0.048 0.652
9 0.652 0.048 0.604
26 0.652 0.048 0.604
46 0.652 0.048 0.604
45 0.7 0.048 0.652
3 0.7 0.048 0.652
47 0.7 0.048 0.652
22 0.7 0.048 0.652
42 0.7 0.048 0.652
30 0.7 0.048 0.652
11 0.7 0.048 0.652
48 0.7 0.048 0.652
29 0.7 0.048 0.652
50 0.7 0.048 0.652
7 0.7 0.048 0.652
7 0.652 0.048 0.604
7 0.604 0.16 0.444
32 0.7 0.048 0.652
34 0.7 0.048 0.652
1 0.7 0.048 0.652
16 0.7 0.048 0.652
17 0.7 0.048 0.652
42 0.7 0.048 0.652
10 0.7 0.048 0.652
22 0.7 0.048 0.652
44 0.7 0.048 0.652
18 0.7 0.048 0.652
24 0.7 0.048 0.652
2 0.7 0.048 0.652
6 0.7 0.048 0.652
40 0.7 0.048 0.652
13 0.7 0.048 0.652
16 0.7 0.048 0.652
46 0.7 0.048 0.652
9 0.7 0.048 0.652
38 0.7 0.048 0.652
10 0.7 0.048 0.652
14 0.7 0.048 0.652
26 0.7 0.048 0.652
42 0.7 0.048 0.652
9 0.652 0.048 0.604
14 0.652 0.048 0.604
26 0.652 0.048 0.604
46 0.652 0.048 0.604
45 0.7 0.048 0.652
3 0.7 0.048 0.652
47 0.7 0.048 0.652
22 0.7 0.048 0.652
42 0.7 0.048 0.652
30 0.7 0.048 0.652
11 0.7 0.048 0.652
48 0.7 0.048 0.652
29 0.7 0.048 0.652
50 0.7 0.048 0.652
4 0.7 0.048 0.652
25 0.7 0.048 0.652
28 0.7 0.048 0.652
35 0.7 0.048 0.652
19 0.7 0.048 0.652
36 0.7 0.048 0.652
39 0.7 0.048 0.652
32 0.7 0.048 0.652
34 0.7 0.048 0.652
1 0.7 0.048 0.652
17 0.7 0.048 0.652
42 0.7 0.048 0.652
22 0.7 0.048 0.652
42 0.652 0.048 0.604
42 0.604 0.16 0.444
22 0.652 0.16 0.492
44 0.7 0.048 0.652
18 0.7 0.048 0.652
24 0.7 0.048 0.652
2 0.7 0.048 0.652
6 0.7 0.048 0.652
40 0.7 0.048 0.652
13 0.7 0.048 0.652
16 0.7 0.048 0.652
41 0.7 0.048 0.652
46 0.7 0.048 0.652
9 0.7 0.048 0.652
38 0.7 0.048 0.652
10 0.7 0.048 0.652
14 0.7 0.048 0.652
26 0.7 0.048 0.652
42 0.505103 0.048 0.457103
10 0.652 0.048 0.604
10 0.604 0.16 0.444
14 0.652 0.16 0.492
26 0.652 0.16 0.492
42 0.457103 0.16 0.297103
9 0.652 0.048 0.604
14 0.492 0.048 0.444
26 0.492 0.048 0.444
46 0.652 0.048 0.604
9 0.604 0.048 0.556
9 0.556 0.16 0.396
14 0.444 0.16 0.284
26 0.444 0.16 0.284
46 0.604 0.16 0.444
45 0.7 0.048 0.652
3 0.7 0.048 0.652
47 0.7 0.048 0.652
22 0.614258 0.048 0.566258
42 0.365933 0.048 0.317933
30 0.7 0.048 0.652
11 0.7 0.048 0.652
48 0.7 0.048 0.652
29 0.7 0.048 0.652
50 0.7 0.048 0.652
4 0.7 0.048 0.652
25 0.7 0.048 0.652
28 0.7 0.048 0.652
35 0.7 0.048 0.652
19 0.7 0.048 0.652
36 0.7 0.048 0.652
39 0.7 0.048 0.652
32 0.7 0.048 0.652
34 0.7 0.048 0.652
1 0.7 0.048 0.652
17 0.7 0.048 0.652
44 0.7 0.048 0.652
24 0.7 0.048 0.652
2 0.7 0.048 0.652
6 0.7 0.048 0.652
40 0.7 0.048 0.652
13 0.7 0.048 0.652
16 0.7 0.048 0.652
46 0.7 0.048 0.652
9 0.7 0.048 0.652
38 0.7 0.048 0.652
46 0.652 0.048 0.604
46 0.604 0.16 0.444
9 0.652 0.16 0.492
38 0.652 0.16 0.492
45 0.7 0.048 0.652
3 0.7 0.048 0.652
47 0.7 0.048 0.652
22 0.7 0.048 0.652
42 0.637079 0.048 0.589079
22 0.652 0.048 0.604
22 0.604 0.16 0.444
42 0.589079 0.16 0.429079
30 0.7 0.048 0.652
11 0.7 0.048 0.652
48 0.7 0.048 0.652
29 0.7 0.048 0.652
50 0.7 0.048 0.652
4 0.7 0.048 0.652
25 0.7 0.048 0.652
28 0.7 0.048 0.652
35 0.7 0.048 0.652
19 0.7 0.048 0.652
36 0.7 0.048 0.652
39 0.7 0.048 0.652
32 0.7 0.048 0.652
34 0.7 0.048 0.652
17 0.7 0.048 0.652
44 0.7 0.048 0.652
18 0.7 0.048 0.652
24 0.7 0.048 0.652
2 0.7 0.048 0.652
6 0.7 0.048 0.652
27 0.7 0.048 0.652
40 0.7 0.048 0.652
13 0.7 0.048 0.652
16 0.7 0.048 0.652
45 0.7 0.048 0.652
3 0.7 0.048 0.652
30 0.7 0.048 0.652
11 0.7 0.048 0.652
48 0.7 0.048 0.652
29 0.7 0.048 0.652
50 0.7 0.048 0.652
4 0.7 0.048 0.652
25 0.7 0.048 0.652
49 0.7 0.048 0.652
21 0.7 0.048 0.652
35 0.7 0.048 0.652
19 0.7 0.048 0.652
36 0.7 0.048 0.652
39 0.7 0.048 0.652
32 0.7 0.048 0.652
34 0.7 0.048 0.652
1 0.7 0.048 0.652
16 0.7 0.048 0.652
17 0.7 0.048 0.652
44 0.7 0.048 0.652
18 0.7 0.048 0.652
24 0.7 0.048 0.652
2 0.7 0.048 0.652
6 0.7 0.048 0.652
40 0.7 0.048 0.652
13 0.7 0.048 0.652
16 0.7 0.048 0.652
41 0.7 0.048 0.652
45 0.7 0.048 0.652
3 0.7 0.048 0.652
47 0.7 0.048 0.652
30 0.7 0.048 0.652
11 0.7 0.048 0.652
48 0.7 0.048 0.652
29 0.7 0.048 0.652
4 0.7 0.048 0.652
25 0.7 0.048 0.652
4 0.652 0.048 0.604
4 0.604 0.16 0.444
25 0.652 0.16 0.492
49 0.7 0.048 0.652
21 0.7 0.048 0.652
35 0.7 0.048 0.652
19 0.7 0.048 0.652
36 0.7 0.048 0.652
39 0.7 0.048 0.652
32 0.7 0.048 0.652
34 0.7 0.048 0.652
1 0.7 0.048 0.652
16 0.7 0.048 0.652
17 0.7 0.048 0.652
44 0.7 0.048 0.652
24 0.7 0.048 0.652
2 0.7 0.048 0.652
6 0.7 0.048 0.652
2 0.652 0.048 0.604
2 0.604 0.16 0.444
6 0.652 0.16 0.492
40 0.7 0.048 0.652
13 0.7 0.048 0.652
45 0.7 0.048 0.652
3 0.7 0.048 0.652
47 0.7 0.048 0.652
30 0.7 0.048 0.652
1 0.7 0.048 0.652
11 0.7 0.048 0.652
48 0.7 0.048 0.652
48 0.652 0.048 0.604
48 0.604 0.16 0.444
49 0.7 0.048 0.652
21 0.7 0.048 0.652
35 0.7 0.048 0.652
19 0.7 0.048 0.652
20 0.7 0.048 0.652
36 0.7 0.048 0.652
39 0.7 0.048 0.652
32 0.7 0.048 0.652
34 0.7 0.048 0.652
16 0.7 0.048 0.652
17 0.7 0.048 0.652
44 0.7 0.048 0.652
24 0.7 0.048 0.652
40 0.7 0.048 0.652
13 0.7 0.048 0.652
16 0.7 0.048 0.652
45 0.7 0.048 0.652
3 0.7 0.048 0.652
47 0.7 0.048 0.652
30 0.7 0.048 0.652
1 0.7 0.048 0.652
11 0.7 0.048 0.652
49 0.7 0.048 0.652
21 0.7 0.048 0.652
35 0.7 0.048 0.652
19 0.7 0.048 0.652
36 0.7 0.048 0.652
39 0.7 0.048 0.652
35 0.652 0.048 0.604
35 0.604 0.16 0.444
19 0.652 0.16 0.492
36 0.652 0.16 0.492
39 0.652 0.16 0.492
32 0.7 0.048 0.652
34 0.7 0.048 0.652
16 0.7 0.048 0.652
17 0.7 0.048 0.652
44 0.7 0.048 0.652
18 0.7 0.048 0.652
24 0.7 0.048 0.652
40 0.7 0.048 0.652
13 0.7 0.048 0.652
16 0.7 0.048 0.652
45 0.7 0.048 0.652
3 0.7 0.048 0.652
30 0.7 0.048 0.652
11 0.7 0.048 0.652
49 0.7 0.048 0.652
21 0.7 0.048 0.652
32 0.7 0.048 0.652
34 0.7 0.048 0.652
16 0.7 0.048 0.652
17 0.7 0.048 0.652
44 0.7 0.048 0.652
18 0.7 0.048 0.652
24 0.7 0.048 0.652
44 0.652 0.048 0.604
44 0.604 0.16 0.444
18 0.652 0.16 0.492
24 0.652 0.16 0.492
40 0.7 0.048 0.652
13 0.7 0.048 0.652
16 0.7 0.048 0.652
45 0.7 0.048 0.652
3 0.7 0.048 0.652
43 0.7 0.048 0.652
30 0.7 0.048 0.652
1 0.7 0.048 0.652
11 0.7 0.048 0.652
49 0.7 0.048 0.652
21 0.7 0.048 0.652
32 0.7 0.048 0.652
34 0.7 0.048 0.652
16 0.7 0.048 0.652
17 0.7 0.048 0.652
40 0.7 0.048 0.652
13 0.7 0.048 0.652
16 0.7 0.048 0.652
45 0.7 0.048 0.652
3 0.7 0.048 0.652
43 0.7 0.048 0.652
47 0.7 0.048 0.652
30 0.7 0.048 0.652
11 0.7 0.048 0.652
11 0.652 0.048 0.604
11 0.604 0.16 0.444
49 0.7 0.048 0.652
21 0.7 0.048 0.652
32 0.7 0.048 0.652
32 0.652 0.048 0.604
32 0.604 0.16 0.444
34 0.7 0.048 0.652
16 0.7 0.048 0.652
17 0.7 0.048 0.652
40 0.7 0.048 0.652
13 0.7 0.048 0.652
16 0.7 0.048 0.652
45 0.7 0.048 0.652
3 0.7 0.048 0.652
30 0.7 0.048 0.652
49 0.7 0.048 0.652
21 0.7 0.048 0.652
34 0.7 0.048 0.652
1 0.7 0.048 0.652
16 0.7 0.048 0.652
17 0.7 0.048 0.652
40 0.7 0.048 0.652
13 0.7 0.048 0.652
16 0.7 0.048 0.652
45 0.7 0.048 0.652
3 0.7 0.048 0.652
43 0.7 0.048 0.652
47 0.7 0.048 0.652
30 0.7 0.048 0.652
49 0.7 0.048 0.652
21 0.7 0.048 0.652
34 0.7 0.048 0.652
16 0.7 0.048 0.652
17 0.7 0.048 0.652
40 0.7 0.048 0.652
13 0.7 0.048 0.652
16 0.7 0.048 0.652
45 0.7 0.048 0.652
3 0.7 0.048 0.652
47 0.7 0.048 0.652
30 0.7 0.048 0.652
49 0.7 0.048 0.652
21 0.7 0.048 0.652
34 0.7 0.048 0.652
16 0.7 0.048 0.652
17 0.7 0.048 0.652
40 0.7 0.048 0.652
13 0.7 0.048 0.652
16 0.7 0.048 0.652
45 0.7 0.048 0.652
3 0.7 0.048 0.652
47 0.7 0.048 0.652
30 0.7 0.048 0.652
49 0.7 0.048 0.652
21 0.7 0.048 0.652
34 0.7 0.048 0.652
1 0.7 0.048 0.652
17 0.7 0.048 0.652
40 0.7 0.048 0.652
13 0.7 0.048 0.652
40 0.652 0.048 0.604
40 0.604 0.16 0.444
13 0.652 0.16 0.492
