39 1022 0 100 1.16701e-08 2.43102 2.43102
52 1035 0 100 1.16701e-08 2.93651 2.93651
33 1049 0 100 1.16701e-08 3.24538 3.24538
35 1056 0 100 1.16701e-08 3.40125 3.40125
64 1073 0 100 1.16701e-08 3.88294 3.88294
46 1051 0 100 1.5 3.27336 4.77336
67 1097 0 100 1.5 4.81504 6.31504
8 1092 0 100 2 4.57224 6.57224
15 1099 0 100 2 4.88748 6.88748
53 1063 0 100 3.5 3.55828 7.05828
29 1083 0 100 3.5 4.17178 7.67178
52 1104 0 100 1 7.15422 8.15422
1 1053 0 100 5 3.3616 8.3616
3 1084 0 100 4.5 4.19296 8.69296
58 1100 0 100 4 4.91445 8.91445
64 1108 0 100 1 8.08041 9.08041
41 1101 0 100 4.5 4.91914 9.41914
56 1095 0 100 5 4.78446 9.78446
46 1106 0 100 2.5 7.67787 10.1779
45 1090 0 100 6 4.37472 10.3747
28 1081 0 100 6.5 4.14283 10.6428
