22 0.7 0.048 0.652
6 0.7 0.048 0.652
22 0.652 0.048 0.604
22 0.604 0.16 0.444
6 0.652 0.16 0.492
38 0.7 0.048 0.652
8 0.7 0.048 0.652
26 0.7 0.048 0.652
40 0.7 0.048 0.652
38 0.652 0.144 0.508
38 0.508 0.16 0.348
8 0.652 0.16 0.492
26 0.652 0.16 0.492
40 0.652 0.16 0.492
29 0.7 0.048 0.652
21 0.7 0.048 0.652
29 0.652 0.048 0.604
29 0.604 0.16 0.444
21 0.652 0.16 0.492
19 0.7 0.048 0.652
6 0.7 0.048 0.652
22 0.7 0.048 0.652
26 0.7 0.048 0.652
8 0.7 0.048 0.652
38 0.60703 0.048 0.55903
26 0.652 0.048 0.604
26 0.604 0.16 0.444
8 0.652 0.16 0.492
38 0.55903 0.16 0.39903
10 0.7 0.048 0.652
35 0.7 0.048 0.652
10 0.652 0.048 0.604
10 0.604 0.16 0.444
35 0.652 0.16 0.492
18 0.7 0.048 0.652
12 0.7 0.048 0.652
2 0.7 0.048 0.652
12 0.652 0.048 0.604
12 0.604 0.16 0.444
2 0.652 0.16 0.492
13 0.7 0.048 0.652
35 0.626953 0.048 0.578953
13 0.652 0.048 0.604
13 0.604 0.16 0.444
35 0.578953 0.16 0.418953
19 0.7 0.048 0.652
24 0.7 0.048 0.652
6 0.7 0.048 0.652
22 0.7 0.048 0.652
5 0.7 0.048 0.652
7 0.7 0.048 0.652
34 0.7 0.048 0.652
5 0.652 0.096 0.556
5 0.556 0.16 0.396
7 0.652 0.16 0.492
34 0.652 0.16 0.492
18 0.7 0.048 0.652
30 0.7 0.048 0.652
32 0.7 0.048 0.652
36 0.7 0.048 0.652
30 0.652 0.096 0.556
30 0.556 0.16 0.396
32 0.652 0.16 0.492
36 0.652 0.16 0.492
19 0.7 0.048 0.652
24 0.7 0.048 0.652
6 0.7 0.048 0.652
22 0.7 0.048 0.652
18 0.7 0.048 0.652
7 0.7 0.048 0.652
3 0.7 0.048 0.652
23 0.7 0.048 0.652
31 0.7 0.048 0.652
34 0.7 0.048 0.652
39 0.7 0.048 0.652
7 0.652 0.24 0.412
7 0.412 0.16 0.252
3 0.652 0.16 0.492
23 0.652 0.16 0.492
31 0.652 0.16 0.492
34 0.652 0.16 0.492
39 0.652 0.16 0.492
4 0.7 0.048 0.652
11 0.7 0.048 0.652
25 0.7 0.048 0.652
4 0.652 0.096 0.556
4 0.556 0.16 0.396
11 0.652 0.16 0.492
25 0.652 0.16 0.492
17 0.7 0.048 0.652
1 0.7 0.048 0.652
17 0.652 0.048 0.604
17 0.604 0.16 0.444
1 0.652 0.16 0.492
3 0.561199 0.048 0.513199
7 0.316347 0.048 0.268347
23 0.559431 0.048 0.511431
31 0.55507 0.048 0.50707
34 0.629601 0.048 0.581601
39 0.55626 0.048 0.50826
3 0.513199 0.192 0.321199
3 0.321199 0.16 0.161199
7 0.268347 0.16 0.108347
23 0.511431 0.16 0.351431
31 0.50707 0.16 0.34707
34 0.581601 0.16 0.421601
39 0.50826 0.16 0.34826
19 0.7 0.048 0.652
37 0.7 0.048 0.652
27 0.7 0.048 0.652
39 0.416787 0.048 0.368787
20 0.7 0.048 0.652
11 0.622458 0.048 0.574458
20 0.652 0.048 0.604
20 0.604 0.16 0.444
11 0.574458 0.16 0.414458
21 0.7 0.048 0.652
29 0.7 0.048 0.652
24 0.7 0.048 0.652
6 0.7 0.048 0.652
22 0.7 0.048 0.652
14 0.7 0.048 0.652
15 0.7 0.048 0.652
14 0.652 0.048 0.604
14 0.604 0.16 0.444
15 0.652 0.16 0.492
18 0.7 0.048 0.652
15 0.492 0.048 0.444
14 0.444 0.048 0.396
16 0.7 0.048 0.652
15 0.444 0.048 0.396
15 0.396 0.16 0.236
14 0.396 0.16 0.236
16 0.652 0.16 0.492
34 0.619867 0.048 0.571867
3 0.350947 0.048 0.302947
7 0.29535 0.048 0.24735
23 0.539895 0.048 0.491895
31 0.540185 0.048 0.492185
39 0.505486 0.048 0.457486
36 0.7 0.048 0.652
30 0.7 0.048 0.652
32 0.7 0.048 0.652
36 0.652 0.048 0.604
36 0.604 0.16 0.444
30 0.652 0.16 0.492
32 0.652 0.16 0.492
2 0.7 0.048 0.652
12 0.7 0.048 0.652
25 0.7 0.048 0.652
4 0.7 0.048 0.652
40 0.7 0.048 0.652
8 0.7 0.048 0.652
40 0.652 0.048 0.604
40 0.604 0.16 0.444
8 0.652 0.16 0.492
11 0.671744 0.048 0.623744
4 0.7 0.048 0.652
20 0.7 0.048 0.652
19 0.7 0.048 0.652
37 0.7 0.048 0.652
27 0.7 0.048 0.652
3 0.500062 0.048 0.452062
23 0.68218 0.048 0.63418
31 0.692424 0.048 0.644424
39 0.64135 0.048 0.59335
27 0.652 0.144 0.508
27 0.508 0.16 0.348
3 0.452062 0.16 0.292062
23 0.63418 0.16 0.47418
31 0.644424 0.16 0.484424
39 0.59335 0.16 0.43335
8 0.561073 0.048 0.513073
26 0.7 0.048 0.652
38 0.7 0.048 0.652
40 0.444 0.048 0.396
21 0.7 0.048 0.652
29 0.7 0.048 0.652
24 0.7 0.048 0.652
33 0.7 0.048 0.652
6 0.7 0.048 0.652
22 0.7 0.048 0.652
35 0.7 0.048 0.652
10 0.7 0.048 0.652
13 0.7 0.048 0.652
23 0.60327 0.048 0.55527
3 0.423858 0.048 0.375858
7 0.571657 0.048 0.523657
27 0.476863 0.048 0.428863
31 0.61618 0.048 0.56818
34 0.7 0.048 0.652
39 0.566477 0.048 0.518477
23 0.55527 0.096 0.45927
23 0.45927 0.16 0.29927
3 0.375858 0.16 0.215858
7 0.523657 0.16 0.363657
27 0.428863 0.16 0.268863
31 0.56818 0.16 0.40818
34 0.652 0.16 0.492
39 0.518477 0.16 0.358477
18 0.7 0.048 0.652
34 0.492 0.048 0.444
3 0.215858 0.048 0.167858
7 0.363657 0.048 0.315657
23 0.29927 0.048 0.25127
31 0.40818 0.048 0.36018
39 0.358477 0.048 0.310477
28 0.7 0.048 0.652
28 0.652 0.048 0.604
28 0.604 0.16 0.444
2 0.7 0.048 0.652
12 0.7 0.048 0.652
32 0.7 0.048 0.652
30 0.7 0.048 0.652
36 0.7 0.048 0.652
16 0.7 0.048 0.652
25 0.7 0.048 0.652
4 0.7 0.048 0.652
11 0.7 0.048 0.652
1 0.7 0.048 0.652
17 0.7 0.048 0.652
39 0.441776 0.048 0.393776
3 0.302821 0.048 0.254821
7 0.451346 0.048 0.403346
23 0.380786 0.048 0.332786
27 0.398517 0.048 0.350517
31 0.484904 0.048 0.436904
34 0.504469 0.048 0.456469
9 0.7 0.048 0.652
11 0.7 0.048 0.652
4 0.7 0.048 0.652
20 0.7 0.048 0.652
25 0.7 0.048 0.652
19 0.7 0.048 0.652
37 0.7 0.048 0.652
8 0.7 0.048 0.652
26 0.7 0.048 0.652
38 0.7 0.048 0.652
40 0.7 0.048 0.652
21 0.7 0.048 0.652
29 0.7 0.048 0.652
24 0.7 0.048 0.652
33 0.7 0.048 0.652
6 0.7 0.048 0.652
22 0.7 0.048 0.652
35 0.7 0.048 0.652
10 0.7 0.048 0.652
13 0.7 0.048 0.652
31 0.624822 0.048 0.576822
3 0.447725 0.048 0.399725
7 0.600107 0.048 0.552107
23 0.523616 0.048 0.475616
34 0.648595 0.048 0.600595
39 0.588884 0.048 0.540884
18 0.7 0.048 0.652
18 0.652 0.048 0.604
18 0.604 0.16 0.444
34 0.663707 0.048 0.615707
3 0.399725 0.048 0.351725
7 0.552107 0.048 0.504107
23 0.475616 0.048 0.427616
31 0.576822 0.048 0.528822
39 0.540884 0.048 0.492884
2 0.7 0.048 0.652
12 0.7 0.048 0.652
32 0.7 0.048 0.652
30 0.7 0.048 0.652
36 0.7 0.048 0.652
16 0.7 0.048 0.652
25 0.7 0.048 0.652
4 0.7 0.048 0.652
1 0.7 0.048 0.652
17 0.7 0.048 0.652
39 0.626124 0.048 0.578124
3 0.475482 0.048 0.427482
7 0.639925 0.048 0.591925
23 0.553138 0.048 0.505138
27 0.674121 0.048 0.626121
31 0.655465 0.048 0.607465
34 0.682244 0.048 0.634244
9 0.7 0.048 0.652
11 0.7 0.048 0.652
4 0.7 0.048 0.652
20 0.7 0.048 0.652
19 0.7 0.048 0.652
37 0.7 0.048 0.652
8 0.7 0.048 0.652
26 0.7 0.048 0.652
38 0.7 0.048 0.652
40 0.7 0.048 0.652
21 0.7 0.048 0.652
29 0.7 0.048 0.652
24 0.7 0.048 0.652
33 0.7 0.048 0.652
6 0.7 0.048 0.652
22 0.7 0.048 0.652
35 0.7 0.048 0.652
10 0.7 0.048 0.652
13 0.7 0.048 0.652
31 0.7 0.048 0.652
3 0.625652 0.048 0.577652
7 0.7 0.048 0.652
23 0.696682 0.048 0.648682
34 0.7 0.048 0.652
39 0.7 0.048 0.652
34 0.7 0.048 0.652
3 0.577652 0.048 0.529652
7 0.652 0.048 0.604
23 0.648682 0.048 0.600682
31 0.652 0.048 0.604
39 0.652 0.048 0.604
2 0.7 0.048 0.652
12 0.7 0.048 0.652
32 0.7 0.048 0.652
30 0.7 0.048 0.652
36 0.7 0.048 0.652
16 0.7 0.048 0.652
15 0.7 0.048 0.652
25 0.7 0.048 0.652
4 0.7 0.048 0.652
25 0.652 0.048 0.604
25 0.604 0.16 0.444
4 0.652 0.16 0.492
1 0.7 0.048 0.652
17 0.7 0.048 0.652
39 0.7 0.048 0.652
3 0.654299 0.048 0.606299
7 0.7 0.048 0.652
23 0.7 0.048 0.652
27 0.7 0.048 0.652
31 0.7 0.048 0.652
34 0.7 0.048 0.652
9 0.7 0.048 0.652
11 0.7 0.048 0.652
4 0.559177 0.048 0.511177
20 0.7 0.048 0.652
19 0.7 0.048 0.652
37 0.7 0.048 0.652
8 0.7 0.048 0.652
26 0.7 0.048 0.652
38 0.7 0.048 0.652
40 0.7 0.048 0.652
21 0.7 0.048 0.652
14 0.7 0.048 0.652
29 0.7 0.048 0.652
24 0.7 0.048 0.652
33 0.7 0.048 0.652
6 0.7 0.048 0.652
22 0.7 0.048 0.652
35 0.7 0.048 0.652
10 0.7 0.048 0.652
13 0.7 0.048 0.652
31 0.7 0.048 0.652
3 0.7 0.048 0.652
7 0.7 0.048 0.652
23 0.7 0.048 0.652
34 0.7 0.048 0.652
39 0.7 0.048 0.652
31 0.652 0.048 0.604
31 0.604 0.16 0.444
3 0.652 0.16 0.492
7 0.652 0.16 0.492
23 0.652 0.16 0.492
34 0.652 0.16 0.492
39 0.652 0.16 0.492
34 0.557878 0.048 0.509878
3 0.492 0.048 0.444
7 0.492 0.048 0.444
23 0.492 0.048 0.444
31 0.444 0.048 0.396
39 0.492 0.048 0.444
34 0.509878 0.048 0.461878
34 0.461878 0.16 0.301878
3 0.444 0.16 0.284
7 0.444 0.16 0.284
23 0.444 0.16 0.284
31 0.396 0.16 0.236
39 0.444 0.16 0.284
2 0.7 0.048 0.652
12 0.7 0.048 0.652
32 0.7 0.048 0.652
30 0.7 0.048 0.652
36 0.7 0.048 0.652
16 0.7 0.048 0.652
15 0.7 0.048 0.652
1 0.7 0.048 0.652
17 0.7 0.048 0.652
39 0.419657 0.048 0.371657
3 0.407417 0.048 0.359417
7 0.412709 0.048 0.364709
23 0.415536 0.048 0.367536
27 0.7 0.048 0.652
31 0.362406 0.048 0.314406
34 0.366032 0.048 0.318032
9 0.7 0.048 0.652
9 0.652 0.048 0.604
9 0.604 0.16 0.444
11 0.7 0.048 0.652
4 0.7 0.048 0.652
20 0.7 0.048 0.652
19 0.7 0.048 0.652
37 0.7 0.048 0.652
8 0.7 0.048 0.652
26 0.7 0.048 0.652
38 0.7 0.048 0.652
40 0.7 0.048 0.652
21 0.7 0.048 0.652
29 0.7 0.048 0.652
24 0.7 0.048 0.652
33 0.7 0.048 0.652
6 0.7 0.048 0.652
22 0.7 0.048 0.652
35 0.7 0.048 0.652
10 0.7 0.048 0.652
13 0.7 0.048 0.652
2 0.7 0.048 0.652
12 0.7 0.048 0.652
32 0.7 0.048 0.652
30 0.7 0.048 0.652
36 0.7 0.048 0.652
16 0.7 0.048 0.652
15 0.7 0.048 0.652
1 0.7 0.048 0.652
17 0.7 0.048 0.652
1 0.652 0.048 0.604
1 0.604 0.16 0.444
17 0.652 0.16 0.492
39 0.7 0.048 0.652
3 0.686956 0.048 0.638956
7 0.689872 0.048 0.641872
23 0.695982 0.048 0.647982
27 0.7 0.048 0.652
31 0.635366 0.048 0.587366
34 0.626745 0.048 0.578745
39 0.652 0.096 0.556
39 0.556 0.16 0.396
3 0.638956 0.16 0.478956
7 0.641872 0.16 0.481872
23 0.647982 0.16 0.487982
27 0.652 0.16 0.492
31 0.587366 0.16 0.427366
34 0.578745 0.16 0.418745
11 0.7 0.048 0.652
4 0.7 0.048 0.652
20 0.7 0.048 0.652
19 0.7 0.048 0.652
37 0.7 0.048 0.652
8 0.7 0.048 0.652
26 0.7 0.048 0.652
38 0.7 0.048 0.652
40 0.7 0.048 0.652
21 0.7 0.048 0.652
14 0.7 0.048 0.652
29 0.7 0.048 0.652
24 0.7 0.048 0.652
33 0.7 0.048 0.652
6 0.7 0.048 0.652
22 0.7 0.048 0.652
35 0.7 0.048 0.652
10 0.7 0.048 0.652
13 0.7 0.048 0.652
2 0.7 0.048 0.652
12 0.7 0.048 0.652
2 0.652 0.048 0.604
2 0.604 0.16 0.444
12 0.652 0.16 0.492
32 0.7 0.048 0.652
30 0.7 0.048 0.652
36 0.7 0.048 0.652
16 0.7 0.048 0.652
15 0.7 0.048 0.652
11 0.7 0.048 0.652
4 0.7 0.048 0.652
20 0.7 0.048 0.652
19 0.7 0.048 0.652
37 0.7 0.048 0.652
8 0.7 0.048 0.652
26 0.7 0.048 0.652
38 0.7 0.048 0.652
40 0.7 0.048 0.652
21 0.7 0.048 0.652
14 0.7 0.048 0.652
29 0.7 0.048 0.652
24 0.7 0.048 0.652
33 0.7 0.048 0.652
6 0.7 0.048 0.652
22 0.7 0.048 0.652
35 0.7 0.048 0.652
10 0.7 0.048 0.652
13 0.7 0.048 0.652
32 0.7 0.048 0.652
30 0.7 0.048 0.652
36 0.7 0.048 0.652
16 0.7 0.048 0.652
15 0.7 0.048 0.652
11 0.7 0.048 0.652
4 0.7 0.048 0.652
20 0.7 0.048 0.652
19 0.7 0.048 0.652
37 0.7 0.048 0.652
8 0.7 0.048 0.652
38 0.7 0.048 0.652
40 0.7 0.048 0.652
21 0.7 0.048 0.652
14 0.7 0.048 0.652
29 0.7 0.048 0.652
24 0.7 0.048 0.652
33 0.7 0.048 0.652
6 0.7 0.048 0.652
22 0.7 0.048 0.652
35 0.7 0.048 0.652
10 0.7 0.048 0.652
13 0.7 0.048 0.652
28 0.7 0.048 0.652
32 0.7 0.048 0.652
30 0.7 0.048 0.652
36 0.7 0.048 0.652
16 0.7 0.048 0.652
15 0.7 0.048 0.652
11 0.7 0.048 0.652
4 0.7 0.048 0.652
20 0.7 0.048 0.652
19 0.7 0.048 0.652
37 0.7 0.048 0.652
37 0.652 0.048 0.604
37 0.604 0.16 0.444
8 0.7 0.048 0.652
26 0.7 0.048 0.652
40 0.7 0.048 0.652
21 0.7 0.048 0.652
29 0.7 0.048 0.652
24 0.7 0.048 0.652
33 0.7 0.048 0.652
6 0.7 0.048 0.652
22 0.7 0.048 0.652
35 0.7 0.048 0.652
10 0.7 0.048 0.652
13 0.7 0.048 0.652
18 0.7 0.048 0.652
28 0.7 0.048 0.652
32 0.7 0.048 0.652
30 0.7 0.048 0.652
36 0.7 0.048 0.652
32 0.652 0.048 0.604
32 0.604 0.16 0.444
30 0.652 0.16 0.492
36 0.652 0.16 0.492
16 0.7 0.048 0.652
15 0.7 0.048 0.652
11 0.7 0.048 0.652
4 0.7 0.048 0.652
20 0.7 0.048 0.652
19 0.7 0.048 0.652
1 0.7 0.048 0.652
17 0.7 0.048 0.652
8 0.7 0.048 0.652
26 0.7 0.048 0.652
38 0.7 0.048 0.652
40 0.7 0.048 0.652
21 0.7 0.048 0.652
14 0.7 0.048 0.652
29 0.7 0.048 0.652
24 0.7 0.048 0.652
33 0.7 0.048 0.652
6 0.7 0.048 0.652
22 0.7 0.048 0.652
35 0.7 0.048 0.652
10 0.7 0.048 0.652
13 0.7 0.048 0.652
35 0.652 0.048 0.604
35 0.604 0.16 0.444
10 0.652 0.16 0.492
13 0.652 0.16 0.492
18 0.7 0.048 0.652
28 0.7 0.048 0.652
16 0.7 0.048 0.652
15 0.7 0.048 0.652
11 0.7 0.048 0.652
4 0.7 0.048 0.652
20 0.7 0.048 0.652
2 0.7 0.048 0.652
12 0.7 0.048 0.652
19 0.7 0.048 0.652
1 0.7 0.048 0.652
8 0.7 0.048 0.652
26 0.7 0.048 0.652
38 0.7 0.048 0.652
40 0.7 0.048 0.652
21 0.7 0.048 0.652
29 0.7 0.048 0.652
24 0.7 0.048 0.652
25 0.7 0.048 0.652
4 0.7 0.048 0.652
33 0.7 0.048 0.652
6 0.7 0.048 0.652
22 0.7 0.048 0.652
18 0.7 0.048 0.652
28 0.7 0.048 0.652
16 0.7 0.048 0.652
15 0.7 0.048 0.652
11 0.7 0.048 0.652
4 0.7 0.048 0.652
20 0.7 0.048 0.652
25 0.7 0.048 0.652
2 0.7 0.048 0.652
12 0.7 0.048 0.652
19 0.7 0.048 0.652
19 0.652 0.048 0.604
19 0.604 0.16 0.444
1 0.7 0.048 0.652
17 0.7 0.048 0.652
8 0.7 0.048 0.652
40 0.7 0.048 0.652
21 0.7 0.048 0.652
14 0.7 0.048 0.652
29 0.7 0.048 0.652
9 0.7 0.048 0.652
24 0.7 0.048 0.652
25 0.7 0.048 0.652
4 0.7 0.048 0.652
11 0.7 0.048 0.652
33 0.7 0.048 0.652
6 0.7 0.048 0.652
22 0.7 0.048 0.652
18 0.7 0.048 0.652
28 0.7 0.048 0.652
16 0.7 0.048 0.652
14 0.7 0.048 0.652
15 0.7 0.048 0.652
11 0.7 0.048 0.652
4 0.7 0.048 0.652
20 0.7 0.048 0.652
2 0.7 0.048 0.652
12 0.7 0.048 0.652
1 0.7 0.048 0.652
17 0.7 0.048 0.652
8 0.7 0.048 0.652
26 0.7 0.048 0.652
38 0.7 0.048 0.652
40 0.7 0.048 0.652
21 0.7 0.048 0.652
29 0.7 0.048 0.652
9 0.7 0.048 0.652
24 0.7 0.048 0.652
25 0.7 0.048 0.652
4 0.7 0.048 0.652
33 0.7 0.048 0.652
6 0.7 0.048 0.652
22 0.7 0.048 0.652
6 0.652 0.048 0.604
6 0.604 0.16 0.444
22 0.652 0.16 0.492
18 0.7 0.048 0.652
28 0.7 0.048 0.652
16 0.7 0.048 0.652
14 0.7 0.048 0.652
15 0.7 0.048 0.652
11 0.7 0.048 0.652
4 0.7 0.048 0.652
20 0.7 0.048 0.652
2 0.7 0.048 0.652
12 0.7 0.048 0.652
1 0.7 0.048 0.652
17 0.7 0.048 0.652
8 0.7 0.048 0.652
38 0.7 0.048 0.652
40 0.7 0.048 0.652
21 0.7 0.048 0.652
29 0.7 0.048 0.652
9 0.7 0.048 0.652
24 0.7 0.048 0.652
25 0.7 0.048 0.652
4 0.7 0.048 0.652
33 0.7 0.048 0.652
18 0.7 0.048 0.652
28 0.7 0.048 0.652
16 0.7 0.048 0.652
14 0.7 0.048 0.652
15 0.7 0.048 0.652
11 0.7 0.048 0.652
4 0.7 0.048 0.652
20 0.7 0.048 0.652
2 0.7 0.048 0.652
12 0.7 0.048 0.652
1 0.7 0.048 0.652
17 0.7 0.048 0.652
8 0.7 0.048 0.652
26 0.7 0.048 0.652
38 0.7 0.048 0.652
40 0.7 0.048 0.652
21 0.7 0.048 0.652
14 0.7 0.048 0.652
29 0.7 0.048 0.652
9 0.7 0.048 0.652
9 0.652 0.048 0.604
9 0.604 0.16 0.444
24 0.7 0.048 0.652
25 0.7 0.048 0.652
4 0.7 0.048 0.652
33 0.7 0.048 0.652
18 0.7 0.048 0.652
28 0.7 0.048 0.652
16 0.7 0.048 0.652
14 0.7 0.048 0.652
15 0.7 0.048 0.652
11 0.7 0.048 0.652
4 0.7 0.048 0.652
20 0.7 0.048 0.652
2 0.7 0.048 0.652
12 0.7 0.048 0.652
1 0.7 0.048 0.652
8 0.7 0.048 0.652
26 0.7 0.048 0.652
38 0.7 0.048 0.652
40 0.7 0.048 0.652
21 0.7 0.048 0.652
14 0.7 0.048 0.652
29 0.7 0.048 0.652
24 0.7 0.048 0.652
25 0.7 0.048 0.652
4 0.7 0.048 0.652
33 0.7 0.048 0.652
18 0.7 0.048 0.652
28 0.7 0.048 0.652
16 0.7 0.048 0.652
15 0.7 0.048 0.652
11 0.7 0.048 0.652
4 0.7 0.048 0.652
20 0.7 0.048 0.652
2 0.7 0.048 0.652
12 0.7 0.048 0.652
2 0.652 0.048 0.604
2 0.604 0.16 0.444
12 0.652 0.16 0.492
1 0.7 0.048 0.652
17 0.7 0.048 0.652
8 0.7 0.048 0.652
26 0.7 0.048 0.652
38 0.7 0.048 0.652
40 0.7 0.048 0.652
21 0.7 0.048 0.652
14 0.7 0.048 0.652
29 0.7 0.048 0.652
24 0.7 0.048 0.652
25 0.7 0.048 0.652
4 0.7 0.048 0.652
33 0.7 0.048 0.652
18 0.7 0.048 0.652
28 0.7 0.048 0.652
16 0.7 0.048 0.652
15 0.7 0.048 0.652
11 0.7 0.048 0.652
4 0.7 0.048 0.652
20 0.7 0.048 0.652
1 0.7 0.048 0.652
17 0.7 0.048 0.652
8 0.7 0.048 0.652
26 0.7 0.048 0.652
38 0.7 0.048 0.652
40 0.7 0.048 0.652
8 0.652 0.048 0.604
8 0.604 0.16 0.444
26 0.652 0.16 0.492
38 0.652 0.16 0.492
40 0.652 0.16 0.492
21 0.7 0.048 0.652
29 0.7 0.048 0.652
24 0.7 0.048 0.652
25 0.7 0.048 0.652
4 0.7 0.048 0.652
33 0.7 0.048 0.652
18 0.7 0.048 0.652
28 0.7 0.048 0.652
16 0.7 0.048 0.652
14 0.7 0.048 0.652
15 0.7 0.048 0.652
16 0.652 0.048 0.604
16 0.604 0.16 0.444
14 0.652 0.16 0.492
15 0.652 0.16 0.492
11 0.7 0.048 0.652
4 0.7 0.048 0.652
20 0.7 0.048 0.652
1 0.7 0.048 0.652
17 0.7 0.048 0.652
21 0.7 0.048 0.652
29 0.7 0.048 0.652
21 0.652 0.048 0.604
21 0.604 0.16 0.444
29 0.652 0.16 0.492
24 0.7 0.048 0.652
25 0.7 0.048 0.652
4 0.7 0.048 0.652
33 0.7 0.048 0.652
18 0.7 0.048 0.652
28 0.7 0.048 0.652
11 0.7 0.048 0.652
4 0.7 0.048 0.652
20 0.7 0.048 0.652
1 0.7 0.048 0.652
17 0.7 0.048 0.652
24 0.7 0.048 0.652
25 0.7 0.048 0.652
4 0.7 0.048 0.652
33 0.7 0.048 0.652
18 0.7 0.048 0.652
28 0.7 0.048 0.652
11 0.7 0.048 0.652
4 0.7 0.048 0.652
20 0.7 0.048 0.652
1 0.7 0.048 0.652
17 0.7 0.048 0.652
24 0.7 0.048 0.652
25 0.7 0.048 0.652
4 0.7 0.048 0.652
33 0.7 0.048 0.652
33 0.652 0.048 0.604
33 0.604 0.16 0.444
18 0.7 0.048 0.652
28 0.7 0.048 0.652
11 0.7 0.048 0.652
4 0.7 0.048 0.652
20 0.7 0.048 0.652
25 0.7 0.048 0.652
1 0.7 0.048 0.652
17 0.7 0.048 0.652
24 0.7 0.048 0.652
25 0.7 0.048 0.652
4 0.7 0.048 0.652
11 0.7 0.048 0.652
18 0.7 0.048 0.652
