47 0.8 0.048 0.752
23 0.8 0.048 0.752
47 0.752 0.048 0.704
23 0.752 0.048 0.704
32 0.8 0.048 0.752
40 0.8 0.048 0.752
47 0.704 0.048 0.656
23 0.704 0.048 0.656
32 0.752 0.048 0.704
40 0.752 0.048 0.704
15 0.8 0.048 0.752
32 0.783096 0.048 0.735096
38 0.8 0.048 0.752
13 0.8 0.048 0.752
15 0.8 0.048 0.752
28 0.8 0.048 0.752
38 0.8 0.048 0.752
49 0.8 0.048 0.752
13 0.8 0.048 0.752
15 0.8 0.048 0.752
28 0.8 0.048 0.752
36 0.8 0.048 0.752
38 0.8 0.048 0.752
49 0.8 0.048 0.752
13 0.8 0.048 0.752
28 0.8 0.048 0.752
36 0.8 0.048 0.752
1 0.8 0.048 0.752
27 0.8 0.048 0.752
36 0.8 0.048 0.752
1 0.8 0.048 0.752
27 0.8 0.048 0.752
1 0.8 0.048 0.752
27 0.8 0.048 0.752
8 0.8 0.048 0.752
31 0.8 0.048 0.752
53 0.8 0.048 0.752
5 0.8 0.048 0.752
30 0.8 0.048 0.752
60 0.8 0.048 0.752
14 0.8 0.048 0.752
19 0.8 0.048 0.752
22 0.8 0.048 0.752
26 0.8 0.048 0.752
34 0.8 0.048 0.752
46 0.8 0.048 0.752
17 0.8 0.048 0.752
45 0.8 0.048 0.752
53 0.8 0.048 0.752
8 0.752 0.048 0.704
16 0.8 0.048 0.752
25 0.8 0.048 0.752
31 0.8 0.048 0.752
52 0.8 0.048 0.752
39 0.8 0.048 0.752
39 0.752 0.048 0.704
50 0.8 0.048 0.752
56 0.8 0.048 0.752
52 0.752 0.048 0.704
52 0.704 0.16 0.544
39 0.704 0.16 0.544
39 0.544 0.016 0.528
52 0.544 0.016 0.528
39 0.528 0.048 0.48
52 0.528 0.048 0.48
50 0.752 0.16 0.592
56 0.752 0.16 0.592
19 0.8 0.048 0.752
14 0.8 0.048 0.752
22 0.752 0.048 0.704
26 0.752 0.048 0.704
34 0.8 0.048 0.752
58 0.8 0.048 0.752
60 0.8 0.048 0.752
47 0.8 0.048 0.752
23 0.8 0.048 0.752
40 0.8 0.048 0.752
2 0.8 0.048 0.752
17 0.8 0.048 0.752
45 0.8 0.048 0.752
49 0.8 0.048 0.752
13 0.8 0.048 0.752
15 0.8 0.048 0.752
28 0.8 0.048 0.752
38 0.8 0.048 0.752
2 0.8 0.048 0.752
45 0.8 0.048 0.752
58 0.8 0.048 0.752
14 0.8 0.048 0.752
19 0.8 0.048 0.752
20 0.8 0.048 0.752
22 0.8 0.048 0.752
34 0.8 0.048 0.752
54 0.8 0.048 0.752
2 0.8 0.048 0.752
34 0.752 0.048 0.704
14 0.752 0.048 0.704
19 0.752 0.048 0.704
20 0.752 0.048 0.704
22 0.8 0.048 0.752
58 0.752 0.048 0.704
60 0.8 0.048 0.752
3 0.8 0.048 0.752
29 0.8 0.048 0.752
51 0.8 0.048 0.752
8 0.8 0.048 0.752
31 0.8 0.048 0.752
53 0.8 0.048 0.752
5 0.8 0.048 0.752
30 0.8 0.048 0.752
54 0.8 0.048 0.752
14 0.8 0.048 0.752
20 0.8 0.048 0.752
34 0.8 0.048 0.752
58 0.8 0.048 0.752
55 0.8 0.048 0.752
46 0.8 0.048 0.752
59 0.8 0.048 0.752
60 0.8 0.048 0.752
14 0.752 0.048 0.704
19 0.8 0.048 0.752
22 0.8 0.048 0.752
26 0.8 0.048 0.752
34 0.752 0.048 0.704
46 0.752 0.048 0.704
3 0.8 0.048 0.752
7 0.8 0.048 0.752
11 0.8 0.048 0.752
29 0.8 0.048 0.752
48 0.8 0.048 0.752
51 0.8 0.048 0.752
53 0.8 0.048 0.752
8 0.752 0.048 0.704
16 0.8 0.048 0.752
25 0.8 0.048 0.752
31 0.8 0.048 0.752
46 0.704 0.048 0.656
19 0.752 0.048 0.704
26 0.752 0.048 0.704
55 0.8 0.048 0.752
59 0.752 0.048 0.704
60 0.8 0.048 0.752
39 0.8 0.048 0.752
52 0.8 0.048 0.752
56 0.8 0.048 0.752
19 0.781643 0.048 0.733643
14 0.776957 0.048 0.728957
22 0.752 0.048 0.704
26 0.704 0.048 0.656
34 0.779376 0.048 0.731376
58 0.8 0.048 0.752
60 0.752 0.048 0.704
47 0.8 0.048 0.752
23 0.8 0.048 0.752
40 0.8 0.048 0.752
4 0.8 0.048 0.752
7 0.8 0.048 0.752
11 0.8 0.048 0.752
29 0.8 0.048 0.752
48 0.8 0.048 0.752
51 0.8 0.048 0.752
49 0.8 0.048 0.752
13 0.8 0.048 0.752
15 0.8 0.048 0.752
28 0.8 0.048 0.752
38 0.8 0.048 0.752
4 0.8 0.048 0.752
7 0.8 0.048 0.752
11 0.8 0.048 0.752
48 0.8 0.048 0.752
58 0.8 0.048 0.752
14 0.8 0.048 0.752
19 0.8 0.048 0.752
20 0.8 0.048 0.752
22 0.8 0.048 0.752
34 0.8 0.048 0.752
54 0.8 0.048 0.752
4 0.8 0.048 0.752
35 0.8 0.048 0.752
34 0.752 0.048 0.704
14 0.752 0.048 0.704
19 0.752 0.048 0.704
20 0.752 0.048 0.704
22 0.8 0.048 0.752
54 0.752 0.048 0.704
58 0.752 0.048 0.704
60 0.8 0.048 0.752
33 0.8 0.048 0.752
6 0.8 0.048 0.752
18 0.8 0.048 0.752
35 0.8 0.048 0.752
37 0.8 0.048 0.752
41 0.8 0.048 0.752
44 0.8 0.048 0.752
33 0.752 0.048 0.704
33 0.704 0.16 0.544
33 0.544 0.016 0.528
59 0.8 0.048 0.752
26 0.8 0.048 0.752
46 0.8 0.048 0.752
55 0.8 0.048 0.752
18 0.752 0.048 0.704
6 0.8 0.048 0.752
33 0.607108 0.048 0.559108
33 0.559108 0.048 0.511108
37 0.752 0.048 0.704
41 0.8 0.048 0.752
44 0.752 0.048 0.704
18 0.704 0.048 0.656
18 0.656 0.16 0.496
6 0.752 0.16 0.592
33 0.511108 0.16 0.351108
37 0.704 0.16 0.544
41 0.752 0.16 0.592
44 0.704 0.16 0.544
57 0.8 0.048 0.752
42 0.8 0.048 0.752
42 0.752 0.048 0.704
57 0.752 0.048 0.704
57 0.704 0.16 0.544
42 0.704 0.16 0.544
42 0.544 0.016 0.528
57 0.544 0.016 0.528
42 0.528 0.048 0.48
44 0.544 0.048 0.496
57 0.528 0.048 0.48
6 0.592 0.048 0.544
18 0.57392 0.048 0.52592
33 0.351108 0.048 0.303108
35 0.752 0.048 0.704
37 0.621127 0.048 0.573127
41 0.592 0.048 0.544
8 0.8 0.048 0.752
31 0.8 0.048 0.752
53 0.8 0.048 0.752
5 0.8 0.048 0.752
30 0.8 0.048 0.752
54 0.8 0.048 0.752
14 0.8 0.048 0.752
20 0.8 0.048 0.752
22 0.8 0.048 0.752
34 0.8 0.048 0.752
58 0.8 0.048 0.752
55 0.8 0.048 0.752
26 0.8 0.048 0.752
46 0.8 0.048 0.752
59 0.8 0.048 0.752
60 0.8 0.048 0.752
14 0.752 0.048 0.704
19 0.8 0.048 0.752
22 0.8 0.048 0.752
26 0.752 0.048 0.704
34 0.752 0.048 0.704
46 0.752 0.048 0.704
22 0.752 0.048 0.704
14 0.704 0.048 0.656
19 0.752 0.048 0.704
20 0.752 0.048 0.704
34 0.704 0.048 0.656
54 0.752 0.048 0.704
58 0.752 0.048 0.704
60 0.752 0.048 0.704
6 0.616556 0.048 0.568556
18 0.604757 0.048 0.556757
33 0.377757 0.048 0.329757
35 0.780316 0.048 0.732316
37 0.64496 0.048 0.59696
41 0.623488 0.048 0.575488
44 0.571275 0.048 0.523275
53 0.8 0.048 0.752
8 0.752 0.048 0.704
16 0.8 0.048 0.752
31 0.8 0.048 0.752
46 0.704 0.048 0.656
26 0.704 0.048 0.656
55 0.8 0.048 0.752
59 0.752 0.048 0.704
60 0.777997 0.048 0.729997
39 0.8 0.048 0.752
52 0.8 0.048 0.752
44 0.599558 0.048 0.551558
6 0.568556 0.048 0.520556
18 0.556757 0.048 0.508757
33 0.329757 0.048 0.281757
37 0.59696 0.048 0.54896
41 0.575488 0.048 0.527488
42 0.551543 0.048 0.503543
44 0.551558 0.048 0.503558
44 0.503558 0.16 0.343558
44 0.343558 0.016 0.327558
19 0.776138 0.048 0.728138
14 0.72959 0.048 0.68159
22 0.704 0.048 0.656
26 0.656 0.048 0.608
34 0.732165 0.048 0.684165
58 0.782212 0.048 0.734212
60 0.729997 0.048 0.681997
47 0.8 0.048 0.752
23 0.8 0.048 0.752
40 0.8 0.048 0.752
6 0.59389 0.048 0.54589
18 0.579681 0.048 0.531681
37 0.625045 0.048 0.577045
41 0.60191 0.048 0.55391
42 0.574612 0.048 0.526612
44 0.327558 0.048 0.279558
57 0.631202 0.048 0.583202
24 0.8 0.048 0.752
9 0.8 0.048 0.752
43 0.8 0.048 0.752
49 0.8 0.048 0.752
13 0.8 0.048 0.752
15 0.8 0.048 0.752
28 0.8 0.048 0.752
38 0.8 0.048 0.752
42 0.599629 0.048 0.551629
44 0.355295 0.048 0.307295
57 0.659549 0.048 0.611549
25 0.8 0.048 0.752
16 0.8 0.048 0.752
16 0.752 0.048 0.704
53 0.8 0.048 0.752
25 0.752 0.048 0.704
25 0.704 0.16 0.544
16 0.704 0.16 0.544
16 0.544 0.016 0.528
25 0.544 0.016 0.528
16 0.528 0.048 0.48
25 0.528 0.048 0.48
53 0.752 0.048 0.704
53 0.704 0.16 0.544
38 0.8 0.048 0.752
13 0.752 0.048 0.704
15 0.8 0.048 0.752
28 0.8 0.048 0.752
49 0.8 0.048 0.752
58 0.8 0.048 0.752
14 0.8 0.048 0.752
20 0.8 0.048 0.752
22 0.8 0.048 0.752
34 0.8 0.048 0.752
54 0.8 0.048 0.752
42 0.631621 0.048 0.583621
57 0.688197 0.048 0.640197
34 0.752 0.048 0.704
14 0.752 0.048 0.704
19 0.8 0.048 0.752
20 0.752 0.048 0.704
22 0.8 0.048 0.752
54 0.752 0.048 0.704
58 0.752 0.048 0.704
60 0.8 0.048 0.752
59 0.8 0.048 0.752
46 0.8 0.048 0.752
55 0.8 0.048 0.752
13 0.783743 0.048 0.735743
15 0.8 0.048 0.752
15 0.752 0.048 0.704
28 0.8 0.048 0.752
36 0.8 0.048 0.752
49 0.8 0.048 0.752
13 0.735743 0.048 0.687743
13 0.687743 0.16 0.527743
15 0.704 0.16 0.544
15 0.544 0.016 0.528
13 0.527743 0.016 0.511743
15 0.528 0.048 0.48
13 0.511743 0.048 0.463743
28 0.752 0.048 0.704
38 0.8 0.048 0.752
49 0.752 0.048 0.704
28 0.704 0.16 0.544
36 0.752 0.16 0.592
49 0.704 0.16 0.544
17 0.8 0.048 0.752
2 0.8 0.048 0.752
45 0.8 0.048 0.752
42 0.658481 0.048 0.610481
57 0.71928 0.048 0.67128
8 0.8 0.048 0.752
31 0.8 0.048 0.752
53 0.694884 0.048 0.646884
5 0.8 0.048 0.752
30 0.8 0.048 0.752
54 0.8 0.048 0.752
14 0.8 0.048 0.752
20 0.8 0.048 0.752
22 0.8 0.048 0.752
34 0.8 0.048 0.752
58 0.8 0.048 0.752
55 0.8 0.048 0.752
26 0.8 0.048 0.752
46 0.8 0.048 0.752
59 0.8 0.048 0.752
60 0.8 0.048 0.752
19 0.8 0.048 0.752
22 0.8 0.048 0.752
26 0.752 0.048 0.704
34 0.752 0.048 0.704
46 0.752 0.048 0.704
22 0.752 0.048 0.704
14 0.752 0.048 0.704
19 0.752 0.048 0.704
20 0.752 0.048 0.704
34 0.704 0.048 0.656
54 0.752 0.048 0.704
58 0.752 0.048 0.704
60 0.752 0.048 0.704
39 0.8 0.048 0.752
53 0.71853 0.048 0.67053
8 0.752 0.048 0.704
25 0.700547 0.048 0.652547
31 0.8 0.048 0.752
46 0.704 0.048 0.656
19 0.704 0.048 0.656
26 0.704 0.048 0.656
55 0.8 0.048 0.752
59 0.752 0.048 0.704
60 0.774749 0.048 0.726749
39 0.8 0.048 0.752
52 0.8 0.048 0.752
19 0.727206 0.048 0.679206
14 0.777304 0.048 0.729304
22 0.704 0.048 0.656
26 0.656 0.048 0.608
34 0.730094 0.048 0.682094
46 0.735632 0.048 0.687632
58 0.778409 0.048 0.730409
60 0.726749 0.048 0.678749
47 0.8 0.048 0.752
23 0.8 0.048 0.752
40 0.8 0.048 0.752
39 0.752 0.048 0.704
52 0.8 0.048 0.752
24 0.8 0.048 0.752
9 0.8 0.048 0.752
43 0.8 0.048 0.752
51 0.8 0.048 0.752
3 0.8 0.048 0.752
3 0.752 0.048 0.704
7 0.8 0.048 0.752
11 0.8 0.048 0.752
29 0.8 0.048 0.752
48 0.8 0.048 0.752
51 0.752 0.048 0.704
51 0.704 0.16 0.544
3 0.704 0.16 0.544
3 0.544 0.016 0.528
51 0.544 0.016 0.528
3 0.528 0.048 0.48
29 0.752 0.048 0.704
51 0.528 0.048 0.48
7 0.752 0.16 0.592
11 0.752 0.16 0.592
29 0.704 0.16 0.544
48 0.752 0.16 0.592
49 0.772641 0.048 0.724641
13 0.760412 0.048 0.712412
15 0.707882 0.048 0.659882
28 0.764605 0.048 0.716605
38 0.8 0.048 0.752
26 0.685419 0.048 0.637419
19 0.750339 0.048 0.702339
46 0.760605 0.048 0.712605
55 0.8 0.048 0.752
60 0.752183 0.048 0.704183
39 0.775346 0.048 0.727346
50 0.8 0.048 0.752
52 0.8 0.048 0.752
56 0.8 0.048 0.752
16 0.8 0.048 0.752
25 0.8 0.048 0.752
45 0.8 0.048 0.752
2 0.8 0.048 0.752
17 0.8 0.048 0.752
38 0.8 0.048 0.752
13 0.712412 0.048 0.664412
15 0.732089 0.048 0.684089
28 0.794458 0.048 0.746458
49 0.8 0.048 0.752
48 0.742147 0.048 0.694147
7 0.737322 0.048 0.689322
11 0.741837 0.048 0.693837
29 0.618905 0.048 0.570905
29 0.570905 0.048 0.522905
51 0.558242 0.048 0.510242
51 0.510242 0.048 0.462242
48 0.694147 0.096 0.598147
48 0.598147 0.16 0.438147
7 0.689322 0.16 0.529322
11 0.693837 0.16 0.533837
29 0.522905 0.16 0.362905
51 0.462242 0.16 0.302242
14 0.8 0.048 0.752
19 0.782039 0.048 0.734039
20 0.8 0.048 0.752
22 0.8 0.048 0.752
34 0.8 0.048 0.752
54 0.8 0.048 0.752
58 0.8 0.048 0.752
60 0.781018 0.048 0.733018
58 0.752 0.048 0.704
14 0.752 0.048 0.704
19 0.734039 0.048 0.686039
20 0.752 0.048 0.704
22 0.752 0.048 0.704
34 0.752 0.048 0.704
54 0.752 0.048 0.704
41 0.8 0.048 0.752
6 0.8 0.048 0.752
18 0.8 0.048 0.752
33 0.8 0.048 0.752
33 0.752 0.048 0.704
37 0.8 0.048 0.752
44 0.757514 0.048 0.709514
41 0.752 0.048 0.704
41 0.704 0.16 0.544
6 0.752 0.16 0.592
18 0.752 0.16 0.592
33 0.704 0.16 0.544
33 0.544 0.016 0.528
41 0.544 0.016 0.528
33 0.528 0.048 0.48
6 0.592 0.048 0.544
18 0.592 0.048 0.544
35 0.8 0.048 0.752
37 0.752 0.048 0.704
41 0.528 0.048 0.48
44 0.709514 0.048 0.661514
37 0.704 0.16 0.544
44 0.661514 0.16 0.501514
50 0.8 0.048 0.752
52 0.8 0.048 0.752
56 0.8 0.048 0.752
34 0.704 0.048 0.656
14 0.704 0.048 0.656
19 0.686039 0.048 0.638039
20 0.704 0.048 0.656
22 0.774366 0.048 0.726366
54 0.704 0.048 0.656
58 0.704 0.048 0.656
60 0.733018 0.048 0.685018
59 0.8 0.048 0.752
26 0.789726 0.048 0.741726
46 0.8 0.048 0.752
55 0.8 0.048 0.752
15 0.756338 0.048 0.708338
13 0.744353 0.048 0.696353
28 0.8 0.048 0.752
38 0.8 0.048 0.752
49 0.8 0.048 0.752
7 0.606264 0.048 0.558264
4 0.8 0.048 0.752
11 0.608434 0.048 0.560434
29 0.439349 0.048 0.391349
48 0.50969 0.048 0.46169
51 0.377167 0.048 0.329167
17 0.8 0.048 0.752
2 0.8 0.048 0.752
45 0.8 0.048 0.752
42 0.8 0.048 0.752
44 0.581337 0.048 0.533337
44 0.533337 0.048 0.485337
57 0.8 0.048 0.752
42 0.752 0.048 0.704
42 0.704 0.16 0.544
44 0.485337 0.16 0.325337
50 0.8 0.048 0.752
56 0.8 0.048 0.752
35 0.8 0.048 0.752
33 0.554571 0.048 0.506571
8 0.8 0.048 0.752
31 0.8 0.048 0.752
53 0.8 0.048 0.752
5 0.8 0.048 0.752
30 0.8 0.048 0.752
54 0.8 0.048 0.752
14 0.8 0.048 0.752
20 0.8 0.048 0.752
34 0.8 0.048 0.752
58 0.8 0.048 0.752
55 0.8 0.048 0.752
26 0.8 0.048 0.752
46 0.8 0.048 0.752
59 0.8 0.048 0.752
60 0.8 0.048 0.752
19 0.794598 0.048 0.746598
22 0.8 0.048 0.752
26 0.752 0.048 0.704
34 0.752 0.048 0.704
22 0.752 0.048 0.704
14 0.752 0.048 0.704
19 0.746598 0.048 0.698598
20 0.752 0.048 0.704
34 0.704 0.048 0.656
58 0.752 0.048 0.704
60 0.752 0.048 0.704
20 0.704 0.048 0.656
14 0.704 0.048 0.656
22 0.704 0.048 0.656
34 0.656 0.048 0.608
54 0.752 0.048 0.704
58 0.704 0.048 0.656
53 0.8 0.048 0.752
8 0.752 0.048 0.704
25 0.8 0.048 0.752
31 0.8 0.048 0.752
46 0.752 0.048 0.704
26 0.704 0.048 0.656
55 0.8 0.048 0.752
59 0.752 0.048 0.704
39 0.8 0.048 0.752
52 0.8 0.048 0.752
19 0.778188 0.048 0.730188
14 0.7275 0.048 0.6795
22 0.656 0.048 0.608
26 0.656 0.048 0.608
34 0.684824 0.048 0.636824
58 0.731595 0.048 0.683595
60 0.775051 0.048 0.727051
47 0.8 0.048 0.752
23 0.8 0.048 0.752
40 0.8 0.048 0.752
12 0.8 0.048 0.752
24 0.8 0.048 0.752
9 0.8 0.048 0.752
43 0.8 0.048 0.752
3 0.8 0.048 0.752
51 0.553316 0.048 0.505316
31 0.8 0.048 0.752
8 0.8 0.048 0.752
53 0.8 0.048 0.752
11 0.787998 0.048 0.739998
7 0.785164 0.048 0.737164
29 0.617403 0.048 0.569403
29 0.569403 0.048 0.521403
48 0.68541 0.048 0.63741
51 0.505316 0.048 0.457316
11 0.739998 0.048 0.691998
11 0.691998 0.16 0.531998
7 0.737164 0.16 0.577164
29 0.521403 0.16 0.361403
48 0.63741 0.16 0.47741
51 0.457316 0.16 0.297316
49 0.8 0.048 0.752
13 0.8 0.048 0.752
15 0.8 0.048 0.752
28 0.8 0.048 0.752
38 0.8 0.048 0.752
26 0.683062 0.048 0.635062
19 0.8 0.048 0.752
22 0.68417 0.048 0.63617
46 0.8 0.048 0.752
55 0.8 0.048 0.752
60 0.8 0.048 0.752
43 0.8 0.048 0.752
9 0.8 0.048 0.752
9 0.752 0.048 0.704
24 0.8 0.048 0.752
43 0.752 0.048 0.704
43 0.704 0.16 0.544
9 0.704 0.16 0.544
9 0.544 0.016 0.528
43 0.544 0.016 0.528
9 0.528 0.048 0.48
24 0.752 0.048 0.704
43 0.528 0.048 0.48
24 0.704 0.16 0.544
12 0.8 0.048 0.752
16 0.8 0.048 0.752
25 0.8 0.048 0.752
45 0.8 0.048 0.752
2 0.8 0.048 0.752
17 0.8 0.048 0.752
38 0.8 0.048 0.752
13 0.752 0.048 0.704
15 0.8 0.048 0.752
28 0.8 0.048 0.752
49 0.8 0.048 0.752
14 0.8 0.048 0.752
19 0.8 0.048 0.752
20 0.8 0.048 0.752
22 0.71477 0.048 0.66677
34 0.790956 0.048 0.742956
54 0.8 0.048 0.752
58 0.8 0.048 0.752
58 0.752 0.048 0.704
14 0.752 0.048 0.704
19 0.752 0.048 0.704
20 0.752 0.048 0.704
22 0.66677 0.048 0.61877
34 0.742956 0.048 0.694956
54 0.752 0.048 0.704
33 0.8 0.048 0.752
6 0.8 0.048 0.752
18 0.8 0.048 0.752
35 0.8 0.048 0.752
37 0.8 0.048 0.752
41 0.8 0.048 0.752
44 0.630882 0.048 0.582882
9 0.559576 0.048 0.511576
12 0.8 0.048 0.752
24 0.617006 0.048 0.569006
43 0.557119 0.048 0.509119
34 0.694956 0.048 0.646956
14 0.704 0.048 0.656
19 0.704 0.048 0.656
20 0.704 0.048 0.656
22 0.693795 0.048 0.645795
54 0.704 0.048 0.656
58 0.704 0.048 0.656
60 0.8 0.048 0.752
59 0.8 0.048 0.752
46 0.8 0.048 0.752
55 0.8 0.048 0.752
15 0.8 0.048 0.752
13 0.781654 0.048 0.733654
28 0.8 0.048 0.752
38 0.8 0.048 0.752
49 0.8 0.048 0.752
7 0.722695 0.048 0.674695
4 0.8 0.048 0.752
11 0.682057 0.048 0.634057
29 0.511399 0.048 0.463399
48 0.619574 0.048 0.571574
51 0.449228 0.048 0.401228
17 0.8 0.048 0.752
45 0.8 0.048 0.752
9 0.590248 0.048 0.542248
24 0.644598 0.048 0.596598
43 0.587601 0.048 0.539601
35 0.8 0.048 0.752
33 0.8 0.048 0.752
2 0.8 0.048 0.752
17 0.752 0.048 0.704
45 0.752 0.048 0.704
8 0.8 0.048 0.752
31 0.8 0.048 0.752
53 0.8 0.048 0.752
5 0.8 0.048 0.752
30 0.8 0.048 0.752
54 0.8 0.048 0.752
20 0.8 0.048 0.752
22 0.721863 0.048 0.673863
34 0.799818 0.048 0.751818
58 0.8 0.048 0.752
55 0.8 0.048 0.752
26 0.8 0.048 0.752
46 0.8 0.048 0.752
59 0.8 0.048 0.752
60 0.8 0.048 0.752
14 0.8 0.048 0.752
19 0.8 0.048 0.752
22 0.751405 0.048 0.703405
26 0.752 0.048 0.704
34 0.751818 0.048 0.703818
46 0.752 0.048 0.704
58 0.752 0.048 0.704
22 0.703405 0.048 0.655405
14 0.752 0.048 0.704
20 0.752 0.048 0.704
34 0.703818 0.048 0.655818
58 0.704 0.048 0.656
60 0.752 0.048 0.704
50 0.8 0.048 0.752
52 0.8 0.048 0.752
52 0.752 0.048 0.704
56 0.8 0.048 0.752
50 0.752 0.048 0.704
50 0.704 0.16 0.544
52 0.704 0.16 0.544
52 0.544 0.016 0.528
50 0.544 0.016 0.528
52 0.528 0.048 0.48
39 0.8 0.048 0.752
50 0.528 0.048 0.48
56 0.752 0.048 0.704
56 0.704 0.16 0.544
9 0.61924 0.048 0.57124
24 0.670288 0.048 0.622288
43 0.617665 0.048 0.569665
20 0.704 0.048 0.656
14 0.704 0.048 0.656
22 0.655405 0.048 0.607405
34 0.655818 0.048 0.607818
54 0.752 0.048 0.704
58 0.656 0.048 0.608
53 0.8 0.048 0.752
8 0.752 0.048 0.704
25 0.8 0.048 0.752
31 0.8 0.048 0.752
46 0.704 0.048 0.656
26 0.704 0.048 0.656
55 0.8 0.048 0.752
59 0.752 0.048 0.704
60 0.782634 0.048 0.734634
39 0.8 0.048 0.752
52 0.48 0.048 0.432
19 0.8 0.048 0.752
14 0.735441 0.048 0.687441
26 0.656 0.048 0.608
58 0.685555 0.048 0.637555
60 0.734634 0.048 0.686634
47 0.8 0.048 0.752
23 0.8 0.048 0.752
40 0.8 0.048 0.752
46 0.735838 0.048 0.687838
55 0.8 0.048 0.752
59 0.778752 0.048 0.730752
24 0.702167 0.048 0.654167
9 0.645096 0.048 0.597096
43 0.64894 0.048 0.60094
3 0.8 0.048 0.752
29 0.691976 0.048 0.643976
51 0.626847 0.048 0.578847
31 0.8 0.048 0.752
8 0.8 0.048 0.752
53 0.8 0.048 0.752
49 0.8 0.048 0.752
13 0.8 0.048 0.752
15 0.8 0.048 0.752
28 0.8 0.048 0.752
38 0.8 0.048 0.752
26 0.684672 0.048 0.636672
19 0.8 0.048 0.752
46 0.764456 0.048 0.716456
55 0.752 0.048 0.704
60 0.763544 0.048 0.715544
29 0.716959 0.048 0.668959
3 0.8 0.048 0.752
7 0.8 0.048 0.752
11 0.8 0.048 0.752
48 0.78976 0.048 0.74176
51 0.651301 0.048 0.603301
9 0.672838 0.048 0.624838
24 0.73301 0.048 0.68501
43 0.67749 0.048 0.62949
26 0.71085 0.048 0.66285
46 0.716456 0.048 0.668456
55 0.778424 0.048 0.730424
59 0.8 0.048 0.752
60 0.715544 0.048 0.667544
16 0.8 0.048 0.752
25 0.8 0.048 0.752
53 0.8 0.048 0.752
36 0.8 0.048 0.752
13 0.752 0.048 0.704
13 0.704 0.048 0.656
36 0.752 0.048 0.704
36 0.704 0.16 0.544
13 0.656 0.16 0.496
45 0.8 0.048 0.752
2 0.8 0.048 0.752
17 0.8 0.048 0.752
38 0.8 0.048 0.752
13 0.496 0.048 0.448
15 0.8 0.048 0.752
28 0.8 0.048 0.752
49 0.8 0.048 0.752
14 0.8 0.048 0.752
19 0.8 0.048 0.752
20 0.8 0.048 0.752
22 0.753376 0.048 0.705376
34 0.8 0.048 0.752
54 0.8 0.048 0.752
58 0.787156 0.048 0.739156
60 0.745732 0.048 0.697732
58 0.739156 0.048 0.691156
14 0.752 0.048 0.704
19 0.752 0.048 0.704
20 0.752 0.048 0.704
22 0.705376 0.048 0.657376
34 0.752 0.048 0.704
54 0.752 0.048 0.704
60 0.697732 0.048 0.649732
33 0.8 0.048 0.752
6 0.8 0.048 0.752
18 0.8 0.048 0.752
35 0.8 0.048 0.752
37 0.8 0.048 0.752
41 0.8 0.048 0.752
44 0.8 0.048 0.752
14 0.704 0.048 0.656
19 0.704 0.048 0.656
22 0.729781 0.048 0.681781
26 0.741467 0.048 0.693467
34 0.704 0.048 0.656
46 0.747598 0.048 0.699598
55 0.8 0.048 0.752
59 0.8 0.048 0.752
60 0.649732 0.048 0.601732
34 0.656 0.048 0.608
14 0.656 0.048 0.608
19 0.656 0.048 0.608
20 0.704 0.048 0.656
22 0.681781 0.048 0.633781
54 0.704 0.048 0.656
58 0.691156 0.048 0.643156
60 0.601732 0.048 0.553732
12 0.8 0.048 0.752
10 0.8 0.048 0.752
59 0.8 0.048 0.752
26 0.693467 0.048 0.645467
46 0.775742 0.048 0.727742
55 0.752 0.048 0.704
15 0.8 0.048 0.752
13 0.518193 0.048 0.470193
28 0.8 0.048 0.752
38 0.8 0.048 0.752
49 0.8 0.048 0.752
7 0.8 0.048 0.752
4 0.8 0.048 0.752
11 0.8 0.048 0.752
29 0.746436 0.048 0.698436
48 0.8 0.048 0.752
51 0.674428 0.048 0.626428
51 0.626428 0.048 0.578428
7 0.752 0.048 0.704
7 0.704 0.16 0.544
4 0.752 0.16 0.592
11 0.752 0.16 0.592
29 0.698436 0.16 0.538436
48 0.752 0.16 0.592
51 0.578428 0.16 0.418428
17 0.8 0.048 0.752
2 0.8 0.048 0.752
45 0.8 0.048 0.752
14 0.678468 0.048 0.630468
19 0.687027 0.048 0.639027
20 0.730684 0.048 0.682684
22 0.705049 0.048 0.657049
26 0.721065 0.048 0.673065
34 0.681157 0.048 0.633157
58 0.713256 0.048 0.665256
60 0.629491 0.048 0.581491
35 0.8 0.048 0.752
33 0.8 0.048 0.752
4 0.592 0.048 0.544
7 0.544 0.048 0.496
11 0.592 0.048 0.544
48 0.592 0.048 0.544
2 0.8 0.048 0.752
17 0.752 0.048 0.704
45 0.752 0.048 0.704
8 0.8 0.048 0.752
31 0.8 0.048 0.752
53 0.8 0.048 0.752
5 0.8 0.048 0.752
30 0.8 0.048 0.752
54 0.8 0.048 0.752
14 0.704891 0.048 0.656891
20 0.757415 0.048 0.709415
34 0.708423 0.048 0.660423
58 0.737569 0.048 0.689569
54 0.752 0.048 0.704
54 0.704 0.16 0.544
54 0.544 0.016 0.528
55 0.777531 0.048 0.729531
26 0.746135 0.048 0.698135
46 0.8 0.048 0.752
59 0.8 0.048 0.752
60 0.651653 0.048 0.603653
14 0.656891 0.048 0.608891
19 0.710876 0.048 0.662876
26 0.698135 0.048 0.650135
34 0.660423 0.048 0.612423
46 0.752 0.048 0.704
58 0.689569 0.048 0.641569
22 0.729932 0.048 0.681932
14 0.608891 0.048 0.560891
19 0.662876 0.048 0.614876
20 0.709415 0.048 0.661415
34 0.612423 0.048 0.564423
58 0.641569 0.048 0.593569
22 0.681932 0.048 0.633932
22 0.633932 0.16 0.473932
22 0.473932 0.016 0.457932
52 0.8 0.048 0.752
39 0.8 0.048 0.752
56 0.8 0.048 0.752
14 0.560891 0.048 0.512891
20 0.661415 0.048 0.613415
22 0.457932 0.048 0.409932
34 0.564423 0.048 0.516423
54 0.528 0.048 0.48
58 0.593569 0.048 0.545569
20 0.613415 0.048 0.565415
14 0.512891 0.048 0.464891
22 0.409932 0.048 0.361932
34 0.516423 0.048 0.468423
54 0.48 0.048 0.432
58 0.545569 0.048 0.497569
20 0.565415 0.048 0.517415
20 0.517415 0.16 0.357415
20 0.357415 0.016 0.341415
53 0.8 0.048 0.752
8 0.752 0.048 0.704
16 0.8 0.048 0.752
31 0.8 0.048 0.752
46 0.704 0.048 0.656
19 0.614876 0.048 0.566876
26 0.650135 0.048 0.602135
55 0.8 0.048 0.752
59 0.752 0.048 0.704
60 0.681974 0.048 0.633974
6 0.8 0.048 0.752
18 0.8 0.048 0.752
33 0.8 0.048 0.752
37 0.8 0.048 0.752
41 0.8 0.048 0.752
42 0.8 0.048 0.752
44 0.8 0.048 0.752
39 0.8 0.048 0.752
52 0.752 0.048 0.704
23 0.8 0.048 0.752
32 0.8 0.048 0.752
40 0.8 0.048 0.752
47 0.8 0.048 0.752
19 0.641262 0.048 0.593262
14 0.541341 0.048 0.493341
22 0.361932 0.048 0.313932
26 0.602135 0.048 0.554135
34 0.5393 0.048 0.4913
46 0.729092 0.048 0.681092
58 0.575392 0.048 0.527392
60 0.633974 0.048 0.585974
47 0.8 0.048 0.752
23 0.8 0.048 0.752
40 0.8 0.048 0.752
56 0.752 0.048 0.704
50 0.8 0.048 0.752
52 0.777534 0.048 0.729534
20 0.415628 0.048 0.367628
54 0.508738 0.048 0.460738
58 0.527392 0.048 0.479392
24 0.8 0.048 0.752
9 0.8 0.048 0.752
43 0.8 0.048 0.752
3 0.8 0.048 0.752
29 0.754129 0.048 0.706129
31 0.8 0.048 0.752
8 0.8 0.048 0.752
53 0.8 0.048 0.752
49 0.8 0.048 0.752
13 0.770311 0.048 0.722311
15 0.8 0.048 0.752
28 0.8 0.048 0.752
38 0.8 0.048 0.752
30 0.8 0.048 0.752
5 0.8 0.048 0.752
26 0.631407 0.048 0.583407
19 0.665005 0.048 0.617005
46 0.754509 0.048 0.706509
55 0.8 0.048 0.752
59 0.8 0.048 0.752
60 0.65967 0.048 0.61167
29 0.781738 0.048 0.733738
3 0.8 0.048 0.752
7 0.727779 0.048 0.679779
11 0.764048 0.048 0.716048
48 0.771518 0.048 0.723518
51 0.724713 0.048 0.676713
9 0.8 0.048 0.752
24 0.8 0.048 0.752
43 0.8 0.048 0.752
10 0.8 0.048 0.752
16 0.8 0.048 0.752
25 0.8 0.048 0.752
53 0.8 0.048 0.752
45 0.8 0.048 0.752
2 0.8 0.048 0.752
17 0.8 0.048 0.752
38 0.8 0.048 0.752
13 0.722311 0.048 0.674311
15 0.8 0.048 0.752
28 0.8 0.048 0.752
49 0.8 0.048 0.752
14 0.644518 0.048 0.596518
19 0.689901 0.048 0.641901
20 0.512673 0.048 0.464673
22 0.467968 0.048 0.419968
34 0.648046 0.048 0.600046
54 0.610901 0.048 0.562901
58 0.624142 0.048 0.576142
60 0.690604 0.048 0.642604
58 0.576142 0.048 0.528142
14 0.596518 0.048 0.548518
19 0.641901 0.048 0.593901
20 0.464673 0.048 0.416673
22 0.419968 0.048 0.371968
34 0.600046 0.048 0.552046
54 0.562901 0.048 0.514901
60 0.642604 0.048 0.594604
33 0.8 0.048 0.752
6 0.8 0.048 0.752
18 0.8 0.048 0.752
35 0.8 0.048 0.752
37 0.8 0.048 0.752
41 0.8 0.048 0.752
44 0.8 0.048 0.752
10 0.8 0.048 0.752
34 0.552046 0.048 0.504046
14 0.548518 0.048 0.500518
19 0.593901 0.048 0.545901
20 0.416673 0.048 0.368673
22 0.442455 0.048 0.394455
54 0.514901 0.048 0.466901
58 0.528142 0.048 0.480142
60 0.594604 0.048 0.546604
12 0.8 0.048 0.752
28 0.8 0.048 0.752
13 0.752541 0.048 0.704541
15 0.8 0.048 0.752
38 0.8 0.048 0.752
49 0.752 0.048 0.704
10 0.752 0.048 0.704
10 0.704 0.048 0.656
10 0.656 0.16 0.496
10 0.496 0.016 0.48
59 0.8 0.048 0.752
26 0.733229 0.048 0.685229
46 0.8 0.048 0.752
55 0.8 0.048 0.752
27 0.8 0.048 0.752
1 0.8 0.048 0.752
15 0.752 0.048 0.704
13 0.704541 0.048 0.656541
28 0.752 0.048 0.704
38 0.752 0.048 0.704
49 0.781678 0.048 0.733678
17 0.8 0.048 0.752
2 0.8 0.048 0.752
45 0.8 0.048 0.752
21 0.8 0.048 0.752
8 0.8 0.048 0.752
10 0.556591 0.048 0.508591
35 0.8 0.048 0.752
33 0.8 0.048 0.752
40 0.8 0.048 0.752
23 0.8 0.048 0.752
32 0.8 0.048 0.752
47 0.8 0.048 0.752
4 0.8 0.048 0.752
7 0.8 0.048 0.752
11 0.8 0.048 0.752
48 0.8 0.048 0.752
2 0.8 0.048 0.752
17 0.752 0.048 0.704
45 0.752 0.048 0.704
8 0.8 0.048 0.752
31 0.8 0.048 0.752
53 0.8 0.048 0.752
8 0.752 0.048 0.704
8 0.704 0.16 0.544
8 0.544 0.016 0.528
5 0.8 0.048 0.752
30 0.8 0.048 0.752
32 0.752 0.048 0.704
23 0.752 0.048 0.704
40 0.752 0.048 0.704
55 0.8 0.048 0.752
26 0.8 0.048 0.752
46 0.8 0.048 0.752
59 0.8 0.048 0.752
60 0.693742 0.048 0.645742
14 0.645162 0.048 0.597162
19 0.703648 0.048 0.655648
22 0.55083 0.048 0.50283
26 0.752 0.048 0.704
34 0.659541 0.048 0.611541
46 0.752 0.048 0.704
58 0.630936 0.048 0.582936
52 0.8 0.048 0.752
39 0.8 0.048 0.752
56 0.8 0.048 0.752
8 0.528 0.048 0.48
10 0.582746 0.048 0.534746
31 0.8 0.048 0.752
53 0.8 0.048 0.752
53 0.752 0.048 0.704
8 0.48 0.048 0.432
16 0.8 0.048 0.752
25 0.8 0.048 0.752
25 0.752 0.048 0.704
31 0.752 0.048 0.704
53 0.704 0.096 0.608
53 0.608 0.16 0.448
53 0.448 0.016 0.432
46 0.704 0.048 0.656
19 0.655648 0.048 0.607648
26 0.704 0.048 0.656
55 0.8 0.048 0.752
59 0.752 0.048 0.704
60 0.719931 0.048 0.671931
6 0.8 0.048 0.752
18 0.8 0.048 0.752
33 0.8 0.048 0.752
37 0.8 0.048 0.752
41 0.8 0.048 0.752
44 0.8 0.048 0.752
39 0.8 0.048 0.752
52 0.752 0.048 0.704
23 0.781659 0.048 0.733659
32 0.775684 0.048 0.727684
40 0.780231 0.048 0.732231
47 0.8 0.048 0.752
19 0.684669 0.048 0.636669
14 0.674773 0.048 0.626773
22 0.50283 0.048 0.45483
26 0.656 0.048 0.608
34 0.684872 0.048 0.636872
46 0.73347 0.048 0.68547
58 0.657236 0.048 0.609236
60 0.671931 0.048 0.623931
47 0.8 0.048 0.752
23 0.8 0.048 0.752
40 0.8 0.048 0.752
56 0.752 0.048 0.704
50 0.8 0.048 0.752
52 0.778812 0.048 0.730812
8 0.504944 0.048 0.456944
16 0.8 0.048 0.752
25 0.776588 0.048 0.728588
31 0.779905 0.048 0.731905
53 0.50983 0.048 0.46183
24 0.8 0.048 0.752
9 0.8 0.048 0.752
43 0.8 0.048 0.752
3 0.8 0.048 0.752
29 0.8 0.048 0.752
31 0.731905 0.048 0.683905
8 0.533434 0.048 0.485434
25 0.728588 0.048 0.680588
53 0.46183 0.048 0.41383
31 0.683905 0.048 0.635905
31 0.635905 0.16 0.475905
31 0.475905 0.016 0.459905
49 0.8 0.048 0.752
13 0.8 0.048 0.752
15 0.8 0.048 0.752
28 0.8 0.048 0.752
38 0.8 0.048 0.752
30 0.8 0.048 0.752
5 0.8 0.048 0.752
26 0.685464 0.048 0.637464
19 0.711658 0.048 0.663658
46 0.758167 0.048 0.710167
55 0.8 0.048 0.752
59 0.8 0.048 0.752
60 0.697222 0.048 0.649222
29 0.8 0.048 0.752
3 0.8 0.048 0.752
7 0.8 0.048 0.752
11 0.8 0.048 0.752
48 0.8 0.048 0.752
51 0.8 0.048 0.752
9 0.8 0.048 0.752
24 0.8 0.048 0.752
43 0.8 0.048 0.752
16 0.8 0.048 0.752
25 0.75266 0.048 0.70466
31 0.53958 0.048 0.49158
53 0.492688 0.048 0.444688
16 0.752 0.048 0.704
25 0.70466 0.048 0.65666
31 0.49158 0.048 0.44358
53 0.444688 0.048 0.396688
16 0.704 0.048 0.656
16 0.656 0.16 0.496
16 0.496 0.016 0.48
45 0.8 0.048 0.752
2 0.8 0.048 0.752
17 0.8 0.048 0.752
38 0.8 0.048 0.752
15 0.8 0.048 0.752
28 0.8 0.048 0.752
49 0.8 0.048 0.752
1 0.8 0.048 0.752
27 0.8 0.048 0.752
14 0.772175 0.048 0.724175
19 0.737666 0.048 0.689666
20 0.746664 0.048 0.698664
22 0.598764 0.048 0.550764
34 0.787615 0.048 0.739615
54 0.8 0.048 0.752
58 0.765205 0.048 0.717205
60 0.721411 0.048 0.673411
58 0.717205 0.048 0.669205
14 0.724175 0.048 0.676175
19 0.689666 0.048 0.641666
20 0.698664 0.048 0.650664
22 0.550764 0.048 0.502764
22 0.502764 0.048 0.454764
34 0.739615 0.048 0.691615
54 0.752 0.048 0.704
60 0.673411 0.048 0.625411
58 0.669205 0.048 0.621205
58 0.621205 0.16 0.461205
14 0.676175 0.16 0.516175
19 0.641666 0.16 0.481666
20 0.650664 0.16 0.490664
22 0.454764 0.16 0.294764
34 0.691615 0.16 0.531615
54 0.704 0.16 0.544
60 0.625411 0.16 0.465411
16 0.559609 0.048 0.511609
25 0.65666 0.048 0.60866
31 0.44358 0.048 0.39558
53 0.473125 0.048 0.425125
16 0.511609 0.048 0.463609
16 0.463609 0.16 0.303609
16 0.303609 0.016 0.287609
33 0.8 0.048 0.752
6 0.8 0.048 0.752
18 0.8 0.048 0.752
35 0.8 0.048 0.752
37 0.8 0.048 0.752
41 0.8 0.048 0.752
5 0.8 0.048 0.752
16 0.287609 0.048 0.239609
25 0.685429 0.048 0.637429
30 0.8 0.048 0.752
34 0.531615 0.048 0.483615
14 0.516175 0.048 0.468175
19 0.481666 0.048 0.433666
20 0.490664 0.048 0.442664
22 0.370222 0.048 0.322222
54 0.544 0.048 0.496
58 0.461205 0.048 0.413205
12 0.8 0.048 0.752
28 0.8 0.048 0.752
13 0.8 0.048 0.752
15 0.8 0.048 0.752
38 0.8 0.048 0.752
49 0.752 0.048 0.704
59 0.8 0.048 0.752
26 0.779862 0.048 0.731862
46 0.8 0.048 0.752
55 0.8 0.048 0.752
27 0.8 0.048 0.752
1 0.8 0.048 0.752
15 0.752 0.048 0.704
13 0.752 0.048 0.704
28 0.752 0.048 0.704
38 0.752 0.048 0.704
49 0.781431 0.048 0.733431
37 0.8 0.048 0.752
6 0.8 0.048 0.752
18 0.8 0.048 0.752
33 0.752 0.048 0.704
41 0.8 0.048 0.752
44 0.8 0.048 0.752
17 0.8 0.048 0.752
45 0.8 0.048 0.752
21 0.8 0.048 0.752
5 0.8 0.048 0.752
21 0.8 0.048 0.752
30 0.8 0.048 0.752
35 0.8 0.048 0.752
33 0.783618 0.048 0.735618
40 0.8 0.048 0.752
23 0.8 0.048 0.752
32 0.8 0.048 0.752
47 0.8 0.048 0.752
4 0.8 0.048 0.752
7 0.8 0.048 0.752
11 0.8 0.048 0.752
48 0.8 0.048 0.752
2 0.8 0.048 0.752
17 0.752 0.048 0.704
45 0.752 0.048 0.704
5 0.752 0.048 0.704
30 0.752 0.048 0.704
5 0.704 0.048 0.656
5 0.656 0.16 0.496
5 0.496 0.016 0.48
32 0.752 0.048 0.704
23 0.752 0.048 0.704
40 0.752 0.048 0.704
55 0.8 0.048 0.752
26 0.8 0.048 0.752
46 0.8 0.048 0.752
59 0.8 0.048 0.752
60 0.613737 0.048 0.565737
14 0.609457 0.048 0.561457
19 0.589855 0.048 0.541855
26 0.752 0.048 0.704
46 0.752 0.048 0.704
58 0.559068 0.048 0.511068
52 0.8 0.048 0.752
39 0.8 0.048 0.752
56 0.8 0.048 0.752
21 0.8 0.048 0.752
30 0.778656 0.048 0.730656
46 0.704 0.048 0.656
19 0.541855 0.048 0.493855
26 0.704 0.048 0.656
55 0.8 0.048 0.752
59 0.752 0.048 0.704
60 0.638283 0.048 0.590283
6 0.8 0.048 0.752
18 0.8 0.048 0.752
33 0.8 0.048 0.752
37 0.8 0.048 0.752
41 0.8 0.048 0.752
44 0.8 0.048 0.752
39 0.8 0.048 0.752
52 0.752 0.048 0.704
23 0.774333 0.048 0.726333
32 0.782256 0.048 0.734256
40 0.780752 0.048 0.732752
47 0.8 0.048 0.752
19 0.56961 0.048 0.52161
14 0.633142 0.048 0.585142
22 0.471059 0.048 0.423059
26 0.656 0.048 0.608
46 0.733669 0.048 0.685669
58 0.582657 0.048 0.534657
60 0.590283 0.048 0.542283
47 0.8 0.048 0.752
23 0.8 0.048 0.752
40 0.8 0.048 0.752
56 0.752 0.048 0.704
50 0.8 0.048 0.752
52 0.779809 0.048 0.731809
21 0.8 0.048 0.752
24 0.8 0.048 0.752
9 0.8 0.048 0.752
43 0.8 0.048 0.752
3 0.8 0.048 0.752
29 0.8 0.048 0.752
51 0.8 0.048 0.752
49 0.8 0.048 0.752
13 0.8 0.048 0.752
15 0.8 0.048 0.752
28 0.8 0.048 0.752
38 0.8 0.048 0.752
30 0.8 0.048 0.752
5 0.632466 0.048 0.584466
5 0.584466 0.048 0.536466
30 0.752 0.048 0.704
30 0.704 0.16 0.544
5 0.536466 0.16 0.376466
26 0.687213 0.048 0.639213
19 0.59805 0.048 0.55005
46 0.762395 0.048 0.714395
55 0.8 0.048 0.752
59 0.8 0.048 0.752
60 0.61278 0.048 0.56478
29 0.8 0.048 0.752
3 0.8 0.048 0.752
7 0.8 0.048 0.752
11 0.8 0.048 0.752
48 0.8 0.048 0.752
51 0.8 0.048 0.752
9 0.8 0.048 0.752
24 0.8 0.048 0.752
43 0.8 0.048 0.752
47 0.8 0.048 0.752
45 0.8 0.048 0.752
2 0.8 0.048 0.752
17 0.8 0.048 0.752
38 0.8 0.048 0.752
15 0.8 0.048 0.752
28 0.8 0.048 0.752
49 0.8 0.048 0.752
1 0.8 0.048 0.752
27 0.8 0.048 0.752
14 0.734062 0.048 0.686062
19 0.625825 0.048 0.577825
20 0.8 0.048 0.752
22 0.573791 0.048 0.525791
34 0.8 0.048 0.752
54 0.8 0.048 0.752
58 0.685379 0.048 0.637379
33 0.8 0.048 0.752
6 0.8 0.048 0.752
18 0.8 0.048 0.752
35 0.8 0.048 0.752
37 0.8 0.048 0.752
41 0.8 0.048 0.752
44 0.8 0.048 0.752
23 0.8 0.048 0.752
32 0.8 0.048 0.752
40 0.8 0.048 0.752
47 0.8 0.048 0.752
34 0.752 0.048 0.704
14 0.686062 0.048 0.638062
19 0.577825 0.048 0.529825
20 0.752 0.048 0.704
22 0.59944 0.048 0.55144
54 0.752 0.048 0.704
58 0.637379 0.048 0.589379
12 0.8 0.048 0.752
28 0.8 0.048 0.752
13 0.8 0.048 0.752
15 0.8 0.048 0.752
38 0.8 0.048 0.752
49 0.752 0.048 0.704
59 0.8 0.048 0.752
26 0.794053 0.048 0.746053
46 0.8 0.048 0.752
55 0.8 0.048 0.752
27 0.8 0.048 0.752
1 0.8 0.048 0.752
15 0.752 0.048 0.704
13 0.752 0.048 0.704
28 0.752 0.048 0.704
38 0.752 0.048 0.704
49 0.776823 0.048 0.728823
37 0.8 0.048 0.752
6 0.8 0.048 0.752
18 0.8 0.048 0.752
33 0.752 0.048 0.704
41 0.8 0.048 0.752
44 0.8 0.048 0.752
17 0.8 0.048 0.752
2 0.8 0.048 0.752
45 0.8 0.048 0.752
21 0.8 0.048 0.752
23 0.8 0.048 0.752
32 0.8 0.048 0.752
40 0.8 0.048 0.752
47 0.8 0.048 0.752
35 0.8 0.048 0.752
33 0.783252 0.048 0.735252
40 0.752 0.048 0.704
23 0.752 0.048 0.704
32 0.752 0.048 0.704
47 0.752 0.048 0.704
40 0.704 0.048 0.656
40 0.656 0.16 0.496
40 0.496 0.016 0.48
4 0.8 0.048 0.752
7 0.8 0.048 0.752
11 0.8 0.048 0.752
48 0.8 0.048 0.752
2 0.8 0.048 0.752
17 0.752 0.048 0.704
45 0.752 0.048 0.704
32 0.704 0.048 0.656
23 0.704 0.048 0.656
40 0.48 0.048 0.432
32 0.656 0.048 0.608
32 0.608 0.16 0.448
32 0.448 0.016 0.432
55 0.8 0.048 0.752
26 0.8 0.048 0.752
46 0.8 0.048 0.752
59 0.8 0.048 0.752
60 0.793461 0.048 0.745461
19 0.670443 0.048 0.622443
22 0.704987 0.048 0.656987
26 0.752 0.048 0.704
46 0.752 0.048 0.704
52 0.8 0.048 0.752
39 0.8 0.048 0.752
56 0.8 0.048 0.752
23 0.732631 0.048 0.684631
32 0.504907 0.048 0.456907
40 0.505536 0.048 0.457536
46 0.704 0.048 0.656
19 0.622443 0.048 0.574443
26 0.704 0.048 0.656
55 0.8 0.048 0.752
59 0.752 0.048 0.704
60 0.8 0.048 0.752
6 0.8 0.048 0.752
18 0.8 0.048 0.752
33 0.8 0.048 0.752
37 0.8 0.048 0.752
41 0.8 0.048 0.752
44 0.8 0.048 0.752
39 0.8 0.048 0.752
52 0.752 0.048 0.704
23 0.684631 0.048 0.636631
32 0.456907 0.048 0.408907
40 0.457536 0.048 0.409536
47 0.777309 0.048 0.729309
44 0.8 0.048 0.752
6 0.752 0.048 0.704
18 0.752 0.048 0.704
37 0.752 0.048 0.704
41 0.752 0.048 0.704
41 0.704 0.048 0.656
42 0.8 0.048 0.752
44 0.752 0.048 0.704
44 0.704 0.16 0.544
6 0.704 0.16 0.544
18 0.704 0.16 0.544
37 0.704 0.16 0.544
41 0.656 0.16 0.496
42 0.752 0.16 0.592
19 0.651708 0.048 0.603708
14 0.8 0.048 0.752
22 0.656987 0.048 0.608987
26 0.656 0.048 0.608
34 0.8 0.048 0.752
46 0.735075 0.048 0.687075
58 0.8 0.048 0.752
60 0.752 0.048 0.704
47 0.8 0.048 0.752
23 0.710506 0.048 0.662506
40 0.486118 0.048 0.438118
56 0.752 0.048 0.704
50 0.8 0.048 0.752
52 0.776295 0.048 0.728295
15 0.8 0.048 0.752
28 0.8 0.048 0.752
38 0.8 0.048 0.752
49 0.8 0.048 0.752
24 0.8 0.048 0.752
9 0.8 0.048 0.752
43 0.8 0.048 0.752
3 0.8 0.048 0.752
29 0.8 0.048 0.752
51 0.8 0.048 0.752
49 0.8 0.048 0.752
13 0.8 0.048 0.752
13 0.752 0.048 0.704
15 0.752 0.048 0.704
28 0.752 0.048 0.704
38 0.8 0.048 0.752
49 0.752 0.096 0.656
49 0.656 0.16 0.496
49 0.496 0.016 0.48
26 0.686068 0.048 0.638068
46 0.761679 0.048 0.713679
55 0.8 0.048 0.752
59 0.8 0.048 0.752
60 0.775693 0.048 0.727693
29 0.8 0.048 0.752
3 0.8 0.048 0.752
7 0.8 0.048 0.752
11 0.8 0.048 0.752
48 0.8 0.048 0.752
51 0.8 0.048 0.752
9 0.8 0.048 0.752
24 0.8 0.048 0.752
43 0.8 0.048 0.752
13 0.704 0.048 0.656
15 0.778189 0.048 0.730189
28 0.781244 0.048 0.733244
38 0.752 0.048 0.704
49 0.48 0.048 0.432
45 0.8 0.048 0.752
2 0.8 0.048 0.752
17 0.8 0.048 0.752
38 0.779103 0.048 0.731103
13 0.656 0.048 0.608
15 0.730189 0.048 0.682189
28 0.733244 0.048 0.685244
49 0.503997 0.048 0.455997
38 0.731103 0.048 0.683103
38 0.683103 0.16 0.523103
38 0.523103 0.016 0.507103
1 0.8 0.048 0.752
27 0.8 0.048 0.752
14 0.8 0.048 0.752
19 0.750944 0.048 0.702944
20 0.8 0.048 0.752
22 0.750626 0.048 0.702626
34 0.8 0.048 0.752
54 0.8 0.048 0.752
58 0.8 0.048 0.752
33 0.8 0.048 0.752
6 0.768796 0.048 0.720796
18 0.693901 0.048 0.645901
35 0.8 0.048 0.752
37 0.692561 0.048 0.644561
41 0.727342 0.048 0.679342
44 0.694601 0.048 0.646601
13 0.682708 0.048 0.634708
15 0.752997 0.048 0.704997
28 0.759685 0.048 0.711685
36 0.8 0.048 0.752
38 0.507103 0.048 0.459103
49 0.455997 0.048 0.407997
34 0.752 0.048 0.704
14 0.752 0.048 0.704
19 0.702944 0.048 0.654944
20 0.752 0.048 0.704
22 0.781626 0.048 0.733626
54 0.752 0.048 0.704
58 0.752 0.048 0.704
12 0.8 0.048 0.752
28 0.711685 0.048 0.663685
13 0.634708 0.048 0.586708
15 0.704997 0.048 0.656997
38 0.538713 0.048 0.490713
49 0.407997 0.048 0.359997
28 0.663685 0.048 0.615685
28 0.615685 0.16 0.455685
28 0.455685 0.016 0.439685
59 0.8 0.048 0.752
26 0.784813 0.048 0.736813
46 0.8 0.048 0.752
55 0.8 0.048 0.752
27 0.8 0.048 0.752
1 0.8 0.048 0.752
15 0.656997 0.048 0.608997
13 0.586708 0.048 0.538708
28 0.439685 0.048 0.391685
38 0.490713 0.048 0.442713
49 0.432416 0.048 0.384416
37 0.716255 0.048 0.668255
6 0.790868 0.048 0.742868
18 0.724439 0.048 0.676439
33 0.752 0.048 0.704
41 0.752226 0.048 0.704226
44 0.725802 0.048 0.677802
17 0.8 0.048 0.752
2 0.8 0.048 0.752
45 0.8 0.048 0.752
21 0.8 0.048 0.752
13 0.610894 0.048 0.562894
36 0.8 0.048 0.752
35 0.8 0.048 0.752
33 0.777228 0.048 0.729228
4 0.8 0.048 0.752
7 0.8 0.048 0.752
11 0.8 0.048 0.752
48 0.8 0.048 0.752
2 0.8 0.048 0.752
17 0.752 0.048 0.704
45 0.752 0.048 0.704
55 0.8 0.048 0.752
26 0.8 0.048 0.752
46 0.8 0.048 0.752
59 0.8 0.048 0.752
60 0.8 0.048 0.752
19 0.8 0.048 0.752
26 0.752 0.048 0.704
46 0.752 0.048 0.704
58 0.8 0.048 0.752
52 0.8 0.048 0.752
39 0.8 0.048 0.752
50 0.8 0.048 0.752
56 0.8 0.048 0.752
1 0.8 0.048 0.752
27 0.8 0.048 0.752
36 0.8 0.048 0.752
46 0.704 0.048 0.656
26 0.704 0.048 0.656
55 0.8 0.048 0.752
59 0.752 0.048 0.704
60 0.8 0.048 0.752
6 0.8 0.048 0.752
18 0.8 0.048 0.752
33 0.8 0.048 0.752
37 0.8 0.048 0.752
41 0.774356 0.048 0.726356
42 0.8 0.048 0.752
44 0.753877 0.048 0.705877
39 0.8 0.048 0.752
52 0.752 0.048 0.704
23 0.8 0.048 0.752
32 0.792051 0.048 0.744051
40 0.729681 0.048 0.681681
47 0.8 0.048 0.752
19 0.8 0.048 0.752
14 0.8 0.048 0.752
22 0.8 0.048 0.752
34 0.8 0.048 0.752
58 0.8 0.048 0.752
60 0.752 0.048 0.704
47 0.8 0.048 0.752
23 0.8 0.048 0.752
40 0.753597 0.048 0.705597
51 0.8 0.048 0.752
7 0.8 0.048 0.752
11 0.8 0.048 0.752
29 0.8 0.048 0.752
48 0.8 0.048 0.752
56 0.752 0.048 0.704
50 0.8 0.048 0.752
52 0.779181 0.048 0.731181
1 0.8 0.048 0.752
27 0.8 0.048 0.752
24 0.8 0.048 0.752
9 0.8 0.048 0.752
43 0.8 0.048 0.752
3 0.8 0.048 0.752
29 0.752 0.048 0.704
26 0.728369 0.048 0.680369
19 0.8 0.048 0.752
46 0.8 0.048 0.752
55 0.8 0.048 0.752
59 0.8 0.048 0.752
60 0.782283 0.048 0.734283
29 0.774308 0.048 0.726308
3 0.8 0.048 0.752
7 0.8 0.048 0.752
11 0.8 0.048 0.752
48 0.8 0.048 0.752
51 0.8 0.048 0.752
9 0.8 0.048 0.752
24 0.8 0.048 0.752
43 0.8 0.048 0.752
1 0.8 0.048 0.752
17 0.8 0.048 0.752
27 0.8 0.048 0.752
45 0.8 0.048 0.752
2 0.8 0.048 0.752
17 0.752 0.048 0.704
1 0.8 0.048 0.752
27 0.8 0.048 0.752
14 0.8 0.048 0.752
19 0.8 0.048 0.752
20 0.8 0.048 0.752
22 0.8 0.048 0.752
34 0.8 0.048 0.752
54 0.8 0.048 0.752
58 0.8 0.048 0.752
33 0.8 0.048 0.752
18 0.8 0.048 0.752
35 0.8 0.048 0.752
37 0.8 0.048 0.752
41 0.8 0.048 0.752
2 0.8 0.048 0.752
17 0.775132 0.048 0.727132
45 0.752 0.048 0.704
34 0.752 0.048 0.704
14 0.752 0.048 0.704
19 0.752 0.048 0.704
20 0.752 0.048 0.704
22 0.8 0.048 0.752
54 0.752 0.048 0.704
58 0.752 0.048 0.704
12 0.8 0.048 0.752
59 0.8 0.048 0.752
26 0.8 0.048 0.752
46 0.8 0.048 0.752
55 0.8 0.048 0.752
27 0.8 0.048 0.752
1 0.8 0.048 0.752
15 0.8 0.048 0.752
13 0.8 0.048 0.752
28 0.772457 0.048 0.724457
38 0.8 0.048 0.752
49 0.756556 0.048 0.708556
37 0.8 0.048 0.752
6 0.8 0.048 0.752
18 0.8 0.048 0.752
33 0.752 0.048 0.704
41 0.8 0.048 0.752
44 0.8 0.048 0.752
17 0.8 0.048 0.752
2 0.752 0.048 0.704
45 0.781304 0.048 0.733304
17 0.752 0.048 0.704
17 0.704 0.16 0.544
17 0.544 0.016 0.528
21 0.8 0.048 0.752
2 0.780892 0.048 0.732892
17 0.528 0.048 0.48
45 0.733304 0.048 0.685304
35 0.8 0.048 0.752
33 0.781685 0.048 0.733685
4 0.8 0.048 0.752
7 0.8 0.048 0.752
11 0.8 0.048 0.752
48 0.8 0.048 0.752
2 0.732892 0.048 0.684892
17 0.48 0.048 0.432
45 0.685304 0.048 0.637304
2 0.684892 0.048 0.636892
2 0.636892 0.16 0.476892
2 0.476892 0.016 0.460892
13 0.8 0.048 0.752
15 0.8 0.048 0.752
28 0.796712 0.048 0.748712
28 0.748712 0.048 0.700712
38 0.8 0.048 0.752
38 0.752 0.048 0.704
49 0.708556 0.048 0.660556
49 0.660556 0.048 0.612556
13 0.752 0.144 0.608
13 0.608 0.16 0.448
15 0.752 0.16 0.592
28 0.700712 0.16 0.540712
38 0.704 0.16 0.544
38 0.544 0.016 0.528
13 0.448 0.016 0.432
38 0.528 0.048 0.48
13 0.432 0.048 0.384
15 0.592 0.048 0.544
28 0.540712 0.048 0.492712
49 0.612556 0.048 0.564556
49 0.564556 0.16 0.404556
55 0.8 0.048 0.752
26 0.8 0.048 0.752
46 0.8 0.048 0.752
59 0.8 0.048 0.752
60 0.8 0.048 0.752
22 0.8 0.048 0.752
14 0.8 0.048 0.752
19 0.8 0.048 0.752
34 0.8 0.048 0.752
58 0.8 0.048 0.752
60 0.752 0.048 0.704
19 0.752 0.048 0.704
26 0.752 0.048 0.704
46 0.752 0.048 0.704
55 0.752 0.048 0.704
52 0.8 0.048 0.752
39 0.8 0.048 0.752
56 0.8 0.048 0.752
2 0.534378 0.048 0.486378
45 0.712154 0.048 0.664154
46 0.704 0.048 0.656
26 0.704 0.048 0.656
55 0.782377 0.048 0.734377
59 0.752 0.048 0.704
60 0.77812 0.048 0.73012
6 0.8 0.048 0.752
18 0.8 0.048 0.752
33 0.8 0.048 0.752
37 0.8 0.048 0.752
41 0.8 0.048 0.752
42 0.8 0.048 0.752
44 0.8 0.048 0.752
39 0.8 0.048 0.752
52 0.752 0.048 0.704
57 0.8 0.048 0.752
42 0.752 0.048 0.704
23 0.8 0.048 0.752
32 0.8 0.048 0.752
40 0.8 0.048 0.752
47 0.8 0.048 0.752
19 0.781893 0.048 0.733893
14 0.8 0.048 0.752
22 0.8 0.048 0.752
26 0.656 0.048 0.608
34 0.8 0.048 0.752
58 0.8 0.048 0.752
60 0.73012 0.048 0.68212
47 0.8 0.048 0.752
23 0.8 0.048 0.752
40 0.8 0.048 0.752
51 0.8 0.048 0.752
7 0.8 0.048 0.752
11 0.8 0.048 0.752
29 0.8 0.048 0.752
48 0.8 0.048 0.752
56 0.752 0.048 0.704
50 0.8 0.048 0.752
52 0.779605 0.048 0.731605
3 0.8 0.048 0.752
24 0.8 0.048 0.752
9 0.8 0.048 0.752
43 0.8 0.048 0.752
3 0.752 0.048 0.704
29 0.752 0.048 0.704
3 0.704 0.048 0.656
3 0.656 0.16 0.496
3 0.496 0.016 0.48
53 0.8 0.048 0.752
8 0.8 0.048 0.752
8 0.752 0.048 0.704
25 0.8 0.048 0.752
31 0.8 0.048 0.752
53 0.752 0.048 0.704
53 0.704 0.16 0.544
8 0.704 0.16 0.544
8 0.544 0.016 0.528
53 0.544 0.016 0.528
8 0.528 0.048 0.48
31 0.752 0.048 0.704
53 0.528 0.048 0.48
25 0.752 0.16 0.592
31 0.704 0.16 0.544
25 0.592 0.048 0.544
16 0.8 0.048 0.752
31 0.544 0.048 0.496
53 0.48 0.048 0.432
26 0.68605 0.048 0.63805
19 0.8 0.048 0.752
46 0.8 0.048 0.752
55 0.8 0.048 0.752
59 0.8 0.048 0.752
60 0.752872 0.048 0.704872
29 0.778165 0.048 0.730165
3 0.553876 0.048 0.505876
7 0.8 0.048 0.752
11 0.8 0.048 0.752
48 0.8 0.048 0.752
51 0.8 0.048 0.752
29 0.730165 0.048 0.682165
29 0.682165 0.16 0.522165
29 0.522165 0.016 0.506165
9 0.8 0.048 0.752
24 0.8 0.048 0.752
43 0.8 0.048 0.752
3 0.505876 0.048 0.457876
11 0.752 0.048 0.704
29 0.506165 0.048 0.458165
48 0.752 0.048 0.704
51 0.752 0.048 0.704
45 0.8 0.048 0.752
2 0.639442 0.048 0.591442
17 0.668498 0.048 0.620498
17 0.620498 0.048 0.572498
45 0.752 0.048 0.704
45 0.704 0.16 0.544
2 0.591442 0.16 0.431442
17 0.572498 0.16 0.412498
1 0.8 0.048 0.752
27 0.8 0.048 0.752
14 0.8 0.048 0.752
19 0.8 0.048 0.752
20 0.8 0.048 0.752
22 0.8 0.048 0.752
34 0.8 0.048 0.752
54 0.8 0.048 0.752
58 0.8 0.048 0.752
33 0.8 0.048 0.752
6 0.8 0.048 0.752
18 0.8 0.048 0.752
35 0.8 0.048 0.752
37 0.8 0.048 0.752
41 0.8 0.048 0.752
3 0.536783 0.048 0.488783
7 0.8 0.048 0.752
11 0.780085 0.048 0.732085
29 0.537401 0.048 0.489401
48 0.775723 0.048 0.727723
51 0.774905 0.048 0.726905
34 0.752 0.048 0.704
14 0.752 0.048 0.704
20 0.752 0.048 0.704
22 0.8 0.048 0.752
54 0.752 0.048 0.704
58 0.752 0.048 0.704
12 0.8 0.048 0.752
54 0.704 0.048 0.656
14 0.781652 0.048 0.733652
20 0.704 0.048 0.656
22 0.752 0.048 0.704
34 0.704 0.048 0.656
59 0.8 0.048 0.752
26 0.781222 0.048 0.733222
46 0.8 0.048 0.752
55 0.8 0.048 0.752
27 0.8 0.048 0.752
1 0.8 0.048 0.752
15 0.8 0.048 0.752
28 0.785572 0.048 0.737572
38 0.78074 0.048 0.73274
49 0.786406 0.048 0.738406
37 0.8 0.048 0.752
6 0.8 0.048 0.752
18 0.8 0.048 0.752
33 0.752 0.048 0.704
41 0.8 0.048 0.752
44 0.8 0.048 0.752
10 0.8 0.048 0.752
21 0.8 0.048 0.752
4 0.8 0.048 0.752
7 0.8 0.048 0.752
11 0.8 0.048 0.752
29 0.566316 0.048 0.518316
48 0.8 0.048 0.752
51 0.8 0.048 0.752
35 0.8 0.048 0.752
33 0.775177 0.048 0.727177
4 0.752 0.048 0.704
7 0.752 0.048 0.704
11 0.752 0.048 0.704
48 0.752 0.048 0.704
4 0.704 0.048 0.656
4 0.656 0.16 0.496
4 0.496 0.016 0.48
38 0.8 0.048 0.752
13 0.756444 0.048 0.708444
15 0.8 0.048 0.752
28 0.8 0.048 0.752
49 0.738406 0.048 0.690406
55 0.8 0.048 0.752
26 0.8 0.048 0.752
46 0.8 0.048 0.752
59 0.8 0.048 0.752
60 0.8 0.048 0.752
22 0.777762 0.048 0.729762
14 0.8 0.048 0.752
19 0.8 0.048 0.752
20 0.8 0.048 0.752
34 0.8 0.048 0.752
54 0.8 0.048 0.752
58 0.8 0.048 0.752
60 0.752 0.048 0.704
19 0.752 0.048 0.704
26 0.752 0.048 0.704
46 0.752 0.048 0.704
55 0.752 0.048 0.704
58 0.752 0.048 0.704
52 0.8 0.048 0.752
39 0.8 0.048 0.752
50 0.8 0.048 0.752
56 0.8 0.048 0.752
4 0.550359 0.048 0.502359
35 0.8 0.048 0.752
46 0.704 0.048 0.656
26 0.704 0.048 0.656
55 0.779621 0.048 0.731621
59 0.752 0.048 0.704
60 0.774882 0.048 0.726882
6 0.8 0.048 0.752
18 0.8 0.048 0.752
33 0.8 0.048 0.752
37 0.8 0.048 0.752
41 0.8 0.048 0.752
44 0.8 0.048 0.752
39 0.8 0.048 0.752
52 0.752 0.048 0.704
57 0.8 0.048 0.752
42 0.8 0.048 0.752
23 0.8 0.048 0.752
32 0.8 0.048 0.752
40 0.8 0.048 0.752
47 0.8 0.048 0.752
19 0.778113 0.048 0.730113
14 0.8 0.048 0.752
22 0.8 0.048 0.752
26 0.656 0.048 0.608
34 0.8 0.048 0.752
58 0.778947 0.048 0.730947
60 0.726882 0.048 0.678882
47 0.8 0.048 0.752
23 0.8 0.048 0.752
40 0.8 0.048 0.752
51 0.8 0.048 0.752
3 0.716733 0.048 0.668733
3 0.668733 0.048 0.620733
7 0.8 0.048 0.752
11 0.8 0.048 0.752
29 0.676378 0.048 0.628378
48 0.8 0.048 0.752
51 0.752 0.048 0.704
51 0.704 0.16 0.544
3 0.620733 0.16 0.460733
7 0.752 0.16 0.592
11 0.752 0.16 0.592
29 0.628378 0.16 0.468378
48 0.752 0.16 0.592
56 0.752 0.048 0.704
50 0.8 0.048 0.752
52 0.777283 0.048 0.729283
33 0.8 0.048 0.752
35 0.8 0.048 0.752
37 0.8 0.048 0.752
24 0.8 0.048 0.752
9 0.8 0.048 0.752
43 0.8 0.048 0.752
8 0.8 0.048 0.752
31 0.8 0.048 0.752
25 0.8 0.048 0.752
16 0.8 0.048 0.752
31 0.752 0.048 0.704
31 0.704 0.048 0.656
53 0.8 0.048 0.752
53 0.752 0.048 0.704
25 0.752 0.096 0.656
25 0.656 0.16 0.496
16 0.752 0.16 0.592
31 0.656 0.16 0.496
53 0.704 0.16 0.544
53 0.544 0.016 0.528
25 0.496 0.016 0.48
53 0.528 0.048 0.48
25 0.48 0.048 0.432
31 0.496 0.048 0.448
41 0.8 0.048 0.752
6 0.8 0.048 0.752
18 0.8 0.048 0.752
33 0.752 0.048 0.704
37 0.752 0.048 0.704
44 0.8 0.048 0.752
26 0.687923 0.048 0.639923
19 0.8 0.048 0.752
46 0.8 0.048 0.752
55 0.8 0.048 0.752
59 0.8 0.048 0.752
60 0.755988 0.048 0.707988
9 0.8 0.048 0.752
24 0.8 0.048 0.752
43 0.8 0.048 0.752
6 0.8 0.048 0.752
18 0.8 0.048 0.752
33 0.78255 0.048 0.73455
35 0.8 0.048 0.752
37 0.78372 0.048 0.73572
41 0.8 0.048 0.752
44 0.752 0.048 0.704
1 0.8 0.048 0.752
27 0.8 0.048 0.752
14 0.8 0.048 0.752
19 0.8 0.048 0.752
20 0.8 0.048 0.752
22 0.8 0.048 0.752
34 0.8 0.048 0.752
54 0.8 0.048 0.752
58 0.8 0.048 0.752
33 0.8 0.048 0.752
6 0.8 0.048 0.752
18 0.752 0.048 0.704
35 0.8 0.048 0.752
37 0.73572 0.048 0.68772
41 0.8 0.048 0.752
44 0.781252 0.048 0.733252
33 0.752 0.048 0.704
33 0.704 0.16 0.544
33 0.544 0.016 0.528
6 0.752 0.048 0.704
18 0.783922 0.048 0.735922
33 0.528 0.048 0.48
37 0.760312 0.048 0.712312
41 0.752 0.048 0.704
44 0.733252 0.048 0.685252
34 0.752 0.048 0.704
14 0.752 0.048 0.704
19 0.752 0.048 0.704
20 0.752 0.048 0.704
22 0.8 0.048 0.752
54 0.752 0.048 0.704
58 0.752 0.048 0.704
12 0.8 0.048 0.752
54 0.704 0.048 0.656
14 0.781358 0.048 0.733358
20 0.704 0.048 0.656
22 0.752 0.048 0.704
34 0.704 0.048 0.656
59 0.8 0.048 0.752
26 0.793322 0.048 0.745322
46 0.8 0.048 0.752
55 0.8 0.048 0.752
27 0.8 0.048 0.752
1 0.8 0.048 0.752
15 0.8 0.048 0.752
28 0.8 0.048 0.752
38 0.8 0.048 0.752
49 0.8 0.048 0.752
37 0.712312 0.048 0.664312
6 0.776781 0.048 0.728781
18 0.735922 0.048 0.687922
33 0.48 0.048 0.432
41 0.776094 0.048 0.728094
44 0.764782 0.048 0.716782
10 0.8 0.048 0.752
21 0.8 0.048 0.752
6 0.728781 0.048 0.680781
18 0.761348 0.048 0.713348
41 0.728094 0.048 0.680094
42 0.8 0.048 0.752
44 0.716782 0.048 0.668782
57 0.8 0.048 0.752
35 0.8 0.048 0.752
33 0.510194 0.048 0.462194
38 0.8 0.048 0.752
13 0.8 0.048 0.752
15 0.8 0.048 0.752
28 0.8 0.048 0.752
49 0.752 0.048 0.704
55 0.8 0.048 0.752
26 0.8 0.048 0.752
46 0.8 0.048 0.752
59 0.8 0.048 0.752
60 0.8 0.048 0.752
22 0.77681 0.048 0.72881
14 0.8 0.048 0.752
19 0.8 0.048 0.752
20 0.8 0.048 0.752
34 0.8 0.048 0.752
54 0.8 0.048 0.752
58 0.8 0.048 0.752
60 0.752 0.048 0.704
19 0.752 0.048 0.704
26 0.752 0.048 0.704
46 0.752 0.048 0.704
55 0.752 0.048 0.704
50 0.8 0.048 0.752
56 0.8 0.048 0.752
52 0.8 0.048 0.752
39 0.8 0.048 0.752
56 0.752 0.048 0.704
42 0.8 0.048 0.752
57 0.8 0.048 0.752
46 0.704 0.048 0.656
26 0.704 0.048 0.656
55 0.783014 0.048 0.735014
59 0.752 0.048 0.704
60 0.775807 0.048 0.727807
6 0.756186 0.048 0.708186
18 0.787949 0.048 0.739949
33 0.541367 0.048 0.493367
37 0.8 0.048 0.752
41 0.757894 0.048 0.709894
44 0.743303 0.048 0.695303
39 0.8 0.048 0.752
52 0.752 0.048 0.704
57 0.752 0.048 0.704
42 0.752 0.048 0.704
57 0.704 0.048 0.656
57 0.656 0.16 0.496
57 0.496 0.016 0.48
23 0.8 0.048 0.752
32 0.8 0.048 0.752
40 0.8 0.048 0.752
47 0.8 0.048 0.752
19 0.781794 0.048 0.733794
14 0.8 0.048 0.752
22 0.8 0.048 0.752
26 0.656 0.048 0.608
34 0.8 0.048 0.752
58 0.8 0.048 0.752
60 0.727807 0.048 0.679807
47 0.8 0.048 0.752
23 0.8 0.048 0.752
40 0.8 0.048 0.752
56 0.704 0.048 0.656
50 0.8 0.048 0.752
52 0.776021 0.048 0.728021
57 0.551124 0.048 0.503124
24 0.8 0.048 0.752
9 0.8 0.048 0.752
43 0.8 0.048 0.752
8 0.8 0.048 0.752
31 0.8 0.048 0.752
40 0.752 0.048 0.704
23 0.752 0.048 0.704
32 0.8 0.048 0.752
47 0.752 0.048 0.704
53 0.8 0.048 0.752
16 0.8 0.048 0.752
25 0.8 0.048 0.752
31 0.752 0.048 0.704
41 0.784038 0.048 0.736038
6 0.779406 0.048 0.731406
18 0.8 0.048 0.752
33 0.568433 0.048 0.520433
33 0.520433 0.048 0.472433
37 0.8 0.048 0.752
44 0.8 0.048 0.752
41 0.736038 0.048 0.688038
41 0.688038 0.16 0.528038
6 0.731406 0.16 0.571406
18 0.752 0.16 0.592
33 0.472433 0.16 0.312433
37 0.752 0.16 0.592
44 0.752 0.16 0.592
26 0.68707 0.048 0.63907
19 0.8 0.048 0.752
46 0.8 0.048 0.752
55 0.8 0.048 0.752
59 0.8 0.048 0.752
60 0.754616 0.048 0.706616
9 0.8 0.048 0.752
24 0.8 0.048 0.752
43 0.8 0.048 0.752
43 0.752 0.048 0.704
9 0.8 0.048 0.752
24 0.8 0.048 0.752
1 0.8 0.048 0.752
27 0.8 0.048 0.752
14 0.8 0.048 0.752
19 0.8 0.048 0.752
20 0.8 0.048 0.752
22 0.8 0.048 0.752
34 0.8 0.048 0.752
54 0.8 0.048 0.752
58 0.8 0.048 0.752
39 0.8 0.048 0.752
34 0.752 0.048 0.704
14 0.752 0.048 0.704
19 0.752 0.048 0.704
20 0.752 0.048 0.704
22 0.8 0.048 0.752
54 0.752 0.048 0.704
58 0.752 0.048 0.704
12 0.8 0.048 0.752
54 0.704 0.048 0.656
14 0.777809 0.048 0.729809
20 0.704 0.048 0.656
34 0.704 0.048 0.656
58 0.704 0.048 0.656
59 0.8 0.048 0.752
26 0.79266 0.048 0.74466
46 0.8 0.048 0.752
55 0.8 0.048 0.752
27 0.8 0.048 0.752
1 0.8 0.048 0.752
15 0.8 0.048 0.752
13 0.8 0.048 0.752
28 0.8 0.048 0.752
38 0.8 0.048 0.752
49 0.8 0.048 0.752
37 0.743727 0.048 0.695727
6 0.794945 0.048 0.746945
18 0.737397 0.048 0.689397
33 0.466709 0.048 0.418709
41 0.750486 0.048 0.702486
44 0.742153 0.048 0.694153
10 0.8 0.048 0.752
21 0.8 0.048 0.752
39 0.8 0.048 0.752
52 0.8 0.048 0.752
56 0.8 0.048 0.752
35 0.8 0.048 0.752
33 0.497785 0.048 0.449785
37 0.769864 0.048 0.721864
38 0.8 0.048 0.752
15 0.8 0.048 0.752
28 0.8 0.048 0.752
49 0.752 0.048 0.704
55 0.8 0.048 0.752
26 0.8 0.048 0.752
46 0.8 0.048 0.752
59 0.8 0.048 0.752
22 0.8 0.048 0.752
14 0.8 0.048 0.752
19 0.8 0.048 0.752
20 0.8 0.048 0.752
34 0.797936 0.048 0.749936
58 0.8 0.048 0.752
60 0.8 0.048 0.752
19 0.752 0.048 0.704
26 0.752 0.048 0.704
46 0.752 0.048 0.704
50 0.8 0.048 0.752
56 0.8 0.048 0.752
50 0.752 0.048 0.704
50 0.704 0.16 0.544
50 0.544 0.016 0.528
52 0.8 0.048 0.752
39 0.8 0.048 0.752
56 0.752 0.048 0.704
52 0.752 0.048 0.704
52 0.704 0.16 0.544
52 0.544 0.016 0.528
39 0.752 0.048 0.704
50 0.528 0.048 0.48
52 0.528 0.048 0.48
56 0.704 0.048 0.656
46 0.704 0.048 0.656
19 0.704 0.048 0.656
26 0.704 0.048 0.656
55 0.8 0.048 0.752
59 0.752 0.048 0.704
60 0.8 0.048 0.752
6 0.8 0.048 0.752
18 0.8 0.048 0.752
33 0.520449 0.048 0.472449
37 0.793548 0.048 0.745548
41 0.782114 0.048 0.734114
44 0.772522 0.048 0.724522
39 0.776026 0.048 0.728026
52 0.48 0.048 0.432
23 0.8 0.048 0.752
32 0.8 0.048 0.752
40 0.8 0.048 0.752
47 0.8 0.048 0.752
19 0.733887 0.048 0.685887
14 0.8 0.048 0.752
22 0.8 0.048 0.752
34 0.8 0.048 0.752
58 0.8 0.048 0.752
60 0.752 0.048 0.704
47 0.8 0.048 0.752
23 0.8 0.048 0.752
40 0.8 0.048 0.752
56 0.656 0.048 0.608
50 0.550412 0.048 0.502412
52 0.505967 0.048 0.457967
56 0.608 0.048 0.56
56 0.56 0.16 0.4
56 0.4 0.016 0.384
50 0.502412 0.048 0.454412
56 0.461955 0.048 0.413955
24 0.8 0.048 0.752
9 0.8 0.048 0.752
43 0.8 0.048 0.752
8 0.8 0.048 0.752
31 0.8 0.048 0.752
40 0.752 0.048 0.704
23 0.752 0.048 0.704
32 0.8 0.048 0.752
47 0.752 0.048 0.704
53 0.8 0.048 0.752
16 0.8 0.048 0.752
25 0.8 0.048 0.752
31 0.752 0.048 0.704
28 0.8 0.048 0.752
13 0.8 0.048 0.752
15 0.8 0.048 0.752
38 0.8 0.048 0.752
49 0.8 0.048 0.752
26 0.726264 0.048 0.678264
19 0.76235 0.048 0.71435
46 0.8 0.048 0.752
55 0.8 0.048 0.752
59 0.8 0.048 0.752
60 0.781658 0.048 0.733658
9 0.8 0.048 0.752
24 0.8 0.048 0.752
43 0.8 0.048 0.752
43 0.752 0.048 0.704
9 0.8 0.048 0.752
24 0.8 0.048 0.752
1 0.8 0.048 0.752
27 0.8 0.048 0.752
14 0.8 0.048 0.752
19 0.789387 0.048 0.741387
20 0.8 0.048 0.752
22 0.8 0.048 0.752
34 0.8 0.048 0.752
58 0.8 0.048 0.752
12 0.8 0.048 0.752
34 0.752 0.048 0.704
14 0.752 0.048 0.704
19 0.741387 0.048 0.693387
20 0.752 0.048 0.704
22 0.8 0.048 0.752
54 0.8 0.048 0.752
58 0.752 0.048 0.704
12 0.752 0.048 0.704
54 0.752 0.048 0.704
20 0.704 0.048 0.656
22 0.752 0.048 0.704
34 0.704 0.048 0.656
59 0.8 0.048 0.752
26 0.8 0.048 0.752
46 0.8 0.048 0.752
55 0.8 0.048 0.752
27 0.8 0.048 0.752
1 0.8 0.048 0.752
15 0.8 0.048 0.752
13 0.8 0.048 0.752
28 0.8 0.048 0.752
38 0.8 0.048 0.752
49 0.8 0.048 0.752
37 0.8 0.048 0.752
6 0.8 0.048 0.752
18 0.8 0.048 0.752
33 0.699915 0.048 0.651915
35 0.8 0.048 0.752
41 0.8 0.048 0.752
44 0.8 0.048 0.752
10 0.8 0.048 0.752
21 0.8 0.048 0.752
12 0.778428 0.048 0.730428
35 0.752 0.048 0.704
33 0.731884 0.048 0.683884
37 0.8 0.048 0.752
38 0.8 0.048 0.752
15 0.8 0.048 0.752
28 0.8 0.048 0.752
49 0.752 0.048 0.704
32 0.8 0.048 0.752
23 0.8 0.048 0.752
17 0.8 0.048 0.752
2 0.8 0.048 0.752
45 0.8 0.048 0.752
55 0.8 0.048 0.752
26 0.8 0.048 0.752
46 0.8 0.048 0.752
59 0.8 0.048 0.752
60 0.8 0.048 0.752
22 0.779476 0.048 0.731476
14 0.8 0.048 0.752
19 0.8 0.048 0.752
20 0.8 0.048 0.752
34 0.8 0.048 0.752
58 0.8 0.048 0.752
60 0.752 0.048 0.704
19 0.752 0.048 0.704
26 0.752 0.048 0.704
46 0.752 0.048 0.704
55 0.752 0.048 0.704
58 0.752 0.048 0.704
9 0.8 0.048 0.752
12 0.8 0.048 0.752
24 0.8 0.048 0.752
46 0.704 0.048 0.656
26 0.704 0.048 0.656
55 0.783987 0.048 0.735987
59 0.752 0.048 0.704
60 0.776957 0.048 0.728957
6 0.8 0.048 0.752
18 0.8 0.048 0.752
33 0.762006 0.048 0.714006
33 0.714006 0.048 0.666006
37 0.8 0.048 0.752
41 0.8 0.048 0.752
44 0.8 0.048 0.752
6 0.752 0.048 0.704
6 0.704 0.16 0.544
18 0.752 0.16 0.592
33 0.666006 0.16 0.506006
33 0.506006 0.016 0.490006
6 0.544 0.016 0.528
33 0.490006 0.048 0.442006
6 0.528 0.048 0.48
18 0.592 0.048 0.544
35 0.8 0.048 0.752
37 0.752 0.048 0.704
41 0.752 0.048 0.704
44 0.752 0.048 0.704
37 0.704 0.16 0.544
41 0.704 0.16 0.544
44 0.704 0.16 0.544
39 0.8 0.048 0.752
52 0.757005 0.048 0.709005
56 0.704094 0.048 0.656094
16 0.8 0.048 0.752
25 0.8 0.048 0.752
53 0.8 0.048 0.752
23 0.8 0.048 0.752
32 0.8 0.048 0.752
40 0.8 0.048 0.752
47 0.8 0.048 0.752
19 0.775615 0.048 0.727615
14 0.8 0.048 0.752
22 0.8 0.048 0.752
34 0.8 0.048 0.752
58 0.776493 0.048 0.728493
60 0.728957 0.048 0.680957
47 0.8 0.048 0.752
23 0.8 0.048 0.752
40 0.8 0.048 0.752
9 0.8 0.048 0.752
24 0.8 0.048 0.752
43 0.8 0.048 0.752
2 0.8 0.048 0.752
17 0.8 0.048 0.752
45 0.8 0.048 0.752
24 0.752 0.048 0.704
9 0.752 0.048 0.704
43 0.752 0.048 0.704
24 0.704 0.048 0.656
24 0.656 0.16 0.496
24 0.496 0.016 0.48
8 0.8 0.048 0.752
40 0.752 0.048 0.704
23 0.752 0.048 0.704
32 0.8 0.048 0.752
47 0.752 0.048 0.704
53 0.8 0.048 0.752
16 0.8 0.048 0.752
25 0.8 0.048 0.752
31 0.8 0.048 0.752
20 0.8 0.048 0.752
14 0.8 0.048 0.752
22 0.8 0.048 0.752
34 0.8 0.048 0.752
54 0.8 0.048 0.752
58 0.799744 0.048 0.751744
28 0.8 0.048 0.752
13 0.8 0.048 0.752
15 0.8 0.048 0.752
38 0.8 0.048 0.752
49 0.8 0.048 0.752
26 0.72775 0.048 0.67975
19 0.798106 0.048 0.750106
46 0.8 0.048 0.752
55 0.8 0.048 0.752
59 0.8 0.048 0.752
60 0.754256 0.048 0.706256
9 0.775156 0.048 0.727156
24 0.555563 0.048 0.507563
43 0.782814 0.048 0.734814
9 0.727156 0.048 0.679156
24 0.507563 0.048 0.459563
43 0.734814 0.048 0.686814
31 0.8 0.048 0.752
8 0.8 0.048 0.752
25 0.8 0.048 0.752
53 0.8 0.048 0.752
43 0.686814 0.048 0.638814
9 0.753716 0.048 0.705716
24 0.532379 0.048 0.484379
43 0.638814 0.048 0.590814
43 0.590814 0.16 0.430814
43 0.430814 0.016 0.414814
1 0.8 0.048 0.752
27 0.8 0.048 0.752
14 0.8 0.048 0.752
19 0.8 0.048 0.752
20 0.8 0.048 0.752
22 0.8 0.048 0.752
34 0.8 0.048 0.752
54 0.8 0.048 0.752
58 0.8 0.048 0.752
43 0.489437 0.048 0.441437
59 0.8 0.048 0.752
34 0.752 0.048 0.704
14 0.752 0.048 0.704
19 0.752 0.048 0.704
20 0.752 0.048 0.704
22 0.8 0.048 0.752
54 0.752 0.048 0.704
58 0.752 0.048 0.704
12 0.8 0.048 0.752
54 0.704 0.048 0.656
14 0.778929 0.048 0.730929
20 0.704 0.048 0.656
22 0.752 0.048 0.704
34 0.704 0.048 0.656
59 0.8 0.048 0.752
26 0.8 0.048 0.752
46 0.8 0.048 0.752
55 0.8 0.048 0.752
59 0.752 0.048 0.704
59 0.704 0.16 0.544
59 0.544 0.016 0.528
27 0.8 0.048 0.752
1 0.8 0.048 0.752
15 0.8 0.048 0.752
13 0.8 0.048 0.752
28 0.8 0.048 0.752
38 0.8 0.048 0.752
49 0.8 0.048 0.752
37 0.773002 0.048 0.725002
6 0.787836 0.048 0.739836
18 0.769706 0.048 0.721706
33 0.669148 0.048 0.621148
41 0.8 0.048 0.752
44 0.8 0.048 0.752
10 0.8 0.048 0.752
21 0.8 0.048 0.752
49 0.752 0.048 0.704
13 0.8 0.048 0.752
15 0.8 0.048 0.752
28 0.8 0.048 0.752
38 0.752 0.048 0.704
26 0.8 0.048 0.752
46 0.752 0.048 0.704
55 0.8 0.048 0.752
59 0.528 0.048 0.48
35 0.8 0.048 0.752
33 0.70098 0.048 0.65298
38 0.782626 0.048 0.734626
15 0.752 0.048 0.704
28 0.752 0.048 0.704
49 0.704 0.048 0.656
32 0.8 0.048 0.752
23 0.8 0.048 0.752
40 0.8 0.048 0.752
17 0.8 0.048 0.752
2 0.8 0.048 0.752
45 0.8 0.048 0.752
55 0.752 0.048 0.704
26 0.8 0.048 0.752
46 0.779403 0.048 0.731403
59 0.559209 0.048 0.511209
60 0.8 0.048 0.752
55 0.704 0.048 0.656
55 0.656 0.16 0.496
55 0.496 0.016 0.48
22 0.775342 0.048 0.727342
14 0.8 0.048 0.752
19 0.8 0.048 0.752
34 0.8 0.048 0.752
58 0.8 0.048 0.752
60 0.752 0.048 0.704
19 0.752 0.048 0.704
26 0.752 0.048 0.704
46 0.731403 0.048 0.683403
55 0.48 0.048 0.432
60 0.704 0.048 0.656
60 0.656 0.16 0.496
60 0.496 0.016 0.48
3 0.8 0.048 0.752
29 0.8 0.048 0.752
51 0.8 0.048 0.752
26 0.704 0.048 0.656
46 0.683403 0.048 0.635403
55 0.504966 0.048 0.456966
59 0.511209 0.048 0.463209
60 0.48 0.048 0.432
5 0.8 0.048 0.752
30 0.8 0.048 0.752
46 0.635403 0.048 0.587403
26 0.656 0.048 0.608
55 0.456966 0.048 0.408966
59 0.463209 0.048 0.415209
60 0.506038 0.048 0.458038
46 0.587403 0.048 0.539403
46 0.539403 0.16 0.379403
46 0.379403 0.016 0.363403
33 0.728247 0.048 0.680247
6 0.8 0.048 0.752
18 0.8 0.048 0.752
35 0.8 0.048 0.752
37 0.8 0.048 0.752
41 0.8 0.048 0.752
44 0.8 0.048 0.752
39 0.8 0.048 0.752
52 0.8 0.048 0.752
56 0.8 0.048 0.752
16 0.8 0.048 0.752
25 0.8 0.048 0.752
53 0.8 0.048 0.752
23 0.8 0.048 0.752
32 0.8 0.048 0.752
40 0.8 0.048 0.752
47 0.8 0.048 0.752
29 0.752 0.048 0.704
3 0.752 0.048 0.704
7 0.8 0.048 0.752
11 0.8 0.048 0.752
48 0.8 0.048 0.752
51 0.752 0.048 0.704
19 0.781356 0.048 0.733356
14 0.8 0.048 0.752
22 0.8 0.048 0.752
34 0.8 0.048 0.752
58 0.8 0.048 0.752
60 0.458038 0.048 0.410038
19 0.733356 0.048 0.685356
19 0.685356 0.16 0.525356
19 0.525356 0.016 0.509356
47 0.8 0.048 0.752
23 0.8 0.048 0.752
40 0.8 0.048 0.752
14 0.752 0.048 0.704
19 0.509356 0.048 0.461356
22 0.8 0.048 0.752
26 0.681673 0.048 0.633673
34 0.752 0.048 0.704
46 0.440622 0.048 0.392622
58 0.752 0.048 0.704
60 0.410038 0.048 0.362038
2 0.8 0.048 0.752
17 0.8 0.048 0.752
45 0.8 0.048 0.752
8 0.8 0.048 0.752
10 0.8 0.048 0.752
31 0.8 0.048 0.752
40 0.752 0.048 0.704
23 0.752 0.048 0.704
32 0.8 0.048 0.752
47 0.752 0.048 0.704
53 0.8 0.048 0.752
16 0.8 0.048 0.752
25 0.8 0.048 0.752
31 0.752 0.048 0.704
20 0.8 0.048 0.752
14 0.781859 0.048 0.733859
34 0.777751 0.048 0.729751
54 0.8 0.048 0.752
28 0.8 0.048 0.752
13 0.8 0.048 0.752
15 0.8 0.048 0.752
38 0.8 0.048 0.752
49 0.8 0.048 0.752
26 0.633673 0.048 0.585673
46 0.468467 0.048 0.420467
55 0.48711 0.048 0.43911
60 0.434902 0.048 0.386902
9 0.8 0.048 0.752
24 0.785283 0.048 0.737283
43 0.744179 0.048 0.696179
14 0.733859 0.048 0.685859
19 0.539562 0.048 0.491562
20 0.752 0.048 0.704
22 0.8 0.048 0.752
34 0.729751 0.048 0.681751
54 0.752 0.048 0.704
58 0.778646 0.048 0.730646
60 0.386902 0.048 0.338902
31 0.775013 0.048 0.727013
16 0.8 0.048 0.752
25 0.8 0.048 0.752
53 0.8 0.048 0.752
1 0.8 0.048 0.752
27 0.8 0.048 0.752
36 0.8 0.048 0.752
14 0.757293 0.048 0.709293
19 0.562253 0.048 0.514253
20 0.783107 0.048 0.735107
22 0.752 0.048 0.704
34 0.756104 0.048 0.708104
54 0.778293 0.048 0.730293
58 0.8 0.048 0.752
14 0.709293 0.048 0.661293
14 0.661293 0.16 0.501293
14 0.501293 0.016 0.485293
14 0.485293 0.048 0.437293
20 0.735107 0.048 0.687107
22 0.782695 0.048 0.734695
34 0.708104 0.048 0.660104
54 0.730293 0.048 0.682293
34 0.660104 0.048 0.612104
14 0.437293 0.048 0.389293
19 0.514253 0.048 0.466253
20 0.687107 0.048 0.639107
22 0.734695 0.048 0.686695
54 0.682293 0.048 0.634293
58 0.752 0.048 0.704
34 0.612104 0.048 0.564104
34 0.564104 0.16 0.404104
34 0.404104 0.016 0.388104
12 0.8 0.048 0.752
54 0.634293 0.048 0.586293
14 0.464994 0.048 0.416994
20 0.639107 0.048 0.591107
34 0.388104 0.048 0.340104
54 0.586293 0.048 0.538293
54 0.538293 0.16 0.378293
54 0.378293 0.016 0.362293
27 0.8 0.048 0.752
1 0.8 0.048 0.752
15 0.8 0.048 0.752
13 0.8 0.048 0.752
28 0.8 0.048 0.752
38 0.8 0.048 0.752
49 0.8 0.048 0.752
37 0.8 0.048 0.752
6 0.8 0.048 0.752
18 0.8 0.048 0.752
33 0.8 0.048 0.752
41 0.8 0.048 0.752
44 0.8 0.048 0.752
10 0.8 0.048 0.752
21 0.8 0.048 0.752
49 0.752 0.048 0.704
13 0.8 0.048 0.752
15 0.8 0.048 0.752
28 0.8 0.048 0.752
38 0.752 0.048 0.704
20 0.668209 0.048 0.620209
54 0.438261 0.048 0.390261
35 0.8 0.048 0.752
33 0.8 0.048 0.752
38 0.780195 0.048 0.732195
15 0.752 0.048 0.704
28 0.752 0.048 0.704
49 0.704 0.048 0.656
32 0.8 0.048 0.752
23 0.8 0.048 0.752
17 0.8 0.048 0.752
2 0.8 0.048 0.752
45 0.8 0.048 0.752
22 0.765992 0.048 0.717992
14 0.495032 0.048 0.447032
19 0.615082 0.048 0.567082
19 0.567082 0.048 0.519082
20 0.69663 0.048 0.64863
34 0.487798 0.048 0.439798
54 0.468038 0.048 0.420038
58 0.8 0.048 0.752
22 0.717992 0.048 0.669992
22 0.669992 0.16 0.509992
14 0.447032 0.16 0.287032
19 0.519082 0.16 0.359082
20 0.64863 0.16 0.48863
34 0.439798 0.16 0.279798
54 0.420038 0.16 0.260038
58 0.752 0.16 0.592
3 0.8 0.048 0.752
29 0.8 0.048 0.752
51 0.8 0.048 0.752
10 0.8 0.048 0.752
5 0.8 0.048 0.752
30 0.8 0.048 0.752
33 0.8 0.048 0.752
6 0.8 0.048 0.752
18 0.8 0.048 0.752
35 0.8 0.048 0.752
37 0.8 0.048 0.752
41 0.8 0.048 0.752
44 0.8 0.048 0.752
39 0.8 0.048 0.752
52 0.8 0.048 0.752
16 0.8 0.048 0.752
25 0.8 0.048 0.752
31 0.8 0.048 0.752
53 0.8 0.048 0.752
23 0.8 0.048 0.752
32 0.8 0.048 0.752
40 0.8 0.048 0.752
47 0.8 0.048 0.752
29 0.752 0.048 0.704
3 0.752 0.048 0.704
7 0.8 0.048 0.752
11 0.8 0.048 0.752
48 0.8 0.048 0.752
51 0.752 0.048 0.704
47 0.8 0.048 0.752
23 0.8 0.048 0.752
40 0.8 0.048 0.752
8 0.8 0.048 0.752
10 0.8 0.048 0.752
2 0.8 0.048 0.752
45 0.8 0.048 0.752
8 0.8 0.048 0.752
8 0.752 0.048 0.704
8 0.704 0.16 0.544
8 0.544 0.016 0.528
40 0.752 0.048 0.704
23 0.752 0.048 0.704
32 0.8 0.048 0.752
47 0.752 0.048 0.704
53 0.8 0.048 0.752
16 0.8 0.048 0.752
25 0.8 0.048 0.752
31 0.8 0.048 0.752
20 0.63735 0.048 0.58935
14 0.444274 0.048 0.396274
34 0.426876 0.048 0.378876
54 0.416242 0.048 0.368242
58 0.741424 0.048 0.693424
28 0.8 0.048 0.752
13 0.8 0.048 0.752
15 0.8 0.048 0.752
38 0.8 0.048 0.752
49 0.8 0.048 0.752
26 0.8 0.048 0.752
46 0.8 0.048 0.752
55 0.8 0.048 0.752
55 0.752 0.048 0.704
59 0.8 0.048 0.752
59 0.752 0.048 0.704
60 0.71511 0.048 0.66711
26 0.752 0.096 0.656
26 0.656 0.16 0.496
46 0.752 0.16 0.592
55 0.704 0.16 0.544
59 0.704 0.16 0.544
59 0.544 0.016 0.528
26 0.496 0.016 0.48
59 0.528 0.048 0.48
26 0.48 0.048 0.432
46 0.592 0.048 0.544
55 0.544 0.048 0.496
60 0.66711 0.16 0.50711
9 0.8 0.048 0.752
24 0.8 0.048 0.752
43 0.8 0.048 0.752
8 0.528 0.048 0.48
10 0.8 0.048 0.752
31 0.8 0.048 0.752
53 0.8 0.048 0.752
31 0.752 0.048 0.704
31 0.704 0.16 0.544
31 0.544 0.016 0.528
1 0.8 0.048 0.752
27 0.8 0.048 0.752
36 0.8 0.048 0.752
8 0.556961 0.048 0.508961
31 0.598223 0.048 0.550223
53 0.8 0.048 0.752
12 0.8 0.048 0.752
27 0.8 0.048 0.752
1 0.8 0.048 0.752
15 0.8 0.048 0.752
13 0.8 0.048 0.752
28 0.8 0.048 0.752
38 0.8 0.048 0.752
49 0.8 0.048 0.752
37 0.8 0.048 0.752
6 0.8 0.048 0.752
18 0.8 0.048 0.752
33 0.8 0.048 0.752
35 0.8 0.048 0.752
41 0.8 0.048 0.752
44 0.8 0.048 0.752
10 0.8 0.048 0.752
8 0.582837 0.048 0.534837
21 0.8 0.048 0.752
49 0.752 0.048 0.704
13 0.8 0.048 0.752
15 0.8 0.048 0.752
28 0.8 0.048 0.752
38 0.752 0.048 0.704
16 0.8 0.048 0.752
25 0.8 0.048 0.752
31 0.622772 0.048 0.574772
53 0.8 0.048 0.752
35 0.752 0.048 0.704
33 0.8 0.048 0.752
37 0.8 0.048 0.752
38 0.775713 0.048 0.727713
15 0.752 0.048 0.704
28 0.752 0.048 0.704
49 0.704 0.048 0.656
32 0.8 0.048 0.752
23 0.8 0.048 0.752
40 0.8 0.048 0.752
17 0.8 0.048 0.752
45 0.8 0.048 0.752
3 0.8 0.048 0.752
29 0.8 0.048 0.752
51 0.8 0.048 0.752
5 0.8 0.048 0.752
16 0.8 0.048 0.752
25 0.8 0.048 0.752
30 0.8 0.048 0.752
53 0.8 0.048 0.752
5 0.752 0.048 0.704
30 0.752 0.048 0.704
5 0.704 0.048 0.656
5 0.656 0.16 0.496
5 0.496 0.016 0.48
33 0.8 0.048 0.752
6 0.8 0.048 0.752
18 0.8 0.048 0.752
35 0.8 0.048 0.752
37 0.8 0.048 0.752
41 0.8 0.048 0.752
44 0.8 0.048 0.752
39 0.8 0.048 0.752
52 0.8 0.048 0.752
56 0.8 0.048 0.752
16 0.752 0.048 0.704
25 0.752 0.048 0.704
53 0.752 0.048 0.704
16 0.704 0.048 0.656
16 0.656 0.16 0.496
16 0.496 0.016 0.48
23 0.8 0.048 0.752
32 0.8 0.048 0.752
40 0.8 0.048 0.752
47 0.8 0.048 0.752
29 0.752 0.048 0.704
3 0.752 0.048 0.704
7 0.8 0.048 0.752
11 0.8 0.048 0.752
48 0.8 0.048 0.752
51 0.752 0.048 0.704
47 0.8 0.048 0.752
23 0.8 0.048 0.752
40 0.8 0.048 0.752
5 0.553812 0.048 0.505812
30 0.777352 0.048 0.729352
2 0.8 0.048 0.752
45 0.8 0.048 0.752
40 0.752 0.048 0.704
23 0.752 0.048 0.704
32 0.8 0.048 0.752
47 0.752 0.048 0.704
53 0.778398 0.048 0.730398
16 0.626478 0.048 0.578478
25 0.775219 0.048 0.727219
31 0.724247 0.048 0.676247
31 0.676247 0.048 0.628247
53 0.730398 0.048 0.682398
53 0.682398 0.16 0.522398
16 0.578478 0.16 0.418478
31 0.628247 0.16 0.468247
20 0.8 0.048 0.752
14 0.776139 0.048 0.728139
14 0.728139 0.048 0.680139
19 0.8 0.048 0.752
19 0.752 0.048 0.704
22 0.8 0.048 0.752
34 0.746495 0.048 0.698495
34 0.698495 0.048 0.650495
54 0.729487 0.048 0.681487
20 0.752 0.144 0.608
20 0.608 0.16 0.448
14 0.680139 0.16 0.520139
19 0.704 0.16 0.544
19 0.544 0.016 0.528
20 0.448 0.016 0.432
19 0.528 0.048 0.48
14 0.520139 0.048 0.472139
20 0.432 0.048 0.384
22 0.752 0.048 0.704
34 0.650495 0.048 0.602495
58 0.8 0.048 0.752
22 0.704 0.16 0.544
34 0.602495 0.16 0.442495
54 0.681487 0.16 0.521487
28 0.8 0.048 0.752
13 0.8 0.048 0.752
15 0.8 0.048 0.752
38 0.8 0.048 0.752
49 0.8 0.048 0.752
59 0.8 0.048 0.752
46 0.8 0.048 0.752
55 0.8 0.048 0.752
9 0.8 0.048 0.752
24 0.8 0.048 0.752
43 0.8 0.048 0.752
5 0.575836 0.048 0.527836
21 0.8 0.048 0.752
30 0.8 0.048 0.752
1 0.8 0.048 0.752
27 0.8 0.048 0.752
36 0.8 0.048 0.752
21 0.8 0.048 0.752
12 0.8 0.048 0.752
27 0.8 0.048 0.752
1 0.8 0.048 0.752
36 0.752 0.048 0.704
15 0.8 0.048 0.752
13 0.8 0.048 0.752
28 0.8 0.048 0.752
38 0.8 0.048 0.752
49 0.8 0.048 0.752
37 0.8 0.048 0.752
6 0.8 0.048 0.752
18 0.8 0.048 0.752
33 0.8 0.048 0.752
35 0.8 0.048 0.752
41 0.8 0.048 0.752
44 0.8 0.048 0.752
10 0.8 0.048 0.752
21 0.752 0.048 0.704
21 0.704 0.048 0.656
21 0.656 0.16 0.496
21 0.496 0.016 0.48
49 0.752 0.048 0.704
13 0.8 0.048 0.752
15 0.8 0.048 0.752
28 0.8 0.048 0.752
38 0.752 0.048 0.704
21 0.550844 0.048 0.502844
47 0.8 0.048 0.752
35 0.752 0.048 0.704
33 0.8 0.048 0.752
37 0.8 0.048 0.752
38 0.777222 0.048 0.729222
15 0.752 0.048 0.704
28 0.752 0.048 0.704
49 0.704 0.048 0.656
32 0.8 0.048 0.752
23 0.8 0.048 0.752
40 0.8 0.048 0.752
17 0.8 0.048 0.752
45 0.8 0.048 0.752
3 0.8 0.048 0.752
29 0.8 0.048 0.752
51 0.8 0.048 0.752
23 0.8 0.048 0.752
40 0.8 0.048 0.752
47 0.8 0.048 0.752
33 0.8 0.048 0.752
6 0.8 0.048 0.752
18 0.8 0.048 0.752
35 0.8 0.048 0.752
37 0.8 0.048 0.752
41 0.8 0.048 0.752
44 0.8 0.048 0.752
39 0.8 0.048 0.752
52 0.8 0.048 0.752
23 0.752 0.048 0.704
32 0.8 0.048 0.752
40 0.752 0.048 0.704
47 0.752 0.048 0.704
23 0.704 0.048 0.656
23 0.656 0.16 0.496
23 0.496 0.016 0.48
29 0.752 0.048 0.704
4 0.8 0.048 0.752
7 0.8 0.048 0.752
11 0.8 0.048 0.752
48 0.8 0.048 0.752
51 0.752 0.048 0.704
47 0.779793 0.048 0.731793
23 0.551402 0.048 0.503402
40 0.782601 0.048 0.734601
47 0.731793 0.048 0.683793
47 0.683793 0.16 0.523793
47 0.523793 0.016 0.507793
23 0.503402 0.048 0.455402
32 0.8 0.048 0.752
40 0.734601 0.048 0.686601
47 0.507793 0.048 0.459793
2 0.8 0.048 0.752
45 0.8 0.048 0.752
40 0.686601 0.048 0.638601
23 0.455402 0.048 0.407402
32 0.752 0.048 0.704
47 0.459793 0.048 0.411793
40 0.638601 0.048 0.590601
40 0.590601 0.16 0.430601
40 0.430601 0.016 0.414601
19 0.8 0.048 0.752
14 0.8 0.048 0.752
22 0.8 0.048 0.752
34 0.8 0.048 0.752
58 0.8 0.048 0.752
60 0.8 0.048 0.752
28 0.8 0.048 0.752
13 0.8 0.048 0.752
15 0.8 0.048 0.752
38 0.8 0.048 0.752
49 0.8 0.048 0.752
59 0.8 0.048 0.752
46 0.8 0.048 0.752
55 0.8 0.048 0.752
9 0.8 0.048 0.752
24 0.8 0.048 0.752
43 0.8 0.048 0.752
23 0.480202 0.048 0.432202
32 0.776651 0.048 0.728651
40 0.494577 0.048 0.446577
1 0.8 0.048 0.752
27 0.8 0.048 0.752
32 0.8 0.048 0.752
38 0.8 0.048 0.752
12 0.8 0.048 0.752
27 0.8 0.048 0.752
1 0.8 0.048 0.752
15 0.8 0.048 0.752
13 0.8 0.048 0.752
28 0.8 0.048 0.752
38 0.8 0.048 0.752
49 0.8 0.048 0.752
15 0.752 0.048 0.704
15 0.704 0.16 0.544
15 0.544 0.016 0.528
37 0.8 0.048 0.752
6 0.8 0.048 0.752
18 0.8 0.048 0.752
33 0.8 0.048 0.752
35 0.8 0.048 0.752
41 0.8 0.048 0.752
44 0.8 0.048 0.752
10 0.8 0.048 0.752
8 0.8 0.048 0.752
49 0.752 0.048 0.704
13 0.8 0.048 0.752
15 0.601744 0.048 0.553744
28 0.8 0.048 0.752
38 0.752 0.048 0.704
49 0.704 0.048 0.656
49 0.656 0.16 0.496
49 0.496 0.016 0.48
13 0.752 0.048 0.704
15 0.553744 0.048 0.505744
28 0.752 0.048 0.704
38 0.704 0.048 0.656
49 0.48 0.048 0.432
35 0.752 0.048 0.704
33 0.8 0.048 0.752
37 0.8 0.048 0.752
38 0.731573 0.048 0.683573
15 0.505744 0.048 0.457744
28 0.704 0.048 0.656
49 0.432 0.048 0.384
38 0.683573 0.048 0.635573
38 0.635573 0.16 0.475573
38 0.475573 0.016 0.459573
32 0.8 0.048 0.752
23 0.574858 0.048 0.526858
23 0.526858 0.048 0.478858
40 0.599128 0.048 0.551128
40 0.551128 0.048 0.503128
32 0.752 0.096 0.656
32 0.656 0.16 0.496
23 0.478858 0.16 0.318858
40 0.503128 0.16 0.343128
17 0.8 0.048 0.752
45 0.8 0.048 0.752
3 0.8 0.048 0.752
29 0.8 0.048 0.752
51 0.8 0.048 0.752
13 0.783454 0.048 0.735454
15 0.533319 0.048 0.485319
28 0.727025 0.048 0.679025
38 0.459573 0.048 0.411573
49 0.463694 0.048 0.415694
33 0.8 0.048 0.752
6 0.8 0.048 0.752
18 0.8 0.048 0.752
35 0.8 0.048 0.752
37 0.8 0.048 0.752
41 0.8 0.048 0.752
44 0.8 0.048 0.752
39 0.8 0.048 0.752
52 0.8 0.048 0.752
56 0.8 0.048 0.752
29 0.752 0.048 0.704
4 0.8 0.048 0.752
7 0.8 0.048 0.752
11 0.8 0.048 0.752
48 0.8 0.048 0.752
51 0.752 0.048 0.704
13 0.8 0.048 0.752
15 0.555355 0.048 0.507355
28 0.750233 0.048 0.702233
36 0.8 0.048 0.752
49 0.493733 0.048 0.445733
2 0.8 0.048 0.752
45 0.8 0.048 0.752
19 0.8 0.048 0.752
14 0.8 0.048 0.752
22 0.8 0.048 0.752
34 0.8 0.048 0.752
58 0.8 0.048 0.752
28 0.702233 0.048 0.654233
13 0.8 0.048 0.752
15 0.507355 0.048 0.459355
38 0.565156 0.048 0.517156
38 0.517156 0.048 0.469156
49 0.518565 0.048 0.470565
28 0.654233 0.048 0.606233
28 0.606233 0.16 0.446233
13 0.752 0.16 0.592
15 0.459355 0.16 0.299355
38 0.469156 0.16 0.309156
49 0.470565 0.16 0.310565
59 0.8 0.048 0.752
26 0.8 0.048 0.752
55 0.8 0.048 0.752
9 0.8 0.048 0.752
24 0.8 0.048 0.752
43 0.8 0.048 0.752
1 0.8 0.048 0.752
27 0.8 0.048 0.752
36 0.8 0.048 0.752
1 0.8 0.048 0.752
27 0.8 0.048 0.752
36 0.8 0.048 0.752
1 0.752 0.048 0.704
1 0.704 0.16 0.544
1 0.544 0.016 0.528
1 0.528 0.048 0.48
27 0.752 0.048 0.704
36 0.752 0.048 0.704
12 0.8 0.048 0.752
27 0.77415 0.048 0.72615
1 0.555022 0.048 0.507022
36 0.704 0.048 0.656
27 0.72615 0.048 0.67815
27 0.67815 0.16 0.51815
27 0.51815 0.016 0.50215
37 0.8 0.048 0.752
6 0.8 0.048 0.752
18 0.8 0.048 0.752
33 0.8 0.048 0.752
35 0.8 0.048 0.752
41 0.8 0.048 0.752
44 0.8 0.048 0.752
10 0.8 0.048 0.752
8 0.8 0.048 0.752
1 0.507022 0.048 0.459022
27 0.50215 0.048 0.45415
35 0.752 0.048 0.704
33 0.8 0.048 0.752
37 0.8 0.048 0.752
17 0.8 0.048 0.752
45 0.8 0.048 0.752
3 0.8 0.048 0.752
48 0.8 0.048 0.752
51 0.8 0.048 0.752
17 0.752 0.048 0.704
33 0.8 0.048 0.752
6 0.8 0.048 0.752
18 0.8 0.048 0.752
35 0.8 0.048 0.752
37 0.8 0.048 0.752
41 0.8 0.048 0.752
44 0.8 0.048 0.752
39 0.8 0.048 0.752
52 0.8 0.048 0.752
56 0.8 0.048 0.752
29 0.8 0.048 0.752
4 0.8 0.048 0.752
7 0.8 0.048 0.752
11 0.8 0.048 0.752
48 0.8 0.048 0.752
51 0.752 0.048 0.704
17 0.777923 0.048 0.729923
45 0.8 0.048 0.752
2 0.8 0.048 0.752
45 0.752 0.048 0.704
19 0.8 0.048 0.752
14 0.8 0.048 0.752
22 0.8 0.048 0.752
34 0.8 0.048 0.752
58 0.8 0.048 0.752
59 0.8 0.048 0.752
26 0.8 0.048 0.752
46 0.8 0.048 0.752
55 0.8 0.048 0.752
60 0.8 0.048 0.752
9 0.8 0.048 0.752
24 0.8 0.048 0.752
43 0.8 0.048 0.752
2 0.8 0.048 0.752
17 0.8 0.048 0.752
45 0.777032 0.048 0.729032
2 0.8 0.048 0.752
3 0.8 0.048 0.752
12 0.8 0.048 0.752
9 0.8 0.048 0.752
37 0.8 0.048 0.752
6 0.8 0.048 0.752
18 0.8 0.048 0.752
33 0.8 0.048 0.752
35 0.8 0.048 0.752
41 0.8 0.048 0.752
44 0.8 0.048 0.752
10 0.8 0.048 0.752
8 0.8 0.048 0.752
3 0.8 0.048 0.752
35 0.752 0.048 0.704
33 0.8 0.048 0.752
37 0.8 0.048 0.752
17 0.8 0.048 0.752
45 0.8 0.048 0.752
3 0.8 0.048 0.752
3 0.752 0.048 0.704
3 0.704 0.16 0.544
3 0.544 0.016 0.528
3 0.528 0.048 0.48
7 0.8 0.048 0.752
11 0.8 0.048 0.752
29 0.8 0.048 0.752
48 0.8 0.048 0.752
51 0.8 0.048 0.752
33 0.8 0.048 0.752
6 0.8 0.048 0.752
18 0.8 0.048 0.752
35 0.8 0.048 0.752
37 0.8 0.048 0.752
41 0.8 0.048 0.752
44 0.8 0.048 0.752
39 0.8 0.048 0.752
52 0.8 0.048 0.752
56 0.8 0.048 0.752
29 0.752 0.048 0.704
4 0.8 0.048 0.752
4 0.752 0.048 0.704
7 0.752 0.048 0.704
11 0.8 0.048 0.752
48 0.8 0.048 0.752
51 0.752 0.048 0.704
29 0.704 0.096 0.608
29 0.608 0.16 0.448
29 0.448 0.016 0.432
4 0.704 0.048 0.656
7 0.781773 0.048 0.733773
11 0.752 0.048 0.704
29 0.511887 0.048 0.463887
48 0.752 0.048 0.704
51 0.77502 0.048 0.72702
2 0.8 0.048 0.752
45 0.8 0.048 0.752
19 0.8 0.048 0.752
14 0.8 0.048 0.752
20 0.8 0.048 0.752
22 0.8 0.048 0.752
26 0.8 0.048 0.752
26 0.752 0.048 0.704
34 0.8 0.048 0.752
58 0.8 0.048 0.752
60 0.8 0.048 0.752
19 0.752 0.048 0.704
19 0.704 0.16 0.544
14 0.752 0.16 0.592
22 0.752 0.16 0.592
26 0.704 0.16 0.544
26 0.544 0.016 0.528
19 0.544 0.016 0.528
26 0.528 0.048 0.48
19 0.528 0.048 0.48
46 0.8 0.048 0.752
55 0.8 0.048 0.752
55 0.752 0.048 0.704
58 0.752 0.048 0.704
60 0.752 0.048 0.704
26 0.48 0.048 0.432
26 0.432 0.16 0.272
34 0.752 0.16 0.592
58 0.704 0.16 0.544
60 0.704 0.16 0.544
46 0.752 0.16 0.592
55 0.704 0.16 0.544
55 0.544 0.016 0.528
26 0.272 0.016 0.256
55 0.528 0.048 0.48
26 0.256 0.048 0.208
46 0.592 0.048 0.544
59 0.8 0.048 0.752
60 0.544 0.048 0.496
58 0.544 0.16 0.384
60 0.496 0.16 0.336
59 0.752 0.048 0.704
46 0.544 0.048 0.496
55 0.48 0.048 0.432
9 0.8 0.048 0.752
24 0.8 0.048 0.752
43 0.8 0.048 0.752
4 0.727301 0.048 0.679301
7 0.8 0.048 0.752
11 0.782165 0.048 0.734165
29 0.540691 0.048 0.492691
48 0.779958 0.048 0.731958
7 0.8 0.048 0.752
35 0.8 0.048 0.752
12 0.8 0.048 0.752
37 0.8 0.048 0.752
33 0.8 0.048 0.752
35 0.8 0.048 0.752
44 0.8 0.048 0.752
37 0.752 0.048 0.704
37 0.704 0.16 0.544
37 0.544 0.016 0.528
10 0.8 0.048 0.752
8 0.8 0.048 0.752
33 0.8 0.048 0.752
35 0.752 0.048 0.704
37 0.598399 0.048 0.550399
35 0.704 0.048 0.656
33 0.752 0.048 0.704
37 0.550399 0.048 0.502399
35 0.656 0.048 0.608
35 0.608 0.16 0.448
35 0.448 0.016 0.432
17 0.8 0.048 0.752
45 0.8 0.048 0.752
6 0.8 0.048 0.752
18 0.8 0.048 0.752
33 0.774876 0.048 0.726876
35 0.506356 0.048 0.458356
37 0.576672 0.048 0.528672
41 0.8 0.048 0.752
44 0.8 0.048 0.752
33 0.726876 0.048 0.678876
6 0.752 0.048 0.704
18 0.752 0.048 0.704
35 0.533886 0.048 0.485886
37 0.528672 0.048 0.480672
41 0.752 0.048 0.704
44 0.752 0.048 0.704
33 0.678876 0.048 0.630876
33 0.630876 0.16 0.470876
33 0.470876 0.016 0.454876
39 0.8 0.048 0.752
52 0.8 0.048 0.752
56 0.8 0.048 0.752
6 0.778667 0.048 0.730667
18 0.783201 0.048 0.735201
33 0.528728 0.048 0.480728
37 0.558334 0.048 0.510334
41 0.775392 0.048 0.727392
42 0.8 0.048 0.752
44 0.783488 0.048 0.735488
57 0.8 0.048 0.752
2 0.8 0.048 0.752
45 0.8 0.048 0.752
55 0.8 0.048 0.752
26 0.583207 0.048 0.535207
46 0.8 0.048 0.752
59 0.8 0.048 0.752
60 0.708322 0.048 0.660322
59 0.752 0.048 0.704
46 0.752 0.048 0.704
55 0.752 0.048 0.704
9 0.8 0.048 0.752
24 0.8 0.048 0.752
43 0.8 0.048 0.752
6 0.8 0.048 0.752
18 0.8 0.048 0.752
41 0.8 0.048 0.752
42 0.8 0.048 0.752
57 0.8 0.048 0.752
42 0.8 0.048 0.752
57 0.8 0.048 0.752
12 0.8 0.048 0.752
10 0.8 0.048 0.752
8 0.8 0.048 0.752
17 0.8 0.048 0.752
45 0.8 0.048 0.752
39 0.8 0.048 0.752
39 0.8 0.048 0.752
52 0.8 0.048 0.752
56 0.8 0.048 0.752
56 0.752 0.048 0.704
39 0.752 0.048 0.704
39 0.704 0.16 0.544
56 0.704 0.16 0.544
56 0.544 0.016 0.528
39 0.544 0.016 0.528
56 0.528 0.048 0.48
39 0.528 0.048 0.48
50 0.8 0.048 0.752
52 0.752 0.048 0.704
39 0.48 0.048 0.432
52 0.783207 0.048 0.735207
56 0.552112 0.048 0.504112
2 0.8 0.048 0.752
45 0.8 0.048 0.752
55 0.8 0.048 0.752
26 0.8 0.048 0.752
46 0.8 0.048 0.752
59 0.8 0.048 0.752
60 0.8 0.048 0.752
59 0.752 0.048 0.704
46 0.752 0.048 0.704
55 0.752 0.048 0.704
9 0.8 0.048 0.752
24 0.8 0.048 0.752
43 0.8 0.048 0.752
39 0.508954 0.048 0.460954
50 0.8 0.048 0.752
52 0.8 0.048 0.752
56 0.574361 0.048 0.526361
50 0.8 0.048 0.752
52 0.8 0.048 0.752
56 0.599624 0.048 0.551624
12 0.8 0.048 0.752
9 0.8 0.048 0.752
10 0.8 0.048 0.752
8 0.8 0.048 0.752
50 0.8 0.048 0.752
17 0.8 0.048 0.752
45 0.8 0.048 0.752
56 0.703534 0.048 0.655534
39 0.757994 0.048 0.709994
50 0.8 0.048 0.752
52 0.8 0.048 0.752
12 0.8 0.048 0.752
2 0.8 0.048 0.752
45 0.8 0.048 0.752
55 0.8 0.048 0.752
26 0.8 0.048 0.752
46 0.8 0.048 0.752
59 0.8 0.048 0.752
60 0.8 0.048 0.752
59 0.752 0.048 0.704
46 0.752 0.048 0.704
55 0.752 0.048 0.704
9 0.8 0.048 0.752
24 0.8 0.048 0.752
43 0.8 0.048 0.752
12 0.8 0.048 0.752
9 0.8 0.048 0.752
12 0.8 0.048 0.752
24 0.8 0.048 0.752
43 0.8 0.048 0.752
12 0.752 0.048 0.704
12 0.704 0.048 0.656
12 0.656 0.16 0.496
12 0.496 0.016 0.48
10 0.8 0.048 0.752
8 0.8 0.048 0.752
9 0.8 0.048 0.752
24 0.8 0.048 0.752
43 0.8 0.048 0.752
17 0.8 0.048 0.752
45 0.8 0.048 0.752
9 0.8 0.048 0.752
24 0.8 0.048 0.752
43 0.8 0.048 0.752
56 0.8 0.048 0.752
39 0.8 0.048 0.752
50 0.8 0.048 0.752
52 0.8 0.048 0.752
46 0.8 0.048 0.752
59 0.8 0.048 0.752
2 0.8 0.048 0.752
45 0.8 0.048 0.752
55 0.8 0.048 0.752
26 0.8 0.048 0.752
46 0.8 0.048 0.752
59 0.8 0.048 0.752
60 0.8 0.048 0.752
55 0.752 0.048 0.704
55 0.704 0.16 0.544
55 0.544 0.016 0.528
59 0.752 0.048 0.704
46 0.752 0.048 0.704
55 0.528 0.048 0.48
59 0.704 0.048 0.656
59 0.656 0.16 0.496
59 0.496 0.016 0.48
9 0.8 0.048 0.752
24 0.8 0.048 0.752
43 0.8 0.048 0.752
26 0.8 0.048 0.752
46 0.704 0.048 0.656
55 0.554481 0.048 0.506481
59 0.48 0.048 0.432
60 0.752 0.048 0.704
19 0.8 0.048 0.752
22 0.8 0.048 0.752
26 0.8 0.048 0.752
46 0.731881 0.048 0.683881
55 0.583333 0.048 0.535333
58 0.8 0.048 0.752
60 0.779899 0.048 0.731899
10 0.8 0.048 0.752
8 0.8 0.048 0.752
14 0.8 0.048 0.752
19 0.8 0.048 0.752
20 0.8 0.048 0.752
22 0.8 0.048 0.752
26 0.8 0.048 0.752
34 0.8 0.048 0.752
54 0.8 0.048 0.752
55 0.608251 0.048 0.560251
58 0.8 0.048 0.752
60 0.8 0.048 0.752
17 0.8 0.048 0.752
45 0.8 0.048 0.752
14 0.8 0.048 0.752
19 0.8 0.048 0.752
20 0.8 0.048 0.752
22 0.8 0.048 0.752
34 0.8 0.048 0.752
54 0.8 0.048 0.752
58 0.8 0.048 0.752
56 0.8 0.048 0.752
39 0.8 0.048 0.752
50 0.8 0.048 0.752
52 0.8 0.048 0.752
14 0.8 0.048 0.752
20 0.8 0.048 0.752
34 0.8 0.048 0.752
54 0.8 0.048 0.752
2 0.8 0.048 0.752
45 0.8 0.048 0.752
9 0.8 0.048 0.752
24 0.8 0.048 0.752
43 0.8 0.048 0.752
10 0.8 0.048 0.752
8 0.8 0.048 0.752
10 0.8 0.048 0.752
10 0.8 0.048 0.752
8 0.8 0.048 0.752
10 0.752 0.048 0.704
10 0.704 0.16 0.544
10 0.544 0.016 0.528
