0 1389
0 1390
0 1391
0 1392
0 1393
0 1394
0 1395
0 1396
0 1397
0 1398
0 1412
0 1413
0 1415
0 1416
0 1418
0 1421
0 1423
0 1424
0 1426
0 1427
11 1402
0 1430
0 1432
0 1433
20 1436
0 1437
1 1428
9 1438
0 1439
0 1441
0 1444
0 1445
0 1447
0 1449
0 1452
27 1409
0 1454
0 1456
0 1457
0 1458
0 1459
22 1411
0 1461
21 1438
0 1462
24 1440
0 1464
10 1448
0 1465
0 1467
0 1468
13 1455
0 1469
0 1470
0 1472
0 1473
0 1474
18 1414
0 1475
0 1476
26 1407
0 1477
30 1453
0 1478
0 1479
0 1487
0 1488
28 1420
0 1490
0 1491
0 1493
0 1494
0 1495
0 1496
0 1497
3 1404
11 1485
0 1499
0 1500
0 1501
14 1460
0 1502
24 1503
0 1506
0 1508
0 1509
25 1399
0 1510
0 1512
0 1513
17 1451
0 1514
2 1410
0 1516
0 1517
23 1463
27 1505
0 1519
0 1521
29 1434
16 1417
0 1523
0 1524
0 1525
7 1446
0 1526
0 1527
19 1450
0 1528
0 1529
0 1530
0 1531
13 1520
0 1532
0 1533
9 1489
0 1535
4 1431
0 1536
0 1537
0 1538
8 1419
0 1539
15 1429
0 1540
18 1498
0 1541
0 1542
0 1543
0 1549
0 1550
0 1551
0 1552
12 1425
5 1466
0 1553
0 1554
0 1555
0 1556
0 1557
0 1558
0 1559
0 1560
0 1561
0 1562
0 1564
0 1565
1 1492
0 1566
0 1569
0 1570
0 1571
0 1572
0 1573
0 1575
0 1576
0 1577
0 1578
