45 2501 0 100 1.16701e-08 1.89996 1.89996
59 2502 0 100 1.16701e-08 1.93534 1.93534
78 2507 0 100 1.16701e-08 2.18969 2.18969
19 2506 0 100 1 2.13826 3.13826
52 2530 0 100 0.5 3.03862 3.53862
61 2495 0 100 2.5 1.68511 4.18511
25 2533 0 100 1.5 3.1256 4.6256
57 2563 0 100 0.5 4.24258 4.74258
43 2539 0 100 1.5 3.42113 4.92113
6 2516 0 100 2.5 2.6263 5.1263
34 2529 0 100 2.5 3.0382 5.5382
18 2578 0 100 1 4.79891 5.79891
44 2479 0 100 4.5 1.33186 5.83186
70 2560 0 100 2 4.14233 6.14233
54 2603 0 100 1.16701e-08 6.53172 6.53172
62 2567 0 100 2.5 4.38186 6.88186
13 2527 0 100 4 3.03136 7.03136
13 2584 0 100 2 5.19702 7.19702
76 2493 0 100 6 1.66464 7.66464
5 2523 0 100 5 2.77766 7.77766
9 2483 0 100 6.5 1.41321 7.91321
24 2555 0 100 4 3.95057 7.95057
2 2477 0 100 7.5 1.1453 8.6453
23 2549 0 100 5 3.81189 8.81189
32 2482 0 100 7.5 1.39646 8.89646
41 2513 0 100 6.5 2.502 9.002
63 2518 0 100 6.5 2.62828 9.12828
61 2617 0 100 2 7.33919 9.33919
11 2488 0 100 8 1.55791 9.55791
40 2494 0 100 8 1.66586 9.66586
11 2575 0 100 5 4.67673 9.67673
51 2548 0 100 6 3.77139 9.77139
17 2500 0 100 8 1.83878 9.83878
57 2632 0 100 1.5 8.41585 9.91585
43 2614 0 100 3 7.20269 10.2027
15 2491 0 100 9 1.63893 10.6389
14 2509 0 100 8.5 2.31746 10.8175
34 2646 0 100 1.5 9.37898 10.879
60 2489 0 100 9.5 1.62787 11.1279
47 2650 0 100 1.5 9.63602 11.136
4 2525 0 100 8.5 2.84213 11.3421
3 2654 0 100 1.5 9.90931 11.4093
44 2598 0 100 5.5 6.12244 11.6224
35 2618 0 100 4.5 7.37637 11.8764
35 2553 0 100 8 3.91569 11.9157
55 2557 0 100 8 4.06521 12.0652
10 2561 0 100 8.5 4.21826 12.7183
53 2586 0 100 7.5 5.31767 12.8177
49 2551 0 100 9 3.84331 12.8433
67 2597 0 100 7 6.11025 13.1103
33 2565 0 100 9 4.30555 13.3055
75 2569 0 100 9 4.48242 13.4824
38 2558 0 100 9.5 4.08087 13.5809
30 2576 0 100 9 4.72505 13.7251
77 2579 0 100 9 4.81312 13.8131
52 2619 0 100 6.5 7.42231 13.9223
74 2514 0 100 11.5 2.51058 14.0106
