19 400
47 400
60 400
76 400
97 400
5 400
19 400
60 400
76 400
97 400
5 400
19 400
47 400
97 400
73 401
81 401
7 401
29 401
68 401
73 401
77 401
86 401
87 401
18 401
62 401
68 401
77 401
86 401
87 401
99 401
18 401
29 401
62 401
77 401
86 401
87 401
99 401
18 401
29 401
62 401
68 401
86 401
87 401
99 401
18 401
29 401
62 401
68 401
77 401
99 401
26 402
36 402
37 402
8 402
36 402
78 402
35 403
39 403
41 403
67 403
70 403
74 403
84 403
34 403
35 403
70 403
74 403
84 403
34 403
35 403
67 403
84 403
34 403
41 403
67 403
75 403
84 403
39 403
67 403
84 403
9 404
15 404
49 404
53 404
71 404
82 404
85 404
98 404
3 404
15 404
49 404
53 404
71 404
82 404
85 404
98 404
3 404
9 404
49 404
53 404
71 404
82 404
85 404
98 404
3 404
9 404
15 404
49 404
82 404
85 404
98 404
3 404
9 404
15 404
49 404
53 404
82 404
9 404
49 404
44 406
55 406
64 406
65 406
66 406
69 406
91 406
27 406
55 406
64 406
65 406
66 406
69 406
88 406
91 406
22 406
65 406
69 406
91 406
22 406
27 406
33 406
64 406
65 406
66 406
69 406
88 406
91 406
22 406
27 406
33 406
55 406
65 406
66 406
69 406
88 406
91 406
22 406
33 406
44 406
55 406
64 406
66 406
69 406
88 406
91 406
22 406
27 406
33 406
55 406
64 406
65 406
69 406
88 406
91 406
33 406
55 406
64 406
65 406
66 406
69 406
24 406
58 406
4 406
17 406
40 406
51 406
56 406
79 406
80 406
89 406
100 406
6 406
40 406
51 406
56 406
79 406
80 406
89 406
6 406
17 406
51 406
79 406
80 406
89 406
4 406
6 406
17 406
40 406
51 406
56 406
80 406
89 406
100 406
4 406
6 406
17 406
40 406
51 406
56 406
79 406
6 406
40 406
48 406
79 406
80 406
43 407
63 407
11 407
13 407
38 407
29 409
68 409
77 409
86 409
87 409
6 410
17 410
79 410
80 410
89 410
51 412
52 415
1 415
13 415
38 415
1 420
2 420
11 420
3 421
15 421
49 421
50 421
53 421
71 421
82 421
85 421
98 421
3 421
9 421
15 421
53 421
85 421
98 421
58 427
90 427
0 427
4 427
6 427
17 427
40 427
51 427
56 427
79 427
21 428
21 428
90 428
0 428
6 428
80 428
89 428
100 428
73 429
99 429
0 413
46 413
54 434
87 438
0 428
22 428
27 428
33 428
44 428
55 428
64 428
65 428
66 428
88 428
51 457
56 457
