9 232 0 100 1.16701e-08 2.23216 2.23216
51 231 0 100 0.2 2.21877 2.41877
35 239 0 100 0.6 2.52785 3.12785
42 241 0 100 0.5 2.74921 3.24921
27 238 0 100 1.1 2.5155 3.6155
70 235 0 100 1.5 2.32482 3.82482
53 246 0 100 0.6 3.36464 3.96464
5 228 0 100 2 2.09402 4.09402
45 247 0 100 0.9 3.38811 4.28811
20 229 0 100 2.3 2.12794 4.42794
13 245 0 100 1.1 3.32879 4.42879
59 254 0 100 1.16701e-08 4.44192 4.44192
66 256 0 100 1.16701e-08 4.69408 4.69408
49 227 0 100 2.9 2.03464 4.93464
4 236 0 100 2.8 2.44633 5.24633
12 250 0 100 1.3 3.96992 5.26992
68 233 0 100 3.6 2.25678 5.85678
29 244 0 100 3 3.27153 6.27153
47 234 0 100 4.2 2.26173 6.46173
38 240 0 100 3.9 2.57332 6.47332
46 248 0 100 3.1 3.40027 6.50027
61 242 0 100 3.7 2.99666 6.69666
46 270 0 100 2.33402e-08 6.89648 6.89648
61 271 0 100 4.66804e-08 6.93454 6.93454
52 237 0 100 4.5 2.46498 6.96498
52 257 0 100 2.2 4.77188 6.97188
2 230 0 100 5 2.15379 7.15379
9 260 0 100 2.1 5.2554 7.3554
69 249 0 100 3.8 3.763 7.563
69 272 0 100 0.5 7.1547 7.6547
57 252 0 100 3.7 4.1631 7.8631
37 251 0 100 3.9 4.12989 8.02989
11 243 0 100 5.1 3.1432 8.2432
58 255 0 100 3.7 4.59204 8.29204
42 261 0 100 2.9 5.55619 8.45619
27 264 0 100 2.6 6.32237 8.92237
70 259 0 100 3.9 5.15485 9.05485
53 269 0 100 2.3 6.88693 9.18693
48 253 0 100 4.9 4.40485 9.30485
20 258 0 100 4.6 4.9218 9.5218
5 262 0 100 3.9 5.6822 9.5822
66 273 0 100 1.8 7.83887 9.63887
5 275 0 100 1.6 8.28678 9.88678
45 267 0 100 3.4 6.58938 9.98938
67 274 0 100 2.2 7.92253 10.1225
49 265 0 100 3.9 6.32749 10.2275
49 278 0 100 0.8 9.43955 10.2396
12 268 0 100 3.6 6.84083 10.4408
12 276 0 100 1.5 8.95065 10.4506
4 266 0 100 4.1 6.43923 10.5392
68 263 0 100 4.8 6.26953 11.0695
68 280 0 100 1.3 9.97744 11.2774
29 277 0 100 2.3 9.18311 11.4831
10 279 0 100 2.1 9.7098 11.8098
