42 121 0 100 1.16701e-08 2.39144 2.39144
41 118 0 100 0.4 2.1181 2.5181
34 119 0 100 0.8 2.23613 3.03613
1 129 0 100 1.16701e-08 3.29861 3.29861
38 128 0 100 0.5 3.21125 3.71125
9 127 0 100 1 2.93279 3.93279
29 117 0 100 2.1 2.01768 4.11768
33 124 0 100 1.6 2.86904 4.46904
35 131 0 100 1.2 3.58364 4.78364
13 139 0 100 0.8 4.11982 4.91982
30 145 0 100 1.16701e-08 4.97949 4.97949
8 130 0 100 1.7 3.36335 5.06335
46 134 0 100 1.5 3.84147 5.34147
24 123 0 100 3 2.81949 5.81949
24 146 0 100 0.4 5.43608 5.83608
7 135 0 100 2.2 3.89405 6.09405
43 132 0 100 2.8 3.58406 6.38406
15 126 0 100 3.5 2.89644 6.39644
12 120 0 100 4.1 2.301 6.401
48 136 0 100 2.5 3.96624 6.46624
48 148 0 100 0.1 6.41759 6.51759
25 138 0 100 2.8 4.0865 6.8865
27 122 0 100 4.6 2.4448 7.0448
28 133 0 100 3.5 3.71736 7.21736
6 125 0 100 4.5 2.87246 7.37246
47 141 0 100 3 4.45173 7.45173
41 143 0 100 2.9 4.59341 7.49341
10 144 0 100 3.1 4.76844 7.86844
40 142 0 100 3.8 4.48983 8.28983
23 137 0 100 4.4 4.0556 8.4556
44 140 0 100 4.3 4.22066 8.52066
44 156 0 100 1.16701e-08 8.60805 8.60805
38 157 0 100 1.16701e-08 9.02239 9.02239
38 147 0 100 3.6 5.46186 9.06186
9 155 0 100 0.7 8.47424 9.17424
29 151 0 100 1.4 7.95305 9.35305
33 162 0 100 0.4 9.34636 9.74636
13 158 0 100 1 9.02909 10.0291
21 159 0 100 1.3 9.06148 10.3615
8 150 0 100 3.5 6.90654 10.4065
8 160 0 100 1.3 9.19415 10.4942
24 152 0 100 2.9 8.24877 11.1488
7 149 0 100 4.7 6.67038 11.3704
43 163 0 100 2.3 9.358 11.658
28 154 0 100 3.8 8.45508 12.2551
41 153 0 100 4.3 8.3618 12.6618
47 161 0 100 3.5 9.21214 12.7121
