23 1593 0 100 0.2 2.15997 2.35997
6 1598 0 100 1.16701e-08 2.46488 2.46488
12 1600 0 100 0.1 2.52139 2.62139
11 1601 0 100 0.3 2.52576 2.82576
21 1606 0 100 1.5 2.64886 4.14886
13 1597 0 100 1.9 2.44435 4.34435
10 1635 0 100 0.7 4.45186 5.15186
16 1619 0 100 2 3.43515 5.43515
17 1621 0 100 2 3.60881 5.60881
2 1628 0 100 1.7 3.95412 5.65412
1 1638 0 100 1.5 4.61755 6.11755
9 1603 0 100 3.8 2.5905 6.3905
9 1649 0 100 1.3 5.19222 6.49222
19 1605 0 100 3.9 2.64341 6.54341
29 1626 0 100 2.8 3.90489 6.70489
18 1599 0 100 4.6 2.46962 7.06962
18 1645 0 100 2.3 4.89564 7.19564
27 1616 0 100 3.9 3.35022 7.25022
14 1641 0 100 2.6 4.70678 7.30678
27 1661 0 100 1.2 6.28551 7.48551
25 1614 0 100 4.2 3.29074 7.49074
15 1612 0 100 4.3 3.22616 7.52616
22 1617 0 100 4.3 3.41556 7.71556
5 1622 0 100 4.1 3.62074 7.72074
28 1633 0 100 3.4 4.41801 7.81801
5 1664 0 100 1.4 6.49209 7.89209
11 1670 0 100 1.1 6.79889 7.89889
28 1688 0 100 1.16701e-08 8.16143 8.16143
8 1639 0 100 3.6 4.62481 8.22481
26 1636 0 100 4.4 4.46513 8.86513
30 1643 0 100 4.6 4.75744 9.35744
24 1668 0 100 2.7 6.67319 9.37319
21 1667 0 100 2.9 6.66323 9.56323
13 1677 0 100 2.3 7.32441 9.62441
10 1676 0 100 3.2 7.2623 10.4623
16 1683 0 100 3 7.73126 10.7313
2 1705 0 100 1.5 9.43991 10.9399
1 1690 0 100 3.1 8.28749 11.3875
9 1703 0 100 2.2 9.36063 11.5606
19 1709 0 100 2 9.73167 11.7317
7 1711 0 100 2.5 9.85007 12.3501
22 1692 0 100 4.6 8.4131 13.0131
