25 2224 0 100 0.1 2.18815 2.28815
48 2225 0 100 0.4 2.20959 2.60959
16 2218 0 100 0.9 2.00731 2.90731
23 2253 0 100 0.2 3.10363 3.30363
27 2246 0 100 0.6 2.76163 3.36163
41 2251 0 100 0.4 3.0144 3.4144
24 2272 0 100 1.16701e-08 3.67523 3.67523
3 2258 0 100 0.6 3.28721 3.88721
14 2249 0 100 1 2.88993 3.88993
52 2259 0 100 0.7 3.29623 3.99623
53 2269 0 100 0.4 3.61879 4.01879
56 2273 0 100 0.5 3.68543 4.18543
45 2233 0 100 1.9 2.38582 4.28582
47 2234 0 100 1.9 2.4203 4.3203
39 2288 0 100 1.16701e-08 4.33971 4.33971
51 2239 0 100 2 2.49695 4.49695
55 2281 0 100 0.6 3.99519 4.59519
35 2237 0 100 2.2 2.45249 4.65249
13 2221 0 100 2.6 2.10303 4.70303
42 2290 0 100 0.3 4.50643 4.80643
43 2232 0 100 2.5 2.36387 4.86387
5 2266 0 100 1.4 3.46408 4.86408
21 2241 0 100 2.3 2.63738 4.93738
46 2296 0 100 0.3 4.74463 5.04463
20 2268 0 100 1.6 3.58087 5.18087
6 2263 0 100 1.8 3.40203 5.20203
1 2299 0 100 0.4 4.86194 5.26194
17 2231 0 100 3.1 2.35781 5.45781
32 2293 0 100 0.9 4.66041 5.56041
36 2278 0 100 2 3.75542 5.75542
31 2255 0 100 2.8 3.14229 5.94229
4 2236 0 100 3.5 2.44481 5.94481
40 2256 0 100 2.8 3.19654 5.99654
31 2307 0 100 0.5 5.51927 6.01927
22 2245 0 100 3.3 2.75762 6.05762
30 2220 0 100 4.3 2.05115 6.35115
8 2238 0 100 3.9 2.45487 6.35487
49 2229 0 100 4.3 2.27341 6.57341
50 2243 0 100 3.9 2.68292 6.58292
59 2262 0 100 3.2 3.38618 6.58618
7 2227 0 100 4.4 2.23019 6.63019
50 2317 0 100 0.5 6.21179 6.71179
15 2276 0 100 3.1 3.71899 6.81899
60 2226 0 100 4.7 2.21721 6.91721
37 2223 0 100 4.8 2.1837 6.9837
11 2286 0 100 3 4.24993 7.24993
57 2261 0 100 4.1 3.3756 7.4756
25 2312 0 100 1.6 5.93406 7.53406
19 2298 0 100 2.9 4.84643 7.74643
29 2247 0 100 5 2.7823 7.7823
12 2270 0 100 4.2 3.63022 7.83022
58 2264 0 100 4.7 3.40825 8.10825
58 2316 0 100 2.1 6.16691 8.26691
18 2275 0 100 4.6 3.70034 8.30034
27 2329 0 100 1.6 6.96951 8.56951
33 2274 0 100 4.9 3.6863 8.5863
41 2330 0 100 1.7 6.9866 8.6866
10 2283 0 100 4.6 4.13064 8.73064
24 2339 0 100 1.1 7.67406 8.77406
34 2294 0 100 4.5 4.66863 9.16863
9 2300 0 100 4.3 4.875 9.175
52 2370 0 100 0.2 8.9912 9.1912
53 2340 0 100 1.5 7.70724 9.20724
34 2343 0 100 1.6 7.77338 9.37338
47 2348 0 100 1.4 8.0756 9.4756
9 2371 0 100 0.5 9.00123 9.50123
45 2364 0 100 0.7 8.81308 9.51308
39 2357 0 100 1.1 8.46124 9.56124
51 2322 0 100 3.3 6.4641 9.7641
35 2367 0 100 0.9 8.92686 9.82686
55 2352 0 100 1.6 8.23976 9.83976
54 2359 0 100 1.5 8.49122 9.99122
43 2332 0 100 3 7.10036 10.1004
5 2341 0 100 2.4 7.71018 10.1102
13 2320 0 100 3.7 6.41433 10.1143
46 2382 0 100 0.5 9.66693 10.1669
21 2369 0 100 1.2 8.98356 10.1836
6 2353 0 100 2.1 8.33626 10.4363
1 2366 0 100 1.6 8.90073 10.5007
20 2345 0 100 2.6 7.90356 10.5036
36 2324 0 100 4.4 6.63024 11.0302
36 2377 0 100 1.7 9.40573 11.1057
4 2350 0 100 3 8.16308 11.1631
31 2386 0 100 1.5 9.78044 11.2804
40 2355 0 100 3 8.33876 11.3388
49 2388 0 100 1.9 9.92307 11.8231
26 2363 0 100 3.1 8.75761 11.8576
7 2374 0 100 2.8 9.14111 11.9411
37 2381 0 100 2.4 9.65293 12.0529
60 2384 0 100 2.5 9.69145 12.1915
25 2383 0 100 3.2 9.6683 12.8683
12 2358 0 100 4.6 8.46439 13.0644
