4 50 0.048 49.952
7 50 0.048 49.952
9 50 0.048 49.952
7 49.952 0.16 49.792
9 49.952 0.16 49.792
9 49.792 0.048 49.744
7 49.792 0.048 49.744
4 50 0.048 49.952
9 50 0.048 49.952
7 50 0.048 49.952
4 50 0.048 49.952
9 50 0.048 49.952
7 50 0.048 49.952
4 50 0.048 49.952
9 50 0.048 49.952
7 50 0.048 49.952
4 50 0.048 49.952
9 50 0.048 49.952
7 50 0.048 49.952
5 50 0.048 49.952
4 50 0.048 49.952
1 50 0.048 49.952
10 50 0.048 49.952
1 49.952 0.16 49.792
10 49.952 0.16 49.792
10 49.792 0.048 49.744
1 49.792 0.048 49.744
9 50 0.048 49.952
7 50 0.048 49.952
5 50 0.048 49.952
4 50 0.048 49.952
10 49.9974 0.048 49.9494
1 50 0.048 49.952
9 50 0.048 49.952
7 50 0.048 49.952
5 50 0.048 49.952
4 50 0.048 49.952
10 50 0.048 49.952
1 50 0.048 49.952
8 50 0.048 49.952
9 50 0.048 49.952
7 50 0.048 49.952
5 50 0.048 49.952
4 50 0.048 49.952
10 50 0.048 49.952
1 50 0.048 49.952
8 50 0.048 49.952
9 50 0.048 49.952
7 50 0.048 49.952
5 50 0.048 49.952
4 50 0.048 49.952
10 50 0.048 49.952
1 50 0.048 49.952
8 50 0.048 49.952
9 50 0.048 49.952
7 50 0.048 49.952
5 50 0.048 49.952
4 50 0.048 49.952
10 50 0.048 49.952
1 50 0.048 49.952
8 50 0.048 49.952
9 50 0.048 49.952
7 50 0.048 49.952
5 50 0.048 49.952
2 50 0.048 49.952
4 50 0.048 49.952
10 50 0.048 49.952
1 50 0.048 49.952
8 50 0.048 49.952
9 50 0.048 49.952
7 50 0.048 49.952
5 50 0.048 49.952
2 50 0.048 49.952
4 50 0.048 49.952
10 50 0.048 49.952
1 50 0.048 49.952
8 50 0.048 49.952
9 50 0.048 49.952
7 50 0.048 49.952
5 50 0.048 49.952
2 50 0.048 49.952
4 50 0.048 49.952
10 50 0.048 49.952
1 50 0.048 49.952
8 50 0.048 49.952
9 50 0.048 49.952
7 50 0.048 49.952
5 50 0.048 49.952
2 50 0.048 49.952
4 50 0.048 49.952
10 50 0.048 49.952
1 50 0.048 49.952
8 50 0.048 49.952
9 50 0.048 49.952
7 50 0.048 49.952
5 50 0.048 49.952
2 50 0.048 49.952
4 50 0.048 49.952
10 50 0.048 49.952
1 50 0.048 49.952
8 50 0.048 49.952
9 50 0.048 49.952
7 50 0.048 49.952
5 50 0.048 49.952
2 50 0.048 49.952
4 50 0.048 49.952
10 50 0.048 49.952
1 50 0.048 49.952
8 50 0.048 49.952
9 50 0.048 49.952
7 50 0.048 49.952
5 50 0.048 49.952
2 50 0.048 49.952
4 50 0.048 49.952
10 50 0.048 49.952
8 50 0.048 49.952
9 50 0.048 49.952
7 50 0.048 49.952
5 50 0.048 49.952
2 50 0.048 49.952
4 50 0.048 49.952
10 50 0.048 49.952
8 50 0.048 49.952
9 50 0.048 49.952
7 50 0.048 49.952
5 50 0.048 49.952
2 50 0.048 49.952
4 50 0.048 49.952
10 50 0.048 49.952
1 50 0.048 49.952
8 50 0.048 49.952
9 50 0.048 49.952
7 50 0.048 49.952
5 50 0.048 49.952
2 50 0.048 49.952
4 50 0.048 49.952
10 50 0.048 49.952
1 50 0.048 49.952
8 50 0.048 49.952
9 50 0.048 49.952
7 50 0.048 49.952
6 50 0.048 49.952
5 50 0.048 49.952
2 50 0.048 49.952
4 50 0.048 49.952
10 50 0.048 49.952
1 50 0.048 49.952
8 50 0.048 49.952
9 50 0.048 49.952
7 50 0.048 49.952
6 50 0.048 49.952
5 50 0.048 49.952
2 50 0.048 49.952
4 50 0.048 49.952
10 50 0.048 49.952
1 50 0.048 49.952
8 50 0.048 49.952
9 50 0.048 49.952
7 50 0.048 49.952
6 50 0.048 49.952
5 50 0.048 49.952
2 50 0.048 49.952
4 50 0.048 49.952
10 50 0.048 49.952
8 50 0.048 49.952
9 50 0.048 49.952
7 50 0.048 49.952
6 50 0.048 49.952
5 50 0.048 49.952
2 50 0.048 49.952
4 50 0.048 49.952
10 50 0.048 49.952
1 50 0.048 49.952
8 50 0.048 49.952
9 50 0.048 49.952
7 50 0.048 49.952
6 50 0.048 49.952
5 50 0.048 49.952
2 50 0.048 49.952
4 50 0.048 49.952
10 50 0.048 49.952
1 50 0.048 49.952
8 50 0.048 49.952
9 50 0.048 49.952
7 50 0.048 49.952
6 50 0.048 49.952
5 50 0.048 49.952
2 50 0.048 49.952
4 50 0.048 49.952
3 50 0.048 49.952
10 50 0.048 49.952
1 50 0.048 49.952
10 49.952 0.16 49.792
1 49.952 0.16 49.792
8 50 0.048 49.952
9 50 0.048 49.952
7 50 0.048 49.952
6 50 0.048 49.952
5 50 0.048 49.952
2 50 0.048 49.952
4 50 0.048 49.952
3 50 0.048 49.952
8 50 0.048 49.952
9 50 0.048 49.952
7 50 0.048 49.952
6 50 0.048 49.952
5 50 0.048 49.952
2 50 0.048 49.952
4 50 0.048 49.952
3 50 0.048 49.952
8 50 0.048 49.952
9 50 0.048 49.952
7 50 0.048 49.952
6 50 0.048 49.952
5 50 0.048 49.952
2 50 0.048 49.952
4 50 0.048 49.952
3 50 0.048 49.952
8 50 0.048 49.952
9 50 0.048 49.952
7 50 0.048 49.952
6 50 0.048 49.952
5 50 0.048 49.952
7 49.952 0.048 49.904
9 49.952 0.048 49.904
2 50 0.048 49.952
4 50 0.048 49.952
3 50 0.048 49.952
8 50 0.048 49.952
9 50 0.048 49.952
7 50 0.048 49.952
6 50 0.048 49.952
5 50 0.048 49.952
7 49.952 0.048 49.904
9 49.952 0.048 49.904
2 50 0.048 49.952
4 50 0.048 49.952
3 50 0.048 49.952
8 50 0.048 49.952
9 50 0.048 49.952
7 50 0.048 49.952
6 50 0.048 49.952
5 50 0.048 49.952
7 49.952 0.048 49.904
9 49.952 0.048 49.904
2 50 0.048 49.952
4 50 0.048 49.952
3 50 0.048 49.952
3 49.952 0.16 49.792
8 50 0.048 49.952
9 50 0.048 49.952
7 50 0.048 49.952
6 50 0.048 49.952
5 50 0.048 49.952
7 49.952 0.048 49.904
9 49.952 0.048 49.904
2 50 0.048 49.952
4 50 0.048 49.952
8 50 0.048 49.952
9 50 0.048 49.952
7 50 0.048 49.952
6 50 0.048 49.952
5 50 0.048 49.952
7 49.952 0.048 49.904
9 49.952 0.048 49.904
2 50 0.048 49.952
4 50 0.048 49.952
8 50 0.048 49.952
9 50 0.048 49.952
7 50 0.048 49.952
6 50 0.048 49.952
5 50 0.048 49.952
7 49.952 0.048 49.904
9 49.952 0.048 49.904
2 50 0.048 49.952
1 50 0.048 49.952
10 50 0.048 49.952
1 49.952 0.16 49.792
10 49.952 0.16 49.792
10 49.792 0.048 49.744
1 49.792 0.048 49.744
4 50 0.048 49.952
8 50 0.048 49.952
9 50 0.048 49.952
7 50 0.048 49.952
6 50 0.048 49.952
5 50 0.048 49.952
7 49.952 0.048 49.904
9 49.952 0.048 49.904
2 50 0.048 49.952
10 49.9083 0.048 49.8603
1 50 0.048 49.952
4 50 0.048 49.952
8 50 0.048 49.952
9 50 0.048 49.952
7 50 0.048 49.952
9 49.952 0.16 49.792
7 49.952 0.16 49.792
6 50 0.048 49.952
5 50 0.048 49.952
7 49.792 0.048 49.744
9 49.792 0.048 49.744
7 49.744 0.16 49.584
9 49.744 0.16 49.584
2 50 0.048 49.952
10 50 0.048 49.952
1 50 0.048 49.952
4 50 0.048 49.952
8 50 0.048 49.952
6 50 0.048 49.952
5 50 0.048 49.952
2 50 0.048 49.952
10 50 0.048 49.952
1 50 0.048 49.952
4 50 0.048 49.952
8 50 0.048 49.952
6 50 0.048 49.952
5 50 0.048 49.952
2 50 0.048 49.952
10 50 0.048 49.952
1 50 0.048 49.952
4 50 0.048 49.952
4 49.952 0.16 49.792
8 50 0.048 49.952
6 50 0.048 49.952
5 50 0.048 49.952
2 50 0.048 49.952
10 50 0.048 49.952
1 50 0.048 49.952
8 50 0.048 49.952
6 50 0.048 49.952
5 50 0.048 49.952
2 50 0.048 49.952
2 49.952 0.16 49.792
10 50 0.048 49.952
1 50 0.048 49.952
8 50 0.048 49.952
6 50 0.048 49.952
5 50 0.048 49.952
10 50 0.048 49.952
1 50 0.048 49.952
8 50 0.048 49.952
6 50 0.048 49.952
5 50 0.048 49.952
10 50 0.048 49.952
1 50 0.048 49.952
8 50 0.048 49.952
6 50 0.048 49.952
5 50 0.048 49.952
10 50 0.048 49.952
1 50 0.048 49.952
8 50 0.048 49.952
6 50 0.048 49.952
5 50 0.048 49.952
5 49.952 0.16 49.792
10 50 0.048 49.952
1 50 0.048 49.952
8 50 0.048 49.952
6 50 0.048 49.952
10 50 0.048 49.952
1 50 0.048 49.952
8 50 0.048 49.952
6 50 0.048 49.952
10 50 0.048 49.952
1 50 0.048 49.952
8 50 0.048 49.952
6 50 0.048 49.952
10 50 0.048 49.952
1 50 0.048 49.952
8 50 0.048 49.952
6 50 0.048 49.952
10 50 0.048 49.952
1 50 0.048 49.952
8 50 0.048 49.952
6 50 0.048 49.952
10 50 0.048 49.952
8 50 0.048 49.952
6 50 0.048 49.952
10 50 0.048 49.952
8 50 0.048 49.952
6 50 0.048 49.952
10 50 0.048 49.952
8 50 0.048 49.952
6 50 0.048 49.952
10 50 0.048 49.952
1 50 0.048 49.952
8 50 0.048 49.952
6 50 0.048 49.952
10 50 0.048 49.952
8 50 0.048 49.952
6 50 0.048 49.952
10 50 0.048 49.952
8 50 0.048 49.952
6 50 0.048 49.952
10 50 0.048 49.952
1 50 0.048 49.952
8 50 0.048 49.952
3 50 0.048 49.952
6 50 0.048 49.952
10 50 0.048 49.952
1 50 0.048 49.952
7 50 0.048 49.952
9 50 0.048 49.952
7 49.952 0.16 49.792
9 49.952 0.16 49.792
9 49.792 0.048 49.744
7 49.792 0.048 49.744
8 50 0.048 49.952
8 49.952 0.16 49.792
3 50 0.048 49.952
6 50 0.048 49.952
10 50 0.048 49.952
1 50 0.048 49.952
9 50 0.048 49.952
7 49.987 0.048 49.939
3 50 0.048 49.952
6 50 0.048 49.952
10 50 0.048 49.952
1 50 0.048 49.952
9 50 0.048 49.952
7 50 0.048 49.952
3 50 0.048 49.952
6 50 0.048 49.952
10 50 0.048 49.952
1 50 0.048 49.952
9 50 0.048 49.952
7 50 0.048 49.952
3 50 0.048 49.952
6 50 0.048 49.952
10 50 0.048 49.952
1 50 0.048 49.952
9 50 0.048 49.952
7 50 0.048 49.952
3 50 0.048 49.952
6 50 0.048 49.952
10 50 0.048 49.952
1 50 0.048 49.952
9 50 0.048 49.952
7 50 0.048 49.952
3 50 0.048 49.952
6 50 0.048 49.952
2 50 0.048 49.952
10 50 0.048 49.952
1 50 0.048 49.952
9 50 0.048 49.952
7 50 0.048 49.952
3 50 0.048 49.952
6 50 0.048 49.952
2 50 0.048 49.952
10 50 0.048 49.952
1 50 0.048 49.952
9 50 0.048 49.952
7 50 0.048 49.952
3 50 0.048 49.952
6 50 0.048 49.952
6 49.952 0.16 49.792
2 50 0.048 49.952
10 50 0.048 49.952
1 50 0.048 49.952
9 50 0.048 49.952
7 50 0.048 49.952
3 50 0.048 49.952
2 50 0.048 49.952
10 50 0.048 49.952
1 50 0.048 49.952
9 50 0.048 49.952
7 50 0.048 49.952
3 50 0.048 49.952
2 50 0.048 49.952
10 50 0.048 49.952
1 50 0.048 49.952
9 50 0.048 49.952
7 50 0.048 49.952
3 50 0.048 49.952
2 50 0.048 49.952
10 50 0.048 49.952
1 50 0.048 49.952
9 50 0.048 49.952
7 50 0.048 49.952
3 50 0.048 49.952
2 50 0.048 49.952
10 50 0.048 49.952
1 50 0.048 49.952
9 50 0.048 49.952
7 50 0.048 49.952
3 50 0.048 49.952
2 50 0.048 49.952
10 50 0.048 49.952
1 50 0.048 49.952
9 50 0.048 49.952
7 50 0.048 49.952
4 50 0.048 49.952
3 50 0.048 49.952
2 50 0.048 49.952
10 50 0.048 49.952
1 50 0.048 49.952
9 50 0.048 49.952
7 50 0.048 49.952
4 50 0.048 49.952
3 50 0.048 49.952
2 50 0.048 49.952
10 50 0.048 49.952
1 50 0.048 49.952
9 50 0.048 49.952
7 50 0.048 49.952
4 50 0.048 49.952
3 50 0.048 49.952
2 50 0.048 49.952
10 50 0.048 49.952
1 50 0.048 49.952
9 50 0.048 49.952
7 50 0.048 49.952
4 50 0.048 49.952
3 50 0.048 49.952
2 50 0.048 49.952
10 50 0.048 49.952
1 50 0.048 49.952
9 50 0.048 49.952
7 50 0.048 49.952
4 50 0.048 49.952
3 50 0.048 49.952
2 50 0.048 49.952
10 50 0.048 49.952
1 50 0.048 49.952
9 50 0.048 49.952
7 50 0.048 49.952
4 50 0.048 49.952
3 50 0.048 49.952
2 50 0.048 49.952
10 50 0.048 49.952
1 50 0.048 49.952
9 50 0.048 49.952
7 50 0.048 49.952
4 50 0.048 49.952
3 50 0.048 49.952
2 50 0.048 49.952
10 50 0.048 49.952
1 50 0.048 49.952
9 50 0.048 49.952
7 50 0.048 49.952
4 50 0.048 49.952
3 50 0.048 49.952
2 50 0.048 49.952
10 50 0.048 49.952
1 50 0.048 49.952
9 50 0.048 49.952
7 50 0.048 49.952
4 50 0.048 49.952
3 50 0.048 49.952
2 50 0.048 49.952
10 50 0.048 49.952
1 50 0.048 49.952
10 49.952 0.16 49.792
1 49.952 0.16 49.792
9 50 0.048 49.952
7 50 0.048 49.952
4 50 0.048 49.952
3 50 0.048 49.952
2 50 0.048 49.952
9 50 0.048 49.952
7 50 0.048 49.952
4 50 0.048 49.952
3 50 0.048 49.952
2 50 0.048 49.952
9 50 0.048 49.952
7 50 0.048 49.952
4 50 0.048 49.952
3 50 0.048 49.952
2 50 0.048 49.952
9 50 0.048 49.952
7 50 0.048 49.952
4 50 0.048 49.952
3 50 0.048 49.952
2 50 0.048 49.952
9 50 0.048 49.952
7 50 0.048 49.952
4 50 0.048 49.952
3 50 0.048 49.952
2 50 0.048 49.952
9 50 0.048 49.952
7 50 0.048 49.952
4 50 0.048 49.952
3 50 0.048 49.952
3 49.952 0.16 49.792
2 50 0.048 49.952
9 50 0.048 49.952
7 50 0.048 49.952
4 50 0.048 49.952
2 50 0.048 49.952
9 50 0.048 49.952
7 50 0.048 49.952
4 50 0.048 49.952
2 50 0.048 49.952
9 50 0.048 49.952
7 50 0.048 49.952
4 50 0.048 49.952
2 50 0.048 49.952
9 50 0.048 49.952
7 50 0.048 49.952
4 50 0.048 49.952
2 50 0.048 49.952
9 50 0.048 49.952
7 50 0.048 49.952
9 49.952 0.16 49.792
7 49.952 0.16 49.792
4 50 0.048 49.952
2 50 0.048 49.952
4 50 0.048 49.952
2 50 0.048 49.952
4 50 0.048 49.952
2 50 0.048 49.952
4 50 0.048 49.952
4 49.952 0.16 49.792
2 50 0.048 49.952
2 50 0.048 49.952
2 49.952 0.16 49.792
