5 372
47 372
57 372
94 372
23 372
89 372
35 372
45 373
11 373
70 373
31 375
10 375
19 375
22 375
37 376
21 376
44 376
1 377
43 377
49 377
54 377
17 377
29 377
71 377
88 377
66 377
4 377
46 377
87 378
93 378
16 379
8 379
24 379
58 379
7 379
63 379
50 380
30 372
32 382
28 382
39 382
99 382
25 385
27 385
38 385
56 385
3 385
36 385
26 385
14 385
65 385
51 385
20 386
12 386
73 386
62 386
61 377
80 379
41 394
97 381
58 383
91 384
29 387
72 374
23 374
57 374
5 374
94 374
95 374
86 388
93 389
54 399
66 391
96 391
48 391
75 391
2 391
38 393
9 393
49 396
92 383
67 401
34 401
60 401
13 401
59 401
98 397
26 403
56 403
68 378
69 378
85 378
37 378
89 400
72 400
60 405
81 405
53 396
100 406
32 406
75 402
65 397
36 397
88 407
66 407
79 409
82 409
1 409
42 410
31 410
5 411
90 385
6 402
25 403
90 412
33 413
16 413
24 413
58 413
56 414
83 404
73 416
45 384
55 398
84 404
77 415
96 418
65 419
36 419
87 421
44 421
68 421
82 417
26 414
24 423
98 419
67 419
52 410
79 417
85 422
90 414
20 416
60 419
36 424
62 395
20 425
78 386
42 426
64 408
100 427
40 382
59 404
64 404
79 428
99 406
98 431
63 413
83 408
26 432
58 420
95 411
56 434
18 390
5 435
59 408
65 431
83 438
59 438
38 419
26 434
98 442
100 440
90 432
64 443
59 443
78 444
75 418
96 430
49 417
79 445
74 409
82 428
62 444
15 392
65 442
89 429
57 411
95 435
83 443
67 404
91 414
88 433
