79 2695 1.00767
3 2697 1.03521
74 2698 1.11132
90 2699 1.11737
41 2701 1.12909
52 2702 1.14224
17 2703 1.15756
80 2704 1.17101
51 2706 1.24972
2 2707 1.29049
32 2709 1.34018
19 2710 1.35495
77 2711 1.41312
82 2712 1.41511
62 2714 1.46173
10 2715 1.46573
8 2716 1.48388
30 2717 1.48424
45 2719 1.56366
25 2721 1.70739
64 2722 1.711
13 2724 1.7513
81 2725 1.8011
20 2727 1.8846
85 2728 1.88892
59 2729 1.90188
50 2730 1.91313
7 2732 1.95453
68 2733 1.9904
11 2734 2.01144
12 2736 2.07124
58 2737 2.10398
87 2739 2.17008
21 2742 2.38271
22 2743 2.42654
34 2745 2.46589
60 2746 2.51519
5 2748 2.55552
36 2749 2.60816
38 2751 2.6292
57 2752 2.71779
89 2753 2.72116
73 2755 2.80926
67 2757 2.83797
1 2758 2.86276
78 2759 2.89493
26 2760 2.9041
40 2762 2.9906
16 2764 3.03305
4 2765 3.0596
18 2766 3.12504
56 2768 3.18699
69 2770 3.24844
55 2771 3.29859
15 2772 3.30996
76 2774 3.35879
35 2775 3.38858
10 2777 3.52242
72 2779 3.56194
6 2781 3.70804
33 2783 3.73507
46 2785 3.88289
84 2787 3.93858
86 2788 3.95541
20 2789 3.9801
25 2790 3.9846
70 2792 4.02741
41 2793 4.03326
65 2794 4.05166
63 2795 4.05431
44 2796 4.10906
53 2797 4.12702
81 2800 4.22891
50 2802 4.41611
43 2805 4.5479
31 2806 4.60002
37 2808 4.71002
9 2811 4.83244
75 2812 4.83745
11 2816 5.16459
74 2818 5.3246
4 2820 5.35313
32 2823 5.53776
56 2829 6.04777
62 2832 6.26969
51 2836 6.53622
22 2837 6.60261
86 2839 6.66227
31 2841 6.81544
73 2845 7.05429
84 2847 7.18798
8 2849 7.28119
67 2851 7.34254
5 2852 7.415
72 2853 7.42559
69 2856 7.58642
62 2865 8.41518
14 2867 8.45059
11 2872 8.84418
86 2873 8.87047
65 2876 9.02924
87 2877 9.07772
74 2879 9.21901
17 2884 9.61086
69 2885 9.62403
80 2887 9.63169
75 2888 9.63366
13 2889 9.69584
