45 838 1.061
16 839 1.0874
35 840 1.09657
90 841 1.15422
53 842 1.15894
7 843 1.20355
22 844 1.29024
38 845 1.3633
78 846 1.36771
79 847 1.49478
86 848 1.51446
29 849 1.52763
41 850 1.58725
59 851 1.72517
14 852 1.89803
43 853 1.90633
87 854 1.90883
77 855 1.92173
57 856 1.94051
55 857 1.96393
42 858 1.96526
67 859 1.99643
80 860 2.0443
75 861 2.07527
68 862 2.17139
46 863 2.21486
11 864 2.24164
64 865 2.2474
27 866 2.29849
48 867 2.53823
30 868 2.62683
61 869 2.8283
31 870 2.83182
63 871 2.86913
71 872 2.9104
21 873 2.93964
76 874 2.98408
18 875 3.10399
9 876 3.22339
54 877 3.27614
83 878 3.39613
82 879 3.57289
90 880 3.60906
84 881 3.63094
72 882 3.69247
24 883 3.87198
26 884 3.96682
49 885 4.00033
86 886 4.08821
47 887 4.19071
89 888 4.21496
69 889 4.27631
34 890 4.30642
5 891 4.36495
52 892 4.41248
81 893 4.43748
58 894 4.45286
74 895 4.45428
35 896 4.48019
19 897 4.6984
70 898 4.80957
40 899 4.86047
61 900 4.87997
45 901 5.12007
76 902 5.22032
42 903 5.26243
87 904 5.47875
29 905 5.50762
59 906 5.5643
71 907 5.76338
80 908 5.84962
68 909 5.9026
17 910 5.95407
75 911 6.08825
53 912 6.11782
11 913 6.1532
86 914 7.09856
82 915 7.30088
74 916 7.49139
29 917 7.61825
26 918 7.6396
49 919 7.79212
52 920 7.82794
61 921 8.06829
14 922 8.10566
42 923 8.17598
75 924 8.38171
45 925 8.47848
80 926 8.54137
90 927 8.55671
40 928 8.81583
